=== CI FAILURE ===
Workflow:      Version Bump & Tag
Workflow file: averycorp/prismTask/.github/workflows/version-bump-and-tag.yml@refs/heads/main
Job(s):        Version Bump & Tag
Run ID:        25091521147
Run attempt:   1
Run URL:       https://github.com/averycorp/prismTask/actions/runs/25091521147
Commit:        0c9e1e888ab277ab614514c69e151f87f483cce1
Branch:        main
Event:         workflow_run
Actor:         akarlin3
Runner OS:     Linux
Timestamp:     2026-04-29T04:52:14.382Z

Failed steps:
  - Version Bump & Tag: #6 Commit version bump

=== FAILED JOB LOG ===

--- Job: Version Bump & Tag (id 73518456781) ---
2026-04-29T04:51:04.6620934Z Current runner version: '2.334.0'
2026-04-29T04:51:04.6647477Z ##[group]Runner Image Provisioner
2026-04-29T04:51:04.6648655Z Hosted Compute Agent
2026-04-29T04:51:04.6649267Z Version: 20260213.493
2026-04-29T04:51:04.6649912Z Commit: 5c115507f6dd24b8de37d8bbe0bb4509d0cc0fa3
2026-04-29T04:51:04.6650615Z Build Date: 2026-02-13T00:28:41Z
2026-04-29T04:51:04.6651275Z Worker ID: {5be93f74-5beb-4e56-afbf-2b53b4c5ff19}
2026-04-29T04:51:04.6652019Z Azure Region: westus
2026-04-29T04:51:04.6652569Z ##[endgroup]
2026-04-29T04:51:04.6654104Z ##[group]Operating System
2026-04-29T04:51:04.6654731Z Ubuntu
2026-04-29T04:51:04.6655232Z 24.04.4
2026-04-29T04:51:04.6655731Z LTS
2026-04-29T04:51:04.6656248Z ##[endgroup]
2026-04-29T04:51:04.6656716Z ##[group]Runner Image
2026-04-29T04:51:04.6657291Z Image: ubuntu-24.04
2026-04-29T04:51:04.6658205Z Version: 20260413.86.1
2026-04-29T04:51:04.6659604Z Included Software: https://github.com/actions/runner-images/blob/ubuntu24/20260413.86/images/ubuntu/Ubuntu2404-Readme.md
2026-04-29T04:51:04.6661198Z Image Release: https://github.com/actions/runner-images/releases/tag/ubuntu24%2F20260413.86
2026-04-29T04:51:04.6662113Z ##[endgroup]
2026-04-29T04:51:04.6663339Z ##[group]GITHUB_TOKEN Permissions
2026-04-29T04:51:04.6665574Z Actions: write
2026-04-29T04:51:04.6666198Z Contents: write
2026-04-29T04:51:04.6666745Z Metadata: read
2026-04-29T04:51:04.6667269Z PullRequests: read
2026-04-29T04:51:04.6668013Z ##[endgroup]
2026-04-29T04:51:04.6670270Z Secret source: Actions
2026-04-29T04:51:04.6670991Z Prepare workflow directory
2026-04-29T04:51:04.7026887Z Prepare all required actions
2026-04-29T04:51:04.7067348Z Getting action download info
2026-04-29T04:51:05.1671758Z Download action repository 'actions/checkout@v4' (SHA:34e114876b0b11c390a56381ad16ebd13914f8d5)
2026-04-29T04:51:05.3756761Z Complete job name: Version Bump & Tag
2026-04-29T04:51:05.4456282Z ##[group]Run set -euo pipefail
2026-04-29T04:51:05.4456960Z [36;1mset -euo pipefail[0m
2026-04-29T04:51:05.4457539Z [36;1mif [ "$EVENT_NAME" = "workflow_dispatch" ]; then[0m
2026-04-29T04:51:05.4458543Z [36;1m  # Manual dispatch path — use the input if provided, otherwise[0m
2026-04-29T04:51:05.4459338Z [36;1m  # walk the latest merged PR on main and target that.[0m
2026-04-29T04:51:05.4459964Z [36;1m  if [ -n "$DISPATCH_PR" ]; then[0m
2026-04-29T04:51:05.4460567Z [36;1m    echo "pr_number=$DISPATCH_PR" >> "$GITHUB_OUTPUT"[0m
2026-04-29T04:51:05.4461209Z [36;1m    echo "found=true" >> "$GITHUB_OUTPUT"[0m
2026-04-29T04:51:05.4461859Z [36;1m    echo "Using PR #$DISPATCH_PR from dispatch input."[0m
2026-04-29T04:51:05.4462442Z [36;1m    exit 0[0m
2026-04-29T04:51:05.4462835Z [36;1m  fi[0m
2026-04-29T04:51:05.4463376Z [36;1m  PR_NUMBER=$(gh pr list --repo "$REPO" --state merged --base main \[0m
2026-04-29T04:51:05.4464195Z [36;1m    --limit 1 --json number -q '.[0].number // empty')[0m
2026-04-29T04:51:05.4464817Z [36;1m  if [ -z "$PR_NUMBER" ]; then[0m
2026-04-29T04:51:05.4465574Z [36;1m    echo "::warning::No merged PRs found on main. Cannot resolve PR; skipping."[0m
2026-04-29T04:51:05.4466364Z [36;1m    echo "found=false" >> "$GITHUB_OUTPUT"[0m
2026-04-29T04:51:05.4466902Z [36;1m    exit 0[0m
2026-04-29T04:51:05.4467302Z [36;1m  fi[0m
2026-04-29T04:51:05.4467989Z [36;1m  echo "pr_number=$PR_NUMBER" >> "$GITHUB_OUTPUT"[0m
2026-04-29T04:51:05.4468623Z [36;1m  echo "found=true" >> "$GITHUB_OUTPUT"[0m
2026-04-29T04:51:05.4469353Z [36;1m  echo "Resolved most-recent merged PR #$PR_NUMBER for dispatch run."[0m
2026-04-29T04:51:05.4470033Z [36;1m  exit 0[0m
2026-04-29T04:51:05.4470551Z [36;1mfi[0m
2026-04-29T04:51:05.4471099Z [36;1m[0m
2026-04-29T04:51:05.4471646Z [36;1m# Path 1 — fast path: pull_requests was populated.[0m
2026-04-29T04:51:05.4472532Z [36;1mPR_NUMBER=$(echo "$PR_JSON" | jq -r '.[0].number // empty')[0m
2026-04-29T04:51:05.4473190Z [36;1mif [ -n "$PR_NUMBER" ]; then[0m
2026-04-29T04:51:05.4473767Z [36;1m  echo "pr_number=$PR_NUMBER" >> "$GITHUB_OUTPUT"[0m
2026-04-29T04:51:05.4474394Z [36;1m  echo "found=true" >> "$GITHUB_OUTPUT"[0m
2026-04-29T04:51:05.4475309Z [36;1m  echo "Resolved PR #$PR_NUMBER from workflow_run payload."[0m
2026-04-29T04:51:05.4475931Z [36;1m  exit 0[0m
2026-04-29T04:51:05.4476313Z [36;1mfi[0m
2026-04-29T04:51:05.4476805Z [36;1m[0m
2026-04-29T04:51:05.4477328Z [36;1m# Path 2 — fallback: look the PR up by HEAD SHA. Works in both[0m
2026-04-29T04:51:05.4478281Z [36;1m# the pre-merge case (auto-merge.yml fires before the squash[0m
2026-04-29T04:51:05.4479066Z [36;1m# actually happens; the open PR still has this commit at its[0m
2026-04-29T04:51:05.4479857Z [36;1m# head) and the post-merge case (GitHub keeps the commit→PR[0m
2026-04-29T04:51:05.4480651Z [36;1m# mapping after squash, so we still resolve correctly even if[0m
2026-04-29T04:51:05.4481457Z [36;1m# the source branch was deleted). The downstream "Wait for PR[0m
2026-04-29T04:51:05.4482228Z [36;1m# to merge" step handles the timing — we only need the PR[0m
2026-04-29T04:51:05.4482873Z [36;1m# number here, not its merge state.[0m
2026-04-29T04:51:05.4483384Z [36;1m#[0m
2026-04-29T04:51:05.4483915Z [36;1m# Deliberately NOT falling back to "most recent merged PR" —[0m
2026-04-29T04:51:05.4484693Z [36;1m# that race-condition-bumps a previously-merged PR if[0m
2026-04-29T04:51:05.4485397Z [36;1m# workflow_run fires before the queued merge lands.[0m
2026-04-29T04:51:05.4486007Z [36;1mif [ -z "$HEAD_SHA" ]; then[0m
2026-04-29T04:51:05.4486722Z [36;1m  echo "::warning::workflow_run.head_sha is empty; cannot resolve PR. Skipping."[0m
2026-04-29T04:51:05.4487515Z [36;1m  echo "found=false" >> "$GITHUB_OUTPUT"[0m
2026-04-29T04:51:05.4488175Z [36;1m  exit 0[0m
2026-04-29T04:51:05.4488557Z [36;1mfi[0m
2026-04-29T04:51:05.4489102Z [36;1m# Capture the API response separately instead of piping through[0m
2026-04-29T04:51:05.4490080Z [36;1m# `gh api --jq` directly. Under `set -euo pipefail`, an empty or[0m
2026-04-29T04:51:05.4490843Z [36;1m# non-JSON response body crashes the embedded jq with[0m
2026-04-29T04:51:05.4491592Z [36;1m# `unexpected end of JSON input` and aborts the whole script[0m
2026-04-29T04:51:05.4492374Z [36;1m# before the empty-result branch below can fire — observed on[0m
2026-04-29T04:51:05.4493149Z [36;1m# PR #857's post-merge run, which silently dropped the version[0m
2026-04-29T04:51:05.4493907Z [36;1m# bump on the floor. The retry loop covers the indexing-lag[0m
2026-04-29T04:51:05.4494666Z [36;1m# window where `commits/{sha}/pulls` returns `[]` for a few[0m
2026-04-29T04:51:05.4495354Z [36;1m# seconds after the squash-merge push lands.[0m
2026-04-29T04:51:05.4495911Z [36;1mPR_NUMBER=""[0m
2026-04-29T04:51:05.4496337Z [36;1mfor attempt in 1 2 3; do[0m
2026-04-29T04:51:05.4496819Z [36;1m  RESPONSE=$(gh api \[0m
2026-04-29T04:51:05.4497363Z [36;1m    "repos/$REPO/commits/$HEAD_SHA/pulls" \[0m
2026-04-29T04:51:05.4498235Z [36;1m    -H "Accept: application/vnd.github+json" 2>/dev/null || echo "[]")[0m
2026-04-29T04:51:05.4498999Z [36;1m  PR_NUMBER=$(printf '%s' "$RESPONSE" | jq -r '[0m
2026-04-29T04:51:05.4499623Z [36;1m    if type == "array" and length > 0 then[0m
2026-04-29T04:51:05.4500253Z [36;1m      (sort_by(.number) | reverse | .[0].number // empty)[0m
2026-04-29T04:51:05.4500855Z [36;1m    else empty end[0m
2026-04-29T04:51:05.4501309Z [36;1m  ' 2>/dev/null || echo "")[0m
2026-04-29T04:51:05.4501801Z [36;1m  [ -n "$PR_NUMBER" ] && break[0m
2026-04-29T04:51:05.4502569Z [36;1m  echo "commits/$HEAD_SHA/pulls returned no PR (attempt $attempt/3); sleeping 5s..."[0m
2026-04-29T04:51:05.4503323Z [36;1m  sleep 5[0m
2026-04-29T04:51:05.4503718Z [36;1mdone[0m
2026-04-29T04:51:05.4504126Z [36;1mif [ -z "$PR_NUMBER" ]; then[0m
2026-04-29T04:51:05.4504959Z [36;1m  echo "::warning::No PR found for commit $HEAD_SHA via commits/{sha}/pulls after 3 attempts. Skipping."[0m
2026-04-29T04:51:05.4505855Z [36;1m  echo "found=false" >> "$GITHUB_OUTPUT"[0m
2026-04-29T04:51:05.4506388Z [36;1m  exit 0[0m
2026-04-29T04:51:05.4506767Z [36;1mfi[0m
2026-04-29T04:51:05.4507391Z [36;1mecho "pr_number=$PR_NUMBER" >> "$GITHUB_OUTPUT"[0m
2026-04-29T04:51:05.4508197Z [36;1mecho "found=true" >> "$GITHUB_OUTPUT"[0m
2026-04-29T04:51:05.4508915Z [36;1mecho "Resolved PR #$PR_NUMBER from commits/$HEAD_SHA/pulls fallback."[0m
2026-04-29T04:51:05.4534435Z shell: /usr/bin/bash -e {0}
2026-04-29T04:51:05.4535199Z env:
2026-04-29T04:51:05.4535813Z   GH_TOKEN: ***
2026-04-29T04:51:05.4536350Z   REPO: averycorp/prismTask
2026-04-29T04:51:05.4536818Z   EVENT_NAME: workflow_run
2026-04-29T04:51:05.4537247Z   PR_JSON: []
2026-04-29T04:51:05.4537896Z   HEAD_SHA: 2d0604e0512661e6c96f8f8ecd447bca8730249b
2026-04-29T04:51:05.4538454Z   DISPATCH_PR: 
2026-04-29T04:51:05.4538827Z ##[endgroup]
2026-04-29T04:51:05.8858236Z Resolved PR #930 from commits/2d0604e0512661e6c96f8f8ecd447bca8730249b/pulls fallback.
2026-04-29T04:51:05.8989964Z ##[group]Run set -euo pipefail
2026-04-29T04:51:05.8990552Z [36;1mset -euo pipefail[0m
2026-04-29T04:51:05.8991168Z [36;1m# gh pr merge --auto may queue the merge until required checks[0m
2026-04-29T04:51:05.8991915Z [36;1m# pass. Poll until MERGED, CLOSED, or timeout.[0m
2026-04-29T04:51:05.8992470Z [36;1m#[0m
2026-04-29T04:51:05.8992959Z [36;1m# Audit PR #876 → CI pathway efficiency: ceiling raised[0m
2026-04-29T04:51:05.8993723Z [36;1m# 60→120 attempts × 10s = 20 min. Real Android PRs (PR #851[0m
2026-04-29T04:51:05.8994481Z [36;1m# took 37 min from open to merge; PR #859 took 14 min) can[0m
2026-04-29T04:51:05.8995218Z [36;1m# exceed the prior 10-min ceiling because auto-merge.yml[0m
2026-04-29T04:51:05.8995956Z [36;1m# queues on slow lane completion. A silently-dropped bump[0m
2026-04-29T04:51:05.8996725Z [36;1m# (memory `feedback_skip_ci_blocks_tag_release.md`) requires a[0m
2026-04-29T04:51:05.8997536Z [36;1m# manual `gh workflow run release.yml --ref vX.Y.Z` re-fire,[0m
2026-04-29T04:51:05.8998655Z [36;1m# which is a real recovery cost. 20 min covers all observed[0m
2026-04-29T04:51:05.8999394Z [36;1m# PR lifecycles in the audit window without expanding[0m
2026-04-29T04:51:05.9000134Z [36;1m# workflow_run resource cost meaningfully (idle polling).[0m
2026-04-29T04:51:05.9000760Z [36;1mfor i in $(seq 1 120); do[0m
2026-04-29T04:51:05.9001414Z [36;1m  STATE=$(gh pr view "$PR_NUMBER" --repo "$REPO" --json state -q '.state')[0m
2026-04-29T04:51:05.9002099Z [36;1m  case "$STATE" in[0m
2026-04-29T04:51:05.9002545Z [36;1m    MERGED)[0m
2026-04-29T04:51:05.9003250Z [36;1m      MERGE_SHA=$(gh pr view "$PR_NUMBER" --repo "$REPO" --json mergeCommit -q '.mergeCommit.oid')[0m
2026-04-29T04:51:05.9004096Z [36;1m      echo "merged=true" >> "$GITHUB_OUTPUT"[0m
2026-04-29T04:51:05.9004725Z [36;1m      echo "merge_sha=$MERGE_SHA" >> "$GITHUB_OUTPUT"[0m
2026-04-29T04:51:05.9005339Z [36;1m      echo "PR merged at $MERGE_SHA"[0m
2026-04-29T04:51:05.9005851Z [36;1m      exit 0[0m
2026-04-29T04:51:05.9006258Z [36;1m      ;;[0m
2026-04-29T04:51:05.9006641Z [36;1m    CLOSED)[0m
2026-04-29T04:51:05.9007109Z [36;1m      echo "merged=false" >> "$GITHUB_OUTPUT"[0m
2026-04-29T04:51:05.9008071Z [36;1m      echo "PR closed without merging — skipping bump."[0m
2026-04-29T04:51:05.9008677Z [36;1m      exit 0[0m
2026-04-29T04:51:05.9009077Z [36;1m      ;;[0m
2026-04-29T04:51:05.9009447Z [36;1m    *)[0m
2026-04-29T04:51:05.9009954Z [36;1m      echo "PR state=$STATE (attempt $i/120); sleeping 10s..."[0m
2026-04-29T04:51:05.9010565Z [36;1m      sleep 10[0m
2026-04-29T04:51:05.9010980Z [36;1m      ;;[0m
2026-04-29T04:51:05.9011358Z [36;1m  esac[0m
2026-04-29T04:51:05.9011729Z [36;1mdone[0m
2026-04-29T04:51:05.9012147Z [36;1mecho "merged=false" >> "$GITHUB_OUTPUT"[0m
2026-04-29T04:51:05.9012898Z [36;1mecho "::warning::PR did not reach MERGED within 20 minutes — skipping bump."[0m
2026-04-29T04:51:05.9034539Z shell: /usr/bin/bash -e {0}
2026-04-29T04:51:05.9035002Z env:
2026-04-29T04:51:05.9035578Z   GH_TOKEN: ***
2026-04-29T04:51:05.9035968Z   PR_NUMBER: 930
2026-04-29T04:51:05.9036372Z   REPO: averycorp/prismTask
2026-04-29T04:51:05.9036989Z ##[endgroup]
2026-04-29T04:51:06.5971002Z PR merged at 0c9e1e888ab277ab614514c69e151f87f483cce1
2026-04-29T04:51:06.6244250Z ##[group]Run actions/checkout@v4
2026-04-29T04:51:06.6245432Z with:
2026-04-29T04:51:06.6247850Z   token: ***
2026-04-29T04:51:06.6248846Z   ref: 0c9e1e888ab277ab614514c69e151f87f483cce1
2026-04-29T04:51:06.6250078Z   fetch-depth: 0
2026-04-29T04:51:06.6251018Z   repository: averycorp/prismTask
2026-04-29T04:51:06.6252112Z   ssh-strict: true
2026-04-29T04:51:06.6252986Z   ssh-user: git
2026-04-29T04:51:06.6253884Z   persist-credentials: true
2026-04-29T04:51:06.6254899Z   clean: true
2026-04-29T04:51:06.6255794Z   sparse-checkout-cone-mode: true
2026-04-29T04:51:06.6256887Z   fetch-tags: false
2026-04-29T04:51:06.6257929Z   show-progress: true
2026-04-29T04:51:06.6258844Z   lfs: false
2026-04-29T04:51:06.6259659Z   submodules: false
2026-04-29T04:51:06.6260544Z   set-safe-directory: true
2026-04-29T04:51:06.6261487Z ##[endgroup]
2026-04-29T04:51:06.7393027Z Syncing repository: averycorp/prismTask
2026-04-29T04:51:06.7396009Z ##[group]Getting Git version info
2026-04-29T04:51:06.7397576Z Working directory is '/home/runner/work/prismTask/prismTask'
2026-04-29T04:51:06.7400129Z [command]/usr/bin/git version
2026-04-29T04:51:06.7443010Z git version 2.53.0
2026-04-29T04:51:06.7470136Z ##[endgroup]
2026-04-29T04:51:06.7485522Z Temporarily overriding HOME='/home/runner/work/_temp/750033ce-7705-4af3-a0ba-e075cf41205a' before making global git config changes
2026-04-29T04:51:06.7489079Z Adding repository directory to the temporary git global config as a safe directory
2026-04-29T04:51:06.7492224Z [command]/usr/bin/git config --global --add safe.directory /home/runner/work/prismTask/prismTask
2026-04-29T04:51:06.7524405Z Deleting the contents of '/home/runner/work/prismTask/prismTask'
2026-04-29T04:51:06.7528407Z ##[group]Initializing the repository
2026-04-29T04:51:06.7532567Z [command]/usr/bin/git init /home/runner/work/prismTask/prismTask
2026-04-29T04:51:06.7616306Z hint: Using 'master' as the name for the initial branch. This default branch name
2026-04-29T04:51:06.7619451Z hint: will change to "main" in Git 3.0. To configure the initial branch name
2026-04-29T04:51:06.7621597Z hint: to use in all of your new repositories, which will suppress this warning,
2026-04-29T04:51:06.7623937Z hint: call:
2026-04-29T04:51:06.7624723Z hint:
2026-04-29T04:51:06.7625704Z hint: 	git config --global init.defaultBranch <name>
2026-04-29T04:51:06.7626975Z hint:
2026-04-29T04:51:06.7628917Z hint: Names commonly chosen instead of 'master' are 'main', 'trunk' and
2026-04-29T04:51:06.7631061Z hint: 'development'. The just-created branch can be renamed via this command:
2026-04-29T04:51:06.7632815Z hint:
2026-04-29T04:51:06.7633704Z hint: 	git branch -m <name>
2026-04-29T04:51:06.7634637Z hint:
2026-04-29T04:51:06.7635961Z hint: Disable this message with "git config set advice.defaultBranchName false"
2026-04-29T04:51:06.7638584Z Initialized empty Git repository in /home/runner/work/prismTask/prismTask/.git/
2026-04-29T04:51:06.7642147Z [command]/usr/bin/git remote add origin https://github.com/averycorp/prismTask
2026-04-29T04:51:06.7682715Z ##[endgroup]
2026-04-29T04:51:06.7684233Z ##[group]Disabling automatic garbage collection
2026-04-29T04:51:06.7686177Z [command]/usr/bin/git config --local gc.auto 0
2026-04-29T04:51:06.7715217Z ##[endgroup]
2026-04-29T04:51:06.7716615Z ##[group]Setting up auth
2026-04-29T04:51:06.7721851Z [command]/usr/bin/git config --local --name-only --get-regexp core\.sshCommand
2026-04-29T04:51:06.7752181Z [command]/usr/bin/git submodule foreach --recursive sh -c "git config --local --name-only --get-regexp 'core\.sshCommand' && git config --local --unset-all 'core.sshCommand' || :"
2026-04-29T04:51:06.8037475Z [command]/usr/bin/git config --local --name-only --get-regexp http\.https\:\/\/github\.com\/\.extraheader
2026-04-29T04:51:06.8069474Z [command]/usr/bin/git submodule foreach --recursive sh -c "git config --local --name-only --get-regexp 'http\.https\:\/\/github\.com\/\.extraheader' && git config --local --unset-all 'http.https://github.com/.extraheader' || :"
2026-04-29T04:51:06.8293220Z [command]/usr/bin/git config --local --name-only --get-regexp ^includeIf\.gitdir:
2026-04-29T04:51:06.8336293Z [command]/usr/bin/git submodule foreach --recursive git config --local --show-origin --name-only --get-regexp remote.origin.url
2026-04-29T04:51:06.8568272Z [command]/usr/bin/git config --local http.https://github.com/.extraheader AUTHORIZATION: basic ***
2026-04-29T04:51:06.8605775Z ##[endgroup]
2026-04-29T04:51:06.8618485Z ##[group]Fetching the repository
2026-04-29T04:51:06.8622808Z [command]/usr/bin/git -c protocol.version=2 fetch --prune --no-recurse-submodules origin +refs/heads/*:refs/remotes/origin/* +refs/tags/*:refs/tags/*
2026-04-29T04:51:27.9238129Z From https://github.com/averycorp/prismTask
2026-04-29T04:51:27.9239028Z  * [new branch]        ci-logs         -> origin/ci-logs
2026-04-29T04:51:27.9239758Z  * [new branch]        main            -> origin/main
2026-04-29T04:51:27.9242404Z  * [new branch]        v0.1.0-legacy   -> origin/v0.1.0-legacy
2026-04-29T04:51:27.9243307Z  * [new branch]        v0.2.0-legacy   -> origin/v0.2.0-legacy
2026-04-29T04:51:27.9244016Z  * [new branch]        v0.3.0-legacy   -> origin/v0.3.0-legacy
2026-04-29T04:51:27.9244745Z  * [new branch]        v0.4.0-legacy   -> origin/v0.4.0-legacy
2026-04-29T04:51:27.9245749Z  * [new branch]        v0.5.0-legacy   -> origin/v0.5.0-legacy
2026-04-29T04:51:27.9311511Z  * [new branch]        v0.6.0-legacy   -> origin/v0.6.0-legacy
2026-04-29T04:51:27.9312342Z  * [new branch]        v0.7.0-legacy   -> origin/v0.7.0-legacy
2026-04-29T04:51:27.9313115Z  * [new tag]           v0.1.0          -> v0.1.0
2026-04-29T04:51:27.9313864Z  * [new tag]           v0.2.0          -> v0.2.0
2026-04-29T04:51:27.9314540Z  * [new tag]           v0.3.0          -> v0.3.0
2026-04-29T04:51:27.9315135Z  * [new tag]           v0.4.0          -> v0.4.0
2026-04-29T04:51:27.9315730Z  * [new tag]           v0.5.0          -> v0.5.0
2026-04-29T04:51:27.9316296Z  * [new tag]           v0.7.0          -> v0.7.0
2026-04-29T04:51:27.9316983Z  * [new tag]           v0.7.12         -> v0.7.12
2026-04-29T04:51:27.9317528Z  * [new tag]           v0.7.13         -> v0.7.13
2026-04-29T04:51:27.9318362Z  * [new tag]           v0.7.14         -> v0.7.14
2026-04-29T04:51:27.9318920Z  * [new tag]           v0.7.15         -> v0.7.15
2026-04-29T04:51:27.9319459Z  * [new tag]           v0.7.16         -> v0.7.16
2026-04-29T04:51:27.9320130Z  * [new tag]           v0.7.17         -> v0.7.17
2026-04-29T04:51:27.9320761Z  * [new tag]           v0.7.17-build.2 -> v0.7.17-build.2
2026-04-29T04:51:27.9321396Z  * [new tag]           v0.7.17-build.3 -> v0.7.17-build.3
2026-04-29T04:51:27.9322054Z  * [new tag]           v0.7.17-build.4 -> v0.7.17-build.4
2026-04-29T04:51:27.9322747Z  * [new tag]           v0.7.17-build.5 -> v0.7.17-build.5
2026-04-29T04:51:27.9323387Z  * [new tag]           v0.7.17-build.6 -> v0.7.17-build.6
2026-04-29T04:51:27.9324077Z  * [new tag]           v0.7.17-build.7 -> v0.7.17-build.7
2026-04-29T04:51:27.9324741Z  * [new tag]           v0.7.17-build.8 -> v0.7.17-build.8
2026-04-29T04:51:27.9325486Z  * [new tag]           v0.7.17-build.9 -> v0.7.17-build.9
2026-04-29T04:51:27.9326180Z  * [new tag]           v0.7.18         -> v0.7.18
2026-04-29T04:51:27.9326790Z  * [new tag]           v0.7.18-build.2 -> v0.7.18-build.2
2026-04-29T04:51:27.9327538Z  * [new tag]           v0.7.18-build.3 -> v0.7.18-build.3
2026-04-29T04:51:27.9328463Z  * [new tag]           v0.7.18-build.4 -> v0.7.18-build.4
2026-04-29T04:51:27.9329098Z  * [new tag]           v0.7.19         -> v0.7.19
2026-04-29T04:51:27.9329798Z  * [new tag]           v0.7.19-build.2 -> v0.7.19-build.2
2026-04-29T04:51:27.9330424Z  * [new tag]           v0.7.20         -> v0.7.20
2026-04-29T04:51:27.9331133Z  * [new tag]           v0.7.20-build.2 -> v0.7.20-build.2
2026-04-29T04:51:27.9331832Z  * [new tag]           v0.7.20-build.3 -> v0.7.20-build.3
2026-04-29T04:51:27.9332486Z  * [new tag]           v0.7.20-build.4 -> v0.7.20-build.4
2026-04-29T04:51:27.9333458Z  * [new tag]           v0.8.0          -> v0.8.0
2026-04-29T04:51:27.9333942Z  * [new tag]           v0.8.0-build.2  -> v0.8.0-build.2
2026-04-29T04:51:27.9334296Z  * [new tag]           v0.8.1          -> v0.8.1
2026-04-29T04:51:27.9334642Z  * [new tag]           v0.8.10         -> v0.8.10
2026-04-29T04:51:27.9334980Z  * [new tag]           v0.8.11         -> v0.8.11
2026-04-29T04:51:27.9335311Z  * [new tag]           v0.8.12         -> v0.8.12
2026-04-29T04:51:27.9335634Z  * [new tag]           v0.8.13         -> v0.8.13
2026-04-29T04:51:27.9335964Z  * [new tag]           v0.8.14         -> v0.8.14
2026-04-29T04:51:27.9336289Z  * [new tag]           v0.8.15         -> v0.8.15
2026-04-29T04:51:27.9336607Z  * [new tag]           v0.8.2          -> v0.8.2
2026-04-29T04:51:27.9336938Z  * [new tag]           v0.8.3          -> v0.8.3
2026-04-29T04:51:27.9337265Z  * [new tag]           v0.8.4          -> v0.8.4
2026-04-29T04:51:27.9337611Z  * [new tag]           v0.8.5          -> v0.8.5
2026-04-29T04:51:27.9338246Z  * [new tag]           v0.8.6          -> v0.8.6
2026-04-29T04:51:27.9338579Z  * [new tag]           v0.8.7          -> v0.8.7
2026-04-29T04:51:27.9338907Z  * [new tag]           v0.8.8          -> v0.8.8
2026-04-29T04:51:27.9339224Z  * [new tag]           v0.8.9          -> v0.8.9
2026-04-29T04:51:27.9339549Z  * [new tag]           v0.9.1          -> v0.9.1
2026-04-29T04:51:27.9339870Z  * [new tag]           v0.9.2          -> v0.9.2
2026-04-29T04:51:27.9340193Z  * [new tag]           v1.0.1          -> v1.0.1
2026-04-29T04:51:27.9340527Z  * [new tag]           v1.0.10         -> v1.0.10
2026-04-29T04:51:27.9340859Z  * [new tag]           v1.0.11         -> v1.0.11
2026-04-29T04:51:27.9341183Z  * [new tag]           v1.0.12         -> v1.0.12
2026-04-29T04:51:27.9341510Z  * [new tag]           v1.0.13         -> v1.0.13
2026-04-29T04:51:27.9341834Z  * [new tag]           v1.0.2          -> v1.0.2
2026-04-29T04:51:27.9342170Z  * [new tag]           v1.0.3          -> v1.0.3
2026-04-29T04:51:27.9342533Z  * [new tag]           v1.0.4          -> v1.0.4
2026-04-29T04:51:27.9342849Z  * [new tag]           v1.0.5          -> v1.0.5
2026-04-29T04:51:27.9343170Z  * [new tag]           v1.0.6          -> v1.0.6
2026-04-29T04:51:27.9343491Z  * [new tag]           v1.0.7          -> v1.0.7
2026-04-29T04:51:27.9343803Z  * [new tag]           v1.0.8          -> v1.0.8
2026-04-29T04:51:27.9344124Z  * [new tag]           v1.0.9          -> v1.0.9
2026-04-29T04:51:27.9344443Z  * [new tag]           v1.1.1          -> v1.1.1
2026-04-29T04:51:27.9344778Z  * [new tag]           v1.1.1-build.2  -> v1.1.1-build.2
2026-04-29T04:51:27.9345144Z  * [new tag]           v1.1.1-build.3  -> v1.1.1-build.3
2026-04-29T04:51:27.9345499Z  * [new tag]           v1.1.1-build.4  -> v1.1.1-build.4
2026-04-29T04:51:27.9345833Z  * [new tag]           v1.1.10         -> v1.1.10
2026-04-29T04:51:27.9346163Z  * [new tag]           v1.1.11         -> v1.1.11
2026-04-29T04:51:27.9346494Z  * [new tag]           v1.1.12         -> v1.1.12
2026-04-29T04:51:27.9346825Z  * [new tag]           v1.1.2          -> v1.1.2
2026-04-29T04:51:27.9347152Z  * [new tag]           v1.1.3          -> v1.1.3
2026-04-29T04:51:27.9347488Z  * [new tag]           v1.1.4          -> v1.1.4
2026-04-29T04:51:27.9348128Z  * [new tag]           v1.1.5          -> v1.1.5
2026-04-29T04:51:27.9348486Z  * [new tag]           v1.1.6          -> v1.1.6
2026-04-29T04:51:27.9348835Z  * [new tag]           v1.1.7          -> v1.1.7
2026-04-29T04:51:27.9349173Z  * [new tag]           v1.1.8          -> v1.1.8
2026-04-29T04:51:27.9349503Z  * [new tag]           v1.1.9          -> v1.1.9
2026-04-29T04:51:27.9349838Z  * [new tag]           v1.3.0          -> v1.3.0
2026-04-29T04:51:27.9350171Z  * [new tag]           v1.3.1          -> v1.3.1
2026-04-29T04:51:27.9350511Z  * [new tag]           v1.3.10         -> v1.3.10
2026-04-29T04:51:27.9350856Z  * [new tag]           v1.3.11         -> v1.3.11
2026-04-29T04:51:27.9351473Z  * [new tag]           v1.3.11-build.2 -> v1.3.11-build.2
2026-04-29T04:51:27.9351940Z  * [new tag]           v1.3.12         -> v1.3.12
2026-04-29T04:51:27.9352292Z  * [new tag]           v1.3.13         -> v1.3.13
2026-04-29T04:51:27.9352656Z  * [new tag]           v1.3.13-build.2 -> v1.3.13-build.2
2026-04-29T04:51:27.9353019Z  * [new tag]           v1.3.14         -> v1.3.14
2026-04-29T04:51:27.9353349Z  * [new tag]           v1.3.15         -> v1.3.15
2026-04-29T04:51:27.9353681Z  * [new tag]           v1.3.16         -> v1.3.16
2026-04-29T04:51:27.9354020Z  * [new tag]           v1.3.17         -> v1.3.17
2026-04-29T04:51:27.9354351Z  * [new tag]           v1.3.18         -> v1.3.18
2026-04-29T04:51:27.9354688Z  * [new tag]           v1.3.19         -> v1.3.19
2026-04-29T04:51:27.9355029Z  * [new tag]           v1.3.2          -> v1.3.2
2026-04-29T04:51:27.9355362Z  * [new tag]           v1.3.20         -> v1.3.20
2026-04-29T04:51:27.9355694Z  * [new tag]           v1.3.21         -> v1.3.21
2026-04-29T04:51:27.9356038Z  * [new tag]           v1.3.22         -> v1.3.22
2026-04-29T04:51:27.9356391Z  * [new tag]           v1.3.23         -> v1.3.23
2026-04-29T04:51:27.9356729Z  * [new tag]           v1.3.24         -> v1.3.24
2026-04-29T04:51:27.9357067Z  * [new tag]           v1.3.25         -> v1.3.25
2026-04-29T04:51:27.9357408Z  * [new tag]           v1.3.26         -> v1.3.26
2026-04-29T04:51:27.9357989Z  * [new tag]           v1.3.27         -> v1.3.27
2026-04-29T04:51:27.9358352Z  * [new tag]           v1.3.28         -> v1.3.28
2026-04-29T04:51:27.9358697Z  * [new tag]           v1.3.29         -> v1.3.29
2026-04-29T04:51:27.9359039Z  * [new tag]           v1.3.3          -> v1.3.3
2026-04-29T04:51:27.9359387Z  * [new tag]           v1.3.30         -> v1.3.30
2026-04-29T04:51:27.9359730Z  * [new tag]           v1.3.31         -> v1.3.31
2026-04-29T04:51:27.9360063Z  * [new tag]           v1.3.32         -> v1.3.32
2026-04-29T04:51:27.9360402Z  * [new tag]           v1.3.33         -> v1.3.33
2026-04-29T04:51:27.9360754Z  * [new tag]           v1.3.34         -> v1.3.34
2026-04-29T04:51:27.9361095Z  * [new tag]           v1.3.35         -> v1.3.35
2026-04-29T04:51:27.9361435Z  * [new tag]           v1.3.36         -> v1.3.36
2026-04-29T04:51:27.9361777Z  * [new tag]           v1.3.37         -> v1.3.37
2026-04-29T04:51:27.9362110Z  * [new tag]           v1.3.38         -> v1.3.38
2026-04-29T04:51:27.9362449Z  * [new tag]           v1.3.39         -> v1.3.39
2026-04-29T04:51:27.9362790Z  * [new tag]           v1.3.4          -> v1.3.4
2026-04-29T04:51:27.9363124Z  * [new tag]           v1.3.40         -> v1.3.40
2026-04-29T04:51:27.9363476Z  * [new tag]           v1.3.41         -> v1.3.41
2026-04-29T04:51:27.9363819Z  * [new tag]           v1.3.42         -> v1.3.42
2026-04-29T04:51:27.9364154Z  * [new tag]           v1.3.43         -> v1.3.43
2026-04-29T04:51:27.9364490Z  * [new tag]           v1.3.44         -> v1.3.44
2026-04-29T04:51:27.9364829Z  * [new tag]           v1.3.45         -> v1.3.45
2026-04-29T04:51:27.9365174Z  * [new tag]           v1.3.46         -> v1.3.46
2026-04-29T04:51:27.9365512Z  * [new tag]           v1.3.47         -> v1.3.47
2026-04-29T04:51:27.9365858Z  * [new tag]           v1.3.48         -> v1.3.48
2026-04-29T04:51:27.9366196Z  * [new tag]           v1.3.49         -> v1.3.49
2026-04-29T04:51:27.9366531Z  * [new tag]           v1.3.5          -> v1.3.5
2026-04-29T04:51:27.9366893Z  * [new tag]           v1.3.5-build.2  -> v1.3.5-build.2
2026-04-29T04:51:27.9367255Z  * [new tag]           v1.3.50         -> v1.3.50
2026-04-29T04:51:27.9367590Z  * [new tag]           v1.3.51         -> v1.3.51
2026-04-29T04:51:27.9368232Z  * [new tag]           v1.3.52         -> v1.3.52
2026-04-29T04:51:27.9368577Z  * [new tag]           v1.3.53         -> v1.3.53
2026-04-29T04:51:27.9368909Z  * [new tag]           v1.3.54         -> v1.3.54
2026-04-29T04:51:27.9369249Z  * [new tag]           v1.3.55         -> v1.3.55
2026-04-29T04:51:27.9369589Z  * [new tag]           v1.3.56         -> v1.3.56
2026-04-29T04:51:27.9370080Z  * [new tag]           v1.3.57         -> v1.3.57
2026-04-29T04:51:27.9370517Z  * [new tag]           v1.3.58         -> v1.3.58
2026-04-29T04:51:27.9370860Z  * [new tag]           v1.3.59         -> v1.3.59
2026-04-29T04:51:27.9371201Z  * [new tag]           v1.3.6          -> v1.3.6
2026-04-29T04:51:27.9371535Z  * [new tag]           v1.3.60         -> v1.3.60
2026-04-29T04:51:27.9371873Z  * [new tag]           v1.3.61         -> v1.3.61
2026-04-29T04:51:27.9372211Z  * [new tag]           v1.3.62         -> v1.3.62
2026-04-29T04:51:27.9372542Z  * [new tag]           v1.3.7          -> v1.3.7
2026-04-29T04:51:27.9372889Z  * [new tag]           v1.3.8          -> v1.3.8
2026-04-29T04:51:27.9373224Z  * [new tag]           v1.3.9          -> v1.3.9
2026-04-29T04:51:27.9373559Z  * [new tag]           v1.4.40         -> v1.4.40
2026-04-29T04:51:27.9373899Z  * [new tag]           v1.5.0          -> v1.5.0
2026-04-29T04:51:27.9374235Z  * [new tag]           v1.5.2          -> v1.5.2
2026-04-29T04:51:27.9374574Z  * [new tag]           v1.5.3          -> v1.5.3
2026-04-29T04:51:27.9374918Z  * [new tag]           v1.6.0          -> v1.6.0
2026-04-29T04:51:27.9375253Z  * [new tag]           v1.7.0          -> v1.7.0
2026-04-29T04:51:27.9375596Z  * [new tag]           v1.7.37         -> v1.7.37
2026-04-29T04:51:27.9375932Z  * [new tag]           v1.7.38         -> v1.7.38
2026-04-29T04:51:27.9376277Z  * [new tag]           v1.7.39         -> v1.7.39
2026-04-29T04:51:27.9376619Z  * [new tag]           v1.7.40         -> v1.7.40
2026-04-29T04:51:27.9376952Z  * [new tag]           v1.7.41         -> v1.7.41
2026-04-29T04:51:27.9377289Z  * [new tag]           v1.7.42         -> v1.7.42
2026-04-29T04:51:27.9377862Z  * [new tag]           v1.7.43         -> v1.7.43
2026-04-29T04:51:27.9378232Z  * [new tag]           v1.7.44         -> v1.7.44
2026-04-29T04:51:27.9378568Z  * [new tag]           v1.7.45         -> v1.7.45
2026-04-29T04:51:27.9378906Z  * [new tag]           v1.7.46         -> v1.7.46
2026-04-29T04:51:27.9379243Z  * [new tag]           v1.7.47         -> v1.7.47
2026-04-29T04:51:27.9379581Z  * [new tag]           v1.7.48         -> v1.7.48
2026-04-29T04:51:27.9379918Z  * [new tag]           v1.7.49         -> v1.7.49
2026-04-29T04:51:27.9380245Z  * [new tag]           v1.7.50         -> v1.7.50
2026-04-29T04:51:27.9380576Z  * [new tag]           v1.7.51         -> v1.7.51
2026-04-29T04:51:27.9380909Z  * [new tag]           v1.7.52         -> v1.7.52
2026-04-29T04:51:27.9381240Z  * [new tag]           v1.7.53         -> v1.7.53
2026-04-29T04:51:27.9381570Z  * [new tag]           v1.7.54         -> v1.7.54
2026-04-29T04:51:27.9381902Z  * [new tag]           v1.7.55         -> v1.7.55
2026-04-29T04:51:27.9382241Z  * [new tag]           v1.7.56         -> v1.7.56
2026-04-29T04:51:27.9382565Z  * [new tag]           v1.7.57         -> v1.7.57
2026-04-29T04:51:27.9382897Z  * [new tag]           v1.7.58         -> v1.7.58
2026-04-29T04:51:27.9383229Z  * [new tag]           v1.7.59         -> v1.7.59
2026-04-29T04:51:27.9383567Z  * [new tag]           v1.7.60         -> v1.7.60
2026-04-29T04:51:27.9383903Z  * [new tag]           v1.7.61         -> v1.7.61
2026-04-29T04:51:27.9384236Z  * [new tag]           v1.7.62         -> v1.7.62
2026-04-29T04:51:27.9384561Z  * [new tag]           v1.7.63         -> v1.7.63
2026-04-29T04:51:27.9384894Z  * [new tag]           v1.7.64         -> v1.7.64
2026-04-29T04:51:27.9385224Z  * [new tag]           v1.7.65         -> v1.7.65
2026-04-29T04:51:27.9385549Z  * [new tag]           v1.7.66         -> v1.7.66
2026-04-29T04:51:27.9385880Z  * [new tag]           v1.7.67         -> v1.7.67
2026-04-29T04:51:27.9386211Z  * [new tag]           v1.7.68         -> v1.7.68
2026-04-29T04:51:27.9386543Z  * [new tag]           v1.7.69         -> v1.7.69
2026-04-29T04:51:27.9386865Z  * [new tag]           v1.7.70         -> v1.7.70
2026-04-29T04:51:27.9387207Z  * [new tag]           v1.7.71         -> v1.7.71
2026-04-29T04:51:27.9387536Z  * [new tag]           v1.7.72         -> v1.7.72
2026-04-29T04:51:27.9388343Z  * [new tag]           v1.7.73         -> v1.7.73
2026-04-29T04:51:27.9388808Z  * [new tag]           v1.7.74         -> v1.7.74
2026-04-29T04:51:27.9389151Z  * [new tag]           v1.7.75         -> v1.7.75
2026-04-29T04:51:27.9389483Z  * [new tag]           v1.7.76         -> v1.7.76
2026-04-29T04:51:27.9389822Z  * [new tag]           v1.7.77         -> v1.7.77
2026-04-29T04:51:27.9390150Z  * [new tag]           v1.7.78         -> v1.7.78
2026-04-29T04:51:27.9390482Z  * [new tag]           v1.7.79         -> v1.7.79
2026-04-29T04:51:27.9390813Z  * [new tag]           v1.7.80         -> v1.7.80
2026-04-29T04:51:27.9391141Z  * [new tag]           v1.7.81         -> v1.7.81
2026-04-29T04:51:27.9391474Z  * [new tag]           v1.7.82         -> v1.7.82
2026-04-29T04:51:27.9391804Z  * [new tag]           v1.7.83         -> v1.7.83
2026-04-29T04:51:27.9392132Z  * [new tag]           v1.7.84         -> v1.7.84
2026-04-29T04:51:27.9392464Z  * [new tag]           v1.7.85         -> v1.7.85
2026-04-29T04:51:27.9392808Z  * [new tag]           v1.7.86         -> v1.7.86
2026-04-29T04:51:27.9393140Z  * [new tag]           v1.7.87         -> v1.7.87
2026-04-29T04:51:27.9485759Z [command]/usr/bin/git rev-parse --verify --quiet 0c9e1e888ab277ab614514c69e151f87f483cce1^{object}
2026-04-29T04:51:27.9509810Z 0c9e1e888ab277ab614514c69e151f87f483cce1
2026-04-29T04:51:27.9514489Z ##[endgroup]
2026-04-29T04:51:27.9515124Z ##[group]Determining the checkout info
2026-04-29T04:51:27.9516119Z ##[endgroup]
2026-04-29T04:51:27.9520983Z [command]/usr/bin/git sparse-checkout disable
2026-04-29T04:51:27.9555943Z [command]/usr/bin/git config --local --unset-all extensions.worktreeConfig
2026-04-29T04:51:27.9581473Z ##[group]Checking out the ref
2026-04-29T04:51:27.9587119Z [command]/usr/bin/git checkout --progress --force 0c9e1e888ab277ab614514c69e151f87f483cce1
2026-04-29T04:51:28.2119752Z Note: switching to '0c9e1e888ab277ab614514c69e151f87f483cce1'.
2026-04-29T04:51:28.2120566Z 
2026-04-29T04:51:28.2120927Z You are in 'detached HEAD' state. You can look around, make experimental
2026-04-29T04:51:28.2121703Z changes and commit them, and you can discard any commits you make in this
2026-04-29T04:51:28.2122464Z state without impacting any branches by switching back to a branch.
2026-04-29T04:51:28.2122851Z 
2026-04-29T04:51:28.2123079Z If you want to create a new branch to retain commits you create, you may
2026-04-29T04:51:28.2123606Z do so (now or later) by using -c with the switch command. Example:
2026-04-29T04:51:28.2123917Z 
2026-04-29T04:51:28.2124042Z   git switch -c <new-branch-name>
2026-04-29T04:51:28.2124240Z 
2026-04-29T04:51:28.2124356Z Or undo this operation with:
2026-04-29T04:51:28.2124540Z 
2026-04-29T04:51:28.2124626Z   git switch -
2026-04-29T04:51:28.2124765Z 
2026-04-29T04:51:28.2125023Z Turn off this advice by setting config variable advice.detachedHead to false
2026-04-29T04:51:28.2125392Z 
2026-04-29T04:51:28.2125969Z HEAD is now at 0c9e1e88 docs(audits): built-in habit streaks — Phase 1 audit (#930)
2026-04-29T04:51:28.2150290Z ##[endgroup]
2026-04-29T04:51:28.2190572Z [command]/usr/bin/git log -1 --format=%H
2026-04-29T04:51:28.2211996Z 0c9e1e888ab277ab614514c69e151f87f483cce1
2026-04-29T04:51:28.2325933Z ##[group]Run set -euo pipefail
2026-04-29T04:51:28.2326248Z [36;1mset -euo pipefail[0m
2026-04-29T04:51:28.2326578Z [36;1m# Switch off the detached merge-sha checkout onto a local branch[0m
2026-04-29T04:51:28.2327027Z [36;1m# tracking main so the later `git push HEAD:main` has somewhere[0m
2026-04-29T04:51:28.2327457Z [36;1m# to go. Fetch the latest main first so we bump from the tip the[0m
2026-04-29T04:51:28.2328326Z [36;1m# push will target — otherwise a concurrent PR's bump from a[0m
2026-04-29T04:51:28.2328745Z [36;1m# queued run ahead of us would get overwritten.[0m
2026-04-29T04:51:28.2329053Z [36;1mgit fetch origin main[0m
2026-04-29T04:51:28.2329298Z [36;1mgit checkout -B main origin/main[0m
2026-04-29T04:51:28.2329547Z [36;1m[0m
2026-04-29T04:51:28.2330075Z [36;1mCURRENT_CODE=$(grep -oP 'versionCode\s*=\s*\K[0-9]+' app/build.gradle.kts | head -1)[0m
2026-04-29T04:51:28.2330513Z [36;1mNEW_CODE=$(( CURRENT_CODE + 1 ))[0m
2026-04-29T04:51:28.2330928Z [36;1msed -i "s/versionCode = [0-9]*/versionCode = $NEW_CODE/" app/build.gradle.kts[0m
2026-04-29T04:51:28.2331301Z [36;1m[0m
2026-04-29T04:51:28.2331626Z [36;1mCURRENT_NAME=$(grep -oP 'versionName\s*=\s*"\K[^"]+' app/build.gradle.kts | head -1)[0m
2026-04-29T04:51:28.2332087Z [36;1mMAJOR=$(echo "$CURRENT_NAME" | cut -d. -f1)[0m
2026-04-29T04:51:28.2332404Z [36;1mMINOR=$(echo "$CURRENT_NAME" | cut -d. -f2)[0m
2026-04-29T04:51:28.2332703Z [36;1mPATCH=$(echo "$CURRENT_NAME" | cut -d. -f3)[0m
2026-04-29T04:51:28.2332992Z [36;1mNEW_PATCH=$(( PATCH + 1 ))[0m
2026-04-29T04:51:28.2333288Z [36;1mNEW_NAME="${MAJOR}.${MINOR}.${NEW_PATCH}"[0m
2026-04-29T04:51:28.2333772Z [36;1msed -i "s/versionName = \"${CURRENT_NAME}\"/versionName = \"${NEW_NAME}\"/" app/build.gradle.kts[0m
2026-04-29T04:51:28.2334223Z [36;1m[0m
2026-04-29T04:51:28.2334453Z [36;1mecho "version_name=$NEW_NAME" >> "$GITHUB_OUTPUT"[0m
2026-04-29T04:51:28.2334808Z [36;1mecho "version_code=$NEW_CODE" >> "$GITHUB_OUTPUT"[0m
2026-04-29T04:51:28.2335158Z [36;1mecho "Bumping to v$NEW_NAME (build $NEW_CODE)"[0m
2026-04-29T04:51:28.2357041Z shell: /usr/bin/bash -e {0}
2026-04-29T04:51:28.2357282Z ##[endgroup]
2026-04-29T04:51:28.6021680Z From https://github.com/averycorp/prismTask
2026-04-29T04:51:28.6022271Z  * branch              main       -> FETCH_HEAD
2026-04-29T04:51:28.7796525Z Switched to a new branch 'main'
2026-04-29T04:51:28.7798465Z branch 'main' set up to track 'origin/main'.
2026-04-29T04:51:28.7920038Z Bumping to v1.7.88 (build 788)
2026-04-29T04:51:28.7973549Z ##[group]Run set -euo pipefail
2026-04-29T04:51:28.7973864Z [36;1mset -euo pipefail[0m
2026-04-29T04:51:28.7974241Z [36;1mgit config --local user.email "github-actions[bot]@users.noreply.github.com"[0m
2026-04-29T04:51:28.7974722Z [36;1mgit config --local user.name "github-actions[bot]"[0m
2026-04-29T04:51:28.7975067Z [36;1mgit add app/build.gradle.kts[0m
2026-04-29T04:51:28.7975337Z [36;1mif git diff --cached --quiet; then[0m
2026-04-29T04:51:28.7975613Z [36;1m  echo "No version bump to commit"[0m
2026-04-29T04:51:28.7975859Z [36;1m  exit 0[0m
2026-04-29T04:51:28.7976033Z [36;1mfi[0m
2026-04-29T04:51:28.7976288Z [36;1mgit commit -m "chore: bump to v1.7.88 (build 788) [skip ci]"[0m
2026-04-29T04:51:28.7976717Z [36;1m# Another PR merge can push to main while this job is running,[0m
2026-04-29T04:51:28.7977143Z [36;1m# so a straight `git push` here races and silently loses the[0m
2026-04-29T04:51:28.7977916Z [36;1m# bump commit. Rebase onto the current main tip and retry on rejection.[0m
2026-04-29T04:51:28.7978346Z [36;1mfor attempt in 1 2 3 4 5; do[0m
2026-04-29T04:51:28.7978619Z [36;1m  if git push origin HEAD:main; then[0m
2026-04-29T04:51:28.7978948Z [36;1m    echo "Pushed version bump on attempt $attempt"[0m
2026-04-29T04:51:28.7979250Z [36;1m    exit 0[0m
2026-04-29T04:51:28.7979460Z [36;1m  fi[0m
2026-04-29T04:51:28.7979785Z [36;1m  echo "Push rejected on attempt $attempt; rebasing onto origin/main and retrying"[0m
2026-04-29T04:51:28.7980208Z [36;1m  git fetch origin main[0m
2026-04-29T04:51:28.7980458Z [36;1m  if ! git rebase origin/main; then[0m
2026-04-29T04:51:28.7980730Z [36;1m    git rebase --abort || true[0m
2026-04-29T04:51:28.7981105Z [36;1m    echo "::error::Rebase conflict while replaying version bump; aborting."[0m
2026-04-29T04:51:28.7981473Z [36;1m    exit 1[0m
2026-04-29T04:51:28.7981659Z [36;1m  fi[0m
2026-04-29T04:51:28.7981839Z [36;1m  sleep $((attempt * 2))[0m
2026-04-29T04:51:28.7982069Z [36;1mdone[0m
2026-04-29T04:51:28.7982350Z [36;1mecho "::error::Failed to push version bump after 5 attempts."[0m
2026-04-29T04:51:28.7982689Z [36;1mexit 1[0m
2026-04-29T04:51:28.8004863Z shell: /usr/bin/bash -e {0}
2026-04-29T04:51:28.8005101Z ##[endgroup]
2026-04-29T04:51:29.1498889Z [main 2f58f8db] chore: bump to v1.7.88 (build 788) [skip ci]
2026-04-29T04:51:29.1499641Z  1 file changed, 2 insertions(+), 2 deletions(-)
2026-04-29T04:51:29.3611704Z remote: Permission to averycorp/prismTask.git denied to akarlin3.
2026-04-29T04:51:29.3613204Z fatal: unable to access 'https://github.com/averycorp/prismTask/': The requested URL returned error: 403
2026-04-29T04:51:29.3631941Z Push rejected on attempt 1; rebasing onto origin/main and retrying
2026-04-29T04:51:29.6994823Z From https://github.com/averycorp/prismTask
2026-04-29T04:51:29.6995842Z  * branch              main       -> FETCH_HEAD
2026-04-29T04:51:29.7090363Z Current branch main is up to date.
2026-04-29T04:51:31.9210212Z remote: Permission to averycorp/prismTask.git denied to akarlin3.
2026-04-29T04:51:31.9211408Z fatal: unable to access 'https://github.com/averycorp/prismTask/': The requested URL returned error: 403
2026-04-29T04:51:31.9227492Z Push rejected on attempt 2; rebasing onto origin/main and retrying
2026-04-29T04:51:32.2918853Z From https://github.com/averycorp/prismTask
2026-04-29T04:51:32.2919548Z  * branch              main       -> FETCH_HEAD
2026-04-29T04:51:32.3006350Z Current branch main is up to date.
2026-04-29T04:51:36.4997326Z remote: Permission to averycorp/prismTask.git denied to akarlin3.
2026-04-29T04:51:36.4998938Z fatal: unable to access 'https://github.com/averycorp/prismTask/': The requested URL returned error: 403
2026-04-29T04:51:36.5017463Z Push rejected on attempt 3; rebasing onto origin/main and retrying
2026-04-29T04:51:36.8670736Z From https://github.com/averycorp/prismTask
2026-04-29T04:51:36.8671301Z  * branch              main       -> FETCH_HEAD
2026-04-29T04:51:36.8758601Z Current branch main is up to date.
2026-04-29T04:51:43.0839072Z remote: Permission to averycorp/prismTask.git denied to akarlin3.
2026-04-29T04:51:43.0840049Z fatal: unable to access 'https://github.com/averycorp/prismTask/': The requested URL returned error: 403
2026-04-29T04:51:43.0856041Z Push rejected on attempt 4; rebasing onto origin/main and retrying
2026-04-29T04:51:43.4332347Z From https://github.com/averycorp/prismTask
2026-04-29T04:51:43.4332924Z  * branch              main       -> FETCH_HEAD
2026-04-29T04:51:43.4421752Z Current branch main is up to date.
2026-04-29T04:51:51.6371317Z remote: Permission to averycorp/prismTask.git denied to akarlin3.
2026-04-29T04:51:51.6372193Z fatal: unable to access 'https://github.com/averycorp/prismTask/': The requested URL returned error: 403
2026-04-29T04:51:51.6389596Z Push rejected on attempt 5; rebasing onto origin/main and retrying
2026-04-29T04:51:51.9905792Z From https://github.com/averycorp/prismTask
2026-04-29T04:51:51.9906385Z  * branch              main       -> FETCH_HEAD
2026-04-29T04:51:51.9995571Z Current branch main is up to date.
2026-04-29T04:52:02.0054436Z ##[error]Failed to push version bump after 5 attempts.
2026-04-29T04:52:02.0063565Z ##[error]Process completed with exit code 1.
2026-04-29T04:52:02.0178408Z Post job cleanup.
2026-04-29T04:52:02.1157901Z [command]/usr/bin/git version
2026-04-29T04:52:02.1201960Z git version 2.53.0
2026-04-29T04:52:02.1245482Z Temporarily overriding HOME='/home/runner/work/_temp/d69b97fc-cf12-40a6-8e27-156f95e0362e' before making global git config changes
2026-04-29T04:52:02.1246884Z Adding repository directory to the temporary git global config as a safe directory
2026-04-29T04:52:02.1251208Z [command]/usr/bin/git config --global --add safe.directory /home/runner/work/prismTask/prismTask
2026-04-29T04:52:02.1284067Z [command]/usr/bin/git config --local --name-only --get-regexp core\.sshCommand
2026-04-29T04:52:02.1315410Z [command]/usr/bin/git submodule foreach --recursive sh -c "git config --local --name-only --get-regexp 'core\.sshCommand' && git config --local --unset-all 'core.sshCommand' || :"
2026-04-29T04:52:02.1539671Z [command]/usr/bin/git config --local --name-only --get-regexp http\.https\:\/\/github\.com\/\.extraheader
2026-04-29T04:52:02.1561234Z http.https://github.com/.extraheader
2026-04-29T04:52:02.1573615Z [command]/usr/bin/git config --local --unset-all http.https://github.com/.extraheader
2026-04-29T04:52:02.1605613Z [command]/usr/bin/git submodule foreach --recursive sh -c "git config --local --name-only --get-regexp 'http\.https\:\/\/github\.com\/\.extraheader' && git config --local --unset-all 'http.https://github.com/.extraheader' || :"
2026-04-29T04:52:02.1826585Z [command]/usr/bin/git config --local --name-only --get-regexp ^includeIf\.gitdir:
2026-04-29T04:52:02.1857339Z [command]/usr/bin/git submodule foreach --recursive git config --local --show-origin --name-only --get-regexp remote.origin.url
2026-04-29T04:52:02.2222146Z Cleaning up orphan processes
2026-04-29T04:52:02.2524619Z ##[warning]Node.js 20 actions are deprecated. The following actions are running on Node.js 20 and may not work as expected: actions/checkout@v4. Actions will be forced to run with Node.js 24 by default starting June 2nd, 2026. Node.js 20 will be removed from the runner on September 16th, 2026. Please check if updated versions of these actions are available that support Node.js 24. To opt into Node.js 24 now, set the FORCE_JAVASCRIPT_ACTIONS_TO_NODE24=true environment variable on the runner or in your workflow file. Once Node.js 24 becomes the default, you can temporarily opt out by setting ACTIONS_ALLOW_USE_UNSECURE_NODE_VERSION=true. For more information see: https://github.blog/changelog/2025-09-19-deprecation-of-node-20-on-github-actions-runners/
