=== CI FAILURE ===
Workflow:      Version Bump & Tag
Workflow file: averycorp/prismTask/.github/workflows/version-bump-and-tag.yml@refs/heads/main
Job(s):        Version Bump & Tag
Run ID:        25077215945
Run attempt:   1
Run URL:       https://github.com/averycorp/prismTask/actions/runs/25077215945
Commit:        b04cae34474071c9405bb9d05aec6be6c197abb7
Branch:        main
Event:         workflow_run
Actor:         akarlin3
Runner OS:     Linux
Timestamp:     2026-04-28T21:02:17.522Z

Failed steps:
  - Version Bump & Tag: #6 Commit version bump

=== FAILED JOB LOG ===

--- Job: Version Bump & Tag (id 73473824837) ---
2026-04-28T21:01:13.2784974Z Current runner version: '2.334.0'
2026-04-28T21:01:13.2819273Z ##[group]Runner Image Provisioner
2026-04-28T21:01:13.2820827Z Hosted Compute Agent
2026-04-28T21:01:13.2821614Z Version: 20260213.493
2026-04-28T21:01:13.2822524Z Commit: 5c115507f6dd24b8de37d8bbe0bb4509d0cc0fa3
2026-04-28T21:01:13.2823848Z Build Date: 2026-02-13T00:28:41Z
2026-04-28T21:01:13.2824813Z Worker ID: {b956c800-c326-4387-a797-b78729e2ee5b}
2026-04-28T21:01:13.2825905Z Azure Region: eastus
2026-04-28T21:01:13.2826851Z ##[endgroup]
2026-04-28T21:01:13.2829239Z ##[group]Operating System
2026-04-28T21:01:13.2830117Z Ubuntu
2026-04-28T21:01:13.2831264Z 24.04.4
2026-04-28T21:01:13.2832037Z LTS
2026-04-28T21:01:13.2832720Z ##[endgroup]
2026-04-28T21:01:13.2833549Z ##[group]Runner Image
2026-04-28T21:01:13.2834403Z Image: ubuntu-24.04
2026-04-28T21:01:13.2835191Z Version: 20260413.86.1
2026-04-28T21:01:13.2837197Z Included Software: https://github.com/actions/runner-images/blob/ubuntu24/20260413.86/images/ubuntu/Ubuntu2404-Readme.md
2026-04-28T21:01:13.2839587Z Image Release: https://github.com/actions/runner-images/releases/tag/ubuntu24%2F20260413.86
2026-04-28T21:01:13.2841334Z ##[endgroup]
2026-04-28T21:01:13.2843187Z ##[group]GITHUB_TOKEN Permissions
2026-04-28T21:01:13.2846357Z Actions: write
2026-04-28T21:01:13.2847231Z Contents: write
2026-04-28T21:01:13.2847940Z Metadata: read
2026-04-28T21:01:13.2848935Z PullRequests: read
2026-04-28T21:01:13.2849661Z ##[endgroup]
2026-04-28T21:01:13.2852666Z Secret source: Actions
2026-04-28T21:01:13.2854189Z Prepare workflow directory
2026-04-28T21:01:13.3313732Z Prepare all required actions
2026-04-28T21:01:13.3368154Z Getting action download info
2026-04-28T21:01:13.6617575Z Download action repository 'actions/checkout@v4' (SHA:34e114876b0b11c390a56381ad16ebd13914f8d5)
2026-04-28T21:01:13.8716329Z Complete job name: Version Bump & Tag
2026-04-28T21:01:13.9416553Z ##[group]Run set -euo pipefail
2026-04-28T21:01:13.9417337Z [36;1mset -euo pipefail[0m
2026-04-28T21:01:13.9417966Z [36;1mif [ "$EVENT_NAME" = "workflow_dispatch" ]; then[0m
2026-04-28T21:01:13.9418853Z [36;1m  # Manual dispatch path — use the input if provided, otherwise[0m
2026-04-28T21:01:13.9419713Z [36;1m  # walk the latest merged PR on main and target that.[0m
2026-04-28T21:01:13.9420591Z [36;1m  if [ -n "$DISPATCH_PR" ]; then[0m
2026-04-28T21:01:13.9421264Z [36;1m    echo "pr_number=$DISPATCH_PR" >> "$GITHUB_OUTPUT"[0m
2026-04-28T21:01:13.9421956Z [36;1m    echo "found=true" >> "$GITHUB_OUTPUT"[0m
2026-04-28T21:01:13.9422642Z [36;1m    echo "Using PR #$DISPATCH_PR from dispatch input."[0m
2026-04-28T21:01:13.9423271Z [36;1m    exit 0[0m
2026-04-28T21:01:13.9423703Z [36;1m  fi[0m
2026-04-28T21:01:13.9424317Z [36;1m  PR_NUMBER=$(gh pr list --repo "$REPO" --state merged --base main \[0m
2026-04-28T21:01:13.9425212Z [36;1m    --limit 1 --json number -q '.[0].number // empty')[0m
2026-04-28T21:01:13.9425881Z [36;1m  if [ -z "$PR_NUMBER" ]; then[0m
2026-04-28T21:01:13.9426659Z [36;1m    echo "::warning::No merged PRs found on main. Cannot resolve PR; skipping."[0m
2026-04-28T21:01:13.9427520Z [36;1m    echo "found=false" >> "$GITHUB_OUTPUT"[0m
2026-04-28T21:01:13.9428112Z [36;1m    exit 0[0m
2026-04-28T21:01:13.9428544Z [36;1m  fi[0m
2026-04-28T21:01:13.9429054Z [36;1m  echo "pr_number=$PR_NUMBER" >> "$GITHUB_OUTPUT"[0m
2026-04-28T21:01:13.9429708Z [36;1m  echo "found=true" >> "$GITHUB_OUTPUT"[0m
2026-04-28T21:01:13.9430772Z [36;1m  echo "Resolved most-recent merged PR #$PR_NUMBER for dispatch run."[0m
2026-04-28T21:01:13.9431720Z [36;1m  exit 0[0m
2026-04-28T21:01:13.9432144Z [36;1mfi[0m
2026-04-28T21:01:13.9432535Z [36;1m[0m
2026-04-28T21:01:13.9433038Z [36;1m# Path 1 — fast path: pull_requests was populated.[0m
2026-04-28T21:01:13.9433893Z [36;1mPR_NUMBER=$(echo "$PR_JSON" | jq -r '.[0].number // empty')[0m
2026-04-28T21:01:13.9434607Z [36;1mif [ -n "$PR_NUMBER" ]; then[0m
2026-04-28T21:01:13.9435442Z [36;1m  echo "pr_number=$PR_NUMBER" >> "$GITHUB_OUTPUT"[0m
2026-04-28T21:01:13.9436333Z [36;1m  echo "found=true" >> "$GITHUB_OUTPUT"[0m
2026-04-28T21:01:13.9437489Z [36;1m  echo "Resolved PR #$PR_NUMBER from workflow_run payload."[0m
2026-04-28T21:01:13.9438205Z [36;1m  exit 0[0m
2026-04-28T21:01:13.9438626Z [36;1mfi[0m
2026-04-28T21:01:13.9439175Z [36;1m[0m
2026-04-28T21:01:13.9439742Z [36;1m# Path 2 — fallback: look the PR up by HEAD SHA. Works in both[0m
2026-04-28T21:01:13.9440754Z [36;1m# the pre-merge case (auto-merge.yml fires before the squash[0m
2026-04-28T21:01:13.9441602Z [36;1m# actually happens; the open PR still has this commit at its[0m
2026-04-28T21:01:13.9442471Z [36;1m# head) and the post-merge case (GitHub keeps the commit→PR[0m
2026-04-28T21:01:13.9443314Z [36;1m# mapping after squash, so we still resolve correctly even if[0m
2026-04-28T21:01:13.9444176Z [36;1m# the source branch was deleted). The downstream "Wait for PR[0m
2026-04-28T21:01:13.9445001Z [36;1m# to merge" step handles the timing — we only need the PR[0m
2026-04-28T21:01:13.9445710Z [36;1m# number here, not its merge state.[0m
2026-04-28T21:01:13.9446280Z [36;1m#[0m
2026-04-28T21:01:13.9446855Z [36;1m# Deliberately NOT falling back to "most recent merged PR" —[0m
2026-04-28T21:01:13.9447700Z [36;1m# that race-condition-bumps a previously-merged PR if[0m
2026-04-28T21:01:13.9448459Z [36;1m# workflow_run fires before the queued merge lands.[0m
2026-04-28T21:01:13.9449114Z [36;1mif [ -z "$HEAD_SHA" ]; then[0m
2026-04-28T21:01:13.9449909Z [36;1m  echo "::warning::workflow_run.head_sha is empty; cannot resolve PR. Skipping."[0m
2026-04-28T21:01:13.9450984Z [36;1m  echo "found=false" >> "$GITHUB_OUTPUT"[0m
2026-04-28T21:01:13.9451572Z [36;1m  exit 0[0m
2026-04-28T21:01:13.9451977Z [36;1mfi[0m
2026-04-28T21:01:13.9452558Z [36;1m# Capture the API response separately instead of piping through[0m
2026-04-28T21:01:13.9453613Z [36;1m# `gh api --jq` directly. Under `set -euo pipefail`, an empty or[0m
2026-04-28T21:01:13.9454436Z [36;1m# non-JSON response body crashes the embedded jq with[0m
2026-04-28T21:01:13.9455252Z [36;1m# `unexpected end of JSON input` and aborts the whole script[0m
2026-04-28T21:01:13.9456095Z [36;1m# before the empty-result branch below can fire — observed on[0m
2026-04-28T21:01:13.9456925Z [36;1m# PR #857's post-merge run, which silently dropped the version[0m
2026-04-28T21:01:13.9457737Z [36;1m# bump on the floor. The retry loop covers the indexing-lag[0m
2026-04-28T21:01:13.9458551Z [36;1m# window where `commits/{sha}/pulls` returns `[]` for a few[0m
2026-04-28T21:01:13.9459304Z [36;1m# seconds after the squash-merge push lands.[0m
2026-04-28T21:01:13.9459914Z [36;1mPR_NUMBER=""[0m
2026-04-28T21:01:13.9460509Z [36;1mfor attempt in 1 2 3; do[0m
2026-04-28T21:01:13.9461039Z [36;1m  RESPONSE=$(gh api \[0m
2026-04-28T21:01:13.9461624Z [36;1m    "repos/$REPO/commits/$HEAD_SHA/pulls" \[0m
2026-04-28T21:01:13.9462433Z [36;1m    -H "Accept: application/vnd.github+json" 2>/dev/null || echo "[]")[0m
2026-04-28T21:01:13.9463268Z [36;1m  PR_NUMBER=$(printf '%s' "$RESPONSE" | jq -r '[0m
2026-04-28T21:01:13.9463948Z [36;1m    if type == "array" and length > 0 then[0m
2026-04-28T21:01:13.9464650Z [36;1m      (sort_by(.number) | reverse | .[0].number // empty)[0m
2026-04-28T21:01:13.9465312Z [36;1m    else empty end[0m
2026-04-28T21:01:13.9465810Z [36;1m  ' 2>/dev/null || echo "")[0m
2026-04-28T21:01:13.9466377Z [36;1m  [ -n "$PR_NUMBER" ] && break[0m
2026-04-28T21:01:13.9467208Z [36;1m  echo "commits/$HEAD_SHA/pulls returned no PR (attempt $attempt/3); sleeping 5s..."[0m
2026-04-28T21:01:13.9468035Z [36;1m  sleep 5[0m
2026-04-28T21:01:13.9468466Z [36;1mdone[0m
2026-04-28T21:01:13.9468900Z [36;1mif [ -z "$PR_NUMBER" ]; then[0m
2026-04-28T21:01:13.9469783Z [36;1m  echo "::warning::No PR found for commit $HEAD_SHA via commits/{sha}/pulls after 3 attempts. Skipping."[0m
2026-04-28T21:01:13.9470910Z [36;1m  echo "found=false" >> "$GITHUB_OUTPUT"[0m
2026-04-28T21:01:13.9471517Z [36;1m  exit 0[0m
2026-04-28T21:01:13.9471928Z [36;1mfi[0m
2026-04-28T21:01:13.9472608Z [36;1mecho "pr_number=$PR_NUMBER" >> "$GITHUB_OUTPUT"[0m
2026-04-28T21:01:13.9473279Z [36;1mecho "found=true" >> "$GITHUB_OUTPUT"[0m
2026-04-28T21:01:13.9474058Z [36;1mecho "Resolved PR #$PR_NUMBER from commits/$HEAD_SHA/pulls fallback."[0m
2026-04-28T21:01:13.9501948Z shell: /usr/bin/bash -e {0}
2026-04-28T21:01:13.9502730Z env:
2026-04-28T21:01:13.9503461Z   GH_TOKEN: ***
2026-04-28T21:01:13.9503925Z   REPO: averycorp/prismTask
2026-04-28T21:01:13.9504442Z   EVENT_NAME: workflow_run
2026-04-28T21:01:13.9504904Z   PR_JSON: []
2026-04-28T21:01:13.9505385Z   HEAD_SHA: 56381938388bb9834e20eb3f18e6657f373276d7
2026-04-28T21:01:13.9506008Z   DISPATCH_PR: 
2026-04-28T21:01:13.9506427Z ##[endgroup]
2026-04-28T21:01:14.4481698Z Resolved PR #920 from commits/56381938388bb9834e20eb3f18e6657f373276d7/pulls fallback.
2026-04-28T21:01:14.4707239Z ##[group]Run set -euo pipefail
2026-04-28T21:01:14.4708452Z [36;1mset -euo pipefail[0m
2026-04-28T21:01:14.4709877Z [36;1m# gh pr merge --auto may queue the merge until required checks[0m
2026-04-28T21:01:14.4711985Z [36;1m# pass. Poll until MERGED, CLOSED, or timeout.[0m
2026-04-28T21:01:14.4713303Z [36;1m#[0m
2026-04-28T21:01:14.4714406Z [36;1m# Audit PR #876 → CI pathway efficiency: ceiling raised[0m
2026-04-28T21:01:14.4716160Z [36;1m# 60→120 attempts × 10s = 20 min. Real Android PRs (PR #851[0m
2026-04-28T21:01:14.4717895Z [36;1m# took 37 min from open to merge; PR #859 took 14 min) can[0m
2026-04-28T21:01:14.4719621Z [36;1m# exceed the prior 10-min ceiling because auto-merge.yml[0m
2026-04-28T21:01:14.4721533Z [36;1m# queues on slow lane completion. A silently-dropped bump[0m
2026-04-28T21:01:14.4723368Z [36;1m# (memory `feedback_skip_ci_blocks_tag_release.md`) requires a[0m
2026-04-28T21:01:14.4725283Z [36;1m# manual `gh workflow run release.yml --ref vX.Y.Z` re-fire,[0m
2026-04-28T21:01:14.4727076Z [36;1m# which is a real recovery cost. 20 min covers all observed[0m
2026-04-28T21:01:14.4728809Z [36;1m# PR lifecycles in the audit window without expanding[0m
2026-04-28T21:01:14.4730703Z [36;1m# workflow_run resource cost meaningfully (idle polling).[0m
2026-04-28T21:01:14.4732222Z [36;1mfor i in $(seq 1 120); do[0m
2026-04-28T21:01:14.4733754Z [36;1m  STATE=$(gh pr view "$PR_NUMBER" --repo "$REPO" --json state -q '.state')[0m
2026-04-28T21:01:14.4735363Z [36;1m  case "$STATE" in[0m
2026-04-28T21:01:14.4736358Z [36;1m    MERGED)[0m
2026-04-28T21:01:14.4737964Z [36;1m      MERGE_SHA=$(gh pr view "$PR_NUMBER" --repo "$REPO" --json mergeCommit -q '.mergeCommit.oid')[0m
2026-04-28T21:01:14.4739942Z [36;1m      echo "merged=true" >> "$GITHUB_OUTPUT"[0m
2026-04-28T21:01:14.4741508Z [36;1m      echo "merge_sha=$MERGE_SHA" >> "$GITHUB_OUTPUT"[0m
2026-04-28T21:01:14.4742919Z [36;1m      echo "PR merged at $MERGE_SHA"[0m
2026-04-28T21:01:14.4744108Z [36;1m      exit 0[0m
2026-04-28T21:01:14.4745013Z [36;1m      ;;[0m
2026-04-28T21:01:14.4745863Z [36;1m    CLOSED)[0m
2026-04-28T21:01:14.4746906Z [36;1m      echo "merged=false" >> "$GITHUB_OUTPUT"[0m
2026-04-28T21:01:14.4748420Z [36;1m      echo "PR closed without merging — skipping bump."[0m
2026-04-28T21:01:14.4749766Z [36;1m      exit 0[0m
2026-04-28T21:01:14.4750905Z [36;1m      ;;[0m
2026-04-28T21:01:14.4751751Z [36;1m    *)[0m
2026-04-28T21:01:14.4752881Z [36;1m      echo "PR state=$STATE (attempt $i/120); sleeping 10s..."[0m
2026-04-28T21:01:14.4754324Z [36;1m      sleep 10[0m
2026-04-28T21:01:14.4755266Z [36;1m      ;;[0m
2026-04-28T21:01:14.4756118Z [36;1m  esac[0m
2026-04-28T21:01:14.4756965Z [36;1mdone[0m
2026-04-28T21:01:14.4757932Z [36;1mecho "merged=false" >> "$GITHUB_OUTPUT"[0m
2026-04-28T21:01:14.4759717Z [36;1mecho "::warning::PR did not reach MERGED within 20 minutes — skipping bump."[0m
2026-04-28T21:01:14.4784446Z shell: /usr/bin/bash -e {0}
2026-04-28T21:01:14.4785480Z env:
2026-04-28T21:01:14.4786806Z   GH_TOKEN: ***
2026-04-28T21:01:14.4787683Z   PR_NUMBER: 920
2026-04-28T21:01:14.4788572Z   REPO: averycorp/prismTask
2026-04-28T21:01:14.4789757Z ##[endgroup]
2026-04-28T21:01:14.9580399Z PR merged at b04cae34474071c9405bb9d05aec6be6c197abb7
2026-04-28T21:01:14.9840901Z ##[group]Run actions/checkout@v4
2026-04-28T21:01:14.9841950Z with:
2026-04-28T21:01:14.9843881Z   token: ***
2026-04-28T21:01:14.9844739Z   ref: b04cae34474071c9405bb9d05aec6be6c197abb7
2026-04-28T21:01:14.9845850Z   fetch-depth: 0
2026-04-28T21:01:14.9846675Z   repository: averycorp/prismTask
2026-04-28T21:01:14.9847642Z   ssh-strict: true
2026-04-28T21:01:14.9848401Z   ssh-user: git
2026-04-28T21:01:14.9849181Z   persist-credentials: true
2026-04-28T21:01:14.9850066Z   clean: true
2026-04-28T21:01:14.9851099Z   sparse-checkout-cone-mode: true
2026-04-28T21:01:14.9852074Z   fetch-tags: false
2026-04-28T21:01:14.9852866Z   show-progress: true
2026-04-28T21:01:14.9853660Z   lfs: false
2026-04-28T21:01:14.9854366Z   submodules: false
2026-04-28T21:01:14.9855165Z   set-safe-directory: true
2026-04-28T21:01:14.9856015Z ##[endgroup]
2026-04-28T21:01:15.0966379Z Syncing repository: averycorp/prismTask
2026-04-28T21:01:15.0969178Z ##[group]Getting Git version info
2026-04-28T21:01:15.0970926Z Working directory is '/home/runner/work/prismTask/prismTask'
2026-04-28T21:01:15.0973002Z [command]/usr/bin/git version
2026-04-28T21:01:15.1008975Z git version 2.53.0
2026-04-28T21:01:15.1034438Z ##[endgroup]
2026-04-28T21:01:15.1049446Z Temporarily overriding HOME='/home/runner/work/_temp/90359aa0-97a6-46d6-a1d1-80d21d8127c2' before making global git config changes
2026-04-28T21:01:15.1052609Z Adding repository directory to the temporary git global config as a safe directory
2026-04-28T21:01:15.1055513Z [command]/usr/bin/git config --global --add safe.directory /home/runner/work/prismTask/prismTask
2026-04-28T21:01:15.1088611Z Deleting the contents of '/home/runner/work/prismTask/prismTask'
2026-04-28T21:01:15.1092825Z ##[group]Initializing the repository
2026-04-28T21:01:15.1096700Z [command]/usr/bin/git init /home/runner/work/prismTask/prismTask
2026-04-28T21:01:15.1154357Z hint: Using 'master' as the name for the initial branch. This default branch name
2026-04-28T21:01:15.1157013Z hint: will change to "main" in Git 3.0. To configure the initial branch name
2026-04-28T21:01:15.1159343Z hint: to use in all of your new repositories, which will suppress this warning,
2026-04-28T21:01:15.1161364Z hint: call:
2026-04-28T21:01:15.1162201Z hint:
2026-04-28T21:01:15.1163193Z hint: 	git config --global init.defaultBranch <name>
2026-04-28T21:01:15.1164465Z hint:
2026-04-28T21:01:15.1165743Z hint: Names commonly chosen instead of 'master' are 'main', 'trunk' and
2026-04-28T21:01:15.1168132Z hint: 'development'. The just-created branch can be renamed via this command:
2026-04-28T21:01:15.1169771Z hint:
2026-04-28T21:01:15.1170811Z hint: 	git branch -m <name>
2026-04-28T21:01:15.1171884Z hint:
2026-04-28T21:01:15.1173210Z hint: Disable this message with "git config set advice.defaultBranchName false"
2026-04-28T21:01:15.1175425Z Initialized empty Git repository in /home/runner/work/prismTask/prismTask/.git/
2026-04-28T21:01:15.1178961Z [command]/usr/bin/git remote add origin https://github.com/averycorp/prismTask
2026-04-28T21:01:15.1199622Z ##[endgroup]
2026-04-28T21:01:15.1201404Z ##[group]Disabling automatic garbage collection
2026-04-28T21:01:15.1203081Z [command]/usr/bin/git config --local gc.auto 0
2026-04-28T21:01:15.1233556Z ##[endgroup]
2026-04-28T21:01:15.1234996Z ##[group]Setting up auth
2026-04-28T21:01:15.1239371Z [command]/usr/bin/git config --local --name-only --get-regexp core\.sshCommand
2026-04-28T21:01:15.1271408Z [command]/usr/bin/git submodule foreach --recursive sh -c "git config --local --name-only --get-regexp 'core\.sshCommand' && git config --local --unset-all 'core.sshCommand' || :"
2026-04-28T21:01:15.1564353Z [command]/usr/bin/git config --local --name-only --get-regexp http\.https\:\/\/github\.com\/\.extraheader
2026-04-28T21:01:15.1596284Z [command]/usr/bin/git submodule foreach --recursive sh -c "git config --local --name-only --get-regexp 'http\.https\:\/\/github\.com\/\.extraheader' && git config --local --unset-all 'http.https://github.com/.extraheader' || :"
2026-04-28T21:01:15.1830849Z [command]/usr/bin/git config --local --name-only --get-regexp ^includeIf\.gitdir:
2026-04-28T21:01:15.1862093Z [command]/usr/bin/git submodule foreach --recursive git config --local --show-origin --name-only --get-regexp remote.origin.url
2026-04-28T21:01:15.2097651Z [command]/usr/bin/git config --local http.https://github.com/.extraheader AUTHORIZATION: basic ***
2026-04-28T21:01:15.2135349Z ##[endgroup]
2026-04-28T21:01:15.2136890Z ##[group]Fetching the repository
2026-04-28T21:01:15.2145132Z [command]/usr/bin/git -c protocol.version=2 fetch --prune --no-recurse-submodules origin +refs/heads/*:refs/remotes/origin/* +refs/tags/*:refs/tags/*
2026-04-28T21:01:33.2679267Z From https://github.com/averycorp/prismTask
2026-04-28T21:01:33.2679957Z  * [new branch]        ci-logs         -> origin/ci-logs
2026-04-28T21:01:33.2680862Z  * [new branch]        feat/time-tracking-aggregator -> origin/feat/time-tracking-aggregator
2026-04-28T21:01:33.2681880Z  * [new branch]        main            -> origin/main
2026-04-28T21:01:33.2682462Z  * [new branch]        v0.1.0-legacy   -> origin/v0.1.0-legacy
2026-04-28T21:01:33.2683036Z  * [new branch]        v0.2.0-legacy   -> origin/v0.2.0-legacy
2026-04-28T21:01:33.2683556Z  * [new branch]        v0.3.0-legacy   -> origin/v0.3.0-legacy
2026-04-28T21:01:33.2684129Z  * [new branch]        v0.4.0-legacy   -> origin/v0.4.0-legacy
2026-04-28T21:01:33.2684652Z  * [new branch]        v0.5.0-legacy   -> origin/v0.5.0-legacy
2026-04-28T21:01:33.2685159Z  * [new branch]        v0.6.0-legacy   -> origin/v0.6.0-legacy
2026-04-28T21:01:33.2685697Z  * [new branch]        v0.7.0-legacy   -> origin/v0.7.0-legacy
2026-04-28T21:01:33.2758698Z  * [new tag]           v0.1.0          -> v0.1.0
2026-04-28T21:01:33.2759180Z  * [new tag]           v0.2.0          -> v0.2.0
2026-04-28T21:01:33.2759688Z  * [new tag]           v0.3.0          -> v0.3.0
2026-04-28T21:01:33.2760383Z  * [new tag]           v0.4.0          -> v0.4.0
2026-04-28T21:01:33.2760982Z  * [new tag]           v0.5.0          -> v0.5.0
2026-04-28T21:01:33.2761396Z  * [new tag]           v0.7.0          -> v0.7.0
2026-04-28T21:01:33.2761780Z  * [new tag]           v0.7.12         -> v0.7.12
2026-04-28T21:01:33.2762170Z  * [new tag]           v0.7.13         -> v0.7.13
2026-04-28T21:01:33.2762562Z  * [new tag]           v0.7.14         -> v0.7.14
2026-04-28T21:01:33.2762972Z  * [new tag]           v0.7.15         -> v0.7.15
2026-04-28T21:01:33.2763359Z  * [new tag]           v0.7.16         -> v0.7.16
2026-04-28T21:01:33.2763803Z  * [new tag]           v0.7.17         -> v0.7.17
2026-04-28T21:01:33.2764228Z  * [new tag]           v0.7.17-build.2 -> v0.7.17-build.2
2026-04-28T21:01:33.2764659Z  * [new tag]           v0.7.17-build.3 -> v0.7.17-build.3
2026-04-28T21:01:33.2765190Z  * [new tag]           v0.7.17-build.4 -> v0.7.17-build.4
2026-04-28T21:01:33.2765654Z  * [new tag]           v0.7.17-build.5 -> v0.7.17-build.5
2026-04-28T21:01:33.2766113Z  * [new tag]           v0.7.17-build.6 -> v0.7.17-build.6
2026-04-28T21:01:33.2766586Z  * [new tag]           v0.7.17-build.7 -> v0.7.17-build.7
2026-04-28T21:01:33.2767212Z  * [new tag]           v0.7.17-build.8 -> v0.7.17-build.8
2026-04-28T21:01:33.2767797Z  * [new tag]           v0.7.17-build.9 -> v0.7.17-build.9
2026-04-28T21:01:33.2768258Z  * [new tag]           v0.7.18         -> v0.7.18
2026-04-28T21:01:33.2768732Z  * [new tag]           v0.7.18-build.2 -> v0.7.18-build.2
2026-04-28T21:01:33.2769229Z  * [new tag]           v0.7.18-build.3 -> v0.7.18-build.3
2026-04-28T21:01:33.2769713Z  * [new tag]           v0.7.18-build.4 -> v0.7.18-build.4
2026-04-28T21:01:33.2770397Z  * [new tag]           v0.7.19         -> v0.7.19
2026-04-28T21:01:33.2770882Z  * [new tag]           v0.7.19-build.2 -> v0.7.19-build.2
2026-04-28T21:01:33.2771350Z  * [new tag]           v0.7.20         -> v0.7.20
2026-04-28T21:01:33.2771831Z  * [new tag]           v0.7.20-build.2 -> v0.7.20-build.2
2026-04-28T21:01:33.2772644Z  * [new tag]           v0.7.20-build.3 -> v0.7.20-build.3
2026-04-28T21:01:33.2773403Z  * [new tag]           v0.7.20-build.4 -> v0.7.20-build.4
2026-04-28T21:01:33.2773879Z  * [new tag]           v0.8.0          -> v0.8.0
2026-04-28T21:01:33.2774387Z  * [new tag]           v0.8.0-build.2  -> v0.8.0-build.2
2026-04-28T21:01:33.2774863Z  * [new tag]           v0.8.1          -> v0.8.1
2026-04-28T21:01:33.2775311Z  * [new tag]           v0.8.10         -> v0.8.10
2026-04-28T21:01:33.2776465Z  * [new tag]           v0.8.11         -> v0.8.11
2026-04-28T21:01:33.2777266Z  * [new tag]           v0.8.12         -> v0.8.12
2026-04-28T21:01:33.2778014Z  * [new tag]           v0.8.13         -> v0.8.13
2026-04-28T21:01:33.2778691Z  * [new tag]           v0.8.14         -> v0.8.14
2026-04-28T21:01:33.2779394Z  * [new tag]           v0.8.15         -> v0.8.15
2026-04-28T21:01:33.2780066Z  * [new tag]           v0.8.2          -> v0.8.2
2026-04-28T21:01:33.2780982Z  * [new tag]           v0.8.3          -> v0.8.3
2026-04-28T21:01:33.2781470Z  * [new tag]           v0.8.4          -> v0.8.4
2026-04-28T21:01:33.2781923Z  * [new tag]           v0.8.5          -> v0.8.5
2026-04-28T21:01:33.2782357Z  * [new tag]           v0.8.6          -> v0.8.6
2026-04-28T21:01:33.2782801Z  * [new tag]           v0.8.7          -> v0.8.7
2026-04-28T21:01:33.2783225Z  * [new tag]           v0.8.8          -> v0.8.8
2026-04-28T21:01:33.2783654Z  * [new tag]           v0.8.9          -> v0.8.9
2026-04-28T21:01:33.2784096Z  * [new tag]           v0.9.1          -> v0.9.1
2026-04-28T21:01:33.2784518Z  * [new tag]           v0.9.2          -> v0.9.2
2026-04-28T21:01:33.2784954Z  * [new tag]           v1.0.1          -> v1.0.1
2026-04-28T21:01:33.2785417Z  * [new tag]           v1.0.10         -> v1.0.10
2026-04-28T21:01:33.2785801Z  * [new tag]           v1.0.11         -> v1.0.11
2026-04-28T21:01:33.2786095Z  * [new tag]           v1.0.12         -> v1.0.12
2026-04-28T21:01:33.2786400Z  * [new tag]           v1.0.13         -> v1.0.13
2026-04-28T21:01:33.2786714Z  * [new tag]           v1.0.2          -> v1.0.2
2026-04-28T21:01:33.2787032Z  * [new tag]           v1.0.3          -> v1.0.3
2026-04-28T21:01:33.2787300Z  * [new tag]           v1.0.4          -> v1.0.4
2026-04-28T21:01:33.2787571Z  * [new tag]           v1.0.5          -> v1.0.5
2026-04-28T21:01:33.2787827Z  * [new tag]           v1.0.6          -> v1.0.6
2026-04-28T21:01:33.2788087Z  * [new tag]           v1.0.7          -> v1.0.7
2026-04-28T21:01:33.2788382Z  * [new tag]           v1.0.8          -> v1.0.8
2026-04-28T21:01:33.2788662Z  * [new tag]           v1.0.9          -> v1.0.9
2026-04-28T21:01:33.2788933Z  * [new tag]           v1.1.1          -> v1.1.1
2026-04-28T21:01:33.2789228Z  * [new tag]           v1.1.1-build.2  -> v1.1.1-build.2
2026-04-28T21:01:33.2789588Z  * [new tag]           v1.1.1-build.3  -> v1.1.1-build.3
2026-04-28T21:01:33.2789885Z  * [new tag]           v1.1.1-build.4  -> v1.1.1-build.4
2026-04-28T21:01:33.2790410Z  * [new tag]           v1.1.10         -> v1.1.10
2026-04-28T21:01:33.2790724Z  * [new tag]           v1.1.11         -> v1.1.11
2026-04-28T21:01:33.2791002Z  * [new tag]           v1.1.12         -> v1.1.12
2026-04-28T21:01:33.2791280Z  * [new tag]           v1.1.2          -> v1.1.2
2026-04-28T21:01:33.2791537Z  * [new tag]           v1.1.3          -> v1.1.3
2026-04-28T21:01:33.2791814Z  * [new tag]           v1.1.4          -> v1.1.4
2026-04-28T21:01:33.2792078Z  * [new tag]           v1.1.5          -> v1.1.5
2026-04-28T21:01:33.2792334Z  * [new tag]           v1.1.6          -> v1.1.6
2026-04-28T21:01:33.2792597Z  * [new tag]           v1.1.7          -> v1.1.7
2026-04-28T21:01:33.2792860Z  * [new tag]           v1.1.8          -> v1.1.8
2026-04-28T21:01:33.2793115Z  * [new tag]           v1.1.9          -> v1.1.9
2026-04-28T21:01:33.2793378Z  * [new tag]           v1.3.0          -> v1.3.0
2026-04-28T21:01:33.2793642Z  * [new tag]           v1.3.1          -> v1.3.1
2026-04-28T21:01:33.2793896Z  * [new tag]           v1.3.10         -> v1.3.10
2026-04-28T21:01:33.2794393Z  * [new tag]           v1.3.11         -> v1.3.11
2026-04-28T21:01:33.2794806Z  * [new tag]           v1.3.11-build.2 -> v1.3.11-build.2
2026-04-28T21:01:33.2795095Z  * [new tag]           v1.3.12         -> v1.3.12
2026-04-28T21:01:33.2795368Z  * [new tag]           v1.3.13         -> v1.3.13
2026-04-28T21:01:33.2795656Z  * [new tag]           v1.3.13-build.2 -> v1.3.13-build.2
2026-04-28T21:01:33.2795961Z  * [new tag]           v1.3.14         -> v1.3.14
2026-04-28T21:01:33.2796230Z  * [new tag]           v1.3.15         -> v1.3.15
2026-04-28T21:01:33.2796495Z  * [new tag]           v1.3.16         -> v1.3.16
2026-04-28T21:01:33.2796767Z  * [new tag]           v1.3.17         -> v1.3.17
2026-04-28T21:01:33.2797022Z  * [new tag]           v1.3.18         -> v1.3.18
2026-04-28T21:01:33.2797283Z  * [new tag]           v1.3.19         -> v1.3.19
2026-04-28T21:01:33.2797555Z  * [new tag]           v1.3.2          -> v1.3.2
2026-04-28T21:01:33.2797816Z  * [new tag]           v1.3.20         -> v1.3.20
2026-04-28T21:01:33.2798095Z  * [new tag]           v1.3.21         -> v1.3.21
2026-04-28T21:01:33.2798374Z  * [new tag]           v1.3.22         -> v1.3.22
2026-04-28T21:01:33.2798641Z  * [new tag]           v1.3.23         -> v1.3.23
2026-04-28T21:01:33.2798906Z  * [new tag]           v1.3.24         -> v1.3.24
2026-04-28T21:01:33.2799182Z  * [new tag]           v1.3.25         -> v1.3.25
2026-04-28T21:01:33.2799438Z  * [new tag]           v1.3.26         -> v1.3.26
2026-04-28T21:01:33.2799704Z  * [new tag]           v1.3.27         -> v1.3.27
2026-04-28T21:01:33.2799971Z  * [new tag]           v1.3.28         -> v1.3.28
2026-04-28T21:01:33.2800415Z  * [new tag]           v1.3.29         -> v1.3.29
2026-04-28T21:01:33.2800683Z  * [new tag]           v1.3.3          -> v1.3.3
2026-04-28T21:01:33.2800955Z  * [new tag]           v1.3.30         -> v1.3.30
2026-04-28T21:01:33.2801221Z  * [new tag]           v1.3.31         -> v1.3.31
2026-04-28T21:01:33.2801480Z  * [new tag]           v1.3.32         -> v1.3.32
2026-04-28T21:01:33.2801764Z  * [new tag]           v1.3.33         -> v1.3.33
2026-04-28T21:01:33.2802030Z  * [new tag]           v1.3.34         -> v1.3.34
2026-04-28T21:01:33.2802288Z  * [new tag]           v1.3.35         -> v1.3.35
2026-04-28T21:01:33.2802553Z  * [new tag]           v1.3.36         -> v1.3.36
2026-04-28T21:01:33.2802819Z  * [new tag]           v1.3.37         -> v1.3.37
2026-04-28T21:01:33.2803075Z  * [new tag]           v1.3.38         -> v1.3.38
2026-04-28T21:01:33.2803340Z  * [new tag]           v1.3.39         -> v1.3.39
2026-04-28T21:01:33.2803608Z  * [new tag]           v1.3.4          -> v1.3.4
2026-04-28T21:01:33.2803865Z  * [new tag]           v1.3.40         -> v1.3.40
2026-04-28T21:01:33.2804135Z  * [new tag]           v1.3.41         -> v1.3.41
2026-04-28T21:01:33.2804397Z  * [new tag]           v1.3.42         -> v1.3.42
2026-04-28T21:01:33.2804665Z  * [new tag]           v1.3.43         -> v1.3.43
2026-04-28T21:01:33.2804922Z  * [new tag]           v1.3.44         -> v1.3.44
2026-04-28T21:01:33.2805196Z  * [new tag]           v1.3.45         -> v1.3.45
2026-04-28T21:01:33.2805460Z  * [new tag]           v1.3.46         -> v1.3.46
2026-04-28T21:01:33.2805718Z  * [new tag]           v1.3.47         -> v1.3.47
2026-04-28T21:01:33.2805981Z  * [new tag]           v1.3.48         -> v1.3.48
2026-04-28T21:01:33.2806244Z  * [new tag]           v1.3.49         -> v1.3.49
2026-04-28T21:01:33.2806508Z  * [new tag]           v1.3.5          -> v1.3.5
2026-04-28T21:01:33.2806798Z  * [new tag]           v1.3.5-build.2  -> v1.3.5-build.2
2026-04-28T21:01:33.2807090Z  * [new tag]           v1.3.50         -> v1.3.50
2026-04-28T21:01:33.2807351Z  * [new tag]           v1.3.51         -> v1.3.51
2026-04-28T21:01:33.2807614Z  * [new tag]           v1.3.52         -> v1.3.52
2026-04-28T21:01:33.2807879Z  * [new tag]           v1.3.53         -> v1.3.53
2026-04-28T21:01:33.2808138Z  * [new tag]           v1.3.54         -> v1.3.54
2026-04-28T21:01:33.2808544Z  * [new tag]           v1.3.55         -> v1.3.55
2026-04-28T21:01:33.2808930Z  * [new tag]           v1.3.56         -> v1.3.56
2026-04-28T21:01:33.2809199Z  * [new tag]           v1.3.57         -> v1.3.57
2026-04-28T21:01:33.2809459Z  * [new tag]           v1.3.58         -> v1.3.58
2026-04-28T21:01:33.2809724Z  * [new tag]           v1.3.59         -> v1.3.59
2026-04-28T21:01:33.2809991Z  * [new tag]           v1.3.6          -> v1.3.6
2026-04-28T21:01:33.2810439Z  * [new tag]           v1.3.60         -> v1.3.60
2026-04-28T21:01:33.2810711Z  * [new tag]           v1.3.61         -> v1.3.61
2026-04-28T21:01:33.2810977Z  * [new tag]           v1.3.62         -> v1.3.62
2026-04-28T21:01:33.2811233Z  * [new tag]           v1.3.7          -> v1.3.7
2026-04-28T21:01:33.2811496Z  * [new tag]           v1.3.8          -> v1.3.8
2026-04-28T21:01:33.2811766Z  * [new tag]           v1.3.9          -> v1.3.9
2026-04-28T21:01:33.2812023Z  * [new tag]           v1.4.40         -> v1.4.40
2026-04-28T21:01:33.2812300Z  * [new tag]           v1.5.0          -> v1.5.0
2026-04-28T21:01:33.2812573Z  * [new tag]           v1.5.2          -> v1.5.2
2026-04-28T21:01:33.2812830Z  * [new tag]           v1.5.3          -> v1.5.3
2026-04-28T21:01:33.2813096Z  * [new tag]           v1.6.0          -> v1.6.0
2026-04-28T21:01:33.2813362Z  * [new tag]           v1.7.0          -> v1.7.0
2026-04-28T21:01:33.2813627Z  * [new tag]           v1.7.37         -> v1.7.37
2026-04-28T21:01:33.2813888Z  * [new tag]           v1.7.38         -> v1.7.38
2026-04-28T21:01:33.2814150Z  * [new tag]           v1.7.39         -> v1.7.39
2026-04-28T21:01:33.2814416Z  * [new tag]           v1.7.40         -> v1.7.40
2026-04-28T21:01:33.2814675Z  * [new tag]           v1.7.41         -> v1.7.41
2026-04-28T21:01:33.2814938Z  * [new tag]           v1.7.42         -> v1.7.42
2026-04-28T21:01:33.2815203Z  * [new tag]           v1.7.43         -> v1.7.43
2026-04-28T21:01:33.2815461Z  * [new tag]           v1.7.44         -> v1.7.44
2026-04-28T21:01:33.2815732Z  * [new tag]           v1.7.45         -> v1.7.45
2026-04-28T21:01:33.2816006Z  * [new tag]           v1.7.46         -> v1.7.46
2026-04-28T21:01:33.2816278Z  * [new tag]           v1.7.47         -> v1.7.47
2026-04-28T21:01:33.2816539Z  * [new tag]           v1.7.48         -> v1.7.48
2026-04-28T21:01:33.2816800Z  * [new tag]           v1.7.49         -> v1.7.49
2026-04-28T21:01:33.2817059Z  * [new tag]           v1.7.50         -> v1.7.50
2026-04-28T21:01:33.2817323Z  * [new tag]           v1.7.51         -> v1.7.51
2026-04-28T21:01:33.2817591Z  * [new tag]           v1.7.52         -> v1.7.52
2026-04-28T21:01:33.2817855Z  * [new tag]           v1.7.53         -> v1.7.53
2026-04-28T21:01:33.2818109Z  * [new tag]           v1.7.54         -> v1.7.54
2026-04-28T21:01:33.2818373Z  * [new tag]           v1.7.55         -> v1.7.55
2026-04-28T21:01:33.2818646Z  * [new tag]           v1.7.56         -> v1.7.56
2026-04-28T21:01:33.2818901Z  * [new tag]           v1.7.57         -> v1.7.57
2026-04-28T21:01:33.2819169Z  * [new tag]           v1.7.58         -> v1.7.58
2026-04-28T21:01:33.2819440Z  * [new tag]           v1.7.59         -> v1.7.59
2026-04-28T21:01:33.2819695Z  * [new tag]           v1.7.60         -> v1.7.60
2026-04-28T21:01:33.2819954Z  * [new tag]           v1.7.61         -> v1.7.61
2026-04-28T21:01:33.2820390Z  * [new tag]           v1.7.62         -> v1.7.62
2026-04-28T21:01:33.2820652Z  * [new tag]           v1.7.63         -> v1.7.63
2026-04-28T21:01:33.2820917Z  * [new tag]           v1.7.64         -> v1.7.64
2026-04-28T21:01:33.2821178Z  * [new tag]           v1.7.65         -> v1.7.65
2026-04-28T21:01:33.2821432Z  * [new tag]           v1.7.66         -> v1.7.66
2026-04-28T21:01:33.2821691Z  * [new tag]           v1.7.67         -> v1.7.67
2026-04-28T21:01:33.2821947Z  * [new tag]           v1.7.68         -> v1.7.68
2026-04-28T21:01:33.2822211Z  * [new tag]           v1.7.69         -> v1.7.69
2026-04-28T21:01:33.2822486Z  * [new tag]           v1.7.70         -> v1.7.70
2026-04-28T21:01:33.2822882Z  * [new tag]           v1.7.71         -> v1.7.71
2026-04-28T21:01:33.2823258Z  * [new tag]           v1.7.72         -> v1.7.72
2026-04-28T21:01:33.2823538Z  * [new tag]           v1.7.73         -> v1.7.73
2026-04-28T21:01:33.2823808Z  * [new tag]           v1.7.74         -> v1.7.74
2026-04-28T21:01:33.2824067Z  * [new tag]           v1.7.75         -> v1.7.75
2026-04-28T21:01:33.2824333Z  * [new tag]           v1.7.76         -> v1.7.76
2026-04-28T21:01:33.2824602Z  * [new tag]           v1.7.77         -> v1.7.77
2026-04-28T21:01:33.2824867Z  * [new tag]           v1.7.78         -> v1.7.78
2026-04-28T21:01:33.2825166Z  * [new tag]           v1.7.79         -> v1.7.79
2026-04-28T21:01:33.2825435Z  * [new tag]           v1.7.80         -> v1.7.80
2026-04-28T21:01:33.2825695Z  * [new tag]           v1.7.81         -> v1.7.81
2026-04-28T21:01:33.2825962Z  * [new tag]           v1.7.82         -> v1.7.82
2026-04-28T21:01:33.2826227Z  * [new tag]           v1.7.83         -> v1.7.83
2026-04-28T21:01:33.2919881Z [command]/usr/bin/git rev-parse --verify --quiet b04cae34474071c9405bb9d05aec6be6c197abb7^{object}
2026-04-28T21:01:33.2945183Z b04cae34474071c9405bb9d05aec6be6c197abb7
2026-04-28T21:01:33.2949753Z ##[endgroup]
2026-04-28T21:01:33.2950489Z ##[group]Determining the checkout info
2026-04-28T21:01:33.2951640Z ##[endgroup]
2026-04-28T21:01:33.2956164Z [command]/usr/bin/git sparse-checkout disable
2026-04-28T21:01:33.2992570Z [command]/usr/bin/git config --local --unset-all extensions.worktreeConfig
2026-04-28T21:01:33.3018853Z ##[group]Checking out the ref
2026-04-28T21:01:33.3023340Z [command]/usr/bin/git checkout --progress --force b04cae34474071c9405bb9d05aec6be6c197abb7
2026-04-28T21:01:33.5658210Z Note: switching to 'b04cae34474071c9405bb9d05aec6be6c197abb7'.
2026-04-28T21:01:33.5658663Z 
2026-04-28T21:01:33.5658974Z You are in 'detached HEAD' state. You can look around, make experimental
2026-04-28T21:01:33.5659674Z changes and commit them, and you can discard any commits you make in this
2026-04-28T21:01:33.5660609Z state without impacting any branches by switching back to a branch.
2026-04-28T21:01:33.5661035Z 
2026-04-28T21:01:33.5661338Z If you want to create a new branch to retain commits you create, you may
2026-04-28T21:01:33.5662022Z do so (now or later) by using -c with the switch command. Example:
2026-04-28T21:01:33.5662421Z 
2026-04-28T21:01:33.5662567Z   git switch -c <new-branch-name>
2026-04-28T21:01:33.5662867Z 
2026-04-28T21:01:33.5663001Z Or undo this operation with:
2026-04-28T21:01:33.5663235Z 
2026-04-28T21:01:33.5663355Z   git switch -
2026-04-28T21:01:33.5663528Z 
2026-04-28T21:01:33.5663854Z Turn off this advice by setting config variable advice.detachedHead to false
2026-04-28T21:01:33.5664352Z 
2026-04-28T21:01:33.5665115Z HEAD is now at b04cae34 docs(audits): billing schema — Phase 1 STOPPED on wrong premise (#920)
2026-04-28T21:01:33.5693859Z ##[endgroup]
2026-04-28T21:01:33.5736438Z [command]/usr/bin/git log -1 --format=%H
2026-04-28T21:01:33.5760496Z b04cae34474071c9405bb9d05aec6be6c197abb7
2026-04-28T21:01:33.5875043Z ##[group]Run set -euo pipefail
2026-04-28T21:01:33.5875354Z [36;1mset -euo pipefail[0m
2026-04-28T21:01:33.5875685Z [36;1m# Switch off the detached merge-sha checkout onto a local branch[0m
2026-04-28T21:01:33.5876129Z [36;1m# tracking main so the later `git push HEAD:main` has somewhere[0m
2026-04-28T21:01:33.5876553Z [36;1m# to go. Fetch the latest main first so we bump from the tip the[0m
2026-04-28T21:01:33.5876985Z [36;1m# push will target — otherwise a concurrent PR's bump from a[0m
2026-04-28T21:01:33.5877398Z [36;1m# queued run ahead of us would get overwritten.[0m
2026-04-28T21:01:33.5877760Z [36;1mgit fetch origin main[0m
2026-04-28T21:01:33.5878006Z [36;1mgit checkout -B main origin/main[0m
2026-04-28T21:01:33.5878251Z [36;1m[0m
2026-04-28T21:01:33.5878596Z [36;1mCURRENT_CODE=$(grep -oP 'versionCode\s*=\s*\K[0-9]+' app/build.gradle.kts | head -1)[0m
2026-04-28T21:01:33.5879015Z [36;1mNEW_CODE=$(( CURRENT_CODE + 1 ))[0m
2026-04-28T21:01:33.5879597Z [36;1msed -i "s/versionCode = [0-9]*/versionCode = $NEW_CODE/" app/build.gradle.kts[0m
2026-04-28T21:01:33.5879959Z [36;1m[0m
2026-04-28T21:01:33.5880582Z [36;1mCURRENT_NAME=$(grep -oP 'versionName\s*=\s*"\K[^"]+' app/build.gradle.kts | head -1)[0m
2026-04-28T21:01:33.5881042Z [36;1mMAJOR=$(echo "$CURRENT_NAME" | cut -d. -f1)[0m
2026-04-28T21:01:33.5881360Z [36;1mMINOR=$(echo "$CURRENT_NAME" | cut -d. -f2)[0m
2026-04-28T21:01:33.5881648Z [36;1mPATCH=$(echo "$CURRENT_NAME" | cut -d. -f3)[0m
2026-04-28T21:01:33.5881934Z [36;1mNEW_PATCH=$(( PATCH + 1 ))[0m
2026-04-28T21:01:33.5882212Z [36;1mNEW_NAME="${MAJOR}.${MINOR}.${NEW_PATCH}"[0m
2026-04-28T21:01:33.5882669Z [36;1msed -i "s/versionName = \"${CURRENT_NAME}\"/versionName = \"${NEW_NAME}\"/" app/build.gradle.kts[0m
2026-04-28T21:01:33.5883095Z [36;1m[0m
2026-04-28T21:01:33.5883333Z [36;1mecho "version_name=$NEW_NAME" >> "$GITHUB_OUTPUT"[0m
2026-04-28T21:01:33.5883665Z [36;1mecho "version_code=$NEW_CODE" >> "$GITHUB_OUTPUT"[0m
2026-04-28T21:01:33.5884013Z [36;1mecho "Bumping to v$NEW_NAME (build $NEW_CODE)"[0m
2026-04-28T21:01:33.5907154Z shell: /usr/bin/bash -e {0}
2026-04-28T21:01:33.5907399Z ##[endgroup]
2026-04-28T21:01:33.7460938Z From https://github.com/averycorp/prismTask
2026-04-28T21:01:33.7461496Z  * branch              main       -> FETCH_HEAD
2026-04-28T21:01:33.9338384Z Switched to a new branch 'main'
2026-04-28T21:01:33.9341004Z branch 'main' set up to track 'origin/main'.
2026-04-28T21:01:33.9481440Z Bumping to v1.7.84 (build 784)
2026-04-28T21:01:33.9531693Z ##[group]Run set -euo pipefail
2026-04-28T21:01:33.9532013Z [36;1mset -euo pipefail[0m
2026-04-28T21:01:33.9532385Z [36;1mgit config --local user.email "github-actions[bot]@users.noreply.github.com"[0m
2026-04-28T21:01:33.9532862Z [36;1mgit config --local user.name "github-actions[bot]"[0m
2026-04-28T21:01:33.9533181Z [36;1mgit add app/build.gradle.kts[0m
2026-04-28T21:01:33.9533464Z [36;1mif git diff --cached --quiet; then[0m
2026-04-28T21:01:33.9533754Z [36;1m  echo "No version bump to commit"[0m
2026-04-28T21:01:33.9533997Z [36;1m  exit 0[0m
2026-04-28T21:01:33.9534175Z [36;1mfi[0m
2026-04-28T21:01:33.9534446Z [36;1mgit commit -m "chore: bump to v1.7.84 (build 784) [skip ci]"[0m
2026-04-28T21:01:33.9534893Z [36;1m# Another PR merge can push to main while this job is running,[0m
2026-04-28T21:01:33.9535309Z [36;1m# so a straight `git push` here races and silently loses the[0m
2026-04-28T21:01:33.9535791Z [36;1m# bump commit. Rebase onto the current main tip and retry on rejection.[0m
2026-04-28T21:01:33.9536171Z [36;1mfor attempt in 1 2 3 4 5; do[0m
2026-04-28T21:01:33.9536440Z [36;1m  if git push origin HEAD:main; then[0m
2026-04-28T21:01:33.9536757Z [36;1m    echo "Pushed version bump on attempt $attempt"[0m
2026-04-28T21:01:33.9537044Z [36;1m    exit 0[0m
2026-04-28T21:01:33.9537227Z [36;1m  fi[0m
2026-04-28T21:01:33.9537540Z [36;1m  echo "Push rejected on attempt $attempt; rebasing onto origin/main and retrying"[0m
2026-04-28T21:01:33.9537942Z [36;1m  git fetch origin main[0m
2026-04-28T21:01:33.9538186Z [36;1m  if ! git rebase origin/main; then[0m
2026-04-28T21:01:33.9538453Z [36;1m    git rebase --abort || true[0m
2026-04-28T21:01:33.9538816Z [36;1m    echo "::error::Rebase conflict while replaying version bump; aborting."[0m
2026-04-28T21:01:33.9539168Z [36;1m    exit 1[0m
2026-04-28T21:01:33.9539355Z [36;1m  fi[0m
2026-04-28T21:01:33.9539545Z [36;1m  sleep $((attempt * 2))[0m
2026-04-28T21:01:33.9539773Z [36;1mdone[0m
2026-04-28T21:01:33.9540045Z [36;1mecho "::error::Failed to push version bump after 5 attempts."[0m
2026-04-28T21:01:33.9540651Z [36;1mexit 1[0m
2026-04-28T21:01:33.9562441Z shell: /usr/bin/bash -e {0}
2026-04-28T21:01:33.9562673Z ##[endgroup]
2026-04-28T21:01:34.1493777Z [main 629355ee] chore: bump to v1.7.84 (build 784) [skip ci]
2026-04-28T21:01:34.1494373Z  1 file changed, 2 insertions(+), 2 deletions(-)
2026-04-28T21:01:34.2591807Z remote: Permission to averycorp/prismTask.git denied to akarlin3.
2026-04-28T21:01:34.2593179Z fatal: unable to access 'https://github.com/averycorp/prismTask/': The requested URL returned error: 403
2026-04-28T21:01:34.2611564Z Push rejected on attempt 1; rebasing onto origin/main and retrying
2026-04-28T21:01:34.4008413Z From https://github.com/averycorp/prismTask
2026-04-28T21:01:34.4008965Z  * branch              main       -> FETCH_HEAD
2026-04-28T21:01:34.4103912Z Current branch main is up to date.
2026-04-28T21:01:36.5131533Z remote: Permission to averycorp/prismTask.git denied to akarlin3.
2026-04-28T21:01:36.5132514Z fatal: unable to access 'https://github.com/averycorp/prismTask/': The requested URL returned error: 403
2026-04-28T21:01:36.5150883Z Push rejected on attempt 2; rebasing onto origin/main and retrying
2026-04-28T21:01:36.6775855Z From https://github.com/averycorp/prismTask
2026-04-28T21:01:36.6776405Z  * branch              main       -> FETCH_HEAD
2026-04-28T21:01:36.6871659Z Current branch main is up to date.
2026-04-28T21:01:40.7939321Z remote: Permission to averycorp/prismTask.git denied to akarlin3.
2026-04-28T21:01:40.7940385Z fatal: unable to access 'https://github.com/averycorp/prismTask/': The requested URL returned error: 403
2026-04-28T21:01:40.7959599Z Push rejected on attempt 3; rebasing onto origin/main and retrying
2026-04-28T21:01:40.9583078Z From https://github.com/averycorp/prismTask
2026-04-28T21:01:40.9583629Z  * branch              main       -> FETCH_HEAD
2026-04-28T21:01:40.9681854Z Current branch main is up to date.
2026-04-28T21:01:47.0784570Z remote: Permission to averycorp/prismTask.git denied to akarlin3.
2026-04-28T21:01:47.0785237Z fatal: unable to access 'https://github.com/averycorp/prismTask/': The requested URL returned error: 403
2026-04-28T21:01:47.0804721Z Push rejected on attempt 4; rebasing onto origin/main and retrying
2026-04-28T21:01:47.2332132Z From https://github.com/averycorp/prismTask
2026-04-28T21:01:47.2332682Z  * branch              main       -> FETCH_HEAD
2026-04-28T21:01:47.2429180Z Current branch main is up to date.
2026-04-28T21:01:55.3381546Z remote: Permission to averycorp/prismTask.git denied to akarlin3.
2026-04-28T21:01:55.3382496Z fatal: unable to access 'https://github.com/averycorp/prismTask/': The requested URL returned error: 403
2026-04-28T21:01:55.3404057Z Push rejected on attempt 5; rebasing onto origin/main and retrying
2026-04-28T21:01:55.5031114Z From https://github.com/averycorp/prismTask
2026-04-28T21:01:55.5031506Z  * branch              main       -> FETCH_HEAD
2026-04-28T21:01:55.5131473Z Current branch main is up to date.
2026-04-28T21:02:05.5189502Z ##[error]Failed to push version bump after 5 attempts.
2026-04-28T21:02:05.5198081Z ##[error]Process completed with exit code 1.
2026-04-28T21:02:05.5305947Z Post job cleanup.
2026-04-28T21:02:05.6304396Z [command]/usr/bin/git version
2026-04-28T21:02:05.6349214Z git version 2.53.0
2026-04-28T21:02:05.6391152Z Temporarily overriding HOME='/home/runner/work/_temp/6bb3a75a-7813-4561-aa84-f2800b619c06' before making global git config changes
2026-04-28T21:02:05.6392452Z Adding repository directory to the temporary git global config as a safe directory
2026-04-28T21:02:05.6397630Z [command]/usr/bin/git config --global --add safe.directory /home/runner/work/prismTask/prismTask
2026-04-28T21:02:05.6434420Z [command]/usr/bin/git config --local --name-only --get-regexp core\.sshCommand
2026-04-28T21:02:05.6470930Z [command]/usr/bin/git submodule foreach --recursive sh -c "git config --local --name-only --get-regexp 'core\.sshCommand' && git config --local --unset-all 'core.sshCommand' || :"
2026-04-28T21:02:05.6710103Z [command]/usr/bin/git config --local --name-only --get-regexp http\.https\:\/\/github\.com\/\.extraheader
2026-04-28T21:02:05.6733427Z http.https://github.com/.extraheader
2026-04-28T21:02:05.6745914Z [command]/usr/bin/git config --local --unset-all http.https://github.com/.extraheader
2026-04-28T21:02:05.6777345Z [command]/usr/bin/git submodule foreach --recursive sh -c "git config --local --name-only --get-regexp 'http\.https\:\/\/github\.com\/\.extraheader' && git config --local --unset-all 'http.https://github.com/.extraheader' || :"
2026-04-28T21:02:05.7011379Z [command]/usr/bin/git config --local --name-only --get-regexp ^includeIf\.gitdir:
2026-04-28T21:02:05.7044455Z [command]/usr/bin/git submodule foreach --recursive git config --local --show-origin --name-only --get-regexp remote.origin.url
2026-04-28T21:02:05.7423274Z Cleaning up orphan processes
2026-04-28T21:02:05.7745201Z ##[warning]Node.js 20 actions are deprecated. The following actions are running on Node.js 20 and may not work as expected: actions/checkout@v4. Actions will be forced to run with Node.js 24 by default starting June 2nd, 2026. Node.js 20 will be removed from the runner on September 16th, 2026. Please check if updated versions of these actions are available that support Node.js 24. To opt into Node.js 24 now, set the FORCE_JAVASCRIPT_ACTIONS_TO_NODE24=true environment variable on the runner or in your workflow file. Once Node.js 24 becomes the default, you can temporarily opt out by setting ACTIONS_ALLOW_USE_UNSECURE_NODE_VERSION=true. For more information see: https://github.blog/changelog/2025-09-19-deprecation-of-node-20-on-github-actions-runners/
