=== CI FAILURE ===
Workflow:      Version Bump & Tag
Workflow file: averycorp/prismTask/.github/workflows/version-bump-and-tag.yml@refs/heads/main
Job(s):        Version Bump & Tag
Run ID:        25096474722
Run attempt:   1
Run URL:       https://github.com/averycorp/prismTask/actions/runs/25096474722
Commit:        1c4722a5741b646768765e9bd1edea535aa89e97
Branch:        main
Event:         workflow_run
Actor:         akarlin3
Runner OS:     Linux
Timestamp:     2026-04-29T07:44:56.331Z

Failed steps:
  - Version Bump & Tag: #6 Commit version bump

=== FAILED JOB LOG ===

--- Job: Version Bump & Tag (id 73535864391) ---
2026-04-29T07:43:54.3449285Z Current runner version: '2.334.0'
2026-04-29T07:43:54.3472592Z ##[group]Runner Image Provisioner
2026-04-29T07:43:54.3473901Z Hosted Compute Agent
2026-04-29T07:43:54.3474528Z Version: 20260213.493
2026-04-29T07:43:54.3475175Z Commit: 5c115507f6dd24b8de37d8bbe0bb4509d0cc0fa3
2026-04-29T07:43:54.3475841Z Build Date: 2026-02-13T00:28:41Z
2026-04-29T07:43:54.3476532Z Worker ID: {09f30273-0387-4a20-ac5c-e9379bed5bdc}
2026-04-29T07:43:54.3477258Z Azure Region: eastus
2026-04-29T07:43:54.3477770Z ##[endgroup]
2026-04-29T07:43:54.3479271Z ##[group]Operating System
2026-04-29T07:43:54.3479839Z Ubuntu
2026-04-29T07:43:54.3480310Z 24.04.4
2026-04-29T07:43:54.3480797Z LTS
2026-04-29T07:43:54.3481276Z ##[endgroup]
2026-04-29T07:43:54.3481774Z ##[group]Runner Image
2026-04-29T07:43:54.3482364Z Image: ubuntu-24.04
2026-04-29T07:43:54.3482870Z Version: 20260413.86.1
2026-04-29T07:43:54.3484274Z Included Software: https://github.com/actions/runner-images/blob/ubuntu24/20260413.86/images/ubuntu/Ubuntu2404-Readme.md
2026-04-29T07:43:54.3485850Z Image Release: https://github.com/actions/runner-images/releases/tag/ubuntu24%2F20260413.86
2026-04-29T07:43:54.3486732Z ##[endgroup]
2026-04-29T07:43:54.3487980Z ##[group]GITHUB_TOKEN Permissions
2026-04-29T07:43:54.3490072Z Actions: write
2026-04-29T07:43:54.3490574Z Contents: write
2026-04-29T07:43:54.3491220Z Metadata: read
2026-04-29T07:43:54.3491694Z PullRequests: read
2026-04-29T07:43:54.3492204Z ##[endgroup]
2026-04-29T07:43:54.3494527Z Secret source: Actions
2026-04-29T07:43:54.3495458Z Prepare workflow directory
2026-04-29T07:43:54.3821388Z Prepare all required actions
2026-04-29T07:43:54.3859135Z Getting action download info
2026-04-29T07:43:54.6815329Z Download action repository 'actions/checkout@v4' (SHA:34e114876b0b11c390a56381ad16ebd13914f8d5)
2026-04-29T07:43:54.9146841Z Complete job name: Version Bump & Tag
2026-04-29T07:43:54.9818951Z ##[group]Run set -euo pipefail
2026-04-29T07:43:54.9819620Z [36;1mset -euo pipefail[0m
2026-04-29T07:43:54.9820192Z [36;1mif [ "$EVENT_NAME" = "workflow_dispatch" ]; then[0m
2026-04-29T07:43:54.9820979Z [36;1m  # Manual dispatch path — use the input if provided, otherwise[0m
2026-04-29T07:43:54.9821751Z [36;1m  # walk the latest merged PR on main and target that.[0m
2026-04-29T07:43:54.9822416Z [36;1m  if [ -n "$DISPATCH_PR" ]; then[0m
2026-04-29T07:43:54.9823241Z [36;1m    echo "pr_number=$DISPATCH_PR" >> "$GITHUB_OUTPUT"[0m
2026-04-29T07:43:54.9823910Z [36;1m    echo "found=true" >> "$GITHUB_OUTPUT"[0m
2026-04-29T07:43:54.9824612Z [36;1m    echo "Using PR #$DISPATCH_PR from dispatch input."[0m
2026-04-29T07:43:54.9825268Z [36;1m    exit 0[0m
2026-04-29T07:43:54.9825709Z [36;1m  fi[0m
2026-04-29T07:43:54.9826273Z [36;1m  PR_NUMBER=$(gh pr list --repo "$REPO" --state merged --base main \[0m
2026-04-29T07:43:54.9827088Z [36;1m    --limit 1 --json number -q '.[0].number // empty')[0m
2026-04-29T07:43:54.9827704Z [36;1m  if [ -z "$PR_NUMBER" ]; then[0m
2026-04-29T07:43:54.9828428Z [36;1m    echo "::warning::No merged PRs found on main. Cannot resolve PR; skipping."[0m
2026-04-29T07:43:54.9829220Z [36;1m    echo "found=false" >> "$GITHUB_OUTPUT"[0m
2026-04-29T07:43:54.9829750Z [36;1m    exit 0[0m
2026-04-29T07:43:54.9830147Z [36;1m  fi[0m
2026-04-29T07:43:54.9830675Z [36;1m  echo "pr_number=$PR_NUMBER" >> "$GITHUB_OUTPUT"[0m
2026-04-29T07:43:54.9831296Z [36;1m  echo "found=true" >> "$GITHUB_OUTPUT"[0m
2026-04-29T07:43:54.9832032Z [36;1m  echo "Resolved most-recent merged PR #$PR_NUMBER for dispatch run."[0m
2026-04-29T07:43:54.9832708Z [36;1m  exit 0[0m
2026-04-29T07:43:54.9833215Z [36;1mfi[0m
2026-04-29T07:43:54.9833590Z [36;1m[0m
2026-04-29T07:43:54.9834064Z [36;1m# Path 1 — fast path: pull_requests was populated.[0m
2026-04-29T07:43:54.9834820Z [36;1mPR_NUMBER=$(echo "$PR_JSON" | jq -r '.[0].number // empty')[0m
2026-04-29T07:43:54.9835472Z [36;1mif [ -n "$PR_NUMBER" ]; then[0m
2026-04-29T07:43:54.9836037Z [36;1m  echo "pr_number=$PR_NUMBER" >> "$GITHUB_OUTPUT"[0m
2026-04-29T07:43:54.9836664Z [36;1m  echo "found=true" >> "$GITHUB_OUTPUT"[0m
2026-04-29T07:43:54.9837568Z [36;1m  echo "Resolved PR #$PR_NUMBER from workflow_run payload."[0m
2026-04-29T07:43:54.9838391Z [36;1m  exit 0[0m
2026-04-29T07:43:54.9838952Z [36;1mfi[0m
2026-04-29T07:43:54.9839567Z [36;1m[0m
2026-04-29T07:43:54.9840091Z [36;1m# Path 2 — fallback: look the PR up by HEAD SHA. Works in both[0m
2026-04-29T07:43:54.9840892Z [36;1m# the pre-merge case (auto-merge.yml fires before the squash[0m
2026-04-29T07:43:54.9841667Z [36;1m# actually happens; the open PR still has this commit at its[0m
2026-04-29T07:43:54.9842451Z [36;1m# head) and the post-merge case (GitHub keeps the commit→PR[0m
2026-04-29T07:43:54.9843383Z [36;1m# mapping after squash, so we still resolve correctly even if[0m
2026-04-29T07:43:54.9844208Z [36;1m# the source branch was deleted). The downstream "Wait for PR[0m
2026-04-29T07:43:54.9844974Z [36;1m# to merge" step handles the timing — we only need the PR[0m
2026-04-29T07:43:54.9845633Z [36;1m# number here, not its merge state.[0m
2026-04-29T07:43:54.9846147Z [36;1m#[0m
2026-04-29T07:43:54.9846676Z [36;1m# Deliberately NOT falling back to "most recent merged PR" —[0m
2026-04-29T07:43:54.9847444Z [36;1m# that race-condition-bumps a previously-merged PR if[0m
2026-04-29T07:43:54.9848145Z [36;1m# workflow_run fires before the queued merge lands.[0m
2026-04-29T07:43:54.9848740Z [36;1mif [ -z "$HEAD_SHA" ]; then[0m
2026-04-29T07:43:54.9849459Z [36;1m  echo "::warning::workflow_run.head_sha is empty; cannot resolve PR. Skipping."[0m
2026-04-29T07:43:54.9850252Z [36;1m  echo "found=false" >> "$GITHUB_OUTPUT"[0m
2026-04-29T07:43:54.9850784Z [36;1m  exit 0[0m
2026-04-29T07:43:54.9851148Z [36;1mfi[0m
2026-04-29T07:43:54.9851689Z [36;1m# Capture the API response separately instead of piping through[0m
2026-04-29T07:43:54.9852696Z [36;1m# `gh api --jq` directly. Under `set -euo pipefail`, an empty or[0m
2026-04-29T07:43:54.9853680Z [36;1m# non-JSON response body crashes the embedded jq with[0m
2026-04-29T07:43:54.9854436Z [36;1m# `unexpected end of JSON input` and aborts the whole script[0m
2026-04-29T07:43:54.9855266Z [36;1m# before the empty-result branch below can fire — observed on[0m
2026-04-29T07:43:54.9856081Z [36;1m# PR #857's post-merge run, which silently dropped the version[0m
2026-04-29T07:43:54.9856893Z [36;1m# bump on the floor. The retry loop covers the indexing-lag[0m
2026-04-29T07:43:54.9857697Z [36;1m# window where `commits/{sha}/pulls` returns `[]` for a few[0m
2026-04-29T07:43:54.9858385Z [36;1m# seconds after the squash-merge push lands.[0m
2026-04-29T07:43:54.9858940Z [36;1mPR_NUMBER=""[0m
2026-04-29T07:43:54.9859363Z [36;1mfor attempt in 1 2 3; do[0m
2026-04-29T07:43:54.9859856Z [36;1m  RESPONSE=$(gh api \[0m
2026-04-29T07:43:54.9860383Z [36;1m    "repos/$REPO/commits/$HEAD_SHA/pulls" \[0m
2026-04-29T07:43:54.9861123Z [36;1m    -H "Accept: application/vnd.github+json" 2>/dev/null || echo "[]")[0m
2026-04-29T07:43:54.9861895Z [36;1m  PR_NUMBER=$(printf '%s' "$RESPONSE" | jq -r '[0m
2026-04-29T07:43:54.9862519Z [36;1m    if type == "array" and length > 0 then[0m
2026-04-29T07:43:54.9863354Z [36;1m      (sort_by(.number) | reverse | .[0].number // empty)[0m
2026-04-29T07:43:54.9863959Z [36;1m    else empty end[0m
2026-04-29T07:43:54.9864420Z [36;1m  ' 2>/dev/null || echo "")[0m
2026-04-29T07:43:54.9864971Z [36;1m  [ -n "$PR_NUMBER" ] && break[0m
2026-04-29T07:43:54.9865768Z [36;1m  echo "commits/$HEAD_SHA/pulls returned no PR (attempt $attempt/3); sleeping 5s..."[0m
2026-04-29T07:43:54.9866515Z [36;1m  sleep 5[0m
2026-04-29T07:43:54.9866905Z [36;1mdone[0m
2026-04-29T07:43:54.9867300Z [36;1mif [ -z "$PR_NUMBER" ]; then[0m
2026-04-29T07:43:54.9868135Z [36;1m  echo "::warning::No PR found for commit $HEAD_SHA via commits/{sha}/pulls after 3 attempts. Skipping."[0m
2026-04-29T07:43:54.9869041Z [36;1m  echo "found=false" >> "$GITHUB_OUTPUT"[0m
2026-04-29T07:43:54.9869576Z [36;1m  exit 0[0m
2026-04-29T07:43:54.9869951Z [36;1mfi[0m
2026-04-29T07:43:54.9870580Z [36;1mecho "pr_number=$PR_NUMBER" >> "$GITHUB_OUTPUT"[0m
2026-04-29T07:43:54.9871195Z [36;1mecho "found=true" >> "$GITHUB_OUTPUT"[0m
2026-04-29T07:43:54.9871918Z [36;1mecho "Resolved PR #$PR_NUMBER from commits/$HEAD_SHA/pulls fallback."[0m
2026-04-29T07:43:54.9896964Z shell: /usr/bin/bash -e {0}
2026-04-29T07:43:54.9897713Z env:
2026-04-29T07:43:54.9898278Z   GH_TOKEN: ***
2026-04-29T07:43:54.9898691Z   REPO: averycorp/prismTask
2026-04-29T07:43:54.9899152Z   EVENT_NAME: workflow_run
2026-04-29T07:43:54.9902208Z   PR_JSON: [
  {
    "base": {
      "ref": "main",
      "repo": {
        "id": 1201449451,
        "name": "prismTask",
        "url": "https://api.github.com/repos/averycorp/prismTask"
      },
      "sha": "1c4722a5741b646768765e9bd1edea535aa89e97"
    },
    "head": {
      "ref": "fix/sync-reconnect-and-periodic",
      "repo": {
        "id": 1201449451,
        "name": "prismTask",
        "url": "https://api.github.com/repos/averycorp/prismTask"
      },
      "sha": "764d1a63297b1abbc64e436316431838d2db0ffe"
    },
    "id": 3600607153,
    "number": 944,
    "url": "https://api.github.com/repos/averycorp/prismTask/pulls/944"
  }
]
2026-04-29T07:43:54.9905520Z   HEAD_SHA: 764d1a63297b1abbc64e436316431838d2db0ffe
2026-04-29T07:43:54.9906062Z   DISPATCH_PR: 
2026-04-29T07:43:54.9906439Z ##[endgroup]
2026-04-29T07:43:55.0055411Z Resolved PR #944 from workflow_run payload.
2026-04-29T07:43:55.0178618Z ##[group]Run set -euo pipefail
2026-04-29T07:43:55.0179204Z [36;1mset -euo pipefail[0m
2026-04-29T07:43:55.0179821Z [36;1m# gh pr merge --auto may queue the merge until required checks[0m
2026-04-29T07:43:55.0180584Z [36;1m# pass. Poll until MERGED, CLOSED, or timeout.[0m
2026-04-29T07:43:55.0181148Z [36;1m#[0m
2026-04-29T07:43:55.0181695Z [36;1m# Audit PR #876 → CI pathway efficiency: ceiling raised[0m
2026-04-29T07:43:55.0182471Z [36;1m# 60→120 attempts × 10s = 20 min. Real Android PRs (PR #851[0m
2026-04-29T07:43:55.0183661Z [36;1m# took 37 min from open to merge; PR #859 took 14 min) can[0m
2026-04-29T07:43:55.0184444Z [36;1m# exceed the prior 10-min ceiling because auto-merge.yml[0m
2026-04-29T07:43:55.0185208Z [36;1m# queues on slow lane completion. A silently-dropped bump[0m
2026-04-29T07:43:55.0186003Z [36;1m# (memory `feedback_skip_ci_blocks_tag_release.md`) requires a[0m
2026-04-29T07:43:55.0186829Z [36;1m# manual `gh workflow run release.yml --ref vX.Y.Z` re-fire,[0m
2026-04-29T07:43:55.0187594Z [36;1m# which is a real recovery cost. 20 min covers all observed[0m
2026-04-29T07:43:55.0188317Z [36;1m# PR lifecycles in the audit window without expanding[0m
2026-04-29T07:43:55.0189053Z [36;1m# workflow_run resource cost meaningfully (idle polling).[0m
2026-04-29T07:43:55.0189687Z [36;1mfor i in $(seq 1 120); do[0m
2026-04-29T07:43:55.0190343Z [36;1m  STATE=$(gh pr view "$PR_NUMBER" --repo "$REPO" --json state -q '.state')[0m
2026-04-29T07:43:55.0191078Z [36;1m  case "$STATE" in[0m
2026-04-29T07:43:55.0191572Z [36;1m    MERGED)[0m
2026-04-29T07:43:55.0192288Z [36;1m      MERGE_SHA=$(gh pr view "$PR_NUMBER" --repo "$REPO" --json mergeCommit -q '.mergeCommit.oid')[0m
2026-04-29T07:43:55.0193426Z [36;1m      echo "merged=true" >> "$GITHUB_OUTPUT"[0m
2026-04-29T07:43:55.0194093Z [36;1m      echo "merge_sha=$MERGE_SHA" >> "$GITHUB_OUTPUT"[0m
2026-04-29T07:43:55.0194711Z [36;1m      echo "PR merged at $MERGE_SHA"[0m
2026-04-29T07:43:55.0195282Z [36;1m      exit 0[0m
2026-04-29T07:43:55.0195728Z [36;1m      ;;[0m
2026-04-29T07:43:55.0196106Z [36;1m    CLOSED)[0m
2026-04-29T07:43:55.0196574Z [36;1m      echo "merged=false" >> "$GITHUB_OUTPUT"[0m
2026-04-29T07:43:55.0197226Z [36;1m      echo "PR closed without merging — skipping bump."[0m
2026-04-29T07:43:55.0197812Z [36;1m      exit 0[0m
2026-04-29T07:43:55.0198202Z [36;1m      ;;[0m
2026-04-29T07:43:55.0198580Z [36;1m    *)[0m
2026-04-29T07:43:55.0199083Z [36;1m      echo "PR state=$STATE (attempt $i/120); sleeping 10s..."[0m
2026-04-29T07:43:55.0199695Z [36;1m      sleep 10[0m
2026-04-29T07:43:55.0200308Z [36;1m      ;;[0m
2026-04-29T07:43:55.0200674Z [36;1m  esac[0m
2026-04-29T07:43:55.0201046Z [36;1mdone[0m
2026-04-29T07:43:55.0201475Z [36;1mecho "merged=false" >> "$GITHUB_OUTPUT"[0m
2026-04-29T07:43:55.0202221Z [36;1mecho "::warning::PR did not reach MERGED within 20 minutes — skipping bump."[0m
2026-04-29T07:43:55.0221877Z shell: /usr/bin/bash -e {0}
2026-04-29T07:43:55.0222358Z env:
2026-04-29T07:43:55.0222889Z   GH_TOKEN: ***
2026-04-29T07:43:55.0223685Z   PR_NUMBER: 944
2026-04-29T07:43:55.0224112Z   REPO: averycorp/prismTask
2026-04-29T07:43:55.0224562Z ##[endgroup]
2026-04-29T07:43:55.5589498Z PR merged at d3b3336c29887531acbbfea50fdf2c8782ed878a
2026-04-29T07:43:55.5763855Z ##[group]Run actions/checkout@v4
2026-04-29T07:43:55.5764545Z with:
2026-04-29T07:43:55.5765519Z   token: ***
2026-04-29T07:43:55.5765990Z   ref: d3b3336c29887531acbbfea50fdf2c8782ed878a
2026-04-29T07:43:55.5766568Z   fetch-depth: 0
2026-04-29T07:43:55.5767018Z   repository: averycorp/prismTask
2026-04-29T07:43:55.5767557Z   ssh-strict: true
2026-04-29T07:43:55.5767965Z   ssh-user: git
2026-04-29T07:43:55.5768399Z   persist-credentials: true
2026-04-29T07:43:55.5768873Z   clean: true
2026-04-29T07:43:55.5769303Z   sparse-checkout-cone-mode: true
2026-04-29T07:43:55.5769820Z   fetch-tags: false
2026-04-29T07:43:55.5770246Z   show-progress: true
2026-04-29T07:43:55.5770688Z   lfs: false
2026-04-29T07:43:55.5771108Z   submodules: false
2026-04-29T07:43:55.5771536Z   set-safe-directory: true
2026-04-29T07:43:55.5772006Z ##[endgroup]
2026-04-29T07:43:55.6849634Z Syncing repository: averycorp/prismTask
2026-04-29T07:43:55.6851441Z ##[group]Getting Git version info
2026-04-29T07:43:55.6852292Z Working directory is '/home/runner/work/prismTask/prismTask'
2026-04-29T07:43:55.6853693Z [command]/usr/bin/git version
2026-04-29T07:43:55.6903693Z git version 2.53.0
2026-04-29T07:43:55.6929835Z ##[endgroup]
2026-04-29T07:43:55.6944002Z Temporarily overriding HOME='/home/runner/work/_temp/a6312ca0-d944-4416-8843-14a9d0c120a8' before making global git config changes
2026-04-29T07:43:55.6945588Z Adding repository directory to the temporary git global config as a safe directory
2026-04-29T07:43:55.6949249Z [command]/usr/bin/git config --global --add safe.directory /home/runner/work/prismTask/prismTask
2026-04-29T07:43:55.6979180Z Deleting the contents of '/home/runner/work/prismTask/prismTask'
2026-04-29T07:43:55.6982759Z ##[group]Initializing the repository
2026-04-29T07:43:55.6986826Z [command]/usr/bin/git init /home/runner/work/prismTask/prismTask
2026-04-29T07:43:55.7080245Z hint: Using 'master' as the name for the initial branch. This default branch name
2026-04-29T07:43:55.7082320Z hint: will change to "main" in Git 3.0. To configure the initial branch name
2026-04-29T07:43:55.7083786Z hint: to use in all of your new repositories, which will suppress this warning,
2026-04-29T07:43:55.7084645Z hint: call:
2026-04-29T07:43:55.7085070Z hint:
2026-04-29T07:43:55.7085596Z hint: 	git config --global init.defaultBranch <name>
2026-04-29T07:43:55.7086244Z hint:
2026-04-29T07:43:55.7087093Z hint: Names commonly chosen instead of 'master' are 'main', 'trunk' and
2026-04-29T07:43:55.7088438Z hint: 'development'. The just-created branch can be renamed via this command:
2026-04-29T07:43:55.7089230Z hint:
2026-04-29T07:43:55.7089652Z hint: 	git branch -m <name>
2026-04-29T07:43:55.7090336Z hint:
2026-04-29T07:43:55.7090993Z hint: Disable this message with "git config set advice.defaultBranchName false"
2026-04-29T07:43:55.7092432Z Initialized empty Git repository in /home/runner/work/prismTask/prismTask/.git/
2026-04-29T07:43:55.7094833Z [command]/usr/bin/git remote add origin https://github.com/averycorp/prismTask
2026-04-29T07:43:55.7121194Z ##[endgroup]
2026-04-29T07:43:55.7122004Z ##[group]Disabling automatic garbage collection
2026-04-29T07:43:55.7125158Z [command]/usr/bin/git config --local gc.auto 0
2026-04-29T07:43:55.7152153Z ##[endgroup]
2026-04-29T07:43:55.7152902Z ##[group]Setting up auth
2026-04-29T07:43:55.7158901Z [command]/usr/bin/git config --local --name-only --get-regexp core\.sshCommand
2026-04-29T07:43:55.7188270Z [command]/usr/bin/git submodule foreach --recursive sh -c "git config --local --name-only --get-regexp 'core\.sshCommand' && git config --local --unset-all 'core.sshCommand' || :"
2026-04-29T07:43:55.7468702Z [command]/usr/bin/git config --local --name-only --get-regexp http\.https\:\/\/github\.com\/\.extraheader
2026-04-29T07:43:55.7496841Z [command]/usr/bin/git submodule foreach --recursive sh -c "git config --local --name-only --get-regexp 'http\.https\:\/\/github\.com\/\.extraheader' && git config --local --unset-all 'http.https://github.com/.extraheader' || :"
2026-04-29T07:43:55.7707948Z [command]/usr/bin/git config --local --name-only --get-regexp ^includeIf\.gitdir:
2026-04-29T07:43:55.7737515Z [command]/usr/bin/git submodule foreach --recursive git config --local --show-origin --name-only --get-regexp remote.origin.url
2026-04-29T07:43:55.7952185Z [command]/usr/bin/git config --local http.https://github.com/.extraheader AUTHORIZATION: basic ***
2026-04-29T07:43:55.7983603Z ##[endgroup]
2026-04-29T07:43:55.7984691Z ##[group]Fetching the repository
2026-04-29T07:43:55.7991953Z [command]/usr/bin/git -c protocol.version=2 fetch --prune --no-recurse-submodules origin +refs/heads/*:refs/remotes/origin/* +refs/tags/*:refs/tags/*
2026-04-29T07:44:13.3220211Z From https://github.com/averycorp/prismTask
2026-04-29T07:44:13.3221484Z  * [new branch]        ci-logs         -> origin/ci-logs
2026-04-29T07:44:13.3224237Z  * [new branch]        main            -> origin/main
2026-04-29T07:44:13.3225069Z  * [new branch]        v0.1.0-legacy   -> origin/v0.1.0-legacy
2026-04-29T07:44:13.3225882Z  * [new branch]        v0.2.0-legacy   -> origin/v0.2.0-legacy
2026-04-29T07:44:13.3226567Z  * [new branch]        v0.3.0-legacy   -> origin/v0.3.0-legacy
2026-04-29T07:44:13.3227272Z  * [new branch]        v0.4.0-legacy   -> origin/v0.4.0-legacy
2026-04-29T07:44:13.3227942Z  * [new branch]        v0.5.0-legacy   -> origin/v0.5.0-legacy
2026-04-29T07:44:13.3228647Z  * [new branch]        v0.6.0-legacy   -> origin/v0.6.0-legacy
2026-04-29T07:44:13.3229354Z  * [new branch]        v0.7.0-legacy   -> origin/v0.7.0-legacy
2026-04-29T07:44:13.3229972Z  * [new tag]           v0.1.0          -> v0.1.0
2026-04-29T07:44:13.3296306Z  * [new tag]           v0.2.0          -> v0.2.0
2026-04-29T07:44:13.3297178Z  * [new tag]           v0.3.0          -> v0.3.0
2026-04-29T07:44:13.3297771Z  * [new tag]           v0.4.0          -> v0.4.0
2026-04-29T07:44:13.3298420Z  * [new tag]           v0.5.0          -> v0.5.0
2026-04-29T07:44:13.3299105Z  * [new tag]           v0.7.0          -> v0.7.0
2026-04-29T07:44:13.3299808Z  * [new tag]           v0.7.12         -> v0.7.12
2026-04-29T07:44:13.3300422Z  * [new tag]           v0.7.13         -> v0.7.13
2026-04-29T07:44:13.3301171Z  * [new tag]           v0.7.14         -> v0.7.14
2026-04-29T07:44:13.3301772Z  * [new tag]           v0.7.15         -> v0.7.15
2026-04-29T07:44:13.3302293Z  * [new tag]           v0.7.16         -> v0.7.16
2026-04-29T07:44:13.3302848Z  * [new tag]           v0.7.17         -> v0.7.17
2026-04-29T07:44:13.3303683Z  * [new tag]           v0.7.17-build.2 -> v0.7.17-build.2
2026-04-29T07:44:13.3304370Z  * [new tag]           v0.7.17-build.3 -> v0.7.17-build.3
2026-04-29T07:44:13.3305059Z  * [new tag]           v0.7.17-build.4 -> v0.7.17-build.4
2026-04-29T07:44:13.3305636Z  * [new tag]           v0.7.17-build.5 -> v0.7.17-build.5
2026-04-29T07:44:13.3306333Z  * [new tag]           v0.7.17-build.6 -> v0.7.17-build.6
2026-04-29T07:44:13.3307020Z  * [new tag]           v0.7.17-build.7 -> v0.7.17-build.7
2026-04-29T07:44:13.3307656Z  * [new tag]           v0.7.17-build.8 -> v0.7.17-build.8
2026-04-29T07:44:13.3308398Z  * [new tag]           v0.7.17-build.9 -> v0.7.17-build.9
2026-04-29T07:44:13.3309105Z  * [new tag]           v0.7.18         -> v0.7.18
2026-04-29T07:44:13.3309723Z  * [new tag]           v0.7.18-build.2 -> v0.7.18-build.2
2026-04-29T07:44:13.3310364Z  * [new tag]           v0.7.18-build.3 -> v0.7.18-build.3
2026-04-29T07:44:13.3311385Z  * [new tag]           v0.7.18-build.4 -> v0.7.18-build.4
2026-04-29T07:44:13.3311992Z  * [new tag]           v0.7.19         -> v0.7.19
2026-04-29T07:44:13.3312608Z  * [new tag]           v0.7.19-build.2 -> v0.7.19-build.2
2026-04-29T07:44:13.3313493Z  * [new tag]           v0.7.20         -> v0.7.20
2026-04-29T07:44:13.3314091Z  * [new tag]           v0.7.20-build.2 -> v0.7.20-build.2
2026-04-29T07:44:13.3314719Z  * [new tag]           v0.7.20-build.3 -> v0.7.20-build.3
2026-04-29T07:44:13.3315346Z  * [new tag]           v0.7.20-build.4 -> v0.7.20-build.4
2026-04-29T07:44:13.3316228Z  * [new tag]           v0.8.0          -> v0.8.0
2026-04-29T07:44:13.3316868Z  * [new tag]           v0.8.0-build.2  -> v0.8.0-build.2
2026-04-29T07:44:13.3317471Z  * [new tag]           v0.8.1          -> v0.8.1
2026-04-29T07:44:13.3318101Z  * [new tag]           v0.8.10         -> v0.8.10
2026-04-29T07:44:13.3318686Z  * [new tag]           v0.8.11         -> v0.8.11
2026-04-29T07:44:13.3319381Z  * [new tag]           v0.8.12         -> v0.8.12
2026-04-29T07:44:13.3319947Z  * [new tag]           v0.8.13         -> v0.8.13
2026-04-29T07:44:13.3320522Z  * [new tag]           v0.8.14         -> v0.8.14
2026-04-29T07:44:13.3321065Z  * [new tag]           v0.8.15         -> v0.8.15
2026-04-29T07:44:13.3321574Z  * [new tag]           v0.8.2          -> v0.8.2
2026-04-29T07:44:13.3322106Z  * [new tag]           v0.8.3          -> v0.8.3
2026-04-29T07:44:13.3322637Z  * [new tag]           v0.8.4          -> v0.8.4
2026-04-29T07:44:13.3323836Z  * [new tag]           v0.8.5          -> v0.8.5
2026-04-29T07:44:13.3324406Z  * [new tag]           v0.8.6          -> v0.8.6
2026-04-29T07:44:13.3324918Z  * [new tag]           v0.8.7          -> v0.8.7
2026-04-29T07:44:13.3325449Z  * [new tag]           v0.8.8          -> v0.8.8
2026-04-29T07:44:13.3326026Z  * [new tag]           v0.8.9          -> v0.8.9
2026-04-29T07:44:13.3326697Z  * [new tag]           v0.9.1          -> v0.9.1
2026-04-29T07:44:13.3327309Z  * [new tag]           v0.9.2          -> v0.9.2
2026-04-29T07:44:13.3327872Z  * [new tag]           v1.0.1          -> v1.0.1
2026-04-29T07:44:13.3328428Z  * [new tag]           v1.0.10         -> v1.0.10
2026-04-29T07:44:13.3328975Z  * [new tag]           v1.0.11         -> v1.0.11
2026-04-29T07:44:13.3329523Z  * [new tag]           v1.0.12         -> v1.0.12
2026-04-29T07:44:13.3330074Z  * [new tag]           v1.0.13         -> v1.0.13
2026-04-29T07:44:13.3330637Z  * [new tag]           v1.0.2          -> v1.0.2
2026-04-29T07:44:13.3331180Z  * [new tag]           v1.0.3          -> v1.0.3
2026-04-29T07:44:13.3331750Z  * [new tag]           v1.0.4          -> v1.0.4
2026-04-29T07:44:13.3332287Z  * [new tag]           v1.0.5          -> v1.0.5
2026-04-29T07:44:13.3332881Z  * [new tag]           v1.0.6          -> v1.0.6
2026-04-29T07:44:13.3333660Z  * [new tag]           v1.0.7          -> v1.0.7
2026-04-29T07:44:13.3334082Z  * [new tag]           v1.0.8          -> v1.0.8
2026-04-29T07:44:13.3334439Z  * [new tag]           v1.0.9          -> v1.0.9
2026-04-29T07:44:13.3334778Z  * [new tag]           v1.1.1          -> v1.1.1
2026-04-29T07:44:13.3335133Z  * [new tag]           v1.1.1-build.2  -> v1.1.1-build.2
2026-04-29T07:44:13.3335505Z  * [new tag]           v1.1.1-build.3  -> v1.1.1-build.3
2026-04-29T07:44:13.3335855Z  * [new tag]           v1.1.1-build.4  -> v1.1.1-build.4
2026-04-29T07:44:13.3336193Z  * [new tag]           v1.1.10         -> v1.1.10
2026-04-29T07:44:13.3336525Z  * [new tag]           v1.1.11         -> v1.1.11
2026-04-29T07:44:13.3336853Z  * [new tag]           v1.1.12         -> v1.1.12
2026-04-29T07:44:13.3337188Z  * [new tag]           v1.1.2          -> v1.1.2
2026-04-29T07:44:13.3337509Z  * [new tag]           v1.1.3          -> v1.1.3
2026-04-29T07:44:13.3337834Z  * [new tag]           v1.1.4          -> v1.1.4
2026-04-29T07:44:13.3338172Z  * [new tag]           v1.1.5          -> v1.1.5
2026-04-29T07:44:13.3338500Z  * [new tag]           v1.1.6          -> v1.1.6
2026-04-29T07:44:13.3339040Z  * [new tag]           v1.1.7          -> v1.1.7
2026-04-29T07:44:13.3339379Z  * [new tag]           v1.1.8          -> v1.1.8
2026-04-29T07:44:13.3339710Z  * [new tag]           v1.1.9          -> v1.1.9
2026-04-29T07:44:13.3340046Z  * [new tag]           v1.3.0          -> v1.3.0
2026-04-29T07:44:13.3340384Z  * [new tag]           v1.3.1          -> v1.3.1
2026-04-29T07:44:13.3340717Z  * [new tag]           v1.3.10         -> v1.3.10
2026-04-29T07:44:13.3341061Z  * [new tag]           v1.3.11         -> v1.3.11
2026-04-29T07:44:13.3341427Z  * [new tag]           v1.3.11-build.2 -> v1.3.11-build.2
2026-04-29T07:44:13.3341911Z  * [new tag]           v1.3.12         -> v1.3.12
2026-04-29T07:44:13.3342267Z  * [new tag]           v1.3.13         -> v1.3.13
2026-04-29T07:44:13.3342629Z  * [new tag]           v1.3.13-build.2 -> v1.3.13-build.2
2026-04-29T07:44:13.3342985Z  * [new tag]           v1.3.14         -> v1.3.14
2026-04-29T07:44:13.3343989Z  * [new tag]           v1.3.15         -> v1.3.15
2026-04-29T07:44:13.3344379Z  * [new tag]           v1.3.16         -> v1.3.16
2026-04-29T07:44:13.3344724Z  * [new tag]           v1.3.17         -> v1.3.17
2026-04-29T07:44:13.3345055Z  * [new tag]           v1.3.18         -> v1.3.18
2026-04-29T07:44:13.3345750Z  * [new tag]           v1.3.19         -> v1.3.19
2026-04-29T07:44:13.3346095Z  * [new tag]           v1.3.2          -> v1.3.2
2026-04-29T07:44:13.3346429Z  * [new tag]           v1.3.20         -> v1.3.20
2026-04-29T07:44:13.3346767Z  * [new tag]           v1.3.21         -> v1.3.21
2026-04-29T07:44:13.3347105Z  * [new tag]           v1.3.22         -> v1.3.22
2026-04-29T07:44:13.3347445Z  * [new tag]           v1.3.23         -> v1.3.23
2026-04-29T07:44:13.3347778Z  * [new tag]           v1.3.24         -> v1.3.24
2026-04-29T07:44:13.3348117Z  * [new tag]           v1.3.25         -> v1.3.25
2026-04-29T07:44:13.3348448Z  * [new tag]           v1.3.26         -> v1.3.26
2026-04-29T07:44:13.3348783Z  * [new tag]           v1.3.27         -> v1.3.27
2026-04-29T07:44:13.3349125Z  * [new tag]           v1.3.28         -> v1.3.28
2026-04-29T07:44:13.3349460Z  * [new tag]           v1.3.29         -> v1.3.29
2026-04-29T07:44:13.3349791Z  * [new tag]           v1.3.3          -> v1.3.3
2026-04-29T07:44:13.3350141Z  * [new tag]           v1.3.30         -> v1.3.30
2026-04-29T07:44:13.3350475Z  * [new tag]           v1.3.31         -> v1.3.31
2026-04-29T07:44:13.3350807Z  * [new tag]           v1.3.32         -> v1.3.32
2026-04-29T07:44:13.3351137Z  * [new tag]           v1.3.33         -> v1.3.33
2026-04-29T07:44:13.3351473Z  * [new tag]           v1.3.34         -> v1.3.34
2026-04-29T07:44:13.3351813Z  * [new tag]           v1.3.35         -> v1.3.35
2026-04-29T07:44:13.3352148Z  * [new tag]           v1.3.36         -> v1.3.36
2026-04-29T07:44:13.3352484Z  * [new tag]           v1.3.37         -> v1.3.37
2026-04-29T07:44:13.3352814Z  * [new tag]           v1.3.38         -> v1.3.38
2026-04-29T07:44:13.3353389Z  * [new tag]           v1.3.39         -> v1.3.39
2026-04-29T07:44:13.3353747Z  * [new tag]           v1.3.4          -> v1.3.4
2026-04-29T07:44:13.3354084Z  * [new tag]           v1.3.40         -> v1.3.40
2026-04-29T07:44:13.3354417Z  * [new tag]           v1.3.41         -> v1.3.41
2026-04-29T07:44:13.3354751Z  * [new tag]           v1.3.42         -> v1.3.42
2026-04-29T07:44:13.3355085Z  * [new tag]           v1.3.43         -> v1.3.43
2026-04-29T07:44:13.3355413Z  * [new tag]           v1.3.44         -> v1.3.44
2026-04-29T07:44:13.3355752Z  * [new tag]           v1.3.45         -> v1.3.45
2026-04-29T07:44:13.3356081Z  * [new tag]           v1.3.46         -> v1.3.46
2026-04-29T07:44:13.3356414Z  * [new tag]           v1.3.47         -> v1.3.47
2026-04-29T07:44:13.3356750Z  * [new tag]           v1.3.48         -> v1.3.48
2026-04-29T07:44:13.3357082Z  * [new tag]           v1.3.49         -> v1.3.49
2026-04-29T07:44:13.3357413Z  * [new tag]           v1.3.5          -> v1.3.5
2026-04-29T07:44:13.3357785Z  * [new tag]           v1.3.5-build.2  -> v1.3.5-build.2
2026-04-29T07:44:13.3358314Z  * [new tag]           v1.3.50         -> v1.3.50
2026-04-29T07:44:13.3358659Z  * [new tag]           v1.3.51         -> v1.3.51
2026-04-29T07:44:13.3359001Z  * [new tag]           v1.3.52         -> v1.3.52
2026-04-29T07:44:13.3359340Z  * [new tag]           v1.3.53         -> v1.3.53
2026-04-29T07:44:13.3359669Z  * [new tag]           v1.3.54         -> v1.3.54
2026-04-29T07:44:13.3360003Z  * [new tag]           v1.3.55         -> v1.3.55
2026-04-29T07:44:13.3360337Z  * [new tag]           v1.3.56         -> v1.3.56
2026-04-29T07:44:13.3360677Z  * [new tag]           v1.3.57         -> v1.3.57
2026-04-29T07:44:13.3361120Z  * [new tag]           v1.3.58         -> v1.3.58
2026-04-29T07:44:13.3361461Z  * [new tag]           v1.3.59         -> v1.3.59
2026-04-29T07:44:13.3361797Z  * [new tag]           v1.3.6          -> v1.3.6
2026-04-29T07:44:13.3362129Z  * [new tag]           v1.3.60         -> v1.3.60
2026-04-29T07:44:13.3362471Z  * [new tag]           v1.3.61         -> v1.3.61
2026-04-29T07:44:13.3362805Z  * [new tag]           v1.3.62         -> v1.3.62
2026-04-29T07:44:13.3363370Z  * [new tag]           v1.3.7          -> v1.3.7
2026-04-29T07:44:13.3363717Z  * [new tag]           v1.3.8          -> v1.3.8
2026-04-29T07:44:13.3364056Z  * [new tag]           v1.3.9          -> v1.3.9
2026-04-29T07:44:13.3364384Z  * [new tag]           v1.4.40         -> v1.4.40
2026-04-29T07:44:13.3364719Z  * [new tag]           v1.5.0          -> v1.5.0
2026-04-29T07:44:13.3365054Z  * [new tag]           v1.5.2          -> v1.5.2
2026-04-29T07:44:13.3365380Z  * [new tag]           v1.5.3          -> v1.5.3
2026-04-29T07:44:13.3365722Z  * [new tag]           v1.6.0          -> v1.6.0
2026-04-29T07:44:13.3366055Z  * [new tag]           v1.7.0          -> v1.7.0
2026-04-29T07:44:13.3366390Z  * [new tag]           v1.7.37         -> v1.7.37
2026-04-29T07:44:13.3366721Z  * [new tag]           v1.7.38         -> v1.7.38
2026-04-29T07:44:13.3367071Z  * [new tag]           v1.7.39         -> v1.7.39
2026-04-29T07:44:13.3367413Z  * [new tag]           v1.7.40         -> v1.7.40
2026-04-29T07:44:13.3367746Z  * [new tag]           v1.7.41         -> v1.7.41
2026-04-29T07:44:13.3368083Z  * [new tag]           v1.7.42         -> v1.7.42
2026-04-29T07:44:13.3368421Z  * [new tag]           v1.7.43         -> v1.7.43
2026-04-29T07:44:13.3368753Z  * [new tag]           v1.7.44         -> v1.7.44
2026-04-29T07:44:13.3369090Z  * [new tag]           v1.7.45         -> v1.7.45
2026-04-29T07:44:13.3369425Z  * [new tag]           v1.7.46         -> v1.7.46
2026-04-29T07:44:13.3369751Z  * [new tag]           v1.7.47         -> v1.7.47
2026-04-29T07:44:13.3370096Z  * [new tag]           v1.7.48         -> v1.7.48
2026-04-29T07:44:13.3370435Z  * [new tag]           v1.7.49         -> v1.7.49
2026-04-29T07:44:13.3370760Z  * [new tag]           v1.7.50         -> v1.7.50
2026-04-29T07:44:13.3371089Z  * [new tag]           v1.7.51         -> v1.7.51
2026-04-29T07:44:13.3371427Z  * [new tag]           v1.7.52         -> v1.7.52
2026-04-29T07:44:13.3371756Z  * [new tag]           v1.7.53         -> v1.7.53
2026-04-29T07:44:13.3372098Z  * [new tag]           v1.7.54         -> v1.7.54
2026-04-29T07:44:13.3372464Z  * [new tag]           v1.7.55         -> v1.7.55
2026-04-29T07:44:13.3372793Z  * [new tag]           v1.7.56         -> v1.7.56
2026-04-29T07:44:13.3373338Z  * [new tag]           v1.7.57         -> v1.7.57
2026-04-29T07:44:13.3373671Z  * [new tag]           v1.7.58         -> v1.7.58
2026-04-29T07:44:13.3373997Z  * [new tag]           v1.7.59         -> v1.7.59
2026-04-29T07:44:13.3374337Z  * [new tag]           v1.7.60         -> v1.7.60
2026-04-29T07:44:13.3374671Z  * [new tag]           v1.7.61         -> v1.7.61
2026-04-29T07:44:13.3374995Z  * [new tag]           v1.7.62         -> v1.7.62
2026-04-29T07:44:13.3375322Z  * [new tag]           v1.7.63         -> v1.7.63
2026-04-29T07:44:13.3375657Z  * [new tag]           v1.7.64         -> v1.7.64
2026-04-29T07:44:13.3376166Z  * [new tag]           v1.7.65         -> v1.7.65
2026-04-29T07:44:13.3376495Z  * [new tag]           v1.7.66         -> v1.7.66
2026-04-29T07:44:13.3376825Z  * [new tag]           v1.7.67         -> v1.7.67
2026-04-29T07:44:13.3377152Z  * [new tag]           v1.7.68         -> v1.7.68
2026-04-29T07:44:13.3377490Z  * [new tag]           v1.7.69         -> v1.7.69
2026-04-29T07:44:13.3377816Z  * [new tag]           v1.7.70         -> v1.7.70
2026-04-29T07:44:13.3378135Z  * [new tag]           v1.7.71         -> v1.7.71
2026-04-29T07:44:13.3378463Z  * [new tag]           v1.7.72         -> v1.7.72
2026-04-29T07:44:13.3378782Z  * [new tag]           v1.7.73         -> v1.7.73
2026-04-29T07:44:13.3379226Z  * [new tag]           v1.7.74         -> v1.7.74
2026-04-29T07:44:13.3379555Z  * [new tag]           v1.7.75         -> v1.7.75
2026-04-29T07:44:13.3379888Z  * [new tag]           v1.7.76         -> v1.7.76
2026-04-29T07:44:13.3380212Z  * [new tag]           v1.7.77         -> v1.7.77
2026-04-29T07:44:13.3380541Z  * [new tag]           v1.7.78         -> v1.7.78
2026-04-29T07:44:13.3380867Z  * [new tag]           v1.7.79         -> v1.7.79
2026-04-29T07:44:13.3381193Z  * [new tag]           v1.7.80         -> v1.7.80
2026-04-29T07:44:13.3381511Z  * [new tag]           v1.7.81         -> v1.7.81
2026-04-29T07:44:13.3381840Z  * [new tag]           v1.7.82         -> v1.7.82
2026-04-29T07:44:13.3382164Z  * [new tag]           v1.7.83         -> v1.7.83
2026-04-29T07:44:13.3382485Z  * [new tag]           v1.7.84         -> v1.7.84
2026-04-29T07:44:13.3382810Z  * [new tag]           v1.7.85         -> v1.7.85
2026-04-29T07:44:13.3383405Z  * [new tag]           v1.7.86         -> v1.7.86
2026-04-29T07:44:13.3383748Z  * [new tag]           v1.7.87         -> v1.7.87
2026-04-29T07:44:13.3479734Z [command]/usr/bin/git rev-parse --verify --quiet d3b3336c29887531acbbfea50fdf2c8782ed878a^{object}
2026-04-29T07:44:13.3504232Z d3b3336c29887531acbbfea50fdf2c8782ed878a
2026-04-29T07:44:13.3509996Z ##[endgroup]
2026-04-29T07:44:13.3511198Z ##[group]Determining the checkout info
2026-04-29T07:44:13.3512615Z ##[endgroup]
2026-04-29T07:44:13.3518096Z [command]/usr/bin/git sparse-checkout disable
2026-04-29T07:44:13.3555496Z [command]/usr/bin/git config --local --unset-all extensions.worktreeConfig
2026-04-29T07:44:13.3582394Z ##[group]Checking out the ref
2026-04-29T07:44:13.3587717Z [command]/usr/bin/git checkout --progress --force d3b3336c29887531acbbfea50fdf2c8782ed878a
2026-04-29T07:44:13.6221070Z Note: switching to 'd3b3336c29887531acbbfea50fdf2c8782ed878a'.
2026-04-29T07:44:13.6221467Z 
2026-04-29T07:44:13.6221723Z You are in 'detached HEAD' state. You can look around, make experimental
2026-04-29T07:44:13.6222307Z changes and commit them, and you can discard any commits you make in this
2026-04-29T07:44:13.6222882Z state without impacting any branches by switching back to a branch.
2026-04-29T07:44:13.6223615Z 
2026-04-29T07:44:13.6223858Z If you want to create a new branch to retain commits you create, you may
2026-04-29T07:44:13.6224399Z do so (now or later) by using -c with the switch command. Example:
2026-04-29T07:44:13.6224709Z 
2026-04-29T07:44:13.6224833Z   git switch -c <new-branch-name>
2026-04-29T07:44:13.6225074Z 
2026-04-29T07:44:13.6225192Z Or undo this operation with:
2026-04-29T07:44:13.6225386Z 
2026-04-29T07:44:13.6225543Z   git switch -
2026-04-29T07:44:13.6225688Z 
2026-04-29T07:44:13.6225958Z Turn off this advice by setting config variable advice.detachedHead to false
2026-04-29T07:44:13.6226280Z 
2026-04-29T07:44:13.6226530Z HEAD is now at d3b3336c fix(sync): trigger sync on reconnect + 30 s periodic floor (#944)
2026-04-29T07:44:13.6254787Z ##[endgroup]
2026-04-29T07:44:13.6295739Z [command]/usr/bin/git log -1 --format=%H
2026-04-29T07:44:13.6317212Z d3b3336c29887531acbbfea50fdf2c8782ed878a
2026-04-29T07:44:13.6438591Z ##[group]Run set -euo pipefail
2026-04-29T07:44:13.6438925Z [36;1mset -euo pipefail[0m
2026-04-29T07:44:13.6439270Z [36;1m# Switch off the detached merge-sha checkout onto a local branch[0m
2026-04-29T07:44:13.6439891Z [36;1m# tracking main so the later `git push HEAD:main` has somewhere[0m
2026-04-29T07:44:13.6440330Z [36;1m# to go. Fetch the latest main first so we bump from the tip the[0m
2026-04-29T07:44:13.6440778Z [36;1m# push will target — otherwise a concurrent PR's bump from a[0m
2026-04-29T07:44:13.6441180Z [36;1m# queued run ahead of us would get overwritten.[0m
2026-04-29T07:44:13.6441489Z [36;1mgit fetch origin main[0m
2026-04-29T07:44:13.6441744Z [36;1mgit checkout -B main origin/main[0m
2026-04-29T07:44:13.6441991Z [36;1m[0m
2026-04-29T07:44:13.6442322Z [36;1mCURRENT_CODE=$(grep -oP 'versionCode\s*=\s*\K[0-9]+' app/build.gradle.kts | head -1)[0m
2026-04-29T07:44:13.6442753Z [36;1mNEW_CODE=$(( CURRENT_CODE + 1 ))[0m
2026-04-29T07:44:13.6443569Z [36;1msed -i "s/versionCode = [0-9]*/versionCode = $NEW_CODE/" app/build.gradle.kts[0m
2026-04-29T07:44:13.6443985Z [36;1m[0m
2026-04-29T07:44:13.6444321Z [36;1mCURRENT_NAME=$(grep -oP 'versionName\s*=\s*"\K[^"]+' app/build.gradle.kts | head -1)[0m
2026-04-29T07:44:13.6444790Z [36;1mMAJOR=$(echo "$CURRENT_NAME" | cut -d. -f1)[0m
2026-04-29T07:44:13.6445103Z [36;1mMINOR=$(echo "$CURRENT_NAME" | cut -d. -f2)[0m
2026-04-29T07:44:13.6445417Z [36;1mPATCH=$(echo "$CURRENT_NAME" | cut -d. -f3)[0m
2026-04-29T07:44:13.6445711Z [36;1mNEW_PATCH=$(( PATCH + 1 ))[0m
2026-04-29T07:44:13.6445991Z [36;1mNEW_NAME="${MAJOR}.${MINOR}.${NEW_PATCH}"[0m
2026-04-29T07:44:13.6446497Z [36;1msed -i "s/versionName = \"${CURRENT_NAME}\"/versionName = \"${NEW_NAME}\"/" app/build.gradle.kts[0m
2026-04-29T07:44:13.6446961Z [36;1m[0m
2026-04-29T07:44:13.6447195Z [36;1mecho "version_name=$NEW_NAME" >> "$GITHUB_OUTPUT"[0m
2026-04-29T07:44:13.6447569Z [36;1mecho "version_code=$NEW_CODE" >> "$GITHUB_OUTPUT"[0m
2026-04-29T07:44:13.6447931Z [36;1mecho "Bumping to v$NEW_NAME (build $NEW_CODE)"[0m
2026-04-29T07:44:13.6470523Z shell: /usr/bin/bash -e {0}
2026-04-29T07:44:13.6470824Z ##[endgroup]
2026-04-29T07:44:13.8154766Z From https://github.com/averycorp/prismTask
2026-04-29T07:44:13.8155368Z  * branch              main       -> FETCH_HEAD
2026-04-29T07:44:14.0026135Z Switched to a new branch 'main'
2026-04-29T07:44:14.0028909Z branch 'main' set up to track 'origin/main'.
2026-04-29T07:44:14.0149854Z Bumping to v1.7.88 (build 788)
2026-04-29T07:44:14.0201177Z ##[group]Run set -euo pipefail
2026-04-29T07:44:14.0201495Z [36;1mset -euo pipefail[0m
2026-04-29T07:44:14.0201878Z [36;1mgit config --local user.email "github-actions[bot]@users.noreply.github.com"[0m
2026-04-29T07:44:14.0202360Z [36;1mgit config --local user.name "github-actions[bot]"[0m
2026-04-29T07:44:14.0202684Z [36;1mgit add app/build.gradle.kts[0m
2026-04-29T07:44:14.0202955Z [36;1mif git diff --cached --quiet; then[0m
2026-04-29T07:44:14.0203802Z [36;1m  echo "No version bump to commit"[0m
2026-04-29T07:44:14.0204066Z [36;1m  exit 0[0m
2026-04-29T07:44:14.0204246Z [36;1mfi[0m
2026-04-29T07:44:14.0204508Z [36;1mgit commit -m "chore: bump to v1.7.88 (build 788) [skip ci]"[0m
2026-04-29T07:44:14.0204971Z [36;1m# Another PR merge can push to main while this job is running,[0m
2026-04-29T07:44:14.0205403Z [36;1m# so a straight `git push` here races and silently loses the[0m
2026-04-29T07:44:14.0205873Z [36;1m# bump commit. Rebase onto the current main tip and retry on rejection.[0m
2026-04-29T07:44:14.0206258Z [36;1mfor attempt in 1 2 3 4 5; do[0m
2026-04-29T07:44:14.0206523Z [36;1m  if git push origin HEAD:main; then[0m
2026-04-29T07:44:14.0206845Z [36;1m    echo "Pushed version bump on attempt $attempt"[0m
2026-04-29T07:44:14.0207133Z [36;1m    exit 0[0m
2026-04-29T07:44:14.0207311Z [36;1m  fi[0m
2026-04-29T07:44:14.0207631Z [36;1m  echo "Push rejected on attempt $attempt; rebasing onto origin/main and retrying"[0m
2026-04-29T07:44:14.0208039Z [36;1m  git fetch origin main[0m
2026-04-29T07:44:14.0208285Z [36;1m  if ! git rebase origin/main; then[0m
2026-04-29T07:44:14.0208553Z [36;1m    git rebase --abort || true[0m
2026-04-29T07:44:14.0209095Z [36;1m    echo "::error::Rebase conflict while replaying version bump; aborting."[0m
2026-04-29T07:44:14.0209449Z [36;1m    exit 1[0m
2026-04-29T07:44:14.0209624Z [36;1m  fi[0m
2026-04-29T07:44:14.0209807Z [36;1m  sleep $((attempt * 2))[0m
2026-04-29T07:44:14.0210023Z [36;1mdone[0m
2026-04-29T07:44:14.0210293Z [36;1mecho "::error::Failed to push version bump after 5 attempts."[0m
2026-04-29T07:44:14.0210619Z [36;1mexit 1[0m
2026-04-29T07:44:14.0232330Z shell: /usr/bin/bash -e {0}
2026-04-29T07:44:14.0232576Z ##[endgroup]
2026-04-29T07:44:14.0443420Z [main 8fec509d] chore: bump to v1.7.88 (build 788) [skip ci]
2026-04-29T07:44:14.0444106Z  1 file changed, 2 insertions(+), 2 deletions(-)
2026-04-29T07:44:14.1456821Z remote: Permission to averycorp/prismTask.git denied to akarlin3.
2026-04-29T07:44:14.1458918Z fatal: unable to access 'https://github.com/averycorp/prismTask/': The requested URL returned error: 403
2026-04-29T07:44:14.1480685Z Push rejected on attempt 1; rebasing onto origin/main and retrying
2026-04-29T07:44:14.2934246Z From https://github.com/averycorp/prismTask
2026-04-29T07:44:14.2934807Z  * branch              main       -> FETCH_HEAD
2026-04-29T07:44:14.3040365Z Current branch main is up to date.
2026-04-29T07:44:16.4059207Z remote: Permission to averycorp/prismTask.git denied to akarlin3.
2026-04-29T07:44:16.4060490Z fatal: unable to access 'https://github.com/averycorp/prismTask/': The requested URL returned error: 403
2026-04-29T07:44:16.4080107Z Push rejected on attempt 2; rebasing onto origin/main and retrying
2026-04-29T07:44:16.5430008Z From https://github.com/averycorp/prismTask
2026-04-29T07:44:16.5430580Z  * branch              main       -> FETCH_HEAD
2026-04-29T07:44:16.5534410Z Current branch main is up to date.
2026-04-29T07:44:20.6538089Z remote: Permission to averycorp/prismTask.git denied to akarlin3.
2026-04-29T07:44:20.6539318Z fatal: unable to access 'https://github.com/averycorp/prismTask/': The requested URL returned error: 403
2026-04-29T07:44:20.6556797Z Push rejected on attempt 3; rebasing onto origin/main and retrying
2026-04-29T07:44:20.8192215Z From https://github.com/averycorp/prismTask
2026-04-29T07:44:20.8192766Z  * branch              main       -> FETCH_HEAD
2026-04-29T07:44:20.8279071Z Current branch main is up to date.
2026-04-29T07:44:26.9303379Z remote: Permission to averycorp/prismTask.git denied to akarlin3.
2026-04-29T07:44:26.9304639Z fatal: unable to access 'https://github.com/averycorp/prismTask/': The requested URL returned error: 403
2026-04-29T07:44:26.9319255Z Push rejected on attempt 4; rebasing onto origin/main and retrying
2026-04-29T07:44:27.0728731Z From https://github.com/averycorp/prismTask
2026-04-29T07:44:27.0729398Z  * branch              main       -> FETCH_HEAD
2026-04-29T07:44:27.0819154Z Current branch main is up to date.
2026-04-29T07:44:35.1882946Z remote: Permission to averycorp/prismTask.git denied to akarlin3.
2026-04-29T07:44:35.1886229Z fatal: unable to access 'https://github.com/averycorp/prismTask/': The requested URL returned error: 403
2026-04-29T07:44:35.1909910Z Push rejected on attempt 5; rebasing onto origin/main and retrying
2026-04-29T07:44:35.3372972Z From https://github.com/averycorp/prismTask
2026-04-29T07:44:35.3373657Z  * branch              main       -> FETCH_HEAD
2026-04-29T07:44:35.3456124Z Current branch main is up to date.
2026-04-29T07:44:45.3519160Z ##[error]Failed to push version bump after 5 attempts.
2026-04-29T07:44:45.3529166Z ##[error]Process completed with exit code 1.
2026-04-29T07:44:45.3657767Z Post job cleanup.
2026-04-29T07:44:45.4662506Z [command]/usr/bin/git version
2026-04-29T07:44:45.4704453Z git version 2.53.0
2026-04-29T07:44:45.4756368Z Temporarily overriding HOME='/home/runner/work/_temp/c15c2ce0-ec82-40c5-b74a-8b8126c4fc97' before making global git config changes
2026-04-29T07:44:45.4757918Z Adding repository directory to the temporary git global config as a safe directory
2026-04-29T07:44:45.4762589Z [command]/usr/bin/git config --global --add safe.directory /home/runner/work/prismTask/prismTask
2026-04-29T07:44:45.4800916Z [command]/usr/bin/git config --local --name-only --get-regexp core\.sshCommand
2026-04-29T07:44:45.4835584Z [command]/usr/bin/git submodule foreach --recursive sh -c "git config --local --name-only --get-regexp 'core\.sshCommand' && git config --local --unset-all 'core.sshCommand' || :"
2026-04-29T07:44:45.5068929Z [command]/usr/bin/git config --local --name-only --get-regexp http\.https\:\/\/github\.com\/\.extraheader
2026-04-29T07:44:45.5089261Z http.https://github.com/.extraheader
2026-04-29T07:44:45.5102741Z [command]/usr/bin/git config --local --unset-all http.https://github.com/.extraheader
2026-04-29T07:44:45.5131959Z [command]/usr/bin/git submodule foreach --recursive sh -c "git config --local --name-only --get-regexp 'http\.https\:\/\/github\.com\/\.extraheader' && git config --local --unset-all 'http.https://github.com/.extraheader' || :"
2026-04-29T07:44:45.5347751Z [command]/usr/bin/git config --local --name-only --get-regexp ^includeIf\.gitdir:
2026-04-29T07:44:45.5377512Z [command]/usr/bin/git submodule foreach --recursive git config --local --show-origin --name-only --get-regexp remote.origin.url
2026-04-29T07:44:45.5766231Z Cleaning up orphan processes
2026-04-29T07:44:45.6149829Z ##[warning]Node.js 20 actions are deprecated. The following actions are running on Node.js 20 and may not work as expected: actions/checkout@v4. Actions will be forced to run with Node.js 24 by default starting June 2nd, 2026. Node.js 20 will be removed from the runner on September 16th, 2026. Please check if updated versions of these actions are available that support Node.js 24. To opt into Node.js 24 now, set the FORCE_JAVASCRIPT_ACTIONS_TO_NODE24=true environment variable on the runner or in your workflow file. Once Node.js 24 becomes the default, you can temporarily opt out by setting ACTIONS_ALLOW_USE_UNSECURE_NODE_VERSION=true. For more information see: https://github.blog/changelog/2025-09-19-deprecation-of-node-20-on-github-actions-runners/
