=== CI FAILURE ===
Workflow:      Version Bump & Tag
Workflow file: averycorp/prismTask/.github/workflows/version-bump-and-tag.yml@refs/heads/main
Job(s):        Version Bump & Tag
Run ID:        25076485591
Run attempt:   1
Run URL:       https://github.com/averycorp/prismTask/actions/runs/25076485591
Commit:        a562ce775723b03862e99c65f0cb120115cedfcf
Branch:        main
Event:         workflow_run
Actor:         akarlin3
Runner OS:     Linux
Timestamp:     2026-04-28T20:40:28.526Z

Failed steps:
  - Version Bump & Tag: #6 Commit version bump

=== FAILED JOB LOG ===

--- Job: Version Bump & Tag (id 73470359717) ---
2026-04-28T20:39:22.8956282Z Current runner version: '2.334.0'
2026-04-28T20:39:22.8981247Z ##[group]Runner Image Provisioner
2026-04-28T20:39:22.8982096Z Hosted Compute Agent
2026-04-28T20:39:22.8983225Z Version: 20260213.493
2026-04-28T20:39:22.8983859Z Commit: 5c115507f6dd24b8de37d8bbe0bb4509d0cc0fa3
2026-04-28T20:39:22.8984953Z Build Date: 2026-02-13T00:28:41Z
2026-04-28T20:39:22.8985675Z Worker ID: {abbc9210-3f23-4e16-878d-c724530d1bdb}
2026-04-28T20:39:22.8986345Z Azure Region: centralus
2026-04-28T20:39:22.8986961Z ##[endgroup]
2026-04-28T20:39:22.8988863Z ##[group]Operating System
2026-04-28T20:39:22.8989575Z Ubuntu
2026-04-28T20:39:22.8990064Z 24.04.4
2026-04-28T20:39:22.8990480Z LTS
2026-04-28T20:39:22.8991036Z ##[endgroup]
2026-04-28T20:39:22.8991571Z ##[group]Runner Image
2026-04-28T20:39:22.8992139Z Image: ubuntu-24.04
2026-04-28T20:39:22.8992743Z Version: 20260413.86.1
2026-04-28T20:39:22.8993921Z Included Software: https://github.com/actions/runner-images/blob/ubuntu24/20260413.86/images/ubuntu/Ubuntu2404-Readme.md
2026-04-28T20:39:22.8995816Z Image Release: https://github.com/actions/runner-images/releases/tag/ubuntu24%2F20260413.86
2026-04-28T20:39:22.8996777Z ##[endgroup]
2026-04-28T20:39:22.8998034Z ##[group]GITHUB_TOKEN Permissions
2026-04-28T20:39:22.9000193Z Actions: write
2026-04-28T20:39:22.9000739Z Contents: write
2026-04-28T20:39:22.9001334Z Metadata: read
2026-04-28T20:39:22.9001901Z PullRequests: read
2026-04-28T20:39:22.9002423Z ##[endgroup]
2026-04-28T20:39:22.9004790Z Secret source: Actions
2026-04-28T20:39:22.9005850Z Prepare workflow directory
2026-04-28T20:39:23.0136203Z Prepare all required actions
2026-04-28T20:39:23.0173356Z Getting action download info
2026-04-28T20:39:23.3251996Z Download action repository 'actions/checkout@v4' (SHA:34e114876b0b11c390a56381ad16ebd13914f8d5)
2026-04-28T20:39:23.6077350Z Complete job name: Version Bump & Tag
2026-04-28T20:39:23.7375925Z ##[group]Run set -euo pipefail
2026-04-28T20:39:23.7376670Z [36;1mset -euo pipefail[0m
2026-04-28T20:39:23.7377240Z [36;1mif [ "$EVENT_NAME" = "workflow_dispatch" ]; then[0m
2026-04-28T20:39:23.7378028Z [36;1m  # Manual dispatch path — use the input if provided, otherwise[0m
2026-04-28T20:39:23.7378791Z [36;1m  # walk the latest merged PR on main and target that.[0m
2026-04-28T20:39:23.7379403Z [36;1m  if [ -n "$DISPATCH_PR" ]; then[0m
2026-04-28T20:39:23.7379989Z [36;1m    echo "pr_number=$DISPATCH_PR" >> "$GITHUB_OUTPUT"[0m
2026-04-28T20:39:23.7380618Z [36;1m    echo "found=true" >> "$GITHUB_OUTPUT"[0m
2026-04-28T20:39:23.7381256Z [36;1m    echo "Using PR #$DISPATCH_PR from dispatch input."[0m
2026-04-28T20:39:23.7381836Z [36;1m    exit 0[0m
2026-04-28T20:39:23.7382220Z [36;1m  fi[0m
2026-04-28T20:39:23.7382757Z [36;1m  PR_NUMBER=$(gh pr list --repo "$REPO" --state merged --base main \[0m
2026-04-28T20:39:23.7383544Z [36;1m    --limit 1 --json number -q '.[0].number // empty')[0m
2026-04-28T20:39:23.7384162Z [36;1m  if [ -z "$PR_NUMBER" ]; then[0m
2026-04-28T20:39:23.7385028Z [36;1m    echo "::warning::No merged PRs found on main. Cannot resolve PR; skipping."[0m
2026-04-28T20:39:23.7385810Z [36;1m    echo "found=false" >> "$GITHUB_OUTPUT"[0m
2026-04-28T20:39:23.7386323Z [36;1m    exit 0[0m
2026-04-28T20:39:23.7386707Z [36;1m  fi[0m
2026-04-28T20:39:23.7387154Z [36;1m  echo "pr_number=$PR_NUMBER" >> "$GITHUB_OUTPUT"[0m
2026-04-28T20:39:23.7387755Z [36;1m  echo "found=true" >> "$GITHUB_OUTPUT"[0m
2026-04-28T20:39:23.7388456Z [36;1m  echo "Resolved most-recent merged PR #$PR_NUMBER for dispatch run."[0m
2026-04-28T20:39:23.7389115Z [36;1m  exit 0[0m
2026-04-28T20:39:23.7389486Z [36;1mfi[0m
2026-04-28T20:39:23.7389844Z [36;1m[0m
2026-04-28T20:39:23.7390295Z [36;1m# Path 1 — fast path: pull_requests was populated.[0m
2026-04-28T20:39:23.7391034Z [36;1mPR_NUMBER=$(echo "$PR_JSON" | jq -r '.[0].number // empty')[0m
2026-04-28T20:39:23.7391680Z [36;1mif [ -n "$PR_NUMBER" ]; then[0m
2026-04-28T20:39:23.7392232Z [36;1m  echo "pr_number=$PR_NUMBER" >> "$GITHUB_OUTPUT"[0m
2026-04-28T20:39:23.7392825Z [36;1m  echo "found=true" >> "$GITHUB_OUTPUT"[0m
2026-04-28T20:39:23.7393725Z [36;1m  echo "Resolved PR #$PR_NUMBER from workflow_run payload."[0m
2026-04-28T20:39:23.7394335Z [36;1m  exit 0[0m
2026-04-28T20:39:23.7394835Z [36;1mfi[0m
2026-04-28T20:39:23.7395174Z [36;1m[0m
2026-04-28T20:39:23.7395801Z [36;1m# Path 2 — fallback: look the PR up by HEAD SHA. Works in both[0m
2026-04-28T20:39:23.7396562Z [36;1m# the pre-merge case (auto-merge.yml fires before the squash[0m
2026-04-28T20:39:23.7397311Z [36;1m# actually happens; the open PR still has this commit at its[0m
2026-04-28T20:39:23.7398078Z [36;1m# head) and the post-merge case (GitHub keeps the commit→PR[0m
2026-04-28T20:39:23.7398846Z [36;1m# mapping after squash, so we still resolve correctly even if[0m
2026-04-28T20:39:23.7399616Z [36;1m# the source branch was deleted). The downstream "Wait for PR[0m
2026-04-28T20:39:23.7400355Z [36;1m# to merge" step handles the timing — we only need the PR[0m
2026-04-28T20:39:23.7400980Z [36;1m# number here, not its merge state.[0m
2026-04-28T20:39:23.7401473Z [36;1m#[0m
2026-04-28T20:39:23.7401982Z [36;1m# Deliberately NOT falling back to "most recent merged PR" —[0m
2026-04-28T20:39:23.7402731Z [36;1m# that race-condition-bumps a previously-merged PR if[0m
2026-04-28T20:39:23.7403596Z [36;1m# workflow_run fires before the queued merge lands.[0m
2026-04-28T20:39:23.7404330Z [36;1mif [ -z "$HEAD_SHA" ]; then[0m
2026-04-28T20:39:23.7405285Z [36;1m  echo "::warning::workflow_run.head_sha is empty; cannot resolve PR. Skipping."[0m
2026-04-28T20:39:23.7406231Z [36;1m  echo "found=false" >> "$GITHUB_OUTPUT"[0m
2026-04-28T20:39:23.7406879Z [36;1m  exit 0[0m
2026-04-28T20:39:23.7407330Z [36;1mfi[0m
2026-04-28T20:39:23.7408015Z [36;1m# Capture the API response separately instead of piping through[0m
2026-04-28T20:39:23.7409181Z [36;1m# `gh api --jq` directly. Under `set -euo pipefail`, an empty or[0m
2026-04-28T20:39:23.7409991Z [36;1m# non-JSON response body crashes the embedded jq with[0m
2026-04-28T20:39:23.7410879Z [36;1m# `unexpected end of JSON input` and aborts the whole script[0m
2026-04-28T20:39:23.7411789Z [36;1m# before the empty-result branch below can fire — observed on[0m
2026-04-28T20:39:23.7412630Z [36;1m# PR #857's post-merge run, which silently dropped the version[0m
2026-04-28T20:39:23.7413514Z [36;1m# bump on the floor. The retry loop covers the indexing-lag[0m
2026-04-28T20:39:23.7414720Z [36;1m# window where `commits/{sha}/pulls` returns `[]` for a few[0m
2026-04-28T20:39:23.7415542Z [36;1m# seconds after the squash-merge push lands.[0m
2026-04-28T20:39:23.7416356Z [36;1mPR_NUMBER=""[0m
2026-04-28T20:39:23.7416908Z [36;1mfor attempt in 1 2 3; do[0m
2026-04-28T20:39:23.7417451Z [36;1m  RESPONSE=$(gh api \[0m
2026-04-28T20:39:23.7418116Z [36;1m    "repos/$REPO/commits/$HEAD_SHA/pulls" \[0m
2026-04-28T20:39:23.7419008Z [36;1m    -H "Accept: application/vnd.github+json" 2>/dev/null || echo "[]")[0m
2026-04-28T20:39:23.7419889Z [36;1m  PR_NUMBER=$(printf '%s' "$RESPONSE" | jq -r '[0m
2026-04-28T20:39:23.7420682Z [36;1m    if type == "array" and length > 0 then[0m
2026-04-28T20:39:23.7421452Z [36;1m      (sort_by(.number) | reverse | .[0].number // empty)[0m
2026-04-28T20:39:23.7422114Z [36;1m    else empty end[0m
2026-04-28T20:39:23.7422712Z [36;1m  ' 2>/dev/null || echo "")[0m
2026-04-28T20:39:23.7423333Z [36;1m  [ -n "$PR_NUMBER" ] && break[0m
2026-04-28T20:39:23.7424207Z [36;1m  echo "commits/$HEAD_SHA/pulls returned no PR (attempt $attempt/3); sleeping 5s..."[0m
2026-04-28T20:39:23.7425375Z [36;1m  sleep 5[0m
2026-04-28T20:39:23.7425848Z [36;1mdone[0m
2026-04-28T20:39:23.7426362Z [36;1mif [ -z "$PR_NUMBER" ]; then[0m
2026-04-28T20:39:23.7427299Z [36;1m  echo "::warning::No PR found for commit $HEAD_SHA via commits/{sha}/pulls after 3 attempts. Skipping."[0m
2026-04-28T20:39:23.7447234Z [36;1m  echo "found=false" >> "$GITHUB_OUTPUT"[0m
2026-04-28T20:39:23.7447796Z [36;1m  exit 0[0m
2026-04-28T20:39:23.7448177Z [36;1mfi[0m
2026-04-28T20:39:23.7448936Z [36;1mecho "pr_number=$PR_NUMBER" >> "$GITHUB_OUTPUT"[0m
2026-04-28T20:39:23.7449557Z [36;1mecho "found=true" >> "$GITHUB_OUTPUT"[0m
2026-04-28T20:39:23.7450307Z [36;1mecho "Resolved PR #$PR_NUMBER from commits/$HEAD_SHA/pulls fallback."[0m
2026-04-28T20:39:23.7477363Z shell: /usr/bin/bash -e {0}
2026-04-28T20:39:23.7478054Z env:
2026-04-28T20:39:23.7478652Z   GH_TOKEN: ***
2026-04-28T20:39:23.7479063Z   REPO: averycorp/prismTask
2026-04-28T20:39:23.7479524Z   EVENT_NAME: workflow_run
2026-04-28T20:39:23.7479942Z   PR_JSON: []
2026-04-28T20:39:23.7480381Z   HEAD_SHA: 7a10f7cc82c3eb09b654158795d70af9e22e55c4
2026-04-28T20:39:23.7480925Z   DISPATCH_PR: 
2026-04-28T20:39:23.7481292Z ##[endgroup]
2026-04-28T20:39:24.1967148Z Resolved PR #910 from commits/7a10f7cc82c3eb09b654158795d70af9e22e55c4/pulls fallback.
2026-04-28T20:39:24.2412530Z ##[group]Run set -euo pipefail
2026-04-28T20:39:24.2413086Z [36;1mset -euo pipefail[0m
2026-04-28T20:39:24.2413674Z [36;1m# gh pr merge --auto may queue the merge until required checks[0m
2026-04-28T20:39:24.2414671Z [36;1m# pass. Poll until MERGED, CLOSED, or timeout.[0m
2026-04-28T20:39:24.2415224Z [36;1m#[0m
2026-04-28T20:39:24.2415706Z [36;1m# Audit PR #876 → CI pathway efficiency: ceiling raised[0m
2026-04-28T20:39:24.2416492Z [36;1m# 60→120 attempts × 10s = 20 min. Real Android PRs (PR #851[0m
2026-04-28T20:39:24.2417242Z [36;1m# took 37 min from open to merge; PR #859 took 14 min) can[0m
2026-04-28T20:39:24.2417970Z [36;1m# exceed the prior 10-min ceiling because auto-merge.yml[0m
2026-04-28T20:39:24.2418699Z [36;1m# queues on slow lane completion. A silently-dropped bump[0m
2026-04-28T20:39:24.2419444Z [36;1m# (memory `feedback_skip_ci_blocks_tag_release.md`) requires a[0m
2026-04-28T20:39:24.2420261Z [36;1m# manual `gh workflow run release.yml --ref vX.Y.Z` re-fire,[0m
2026-04-28T20:39:24.2421007Z [36;1m# which is a real recovery cost. 20 min covers all observed[0m
2026-04-28T20:39:24.2421719Z [36;1m# PR lifecycles in the audit window without expanding[0m
2026-04-28T20:39:24.2422443Z [36;1m# workflow_run resource cost meaningfully (idle polling).[0m
2026-04-28T20:39:24.2423058Z [36;1mfor i in $(seq 1 120); do[0m
2026-04-28T20:39:24.2423685Z [36;1m  STATE=$(gh pr view "$PR_NUMBER" --repo "$REPO" --json state -q '.state')[0m
2026-04-28T20:39:24.2424354Z [36;1m  case "$STATE" in[0m
2026-04-28T20:39:24.2424912Z [36;1m    MERGED)[0m
2026-04-28T20:39:24.2425599Z [36;1m      MERGE_SHA=$(gh pr view "$PR_NUMBER" --repo "$REPO" --json mergeCommit -q '.mergeCommit.oid')[0m
2026-04-28T20:39:24.2426425Z [36;1m      echo "merged=true" >> "$GITHUB_OUTPUT"[0m
2026-04-28T20:39:24.2427028Z [36;1m      echo "merge_sha=$MERGE_SHA" >> "$GITHUB_OUTPUT"[0m
2026-04-28T20:39:24.2427621Z [36;1m      echo "PR merged at $MERGE_SHA"[0m
2026-04-28T20:39:24.2428120Z [36;1m      exit 0[0m
2026-04-28T20:39:24.2428514Z [36;1m      ;;[0m
2026-04-28T20:39:24.2428881Z [36;1m    CLOSED)[0m
2026-04-28T20:39:24.2429321Z [36;1m      echo "merged=false" >> "$GITHUB_OUTPUT"[0m
2026-04-28T20:39:24.2429953Z [36;1m      echo "PR closed without merging — skipping bump."[0m
2026-04-28T20:39:24.2430521Z [36;1m      exit 0[0m
2026-04-28T20:39:24.2430896Z [36;1m      ;;[0m
2026-04-28T20:39:24.2431257Z [36;1m    *)[0m
2026-04-28T20:39:24.2431735Z [36;1m      echo "PR state=$STATE (attempt $i/120); sleeping 10s..."[0m
2026-04-28T20:39:24.2432327Z [36;1m      sleep 10[0m
2026-04-28T20:39:24.2432727Z [36;1m      ;;[0m
2026-04-28T20:39:24.2433079Z [36;1m  esac[0m
2026-04-28T20:39:24.2433433Z [36;1mdone[0m
2026-04-28T20:39:24.2433830Z [36;1mecho "merged=false" >> "$GITHUB_OUTPUT"[0m
2026-04-28T20:39:24.2434656Z [36;1mecho "::warning::PR did not reach MERGED within 20 minutes — skipping bump."[0m
2026-04-28T20:39:24.2457502Z shell: /usr/bin/bash -e {0}
2026-04-28T20:39:24.2457941Z env:
2026-04-28T20:39:24.2458504Z   GH_TOKEN: ***
2026-04-28T20:39:24.2458880Z   PR_NUMBER: 910
2026-04-28T20:39:24.2459265Z   REPO: averycorp/prismTask
2026-04-28T20:39:24.2459848Z ##[endgroup]
2026-04-28T20:39:24.9115702Z PR merged at a562ce775723b03862e99c65f0cb120115cedfcf
2026-04-28T20:39:25.1427807Z ##[group]Run actions/checkout@v4
2026-04-28T20:39:25.1428187Z with:
2026-04-28T20:39:25.1429089Z   token: ***
2026-04-28T20:39:25.1429358Z   ref: a562ce775723b03862e99c65f0cb120115cedfcf
2026-04-28T20:39:25.1429678Z   fetch-depth: 0
2026-04-28T20:39:25.1429929Z   repository: averycorp/prismTask
2026-04-28T20:39:25.1430205Z   ssh-strict: true
2026-04-28T20:39:25.1430433Z   ssh-user: git
2026-04-28T20:39:25.1430673Z   persist-credentials: true
2026-04-28T20:39:25.1430938Z   clean: true
2026-04-28T20:39:25.1431180Z   sparse-checkout-cone-mode: true
2026-04-28T20:39:25.1431458Z   fetch-tags: false
2026-04-28T20:39:25.1431716Z   show-progress: true
2026-04-28T20:39:25.1432015Z   lfs: false
2026-04-28T20:39:25.1432245Z   submodules: false
2026-04-28T20:39:25.1432484Z   set-safe-directory: true
2026-04-28T20:39:25.1432739Z ##[endgroup]
2026-04-28T20:39:25.2519642Z Syncing repository: averycorp/prismTask
2026-04-28T20:39:25.2520977Z ##[group]Getting Git version info
2026-04-28T20:39:25.2521472Z Working directory is '/home/runner/work/prismTask/prismTask'
2026-04-28T20:39:25.2522139Z [command]/usr/bin/git version
2026-04-28T20:39:25.2567112Z git version 2.53.0
2026-04-28T20:39:25.2591841Z ##[endgroup]
2026-04-28T20:39:25.2607717Z Temporarily overriding HOME='/home/runner/work/_temp/4fdd70c1-1999-46d4-a403-d2d097a34b52' before making global git config changes
2026-04-28T20:39:25.2609131Z Adding repository directory to the temporary git global config as a safe directory
2026-04-28T20:39:25.2614020Z [command]/usr/bin/git config --global --add safe.directory /home/runner/work/prismTask/prismTask
2026-04-28T20:39:25.2648211Z Deleting the contents of '/home/runner/work/prismTask/prismTask'
2026-04-28T20:39:25.2651805Z ##[group]Initializing the repository
2026-04-28T20:39:25.2656707Z [command]/usr/bin/git init /home/runner/work/prismTask/prismTask
2026-04-28T20:39:25.2723607Z hint: Using 'master' as the name for the initial branch. This default branch name
2026-04-28T20:39:25.2724807Z hint: will change to "main" in Git 3.0. To configure the initial branch name
2026-04-28T20:39:25.2725725Z hint: to use in all of your new repositories, which will suppress this warning,
2026-04-28T20:39:25.2726402Z hint: call:
2026-04-28T20:39:25.2726737Z hint:
2026-04-28T20:39:25.2727224Z hint: 	git config --global init.defaultBranch <name>
2026-04-28T20:39:25.2727780Z hint:
2026-04-28T20:39:25.2728284Z hint: Names commonly chosen instead of 'master' are 'main', 'trunk' and
2026-04-28T20:39:25.2729148Z hint: 'development'. The just-created branch can be renamed via this command:
2026-04-28T20:39:25.2729817Z hint:
2026-04-28T20:39:25.2730171Z hint: 	git branch -m <name>
2026-04-28T20:39:25.2730604Z hint:
2026-04-28T20:39:25.2731168Z hint: Disable this message with "git config set advice.defaultBranchName false"
2026-04-28T20:39:25.2732159Z Initialized empty Git repository in /home/runner/work/prismTask/prismTask/.git/
2026-04-28T20:39:25.2738037Z [command]/usr/bin/git remote add origin https://github.com/averycorp/prismTask
2026-04-28T20:39:25.2768469Z ##[endgroup]
2026-04-28T20:39:25.2769181Z ##[group]Disabling automatic garbage collection
2026-04-28T20:39:25.2773712Z [command]/usr/bin/git config --local gc.auto 0
2026-04-28T20:39:25.2802619Z ##[endgroup]
2026-04-28T20:39:25.2803264Z ##[group]Setting up auth
2026-04-28T20:39:25.2810260Z [command]/usr/bin/git config --local --name-only --get-regexp core\.sshCommand
2026-04-28T20:39:25.2841167Z [command]/usr/bin/git submodule foreach --recursive sh -c "git config --local --name-only --get-regexp 'core\.sshCommand' && git config --local --unset-all 'core.sshCommand' || :"
2026-04-28T20:39:25.3125675Z [command]/usr/bin/git config --local --name-only --get-regexp http\.https\:\/\/github\.com\/\.extraheader
2026-04-28T20:39:25.3155138Z [command]/usr/bin/git submodule foreach --recursive sh -c "git config --local --name-only --get-regexp 'http\.https\:\/\/github\.com\/\.extraheader' && git config --local --unset-all 'http.https://github.com/.extraheader' || :"
2026-04-28T20:39:25.3387571Z [command]/usr/bin/git config --local --name-only --get-regexp ^includeIf\.gitdir:
2026-04-28T20:39:25.3418353Z [command]/usr/bin/git submodule foreach --recursive git config --local --show-origin --name-only --get-regexp remote.origin.url
2026-04-28T20:39:25.3648593Z [command]/usr/bin/git config --local http.https://github.com/.extraheader AUTHORIZATION: basic ***
2026-04-28T20:39:25.3682543Z ##[endgroup]
2026-04-28T20:39:25.3683147Z ##[group]Fetching the repository
2026-04-28T20:39:25.3691356Z [command]/usr/bin/git -c protocol.version=2 fetch --prune --no-recurse-submodules origin +refs/heads/*:refs/remotes/origin/* +refs/tags/*:refs/tags/*
2026-04-28T20:39:43.9114092Z From https://github.com/averycorp/prismTask
2026-04-28T20:39:43.9115026Z  * [new branch]        ci-logs         -> origin/ci-logs
2026-04-28T20:39:43.9115854Z  * [new branch]        feat/time-tracking-aggregator -> origin/feat/time-tracking-aggregator
2026-04-28T20:39:43.9120997Z  * [new branch]        main            -> origin/main
2026-04-28T20:39:43.9124279Z  * [new branch]        v0.1.0-legacy   -> origin/v0.1.0-legacy
2026-04-28T20:39:43.9125548Z  * [new branch]        v0.2.0-legacy   -> origin/v0.2.0-legacy
2026-04-28T20:39:43.9126452Z  * [new branch]        v0.3.0-legacy   -> origin/v0.3.0-legacy
2026-04-28T20:39:43.9127247Z  * [new branch]        v0.4.0-legacy   -> origin/v0.4.0-legacy
2026-04-28T20:39:43.9128076Z  * [new branch]        v0.5.0-legacy   -> origin/v0.5.0-legacy
2026-04-28T20:39:43.9128866Z  * [new branch]        v0.6.0-legacy   -> origin/v0.6.0-legacy
2026-04-28T20:39:43.9129662Z  * [new branch]        v0.7.0-legacy   -> origin/v0.7.0-legacy
2026-04-28T20:39:43.9130363Z  * [new tag]           v0.1.0          -> v0.1.0
2026-04-28T20:39:43.9131050Z  * [new tag]           v0.2.0          -> v0.2.0
2026-04-28T20:39:43.9131967Z  * [new tag]           v0.3.0          -> v0.3.0
2026-04-28T20:39:43.9132831Z  * [new tag]           v0.4.0          -> v0.4.0
2026-04-28T20:39:43.9133441Z  * [new tag]           v0.5.0          -> v0.5.0
2026-04-28T20:39:43.9133951Z  * [new tag]           v0.7.0          -> v0.7.0
2026-04-28T20:39:43.9135109Z  * [new tag]           v0.7.12         -> v0.7.12
2026-04-28T20:39:43.9135683Z  * [new tag]           v0.7.13         -> v0.7.13
2026-04-28T20:39:43.9136197Z  * [new tag]           v0.7.14         -> v0.7.14
2026-04-28T20:39:43.9136723Z  * [new tag]           v0.7.15         -> v0.7.15
2026-04-28T20:39:43.9137208Z  * [new tag]           v0.7.16         -> v0.7.16
2026-04-28T20:39:43.9137698Z  * [new tag]           v0.7.17         -> v0.7.17
2026-04-28T20:39:43.9138237Z  * [new tag]           v0.7.17-build.2 -> v0.7.17-build.2
2026-04-28T20:39:43.9138822Z  * [new tag]           v0.7.17-build.3 -> v0.7.17-build.3
2026-04-28T20:39:43.9139388Z  * [new tag]           v0.7.17-build.4 -> v0.7.17-build.4
2026-04-28T20:39:43.9139963Z  * [new tag]           v0.7.17-build.5 -> v0.7.17-build.5
2026-04-28T20:39:43.9140579Z  * [new tag]           v0.7.17-build.6 -> v0.7.17-build.6
2026-04-28T20:39:43.9141150Z  * [new tag]           v0.7.17-build.7 -> v0.7.17-build.7
2026-04-28T20:39:43.9141825Z  * [new tag]           v0.7.17-build.8 -> v0.7.17-build.8
2026-04-28T20:39:43.9142439Z  * [new tag]           v0.7.17-build.9 -> v0.7.17-build.9
2026-04-28T20:39:43.9142970Z  * [new tag]           v0.7.18         -> v0.7.18
2026-04-28T20:39:43.9143503Z  * [new tag]           v0.7.18-build.2 -> v0.7.18-build.2
2026-04-28T20:39:43.9144065Z  * [new tag]           v0.7.18-build.3 -> v0.7.18-build.3
2026-04-28T20:39:43.9144864Z  * [new tag]           v0.7.18-build.4 -> v0.7.18-build.4
2026-04-28T20:39:43.9145404Z  * [new tag]           v0.7.19         -> v0.7.19
2026-04-28T20:39:43.9145937Z  * [new tag]           v0.7.19-build.2 -> v0.7.19-build.2
2026-04-28T20:39:43.9146473Z  * [new tag]           v0.7.20         -> v0.7.20
2026-04-28T20:39:43.9146968Z  * [new tag]           v0.7.20-build.2 -> v0.7.20-build.2
2026-04-28T20:39:43.9147925Z  * [new tag]           v0.7.20-build.3 -> v0.7.20-build.3
2026-04-28T20:39:43.9148674Z  * [new tag]           v0.7.20-build.4 -> v0.7.20-build.4
2026-04-28T20:39:43.9149201Z  * [new tag]           v0.8.0          -> v0.8.0
2026-04-28T20:39:43.9149716Z  * [new tag]           v0.8.0-build.2  -> v0.8.0-build.2
2026-04-28T20:39:43.9150228Z  * [new tag]           v0.8.1          -> v0.8.1
2026-04-28T20:39:43.9150717Z  * [new tag]           v0.8.10         -> v0.8.10
2026-04-28T20:39:43.9151229Z  * [new tag]           v0.8.11         -> v0.8.11
2026-04-28T20:39:43.9151718Z  * [new tag]           v0.8.12         -> v0.8.12
2026-04-28T20:39:43.9152202Z  * [new tag]           v0.8.13         -> v0.8.13
2026-04-28T20:39:43.9152584Z  * [new tag]           v0.8.14         -> v0.8.14
2026-04-28T20:39:43.9153037Z  * [new tag]           v0.8.15         -> v0.8.15
2026-04-28T20:39:43.9153533Z  * [new tag]           v0.8.2          -> v0.8.2
2026-04-28T20:39:43.9154032Z  * [new tag]           v0.8.3          -> v0.8.3
2026-04-28T20:39:43.9154777Z  * [new tag]           v0.8.4          -> v0.8.4
2026-04-28T20:39:43.9155324Z  * [new tag]           v0.8.5          -> v0.8.5
2026-04-28T20:39:43.9155841Z  * [new tag]           v0.8.6          -> v0.8.6
2026-04-28T20:39:43.9156333Z  * [new tag]           v0.8.7          -> v0.8.7
2026-04-28T20:39:43.9156828Z  * [new tag]           v0.8.8          -> v0.8.8
2026-04-28T20:39:43.9157317Z  * [new tag]           v0.8.9          -> v0.8.9
2026-04-28T20:39:43.9157802Z  * [new tag]           v0.9.1          -> v0.9.1
2026-04-28T20:39:43.9158319Z  * [new tag]           v0.9.2          -> v0.9.2
2026-04-28T20:39:43.9158836Z  * [new tag]           v1.0.1          -> v1.0.1
2026-04-28T20:39:43.9159366Z  * [new tag]           v1.0.10         -> v1.0.10
2026-04-28T20:39:43.9159896Z  * [new tag]           v1.0.11         -> v1.0.11
2026-04-28T20:39:43.9160407Z  * [new tag]           v1.0.12         -> v1.0.12
2026-04-28T20:39:43.9160907Z  * [new tag]           v1.0.13         -> v1.0.13
2026-04-28T20:39:43.9161456Z  * [new tag]           v1.0.2          -> v1.0.2
2026-04-28T20:39:43.9162051Z  * [new tag]           v1.0.3          -> v1.0.3
2026-04-28T20:39:43.9162561Z  * [new tag]           v1.0.4          -> v1.0.4
2026-04-28T20:39:43.9163061Z  * [new tag]           v1.0.5          -> v1.0.5
2026-04-28T20:39:43.9163572Z  * [new tag]           v1.0.6          -> v1.0.6
2026-04-28T20:39:43.9164080Z  * [new tag]           v1.0.7          -> v1.0.7
2026-04-28T20:39:43.9164861Z  * [new tag]           v1.0.8          -> v1.0.8
2026-04-28T20:39:43.9165373Z  * [new tag]           v1.0.9          -> v1.0.9
2026-04-28T20:39:43.9165883Z  * [new tag]           v1.1.1          -> v1.1.1
2026-04-28T20:39:43.9166428Z  * [new tag]           v1.1.1-build.2  -> v1.1.1-build.2
2026-04-28T20:39:43.9167003Z  * [new tag]           v1.1.1-build.3  -> v1.1.1-build.3
2026-04-28T20:39:43.9167567Z  * [new tag]           v1.1.1-build.4  -> v1.1.1-build.4
2026-04-28T20:39:43.9168113Z  * [new tag]           v1.1.10         -> v1.1.10
2026-04-28T20:39:43.9168645Z  * [new tag]           v1.1.11         -> v1.1.11
2026-04-28T20:39:43.9169178Z  * [new tag]           v1.1.12         -> v1.1.12
2026-04-28T20:39:43.9169724Z  * [new tag]           v1.1.2          -> v1.1.2
2026-04-28T20:39:43.9170243Z  * [new tag]           v1.1.3          -> v1.1.3
2026-04-28T20:39:43.9170781Z  * [new tag]           v1.1.4          -> v1.1.4
2026-04-28T20:39:43.9171310Z  * [new tag]           v1.1.5          -> v1.1.5
2026-04-28T20:39:43.9171918Z  * [new tag]           v1.1.6          -> v1.1.6
2026-04-28T20:39:43.9172443Z  * [new tag]           v1.1.7          -> v1.1.7
2026-04-28T20:39:43.9172984Z  * [new tag]           v1.1.8          -> v1.1.8
2026-04-28T20:39:43.9173507Z  * [new tag]           v1.1.9          -> v1.1.9
2026-04-28T20:39:43.9174027Z  * [new tag]           v1.3.0          -> v1.3.0
2026-04-28T20:39:43.9174950Z  * [new tag]           v1.3.1          -> v1.3.1
2026-04-28T20:39:43.9175490Z  * [new tag]           v1.3.10         -> v1.3.10
2026-04-28T20:39:43.9176316Z  * [new tag]           v1.3.11         -> v1.3.11
2026-04-28T20:39:43.9177114Z  * [new tag]           v1.3.11-build.2 -> v1.3.11-build.2
2026-04-28T20:39:43.9177727Z  * [new tag]           v1.3.12         -> v1.3.12
2026-04-28T20:39:43.9178281Z  * [new tag]           v1.3.13         -> v1.3.13
2026-04-28T20:39:43.9178840Z  * [new tag]           v1.3.13-build.2 -> v1.3.13-build.2
2026-04-28T20:39:43.9179404Z  * [new tag]           v1.3.14         -> v1.3.14
2026-04-28T20:39:43.9179935Z  * [new tag]           v1.3.15         -> v1.3.15
2026-04-28T20:39:43.9180321Z  * [new tag]           v1.3.16         -> v1.3.16
2026-04-28T20:39:43.9180653Z  * [new tag]           v1.3.17         -> v1.3.17
2026-04-28T20:39:43.9180983Z  * [new tag]           v1.3.18         -> v1.3.18
2026-04-28T20:39:43.9181302Z  * [new tag]           v1.3.19         -> v1.3.19
2026-04-28T20:39:43.9181630Z  * [new tag]           v1.3.2          -> v1.3.2
2026-04-28T20:39:43.9181965Z  * [new tag]           v1.3.20         -> v1.3.20
2026-04-28T20:39:43.9182302Z  * [new tag]           v1.3.21         -> v1.3.21
2026-04-28T20:39:43.9182640Z  * [new tag]           v1.3.22         -> v1.3.22
2026-04-28T20:39:43.9182964Z  * [new tag]           v1.3.23         -> v1.3.23
2026-04-28T20:39:43.9183289Z  * [new tag]           v1.3.24         -> v1.3.24
2026-04-28T20:39:43.9183609Z  * [new tag]           v1.3.25         -> v1.3.25
2026-04-28T20:39:43.9183935Z  * [new tag]           v1.3.26         -> v1.3.26
2026-04-28T20:39:43.9184257Z  * [new tag]           v1.3.27         -> v1.3.27
2026-04-28T20:39:43.9184833Z  * [new tag]           v1.3.28         -> v1.3.28
2026-04-28T20:39:43.9185161Z  * [new tag]           v1.3.29         -> v1.3.29
2026-04-28T20:39:43.9185487Z  * [new tag]           v1.3.3          -> v1.3.3
2026-04-28T20:39:43.9185806Z  * [new tag]           v1.3.30         -> v1.3.30
2026-04-28T20:39:43.9186130Z  * [new tag]           v1.3.31         -> v1.3.31
2026-04-28T20:39:43.9186457Z  * [new tag]           v1.3.32         -> v1.3.32
2026-04-28T20:39:43.9186797Z  * [new tag]           v1.3.33         -> v1.3.33
2026-04-28T20:39:43.9187151Z  * [new tag]           v1.3.34         -> v1.3.34
2026-04-28T20:39:43.9187474Z  * [new tag]           v1.3.35         -> v1.3.35
2026-04-28T20:39:43.9187801Z  * [new tag]           v1.3.36         -> v1.3.36
2026-04-28T20:39:43.9188129Z  * [new tag]           v1.3.37         -> v1.3.37
2026-04-28T20:39:43.9188455Z  * [new tag]           v1.3.38         -> v1.3.38
2026-04-28T20:39:43.9188778Z  * [new tag]           v1.3.39         -> v1.3.39
2026-04-28T20:39:43.9189095Z  * [new tag]           v1.3.4          -> v1.3.4
2026-04-28T20:39:43.9189423Z  * [new tag]           v1.3.40         -> v1.3.40
2026-04-28T20:39:43.9189748Z  * [new tag]           v1.3.41         -> v1.3.41
2026-04-28T20:39:43.9190064Z  * [new tag]           v1.3.42         -> v1.3.42
2026-04-28T20:39:43.9190388Z  * [new tag]           v1.3.43         -> v1.3.43
2026-04-28T20:39:43.9190718Z  * [new tag]           v1.3.44         -> v1.3.44
2026-04-28T20:39:43.9191039Z  * [new tag]           v1.3.45         -> v1.3.45
2026-04-28T20:39:43.9191363Z  * [new tag]           v1.3.46         -> v1.3.46
2026-04-28T20:39:43.9191687Z  * [new tag]           v1.3.47         -> v1.3.47
2026-04-28T20:39:43.9192005Z  * [new tag]           v1.3.48         -> v1.3.48
2026-04-28T20:39:43.9192328Z  * [new tag]           v1.3.49         -> v1.3.49
2026-04-28T20:39:43.9192654Z  * [new tag]           v1.3.5          -> v1.3.5
2026-04-28T20:39:43.9193008Z  * [new tag]           v1.3.5-build.2  -> v1.3.5-build.2
2026-04-28T20:39:43.9193355Z  * [new tag]           v1.3.50         -> v1.3.50
2026-04-28T20:39:43.9193680Z  * [new tag]           v1.3.51         -> v1.3.51
2026-04-28T20:39:43.9194003Z  * [new tag]           v1.3.52         -> v1.3.52
2026-04-28T20:39:43.9194317Z  * [new tag]           v1.3.53         -> v1.3.53
2026-04-28T20:39:43.9194834Z  * [new tag]           v1.3.54         -> v1.3.54
2026-04-28T20:39:43.9195371Z  * [new tag]           v1.3.55         -> v1.3.55
2026-04-28T20:39:43.9195803Z  * [new tag]           v1.3.56         -> v1.3.56
2026-04-28T20:39:43.9196133Z  * [new tag]           v1.3.57         -> v1.3.57
2026-04-28T20:39:43.9196455Z  * [new tag]           v1.3.58         -> v1.3.58
2026-04-28T20:39:43.9196773Z  * [new tag]           v1.3.59         -> v1.3.59
2026-04-28T20:39:43.9197103Z  * [new tag]           v1.3.6          -> v1.3.6
2026-04-28T20:39:43.9197436Z  * [new tag]           v1.3.60         -> v1.3.60
2026-04-28T20:39:43.9197754Z  * [new tag]           v1.3.61         -> v1.3.61
2026-04-28T20:39:43.9198077Z  * [new tag]           v1.3.62         -> v1.3.62
2026-04-28T20:39:43.9198402Z  * [new tag]           v1.3.7          -> v1.3.7
2026-04-28T20:39:43.9198725Z  * [new tag]           v1.3.8          -> v1.3.8
2026-04-28T20:39:43.9199055Z  * [new tag]           v1.3.9          -> v1.3.9
2026-04-28T20:39:43.9199380Z  * [new tag]           v1.4.40         -> v1.4.40
2026-04-28T20:39:43.9199716Z  * [new tag]           v1.5.0          -> v1.5.0
2026-04-28T20:39:43.9200042Z  * [new tag]           v1.5.2          -> v1.5.2
2026-04-28T20:39:43.9200370Z  * [new tag]           v1.5.3          -> v1.5.3
2026-04-28T20:39:43.9200697Z  * [new tag]           v1.6.0          -> v1.6.0
2026-04-28T20:39:43.9201009Z  * [new tag]           v1.7.0          -> v1.7.0
2026-04-28T20:39:43.9201332Z  * [new tag]           v1.7.37         -> v1.7.37
2026-04-28T20:39:43.9201657Z  * [new tag]           v1.7.38         -> v1.7.38
2026-04-28T20:39:43.9201977Z  * [new tag]           v1.7.39         -> v1.7.39
2026-04-28T20:39:43.9202303Z  * [new tag]           v1.7.40         -> v1.7.40
2026-04-28T20:39:43.9202630Z  * [new tag]           v1.7.41         -> v1.7.41
2026-04-28T20:39:43.9202944Z  * [new tag]           v1.7.42         -> v1.7.42
2026-04-28T20:39:43.9203265Z  * [new tag]           v1.7.43         -> v1.7.43
2026-04-28T20:39:43.9203582Z  * [new tag]           v1.7.44         -> v1.7.44
2026-04-28T20:39:43.9203899Z  * [new tag]           v1.7.45         -> v1.7.45
2026-04-28T20:39:43.9204219Z  * [new tag]           v1.7.46         -> v1.7.46
2026-04-28T20:39:43.9204714Z  * [new tag]           v1.7.47         -> v1.7.47
2026-04-28T20:39:43.9205075Z  * [new tag]           v1.7.48         -> v1.7.48
2026-04-28T20:39:43.9205385Z  * [new tag]           v1.7.49         -> v1.7.49
2026-04-28T20:39:43.9205698Z  * [new tag]           v1.7.50         -> v1.7.50
2026-04-28T20:39:43.9206009Z  * [new tag]           v1.7.51         -> v1.7.51
2026-04-28T20:39:43.9206314Z  * [new tag]           v1.7.52         -> v1.7.52
2026-04-28T20:39:43.9206623Z  * [new tag]           v1.7.53         -> v1.7.53
2026-04-28T20:39:43.9206939Z  * [new tag]           v1.7.54         -> v1.7.54
2026-04-28T20:39:43.9207245Z  * [new tag]           v1.7.55         -> v1.7.55
2026-04-28T20:39:43.9207575Z  * [new tag]           v1.7.56         -> v1.7.56
2026-04-28T20:39:43.9207896Z  * [new tag]           v1.7.57         -> v1.7.57
2026-04-28T20:39:43.9208222Z  * [new tag]           v1.7.58         -> v1.7.58
2026-04-28T20:39:43.9208547Z  * [new tag]           v1.7.59         -> v1.7.59
2026-04-28T20:39:43.9208863Z  * [new tag]           v1.7.60         -> v1.7.60
2026-04-28T20:39:43.9209182Z  * [new tag]           v1.7.61         -> v1.7.61
2026-04-28T20:39:43.9209490Z  * [new tag]           v1.7.62         -> v1.7.62
2026-04-28T20:39:43.9209803Z  * [new tag]           v1.7.63         -> v1.7.63
2026-04-28T20:39:43.9210122Z  * [new tag]           v1.7.64         -> v1.7.64
2026-04-28T20:39:43.9210435Z  * [new tag]           v1.7.65         -> v1.7.65
2026-04-28T20:39:43.9210744Z  * [new tag]           v1.7.66         -> v1.7.66
2026-04-28T20:39:43.9211058Z  * [new tag]           v1.7.67         -> v1.7.67
2026-04-28T20:39:43.9211367Z  * [new tag]           v1.7.68         -> v1.7.68
2026-04-28T20:39:43.9211681Z  * [new tag]           v1.7.69         -> v1.7.69
2026-04-28T20:39:43.9212021Z  * [new tag]           v1.7.70         -> v1.7.70
2026-04-28T20:39:43.9212480Z  * [new tag]           v1.7.71         -> v1.7.71
2026-04-28T20:39:43.9212924Z  * [new tag]           v1.7.72         -> v1.7.72
2026-04-28T20:39:43.9213239Z  * [new tag]           v1.7.73         -> v1.7.73
2026-04-28T20:39:43.9213560Z  * [new tag]           v1.7.74         -> v1.7.74
2026-04-28T20:39:43.9213876Z  * [new tag]           v1.7.75         -> v1.7.75
2026-04-28T20:39:43.9214182Z  * [new tag]           v1.7.76         -> v1.7.76
2026-04-28T20:39:43.9214670Z  * [new tag]           v1.7.77         -> v1.7.77
2026-04-28T20:39:43.9214992Z  * [new tag]           v1.7.78         -> v1.7.78
2026-04-28T20:39:43.9215309Z  * [new tag]           v1.7.79         -> v1.7.79
2026-04-28T20:39:43.9215620Z  * [new tag]           v1.7.80         -> v1.7.80
2026-04-28T20:39:43.9215937Z  * [new tag]           v1.7.81         -> v1.7.81
2026-04-28T20:39:43.9216251Z  * [new tag]           v1.7.82         -> v1.7.82
2026-04-28T20:39:43.9216554Z  * [new tag]           v1.7.83         -> v1.7.83
2026-04-28T20:39:43.9361699Z [command]/usr/bin/git rev-parse --verify --quiet a562ce775723b03862e99c65f0cb120115cedfcf^{object}
2026-04-28T20:39:43.9386916Z a562ce775723b03862e99c65f0cb120115cedfcf
2026-04-28T20:39:43.9391370Z ##[endgroup]
2026-04-28T20:39:43.9391999Z ##[group]Determining the checkout info
2026-04-28T20:39:43.9392948Z ##[endgroup]
2026-04-28T20:39:43.9397892Z [command]/usr/bin/git sparse-checkout disable
2026-04-28T20:39:43.9435079Z [command]/usr/bin/git config --local --unset-all extensions.worktreeConfig
2026-04-28T20:39:43.9461385Z ##[group]Checking out the ref
2026-04-28T20:39:43.9465717Z [command]/usr/bin/git checkout --progress --force a562ce775723b03862e99c65f0cb120115cedfcf
2026-04-28T20:39:44.2095612Z Note: switching to 'a562ce775723b03862e99c65f0cb120115cedfcf'.
2026-04-28T20:39:44.2096481Z 
2026-04-28T20:39:44.2097171Z You are in 'detached HEAD' state. You can look around, make experimental
2026-04-28T20:39:44.2097956Z changes and commit them, and you can discard any commits you make in this
2026-04-28T20:39:44.2098707Z state without impacting any branches by switching back to a branch.
2026-04-28T20:39:44.2099166Z 
2026-04-28T20:39:44.2099447Z If you want to create a new branch to retain commits you create, you may
2026-04-28T20:39:44.2100128Z do so (now or later) by using -c with the switch command. Example:
2026-04-28T20:39:44.2100489Z 
2026-04-28T20:39:44.2100638Z   git switch -c <new-branch-name>
2026-04-28T20:39:44.2100871Z 
2026-04-28T20:39:44.2101022Z Or undo this operation with:
2026-04-28T20:39:44.2101259Z 
2026-04-28T20:39:44.2101378Z   git switch -
2026-04-28T20:39:44.2101555Z 
2026-04-28T20:39:44.2101779Z Turn off this advice by setting config variable advice.detachedHead to false
2026-04-28T20:39:44.2102068Z 
2026-04-28T20:39:44.2102331Z HEAD is now at a562ce77 Merge pull request #910 from averycorp/feat/task-timing-firestore-sync
2026-04-28T20:39:44.2129672Z ##[endgroup]
2026-04-28T20:39:44.2176999Z [command]/usr/bin/git log -1 --format=%H
2026-04-28T20:39:44.2200674Z a562ce775723b03862e99c65f0cb120115cedfcf
2026-04-28T20:39:44.3028152Z ##[group]Run set -euo pipefail
2026-04-28T20:39:44.3028465Z [36;1mset -euo pipefail[0m
2026-04-28T20:39:44.3028798Z [36;1m# Switch off the detached merge-sha checkout onto a local branch[0m
2026-04-28T20:39:44.3029255Z [36;1m# tracking main so the later `git push HEAD:main` has somewhere[0m
2026-04-28T20:39:44.3029664Z [36;1m# to go. Fetch the latest main first so we bump from the tip the[0m
2026-04-28T20:39:44.3030092Z [36;1m# push will target — otherwise a concurrent PR's bump from a[0m
2026-04-28T20:39:44.3030502Z [36;1m# queued run ahead of us would get overwritten.[0m
2026-04-28T20:39:44.3030795Z [36;1mgit fetch origin main[0m
2026-04-28T20:39:44.3031048Z [36;1mgit checkout -B main origin/main[0m
2026-04-28T20:39:44.3031290Z [36;1m[0m
2026-04-28T20:39:44.3031627Z [36;1mCURRENT_CODE=$(grep -oP 'versionCode\s*=\s*\K[0-9]+' app/build.gradle.kts | head -1)[0m
2026-04-28T20:39:44.3032048Z [36;1mNEW_CODE=$(( CURRENT_CODE + 1 ))[0m
2026-04-28T20:39:44.3032637Z [36;1msed -i "s/versionCode = [0-9]*/versionCode = $NEW_CODE/" app/build.gradle.kts[0m
2026-04-28T20:39:44.3033002Z [36;1m[0m
2026-04-28T20:39:44.3033331Z [36;1mCURRENT_NAME=$(grep -oP 'versionName\s*=\s*"\K[^"]+' app/build.gradle.kts | head -1)[0m
2026-04-28T20:39:44.3033758Z [36;1mMAJOR=$(echo "$CURRENT_NAME" | cut -d. -f1)[0m
2026-04-28T20:39:44.3034070Z [36;1mMINOR=$(echo "$CURRENT_NAME" | cut -d. -f2)[0m
2026-04-28T20:39:44.3034504Z [36;1mPATCH=$(echo "$CURRENT_NAME" | cut -d. -f3)[0m
2026-04-28T20:39:44.3034784Z [36;1mNEW_PATCH=$(( PATCH + 1 ))[0m
2026-04-28T20:39:44.3035064Z [36;1mNEW_NAME="${MAJOR}.${MINOR}.${NEW_PATCH}"[0m
2026-04-28T20:39:44.3035519Z [36;1msed -i "s/versionName = \"${CURRENT_NAME}\"/versionName = \"${NEW_NAME}\"/" app/build.gradle.kts[0m
2026-04-28T20:39:44.3035942Z [36;1m[0m
2026-04-28T20:39:44.3036176Z [36;1mecho "version_name=$NEW_NAME" >> "$GITHUB_OUTPUT"[0m
2026-04-28T20:39:44.3036510Z [36;1mecho "version_code=$NEW_CODE" >> "$GITHUB_OUTPUT"[0m
2026-04-28T20:39:44.3036845Z [36;1mecho "Bumping to v$NEW_NAME (build $NEW_CODE)"[0m
2026-04-28T20:39:44.3059759Z shell: /usr/bin/bash -e {0}
2026-04-28T20:39:44.3060005Z ##[endgroup]
2026-04-28T20:39:44.5834121Z From https://github.com/averycorp/prismTask
2026-04-28T20:39:44.5834840Z  * branch              main       -> FETCH_HEAD
2026-04-28T20:39:44.7710323Z Switched to a new branch 'main'
2026-04-28T20:39:44.7712694Z branch 'main' set up to track 'origin/main'.
2026-04-28T20:39:44.7849010Z Bumping to v1.7.84 (build 784)
2026-04-28T20:39:44.8063176Z ##[group]Run set -euo pipefail
2026-04-28T20:39:44.8063479Z [36;1mset -euo pipefail[0m
2026-04-28T20:39:44.8063860Z [36;1mgit config --local user.email "github-actions[bot]@users.noreply.github.com"[0m
2026-04-28T20:39:44.8064314Z [36;1mgit config --local user.name "github-actions[bot]"[0m
2026-04-28T20:39:44.8064840Z [36;1mgit add app/build.gradle.kts[0m
2026-04-28T20:39:44.8065109Z [36;1mif git diff --cached --quiet; then[0m
2026-04-28T20:39:44.8065564Z [36;1m  echo "No version bump to commit"[0m
2026-04-28T20:39:44.8065926Z [36;1m  exit 0[0m
2026-04-28T20:39:44.8066182Z [36;1mfi[0m
2026-04-28T20:39:44.8066452Z [36;1mgit commit -m "chore: bump to v1.7.84 (build 784) [skip ci]"[0m
2026-04-28T20:39:44.8066975Z [36;1m# Another PR merge can push to main while this job is running,[0m
2026-04-28T20:39:44.8067379Z [36;1m# so a straight `git push` here races and silently loses the[0m
2026-04-28T20:39:44.8067845Z [36;1m# bump commit. Rebase onto the current main tip and retry on rejection.[0m
2026-04-28T20:39:44.8068208Z [36;1mfor attempt in 1 2 3 4 5; do[0m
2026-04-28T20:39:44.8068467Z [36;1m  if git push origin HEAD:main; then[0m
2026-04-28T20:39:44.8068781Z [36;1m    echo "Pushed version bump on attempt $attempt"[0m
2026-04-28T20:39:44.8069066Z [36;1m    exit 0[0m
2026-04-28T20:39:44.8069250Z [36;1m  fi[0m
2026-04-28T20:39:44.8069562Z [36;1m  echo "Push rejected on attempt $attempt; rebasing onto origin/main and retrying"[0m
2026-04-28T20:39:44.8069961Z [36;1m  git fetch origin main[0m
2026-04-28T20:39:44.8070203Z [36;1m  if ! git rebase origin/main; then[0m
2026-04-28T20:39:44.8070469Z [36;1m    git rebase --abort || true[0m
2026-04-28T20:39:44.8070826Z [36;1m    echo "::error::Rebase conflict while replaying version bump; aborting."[0m
2026-04-28T20:39:44.8071170Z [36;1m    exit 1[0m
2026-04-28T20:39:44.8071348Z [36;1m  fi[0m
2026-04-28T20:39:44.8071531Z [36;1m  sleep $((attempt * 2))[0m
2026-04-28T20:39:44.8071758Z [36;1mdone[0m
2026-04-28T20:39:44.8072018Z [36;1mecho "::error::Failed to push version bump after 5 attempts."[0m
2026-04-28T20:39:44.8072333Z [36;1mexit 1[0m
2026-04-28T20:39:44.8095050Z shell: /usr/bin/bash -e {0}
2026-04-28T20:39:44.8095306Z ##[endgroup]
2026-04-28T20:39:45.1784163Z [main 3c67eec9] chore: bump to v1.7.84 (build 784) [skip ci]
2026-04-28T20:39:45.1784898Z  1 file changed, 2 insertions(+), 2 deletions(-)
2026-04-28T20:39:45.3387481Z remote: Permission to averycorp/prismTask.git denied to akarlin3.
2026-04-28T20:39:45.3389113Z fatal: unable to access 'https://github.com/averycorp/prismTask/': The requested URL returned error: 403
2026-04-28T20:39:45.3406366Z Push rejected on attempt 1; rebasing onto origin/main and retrying
2026-04-28T20:39:45.6273388Z From https://github.com/averycorp/prismTask
2026-04-28T20:39:45.6273920Z  * branch              main       -> FETCH_HEAD
2026-04-28T20:39:45.6367809Z Current branch main is up to date.
2026-04-28T20:39:47.8195857Z remote: Permission to averycorp/prismTask.git denied to akarlin3.
2026-04-28T20:39:47.8196488Z fatal: unable to access 'https://github.com/averycorp/prismTask/': The requested URL returned error: 403
2026-04-28T20:39:47.8215122Z Push rejected on attempt 2; rebasing onto origin/main and retrying
2026-04-28T20:39:48.0777269Z From https://github.com/averycorp/prismTask
2026-04-28T20:39:48.0777791Z  * branch              main       -> FETCH_HEAD
2026-04-28T20:39:48.0870534Z Current branch main is up to date.
2026-04-28T20:39:52.2807940Z remote: Permission to averycorp/prismTask.git denied to akarlin3.
2026-04-28T20:39:52.2808586Z fatal: unable to access 'https://github.com/averycorp/prismTask/': The requested URL returned error: 403
2026-04-28T20:39:52.2826417Z Push rejected on attempt 3; rebasing onto origin/main and retrying
2026-04-28T20:39:52.5726404Z From https://github.com/averycorp/prismTask
2026-04-28T20:39:52.5726888Z  * branch              main       -> FETCH_HEAD
2026-04-28T20:39:52.5822880Z Current branch main is up to date.
2026-04-28T20:39:58.7835591Z remote: Permission to averycorp/prismTask.git denied to akarlin3.
2026-04-28T20:39:58.7836242Z fatal: unable to access 'https://github.com/averycorp/prismTask/': The requested URL returned error: 403
2026-04-28T20:39:58.7854212Z Push rejected on attempt 4; rebasing onto origin/main and retrying
2026-04-28T20:39:59.0300247Z From https://github.com/averycorp/prismTask
2026-04-28T20:39:59.0300798Z  * branch              main       -> FETCH_HEAD
2026-04-28T20:39:59.0393074Z Current branch main is up to date.
2026-04-28T20:40:07.2213086Z remote: Permission to averycorp/prismTask.git denied to akarlin3.
2026-04-28T20:40:07.2213916Z fatal: unable to access 'https://github.com/averycorp/prismTask/': The requested URL returned error: 403
2026-04-28T20:40:07.2231033Z Push rejected on attempt 5; rebasing onto origin/main and retrying
2026-04-28T20:40:07.5024351Z From https://github.com/averycorp/prismTask
2026-04-28T20:40:07.5025018Z  * branch              main       -> FETCH_HEAD
2026-04-28T20:40:07.5119300Z Current branch main is up to date.
2026-04-28T20:40:17.5179452Z ##[error]Failed to push version bump after 5 attempts.
2026-04-28T20:40:17.5188348Z ##[error]Process completed with exit code 1.
2026-04-28T20:40:17.6052549Z Post job cleanup.
2026-04-28T20:40:17.7003547Z [command]/usr/bin/git version
2026-04-28T20:40:17.7039685Z git version 2.53.0
2026-04-28T20:40:17.7086764Z Temporarily overriding HOME='/home/runner/work/_temp/c0c668ab-bd32-4071-9d6f-2e70aed4e428' before making global git config changes
2026-04-28T20:40:17.7087651Z Adding repository directory to the temporary git global config as a safe directory
2026-04-28T20:40:17.7091805Z [command]/usr/bin/git config --global --add safe.directory /home/runner/work/prismTask/prismTask
2026-04-28T20:40:17.7126101Z [command]/usr/bin/git config --local --name-only --get-regexp core\.sshCommand
2026-04-28T20:40:17.7158647Z [command]/usr/bin/git submodule foreach --recursive sh -c "git config --local --name-only --get-regexp 'core\.sshCommand' && git config --local --unset-all 'core.sshCommand' || :"
2026-04-28T20:40:17.7411622Z [command]/usr/bin/git config --local --name-only --get-regexp http\.https\:\/\/github\.com\/\.extraheader
2026-04-28T20:40:17.7436022Z http.https://github.com/.extraheader
2026-04-28T20:40:17.7448756Z [command]/usr/bin/git config --local --unset-all http.https://github.com/.extraheader
2026-04-28T20:40:17.7482824Z [command]/usr/bin/git submodule foreach --recursive sh -c "git config --local --name-only --get-regexp 'http\.https\:\/\/github\.com\/\.extraheader' && git config --local --unset-all 'http.https://github.com/.extraheader' || :"
2026-04-28T20:40:17.7736180Z [command]/usr/bin/git config --local --name-only --get-regexp ^includeIf\.gitdir:
2026-04-28T20:40:17.7772703Z [command]/usr/bin/git submodule foreach --recursive git config --local --show-origin --name-only --get-regexp remote.origin.url
2026-04-28T20:40:17.8162039Z Cleaning up orphan processes
2026-04-28T20:40:17.8458381Z ##[warning]Node.js 20 actions are deprecated. The following actions are running on Node.js 20 and may not work as expected: actions/checkout@v4. Actions will be forced to run with Node.js 24 by default starting June 2nd, 2026. Node.js 20 will be removed from the runner on September 16th, 2026. Please check if updated versions of these actions are available that support Node.js 24. To opt into Node.js 24 now, set the FORCE_JAVASCRIPT_ACTIONS_TO_NODE24=true environment variable on the runner or in your workflow file. Once Node.js 24 becomes the default, you can temporarily opt out by setting ACTIONS_ALLOW_USE_UNSECURE_NODE_VERSION=true. For more information see: https://github.blog/changelog/2025-09-19-deprecation-of-node-20-on-github-actions-runners/
