=== CI FAILURE ===
Workflow:      Version Bump & Tag
Workflow file: averycorp/prismTask/.github/workflows/version-bump-and-tag.yml@refs/heads/main
Job(s):        Version Bump & Tag
Run ID:        25081334980
Run attempt:   1
Run URL:       https://github.com/averycorp/prismTask/actions/runs/25081334980
Commit:        0273c752fbd33e2f9912b31f762dd3c55fc49293
Branch:        main
Event:         workflow_run
Actor:         akarlin3
Runner OS:     Linux
Timestamp:     2026-04-28T22:40:14.492Z

Failed steps:
  - Version Bump & Tag: #6 Commit version bump

=== FAILED JOB LOG ===

--- Job: Version Bump & Tag (id 73486889199) ---
2026-04-28T22:39:11.5809257Z Current runner version: '2.334.0'
2026-04-28T22:39:11.5844795Z ##[group]Runner Image Provisioner
2026-04-28T22:39:11.5846035Z Hosted Compute Agent
2026-04-28T22:39:11.5846976Z Version: 20260213.493
2026-04-28T22:39:11.5847916Z Commit: 5c115507f6dd24b8de37d8bbe0bb4509d0cc0fa3
2026-04-28T22:39:11.5849070Z Build Date: 2026-02-13T00:28:41Z
2026-04-28T22:39:11.5850110Z Worker ID: {314dc5dc-15b4-41ee-8bf7-a2c0a25c3c74}
2026-04-28T22:39:11.5851406Z Azure Region: eastus
2026-04-28T22:39:11.5852167Z ##[endgroup]
2026-04-28T22:39:11.5854373Z ##[group]Operating System
2026-04-28T22:39:11.5855251Z Ubuntu
2026-04-28T22:39:11.5855945Z 24.04.4
2026-04-28T22:39:11.5856707Z LTS
2026-04-28T22:39:11.5857342Z ##[endgroup]
2026-04-28T22:39:11.5858139Z ##[group]Runner Image
2026-04-28T22:39:11.5859039Z Image: ubuntu-24.04
2026-04-28T22:39:11.5859763Z Version: 20260413.86.1
2026-04-28T22:39:11.5861961Z Included Software: https://github.com/actions/runner-images/blob/ubuntu24/20260413.86/images/ubuntu/Ubuntu2404-Readme.md
2026-04-28T22:39:11.5864194Z Image Release: https://github.com/actions/runner-images/releases/tag/ubuntu24%2F20260413.86
2026-04-28T22:39:11.5865660Z ##[endgroup]
2026-04-28T22:39:11.5867570Z ##[group]GITHUB_TOKEN Permissions
2026-04-28T22:39:11.5870499Z Actions: write
2026-04-28T22:39:11.5871462Z Contents: write
2026-04-28T22:39:11.5872230Z Metadata: read
2026-04-28T22:39:11.5873038Z PullRequests: read
2026-04-28T22:39:11.5873776Z ##[endgroup]
2026-04-28T22:39:11.5876655Z Secret source: Actions
2026-04-28T22:39:11.5878116Z Prepare workflow directory
2026-04-28T22:39:11.6497359Z Prepare all required actions
2026-04-28T22:39:11.6550562Z Getting action download info
2026-04-28T22:39:11.8802361Z Download action repository 'actions/checkout@v4' (SHA:34e114876b0b11c390a56381ad16ebd13914f8d5)
2026-04-28T22:39:12.3220508Z Complete job name: Version Bump & Tag
2026-04-28T22:39:12.3873394Z ##[group]Run set -euo pipefail
2026-04-28T22:39:12.3874078Z [36;1mset -euo pipefail[0m
2026-04-28T22:39:12.3874657Z [36;1mif [ "$EVENT_NAME" = "workflow_dispatch" ]; then[0m
2026-04-28T22:39:12.3875445Z [36;1m  # Manual dispatch path — use the input if provided, otherwise[0m
2026-04-28T22:39:12.3876204Z [36;1m  # walk the latest merged PR on main and target that.[0m
2026-04-28T22:39:12.3876822Z [36;1m  if [ -n "$DISPATCH_PR" ]; then[0m
2026-04-28T22:39:12.3877433Z [36;1m    echo "pr_number=$DISPATCH_PR" >> "$GITHUB_OUTPUT"[0m
2026-04-28T22:39:12.3878066Z [36;1m    echo "found=true" >> "$GITHUB_OUTPUT"[0m
2026-04-28T22:39:12.3878702Z [36;1m    echo "Using PR #$DISPATCH_PR from dispatch input."[0m
2026-04-28T22:39:12.3879274Z [36;1m    exit 0[0m
2026-04-28T22:39:12.3879670Z [36;1m  fi[0m
2026-04-28T22:39:12.3880217Z [36;1m  PR_NUMBER=$(gh pr list --repo "$REPO" --state merged --base main \[0m
2026-04-28T22:39:12.3881265Z [36;1m    --limit 1 --json number -q '.[0].number // empty')[0m
2026-04-28T22:39:12.3881876Z [36;1m  if [ -z "$PR_NUMBER" ]; then[0m
2026-04-28T22:39:12.3882586Z [36;1m    echo "::warning::No merged PRs found on main. Cannot resolve PR; skipping."[0m
2026-04-28T22:39:12.3883359Z [36;1m    echo "found=false" >> "$GITHUB_OUTPUT"[0m
2026-04-28T22:39:12.3883896Z [36;1m    exit 0[0m
2026-04-28T22:39:12.3884293Z [36;1m  fi[0m
2026-04-28T22:39:12.3884761Z [36;1m  echo "pr_number=$PR_NUMBER" >> "$GITHUB_OUTPUT"[0m
2026-04-28T22:39:12.3885371Z [36;1m  echo "found=true" >> "$GITHUB_OUTPUT"[0m
2026-04-28T22:39:12.3886084Z [36;1m  echo "Resolved most-recent merged PR #$PR_NUMBER for dispatch run."[0m
2026-04-28T22:39:12.3886742Z [36;1m  exit 0[0m
2026-04-28T22:39:12.3887127Z [36;1mfi[0m
2026-04-28T22:39:12.3887488Z [36;1m[0m
2026-04-28T22:39:12.3887956Z [36;1m# Path 1 — fast path: pull_requests was populated.[0m
2026-04-28T22:39:12.3888716Z [36;1mPR_NUMBER=$(echo "$PR_JSON" | jq -r '.[0].number // empty')[0m
2026-04-28T22:39:12.3889367Z [36;1mif [ -n "$PR_NUMBER" ]; then[0m
2026-04-28T22:39:12.3890054Z [36;1m  echo "pr_number=$PR_NUMBER" >> "$GITHUB_OUTPUT"[0m
2026-04-28T22:39:12.3890872Z [36;1m  echo "found=true" >> "$GITHUB_OUTPUT"[0m
2026-04-28T22:39:12.3892110Z [36;1m  echo "Resolved PR #$PR_NUMBER from workflow_run payload."[0m
2026-04-28T22:39:12.3892717Z [36;1m  exit 0[0m
2026-04-28T22:39:12.3893092Z [36;1mfi[0m
2026-04-28T22:39:12.3893587Z [36;1m[0m
2026-04-28T22:39:12.3894091Z [36;1m# Path 2 — fallback: look the PR up by HEAD SHA. Works in both[0m
2026-04-28T22:39:12.3894853Z [36;1m# the pre-merge case (auto-merge.yml fires before the squash[0m
2026-04-28T22:39:12.3895611Z [36;1m# actually happens; the open PR still has this commit at its[0m
2026-04-28T22:39:12.3896395Z [36;1m# head) and the post-merge case (GitHub keeps the commit→PR[0m
2026-04-28T22:39:12.3897165Z [36;1m# mapping after squash, so we still resolve correctly even if[0m
2026-04-28T22:39:12.3897936Z [36;1m# the source branch was deleted). The downstream "Wait for PR[0m
2026-04-28T22:39:12.3898672Z [36;1m# to merge" step handles the timing — we only need the PR[0m
2026-04-28T22:39:12.3899308Z [36;1m# number here, not its merge state.[0m
2026-04-28T22:39:12.3899808Z [36;1m#[0m
2026-04-28T22:39:12.3900332Z [36;1m# Deliberately NOT falling back to "most recent merged PR" —[0m
2026-04-28T22:39:12.3901229Z [36;1m# that race-condition-bumps a previously-merged PR if[0m
2026-04-28T22:39:12.3901918Z [36;1m# workflow_run fires before the queued merge lands.[0m
2026-04-28T22:39:12.3902509Z [36;1mif [ -z "$HEAD_SHA" ]; then[0m
2026-04-28T22:39:12.3903210Z [36;1m  echo "::warning::workflow_run.head_sha is empty; cannot resolve PR. Skipping."[0m
2026-04-28T22:39:12.3903982Z [36;1m  echo "found=false" >> "$GITHUB_OUTPUT"[0m
2026-04-28T22:39:12.3904495Z [36;1m  exit 0[0m
2026-04-28T22:39:12.3904856Z [36;1mfi[0m
2026-04-28T22:39:12.3905388Z [36;1m# Capture the API response separately instead of piping through[0m
2026-04-28T22:39:12.3906357Z [36;1m# `gh api --jq` directly. Under `set -euo pipefail`, an empty or[0m
2026-04-28T22:39:12.3907090Z [36;1m# non-JSON response body crashes the embedded jq with[0m
2026-04-28T22:39:12.3907825Z [36;1m# `unexpected end of JSON input` and aborts the whole script[0m
2026-04-28T22:39:12.3908598Z [36;1m# before the empty-result branch below can fire — observed on[0m
2026-04-28T22:39:12.3909350Z [36;1m# PR #857's post-merge run, which silently dropped the version[0m
2026-04-28T22:39:12.3910088Z [36;1m# bump on the floor. The retry loop covers the indexing-lag[0m
2026-04-28T22:39:12.3910822Z [36;1m# window where `commits/{sha}/pulls` returns `[]` for a few[0m
2026-04-28T22:39:12.3911604Z [36;1m# seconds after the squash-merge push lands.[0m
2026-04-28T22:39:12.3912156Z [36;1mPR_NUMBER=""[0m
2026-04-28T22:39:12.3912569Z [36;1mfor attempt in 1 2 3; do[0m
2026-04-28T22:39:12.3913051Z [36;1m  RESPONSE=$(gh api \[0m
2026-04-28T22:39:12.3913581Z [36;1m    "repos/$REPO/commits/$HEAD_SHA/pulls" \[0m
2026-04-28T22:39:12.3914296Z [36;1m    -H "Accept: application/vnd.github+json" 2>/dev/null || echo "[]")[0m
2026-04-28T22:39:12.3915036Z [36;1m  PR_NUMBER=$(printf '%s' "$RESPONSE" | jq -r '[0m
2026-04-28T22:39:12.3915646Z [36;1m    if type == "array" and length > 0 then[0m
2026-04-28T22:39:12.3916267Z [36;1m      (sort_by(.number) | reverse | .[0].number // empty)[0m
2026-04-28T22:39:12.3916856Z [36;1m    else empty end[0m
2026-04-28T22:39:12.3917307Z [36;1m  ' 2>/dev/null || echo "")[0m
2026-04-28T22:39:12.3917792Z [36;1m  [ -n "$PR_NUMBER" ] && break[0m
2026-04-28T22:39:12.3918570Z [36;1m  echo "commits/$HEAD_SHA/pulls returned no PR (attempt $attempt/3); sleeping 5s..."[0m
2026-04-28T22:39:12.3919313Z [36;1m  sleep 5[0m
2026-04-28T22:39:12.3919701Z [36;1mdone[0m
2026-04-28T22:39:12.3920094Z [36;1mif [ -z "$PR_NUMBER" ]; then[0m
2026-04-28T22:39:12.3920902Z [36;1m  echo "::warning::No PR found for commit $HEAD_SHA via commits/{sha}/pulls after 3 attempts. Skipping."[0m
2026-04-28T22:39:12.3921969Z [36;1m  echo "found=false" >> "$GITHUB_OUTPUT"[0m
2026-04-28T22:39:12.3922497Z [36;1m  exit 0[0m
2026-04-28T22:39:12.3922866Z [36;1mfi[0m
2026-04-28T22:39:12.3923486Z [36;1mecho "pr_number=$PR_NUMBER" >> "$GITHUB_OUTPUT"[0m
2026-04-28T22:39:12.3924083Z [36;1mecho "found=true" >> "$GITHUB_OUTPUT"[0m
2026-04-28T22:39:12.3924785Z [36;1mecho "Resolved PR #$PR_NUMBER from commits/$HEAD_SHA/pulls fallback."[0m
2026-04-28T22:39:12.3951197Z shell: /usr/bin/bash -e {0}
2026-04-28T22:39:12.3951916Z env:
2026-04-28T22:39:12.3952511Z   GH_TOKEN: ***
2026-04-28T22:39:12.3952933Z   REPO: averycorp/prismTask
2026-04-28T22:39:12.3953397Z   EVENT_NAME: workflow_run
2026-04-28T22:39:12.3953814Z   PR_JSON: []
2026-04-28T22:39:12.3954244Z   HEAD_SHA: cd5795f863bd89196b994c5b48356ff46bc61a1b
2026-04-28T22:39:12.3954779Z   DISPATCH_PR: 
2026-04-28T22:39:12.3955143Z ##[endgroup]
2026-04-28T22:39:13.0874046Z Resolved PR #923 from commits/cd5795f863bd89196b994c5b48356ff46bc61a1b/pulls fallback.
2026-04-28T22:39:13.1034064Z ##[group]Run set -euo pipefail
2026-04-28T22:39:13.1035402Z [36;1mset -euo pipefail[0m
2026-04-28T22:39:13.1036951Z [36;1m# gh pr merge --auto may queue the merge until required checks[0m
2026-04-28T22:39:13.1038893Z [36;1m# pass. Poll until MERGED, CLOSED, or timeout.[0m
2026-04-28T22:39:13.1040376Z [36;1m#[0m
2026-04-28T22:39:13.1041889Z [36;1m# Audit PR #876 → CI pathway efficiency: ceiling raised[0m
2026-04-28T22:39:13.1043840Z [36;1m# 60→120 attempts × 10s = 20 min. Real Android PRs (PR #851[0m
2026-04-28T22:39:13.1045794Z [36;1m# took 37 min from open to merge; PR #859 took 14 min) can[0m
2026-04-28T22:39:13.1047726Z [36;1m# exceed the prior 10-min ceiling because auto-merge.yml[0m
2026-04-28T22:39:13.1049652Z [36;1m# queues on slow lane completion. A silently-dropped bump[0m
2026-04-28T22:39:13.1051821Z [36;1m# (memory `feedback_skip_ci_blocks_tag_release.md`) requires a[0m
2026-04-28T22:39:13.1053888Z [36;1m# manual `gh workflow run release.yml --ref vX.Y.Z` re-fire,[0m
2026-04-28T22:39:13.1055805Z [36;1m# which is a real recovery cost. 20 min covers all observed[0m
2026-04-28T22:39:13.1057635Z [36;1m# PR lifecycles in the audit window without expanding[0m
2026-04-28T22:39:13.1059491Z [36;1m# workflow_run resource cost meaningfully (idle polling).[0m
2026-04-28T22:39:13.1061190Z [36;1mfor i in $(seq 1 120); do[0m
2026-04-28T22:39:13.1062764Z [36;1m  STATE=$(gh pr view "$PR_NUMBER" --repo "$REPO" --json state -q '.state')[0m
2026-04-28T22:39:13.1064448Z [36;1m  case "$STATE" in[0m
2026-04-28T22:39:13.1065463Z [36;1m    MERGED)[0m
2026-04-28T22:39:13.1067148Z [36;1m      MERGE_SHA=$(gh pr view "$PR_NUMBER" --repo "$REPO" --json mergeCommit -q '.mergeCommit.oid')[0m
2026-04-28T22:39:13.1069246Z [36;1m      echo "merged=true" >> "$GITHUB_OUTPUT"[0m
2026-04-28T22:39:13.1070728Z [36;1m      echo "merge_sha=$MERGE_SHA" >> "$GITHUB_OUTPUT"[0m
2026-04-28T22:39:13.1072400Z [36;1m      echo "PR merged at $MERGE_SHA"[0m
2026-04-28T22:39:13.1073620Z [36;1m      exit 0[0m
2026-04-28T22:39:13.1074550Z [36;1m      ;;[0m
2026-04-28T22:39:13.1075425Z [36;1m    CLOSED)[0m
2026-04-28T22:39:13.1076474Z [36;1m      echo "merged=false" >> "$GITHUB_OUTPUT"[0m
2026-04-28T22:39:13.1078007Z [36;1m      echo "PR closed without merging — skipping bump."[0m
2026-04-28T22:39:13.1079453Z [36;1m      exit 0[0m
2026-04-28T22:39:13.1080420Z [36;1m      ;;[0m
2026-04-28T22:39:13.1081477Z [36;1m    *)[0m
2026-04-28T22:39:13.1082649Z [36;1m      echo "PR state=$STATE (attempt $i/120); sleeping 10s..."[0m
2026-04-28T22:39:13.1084152Z [36;1m      sleep 10[0m
2026-04-28T22:39:13.1085121Z [36;1m      ;;[0m
2026-04-28T22:39:13.1085991Z [36;1m  esac[0m
2026-04-28T22:39:13.1086841Z [36;1mdone[0m
2026-04-28T22:39:13.1087816Z [36;1mecho "merged=false" >> "$GITHUB_OUTPUT"[0m
2026-04-28T22:39:13.1089624Z [36;1mecho "::warning::PR did not reach MERGED within 20 minutes — skipping bump."[0m
2026-04-28T22:39:13.1115189Z shell: /usr/bin/bash -e {0}
2026-04-28T22:39:13.1116243Z env:
2026-04-28T22:39:13.1117546Z   GH_TOKEN: ***
2026-04-28T22:39:13.1118427Z   PR_NUMBER: 923
2026-04-28T22:39:13.1119331Z   REPO: averycorp/prismTask
2026-04-28T22:39:13.1120528Z ##[endgroup]
2026-04-28T22:39:13.5557093Z PR merged at 0273c752fbd33e2f9912b31f762dd3c55fc49293
2026-04-28T22:39:13.5791757Z ##[group]Run actions/checkout@v4
2026-04-28T22:39:13.5792731Z with:
2026-04-28T22:39:13.5794445Z   token: ***
2026-04-28T22:39:13.5795278Z   ref: 0273c752fbd33e2f9912b31f762dd3c55fc49293
2026-04-28T22:39:13.5796333Z   fetch-depth: 0
2026-04-28T22:39:13.5797151Z   repository: averycorp/prismTask
2026-04-28T22:39:13.5798070Z   ssh-strict: true
2026-04-28T22:39:13.5798836Z   ssh-user: git
2026-04-28T22:39:13.5799620Z   persist-credentials: true
2026-04-28T22:39:13.5800485Z   clean: true
2026-04-28T22:39:13.5801561Z   sparse-checkout-cone-mode: true
2026-04-28T22:39:13.5802485Z   fetch-tags: false
2026-04-28T22:39:13.5803269Z   show-progress: true
2026-04-28T22:39:13.5804053Z   lfs: false
2026-04-28T22:39:13.5804757Z   submodules: false
2026-04-28T22:39:13.5805567Z   set-safe-directory: true
2026-04-28T22:39:13.5806383Z ##[endgroup]
2026-04-28T22:39:13.6884008Z Syncing repository: averycorp/prismTask
2026-04-28T22:39:13.6886514Z ##[group]Getting Git version info
2026-04-28T22:39:13.6887830Z Working directory is '/home/runner/work/prismTask/prismTask'
2026-04-28T22:39:13.6889582Z [command]/usr/bin/git version
2026-04-28T22:39:13.6943419Z git version 2.53.0
2026-04-28T22:39:13.6967830Z ##[endgroup]
2026-04-28T22:39:13.6982411Z Temporarily overriding HOME='/home/runner/work/_temp/5a008b7e-fe08-4222-97d0-5cde90c4b355' before making global git config changes
2026-04-28T22:39:13.6984869Z Adding repository directory to the temporary git global config as a safe directory
2026-04-28T22:39:13.6987261Z [command]/usr/bin/git config --global --add safe.directory /home/runner/work/prismTask/prismTask
2026-04-28T22:39:13.7019683Z Deleting the contents of '/home/runner/work/prismTask/prismTask'
2026-04-28T22:39:13.7023592Z ##[group]Initializing the repository
2026-04-28T22:39:13.7027417Z [command]/usr/bin/git init /home/runner/work/prismTask/prismTask
2026-04-28T22:39:13.7091538Z hint: Using 'master' as the name for the initial branch. This default branch name
2026-04-28T22:39:13.7093781Z hint: will change to "main" in Git 3.0. To configure the initial branch name
2026-04-28T22:39:13.7095453Z hint: to use in all of your new repositories, which will suppress this warning,
2026-04-28T22:39:13.7096769Z hint: call:
2026-04-28T22:39:13.7097795Z hint:
2026-04-28T22:39:13.7098782Z hint: 	git config --global init.defaultBranch <name>
2026-04-28T22:39:13.7099870Z hint:
2026-04-28T22:39:13.7101183Z hint: Names commonly chosen instead of 'master' are 'main', 'trunk' and
2026-04-28T22:39:13.7103222Z hint: 'development'. The just-created branch can be renamed via this command:
2026-04-28T22:39:13.7104552Z hint:
2026-04-28T22:39:13.7105301Z hint: 	git branch -m <name>
2026-04-28T22:39:13.7106160Z hint:
2026-04-28T22:39:13.7107286Z hint: Disable this message with "git config set advice.defaultBranchName false"
2026-04-28T22:39:13.7109329Z Initialized empty Git repository in /home/runner/work/prismTask/prismTask/.git/
2026-04-28T22:39:13.7112622Z [command]/usr/bin/git remote add origin https://github.com/averycorp/prismTask
2026-04-28T22:39:13.7135830Z ##[endgroup]
2026-04-28T22:39:13.7137209Z ##[group]Disabling automatic garbage collection
2026-04-28T22:39:13.7139681Z [command]/usr/bin/git config --local gc.auto 0
2026-04-28T22:39:13.7168688Z ##[endgroup]
2026-04-28T22:39:13.7169961Z ##[group]Setting up auth
2026-04-28T22:39:13.7175257Z [command]/usr/bin/git config --local --name-only --get-regexp core\.sshCommand
2026-04-28T22:39:13.7207897Z [command]/usr/bin/git submodule foreach --recursive sh -c "git config --local --name-only --get-regexp 'core\.sshCommand' && git config --local --unset-all 'core.sshCommand' || :"
2026-04-28T22:39:13.7506809Z [command]/usr/bin/git config --local --name-only --get-regexp http\.https\:\/\/github\.com\/\.extraheader
2026-04-28T22:39:13.7539525Z [command]/usr/bin/git submodule foreach --recursive sh -c "git config --local --name-only --get-regexp 'http\.https\:\/\/github\.com\/\.extraheader' && git config --local --unset-all 'http.https://github.com/.extraheader' || :"
2026-04-28T22:39:13.7766436Z [command]/usr/bin/git config --local --name-only --get-regexp ^includeIf\.gitdir:
2026-04-28T22:39:13.7798159Z [command]/usr/bin/git submodule foreach --recursive git config --local --show-origin --name-only --get-regexp remote.origin.url
2026-04-28T22:39:13.8033087Z [command]/usr/bin/git config --local http.https://github.com/.extraheader AUTHORIZATION: basic ***
2026-04-28T22:39:13.8068088Z ##[endgroup]
2026-04-28T22:39:13.8077137Z ##[group]Fetching the repository
2026-04-28T22:39:13.8080334Z [command]/usr/bin/git -c protocol.version=2 fetch --prune --no-recurse-submodules origin +refs/heads/*:refs/remotes/origin/* +refs/tags/*:refs/tags/*
2026-04-28T22:39:32.1782371Z From https://github.com/averycorp/prismTask
2026-04-28T22:39:32.1783152Z  * [new branch]        ci-logs         -> origin/ci-logs
2026-04-28T22:39:32.1783726Z  * [new branch]        main            -> origin/main
2026-04-28T22:39:32.1784570Z  * [new branch]        v0.1.0-legacy   -> origin/v0.1.0-legacy
2026-04-28T22:39:32.1789265Z  * [new branch]        v0.2.0-legacy   -> origin/v0.2.0-legacy
2026-04-28T22:39:32.1790087Z  * [new branch]        v0.3.0-legacy   -> origin/v0.3.0-legacy
2026-04-28T22:39:32.1790721Z  * [new branch]        v0.4.0-legacy   -> origin/v0.4.0-legacy
2026-04-28T22:39:32.1791648Z  * [new branch]        v0.5.0-legacy   -> origin/v0.5.0-legacy
2026-04-28T22:39:32.1792282Z  * [new branch]        v0.6.0-legacy   -> origin/v0.6.0-legacy
2026-04-28T22:39:32.1792923Z  * [new branch]        v0.7.0-legacy   -> origin/v0.7.0-legacy
2026-04-28T22:39:32.1797144Z  * [new tag]           v0.1.0          -> v0.1.0
2026-04-28T22:39:32.1797889Z  * [new tag]           v0.2.0          -> v0.2.0
2026-04-28T22:39:32.1877264Z  * [new tag]           v0.3.0          -> v0.3.0
2026-04-28T22:39:32.1877884Z  * [new tag]           v0.4.0          -> v0.4.0
2026-04-28T22:39:32.1878491Z  * [new tag]           v0.5.0          -> v0.5.0
2026-04-28T22:39:32.1879120Z  * [new tag]           v0.7.0          -> v0.7.0
2026-04-28T22:39:32.1879668Z  * [new tag]           v0.7.12         -> v0.7.12
2026-04-28T22:39:32.1880284Z  * [new tag]           v0.7.13         -> v0.7.13
2026-04-28T22:39:32.1880890Z  * [new tag]           v0.7.14         -> v0.7.14
2026-04-28T22:39:32.1881669Z  * [new tag]           v0.7.15         -> v0.7.15
2026-04-28T22:39:32.1882201Z  * [new tag]           v0.7.16         -> v0.7.16
2026-04-28T22:39:32.1882738Z  * [new tag]           v0.7.17         -> v0.7.17
2026-04-28T22:39:32.1883373Z  * [new tag]           v0.7.17-build.2 -> v0.7.17-build.2
2026-04-28T22:39:32.1883959Z  * [new tag]           v0.7.17-build.3 -> v0.7.17-build.3
2026-04-28T22:39:32.1884548Z  * [new tag]           v0.7.17-build.4 -> v0.7.17-build.4
2026-04-28T22:39:32.1885247Z  * [new tag]           v0.7.17-build.5 -> v0.7.17-build.5
2026-04-28T22:39:32.1885799Z  * [new tag]           v0.7.17-build.6 -> v0.7.17-build.6
2026-04-28T22:39:32.1886383Z  * [new tag]           v0.7.17-build.7 -> v0.7.17-build.7
2026-04-28T22:39:32.1886961Z  * [new tag]           v0.7.17-build.8 -> v0.7.17-build.8
2026-04-28T22:39:32.1887676Z  * [new tag]           v0.7.17-build.9 -> v0.7.17-build.9
2026-04-28T22:39:32.1888249Z  * [new tag]           v0.7.18         -> v0.7.18
2026-04-28T22:39:32.1888701Z  * [new tag]           v0.7.18-build.2 -> v0.7.18-build.2
2026-04-28T22:39:32.1889063Z  * [new tag]           v0.7.18-build.3 -> v0.7.18-build.3
2026-04-28T22:39:32.1889410Z  * [new tag]           v0.7.18-build.4 -> v0.7.18-build.4
2026-04-28T22:39:32.1889750Z  * [new tag]           v0.7.19         -> v0.7.19
2026-04-28T22:39:32.1890093Z  * [new tag]           v0.7.19-build.2 -> v0.7.19-build.2
2026-04-28T22:39:32.1890422Z  * [new tag]           v0.7.20         -> v0.7.20
2026-04-28T22:39:32.1890768Z  * [new tag]           v0.7.20-build.2 -> v0.7.20-build.2
2026-04-28T22:39:32.1891361Z  * [new tag]           v0.7.20-build.3 -> v0.7.20-build.3
2026-04-28T22:39:32.1891732Z  * [new tag]           v0.7.20-build.4 -> v0.7.20-build.4
2026-04-28T22:39:32.1892587Z  * [new tag]           v0.8.0          -> v0.8.0
2026-04-28T22:39:32.1892952Z  * [new tag]           v0.8.0-build.2  -> v0.8.0-build.2
2026-04-28T22:39:32.1893304Z  * [new tag]           v0.8.1          -> v0.8.1
2026-04-28T22:39:32.1893628Z  * [new tag]           v0.8.10         -> v0.8.10
2026-04-28T22:39:32.1893956Z  * [new tag]           v0.8.11         -> v0.8.11
2026-04-28T22:39:32.1894290Z  * [new tag]           v0.8.12         -> v0.8.12
2026-04-28T22:39:32.1894604Z  * [new tag]           v0.8.13         -> v0.8.13
2026-04-28T22:39:32.1894923Z  * [new tag]           v0.8.14         -> v0.8.14
2026-04-28T22:39:32.1895249Z  * [new tag]           v0.8.15         -> v0.8.15
2026-04-28T22:39:32.1895564Z  * [new tag]           v0.8.2          -> v0.8.2
2026-04-28T22:39:32.1896002Z  * [new tag]           v0.8.3          -> v0.8.3
2026-04-28T22:39:32.1896323Z  * [new tag]           v0.8.4          -> v0.8.4
2026-04-28T22:39:32.1896687Z  * [new tag]           v0.8.5          -> v0.8.5
2026-04-28T22:39:32.1897027Z  * [new tag]           v0.8.6          -> v0.8.6
2026-04-28T22:39:32.1897345Z  * [new tag]           v0.8.7          -> v0.8.7
2026-04-28T22:39:32.1897701Z  * [new tag]           v0.8.8          -> v0.8.8
2026-04-28T22:39:32.1898044Z  * [new tag]           v0.8.9          -> v0.8.9
2026-04-28T22:39:32.1898359Z  * [new tag]           v0.9.1          -> v0.9.1
2026-04-28T22:39:32.1898676Z  * [new tag]           v0.9.2          -> v0.9.2
2026-04-28T22:39:32.1899006Z  * [new tag]           v1.0.1          -> v1.0.1
2026-04-28T22:39:32.1899334Z  * [new tag]           v1.0.10         -> v1.0.10
2026-04-28T22:39:32.1899677Z  * [new tag]           v1.0.11         -> v1.0.11
2026-04-28T22:39:32.1900002Z  * [new tag]           v1.0.12         -> v1.0.12
2026-04-28T22:39:32.1900328Z  * [new tag]           v1.0.13         -> v1.0.13
2026-04-28T22:39:32.1900647Z  * [new tag]           v1.0.2          -> v1.0.2
2026-04-28T22:39:32.1901235Z  * [new tag]           v1.0.3          -> v1.0.3
2026-04-28T22:39:32.1901631Z  * [new tag]           v1.0.4          -> v1.0.4
2026-04-28T22:39:32.1901964Z  * [new tag]           v1.0.5          -> v1.0.5
2026-04-28T22:39:32.1902276Z  * [new tag]           v1.0.6          -> v1.0.6
2026-04-28T22:39:32.1902601Z  * [new tag]           v1.0.7          -> v1.0.7
2026-04-28T22:39:32.1902925Z  * [new tag]           v1.0.8          -> v1.0.8
2026-04-28T22:39:32.1903269Z  * [new tag]           v1.0.9          -> v1.0.9
2026-04-28T22:39:32.1903625Z  * [new tag]           v1.1.1          -> v1.1.1
2026-04-28T22:39:32.1903985Z  * [new tag]           v1.1.1-build.2  -> v1.1.1-build.2
2026-04-28T22:39:32.1904347Z  * [new tag]           v1.1.1-build.3  -> v1.1.1-build.3
2026-04-28T22:39:32.1904712Z  * [new tag]           v1.1.1-build.4  -> v1.1.1-build.4
2026-04-28T22:39:32.1905064Z  * [new tag]           v1.1.10         -> v1.1.10
2026-04-28T22:39:32.1905404Z  * [new tag]           v1.1.11         -> v1.1.11
2026-04-28T22:39:32.1905748Z  * [new tag]           v1.1.12         -> v1.1.12
2026-04-28T22:39:32.1906090Z  * [new tag]           v1.1.2          -> v1.1.2
2026-04-28T22:39:32.1906422Z  * [new tag]           v1.1.3          -> v1.1.3
2026-04-28T22:39:32.1906744Z  * [new tag]           v1.1.4          -> v1.1.4
2026-04-28T22:39:32.1907088Z  * [new tag]           v1.1.5          -> v1.1.5
2026-04-28T22:39:32.1907432Z  * [new tag]           v1.1.6          -> v1.1.6
2026-04-28T22:39:32.1907765Z  * [new tag]           v1.1.7          -> v1.1.7
2026-04-28T22:39:32.1908107Z  * [new tag]           v1.1.8          -> v1.1.8
2026-04-28T22:39:32.1908451Z  * [new tag]           v1.1.9          -> v1.1.9
2026-04-28T22:39:32.1908783Z  * [new tag]           v1.3.0          -> v1.3.0
2026-04-28T22:39:32.1909122Z  * [new tag]           v1.3.1          -> v1.3.1
2026-04-28T22:39:32.1909472Z  * [new tag]           v1.3.10         -> v1.3.10
2026-04-28T22:39:32.1909808Z  * [new tag]           v1.3.11         -> v1.3.11
2026-04-28T22:39:32.1910335Z  * [new tag]           v1.3.11-build.2 -> v1.3.11-build.2
2026-04-28T22:39:32.1910827Z  * [new tag]           v1.3.12         -> v1.3.12
2026-04-28T22:39:32.1911355Z  * [new tag]           v1.3.13         -> v1.3.13
2026-04-28T22:39:32.1911736Z  * [new tag]           v1.3.13-build.2 -> v1.3.13-build.2
2026-04-28T22:39:32.1912104Z  * [new tag]           v1.3.14         -> v1.3.14
2026-04-28T22:39:32.1912456Z  * [new tag]           v1.3.15         -> v1.3.15
2026-04-28T22:39:32.1912799Z  * [new tag]           v1.3.16         -> v1.3.16
2026-04-28T22:39:32.1913140Z  * [new tag]           v1.3.17         -> v1.3.17
2026-04-28T22:39:32.1913483Z  * [new tag]           v1.3.18         -> v1.3.18
2026-04-28T22:39:32.1913822Z  * [new tag]           v1.3.19         -> v1.3.19
2026-04-28T22:39:32.1914165Z  * [new tag]           v1.3.2          -> v1.3.2
2026-04-28T22:39:32.1914511Z  * [new tag]           v1.3.20         -> v1.3.20
2026-04-28T22:39:32.1914847Z  * [new tag]           v1.3.21         -> v1.3.21
2026-04-28T22:39:32.1915200Z  * [new tag]           v1.3.22         -> v1.3.22
2026-04-28T22:39:32.1915549Z  * [new tag]           v1.3.23         -> v1.3.23
2026-04-28T22:39:32.1915885Z  * [new tag]           v1.3.24         -> v1.3.24
2026-04-28T22:39:32.1916248Z  * [new tag]           v1.3.25         -> v1.3.25
2026-04-28T22:39:32.1916619Z  * [new tag]           v1.3.26         -> v1.3.26
2026-04-28T22:39:32.1916960Z  * [new tag]           v1.3.27         -> v1.3.27
2026-04-28T22:39:32.1917304Z  * [new tag]           v1.3.28         -> v1.3.28
2026-04-28T22:39:32.1917652Z  * [new tag]           v1.3.29         -> v1.3.29
2026-04-28T22:39:32.1918004Z  * [new tag]           v1.3.3          -> v1.3.3
2026-04-28T22:39:32.1918348Z  * [new tag]           v1.3.30         -> v1.3.30
2026-04-28T22:39:32.1918698Z  * [new tag]           v1.3.31         -> v1.3.31
2026-04-28T22:39:32.1919048Z  * [new tag]           v1.3.32         -> v1.3.32
2026-04-28T22:39:32.1919387Z  * [new tag]           v1.3.33         -> v1.3.33
2026-04-28T22:39:32.1919743Z  * [new tag]           v1.3.34         -> v1.3.34
2026-04-28T22:39:32.1920091Z  * [new tag]           v1.3.35         -> v1.3.35
2026-04-28T22:39:32.1920425Z  * [new tag]           v1.3.36         -> v1.3.36
2026-04-28T22:39:32.1920771Z  * [new tag]           v1.3.37         -> v1.3.37
2026-04-28T22:39:32.1921275Z  * [new tag]           v1.3.38         -> v1.3.38
2026-04-28T22:39:32.1921619Z  * [new tag]           v1.3.39         -> v1.3.39
2026-04-28T22:39:32.1921970Z  * [new tag]           v1.3.4          -> v1.3.4
2026-04-28T22:39:32.1922319Z  * [new tag]           v1.3.40         -> v1.3.40
2026-04-28T22:39:32.1922656Z  * [new tag]           v1.3.41         -> v1.3.41
2026-04-28T22:39:32.1922992Z  * [new tag]           v1.3.42         -> v1.3.42
2026-04-28T22:39:32.1923342Z  * [new tag]           v1.3.43         -> v1.3.43
2026-04-28T22:39:32.1923689Z  * [new tag]           v1.3.44         -> v1.3.44
2026-04-28T22:39:32.1924040Z  * [new tag]           v1.3.45         -> v1.3.45
2026-04-28T22:39:32.1924401Z  * [new tag]           v1.3.46         -> v1.3.46
2026-04-28T22:39:32.1924751Z  * [new tag]           v1.3.47         -> v1.3.47
2026-04-28T22:39:32.1925090Z  * [new tag]           v1.3.48         -> v1.3.48
2026-04-28T22:39:32.1925447Z  * [new tag]           v1.3.49         -> v1.3.49
2026-04-28T22:39:32.1925814Z  * [new tag]           v1.3.5          -> v1.3.5
2026-04-28T22:39:32.1926185Z  * [new tag]           v1.3.5-build.2  -> v1.3.5-build.2
2026-04-28T22:39:32.1926564Z  * [new tag]           v1.3.50         -> v1.3.50
2026-04-28T22:39:32.1926924Z  * [new tag]           v1.3.51         -> v1.3.51
2026-04-28T22:39:32.1927271Z  * [new tag]           v1.3.52         -> v1.3.52
2026-04-28T22:39:32.1927629Z  * [new tag]           v1.3.53         -> v1.3.53
2026-04-28T22:39:32.1927982Z  * [new tag]           v1.3.54         -> v1.3.54
2026-04-28T22:39:32.1928314Z  * [new tag]           v1.3.55         -> v1.3.55
2026-04-28T22:39:32.1928656Z  * [new tag]           v1.3.56         -> v1.3.56
2026-04-28T22:39:32.1929150Z  * [new tag]           v1.3.57         -> v1.3.57
2026-04-28T22:39:32.1929604Z  * [new tag]           v1.3.58         -> v1.3.58
2026-04-28T22:39:32.1929943Z  * [new tag]           v1.3.59         -> v1.3.59
2026-04-28T22:39:32.1930288Z  * [new tag]           v1.3.6          -> v1.3.6
2026-04-28T22:39:32.1930631Z  * [new tag]           v1.3.60         -> v1.3.60
2026-04-28T22:39:32.1931124Z  * [new tag]           v1.3.61         -> v1.3.61
2026-04-28T22:39:32.1931491Z  * [new tag]           v1.3.62         -> v1.3.62
2026-04-28T22:39:32.1931837Z  * [new tag]           v1.3.7          -> v1.3.7
2026-04-28T22:39:32.1932179Z  * [new tag]           v1.3.8          -> v1.3.8
2026-04-28T22:39:32.1932526Z  * [new tag]           v1.3.9          -> v1.3.9
2026-04-28T22:39:32.1932862Z  * [new tag]           v1.4.40         -> v1.4.40
2026-04-28T22:39:32.1933198Z  * [new tag]           v1.5.0          -> v1.5.0
2026-04-28T22:39:32.1933540Z  * [new tag]           v1.5.2          -> v1.5.2
2026-04-28T22:39:32.1933892Z  * [new tag]           v1.5.3          -> v1.5.3
2026-04-28T22:39:32.1934234Z  * [new tag]           v1.6.0          -> v1.6.0
2026-04-28T22:39:32.1934576Z  * [new tag]           v1.7.0          -> v1.7.0
2026-04-28T22:39:32.1934922Z  * [new tag]           v1.7.37         -> v1.7.37
2026-04-28T22:39:32.1935260Z  * [new tag]           v1.7.38         -> v1.7.38
2026-04-28T22:39:32.1935591Z  * [new tag]           v1.7.39         -> v1.7.39
2026-04-28T22:39:32.1935935Z  * [new tag]           v1.7.40         -> v1.7.40
2026-04-28T22:39:32.1936282Z  * [new tag]           v1.7.41         -> v1.7.41
2026-04-28T22:39:32.1936621Z  * [new tag]           v1.7.42         -> v1.7.42
2026-04-28T22:39:32.1936961Z  * [new tag]           v1.7.43         -> v1.7.43
2026-04-28T22:39:32.1937303Z  * [new tag]           v1.7.44         -> v1.7.44
2026-04-28T22:39:32.1937632Z  * [new tag]           v1.7.45         -> v1.7.45
2026-04-28T22:39:32.1937973Z  * [new tag]           v1.7.46         -> v1.7.46
2026-04-28T22:39:32.1938318Z  * [new tag]           v1.7.47         -> v1.7.47
2026-04-28T22:39:32.1938654Z  * [new tag]           v1.7.48         -> v1.7.48
2026-04-28T22:39:32.1938989Z  * [new tag]           v1.7.49         -> v1.7.49
2026-04-28T22:39:32.1939318Z  * [new tag]           v1.7.50         -> v1.7.50
2026-04-28T22:39:32.1939648Z  * [new tag]           v1.7.51         -> v1.7.51
2026-04-28T22:39:32.1939976Z  * [new tag]           v1.7.52         -> v1.7.52
2026-04-28T22:39:32.1940309Z  * [new tag]           v1.7.53         -> v1.7.53
2026-04-28T22:39:32.1940641Z  * [new tag]           v1.7.54         -> v1.7.54
2026-04-28T22:39:32.1941120Z  * [new tag]           v1.7.55         -> v1.7.55
2026-04-28T22:39:32.1941473Z  * [new tag]           v1.7.56         -> v1.7.56
2026-04-28T22:39:32.1941819Z  * [new tag]           v1.7.57         -> v1.7.57
2026-04-28T22:39:32.1942162Z  * [new tag]           v1.7.58         -> v1.7.58
2026-04-28T22:39:32.1942505Z  * [new tag]           v1.7.59         -> v1.7.59
2026-04-28T22:39:32.1942850Z  * [new tag]           v1.7.60         -> v1.7.60
2026-04-28T22:39:32.1943183Z  * [new tag]           v1.7.61         -> v1.7.61
2026-04-28T22:39:32.1943514Z  * [new tag]           v1.7.62         -> v1.7.62
2026-04-28T22:39:32.1943845Z  * [new tag]           v1.7.63         -> v1.7.63
2026-04-28T22:39:32.1944178Z  * [new tag]           v1.7.64         -> v1.7.64
2026-04-28T22:39:32.1944519Z  * [new tag]           v1.7.65         -> v1.7.65
2026-04-28T22:39:32.1944858Z  * [new tag]           v1.7.66         -> v1.7.66
2026-04-28T22:39:32.1945184Z  * [new tag]           v1.7.67         -> v1.7.67
2026-04-28T22:39:32.1945510Z  * [new tag]           v1.7.68         -> v1.7.68
2026-04-28T22:39:32.1945843Z  * [new tag]           v1.7.69         -> v1.7.69
2026-04-28T22:39:32.1946172Z  * [new tag]           v1.7.70         -> v1.7.70
2026-04-28T22:39:32.1946524Z  * [new tag]           v1.7.71         -> v1.7.71
2026-04-28T22:39:32.1946853Z  * [new tag]           v1.7.72         -> v1.7.72
2026-04-28T22:39:32.1947334Z  * [new tag]           v1.7.73         -> v1.7.73
2026-04-28T22:39:32.1947783Z  * [new tag]           v1.7.74         -> v1.7.74
2026-04-28T22:39:32.1948111Z  * [new tag]           v1.7.75         -> v1.7.75
2026-04-28T22:39:32.1948475Z  * [new tag]           v1.7.76         -> v1.7.76
2026-04-28T22:39:32.1948823Z  * [new tag]           v1.7.77         -> v1.7.77
2026-04-28T22:39:32.1949160Z  * [new tag]           v1.7.78         -> v1.7.78
2026-04-28T22:39:32.1949490Z  * [new tag]           v1.7.79         -> v1.7.79
2026-04-28T22:39:32.1949837Z  * [new tag]           v1.7.80         -> v1.7.80
2026-04-28T22:39:32.1950174Z  * [new tag]           v1.7.81         -> v1.7.81
2026-04-28T22:39:32.1950497Z  * [new tag]           v1.7.82         -> v1.7.82
2026-04-28T22:39:32.1950838Z  * [new tag]           v1.7.83         -> v1.7.83
2026-04-28T22:39:32.1951344Z  * [new tag]           v1.7.84         -> v1.7.84
2026-04-28T22:39:32.2010674Z [command]/usr/bin/git rev-parse --verify --quiet 0273c752fbd33e2f9912b31f762dd3c55fc49293^{object}
2026-04-28T22:39:32.2036256Z 0273c752fbd33e2f9912b31f762dd3c55fc49293
2026-04-28T22:39:32.2040694Z ##[endgroup]
2026-04-28T22:39:32.2041457Z ##[group]Determining the checkout info
2026-04-28T22:39:32.2042616Z ##[endgroup]
2026-04-28T22:39:32.2047197Z [command]/usr/bin/git sparse-checkout disable
2026-04-28T22:39:32.2083211Z [command]/usr/bin/git config --local --unset-all extensions.worktreeConfig
2026-04-28T22:39:32.2110774Z ##[group]Checking out the ref
2026-04-28T22:39:32.2115602Z [command]/usr/bin/git checkout --progress --force 0273c752fbd33e2f9912b31f762dd3c55fc49293
2026-04-28T22:39:32.4753703Z Note: switching to '0273c752fbd33e2f9912b31f762dd3c55fc49293'.
2026-04-28T22:39:32.4754108Z 
2026-04-28T22:39:32.4754372Z You are in 'detached HEAD' state. You can look around, make experimental
2026-04-28T22:39:32.4754937Z changes and commit them, and you can discard any commits you make in this
2026-04-28T22:39:32.4755466Z state without impacting any branches by switching back to a branch.
2026-04-28T22:39:32.4755812Z 
2026-04-28T22:39:32.4756051Z If you want to create a new branch to retain commits you create, you may
2026-04-28T22:39:32.4756569Z do so (now or later) by using -c with the switch command. Example:
2026-04-28T22:39:32.4756862Z 
2026-04-28T22:39:32.4757006Z   git switch -c <new-branch-name>
2026-04-28T22:39:32.4757201Z 
2026-04-28T22:39:32.4757335Z Or undo this operation with:
2026-04-28T22:39:32.4757512Z 
2026-04-28T22:39:32.4757621Z   git switch -
2026-04-28T22:39:32.4757766Z 
2026-04-28T22:39:32.4758014Z Turn off this advice by setting config variable advice.detachedHead to false
2026-04-28T22:39:32.4758334Z 
2026-04-28T22:39:32.4759053Z HEAD is now at 0273c752 fix(db): add @ColumnInfo(defaultValue) on task_timings.source to match migration 64→65 (#923)
2026-04-28T22:39:32.4786983Z ##[endgroup]
2026-04-28T22:39:32.4834475Z [command]/usr/bin/git log -1 --format=%H
2026-04-28T22:39:32.4858654Z 0273c752fbd33e2f9912b31f762dd3c55fc49293
2026-04-28T22:39:32.4981450Z ##[group]Run set -euo pipefail
2026-04-28T22:39:32.4981837Z [36;1mset -euo pipefail[0m
2026-04-28T22:39:32.4982234Z [36;1m# Switch off the detached merge-sha checkout onto a local branch[0m
2026-04-28T22:39:32.4982743Z [36;1m# tracking main so the later `git push HEAD:main` has somewhere[0m
2026-04-28T22:39:32.4983211Z [36;1m# to go. Fetch the latest main first so we bump from the tip the[0m
2026-04-28T22:39:32.4983715Z [36;1m# push will target — otherwise a concurrent PR's bump from a[0m
2026-04-28T22:39:32.4984184Z [36;1m# queued run ahead of us would get overwritten.[0m
2026-04-28T22:39:32.4984533Z [36;1mgit fetch origin main[0m
2026-04-28T22:39:32.4984831Z [36;1mgit checkout -B main origin/main[0m
2026-04-28T22:39:32.4985123Z [36;1m[0m
2026-04-28T22:39:32.4985528Z [36;1mCURRENT_CODE=$(grep -oP 'versionCode\s*=\s*\K[0-9]+' app/build.gradle.kts | head -1)[0m
2026-04-28T22:39:32.4986010Z [36;1mNEW_CODE=$(( CURRENT_CODE + 1 ))[0m
2026-04-28T22:39:32.4986674Z [36;1msed -i "s/versionCode = [0-9]*/versionCode = $NEW_CODE/" app/build.gradle.kts[0m
2026-04-28T22:39:32.4987095Z [36;1m[0m
2026-04-28T22:39:32.4987473Z [36;1mCURRENT_NAME=$(grep -oP 'versionName\s*=\s*"\K[^"]+' app/build.gradle.kts | head -1)[0m
2026-04-28T22:39:32.4987965Z [36;1mMAJOR=$(echo "$CURRENT_NAME" | cut -d. -f1)[0m
2026-04-28T22:39:32.4988330Z [36;1mMINOR=$(echo "$CURRENT_NAME" | cut -d. -f2)[0m
2026-04-28T22:39:32.4988671Z [36;1mPATCH=$(echo "$CURRENT_NAME" | cut -d. -f3)[0m
2026-04-28T22:39:32.4989002Z [36;1mNEW_PATCH=$(( PATCH + 1 ))[0m
2026-04-28T22:39:32.4989336Z [36;1mNEW_NAME="${MAJOR}.${MINOR}.${NEW_PATCH}"[0m
2026-04-28T22:39:32.4989852Z [36;1msed -i "s/versionName = \"${CURRENT_NAME}\"/versionName = \"${NEW_NAME}\"/" app/build.gradle.kts[0m
2026-04-28T22:39:32.4990335Z [36;1m[0m
2026-04-28T22:39:32.4990622Z [36;1mecho "version_name=$NEW_NAME" >> "$GITHUB_OUTPUT"[0m
2026-04-28T22:39:32.4991233Z [36;1mecho "version_code=$NEW_CODE" >> "$GITHUB_OUTPUT"[0m
2026-04-28T22:39:32.4991655Z [36;1mecho "Bumping to v$NEW_NAME (build $NEW_CODE)"[0m
2026-04-28T22:39:32.5014494Z shell: /usr/bin/bash -e {0}
2026-04-28T22:39:32.5014792Z ##[endgroup]
2026-04-28T22:39:32.6462691Z From https://github.com/averycorp/prismTask
2026-04-28T22:39:32.6463383Z  * branch              main       -> FETCH_HEAD
2026-04-28T22:39:32.8328802Z Switched to a new branch 'main'
2026-04-28T22:39:32.8331233Z branch 'main' set up to track 'origin/main'.
2026-04-28T22:39:32.8459060Z Bumping to v1.7.85 (build 785)
2026-04-28T22:39:32.8515807Z ##[group]Run set -euo pipefail
2026-04-28T22:39:32.8516170Z [36;1mset -euo pipefail[0m
2026-04-28T22:39:32.8516600Z [36;1mgit config --local user.email "github-actions[bot]@users.noreply.github.com"[0m
2026-04-28T22:39:32.8517147Z [36;1mgit config --local user.name "github-actions[bot]"[0m
2026-04-28T22:39:32.8517530Z [36;1mgit add app/build.gradle.kts[0m
2026-04-28T22:39:32.8517857Z [36;1mif git diff --cached --quiet; then[0m
2026-04-28T22:39:32.8518179Z [36;1m  echo "No version bump to commit"[0m
2026-04-28T22:39:32.8518505Z [36;1m  exit 0[0m
2026-04-28T22:39:32.8518739Z [36;1mfi[0m
2026-04-28T22:39:32.8519047Z [36;1mgit commit -m "chore: bump to v1.7.85 (build 785) [skip ci]"[0m
2026-04-28T22:39:32.8519522Z [36;1m# Another PR merge can push to main while this job is running,[0m
2026-04-28T22:39:32.8519990Z [36;1m# so a straight `git push` here races and silently loses the[0m
2026-04-28T22:39:32.8520521Z [36;1m# bump commit. Rebase onto the current main tip and retry on rejection.[0m
2026-04-28T22:39:32.8520942Z [36;1mfor attempt in 1 2 3 4 5; do[0m
2026-04-28T22:39:32.8521498Z [36;1m  if git push origin HEAD:main; then[0m
2026-04-28T22:39:32.8521868Z [36;1m    echo "Pushed version bump on attempt $attempt"[0m
2026-04-28T22:39:32.8522215Z [36;1m    exit 0[0m
2026-04-28T22:39:32.8522450Z [36;1m  fi[0m
2026-04-28T22:39:32.8522818Z [36;1m  echo "Push rejected on attempt $attempt; rebasing onto origin/main and retrying"[0m
2026-04-28T22:39:32.8523287Z [36;1m  git fetch origin main[0m
2026-04-28T22:39:32.8523585Z [36;1m  if ! git rebase origin/main; then[0m
2026-04-28T22:39:32.8523907Z [36;1m    git rebase --abort || true[0m
2026-04-28T22:39:32.8524323Z [36;1m    echo "::error::Rebase conflict while replaying version bump; aborting."[0m
2026-04-28T22:39:32.8524724Z [36;1m    exit 1[0m
2026-04-28T22:39:32.8524959Z [36;1m  fi[0m
2026-04-28T22:39:32.8525200Z [36;1m  sleep $((attempt * 2))[0m
2026-04-28T22:39:32.8525475Z [36;1mdone[0m
2026-04-28T22:39:32.8525798Z [36;1mecho "::error::Failed to push version bump after 5 attempts."[0m
2026-04-28T22:39:32.8526177Z [36;1mexit 1[0m
2026-04-28T22:39:32.8548896Z shell: /usr/bin/bash -e {0}
2026-04-28T22:39:32.8549183Z ##[endgroup]
2026-04-28T22:39:33.2107507Z [main b109a9e3] chore: bump to v1.7.85 (build 785) [skip ci]
2026-04-28T22:39:33.2108159Z  1 file changed, 2 insertions(+), 2 deletions(-)
2026-04-28T22:39:33.3346725Z remote: Permission to averycorp/prismTask.git denied to akarlin3.
2026-04-28T22:39:33.3347698Z fatal: unable to access 'https://github.com/averycorp/prismTask/': The requested URL returned error: 403
2026-04-28T22:39:33.3365904Z Push rejected on attempt 1; rebasing onto origin/main and retrying
2026-04-28T22:39:33.4979377Z From https://github.com/averycorp/prismTask
2026-04-28T22:39:33.4980200Z  * branch              main       -> FETCH_HEAD
2026-04-28T22:39:33.5084660Z Current branch main is up to date.
2026-04-28T22:39:35.6039582Z remote: Permission to averycorp/prismTask.git denied to akarlin3.
2026-04-28T22:39:35.6040501Z fatal: unable to access 'https://github.com/averycorp/prismTask/': The requested URL returned error: 403
2026-04-28T22:39:35.6058040Z Push rejected on attempt 2; rebasing onto origin/main and retrying
2026-04-28T22:39:35.7386234Z From https://github.com/averycorp/prismTask
2026-04-28T22:39:35.7386868Z  * branch              main       -> FETCH_HEAD
2026-04-28T22:39:35.7482075Z Current branch main is up to date.
2026-04-28T22:39:39.8406223Z remote: Permission to averycorp/prismTask.git denied to akarlin3.
2026-04-28T22:39:39.8407164Z fatal: unable to access 'https://github.com/averycorp/prismTask/': The requested URL returned error: 403
2026-04-28T22:39:39.8427703Z Push rejected on attempt 3; rebasing onto origin/main and retrying
2026-04-28T22:39:40.0243699Z From https://github.com/averycorp/prismTask
2026-04-28T22:39:40.0244242Z  * branch              main       -> FETCH_HEAD
2026-04-28T22:39:40.0340589Z Current branch main is up to date.
2026-04-28T22:39:46.1198274Z remote: Permission to averycorp/prismTask.git denied to akarlin3.
2026-04-28T22:39:46.1199171Z fatal: unable to access 'https://github.com/averycorp/prismTask/': The requested URL returned error: 403
2026-04-28T22:39:46.1216156Z Push rejected on attempt 4; rebasing onto origin/main and retrying
2026-04-28T22:39:46.2605933Z From https://github.com/averycorp/prismTask
2026-04-28T22:39:46.2606508Z  * branch              main       -> FETCH_HEAD
2026-04-28T22:39:46.2698022Z Current branch main is up to date.
2026-04-28T22:39:54.3648575Z remote: Permission to averycorp/prismTask.git denied to akarlin3.
2026-04-28T22:39:54.3649427Z fatal: unable to access 'https://github.com/averycorp/prismTask/': The requested URL returned error: 403
2026-04-28T22:39:54.3667444Z Push rejected on attempt 5; rebasing onto origin/main and retrying
2026-04-28T22:39:54.5179011Z From https://github.com/averycorp/prismTask
2026-04-28T22:39:54.5179558Z  * branch              main       -> FETCH_HEAD
2026-04-28T22:39:54.5275819Z Current branch main is up to date.
2026-04-28T22:40:04.5335218Z ##[error]Failed to push version bump after 5 attempts.
2026-04-28T22:40:04.5343640Z ##[error]Process completed with exit code 1.
2026-04-28T22:40:04.5455640Z Post job cleanup.
2026-04-28T22:40:04.6438360Z [command]/usr/bin/git version
2026-04-28T22:40:04.6475554Z git version 2.53.0
2026-04-28T22:40:04.6522739Z Temporarily overriding HOME='/home/runner/work/_temp/f88a9100-da74-4f5d-81fb-e9d45b1131f1' before making global git config changes
2026-04-28T22:40:04.6523961Z Adding repository directory to the temporary git global config as a safe directory
2026-04-28T22:40:04.6528036Z [command]/usr/bin/git config --global --add safe.directory /home/runner/work/prismTask/prismTask
2026-04-28T22:40:04.6562789Z [command]/usr/bin/git config --local --name-only --get-regexp core\.sshCommand
2026-04-28T22:40:04.6595414Z [command]/usr/bin/git submodule foreach --recursive sh -c "git config --local --name-only --get-regexp 'core\.sshCommand' && git config --local --unset-all 'core.sshCommand' || :"
2026-04-28T22:40:04.6834465Z [command]/usr/bin/git config --local --name-only --get-regexp http\.https\:\/\/github\.com\/\.extraheader
2026-04-28T22:40:04.6857222Z http.https://github.com/.extraheader
2026-04-28T22:40:04.6869177Z [command]/usr/bin/git config --local --unset-all http.https://github.com/.extraheader
2026-04-28T22:40:04.6900320Z [command]/usr/bin/git submodule foreach --recursive sh -c "git config --local --name-only --get-regexp 'http\.https\:\/\/github\.com\/\.extraheader' && git config --local --unset-all 'http.https://github.com/.extraheader' || :"
2026-04-28T22:40:04.7131725Z [command]/usr/bin/git config --local --name-only --get-regexp ^includeIf\.gitdir:
2026-04-28T22:40:04.7163140Z [command]/usr/bin/git submodule foreach --recursive git config --local --show-origin --name-only --get-regexp remote.origin.url
2026-04-28T22:40:04.7526567Z Cleaning up orphan processes
2026-04-28T22:40:04.7847050Z ##[warning]Node.js 20 actions are deprecated. The following actions are running on Node.js 20 and may not work as expected: actions/checkout@v4. Actions will be forced to run with Node.js 24 by default starting June 2nd, 2026. Node.js 20 will be removed from the runner on September 16th, 2026. Please check if updated versions of these actions are available that support Node.js 24. To opt into Node.js 24 now, set the FORCE_JAVASCRIPT_ACTIONS_TO_NODE24=true environment variable on the runner or in your workflow file. Once Node.js 24 becomes the default, you can temporarily opt out by setting ACTIONS_ALLOW_USE_UNSECURE_NODE_VERSION=true. For more information see: https://github.blog/changelog/2025-09-19-deprecation-of-node-20-on-github-actions-runners/
