=== CI FAILURE ===
Workflow:      Auto-merge & Release
Workflow file: averycorp/prismTask/.github/workflows/auto-merge.yml@refs/pull/907/merge
Job(s):        Auto-merge
Run ID:        25068950251
Run attempt:   1
Run URL:       https://github.com/averycorp/prismTask/actions/runs/25068950251
Commit:        b5d105a04f9d88cf2bf28e228dbd57f52621d490
Branch:        907/merge
Event:         pull_request
Actor:         akarlin3
Runner OS:     Linux
Timestamp:     2026-04-28T17:57:48.058Z

Failed steps:
  - Auto-merge: #4 Wait for all other CI checks to pass

=== FAILED JOB LOG ===

--- Job: Auto-merge (id 73443676321) ---
2026-04-28T17:51:54.7757599Z Current runner version: '2.334.0'
2026-04-28T17:51:54.7777355Z ##[group]Runner Image Provisioner
2026-04-28T17:51:54.7777984Z Hosted Compute Agent
2026-04-28T17:51:54.7778447Z Version: 20260422.526
2026-04-28T17:51:54.7779012Z Commit: e1a9e573f4d0838b3a7c1b07401aeb29ed3635a9
2026-04-28T17:51:54.7779549Z Build Date: 2026-04-22T09:31:31Z
2026-04-28T17:51:54.7780102Z Worker ID: {216ede7e-a59b-4175-90f0-d6f2b7a40301}
2026-04-28T17:51:54.7780650Z Azure Region: westcentralus
2026-04-28T17:51:54.7781198Z ##[endgroup]
2026-04-28T17:51:54.7782208Z ##[group]Operating System
2026-04-28T17:51:54.7782700Z Ubuntu
2026-04-28T17:51:54.7783093Z 24.04.4
2026-04-28T17:51:54.7783482Z LTS
2026-04-28T17:51:54.7783854Z ##[endgroup]
2026-04-28T17:51:54.7784284Z ##[group]Runner Image
2026-04-28T17:51:54.7784691Z Image: ubuntu-24.04
2026-04-28T17:51:54.7785326Z Version: 20260426.100.1
2026-04-28T17:51:54.7786270Z Included Software: https://github.com/actions/runner-images/blob/ubuntu24/20260426.100/images/ubuntu/Ubuntu2404-Readme.md
2026-04-28T17:51:54.7787450Z Image Release: https://github.com/actions/runner-images/releases/tag/ubuntu24%2F20260426.100
2026-04-28T17:51:54.7788165Z ##[endgroup]
2026-04-28T17:51:54.7789116Z ##[group]GITHUB_TOKEN Permissions
2026-04-28T17:51:54.7790603Z Actions: read
2026-04-28T17:51:54.7791056Z Checks: read
2026-04-28T17:51:54.7791514Z Contents: write
2026-04-28T17:51:54.7791907Z Metadata: read
2026-04-28T17:51:54.7792351Z PullRequests: write
2026-04-28T17:51:54.7792802Z ##[endgroup]
2026-04-28T17:51:54.7794345Z Secret source: Actions
2026-04-28T17:51:54.7794891Z Prepare workflow directory
2026-04-28T17:51:54.8101358Z Prepare all required actions
2026-04-28T17:51:54.8131392Z Getting action download info
2026-04-28T17:51:55.1701235Z Download action repository 'lewagon/wait-on-check-action@ccfb013c15c8afb7bf2b7c028fb74dc5a068cccc' (SHA:ccfb013c15c8afb7bf2b7c028fb74dc5a068cccc)
2026-04-28T17:51:55.7388556Z Getting action download info
2026-04-28T17:51:56.0124272Z Download action repository 'ruby/setup-ruby@v1' (SHA:c4e5b1316158f92e3d49443a9d58b31d25ac0f8f)
2026-04-28T17:51:56.7617579Z Download action repository 'actions/cache@v4' (SHA:0057852bfaa89a56745cba8c7296529d2fc39830)
2026-04-28T17:51:57.0098534Z Complete job name: Auto-merge
2026-04-28T17:51:57.0628621Z ##[group]Run set -euo pipefail
2026-04-28T17:51:57.0629422Z [36;1mset -euo pipefail[0m
2026-04-28T17:51:57.0630380Z [36;1m# Audit item #5 — poll check-runs for up to 60s instead of a bare[0m
2026-04-28T17:51:57.0631664Z [36;1m# 20s sleep. On a busy runner cohort the initial 20s wasn't enough[0m
2026-04-28T17:51:57.0632921Z [36;1m# for the API to reflect queued workflow runs, which could merge[0m
2026-04-28T17:51:57.0634370Z [36;1m# PRs without waiting for CI. Bail out early as soon as ≥1 real[0m
2026-04-28T17:51:57.0635704Z [36;1m# check shows up.[0m
2026-04-28T17:51:57.0636379Z [36;1mCOUNT=0[0m
2026-04-28T17:51:57.0637018Z [36;1mfor i in $(seq 1 6); do[0m
2026-04-28T17:51:57.0637793Z [36;1m  sleep 10[0m
2026-04-28T17:51:57.0638698Z [36;1m  COUNT=$(gh api "repos/$REPO/commits/$HEAD_SHA/check-runs" \[0m
2026-04-28T17:51:57.0640141Z [36;1m    --jq '[.check_runs[] | select(.name != "Auto-merge")] | length')[0m
2026-04-28T17:51:57.0641300Z [36;1m  if [ "$COUNT" -gt 0 ]; then[0m
2026-04-28T17:51:57.0642231Z [36;1m    echo "Found $COUNT non-Auto-merge check(s) after ${i}0s"[0m
2026-04-28T17:51:57.0643154Z [36;1m    break[0m
2026-04-28T17:51:57.0643699Z [36;1m  fi[0m
2026-04-28T17:51:57.0644402Z [36;1m  echo "No non-Auto-merge checks yet (attempt $i/6)"[0m
2026-04-28T17:51:57.0645421Z [36;1mdone[0m
2026-04-28T17:51:57.0645976Z [36;1mif [ "$COUNT" -gt 0 ]; then[0m
2026-04-28T17:51:57.0646766Z [36;1m  echo "has_ci=true" >> "$GITHUB_OUTPUT"[0m
2026-04-28T17:51:57.0647558Z [36;1melse[0m
2026-04-28T17:51:57.0648170Z [36;1m  echo "has_ci=false" >> "$GITHUB_OUTPUT"[0m
2026-04-28T17:51:57.0649261Z [36;1m  echo "No CI checks on this PR after 60s — will merge without waiting."[0m
2026-04-28T17:51:57.0650283Z [36;1mfi[0m
2026-04-28T17:51:57.0756426Z shell: /usr/bin/bash -e {0}
2026-04-28T17:51:57.0757435Z env:
2026-04-28T17:51:57.0757943Z   WAIT_INTERVAL: 15
2026-04-28T17:51:57.0758868Z   GH_TOKEN: ***
2026-04-28T17:51:57.0759516Z   HEAD_SHA: 5fd64a024321f01d092b925bf249071de8abe09c
2026-04-28T17:51:57.0760459Z   REPO: averycorp/prismTask
2026-04-28T17:51:57.0761076Z ##[endgroup]
2026-04-28T17:52:07.6458801Z Found 9 non-Auto-merge check(s) after 10s
2026-04-28T17:52:07.6558579Z ##[group]Run set -euo pipefail
2026-04-28T17:52:07.6558872Z [36;1mset -euo pipefail[0m
2026-04-28T17:52:07.6559280Z [36;1mREQUIRED=$(gh api "repos/$REPO/branches/main/protection/required_status_checks" \[0m
2026-04-28T17:52:07.6559666Z [36;1m  --jq '.contexts[]' 2>/dev/null || true)[0m
2026-04-28T17:52:07.6559933Z [36;1mif [ -z "$REQUIRED" ]; then[0m
2026-04-28T17:52:07.6560358Z [36;1m  echo "::warning::Could not query branch protection (likely a permission issue) — using hardcoded fallback list."[0m
2026-04-28T17:52:07.6560812Z [36;1m  REQUIRED="$FALLBACK_REQUIRED"[0m
2026-04-28T17:52:07.6561060Z [36;1mfi[0m
2026-04-28T17:52:07.6561308Z [36;1m# Strip Auto-merge from the required list so we don't wait on[0m
2026-04-28T17:52:07.6561663Z [36;1m# ourselves (it's listed because we ARE the running workflow).[0m
2026-04-28T17:52:07.6562071Z [36;1mREQUIRED=$(echo "$REQUIRED" | grep -vE '^\s*Auto-merge\s*$' | grep -vE '^\s*$' || true)[0m
2026-04-28T17:52:07.6562454Z [36;1mif [ -z "$REQUIRED" ]; then[0m
2026-04-28T17:52:07.6562801Z [36;1m  echo "No required checks beyond Auto-merge; skipping queue wait."[0m
2026-04-28T17:52:07.6563115Z [36;1m  exit 0[0m
2026-04-28T17:52:07.6563322Z [36;1mfi[0m
2026-04-28T17:52:07.6563540Z [36;1mecho "Waiting until these required checks queue:"[0m
2026-04-28T17:52:07.6563818Z [36;1mecho "$REQUIRED" | sed 's/^/  /'[0m
2026-04-28T17:52:07.6564113Z [36;1m# Audit PR #876 → CI pathway efficiency: this loop was burning[0m
2026-04-28T17:52:07.6564462Z [36;1m# ~315s/PR (PR #874 run 25035518360 + PR #873 run 25035513300)[0m
2026-04-28T17:52:07.6564812Z [36;1m# while underlying required checks were observably complete in[0m
2026-04-28T17:52:07.6565347Z [36;1m# ~30s. Mean job wall-clock was 343s with std-dev ~7s across 10[0m
2026-04-28T17:52:07.6565705Z [36;1m# runs — i.e. the loop almost always ran to its 5-minute ceiling.[0m
2026-04-28T17:52:07.6566042Z [36;1m# Two compensating mitigations + diagnostics:[0m
2026-04-28T17:52:07.6566298Z [36;1m#[0m
2026-04-28T17:52:07.6566548Z [36;1m#   (a) Cap dropped 30 → 18 attempts at 5s interval = 90s ceiling[0m
2026-04-28T17:52:07.6566885Z [36;1m#       (still > 2× the 43s race window from PR #804).[0m
2026-04-28T17:52:07.6567212Z [36;1m#   (b) Poll interval dropped 10s → 5s for faster detection.[0m
2026-04-28T17:52:07.6567576Z [36;1m#   (c) Per-iteration diagnostic prints MISSING + visible CHECK_RUNS[0m
2026-04-28T17:52:07.6567986Z [36;1m#       so future investigation can pinpoint the matching mismatch[0m
2026-04-28T17:52:07.6568369Z [36;1m#       (the immediate root-cause was not yet identified — the[0m
2026-04-28T17:52:07.6568725Z [36;1m#       MISSING list never empties even though CHECK_RUNS clearly[0m
2026-04-28T17:52:07.6569084Z [36;1m#       contains every REQUIRED name. Likely a trim/encoding edge[0m
2026-04-28T17:52:07.6569490Z [36;1m#       case in the comparison loop, but observability beats[0m
2026-04-28T17:52:07.6569798Z [36;1m#       guessing).[0m
2026-04-28T17:52:07.6570027Z [36;1mfor attempt in $(seq 1 18); do[0m
2026-04-28T17:52:07.6570347Z [36;1m  CHECK_RUNS=$(gh api --paginate "repos/$REPO/commits/$HEAD_SHA/check-runs" \[0m
2026-04-28T17:52:07.6570697Z [36;1m    --jq '.check_runs[].name' | sort -u)[0m
2026-04-28T17:52:07.6570944Z [36;1m  MISSING=""[0m
2026-04-28T17:52:07.6571141Z [36;1m  while IFS= read -r req; do[0m
2026-04-28T17:52:07.6571391Z [36;1m    [ -z "$req" ] && continue[0m
2026-04-28T17:52:07.6571624Z [36;1m    req_trimmed=$(echo "$req" | xargs)[0m
2026-04-28T17:52:07.6571907Z [36;1m    if ! echo "$CHECK_RUNS" | grep -qxF "$req_trimmed"; then[0m
2026-04-28T17:52:07.6572390Z [36;1m      MISSING="$MISSING $req_trimmed"[0m
2026-04-28T17:52:07.6572612Z [36;1m    fi[0m
2026-04-28T17:52:07.6572798Z [36;1m  done <<< "$REQUIRED"[0m
2026-04-28T17:52:07.6573017Z [36;1m  if [ -z "$MISSING" ]; then[0m
2026-04-28T17:52:07.6573364Z [36;1m    echo "All required checks have queued after attempt $attempt (~$((attempt * 5))s)."[0m
2026-04-28T17:52:07.6573835Z [36;1m    exit 0[0m
2026-04-28T17:52:07.6574024Z [36;1m  fi[0m
2026-04-28T17:52:07.6574253Z [36;1m  echo "Attempt $attempt/18 — still missing:$MISSING"[0m
2026-04-28T17:52:07.6574616Z [36;1m  echo "  Visible check-runs: $(echo "$CHECK_RUNS" | tr '\n' ',' | sed 's/,$//')"[0m
2026-04-28T17:52:07.6574928Z [36;1m  sleep 5[0m
2026-04-28T17:52:07.6575297Z [36;1mdone[0m
2026-04-28T17:52:07.6575677Z [36;1mecho "::warning::Some required checks never queued after 90s:$MISSING — proceeding to wait-on-check-action anyway."[0m
2026-04-28T17:52:07.6626047Z shell: /usr/bin/bash -e {0}
2026-04-28T17:52:07.6626290Z env:
2026-04-28T17:52:07.6626474Z   WAIT_INTERVAL: 15
2026-04-28T17:52:07.6626949Z   GH_TOKEN: ***
2026-04-28T17:52:07.6627171Z   HEAD_SHA: 5fd64a024321f01d092b925bf249071de8abe09c
2026-04-28T17:52:07.6627440Z   REPO: averycorp/prismTask
2026-04-28T17:52:07.6627739Z   FALLBACK_REQUIRED: lint-and-test
connected-tests
test
web-lint-and-test

2026-04-28T17:52:07.6628069Z ##[endgroup]
2026-04-28T17:52:07.9906679Z Waiting until these required checks queue:
2026-04-28T17:52:07.9918543Z   {"message":"Resource not accessible by integration","documentation_url":"https://docs.github.com/rest/branches/branch-protection#get-status-checks-protection","status":"403"}
2026-04-28T17:52:08.7861442Z Attempt 1/18 — still missing: {message:Resource not accessible by integration,documentation_url:https://docs.github.com/rest/branches/branch-protection#get-status-checks-protection,status:403}
2026-04-28T17:52:08.7878681Z   Visible check-runs: Auto-merge,autofix,capture-failure-log,connected-tests,cross-device-tests,e2e,lint-and-test,maybe-label,test,web-lint-and-test
2026-04-28T17:52:14.3383433Z Attempt 2/18 — still missing: {message:Resource not accessible by integration,documentation_url:https://docs.github.com/rest/branches/branch-protection#get-status-checks-protection,status:403}
2026-04-28T17:52:14.3400954Z   Visible check-runs: Auto-merge,autofix,capture-failure-log,connected-tests,cross-device-tests,e2e,lint-and-test,maybe-label,test,web-lint-and-test
2026-04-28T17:52:19.8886356Z Attempt 3/18 — still missing: {message:Resource not accessible by integration,documentation_url:https://docs.github.com/rest/branches/branch-protection#get-status-checks-protection,status:403}
2026-04-28T17:52:19.8905596Z   Visible check-runs: Auto-merge,autofix,capture-failure-log,connected-tests,cross-device-tests,e2e,lint-and-test,maybe-label,test,web-lint-and-test
2026-04-28T17:52:25.8973091Z Attempt 4/18 — still missing: {message:Resource not accessible by integration,documentation_url:https://docs.github.com/rest/branches/branch-protection#get-status-checks-protection,status:403}
2026-04-28T17:52:25.8990949Z   Visible check-runs: Auto-merge,autofix,capture-failure-log,connected-tests,cross-device-tests,e2e,lint-and-test,maybe-label,test,web-lint-and-test
2026-04-28T17:52:31.5480113Z Attempt 5/18 — still missing: {message:Resource not accessible by integration,documentation_url:https://docs.github.com/rest/branches/branch-protection#get-status-checks-protection,status:403}
2026-04-28T17:52:31.5499340Z   Visible check-runs: Auto-merge,autofix,capture-failure-log,connected-tests,cross-device-tests,e2e,lint-and-test,maybe-label,test,web-lint-and-test
2026-04-28T17:52:37.1351831Z Attempt 6/18 — still missing: {message:Resource not accessible by integration,documentation_url:https://docs.github.com/rest/branches/branch-protection#get-status-checks-protection,status:403}
2026-04-28T17:52:37.1370644Z   Visible check-runs: Auto-merge,autofix,capture-failure-log,connected-tests,cross-device-tests,e2e,lint-and-test,maybe-label,test,web-lint-and-test
2026-04-28T17:52:42.7209189Z Attempt 7/18 — still missing: {message:Resource not accessible by integration,documentation_url:https://docs.github.com/rest/branches/branch-protection#get-status-checks-protection,status:403}
2026-04-28T17:52:42.7227873Z   Visible check-runs: Auto-merge,autofix,capture-failure-log,connected-tests,cross-device-tests,e2e,lint-and-test,maybe-label,test,web-lint-and-test
2026-04-28T17:52:48.3064392Z Attempt 8/18 — still missing: {message:Resource not accessible by integration,documentation_url:https://docs.github.com/rest/branches/branch-protection#get-status-checks-protection,status:403}
2026-04-28T17:52:48.3083510Z   Visible check-runs: Auto-merge,autofix,capture-failure-log,connected-tests,cross-device-tests,e2e,lint-and-test,maybe-label,test,web-lint-and-test
2026-04-28T17:52:53.8566216Z Attempt 9/18 — still missing: {message:Resource not accessible by integration,documentation_url:https://docs.github.com/rest/branches/branch-protection#get-status-checks-protection,status:403}
2026-04-28T17:52:53.8584362Z   Visible check-runs: Auto-merge,autofix,capture-failure-log,connected-tests,cross-device-tests,e2e,lint-and-test,maybe-label,test,web-lint-and-test
2026-04-28T17:52:59.4111415Z Attempt 10/18 — still missing: {message:Resource not accessible by integration,documentation_url:https://docs.github.com/rest/branches/branch-protection#get-status-checks-protection,status:403}
2026-04-28T17:52:59.4132560Z   Visible check-runs: Auto-merge,autofix,capture-failure-log,connected-tests,cross-device-tests,e2e,lint-and-test,maybe-label,test,web-lint-and-test
2026-04-28T17:53:04.9920379Z Attempt 11/18 — still missing: {message:Resource not accessible by integration,documentation_url:https://docs.github.com/rest/branches/branch-protection#get-status-checks-protection,status:403}
2026-04-28T17:53:04.9939652Z   Visible check-runs: Auto-merge,autofix,capture-failure-log,connected-tests,cross-device-tests,e2e,lint-and-test,maybe-label,test,web-lint-and-test
2026-04-28T17:53:10.5485798Z Attempt 12/18 — still missing: {message:Resource not accessible by integration,documentation_url:https://docs.github.com/rest/branches/branch-protection#get-status-checks-protection,status:403}
2026-04-28T17:53:10.5504894Z   Visible check-runs: Auto-merge,autofix,capture-failure-log,connected-tests,cross-device-tests,e2e,lint-and-test,maybe-label,test,web-lint-and-test
2026-04-28T17:53:16.1781771Z Attempt 13/18 — still missing: {message:Resource not accessible by integration,documentation_url:https://docs.github.com/rest/branches/branch-protection#get-status-checks-protection,status:403}
2026-04-28T17:53:16.1801919Z   Visible check-runs: Auto-merge,autofix,capture-failure-log,connected-tests,cross-device-tests,e2e,lint-and-test,maybe-label,test,web-lint-and-test
2026-04-28T17:53:21.7976369Z Attempt 14/18 — still missing: {message:Resource not accessible by integration,documentation_url:https://docs.github.com/rest/branches/branch-protection#get-status-checks-protection,status:403}
2026-04-28T17:53:21.7996575Z   Visible check-runs: Auto-merge,autofix,capture-failure-log,connected-tests,cross-device-tests,e2e,lint-and-test,maybe-label,test,web-lint-and-test
2026-04-28T17:53:27.4109089Z Attempt 15/18 — still missing: {message:Resource not accessible by integration,documentation_url:https://docs.github.com/rest/branches/branch-protection#get-status-checks-protection,status:403}
2026-04-28T17:53:27.4126316Z   Visible check-runs: Auto-merge,autofix,capture-failure-log,connected-tests,cross-device-tests,e2e,lint-and-test,maybe-label,test,web-lint-and-test
2026-04-28T17:53:33.2450294Z Attempt 16/18 — still missing: {message:Resource not accessible by integration,documentation_url:https://docs.github.com/rest/branches/branch-protection#get-status-checks-protection,status:403}
2026-04-28T17:53:33.2467829Z   Visible check-runs: Auto-merge,autofix,capture-failure-log,connected-tests,cross-device-tests,e2e,lint-and-test,maybe-label,test,web-lint-and-test
2026-04-28T17:53:38.8315766Z Attempt 17/18 — still missing: {message:Resource not accessible by integration,documentation_url:https://docs.github.com/rest/branches/branch-protection#get-status-checks-protection,status:403}
2026-04-28T17:53:38.8333657Z   Visible check-runs: Auto-merge,autofix,capture-failure-log,connected-tests,cross-device-tests,e2e,lint-and-test,maybe-label,test,web-lint-and-test
2026-04-28T17:53:44.5021536Z Attempt 18/18 — still missing: {message:Resource not accessible by integration,documentation_url:https://docs.github.com/rest/branches/branch-protection#get-status-checks-protection,status:403}
2026-04-28T17:53:44.5038814Z   Visible check-runs: Auto-merge,autofix,capture-failure-log,connected-tests,cross-device-tests,e2e,lint-and-test,maybe-label,test,web-lint-and-test
2026-04-28T17:53:49.5078478Z ##[warning]Some required checks never queued after 90s: {message:Resource not accessible by integration,documentation_url:https://docs.github.com/rest/branches/branch-protection#get-status-checks-protection,status:403} — proceeding to wait-on-check-action anyway.
2026-04-28T17:53:49.5258989Z ##[group]Run lewagon/wait-on-check-action@ccfb013c15c8afb7bf2b7c028fb74dc5a068cccc
2026-04-28T17:53:49.5259315Z with:
2026-04-28T17:53:49.5259483Z   ref: 5fd64a024321f01d092b925bf249071de8abe09c
2026-04-28T17:53:49.5259708Z   running-workflow-name: Auto-merge
2026-04-28T17:53:49.5260085Z   repo-token: ***
2026-04-28T17:53:49.5260241Z   wait-interval: 15
2026-04-28T17:53:49.5260421Z   allowed-conclusions: success,skipped,neutral
2026-04-28T17:53:49.5260628Z   verbose: true
2026-04-28T17:53:49.5260767Z env:
2026-04-28T17:53:49.5260890Z   WAIT_INTERVAL: 15
2026-04-28T17:53:49.5261029Z ##[endgroup]
2026-04-28T17:53:49.5362323Z ##[group]Run ruby/setup-ruby@v1
2026-04-28T17:53:49.5362522Z with:
2026-04-28T17:53:49.5362665Z   ruby-version: 3.2
2026-04-28T17:53:49.5362825Z   bundler-cache: false
2026-04-28T17:53:49.5363098Z   token: ***
2026-04-28T17:53:49.5363236Z env:
2026-04-28T17:53:49.5363373Z   WAIT_INTERVAL: 15
2026-04-28T17:53:49.5363519Z ##[endgroup]
2026-04-28T17:53:49.6366835Z ##[group]Modifying PATH
2026-04-28T17:53:49.6367209Z Entries added to PATH to use selected Ruby:
2026-04-28T17:53:49.6367677Z   /opt/hostedtoolcache/Ruby/3.2.11/x64/bin
2026-04-28T17:53:49.6370628Z ##[endgroup]
2026-04-28T17:53:49.6371199Z ##[group]Print Ruby version
2026-04-28T17:53:49.6399855Z [command]/opt/hostedtoolcache/Ruby/3.2.11/x64/bin/ruby --version
2026-04-28T17:53:49.8496247Z ruby 3.2.11 (2026-03-27 revision 5483bfc1ae) [x86_64-linux]
2026-04-28T17:53:49.8524486Z Took   0.22 seconds
2026-04-28T17:53:49.8525277Z ##[endgroup]
2026-04-28T17:53:49.8527687Z ##[group]Installing Bundler
2026-04-28T17:53:49.8529931Z Using Bundler shipped with ruby-3.2.11
2026-04-28T17:53:49.8530479Z Took   0.00 seconds
2026-04-28T17:53:49.8530995Z ##[endgroup]
2026-04-28T17:53:49.9056434Z ##[group]Run actions/cache@v4
2026-04-28T17:53:49.9056634Z with:
2026-04-28T17:53:49.9056956Z   path: /home/runner/work/_actions/lewagon/wait-on-check-action/ccfb013c15c8afb7bf2b7c028fb74dc5a068cccc
2026-04-28T17:53:49.9057358Z   key: Linux-gems-
2026-04-28T17:53:49.9057508Z   restore-keys: Linux-gems-
2026-04-28T17:53:49.9057689Z   enableCrossOsArchive: false
2026-04-28T17:53:49.9057874Z   fail-on-cache-miss: false
2026-04-28T17:53:49.9058043Z   lookup-only: false
2026-04-28T17:53:49.9058199Z   save-always: false
2026-04-28T17:53:49.9058340Z env:
2026-04-28T17:53:49.9058470Z   WAIT_INTERVAL: 15
2026-04-28T17:53:49.9058615Z ##[endgroup]
2026-04-28T17:53:50.1852882Z Cache not found for input keys: Linux-gems-, Linux-gems-
2026-04-28T17:53:50.1908078Z ##[group]Run bundle install --jobs 4 --retry 3
2026-04-28T17:53:50.1908356Z [36;1mbundle install --jobs 4 --retry 3[0m
2026-04-28T17:53:50.1957145Z shell: /usr/bin/bash --noprofile --norc -e -o pipefail {0}
2026-04-28T17:53:50.1957406Z env:
2026-04-28T17:53:50.1957548Z   WAIT_INTERVAL: 15
2026-04-28T17:53:50.1957706Z ##[endgroup]
2026-04-28T17:53:51.5728281Z Bundler 2.4.19 is running, but your lockfile was generated with 2.2.3. Installing Bundler 2.2.3 and restarting using that version.
2026-04-28T17:53:53.3308245Z Fetching gem metadata from https://rubygems.org/.
2026-04-28T17:53:53.3365414Z Fetching bundler 2.2.3
2026-04-28T17:53:53.5938355Z Installing bundler 2.2.3
2026-04-28T17:53:53.7874669Z Calling `DidYouMean::SPELL_CHECKERS.merge!(error_name => spell_checker)' has been deprecated. Please call `DidYouMean.correct_error(error_name, spell_checker)' instead.
2026-04-28T17:53:55.0687523Z Fetching gem metadata from https://rubygems.org/.........
2026-04-28T17:53:55.0763777Z Fetching concurrent-ruby 1.2.2
2026-04-28T17:53:55.0767702Z Fetching public_suffix 4.0.7
2026-04-28T17:53:55.0772138Z Fetching minitest 5.18.0
2026-04-28T17:53:55.0772418Z Fetching zeitwerk 2.6.7
2026-04-28T17:53:55.2144338Z Installing zeitwerk 2.6.7
2026-04-28T17:53:55.2276831Z Installing public_suffix 4.0.7
2026-04-28T17:53:55.2360672Z Installing minitest 5.18.0
2026-04-28T17:53:55.2575545Z Fetching ast 2.4.2
2026-04-28T17:53:55.2918185Z Installing concurrent-ruby 1.2.2
2026-04-28T17:53:55.2955527Z Using bundler 2.2.3
2026-04-28T17:53:55.2967745Z Fetching byebug 11.1.3
2026-04-28T17:53:55.3186591Z Fetching diff-lcs 1.4.4
2026-04-28T17:53:55.3380545Z Installing ast 2.4.2
2026-04-28T17:53:55.3439453Z Fetching faraday-net_http 2.0.3
2026-04-28T17:53:55.4085775Z Using ruby2_keywords 0.0.5
2026-04-28T17:53:55.4093564Z Installing byebug 11.1.3 with native extensions
2026-04-28T17:53:55.4108748Z Fetching json 2.7.1
2026-04-28T17:53:55.4328010Z Installing faraday-net_http 2.0.3
2026-04-28T17:53:55.4372978Z Fetching language_server-protocol 3.17.0.3
2026-04-28T17:53:55.4547939Z Installing diff-lcs 1.4.4
2026-04-28T17:53:55.4781263Z Fetching lint_roller 1.1.0
2026-04-28T17:53:55.5197174Z Installing json 2.7.1 with native extensions
2026-04-28T17:53:55.5417585Z Installing language_server-protocol 3.17.0.3
2026-04-28T17:53:55.5563571Z Installing lint_roller 1.1.0
2026-04-28T17:53:55.5714143Z Fetching parallel 1.24.0
2026-04-28T17:53:55.6484858Z Fetching racc 1.7.3
2026-04-28T17:53:55.6672181Z Installing parallel 1.24.0
2026-04-28T17:53:55.6708550Z Fetching rainbow 3.1.1
2026-04-28T17:53:55.7501290Z Installing rainbow 3.1.1
2026-04-28T17:53:55.7534519Z Installing racc 1.7.3 with native extensions
2026-04-28T17:53:55.7592325Z Fetching regexp_parser 2.8.3
2026-04-28T17:53:55.8537188Z Installing regexp_parser 2.8.3
2026-04-28T17:53:55.8686473Z Fetching rexml 3.2.6
2026-04-28T17:53:55.9719533Z Installing rexml 3.2.6
2026-04-28T17:53:55.9892333Z Fetching rspec-support 3.10.1
2026-04-28T17:53:56.0739199Z Installing rspec-support 3.10.1
2026-04-28T17:53:56.1674750Z Fetching ruby-progressbar 1.13.0
2026-04-28T17:53:56.2459824Z Installing ruby-progressbar 1.13.0
2026-04-28T17:53:56.2544030Z Fetching unicode-display_width 2.5.0
2026-04-28T17:53:56.3314239Z Installing unicode-display_width 2.5.0
2026-04-28T17:53:56.3367896Z Fetching addressable 2.8.0
2026-04-28T17:53:56.4535909Z Installing addressable 2.8.0
2026-04-28T17:53:56.4655591Z Fetching i18n 1.12.0
2026-04-28T17:53:56.5726396Z Installing i18n 1.12.0
2026-04-28T17:53:56.5885656Z Fetching tzinfo 2.0.6
2026-04-28T17:53:56.6890745Z Fetching faraday 2.3.0
2026-04-28T17:53:56.7088183Z Installing tzinfo 2.0.6
2026-04-28T17:53:56.7286289Z Fetching rspec-core 3.10.1
2026-04-28T17:53:56.8031017Z Installing faraday 2.3.0
2026-04-28T17:53:56.8263155Z Fetching rspec-expectations 3.10.1
2026-04-28T17:53:56.8822316Z Installing rspec-core 3.10.1
2026-04-28T17:53:56.9154865Z Fetching rspec-mocks 3.10.1
2026-04-28T17:53:56.9480563Z Installing rspec-expectations 3.10.1
2026-04-28T17:53:56.9688686Z Fetching parser 3.2.2.4
2026-04-28T17:53:57.0455856Z Installing rspec-mocks 3.10.1
2026-04-28T17:53:57.0644154Z Fetching activesupport 6.1.7.3
2026-04-28T17:53:57.2355254Z Installing activesupport 6.1.7.3
2026-04-28T17:53:57.2429246Z Installing parser 3.2.2.4
2026-04-28T17:53:57.3680855Z Fetching faraday-retry 2.0.0
2026-04-28T17:53:57.4086355Z Fetching sawyer 0.9.2
2026-04-28T17:53:57.4749374Z Installing faraday-retry 2.0.0
2026-04-28T17:53:57.4800352Z Fetching rspec 3.10.0
2026-04-28T17:53:57.4995844Z Installing sawyer 0.9.2
2026-04-28T17:53:57.5067568Z Fetching rubocop-ast 1.30.0
2026-04-28T17:53:57.5690730Z Installing rspec 3.10.0
2026-04-28T17:53:57.5742948Z Fetching octokit 4.25.0
2026-04-28T17:53:57.6211455Z Installing rubocop-ast 1.30.0
2026-04-28T17:53:57.6830308Z Installing octokit 4.25.0
2026-04-28T17:53:58.2961687Z Fetching rubocop 1.57.2
2026-04-28T17:53:58.4755352Z Installing rubocop 1.57.2
2026-04-28T17:53:58.5918349Z Fetching standard-custom 1.0.2
2026-04-28T17:53:58.5918726Z Fetching rubocop-performance 1.19.1
2026-04-28T17:53:58.6818407Z Installing standard-custom 1.0.2
2026-04-28T17:53:58.6979716Z Installing rubocop-performance 1.19.1
2026-04-28T17:53:58.7080751Z Fetching standard-performance 1.2.1
2026-04-28T17:53:58.7815245Z Installing standard-performance 1.2.1
2026-04-28T17:53:58.7867834Z Fetching standard 1.32.1
2026-04-28T17:53:58.8797318Z Installing standard 1.32.1
2026-04-28T17:53:58.8959702Z Bundle complete! 6 Gemfile dependencies, 40 gems now installed.
2026-04-28T17:53:58.8960547Z Use `bundle info [gemname]` to see where a bundled gem is installed.
2026-04-28T17:53:58.9440368Z ##[group]Run ruby entrypoint.rb
2026-04-28T17:53:58.9440606Z [36;1mruby entrypoint.rb[0m
2026-04-28T17:53:58.9488560Z shell: /usr/bin/bash --noprofile --norc -e -o pipefail {0}
2026-04-28T17:53:58.9488815Z env:
2026-04-28T17:53:58.9488957Z   WAIT_INTERVAL: 15
2026-04-28T17:53:58.9489141Z   ALLOWED_CONCLUSIONS: success,skipped,neutral
2026-04-28T17:53:58.9489381Z   IGNORE_CHECKS: 
2026-04-28T17:53:58.9489521Z   CHECK_NAME: 
2026-04-28T17:53:58.9489655Z   CHECK_REGEXP: 
2026-04-28T17:53:58.9489812Z   REF: 5fd64a024321f01d092b925bf249071de8abe09c
2026-04-28T17:53:58.9490217Z   REPO_TOKEN: ***
2026-04-28T17:53:58.9490374Z   VERBOSE: true
2026-04-28T17:53:58.9490527Z   RUNNING_WORKFLOW_NAME: Auto-merge
2026-04-28T17:53:58.9490721Z   API_ENDPOINT: 
2026-04-28T17:53:58.9490867Z ##[endgroup]
2026-04-28T17:56:04.9231948Z Checks running on ref:
2026-04-28T17:56:04.9232654Z Checks completed: capture-failure-log, capture-failure-log, e2e, capture-failure-log, connected-tests, test, cross-device-tests, maybe-label, web-lint-and-test
2026-04-28T17:56:04.9233403Z Checks in_progress: Auto-merge, autofix, lint-and-test
2026-04-28T17:56:04.9233715Z Checks after ignore checks filter:
2026-04-28T17:56:04.9234475Z Checks completed: capture-failure-log, capture-failure-log, e2e, capture-failure-log, connected-tests, test, cross-device-tests, maybe-label, web-lint-and-test
2026-04-28T17:56:04.9235438Z Checks in_progress: autofix, lint-and-test
2026-04-28T17:56:04.9235649Z Checks after check_name filter:
2026-04-28T17:56:04.9236380Z Checks completed: capture-failure-log, capture-failure-log, e2e, capture-failure-log, connected-tests, test, cross-device-tests, maybe-label, web-lint-and-test
2026-04-28T17:56:04.9237207Z Checks in_progress: autofix, lint-and-test
2026-04-28T17:56:04.9237514Z Checks after Regexp filter:
2026-04-28T17:56:04.9238268Z Checks completed: capture-failure-log, capture-failure-log, e2e, capture-failure-log, connected-tests, test, cross-device-tests, maybe-label, web-lint-and-test
2026-04-28T17:56:04.9239097Z Checks in_progress: autofix, lint-and-test
2026-04-28T17:56:04.9239499Z The requested checks aren't complete yet, will check back in 15 seconds...
2026-04-28T17:56:04.9239773Z Checks running on ref:
2026-04-28T17:56:04.9240219Z Checks completed: capture-failure-log, capture-failure-log, e2e, capture-failure-log, connected-tests, test, cross-device-tests, maybe-label, web-lint-and-test
2026-04-28T17:56:04.9240750Z Checks in_progress: Auto-merge, autofix, lint-and-test
2026-04-28T17:56:04.9240986Z Checks after ignore checks filter:
2026-04-28T17:56:04.9241452Z Checks completed: capture-failure-log, capture-failure-log, e2e, capture-failure-log, connected-tests, test, cross-device-tests, maybe-label, web-lint-and-test
2026-04-28T17:56:04.9241944Z Checks in_progress: autofix, lint-and-test
2026-04-28T17:56:04.9242147Z Checks after check_name filter:
2026-04-28T17:56:04.9242603Z Checks completed: capture-failure-log, capture-failure-log, e2e, capture-failure-log, connected-tests, test, cross-device-tests, maybe-label, web-lint-and-test
2026-04-28T17:56:04.9243470Z Checks in_progress: autofix, lint-and-test
2026-04-28T17:56:04.9243664Z Checks after Regexp filter:
2026-04-28T17:56:04.9244124Z Checks completed: capture-failure-log, capture-failure-log, e2e, capture-failure-log, connected-tests, test, cross-device-tests, maybe-label, web-lint-and-test
2026-04-28T17:56:04.9244611Z Checks in_progress: autofix, lint-and-test
2026-04-28T17:56:04.9244878Z The requested checks aren't complete yet, will check back in 15 seconds...
2026-04-28T17:56:04.9245336Z Checks running on ref:
2026-04-28T17:56:04.9245796Z Checks completed: capture-failure-log, capture-failure-log, e2e, capture-failure-log, connected-tests, test, cross-device-tests, maybe-label, web-lint-and-test
2026-04-28T17:56:04.9246314Z Checks in_progress: Auto-merge, autofix, lint-and-test
2026-04-28T17:56:04.9246542Z Checks after ignore checks filter:
2026-04-28T17:56:04.9247184Z Checks completed: capture-failure-log, capture-failure-log, e2e, capture-failure-log, connected-tests, test, cross-device-tests, maybe-label, web-lint-and-test
2026-04-28T17:56:04.9247693Z Checks in_progress: autofix, lint-and-test
2026-04-28T17:56:04.9247893Z Checks after check_name filter:
2026-04-28T17:56:04.9248354Z Checks completed: capture-failure-log, capture-failure-log, e2e, capture-failure-log, connected-tests, test, cross-device-tests, maybe-label, web-lint-and-test
2026-04-28T17:56:04.9248850Z Checks in_progress: autofix, lint-and-test
2026-04-28T17:56:04.9249046Z Checks after Regexp filter:
2026-04-28T17:56:04.9249503Z Checks completed: capture-failure-log, capture-failure-log, e2e, capture-failure-log, connected-tests, test, cross-device-tests, maybe-label, web-lint-and-test
2026-04-28T17:56:04.9249988Z Checks in_progress: autofix, lint-and-test
2026-04-28T17:56:04.9250245Z The requested checks aren't complete yet, will check back in 15 seconds...
2026-04-28T17:56:04.9250509Z Checks running on ref:
2026-04-28T17:56:04.9250953Z Checks completed: capture-failure-log, capture-failure-log, e2e, capture-failure-log, connected-tests, test, cross-device-tests, maybe-label, web-lint-and-test
2026-04-28T17:56:04.9251458Z Checks in_progress: Auto-merge, autofix, lint-and-test
2026-04-28T17:56:04.9251683Z Checks after ignore checks filter:
2026-04-28T17:56:04.9252137Z Checks completed: capture-failure-log, capture-failure-log, e2e, capture-failure-log, connected-tests, test, cross-device-tests, maybe-label, web-lint-and-test
2026-04-28T17:56:04.9252619Z Checks in_progress: autofix, lint-and-test
2026-04-28T17:56:04.9252817Z Checks after check_name filter:
2026-04-28T17:56:04.9253262Z Checks completed: capture-failure-log, capture-failure-log, e2e, capture-failure-log, connected-tests, test, cross-device-tests, maybe-label, web-lint-and-test
2026-04-28T17:56:04.9253745Z Checks in_progress: autofix, lint-and-test
2026-04-28T17:56:04.9253936Z Checks after Regexp filter:
2026-04-28T17:56:04.9254387Z Checks completed: capture-failure-log, capture-failure-log, e2e, capture-failure-log, connected-tests, test, cross-device-tests, maybe-label, web-lint-and-test
2026-04-28T17:56:04.9254870Z Checks in_progress: autofix, lint-and-test
2026-04-28T17:56:04.9255281Z The requested checks aren't complete yet, will check back in 15 seconds...
2026-04-28T17:56:04.9255538Z Checks running on ref:
2026-04-28T17:56:04.9256005Z Checks completed: capture-failure-log, capture-failure-log, e2e, capture-failure-log, connected-tests, test, cross-device-tests, maybe-label, web-lint-and-test, autofix
2026-04-28T17:56:04.9256527Z Checks in_progress: Auto-merge, lint-and-test
2026-04-28T17:56:04.9256730Z Checks after ignore checks filter:
2026-04-28T17:56:04.9257214Z Checks completed: capture-failure-log, capture-failure-log, e2e, capture-failure-log, connected-tests, test, cross-device-tests, maybe-label, web-lint-and-test, autofix
2026-04-28T17:56:04.9257713Z Checks in_progress: lint-and-test
2026-04-28T17:56:04.9257895Z Checks after check_name filter:
2026-04-28T17:56:04.9258491Z Checks completed: capture-failure-log, capture-failure-log, e2e, capture-failure-log, connected-tests, test, cross-device-tests, maybe-label, web-lint-and-test, autofix
2026-04-28T17:56:04.9258987Z Checks in_progress: lint-and-test
2026-04-28T17:56:04.9259163Z Checks after Regexp filter:
2026-04-28T17:56:04.9259631Z Checks completed: capture-failure-log, capture-failure-log, e2e, capture-failure-log, connected-tests, test, cross-device-tests, maybe-label, web-lint-and-test, autofix
2026-04-28T17:56:04.9260123Z Checks in_progress: lint-and-test
2026-04-28T17:56:04.9260371Z The requested checks aren't complete yet, will check back in 15 seconds...
2026-04-28T17:56:04.9260705Z Checks running on ref:
2026-04-28T17:56:04.9261166Z Checks completed: capture-failure-log, capture-failure-log, e2e, capture-failure-log, connected-tests, test, cross-device-tests, maybe-label, web-lint-and-test, autofix
2026-04-28T17:56:04.9261684Z Checks in_progress: Auto-merge, lint-and-test
2026-04-28T17:56:04.9261993Z Checks after ignore checks filter:
2026-04-28T17:56:04.9262479Z Checks completed: capture-failure-log, capture-failure-log, e2e, capture-failure-log, connected-tests, test, cross-device-tests, maybe-label, web-lint-and-test, autofix
2026-04-28T17:56:04.9262983Z Checks in_progress: lint-and-test
2026-04-28T17:56:04.9263166Z Checks after check_name filter:
2026-04-28T17:56:04.9263638Z Checks completed: capture-failure-log, capture-failure-log, e2e, capture-failure-log, connected-tests, test, cross-device-tests, maybe-label, web-lint-and-test, autofix
2026-04-28T17:56:04.9264138Z Checks in_progress: lint-and-test
2026-04-28T17:56:04.9264315Z Checks after Regexp filter:
2026-04-28T17:56:04.9264783Z Checks completed: capture-failure-log, capture-failure-log, e2e, capture-failure-log, connected-tests, test, cross-device-tests, maybe-label, web-lint-and-test, autofix
2026-04-28T17:56:04.9265460Z Checks in_progress: lint-and-test
2026-04-28T17:56:04.9265718Z The requested checks aren't complete yet, will check back in 15 seconds...
2026-04-28T17:56:04.9265984Z Checks running on ref:
2026-04-28T17:56:04.9266445Z Checks completed: capture-failure-log, capture-failure-log, e2e, capture-failure-log, connected-tests, test, cross-device-tests, maybe-label, web-lint-and-test, autofix
2026-04-28T17:56:04.9266956Z Checks in_progress: Auto-merge, lint-and-test
2026-04-28T17:56:04.9267162Z Checks after ignore checks filter:
2026-04-28T17:56:04.9267650Z Checks completed: capture-failure-log, capture-failure-log, e2e, capture-failure-log, connected-tests, test, cross-device-tests, maybe-label, web-lint-and-test, autofix
2026-04-28T17:56:04.9268147Z Checks in_progress: lint-and-test
2026-04-28T17:56:04.9268330Z Checks after check_name filter:
2026-04-28T17:56:04.9268808Z Checks completed: capture-failure-log, capture-failure-log, e2e, capture-failure-log, connected-tests, test, cross-device-tests, maybe-label, web-lint-and-test, autofix
2026-04-28T17:56:04.9269301Z Checks in_progress: lint-and-test
2026-04-28T17:56:04.9269488Z Checks after Regexp filter:
2026-04-28T17:56:04.9269957Z Checks completed: capture-failure-log, capture-failure-log, e2e, capture-failure-log, connected-tests, test, cross-device-tests, maybe-label, web-lint-and-test, autofix
2026-04-28T17:56:04.9270466Z Checks in_progress: lint-and-test
2026-04-28T17:56:04.9270721Z The requested checks aren't complete yet, will check back in 15 seconds...
2026-04-28T17:56:04.9270986Z Checks running on ref:
2026-04-28T17:56:04.9271438Z Checks completed: capture-failure-log, capture-failure-log, e2e, capture-failure-log, connected-tests, test, cross-device-tests, maybe-label, web-lint-and-test, autofix
2026-04-28T17:56:04.9271948Z Checks in_progress: Auto-merge, lint-and-test
2026-04-28T17:56:04.9272147Z Checks after ignore checks filter:
2026-04-28T17:56:04.9272629Z Checks completed: capture-failure-log, capture-failure-log, e2e, capture-failure-log, connected-tests, test, cross-device-tests, maybe-label, web-lint-and-test, autofix
2026-04-28T17:56:04.9273246Z Checks in_progress: lint-and-test
2026-04-28T17:56:04.9273417Z Checks after check_name filter:
2026-04-28T17:56:04.9273888Z Checks completed: capture-failure-log, capture-failure-log, e2e, capture-failure-log, connected-tests, test, cross-device-tests, maybe-label, web-lint-and-test, autofix
2026-04-28T17:56:04.9274382Z Checks in_progress: lint-and-test
2026-04-28T17:56:04.9274550Z Checks after Regexp filter:
2026-04-28T17:56:04.9275180Z Checks completed: capture-failure-log, capture-failure-log, e2e, capture-failure-log, connected-tests, test, cross-device-tests, maybe-label, web-lint-and-test, autofix
2026-04-28T17:56:04.9275688Z Checks in_progress: lint-and-test
2026-04-28T17:56:04.9275929Z The requested checks aren't complete yet, will check back in 15 seconds...
2026-04-28T17:56:04.9276187Z Checks running on ref:
2026-04-28T17:57:38.5648720Z Checks completed: capture-failure-log, capture-failure-log, e2e, capture-failure-log, connected-tests, test, cross-device-tests, maybe-label, web-lint-and-test, autofix
2026-04-28T17:57:38.5650173Z Checks in_progress: Auto-merge, lint-and-test
2026-04-28T17:57:38.5650517Z Checks after ignore checks filter:
2026-04-28T17:57:38.5651223Z Checks completed: capture-failure-log, capture-failure-log, e2e, capture-failure-log, connected-tests, test, cross-device-tests, maybe-label, web-lint-and-test, autofix
2026-04-28T17:57:38.5651744Z Checks in_progress: lint-and-test
2026-04-28T17:57:38.5651942Z Checks after check_name filter:
2026-04-28T17:57:38.5652443Z Checks completed: capture-failure-log, capture-failure-log, e2e, capture-failure-log, connected-tests, test, cross-device-tests, maybe-label, web-lint-and-test, autofix
2026-04-28T17:57:38.5652962Z Checks in_progress: lint-and-test
2026-04-28T17:57:38.5653160Z Checks after Regexp filter:
2026-04-28T17:57:38.5653659Z Checks completed: capture-failure-log, capture-failure-log, e2e, capture-failure-log, connected-tests, test, cross-device-tests, maybe-label, web-lint-and-test, autofix
2026-04-28T17:57:38.5654176Z Checks in_progress: lint-and-test
2026-04-28T17:57:38.5654455Z The requested checks aren't complete yet, will check back in 15 seconds...
2026-04-28T17:57:38.5654727Z Checks running on ref:
2026-04-28T17:57:38.5655737Z Checks completed: capture-failure-log, capture-failure-log, e2e, capture-failure-log, connected-tests, test, cross-device-tests, maybe-label, web-lint-and-test, autofix
2026-04-28T17:57:38.5656613Z Checks in_progress: Auto-merge, lint-and-test
2026-04-28T17:57:38.5656950Z Checks after ignore checks filter:
2026-04-28T17:57:38.5657731Z Checks completed: capture-failure-log, capture-failure-log, e2e, capture-failure-log, connected-tests, test, cross-device-tests, maybe-label, web-lint-and-test, autofix
2026-04-28T17:57:38.5658567Z Checks in_progress: lint-and-test
2026-04-28T17:57:38.5658855Z Checks after check_name filter:
2026-04-28T17:57:38.5659649Z Checks completed: capture-failure-log, capture-failure-log, e2e, capture-failure-log, connected-tests, test, cross-device-tests, maybe-label, web-lint-and-test, autofix
2026-04-28T17:57:38.5660497Z Checks in_progress: lint-and-test
2026-04-28T17:57:38.5660777Z Checks after Regexp filter:
2026-04-28T17:57:38.5661550Z Checks completed: capture-failure-log, capture-failure-log, e2e, capture-failure-log, connected-tests, test, cross-device-tests, maybe-label, web-lint-and-test, autofix
2026-04-28T17:57:38.5662376Z Checks in_progress: lint-and-test
2026-04-28T17:57:38.5662767Z The requested checks aren't complete yet, will check back in 15 seconds...
2026-04-28T17:57:38.5663203Z Checks running on ref:
2026-04-28T17:57:38.5664010Z Checks completed: capture-failure-log, capture-failure-log, e2e, capture-failure-log, connected-tests, test, cross-device-tests, maybe-label, web-lint-and-test, autofix
2026-04-28T17:57:38.5664872Z Checks in_progress: Auto-merge, lint-and-test
2026-04-28T17:57:38.5665352Z Checks after ignore checks filter:
2026-04-28T17:57:38.5666173Z Checks completed: capture-failure-log, capture-failure-log, e2e, capture-failure-log, connected-tests, test, cross-device-tests, maybe-label, web-lint-and-test, autofix
2026-04-28T17:57:38.5667244Z Checks in_progress: lint-and-test
2026-04-28T17:57:38.5667527Z Checks after check_name filter:
2026-04-28T17:57:38.5668322Z Checks completed: capture-failure-log, capture-failure-log, e2e, capture-failure-log, connected-tests, test, cross-device-tests, maybe-label, web-lint-and-test, autofix
2026-04-28T17:57:38.5669151Z Checks in_progress: lint-and-test
2026-04-28T17:57:38.5669427Z Checks after Regexp filter:
2026-04-28T17:57:38.5670247Z Checks completed: capture-failure-log, capture-failure-log, e2e, capture-failure-log, connected-tests, test, cross-device-tests, maybe-label, web-lint-and-test, autofix
2026-04-28T17:57:38.5671084Z Checks in_progress: lint-and-test
2026-04-28T17:57:38.5671484Z The requested checks aren't complete yet, will check back in 15 seconds...
2026-04-28T17:57:38.5671898Z Checks running on ref:
2026-04-28T17:57:38.5672847Z Checks completed: capture-failure-log, capture-failure-log, e2e, capture-failure-log, connected-tests, test, cross-device-tests, maybe-label, web-lint-and-test, autofix
2026-04-28T17:57:38.5673387Z Checks in_progress: Auto-merge, lint-and-test
2026-04-28T17:57:38.5673597Z Checks after ignore checks filter:
2026-04-28T17:57:38.5674090Z Checks completed: capture-failure-log, capture-failure-log, e2e, capture-failure-log, connected-tests, test, cross-device-tests, maybe-label, web-lint-and-test, autofix
2026-04-28T17:57:38.5674597Z Checks in_progress: lint-and-test
2026-04-28T17:57:38.5674778Z Checks after check_name filter:
2026-04-28T17:57:38.5675432Z Checks completed: capture-failure-log, capture-failure-log, e2e, capture-failure-log, connected-tests, test, cross-device-tests, maybe-label, web-lint-and-test, autofix
2026-04-28T17:57:38.5675953Z Checks in_progress: lint-and-test
2026-04-28T17:57:38.5676132Z Checks after Regexp filter:
2026-04-28T17:57:38.5676639Z Checks completed: capture-failure-log, capture-failure-log, e2e, capture-failure-log, connected-tests, test, cross-device-tests, maybe-label, web-lint-and-test, autofix
2026-04-28T17:57:38.5677165Z Checks in_progress: lint-and-test
2026-04-28T17:57:38.5677432Z The requested checks aren't complete yet, will check back in 15 seconds...
2026-04-28T17:57:38.5677706Z Checks running on ref:
2026-04-28T17:57:38.5678178Z Checks completed: capture-failure-log, capture-failure-log, e2e, capture-failure-log, connected-tests, test, cross-device-tests, maybe-label, web-lint-and-test, autofix
2026-04-28T17:57:38.5678751Z Checks in_progress: Auto-merge, lint-and-test
2026-04-28T17:57:38.5678981Z Checks after ignore checks filter:
2026-04-28T17:57:38.5679606Z Checks completed: capture-failure-log, capture-failure-log, e2e, capture-failure-log, connected-tests, test, cross-device-tests, maybe-label, web-lint-and-test, autofix
2026-04-28T17:57:38.5680221Z Checks in_progress: lint-and-test
2026-04-28T17:57:38.5680453Z Checks after check_name filter:
2026-04-28T17:57:38.5681077Z Checks completed: capture-failure-log, capture-failure-log, e2e, capture-failure-log, connected-tests, test, cross-device-tests, maybe-label, web-lint-and-test, autofix
2026-04-28T17:57:38.5681714Z Checks in_progress: lint-and-test
2026-04-28T17:57:38.5681919Z Checks after Regexp filter:
2026-04-28T17:57:38.5682496Z Checks completed: capture-failure-log, capture-failure-log, e2e, capture-failure-log, connected-tests, test, cross-device-tests, maybe-label, web-lint-and-test, autofix
2026-04-28T17:57:38.5683123Z Checks in_progress: lint-and-test
2026-04-28T17:57:38.5683442Z The requested checks aren't complete yet, will check back in 15 seconds...
2026-04-28T17:57:38.5683751Z Checks running on ref:
2026-04-28T17:57:38.5684332Z Checks completed: capture-failure-log, capture-failure-log, e2e, capture-failure-log, connected-tests, test, cross-device-tests, maybe-label, web-lint-and-test, autofix
2026-04-28T17:57:38.5685108Z Checks in_progress: Auto-merge, lint-and-test
2026-04-28T17:57:38.5685460Z Checks after ignore checks filter:
2026-04-28T17:57:38.5686072Z Checks completed: capture-failure-log, capture-failure-log, e2e, capture-failure-log, connected-tests, test, cross-device-tests, maybe-label, web-lint-and-test, autofix
2026-04-28T17:57:38.5686878Z Checks in_progress: lint-and-test
2026-04-28T17:57:38.5687078Z Checks after check_name filter:
2026-04-28T17:57:38.5687671Z Checks completed: capture-failure-log, capture-failure-log, e2e, capture-failure-log, connected-tests, test, cross-device-tests, maybe-label, web-lint-and-test, autofix
2026-04-28T17:57:38.5688296Z Checks in_progress: lint-and-test
2026-04-28T17:57:38.5688499Z Checks after Regexp filter:
2026-04-28T17:57:38.5689078Z Checks completed: capture-failure-log, capture-failure-log, e2e, capture-failure-log, connected-tests, test, cross-device-tests, maybe-label, web-lint-and-test, autofix
2026-04-28T17:57:38.5689680Z Checks in_progress: lint-and-test
2026-04-28T17:57:38.5689980Z The requested checks aren't complete yet, will check back in 15 seconds...
2026-04-28T17:57:38.5690311Z Checks running on ref:
2026-04-28T17:57:38.5691101Z Checks completed: capture-failure-log, capture-failure-log, capture-failure-log, e2e, capture-failure-log, connected-tests, test, cross-device-tests, maybe-label, web-lint-and-test, autofix, lint-and-test
2026-04-28T17:57:38.5691862Z Checks in_progress: Auto-merge
2026-04-28T17:57:38.5692057Z Checks after ignore checks filter:
2026-04-28T17:57:38.5692665Z Checks completed: capture-failure-log, capture-failure-log, capture-failure-log, e2e, capture-failure-log, connected-tests, test, cross-device-tests, maybe-label, web-lint-and-test, autofix, lint-and-test
2026-04-28T17:57:38.5693265Z Checks after check_name filter:
2026-04-28T17:57:38.5693860Z Checks completed: capture-failure-log, capture-failure-log, capture-failure-log, e2e, capture-failure-log, connected-tests, test, cross-device-tests, maybe-label, web-lint-and-test, autofix, lint-and-test
2026-04-28T17:57:38.5694473Z Checks after Regexp filter:
2026-04-28T17:57:38.5695197Z Checks completed: capture-failure-log, capture-failure-log, capture-failure-log, e2e, capture-failure-log, connected-tests, test, cross-device-tests, maybe-label, web-lint-and-test, autofix, lint-and-test
2026-04-28T17:57:38.5695843Z Checks completed:
2026-04-28T17:57:38.5696061Z capture-failure-log: completed (skipped)
2026-04-28T17:57:38.5696364Z capture-failure-log: completed (skipped)
2026-04-28T17:57:38.5696648Z capture-failure-log: completed (skipped)
2026-04-28T17:57:38.5696939Z e2e: completed (success)
2026-04-28T17:57:38.5697191Z capture-failure-log: completed (skipped)
2026-04-28T17:57:38.5697469Z connected-tests: completed (skipped)
2026-04-28T17:57:38.5697737Z test: completed (success)
2026-04-28T17:57:38.5697982Z cross-device-tests: completed (skipped)
2026-04-28T17:57:38.5698288Z maybe-label: completed (success)
2026-04-28T17:57:38.5698576Z web-lint-and-test: completed (success)
2026-04-28T17:57:38.5698865Z autofix: completed (cancelled)
2026-04-28T17:57:38.5699141Z lint-and-test: completed (cancelled)
2026-04-28T17:57:38.5699907Z The conclusion of one or more checks were not allowed. Allowed conclusions are: success, skipped, neutral. This can be configured with the 'allowed-conclusions' param.
2026-04-28T17:57:38.5742489Z ##[error]Process completed with exit code 1.
2026-04-28T17:57:38.5828042Z Post job cleanup.
2026-04-28T17:57:38.5877655Z Cleaning up orphan processes
2026-04-28T17:57:38.6093135Z ##[warning]Node.js 20 actions are deprecated. The following actions are running on Node.js 20 and may not work as expected: actions/cache@v4. Actions will be forced to run with Node.js 24 by default starting June 2nd, 2026. Node.js 20 will be removed from the runner on September 16th, 2026. Please check if updated versions of these actions are available that support Node.js 24. To opt into Node.js 24 now, set the FORCE_JAVASCRIPT_ACTIONS_TO_NODE24=true environment variable on the runner or in your workflow file. Once Node.js 24 becomes the default, you can temporarily opt out by setting ACTIONS_ALLOW_USE_UNSECURE_NODE_VERSION=true. For more information see: https://github.blog/changelog/2025-09-19-deprecation-of-node-20-on-github-actions-runners/
