=== CI FAILURE ===
Workflow:      Auto-merge & Release
Workflow file: akarlin3/prismTask/.github/workflows/auto-merge.yml@refs/pull/790/merge
Job(s):        Auto-merge
Run ID:        24947722807
Run attempt:   1
Run URL:       https://github.com/akarlin3/prismTask/actions/runs/24947722807
Commit:        305c03aed2e73b888ff5da739fc338f1908651ff
Branch:        790/merge
Event:         pull_request
Actor:         akarlin3
Runner OS:     Linux
Timestamp:     2026-04-26T04:00:32.053Z

Failed steps:
  - Auto-merge: #3 Wait for all other CI checks to pass

=== FAILED JOB LOG ===

--- Job: Auto-merge (id 73052100429) ---
2026-04-26T03:56:53.9421893Z Current runner version: '2.333.1'
2026-04-26T03:56:53.9445477Z ##[group]Runner Image Provisioner
2026-04-26T03:56:53.9446315Z Hosted Compute Agent
2026-04-26T03:56:53.9446848Z Version: 20260213.493
2026-04-26T03:56:53.9447368Z Commit: 5c115507f6dd24b8de37d8bbe0bb4509d0cc0fa3
2026-04-26T03:56:53.9448009Z Build Date: 2026-02-13T00:28:41Z
2026-04-26T03:56:53.9448699Z Worker ID: {66b027a2-d0f1-49b0-878b-f7f13bb9d928}
2026-04-26T03:56:53.9449285Z Azure Region: westus3
2026-04-26T03:56:53.9449851Z ##[endgroup]
2026-04-26T03:56:53.9451353Z ##[group]Operating System
2026-04-26T03:56:53.9451880Z Ubuntu
2026-04-26T03:56:53.9452351Z 24.04.4
2026-04-26T03:56:53.9452739Z LTS
2026-04-26T03:56:53.9453149Z ##[endgroup]
2026-04-26T03:56:53.9453609Z ##[group]Runner Image
2026-04-26T03:56:53.9454082Z Image: ubuntu-24.04
2026-04-26T03:56:53.9454527Z Version: 20260413.86.1
2026-04-26T03:56:53.9455615Z Included Software: https://github.com/actions/runner-images/blob/ubuntu24/20260413.86/images/ubuntu/Ubuntu2404-Readme.md
2026-04-26T03:56:53.9456872Z Image Release: https://github.com/actions/runner-images/releases/tag/ubuntu24%2F20260413.86
2026-04-26T03:56:53.9457663Z ##[endgroup]
2026-04-26T03:56:53.9458782Z ##[group]GITHUB_TOKEN Permissions
2026-04-26T03:56:53.9460850Z Actions: read
2026-04-26T03:56:53.9461400Z Checks: read
2026-04-26T03:56:53.9461814Z Contents: write
2026-04-26T03:56:53.9462246Z Metadata: read
2026-04-26T03:56:53.9462724Z PullRequests: write
2026-04-26T03:56:53.9463150Z ##[endgroup]
2026-04-26T03:56:53.9465066Z Secret source: Actions
2026-04-26T03:56:53.9465745Z Prepare workflow directory
2026-04-26T03:56:53.9860552Z Prepare all required actions
2026-04-26T03:56:53.9919112Z Getting action download info
2026-04-26T03:56:54.3997998Z Download action repository 'lewagon/wait-on-check-action@ccfb013c15c8afb7bf2b7c028fb74dc5a068cccc' (SHA:ccfb013c15c8afb7bf2b7c028fb74dc5a068cccc)
2026-04-26T03:56:55.1301669Z Getting action download info
2026-04-26T03:56:55.3163872Z Download action repository 'ruby/setup-ruby@v1' (SHA:0cb964fd540e0a24c900370abf38a33466142735)
2026-04-26T03:56:56.2565426Z Download action repository 'actions/cache@v4' (SHA:0057852bfaa89a56745cba8c7296529d2fc39830)
2026-04-26T03:56:56.4456515Z Complete job name: Auto-merge
2026-04-26T03:56:56.5018163Z ##[group]Run set -euo pipefail
2026-04-26T03:56:56.5018808Z [36;1mset -euo pipefail[0m
2026-04-26T03:56:56.5019335Z [36;1m# Audit item #5 — poll check-runs for up to 60s instead of a bare[0m
2026-04-26T03:56:56.5020179Z [36;1m# 20s sleep. On a busy runner cohort the initial 20s wasn't enough[0m
2026-04-26T03:56:56.5020732Z [36;1m# for the API to reflect queued workflow runs, which could merge[0m
2026-04-26T03:56:56.5021247Z [36;1m# PRs without waiting for CI. Bail out early as soon as ≥1 real[0m
2026-04-26T03:56:56.5021893Z [36;1m# check shows up.[0m
2026-04-26T03:56:56.5022225Z [36;1mCOUNT=0[0m
2026-04-26T03:56:56.5022533Z [36;1mfor i in $(seq 1 6); do[0m
2026-04-26T03:56:56.5022906Z [36;1m  sleep 10[0m
2026-04-26T03:56:56.5023298Z [36;1m  COUNT=$(gh api "repos/$REPO/commits/$HEAD_SHA/check-runs" \[0m
2026-04-26T03:56:56.5023888Z [36;1m    --jq '[.check_runs[] | select(.name != "Auto-merge")] | length')[0m
2026-04-26T03:56:56.5144765Z [36;1m  if [ "$COUNT" -gt 0 ]; then[0m
2026-04-26T03:56:56.5145263Z [36;1m    echo "Found $COUNT non-Auto-merge check(s) after ${i}0s"[0m
2026-04-26T03:56:56.5145626Z [36;1m    break[0m
2026-04-26T03:56:56.5145859Z [36;1m  fi[0m
2026-04-26T03:56:56.5146171Z [36;1m  echo "No non-Auto-merge checks yet (attempt $i/6)"[0m
2026-04-26T03:56:56.5146558Z [36;1mdone[0m
2026-04-26T03:56:56.5146800Z [36;1mif [ "$COUNT" -gt 0 ]; then[0m
2026-04-26T03:56:56.5147119Z [36;1m  echo "has_ci=true" >> "$GITHUB_OUTPUT"[0m
2026-04-26T03:56:56.5147416Z [36;1melse[0m
2026-04-26T03:56:56.5147666Z [36;1m  echo "has_ci=false" >> "$GITHUB_OUTPUT"[0m
2026-04-26T03:56:56.5148092Z [36;1m  echo "No CI checks on this PR after 60s — will merge without waiting."[0m
2026-04-26T03:56:56.5148473Z [36;1mfi[0m
2026-04-26T03:56:56.5169164Z shell: /usr/bin/bash -e {0}
2026-04-26T03:56:56.5169772Z env:
2026-04-26T03:56:56.5170179Z   WAIT_INTERVAL: 30
2026-04-26T03:56:56.5170835Z   GH_TOKEN: ***
2026-04-26T03:56:56.5171142Z   HEAD_SHA: 03c84c5c36cfcca49ace09d642c212d077bf6cb6
2026-04-26T03:56:56.5171482Z   REPO: akarlin3/prismTask
2026-04-26T03:56:56.5171732Z ##[endgroup]
2026-04-26T03:57:07.0276274Z Found 7 non-Auto-merge check(s) after 10s
2026-04-26T03:57:07.0475971Z ##[group]Run lewagon/wait-on-check-action@ccfb013c15c8afb7bf2b7c028fb74dc5a068cccc
2026-04-26T03:57:07.0476384Z with:
2026-04-26T03:57:07.0476590Z   ref: 03c84c5c36cfcca49ace09d642c212d077bf6cb6
2026-04-26T03:57:07.0476871Z   running-workflow-name: Auto-merge
2026-04-26T03:57:07.0477401Z   repo-token: ***
2026-04-26T03:57:07.0477583Z   wait-interval: 30
2026-04-26T03:57:07.0477802Z   allowed-conclusions: success,skipped,neutral
2026-04-26T03:57:07.0478057Z   verbose: true
2026-04-26T03:57:07.0478254Z env:
2026-04-26T03:57:07.0478417Z   WAIT_INTERVAL: 30
2026-04-26T03:57:07.0478625Z ##[endgroup]
2026-04-26T03:57:07.0603091Z ##[group]Run ruby/setup-ruby@v1
2026-04-26T03:57:07.0603358Z with:
2026-04-26T03:57:07.0603541Z   ruby-version: 3.2
2026-04-26T03:57:07.0603760Z   bundler-cache: false
2026-04-26T03:57:07.0604107Z   token: ***
2026-04-26T03:57:07.0604269Z env:
2026-04-26T03:57:07.0604434Z   WAIT_INTERVAL: 30
2026-04-26T03:57:07.0604604Z ##[endgroup]
2026-04-26T03:57:07.1955943Z ##[group]Modifying PATH
2026-04-26T03:57:07.1956450Z Entries added to PATH to use selected Ruby:
2026-04-26T03:57:07.1957019Z   /opt/hostedtoolcache/Ruby/3.2.11/x64/bin
2026-04-26T03:57:07.1963303Z ##[endgroup]
2026-04-26T03:57:07.1964153Z ##[group]Print Ruby version
2026-04-26T03:57:07.2055400Z [command]/opt/hostedtoolcache/Ruby/3.2.11/x64/bin/ruby --version
2026-04-26T03:57:07.3564859Z ruby 3.2.11 (2026-03-27 revision 5483bfc1ae) [x86_64-linux]
2026-04-26T03:57:07.3590243Z Took   0.16 seconds
2026-04-26T03:57:07.3591100Z ##[endgroup]
2026-04-26T03:57:07.3592784Z ##[group]Installing Bundler
2026-04-26T03:57:07.3596712Z Using Bundler shipped with ruby-3.2.11
2026-04-26T03:57:07.3597645Z Took   0.00 seconds
2026-04-26T03:57:07.3598270Z ##[endgroup]
2026-04-26T03:57:07.4195029Z ##[group]Run actions/cache@v4
2026-04-26T03:57:07.4195381Z with:
2026-04-26T03:57:07.4195771Z   path: /home/runner/work/_actions/lewagon/wait-on-check-action/ccfb013c15c8afb7bf2b7c028fb74dc5a068cccc
2026-04-26T03:57:07.4196240Z   key: Linux-gems-
2026-04-26T03:57:07.4196428Z   restore-keys: Linux-gems-
2026-04-26T03:57:07.4196639Z   enableCrossOsArchive: false
2026-04-26T03:57:07.4196861Z   fail-on-cache-miss: false
2026-04-26T03:57:07.4197068Z   lookup-only: false
2026-04-26T03:57:07.4197245Z   save-always: false
2026-04-26T03:57:07.4197422Z env:
2026-04-26T03:57:07.4197574Z   WAIT_INTERVAL: 30
2026-04-26T03:57:07.4197750Z ##[endgroup]
2026-04-26T03:57:07.7739519Z Cache not found for input keys: Linux-gems-, Linux-gems-
2026-04-26T03:57:07.7793950Z ##[group]Run bundle install --jobs 4 --retry 3
2026-04-26T03:57:07.7794272Z [36;1mbundle install --jobs 4 --retry 3[0m
2026-04-26T03:57:07.7808515Z shell: /usr/bin/bash --noprofile --norc -e -o pipefail {0}
2026-04-26T03:57:07.7808825Z env:
2026-04-26T03:57:07.7809000Z   WAIT_INTERVAL: 30
2026-04-26T03:57:07.7809182Z ##[endgroup]
2026-04-26T03:57:08.9174741Z Bundler 2.4.19 is running, but your lockfile was generated with 2.2.3. Installing Bundler 2.2.3 and restarting using that version.
2026-04-26T03:57:10.6067344Z Fetching gem metadata from https://rubygems.org/.
2026-04-26T03:57:10.6146606Z Fetching bundler 2.2.3
2026-04-26T03:57:10.8057055Z Installing bundler 2.2.3
2026-04-26T03:57:10.9529767Z Calling `DidYouMean::SPELL_CHECKERS.merge!(error_name => spell_checker)' has been deprecated. Please call `DidYouMean.correct_error(error_name, spell_checker)' instead.
2026-04-26T03:57:12.2564058Z Fetching gem metadata from https://rubygems.org/.........
2026-04-26T03:57:12.2654706Z Fetching concurrent-ruby 1.2.2
2026-04-26T03:57:12.2658815Z Fetching public_suffix 4.0.7
2026-04-26T03:57:12.2662666Z Fetching minitest 5.18.0
2026-04-26T03:57:12.2663014Z Fetching zeitwerk 2.6.7
2026-04-26T03:57:12.3991296Z Installing public_suffix 4.0.7
2026-04-26T03:57:12.4188039Z Installing zeitwerk 2.6.7
2026-04-26T03:57:12.4212163Z Installing minitest 5.18.0
2026-04-26T03:57:12.4718302Z Fetching ast 2.4.2
2026-04-26T03:57:12.4725077Z Using bundler 2.2.3
2026-04-26T03:57:12.4729003Z Fetching byebug 11.1.3
2026-04-26T03:57:12.5207288Z Installing concurrent-ruby 1.2.2
2026-04-26T03:57:12.5240832Z Fetching diff-lcs 1.4.4
2026-04-26T03:57:12.5766924Z Installing ast 2.4.2
2026-04-26T03:57:12.6045063Z Installing diff-lcs 1.4.4
2026-04-26T03:57:12.6058606Z Fetching faraday-net_http 2.0.3
2026-04-26T03:57:12.6067806Z Installing byebug 11.1.3 with native extensions
2026-04-26T03:57:12.6688885Z Installing faraday-net_http 2.0.3
2026-04-26T03:57:12.6804433Z Using ruby2_keywords 0.0.5
2026-04-26T03:57:12.6817851Z Fetching json 2.7.1
2026-04-26T03:57:12.7054239Z Fetching language_server-protocol 3.17.0.3
2026-04-26T03:57:12.7374543Z Fetching lint_roller 1.1.0
2026-04-26T03:57:12.7975533Z Installing lint_roller 1.1.0
2026-04-26T03:57:12.7978461Z Installing language_server-protocol 3.17.0.3
2026-04-26T03:57:12.8000940Z Installing json 2.7.1 with native extensions
2026-04-26T03:57:12.8200901Z Fetching parallel 1.24.0
2026-04-26T03:57:12.8960340Z Installing parallel 1.24.0
2026-04-26T03:57:12.9068108Z Fetching racc 1.7.3
2026-04-26T03:57:12.9715758Z Fetching rainbow 3.1.1
2026-04-26T03:57:13.0005684Z Installing racc 1.7.3 with native extensions
2026-04-26T03:57:13.0323296Z Installing rainbow 3.1.1
2026-04-26T03:57:13.0381064Z Fetching regexp_parser 2.8.3
2026-04-26T03:57:13.1030894Z Installing regexp_parser 2.8.3
2026-04-26T03:57:13.1195567Z Fetching rexml 3.2.6
2026-04-26T03:57:13.1998654Z Installing rexml 3.2.6
2026-04-26T03:57:13.2389810Z Fetching rspec-support 3.10.1
2026-04-26T03:57:13.3149192Z Installing rspec-support 3.10.1
2026-04-26T03:57:13.3520938Z Fetching ruby-progressbar 1.13.0
2026-04-26T03:57:13.4180845Z Installing ruby-progressbar 1.13.0
2026-04-26T03:57:13.4267690Z Fetching unicode-display_width 2.5.0
2026-04-26T03:57:13.4854830Z Installing unicode-display_width 2.5.0
2026-04-26T03:57:13.4903231Z Fetching addressable 2.8.0
2026-04-26T03:57:13.5616782Z Installing addressable 2.8.0
2026-04-26T03:57:13.5732899Z Fetching faraday 2.3.0
2026-04-26T03:57:13.6410211Z Installing faraday 2.3.0
2026-04-26T03:57:13.6627461Z Fetching i18n 1.12.0
2026-04-26T03:57:13.7538197Z Installing i18n 1.12.0
2026-04-26T03:57:13.7740882Z Fetching tzinfo 2.0.6
2026-04-26T03:57:13.8691171Z Installing tzinfo 2.0.6
2026-04-26T03:57:13.8916379Z Fetching rspec-core 3.10.1
2026-04-26T03:57:14.0061007Z Installing rspec-core 3.10.1
2026-04-26T03:57:14.0394401Z Fetching rspec-expectations 3.10.1
2026-04-26T03:57:14.1402373Z Installing rspec-expectations 3.10.1
2026-04-26T03:57:14.1625076Z Fetching rspec-mocks 3.10.1
2026-04-26T03:57:14.2660917Z Installing rspec-mocks 3.10.1
2026-04-26T03:57:14.2931613Z Fetching sawyer 0.9.2
2026-04-26T03:57:14.3391069Z Fetching faraday-retry 2.0.0
2026-04-26T03:57:14.4201208Z Installing sawyer 0.9.2
2026-04-26T03:57:14.4302341Z Installing faraday-retry 2.0.0
2026-04-26T03:57:14.4449648Z Fetching activesupport 6.1.7.3
2026-04-26T03:57:14.4951234Z Fetching parser 3.2.2.4
2026-04-26T03:57:14.6091879Z Installing activesupport 6.1.7.3
2026-04-26T03:57:14.7114903Z Installing parser 3.2.2.4
2026-04-26T03:57:14.7553619Z Fetching rspec 3.10.0
2026-04-26T03:57:14.8361019Z Installing rspec 3.10.0
2026-04-26T03:57:14.8439604Z Fetching octokit 4.25.0
2026-04-26T03:57:14.8960193Z Fetching rubocop-ast 1.30.0
2026-04-26T03:57:14.9306725Z Installing octokit 4.25.0
2026-04-26T03:57:14.9617867Z Installing rubocop-ast 1.30.0
2026-04-26T03:57:16.0167215Z Fetching rubocop 1.57.2
2026-04-26T03:57:16.1306462Z Installing rubocop 1.57.2
2026-04-26T03:57:16.2526340Z Fetching rubocop-performance 1.19.1
2026-04-26T03:57:16.2528480Z Fetching standard-custom 1.0.2
2026-04-26T03:57:16.3335730Z Installing standard-custom 1.0.2
2026-04-26T03:57:16.3403529Z Installing rubocop-performance 1.19.1
2026-04-26T03:57:16.3515915Z Fetching standard-performance 1.2.1
2026-04-26T03:57:16.4100166Z Installing standard-performance 1.2.1
2026-04-26T03:57:16.4155365Z Fetching standard 1.32.1
2026-04-26T03:57:16.4845112Z Installing standard 1.32.1
2026-04-26T03:57:16.5006645Z Bundle complete! 6 Gemfile dependencies, 40 gems now installed.
2026-04-26T03:57:16.5008014Z Use `bundle info [gemname]` to see where a bundled gem is installed.
2026-04-26T03:57:16.5451928Z ##[group]Run ruby entrypoint.rb
2026-04-26T03:57:16.5452189Z [36;1mruby entrypoint.rb[0m
2026-04-26T03:57:16.5465674Z shell: /usr/bin/bash --noprofile --norc -e -o pipefail {0}
2026-04-26T03:57:16.5465976Z env:
2026-04-26T03:57:16.5466147Z   WAIT_INTERVAL: 30
2026-04-26T03:57:16.5466361Z   ALLOWED_CONCLUSIONS: success,skipped,neutral
2026-04-26T03:57:16.5466618Z   IGNORE_CHECKS: 
2026-04-26T03:57:16.5466782Z   CHECK_NAME: 
2026-04-26T03:57:16.5466952Z   CHECK_REGEXP: 
2026-04-26T03:57:16.5467356Z   REF: 03c84c5c36cfcca49ace09d642c212d077bf6cb6
2026-04-26T03:57:16.5467850Z   REPO_TOKEN: ***
2026-04-26T03:57:16.5468029Z   VERBOSE: true
2026-04-26T03:57:16.5468216Z   RUNNING_WORKFLOW_NAME: Auto-merge
2026-04-26T03:57:16.5468437Z   API_ENDPOINT: 
2026-04-26T03:57:16.5468617Z ##[endgroup]
2026-04-26T04:00:20.6796189Z Checks running on ref:
2026-04-26T04:00:20.6797184Z Checks completed: capture-failure-log, e2e, connected-tests, capture-failure-log, cross-device-tests, web-lint-and-test, maybe-label
2026-04-26T04:00:20.6797834Z Checks in_progress: test, Auto-merge
2026-04-26T04:00:20.6798217Z Checks after ignore checks filter:
2026-04-26T04:00:20.6799026Z Checks completed: capture-failure-log, e2e, connected-tests, capture-failure-log, cross-device-tests, web-lint-and-test, maybe-label
2026-04-26T04:00:20.6800095Z Checks in_progress: test
2026-04-26T04:00:20.6800441Z Checks after check_name filter:
2026-04-26T04:00:20.6801266Z Checks completed: capture-failure-log, e2e, connected-tests, capture-failure-log, cross-device-tests, web-lint-and-test, maybe-label
2026-04-26T04:00:20.6802164Z Checks in_progress: test
2026-04-26T04:00:20.6802509Z Checks after Regexp filter:
2026-04-26T04:00:20.6803331Z Checks completed: capture-failure-log, e2e, connected-tests, capture-failure-log, cross-device-tests, web-lint-and-test, maybe-label
2026-04-26T04:00:20.6804217Z Checks in_progress: test
2026-04-26T04:00:20.6804735Z The requested checks aren't complete yet, will check back in 30 seconds...
2026-04-26T04:00:20.6805307Z Checks running on ref:
2026-04-26T04:00:20.6805741Z Checks in_progress: lint-and-test, autofix, test, Auto-merge
2026-04-26T04:00:20.6806784Z Checks completed: capture-failure-log, e2e, connected-tests, capture-failure-log, cross-device-tests, web-lint-and-test, maybe-label
2026-04-26T04:00:20.6807755Z Checks after ignore checks filter:
2026-04-26T04:00:20.6808197Z Checks in_progress: lint-and-test, autofix, test
2026-04-26T04:00:20.6809192Z Checks completed: capture-failure-log, e2e, connected-tests, capture-failure-log, cross-device-tests, web-lint-and-test, maybe-label
2026-04-26T04:00:20.6810299Z Checks after check_name filter:
2026-04-26T04:00:20.6810679Z Checks in_progress: lint-and-test, autofix, test
2026-04-26T04:00:20.6811218Z Checks completed: capture-failure-log, e2e, connected-tests, capture-failure-log, cross-device-tests, web-lint-and-test, maybe-label
2026-04-26T04:00:20.6811732Z Checks after Regexp filter:
2026-04-26T04:00:20.6811981Z Checks in_progress: lint-and-test, autofix, test
2026-04-26T04:00:20.6812518Z Checks completed: capture-failure-log, e2e, connected-tests, capture-failure-log, cross-device-tests, web-lint-and-test, maybe-label
2026-04-26T04:00:20.6813130Z The requested checks aren't complete yet, will check back in 30 seconds...
2026-04-26T04:00:20.6813463Z Checks running on ref:
2026-04-26T04:00:20.6813790Z Checks in_progress: capture-failure-log / capture, lint-and-test, autofix, Auto-merge
2026-04-26T04:00:20.6814463Z Checks completed: capture-failure-log, e2e, connected-tests, capture-failure-log, cross-device-tests, test, web-lint-and-test, maybe-label
2026-04-26T04:00:20.6815306Z Checks after ignore checks filter:
2026-04-26T04:00:20.6815637Z Checks in_progress: capture-failure-log / capture, lint-and-test, autofix
2026-04-26T04:00:20.6816270Z Checks completed: capture-failure-log, e2e, connected-tests, capture-failure-log, cross-device-tests, test, web-lint-and-test, maybe-label
2026-04-26T04:00:20.6816916Z Checks after check_name filter:
2026-04-26T04:00:20.6817433Z Checks in_progress: capture-failure-log / capture, lint-and-test, autofix
2026-04-26T04:00:20.6818161Z Checks completed: capture-failure-log, e2e, connected-tests, capture-failure-log, cross-device-tests, test, web-lint-and-test, maybe-label
2026-04-26T04:00:20.6818698Z Checks after Regexp filter:
2026-04-26T04:00:20.6819011Z Checks in_progress: capture-failure-log / capture, lint-and-test, autofix
2026-04-26T04:00:20.6819637Z Checks completed: capture-failure-log, e2e, connected-tests, capture-failure-log, cross-device-tests, test, web-lint-and-test, maybe-label
2026-04-26T04:00:20.6820483Z The requested checks aren't complete yet, will check back in 30 seconds...
2026-04-26T04:00:20.6820818Z Checks running on ref:
2026-04-26T04:00:20.6821410Z Checks completed: capture-failure-log / capture, capture-failure-log, e2e, connected-tests, capture-failure-log, cross-device-tests, test, web-lint-and-test, maybe-label
2026-04-26T04:00:20.6822112Z Checks in_progress: lint-and-test, autofix, Auto-merge
2026-04-26T04:00:20.6822407Z Checks after ignore checks filter:
2026-04-26T04:00:20.6823028Z Checks completed: capture-failure-log / capture, capture-failure-log, e2e, connected-tests, capture-failure-log, cross-device-tests, test, web-lint-and-test, maybe-label
2026-04-26T04:00:20.6823986Z Checks in_progress: lint-and-test, autofix
2026-04-26T04:00:20.6824373Z Checks after check_name filter:
2026-04-26T04:00:20.6825352Z Checks completed: capture-failure-log / capture, capture-failure-log, e2e, connected-tests, capture-failure-log, cross-device-tests, test, web-lint-and-test, maybe-label
2026-04-26T04:00:20.6826508Z Checks in_progress: lint-and-test, autofix
2026-04-26T04:00:20.6826944Z Checks after Regexp filter:
2026-04-26T04:00:20.6827985Z Checks completed: capture-failure-log / capture, capture-failure-log, e2e, connected-tests, capture-failure-log, cross-device-tests, test, web-lint-and-test, maybe-label
2026-04-26T04:00:20.6829112Z Checks in_progress: lint-and-test, autofix
2026-04-26T04:00:20.6829715Z The requested checks aren't complete yet, will check back in 30 seconds...
2026-04-26T04:00:20.6830641Z Checks running on ref:
2026-04-26T04:00:20.6831676Z Checks completed: capture-failure-log / capture, capture-failure-log, e2e, connected-tests, capture-failure-log, cross-device-tests, test, web-lint-and-test, maybe-label
2026-04-26T04:00:20.6832618Z Checks in_progress: lint-and-test, autofix, Auto-merge
2026-04-26T04:00:20.6832903Z Checks after ignore checks filter:
2026-04-26T04:00:20.6833529Z Checks completed: capture-failure-log / capture, capture-failure-log, e2e, connected-tests, capture-failure-log, cross-device-tests, test, web-lint-and-test, maybe-label
2026-04-26T04:00:20.6834176Z Checks in_progress: lint-and-test, autofix
2026-04-26T04:00:20.6834416Z Checks after check_name filter:
2026-04-26T04:00:20.6835034Z Checks completed: capture-failure-log / capture, capture-failure-log, e2e, connected-tests, capture-failure-log, cross-device-tests, test, web-lint-and-test, maybe-label
2026-04-26T04:00:20.6835856Z Checks in_progress: lint-and-test, autofix
2026-04-26T04:00:20.6836241Z Checks after Regexp filter:
2026-04-26T04:00:20.6837257Z Checks completed: capture-failure-log / capture, capture-failure-log, e2e, connected-tests, capture-failure-log, cross-device-tests, test, web-lint-and-test, maybe-label
2026-04-26T04:00:20.6838451Z Checks in_progress: lint-and-test, autofix
2026-04-26T04:00:20.6839052Z The requested checks aren't complete yet, will check back in 30 seconds...
2026-04-26T04:00:20.6839619Z Checks running on ref:
2026-04-26T04:00:20.6840977Z Checks completed: capture-failure-log / capture, lint-and-test, capture-failure-log, e2e, connected-tests, capture-failure-log, cross-device-tests, test, web-lint-and-test, maybe-label
2026-04-26T04:00:20.6842332Z Checks in_progress: autofix, Auto-merge
2026-04-26T04:00:20.6842765Z Checks after ignore checks filter:
2026-04-26T04:00:20.6844085Z Checks completed: capture-failure-log / capture, lint-and-test, capture-failure-log, e2e, connected-tests, capture-failure-log, cross-device-tests, test, web-lint-and-test, maybe-label
2026-04-26T04:00:20.6845277Z Checks in_progress: autofix
2026-04-26T04:00:20.6845633Z Checks after check_name filter:
2026-04-26T04:00:20.6846919Z Checks completed: capture-failure-log / capture, lint-and-test, capture-failure-log, e2e, connected-tests, capture-failure-log, cross-device-tests, test, web-lint-and-test, maybe-label
2026-04-26T04:00:20.6848086Z Checks in_progress: autofix
2026-04-26T04:00:20.6848437Z Checks after Regexp filter:
2026-04-26T04:00:20.6849514Z Checks completed: capture-failure-log / capture, lint-and-test, capture-failure-log, e2e, connected-tests, capture-failure-log, cross-device-tests, test, web-lint-and-test, maybe-label
2026-04-26T04:00:20.6850890Z Checks in_progress: autofix
2026-04-26T04:00:20.6851339Z The requested checks aren't complete yet, will check back in 30 seconds...
2026-04-26T04:00:20.6851848Z Checks running on ref:
2026-04-26T04:00:20.6853379Z Checks completed: capture-failure-log, firebase-distribute, capture-failure-log / capture, lint-and-test, autofix, capture-failure-log, e2e, connected-tests, capture-failure-log, cross-device-tests, test, web-lint-and-test, maybe-label
2026-04-26T04:00:20.6855014Z Checks in_progress: Auto-merge
2026-04-26T04:00:20.6855399Z Checks after ignore checks filter:
2026-04-26T04:00:20.6857002Z Checks completed: capture-failure-log, firebase-distribute, capture-failure-log / capture, lint-and-test, autofix, capture-failure-log, e2e, connected-tests, capture-failure-log, cross-device-tests, test, web-lint-and-test, maybe-label
2026-04-26T04:00:20.6858667Z Checks after check_name filter:
2026-04-26T04:00:20.6860350Z Checks completed: capture-failure-log, firebase-distribute, capture-failure-log / capture, lint-and-test, autofix, capture-failure-log, e2e, connected-tests, capture-failure-log, cross-device-tests, test, web-lint-and-test, maybe-label
2026-04-26T04:00:20.6861996Z Checks after Regexp filter:
2026-04-26T04:00:20.6863610Z Checks completed: capture-failure-log, firebase-distribute, capture-failure-log / capture, lint-and-test, autofix, capture-failure-log, e2e, connected-tests, capture-failure-log, cross-device-tests, test, web-lint-and-test, maybe-label
2026-04-26T04:00:20.6865091Z Checks completed:
2026-04-26T04:00:20.6865436Z capture-failure-log: completed (skipped)
2026-04-26T04:00:20.6865904Z firebase-distribute: completed (cancelled)
2026-04-26T04:00:20.6866433Z capture-failure-log / capture: completed (success)
2026-04-26T04:00:20.6866911Z lint-and-test: completed (cancelled)
2026-04-26T04:00:20.6867318Z autofix: completed (cancelled)
2026-04-26T04:00:20.6867706Z capture-failure-log: completed (skipped)
2026-04-26T04:00:20.6868113Z e2e: completed (success)
2026-04-26T04:00:20.6868451Z connected-tests: completed (skipped)
2026-04-26T04:00:20.6868885Z capture-failure-log: completed (skipped)
2026-04-26T04:00:20.6869373Z cross-device-tests: completed (skipped)
2026-04-26T04:00:20.6869797Z test: completed (failure)
2026-04-26T04:00:20.6870356Z web-lint-and-test: completed (success)
2026-04-26T04:00:20.6870783Z maybe-label: completed (success)
2026-04-26T04:00:20.6871812Z The conclusion of one or more checks were not allowed. Allowed conclusions are: success, skipped, neutral. This can be configured with the 'allowed-conclusions' param.
2026-04-26T04:00:20.6892107Z ##[error]Process completed with exit code 1.
2026-04-26T04:00:20.7009564Z Post job cleanup.
2026-04-26T04:00:20.7065441Z Cleaning up orphan processes
2026-04-26T04:00:20.7357550Z ##[warning]Node.js 20 actions are deprecated. The following actions are running on Node.js 20 and may not work as expected: actions/cache@v4. Actions will be forced to run with Node.js 24 by default starting June 2nd, 2026. Node.js 20 will be removed from the runner on September 16th, 2026. Please check if updated versions of these actions are available that support Node.js 24. To opt into Node.js 24 now, set the FORCE_JAVASCRIPT_ACTIONS_TO_NODE24=true environment variable on the runner or in your workflow file. Once Node.js 24 becomes the default, you can temporarily opt out by setting ACTIONS_ALLOW_USE_UNSECURE_NODE_VERSION=true. For more information see: https://github.blog/changelog/2025-09-19-deprecation-of-node-20-on-github-actions-runners/
