=== CI FAILURE ===
Workflow:      Auto-merge & Release
Workflow file: akarlin3/prismTask/.github/workflows/auto-merge.yml@refs/pull/790/merge
Job(s):        Auto-merge
Run ID:        24947809010
Run attempt:   1
Run URL:       https://github.com/akarlin3/prismTask/actions/runs/24947809010
Commit:        6ae5175c914034b242d05746b11e02c66ba85d21
Branch:        790/merge
Event:         pull_request
Actor:         akarlin3
Runner OS:     Linux
Timestamp:     2026-04-26T04:05:19.580Z

Failed steps:
  - Auto-merge: #3 Wait for all other CI checks to pass

=== FAILED JOB LOG ===

--- Job: Auto-merge (id 73052322607) ---
2026-04-26T04:02:16.2839010Z Current runner version: '2.333.1'
2026-04-26T04:02:16.2863861Z ##[group]Runner Image Provisioner
2026-04-26T04:02:16.2864979Z Hosted Compute Agent
2026-04-26T04:02:16.2865574Z Version: 20260213.493
2026-04-26T04:02:16.2866205Z Commit: 5c115507f6dd24b8de37d8bbe0bb4509d0cc0fa3
2026-04-26T04:02:16.2866939Z Build Date: 2026-02-13T00:28:41Z
2026-04-26T04:02:16.2867600Z Worker ID: {b0159aa7-fe7e-44dc-8d85-8774ca87e18a}
2026-04-26T04:02:16.2868341Z Azure Region: eastus
2026-04-26T04:02:16.2868939Z ##[endgroup]
2026-04-26T04:02:16.2870425Z ##[group]Operating System
2026-04-26T04:02:16.2871109Z Ubuntu
2026-04-26T04:02:16.2871604Z 24.04.4
2026-04-26T04:02:16.2872050Z LTS
2026-04-26T04:02:16.2872589Z ##[endgroup]
2026-04-26T04:02:16.2873102Z ##[group]Runner Image
2026-04-26T04:02:16.2873670Z Image: ubuntu-24.04
2026-04-26T04:02:16.2874275Z Version: 20260413.86.1
2026-04-26T04:02:16.2875493Z Included Software: https://github.com/actions/runner-images/blob/ubuntu24/20260413.86/images/ubuntu/Ubuntu2404-Readme.md
2026-04-26T04:02:16.2876993Z Image Release: https://github.com/actions/runner-images/releases/tag/ubuntu24%2F20260413.86
2026-04-26T04:02:16.2877939Z ##[endgroup]
2026-04-26T04:02:16.2879595Z ##[group]GITHUB_TOKEN Permissions
2026-04-26T04:02:16.2881900Z Actions: read
2026-04-26T04:02:16.2882448Z Checks: read
2026-04-26T04:02:16.2883071Z Contents: write
2026-04-26T04:02:16.2883715Z Metadata: read
2026-04-26T04:02:16.2884283Z PullRequests: write
2026-04-26T04:02:16.2884798Z ##[endgroup]
2026-04-26T04:02:16.2886804Z Secret source: Actions
2026-04-26T04:02:16.2887425Z Prepare workflow directory
2026-04-26T04:02:16.3258002Z Prepare all required actions
2026-04-26T04:02:16.3295149Z Getting action download info
2026-04-26T04:02:16.5670289Z Download action repository 'lewagon/wait-on-check-action@ccfb013c15c8afb7bf2b7c028fb74dc5a068cccc' (SHA:ccfb013c15c8afb7bf2b7c028fb74dc5a068cccc)
2026-04-26T04:02:16.9220107Z Getting action download info
2026-04-26T04:02:17.0432335Z Download action repository 'ruby/setup-ruby@v1' (SHA:0cb964fd540e0a24c900370abf38a33466142735)
2026-04-26T04:02:17.2458436Z Download action repository 'actions/cache@v4' (SHA:0057852bfaa89a56745cba8c7296529d2fc39830)
2026-04-26T04:02:17.4015802Z Complete job name: Auto-merge
2026-04-26T04:02:17.4674245Z ##[group]Run set -euo pipefail
2026-04-26T04:02:17.4675411Z [36;1mset -euo pipefail[0m
2026-04-26T04:02:17.4676746Z [36;1m# Audit item #5 — poll check-runs for up to 60s instead of a bare[0m
2026-04-26T04:02:17.4678506Z [36;1m# 20s sleep. On a busy runner cohort the initial 20s wasn't enough[0m
2026-04-26T04:02:17.4680514Z [36;1m# for the API to reflect queued workflow runs, which could merge[0m
2026-04-26T04:02:17.4682232Z [36;1m# PRs without waiting for CI. Bail out early as soon as ≥1 real[0m
2026-04-26T04:02:17.4683611Z [36;1m# check shows up.[0m
2026-04-26T04:02:17.4684507Z [36;1mCOUNT=0[0m
2026-04-26T04:02:17.4685317Z [36;1mfor i in $(seq 1 6); do[0m
2026-04-26T04:02:17.4686295Z [36;1m  sleep 10[0m
2026-04-26T04:02:17.4687418Z [36;1m  COUNT=$(gh api "repos/$REPO/commits/$HEAD_SHA/check-runs" \[0m
2026-04-26T04:02:17.4689124Z [36;1m    --jq '[.check_runs[] | select(.name != "Auto-merge")] | length')[0m
2026-04-26T04:02:17.4690706Z [36;1m  if [ "$COUNT" -gt 0 ]; then[0m
2026-04-26T04:02:17.4691999Z [36;1m    echo "Found $COUNT non-Auto-merge check(s) after ${i}0s"[0m
2026-04-26T04:02:17.4693302Z [36;1m    break[0m
2026-04-26T04:02:17.4694094Z [36;1m  fi[0m
2026-04-26T04:02:17.4695087Z [36;1m  echo "No non-Auto-merge checks yet (attempt $i/6)"[0m
2026-04-26T04:02:17.4696321Z [36;1mdone[0m
2026-04-26T04:02:17.4697115Z [36;1mif [ "$COUNT" -gt 0 ]; then[0m
2026-04-26T04:02:17.4698233Z [36;1m  echo "has_ci=true" >> "$GITHUB_OUTPUT"[0m
2026-04-26T04:02:17.4699443Z [36;1melse[0m
2026-04-26T04:02:17.4700320Z [36;1m  echo "has_ci=false" >> "$GITHUB_OUTPUT"[0m
2026-04-26T04:02:17.4701851Z [36;1m  echo "No CI checks on this PR after 60s — will merge without waiting."[0m
2026-04-26T04:02:17.4703273Z [36;1mfi[0m
2026-04-26T04:02:17.4730965Z shell: /usr/bin/bash -e {0}
2026-04-26T04:02:17.4732137Z env:
2026-04-26T04:02:17.4732869Z   WAIT_INTERVAL: 30
2026-04-26T04:02:17.4734095Z   GH_TOKEN: ***
2026-04-26T04:02:17.4735048Z   HEAD_SHA: 8b0fb6ca8de82aa7a2a9c7712cd7c6024eed9a9e
2026-04-26T04:02:17.4736239Z   REPO: akarlin3/prismTask
2026-04-26T04:02:17.4737115Z ##[endgroup]
2026-04-26T04:02:28.2645500Z Found 7 non-Auto-merge check(s) after 10s
2026-04-26T04:02:28.2872401Z ##[group]Run lewagon/wait-on-check-action@ccfb013c15c8afb7bf2b7c028fb74dc5a068cccc
2026-04-26T04:02:28.2872899Z with:
2026-04-26T04:02:28.2873166Z   ref: 8b0fb6ca8de82aa7a2a9c7712cd7c6024eed9a9e
2026-04-26T04:02:28.2873516Z   running-workflow-name: Auto-merge
2026-04-26T04:02:28.2874201Z   repo-token: ***
2026-04-26T04:02:28.2874446Z   wait-interval: 30
2026-04-26T04:02:28.2874740Z   allowed-conclusions: success,skipped,neutral
2026-04-26T04:02:28.2875058Z   verbose: true
2026-04-26T04:02:28.2875313Z env:
2026-04-26T04:02:28.2875520Z   WAIT_INTERVAL: 30
2026-04-26T04:02:28.2875776Z ##[endgroup]
2026-04-26T04:02:28.3013777Z ##[group]Run ruby/setup-ruby@v1
2026-04-26T04:02:28.3014108Z with:
2026-04-26T04:02:28.3014335Z   ruby-version: 3.2
2026-04-26T04:02:28.3014606Z   bundler-cache: false
2026-04-26T04:02:28.3015007Z   token: ***
2026-04-26T04:02:28.3015225Z env:
2026-04-26T04:02:28.3015438Z   WAIT_INTERVAL: 30
2026-04-26T04:02:28.3015663Z ##[endgroup]
2026-04-26T04:02:28.6108223Z ##[group]Modifying PATH
2026-04-26T04:02:28.6108844Z Entries added to PATH to use selected Ruby:
2026-04-26T04:02:28.6109651Z   /opt/hostedtoolcache/Ruby/3.2.11/x64/bin
2026-04-26T04:02:28.6114022Z ##[endgroup]
2026-04-26T04:02:28.6114899Z ##[group]Print Ruby version
2026-04-26T04:02:28.7033238Z [command]/opt/hostedtoolcache/Ruby/3.2.11/x64/bin/ruby --version
2026-04-26T04:02:28.8829430Z ruby 3.2.11 (2026-03-27 revision 5483bfc1ae) [x86_64-linux]
2026-04-26T04:02:28.8860329Z Took   0.27 seconds
2026-04-26T04:02:28.8861331Z ##[endgroup]
2026-04-26T04:02:28.8863548Z ##[group]Installing Bundler
2026-04-26T04:02:28.8866511Z Using Bundler shipped with ruby-3.2.11
2026-04-26T04:02:28.8867443Z Took   0.00 seconds
2026-04-26T04:02:28.8868164Z ##[endgroup]
2026-04-26T04:02:28.9616875Z ##[group]Run actions/cache@v4
2026-04-26T04:02:28.9617184Z with:
2026-04-26T04:02:28.9617651Z   path: /home/runner/work/_actions/lewagon/wait-on-check-action/ccfb013c15c8afb7bf2b7c028fb74dc5a068cccc
2026-04-26T04:02:28.9618192Z   key: Linux-gems-
2026-04-26T04:02:28.9618429Z   restore-keys: Linux-gems-
2026-04-26T04:02:28.9618701Z   enableCrossOsArchive: false
2026-04-26T04:02:28.9618965Z   fail-on-cache-miss: false
2026-04-26T04:02:28.9619571Z   lookup-only: false
2026-04-26T04:02:28.9619864Z   save-always: false
2026-04-26T04:02:28.9620079Z env:
2026-04-26T04:02:28.9620282Z   WAIT_INTERVAL: 30
2026-04-26T04:02:28.9620501Z ##[endgroup]
2026-04-26T04:02:29.1567259Z Cache not found for input keys: Linux-gems-, Linux-gems-
2026-04-26T04:02:29.1671701Z ##[group]Run bundle install --jobs 4 --retry 3
2026-04-26T04:02:29.1672033Z [36;1mbundle install --jobs 4 --retry 3[0m
2026-04-26T04:02:29.1696718Z shell: /usr/bin/bash --noprofile --norc -e -o pipefail {0}
2026-04-26T04:02:29.1697047Z env:
2026-04-26T04:02:29.1697234Z   WAIT_INTERVAL: 30
2026-04-26T04:02:29.1697429Z ##[endgroup]
2026-04-26T04:02:30.0365762Z Bundler 2.4.19 is running, but your lockfile was generated with 2.2.3. Installing Bundler 2.2.3 and restarting using that version.
2026-04-26T04:02:31.3182442Z Fetching gem metadata from https://rubygems.org/.
2026-04-26T04:02:31.3258959Z Fetching bundler 2.2.3
2026-04-26T04:02:31.4797763Z Installing bundler 2.2.3
2026-04-26T04:02:31.6815955Z Calling `DidYouMean::SPELL_CHECKERS.merge!(error_name => spell_checker)' has been deprecated. Please call `DidYouMean.correct_error(error_name, spell_checker)' instead.
2026-04-26T04:02:32.9093440Z Fetching gem metadata from https://rubygems.org/.........
2026-04-26T04:02:32.9186717Z Fetching minitest 5.18.0
2026-04-26T04:02:32.9191955Z Fetching public_suffix 4.0.7
2026-04-26T04:02:32.9194510Z Fetching concurrent-ruby 1.2.2
2026-04-26T04:02:32.9198972Z Fetching zeitwerk 2.6.7
2026-04-26T04:02:33.0330191Z Installing zeitwerk 2.6.7
2026-04-26T04:02:33.0486090Z Installing minitest 5.18.0
2026-04-26T04:02:33.0540569Z Installing public_suffix 4.0.7
2026-04-26T04:02:33.0965722Z Installing concurrent-ruby 1.2.2
2026-04-26T04:02:33.0981104Z Fetching ast 2.4.2
2026-04-26T04:02:33.1336387Z Installing ast 2.4.2
2026-04-26T04:02:33.1398364Z Using bundler 2.2.3
2026-04-26T04:02:33.1409114Z Fetching byebug 11.1.3
2026-04-26T04:02:33.1710242Z Fetching diff-lcs 1.4.4
2026-04-26T04:02:33.2044118Z Fetching faraday-net_http 2.0.3
2026-04-26T04:02:33.2317988Z Installing byebug 11.1.3 with native extensions
2026-04-26T04:02:33.2358916Z Installing diff-lcs 1.4.4
2026-04-26T04:02:33.2451047Z Installing faraday-net_http 2.0.3
2026-04-26T04:02:33.2760664Z Using ruby2_keywords 0.0.5
2026-04-26T04:02:33.2767243Z Fetching json 2.7.1
2026-04-26T04:02:33.3218489Z Installing json 2.7.1 with native extensions
2026-04-26T04:02:33.3394677Z Fetching language_server-protocol 3.17.0.3
2026-04-26T04:02:33.3837115Z Installing language_server-protocol 3.17.0.3
2026-04-26T04:02:33.4749091Z Fetching lint_roller 1.1.0
2026-04-26T04:02:33.5276919Z Installing lint_roller 1.1.0
2026-04-26T04:02:33.5489937Z Fetching parallel 1.24.0
2026-04-26T04:02:33.5980997Z Installing parallel 1.24.0
2026-04-26T04:02:33.6072001Z Fetching racc 1.7.3
2026-04-26T04:02:33.6531929Z Installing racc 1.7.3 with native extensions
2026-04-26T04:02:33.6683183Z Fetching rainbow 3.1.1
2026-04-26T04:02:33.7069065Z Installing rainbow 3.1.1
2026-04-26T04:02:33.7150523Z Fetching regexp_parser 2.8.3
2026-04-26T04:02:33.7655275Z Installing regexp_parser 2.8.3
2026-04-26T04:02:33.7890392Z Fetching rexml 3.2.6
2026-04-26T04:02:33.8334171Z Installing rexml 3.2.6
2026-04-26T04:02:33.8822649Z Fetching rspec-support 3.10.1
2026-04-26T04:02:33.9464339Z Installing rspec-support 3.10.1
2026-04-26T04:02:34.0011818Z Fetching ruby-progressbar 1.13.0
2026-04-26T04:02:34.0576173Z Installing ruby-progressbar 1.13.0
2026-04-26T04:02:34.0718265Z Fetching unicode-display_width 2.5.0
2026-04-26T04:02:34.1254587Z Installing unicode-display_width 2.5.0
2026-04-26T04:02:34.1333811Z Fetching addressable 2.8.0
2026-04-26T04:02:34.2054887Z Installing addressable 2.8.0
2026-04-26T04:02:34.2270118Z Fetching faraday 2.3.0
2026-04-26T04:02:34.2850144Z Installing faraday 2.3.0
2026-04-26T04:02:34.3130772Z Fetching i18n 1.12.0
2026-04-26T04:02:34.3670251Z Installing i18n 1.12.0
2026-04-26T04:02:34.3834988Z Fetching tzinfo 2.0.6
2026-04-26T04:02:34.4188915Z Installing tzinfo 2.0.6
2026-04-26T04:02:34.4353248Z Fetching rspec-core 3.10.1
2026-04-26T04:02:34.4760068Z Installing rspec-core 3.10.1
2026-04-26T04:02:34.5027145Z Fetching rspec-expectations 3.10.1
2026-04-26T04:02:34.5380466Z Installing rspec-expectations 3.10.1
2026-04-26T04:02:34.5545053Z Fetching rspec-mocks 3.10.1
2026-04-26T04:02:34.5933226Z Installing rspec-mocks 3.10.1
2026-04-26T04:02:34.6084060Z Fetching faraday-retry 2.0.0
2026-04-26T04:02:34.6621306Z Installing faraday-retry 2.0.0
2026-04-26T04:02:34.6705559Z Fetching sawyer 0.9.2
2026-04-26T04:02:34.7233128Z Installing sawyer 0.9.2
2026-04-26T04:02:34.7360347Z Fetching activesupport 6.1.7.3
2026-04-26T04:02:34.8074065Z Installing activesupport 6.1.7.3
2026-04-26T04:02:34.8147600Z Fetching rspec 3.10.0
2026-04-26T04:02:34.8661111Z Installing rspec 3.10.0
2026-04-26T04:02:34.8790048Z Fetching octokit 4.25.0
2026-04-26T04:02:34.9347727Z Installing octokit 4.25.0
2026-04-26T04:02:34.9980330Z Fetching parser 3.2.2.4
2026-04-26T04:02:35.1260060Z Installing parser 3.2.2.4
2026-04-26T04:02:35.2260672Z Fetching rubocop-ast 1.30.0
2026-04-26T04:02:35.2810324Z Installing rubocop-ast 1.30.0
2026-04-26T04:02:36.6130358Z Fetching rubocop 1.57.2
2026-04-26T04:02:36.6736193Z Installing rubocop 1.57.2
2026-04-26T04:02:36.8465457Z Fetching rubocop-performance 1.19.1
2026-04-26T04:02:36.8467830Z Fetching standard-custom 1.0.2
2026-04-26T04:02:36.8991155Z Installing standard-custom 1.0.2
2026-04-26T04:02:36.9042444Z Installing rubocop-performance 1.19.1
2026-04-26T04:02:36.9208730Z Fetching standard-performance 1.2.1
2026-04-26T04:02:36.9549883Z Installing standard-performance 1.2.1
2026-04-26T04:02:36.9617273Z Fetching standard 1.32.1
2026-04-26T04:02:36.9975851Z Installing standard 1.32.1
2026-04-26T04:02:37.0177100Z Bundle complete! 6 Gemfile dependencies, 40 gems now installed.
2026-04-26T04:02:37.0177923Z Use `bundle info [gemname]` to see where a bundled gem is installed.
2026-04-26T04:02:37.0717930Z ##[group]Run ruby entrypoint.rb
2026-04-26T04:02:37.0718207Z [36;1mruby entrypoint.rb[0m
2026-04-26T04:02:37.0740845Z shell: /usr/bin/bash --noprofile --norc -e -o pipefail {0}
2026-04-26T04:02:37.0741162Z env:
2026-04-26T04:02:37.0741342Z   WAIT_INTERVAL: 30
2026-04-26T04:02:37.0741576Z   ALLOWED_CONCLUSIONS: success,skipped,neutral
2026-04-26T04:02:37.0741865Z   IGNORE_CHECKS: 
2026-04-26T04:02:37.0742046Z   CHECK_NAME: 
2026-04-26T04:02:37.0742216Z   CHECK_REGEXP: 
2026-04-26T04:02:37.0742439Z   REF: 8b0fb6ca8de82aa7a2a9c7712cd7c6024eed9a9e
2026-04-26T04:02:37.0742960Z   REPO_TOKEN: ***
2026-04-26T04:02:37.0743159Z   VERBOSE: true
2026-04-26T04:02:37.0743364Z   RUNNING_WORKFLOW_NAME: Auto-merge
2026-04-26T04:02:37.0743605Z   API_ENDPOINT: 
2026-04-26T04:02:37.0743798Z ##[endgroup]
2026-04-26T04:05:09.7636389Z Checks running on ref:
2026-04-26T04:05:09.7639874Z Checks completed: capture-failure-log, cross-device-tests, capture-failure-log, connected-tests, web-lint-and-test, maybe-label
2026-04-26T04:05:09.7640988Z Checks in_progress: autofix, lint-and-test, e2e, test, Auto-merge
2026-04-26T04:05:09.7641514Z Checks after ignore checks filter:
2026-04-26T04:05:09.7642378Z Checks completed: capture-failure-log, cross-device-tests, capture-failure-log, connected-tests, web-lint-and-test, maybe-label
2026-04-26T04:05:09.7643336Z Checks in_progress: autofix, lint-and-test, e2e, test
2026-04-26T04:05:09.7643758Z Checks after check_name filter:
2026-04-26T04:05:09.7644278Z Checks completed: capture-failure-log, cross-device-tests, capture-failure-log, connected-tests, web-lint-and-test, maybe-label
2026-04-26T04:05:09.7644869Z Checks in_progress: autofix, lint-and-test, e2e, test
2026-04-26T04:05:09.7645152Z Checks after Regexp filter:
2026-04-26T04:05:09.7645645Z Checks completed: capture-failure-log, cross-device-tests, capture-failure-log, connected-tests, web-lint-and-test, maybe-label
2026-04-26T04:05:09.7646205Z Checks in_progress: autofix, lint-and-test, e2e, test
2026-04-26T04:05:09.7646579Z The requested checks aren't complete yet, will check back in 30 seconds...
2026-04-26T04:05:09.7646936Z Checks running on ref:
2026-04-26T04:05:09.7647463Z Checks completed: capture-failure-log, e2e, cross-device-tests, capture-failure-log, connected-tests, web-lint-and-test, maybe-label
2026-04-26T04:05:09.7648076Z Checks in_progress: autofix, lint-and-test, test, Auto-merge
2026-04-26T04:05:09.7648392Z Checks after ignore checks filter:
2026-04-26T04:05:09.7648914Z Checks completed: capture-failure-log, e2e, cross-device-tests, capture-failure-log, connected-tests, web-lint-and-test, maybe-label
2026-04-26T04:05:09.7649788Z Checks in_progress: autofix, lint-and-test, test
2026-04-26T04:05:09.7650065Z Checks after check_name filter:
2026-04-26T04:05:09.7650575Z Checks completed: capture-failure-log, e2e, cross-device-tests, capture-failure-log, connected-tests, web-lint-and-test, maybe-label
2026-04-26T04:05:09.7651131Z Checks in_progress: autofix, lint-and-test, test
2026-04-26T04:05:09.7651394Z Checks after Regexp filter:
2026-04-26T04:05:09.7651879Z Checks completed: capture-failure-log, e2e, cross-device-tests, capture-failure-log, connected-tests, web-lint-and-test, maybe-label
2026-04-26T04:05:09.7652443Z Checks in_progress: autofix, lint-and-test, test
2026-04-26T04:05:09.7652809Z The requested checks aren't complete yet, will check back in 30 seconds...
2026-04-26T04:05:09.7653148Z Checks running on ref:
2026-04-26T04:05:09.7653767Z Checks completed: capture-failure-log / capture, capture-failure-log, e2e, cross-device-tests, capture-failure-log, connected-tests, web-lint-and-test, test, maybe-label
2026-04-26T04:05:09.7654890Z Checks in_progress: autofix, lint-and-test, Auto-merge
2026-04-26T04:05:09.7655178Z Checks after ignore checks filter:
2026-04-26T04:05:09.7655815Z Checks completed: capture-failure-log / capture, capture-failure-log, e2e, cross-device-tests, capture-failure-log, connected-tests, web-lint-and-test, test, maybe-label
2026-04-26T04:05:09.7656652Z Checks in_progress: autofix, lint-and-test
2026-04-26T04:05:09.7656911Z Checks after check_name filter:
2026-04-26T04:05:09.7657552Z Checks completed: capture-failure-log / capture, capture-failure-log, e2e, cross-device-tests, capture-failure-log, connected-tests, web-lint-and-test, test, maybe-label
2026-04-26T04:05:09.7658332Z Checks in_progress: autofix, lint-and-test
2026-04-26T04:05:09.7658581Z Checks after Regexp filter:
2026-04-26T04:05:09.7659362Z Checks completed: capture-failure-log / capture, capture-failure-log, e2e, cross-device-tests, capture-failure-log, connected-tests, web-lint-and-test, test, maybe-label
2026-04-26T04:05:09.7660099Z Checks in_progress: autofix, lint-and-test
2026-04-26T04:05:09.7660442Z The requested checks aren't complete yet, will check back in 30 seconds...
2026-04-26T04:05:09.7660790Z Checks running on ref:
2026-04-26T04:05:09.7661418Z Checks completed: capture-failure-log / capture, capture-failure-log, e2e, cross-device-tests, capture-failure-log, connected-tests, web-lint-and-test, test, maybe-label
2026-04-26T04:05:09.7662130Z Checks in_progress: autofix, lint-and-test, Auto-merge
2026-04-26T04:05:09.7662425Z Checks after ignore checks filter:
2026-04-26T04:05:09.7663131Z Checks completed: capture-failure-log / capture, capture-failure-log, e2e, cross-device-tests, capture-failure-log, connected-tests, web-lint-and-test, test, maybe-label
2026-04-26T04:05:09.7663996Z Checks in_progress: autofix, lint-and-test
2026-04-26T04:05:09.7664334Z Checks after check_name filter:
2026-04-26T04:05:09.7665107Z Checks completed: capture-failure-log / capture, capture-failure-log, e2e, cross-device-tests, capture-failure-log, connected-tests, web-lint-and-test, test, maybe-label
2026-04-26T04:05:09.7665977Z Checks in_progress: autofix, lint-and-test
2026-04-26T04:05:09.7666292Z Checks after Regexp filter:
2026-04-26T04:05:09.7667060Z Checks completed: capture-failure-log / capture, capture-failure-log, e2e, cross-device-tests, capture-failure-log, connected-tests, web-lint-and-test, test, maybe-label
2026-04-26T04:05:09.7667875Z Checks in_progress: autofix, lint-and-test
2026-04-26T04:05:09.7668304Z The requested checks aren't complete yet, will check back in 30 seconds...
2026-04-26T04:05:09.7668727Z Checks running on ref:
2026-04-26T04:05:09.7669644Z Checks completed: capture-failure-log / capture, capture-failure-log, e2e, cross-device-tests, capture-failure-log, connected-tests, web-lint-and-test, test, maybe-label
2026-04-26T04:05:09.7670506Z Checks in_progress: autofix, lint-and-test, Auto-merge
2026-04-26T04:05:09.7670860Z Checks after ignore checks filter:
2026-04-26T04:05:09.7671646Z Checks completed: capture-failure-log / capture, capture-failure-log, e2e, cross-device-tests, capture-failure-log, connected-tests, web-lint-and-test, test, maybe-label
2026-04-26T04:05:09.7672468Z Checks in_progress: autofix, lint-and-test
2026-04-26T04:05:09.7672786Z Checks after check_name filter:
2026-04-26T04:05:09.7673515Z Checks completed: capture-failure-log / capture, capture-failure-log, e2e, cross-device-tests, capture-failure-log, connected-tests, web-lint-and-test, test, maybe-label
2026-04-26T04:05:09.7674160Z Checks in_progress: autofix, lint-and-test
2026-04-26T04:05:09.7674407Z Checks after Regexp filter:
2026-04-26T04:05:09.7675035Z Checks completed: capture-failure-log / capture, capture-failure-log, e2e, cross-device-tests, capture-failure-log, connected-tests, web-lint-and-test, test, maybe-label
2026-04-26T04:05:09.7675698Z Checks in_progress: autofix, lint-and-test
2026-04-26T04:05:09.7676043Z The requested checks aren't complete yet, will check back in 30 seconds...
2026-04-26T04:05:09.7676550Z Checks running on ref:
2026-04-26T04:05:09.7677391Z Checks completed: capture-failure-log, firebase-distribute, capture-failure-log / capture, capture-failure-log, autofix, lint-and-test, e2e, cross-device-tests, capture-failure-log, connected-tests, web-lint-and-test, test, maybe-label
2026-04-26T04:05:09.7678795Z Checks in_progress: Auto-merge
2026-04-26T04:05:09.7679415Z Checks after ignore checks filter:
2026-04-26T04:05:09.7680838Z Checks completed: capture-failure-log, firebase-distribute, capture-failure-log / capture, capture-failure-log, autofix, lint-and-test, e2e, cross-device-tests, capture-failure-log, connected-tests, web-lint-and-test, test, maybe-label
2026-04-26T04:05:09.7682311Z Checks after check_name filter:
2026-04-26T04:05:09.7683683Z Checks completed: capture-failure-log, firebase-distribute, capture-failure-log / capture, capture-failure-log, autofix, lint-and-test, e2e, cross-device-tests, capture-failure-log, connected-tests, web-lint-and-test, test, maybe-label
2026-04-26T04:05:09.7685053Z Checks after Regexp filter:
2026-04-26T04:05:09.7686463Z Checks completed: capture-failure-log, firebase-distribute, capture-failure-log / capture, capture-failure-log, autofix, lint-and-test, e2e, cross-device-tests, capture-failure-log, connected-tests, web-lint-and-test, test, maybe-label
2026-04-26T04:05:09.7687952Z Checks completed:
2026-04-26T04:05:09.7688272Z capture-failure-log: completed (skipped)
2026-04-26T04:05:09.7688706Z firebase-distribute: completed (cancelled)
2026-04-26T04:05:09.7689172Z capture-failure-log / capture: completed (success)
2026-04-26T04:05:09.7689770Z capture-failure-log: completed (skipped)
2026-04-26T04:05:09.7690172Z autofix: completed (cancelled)
2026-04-26T04:05:09.7690524Z lint-and-test: completed (cancelled)
2026-04-26T04:05:09.7690892Z e2e: completed (success)
2026-04-26T04:05:09.7691236Z cross-device-tests: completed (skipped)
2026-04-26T04:05:09.7691640Z capture-failure-log: completed (skipped)
2026-04-26T04:05:09.7692060Z connected-tests: completed (skipped)
2026-04-26T04:05:09.7692445Z web-lint-and-test: completed (success)
2026-04-26T04:05:09.7692829Z test: completed (failure)
2026-04-26T04:05:09.7693152Z maybe-label: completed (success)
2026-04-26T04:05:09.7694186Z The conclusion of one or more checks were not allowed. Allowed conclusions are: success, skipped, neutral. This can be configured with the 'allowed-conclusions' param.
2026-04-26T04:05:09.7740627Z ##[error]Process completed with exit code 1.
2026-04-26T04:05:09.7863292Z Post job cleanup.
2026-04-26T04:05:09.7922637Z Cleaning up orphan processes
2026-04-26T04:05:09.8210904Z ##[warning]Node.js 20 actions are deprecated. The following actions are running on Node.js 20 and may not work as expected: actions/cache@v4. Actions will be forced to run with Node.js 24 by default starting June 2nd, 2026. Node.js 20 will be removed from the runner on September 16th, 2026. Please check if updated versions of these actions are available that support Node.js 24. To opt into Node.js 24 now, set the FORCE_JAVASCRIPT_ACTIONS_TO_NODE24=true environment variable on the runner or in your workflow file. Once Node.js 24 becomes the default, you can temporarily opt out by setting ACTIONS_ALLOW_USE_UNSECURE_NODE_VERSION=true. For more information see: https://github.blog/changelog/2025-09-19-deprecation-of-node-20-on-github-actions-runners/
