=== CI FAILURE ===
Workflow:      Auto-merge & Release
Workflow file: akarlin3/prismTask/.github/workflows/auto-merge.yml@refs/pull/849/merge
Job(s):        Auto-merge
Run ID:        24984893983
Run attempt:   1
Run URL:       https://github.com/akarlin3/prismTask/actions/runs/24984893983
Commit:        155bbacdc53aa20f2d7c36db3c212b0271a8e291
Branch:        849/merge
Event:         pull_request
Actor:         akarlin3
Runner OS:     Linux
Timestamp:     2026-04-27T08:46:28.457Z

Failed steps:
  - Auto-merge: #4 Wait for all other CI checks to pass

=== FAILED JOB LOG ===

--- Job: Auto-merge (id 73155617007) ---
2026-04-27T08:35:32.3361961Z Current runner version: '2.333.1'
2026-04-27T08:35:32.3389465Z ##[group]Runner Image Provisioner
2026-04-27T08:35:32.3390547Z Hosted Compute Agent
2026-04-27T08:35:32.3391195Z Version: 20260213.493
2026-04-27T08:35:32.3391894Z Commit: 5c115507f6dd24b8de37d8bbe0bb4509d0cc0fa3
2026-04-27T08:35:32.3392704Z Build Date: 2026-02-13T00:28:41Z
2026-04-27T08:35:32.3393437Z Worker ID: {88ad12c9-b19f-4bd1-a63b-8738c68ad1d3}
2026-04-27T08:35:32.3394155Z Azure Region: northcentralus
2026-04-27T08:35:32.3394866Z ##[endgroup]
2026-04-27T08:35:32.3397054Z ##[group]Operating System
2026-04-27T08:35:32.3397745Z Ubuntu
2026-04-27T08:35:32.3398371Z 24.04.4
2026-04-27T08:35:32.3398878Z LTS
2026-04-27T08:35:32.3399394Z ##[endgroup]
2026-04-27T08:35:32.3400034Z ##[group]Runner Image
2026-04-27T08:35:32.3400626Z Image: ubuntu-24.04
2026-04-27T08:35:32.3401231Z Version: 20260413.86.1
2026-04-27T08:35:32.3402534Z Included Software: https://github.com/actions/runner-images/blob/ubuntu24/20260413.86/images/ubuntu/Ubuntu2404-Readme.md
2026-04-27T08:35:32.3404073Z Image Release: https://github.com/actions/runner-images/releases/tag/ubuntu24%2F20260413.86
2026-04-27T08:35:32.3405468Z ##[endgroup]
2026-04-27T08:35:32.3406943Z ##[group]GITHUB_TOKEN Permissions
2026-04-27T08:35:32.3409390Z Actions: read
2026-04-27T08:35:32.3410046Z Checks: read
2026-04-27T08:35:32.3410606Z Contents: write
2026-04-27T08:35:32.3411326Z Metadata: read
2026-04-27T08:35:32.3411912Z PullRequests: write
2026-04-27T08:35:32.3412504Z ##[endgroup]
2026-04-27T08:35:32.3414841Z Secret source: Actions
2026-04-27T08:35:32.3415997Z Prepare workflow directory
2026-04-27T08:35:32.5090494Z Prepare all required actions
2026-04-27T08:35:32.5129464Z Getting action download info
2026-04-27T08:35:32.7833238Z Download action repository 'lewagon/wait-on-check-action@ccfb013c15c8afb7bf2b7c028fb74dc5a068cccc' (SHA:ccfb013c15c8afb7bf2b7c028fb74dc5a068cccc)
2026-04-27T08:35:33.3173598Z Getting action download info
2026-04-27T08:35:33.4711449Z Download action repository 'ruby/setup-ruby@v1' (SHA:c4e5b1316158f92e3d49443a9d58b31d25ac0f8f)
2026-04-27T08:35:33.8775510Z Download action repository 'actions/cache@v4' (SHA:0057852bfaa89a56745cba8c7296529d2fc39830)
2026-04-27T08:35:34.2346876Z Complete job name: Auto-merge
2026-04-27T08:35:34.4228395Z ##[group]Run set -euo pipefail
2026-04-27T08:35:34.4229545Z [36;1mset -euo pipefail[0m
2026-04-27T08:35:34.4230815Z [36;1m# Audit item #5 — poll check-runs for up to 60s instead of a bare[0m
2026-04-27T08:35:34.4232493Z [36;1m# 20s sleep. On a busy runner cohort the initial 20s wasn't enough[0m
2026-04-27T08:35:34.4234127Z [36;1m# for the API to reflect queued workflow runs, which could merge[0m
2026-04-27T08:35:34.4236175Z [36;1m# PRs without waiting for CI. Bail out early as soon as ≥1 real[0m
2026-04-27T08:35:34.4237511Z [36;1m# check shows up.[0m
2026-04-27T08:35:34.4238377Z [36;1mCOUNT=0[0m
2026-04-27T08:35:34.4239144Z [36;1mfor i in $(seq 1 6); do[0m
2026-04-27T08:35:34.4240075Z [36;1m  sleep 10[0m
2026-04-27T08:35:34.4241186Z [36;1m  COUNT=$(gh api "repos/$REPO/commits/$HEAD_SHA/check-runs" \[0m
2026-04-27T08:35:34.4242814Z [36;1m    --jq '[.check_runs[] | select(.name != "Auto-merge")] | length')[0m
2026-04-27T08:35:34.4244203Z [36;1m  if [ "$COUNT" -gt 0 ]; then[0m
2026-04-27T08:35:34.4245825Z [36;1m    echo "Found $COUNT non-Auto-merge check(s) after ${i}0s"[0m
2026-04-27T08:35:34.4247103Z [36;1m    break[0m
2026-04-27T08:35:34.4247852Z [36;1m  fi[0m
2026-04-27T08:35:34.4248803Z [36;1m  echo "No non-Auto-merge checks yet (attempt $i/6)"[0m
2026-04-27T08:35:34.4249986Z [36;1mdone[0m
2026-04-27T08:35:34.4250737Z [36;1mif [ "$COUNT" -gt 0 ]; then[0m
2026-04-27T08:35:34.4251807Z [36;1m  echo "has_ci=true" >> "$GITHUB_OUTPUT"[0m
2026-04-27T08:35:34.4252905Z [36;1melse[0m
2026-04-27T08:35:34.4253750Z [36;1m  echo "has_ci=false" >> "$GITHUB_OUTPUT"[0m
2026-04-27T08:35:34.4255584Z [36;1m  echo "No CI checks on this PR after 60s — will merge without waiting."[0m
2026-04-27T08:35:34.4256971Z [36;1mfi[0m
2026-04-27T08:35:34.4285523Z shell: /usr/bin/bash -e {0}
2026-04-27T08:35:34.4286885Z env:
2026-04-27T08:35:34.4287588Z   WAIT_INTERVAL: 30
2026-04-27T08:35:34.4289161Z   GH_TOKEN: ***
2026-04-27T08:35:34.4290108Z   HEAD_SHA: dea5dfc43670605b96a97c754bdc4ca410dbd639
2026-04-27T08:35:34.4291252Z   REPO: akarlin3/prismTask
2026-04-27T08:35:34.4292086Z ##[endgroup]
2026-04-27T08:35:44.8407332Z Found 7 non-Auto-merge check(s) after 10s
2026-04-27T08:35:44.9769588Z ##[group]Run set -euo pipefail
2026-04-27T08:35:44.9770029Z [36;1mset -euo pipefail[0m
2026-04-27T08:35:44.9770496Z [36;1mREQUIRED=$(gh api "repos/$REPO/branches/main/protection/required_status_checks" \[0m
2026-04-27T08:35:44.9771023Z [36;1m  --jq '.contexts[]' 2>/dev/null || true)[0m
2026-04-27T08:35:44.9771360Z [36;1mif [ -z "$REQUIRED" ]; then[0m
2026-04-27T08:35:44.9771928Z [36;1m  echo "::warning::Could not query branch protection (likely a permission issue) — using hardcoded fallback list."[0m
2026-04-27T08:35:44.9772515Z [36;1m  REQUIRED="$FALLBACK_REQUIRED"[0m
2026-04-27T08:35:44.9772828Z [36;1mfi[0m
2026-04-27T08:35:44.9773145Z [36;1m# Strip Auto-merge from the required list so we don't wait on[0m
2026-04-27T08:35:44.9773628Z [36;1m# ourselves (it's listed because we ARE the running workflow).[0m
2026-04-27T08:35:44.9774169Z [36;1mREQUIRED=$(echo "$REQUIRED" | grep -vE '^\s*Auto-merge\s*$' | grep -vE '^\s*$' || true)[0m
2026-04-27T08:35:44.9774688Z [36;1mif [ -z "$REQUIRED" ]; then[0m
2026-04-27T08:35:44.9775384Z [36;1m  echo "No required checks beyond Auto-merge; skipping queue wait."[0m
2026-04-27T08:35:44.9775802Z [36;1m  exit 0[0m
2026-04-27T08:35:44.9776049Z [36;1mfi[0m
2026-04-27T08:35:44.9776324Z [36;1mecho "Waiting until these required checks queue:"[0m
2026-04-27T08:35:44.9776699Z [36;1mecho "$REQUIRED" | sed 's/^/  /'[0m
2026-04-27T08:35:44.9777079Z [36;1m# 30 attempts × 10s = 5 min ceiling. If checks haven't queued[0m
2026-04-27T08:35:44.9777560Z [36;1m# by then something is genuinely broken (workflow file invalid,[0m
2026-04-27T08:35:44.9778054Z [36;1m# path filter excluding everything, etc.) — log and proceed so[0m
2026-04-27T08:35:44.9778496Z [36;1m# wait-on-check-action can decide how to handle it.[0m
2026-04-27T08:35:44.9778857Z [36;1mfor attempt in $(seq 1 30); do[0m
2026-04-27T08:35:44.9779287Z [36;1m  CHECK_RUNS=$(gh api --paginate "repos/$REPO/commits/$HEAD_SHA/check-runs" \[0m
2026-04-27T08:35:44.9779761Z [36;1m    --jq '.check_runs[].name' | sort -u)[0m
2026-04-27T08:35:44.9780091Z [36;1m  MISSING=""[0m
2026-04-27T08:35:44.9780359Z [36;1m  while IFS= read -r req; do[0m
2026-04-27T08:35:44.9780673Z [36;1m    [ -z "$req" ] && continue[0m
2026-04-27T08:35:44.9780982Z [36;1m    req_trimmed=$(echo "$req" | xargs)[0m
2026-04-27T08:35:44.9781389Z [36;1m    if ! echo "$CHECK_RUNS" | grep -qxF "$req_trimmed"; then[0m
2026-04-27T08:35:44.9781803Z [36;1m      MISSING="$MISSING $req_trimmed"[0m
2026-04-27T08:35:44.9782101Z [36;1m    fi[0m
2026-04-27T08:35:44.9782324Z [36;1m  done <<< "$REQUIRED"[0m
2026-04-27T08:35:44.9782620Z [36;1m  if [ -z "$MISSING" ]; then[0m
2026-04-27T08:35:44.9783140Z [36;1m    echo "All required checks have queued after attempt $attempt."[0m
2026-04-27T08:35:44.9783557Z [36;1m    exit 0[0m
2026-04-27T08:35:44.9783785Z [36;1m  fi[0m
2026-04-27T08:35:44.9784084Z [36;1m  echo "Still waiting for:$MISSING (attempt $attempt/30)"[0m
2026-04-27T08:35:44.9784441Z [36;1m  sleep 10[0m
2026-04-27T08:35:44.9784672Z [36;1mdone[0m
2026-04-27T08:35:44.9785499Z [36;1mecho "::warning::Some required checks never queued after 5 min:$MISSING — proceeding to wait-on-check-action anyway."[0m
2026-04-27T08:35:44.9809569Z shell: /usr/bin/bash -e {0}
2026-04-27T08:35:44.9809860Z env:
2026-04-27T08:35:44.9810077Z   WAIT_INTERVAL: 30
2026-04-27T08:35:44.9810668Z   GH_TOKEN: ***
2026-04-27T08:35:44.9810959Z   HEAD_SHA: dea5dfc43670605b96a97c754bdc4ca410dbd639
2026-04-27T08:35:44.9811307Z   REPO: akarlin3/prismTask
2026-04-27T08:35:44.9811691Z   FALLBACK_REQUIRED: lint-and-test
connected-tests
test
web-lint-and-test

2026-04-27T08:35:44.9812393Z ##[endgroup]
2026-04-27T08:35:45.1809084Z Waiting until these required checks queue:
2026-04-27T08:35:45.1823449Z   {"message":"Resource not accessible by integration","documentation_url":"https://docs.github.com/rest/branches/branch-protection#get-status-checks-protection","status":"403"}
2026-04-27T08:35:45.5676732Z Still waiting for: {message:Resource not accessible by integration,documentation_url:https://docs.github.com/rest/branches/branch-protection#get-status-checks-protection,status:403} (attempt 1/30)
2026-04-27T08:35:56.0065377Z Still waiting for: {message:Resource not accessible by integration,documentation_url:https://docs.github.com/rest/branches/branch-protection#get-status-checks-protection,status:403} (attempt 2/30)
2026-04-27T08:36:06.4747946Z Still waiting for: {message:Resource not accessible by integration,documentation_url:https://docs.github.com/rest/branches/branch-protection#get-status-checks-protection,status:403} (attempt 3/30)
2026-04-27T08:36:16.9326148Z Still waiting for: {message:Resource not accessible by integration,documentation_url:https://docs.github.com/rest/branches/branch-protection#get-status-checks-protection,status:403} (attempt 4/30)
2026-04-27T08:36:27.3580723Z Still waiting for: {message:Resource not accessible by integration,documentation_url:https://docs.github.com/rest/branches/branch-protection#get-status-checks-protection,status:403} (attempt 5/30)
2026-04-27T08:36:37.7958071Z Still waiting for: {message:Resource not accessible by integration,documentation_url:https://docs.github.com/rest/branches/branch-protection#get-status-checks-protection,status:403} (attempt 6/30)
2026-04-27T08:36:48.2744050Z Still waiting for: {message:Resource not accessible by integration,documentation_url:https://docs.github.com/rest/branches/branch-protection#get-status-checks-protection,status:403} (attempt 7/30)
2026-04-27T08:36:58.7168172Z Still waiting for: {message:Resource not accessible by integration,documentation_url:https://docs.github.com/rest/branches/branch-protection#get-status-checks-protection,status:403} (attempt 8/30)
2026-04-27T08:37:09.2040026Z Still waiting for: {message:Resource not accessible by integration,documentation_url:https://docs.github.com/rest/branches/branch-protection#get-status-checks-protection,status:403} (attempt 9/30)
2026-04-27T08:37:19.6460348Z Still waiting for: {message:Resource not accessible by integration,documentation_url:https://docs.github.com/rest/branches/branch-protection#get-status-checks-protection,status:403} (attempt 10/30)
2026-04-27T08:37:30.1139489Z Still waiting for: {message:Resource not accessible by integration,documentation_url:https://docs.github.com/rest/branches/branch-protection#get-status-checks-protection,status:403} (attempt 11/30)
2026-04-27T08:37:40.5648037Z Still waiting for: {message:Resource not accessible by integration,documentation_url:https://docs.github.com/rest/branches/branch-protection#get-status-checks-protection,status:403} (attempt 12/30)
2026-04-27T08:37:51.0645361Z Still waiting for: {message:Resource not accessible by integration,documentation_url:https://docs.github.com/rest/branches/branch-protection#get-status-checks-protection,status:403} (attempt 13/30)
2026-04-27T08:38:01.4659208Z Still waiting for: {message:Resource not accessible by integration,documentation_url:https://docs.github.com/rest/branches/branch-protection#get-status-checks-protection,status:403} (attempt 14/30)
2026-04-27T08:38:11.9503238Z Still waiting for: {message:Resource not accessible by integration,documentation_url:https://docs.github.com/rest/branches/branch-protection#get-status-checks-protection,status:403} (attempt 15/30)
2026-04-27T08:38:22.4153965Z Still waiting for: {message:Resource not accessible by integration,documentation_url:https://docs.github.com/rest/branches/branch-protection#get-status-checks-protection,status:403} (attempt 16/30)
2026-04-27T08:38:32.8389223Z Still waiting for: {message:Resource not accessible by integration,documentation_url:https://docs.github.com/rest/branches/branch-protection#get-status-checks-protection,status:403} (attempt 17/30)
2026-04-27T08:38:43.2911344Z Still waiting for: {message:Resource not accessible by integration,documentation_url:https://docs.github.com/rest/branches/branch-protection#get-status-checks-protection,status:403} (attempt 18/30)
2026-04-27T08:38:53.6844279Z Still waiting for: {message:Resource not accessible by integration,documentation_url:https://docs.github.com/rest/branches/branch-protection#get-status-checks-protection,status:403} (attempt 19/30)
2026-04-27T08:39:04.0619975Z Still waiting for: {message:Resource not accessible by integration,documentation_url:https://docs.github.com/rest/branches/branch-protection#get-status-checks-protection,status:403} (attempt 20/30)
2026-04-27T08:39:14.4589485Z Still waiting for: {message:Resource not accessible by integration,documentation_url:https://docs.github.com/rest/branches/branch-protection#get-status-checks-protection,status:403} (attempt 21/30)
2026-04-27T08:39:24.9500451Z Still waiting for: {message:Resource not accessible by integration,documentation_url:https://docs.github.com/rest/branches/branch-protection#get-status-checks-protection,status:403} (attempt 22/30)
2026-04-27T08:39:35.3501343Z Still waiting for: {message:Resource not accessible by integration,documentation_url:https://docs.github.com/rest/branches/branch-protection#get-status-checks-protection,status:403} (attempt 23/30)
2026-04-27T08:39:45.8261751Z Still waiting for: {message:Resource not accessible by integration,documentation_url:https://docs.github.com/rest/branches/branch-protection#get-status-checks-protection,status:403} (attempt 24/30)
2026-04-27T08:39:56.2480701Z Still waiting for: {message:Resource not accessible by integration,documentation_url:https://docs.github.com/rest/branches/branch-protection#get-status-checks-protection,status:403} (attempt 25/30)
2026-04-27T08:40:06.7021464Z Still waiting for: {message:Resource not accessible by integration,documentation_url:https://docs.github.com/rest/branches/branch-protection#get-status-checks-protection,status:403} (attempt 26/30)
2026-04-27T08:40:17.1734865Z Still waiting for: {message:Resource not accessible by integration,documentation_url:https://docs.github.com/rest/branches/branch-protection#get-status-checks-protection,status:403} (attempt 27/30)
2026-04-27T08:40:27.6378340Z Still waiting for: {message:Resource not accessible by integration,documentation_url:https://docs.github.com/rest/branches/branch-protection#get-status-checks-protection,status:403} (attempt 28/30)
2026-04-27T08:40:38.0684066Z Still waiting for: {message:Resource not accessible by integration,documentation_url:https://docs.github.com/rest/branches/branch-protection#get-status-checks-protection,status:403} (attempt 29/30)
2026-04-27T08:40:48.5407170Z Still waiting for: {message:Resource not accessible by integration,documentation_url:https://docs.github.com/rest/branches/branch-protection#get-status-checks-protection,status:403} (attempt 30/30)
2026-04-27T08:40:58.5456308Z ##[warning]Some required checks never queued after 5 min: {message:Resource not accessible by integration,documentation_url:https://docs.github.com/rest/branches/branch-protection#get-status-checks-protection,status:403} — proceeding to wait-on-check-action anyway.
2026-04-27T08:40:58.6144317Z ##[group]Run lewagon/wait-on-check-action@ccfb013c15c8afb7bf2b7c028fb74dc5a068cccc
2026-04-27T08:40:58.6144775Z with:
2026-04-27T08:40:58.6145577Z   ref: dea5dfc43670605b96a97c754bdc4ca410dbd639
2026-04-27T08:40:58.6145919Z   running-workflow-name: Auto-merge
2026-04-27T08:40:58.6146673Z   repo-token: ***
2026-04-27T08:40:58.6146881Z   wait-interval: 30
2026-04-27T08:40:58.6147126Z   allowed-conclusions: success,skipped,neutral
2026-04-27T08:40:58.6147411Z   verbose: true
2026-04-27T08:40:58.6147590Z env:
2026-04-27T08:40:58.6147760Z   WAIT_INTERVAL: 30
2026-04-27T08:40:58.6147964Z ##[endgroup]
2026-04-27T08:40:58.6841125Z ##[group]Run ruby/setup-ruby@v1
2026-04-27T08:40:58.6841400Z with:
2026-04-27T08:40:58.6841823Z   ruby-version: 3.2
2026-04-27T08:40:58.6842031Z   bundler-cache: false
2026-04-27T08:40:58.6842446Z   token: ***
2026-04-27T08:40:58.6842630Z env:
2026-04-27T08:40:58.6842810Z   WAIT_INTERVAL: 30
2026-04-27T08:40:58.6843006Z ##[endgroup]
2026-04-27T08:40:58.8376730Z ##[group]Modifying PATH
2026-04-27T08:40:58.8377290Z Entries added to PATH to use selected Ruby:
2026-04-27T08:40:58.8377840Z   /opt/hostedtoolcache/Ruby/3.2.11/x64/bin
2026-04-27T08:40:58.8383814Z ##[endgroup]
2026-04-27T08:40:58.8386259Z ##[group]Print Ruby version
2026-04-27T08:40:58.8471971Z [command]/opt/hostedtoolcache/Ruby/3.2.11/x64/bin/ruby --version
2026-04-27T08:40:58.9865875Z ruby 3.2.11 (2026-03-27 revision 5483bfc1ae) [x86_64-linux]
2026-04-27T08:40:58.9897832Z Took   0.15 seconds
2026-04-27T08:40:58.9898699Z ##[endgroup]
2026-04-27T08:40:58.9900697Z ##[group]Installing Bundler
2026-04-27T08:40:58.9903898Z Using Bundler shipped with ruby-3.2.11
2026-04-27T08:40:58.9905232Z Took   0.00 seconds
2026-04-27T08:40:58.9906449Z ##[endgroup]
2026-04-27T08:40:59.1509403Z ##[group]Run actions/cache@v4
2026-04-27T08:40:59.1509667Z with:
2026-04-27T08:40:59.1510103Z   path: /home/runner/work/_actions/lewagon/wait-on-check-action/ccfb013c15c8afb7bf2b7c028fb74dc5a068cccc
2026-04-27T08:40:59.1510617Z   key: Linux-gems-
2026-04-27T08:40:59.1510818Z   restore-keys: Linux-gems-
2026-04-27T08:40:59.1511054Z   enableCrossOsArchive: false
2026-04-27T08:40:59.1511291Z   fail-on-cache-miss: false
2026-04-27T08:40:59.1511506Z   lookup-only: false
2026-04-27T08:40:59.1511707Z   save-always: false
2026-04-27T08:40:59.1511891Z env:
2026-04-27T08:40:59.1512058Z   WAIT_INTERVAL: 30
2026-04-27T08:40:59.1512248Z ##[endgroup]
2026-04-27T08:40:59.4313062Z Cache hit for: Linux-gems-
2026-04-27T08:40:59.5561621Z Received 13154 of 13154 (100.0%), 0.5 MBs/sec
2026-04-27T08:40:59.5562625Z Cache Size: ~0 MB (13154 B)
2026-04-27T08:40:59.5605739Z [command]/usr/bin/tar -xf /home/runner/work/_temp/22acc068-c817-431a-8ebe-f066f822c197/cache.tzst -P -C /home/runner/work/prismTask/prismTask --use-compress-program unzstd
2026-04-27T08:40:59.5671135Z Cache restored successfully
2026-04-27T08:40:59.5753898Z Cache restored from key: Linux-gems-
2026-04-27T08:40:59.6006189Z ##[group]Run bundle install --jobs 4 --retry 3
2026-04-27T08:40:59.6006615Z [36;1mbundle install --jobs 4 --retry 3[0m
2026-04-27T08:40:59.6031180Z shell: /usr/bin/bash --noprofile --norc -e -o pipefail {0}
2026-04-27T08:40:59.6031523Z env:
2026-04-27T08:40:59.6031714Z   WAIT_INTERVAL: 30
2026-04-27T08:40:59.6031917Z ##[endgroup]
2026-04-27T08:41:01.0105608Z Bundler 2.4.19 is running, but your lockfile was generated with 2.2.3. Installing Bundler 2.2.3 and restarting using that version.
2026-04-27T08:41:02.8107192Z Fetching gem metadata from https://rubygems.org/.
2026-04-27T08:41:02.8186905Z Fetching bundler 2.2.3
2026-04-27T08:41:02.9964554Z Installing bundler 2.2.3
2026-04-27T08:41:03.2057157Z Calling `DidYouMean::SPELL_CHECKERS.merge!(error_name => spell_checker)' has been deprecated. Please call `DidYouMean.correct_error(error_name, spell_checker)' instead.
2026-04-27T08:41:04.6736581Z Fetching gem metadata from https://rubygems.org/.........
2026-04-27T08:41:04.6844470Z Fetching minitest 5.18.0
2026-04-27T08:41:04.6850533Z Fetching public_suffix 4.0.7
2026-04-27T08:41:04.6851615Z Fetching concurrent-ruby 1.2.2
2026-04-27T08:41:04.6855753Z Fetching zeitwerk 2.6.7
2026-04-27T08:41:04.8137161Z Installing zeitwerk 2.6.7
2026-04-27T08:41:04.8265605Z Installing minitest 5.18.0
2026-04-27T08:41:04.8362775Z Installing public_suffix 4.0.7
2026-04-27T08:41:04.8867495Z Fetching ast 2.4.2
2026-04-27T08:41:04.8902218Z Using bundler 2.2.3
2026-04-27T08:41:04.9145869Z Fetching byebug 11.1.3
2026-04-27T08:41:04.9408145Z Installing concurrent-ruby 1.2.2
2026-04-27T08:41:04.9525315Z Installing ast 2.4.2
2026-04-27T08:41:04.9679770Z Installing byebug 11.1.3 with native extensions
2026-04-27T08:41:04.9733283Z Fetching diff-lcs 1.4.4
2026-04-27T08:41:05.0223586Z Installing diff-lcs 1.4.4
2026-04-27T08:41:05.0228069Z Fetching faraday-net_http 2.0.3
2026-04-27T08:41:05.0768806Z Installing faraday-net_http 2.0.3
2026-04-27T08:41:05.0938137Z Using ruby2_keywords 0.0.5
2026-04-27T08:41:05.0945615Z Fetching json 2.7.1
2026-04-27T08:41:05.1391262Z Installing json 2.7.1 with native extensions
2026-04-27T08:41:05.1703341Z Fetching language_server-protocol 3.17.0.3
2026-04-27T08:41:05.2214104Z Installing language_server-protocol 3.17.0.3
2026-04-27T08:41:05.3096162Z Fetching lint_roller 1.1.0
2026-04-27T08:41:05.3649203Z Installing lint_roller 1.1.0
2026-04-27T08:41:05.3779100Z Fetching parallel 1.24.0
2026-04-27T08:41:05.4176606Z Installing parallel 1.24.0
2026-04-27T08:41:05.4294857Z Fetching racc 1.7.3
2026-04-27T08:41:05.4889181Z Installing racc 1.7.3 with native extensions
2026-04-27T08:41:05.5351995Z Fetching rainbow 3.1.1
2026-04-27T08:41:05.5691231Z Installing rainbow 3.1.1
2026-04-27T08:41:05.5760898Z Fetching regexp_parser 2.8.3
2026-04-27T08:41:05.6120337Z Installing regexp_parser 2.8.3
2026-04-27T08:41:05.6392676Z Fetching rexml 3.2.6
2026-04-27T08:41:05.6781129Z Installing rexml 3.2.6
2026-04-27T08:41:05.7200407Z Fetching rspec-support 3.10.1
2026-04-27T08:41:05.8150795Z Installing rspec-support 3.10.1
2026-04-27T08:41:05.8291607Z Fetching ruby-progressbar 1.13.0
2026-04-27T08:41:05.8648645Z Installing ruby-progressbar 1.13.0
2026-04-27T08:41:05.8774336Z Fetching unicode-display_width 2.5.0
2026-04-27T08:41:05.9126780Z Installing unicode-display_width 2.5.0
2026-04-27T08:41:05.9188037Z Fetching addressable 2.8.0
2026-04-27T08:41:05.9578097Z Installing addressable 2.8.0
2026-04-27T08:41:05.9717600Z Fetching faraday 2.3.0
2026-04-27T08:41:06.0106135Z Installing faraday 2.3.0
2026-04-27T08:41:06.0345028Z Fetching i18n 1.12.0
2026-04-27T08:41:06.0712989Z Installing i18n 1.12.0
2026-04-27T08:41:06.0861236Z Fetching tzinfo 2.0.6
2026-04-27T08:41:06.1231853Z Installing tzinfo 2.0.6
2026-04-27T08:41:06.1400641Z Fetching rspec-core 3.10.1
2026-04-27T08:41:06.1825846Z Installing rspec-core 3.10.1
2026-04-27T08:41:06.2093924Z Fetching rspec-expectations 3.10.1
2026-04-27T08:41:06.2493128Z Installing rspec-expectations 3.10.1
2026-04-27T08:41:06.2679537Z Fetching rspec-mocks 3.10.1
2026-04-27T08:41:06.3052476Z Installing rspec-mocks 3.10.1
2026-04-27T08:41:06.3205164Z Fetching faraday-retry 2.0.0
2026-04-27T08:41:06.3582324Z Installing faraday-retry 2.0.0
2026-04-27T08:41:06.3644161Z Fetching sawyer 0.9.2
2026-04-27T08:41:06.4011770Z Installing sawyer 0.9.2
2026-04-27T08:41:06.4094231Z Fetching activesupport 6.1.7.3
2026-04-27T08:41:06.4568534Z Installing activesupport 6.1.7.3
2026-04-27T08:41:06.5193151Z Fetching rspec 3.10.0
2026-04-27T08:41:06.5567038Z Installing rspec 3.10.0
2026-04-27T08:41:06.5621555Z Fetching octokit 4.25.0
2026-04-27T08:41:06.6032869Z Installing octokit 4.25.0
2026-04-27T08:41:07.8039008Z Fetching parser 3.2.2.4
2026-04-27T08:41:07.9206786Z Installing parser 3.2.2.4
2026-04-27T08:41:08.0404103Z Fetching rubocop-ast 1.30.0
2026-04-27T08:41:08.1008282Z Installing rubocop-ast 1.30.0
2026-04-27T08:41:09.6644594Z Fetching rubocop 1.57.2
2026-04-27T08:41:09.7262381Z Installing rubocop 1.57.2
2026-04-27T08:41:09.9177110Z Fetching rubocop-performance 1.19.1
2026-04-27T08:41:09.9180295Z Fetching standard-custom 1.0.2
2026-04-27T08:41:09.9777632Z Installing standard-custom 1.0.2
2026-04-27T08:41:09.9809127Z Installing rubocop-performance 1.19.1
2026-04-27T08:41:10.0014215Z Fetching standard-performance 1.2.1
2026-04-27T08:41:10.0336927Z Installing standard-performance 1.2.1
2026-04-27T08:41:10.0428101Z Fetching standard 1.32.1
2026-04-27T08:41:10.0802421Z Installing standard 1.32.1
2026-04-27T08:41:10.1059769Z Bundle complete! 6 Gemfile dependencies, 40 gems now installed.
2026-04-27T08:41:10.1060716Z Use `bundle info [gemname]` to see where a bundled gem is installed.
2026-04-27T08:41:10.1798779Z ##[group]Run ruby entrypoint.rb
2026-04-27T08:41:10.1799093Z [36;1mruby entrypoint.rb[0m
2026-04-27T08:41:10.1820795Z shell: /usr/bin/bash --noprofile --norc -e -o pipefail {0}
2026-04-27T08:41:10.1821131Z env:
2026-04-27T08:41:10.1821532Z   WAIT_INTERVAL: 30
2026-04-27T08:41:10.1821779Z   ALLOWED_CONCLUSIONS: success,skipped,neutral
2026-04-27T08:41:10.1822068Z   IGNORE_CHECKS: 
2026-04-27T08:41:10.1822262Z   CHECK_NAME: 
2026-04-27T08:41:10.1822451Z   CHECK_REGEXP: 
2026-04-27T08:41:10.1822686Z   REF: dea5dfc43670605b96a97c754bdc4ca410dbd639
2026-04-27T08:41:10.1823285Z   REPO_TOKEN: ***
2026-04-27T08:41:10.1823491Z   VERBOSE: true
2026-04-27T08:41:10.1823701Z   RUNNING_WORKFLOW_NAME: Auto-merge
2026-04-27T08:41:10.1823951Z   API_ENDPOINT: 
2026-04-27T08:41:10.1824146Z ##[endgroup]
2026-04-27T08:45:15.1628148Z Checks running on ref:
2026-04-27T08:45:15.1630664Z Checks in_progress: lint-and-test, autofix, Auto-merge
2026-04-27T08:45:15.1632527Z Checks completed: capture-failure-log, capture-failure-log, e2e, cross-device-tests, capture-failure-log, connected-tests, web-lint-and-test, test, maybe-label
2026-04-27T08:45:15.1634143Z Checks after ignore checks filter:
2026-04-27T08:45:15.1634694Z Checks in_progress: lint-and-test, autofix
2026-04-27T08:45:15.1636655Z Checks completed: capture-failure-log, capture-failure-log, e2e, cross-device-tests, capture-failure-log, connected-tests, web-lint-and-test, test, maybe-label
2026-04-27T08:45:15.1638103Z Checks after check_name filter:
2026-04-27T08:45:15.1638694Z Checks in_progress: lint-and-test, autofix
2026-04-27T08:45:15.1639992Z Checks completed: capture-failure-log, capture-failure-log, e2e, cross-device-tests, capture-failure-log, connected-tests, web-lint-and-test, test, maybe-label
2026-04-27T08:45:15.1640942Z Checks after Regexp filter:
2026-04-27T08:45:15.1641272Z Checks in_progress: lint-and-test, autofix
2026-04-27T08:45:15.1642201Z Checks completed: capture-failure-log, capture-failure-log, e2e, cross-device-tests, capture-failure-log, connected-tests, web-lint-and-test, test, maybe-label
2026-04-27T08:45:15.1643278Z The requested checks aren't complete yet, will check back in 30 seconds...
2026-04-27T08:45:15.1643770Z Checks running on ref:
2026-04-27T08:45:15.1644107Z Checks in_progress: lint-and-test, autofix, Auto-merge
2026-04-27T08:45:15.1645368Z Checks completed: capture-failure-log, capture-failure-log, e2e, cross-device-tests, capture-failure-log, connected-tests, web-lint-and-test, test, maybe-label
2026-04-27T08:45:15.1646329Z Checks after ignore checks filter:
2026-04-27T08:45:15.1646680Z Checks in_progress: lint-and-test, autofix
2026-04-27T08:45:15.1647614Z Checks completed: capture-failure-log, capture-failure-log, e2e, cross-device-tests, capture-failure-log, connected-tests, web-lint-and-test, test, maybe-label
2026-04-27T08:45:15.1648484Z Checks after check_name filter:
2026-04-27T08:45:15.1648742Z Checks in_progress: lint-and-test, autofix
2026-04-27T08:45:15.1649415Z Checks completed: capture-failure-log, capture-failure-log, e2e, cross-device-tests, capture-failure-log, connected-tests, web-lint-and-test, test, maybe-label
2026-04-27T08:45:15.1650104Z Checks after Regexp filter:
2026-04-27T08:45:15.1650351Z Checks in_progress: lint-and-test, autofix
2026-04-27T08:45:15.1651032Z Checks completed: capture-failure-log, capture-failure-log, e2e, cross-device-tests, capture-failure-log, connected-tests, web-lint-and-test, test, maybe-label
2026-04-27T08:45:15.1651804Z The requested checks aren't complete yet, will check back in 30 seconds...
2026-04-27T08:45:15.1652565Z Checks running on ref:
2026-04-27T08:45:15.1652845Z Checks in_progress: lint-and-test, autofix, Auto-merge
2026-04-27T08:45:15.1653563Z Checks completed: capture-failure-log, capture-failure-log, e2e, cross-device-tests, capture-failure-log, connected-tests, web-lint-and-test, test, maybe-label
2026-04-27T08:45:15.1654253Z Checks after ignore checks filter:
2026-04-27T08:45:15.1654517Z Checks in_progress: lint-and-test, autofix
2026-04-27T08:45:15.1655450Z Checks completed: capture-failure-log, capture-failure-log, e2e, cross-device-tests, capture-failure-log, connected-tests, web-lint-and-test, test, maybe-label
2026-04-27T08:45:15.1656144Z Checks after check_name filter:
2026-04-27T08:45:15.1656401Z Checks in_progress: lint-and-test, autofix
2026-04-27T08:45:15.1657258Z Checks completed: capture-failure-log, capture-failure-log, e2e, cross-device-tests, capture-failure-log, connected-tests, web-lint-and-test, test, maybe-label
2026-04-27T08:45:15.1657959Z Checks after Regexp filter:
2026-04-27T08:45:15.1658212Z Checks in_progress: lint-and-test, autofix
2026-04-27T08:45:15.1658897Z Checks completed: capture-failure-log, capture-failure-log, e2e, cross-device-tests, capture-failure-log, connected-tests, web-lint-and-test, test, maybe-label
2026-04-27T08:45:15.1659694Z The requested checks aren't complete yet, will check back in 30 seconds...
2026-04-27T08:45:15.1660062Z Checks running on ref:
2026-04-27T08:45:15.1660322Z Checks in_progress: lint-and-test, autofix, Auto-merge
2026-04-27T08:45:15.1661033Z Checks completed: capture-failure-log, capture-failure-log, e2e, cross-device-tests, capture-failure-log, connected-tests, web-lint-and-test, test, maybe-label
2026-04-27T08:45:15.1661716Z Checks after ignore checks filter:
2026-04-27T08:45:15.1661986Z Checks in_progress: lint-and-test, autofix
2026-04-27T08:45:15.1662656Z Checks completed: capture-failure-log, capture-failure-log, e2e, cross-device-tests, capture-failure-log, connected-tests, web-lint-and-test, test, maybe-label
2026-04-27T08:45:15.1663337Z Checks after check_name filter:
2026-04-27T08:45:15.1663590Z Checks in_progress: lint-and-test, autofix
2026-04-27T08:45:15.1664260Z Checks completed: capture-failure-log, capture-failure-log, e2e, cross-device-tests, capture-failure-log, connected-tests, web-lint-and-test, test, maybe-label
2026-04-27T08:45:15.1665127Z Checks after Regexp filter:
2026-04-27T08:45:15.1665465Z Checks in_progress: lint-and-test, autofix
2026-04-27T08:45:15.1666166Z Checks completed: capture-failure-log, capture-failure-log, e2e, cross-device-tests, capture-failure-log, connected-tests, web-lint-and-test, test, maybe-label
2026-04-27T08:45:15.1666937Z The requested checks aren't complete yet, will check back in 30 seconds...
2026-04-27T08:45:15.1667310Z Checks running on ref:
2026-04-27T08:45:15.1667563Z Checks in_progress: lint-and-test, autofix, Auto-merge
2026-04-27T08:45:15.1668279Z Checks completed: capture-failure-log, capture-failure-log, e2e, cross-device-tests, capture-failure-log, connected-tests, web-lint-and-test, test, maybe-label
2026-04-27T08:45:15.1668963Z Checks after ignore checks filter:
2026-04-27T08:45:15.1669228Z Checks in_progress: lint-and-test, autofix
2026-04-27T08:45:15.1669890Z Checks completed: capture-failure-log, capture-failure-log, e2e, cross-device-tests, capture-failure-log, connected-tests, web-lint-and-test, test, maybe-label
2026-04-27T08:45:15.1670559Z Checks after check_name filter:
2026-04-27T08:45:15.1670813Z Checks in_progress: lint-and-test, autofix
2026-04-27T08:45:15.1671482Z Checks completed: capture-failure-log, capture-failure-log, e2e, cross-device-tests, capture-failure-log, connected-tests, web-lint-and-test, test, maybe-label
2026-04-27T08:45:15.1672147Z Checks after Regexp filter:
2026-04-27T08:45:15.1672388Z Checks in_progress: lint-and-test, autofix
2026-04-27T08:45:15.1673055Z Checks completed: capture-failure-log, capture-failure-log, e2e, cross-device-tests, capture-failure-log, connected-tests, web-lint-and-test, test, maybe-label
2026-04-27T08:45:15.1673972Z The requested checks aren't complete yet, will check back in 30 seconds...
2026-04-27T08:45:15.1674473Z Checks running on ref:
2026-04-27T08:45:15.1674716Z Checks in_progress: lint-and-test, Auto-merge
2026-04-27T08:45:15.1675734Z Checks completed: autofix, capture-failure-log, capture-failure-log, e2e, cross-device-tests, capture-failure-log, connected-tests, web-lint-and-test, test, maybe-label
2026-04-27T08:45:15.1676459Z Checks after ignore checks filter:
2026-04-27T08:45:15.1676717Z Checks in_progress: lint-and-test
2026-04-27T08:45:15.1677420Z Checks completed: autofix, capture-failure-log, capture-failure-log, e2e, cross-device-tests, capture-failure-log, connected-tests, web-lint-and-test, test, maybe-label
2026-04-27T08:45:15.1678310Z Checks after check_name filter:
2026-04-27T08:45:15.1678550Z Checks in_progress: lint-and-test
2026-04-27T08:45:15.1679244Z Checks completed: autofix, capture-failure-log, capture-failure-log, e2e, cross-device-tests, capture-failure-log, connected-tests, web-lint-and-test, test, maybe-label
2026-04-27T08:45:15.1679957Z Checks after Regexp filter:
2026-04-27T08:45:15.1680196Z Checks in_progress: lint-and-test
2026-04-27T08:45:15.1680889Z Checks completed: autofix, capture-failure-log, capture-failure-log, e2e, cross-device-tests, capture-failure-log, connected-tests, web-lint-and-test, test, maybe-label
2026-04-27T08:45:15.1681692Z The requested checks aren't complete yet, will check back in 30 seconds...
2026-04-27T08:45:15.1682060Z Checks running on ref:
2026-04-27T08:45:15.1682298Z Checks in_progress: lint-and-test, Auto-merge
2026-04-27T08:45:15.1683017Z Checks completed: autofix, capture-failure-log, capture-failure-log, e2e, cross-device-tests, capture-failure-log, connected-tests, web-lint-and-test, test, maybe-label
2026-04-27T08:45:15.1683727Z Checks after ignore checks filter:
2026-04-27T08:45:15.1683979Z Checks in_progress: lint-and-test
2026-04-27T08:45:15.1684660Z Checks completed: autofix, capture-failure-log, capture-failure-log, e2e, cross-device-tests, capture-failure-log, connected-tests, web-lint-and-test, test, maybe-label
2026-04-27T08:45:15.1685624Z Checks after check_name filter:
2026-04-27T08:45:15.1685869Z Checks in_progress: lint-and-test
2026-04-27T08:45:15.1686539Z Checks completed: autofix, capture-failure-log, capture-failure-log, e2e, cross-device-tests, capture-failure-log, connected-tests, web-lint-and-test, test, maybe-label
2026-04-27T08:45:15.1687236Z Checks after Regexp filter:
2026-04-27T08:45:15.1687471Z Checks in_progress: lint-and-test
2026-04-27T08:45:15.1688146Z Checks completed: autofix, capture-failure-log, capture-failure-log, e2e, cross-device-tests, capture-failure-log, connected-tests, web-lint-and-test, test, maybe-label
2026-04-27T08:45:15.1688949Z The requested checks aren't complete yet, will check back in 30 seconds...
2026-04-27T08:45:15.1689316Z Checks running on ref:
2026-04-27T08:45:15.1689555Z Checks in_progress: lint-and-test, Auto-merge
2026-04-27T08:45:15.1690271Z Checks completed: autofix, capture-failure-log, capture-failure-log, e2e, cross-device-tests, capture-failure-log, connected-tests, web-lint-and-test, test, maybe-label
2026-04-27T08:45:15.1690979Z Checks after ignore checks filter:
2026-04-27T08:45:15.1691228Z Checks in_progress: lint-and-test
2026-04-27T08:45:15.1691910Z Checks completed: autofix, capture-failure-log, capture-failure-log, e2e, cross-device-tests, capture-failure-log, connected-tests, web-lint-and-test, test, maybe-label
2026-04-27T08:45:15.1692615Z Checks after check_name filter:
2026-04-27T08:45:15.1692856Z Checks in_progress: lint-and-test
2026-04-27T08:45:15.1693531Z Checks completed: autofix, capture-failure-log, capture-failure-log, e2e, cross-device-tests, capture-failure-log, connected-tests, web-lint-and-test, test, maybe-label
2026-04-27T08:45:15.1694226Z Checks after Regexp filter:
2026-04-27T08:45:15.1694458Z Checks in_progress: lint-and-test
2026-04-27T08:45:15.1695774Z Checks completed: autofix, capture-failure-log, capture-failure-log, e2e, cross-device-tests, capture-failure-log, connected-tests, web-lint-and-test, test, maybe-label
2026-04-27T08:45:15.1697168Z The requested checks aren't complete yet, will check back in 30 seconds...
2026-04-27T08:45:15.1697791Z Checks running on ref:
2026-04-27T08:46:16.1428828Z Checks in_progress: lint-and-test, Auto-merge
2026-04-27T08:46:16.1430575Z Checks completed: autofix, capture-failure-log, capture-failure-log, e2e, cross-device-tests, capture-failure-log, connected-tests, web-lint-and-test, test, maybe-label
2026-04-27T08:46:16.1432332Z Checks after ignore checks filter:
2026-04-27T08:46:16.1432889Z Checks in_progress: lint-and-test
2026-04-27T08:46:16.1434465Z Checks completed: autofix, capture-failure-log, capture-failure-log, e2e, cross-device-tests, capture-failure-log, connected-tests, web-lint-and-test, test, maybe-label
2026-04-27T08:46:16.1436978Z Checks after check_name filter:
2026-04-27T08:46:16.1437431Z Checks in_progress: lint-and-test
2026-04-27T08:46:16.1438806Z Checks completed: autofix, capture-failure-log, capture-failure-log, e2e, cross-device-tests, capture-failure-log, connected-tests, web-lint-and-test, test, maybe-label
2026-04-27T08:46:16.1440196Z Checks after Regexp filter:
2026-04-27T08:46:16.1440545Z Checks in_progress: lint-and-test
2026-04-27T08:46:16.1441596Z Checks completed: autofix, capture-failure-log, capture-failure-log, e2e, cross-device-tests, capture-failure-log, connected-tests, web-lint-and-test, test, maybe-label
2026-04-27T08:46:16.1442625Z The requested checks aren't complete yet, will check back in 30 seconds...
2026-04-27T08:46:16.1443000Z Checks running on ref:
2026-04-27T08:46:16.1443238Z Checks in_progress: lint-and-test, Auto-merge
2026-04-27T08:46:16.1443957Z Checks completed: autofix, capture-failure-log, capture-failure-log, e2e, cross-device-tests, capture-failure-log, connected-tests, web-lint-and-test, test, maybe-label
2026-04-27T08:46:16.1444702Z Checks after ignore checks filter:
2026-04-27T08:46:16.1445412Z Checks in_progress: lint-and-test
2026-04-27T08:46:16.1446208Z Checks completed: autofix, capture-failure-log, capture-failure-log, e2e, cross-device-tests, capture-failure-log, connected-tests, web-lint-and-test, test, maybe-label
2026-04-27T08:46:16.1446924Z Checks after check_name filter:
2026-04-27T08:46:16.1447174Z Checks in_progress: lint-and-test
2026-04-27T08:46:16.1447855Z Checks completed: autofix, capture-failure-log, capture-failure-log, e2e, cross-device-tests, capture-failure-log, connected-tests, web-lint-and-test, test, maybe-label
2026-04-27T08:46:16.1448563Z Checks after Regexp filter:
2026-04-27T08:46:16.1448793Z Checks in_progress: lint-and-test
2026-04-27T08:46:16.1449487Z Checks completed: autofix, capture-failure-log, capture-failure-log, e2e, cross-device-tests, capture-failure-log, connected-tests, web-lint-and-test, test, maybe-label
2026-04-27T08:46:16.1450312Z The requested checks aren't complete yet, will check back in 30 seconds...
2026-04-27T08:46:16.1450684Z Checks running on ref:
2026-04-27T08:46:16.1451612Z Checks completed: capture-failure-log, firebase-distribute, lint-and-test, autofix, capture-failure-log, capture-failure-log, e2e, cross-device-tests, capture-failure-log, connected-tests, web-lint-and-test, test, maybe-label
2026-04-27T08:46:16.1452564Z Checks in_progress: Auto-merge
2026-04-27T08:46:16.1452811Z Checks after ignore checks filter:
2026-04-27T08:46:16.1453705Z Checks completed: capture-failure-log, firebase-distribute, lint-and-test, autofix, capture-failure-log, capture-failure-log, e2e, cross-device-tests, capture-failure-log, connected-tests, web-lint-and-test, test, maybe-label
2026-04-27T08:46:16.1454629Z Checks after check_name filter:
2026-04-27T08:46:16.1455826Z Checks completed: capture-failure-log, firebase-distribute, lint-and-test, autofix, capture-failure-log, capture-failure-log, e2e, cross-device-tests, capture-failure-log, connected-tests, web-lint-and-test, test, maybe-label
2026-04-27T08:46:16.1456766Z Checks after Regexp filter:
2026-04-27T08:46:16.1457923Z Checks completed: capture-failure-log, firebase-distribute, lint-and-test, autofix, capture-failure-log, capture-failure-log, e2e, cross-device-tests, capture-failure-log, connected-tests, web-lint-and-test, test, maybe-label
2026-04-27T08:46:16.1458834Z Checks completed:
2026-04-27T08:46:16.1459060Z capture-failure-log: completed (skipped)
2026-04-27T08:46:16.1459357Z firebase-distribute: completed (cancelled)
2026-04-27T08:46:16.1459637Z lint-and-test: completed (cancelled)
2026-04-27T08:46:16.1459902Z autofix: completed (cancelled)
2026-04-27T08:46:16.1460156Z capture-failure-log: completed (skipped)
2026-04-27T08:46:16.1460440Z capture-failure-log: completed (skipped)
2026-04-27T08:46:16.1460700Z e2e: completed (success)
2026-04-27T08:46:16.1460943Z cross-device-tests: completed (skipped)
2026-04-27T08:46:16.1461369Z capture-failure-log: completed (skipped)
2026-04-27T08:46:16.1461649Z connected-tests: completed (skipped)
2026-04-27T08:46:16.1461912Z web-lint-and-test: completed (success)
2026-04-27T08:46:16.1462176Z test: completed (success)
2026-04-27T08:46:16.1462418Z maybe-label: completed (success)
2026-04-27T08:46:16.1463088Z The conclusion of one or more checks were not allowed. Allowed conclusions are: success, skipped, neutral. This can be configured with the 'allowed-conclusions' param.
2026-04-27T08:46:16.1547156Z ##[error]Process completed with exit code 1.
2026-04-27T08:46:16.2458537Z Post job cleanup.
2026-04-27T08:46:16.2586215Z Cleaning up orphan processes
2026-04-27T08:46:16.2877193Z ##[warning]Node.js 20 actions are deprecated. The following actions are running on Node.js 20 and may not work as expected: actions/cache@v4. Actions will be forced to run with Node.js 24 by default starting June 2nd, 2026. Node.js 20 will be removed from the runner on September 16th, 2026. Please check if updated versions of these actions are available that support Node.js 24. To opt into Node.js 24 now, set the FORCE_JAVASCRIPT_ACTIONS_TO_NODE24=true environment variable on the runner or in your workflow file. Once Node.js 24 becomes the default, you can temporarily opt out by setting ACTIONS_ALLOW_USE_UNSECURE_NODE_VERSION=true. For more information see: https://github.blog/changelog/2025-09-19-deprecation-of-node-20-on-github-actions-runners/
