=== CI FAILURE ===
Workflow:      Auto-merge & Release
Workflow file: averycorp/prismTask/.github/workflows/auto-merge.yml@refs/pull/886/merge
Job(s):        Auto-merge
Run ID:        25040768648
Run attempt:   1
Run URL:       https://github.com/averycorp/prismTask/actions/runs/25040768648
Commit:        bf350b88300d004ab287ce3890aa532c2b767886
Branch:        886/merge
Event:         pull_request
Actor:         akarlin3
Runner OS:     Linux
Timestamp:     2026-04-28T08:11:41.916Z

Failed steps:
  - Auto-merge: #4 Wait for all other CI checks to pass

=== FAILED JOB LOG ===

--- Job: Auto-merge (id 73343184871) ---
2026-04-28T07:58:04.8522681Z Current runner version: '2.333.1'
2026-04-28T07:58:04.8546926Z ##[group]Runner Image Provisioner
2026-04-28T07:58:04.8547896Z Hosted Compute Agent
2026-04-28T07:58:04.8548460Z Version: 20260422.526
2026-04-28T07:58:04.8549090Z Commit: e1a9e573f4d0838b3a7c1b07401aeb29ed3635a9
2026-04-28T07:58:04.8549747Z Build Date: 2026-04-22T09:31:31Z
2026-04-28T07:58:04.8550508Z Worker ID: {3cc567c7-0e58-4bb4-b6c3-fbe0fb967459}
2026-04-28T07:58:04.8551235Z Azure Region: eastus2
2026-04-28T07:58:04.8551788Z ##[endgroup]
2026-04-28T07:58:04.8553122Z ##[group]Operating System
2026-04-28T07:58:04.8553669Z Ubuntu
2026-04-28T07:58:04.8554141Z 24.04.4
2026-04-28T07:58:04.8554715Z LTS
2026-04-28T07:58:04.8555156Z ##[endgroup]
2026-04-28T07:58:04.8555691Z ##[group]Runner Image
2026-04-28T07:58:04.8556313Z Image: ubuntu-24.04
2026-04-28T07:58:04.8557093Z Version: 20260426.100.1
2026-04-28T07:58:04.8558480Z Included Software: https://github.com/actions/runner-images/blob/ubuntu24/20260426.100/images/ubuntu/Ubuntu2404-Readme.md
2026-04-28T07:58:04.8559956Z Image Release: https://github.com/actions/runner-images/releases/tag/ubuntu24%2F20260426.100
2026-04-28T07:58:04.8561149Z ##[endgroup]
2026-04-28T07:58:04.8563067Z ##[group]GITHUB_TOKEN Permissions
2026-04-28T07:58:04.8565446Z Actions: read
2026-04-28T07:58:04.8566100Z Checks: read
2026-04-28T07:58:04.8566658Z Contents: write
2026-04-28T07:58:04.8567305Z Metadata: read
2026-04-28T07:58:04.8567891Z PullRequests: write
2026-04-28T07:58:04.8568443Z ##[endgroup]
2026-04-28T07:58:04.8570472Z Secret source: Actions
2026-04-28T07:58:04.8571246Z Prepare workflow directory
2026-04-28T07:58:04.8953870Z Prepare all required actions
2026-04-28T07:58:04.8991584Z Getting action download info
2026-04-28T07:58:05.4352476Z Download action repository 'lewagon/wait-on-check-action@ccfb013c15c8afb7bf2b7c028fb74dc5a068cccc' (SHA:ccfb013c15c8afb7bf2b7c028fb74dc5a068cccc)
2026-04-28T07:58:05.8998664Z Getting action download info
2026-04-28T07:58:06.0940173Z Download action repository 'ruby/setup-ruby@v1' (SHA:c4e5b1316158f92e3d49443a9d58b31d25ac0f8f)
2026-04-28T07:58:06.3768828Z Download action repository 'actions/cache@v4' (SHA:0057852bfaa89a56745cba8c7296529d2fc39830)
2026-04-28T07:58:06.5362169Z Complete job name: Auto-merge
2026-04-28T07:58:06.6014857Z ##[group]Run set -euo pipefail
2026-04-28T07:58:06.6016007Z [36;1mset -euo pipefail[0m
2026-04-28T07:58:06.6017494Z [36;1m# Audit item #5 — poll check-runs for up to 60s instead of a bare[0m
2026-04-28T07:58:06.6019230Z [36;1m# 20s sleep. On a busy runner cohort the initial 20s wasn't enough[0m
2026-04-28T07:58:06.6020924Z [36;1m# for the API to reflect queued workflow runs, which could merge[0m
2026-04-28T07:58:06.6023034Z [36;1m# PRs without waiting for CI. Bail out early as soon as ≥1 real[0m
2026-04-28T07:58:06.6024410Z [36;1m# check shows up.[0m
2026-04-28T07:58:06.6025292Z [36;1mCOUNT=0[0m
2026-04-28T07:58:06.6026131Z [36;1mfor i in $(seq 1 6); do[0m
2026-04-28T07:58:06.6027447Z [36;1m  sleep 10[0m
2026-04-28T07:58:06.6028564Z [36;1m  COUNT=$(gh api "repos/$REPO/commits/$HEAD_SHA/check-runs" \[0m
2026-04-28T07:58:06.6030243Z [36;1m    --jq '[.check_runs[] | select(.name != "Auto-merge")] | length')[0m
2026-04-28T07:58:06.6031986Z [36;1m  if [ "$COUNT" -gt 0 ]; then[0m
2026-04-28T07:58:06.6033257Z [36;1m    echo "Found $COUNT non-Auto-merge check(s) after ${i}0s"[0m
2026-04-28T07:58:06.6034541Z [36;1m    break[0m
2026-04-28T07:58:06.6035304Z [36;1m  fi[0m
2026-04-28T07:58:06.6036258Z [36;1m  echo "No non-Auto-merge checks yet (attempt $i/6)"[0m
2026-04-28T07:58:06.6037628Z [36;1mdone[0m
2026-04-28T07:58:06.6038377Z [36;1mif [ "$COUNT" -gt 0 ]; then[0m
2026-04-28T07:58:06.6039426Z [36;1m  echo "has_ci=true" >> "$GITHUB_OUTPUT"[0m
2026-04-28T07:58:06.6040470Z [36;1melse[0m
2026-04-28T07:58:06.6041298Z [36;1m  echo "has_ci=false" >> "$GITHUB_OUTPUT"[0m
2026-04-28T07:58:06.6042741Z [36;1m  echo "No CI checks on this PR after 60s — will merge without waiting."[0m
2026-04-28T07:58:06.6044083Z [36;1mfi[0m
2026-04-28T07:58:06.6156485Z shell: /usr/bin/bash -e {0}
2026-04-28T07:58:06.6157925Z env:
2026-04-28T07:58:06.6158612Z   WAIT_INTERVAL: 15
2026-04-28T07:58:06.6159836Z   GH_TOKEN: ***
2026-04-28T07:58:06.6160741Z   HEAD_SHA: cc4fd23a96d8f8215a7ef35646b3b355eebb472d
2026-04-28T07:58:06.6161894Z   REPO: averycorp/prismTask
2026-04-28T07:58:06.6162729Z ##[endgroup]
2026-04-28T07:58:18.9573462Z Found 10 non-Auto-merge check(s) after 10s
2026-04-28T07:58:18.9701002Z ##[group]Run set -euo pipefail
2026-04-28T07:58:18.9701415Z [36;1mset -euo pipefail[0m
2026-04-28T07:58:18.9701887Z [36;1mREQUIRED=$(gh api "repos/$REPO/branches/main/protection/required_status_checks" \[0m
2026-04-28T07:58:18.9702408Z [36;1m  --jq '.contexts[]' 2>/dev/null || true)[0m
2026-04-28T07:58:18.9702748Z [36;1mif [ -z "$REQUIRED" ]; then[0m
2026-04-28T07:58:18.9703313Z [36;1m  echo "::warning::Could not query branch protection (likely a permission issue) — using hardcoded fallback list."[0m
2026-04-28T07:58:18.9703887Z [36;1m  REQUIRED="$FALLBACK_REQUIRED"[0m
2026-04-28T07:58:18.9704208Z [36;1mfi[0m
2026-04-28T07:58:18.9704531Z [36;1m# Strip Auto-merge from the required list so we don't wait on[0m
2026-04-28T07:58:18.9705001Z [36;1m# ourselves (it's listed because we ARE the running workflow).[0m
2026-04-28T07:58:18.9705537Z [36;1mREQUIRED=$(echo "$REQUIRED" | grep -vE '^\s*Auto-merge\s*$' | grep -vE '^\s*$' || true)[0m
2026-04-28T07:58:18.9706048Z [36;1mif [ -z "$REQUIRED" ]; then[0m
2026-04-28T07:58:18.9706477Z [36;1m  echo "No required checks beyond Auto-merge; skipping queue wait."[0m
2026-04-28T07:58:18.9707032Z [36;1m  exit 0[0m
2026-04-28T07:58:18.9707299Z [36;1mfi[0m
2026-04-28T07:58:18.9707585Z [36;1mecho "Waiting until these required checks queue:"[0m
2026-04-28T07:58:18.9707960Z [36;1mecho "$REQUIRED" | sed 's/^/  /'[0m
2026-04-28T07:58:18.9708365Z [36;1m# Audit PR #876 → CI pathway efficiency: this loop was burning[0m
2026-04-28T07:58:18.9708831Z [36;1m# ~315s/PR (PR #874 run 25035518360 + PR #873 run 25035513300)[0m
2026-04-28T07:58:18.9709338Z [36;1m# while underlying required checks were observably complete in[0m
2026-04-28T07:58:18.9709812Z [36;1m# ~30s. Mean job wall-clock was 343s with std-dev ~7s across 10[0m
2026-04-28T07:58:18.9710268Z [36;1m# runs — i.e. the loop almost always ran to its 5-minute ceiling.[0m
2026-04-28T07:58:18.9710711Z [36;1m# Two compensating mitigations + diagnostics:[0m
2026-04-28T07:58:18.9711051Z [36;1m#[0m
2026-04-28T07:58:18.9711366Z [36;1m#   (a) Cap dropped 30 → 18 attempts at 5s interval = 90s ceiling[0m
2026-04-28T07:58:18.9711803Z [36;1m#       (still > 2× the 43s race window from PR #804).[0m
2026-04-28T07:58:18.9712241Z [36;1m#   (b) Poll interval dropped 10s → 5s for faster detection.[0m
2026-04-28T07:58:18.9712715Z [36;1m#   (c) Per-iteration diagnostic prints MISSING + visible CHECK_RUNS[0m
2026-04-28T07:58:18.9713246Z [36;1m#       so future investigation can pinpoint the matching mismatch[0m
2026-04-28T07:58:18.9713838Z [36;1m#       (the immediate root-cause was not yet identified — the[0m
2026-04-28T07:58:18.9714305Z [36;1m#       MISSING list never empties even though CHECK_RUNS clearly[0m
2026-04-28T07:58:18.9714773Z [36;1m#       contains every REQUIRED name. Likely a trim/encoding edge[0m
2026-04-28T07:58:18.9715317Z [36;1m#       case in the comparison loop, but observability beats[0m
2026-04-28T07:58:18.9715724Z [36;1m#       guessing).[0m
2026-04-28T07:58:18.9716032Z [36;1mfor attempt in $(seq 1 18); do[0m
2026-04-28T07:58:18.9716460Z [36;1m  CHECK_RUNS=$(gh api --paginate "repos/$REPO/commits/$HEAD_SHA/check-runs" \[0m
2026-04-28T07:58:18.9717277Z [36;1m    --jq '.check_runs[].name' | sort -u)[0m
2026-04-28T07:58:18.9717728Z [36;1m  MISSING=""[0m
2026-04-28T07:58:18.9718090Z [36;1m  while IFS= read -r req; do[0m
2026-04-28T07:58:18.9718397Z [36;1m    [ -z "$req" ] && continue[0m
2026-04-28T07:58:18.9718717Z [36;1m    req_trimmed=$(echo "$req" | xargs)[0m
2026-04-28T07:58:18.9719096Z [36;1m    if ! echo "$CHECK_RUNS" | grep -qxF "$req_trimmed"; then[0m
2026-04-28T07:58:18.9719747Z [36;1m      MISSING="$MISSING $req_trimmed"[0m
2026-04-28T07:58:18.9720055Z [36;1m    fi[0m
2026-04-28T07:58:18.9720300Z [36;1m  done <<< "$REQUIRED"[0m
2026-04-28T07:58:18.9720586Z [36;1m  if [ -z "$MISSING" ]; then[0m
2026-04-28T07:58:18.9721053Z [36;1m    echo "All required checks have queued after attempt $attempt (~$((attempt * 5))s)."[0m
2026-04-28T07:58:18.9721688Z [36;1m    exit 0[0m
2026-04-28T07:58:18.9721937Z [36;1m  fi[0m
2026-04-28T07:58:18.9722229Z [36;1m  echo "Attempt $attempt/18 — still missing:$MISSING"[0m
2026-04-28T07:58:18.9722715Z [36;1m  echo "  Visible check-runs: $(echo "$CHECK_RUNS" | tr '\n' ',' | sed 's/,$//')"[0m
2026-04-28T07:58:18.9723127Z [36;1m  sleep 5[0m
2026-04-28T07:58:18.9723368Z [36;1mdone[0m
2026-04-28T07:58:18.9723866Z [36;1mecho "::warning::Some required checks never queued after 90s:$MISSING — proceeding to wait-on-check-action anyway."[0m
2026-04-28T07:58:18.9786270Z shell: /usr/bin/bash -e {0}
2026-04-28T07:58:18.9786578Z env:
2026-04-28T07:58:18.9786910Z   WAIT_INTERVAL: 15
2026-04-28T07:58:18.9787674Z   GH_TOKEN: ***
2026-04-28T07:58:18.9787969Z   HEAD_SHA: cc4fd23a96d8f8215a7ef35646b3b355eebb472d
2026-04-28T07:58:18.9788319Z   REPO: averycorp/prismTask
2026-04-28T07:58:18.9788713Z   FALLBACK_REQUIRED: lint-and-test
connected-tests
test
web-lint-and-test

2026-04-28T07:58:18.9789141Z ##[endgroup]
2026-04-28T07:58:19.1805674Z Waiting until these required checks queue:
2026-04-28T07:58:19.1820903Z   {"message":"Resource not accessible by integration","documentation_url":"https://docs.github.com/rest/branches/branch-protection#get-status-checks-protection","status":"403"}
2026-04-28T07:58:19.5925312Z Attempt 1/18 — still missing: {message:Resource not accessible by integration,documentation_url:https://docs.github.com/rest/branches/branch-protection#get-status-checks-protection,status:403}
2026-04-28T07:58:19.5953820Z   Visible check-runs: Auto-merge,autofix,capture-failure-log,capture-failure-log / capture,connected-tests,cross-device-tests,e2e,lint-and-test,maybe-label,test,web-lint-and-test
2026-04-28T07:58:24.9896296Z Attempt 2/18 — still missing: {message:Resource not accessible by integration,documentation_url:https://docs.github.com/rest/branches/branch-protection#get-status-checks-protection,status:403}
2026-04-28T07:58:24.9923475Z   Visible check-runs: Auto-merge,autofix,capture-failure-log,capture-failure-log / capture,connected-tests,cross-device-tests,e2e,lint-and-test,maybe-label,test,web-lint-and-test
2026-04-28T07:58:30.4038262Z Attempt 3/18 — still missing: {message:Resource not accessible by integration,documentation_url:https://docs.github.com/rest/branches/branch-protection#get-status-checks-protection,status:403}
2026-04-28T07:58:30.4062200Z   Visible check-runs: Auto-merge,autofix,capture-failure-log,capture-failure-log / capture,connected-tests,cross-device-tests,e2e,lint-and-test,maybe-label,test,web-lint-and-test
2026-04-28T07:58:35.8112080Z Attempt 4/18 — still missing: {message:Resource not accessible by integration,documentation_url:https://docs.github.com/rest/branches/branch-protection#get-status-checks-protection,status:403}
2026-04-28T07:58:35.8134281Z   Visible check-runs: Auto-merge,autofix,capture-failure-log,capture-failure-log / capture,connected-tests,cross-device-tests,e2e,lint-and-test,maybe-label,test,web-lint-and-test
2026-04-28T07:58:41.2757705Z Attempt 5/18 — still missing: {message:Resource not accessible by integration,documentation_url:https://docs.github.com/rest/branches/branch-protection#get-status-checks-protection,status:403}
2026-04-28T07:58:41.2780505Z   Visible check-runs: Auto-merge,autofix,capture-failure-log,capture-failure-log / capture,connected-tests,cross-device-tests,e2e,lint-and-test,maybe-label,test,web-lint-and-test
2026-04-28T07:58:46.7271553Z Attempt 6/18 — still missing: {message:Resource not accessible by integration,documentation_url:https://docs.github.com/rest/branches/branch-protection#get-status-checks-protection,status:403}
2026-04-28T07:58:46.7293890Z   Visible check-runs: Auto-merge,autofix,capture-failure-log,capture-failure-log / capture,connected-tests,cross-device-tests,e2e,lint-and-test,maybe-label,test,web-lint-and-test
2026-04-28T07:58:52.1571294Z Attempt 7/18 — still missing: {message:Resource not accessible by integration,documentation_url:https://docs.github.com/rest/branches/branch-protection#get-status-checks-protection,status:403}
2026-04-28T07:58:52.1593910Z   Visible check-runs: Auto-merge,autofix,capture-failure-log,capture-failure-log / capture,connected-tests,cross-device-tests,e2e,lint-and-test,maybe-label,test,web-lint-and-test
2026-04-28T07:58:57.6540853Z Attempt 8/18 — still missing: {message:Resource not accessible by integration,documentation_url:https://docs.github.com/rest/branches/branch-protection#get-status-checks-protection,status:403}
2026-04-28T07:58:57.6563276Z   Visible check-runs: Auto-merge,autofix,capture-failure-log,capture-failure-log / capture,connected-tests,cross-device-tests,e2e,lint-and-test,maybe-label,test,web-lint-and-test
2026-04-28T07:59:02.9806900Z Attempt 9/18 — still missing: {message:Resource not accessible by integration,documentation_url:https://docs.github.com/rest/branches/branch-protection#get-status-checks-protection,status:403}
2026-04-28T07:59:02.9831304Z   Visible check-runs: Auto-merge,autofix,capture-failure-log,capture-failure-log / capture,connected-tests,cross-device-tests,e2e,lint-and-test,maybe-label,test,web-lint-and-test
2026-04-28T07:59:08.4181399Z Attempt 10/18 — still missing: {message:Resource not accessible by integration,documentation_url:https://docs.github.com/rest/branches/branch-protection#get-status-checks-protection,status:403}
2026-04-28T07:59:08.4209028Z   Visible check-runs: Auto-merge,autofix,capture-failure-log,capture-failure-log / capture,connected-tests,cross-device-tests,e2e,lint-and-test,maybe-label,test,web-lint-and-test
2026-04-28T07:59:13.8893376Z Attempt 11/18 — still missing: {message:Resource not accessible by integration,documentation_url:https://docs.github.com/rest/branches/branch-protection#get-status-checks-protection,status:403}
2026-04-28T07:59:13.8915114Z   Visible check-runs: Auto-merge,autofix,capture-failure-log,capture-failure-log / capture,connected-tests,cross-device-tests,e2e,lint-and-test,maybe-label,test,web-lint-and-test
2026-04-28T07:59:19.3174908Z Attempt 12/18 — still missing: {message:Resource not accessible by integration,documentation_url:https://docs.github.com/rest/branches/branch-protection#get-status-checks-protection,status:403}
2026-04-28T07:59:19.3198997Z   Visible check-runs: Auto-merge,autofix,capture-failure-log,capture-failure-log / capture,connected-tests,cross-device-tests,e2e,lint-and-test,maybe-label,test,web-lint-and-test
2026-04-28T07:59:24.7959917Z Attempt 13/18 — still missing: {message:Resource not accessible by integration,documentation_url:https://docs.github.com/rest/branches/branch-protection#get-status-checks-protection,status:403}
2026-04-28T07:59:24.7983753Z   Visible check-runs: Auto-merge,autofix,capture-failure-log,capture-failure-log / capture,connected-tests,cross-device-tests,e2e,lint-and-test,maybe-label,test,web-lint-and-test
2026-04-28T07:59:30.2488575Z Attempt 14/18 — still missing: {message:Resource not accessible by integration,documentation_url:https://docs.github.com/rest/branches/branch-protection#get-status-checks-protection,status:403}
2026-04-28T07:59:30.2509802Z   Visible check-runs: Auto-merge,autofix,capture-failure-log,capture-failure-log / capture,connected-tests,cross-device-tests,e2e,lint-and-test,maybe-label,test,web-lint-and-test
2026-04-28T07:59:35.6599174Z Attempt 15/18 — still missing: {message:Resource not accessible by integration,documentation_url:https://docs.github.com/rest/branches/branch-protection#get-status-checks-protection,status:403}
2026-04-28T07:59:35.6625573Z   Visible check-runs: Auto-merge,autofix,capture-failure-log,capture-failure-log / capture,connected-tests,cross-device-tests,e2e,lint-and-test,maybe-label,test,web-lint-and-test
2026-04-28T07:59:41.0681901Z Attempt 16/18 — still missing: {message:Resource not accessible by integration,documentation_url:https://docs.github.com/rest/branches/branch-protection#get-status-checks-protection,status:403}
2026-04-28T07:59:41.0703350Z   Visible check-runs: Auto-merge,autofix,capture-failure-log,capture-failure-log / capture,connected-tests,cross-device-tests,e2e,lint-and-test,maybe-label,test,web-lint-and-test
2026-04-28T07:59:46.5207705Z Attempt 17/18 — still missing: {message:Resource not accessible by integration,documentation_url:https://docs.github.com/rest/branches/branch-protection#get-status-checks-protection,status:403}
2026-04-28T07:59:46.5230608Z   Visible check-runs: Auto-merge,autofix,capture-failure-log,capture-failure-log / capture,connected-tests,cross-device-tests,e2e,lint-and-test,maybe-label,test,web-lint-and-test
2026-04-28T07:59:51.9314166Z Attempt 18/18 — still missing: {message:Resource not accessible by integration,documentation_url:https://docs.github.com/rest/branches/branch-protection#get-status-checks-protection,status:403}
2026-04-28T07:59:51.9336668Z   Visible check-runs: Auto-merge,autofix,capture-failure-log,capture-failure-log / capture,connected-tests,cross-device-tests,e2e,lint-and-test,maybe-label,test,web-lint-and-test
2026-04-28T07:59:56.9388591Z ##[warning]Some required checks never queued after 90s: {message:Resource not accessible by integration,documentation_url:https://docs.github.com/rest/branches/branch-protection#get-status-checks-protection,status:403} — proceeding to wait-on-check-action anyway.
2026-04-28T07:59:56.9605930Z ##[group]Run lewagon/wait-on-check-action@ccfb013c15c8afb7bf2b7c028fb74dc5a068cccc
2026-04-28T07:59:56.9606356Z with:
2026-04-28T07:59:56.9606608Z   ref: cc4fd23a96d8f8215a7ef35646b3b355eebb472d
2026-04-28T07:59:56.9607194Z   running-workflow-name: Auto-merge
2026-04-28T07:59:56.9607671Z   repo-token: ***
2026-04-28T07:59:56.9607875Z   wait-interval: 15
2026-04-28T07:59:56.9608114Z   allowed-conclusions: success,skipped,neutral
2026-04-28T07:59:56.9608403Z   verbose: true
2026-04-28T07:59:56.9608583Z env:
2026-04-28T07:59:56.9608740Z   WAIT_INTERVAL: 15
2026-04-28T07:59:56.9608921Z ##[endgroup]
2026-04-28T07:59:56.9737361Z ##[group]Run ruby/setup-ruby@v1
2026-04-28T07:59:56.9737619Z with:
2026-04-28T07:59:56.9737797Z   ruby-version: 3.2
2026-04-28T07:59:56.9738002Z   bundler-cache: false
2026-04-28T07:59:56.9738339Z   token: ***
2026-04-28T07:59:56.9738519Z env:
2026-04-28T07:59:56.9738693Z   WAIT_INTERVAL: 15
2026-04-28T07:59:56.9738884Z ##[endgroup]
2026-04-28T07:59:57.1347629Z ##[group]Modifying PATH
2026-04-28T07:59:57.1348127Z Entries added to PATH to use selected Ruby:
2026-04-28T07:59:57.1348617Z   /opt/hostedtoolcache/Ruby/3.2.11/x64/bin
2026-04-28T07:59:57.1352992Z ##[endgroup]
2026-04-28T07:59:57.1354065Z ##[group]Print Ruby version
2026-04-28T07:59:57.1685895Z [command]/opt/hostedtoolcache/Ruby/3.2.11/x64/bin/ruby --version
2026-04-28T07:59:58.1091012Z ruby 3.2.11 (2026-03-27 revision 5483bfc1ae) [x86_64-linux]
2026-04-28T07:59:58.1133813Z Took   0.98 seconds
2026-04-28T07:59:58.1134682Z ##[endgroup]
2026-04-28T07:59:58.1137416Z ##[group]Installing Bundler
2026-04-28T07:59:58.1140283Z Using Bundler shipped with ruby-3.2.11
2026-04-28T07:59:58.1141010Z Took   0.00 seconds
2026-04-28T07:59:58.1141702Z ##[endgroup]
2026-04-28T07:59:58.1799648Z ##[group]Run actions/cache@v4
2026-04-28T07:59:58.1799925Z with:
2026-04-28T07:59:58.1800352Z   path: /home/runner/work/_actions/lewagon/wait-on-check-action/ccfb013c15c8afb7bf2b7c028fb74dc5a068cccc
2026-04-28T07:59:58.1800842Z   key: Linux-gems-
2026-04-28T07:59:58.1801045Z   restore-keys: Linux-gems-
2026-04-28T07:59:58.1801271Z   enableCrossOsArchive: false
2026-04-28T07:59:58.1801493Z   fail-on-cache-miss: false
2026-04-28T07:59:58.1801697Z   lookup-only: false
2026-04-28T07:59:58.1801882Z   save-always: false
2026-04-28T07:59:58.1802059Z env:
2026-04-28T07:59:58.1802216Z   WAIT_INTERVAL: 15
2026-04-28T07:59:58.1802398Z ##[endgroup]
2026-04-28T07:59:58.3968343Z Cache not found for input keys: Linux-gems-, Linux-gems-
2026-04-28T07:59:58.4035182Z ##[group]Run bundle install --jobs 4 --retry 3
2026-04-28T07:59:58.4035527Z [36;1mbundle install --jobs 4 --retry 3[0m
2026-04-28T07:59:58.4095975Z shell: /usr/bin/bash --noprofile --norc -e -o pipefail {0}
2026-04-28T07:59:58.4096305Z env:
2026-04-28T07:59:58.4096485Z   WAIT_INTERVAL: 15
2026-04-28T07:59:58.4096679Z ##[endgroup]
2026-04-28T08:00:01.1077318Z Bundler 2.4.19 is running, but your lockfile was generated with 2.2.3. Installing Bundler 2.2.3 and restarting using that version.
2026-04-28T08:00:03.6998815Z Fetching gem metadata from https://rubygems.org/.
2026-04-28T08:00:03.7073277Z Fetching bundler 2.2.3
2026-04-28T08:00:04.0403413Z Installing bundler 2.2.3
2026-04-28T08:00:04.2615915Z Calling `DidYouMean::SPELL_CHECKERS.merge!(error_name => spell_checker)' has been deprecated. Please call `DidYouMean.correct_error(error_name, spell_checker)' instead.
2026-04-28T08:00:05.6248038Z Fetching gem metadata from https://rubygems.org/.........
2026-04-28T08:00:05.6344322Z Fetching concurrent-ruby 1.2.2
2026-04-28T08:00:05.6348701Z Fetching zeitwerk 2.6.7
2026-04-28T08:00:05.6411218Z Fetching minitest 5.18.0
2026-04-28T08:00:05.6623396Z Fetching public_suffix 4.0.7
2026-04-28T08:00:05.7429483Z Installing zeitwerk 2.6.7
2026-04-28T08:00:05.7690391Z Installing minitest 5.18.0
2026-04-28T08:00:05.7703252Z Installing public_suffix 4.0.7
2026-04-28T08:00:05.8068311Z Fetching ast 2.4.2
2026-04-28T08:00:05.8395639Z Installing concurrent-ruby 1.2.2
2026-04-28T08:00:05.8501689Z Using bundler 2.2.3
2026-04-28T08:00:05.8527931Z Fetching byebug 11.1.3
2026-04-28T08:00:05.8780390Z Installing ast 2.4.2
2026-04-28T08:00:05.8895297Z Fetching diff-lcs 1.4.4
2026-04-28T08:00:05.9149075Z Fetching faraday-net_http 2.0.3
2026-04-28T08:00:05.9497171Z Installing byebug 11.1.3 with native extensions
2026-04-28T08:00:05.9781200Z Installing faraday-net_http 2.0.3
2026-04-28T08:00:05.9849696Z Installing diff-lcs 1.4.4
2026-04-28T08:00:05.9935963Z Using ruby2_keywords 0.0.5
2026-04-28T08:00:05.9956274Z Fetching json 2.7.1
2026-04-28T08:00:06.0650054Z Fetching language_server-protocol 3.17.0.3
2026-04-28T08:00:06.0929885Z Installing json 2.7.1 with native extensions
2026-04-28T08:00:06.1272421Z Installing language_server-protocol 3.17.0.3
2026-04-28T08:00:06.1593328Z Fetching lint_roller 1.1.0
2026-04-28T08:00:06.2080277Z Installing lint_roller 1.1.0
2026-04-28T08:00:06.2233129Z Fetching parallel 1.24.0
2026-04-28T08:00:06.2860831Z Installing parallel 1.24.0
2026-04-28T08:00:06.2942047Z Fetching racc 1.7.3
2026-04-28T08:00:06.3374079Z Fetching rainbow 3.1.1
2026-04-28T08:00:06.3751058Z Installing racc 1.7.3 with native extensions
2026-04-28T08:00:06.3897602Z Installing rainbow 3.1.1
2026-04-28T08:00:06.4003767Z Fetching regexp_parser 2.8.3
2026-04-28T08:00:06.4538411Z Installing regexp_parser 2.8.3
2026-04-28T08:00:06.4724835Z Fetching rexml 3.2.6
2026-04-28T08:00:06.5287915Z Installing rexml 3.2.6
2026-04-28T08:00:06.5493647Z Fetching rspec-support 3.10.1
2026-04-28T08:00:06.5955143Z Installing rspec-support 3.10.1
2026-04-28T08:00:06.6869153Z Fetching ruby-progressbar 1.13.0
2026-04-28T08:00:06.7323269Z Installing ruby-progressbar 1.13.0
2026-04-28T08:00:06.7421167Z Fetching unicode-display_width 2.5.0
2026-04-28T08:00:06.7881419Z Installing unicode-display_width 2.5.0
2026-04-28T08:00:06.7942691Z Fetching addressable 2.8.0
2026-04-28T08:00:06.8477948Z Installing addressable 2.8.0
2026-04-28T08:00:06.8614405Z Fetching faraday 2.3.0
2026-04-28T08:00:06.9124338Z Installing faraday 2.3.0
2026-04-28T08:00:06.9317553Z Fetching i18n 1.12.0
2026-04-28T08:00:06.9856564Z Installing i18n 1.12.0
2026-04-28T08:00:06.9997903Z Fetching tzinfo 2.0.6
2026-04-28T08:00:07.0525579Z Installing tzinfo 2.0.6
2026-04-28T08:00:07.0684236Z Fetching rspec-core 3.10.1
2026-04-28T08:00:07.1310468Z Installing rspec-core 3.10.1
2026-04-28T08:00:07.1592802Z Fetching rspec-expectations 3.10.1
2026-04-28T08:00:07.2159322Z Installing rspec-expectations 3.10.1
2026-04-28T08:00:07.2332444Z Fetching rspec-mocks 3.10.1
2026-04-28T08:00:07.2883534Z Installing rspec-mocks 3.10.1
2026-04-28T08:00:07.3067983Z Fetching faraday-retry 2.0.0
2026-04-28T08:00:07.3516193Z Installing faraday-retry 2.0.0
2026-04-28T08:00:07.3572248Z Fetching sawyer 0.9.2
2026-04-28T08:00:07.4020310Z Installing sawyer 0.9.2
2026-04-28T08:00:07.4091252Z Fetching activesupport 6.1.7.3
2026-04-28T08:00:07.4741820Z Installing activesupport 6.1.7.3
2026-04-28T08:00:07.5309622Z Fetching rspec 3.10.0
2026-04-28T08:00:07.5745157Z Installing rspec 3.10.0
2026-04-28T08:00:07.5798399Z Fetching octokit 4.25.0
2026-04-28T08:00:07.6345502Z Installing octokit 4.25.0
2026-04-28T08:00:09.4741772Z Fetching parser 3.2.2.4
2026-04-28T08:00:09.6078626Z Installing parser 3.2.2.4
2026-04-28T08:00:09.7220398Z Fetching rubocop-ast 1.30.0
2026-04-28T08:00:09.7824464Z Installing rubocop-ast 1.30.0
2026-04-28T08:00:10.9279213Z Fetching rubocop 1.57.2
2026-04-28T08:00:11.0168688Z Installing rubocop 1.57.2
2026-04-28T08:00:11.1787267Z Fetching rubocop-performance 1.19.1
2026-04-28T08:00:11.1787804Z Fetching standard-custom 1.0.2
2026-04-28T08:00:11.2437849Z Installing standard-custom 1.0.2
2026-04-28T08:00:11.2501158Z Installing rubocop-performance 1.19.1
2026-04-28T08:00:11.2694969Z Fetching standard-performance 1.2.1
2026-04-28T08:00:11.3134010Z Installing standard-performance 1.2.1
2026-04-28T08:00:11.3214544Z Fetching standard 1.32.1
2026-04-28T08:00:11.3742737Z Installing standard 1.32.1
2026-04-28T08:00:11.3959468Z Bundle complete! 6 Gemfile dependencies, 40 gems now installed.
2026-04-28T08:00:11.3960534Z Use `bundle info [gemname]` to see where a bundled gem is installed.
2026-04-28T08:00:11.4489400Z ##[group]Run ruby entrypoint.rb
2026-04-28T08:00:11.4489708Z [36;1mruby entrypoint.rb[0m
2026-04-28T08:00:11.4548270Z shell: /usr/bin/bash --noprofile --norc -e -o pipefail {0}
2026-04-28T08:00:11.4548601Z env:
2026-04-28T08:00:11.4548774Z   WAIT_INTERVAL: 15
2026-04-28T08:00:11.4549013Z   ALLOWED_CONCLUSIONS: success,skipped,neutral
2026-04-28T08:00:11.4549285Z   IGNORE_CHECKS: 
2026-04-28T08:00:11.4549483Z   CHECK_NAME: 
2026-04-28T08:00:11.4549655Z   CHECK_REGEXP: 
2026-04-28T08:00:11.4549872Z   REF: cc4fd23a96d8f8215a7ef35646b3b355eebb472d
2026-04-28T08:00:11.4550563Z   REPO_TOKEN: ***
2026-04-28T08:00:11.4550759Z   VERBOSE: true
2026-04-28T08:00:11.4550954Z   RUNNING_WORKFLOW_NAME: Auto-merge
2026-04-28T08:00:11.4551196Z   API_ENDPOINT: 
2026-04-28T08:00:11.4551375Z ##[endgroup]
2026-04-28T08:02:16.3193003Z Checks running on ref:
2026-04-28T08:02:16.3193631Z Checks queued: capture-failure-log / capture, e2e, autofix, lint-and-test, maybe-label
2026-04-28T08:02:16.3194288Z Checks completed: capture-failure-log, cross-device-tests, connected-tests, test, web-lint-and-test
2026-04-28T08:02:16.3194913Z Checks in_progress: Auto-merge
2026-04-28T08:02:16.3195282Z Checks after ignore checks filter:
2026-04-28T08:02:16.3195816Z Checks queued: capture-failure-log / capture, e2e, autofix, lint-and-test, maybe-label
2026-04-28T08:02:16.3196952Z Checks completed: capture-failure-log, cross-device-tests, connected-tests, test, web-lint-and-test
2026-04-28T08:02:16.3197687Z Checks after check_name filter:
2026-04-28T08:02:16.3198286Z Checks queued: capture-failure-log / capture, e2e, autofix, lint-and-test, maybe-label
2026-04-28T08:02:16.3199247Z Checks completed: capture-failure-log, cross-device-tests, connected-tests, test, web-lint-and-test
2026-04-28T08:02:16.3199969Z Checks after Regexp filter:
2026-04-28T08:02:16.3200393Z Checks queued: capture-failure-log / capture, e2e, autofix, lint-and-test, maybe-label
2026-04-28T08:02:16.3200974Z Checks completed: capture-failure-log, cross-device-tests, connected-tests, test, web-lint-and-test
2026-04-28T08:02:16.3201545Z The requested checks aren't complete yet, will check back in 15 seconds...
2026-04-28T08:02:16.3201901Z Checks running on ref:
2026-04-28T08:02:16.3202254Z Checks queued: capture-failure-log / capture, e2e, autofix, lint-and-test, maybe-label
2026-04-28T08:02:16.3202827Z Checks completed: capture-failure-log, cross-device-tests, connected-tests, test, web-lint-and-test
2026-04-28T08:02:16.3203662Z Checks in_progress: Auto-merge
2026-04-28T08:02:16.3203891Z Checks after ignore checks filter:
2026-04-28T08:02:16.3204254Z Checks queued: capture-failure-log / capture, e2e, autofix, lint-and-test, maybe-label
2026-04-28T08:02:16.3204805Z Checks completed: capture-failure-log, cross-device-tests, connected-tests, test, web-lint-and-test
2026-04-28T08:02:16.3205222Z Checks after check_name filter:
2026-04-28T08:02:16.3205570Z Checks queued: capture-failure-log / capture, e2e, autofix, lint-and-test, maybe-label
2026-04-28T08:02:16.3206105Z Checks completed: capture-failure-log, cross-device-tests, connected-tests, test, web-lint-and-test
2026-04-28T08:02:16.3206523Z Checks after Regexp filter:
2026-04-28T08:02:16.3207093Z Checks queued: capture-failure-log / capture, e2e, autofix, lint-and-test, maybe-label
2026-04-28T08:02:16.3207638Z Checks completed: capture-failure-log, cross-device-tests, connected-tests, test, web-lint-and-test
2026-04-28T08:02:16.3208186Z The requested checks aren't complete yet, will check back in 15 seconds...
2026-04-28T08:02:16.3208526Z Checks running on ref:
2026-04-28T08:02:16.3208851Z Checks queued: capture-failure-log / capture, e2e, autofix, lint-and-test, maybe-label
2026-04-28T08:02:16.3209413Z Checks completed: capture-failure-log, cross-device-tests, connected-tests, test, web-lint-and-test
2026-04-28T08:02:16.3209842Z Checks in_progress: Auto-merge
2026-04-28T08:02:16.3210065Z Checks after ignore checks filter:
2026-04-28T08:02:16.3210595Z Checks queued: capture-failure-log / capture, e2e, autofix, lint-and-test, maybe-label
2026-04-28T08:02:16.3211158Z Checks completed: capture-failure-log, cross-device-tests, connected-tests, test, web-lint-and-test
2026-04-28T08:02:16.3211587Z Checks after check_name filter:
2026-04-28T08:02:16.3211941Z Checks queued: capture-failure-log / capture, e2e, autofix, lint-and-test, maybe-label
2026-04-28T08:02:16.3212484Z Checks completed: capture-failure-log, cross-device-tests, connected-tests, test, web-lint-and-test
2026-04-28T08:02:16.3212913Z Checks after Regexp filter:
2026-04-28T08:02:16.3213249Z Checks queued: capture-failure-log / capture, e2e, autofix, lint-and-test, maybe-label
2026-04-28T08:02:16.3213787Z Checks completed: capture-failure-log, cross-device-tests, connected-tests, test, web-lint-and-test
2026-04-28T08:02:16.3214312Z The requested checks aren't complete yet, will check back in 15 seconds...
2026-04-28T08:02:16.3214648Z Checks running on ref:
2026-04-28T08:02:16.3214974Z Checks queued: capture-failure-log / capture, e2e, autofix, lint-and-test, maybe-label
2026-04-28T08:02:16.3215525Z Checks completed: capture-failure-log, cross-device-tests, connected-tests, test, web-lint-and-test
2026-04-28T08:02:16.3215940Z Checks in_progress: Auto-merge
2026-04-28T08:02:16.3216163Z Checks after ignore checks filter:
2026-04-28T08:02:16.3216512Z Checks queued: capture-failure-log / capture, e2e, autofix, lint-and-test, maybe-label
2026-04-28T08:02:16.3217232Z Checks completed: capture-failure-log, cross-device-tests, connected-tests, test, web-lint-and-test
2026-04-28T08:02:16.3217661Z Checks after check_name filter:
2026-04-28T08:02:16.3217999Z Checks queued: capture-failure-log / capture, e2e, autofix, lint-and-test, maybe-label
2026-04-28T08:02:16.3218547Z Checks completed: capture-failure-log, cross-device-tests, connected-tests, test, web-lint-and-test
2026-04-28T08:02:16.3218969Z Checks after Regexp filter:
2026-04-28T08:02:16.3219312Z Checks queued: capture-failure-log / capture, e2e, autofix, lint-and-test, maybe-label
2026-04-28T08:02:16.3219849Z Checks completed: capture-failure-log, cross-device-tests, connected-tests, test, web-lint-and-test
2026-04-28T08:02:16.3220365Z The requested checks aren't complete yet, will check back in 15 seconds...
2026-04-28T08:02:16.3220697Z Checks running on ref:
2026-04-28T08:02:16.3221043Z Checks queued: capture-failure-log / capture, e2e, autofix, lint-and-test, maybe-label
2026-04-28T08:02:16.3221641Z Checks completed: capture-failure-log, cross-device-tests, connected-tests, test, web-lint-and-test
2026-04-28T08:02:16.3222254Z Checks in_progress: Auto-merge
2026-04-28T08:02:16.3222493Z Checks after ignore checks filter:
2026-04-28T08:02:16.3222858Z Checks queued: capture-failure-log / capture, e2e, autofix, lint-and-test, maybe-label
2026-04-28T08:02:16.3223409Z Checks completed: capture-failure-log, cross-device-tests, connected-tests, test, web-lint-and-test
2026-04-28T08:02:16.3223838Z Checks after check_name filter:
2026-04-28T08:02:16.3224190Z Checks queued: capture-failure-log / capture, e2e, autofix, lint-and-test, maybe-label
2026-04-28T08:02:16.3224811Z Checks completed: capture-failure-log, cross-device-tests, connected-tests, test, web-lint-and-test
2026-04-28T08:02:16.3225236Z Checks after Regexp filter:
2026-04-28T08:02:16.3225584Z Checks queued: capture-failure-log / capture, e2e, autofix, lint-and-test, maybe-label
2026-04-28T08:02:16.3226120Z Checks completed: capture-failure-log, cross-device-tests, connected-tests, test, web-lint-and-test
2026-04-28T08:02:16.3226648Z The requested checks aren't complete yet, will check back in 15 seconds...
2026-04-28T08:02:16.3227181Z Checks running on ref:
2026-04-28T08:02:16.3227476Z Checks queued: capture-failure-log / capture, e2e, autofix, lint-and-test
2026-04-28T08:02:16.3228049Z Checks completed: capture-failure-log, cross-device-tests, connected-tests, test, web-lint-and-test, maybe-label
2026-04-28T08:02:16.3228531Z Checks in_progress: Auto-merge
2026-04-28T08:02:16.3228753Z Checks after ignore checks filter:
2026-04-28T08:02:16.3229226Z Checks queued: capture-failure-log / capture, e2e, autofix, lint-and-test
2026-04-28T08:02:16.3229781Z Checks completed: capture-failure-log, cross-device-tests, connected-tests, test, web-lint-and-test, maybe-label
2026-04-28T08:02:16.3230245Z Checks after check_name filter:
2026-04-28T08:02:16.3230555Z Checks queued: capture-failure-log / capture, e2e, autofix, lint-and-test
2026-04-28T08:02:16.3231093Z Checks completed: capture-failure-log, cross-device-tests, connected-tests, test, web-lint-and-test, maybe-label
2026-04-28T08:02:16.3231561Z Checks after Regexp filter:
2026-04-28T08:02:16.3231859Z Checks queued: capture-failure-log / capture, e2e, autofix, lint-and-test
2026-04-28T08:02:16.3232394Z Checks completed: capture-failure-log, cross-device-tests, connected-tests, test, web-lint-and-test, maybe-label
2026-04-28T08:02:16.3232946Z The requested checks aren't complete yet, will check back in 15 seconds...
2026-04-28T08:02:16.3233277Z Checks running on ref:
2026-04-28T08:02:16.3233566Z Checks queued: capture-failure-log / capture, e2e, autofix, lint-and-test
2026-04-28T08:02:16.3234111Z Checks completed: capture-failure-log, cross-device-tests, connected-tests, test, web-lint-and-test, maybe-label
2026-04-28T08:02:16.3234567Z Checks in_progress: Auto-merge
2026-04-28T08:02:16.3234794Z Checks after ignore checks filter:
2026-04-28T08:02:16.3235110Z Checks queued: capture-failure-log / capture, e2e, autofix, lint-and-test
2026-04-28T08:02:16.3235648Z Checks completed: capture-failure-log, cross-device-tests, connected-tests, test, web-lint-and-test, maybe-label
2026-04-28T08:02:16.3236108Z Checks after check_name filter:
2026-04-28T08:02:16.3236410Z Checks queued: capture-failure-log / capture, e2e, autofix, lint-and-test
2026-04-28T08:02:16.3237156Z Checks completed: capture-failure-log, cross-device-tests, connected-tests, test, web-lint-and-test, maybe-label
2026-04-28T08:02:16.3237671Z Checks after Regexp filter:
2026-04-28T08:02:16.3238001Z Checks queued: capture-failure-log / capture, e2e, autofix, lint-and-test
2026-04-28T08:02:16.3238587Z Checks completed: capture-failure-log, cross-device-tests, connected-tests, test, web-lint-and-test, maybe-label
2026-04-28T08:02:16.3239171Z The requested checks aren't complete yet, will check back in 15 seconds...
2026-04-28T08:02:16.3239518Z Checks running on ref:
2026-04-28T08:02:16.3239822Z Checks queued: capture-failure-log / capture, e2e, autofix, lint-and-test
2026-04-28T08:02:16.3240397Z Checks completed: capture-failure-log, cross-device-tests, connected-tests, test, web-lint-and-test, maybe-label
2026-04-28T08:02:16.3241017Z Checks in_progress: Auto-merge
2026-04-28T08:02:16.3241250Z Checks after ignore checks filter:
2026-04-28T08:02:16.3241578Z Checks queued: capture-failure-log / capture, e2e, autofix, lint-and-test
2026-04-28T08:02:16.3242130Z Checks completed: capture-failure-log, cross-device-tests, connected-tests, test, web-lint-and-test, maybe-label
2026-04-28T08:02:16.3242611Z Checks after check_name filter:
2026-04-28T08:02:16.3242923Z Checks queued: capture-failure-log / capture, e2e, autofix, lint-and-test
2026-04-28T08:02:16.3243466Z Checks completed: capture-failure-log, cross-device-tests, connected-tests, test, web-lint-and-test, maybe-label
2026-04-28T08:02:16.3243926Z Checks after Regexp filter:
2026-04-28T08:02:16.3244220Z Checks queued: capture-failure-log / capture, e2e, autofix, lint-and-test
2026-04-28T08:02:16.3265503Z Checks completed: capture-failure-log, cross-device-tests, connected-tests, test, web-lint-and-test, maybe-label
2026-04-28T08:02:16.3266211Z The requested checks aren't complete yet, will check back in 15 seconds...
2026-04-28T08:02:16.3266587Z Checks running on ref:
2026-04-28T08:02:16.3267136Z Checks queued: capture-failure-log / capture, e2e, autofix
2026-04-28T08:02:16.3267697Z Checks completed: capture-failure-log, cross-device-tests, connected-tests, test, web-lint-and-test, maybe-label
2026-04-28T08:02:16.3268210Z Checks in_progress: lint-and-test, Auto-merge
2026-04-28T08:02:16.3268698Z Checks after ignore checks filter:
2026-04-28T08:02:16.3268998Z Checks queued: capture-failure-log / capture, e2e, autofix
2026-04-28T08:04:19.9730947Z Checks completed: capture-failure-log, cross-device-tests, connected-tests, test, web-lint-and-test, maybe-label
2026-04-28T08:04:19.9732497Z Checks in_progress: lint-and-test
2026-04-28T08:04:19.9732943Z Checks after check_name filter:
2026-04-28T08:04:19.9733343Z Checks queued: capture-failure-log / capture, e2e, autofix
2026-04-28T08:04:19.9734290Z Checks completed: capture-failure-log, cross-device-tests, connected-tests, test, web-lint-and-test, maybe-label
2026-04-28T08:04:19.9735104Z Checks in_progress: lint-and-test
2026-04-28T08:04:19.9735436Z Checks after Regexp filter:
2026-04-28T08:04:19.9735882Z Checks queued: capture-failure-log / capture, e2e, autofix
2026-04-28T08:04:19.9736930Z Checks completed: capture-failure-log, cross-device-tests, connected-tests, test, web-lint-and-test, maybe-label
2026-04-28T08:04:19.9737774Z Checks in_progress: lint-and-test
2026-04-28T08:04:19.9738122Z The requested checks aren't complete yet, will check back in 15 seconds...
2026-04-28T08:04:19.9738478Z Checks running on ref:
2026-04-28T08:04:19.9738748Z Checks queued: capture-failure-log / capture, e2e, autofix
2026-04-28T08:04:19.9739271Z Checks completed: capture-failure-log, cross-device-tests, connected-tests, test, web-lint-and-test, maybe-label
2026-04-28T08:04:19.9739775Z Checks in_progress: lint-and-test, Auto-merge
2026-04-28T08:04:19.9740053Z Checks after ignore checks filter:
2026-04-28T08:04:19.9740340Z Checks queued: capture-failure-log / capture, e2e, autofix
2026-04-28T08:04:19.9740850Z Checks completed: capture-failure-log, cross-device-tests, connected-tests, test, web-lint-and-test, maybe-label
2026-04-28T08:04:19.9741323Z Checks in_progress: lint-and-test
2026-04-28T08:04:19.9741563Z Checks after check_name filter:
2026-04-28T08:04:19.9741846Z Checks queued: capture-failure-log / capture, e2e, autofix
2026-04-28T08:04:19.9742359Z Checks completed: capture-failure-log, cross-device-tests, connected-tests, test, web-lint-and-test, maybe-label
2026-04-28T08:04:19.9742828Z Checks in_progress: lint-and-test
2026-04-28T08:04:19.9743061Z Checks after Regexp filter:
2026-04-28T08:04:19.9743333Z Checks queued: capture-failure-log / capture, e2e, autofix
2026-04-28T08:04:19.9743842Z Checks completed: capture-failure-log, cross-device-tests, connected-tests, test, web-lint-and-test, maybe-label
2026-04-28T08:04:19.9744322Z Checks in_progress: lint-and-test
2026-04-28T08:04:19.9745229Z The requested checks aren't complete yet, will check back in 15 seconds...
2026-04-28T08:04:19.9745580Z Checks running on ref:
2026-04-28T08:04:19.9745832Z Checks queued: capture-failure-log / capture, e2e, autofix
2026-04-28T08:04:19.9746345Z Checks completed: capture-failure-log, cross-device-tests, connected-tests, test, web-lint-and-test, maybe-label
2026-04-28T08:04:19.9747059Z Checks in_progress: lint-and-test, Auto-merge
2026-04-28T08:04:19.9747336Z Checks after ignore checks filter:
2026-04-28T08:04:19.9747621Z Checks queued: capture-failure-log / capture, e2e, autofix
2026-04-28T08:04:19.9748121Z Checks completed: capture-failure-log, cross-device-tests, connected-tests, test, web-lint-and-test, maybe-label
2026-04-28T08:04:19.9748579Z Checks in_progress: lint-and-test
2026-04-28T08:04:19.9748810Z Checks after check_name filter:
2026-04-28T08:04:19.9749073Z Checks queued: capture-failure-log / capture, e2e, autofix
2026-04-28T08:04:19.9749576Z Checks completed: capture-failure-log, cross-device-tests, connected-tests, test, web-lint-and-test, maybe-label
2026-04-28T08:04:19.9750044Z Checks in_progress: lint-and-test
2026-04-28T08:04:19.9750263Z Checks after Regexp filter:
2026-04-28T08:04:19.9750563Z Checks queued: capture-failure-log / capture, e2e, autofix
2026-04-28T08:04:19.9751118Z Checks completed: capture-failure-log, cross-device-tests, connected-tests, test, web-lint-and-test, maybe-label
2026-04-28T08:04:19.9751603Z Checks in_progress: lint-and-test
2026-04-28T08:04:19.9752122Z The requested checks aren't complete yet, will check back in 15 seconds...
2026-04-28T08:04:19.9752472Z Checks running on ref:
2026-04-28T08:04:19.9752737Z Checks queued: capture-failure-log / capture, e2e, autofix
2026-04-28T08:04:19.9753253Z Checks completed: capture-failure-log, cross-device-tests, connected-tests, test, web-lint-and-test, maybe-label
2026-04-28T08:04:19.9753743Z Checks in_progress: lint-and-test, Auto-merge
2026-04-28T08:04:19.9754016Z Checks after ignore checks filter:
2026-04-28T08:04:19.9754311Z Checks queued: capture-failure-log / capture, e2e, autofix
2026-04-28T08:04:19.9754817Z Checks completed: capture-failure-log, cross-device-tests, connected-tests, test, web-lint-and-test, maybe-label
2026-04-28T08:04:19.9755283Z Checks in_progress: lint-and-test
2026-04-28T08:04:19.9755509Z Checks after check_name filter:
2026-04-28T08:04:19.9755781Z Checks queued: capture-failure-log / capture, e2e, autofix
2026-04-28T08:04:19.9756279Z Checks completed: capture-failure-log, cross-device-tests, connected-tests, test, web-lint-and-test, maybe-label
2026-04-28T08:04:19.9756977Z Checks in_progress: lint-and-test
2026-04-28T08:04:19.9757207Z Checks after Regexp filter:
2026-04-28T08:04:19.9757467Z Checks queued: capture-failure-log / capture, e2e, autofix
2026-04-28T08:04:19.9757954Z Checks completed: capture-failure-log, cross-device-tests, connected-tests, test, web-lint-and-test, maybe-label
2026-04-28T08:04:19.9758413Z Checks in_progress: lint-and-test
2026-04-28T08:04:19.9758733Z The requested checks aren't complete yet, will check back in 15 seconds...
2026-04-28T08:04:19.9759068Z Checks running on ref:
2026-04-28T08:04:19.9759312Z Checks queued: capture-failure-log / capture, e2e, autofix
2026-04-28T08:04:19.9759801Z Checks completed: capture-failure-log, cross-device-tests, connected-tests, test, web-lint-and-test, maybe-label
2026-04-28T08:04:19.9760280Z Checks in_progress: lint-and-test, Auto-merge
2026-04-28T08:04:19.9760542Z Checks after ignore checks filter:
2026-04-28T08:04:19.9760813Z Checks queued: capture-failure-log / capture, e2e, autofix
2026-04-28T08:04:19.9761306Z Checks completed: capture-failure-log, cross-device-tests, connected-tests, test, web-lint-and-test, maybe-label
2026-04-28T08:04:19.9761763Z Checks in_progress: lint-and-test
2026-04-28T08:04:19.9761980Z Checks after check_name filter:
2026-04-28T08:04:19.9762256Z Checks queued: capture-failure-log / capture, e2e, autofix
2026-04-28T08:04:19.9762768Z Checks completed: capture-failure-log, cross-device-tests, connected-tests, test, web-lint-and-test, maybe-label
2026-04-28T08:04:19.9763445Z Checks in_progress: lint-and-test
2026-04-28T08:04:19.9763680Z Checks after Regexp filter:
2026-04-28T08:04:19.9763939Z Checks queued: capture-failure-log / capture, e2e, autofix
2026-04-28T08:04:19.9764450Z Checks completed: capture-failure-log, cross-device-tests, connected-tests, test, web-lint-and-test, maybe-label
2026-04-28T08:04:19.9764914Z Checks in_progress: lint-and-test
2026-04-28T08:04:19.9765235Z The requested checks aren't complete yet, will check back in 15 seconds...
2026-04-28T08:04:19.9765570Z Checks running on ref:
2026-04-28T08:04:19.9765808Z Checks queued: capture-failure-log / capture, e2e, autofix
2026-04-28T08:04:19.9766307Z Checks completed: capture-failure-log, cross-device-tests, connected-tests, test, web-lint-and-test, maybe-label
2026-04-28T08:04:19.9767002Z Checks in_progress: lint-and-test, Auto-merge
2026-04-28T08:04:19.9767263Z Checks after ignore checks filter:
2026-04-28T08:04:19.9767543Z Checks queued: capture-failure-log / capture, e2e, autofix
2026-04-28T08:04:19.9768040Z Checks completed: capture-failure-log, cross-device-tests, connected-tests, test, web-lint-and-test, maybe-label
2026-04-28T08:04:19.9768499Z Checks in_progress: lint-and-test
2026-04-28T08:04:19.9768722Z Checks after check_name filter:
2026-04-28T08:04:19.9768982Z Checks queued: capture-failure-log / capture, e2e, autofix
2026-04-28T08:04:19.9769609Z Checks completed: capture-failure-log, cross-device-tests, connected-tests, test, web-lint-and-test, maybe-label
2026-04-28T08:04:19.9770103Z Checks in_progress: lint-and-test
2026-04-28T08:04:19.9770328Z Checks after Regexp filter:
2026-04-28T08:04:19.9770601Z Checks queued: capture-failure-log / capture, e2e, autofix
2026-04-28T08:04:19.9771122Z Checks completed: capture-failure-log, cross-device-tests, connected-tests, test, web-lint-and-test, maybe-label
2026-04-28T08:04:19.9771597Z Checks in_progress: lint-and-test
2026-04-28T08:04:19.9771940Z The requested checks aren't complete yet, will check back in 15 seconds...
2026-04-28T08:04:19.9772287Z Checks running on ref:
2026-04-28T08:04:19.9772541Z Checks queued: capture-failure-log / capture, e2e, autofix
2026-04-28T08:04:19.9773059Z Checks completed: capture-failure-log, cross-device-tests, connected-tests, test, web-lint-and-test, maybe-label
2026-04-28T08:04:19.9773552Z Checks in_progress: lint-and-test, Auto-merge
2026-04-28T08:04:19.9773822Z Checks after ignore checks filter:
2026-04-28T08:04:19.9774110Z Checks queued: capture-failure-log / capture, e2e, autofix
2026-04-28T08:04:19.9774608Z Checks completed: capture-failure-log, cross-device-tests, connected-tests, test, web-lint-and-test, maybe-label
2026-04-28T08:04:19.9775075Z Checks in_progress: lint-and-test
2026-04-28T08:04:19.9775306Z Checks after check_name filter:
2026-04-28T08:04:19.9775572Z Checks queued: capture-failure-log / capture, e2e, autofix
2026-04-28T08:04:19.9776072Z Checks completed: capture-failure-log, cross-device-tests, connected-tests, test, web-lint-and-test, maybe-label
2026-04-28T08:04:19.9776533Z Checks in_progress: lint-and-test
2026-04-28T08:04:19.9776925Z Checks after Regexp filter:
2026-04-28T08:04:19.9777192Z Checks queued: capture-failure-log / capture, e2e, autofix
2026-04-28T08:04:19.9777691Z Checks completed: capture-failure-log, cross-device-tests, connected-tests, test, web-lint-and-test, maybe-label
2026-04-28T08:04:19.9778152Z Checks in_progress: lint-and-test
2026-04-28T08:04:19.9778483Z The requested checks aren't complete yet, will check back in 15 seconds...
2026-04-28T08:04:19.9778814Z Checks running on ref:
2026-04-28T08:04:19.9779061Z Checks queued: capture-failure-log / capture, e2e, autofix
2026-04-28T08:04:19.9779563Z Checks completed: capture-failure-log, cross-device-tests, connected-tests, test, web-lint-and-test, maybe-label
2026-04-28T08:04:19.9780039Z Checks in_progress: lint-and-test, Auto-merge
2026-04-28T08:04:19.9780301Z Checks after ignore checks filter:
2026-04-28T08:04:19.9780714Z Checks queued: capture-failure-log / capture, e2e, autofix
2026-04-28T08:04:19.9781213Z Checks completed: capture-failure-log, cross-device-tests, connected-tests, test, web-lint-and-test, maybe-label
2026-04-28T08:04:19.9781674Z Checks in_progress: lint-and-test
2026-04-28T08:04:19.9781896Z Checks after check_name filter:
2026-04-28T08:04:19.9782175Z Checks queued: capture-failure-log / capture, e2e, autofix
2026-04-28T08:04:19.9782698Z Checks completed: capture-failure-log, cross-device-tests, connected-tests, test, web-lint-and-test, maybe-label
2026-04-28T08:04:19.9783173Z Checks in_progress: lint-and-test
2026-04-28T08:04:19.9783403Z Checks after Regexp filter:
2026-04-28T08:04:19.9783660Z Checks queued: capture-failure-log / capture, e2e, autofix
2026-04-28T08:04:19.9784166Z Checks completed: capture-failure-log, cross-device-tests, connected-tests, test, web-lint-and-test, maybe-label
2026-04-28T08:04:19.9784632Z Checks in_progress: lint-and-test
2026-04-28T08:04:19.9785006Z The requested checks aren't complete yet, will check back in 15 seconds...
2026-04-28T08:04:19.9785352Z Checks running on ref:
2026-04-28T08:04:19.9785600Z Checks queued: capture-failure-log / capture, e2e, autofix
2026-04-28T08:04:19.9786100Z Checks completed: capture-failure-log, cross-device-tests, connected-tests, test, web-lint-and-test, maybe-label
2026-04-28T08:04:19.9786579Z Checks in_progress: lint-and-test, Auto-merge
2026-04-28T08:04:19.9786958Z Checks after ignore checks filter:
2026-04-28T08:04:19.9787364Z Checks queued: capture-failure-log / capture, e2e, autofix
2026-04-28T08:06:23.5423937Z Checks completed: capture-failure-log, cross-device-tests, connected-tests, test, web-lint-and-test, maybe-label
2026-04-28T08:06:23.5424784Z Checks in_progress: lint-and-test
2026-04-28T08:06:23.5425195Z Checks after check_name filter:
2026-04-28T08:06:23.5425653Z Checks queued: capture-failure-log / capture, e2e, autofix
2026-04-28T08:06:23.5426539Z Checks completed: capture-failure-log, cross-device-tests, connected-tests, test, web-lint-and-test, maybe-label
2026-04-28T08:06:23.5427654Z Checks in_progress: lint-and-test
2026-04-28T08:06:23.5428018Z Checks after Regexp filter:
2026-04-28T08:06:23.5428443Z Checks queued: capture-failure-log / capture, e2e, autofix
2026-04-28T08:06:23.5429314Z Checks completed: capture-failure-log, cross-device-tests, connected-tests, test, web-lint-and-test, maybe-label
2026-04-28T08:06:23.5430113Z Checks in_progress: lint-and-test
2026-04-28T08:06:23.5430649Z The requested checks aren't complete yet, will check back in 15 seconds...
2026-04-28T08:06:23.5431015Z Checks running on ref:
2026-04-28T08:06:23.5431272Z Checks queued: capture-failure-log / capture, e2e, autofix
2026-04-28T08:06:23.5431774Z Checks completed: capture-failure-log, cross-device-tests, connected-tests, test, web-lint-and-test, maybe-label
2026-04-28T08:06:23.5432267Z Checks in_progress: lint-and-test, Auto-merge
2026-04-28T08:06:23.5432531Z Checks after ignore checks filter:
2026-04-28T08:06:23.5432823Z Checks queued: capture-failure-log / capture, e2e, autofix
2026-04-28T08:06:23.5433339Z Checks completed: capture-failure-log, cross-device-tests, connected-tests, test, web-lint-and-test, maybe-label
2026-04-28T08:06:23.5433815Z Checks in_progress: lint-and-test
2026-04-28T08:06:23.5434051Z Checks after check_name filter:
2026-04-28T08:06:23.5434322Z Checks queued: capture-failure-log / capture, e2e, autofix
2026-04-28T08:06:23.5434817Z Checks completed: capture-failure-log, cross-device-tests, connected-tests, test, web-lint-and-test, maybe-label
2026-04-28T08:06:23.5435283Z Checks in_progress: lint-and-test
2026-04-28T08:06:23.5435512Z Checks after Regexp filter:
2026-04-28T08:06:23.5435777Z Checks queued: capture-failure-log / capture, e2e, autofix
2026-04-28T08:06:23.5436294Z Checks completed: capture-failure-log, cross-device-tests, connected-tests, test, web-lint-and-test, maybe-label
2026-04-28T08:06:23.5436953Z Checks in_progress: lint-and-test
2026-04-28T08:06:23.5437299Z The requested checks aren't complete yet, will check back in 15 seconds...
2026-04-28T08:06:23.5438080Z Checks running on ref:
2026-04-28T08:06:23.5438333Z Checks queued: capture-failure-log / capture, e2e, autofix
2026-04-28T08:06:23.5438842Z Checks completed: capture-failure-log, cross-device-tests, connected-tests, test, web-lint-and-test, maybe-label
2026-04-28T08:06:23.5439334Z Checks in_progress: lint-and-test, Auto-merge
2026-04-28T08:06:23.5439598Z Checks after ignore checks filter:
2026-04-28T08:06:23.5439881Z Checks queued: capture-failure-log / capture, e2e, autofix
2026-04-28T08:06:23.5440381Z Checks completed: capture-failure-log, cross-device-tests, connected-tests, test, web-lint-and-test, maybe-label
2026-04-28T08:06:23.5440845Z Checks in_progress: lint-and-test
2026-04-28T08:06:23.5441072Z Checks after check_name filter:
2026-04-28T08:06:23.5441336Z Checks queued: capture-failure-log / capture, e2e, autofix
2026-04-28T08:06:23.5441827Z Checks completed: capture-failure-log, cross-device-tests, connected-tests, test, web-lint-and-test, maybe-label
2026-04-28T08:06:23.5442290Z Checks in_progress: lint-and-test
2026-04-28T08:06:23.5442517Z Checks after Regexp filter:
2026-04-28T08:06:23.5442783Z Checks queued: capture-failure-log / capture, e2e, autofix
2026-04-28T08:06:23.5443275Z Checks completed: capture-failure-log, cross-device-tests, connected-tests, test, web-lint-and-test, maybe-label
2026-04-28T08:06:23.5443747Z Checks in_progress: lint-and-test
2026-04-28T08:06:23.5444081Z The requested checks aren't complete yet, will check back in 15 seconds...
2026-04-28T08:06:23.5444603Z Checks running on ref:
2026-04-28T08:06:23.5444867Z Checks queued: capture-failure-log / capture, e2e, autofix
2026-04-28T08:06:23.5445386Z Checks completed: capture-failure-log, cross-device-tests, connected-tests, test, web-lint-and-test, maybe-label
2026-04-28T08:06:23.5445875Z Checks in_progress: lint-and-test, Auto-merge
2026-04-28T08:06:23.5446170Z Checks after ignore checks filter:
2026-04-28T08:06:23.5446455Z Checks queued: capture-failure-log / capture, e2e, autofix
2026-04-28T08:06:23.5447209Z Checks completed: capture-failure-log, cross-device-tests, connected-tests, test, web-lint-and-test, maybe-label
2026-04-28T08:06:23.5447686Z Checks in_progress: lint-and-test
2026-04-28T08:06:23.5447917Z Checks after check_name filter:
2026-04-28T08:06:23.5448185Z Checks queued: capture-failure-log / capture, e2e, autofix
2026-04-28T08:06:23.5448682Z Checks completed: capture-failure-log, cross-device-tests, connected-tests, test, web-lint-and-test, maybe-label
2026-04-28T08:06:23.5449151Z Checks in_progress: lint-and-test
2026-04-28T08:06:23.5449370Z Checks after Regexp filter:
2026-04-28T08:06:23.5449630Z Checks queued: capture-failure-log / capture, e2e, autofix
2026-04-28T08:06:23.5450118Z Checks completed: capture-failure-log, cross-device-tests, connected-tests, test, web-lint-and-test, maybe-label
2026-04-28T08:06:23.5450574Z Checks in_progress: lint-and-test
2026-04-28T08:06:23.5450888Z The requested checks aren't complete yet, will check back in 15 seconds...
2026-04-28T08:06:23.5451229Z Checks running on ref:
2026-04-28T08:06:23.5451473Z Checks queued: capture-failure-log / capture, e2e, autofix
2026-04-28T08:06:23.5451967Z Checks completed: capture-failure-log, cross-device-tests, connected-tests, test, web-lint-and-test, maybe-label
2026-04-28T08:06:23.5452442Z Checks in_progress: lint-and-test, Auto-merge
2026-04-28T08:06:23.5452701Z Checks after ignore checks filter:
2026-04-28T08:06:23.5452969Z Checks queued: capture-failure-log / capture, e2e, autofix
2026-04-28T08:06:23.5453467Z Checks completed: capture-failure-log, cross-device-tests, connected-tests, test, web-lint-and-test, maybe-label
2026-04-28T08:06:23.5453927Z Checks in_progress: lint-and-test
2026-04-28T08:06:23.5454143Z Checks after check_name filter:
2026-04-28T08:06:23.5454403Z Checks queued: capture-failure-log / capture, e2e, autofix
2026-04-28T08:06:23.5454895Z Checks completed: capture-failure-log, cross-device-tests, connected-tests, test, web-lint-and-test, maybe-label
2026-04-28T08:06:23.5455531Z Checks in_progress: lint-and-test
2026-04-28T08:06:23.5455762Z Checks after Regexp filter:
2026-04-28T08:06:23.5456024Z Checks queued: capture-failure-log / capture, e2e, autofix
2026-04-28T08:06:23.5456538Z Checks completed: capture-failure-log, cross-device-tests, connected-tests, test, web-lint-and-test, maybe-label
2026-04-28T08:06:23.5457233Z Checks in_progress: lint-and-test
2026-04-28T08:06:23.5457575Z The requested checks aren't complete yet, will check back in 15 seconds...
2026-04-28T08:06:23.5457921Z Checks running on ref:
2026-04-28T08:06:23.5458189Z Checks queued: capture-failure-log / capture, e2e, autofix
2026-04-28T08:06:23.5458708Z Checks completed: capture-failure-log, cross-device-tests, connected-tests, test, web-lint-and-test, maybe-label
2026-04-28T08:06:23.5459205Z Checks in_progress: lint-and-test, Auto-merge
2026-04-28T08:06:23.5459473Z Checks after ignore checks filter:
2026-04-28T08:06:23.5459753Z Checks queued: capture-failure-log / capture, e2e, autofix
2026-04-28T08:06:23.5460264Z Checks completed: capture-failure-log, cross-device-tests, connected-tests, test, web-lint-and-test, maybe-label
2026-04-28T08:06:23.5460725Z Checks in_progress: lint-and-test
2026-04-28T08:06:23.5460955Z Checks after check_name filter:
2026-04-28T08:06:23.5461224Z Checks queued: capture-failure-log / capture, e2e, autofix
2026-04-28T08:06:23.5461714Z Checks completed: capture-failure-log, cross-device-tests, connected-tests, test, web-lint-and-test, maybe-label
2026-04-28T08:06:23.5462176Z Checks in_progress: lint-and-test
2026-04-28T08:06:23.5462559Z Checks after Regexp filter:
2026-04-28T08:06:23.5462827Z Checks queued: capture-failure-log / capture, e2e, autofix
2026-04-28T08:06:23.5463331Z Checks completed: capture-failure-log, cross-device-tests, connected-tests, test, web-lint-and-test, maybe-label
2026-04-28T08:06:23.5463794Z Checks in_progress: lint-and-test
2026-04-28T08:06:23.5464114Z The requested checks aren't complete yet, will check back in 15 seconds...
2026-04-28T08:06:23.5464451Z Checks running on ref:
2026-04-28T08:06:23.5464703Z Checks queued: capture-failure-log / capture, e2e, autofix
2026-04-28T08:06:23.5465204Z Checks completed: capture-failure-log, cross-device-tests, connected-tests, test, web-lint-and-test, maybe-label
2026-04-28T08:06:23.5465688Z Checks in_progress: lint-and-test, Auto-merge
2026-04-28T08:06:23.5465947Z Checks after ignore checks filter:
2026-04-28T08:06:23.5466222Z Checks queued: capture-failure-log / capture, e2e, autofix
2026-04-28T08:06:23.5466866Z Checks completed: capture-failure-log, cross-device-tests, connected-tests, test, web-lint-and-test, maybe-label
2026-04-28T08:06:23.5467340Z Checks in_progress: lint-and-test
2026-04-28T08:06:23.5467567Z Checks after check_name filter:
2026-04-28T08:06:23.5467832Z Checks queued: capture-failure-log / capture, e2e, autofix
2026-04-28T08:06:23.5468346Z Checks completed: capture-failure-log, cross-device-tests, connected-tests, test, web-lint-and-test, maybe-label
2026-04-28T08:06:23.5468809Z Checks in_progress: lint-and-test
2026-04-28T08:06:23.5469033Z Checks after Regexp filter:
2026-04-28T08:06:23.5469292Z Checks queued: capture-failure-log / capture, e2e, autofix
2026-04-28T08:06:23.5469782Z Checks completed: capture-failure-log, cross-device-tests, connected-tests, test, web-lint-and-test, maybe-label
2026-04-28T08:06:23.5470244Z Checks in_progress: lint-and-test
2026-04-28T08:06:23.5470560Z The requested checks aren't complete yet, will check back in 15 seconds...
2026-04-28T08:06:23.5470886Z Checks running on ref:
2026-04-28T08:06:23.5471133Z Checks queued: capture-failure-log / capture, e2e, autofix
2026-04-28T08:06:23.5471631Z Checks completed: capture-failure-log, cross-device-tests, connected-tests, test, web-lint-and-test, maybe-label
2026-04-28T08:06:23.5472114Z Checks in_progress: lint-and-test, Auto-merge
2026-04-28T08:06:23.5472377Z Checks after ignore checks filter:
2026-04-28T08:06:23.5472649Z Checks queued: capture-failure-log / capture, e2e, autofix
2026-04-28T08:06:23.5473138Z Checks completed: capture-failure-log, cross-device-tests, connected-tests, test, web-lint-and-test, maybe-label
2026-04-28T08:06:23.5473752Z Checks in_progress: lint-and-test
2026-04-28T08:06:23.5473972Z Checks after check_name filter:
2026-04-28T08:06:23.5474234Z Checks queued: capture-failure-log / capture, e2e, autofix
2026-04-28T08:06:23.5474729Z Checks completed: capture-failure-log, cross-device-tests, connected-tests, test, web-lint-and-test, maybe-label
2026-04-28T08:06:23.5475184Z Checks in_progress: lint-and-test
2026-04-28T08:06:23.5475410Z Checks after Regexp filter:
2026-04-28T08:06:23.5475665Z Checks queued: capture-failure-log / capture, e2e, autofix
2026-04-28T08:06:23.5476154Z Checks completed: capture-failure-log, cross-device-tests, connected-tests, test, web-lint-and-test, maybe-label
2026-04-28T08:06:23.5476613Z Checks in_progress: lint-and-test
2026-04-28T08:06:23.5477053Z The requested checks aren't complete yet, will check back in 15 seconds...
2026-04-28T08:06:23.5477387Z Checks running on ref:
2026-04-28T08:06:23.5477635Z Checks queued: capture-failure-log / capture, e2e, autofix
2026-04-28T08:06:23.5478126Z Checks completed: capture-failure-log, cross-device-tests, connected-tests, test, web-lint-and-test, maybe-label
2026-04-28T08:06:23.5478605Z Checks in_progress: lint-and-test, Auto-merge
2026-04-28T08:06:23.5478864Z Checks after ignore checks filter:
2026-04-28T08:06:23.5479132Z Checks queued: capture-failure-log / capture, e2e, autofix
2026-04-28T08:08:26.9333282Z Checks completed: capture-failure-log, cross-device-tests, connected-tests, test, web-lint-and-test, maybe-label
2026-04-28T08:08:26.9334299Z Checks in_progress: lint-and-test
2026-04-28T08:08:26.9334743Z Checks after check_name filter:
2026-04-28T08:08:26.9335139Z Checks queued: capture-failure-log / capture, e2e, autofix
2026-04-28T08:08:26.9336054Z Checks completed: capture-failure-log, cross-device-tests, connected-tests, test, web-lint-and-test, maybe-label
2026-04-28T08:08:26.9336969Z Checks in_progress: lint-and-test
2026-04-28T08:08:26.9337274Z Checks after Regexp filter:
2026-04-28T08:08:26.9337552Z Checks queued: capture-failure-log / capture, e2e, autofix
2026-04-28T08:08:26.9338083Z Checks completed: capture-failure-log, cross-device-tests, connected-tests, test, web-lint-and-test, maybe-label
2026-04-28T08:08:26.9338562Z Checks in_progress: lint-and-test
2026-04-28T08:08:26.9338896Z The requested checks aren't complete yet, will check back in 15 seconds...
2026-04-28T08:08:26.9339238Z Checks running on ref:
2026-04-28T08:08:26.9339501Z Checks queued: capture-failure-log / capture, e2e, autofix
2026-04-28T08:08:26.9340009Z Checks completed: capture-failure-log, cross-device-tests, connected-tests, test, web-lint-and-test, maybe-label
2026-04-28T08:08:26.9340515Z Checks in_progress: lint-and-test, Auto-merge
2026-04-28T08:08:26.9340790Z Checks after ignore checks filter:
2026-04-28T08:08:26.9341078Z Checks queued: capture-failure-log / capture, e2e, autofix
2026-04-28T08:08:26.9341604Z Checks completed: capture-failure-log, cross-device-tests, connected-tests, test, web-lint-and-test, maybe-label
2026-04-28T08:08:26.9342083Z Checks in_progress: lint-and-test
2026-04-28T08:08:26.9342320Z Checks after check_name filter:
2026-04-28T08:08:26.9342599Z Checks queued: capture-failure-log / capture, e2e, autofix
2026-04-28T08:08:26.9343105Z Checks completed: capture-failure-log, cross-device-tests, connected-tests, test, web-lint-and-test, maybe-label
2026-04-28T08:08:26.9343576Z Checks in_progress: lint-and-test
2026-04-28T08:08:26.9343812Z Checks after Regexp filter:
2026-04-28T08:08:26.9344086Z Checks queued: capture-failure-log / capture, e2e, autofix
2026-04-28T08:08:26.9344601Z Checks completed: capture-failure-log, cross-device-tests, connected-tests, test, web-lint-and-test, maybe-label
2026-04-28T08:08:26.9345074Z Checks in_progress: lint-and-test
2026-04-28T08:08:26.9345414Z The requested checks aren't complete yet, will check back in 15 seconds...
2026-04-28T08:08:26.9345763Z Checks running on ref:
2026-04-28T08:08:26.9346014Z Checks queued: capture-failure-log / capture, e2e, autofix
2026-04-28T08:08:26.9346882Z Checks completed: capture-failure-log, cross-device-tests, connected-tests, test, web-lint-and-test, maybe-label
2026-04-28T08:08:26.9347394Z Checks in_progress: lint-and-test, Auto-merge
2026-04-28T08:08:26.9347664Z Checks after ignore checks filter:
2026-04-28T08:08:26.9347953Z Checks queued: capture-failure-log / capture, e2e, autofix
2026-04-28T08:08:26.9348459Z Checks completed: capture-failure-log, cross-device-tests, connected-tests, test, web-lint-and-test, maybe-label
2026-04-28T08:08:26.9348931Z Checks in_progress: lint-and-test
2026-04-28T08:08:26.9349164Z Checks after check_name filter:
2026-04-28T08:08:26.9349432Z Checks queued: capture-failure-log / capture, e2e, autofix
2026-04-28T08:08:26.9349938Z Checks completed: capture-failure-log, cross-device-tests, connected-tests, test, web-lint-and-test, maybe-label
2026-04-28T08:08:26.9350411Z Checks in_progress: lint-and-test
2026-04-28T08:08:26.9350632Z Checks after Regexp filter:
2026-04-28T08:08:26.9350899Z Checks queued: capture-failure-log / capture, e2e, autofix
2026-04-28T08:08:26.9351427Z Checks completed: capture-failure-log, cross-device-tests, connected-tests, test, web-lint-and-test, maybe-label
2026-04-28T08:08:26.9351907Z Checks in_progress: lint-and-test
2026-04-28T08:08:26.9352235Z The requested checks aren't complete yet, will check back in 15 seconds...
2026-04-28T08:08:26.9352569Z Checks running on ref:
2026-04-28T08:08:26.9352821Z Checks queued: capture-failure-log / capture, e2e, autofix
2026-04-28T08:08:26.9353464Z Checks completed: capture-failure-log, cross-device-tests, connected-tests, test, web-lint-and-test, maybe-label
2026-04-28T08:08:26.9353971Z Checks in_progress: lint-and-test, Auto-merge
2026-04-28T08:08:26.9354245Z Checks after ignore checks filter:
2026-04-28T08:08:26.9354536Z Checks queued: capture-failure-log / capture, e2e, autofix
2026-04-28T08:08:26.9355051Z Checks completed: capture-failure-log, cross-device-tests, connected-tests, test, web-lint-and-test, maybe-label
2026-04-28T08:08:26.9355532Z Checks in_progress: lint-and-test
2026-04-28T08:08:26.9355763Z Checks after check_name filter:
2026-04-28T08:08:26.9356039Z Checks queued: capture-failure-log / capture, e2e, autofix
2026-04-28T08:08:26.9356541Z Checks completed: capture-failure-log, cross-device-tests, connected-tests, test, web-lint-and-test, maybe-label
2026-04-28T08:08:26.9357130Z Checks in_progress: lint-and-test
2026-04-28T08:08:26.9357360Z Checks after Regexp filter:
2026-04-28T08:08:26.9357637Z Checks queued: capture-failure-log / capture, e2e, autofix
2026-04-28T08:08:26.9358131Z Checks completed: capture-failure-log, cross-device-tests, connected-tests, test, web-lint-and-test, maybe-label
2026-04-28T08:08:26.9358596Z Checks in_progress: lint-and-test
2026-04-28T08:08:26.9358917Z The requested checks aren't complete yet, will check back in 15 seconds...
2026-04-28T08:08:26.9359267Z Checks running on ref:
2026-04-28T08:08:26.9359525Z Checks queued: capture-failure-log / capture, e2e, autofix
2026-04-28T08:08:26.9360029Z Checks completed: capture-failure-log, cross-device-tests, connected-tests, test, web-lint-and-test, maybe-label
2026-04-28T08:08:26.9360525Z Checks in_progress: lint-and-test, Auto-merge
2026-04-28T08:08:26.9360793Z Checks after ignore checks filter:
2026-04-28T08:08:26.9361070Z Checks queued: capture-failure-log / capture, e2e, autofix
2026-04-28T08:08:26.9361573Z Checks completed: capture-failure-log, cross-device-tests, connected-tests, test, web-lint-and-test, maybe-label
2026-04-28T08:08:26.9362042Z Checks in_progress: lint-and-test
2026-04-28T08:08:26.9362270Z Checks after check_name filter:
2026-04-28T08:08:26.9362539Z Checks queued: capture-failure-log / capture, e2e, autofix
2026-04-28T08:08:26.9363032Z Checks completed: capture-failure-log, cross-device-tests, connected-tests, test, web-lint-and-test, maybe-label
2026-04-28T08:08:26.9363493Z Checks in_progress: lint-and-test
2026-04-28T08:08:26.9363720Z Checks after Regexp filter:
2026-04-28T08:08:26.9365630Z Checks queued: capture-failure-log / capture, e2e, autofix
2026-04-28T08:08:26.9366169Z Checks completed: capture-failure-log, cross-device-tests, connected-tests, test, web-lint-and-test, maybe-label
2026-04-28T08:08:26.9366670Z Checks in_progress: lint-and-test
2026-04-28T08:08:26.9367138Z The requested checks aren't complete yet, will check back in 15 seconds...
2026-04-28T08:08:26.9367488Z Checks running on ref:
2026-04-28T08:08:26.9367745Z Checks queued: capture-failure-log / capture, e2e, autofix
2026-04-28T08:08:26.9368271Z Checks completed: capture-failure-log, cross-device-tests, connected-tests, test, web-lint-and-test, maybe-label
2026-04-28T08:08:26.9368773Z Checks in_progress: lint-and-test, Auto-merge
2026-04-28T08:08:26.9369040Z Checks after ignore checks filter:
2026-04-28T08:08:26.9369321Z Checks queued: capture-failure-log / capture, e2e, autofix
2026-04-28T08:08:26.9369819Z Checks completed: capture-failure-log, cross-device-tests, connected-tests, test, web-lint-and-test, maybe-label
2026-04-28T08:08:26.9370283Z Checks in_progress: lint-and-test
2026-04-28T08:08:26.9370510Z Checks after check_name filter:
2026-04-28T08:08:26.9370772Z Checks queued: capture-failure-log / capture, e2e, autofix
2026-04-28T08:08:26.9371271Z Checks completed: capture-failure-log, cross-device-tests, connected-tests, test, web-lint-and-test, maybe-label
2026-04-28T08:08:26.9371733Z Checks in_progress: lint-and-test
2026-04-28T08:08:26.9371952Z Checks after Regexp filter:
2026-04-28T08:08:26.9372348Z Checks queued: capture-failure-log / capture, e2e, autofix
2026-04-28T08:08:26.9372867Z Checks completed: capture-failure-log, cross-device-tests, connected-tests, test, web-lint-and-test, maybe-label
2026-04-28T08:08:26.9373326Z Checks in_progress: lint-and-test
2026-04-28T08:08:26.9373643Z The requested checks aren't complete yet, will check back in 15 seconds...
2026-04-28T08:08:26.9373972Z Checks running on ref:
2026-04-28T08:08:26.9374223Z Checks queued: capture-failure-log / capture, e2e, autofix
2026-04-28T08:08:26.9374729Z Checks completed: capture-failure-log, cross-device-tests, connected-tests, test, web-lint-and-test, maybe-label
2026-04-28T08:08:26.9375205Z Checks in_progress: lint-and-test, Auto-merge
2026-04-28T08:08:26.9375467Z Checks after ignore checks filter:
2026-04-28T08:08:26.9375741Z Checks queued: capture-failure-log / capture, e2e, autofix
2026-04-28T08:08:26.9376233Z Checks completed: capture-failure-log, cross-device-tests, connected-tests, test, web-lint-and-test, maybe-label
2026-04-28T08:08:26.9376701Z Checks in_progress: lint-and-test
2026-04-28T08:08:26.9377106Z Checks after check_name filter:
2026-04-28T08:08:26.9377436Z Checks queued: capture-failure-log / capture, e2e, autofix
2026-04-28T08:08:26.9377933Z Checks completed: capture-failure-log, cross-device-tests, connected-tests, test, web-lint-and-test, maybe-label
2026-04-28T08:08:26.9378388Z Checks in_progress: lint-and-test
2026-04-28T08:08:26.9378612Z Checks after Regexp filter:
2026-04-28T08:08:26.9378867Z Checks queued: capture-failure-log / capture, e2e, autofix
2026-04-28T08:08:26.9379369Z Checks completed: capture-failure-log, cross-device-tests, connected-tests, test, web-lint-and-test, maybe-label
2026-04-28T08:08:26.9379848Z Checks in_progress: lint-and-test
2026-04-28T08:08:26.9380179Z The requested checks aren't complete yet, will check back in 15 seconds...
2026-04-28T08:08:26.9380518Z Checks running on ref:
2026-04-28T08:08:26.9380761Z Checks queued: capture-failure-log / capture, e2e
2026-04-28T08:08:26.9381304Z Checks completed: capture-failure-log, cross-device-tests, connected-tests, test, web-lint-and-test, autofix, maybe-label
2026-04-28T08:08:26.9381836Z Checks in_progress: lint-and-test, Auto-merge
2026-04-28T08:08:26.9382107Z Checks after ignore checks filter:
2026-04-28T08:08:26.9382370Z Checks queued: capture-failure-log / capture, e2e
2026-04-28T08:08:26.9382887Z Checks completed: capture-failure-log, cross-device-tests, connected-tests, test, web-lint-and-test, autofix, maybe-label
2026-04-28T08:08:26.9383549Z Checks in_progress: lint-and-test
2026-04-28T08:08:26.9383788Z Checks after check_name filter:
2026-04-28T08:08:26.9384082Z Checks queued: capture-failure-log / capture, e2e
2026-04-28T08:08:26.9384597Z Checks completed: capture-failure-log, cross-device-tests, connected-tests, test, web-lint-and-test, autofix, maybe-label
2026-04-28T08:08:26.9385097Z Checks in_progress: lint-and-test
2026-04-28T08:08:26.9385330Z Checks after Regexp filter:
2026-04-28T08:08:26.9385570Z Checks queued: capture-failure-log / capture, e2e
2026-04-28T08:08:26.9386080Z Checks completed: capture-failure-log, cross-device-tests, connected-tests, test, web-lint-and-test, autofix, maybe-label
2026-04-28T08:08:26.9386578Z Checks in_progress: lint-and-test
2026-04-28T08:08:26.9387053Z The requested checks aren't complete yet, will check back in 15 seconds...
2026-04-28T08:08:26.9387410Z Checks running on ref:
2026-04-28T08:08:26.9387647Z Checks queued: capture-failure-log / capture, e2e
2026-04-28T08:08:26.9388210Z Checks completed: capture-failure-log, cross-device-tests, connected-tests, test, web-lint-and-test, autofix, maybe-label
2026-04-28T08:08:26.9388756Z Checks in_progress: lint-and-test, Auto-merge
2026-04-28T08:08:26.9389036Z Checks after ignore checks filter:
2026-04-28T08:08:26.9389312Z Checks queued: capture-failure-log / capture, e2e
2026-04-28T08:10:30.4201358Z Checks completed: capture-failure-log, cross-device-tests, connected-tests, test, web-lint-and-test, autofix, maybe-label
2026-04-28T08:10:30.4203070Z Checks in_progress: lint-and-test
2026-04-28T08:10:30.4204058Z Checks after check_name filter:
2026-04-28T08:10:30.4204617Z Checks queued: capture-failure-log / capture, e2e
2026-04-28T08:10:30.4205573Z Checks completed: capture-failure-log, cross-device-tests, connected-tests, test, web-lint-and-test, autofix, maybe-label
2026-04-28T08:10:30.4206500Z Checks in_progress: lint-and-test
2026-04-28T08:10:30.4207047Z Checks after Regexp filter:
2026-04-28T08:10:30.4207451Z Checks queued: capture-failure-log / capture, e2e
2026-04-28T08:10:30.4208364Z Checks completed: capture-failure-log, cross-device-tests, connected-tests, test, web-lint-and-test, autofix, maybe-label
2026-04-28T08:10:30.4209213Z Checks in_progress: lint-and-test
2026-04-28T08:10:30.4209752Z The requested checks aren't complete yet, will check back in 15 seconds...
2026-04-28T08:10:30.4210310Z Checks running on ref:
2026-04-28T08:10:30.4210665Z Checks queued: capture-failure-log / capture, e2e
2026-04-28T08:10:30.4211557Z Checks completed: capture-failure-log, cross-device-tests, connected-tests, test, web-lint-and-test, autofix, maybe-label
2026-04-28T08:10:30.4212136Z Checks in_progress: lint-and-test, Auto-merge
2026-04-28T08:10:30.4212414Z Checks after ignore checks filter:
2026-04-28T08:10:30.4212683Z Checks queued: capture-failure-log / capture, e2e
2026-04-28T08:10:30.4213225Z Checks completed: capture-failure-log, cross-device-tests, connected-tests, test, web-lint-and-test, autofix, maybe-label
2026-04-28T08:10:30.4213746Z Checks in_progress: lint-and-test
2026-04-28T08:10:30.4213996Z Checks after check_name filter:
2026-04-28T08:10:30.4214253Z Checks queued: capture-failure-log / capture, e2e
2026-04-28T08:10:30.4214774Z Checks completed: capture-failure-log, cross-device-tests, connected-tests, test, web-lint-and-test, autofix, maybe-label
2026-04-28T08:10:30.4215270Z Checks in_progress: lint-and-test
2026-04-28T08:10:30.4215493Z Checks after Regexp filter:
2026-04-28T08:10:30.4215741Z Checks queued: capture-failure-log / capture, e2e
2026-04-28T08:10:30.4216274Z Checks completed: capture-failure-log, cross-device-tests, connected-tests, test, web-lint-and-test, autofix, maybe-label
2026-04-28T08:10:30.4217022Z Checks in_progress: lint-and-test
2026-04-28T08:10:30.4217365Z The requested checks aren't complete yet, will check back in 15 seconds...
2026-04-28T08:10:30.4217711Z Checks running on ref:
2026-04-28T08:10:30.4217950Z Checks queued: capture-failure-log / capture, e2e
2026-04-28T08:10:30.4218485Z Checks completed: capture-failure-log, cross-device-tests, connected-tests, test, web-lint-and-test, autofix, maybe-label
2026-04-28T08:10:30.4219310Z Checks in_progress: lint-and-test, Auto-merge
2026-04-28T08:10:30.4219586Z Checks after ignore checks filter:
2026-04-28T08:10:30.4219854Z Checks queued: capture-failure-log / capture, e2e
2026-04-28T08:10:30.4220382Z Checks completed: capture-failure-log, cross-device-tests, connected-tests, test, web-lint-and-test, autofix, maybe-label
2026-04-28T08:10:30.4220887Z Checks in_progress: lint-and-test
2026-04-28T08:10:30.4221122Z Checks after check_name filter:
2026-04-28T08:10:30.4221377Z Checks queued: capture-failure-log / capture, e2e
2026-04-28T08:10:30.4221894Z Checks completed: capture-failure-log, cross-device-tests, connected-tests, test, web-lint-and-test, autofix, maybe-label
2026-04-28T08:10:30.4222382Z Checks in_progress: lint-and-test
2026-04-28T08:10:30.4222648Z Checks after Regexp filter:
2026-04-28T08:10:30.4222888Z Checks queued: capture-failure-log / capture, e2e
2026-04-28T08:10:30.4223398Z Checks completed: capture-failure-log, cross-device-tests, connected-tests, test, web-lint-and-test, autofix, maybe-label
2026-04-28T08:10:30.4223891Z Checks in_progress: lint-and-test
2026-04-28T08:10:30.4224213Z The requested checks aren't complete yet, will check back in 15 seconds...
2026-04-28T08:10:30.4224559Z Checks running on ref:
2026-04-28T08:10:30.4224794Z Checks queued: capture-failure-log / capture, e2e
2026-04-28T08:10:30.4225445Z Checks completed: capture-failure-log, cross-device-tests, connected-tests, test, web-lint-and-test, autofix, maybe-label
2026-04-28T08:10:30.4225976Z Checks in_progress: lint-and-test, Auto-merge
2026-04-28T08:10:30.4226241Z Checks after ignore checks filter:
2026-04-28T08:10:30.4226500Z Checks queued: capture-failure-log / capture, e2e
2026-04-28T08:10:30.4227206Z Checks completed: capture-failure-log, cross-device-tests, connected-tests, test, web-lint-and-test, autofix, maybe-label
2026-04-28T08:10:30.4227708Z Checks in_progress: lint-and-test
2026-04-28T08:10:30.4227949Z Checks after check_name filter:
2026-04-28T08:10:30.4228201Z Checks queued: capture-failure-log / capture, e2e
2026-04-28T08:10:30.4228702Z Checks completed: capture-failure-log, cross-device-tests, connected-tests, test, web-lint-and-test, autofix, maybe-label
2026-04-28T08:10:30.4229195Z Checks in_progress: lint-and-test
2026-04-28T08:10:30.4229421Z Checks after Regexp filter:
2026-04-28T08:10:30.4229656Z Checks queued: capture-failure-log / capture, e2e
2026-04-28T08:10:30.4230163Z Checks completed: capture-failure-log, cross-device-tests, connected-tests, test, web-lint-and-test, autofix, maybe-label
2026-04-28T08:10:30.4230648Z Checks in_progress: lint-and-test
2026-04-28T08:10:30.4230965Z The requested checks aren't complete yet, will check back in 15 seconds...
2026-04-28T08:10:30.4231302Z Checks running on ref:
2026-04-28T08:10:30.4231522Z Checks queued: capture-failure-log / capture, e2e
2026-04-28T08:10:30.4232028Z Checks completed: capture-failure-log, cross-device-tests, connected-tests, test, web-lint-and-test, autofix, maybe-label
2026-04-28T08:10:30.4232541Z Checks in_progress: lint-and-test, Auto-merge
2026-04-28T08:10:30.4232794Z Checks after ignore checks filter:
2026-04-28T08:10:30.4233046Z Checks queued: capture-failure-log / capture, e2e
2026-04-28T08:10:30.4233548Z Checks completed: capture-failure-log, cross-device-tests, connected-tests, test, web-lint-and-test, autofix, maybe-label
2026-04-28T08:10:30.4234040Z Checks in_progress: lint-and-test
2026-04-28T08:10:30.4234282Z Checks after check_name filter:
2026-04-28T08:10:30.4234537Z Checks queued: capture-failure-log / capture, e2e
2026-04-28T08:10:30.4235057Z Checks completed: capture-failure-log, cross-device-tests, connected-tests, test, web-lint-and-test, autofix, maybe-label
2026-04-28T08:10:30.4235552Z Checks in_progress: lint-and-test
2026-04-28T08:10:30.4235771Z Checks after Regexp filter:
2026-04-28T08:10:30.4236010Z Checks queued: capture-failure-log / capture, e2e
2026-04-28T08:10:30.4236505Z Checks completed: capture-failure-log, cross-device-tests, connected-tests, test, web-lint-and-test, autofix, maybe-label
2026-04-28T08:10:30.4237358Z Checks in_progress: lint-and-test
2026-04-28T08:10:30.4237691Z The requested checks aren't complete yet, will check back in 15 seconds...
2026-04-28T08:10:30.4238027Z Checks running on ref:
2026-04-28T08:10:30.4238260Z Checks queued: capture-failure-log / capture, e2e
2026-04-28T08:10:30.4238784Z Checks completed: capture-failure-log, cross-device-tests, connected-tests, test, web-lint-and-test, autofix, maybe-label
2026-04-28T08:10:30.4239310Z Checks in_progress: lint-and-test, Auto-merge
2026-04-28T08:10:30.4239576Z Checks after ignore checks filter:
2026-04-28T08:10:30.4239839Z Checks queued: capture-failure-log / capture, e2e
2026-04-28T08:10:30.4240343Z Checks completed: capture-failure-log, cross-device-tests, connected-tests, test, web-lint-and-test, autofix, maybe-label
2026-04-28T08:10:30.4240831Z Checks in_progress: lint-and-test
2026-04-28T08:10:30.4241053Z Checks after check_name filter:
2026-04-28T08:10:30.4241330Z Checks queued: capture-failure-log / capture, e2e
2026-04-28T08:10:30.4241834Z Checks completed: capture-failure-log, cross-device-tests, connected-tests, test, web-lint-and-test, autofix, maybe-label
2026-04-28T08:10:30.4242316Z Checks in_progress: lint-and-test
2026-04-28T08:10:30.4242537Z Checks after Regexp filter:
2026-04-28T08:10:30.4242781Z Checks queued: capture-failure-log / capture, e2e
2026-04-28T08:10:30.4243409Z Checks completed: capture-failure-log, cross-device-tests, connected-tests, test, web-lint-and-test, autofix, maybe-label
2026-04-28T08:10:30.4243906Z Checks in_progress: lint-and-test
2026-04-28T08:10:30.4244222Z The requested checks aren't complete yet, will check back in 15 seconds...
2026-04-28T08:10:30.4244550Z Checks running on ref:
2026-04-28T08:10:30.4244774Z Checks queued: capture-failure-log / capture, e2e
2026-04-28T08:10:30.4245273Z Checks completed: capture-failure-log, cross-device-tests, connected-tests, test, web-lint-and-test, autofix, maybe-label
2026-04-28T08:10:30.4245795Z Checks in_progress: lint-and-test, Auto-merge
2026-04-28T08:10:30.4246051Z Checks after ignore checks filter:
2026-04-28T08:10:30.4246296Z Checks queued: capture-failure-log / capture, e2e
2026-04-28T08:10:30.4247023Z Checks completed: capture-failure-log, cross-device-tests, connected-tests, test, web-lint-and-test, autofix, maybe-label
2026-04-28T08:10:30.4247522Z Checks in_progress: lint-and-test
2026-04-28T08:10:30.4247741Z Checks after check_name filter:
2026-04-28T08:10:30.4247991Z Checks queued: capture-failure-log / capture, e2e
2026-04-28T08:10:30.4248491Z Checks completed: capture-failure-log, cross-device-tests, connected-tests, test, web-lint-and-test, autofix, maybe-label
2026-04-28T08:10:30.4248973Z Checks in_progress: lint-and-test
2026-04-28T08:10:30.4249200Z Checks after Regexp filter:
2026-04-28T08:10:30.4249427Z Checks queued: capture-failure-log / capture, e2e
2026-04-28T08:10:30.4249924Z Checks completed: capture-failure-log, cross-device-tests, connected-tests, test, web-lint-and-test, autofix, maybe-label
2026-04-28T08:10:30.4250416Z Checks in_progress: lint-and-test
2026-04-28T08:10:30.4250721Z The requested checks aren't complete yet, will check back in 15 seconds...
2026-04-28T08:10:30.4251052Z Checks running on ref:
2026-04-28T08:10:30.4251273Z Checks queued: capture-failure-log / capture, e2e
2026-04-28T08:10:30.4251790Z Checks completed: capture-failure-log, cross-device-tests, connected-tests, test, web-lint-and-test, autofix, maybe-label
2026-04-28T08:10:30.4252341Z Checks in_progress: lint-and-test, Auto-merge
2026-04-28T08:10:30.4252601Z Checks after ignore checks filter:
2026-04-28T08:10:30.4252863Z Checks queued: capture-failure-log / capture, e2e
2026-04-28T08:10:30.4253378Z Checks completed: capture-failure-log, cross-device-tests, connected-tests, test, web-lint-and-test, autofix, maybe-label
2026-04-28T08:10:30.4253884Z Checks in_progress: lint-and-test
2026-04-28T08:10:30.4254118Z Checks after check_name filter:
2026-04-28T08:10:30.4254513Z Checks queued: capture-failure-log / capture, e2e
2026-04-28T08:10:30.4255063Z Checks completed: capture-failure-log, cross-device-tests, connected-tests, test, web-lint-and-test, autofix, maybe-label
2026-04-28T08:10:30.4255575Z Checks in_progress: lint-and-test
2026-04-28T08:10:30.4255807Z Checks after Regexp filter:
2026-04-28T08:10:30.4256065Z Checks queued: capture-failure-log / capture, e2e
2026-04-28T08:10:30.4256595Z Checks completed: capture-failure-log, cross-device-tests, connected-tests, test, web-lint-and-test, autofix, maybe-label
2026-04-28T08:10:30.4257340Z Checks in_progress: lint-and-test
2026-04-28T08:10:30.4257678Z The requested checks aren't complete yet, will check back in 15 seconds...
2026-04-28T08:10:30.4258028Z Checks running on ref:
2026-04-28T08:10:30.4258608Z Checks completed: capture-failure-log, capture-failure-log, cross-device-tests, connected-tests, test, web-lint-and-test, autofix, lint-and-test, maybe-label
2026-04-28T08:10:30.4259266Z Checks queued: capture-failure-log / capture, e2e
2026-04-28T08:10:30.4259558Z Checks in_progress: Auto-merge
2026-04-28T08:10:30.4259788Z Checks after ignore checks filter:
2026-04-28T08:11:32.2826930Z Checks completed: capture-failure-log, capture-failure-log, cross-device-tests, connected-tests, test, web-lint-and-test, autofix, lint-and-test, maybe-label
2026-04-28T08:11:32.2827846Z Checks queued: capture-failure-log / capture, e2e
2026-04-28T08:11:32.2828274Z Checks after check_name filter:
2026-04-28T08:11:32.2829742Z Checks completed: capture-failure-log, capture-failure-log, cross-device-tests, connected-tests, test, web-lint-and-test, autofix, lint-and-test, maybe-label
2026-04-28T08:11:32.2830870Z Checks queued: capture-failure-log / capture, e2e
2026-04-28T08:11:32.2831303Z Checks after Regexp filter:
2026-04-28T08:11:32.2832294Z Checks completed: capture-failure-log, capture-failure-log, cross-device-tests, connected-tests, test, web-lint-and-test, autofix, lint-and-test, maybe-label
2026-04-28T08:11:32.2833012Z Checks queued: capture-failure-log / capture, e2e
2026-04-28T08:11:32.2833395Z The requested checks aren't complete yet, will check back in 15 seconds...
2026-04-28T08:11:32.2833743Z Checks running on ref:
2026-04-28T08:11:32.2834303Z Checks completed: capture-failure-log, capture-failure-log, cross-device-tests, connected-tests, test, web-lint-and-test, autofix, lint-and-test, maybe-label
2026-04-28T08:11:32.2834930Z Checks queued: capture-failure-log / capture, e2e
2026-04-28T08:11:32.2835209Z Checks in_progress: Auto-merge
2026-04-28T08:11:32.2835453Z Checks after ignore checks filter:
2026-04-28T08:11:32.2836060Z Checks completed: capture-failure-log, capture-failure-log, cross-device-tests, connected-tests, test, web-lint-and-test, autofix, lint-and-test, maybe-label
2026-04-28T08:11:32.2836896Z Checks queued: capture-failure-log / capture, e2e
2026-04-28T08:11:32.2837230Z Checks after check_name filter:
2026-04-28T08:11:32.2837816Z Checks completed: capture-failure-log, capture-failure-log, cross-device-tests, connected-tests, test, web-lint-and-test, autofix, lint-and-test, maybe-label
2026-04-28T08:11:32.2838474Z Checks queued: capture-failure-log / capture, e2e
2026-04-28T08:11:32.2838737Z Checks after Regexp filter:
2026-04-28T08:11:32.2839308Z Checks completed: capture-failure-log, capture-failure-log, cross-device-tests, connected-tests, test, web-lint-and-test, autofix, lint-and-test, maybe-label
2026-04-28T08:11:32.2839932Z Checks queued: capture-failure-log / capture, e2e
2026-04-28T08:11:32.2840307Z The requested checks aren't complete yet, will check back in 15 seconds...
2026-04-28T08:11:32.2840645Z Checks running on ref:
2026-04-28T08:11:32.2841203Z Checks completed: capture-failure-log, capture-failure-log, cross-device-tests, connected-tests, test, web-lint-and-test, autofix, lint-and-test, maybe-label
2026-04-28T08:11:32.2841833Z Checks queued: capture-failure-log / capture, e2e
2026-04-28T08:11:32.2842104Z Checks in_progress: Auto-merge
2026-04-28T08:11:32.2842328Z Checks after ignore checks filter:
2026-04-28T08:11:32.2843095Z Checks completed: capture-failure-log, capture-failure-log, cross-device-tests, connected-tests, test, web-lint-and-test, autofix, lint-and-test, maybe-label
2026-04-28T08:11:32.2843721Z Checks queued: capture-failure-log / capture, e2e
2026-04-28T08:11:32.2843977Z Checks after check_name filter:
2026-04-28T08:11:32.2844561Z Checks completed: capture-failure-log, capture-failure-log, cross-device-tests, connected-tests, test, web-lint-and-test, autofix, lint-and-test, maybe-label
2026-04-28T08:11:32.2845196Z Checks queued: capture-failure-log / capture, e2e
2026-04-28T08:11:32.2845461Z Checks after Regexp filter:
2026-04-28T08:11:32.2846046Z Checks completed: capture-failure-log, capture-failure-log, cross-device-tests, connected-tests, test, web-lint-and-test, autofix, lint-and-test, maybe-label
2026-04-28T08:11:32.2846686Z Checks queued: capture-failure-log / capture, e2e
2026-04-28T08:11:32.2847263Z The requested checks aren't complete yet, will check back in 15 seconds...
2026-04-28T08:11:32.2856396Z Checks running on ref:
2026-04-28T08:11:32.2857626Z Checks completed: capture-failure-log, capture-failure-log, e2e, capture-failure-log, cross-device-tests, connected-tests, test, web-lint-and-test, autofix, lint-and-test, maybe-label
2026-04-28T08:11:32.2858415Z Checks queued: capture-failure-log / capture
2026-04-28T08:11:32.2858697Z Checks in_progress: Auto-merge
2026-04-28T08:11:32.2858936Z Checks after ignore checks filter:
2026-04-28T08:11:32.2859848Z Checks completed: capture-failure-log, capture-failure-log, e2e, capture-failure-log, cross-device-tests, connected-tests, test, web-lint-and-test, autofix, lint-and-test, maybe-label
2026-04-28T08:11:32.2860612Z Checks queued: capture-failure-log / capture
2026-04-28T08:11:32.2860875Z Checks after check_name filter:
2026-04-28T08:11:32.2861559Z Checks completed: capture-failure-log, capture-failure-log, e2e, capture-failure-log, cross-device-tests, connected-tests, test, web-lint-and-test, autofix, lint-and-test, maybe-label
2026-04-28T08:11:32.2862316Z Checks queued: capture-failure-log / capture
2026-04-28T08:11:32.2862572Z Checks after Regexp filter:
2026-04-28T08:11:32.2863228Z Checks completed: capture-failure-log, capture-failure-log, e2e, capture-failure-log, cross-device-tests, connected-tests, test, web-lint-and-test, autofix, lint-and-test, maybe-label
2026-04-28T08:11:32.2863928Z Checks queued: capture-failure-log / capture
2026-04-28T08:11:32.2864276Z The requested checks aren't complete yet, will check back in 15 seconds...
2026-04-28T08:11:32.2864626Z Checks running on ref:
2026-04-28T08:11:32.2865377Z Checks completed: capture-failure-log, capture-failure-log, capture-failure-log / capture, e2e, capture-failure-log, cross-device-tests, connected-tests, test, web-lint-and-test, autofix, lint-and-test, maybe-label
2026-04-28T08:11:32.2866162Z Checks in_progress: Auto-merge
2026-04-28T08:11:32.2866397Z Checks after ignore checks filter:
2026-04-28T08:11:32.2867419Z Checks completed: capture-failure-log, capture-failure-log, capture-failure-log / capture, e2e, capture-failure-log, cross-device-tests, connected-tests, test, web-lint-and-test, autofix, lint-and-test, maybe-label
2026-04-28T08:11:32.2868212Z Checks after check_name filter:
2026-04-28T08:11:32.2868975Z Checks completed: capture-failure-log, capture-failure-log, capture-failure-log / capture, e2e, capture-failure-log, cross-device-tests, connected-tests, test, web-lint-and-test, autofix, lint-and-test, maybe-label
2026-04-28T08:11:32.2869757Z Checks after Regexp filter:
2026-04-28T08:11:32.2870503Z Checks completed: capture-failure-log, capture-failure-log, capture-failure-log / capture, e2e, capture-failure-log, cross-device-tests, connected-tests, test, web-lint-and-test, autofix, lint-and-test, maybe-label
2026-04-28T08:11:32.2871279Z Checks completed:
2026-04-28T08:11:32.2871492Z capture-failure-log: completed (skipped)
2026-04-28T08:11:32.2871751Z capture-failure-log: completed (skipped)
2026-04-28T08:11:32.2872039Z capture-failure-log / capture: completed (cancelled)
2026-04-28T08:11:32.2872462Z e2e: completed (success)
2026-04-28T08:11:32.2872688Z capture-failure-log: completed (skipped)
2026-04-28T08:11:32.2872947Z cross-device-tests: completed (failure)
2026-04-28T08:11:32.2873205Z connected-tests: completed (failure)
2026-04-28T08:11:32.2873452Z test: completed (success)
2026-04-28T08:11:32.2873675Z web-lint-and-test: completed (success)
2026-04-28T08:11:32.2873935Z autofix: completed (cancelled)
2026-04-28T08:11:32.2874174Z lint-and-test: completed (cancelled)
2026-04-28T08:11:32.2874424Z maybe-label: completed (success)
2026-04-28T08:11:32.2875059Z The conclusion of one or more checks were not allowed. Allowed conclusions are: success, skipped, neutral. This can be configured with the 'allowed-conclusions' param.
2026-04-28T08:11:32.2970117Z ##[error]Process completed with exit code 1.
2026-04-28T08:11:32.3077123Z Post job cleanup.
2026-04-28T08:11:32.3135369Z Cleaning up orphan processes
2026-04-28T08:11:32.3413220Z ##[warning]Node.js 20 actions are deprecated. The following actions are running on Node.js 20 and may not work as expected: actions/cache@v4. Actions will be forced to run with Node.js 24 by default starting June 2nd, 2026. Node.js 20 will be removed from the runner on September 16th, 2026. Please check if updated versions of these actions are available that support Node.js 24. To opt into Node.js 24 now, set the FORCE_JAVASCRIPT_ACTIONS_TO_NODE24=true environment variable on the runner or in your workflow file. Once Node.js 24 becomes the default, you can temporarily opt out by setting ACTIONS_ALLOW_USE_UNSECURE_NODE_VERSION=true. For more information see: https://github.blog/changelog/2025-09-19-deprecation-of-node-20-on-github-actions-runners/
