=== CI FAILURE ===
Workflow:      Auto-merge & Release
Workflow file: averycorp/prismTask/.github/workflows/auto-merge.yml@refs/pull/916/merge
Job(s):        Auto-merge
Run ID:        25073158933
Run attempt:   1
Run URL:       https://github.com/averycorp/prismTask/actions/runs/25073158933
Commit:        2ae00b1f09540015da51a5416e4a55e188d97e1c
Branch:        916/merge
Event:         pull_request
Actor:         akarlin3
Runner OS:     Linux
Timestamp:     2026-04-28T19:30:10.773Z

Failed steps:
  - Auto-merge: #4 Wait for all other CI checks to pass

=== FAILED JOB LOG ===

--- Job: Auto-merge (id 73458666962) ---
2026-04-28T19:26:14.3555602Z Current runner version: '2.334.0'
2026-04-28T19:26:14.3580015Z ##[group]Runner Image Provisioner
2026-04-28T19:26:14.3580965Z Hosted Compute Agent
2026-04-28T19:26:14.3581510Z Version: 20260422.526
2026-04-28T19:26:14.3582131Z Commit: e1a9e573f4d0838b3a7c1b07401aeb29ed3635a9
2026-04-28T19:26:14.3582973Z Build Date: 2026-04-22T09:31:31Z
2026-04-28T19:26:14.3583675Z Worker ID: {d305d55b-07ba-4cf0-baa2-bd09c1a1086b}
2026-04-28T19:26:14.3584547Z Azure Region: westcentralus
2026-04-28T19:26:14.3585171Z ##[endgroup]
2026-04-28T19:26:14.3586488Z ##[group]Operating System
2026-04-28T19:26:14.3587093Z Ubuntu
2026-04-28T19:26:14.3587625Z 24.04.4
2026-04-28T19:26:14.3588115Z LTS
2026-04-28T19:26:14.3588563Z ##[endgroup]
2026-04-28T19:26:14.3589131Z ##[group]Runner Image
2026-04-28T19:26:14.3589709Z Image: ubuntu-24.04
2026-04-28T19:26:14.3590238Z Version: 20260426.100.1
2026-04-28T19:26:14.3591514Z Included Software: https://github.com/actions/runner-images/blob/ubuntu24/20260426.100/images/ubuntu/Ubuntu2404-Readme.md
2026-04-28T19:26:14.3592954Z Image Release: https://github.com/actions/runner-images/releases/tag/ubuntu24%2F20260426.100
2026-04-28T19:26:14.3594183Z ##[endgroup]
2026-04-28T19:26:14.3595530Z ##[group]GITHUB_TOKEN Permissions
2026-04-28T19:26:14.3597531Z Actions: read
2026-04-28T19:26:14.3598047Z Checks: read
2026-04-28T19:26:14.3598566Z Contents: write
2026-04-28T19:26:14.3599155Z Metadata: read
2026-04-28T19:26:14.3599641Z PullRequests: write
2026-04-28T19:26:14.3600223Z ##[endgroup]
2026-04-28T19:26:14.3602272Z Secret source: Actions
2026-04-28T19:26:14.3603030Z Prepare workflow directory
2026-04-28T19:26:14.4035952Z Prepare all required actions
2026-04-28T19:26:14.4072610Z Getting action download info
2026-04-28T19:26:14.8315956Z Download action repository 'lewagon/wait-on-check-action@ccfb013c15c8afb7bf2b7c028fb74dc5a068cccc' (SHA:ccfb013c15c8afb7bf2b7c028fb74dc5a068cccc)
2026-04-28T19:26:15.5085747Z Getting action download info
2026-04-28T19:26:15.7353634Z Download action repository 'ruby/setup-ruby@v1' (SHA:c4e5b1316158f92e3d49443a9d58b31d25ac0f8f)
2026-04-28T19:26:16.4842849Z Download action repository 'actions/cache@v4' (SHA:0057852bfaa89a56745cba8c7296529d2fc39830)
2026-04-28T19:26:16.6540577Z Complete job name: Auto-merge
2026-04-28T19:26:16.7351938Z ##[group]Run set -euo pipefail
2026-04-28T19:26:16.7353141Z [36;1mset -euo pipefail[0m
2026-04-28T19:26:16.7354742Z [36;1m# Audit item #5 — poll check-runs for up to 60s instead of a bare[0m
2026-04-28T19:26:16.7356502Z [36;1m# 20s sleep. On a busy runner cohort the initial 20s wasn't enough[0m
2026-04-28T19:26:16.7358275Z [36;1m# for the API to reflect queued workflow runs, which could merge[0m
2026-04-28T19:26:16.7359986Z [36;1m# PRs without waiting for CI. Bail out early as soon as ≥1 real[0m
2026-04-28T19:26:16.7361369Z [36;1m# check shows up.[0m
2026-04-28T19:26:16.7362258Z [36;1mCOUNT=0[0m
2026-04-28T19:26:16.7363062Z [36;1mfor i in $(seq 1 6); do[0m
2026-04-28T19:26:16.7364158Z [36;1m  sleep 10[0m
2026-04-28T19:26:16.7365302Z [36;1m  COUNT=$(gh api "repos/$REPO/commits/$HEAD_SHA/check-runs" \[0m
2026-04-28T19:26:16.7366997Z [36;1m    --jq '[.check_runs[] | select(.name != "Auto-merge")] | length')[0m
2026-04-28T19:26:16.7368441Z [36;1m  if [ "$COUNT" -gt 0 ]; then[0m
2026-04-28T19:26:16.7369730Z [36;1m    echo "Found $COUNT non-Auto-merge check(s) after ${i}0s"[0m
2026-04-28T19:26:16.7371024Z [36;1m    break[0m
2026-04-28T19:26:16.7371816Z [36;1m  fi[0m
2026-04-28T19:26:16.7372780Z [36;1m  echo "No non-Auto-merge checks yet (attempt $i/6)"[0m
2026-04-28T19:26:16.7374094Z [36;1mdone[0m
2026-04-28T19:26:16.7374868Z [36;1mif [ "$COUNT" -gt 0 ]; then[0m
2026-04-28T19:26:16.7375937Z [36;1m  echo "has_ci=true" >> "$GITHUB_OUTPUT"[0m
2026-04-28T19:26:16.7376988Z [36;1melse[0m
2026-04-28T19:26:16.7377826Z [36;1m  echo "has_ci=false" >> "$GITHUB_OUTPUT"[0m
2026-04-28T19:26:16.7379282Z [36;1m  echo "No CI checks on this PR after 60s — will merge without waiting."[0m
2026-04-28T19:26:16.7380649Z [36;1mfi[0m
2026-04-28T19:26:16.7496158Z shell: /usr/bin/bash -e {0}
2026-04-28T19:26:16.7497370Z env:
2026-04-28T19:26:16.7498077Z   WAIT_INTERVAL: 15
2026-04-28T19:26:16.7499511Z   GH_TOKEN: ***
2026-04-28T19:26:16.7500441Z   HEAD_SHA: 8d415a2bc99be4837507993fe6fa3b9174b423bd
2026-04-28T19:26:16.7501775Z   REPO: averycorp/prismTask
2026-04-28T19:26:16.7502650Z ##[endgroup]
2026-04-28T19:26:27.4679616Z Found 9 non-Auto-merge check(s) after 10s
2026-04-28T19:26:27.4803647Z ##[group]Run set -euo pipefail
2026-04-28T19:26:27.4804326Z [36;1mset -euo pipefail[0m
2026-04-28T19:26:27.4804797Z [36;1mREQUIRED=$(gh api "repos/$REPO/branches/main/protection/required_status_checks" \[0m
2026-04-28T19:26:27.4805327Z [36;1m  --jq '.contexts[]' 2>/dev/null || true)[0m
2026-04-28T19:26:27.4805666Z [36;1mif [ -z "$REQUIRED" ]; then[0m
2026-04-28T19:26:27.4806222Z [36;1m  echo "::warning::Could not query branch protection (likely a permission issue) — using hardcoded fallback list."[0m
2026-04-28T19:26:27.4806787Z [36;1m  REQUIRED="$FALLBACK_REQUIRED"[0m
2026-04-28T19:26:27.4807110Z [36;1mfi[0m
2026-04-28T19:26:27.4807429Z [36;1m# Strip Auto-merge from the required list so we don't wait on[0m
2026-04-28T19:26:27.4807892Z [36;1m# ourselves (it's listed because we ARE the running workflow).[0m
2026-04-28T19:26:27.4808479Z [36;1mREQUIRED=$(echo "$REQUIRED" | grep -vE '^\s*Auto-merge\s*$' | grep -vE '^\s*$' || true)[0m
2026-04-28T19:26:27.4808981Z [36;1mif [ -z "$REQUIRED" ]; then[0m
2026-04-28T19:26:27.4809363Z [36;1m  echo "No required checks beyond Auto-merge; skipping queue wait."[0m
2026-04-28T19:26:27.4809765Z [36;1m  exit 0[0m
2026-04-28T19:26:27.4810034Z [36;1mfi[0m
2026-04-28T19:26:27.4810319Z [36;1mecho "Waiting until these required checks queue:"[0m
2026-04-28T19:26:27.4810687Z [36;1mecho "$REQUIRED" | sed 's/^/  /'[0m
2026-04-28T19:26:27.4811089Z [36;1m# Audit PR #876 → CI pathway efficiency: this loop was burning[0m
2026-04-28T19:26:27.4811553Z [36;1m# ~315s/PR (PR #874 run 25035518360 + PR #873 run 25035513300)[0m
2026-04-28T19:26:27.4812018Z [36;1m# while underlying required checks were observably complete in[0m
2026-04-28T19:26:27.4812501Z [36;1m# ~30s. Mean job wall-clock was 343s with std-dev ~7s across 10[0m
2026-04-28T19:26:27.4812969Z [36;1m# runs — i.e. the loop almost always ran to its 5-minute ceiling.[0m
2026-04-28T19:26:27.4813410Z [36;1m# Two compensating mitigations + diagnostics:[0m
2026-04-28T19:26:27.4813743Z [36;1m#[0m
2026-04-28T19:26:27.4814207Z [36;1m#   (a) Cap dropped 30 → 18 attempts at 5s interval = 90s ceiling[0m
2026-04-28T19:26:27.4814641Z [36;1m#       (still > 2× the 43s race window from PR #804).[0m
2026-04-28T19:26:27.4815075Z [36;1m#   (b) Poll interval dropped 10s → 5s for faster detection.[0m
2026-04-28T19:26:27.4815548Z [36;1m#   (c) Per-iteration diagnostic prints MISSING + visible CHECK_RUNS[0m
2026-04-28T19:26:27.4816076Z [36;1m#       so future investigation can pinpoint the matching mismatch[0m
2026-04-28T19:26:27.4816566Z [36;1m#       (the immediate root-cause was not yet identified — the[0m
2026-04-28T19:26:27.4817028Z [36;1m#       MISSING list never empties even though CHECK_RUNS clearly[0m
2026-04-28T19:26:27.4817489Z [36;1m#       contains every REQUIRED name. Likely a trim/encoding edge[0m
2026-04-28T19:26:27.4818006Z [36;1m#       case in the comparison loop, but observability beats[0m
2026-04-28T19:26:27.4818399Z [36;1m#       guessing).[0m
2026-04-28T19:26:27.4818695Z [36;1mfor attempt in $(seq 1 18); do[0m
2026-04-28T19:26:27.4819108Z [36;1m  CHECK_RUNS=$(gh api --paginate "repos/$REPO/commits/$HEAD_SHA/check-runs" \[0m
2026-04-28T19:26:27.4819564Z [36;1m    --jq '.check_runs[].name' | sort -u)[0m
2026-04-28T19:26:27.4819904Z [36;1m  MISSING=""[0m
2026-04-28T19:26:27.4820160Z [36;1m  while IFS= read -r req; do[0m
2026-04-28T19:26:27.4820462Z [36;1m    [ -z "$req" ] && continue[0m
2026-04-28T19:26:27.4820769Z [36;1m    req_trimmed=$(echo "$req" | xargs)[0m
2026-04-28T19:26:27.4821140Z [36;1m    if ! echo "$CHECK_RUNS" | grep -qxF "$req_trimmed"; then[0m
2026-04-28T19:26:27.4821755Z [36;1m      MISSING="$MISSING $req_trimmed"[0m
2026-04-28T19:26:27.4822045Z [36;1m    fi[0m
2026-04-28T19:26:27.4822281Z [36;1m  done <<< "$REQUIRED"[0m
2026-04-28T19:26:27.4822566Z [36;1m  if [ -z "$MISSING" ]; then[0m
2026-04-28T19:26:27.4823015Z [36;1m    echo "All required checks have queued after attempt $attempt (~$((attempt * 5))s)."[0m
2026-04-28T19:26:27.4823651Z [36;1m    exit 0[0m
2026-04-28T19:26:27.4824068Z [36;1m  fi[0m
2026-04-28T19:26:27.4824358Z [36;1m  echo "Attempt $attempt/18 — still missing:$MISSING"[0m
2026-04-28T19:26:27.4824838Z [36;1m  echo "  Visible check-runs: $(echo "$CHECK_RUNS" | tr '\n' ',' | sed 's/,$//')"[0m
2026-04-28T19:26:27.4825258Z [36;1m  sleep 5[0m
2026-04-28T19:26:27.4825494Z [36;1mdone[0m
2026-04-28T19:26:27.4825991Z [36;1mecho "::warning::Some required checks never queued after 90s:$MISSING — proceeding to wait-on-check-action anyway."[0m
2026-04-28T19:26:27.4888398Z shell: /usr/bin/bash -e {0}
2026-04-28T19:26:27.4888692Z env:
2026-04-28T19:26:27.4888914Z   WAIT_INTERVAL: 15
2026-04-28T19:26:27.4889575Z   GH_TOKEN: ***
2026-04-28T19:26:27.4889851Z   HEAD_SHA: 8d415a2bc99be4837507993fe6fa3b9174b423bd
2026-04-28T19:26:27.4890200Z   REPO: averycorp/prismTask
2026-04-28T19:26:27.4890595Z   FALLBACK_REQUIRED: lint-and-test
connected-tests
test
web-lint-and-test

2026-04-28T19:26:27.4891047Z ##[endgroup]
2026-04-28T19:26:27.7816909Z Waiting until these required checks queue:
2026-04-28T19:26:27.7831341Z   {"message":"Resource not accessible by integration","documentation_url":"https://docs.github.com/rest/branches/branch-protection#get-status-checks-protection","status":"403"}
2026-04-28T19:26:28.3860944Z Attempt 1/18 — still missing: {message:Resource not accessible by integration,documentation_url:https://docs.github.com/rest/branches/branch-protection#get-status-checks-protection,status:403}
2026-04-28T19:26:28.3883736Z   Visible check-runs: Auto-merge,autofix,capture-failure-log,connected-tests,cross-device-tests,e2e,lint-and-test,maybe-label,test,web-lint-and-test
2026-04-28T19:26:34.0184028Z Attempt 2/18 — still missing: {message:Resource not accessible by integration,documentation_url:https://docs.github.com/rest/branches/branch-protection#get-status-checks-protection,status:403}
2026-04-28T19:26:34.0209088Z   Visible check-runs: Auto-merge,autofix,capture-failure-log,connected-tests,cross-device-tests,e2e,lint-and-test,maybe-label,test,web-lint-and-test
2026-04-28T19:26:39.5820923Z Attempt 3/18 — still missing: {message:Resource not accessible by integration,documentation_url:https://docs.github.com/rest/branches/branch-protection#get-status-checks-protection,status:403}
2026-04-28T19:26:39.5842561Z   Visible check-runs: Auto-merge,autofix,capture-failure-log,connected-tests,cross-device-tests,e2e,lint-and-test,maybe-label,test,web-lint-and-test
2026-04-28T19:26:45.3316591Z Attempt 4/18 — still missing: {message:Resource not accessible by integration,documentation_url:https://docs.github.com/rest/branches/branch-protection#get-status-checks-protection,status:403}
2026-04-28T19:26:45.3338813Z   Visible check-runs: Auto-merge,autofix,capture-failure-log,connected-tests,cross-device-tests,e2e,lint-and-test,maybe-label,test,web-lint-and-test
2026-04-28T19:26:50.9250145Z Attempt 5/18 — still missing: {message:Resource not accessible by integration,documentation_url:https://docs.github.com/rest/branches/branch-protection#get-status-checks-protection,status:403}
2026-04-28T19:26:50.9272707Z   Visible check-runs: Auto-merge,autofix,capture-failure-log,connected-tests,cross-device-tests,e2e,lint-and-test,maybe-label,test,web-lint-and-test
2026-04-28T19:26:56.5032492Z Attempt 6/18 — still missing: {message:Resource not accessible by integration,documentation_url:https://docs.github.com/rest/branches/branch-protection#get-status-checks-protection,status:403}
2026-04-28T19:26:56.5055900Z   Visible check-runs: Auto-merge,autofix,capture-failure-log,connected-tests,cross-device-tests,e2e,lint-and-test,maybe-label,test,web-lint-and-test
2026-04-28T19:27:02.1260335Z Attempt 7/18 — still missing: {message:Resource not accessible by integration,documentation_url:https://docs.github.com/rest/branches/branch-protection#get-status-checks-protection,status:403}
2026-04-28T19:27:02.1283129Z   Visible check-runs: Auto-merge,autofix,capture-failure-log,connected-tests,cross-device-tests,e2e,lint-and-test,maybe-label,test,web-lint-and-test
2026-04-28T19:27:07.6809646Z Attempt 8/18 — still missing: {message:Resource not accessible by integration,documentation_url:https://docs.github.com/rest/branches/branch-protection#get-status-checks-protection,status:403}
2026-04-28T19:27:07.6831979Z   Visible check-runs: Auto-merge,autofix,capture-failure-log,connected-tests,cross-device-tests,e2e,lint-and-test,maybe-label,test,web-lint-and-test
2026-04-28T19:27:13.3233456Z Attempt 9/18 — still missing: {message:Resource not accessible by integration,documentation_url:https://docs.github.com/rest/branches/branch-protection#get-status-checks-protection,status:403}
2026-04-28T19:27:13.3260715Z   Visible check-runs: Auto-merge,autofix,capture-failure-log,connected-tests,cross-device-tests,e2e,lint-and-test,maybe-label,test,web-lint-and-test
2026-04-28T19:27:18.8926263Z Attempt 10/18 — still missing: {message:Resource not accessible by integration,documentation_url:https://docs.github.com/rest/branches/branch-protection#get-status-checks-protection,status:403}
2026-04-28T19:27:18.8953160Z   Visible check-runs: Auto-merge,autofix,capture-failure-log,connected-tests,cross-device-tests,e2e,lint-and-test,maybe-label,test,web-lint-and-test
2026-04-28T19:27:24.5552061Z Attempt 11/18 — still missing: {message:Resource not accessible by integration,documentation_url:https://docs.github.com/rest/branches/branch-protection#get-status-checks-protection,status:403}
2026-04-28T19:27:24.5576816Z   Visible check-runs: Auto-merge,autofix,capture-failure-log,connected-tests,cross-device-tests,e2e,lint-and-test,maybe-label,test,web-lint-and-test
2026-04-28T19:27:30.1308064Z Attempt 12/18 — still missing: {message:Resource not accessible by integration,documentation_url:https://docs.github.com/rest/branches/branch-protection#get-status-checks-protection,status:403}
2026-04-28T19:27:30.1331787Z   Visible check-runs: Auto-merge,autofix,capture-failure-log,connected-tests,cross-device-tests,e2e,lint-and-test,maybe-label,test,web-lint-and-test
2026-04-28T19:27:35.7520584Z Attempt 13/18 — still missing: {message:Resource not accessible by integration,documentation_url:https://docs.github.com/rest/branches/branch-protection#get-status-checks-protection,status:403}
2026-04-28T19:27:35.7544722Z   Visible check-runs: Auto-merge,autofix,capture-failure-log,connected-tests,cross-device-tests,e2e,lint-and-test,maybe-label,test,web-lint-and-test
2026-04-28T19:27:41.3514664Z Attempt 14/18 — still missing: {message:Resource not accessible by integration,documentation_url:https://docs.github.com/rest/branches/branch-protection#get-status-checks-protection,status:403}
2026-04-28T19:27:41.3536179Z   Visible check-runs: Auto-merge,autofix,capture-failure-log,connected-tests,cross-device-tests,e2e,lint-and-test,maybe-label,test,web-lint-and-test
2026-04-28T19:27:46.9765748Z Attempt 15/18 — still missing: {message:Resource not accessible by integration,documentation_url:https://docs.github.com/rest/branches/branch-protection#get-status-checks-protection,status:403}
2026-04-28T19:27:46.9789423Z   Visible check-runs: Auto-merge,autofix,capture-failure-log,connected-tests,cross-device-tests,e2e,lint-and-test,maybe-label,test,web-lint-and-test
2026-04-28T19:27:52.5113414Z Attempt 16/18 — still missing: {message:Resource not accessible by integration,documentation_url:https://docs.github.com/rest/branches/branch-protection#get-status-checks-protection,status:403}
2026-04-28T19:27:52.5136037Z   Visible check-runs: Auto-merge,autofix,capture-failure-log,connected-tests,cross-device-tests,e2e,lint-and-test,maybe-label,test,web-lint-and-test
2026-04-28T19:27:58.0870527Z Attempt 17/18 — still missing: {message:Resource not accessible by integration,documentation_url:https://docs.github.com/rest/branches/branch-protection#get-status-checks-protection,status:403}
2026-04-28T19:27:58.0893108Z   Visible check-runs: Auto-merge,autofix,capture-failure-log,connected-tests,cross-device-tests,e2e,lint-and-test,maybe-label,test,web-lint-and-test
2026-04-28T19:28:03.7826734Z Attempt 18/18 — still missing: {message:Resource not accessible by integration,documentation_url:https://docs.github.com/rest/branches/branch-protection#get-status-checks-protection,status:403}
2026-04-28T19:28:03.7848685Z   Visible check-runs: Auto-merge,autofix,capture-failure-log,connected-tests,cross-device-tests,e2e,lint-and-test,maybe-label,test,web-lint-and-test
2026-04-28T19:28:08.7898698Z ##[warning]Some required checks never queued after 90s: {message:Resource not accessible by integration,documentation_url:https://docs.github.com/rest/branches/branch-protection#get-status-checks-protection,status:403} — proceeding to wait-on-check-action anyway.
2026-04-28T19:28:08.8119019Z ##[group]Run lewagon/wait-on-check-action@ccfb013c15c8afb7bf2b7c028fb74dc5a068cccc
2026-04-28T19:28:08.8119444Z with:
2026-04-28T19:28:08.8119663Z   ref: 8d415a2bc99be4837507993fe6fa3b9174b423bd
2026-04-28T19:28:08.8119952Z   running-workflow-name: Auto-merge
2026-04-28T19:28:08.8120439Z   repo-token: ***
2026-04-28T19:28:08.8120640Z   wait-interval: 15
2026-04-28T19:28:08.8120873Z   allowed-conclusions: success,skipped,neutral
2026-04-28T19:28:08.8121141Z   verbose: true
2026-04-28T19:28:08.8121346Z env:
2026-04-28T19:28:08.8121501Z   WAIT_INTERVAL: 15
2026-04-28T19:28:08.8121682Z ##[endgroup]
2026-04-28T19:28:08.8250101Z ##[group]Run ruby/setup-ruby@v1
2026-04-28T19:28:08.8250361Z with:
2026-04-28T19:28:08.8250541Z   ruby-version: 3.2
2026-04-28T19:28:08.8250746Z   bundler-cache: false
2026-04-28T19:28:08.8251088Z   token: ***
2026-04-28T19:28:08.8251261Z env:
2026-04-28T19:28:08.8251428Z   WAIT_INTERVAL: 15
2026-04-28T19:28:08.8251612Z ##[endgroup]
2026-04-28T19:28:08.9703524Z ##[group]Modifying PATH
2026-04-28T19:28:08.9704157Z Entries added to PATH to use selected Ruby:
2026-04-28T19:28:08.9704612Z   /opt/hostedtoolcache/Ruby/3.2.11/x64/bin
2026-04-28T19:28:08.9708562Z ##[endgroup]
2026-04-28T19:28:08.9709333Z ##[group]Print Ruby version
2026-04-28T19:28:08.9797925Z [command]/opt/hostedtoolcache/Ruby/3.2.11/x64/bin/ruby --version
2026-04-28T19:28:10.1536088Z ruby 3.2.11 (2026-03-27 revision 5483bfc1ae) [x86_64-linux]
2026-04-28T19:28:10.1579337Z Took   1.19 seconds
2026-04-28T19:28:10.1580127Z ##[endgroup]
2026-04-28T19:28:10.1582046Z ##[group]Installing Bundler
2026-04-28T19:28:10.1586145Z Using Bundler shipped with ruby-3.2.11
2026-04-28T19:28:10.1587287Z Took   0.00 seconds
2026-04-28T19:28:10.1588039Z ##[endgroup]
2026-04-28T19:28:10.2261679Z ##[group]Run actions/cache@v4
2026-04-28T19:28:10.2261946Z with:
2026-04-28T19:28:10.2262377Z   path: /home/runner/work/_actions/lewagon/wait-on-check-action/ccfb013c15c8afb7bf2b7c028fb74dc5a068cccc
2026-04-28T19:28:10.2262880Z   key: Linux-gems-
2026-04-28T19:28:10.2263080Z   restore-keys: Linux-gems-
2026-04-28T19:28:10.2263308Z   enableCrossOsArchive: false
2026-04-28T19:28:10.2263541Z   fail-on-cache-miss: false
2026-04-28T19:28:10.2263747Z   lookup-only: false
2026-04-28T19:28:10.2264240Z   save-always: false
2026-04-28T19:28:10.2264418Z env:
2026-04-28T19:28:10.2264578Z   WAIT_INTERVAL: 15
2026-04-28T19:28:10.2264759Z ##[endgroup]
2026-04-28T19:28:10.5680963Z Cache not found for input keys: Linux-gems-, Linux-gems-
2026-04-28T19:28:10.5758159Z ##[group]Run bundle install --jobs 4 --retry 3
2026-04-28T19:28:10.5758505Z [36;1mbundle install --jobs 4 --retry 3[0m
2026-04-28T19:28:10.5819981Z shell: /usr/bin/bash --noprofile --norc -e -o pipefail {0}
2026-04-28T19:28:10.5820312Z env:
2026-04-28T19:28:10.5820496Z   WAIT_INTERVAL: 15
2026-04-28T19:28:10.5820690Z ##[endgroup]
2026-04-28T19:28:13.4046120Z Bundler 2.4.19 is running, but your lockfile was generated with 2.2.3. Installing Bundler 2.2.3 and restarting using that version.
2026-04-28T19:28:16.6565186Z Fetching gem metadata from https://rubygems.org/.
2026-04-28T19:28:16.6642424Z Fetching bundler 2.2.3
2026-04-28T19:28:17.1419421Z Installing bundler 2.2.3
2026-04-28T19:28:17.3695060Z Calling `DidYouMean::SPELL_CHECKERS.merge!(error_name => spell_checker)' has been deprecated. Please call `DidYouMean.correct_error(error_name, spell_checker)' instead.
2026-04-28T19:28:18.9440372Z Fetching gem metadata from https://rubygems.org/.........
2026-04-28T19:28:18.9537099Z Fetching public_suffix 4.0.7
2026-04-28T19:28:18.9543314Z Fetching minitest 5.18.0
2026-04-28T19:28:18.9604802Z Fetching concurrent-ruby 1.2.2
2026-04-28T19:28:18.9605354Z Fetching zeitwerk 2.6.7
2026-04-28T19:28:19.0985198Z Installing zeitwerk 2.6.7
2026-04-28T19:28:19.1174390Z Installing public_suffix 4.0.7
2026-04-28T19:28:19.1441534Z Installing minitest 5.18.0
2026-04-28T19:28:19.1537309Z Fetching ast 2.4.2
2026-04-28T19:28:19.2016611Z Installing concurrent-ruby 1.2.2
2026-04-28T19:28:19.2366778Z Installing ast 2.4.2
2026-04-28T19:28:19.2568159Z Using bundler 2.2.3
2026-04-28T19:28:19.2583662Z Fetching diff-lcs 1.4.4
2026-04-28T19:28:19.2589346Z Fetching byebug 11.1.3
2026-04-28T19:28:19.3057395Z Fetching faraday-net_http 2.0.3
2026-04-28T19:28:19.3794740Z Using ruby2_keywords 0.0.5
2026-04-28T19:28:19.3803562Z Fetching json 2.7.1
2026-04-28T19:28:19.4091306Z Installing faraday-net_http 2.0.3
2026-04-28T19:28:19.4140144Z Installing diff-lcs 1.4.4
2026-04-28T19:28:19.4178799Z Installing byebug 11.1.3 with native extensions
2026-04-28T19:28:19.4241003Z Fetching language_server-protocol 3.17.0.3
2026-04-28T19:28:19.4970619Z Installing json 2.7.1 with native extensions
2026-04-28T19:28:19.5024582Z Fetching lint_roller 1.1.0
2026-04-28T19:28:19.5545074Z Installing language_server-protocol 3.17.0.3
2026-04-28T19:28:19.5833853Z Installing lint_roller 1.1.0
2026-04-28T19:28:19.6061043Z Fetching parallel 1.24.0
2026-04-28T19:28:19.6895795Z Installing parallel 1.24.0
2026-04-28T19:28:19.7014199Z Fetching racc 1.7.3
2026-04-28T19:28:19.7508854Z Fetching rainbow 3.1.1
2026-04-28T19:28:19.8274680Z Installing racc 1.7.3 with native extensions
2026-04-28T19:28:19.8449927Z Installing rainbow 3.1.1
2026-04-28T19:28:19.8564648Z Fetching regexp_parser 2.8.3
2026-04-28T19:28:19.9608637Z Installing regexp_parser 2.8.3
2026-04-28T19:28:19.9817815Z Fetching rexml 3.2.6
2026-04-28T19:28:20.0903364Z Installing rexml 3.2.6
2026-04-28T19:28:20.1106534Z Fetching rspec-support 3.10.1
2026-04-28T19:28:20.2004820Z Installing rspec-support 3.10.1
2026-04-28T19:28:20.2360976Z Fetching ruby-progressbar 1.13.0
2026-04-28T19:28:20.3694368Z Installing ruby-progressbar 1.13.0
2026-04-28T19:28:20.3796251Z Fetching unicode-display_width 2.5.0
2026-04-28T19:28:20.4639688Z Installing unicode-display_width 2.5.0
2026-04-28T19:28:20.4701854Z Fetching addressable 2.8.0
2026-04-28T19:28:20.5788709Z Installing addressable 2.8.0
2026-04-28T19:28:20.5923659Z Fetching i18n 1.12.0
2026-04-28T19:28:20.6899232Z Installing i18n 1.12.0
2026-04-28T19:28:20.7036089Z Fetching tzinfo 2.0.6
2026-04-28T19:28:20.8061172Z Installing tzinfo 2.0.6
2026-04-28T19:28:20.8230775Z Fetching faraday 2.3.0
2026-04-28T19:28:20.9264111Z Installing faraday 2.3.0
2026-04-28T19:28:20.9461300Z Fetching rspec-core 3.10.1
2026-04-28T19:28:21.0708357Z Installing rspec-core 3.10.1
2026-04-28T19:28:21.1028537Z Fetching rspec-expectations 3.10.1
2026-04-28T19:28:21.2181516Z Installing rspec-expectations 3.10.1
2026-04-28T19:28:21.2377614Z Fetching rspec-mocks 3.10.1
2026-04-28T19:28:21.3475111Z Installing rspec-mocks 3.10.1
2026-04-28T19:28:21.3735061Z Fetching activesupport 6.1.7.3
2026-04-28T19:28:21.5365135Z Installing activesupport 6.1.7.3
2026-04-28T19:28:21.6155138Z Fetching faraday-retry 2.0.0
2026-04-28T19:28:21.7113827Z Installing faraday-retry 2.0.0
2026-04-28T19:28:21.7204186Z Fetching sawyer 0.9.2
2026-04-28T19:28:21.8244523Z Installing sawyer 0.9.2
2026-04-28T19:28:21.8371709Z Fetching rspec 3.10.0
2026-04-28T19:28:21.9384250Z Installing rspec 3.10.0
2026-04-28T19:28:21.9454676Z Fetching octokit 4.25.0
2026-04-28T19:28:22.0455436Z Fetching parser 3.2.2.4
2026-04-28T19:28:22.0723550Z Installing octokit 4.25.0
2026-04-28T19:28:22.2811015Z Installing parser 3.2.2.4
2026-04-28T19:28:22.3752570Z Fetching rubocop-ast 1.30.0
2026-04-28T19:28:22.4799710Z Installing rubocop-ast 1.30.0
2026-04-28T19:28:23.7690552Z Fetching rubocop 1.57.2
2026-04-28T19:28:23.9613053Z Installing rubocop 1.57.2
2026-04-28T19:28:24.1362484Z Fetching standard-custom 1.0.2
2026-04-28T19:28:24.1362963Z Fetching rubocop-performance 1.19.1
2026-04-28T19:28:24.2394442Z Installing standard-custom 1.0.2
2026-04-28T19:28:24.2544831Z Installing rubocop-performance 1.19.1
2026-04-28T19:28:24.2698211Z Fetching standard-performance 1.2.1
2026-04-28T19:28:24.3523434Z Installing standard-performance 1.2.1
2026-04-28T19:28:24.3592775Z Fetching standard 1.32.1
2026-04-28T19:28:24.4594772Z Installing standard 1.32.1
2026-04-28T19:28:24.4819841Z Bundle complete! 6 Gemfile dependencies, 40 gems now installed.
2026-04-28T19:28:24.4820875Z Use `bundle info [gemname]` to see where a bundled gem is installed.
2026-04-28T19:28:24.5395837Z ##[group]Run ruby entrypoint.rb
2026-04-28T19:28:24.5396284Z [36;1mruby entrypoint.rb[0m
2026-04-28T19:28:24.5483304Z shell: /usr/bin/bash --noprofile --norc -e -o pipefail {0}
2026-04-28T19:28:24.5483829Z env:
2026-04-28T19:28:24.5484321Z   WAIT_INTERVAL: 15
2026-04-28T19:28:24.5484648Z   ALLOWED_CONCLUSIONS: success,skipped,neutral
2026-04-28T19:28:24.5484935Z   IGNORE_CHECKS: 
2026-04-28T19:28:24.5485119Z   CHECK_NAME: 
2026-04-28T19:28:24.5485288Z   CHECK_REGEXP: 
2026-04-28T19:28:24.5485528Z   REF: 8d415a2bc99be4837507993fe6fa3b9174b423bd
2026-04-28T19:28:24.5486248Z   REPO_TOKEN: ***
2026-04-28T19:28:24.5486446Z   VERBOSE: true
2026-04-28T19:28:24.5486648Z   RUNNING_WORKFLOW_NAME: Auto-merge
2026-04-28T19:28:24.5486885Z   API_ENDPOINT: 
2026-04-28T19:28:24.5487070Z ##[endgroup]
2026-04-28T19:29:59.2311168Z Checks running on ref:
2026-04-28T19:29:59.2314238Z Checks completed: capture-failure-log, capture-failure-log, e2e, cross-device-tests, capture-failure-log, connected-tests, test, web-lint-and-test, maybe-label
2026-04-28T19:29:59.2315536Z Checks in_progress: autofix, lint-and-test, Auto-merge
2026-04-28T19:29:59.2316014Z Checks after ignore checks filter:
2026-04-28T19:29:59.2317053Z Checks completed: capture-failure-log, capture-failure-log, e2e, cross-device-tests, capture-failure-log, connected-tests, test, web-lint-and-test, maybe-label
2026-04-28T19:29:59.2318162Z Checks in_progress: autofix, lint-and-test
2026-04-28T19:29:59.2318569Z Checks after check_name filter:
2026-04-28T19:29:59.2319591Z Checks completed: capture-failure-log, capture-failure-log, e2e, cross-device-tests, capture-failure-log, connected-tests, test, web-lint-and-test, maybe-label
2026-04-28T19:29:59.2320653Z Checks in_progress: autofix, lint-and-test
2026-04-28T19:29:59.2320912Z Checks after Regexp filter:
2026-04-28T19:29:59.2321553Z Checks completed: capture-failure-log, capture-failure-log, e2e, cross-device-tests, capture-failure-log, connected-tests, test, web-lint-and-test, maybe-label
2026-04-28T19:29:59.2322243Z Checks in_progress: autofix, lint-and-test
2026-04-28T19:29:59.2322598Z The requested checks aren't complete yet, will check back in 15 seconds...
2026-04-28T19:29:59.2322951Z Checks running on ref:
2026-04-28T19:29:59.2323553Z Checks completed: capture-failure-log, capture-failure-log, e2e, cross-device-tests, capture-failure-log, connected-tests, test, web-lint-and-test, maybe-label
2026-04-28T19:29:59.2324620Z Checks in_progress: autofix, lint-and-test, Auto-merge
2026-04-28T19:29:59.2324925Z Checks after ignore checks filter:
2026-04-28T19:29:59.2325531Z Checks completed: capture-failure-log, capture-failure-log, e2e, cross-device-tests, capture-failure-log, connected-tests, test, web-lint-and-test, maybe-label
2026-04-28T19:29:59.2326165Z Checks in_progress: autofix, lint-and-test
2026-04-28T19:29:59.2326422Z Checks after check_name filter:
2026-04-28T19:29:59.2327012Z Checks completed: capture-failure-log, capture-failure-log, e2e, cross-device-tests, capture-failure-log, connected-tests, test, web-lint-and-test, maybe-label
2026-04-28T19:29:59.2328063Z Checks in_progress: autofix, lint-and-test
2026-04-28T19:29:59.2328317Z Checks after Regexp filter:
2026-04-28T19:29:59.2328900Z Checks completed: capture-failure-log, capture-failure-log, e2e, cross-device-tests, capture-failure-log, connected-tests, test, web-lint-and-test, maybe-label
2026-04-28T19:29:59.2329523Z Checks in_progress: autofix, lint-and-test
2026-04-28T19:29:59.2329865Z The requested checks aren't complete yet, will check back in 15 seconds...
2026-04-28T19:29:59.2330204Z Checks running on ref:
2026-04-28T19:29:59.2330779Z Checks completed: capture-failure-log, capture-failure-log, e2e, cross-device-tests, capture-failure-log, connected-tests, test, web-lint-and-test, maybe-label
2026-04-28T19:29:59.2331427Z Checks in_progress: autofix, lint-and-test, Auto-merge
2026-04-28T19:29:59.2331715Z Checks after ignore checks filter:
2026-04-28T19:29:59.2332488Z Checks completed: capture-failure-log, capture-failure-log, e2e, cross-device-tests, capture-failure-log, connected-tests, test, web-lint-and-test, maybe-label
2026-04-28T19:29:59.2333139Z Checks in_progress: autofix, lint-and-test
2026-04-28T19:29:59.2333399Z Checks after check_name filter:
2026-04-28T19:29:59.2334214Z Checks completed: capture-failure-log, capture-failure-log, e2e, cross-device-tests, capture-failure-log, connected-tests, test, web-lint-and-test, maybe-label
2026-04-28T19:29:59.2334854Z Checks in_progress: autofix, lint-and-test
2026-04-28T19:29:59.2335105Z Checks after Regexp filter:
2026-04-28T19:29:59.2335699Z Checks completed: capture-failure-log, capture-failure-log, e2e, cross-device-tests, capture-failure-log, connected-tests, test, web-lint-and-test, maybe-label
2026-04-28T19:29:59.2336365Z Checks in_progress: autofix, lint-and-test
2026-04-28T19:29:59.2336711Z The requested checks aren't complete yet, will check back in 15 seconds...
2026-04-28T19:29:59.2337052Z Checks running on ref:
2026-04-28T19:29:59.2337663Z Checks completed: capture-failure-log, capture-failure-log, e2e, cross-device-tests, capture-failure-log, connected-tests, test, web-lint-and-test, maybe-label
2026-04-28T19:29:59.2338356Z Checks in_progress: autofix, lint-and-test, Auto-merge
2026-04-28T19:29:59.2338654Z Checks after ignore checks filter:
2026-04-28T19:29:59.2339266Z Checks completed: capture-failure-log, capture-failure-log, e2e, cross-device-tests, capture-failure-log, connected-tests, test, web-lint-and-test, maybe-label
2026-04-28T19:29:59.2339896Z Checks in_progress: autofix, lint-and-test
2026-04-28T19:29:59.2340190Z Checks after check_name filter:
2026-04-28T19:29:59.2340896Z Checks completed: capture-failure-log, capture-failure-log, e2e, cross-device-tests, capture-failure-log, connected-tests, test, web-lint-and-test, maybe-label
2026-04-28T19:29:59.2341716Z Checks in_progress: autofix, lint-and-test
2026-04-28T19:29:59.2342013Z Checks after Regexp filter:
2026-04-28T19:29:59.2342739Z Checks completed: capture-failure-log, capture-failure-log, e2e, cross-device-tests, capture-failure-log, connected-tests, test, web-lint-and-test, maybe-label
2026-04-28T19:29:59.2343530Z Checks in_progress: autofix, lint-and-test
2026-04-28T19:29:59.2344110Z The requested checks aren't complete yet, will check back in 15 seconds...
2026-04-28T19:29:59.2344571Z Checks running on ref:
2026-04-28T19:29:59.2345369Z Checks completed: capture-failure-log, capture-failure-log, e2e, cross-device-tests, capture-failure-log, connected-tests, test, lint-and-test, web-lint-and-test, maybe-label
2026-04-28T19:29:59.2346223Z Checks in_progress: autofix, Auto-merge
2026-04-28T19:29:59.2346533Z Checks after ignore checks filter:
2026-04-28T19:29:59.2347371Z Checks completed: capture-failure-log, capture-failure-log, e2e, cross-device-tests, capture-failure-log, connected-tests, test, lint-and-test, web-lint-and-test, maybe-label
2026-04-28T19:29:59.2348205Z Checks in_progress: autofix
2026-04-28T19:29:59.2348476Z Checks after check_name filter:
2026-04-28T19:29:59.2349489Z Checks completed: capture-failure-log, capture-failure-log, e2e, cross-device-tests, capture-failure-log, connected-tests, test, lint-and-test, web-lint-and-test, maybe-label
2026-04-28T19:29:59.2350370Z Checks in_progress: autofix
2026-04-28T19:29:59.2350632Z Checks after Regexp filter:
2026-04-28T19:29:59.2351416Z Checks completed: capture-failure-log, capture-failure-log, e2e, cross-device-tests, capture-failure-log, connected-tests, test, lint-and-test, web-lint-and-test, maybe-label
2026-04-28T19:29:59.2352078Z Checks in_progress: autofix
2026-04-28T19:29:59.2352385Z The requested checks aren't complete yet, will check back in 15 seconds...
2026-04-28T19:29:59.2352815Z Checks running on ref:
2026-04-28T19:29:59.2353088Z Checks in_progress: capture-failure-log / capture, Auto-merge
2026-04-28T19:29:59.2354176Z Checks completed: capture-failure-log, capture-failure-log, e2e, cross-device-tests, capture-failure-log, connected-tests, test, autofix, lint-and-test, web-lint-and-test, maybe-label
2026-04-28T19:29:59.2354905Z Checks after ignore checks filter:
2026-04-28T19:29:59.2355178Z Checks in_progress: capture-failure-log / capture
2026-04-28T19:29:59.2355905Z Checks completed: capture-failure-log, capture-failure-log, e2e, cross-device-tests, capture-failure-log, connected-tests, test, autofix, lint-and-test, web-lint-and-test, maybe-label
2026-04-28T19:29:59.2356592Z Checks after check_name filter:
2026-04-28T19:29:59.2356844Z Checks in_progress: capture-failure-log / capture
2026-04-28T19:29:59.2357549Z Checks completed: capture-failure-log, capture-failure-log, e2e, cross-device-tests, capture-failure-log, connected-tests, test, autofix, lint-and-test, web-lint-and-test, maybe-label
2026-04-28T19:29:59.2358228Z Checks after Regexp filter:
2026-04-28T19:29:59.2358466Z Checks in_progress: capture-failure-log / capture
2026-04-28T19:29:59.2359167Z Checks completed: capture-failure-log, capture-failure-log, e2e, cross-device-tests, capture-failure-log, connected-tests, test, autofix, lint-and-test, web-lint-and-test, maybe-label
2026-04-28T19:29:59.2359948Z The requested checks aren't complete yet, will check back in 15 seconds...
2026-04-28T19:29:59.2360291Z Checks running on ref:
2026-04-28T19:29:59.2361041Z Checks completed: capture-failure-log / capture, capture-failure-log, capture-failure-log, e2e, cross-device-tests, capture-failure-log, connected-tests, test, autofix, lint-and-test, web-lint-and-test, maybe-label
2026-04-28T19:29:59.2361833Z Checks in_progress: Auto-merge
2026-04-28T19:29:59.2362059Z Checks after ignore checks filter:
2026-04-28T19:29:59.2362828Z Checks completed: capture-failure-log / capture, capture-failure-log, capture-failure-log, e2e, cross-device-tests, capture-failure-log, connected-tests, test, autofix, lint-and-test, web-lint-and-test, maybe-label
2026-04-28T19:29:59.2363603Z Checks after check_name filter:
2026-04-28T19:29:59.2364606Z Checks completed: capture-failure-log / capture, capture-failure-log, capture-failure-log, e2e, cross-device-tests, capture-failure-log, connected-tests, test, autofix, lint-and-test, web-lint-and-test, maybe-label
2026-04-28T19:29:59.2365401Z Checks after Regexp filter:
2026-04-28T19:29:59.2366154Z Checks completed: capture-failure-log / capture, capture-failure-log, capture-failure-log, e2e, cross-device-tests, capture-failure-log, connected-tests, test, autofix, lint-and-test, web-lint-and-test, maybe-label
2026-04-28T19:29:59.2366937Z Checks completed:
2026-04-28T19:29:59.2367168Z capture-failure-log / capture: completed (success)
2026-04-28T19:29:59.2367466Z capture-failure-log: completed (skipped)
2026-04-28T19:29:59.2367729Z capture-failure-log: completed (skipped)
2026-04-28T19:29:59.2367961Z e2e: completed (success)
2026-04-28T19:29:59.2368189Z cross-device-tests: completed (skipped)
2026-04-28T19:29:59.2368485Z capture-failure-log: completed (skipped)
2026-04-28T19:29:59.2368742Z connected-tests: completed (skipped)
2026-04-28T19:29:59.2368984Z test: completed (success)
2026-04-28T19:29:59.2369199Z autofix: completed (failure)
2026-04-28T19:29:59.2369575Z lint-and-test: completed (success)
2026-04-28T19:29:59.2369824Z web-lint-and-test: completed (success)
2026-04-28T19:29:59.2370071Z maybe-label: completed (success)
2026-04-28T19:29:59.2370697Z The conclusion of one or more checks were not allowed. Allowed conclusions are: success, skipped, neutral. This can be configured with the 'allowed-conclusions' param.
2026-04-28T19:29:59.2408402Z ##[error]Process completed with exit code 1.
2026-04-28T19:29:59.2541256Z Post job cleanup.
2026-04-28T19:29:59.2607627Z Cleaning up orphan processes
2026-04-28T19:29:59.2881817Z ##[warning]Node.js 20 actions are deprecated. The following actions are running on Node.js 20 and may not work as expected: actions/cache@v4. Actions will be forced to run with Node.js 24 by default starting June 2nd, 2026. Node.js 20 will be removed from the runner on September 16th, 2026. Please check if updated versions of these actions are available that support Node.js 24. To opt into Node.js 24 now, set the FORCE_JAVASCRIPT_ACTIONS_TO_NODE24=true environment variable on the runner or in your workflow file. Once Node.js 24 becomes the default, you can temporarily opt out by setting ACTIONS_ALLOW_USE_UNSECURE_NODE_VERSION=true. For more information see: https://github.blog/changelog/2025-09-19-deprecation-of-node-20-on-github-actions-runners/
