=== CI FAILURE ===
Workflow:      Auto-merge & Release
Workflow file: akarlin3/prismTask/.github/workflows/auto-merge.yml@refs/pull/841/merge
Job(s):        Auto-merge
Run ID:        24977439539
Run attempt:   1
Run URL:       https://github.com/akarlin3/prismTask/actions/runs/24977439539
Commit:        8fa8a2f915b08c8f2b6e8d245b8ede0aecead38d
Branch:        841/merge
Event:         pull_request
Actor:         akarlin3
Runner OS:     Linux
Timestamp:     2026-04-27T05:07:58.890Z

Failed steps:
  - Auto-merge: #4 Wait for all other CI checks to pass

=== FAILED JOB LOG ===

--- Job: Auto-merge (id 73132009423) ---
2026-04-27T05:02:12.2859312Z Current runner version: '2.333.1'
2026-04-27T05:02:12.2883160Z ##[group]Runner Image Provisioner
2026-04-27T05:02:12.2884057Z Hosted Compute Agent
2026-04-27T05:02:12.2884666Z Version: 20260213.493
2026-04-27T05:02:12.2885569Z Commit: 5c115507f6dd24b8de37d8bbe0bb4509d0cc0fa3
2026-04-27T05:02:12.2886341Z Build Date: 2026-02-13T00:28:41Z
2026-04-27T05:02:12.2887084Z Worker ID: {03f3d459-7655-4ad7-aefd-502b6a886c53}
2026-04-27T05:02:12.2887770Z Azure Region: westus
2026-04-27T05:02:12.2888403Z ##[endgroup]
2026-04-27T05:02:12.2889827Z ##[group]Operating System
2026-04-27T05:02:12.2890419Z Ubuntu
2026-04-27T05:02:12.2890945Z 24.04.4
2026-04-27T05:02:12.2891383Z LTS
2026-04-27T05:02:12.2891844Z ##[endgroup]
2026-04-27T05:02:12.2892299Z ##[group]Runner Image
2026-04-27T05:02:12.2892939Z Image: ubuntu-24.04
2026-04-27T05:02:12.2893453Z Version: 20260413.86.1
2026-04-27T05:02:12.2894670Z Included Software: https://github.com/actions/runner-images/blob/ubuntu24/20260413.86/images/ubuntu/Ubuntu2404-Readme.md
2026-04-27T05:02:12.2896385Z Image Release: https://github.com/actions/runner-images/releases/tag/ubuntu24%2F20260413.86
2026-04-27T05:02:12.2897326Z ##[endgroup]
2026-04-27T05:02:12.2898606Z ##[group]GITHUB_TOKEN Permissions
2026-04-27T05:02:12.2900503Z Actions: read
2026-04-27T05:02:12.2901156Z Checks: read
2026-04-27T05:02:12.2901627Z Contents: write
2026-04-27T05:02:12.2902131Z Metadata: read
2026-04-27T05:02:12.2902699Z PullRequests: write
2026-04-27T05:02:12.2903228Z ##[endgroup]
2026-04-27T05:02:12.2905485Z Secret source: Actions
2026-04-27T05:02:12.2906255Z Prepare workflow directory
2026-04-27T05:02:12.3319727Z Prepare all required actions
2026-04-27T05:02:12.3359872Z Getting action download info
2026-04-27T05:02:12.7911272Z Download action repository 'lewagon/wait-on-check-action@ccfb013c15c8afb7bf2b7c028fb74dc5a068cccc' (SHA:ccfb013c15c8afb7bf2b7c028fb74dc5a068cccc)
2026-04-27T05:02:13.4306544Z Getting action download info
2026-04-27T05:02:13.6103126Z Download action repository 'ruby/setup-ruby@v1' (SHA:c4e5b1316158f92e3d49443a9d58b31d25ac0f8f)
2026-04-27T05:02:14.1733819Z Download action repository 'actions/cache@v4' (SHA:0057852bfaa89a56745cba8c7296529d2fc39830)
2026-04-27T05:02:14.3238499Z Complete job name: Auto-merge
2026-04-27T05:02:14.3928263Z ##[group]Run set -euo pipefail
2026-04-27T05:02:14.3929449Z [36;1mset -euo pipefail[0m
2026-04-27T05:02:14.3930791Z [36;1m# Audit item #5 — poll check-runs for up to 60s instead of a bare[0m
2026-04-27T05:02:14.3932554Z [36;1m# 20s sleep. On a busy runner cohort the initial 20s wasn't enough[0m
2026-04-27T05:02:14.3934300Z [36;1m# for the API to reflect queued workflow runs, which could merge[0m
2026-04-27T05:02:14.3936288Z [36;1m# PRs without waiting for CI. Bail out early as soon as ≥1 real[0m
2026-04-27T05:02:14.3937700Z [36;1m# check shows up.[0m
2026-04-27T05:02:14.3938601Z [36;1mCOUNT=0[0m
2026-04-27T05:02:14.3939410Z [36;1mfor i in $(seq 1 6); do[0m
2026-04-27T05:02:14.3940367Z [36;1m  sleep 10[0m
2026-04-27T05:02:14.3941503Z [36;1m  COUNT=$(gh api "repos/$REPO/commits/$HEAD_SHA/check-runs" \[0m
2026-04-27T05:02:14.3943217Z [36;1m    --jq '[.check_runs[] | select(.name != "Auto-merge")] | length')[0m
2026-04-27T05:02:14.3944704Z [36;1m  if [ "$COUNT" -gt 0 ]; then[0m
2026-04-27T05:02:14.3946236Z [36;1m    echo "Found $COUNT non-Auto-merge check(s) after ${i}0s"[0m
2026-04-27T05:02:14.3947553Z [36;1m    break[0m
2026-04-27T05:02:14.3948338Z [36;1m  fi[0m
2026-04-27T05:02:14.3949333Z [36;1m  echo "No non-Auto-merge checks yet (attempt $i/6)"[0m
2026-04-27T05:02:14.3950579Z [36;1mdone[0m
2026-04-27T05:02:14.3951367Z [36;1mif [ "$COUNT" -gt 0 ]; then[0m
2026-04-27T05:02:14.3952483Z [36;1m  echo "has_ci=true" >> "$GITHUB_OUTPUT"[0m
2026-04-27T05:02:14.3953594Z [36;1melse[0m
2026-04-27T05:02:14.3954476Z [36;1m  echo "has_ci=false" >> "$GITHUB_OUTPUT"[0m
2026-04-27T05:02:14.3956402Z [36;1m  echo "No CI checks on this PR after 60s — will merge without waiting."[0m
2026-04-27T05:02:14.3957843Z [36;1mfi[0m
2026-04-27T05:02:14.3984023Z shell: /usr/bin/bash -e {0}
2026-04-27T05:02:14.3985790Z env:
2026-04-27T05:02:14.3986527Z   WAIT_INTERVAL: 30
2026-04-27T05:02:14.3987788Z   GH_TOKEN: ***
2026-04-27T05:02:14.3988745Z   HEAD_SHA: 10e85c687e08485729e0e1ea1d4b581d3d0f8b1d
2026-04-27T05:02:14.3989910Z   REPO: akarlin3/prismTask
2026-04-27T05:02:14.3990778Z ##[endgroup]
2026-04-27T05:02:24.8852365Z Found 6 non-Auto-merge check(s) after 10s
2026-04-27T05:02:24.8975476Z ##[group]Run set -euo pipefail
2026-04-27T05:02:24.8975866Z [36;1mset -euo pipefail[0m
2026-04-27T05:02:24.8976316Z [36;1mREQUIRED=$(gh api "repos/$REPO/branches/main/protection/required_status_checks" \[0m
2026-04-27T05:02:24.8976834Z [36;1m  --jq '.contexts[]' 2>/dev/null || true)[0m
2026-04-27T05:02:24.8977180Z [36;1mif [ -z "$REQUIRED" ]; then[0m
2026-04-27T05:02:24.8977732Z [36;1m  echo "::warning::Could not query branch protection (likely a permission issue) — using hardcoded fallback list."[0m
2026-04-27T05:02:24.8978323Z [36;1m  REQUIRED="$FALLBACK_REQUIRED"[0m
2026-04-27T05:02:24.8978622Z [36;1mfi[0m
2026-04-27T05:02:24.8978924Z [36;1m# Strip Auto-merge from the required list so we don't wait on[0m
2026-04-27T05:02:24.8979398Z [36;1m# ourselves (it's listed because we ARE the running workflow).[0m
2026-04-27T05:02:24.8979935Z [36;1mREQUIRED=$(echo "$REQUIRED" | grep -vE '^\s*Auto-merge\s*$' | grep -vE '^\s*$' || true)[0m
2026-04-27T05:02:24.8980428Z [36;1mif [ -z "$REQUIRED" ]; then[0m
2026-04-27T05:02:24.8980810Z [36;1m  echo "No required checks beyond Auto-merge; skipping queue wait."[0m
2026-04-27T05:02:24.8981205Z [36;1m  exit 0[0m
2026-04-27T05:02:24.8981429Z [36;1mfi[0m
2026-04-27T05:02:24.8981699Z [36;1mecho "Waiting until these required checks queue:"[0m
2026-04-27T05:02:24.8982051Z [36;1mecho "$REQUIRED" | sed 's/^/  /'[0m
2026-04-27T05:02:24.8982426Z [36;1m# 30 attempts × 10s = 5 min ceiling. If checks haven't queued[0m
2026-04-27T05:02:24.8982891Z [36;1m# by then something is genuinely broken (workflow file invalid,[0m
2026-04-27T05:02:24.8983383Z [36;1m# path filter excluding everything, etc.) — log and proceed so[0m
2026-04-27T05:02:24.8983891Z [36;1m# wait-on-check-action can decide how to handle it.[0m
2026-04-27T05:02:24.8984266Z [36;1mfor attempt in $(seq 1 30); do[0m
2026-04-27T05:02:24.8984698Z [36;1m  CHECK_RUNS=$(gh api --paginate "repos/$REPO/commits/$HEAD_SHA/check-runs" \[0m
2026-04-27T05:02:24.8985339Z [36;1m    --jq '.check_runs[].name' | sort -u)[0m
2026-04-27T05:02:24.8985665Z [36;1m  MISSING=""[0m
2026-04-27T05:02:24.8985922Z [36;1m  while IFS= read -r req; do[0m
2026-04-27T05:02:24.8986205Z [36;1m    [ -z "$req" ] && continue[0m
2026-04-27T05:02:24.8986507Z [36;1m    req_trimmed=$(echo "$req" | xargs)[0m
2026-04-27T05:02:24.8986905Z [36;1m    if ! echo "$CHECK_RUNS" | grep -qxF "$req_trimmed"; then[0m
2026-04-27T05:02:24.8987315Z [36;1m      MISSING="$MISSING $req_trimmed"[0m
2026-04-27T05:02:24.8987611Z [36;1m    fi[0m
2026-04-27T05:02:24.8987829Z [36;1m  done <<< "$REQUIRED"[0m
2026-04-27T05:02:24.8988108Z [36;1m  if [ -z "$MISSING" ]; then[0m
2026-04-27T05:02:24.8988483Z [36;1m    echo "All required checks have queued after attempt $attempt."[0m
2026-04-27T05:02:24.8988865Z [36;1m    exit 0[0m
2026-04-27T05:02:24.8989085Z [36;1m  fi[0m
2026-04-27T05:02:24.8989374Z [36;1m  echo "Still waiting for:$MISSING (attempt $attempt/30)"[0m
2026-04-27T05:02:24.8989722Z [36;1m  sleep 10[0m
2026-04-27T05:02:24.8989945Z [36;1mdone[0m
2026-04-27T05:02:24.8990436Z [36;1mecho "::warning::Some required checks never queued after 5 min:$MISSING — proceeding to wait-on-check-action anyway."[0m
2026-04-27T05:02:24.9012788Z shell: /usr/bin/bash -e {0}
2026-04-27T05:02:24.9013060Z env:
2026-04-27T05:02:24.9013270Z   WAIT_INTERVAL: 30
2026-04-27T05:02:24.9013797Z   GH_TOKEN: ***
2026-04-27T05:02:24.9014067Z   HEAD_SHA: 10e85c687e08485729e0e1ea1d4b581d3d0f8b1d
2026-04-27T05:02:24.9014399Z   REPO: akarlin3/prismTask
2026-04-27T05:02:24.9014954Z   FALLBACK_REQUIRED: lint-and-test
connected-tests
test
web-lint-and-test

2026-04-27T05:02:24.9015616Z ##[endgroup]
2026-04-27T05:02:25.1527125Z Waiting until these required checks queue:
2026-04-27T05:02:25.1540676Z   {"message":"Resource not accessible by integration","documentation_url":"https://docs.github.com/rest/branches/branch-protection#get-status-checks-protection","status":"403"}
2026-04-27T05:02:25.5812517Z Still waiting for: {message:Resource not accessible by integration,documentation_url:https://docs.github.com/rest/branches/branch-protection#get-status-checks-protection,status:403} (attempt 1/30)
2026-04-27T05:02:36.0739538Z Still waiting for: {message:Resource not accessible by integration,documentation_url:https://docs.github.com/rest/branches/branch-protection#get-status-checks-protection,status:403} (attempt 2/30)
2026-04-27T05:02:46.5207302Z Still waiting for: {message:Resource not accessible by integration,documentation_url:https://docs.github.com/rest/branches/branch-protection#get-status-checks-protection,status:403} (attempt 3/30)
2026-04-27T05:02:57.0131536Z Still waiting for: {message:Resource not accessible by integration,documentation_url:https://docs.github.com/rest/branches/branch-protection#get-status-checks-protection,status:403} (attempt 4/30)
2026-04-27T05:03:07.4675323Z Still waiting for: {message:Resource not accessible by integration,documentation_url:https://docs.github.com/rest/branches/branch-protection#get-status-checks-protection,status:403} (attempt 5/30)
2026-04-27T05:03:17.9318352Z Still waiting for: {message:Resource not accessible by integration,documentation_url:https://docs.github.com/rest/branches/branch-protection#get-status-checks-protection,status:403} (attempt 6/30)
2026-04-27T05:03:28.3903649Z Still waiting for: {message:Resource not accessible by integration,documentation_url:https://docs.github.com/rest/branches/branch-protection#get-status-checks-protection,status:403} (attempt 7/30)
2026-04-27T05:03:38.9243295Z Still waiting for: {message:Resource not accessible by integration,documentation_url:https://docs.github.com/rest/branches/branch-protection#get-status-checks-protection,status:403} (attempt 8/30)
2026-04-27T05:03:49.4033883Z Still waiting for: {message:Resource not accessible by integration,documentation_url:https://docs.github.com/rest/branches/branch-protection#get-status-checks-protection,status:403} (attempt 9/30)
2026-04-27T05:03:59.8945731Z Still waiting for: {message:Resource not accessible by integration,documentation_url:https://docs.github.com/rest/branches/branch-protection#get-status-checks-protection,status:403} (attempt 10/30)
2026-04-27T05:04:10.3517845Z Still waiting for: {message:Resource not accessible by integration,documentation_url:https://docs.github.com/rest/branches/branch-protection#get-status-checks-protection,status:403} (attempt 11/30)
2026-04-27T05:04:20.7500809Z Still waiting for: {message:Resource not accessible by integration,documentation_url:https://docs.github.com/rest/branches/branch-protection#get-status-checks-protection,status:403} (attempt 12/30)
2026-04-27T05:04:31.2307652Z Still waiting for: {message:Resource not accessible by integration,documentation_url:https://docs.github.com/rest/branches/branch-protection#get-status-checks-protection,status:403} (attempt 13/30)
2026-04-27T05:04:41.6793423Z Still waiting for: {message:Resource not accessible by integration,documentation_url:https://docs.github.com/rest/branches/branch-protection#get-status-checks-protection,status:403} (attempt 14/30)
2026-04-27T05:04:52.1456996Z Still waiting for: {message:Resource not accessible by integration,documentation_url:https://docs.github.com/rest/branches/branch-protection#get-status-checks-protection,status:403} (attempt 15/30)
2026-04-27T05:05:02.6055577Z Still waiting for: {message:Resource not accessible by integration,documentation_url:https://docs.github.com/rest/branches/branch-protection#get-status-checks-protection,status:403} (attempt 16/30)
2026-04-27T05:05:13.0558209Z Still waiting for: {message:Resource not accessible by integration,documentation_url:https://docs.github.com/rest/branches/branch-protection#get-status-checks-protection,status:403} (attempt 17/30)
2026-04-27T05:05:23.5131080Z Still waiting for: {message:Resource not accessible by integration,documentation_url:https://docs.github.com/rest/branches/branch-protection#get-status-checks-protection,status:403} (attempt 18/30)
2026-04-27T05:05:33.9682053Z Still waiting for: {message:Resource not accessible by integration,documentation_url:https://docs.github.com/rest/branches/branch-protection#get-status-checks-protection,status:403} (attempt 19/30)
2026-04-27T05:05:44.4384083Z Still waiting for: {message:Resource not accessible by integration,documentation_url:https://docs.github.com/rest/branches/branch-protection#get-status-checks-protection,status:403} (attempt 20/30)
2026-04-27T05:05:54.9070160Z Still waiting for: {message:Resource not accessible by integration,documentation_url:https://docs.github.com/rest/branches/branch-protection#get-status-checks-protection,status:403} (attempt 21/30)
2026-04-27T05:06:05.3729182Z Still waiting for: {message:Resource not accessible by integration,documentation_url:https://docs.github.com/rest/branches/branch-protection#get-status-checks-protection,status:403} (attempt 22/30)
2026-04-27T05:06:15.8109542Z Still waiting for: {message:Resource not accessible by integration,documentation_url:https://docs.github.com/rest/branches/branch-protection#get-status-checks-protection,status:403} (attempt 23/30)
2026-04-27T05:06:26.2526308Z Still waiting for: {message:Resource not accessible by integration,documentation_url:https://docs.github.com/rest/branches/branch-protection#get-status-checks-protection,status:403} (attempt 24/30)
2026-04-27T05:06:36.6921408Z Still waiting for: {message:Resource not accessible by integration,documentation_url:https://docs.github.com/rest/branches/branch-protection#get-status-checks-protection,status:403} (attempt 25/30)
2026-04-27T05:06:47.1800097Z Still waiting for: {message:Resource not accessible by integration,documentation_url:https://docs.github.com/rest/branches/branch-protection#get-status-checks-protection,status:403} (attempt 26/30)
2026-04-27T05:06:57.6409331Z Still waiting for: {message:Resource not accessible by integration,documentation_url:https://docs.github.com/rest/branches/branch-protection#get-status-checks-protection,status:403} (attempt 27/30)
2026-04-27T05:07:08.1356441Z Still waiting for: {message:Resource not accessible by integration,documentation_url:https://docs.github.com/rest/branches/branch-protection#get-status-checks-protection,status:403} (attempt 28/30)
2026-04-27T05:07:18.6060323Z Still waiting for: {message:Resource not accessible by integration,documentation_url:https://docs.github.com/rest/branches/branch-protection#get-status-checks-protection,status:403} (attempt 29/30)
2026-04-27T05:07:29.0864480Z Still waiting for: {message:Resource not accessible by integration,documentation_url:https://docs.github.com/rest/branches/branch-protection#get-status-checks-protection,status:403} (attempt 30/30)
2026-04-27T05:07:39.0909451Z ##[warning]Some required checks never queued after 5 min: {message:Resource not accessible by integration,documentation_url:https://docs.github.com/rest/branches/branch-protection#get-status-checks-protection,status:403} — proceeding to wait-on-check-action anyway.
2026-04-27T05:07:39.1125890Z ##[group]Run lewagon/wait-on-check-action@ccfb013c15c8afb7bf2b7c028fb74dc5a068cccc
2026-04-27T05:07:39.1126330Z with:
2026-04-27T05:07:39.1126536Z   ref: 10e85c687e08485729e0e1ea1d4b581d3d0f8b1d
2026-04-27T05:07:39.1126822Z   running-workflow-name: Auto-merge
2026-04-27T05:07:39.1127273Z   repo-token: ***
2026-04-27T05:07:39.1127464Z   wait-interval: 30
2026-04-27T05:07:39.1127688Z   allowed-conclusions: success,skipped,neutral
2026-04-27T05:07:39.1127950Z   verbose: true
2026-04-27T05:07:39.1128112Z env:
2026-04-27T05:07:39.1128261Z   WAIT_INTERVAL: 30
2026-04-27T05:07:39.1128433Z ##[endgroup]
2026-04-27T05:07:39.1259621Z ##[group]Run ruby/setup-ruby@v1
2026-04-27T05:07:39.1259879Z with:
2026-04-27T05:07:39.1260300Z   ruby-version: 3.2
2026-04-27T05:07:39.1260496Z   bundler-cache: false
2026-04-27T05:07:39.1260831Z   token: ***
2026-04-27T05:07:39.1261005Z env:
2026-04-27T05:07:39.1261163Z   WAIT_INTERVAL: 30
2026-04-27T05:07:39.1261347Z ##[endgroup]
2026-04-27T05:07:39.2498937Z ##[group]Modifying PATH
2026-04-27T05:07:39.2499430Z Entries added to PATH to use selected Ruby:
2026-04-27T05:07:39.2500866Z   /opt/hostedtoolcache/Ruby/3.2.11/x64/bin
2026-04-27T05:07:39.2504473Z ##[endgroup]
2026-04-27T05:07:39.2505672Z ##[group]Print Ruby version
2026-04-27T05:07:39.2541797Z [command]/opt/hostedtoolcache/Ruby/3.2.11/x64/bin/ruby --version
2026-04-27T05:07:39.4601167Z ruby 3.2.11 (2026-03-27 revision 5483bfc1ae) [x86_64-linux]
2026-04-27T05:07:39.4632669Z Took   0.21 seconds
2026-04-27T05:07:39.4633727Z ##[endgroup]
2026-04-27T05:07:39.4635721Z ##[group]Installing Bundler
2026-04-27T05:07:39.4639244Z Using Bundler shipped with ruby-3.2.11
2026-04-27T05:07:39.4640424Z Took   0.00 seconds
2026-04-27T05:07:39.4641101Z ##[endgroup]
2026-04-27T05:07:39.5307364Z ##[group]Run actions/cache@v4
2026-04-27T05:07:39.5307776Z with:
2026-04-27T05:07:39.5308475Z   path: /home/runner/work/_actions/lewagon/wait-on-check-action/ccfb013c15c8afb7bf2b7c028fb74dc5a068cccc
2026-04-27T05:07:39.5309368Z   key: Linux-gems-
2026-04-27T05:07:39.5309706Z   restore-keys: Linux-gems-
2026-04-27T05:07:39.5310069Z   enableCrossOsArchive: false
2026-04-27T05:07:39.5310462Z   fail-on-cache-miss: false
2026-04-27T05:07:39.5310816Z   lookup-only: false
2026-04-27T05:07:39.5311123Z   save-always: false
2026-04-27T05:07:39.5311418Z env:
2026-04-27T05:07:39.5311679Z   WAIT_INTERVAL: 30
2026-04-27T05:07:39.5311985Z ##[endgroup]
2026-04-27T05:07:39.9357970Z Cache hit for: Linux-gems-
2026-04-27T05:07:40.3115596Z Received 13127 of 13127 (100.0%), 0.2 MBs/sec
2026-04-27T05:07:40.3116694Z Cache Size: ~0 MB (13127 B)
2026-04-27T05:07:40.3160453Z [command]/usr/bin/tar -xf /home/runner/work/_temp/ac4caf58-1944-4d0b-9b7d-eebd92b26fe0/cache.tzst -P -C /home/runner/work/prismTask/prismTask --use-compress-program unzstd
2026-04-27T05:07:40.3220755Z Cache restored successfully
2026-04-27T05:07:40.3300240Z Cache restored from key: Linux-gems-
2026-04-27T05:07:40.3369570Z ##[group]Run bundle install --jobs 4 --retry 3
2026-04-27T05:07:40.3369906Z [36;1mbundle install --jobs 4 --retry 3[0m
2026-04-27T05:07:40.3391975Z shell: /usr/bin/bash --noprofile --norc -e -o pipefail {0}
2026-04-27T05:07:40.3392306Z env:
2026-04-27T05:07:40.3392474Z   WAIT_INTERVAL: 30
2026-04-27T05:07:40.3392665Z ##[endgroup]
2026-04-27T05:07:41.5885317Z Bundler 2.4.19 is running, but your lockfile was generated with 2.2.3. Installing Bundler 2.2.3 and restarting using that version.
2026-04-27T05:07:43.1120225Z Fetching gem metadata from https://rubygems.org/.
2026-04-27T05:07:43.1198774Z Fetching bundler 2.2.3
2026-04-27T05:07:43.2725210Z Installing bundler 2.2.3
2026-04-27T05:07:43.4631999Z Calling `DidYouMean::SPELL_CHECKERS.merge!(error_name => spell_checker)' has been deprecated. Please call `DidYouMean.correct_error(error_name, spell_checker)' instead.
2026-04-27T05:07:44.7535358Z Fetching gem metadata from https://rubygems.org/.........
2026-04-27T05:07:44.7630686Z Fetching public_suffix 4.0.7
2026-04-27T05:07:44.7635124Z Fetching concurrent-ruby 1.2.2
2026-04-27T05:07:44.7641469Z Fetching minitest 5.18.0
2026-04-27T05:07:44.7649543Z Fetching zeitwerk 2.6.7
2026-04-27T05:07:44.9039698Z Installing zeitwerk 2.6.7
2026-04-27T05:07:44.9213260Z Installing minitest 5.18.0
2026-04-27T05:07:44.9309584Z Installing public_suffix 4.0.7
2026-04-27T05:07:44.9616801Z Fetching ast 2.4.2
2026-04-27T05:07:44.9858120Z Installing concurrent-ruby 1.2.2
2026-04-27T05:07:44.9980509Z Installing ast 2.4.2
2026-04-27T05:07:45.0112854Z Using bundler 2.2.3
2026-04-27T05:07:45.0122024Z Fetching byebug 11.1.3
2026-04-27T05:07:45.0387131Z Fetching diff-lcs 1.4.4
2026-04-27T05:07:45.0782692Z Installing byebug 11.1.3 with native extensions
2026-04-27T05:07:45.0816414Z Installing diff-lcs 1.4.4
2026-04-27T05:07:45.1167629Z Fetching faraday-net_http 2.0.3
2026-04-27T05:07:45.1518750Z Installing faraday-net_http 2.0.3
2026-04-27T05:07:45.1668813Z Using ruby2_keywords 0.0.5
2026-04-27T05:07:45.1679939Z Fetching json 2.7.1
2026-04-27T05:07:45.2106991Z Installing json 2.7.1 with native extensions
2026-04-27T05:07:45.2164239Z Fetching language_server-protocol 3.17.0.3
2026-04-27T05:07:45.2619118Z Installing language_server-protocol 3.17.0.3
2026-04-27T05:07:45.3594591Z Fetching lint_roller 1.1.0
2026-04-27T05:07:45.4141856Z Installing lint_roller 1.1.0
2026-04-27T05:07:45.4286039Z Fetching parallel 1.24.0
2026-04-27T05:07:45.4767733Z Installing parallel 1.24.0
2026-04-27T05:07:45.4884104Z Fetching racc 1.7.3
2026-04-27T05:07:45.5348804Z Installing racc 1.7.3 with native extensions
2026-04-27T05:07:45.5818043Z Fetching rainbow 3.1.1
2026-04-27T05:07:45.6120521Z Installing rainbow 3.1.1
2026-04-27T05:07:45.6184067Z Fetching regexp_parser 2.8.3
2026-04-27T05:07:45.6670770Z Installing regexp_parser 2.8.3
2026-04-27T05:07:45.6922200Z Fetching rexml 3.2.6
2026-04-27T05:07:45.7271734Z Installing rexml 3.2.6
2026-04-27T05:07:45.8236508Z Fetching rspec-support 3.10.1
2026-04-27T05:07:45.8568069Z Installing rspec-support 3.10.1
2026-04-27T05:07:45.8692685Z Fetching ruby-progressbar 1.13.0
2026-04-27T05:07:45.9050584Z Installing ruby-progressbar 1.13.0
2026-04-27T05:07:45.9148651Z Fetching unicode-display_width 2.5.0
2026-04-27T05:07:45.9585978Z Installing unicode-display_width 2.5.0
2026-04-27T05:07:45.9648733Z Fetching addressable 2.8.0
2026-04-27T05:07:46.0023917Z Installing addressable 2.8.0
2026-04-27T05:07:46.0202706Z Fetching faraday 2.3.0
2026-04-27T05:07:46.0607217Z Installing faraday 2.3.0
2026-04-27T05:07:46.0827515Z Fetching i18n 1.12.0
2026-04-27T05:07:46.1247616Z Installing i18n 1.12.0
2026-04-27T05:07:46.1393691Z Fetching tzinfo 2.0.6
2026-04-27T05:07:46.1798128Z Installing tzinfo 2.0.6
2026-04-27T05:07:46.2028789Z Fetching rspec-core 3.10.1
2026-04-27T05:07:46.2785983Z Installing rspec-core 3.10.1
2026-04-27T05:07:46.3185802Z Fetching rspec-expectations 3.10.1
2026-04-27T05:07:46.3805794Z Installing rspec-expectations 3.10.1
2026-04-27T05:07:46.4045988Z Fetching rspec-mocks 3.10.1
2026-04-27T05:07:46.4795951Z Installing rspec-mocks 3.10.1
2026-04-27T05:07:46.5054635Z Fetching faraday-retry 2.0.0
2026-04-27T05:07:46.5655783Z Installing faraday-retry 2.0.0
2026-04-27T05:07:46.5745346Z Fetching sawyer 0.9.2
2026-04-27T05:07:46.6345900Z Installing sawyer 0.9.2
2026-04-27T05:07:46.6470741Z Fetching activesupport 6.1.7.3
2026-04-27T05:07:46.7168022Z Installing activesupport 6.1.7.3
2026-04-27T05:07:46.8077055Z Fetching rspec 3.10.0
2026-04-27T05:07:46.8691590Z Installing rspec 3.10.0
2026-04-27T05:07:46.8779515Z Fetching octokit 4.25.0
2026-04-27T05:07:46.9256318Z Fetching parser 3.2.2.4
2026-04-27T05:07:46.9910077Z Installing octokit 4.25.0
2026-04-27T05:07:47.0665725Z Installing parser 3.2.2.4
2026-04-27T05:07:47.1793237Z Fetching rubocop-ast 1.30.0
2026-04-27T05:07:47.2347393Z Installing rubocop-ast 1.30.0
2026-04-27T05:07:48.6627257Z Fetching rubocop 1.57.2
2026-04-27T05:07:48.7134637Z Installing rubocop 1.57.2
2026-04-27T05:07:48.8889150Z Fetching standard-custom 1.0.2
2026-04-27T05:07:48.8892235Z Fetching rubocop-performance 1.19.1
2026-04-27T05:07:48.9471547Z Installing standard-custom 1.0.2
2026-04-27T05:07:48.9522881Z Installing rubocop-performance 1.19.1
2026-04-27T05:07:48.9718536Z Fetching standard-performance 1.2.1
2026-04-27T05:07:49.0037378Z Installing standard-performance 1.2.1
2026-04-27T05:07:49.0106718Z Fetching standard 1.32.1
2026-04-27T05:07:49.0449640Z Installing standard 1.32.1
2026-04-27T05:07:49.1355900Z Bundle complete! 6 Gemfile dependencies, 40 gems now installed.
2026-04-27T05:07:49.1356690Z Use `bundle info [gemname]` to see where a bundled gem is installed.
2026-04-27T05:07:49.1932371Z ##[group]Run ruby entrypoint.rb
2026-04-27T05:07:49.1932647Z [36;1mruby entrypoint.rb[0m
2026-04-27T05:07:49.1954304Z shell: /usr/bin/bash --noprofile --norc -e -o pipefail {0}
2026-04-27T05:07:49.1954634Z env:
2026-04-27T05:07:49.1955410Z   WAIT_INTERVAL: 30
2026-04-27T05:07:49.1955874Z   ALLOWED_CONCLUSIONS: success,skipped,neutral
2026-04-27T05:07:49.1956155Z   IGNORE_CHECKS: 
2026-04-27T05:07:49.1956326Z   CHECK_NAME: 
2026-04-27T05:07:49.1956494Z   CHECK_REGEXP: 
2026-04-27T05:07:49.1956713Z   REF: 10e85c687e08485729e0e1ea1d4b581d3d0f8b1d
2026-04-27T05:07:49.1957204Z   REPO_TOKEN: ***
2026-04-27T05:07:49.1957395Z   VERBOSE: true
2026-04-27T05:07:49.1957581Z   RUNNING_WORKFLOW_NAME: Auto-merge
2026-04-27T05:07:49.1957824Z   API_ENDPOINT: 
2026-04-27T05:07:49.1958008Z ##[endgroup]
2026-04-27T05:07:50.1653491Z Checks running on ref:
2026-04-27T05:07:50.1655163Z Checks completed: capture-failure-log, capture-failure-log, capture-failure-log, e2e, connected-tests, cross-device-tests, test, web-lint-and-test, maybe-label
2026-04-27T05:07:50.1656138Z Checks in_progress: Auto-merge
2026-04-27T05:07:50.1656436Z Checks after ignore checks filter:
2026-04-27T05:07:50.1657213Z Checks completed: capture-failure-log, capture-failure-log, capture-failure-log, e2e, connected-tests, cross-device-tests, test, web-lint-and-test, maybe-label
2026-04-27T05:07:50.1658031Z Checks after check_name filter:
2026-04-27T05:07:50.1658770Z Checks completed: capture-failure-log, capture-failure-log, capture-failure-log, e2e, connected-tests, cross-device-tests, test, web-lint-and-test, maybe-label
2026-04-27T05:07:50.1659547Z Checks after Regexp filter:
2026-04-27T05:07:50.1660262Z Checks completed: capture-failure-log, capture-failure-log, capture-failure-log, e2e, connected-tests, cross-device-tests, test, web-lint-and-test, maybe-label
2026-04-27T05:07:50.1661020Z Checks completed:
2026-04-27T05:07:50.1661246Z capture-failure-log: completed (skipped)
2026-04-27T05:07:50.1661553Z capture-failure-log: completed (skipped)
2026-04-27T05:07:50.1661853Z capture-failure-log: completed (skipped)
2026-04-27T05:07:50.1662133Z e2e: completed (success)
2026-04-27T05:07:50.1662374Z connected-tests: completed (cancelled)
2026-04-27T05:07:50.1662674Z cross-device-tests: completed (cancelled)
2026-04-27T05:07:50.1662967Z test: completed (success)
2026-04-27T05:07:50.1663217Z web-lint-and-test: completed (success)
2026-04-27T05:07:50.1663501Z maybe-label: completed (success)
2026-04-27T05:07:50.1664258Z The conclusion of one or more checks were not allowed. Allowed conclusions are: success, skipped, neutral. This can be configured with the 'allowed-conclusions' param.
2026-04-27T05:07:50.1722799Z ##[error]Process completed with exit code 1.
2026-04-27T05:07:50.1832591Z Post job cleanup.
2026-04-27T05:07:50.1881300Z Cleaning up orphan processes
2026-04-27T05:07:50.2260418Z ##[warning]Node.js 20 actions are deprecated. The following actions are running on Node.js 20 and may not work as expected: actions/cache@v4. Actions will be forced to run with Node.js 24 by default starting June 2nd, 2026. Node.js 20 will be removed from the runner on September 16th, 2026. Please check if updated versions of these actions are available that support Node.js 24. To opt into Node.js 24 now, set the FORCE_JAVASCRIPT_ACTIONS_TO_NODE24=true environment variable on the runner or in your workflow file. Once Node.js 24 becomes the default, you can temporarily opt out by setting ACTIONS_ALLOW_USE_UNSECURE_NODE_VERSION=true. For more information see: https://github.blog/changelog/2025-09-19-deprecation-of-node-20-on-github-actions-runners/
