=== CI FAILURE ===
Workflow:      Auto-merge & Release
Workflow file: akarlin3/prismTask/.github/workflows/auto-merge.yml@refs/pull/783/merge
Job(s):        Auto-merge
Run ID:        24943309789
Run attempt:   1
Run URL:       https://github.com/akarlin3/prismTask/actions/runs/24943309789
Commit:        0c5928010e5f9bcb810fcb587c07fe1bb4d77484
Branch:        783/merge
Event:         pull_request
Actor:         akarlin3
Runner OS:     Linux
Timestamp:     2026-04-25T23:36:05.219Z

Failed steps:
  - Auto-merge: #3 Wait for all other CI checks to pass

=== FAILED JOB LOG ===

--- Job: Auto-merge (id 73040424239) ---
2026-04-25T23:34:36.8044154Z Current runner version: '2.333.1'
2026-04-25T23:34:36.8077700Z ##[group]Runner Image Provisioner
2026-04-25T23:34:36.8078793Z Hosted Compute Agent
2026-04-25T23:34:36.8079615Z Version: 20260213.493
2026-04-25T23:34:36.8080574Z Commit: 5c115507f6dd24b8de37d8bbe0bb4509d0cc0fa3
2026-04-25T23:34:36.8081588Z Build Date: 2026-02-13T00:28:41Z
2026-04-25T23:34:36.8082662Z Worker ID: {8c076b73-3419-4cf6-b8ab-37efeeaec5bd}
2026-04-25T23:34:36.8083703Z Azure Region: eastus2
2026-04-25T23:34:36.8084474Z ##[endgroup]
2026-04-25T23:34:36.8087245Z ##[group]Operating System
2026-04-25T23:34:36.8088178Z Ubuntu
2026-04-25T23:34:36.8088788Z 24.04.4
2026-04-25T23:34:36.8089597Z LTS
2026-04-25T23:34:36.8090230Z ##[endgroup]
2026-04-25T23:34:36.8090957Z ##[group]Runner Image
2026-04-25T23:34:36.8091956Z Image: ubuntu-24.04
2026-04-25T23:34:36.8092672Z Version: 20260413.86.1
2026-04-25T23:34:36.8094532Z Included Software: https://github.com/actions/runner-images/blob/ubuntu24/20260413.86/images/ubuntu/Ubuntu2404-Readme.md
2026-04-25T23:34:36.8097027Z Image Release: https://github.com/actions/runner-images/releases/tag/ubuntu24%2F20260413.86
2026-04-25T23:34:36.8098594Z ##[endgroup]
2026-04-25T23:34:36.8100564Z ##[group]GITHUB_TOKEN Permissions
2026-04-25T23:34:36.8103407Z Actions: read
2026-04-25T23:34:36.8104154Z Checks: read
2026-04-25T23:34:36.8104898Z Contents: write
2026-04-25T23:34:36.8105694Z Metadata: read
2026-04-25T23:34:36.8106619Z PullRequests: write
2026-04-25T23:34:36.8107428Z ##[endgroup]
2026-04-25T23:34:36.8110301Z Secret source: Actions
2026-04-25T23:34:36.8111804Z Prepare workflow directory
2026-04-25T23:34:36.8634588Z Prepare all required actions
2026-04-25T23:34:36.8687628Z Getting action download info
2026-04-25T23:34:37.0905935Z Download action repository 'lewagon/wait-on-check-action@ccfb013c15c8afb7bf2b7c028fb74dc5a068cccc' (SHA:ccfb013c15c8afb7bf2b7c028fb74dc5a068cccc)
2026-04-25T23:34:37.4299559Z Getting action download info
2026-04-25T23:34:37.5580055Z Download action repository 'ruby/setup-ruby@v1' (SHA:0cb964fd540e0a24c900370abf38a33466142735)
2026-04-25T23:34:37.7998625Z Download action repository 'actions/cache@v4' (SHA:0057852bfaa89a56745cba8c7296529d2fc39830)
2026-04-25T23:34:37.9559395Z Complete job name: Auto-merge
2026-04-25T23:34:38.0213200Z ##[group]Run set -euo pipefail
2026-04-25T23:34:38.0214304Z [36;1mset -euo pipefail[0m
2026-04-25T23:34:38.0215580Z [36;1m# Audit item #5 — poll check-runs for up to 60s instead of a bare[0m
2026-04-25T23:34:38.0217476Z [36;1m# 20s sleep. On a busy runner cohort the initial 20s wasn't enough[0m
2026-04-25T23:34:38.0219166Z [36;1m# for the API to reflect queued workflow runs, which could merge[0m
2026-04-25T23:34:38.0220834Z [36;1m# PRs without waiting for CI. Bail out early as soon as ≥1 real[0m
2026-04-25T23:34:38.0222172Z [36;1m# check shows up.[0m
2026-04-25T23:34:38.0223025Z [36;1mCOUNT=0[0m
2026-04-25T23:34:38.0223781Z [36;1mfor i in $(seq 1 6); do[0m
2026-04-25T23:34:38.0224693Z [36;1m  sleep 10[0m
2026-04-25T23:34:38.0225966Z [36;1m  COUNT=$(gh api "repos/$REPO/commits/$HEAD_SHA/check-runs" \[0m
2026-04-25T23:34:38.0227650Z [36;1m    --jq '[.check_runs[] | select(.name != "Auto-merge")] | length')[0m
2026-04-25T23:34:38.0229078Z [36;1m  if [ "$COUNT" -gt 0 ]; then[0m
2026-04-25T23:34:38.0230315Z [36;1m    echo "Found $COUNT non-Auto-merge check(s) after ${i}0s"[0m
2026-04-25T23:34:38.0231557Z [36;1m    break[0m
2026-04-25T23:34:38.0232308Z [36;1m  fi[0m
2026-04-25T23:34:38.0233235Z [36;1m  echo "No non-Auto-merge checks yet (attempt $i/6)"[0m
2026-04-25T23:34:38.0234953Z [36;1mdone[0m
2026-04-25T23:34:38.0236116Z [36;1mif [ "$COUNT" -gt 0 ]; then[0m
2026-04-25T23:34:38.0237429Z [36;1m  echo "has_ci=true" >> "$GITHUB_OUTPUT"[0m
2026-04-25T23:34:38.0238868Z [36;1melse[0m
2026-04-25T23:34:38.0240096Z [36;1m  echo "has_ci=false" >> "$GITHUB_OUTPUT"[0m
2026-04-25T23:34:38.0242262Z [36;1m  echo "No CI checks on this PR after 60s — will merge without waiting."[0m
2026-04-25T23:34:38.0244361Z [36;1mfi[0m
2026-04-25T23:34:38.0273043Z shell: /usr/bin/bash -e {0}
2026-04-25T23:34:38.0274163Z env:
2026-04-25T23:34:38.0274876Z   WAIT_INTERVAL: 30
2026-04-25T23:34:38.0276276Z   GH_TOKEN: ***
2026-04-25T23:34:38.0277171Z   HEAD_SHA: b14642f1db93171a05f73d897b3c3987d79c2667
2026-04-25T23:34:38.0278305Z   REPO: akarlin3/prismTask
2026-04-25T23:34:38.0279148Z ##[endgroup]
2026-04-25T23:34:48.4723338Z Found 8 non-Auto-merge check(s) after 10s
2026-04-25T23:34:48.4950472Z ##[group]Run lewagon/wait-on-check-action@ccfb013c15c8afb7bf2b7c028fb74dc5a068cccc
2026-04-25T23:34:48.4950972Z with:
2026-04-25T23:34:48.4951247Z   ref: b14642f1db93171a05f73d897b3c3987d79c2667
2026-04-25T23:34:48.4951589Z   running-workflow-name: Auto-merge
2026-04-25T23:34:48.4952250Z   repo-token: ***
2026-04-25T23:34:48.4952513Z   wait-interval: 30
2026-04-25T23:34:48.4952797Z   allowed-conclusions: success,skipped,neutral
2026-04-25T23:34:48.4953130Z   verbose: true
2026-04-25T23:34:48.4953409Z env:
2026-04-25T23:34:48.4953625Z   WAIT_INTERVAL: 30
2026-04-25T23:34:48.4953884Z ##[endgroup]
2026-04-25T23:34:48.5087843Z ##[group]Run ruby/setup-ruby@v1
2026-04-25T23:34:48.5088175Z with:
2026-04-25T23:34:48.5088408Z   ruby-version: 3.2
2026-04-25T23:34:48.5088691Z   bundler-cache: false
2026-04-25T23:34:48.5089097Z   token: ***
2026-04-25T23:34:48.5089322Z env:
2026-04-25T23:34:48.5089543Z   WAIT_INTERVAL: 30
2026-04-25T23:34:48.5089778Z ##[endgroup]
2026-04-25T23:34:48.6304126Z ##[group]Modifying PATH
2026-04-25T23:34:48.6304549Z Entries added to PATH to use selected Ruby:
2026-04-25T23:34:48.6306138Z   /opt/hostedtoolcache/Ruby/3.2.11/x64/bin
2026-04-25T23:34:48.6306772Z ##[endgroup]
2026-04-25T23:34:48.6307905Z ##[group]Print Ruby version
2026-04-25T23:34:48.6342425Z [command]/opt/hostedtoolcache/Ruby/3.2.11/x64/bin/ruby --version
2026-04-25T23:34:48.6615137Z ruby 3.2.11 (2026-03-27 revision 5483bfc1ae) [x86_64-linux]
2026-04-25T23:34:48.6645008Z Took   0.03 seconds
2026-04-25T23:34:48.6646009Z ##[endgroup]
2026-04-25T23:34:48.6647197Z ##[group]Installing Bundler
2026-04-25T23:34:48.6650437Z Using Bundler shipped with ruby-3.2.11
2026-04-25T23:34:48.6651331Z Took   0.00 seconds
2026-04-25T23:34:48.6652403Z ##[endgroup]
2026-04-25T23:34:48.7371059Z ##[group]Run actions/cache@v4
2026-04-25T23:34:48.7371389Z with:
2026-04-25T23:34:48.7371867Z   path: /home/runner/work/_actions/lewagon/wait-on-check-action/ccfb013c15c8afb7bf2b7c028fb74dc5a068cccc
2026-04-25T23:34:48.7372427Z   key: Linux-gems-
2026-04-25T23:34:48.7372675Z   restore-keys: Linux-gems-
2026-04-25T23:34:48.7372962Z   enableCrossOsArchive: false
2026-04-25T23:34:48.7373235Z   fail-on-cache-miss: false
2026-04-25T23:34:48.7373500Z   lookup-only: false
2026-04-25T23:34:48.7373743Z   save-always: false
2026-04-25T23:34:48.7373970Z env:
2026-04-25T23:34:48.7374184Z   WAIT_INTERVAL: 30
2026-04-25T23:34:48.7374416Z ##[endgroup]
2026-04-25T23:34:48.9445030Z Cache hit for: Linux-gems-
2026-04-25T23:34:49.0133458Z Received 13134 of 13134 (100.0%), 0.8 MBs/sec
2026-04-25T23:34:49.0134468Z Cache Size: ~0 MB (13134 B)
2026-04-25T23:34:49.0172133Z [command]/usr/bin/tar -xf /home/runner/work/_temp/40ac395d-b0d3-4e49-a31c-5bdfde0919ef/cache.tzst -P -C /home/runner/work/prismTask/prismTask --use-compress-program unzstd
2026-04-25T23:34:49.0234506Z Cache restored successfully
2026-04-25T23:34:49.0314531Z Cache restored from key: Linux-gems-
2026-04-25T23:34:49.0393392Z ##[group]Run bundle install --jobs 4 --retry 3
2026-04-25T23:34:49.0393756Z [36;1mbundle install --jobs 4 --retry 3[0m
2026-04-25T23:34:49.0419178Z shell: /usr/bin/bash --noprofile --norc -e -o pipefail {0}
2026-04-25T23:34:49.0419517Z env:
2026-04-25T23:34:49.0419710Z   WAIT_INTERVAL: 30
2026-04-25T23:34:49.0419916Z ##[endgroup]
2026-04-25T23:34:49.2330578Z Bundler 2.4.19 is running, but your lockfile was generated with 2.2.3. Installing Bundler 2.2.3 and restarting using that version.
2026-04-25T23:34:50.0610013Z Fetching gem metadata from https://rubygems.org/.
2026-04-25T23:34:50.0681920Z Fetching bundler 2.2.3
2026-04-25T23:34:50.1799732Z Installing bundler 2.2.3
2026-04-25T23:34:50.3732011Z Calling `DidYouMean::SPELL_CHECKERS.merge!(error_name => spell_checker)' has been deprecated. Please call `DidYouMean.correct_error(error_name, spell_checker)' instead.
2026-04-25T23:34:51.6889224Z Fetching gem metadata from https://rubygems.org/.........
2026-04-25T23:34:51.6981866Z Fetching concurrent-ruby 1.2.2
2026-04-25T23:34:51.7049326Z Fetching public_suffix 4.0.7
2026-04-25T23:34:51.7265072Z Fetching zeitwerk 2.6.7
2026-04-25T23:34:51.7696940Z Fetching minitest 5.18.0
2026-04-25T23:34:51.8192869Z Installing zeitwerk 2.6.7
2026-04-25T23:34:51.8400563Z Installing minitest 5.18.0
2026-04-25T23:34:51.8461352Z Installing public_suffix 4.0.7
2026-04-25T23:34:51.8836059Z Fetching ast 2.4.2
2026-04-25T23:34:51.9101520Z Installing concurrent-ruby 1.2.2
2026-04-25T23:34:51.9224978Z Using bundler 2.2.3
2026-04-25T23:34:51.9233122Z Fetching byebug 11.1.3
2026-04-25T23:34:51.9533381Z Fetching diff-lcs 1.4.4
2026-04-25T23:34:51.9799430Z Installing ast 2.4.2
2026-04-25T23:34:51.9917619Z Fetching faraday-net_http 2.0.3
2026-04-25T23:34:52.0203630Z Installing byebug 11.1.3 with native extensions
2026-04-25T23:34:52.0494676Z Installing diff-lcs 1.4.4
2026-04-25T23:34:52.0540430Z Installing faraday-net_http 2.0.3
2026-04-25T23:34:52.0679827Z Using ruby2_keywords 0.0.5
2026-04-25T23:34:52.0686428Z Fetching json 2.7.1
2026-04-25T23:34:52.1280752Z Installing json 2.7.1 with native extensions
2026-04-25T23:34:52.1453612Z Fetching language_server-protocol 3.17.0.3
2026-04-25T23:34:52.2200611Z Installing language_server-protocol 3.17.0.3
2026-04-25T23:34:52.2230838Z Fetching lint_roller 1.1.0
2026-04-25T23:34:52.2888044Z Installing lint_roller 1.1.0
2026-04-25T23:34:52.3043577Z Fetching parallel 1.24.0
2026-04-25T23:34:52.3549130Z Installing parallel 1.24.0
2026-04-25T23:34:52.3624498Z Fetching racc 1.7.3
2026-04-25T23:34:52.4327444Z Installing racc 1.7.3 with native extensions
2026-04-25T23:34:52.4491678Z Fetching rainbow 3.1.1
2026-04-25T23:34:52.4974274Z Installing rainbow 3.1.1
2026-04-25T23:34:52.5057116Z Fetching regexp_parser 2.8.3
2026-04-25T23:34:52.5810153Z Installing regexp_parser 2.8.3
2026-04-25T23:34:52.6217196Z Fetching rexml 3.2.6
2026-04-25T23:34:52.6977017Z Installing rexml 3.2.6
2026-04-25T23:34:52.8474048Z Fetching rspec-support 3.10.1
2026-04-25T23:34:52.9176962Z Installing rspec-support 3.10.1
2026-04-25T23:34:52.9376669Z Fetching ruby-progressbar 1.13.0
2026-04-25T23:34:53.0006884Z Installing ruby-progressbar 1.13.0
2026-04-25T23:34:53.0156745Z Fetching unicode-display_width 2.5.0
2026-04-25T23:34:53.0776807Z Installing unicode-display_width 2.5.0
2026-04-25T23:34:53.0876598Z Fetching addressable 2.8.0
2026-04-25T23:34:53.1372796Z Fetching faraday 2.3.0
2026-04-25T23:34:53.1690811Z Installing addressable 2.8.0
2026-04-25T23:34:53.1944389Z Installing faraday 2.3.0
2026-04-25T23:34:53.1962634Z Fetching i18n 1.12.0
2026-04-25T23:34:53.2696520Z Fetching tzinfo 2.0.6
2026-04-25T23:34:53.3056851Z Installing i18n 1.12.0
2026-04-25T23:34:53.3287045Z Fetching rspec-core 3.10.1
2026-04-25T23:34:53.3702055Z Installing tzinfo 2.0.6
2026-04-25T23:34:53.4001174Z Fetching rspec-expectations 3.10.1
2026-04-25T23:34:53.4455522Z Installing rspec-core 3.10.1
2026-04-25T23:34:53.4789301Z Installing rspec-expectations 3.10.1
2026-04-25T23:34:53.5141854Z Fetching rspec-mocks 3.10.1
2026-04-25T23:34:53.5563215Z Fetching parser 3.2.2.4
2026-04-25T23:34:53.6386562Z Installing rspec-mocks 3.10.1
2026-04-25T23:34:53.6650776Z Fetching faraday-retry 2.0.0
2026-04-25T23:34:53.7164714Z Installing faraday-retry 2.0.0
2026-04-25T23:34:53.7297747Z Fetching sawyer 0.9.2
2026-04-25T23:34:53.8042674Z Installing parser 3.2.2.4
2026-04-25T23:34:53.8146631Z Installing sawyer 0.9.2
2026-04-25T23:34:53.8307514Z Fetching activesupport 6.1.7.3
2026-04-25T23:34:53.9240450Z Installing activesupport 6.1.7.3
2026-04-25T23:34:54.0185675Z Fetching rspec 3.10.0
2026-04-25T23:34:54.0853627Z Installing rspec 3.10.0
2026-04-25T23:34:54.0988150Z Fetching octokit 4.25.0
2026-04-25T23:34:54.1407260Z Fetching rubocop-ast 1.30.0
2026-04-25T23:34:54.2087162Z Installing rubocop-ast 1.30.0
2026-04-25T23:34:54.2146472Z Installing octokit 4.25.0
2026-04-25T23:34:55.1107525Z Fetching rubocop 1.57.2
2026-04-25T23:34:55.1989751Z Installing rubocop 1.57.2
2026-04-25T23:34:55.3608153Z Fetching rubocop-performance 1.19.1
2026-04-25T23:34:55.3610438Z Fetching standard-custom 1.0.2
2026-04-25T23:34:55.4294385Z Installing standard-custom 1.0.2
2026-04-25T23:34:55.4346597Z Installing rubocop-performance 1.19.1
2026-04-25T23:34:55.4499740Z Fetching standard-performance 1.2.1
2026-04-25T23:34:55.4962650Z Installing standard-performance 1.2.1
2026-04-25T23:34:55.5025930Z Fetching standard 1.32.1
2026-04-25T23:34:55.5635340Z Installing standard 1.32.1
2026-04-25T23:34:55.5862250Z Bundle complete! 6 Gemfile dependencies, 40 gems now installed.
2026-04-25T23:34:55.5863278Z Use `bundle info [gemname]` to see where a bundled gem is installed.
2026-04-25T23:34:55.7229761Z ##[group]Run ruby entrypoint.rb
2026-04-25T23:34:55.7230077Z [36;1mruby entrypoint.rb[0m
2026-04-25T23:34:55.7253255Z shell: /usr/bin/bash --noprofile --norc -e -o pipefail {0}
2026-04-25T23:34:55.7253590Z env:
2026-04-25T23:34:55.7253767Z   WAIT_INTERVAL: 30
2026-04-25T23:34:55.7254018Z   ALLOWED_CONCLUSIONS: success,skipped,neutral
2026-04-25T23:34:55.7254298Z   IGNORE_CHECKS: 
2026-04-25T23:34:55.7254487Z   CHECK_NAME: 
2026-04-25T23:34:55.7254659Z   CHECK_REGEXP: 
2026-04-25T23:34:55.7254890Z   REF: b14642f1db93171a05f73d897b3c3987d79c2667
2026-04-25T23:34:55.7255392Z   REPO_TOKEN: ***
2026-04-25T23:34:55.7255603Z   VERBOSE: true
2026-04-25T23:34:55.7256073Z   RUNNING_WORKFLOW_NAME: Auto-merge
2026-04-25T23:34:55.7256332Z   API_ENDPOINT: 
2026-04-25T23:34:55.7256531Z ##[endgroup]
2026-04-25T23:35:57.1711351Z Checks running on ref:
2026-04-25T23:35:57.1712124Z Checks completed: connected-tests, cross-device-tests, capture-failure-log, lint-and-test, maybe-label
2026-04-25T23:35:57.1712735Z Checks in_progress: web-lint-and-test, test, autofix, Auto-merge
2026-04-25T23:35:57.1713084Z Checks after ignore checks filter:
2026-04-25T23:35:57.1713573Z Checks completed: connected-tests, cross-device-tests, capture-failure-log, lint-and-test, maybe-label
2026-04-25T23:35:57.1714090Z Checks in_progress: web-lint-and-test, test, autofix
2026-04-25T23:35:57.1714384Z Checks after check_name filter:
2026-04-25T23:35:57.1714823Z Checks completed: connected-tests, cross-device-tests, capture-failure-log, lint-and-test, maybe-label
2026-04-25T23:35:57.1715307Z Checks in_progress: web-lint-and-test, test, autofix
2026-04-25T23:35:57.1715590Z Checks after Regexp filter:
2026-04-25T23:35:57.1716225Z Checks completed: connected-tests, cross-device-tests, capture-failure-log, lint-and-test, maybe-label
2026-04-25T23:35:57.1716757Z Checks in_progress: web-lint-and-test, test, autofix
2026-04-25T23:35:57.1717157Z The requested checks aren't complete yet, will check back in 30 seconds...
2026-04-25T23:35:57.1717517Z Checks running on ref:
2026-04-25T23:35:57.1718206Z Checks completed: capture-failure-log, capture-failure-log, firebase-distribute, connected-tests, cross-device-tests, capture-failure-log, test, lint-and-test, autofix, maybe-label
2026-04-25T23:35:57.1718959Z Checks in_progress: web-lint-and-test, Auto-merge
2026-04-25T23:35:57.1719264Z Checks after ignore checks filter:
2026-04-25T23:35:57.1719972Z Checks completed: capture-failure-log, capture-failure-log, firebase-distribute, connected-tests, cross-device-tests, capture-failure-log, test, lint-and-test, autofix, maybe-label
2026-04-25T23:35:57.1720695Z Checks in_progress: web-lint-and-test
2026-04-25T23:35:57.1720949Z Checks after check_name filter:
2026-04-25T23:35:57.1721631Z Checks completed: capture-failure-log, capture-failure-log, firebase-distribute, connected-tests, cross-device-tests, capture-failure-log, test, lint-and-test, autofix, maybe-label
2026-04-25T23:35:57.1722338Z Checks in_progress: web-lint-and-test
2026-04-25T23:35:57.1722592Z Checks after Regexp filter:
2026-04-25T23:35:57.1723263Z Checks completed: capture-failure-log, capture-failure-log, firebase-distribute, connected-tests, cross-device-tests, capture-failure-log, test, lint-and-test, autofix, maybe-label
2026-04-25T23:35:57.1724375Z Checks in_progress: web-lint-and-test
2026-04-25T23:35:57.1724733Z The requested checks aren't complete yet, will check back in 30 seconds...
2026-04-25T23:35:57.1725089Z Checks running on ref:
2026-04-25T23:35:57.1726325Z Checks completed: capture-failure-log, e2e, capture-failure-log, capture-failure-log, firebase-distribute, connected-tests, web-lint-and-test, cross-device-tests, capture-failure-log, test, lint-and-test, autofix, maybe-label
2026-04-25T23:35:57.1727405Z Checks in_progress: Auto-merge
2026-04-25T23:35:57.1727664Z Checks after ignore checks filter:
2026-04-25T23:35:57.1728531Z Checks completed: capture-failure-log, e2e, capture-failure-log, capture-failure-log, firebase-distribute, connected-tests, web-lint-and-test, cross-device-tests, capture-failure-log, test, lint-and-test, autofix, maybe-label
2026-04-25T23:35:57.1729389Z Checks after check_name filter:
2026-04-25T23:35:57.1730220Z Checks completed: capture-failure-log, e2e, capture-failure-log, capture-failure-log, firebase-distribute, connected-tests, web-lint-and-test, cross-device-tests, capture-failure-log, test, lint-and-test, autofix, maybe-label
2026-04-25T23:35:57.1731077Z Checks after Regexp filter:
2026-04-25T23:35:57.1732025Z Checks completed: capture-failure-log, e2e, capture-failure-log, capture-failure-log, firebase-distribute, connected-tests, web-lint-and-test, cross-device-tests, capture-failure-log, test, lint-and-test, autofix, maybe-label
2026-04-25T23:35:57.1732859Z Checks completed:
2026-04-25T23:35:57.1733077Z capture-failure-log: completed (skipped)
2026-04-25T23:35:57.1733347Z e2e: completed (cancelled)
2026-04-25T23:35:57.1733584Z capture-failure-log: completed (skipped)
2026-04-25T23:35:57.1733847Z capture-failure-log: completed (skipped)
2026-04-25T23:35:57.1734100Z firebase-distribute: completed (skipped)
2026-04-25T23:35:57.1734363Z connected-tests: completed (skipped)
2026-04-25T23:35:57.1734633Z web-lint-and-test: completed (cancelled)
2026-04-25T23:35:57.1734903Z cross-device-tests: completed (skipped)
2026-04-25T23:35:57.1735177Z capture-failure-log: completed (skipped)
2026-04-25T23:35:57.1735445Z test: completed (success)
2026-04-25T23:35:57.1735677Z lint-and-test: completed (success)
2026-04-25T23:35:57.1736057Z autofix: completed (success)
2026-04-25T23:35:57.1736316Z maybe-label: completed (success)
2026-04-25T23:35:57.1736971Z The conclusion of one or more checks were not allowed. Allowed conclusions are: success, skipped, neutral. This can be configured with the 'allowed-conclusions' param.
2026-04-25T23:35:57.1796972Z ##[error]Process completed with exit code 1.
2026-04-25T23:35:57.1919654Z Post job cleanup.
2026-04-25T23:35:57.1978077Z Cleaning up orphan processes
2026-04-25T23:35:57.2254389Z ##[warning]Node.js 20 actions are deprecated. The following actions are running on Node.js 20 and may not work as expected: actions/cache@v4. Actions will be forced to run with Node.js 24 by default starting June 2nd, 2026. Node.js 20 will be removed from the runner on September 16th, 2026. Please check if updated versions of these actions are available that support Node.js 24. To opt into Node.js 24 now, set the FORCE_JAVASCRIPT_ACTIONS_TO_NODE24=true environment variable on the runner or in your workflow file. Once Node.js 24 becomes the default, you can temporarily opt out by setting ACTIONS_ALLOW_USE_UNSECURE_NODE_VERSION=true. For more information see: https://github.blog/changelog/2025-09-19-deprecation-of-node-20-on-github-actions-runners/
