=== CI FAILURE ===
Workflow:      Auto-merge & Release
Workflow file: akarlin3/prismTask/.github/workflows/auto-merge.yml@refs/pull/760/merge
Job(s):        Auto-merge
Run ID:        24919343651
Run attempt:   1
Run URL:       https://github.com/akarlin3/prismTask/actions/runs/24919343651
Commit:        67c9c5d955ee5b6a1bcdb0fae2bfe8fdeac80ca8
Branch:        760/merge
Event:         pull_request
Actor:         akarlin3
Runner OS:     Linux
Timestamp:     2026-04-25T01:49:31.749Z

Failed steps:
  - Auto-merge: #3 Wait for all other CI checks to pass

=== FAILED JOB LOG ===

--- Job: Auto-merge (id 72977733391) ---
2026-04-25T01:31:15.2121063Z Current runner version: '2.333.1'
2026-04-25T01:31:15.2154717Z ##[group]Runner Image Provisioner
2026-04-25T01:31:15.2155910Z Hosted Compute Agent
2026-04-25T01:31:15.2156953Z Version: 20260213.493
2026-04-25T01:31:15.2158060Z Commit: 5c115507f6dd24b8de37d8bbe0bb4509d0cc0fa3
2026-04-25T01:31:15.2159248Z Build Date: 2026-02-13T00:28:41Z
2026-04-25T01:31:15.2160433Z Worker ID: {25d38a6b-329d-4899-addc-694e728a1018}
2026-04-25T01:31:15.2161608Z Azure Region: centralus
2026-04-25T01:31:15.2162489Z ##[endgroup]
2026-04-25T01:31:15.2165219Z ##[group]Operating System
2026-04-25T01:31:15.2166325Z Ubuntu
2026-04-25T01:31:15.2167075Z 24.04.4
2026-04-25T01:31:15.2167943Z LTS
2026-04-25T01:31:15.2168637Z ##[endgroup]
2026-04-25T01:31:15.2169421Z ##[group]Runner Image
2026-04-25T01:31:15.2170400Z Image: ubuntu-24.04
2026-04-25T01:31:15.2171393Z Version: 20260413.86.1
2026-04-25T01:31:15.2173380Z Included Software: https://github.com/actions/runner-images/blob/ubuntu24/20260413.86/images/ubuntu/Ubuntu2404-Readme.md
2026-04-25T01:31:15.2176346Z Image Release: https://github.com/actions/runner-images/releases/tag/ubuntu24%2F20260413.86
2026-04-25T01:31:15.2178075Z ##[endgroup]
2026-04-25T01:31:15.2180490Z ##[group]GITHUB_TOKEN Permissions
2026-04-25T01:31:15.2183191Z Actions: read
2026-04-25T01:31:15.2184172Z Checks: read
2026-04-25T01:31:15.2185295Z Contents: write
2026-04-25T01:31:15.2186175Z Metadata: read
2026-04-25T01:31:15.2186949Z PullRequests: write
2026-04-25T01:31:15.2187968Z ##[endgroup]
2026-04-25T01:31:15.2190596Z Secret source: Actions
2026-04-25T01:31:15.2192125Z Prepare workflow directory
2026-04-25T01:31:15.2654651Z Prepare all required actions
2026-04-25T01:31:15.2708797Z Getting action download info
2026-04-25T01:31:15.5857743Z Download action repository 'lewagon/wait-on-check-action@ccfb013c15c8afb7bf2b7c028fb74dc5a068cccc' (SHA:ccfb013c15c8afb7bf2b7c028fb74dc5a068cccc)
2026-04-25T01:31:16.1236879Z Getting action download info
2026-04-25T01:31:16.2732056Z Download action repository 'ruby/setup-ruby@v1' (SHA:0cb964fd540e0a24c900370abf38a33466142735)
2026-04-25T01:31:16.9561701Z Download action repository 'actions/cache@v4' (SHA:0057852bfaa89a56745cba8c7296529d2fc39830)
2026-04-25T01:31:17.1062243Z Complete job name: Auto-merge
2026-04-25T01:31:17.1731936Z ##[group]Run set -euo pipefail
2026-04-25T01:31:17.1733052Z [36;1mset -euo pipefail[0m
2026-04-25T01:31:17.1734652Z [36;1m# Audit item #5 — poll check-runs for up to 60s instead of a bare[0m
2026-04-25T01:31:17.1736450Z [36;1m# 20s sleep. On a busy runner cohort the initial 20s wasn't enough[0m
2026-04-25T01:31:17.1738182Z [36;1m# for the API to reflect queued workflow runs, which could merge[0m
2026-04-25T01:31:17.1739888Z [36;1m# PRs without waiting for CI. Bail out early as soon as ≥1 real[0m
2026-04-25T01:31:17.1741260Z [36;1m# check shows up.[0m
2026-04-25T01:31:17.1742146Z [36;1mCOUNT=0[0m
2026-04-25T01:31:17.1742933Z [36;1mfor i in $(seq 1 6); do[0m
2026-04-25T01:31:17.1743884Z [36;1m  sleep 10[0m
2026-04-25T01:31:17.1745174Z [36;1m  COUNT=$(gh api "repos/$REPO/commits/$HEAD_SHA/check-runs" \[0m
2026-04-25T01:31:17.1746861Z [36;1m    --jq '[.check_runs[] | select(.name != "Auto-merge")] | length')[0m
2026-04-25T01:31:17.1748303Z [36;1m  if [ "$COUNT" -gt 0 ]; then[0m
2026-04-25T01:31:17.1749599Z [36;1m    echo "Found $COUNT non-Auto-merge check(s) after ${i}0s"[0m
2026-04-25T01:31:17.1750903Z [36;1m    break[0m
2026-04-25T01:31:17.1751675Z [36;1m  fi[0m
2026-04-25T01:31:17.1752658Z [36;1m  echo "No non-Auto-merge checks yet (attempt $i/6)"[0m
2026-04-25T01:31:17.1753892Z [36;1mdone[0m
2026-04-25T01:31:17.1754827Z [36;1mif [ "$COUNT" -gt 0 ]; then[0m
2026-04-25T01:31:17.1755932Z [36;1m  echo "has_ci=true" >> "$GITHUB_OUTPUT"[0m
2026-04-25T01:31:17.1757028Z [36;1melse[0m
2026-04-25T01:31:17.1757893Z [36;1m  echo "has_ci=false" >> "$GITHUB_OUTPUT"[0m
2026-04-25T01:31:17.1759409Z [36;1m  echo "No CI checks on this PR after 60s — will merge without waiting."[0m
2026-04-25T01:31:17.1760826Z [36;1mfi[0m
2026-04-25T01:31:17.1787074Z shell: /usr/bin/bash -e {0}
2026-04-25T01:31:17.1788324Z env:
2026-04-25T01:31:17.1789048Z   WAIT_INTERVAL: 30
2026-04-25T01:31:17.1790212Z   GH_TOKEN: ***
2026-04-25T01:31:17.1791178Z   HEAD_SHA: c0e7bacf12a4bc2084e8e1fa8d7dba0a23e6f249
2026-04-25T01:31:17.1792381Z   REPO: akarlin3/prismTask
2026-04-25T01:31:17.1793244Z ##[endgroup]
2026-04-25T01:31:28.0092882Z Found 6 non-Auto-merge check(s) after 10s
2026-04-25T01:31:28.0327122Z ##[group]Run lewagon/wait-on-check-action@ccfb013c15c8afb7bf2b7c028fb74dc5a068cccc
2026-04-25T01:31:28.0327617Z with:
2026-04-25T01:31:28.0327875Z   ref: c0e7bacf12a4bc2084e8e1fa8d7dba0a23e6f249
2026-04-25T01:31:28.0328213Z   running-workflow-name: Auto-merge
2026-04-25T01:31:28.0328875Z   repo-token: ***
2026-04-25T01:31:28.0329115Z   wait-interval: 30
2026-04-25T01:31:28.0329389Z   allowed-conclusions: success,skipped,neutral
2026-04-25T01:31:28.0329695Z   verbose: true
2026-04-25T01:31:28.0329993Z env:
2026-04-25T01:31:28.0330190Z   WAIT_INTERVAL: 30
2026-04-25T01:31:28.0330437Z ##[endgroup]
2026-04-25T01:31:28.0470980Z ##[group]Run ruby/setup-ruby@v1
2026-04-25T01:31:28.0471275Z with:
2026-04-25T01:31:28.0471499Z   ruby-version: 3.2
2026-04-25T01:31:28.0471745Z   bundler-cache: false
2026-04-25T01:31:28.0472132Z   token: ***
2026-04-25T01:31:28.0472337Z env:
2026-04-25T01:31:28.0472536Z   WAIT_INTERVAL: 30
2026-04-25T01:31:28.0472756Z ##[endgroup]
2026-04-25T01:31:28.2061873Z ##[group]Modifying PATH
2026-04-25T01:31:28.2062486Z Entries added to PATH to use selected Ruby:
2026-04-25T01:31:28.2063983Z   /opt/hostedtoolcache/Ruby/3.2.11/x64/bin
2026-04-25T01:31:28.2068794Z ##[endgroup]
2026-04-25T01:31:28.2070118Z ##[group]Print Ruby version
2026-04-25T01:31:28.2145527Z [command]/opt/hostedtoolcache/Ruby/3.2.11/x64/bin/ruby --version
2026-04-25T01:31:28.3283876Z ruby 3.2.11 (2026-03-27 revision 5483bfc1ae) [x86_64-linux]
2026-04-25T01:31:28.3315397Z Took   0.12 seconds
2026-04-25T01:31:28.3316326Z ##[endgroup]
2026-04-25T01:31:28.3317565Z ##[group]Installing Bundler
2026-04-25T01:31:28.3322649Z Using Bundler shipped with ruby-3.2.11
2026-04-25T01:31:28.3323253Z Took   0.00 seconds
2026-04-25T01:31:28.3325588Z ##[endgroup]
2026-04-25T01:31:28.4085429Z ##[group]Run actions/cache@v4
2026-04-25T01:31:28.4085738Z with:
2026-04-25T01:31:28.4086185Z   path: /home/runner/work/_actions/lewagon/wait-on-check-action/ccfb013c15c8afb7bf2b7c028fb74dc5a068cccc
2026-04-25T01:31:28.4086698Z   key: Linux-gems-
2026-04-25T01:31:28.4086930Z   restore-keys: Linux-gems-
2026-04-25T01:31:28.4087198Z   enableCrossOsArchive: false
2026-04-25T01:31:28.4087455Z   fail-on-cache-miss: false
2026-04-25T01:31:28.4087709Z   lookup-only: false
2026-04-25T01:31:28.4087943Z   save-always: false
2026-04-25T01:31:28.4088157Z env:
2026-04-25T01:31:28.4088357Z   WAIT_INTERVAL: 30
2026-04-25T01:31:28.4088571Z ##[endgroup]
2026-04-25T01:31:28.6900527Z Cache hit for: Linux-gems-
2026-04-25T01:31:28.8677892Z Received 13184 of 13184 (100.0%), 0.3 MBs/sec
2026-04-25T01:31:28.8679021Z Cache Size: ~0 MB (13184 B)
2026-04-25T01:31:28.8731205Z [command]/usr/bin/tar -xf /home/runner/work/_temp/0c9e3252-865f-4bf8-9ccd-af7f317b02a9/cache.tzst -P -C /home/runner/work/prismTask/prismTask --use-compress-program unzstd
2026-04-25T01:31:28.8805371Z Cache restored successfully
2026-04-25T01:31:28.8887578Z Cache restored from key: Linux-gems-
2026-04-25T01:31:28.8980776Z ##[group]Run bundle install --jobs 4 --retry 3
2026-04-25T01:31:28.8981125Z [36;1mbundle install --jobs 4 --retry 3[0m
2026-04-25T01:31:28.9004846Z shell: /usr/bin/bash --noprofile --norc -e -o pipefail {0}
2026-04-25T01:31:28.9005181Z env:
2026-04-25T01:31:28.9005352Z   WAIT_INTERVAL: 30
2026-04-25T01:31:28.9005554Z ##[endgroup]
2026-04-25T01:31:29.7844678Z Bundler 2.4.19 is running, but your lockfile was generated with 2.2.3. Installing Bundler 2.2.3 and restarting using that version.
2026-04-25T01:31:31.2529841Z Fetching gem metadata from https://rubygems.org/.
2026-04-25T01:31:31.2604838Z Fetching bundler 2.2.3
2026-04-25T01:31:31.4500100Z Installing bundler 2.2.3
2026-04-25T01:31:31.6568417Z Calling `DidYouMean::SPELL_CHECKERS.merge!(error_name => spell_checker)' has been deprecated. Please call `DidYouMean.correct_error(error_name, spell_checker)' instead.
2026-04-25T01:31:33.0394187Z Fetching gem metadata from https://rubygems.org/.........
2026-04-25T01:31:33.0494516Z Fetching concurrent-ruby 1.2.2
2026-04-25T01:31:33.0785674Z Fetching public_suffix 4.0.7
2026-04-25T01:31:33.0786898Z Fetching zeitwerk 2.6.7
2026-04-25T01:31:33.0790384Z Fetching minitest 5.18.0
2026-04-25T01:31:33.1988207Z Installing zeitwerk 2.6.7
2026-04-25T01:31:33.2232136Z Installing minitest 5.18.0
2026-04-25T01:31:33.2284577Z Installing public_suffix 4.0.7
2026-04-25T01:31:33.2617273Z Fetching ast 2.4.2
2026-04-25T01:31:33.3001136Z Using bundler 2.2.3
2026-04-25T01:31:33.3015714Z Fetching byebug 11.1.3
2026-04-25T01:31:33.3305096Z Installing concurrent-ruby 1.2.2
2026-04-25T01:31:33.3382884Z Fetching diff-lcs 1.4.4
2026-04-25T01:31:33.3645332Z Installing ast 2.4.2
2026-04-25T01:31:33.3735874Z Fetching faraday-net_http 2.0.3
2026-04-25T01:31:33.4540806Z Installing faraday-net_http 2.0.3
2026-04-25T01:31:33.4628749Z Installing diff-lcs 1.4.4
2026-04-25T01:31:33.4640198Z Installing byebug 11.1.3 with native extensions
2026-04-25T01:31:33.4710458Z Using ruby2_keywords 0.0.5
2026-04-25T01:31:33.4727133Z Fetching json 2.7.1
2026-04-25T01:31:33.4982259Z Fetching language_server-protocol 3.17.0.3
2026-04-25T01:31:33.5539187Z Fetching lint_roller 1.1.0
2026-04-25T01:31:33.6028191Z Installing json 2.7.1 with native extensions
2026-04-25T01:31:33.6067349Z Installing language_server-protocol 3.17.0.3
2026-04-25T01:31:33.6154899Z Installing lint_roller 1.1.0
2026-04-25T01:31:33.6525565Z Fetching parallel 1.24.0
2026-04-25T01:31:33.7307918Z Installing parallel 1.24.0
2026-04-25T01:31:33.7499060Z Fetching racc 1.7.3
2026-04-25T01:31:33.8085381Z Fetching rainbow 3.1.1
2026-04-25T01:31:33.8700072Z Installing racc 1.7.3 with native extensions
2026-04-25T01:31:33.8881656Z Installing rainbow 3.1.1
2026-04-25T01:31:33.8964701Z Fetching regexp_parser 2.8.3
2026-04-25T01:31:33.9875220Z Installing regexp_parser 2.8.3
2026-04-25T01:31:34.0096094Z Fetching rexml 3.2.6
2026-04-25T01:31:34.1093567Z Installing rexml 3.2.6
2026-04-25T01:31:34.1306072Z Fetching rspec-support 3.10.1
2026-04-25T01:31:34.2055829Z Installing rspec-support 3.10.1
2026-04-25T01:31:34.2172103Z Fetching ruby-progressbar 1.13.0
2026-04-25T01:31:34.2884554Z Installing ruby-progressbar 1.13.0
2026-04-25T01:31:34.3619773Z Fetching unicode-display_width 2.5.0
2026-04-25T01:31:34.4341722Z Installing unicode-display_width 2.5.0
2026-04-25T01:31:34.4457299Z Fetching addressable 2.8.0
2026-04-25T01:31:34.5387593Z Installing addressable 2.8.0
2026-04-25T01:31:34.5567161Z Fetching i18n 1.12.0
2026-04-25T01:31:34.6670854Z Installing i18n 1.12.0
2026-04-25T01:31:34.6895432Z Fetching tzinfo 2.0.6
2026-04-25T01:31:34.8045245Z Installing tzinfo 2.0.6
2026-04-25T01:31:34.8285249Z Fetching faraday 2.3.0
2026-04-25T01:31:34.9381264Z Installing faraday 2.3.0
2026-04-25T01:31:34.9698994Z Fetching rspec-core 3.10.1
2026-04-25T01:31:35.1007218Z Fetching rspec-expectations 3.10.1
2026-04-25T01:31:35.1485641Z Installing rspec-core 3.10.1
2026-04-25T01:31:35.1935246Z Fetching rspec-mocks 3.10.1
2026-04-25T01:31:35.2575947Z Installing rspec-expectations 3.10.1
2026-04-25T01:31:35.2858677Z Fetching activesupport 6.1.7.3
2026-04-25T01:31:35.3466437Z Installing rspec-mocks 3.10.1
2026-04-25T01:31:35.3726928Z Fetching faraday-retry 2.0.0
2026-04-25T01:31:35.4597099Z Installing activesupport 6.1.7.3
2026-04-25T01:31:35.4701579Z Installing faraday-retry 2.0.0
2026-04-25T01:31:35.4813393Z Fetching sawyer 0.9.2
2026-04-25T01:31:35.5742025Z Installing sawyer 0.9.2
2026-04-25T01:31:35.5922279Z Fetching parser 3.2.2.4
2026-04-25T01:31:35.6588684Z Fetching rspec 3.10.0
2026-04-25T01:31:35.7220403Z Installing rspec 3.10.0
2026-04-25T01:31:35.7298910Z Fetching octokit 4.25.0
2026-04-25T01:31:35.8695515Z Installing octokit 4.25.0
2026-04-25T01:31:35.8893340Z Installing parser 3.2.2.4
2026-04-25T01:31:36.0010052Z Fetching rubocop-ast 1.30.0
2026-04-25T01:31:36.0985524Z Installing rubocop-ast 1.30.0
2026-04-25T01:31:37.0240592Z Fetching rubocop 1.57.2
2026-04-25T01:31:37.1788450Z Installing rubocop 1.57.2
2026-04-25T01:31:37.3459604Z Fetching rubocop-performance 1.19.1
2026-04-25T01:31:37.3462447Z Fetching standard-custom 1.0.2
2026-04-25T01:31:37.4244096Z Installing standard-custom 1.0.2
2026-04-25T01:31:37.4364934Z Installing rubocop-performance 1.19.1
2026-04-25T01:31:37.4517451Z Fetching standard-performance 1.2.1
2026-04-25T01:31:37.5169010Z Installing standard-performance 1.2.1
2026-04-25T01:31:37.5237083Z Fetching standard 1.32.1
2026-04-25T01:31:37.5940316Z Installing standard 1.32.1
2026-04-25T01:31:37.6144940Z Bundle complete! 6 Gemfile dependencies, 40 gems now installed.
2026-04-25T01:31:37.6146096Z Use `bundle info [gemname]` to see where a bundled gem is installed.
2026-04-25T01:31:37.6650933Z ##[group]Run ruby entrypoint.rb
2026-04-25T01:31:37.6651213Z [36;1mruby entrypoint.rb[0m
2026-04-25T01:31:37.6672196Z shell: /usr/bin/bash --noprofile --norc -e -o pipefail {0}
2026-04-25T01:31:37.6672512Z env:
2026-04-25T01:31:37.6672687Z   WAIT_INTERVAL: 30
2026-04-25T01:31:37.6672919Z   ALLOWED_CONCLUSIONS: success,skipped,neutral
2026-04-25T01:31:37.6673190Z   IGNORE_CHECKS: 
2026-04-25T01:31:37.6673367Z   CHECK_NAME: 
2026-04-25T01:31:37.6673538Z   CHECK_REGEXP: 
2026-04-25T01:31:37.6673762Z   REF: c0e7bacf12a4bc2084e8e1fa8d7dba0a23e6f249
2026-04-25T01:31:37.6674216Z   REPO_TOKEN: ***
2026-04-25T01:31:37.6674761Z   VERBOSE: true
2026-04-25T01:31:37.6674963Z   RUNNING_WORKFLOW_NAME: Auto-merge
2026-04-25T01:31:37.6675198Z   API_ENDPOINT: 
2026-04-25T01:31:37.6675380Z ##[endgroup]
2026-04-25T01:36:42.5170652Z Checks running on ref:
2026-04-25T01:36:42.5171477Z Checks completed: capture-failure-log, e2e, maybe-label, web-lint-and-test
2026-04-25T01:36:42.5172071Z Checks in_progress: connected-tests, test, autofix, Auto-merge
2026-04-25T01:36:42.5172504Z Checks after ignore checks filter:
2026-04-25T01:36:42.5172998Z Checks completed: capture-failure-log, e2e, maybe-label, web-lint-and-test
2026-04-25T01:36:42.5173641Z Checks in_progress: connected-tests, test, autofix
2026-04-25T01:36:42.5174019Z Checks after check_name filter:
2026-04-25T01:36:42.5174835Z Checks completed: capture-failure-log, e2e, maybe-label, web-lint-and-test
2026-04-25T01:36:42.5175380Z Checks in_progress: connected-tests, test, autofix
2026-04-25T01:36:42.5175764Z Checks after Regexp filter:
2026-04-25T01:36:42.5176199Z Checks completed: capture-failure-log, e2e, maybe-label, web-lint-and-test
2026-04-25T01:36:42.5176727Z Checks in_progress: connected-tests, test, autofix
2026-04-25T01:36:42.5177230Z The requested checks aren't complete yet, will check back in 30 seconds...
2026-04-25T01:36:42.5177699Z Checks running on ref:
2026-04-25T01:36:42.5178246Z Checks completed: capture-failure-log, capture-failure-log, e2e, maybe-label, web-lint-and-test, test
2026-04-25T01:36:42.5178941Z Checks in_progress: connected-tests, autofix, Auto-merge
2026-04-25T01:36:42.5179350Z Checks after ignore checks filter:
2026-04-25T01:36:42.5179937Z Checks completed: capture-failure-log, capture-failure-log, e2e, maybe-label, web-lint-and-test, test
2026-04-25T01:36:42.5180585Z Checks in_progress: connected-tests, autofix
2026-04-25T01:36:42.5180930Z Checks after check_name filter:
2026-04-25T01:36:42.5181503Z Checks completed: capture-failure-log, capture-failure-log, e2e, maybe-label, web-lint-and-test, test
2026-04-25T01:36:42.5182151Z Checks in_progress: connected-tests, autofix
2026-04-25T01:36:42.5182486Z Checks after Regexp filter:
2026-04-25T01:36:42.5183041Z Checks completed: capture-failure-log, capture-failure-log, e2e, maybe-label, web-lint-and-test, test
2026-04-25T01:36:42.5183519Z Checks in_progress: connected-tests, autofix
2026-04-25T01:36:42.5183873Z The requested checks aren't complete yet, will check back in 30 seconds...
2026-04-25T01:36:42.5184218Z Checks running on ref:
2026-04-25T01:36:42.5184852Z Checks completed: capture-failure-log, capture-failure-log, e2e, maybe-label, web-lint-and-test, test
2026-04-25T01:36:42.5185690Z Checks in_progress: connected-tests, autofix, Auto-merge
2026-04-25T01:36:42.5185989Z Checks after ignore checks filter:
2026-04-25T01:36:42.5186422Z Checks completed: capture-failure-log, capture-failure-log, e2e, maybe-label, web-lint-and-test, test
2026-04-25T01:36:42.5186896Z Checks in_progress: connected-tests, autofix
2026-04-25T01:36:42.5187309Z Checks after check_name filter:
2026-04-25T01:36:42.5187763Z Checks completed: capture-failure-log, capture-failure-log, e2e, maybe-label, web-lint-and-test, test
2026-04-25T01:36:42.5188318Z Checks in_progress: connected-tests, autofix
2026-04-25T01:36:42.5188579Z Checks after Regexp filter:
2026-04-25T01:36:42.5188987Z Checks completed: capture-failure-log, capture-failure-log, e2e, maybe-label, web-lint-and-test, test
2026-04-25T01:36:42.5189452Z Checks in_progress: connected-tests, autofix
2026-04-25T01:36:42.5189811Z The requested checks aren't complete yet, will check back in 30 seconds...
2026-04-25T01:36:42.5190162Z Checks running on ref:
2026-04-25T01:36:42.5190555Z Checks completed: capture-failure-log, capture-failure-log, e2e, maybe-label, web-lint-and-test, test
2026-04-25T01:36:42.5191055Z Checks in_progress: connected-tests, autofix, Auto-merge
2026-04-25T01:36:42.5191354Z Checks after ignore checks filter:
2026-04-25T01:36:42.5191781Z Checks completed: capture-failure-log, capture-failure-log, e2e, maybe-label, web-lint-and-test, test
2026-04-25T01:36:42.5192250Z Checks in_progress: connected-tests, autofix
2026-04-25T01:36:42.5192515Z Checks after check_name filter:
2026-04-25T01:36:42.5192927Z Checks completed: capture-failure-log, capture-failure-log, e2e, maybe-label, web-lint-and-test, test
2026-04-25T01:36:42.5193390Z Checks in_progress: connected-tests, autofix
2026-04-25T01:36:42.5193652Z Checks after Regexp filter:
2026-04-25T01:36:42.5194064Z Checks completed: capture-failure-log, capture-failure-log, e2e, maybe-label, web-lint-and-test, test
2026-04-25T01:36:42.5194782Z Checks in_progress: connected-tests, autofix
2026-04-25T01:36:42.5195141Z The requested checks aren't complete yet, will check back in 30 seconds...
2026-04-25T01:36:42.5195482Z Checks running on ref:
2026-04-25T01:36:42.5195866Z Checks completed: capture-failure-log, capture-failure-log, e2e, maybe-label, web-lint-and-test, test
2026-04-25T01:36:42.5196369Z Checks in_progress: connected-tests, autofix, Auto-merge
2026-04-25T01:36:42.5196666Z Checks after ignore checks filter:
2026-04-25T01:36:42.5197089Z Checks completed: capture-failure-log, capture-failure-log, e2e, maybe-label, web-lint-and-test, test
2026-04-25T01:36:42.5197544Z Checks in_progress: connected-tests, autofix
2026-04-25T01:36:42.5197798Z Checks after check_name filter:
2026-04-25T01:36:42.5198212Z Checks completed: capture-failure-log, capture-failure-log, e2e, maybe-label, web-lint-and-test, test
2026-04-25T01:36:42.5198670Z Checks in_progress: connected-tests, autofix
2026-04-25T01:36:42.5198924Z Checks after Regexp filter:
2026-04-25T01:36:42.5199337Z Checks completed: capture-failure-log, capture-failure-log, e2e, maybe-label, web-lint-and-test, test
2026-04-25T01:36:42.5199802Z Checks in_progress: connected-tests, autofix
2026-04-25T01:36:42.5200151Z The requested checks aren't complete yet, will check back in 30 seconds...
2026-04-25T01:36:42.5200491Z Checks running on ref:
2026-04-25T01:36:42.5200883Z Checks completed: capture-failure-log, capture-failure-log, e2e, maybe-label, web-lint-and-test, test
2026-04-25T01:36:42.5201377Z Checks in_progress: connected-tests, autofix, Auto-merge
2026-04-25T01:36:42.5201672Z Checks after ignore checks filter:
2026-04-25T01:36:42.5202096Z Checks completed: capture-failure-log, capture-failure-log, e2e, maybe-label, web-lint-and-test, test
2026-04-25T01:36:42.5202561Z Checks in_progress: connected-tests, autofix
2026-04-25T01:36:42.5202816Z Checks after check_name filter:
2026-04-25T01:36:42.5203228Z Checks completed: capture-failure-log, capture-failure-log, e2e, maybe-label, web-lint-and-test, test
2026-04-25T01:36:42.5203839Z Checks in_progress: connected-tests, autofix
2026-04-25T01:36:42.5204087Z Checks after Regexp filter:
2026-04-25T01:36:42.5204736Z Checks completed: capture-failure-log, capture-failure-log, e2e, maybe-label, web-lint-and-test, test
2026-04-25T01:36:42.5205210Z Checks in_progress: connected-tests, autofix
2026-04-25T01:36:42.5205677Z The requested checks aren't complete yet, will check back in 30 seconds...
2026-04-25T01:36:42.5206024Z Checks running on ref:
2026-04-25T01:36:42.5206294Z Checks in_progress: lint-and-test, connected-tests, Auto-merge
2026-04-25T01:36:42.5206846Z Checks completed: capture-failure-log, capture-failure-log, e2e, maybe-label, web-lint-and-test, test, autofix
2026-04-25T01:36:42.5207337Z Checks after ignore checks filter:
2026-04-25T01:36:42.5207607Z Checks in_progress: lint-and-test, connected-tests
2026-04-25T01:36:42.5208117Z Checks completed: capture-failure-log, capture-failure-log, e2e, maybe-label, web-lint-and-test, test, autofix
2026-04-25T01:36:42.5208602Z Checks after check_name filter:
2026-04-25T01:36:42.5208862Z Checks in_progress: lint-and-test, connected-tests
2026-04-25T01:36:42.5209366Z Checks completed: capture-failure-log, capture-failure-log, e2e, maybe-label, web-lint-and-test, test, autofix
2026-04-25T01:36:42.5209851Z Checks after Regexp filter:
2026-04-25T01:36:42.5210097Z Checks in_progress: lint-and-test, connected-tests
2026-04-25T01:36:42.5210600Z Checks completed: capture-failure-log, capture-failure-log, e2e, maybe-label, web-lint-and-test, test, autofix
2026-04-25T01:36:42.5211188Z The requested checks aren't complete yet, will check back in 30 seconds...
2026-04-25T01:36:42.5211527Z Checks running on ref:
2026-04-25T01:36:42.5211799Z Checks in_progress: lint-and-test, connected-tests, Auto-merge
2026-04-25T01:36:42.5212352Z Checks completed: capture-failure-log, capture-failure-log, e2e, maybe-label, web-lint-and-test, test, autofix
2026-04-25T01:36:42.5212832Z Checks after ignore checks filter:
2026-04-25T01:36:42.5213102Z Checks in_progress: lint-and-test, connected-tests
2026-04-25T01:36:42.5213601Z Checks completed: capture-failure-log, capture-failure-log, e2e, maybe-label, web-lint-and-test, test, autofix
2026-04-25T01:36:42.5214089Z Checks after check_name filter:
2026-04-25T01:36:42.5214587Z Checks in_progress: lint-and-test, connected-tests
2026-04-25T01:36:42.5215104Z Checks completed: capture-failure-log, capture-failure-log, e2e, maybe-label, web-lint-and-test, test, autofix
2026-04-25T01:36:42.5215586Z Checks after Regexp filter:
2026-04-25T01:36:42.5215831Z Checks in_progress: lint-and-test, connected-tests
2026-04-25T01:36:42.5216323Z Checks completed: capture-failure-log, capture-failure-log, e2e, maybe-label, web-lint-and-test, test, autofix
2026-04-25T01:36:42.5216956Z The requested checks aren't complete yet, will check back in 30 seconds...
2026-04-25T01:36:42.5217306Z Checks running on ref:
2026-04-25T01:36:42.5217578Z Checks in_progress: lint-and-test, connected-tests, Auto-merge
2026-04-25T01:36:42.5218126Z Checks completed: capture-failure-log, capture-failure-log, e2e, maybe-label, web-lint-and-test, test, autofix
2026-04-25T01:36:42.5218612Z Checks after ignore checks filter:
2026-04-25T01:36:42.5218887Z Checks in_progress: lint-and-test, connected-tests
2026-04-25T01:36:42.5219394Z Checks completed: capture-failure-log, capture-failure-log, e2e, maybe-label, web-lint-and-test, test, autofix
2026-04-25T01:36:42.5219888Z Checks after check_name filter:
2026-04-25T01:36:42.5220149Z Checks in_progress: lint-and-test, connected-tests
2026-04-25T01:36:42.5220657Z Checks completed: capture-failure-log, capture-failure-log, e2e, maybe-label, web-lint-and-test, test, autofix
2026-04-25T01:36:42.5221153Z Checks after Regexp filter:
2026-04-25T01:36:42.5221412Z Checks in_progress: lint-and-test, connected-tests
2026-04-25T01:36:42.5221927Z Checks completed: capture-failure-log, capture-failure-log, e2e, maybe-label, web-lint-and-test, test, autofix
2026-04-25T01:36:42.5222518Z The requested checks aren't complete yet, will check back in 30 seconds...
2026-04-25T01:36:42.5223000Z Checks running on ref:
2026-04-25T01:36:42.5223275Z Checks in_progress: lint-and-test, connected-tests, Auto-merge
2026-04-25T01:36:42.5223823Z Checks completed: capture-failure-log, capture-failure-log, e2e, maybe-label, web-lint-and-test, test, autofix
2026-04-25T01:36:42.5224443Z Checks after ignore checks filter:
2026-04-25T01:36:42.5224829Z Checks in_progress: lint-and-test, connected-tests
2026-04-25T01:36:42.5225339Z Checks completed: capture-failure-log, capture-failure-log, e2e, maybe-label, web-lint-and-test, test, autofix
2026-04-25T01:36:42.5225819Z Checks after check_name filter:
2026-04-25T01:36:42.5226076Z Checks in_progress: lint-and-test, connected-tests
2026-04-25T01:36:42.5226579Z Checks completed: capture-failure-log, capture-failure-log, e2e, maybe-label, web-lint-and-test, test, autofix
2026-04-25T01:36:42.5227063Z Checks after Regexp filter:
2026-04-25T01:36:42.5227306Z Checks in_progress: lint-and-test, connected-tests
2026-04-25T01:36:42.5227814Z Checks completed: capture-failure-log, capture-failure-log, e2e, maybe-label, web-lint-and-test, test, autofix
2026-04-25T01:36:42.5228418Z The requested checks aren't complete yet, will check back in 30 seconds...
2026-04-25T01:36:42.5228762Z Checks running on ref:
2026-04-25T01:36:42.5229032Z Checks in_progress: lint-and-test, connected-tests, Auto-merge
2026-04-25T01:41:16.2113450Z Checks completed: capture-failure-log, capture-failure-log, e2e, maybe-label, web-lint-and-test, test, autofix
2026-04-25T01:41:16.2114061Z Checks after ignore checks filter:
2026-04-25T01:41:16.2114650Z Checks in_progress: lint-and-test, connected-tests
2026-04-25T01:41:16.2115202Z Checks completed: capture-failure-log, capture-failure-log, e2e, maybe-label, web-lint-and-test, test, autofix
2026-04-25T01:41:16.2115721Z Checks after check_name filter:
2026-04-25T01:41:16.2115994Z Checks in_progress: lint-and-test, connected-tests
2026-04-25T01:41:16.2116518Z Checks completed: capture-failure-log, capture-failure-log, e2e, maybe-label, web-lint-and-test, test, autofix
2026-04-25T01:41:16.2117025Z Checks after Regexp filter:
2026-04-25T01:41:16.2117281Z Checks in_progress: lint-and-test, connected-tests
2026-04-25T01:41:16.2117780Z Checks completed: capture-failure-log, capture-failure-log, e2e, maybe-label, web-lint-and-test, test, autofix
2026-04-25T01:41:16.2118377Z The requested checks aren't complete yet, will check back in 30 seconds...
2026-04-25T01:41:16.2118732Z Checks running on ref:
2026-04-25T01:41:16.2119004Z Checks in_progress: lint-and-test, connected-tests, Auto-merge
2026-04-25T01:41:16.2119564Z Checks completed: capture-failure-log, capture-failure-log, e2e, maybe-label, web-lint-and-test, test, autofix
2026-04-25T01:41:16.2120059Z Checks after ignore checks filter:
2026-04-25T01:41:16.2120333Z Checks in_progress: lint-and-test, connected-tests
2026-04-25T01:41:16.2120832Z Checks completed: capture-failure-log, capture-failure-log, e2e, maybe-label, web-lint-and-test, test, autofix
2026-04-25T01:41:16.2121320Z Checks after check_name filter:
2026-04-25T01:41:16.2121576Z Checks in_progress: lint-and-test, connected-tests
2026-04-25T01:41:16.2122071Z Checks completed: capture-failure-log, capture-failure-log, e2e, maybe-label, web-lint-and-test, test, autofix
2026-04-25T01:41:16.2122551Z Checks after Regexp filter:
2026-04-25T01:41:16.2122800Z Checks in_progress: lint-and-test, connected-tests
2026-04-25T01:41:16.2123292Z Checks completed: capture-failure-log, capture-failure-log, e2e, maybe-label, web-lint-and-test, test, autofix
2026-04-25T01:41:16.2123881Z The requested checks aren't complete yet, will check back in 30 seconds...
2026-04-25T01:41:16.2124229Z Checks running on ref:
2026-04-25T01:41:16.2124643Z Checks in_progress: lint-and-test, connected-tests, Auto-merge
2026-04-25T01:41:16.2125213Z Checks completed: capture-failure-log, capture-failure-log, e2e, maybe-label, web-lint-and-test, test, autofix
2026-04-25T01:41:16.2125718Z Checks after ignore checks filter:
2026-04-25T01:41:16.2126326Z Checks in_progress: lint-and-test, connected-tests
2026-04-25T01:41:16.2126826Z Checks completed: capture-failure-log, capture-failure-log, e2e, maybe-label, web-lint-and-test, test, autofix
2026-04-25T01:41:16.2127312Z Checks after check_name filter:
2026-04-25T01:41:16.2127569Z Checks in_progress: lint-and-test, connected-tests
2026-04-25T01:41:16.2128245Z Checks completed: capture-failure-log, capture-failure-log, e2e, maybe-label, web-lint-and-test, test, autofix
2026-04-25T01:41:16.2128729Z Checks after Regexp filter:
2026-04-25T01:41:16.2128976Z Checks in_progress: lint-and-test, connected-tests
2026-04-25T01:41:16.2129474Z Checks completed: capture-failure-log, capture-failure-log, e2e, maybe-label, web-lint-and-test, test, autofix
2026-04-25T01:41:16.2130053Z The requested checks aren't complete yet, will check back in 30 seconds...
2026-04-25T01:41:16.2130400Z Checks running on ref:
2026-04-25T01:41:16.2130672Z Checks in_progress: lint-and-test, connected-tests, Auto-merge
2026-04-25T01:41:16.2131222Z Checks completed: capture-failure-log, capture-failure-log, e2e, maybe-label, web-lint-and-test, test, autofix
2026-04-25T01:41:16.2131710Z Checks after ignore checks filter:
2026-04-25T01:41:16.2131979Z Checks in_progress: lint-and-test, connected-tests
2026-04-25T01:41:16.2132487Z Checks completed: capture-failure-log, capture-failure-log, e2e, maybe-label, web-lint-and-test, test, autofix
2026-04-25T01:41:16.2132964Z Checks after check_name filter:
2026-04-25T01:41:16.2133223Z Checks in_progress: lint-and-test, connected-tests
2026-04-25T01:41:16.2133722Z Checks completed: capture-failure-log, capture-failure-log, e2e, maybe-label, web-lint-and-test, test, autofix
2026-04-25T01:41:16.2134201Z Checks after Regexp filter:
2026-04-25T01:41:16.2134586Z Checks in_progress: lint-and-test, connected-tests
2026-04-25T01:41:16.2135123Z Checks completed: capture-failure-log, capture-failure-log, e2e, maybe-label, web-lint-and-test, test, autofix
2026-04-25T01:41:16.2135750Z The requested checks aren't complete yet, will check back in 30 seconds...
2026-04-25T01:41:16.2136099Z Checks running on ref:
2026-04-25T01:41:16.2136381Z Checks in_progress: lint-and-test, connected-tests, Auto-merge
2026-04-25T01:41:16.2136925Z Checks completed: capture-failure-log, capture-failure-log, e2e, maybe-label, web-lint-and-test, test, autofix
2026-04-25T01:41:16.2137413Z Checks after ignore checks filter:
2026-04-25T01:41:16.2137682Z Checks in_progress: lint-and-test, connected-tests
2026-04-25T01:41:16.2138183Z Checks completed: capture-failure-log, capture-failure-log, e2e, maybe-label, web-lint-and-test, test, autofix
2026-04-25T01:41:16.2138668Z Checks after check_name filter:
2026-04-25T01:41:16.2138916Z Checks in_progress: lint-and-test, connected-tests
2026-04-25T01:41:16.2139417Z Checks completed: capture-failure-log, capture-failure-log, e2e, maybe-label, web-lint-and-test, test, autofix
2026-04-25T01:41:16.2139897Z Checks after Regexp filter:
2026-04-25T01:41:16.2140145Z Checks in_progress: lint-and-test, connected-tests
2026-04-25T01:41:16.2140645Z Checks completed: capture-failure-log, capture-failure-log, e2e, maybe-label, web-lint-and-test, test, autofix
2026-04-25T01:41:16.2141229Z The requested checks aren't complete yet, will check back in 30 seconds...
2026-04-25T01:41:16.2141576Z Checks running on ref:
2026-04-25T01:41:16.2141837Z Checks in_progress: lint-and-test, connected-tests, Auto-merge
2026-04-25T01:41:16.2142386Z Checks completed: capture-failure-log, capture-failure-log, e2e, maybe-label, web-lint-and-test, test, autofix
2026-04-25T01:41:16.2142876Z Checks after ignore checks filter:
2026-04-25T01:41:16.2143135Z Checks in_progress: lint-and-test, connected-tests
2026-04-25T01:41:16.2143633Z Checks completed: capture-failure-log, capture-failure-log, e2e, maybe-label, web-lint-and-test, test, autofix
2026-04-25T01:41:16.2144113Z Checks after check_name filter:
2026-04-25T01:41:16.2144486Z Checks in_progress: lint-and-test, connected-tests
2026-04-25T01:41:16.2144987Z Checks completed: capture-failure-log, capture-failure-log, e2e, maybe-label, web-lint-and-test, test, autofix
2026-04-25T01:41:16.2145599Z Checks after Regexp filter:
2026-04-25T01:41:16.2145851Z Checks in_progress: lint-and-test, connected-tests
2026-04-25T01:41:16.2146350Z Checks completed: capture-failure-log, capture-failure-log, e2e, maybe-label, web-lint-and-test, test, autofix
2026-04-25T01:41:16.2147036Z The requested checks aren't complete yet, will check back in 30 seconds...
2026-04-25T01:41:16.2147393Z Checks running on ref:
2026-04-25T01:41:16.2147660Z Checks in_progress: lint-and-test, connected-tests, Auto-merge
2026-04-25T01:41:16.2148198Z Checks completed: capture-failure-log, capture-failure-log, e2e, maybe-label, web-lint-and-test, test, autofix
2026-04-25T01:41:16.2148690Z Checks after ignore checks filter:
2026-04-25T01:41:16.2148957Z Checks in_progress: lint-and-test, connected-tests
2026-04-25T01:41:16.2149450Z Checks completed: capture-failure-log, capture-failure-log, e2e, maybe-label, web-lint-and-test, test, autofix
2026-04-25T01:41:16.2149945Z Checks after check_name filter:
2026-04-25T01:41:16.2150206Z Checks in_progress: lint-and-test, connected-tests
2026-04-25T01:41:16.2150705Z Checks completed: capture-failure-log, capture-failure-log, e2e, maybe-label, web-lint-and-test, test, autofix
2026-04-25T01:41:16.2151178Z Checks after Regexp filter:
2026-04-25T01:41:16.2151429Z Checks in_progress: lint-and-test, connected-tests
2026-04-25T01:41:16.2151928Z Checks completed: capture-failure-log, capture-failure-log, e2e, maybe-label, web-lint-and-test, test, autofix
2026-04-25T01:41:16.2152502Z The requested checks aren't complete yet, will check back in 30 seconds...
2026-04-25T01:41:16.2152845Z Checks running on ref:
2026-04-25T01:41:16.2153110Z Checks in_progress: lint-and-test, connected-tests, Auto-merge
2026-04-25T01:41:16.2153649Z Checks completed: capture-failure-log, capture-failure-log, e2e, maybe-label, web-lint-and-test, test, autofix
2026-04-25T01:41:16.2154126Z Checks after ignore checks filter:
2026-04-25T01:41:16.2154520Z Checks in_progress: lint-and-test, connected-tests
2026-04-25T01:41:16.2155020Z Checks completed: capture-failure-log, capture-failure-log, e2e, maybe-label, web-lint-and-test, test, autofix
2026-04-25T01:41:16.2155493Z Checks after check_name filter:
2026-04-25T01:41:16.2155744Z Checks in_progress: lint-and-test, connected-tests
2026-04-25T01:41:16.2156245Z Checks completed: capture-failure-log, capture-failure-log, e2e, maybe-label, web-lint-and-test, test, autofix
2026-04-25T01:41:16.2156722Z Checks after Regexp filter:
2026-04-25T01:41:16.2156960Z Checks in_progress: lint-and-test, connected-tests
2026-04-25T01:41:16.2157457Z Checks completed: capture-failure-log, capture-failure-log, e2e, maybe-label, web-lint-and-test, test, autofix
2026-04-25T01:41:16.2158036Z The requested checks aren't complete yet, will check back in 30 seconds...
2026-04-25T01:41:16.2158372Z Checks running on ref:
2026-04-25T01:41:16.2158635Z Checks in_progress: lint-and-test, connected-tests, Auto-merge
2026-04-25T01:41:16.2159176Z Checks completed: capture-failure-log, capture-failure-log, e2e, maybe-label, web-lint-and-test, test, autofix
2026-04-25T01:41:16.2177644Z Checks after ignore checks filter:
2026-04-25T01:41:16.2178008Z Checks in_progress: lint-and-test, connected-tests
2026-04-25T01:41:16.2178569Z Checks completed: capture-failure-log, capture-failure-log, e2e, maybe-label, web-lint-and-test, test, autofix
2026-04-25T01:41:16.2179078Z Checks after check_name filter:
2026-04-25T01:41:16.2179359Z Checks in_progress: lint-and-test, connected-tests
2026-04-25T01:41:16.2179895Z Checks completed: capture-failure-log, capture-failure-log, e2e, maybe-label, web-lint-and-test, test, autofix
2026-04-25T01:41:16.2180394Z Checks after Regexp filter:
2026-04-25T01:41:16.2180650Z Checks in_progress: lint-and-test, connected-tests
2026-04-25T01:41:16.2181155Z Checks completed: capture-failure-log, capture-failure-log, e2e, maybe-label, web-lint-and-test, test, autofix
2026-04-25T01:41:16.2181746Z The requested checks aren't complete yet, will check back in 30 seconds...
2026-04-25T01:41:16.2182360Z Checks running on ref:
2026-04-25T01:41:16.2182639Z Checks in_progress: lint-and-test, connected-tests, Auto-merge
2026-04-25T01:41:16.2183180Z Checks completed: capture-failure-log, capture-failure-log, e2e, maybe-label, web-lint-and-test, test, autofix
2026-04-25T01:41:16.2183664Z Checks after ignore checks filter:
2026-04-25T01:41:16.2184043Z Checks in_progress: lint-and-test, connected-tests
2026-04-25T01:41:16.2184720Z Checks completed: capture-failure-log, capture-failure-log, e2e, maybe-label, web-lint-and-test, test, autofix
2026-04-25T01:41:16.2185200Z Checks after check_name filter:
2026-04-25T01:41:16.2185455Z Checks in_progress: lint-and-test, connected-tests
2026-04-25T01:41:16.2185957Z Checks completed: capture-failure-log, capture-failure-log, e2e, maybe-label, web-lint-and-test, test, autofix
2026-04-25T01:41:16.2186429Z Checks after Regexp filter:
2026-04-25T01:41:16.2186681Z Checks in_progress: lint-and-test, connected-tests
2026-04-25T01:45:49.9403069Z Checks completed: capture-failure-log, capture-failure-log, e2e, maybe-label, web-lint-and-test, test, autofix
2026-04-25T01:45:49.9403816Z The requested checks aren't complete yet, will check back in 30 seconds...
2026-04-25T01:45:49.9404191Z Checks running on ref:
2026-04-25T01:45:49.9404942Z Checks in_progress: lint-and-test, connected-tests, Auto-merge
2026-04-25T01:45:49.9406001Z Checks completed: capture-failure-log, capture-failure-log, e2e, maybe-label, web-lint-and-test, test, autofix
2026-04-25T01:45:49.9406910Z Checks after ignore checks filter:
2026-04-25T01:45:49.9407399Z Checks in_progress: lint-and-test, connected-tests
2026-04-25T01:45:49.9408367Z Checks completed: capture-failure-log, capture-failure-log, e2e, maybe-label, web-lint-and-test, test, autofix
2026-04-25T01:45:49.9409251Z Checks after check_name filter:
2026-04-25T01:45:49.9409711Z Checks in_progress: lint-and-test, connected-tests
2026-04-25T01:45:49.9410440Z Checks completed: capture-failure-log, capture-failure-log, e2e, maybe-label, web-lint-and-test, test, autofix
2026-04-25T01:45:49.9410939Z Checks after Regexp filter:
2026-04-25T01:45:49.9411197Z Checks in_progress: lint-and-test, connected-tests
2026-04-25T01:45:49.9411706Z Checks completed: capture-failure-log, capture-failure-log, e2e, maybe-label, web-lint-and-test, test, autofix
2026-04-25T01:45:49.9412296Z The requested checks aren't complete yet, will check back in 30 seconds...
2026-04-25T01:45:49.9412642Z Checks running on ref:
2026-04-25T01:45:49.9412916Z Checks in_progress: lint-and-test, connected-tests, Auto-merge
2026-04-25T01:45:49.9413460Z Checks completed: capture-failure-log, capture-failure-log, e2e, maybe-label, web-lint-and-test, test, autofix
2026-04-25T01:45:49.9413946Z Checks after ignore checks filter:
2026-04-25T01:45:49.9414220Z Checks in_progress: lint-and-test, connected-tests
2026-04-25T01:45:49.9415001Z Checks completed: capture-failure-log, capture-failure-log, e2e, maybe-label, web-lint-and-test, test, autofix
2026-04-25T01:45:49.9415495Z Checks after check_name filter:
2026-04-25T01:45:49.9415750Z Checks in_progress: lint-and-test, connected-tests
2026-04-25T01:45:49.9416254Z Checks completed: capture-failure-log, capture-failure-log, e2e, maybe-label, web-lint-and-test, test, autofix
2026-04-25T01:45:49.9416741Z Checks after Regexp filter:
2026-04-25T01:45:49.9417001Z Checks in_progress: lint-and-test, connected-tests
2026-04-25T01:45:49.9417515Z Checks completed: capture-failure-log, capture-failure-log, e2e, maybe-label, web-lint-and-test, test, autofix
2026-04-25T01:45:49.9418107Z The requested checks aren't complete yet, will check back in 30 seconds...
2026-04-25T01:45:49.9418461Z Checks running on ref:
2026-04-25T01:45:49.9418733Z Checks in_progress: lint-and-test, connected-tests, Auto-merge
2026-04-25T01:45:49.9419284Z Checks completed: capture-failure-log, capture-failure-log, e2e, maybe-label, web-lint-and-test, test, autofix
2026-04-25T01:45:49.9419774Z Checks after ignore checks filter:
2026-04-25T01:45:49.9422361Z Checks in_progress: lint-and-test, connected-tests
2026-04-25T01:45:49.9422919Z Checks completed: capture-failure-log, capture-failure-log, e2e, maybe-label, web-lint-and-test, test, autofix
2026-04-25T01:45:49.9423427Z Checks after check_name filter:
2026-04-25T01:45:49.9423698Z Checks in_progress: lint-and-test, connected-tests
2026-04-25T01:45:49.9424682Z Checks completed: capture-failure-log, capture-failure-log, e2e, maybe-label, web-lint-and-test, test, autofix
2026-04-25T01:45:49.9425281Z Checks after Regexp filter:
2026-04-25T01:45:49.9425544Z Checks in_progress: lint-and-test, connected-tests
2026-04-25T01:45:49.9426062Z Checks completed: capture-failure-log, capture-failure-log, e2e, maybe-label, web-lint-and-test, test, autofix
2026-04-25T01:45:49.9426666Z The requested checks aren't complete yet, will check back in 30 seconds...
2026-04-25T01:45:49.9427019Z Checks running on ref:
2026-04-25T01:45:49.9427295Z Checks in_progress: lint-and-test, connected-tests, Auto-merge
2026-04-25T01:45:49.9427843Z Checks completed: capture-failure-log, capture-failure-log, e2e, maybe-label, web-lint-and-test, test, autofix
2026-04-25T01:45:49.9428329Z Checks after ignore checks filter:
2026-04-25T01:45:49.9428598Z Checks in_progress: lint-and-test, connected-tests
2026-04-25T01:45:49.9429106Z Checks completed: capture-failure-log, capture-failure-log, e2e, maybe-label, web-lint-and-test, test, autofix
2026-04-25T01:45:49.9429597Z Checks after check_name filter:
2026-04-25T01:45:49.9429856Z Checks in_progress: lint-and-test, connected-tests
2026-04-25T01:45:49.9430349Z Checks completed: capture-failure-log, capture-failure-log, e2e, maybe-label, web-lint-and-test, test, autofix
2026-04-25T01:45:49.9430832Z Checks after Regexp filter:
2026-04-25T01:45:49.9431078Z Checks in_progress: lint-and-test, connected-tests
2026-04-25T01:45:49.9431580Z Checks completed: capture-failure-log, capture-failure-log, e2e, maybe-label, web-lint-and-test, test, autofix
2026-04-25T01:45:49.9432168Z The requested checks aren't complete yet, will check back in 30 seconds...
2026-04-25T01:45:49.9432524Z Checks running on ref:
2026-04-25T01:45:49.9433168Z Checks completed: capture-failure-log, firebase-distribute, lint-and-test, capture-failure-log, capture-failure-log, e2e, maybe-label, web-lint-and-test, test, autofix
2026-04-25T01:45:49.9433885Z Checks in_progress: connected-tests, Auto-merge
2026-04-25T01:45:49.9434169Z Checks after ignore checks filter:
2026-04-25T01:45:49.9435122Z Checks completed: capture-failure-log, firebase-distribute, lint-and-test, capture-failure-log, capture-failure-log, e2e, maybe-label, web-lint-and-test, test, autofix
2026-04-25T01:45:49.9435821Z Checks in_progress: connected-tests
2026-04-25T01:45:49.9436063Z Checks after check_name filter:
2026-04-25T01:45:49.9436710Z Checks completed: capture-failure-log, firebase-distribute, lint-and-test, capture-failure-log, capture-failure-log, e2e, maybe-label, web-lint-and-test, test, autofix
2026-04-25T01:45:49.9437395Z Checks in_progress: connected-tests
2026-04-25T01:45:49.9437632Z Checks after Regexp filter:
2026-04-25T01:45:49.9438275Z Checks completed: capture-failure-log, firebase-distribute, lint-and-test, capture-failure-log, capture-failure-log, e2e, maybe-label, web-lint-and-test, test, autofix
2026-04-25T01:45:49.9438964Z Checks in_progress: connected-tests
2026-04-25T01:45:49.9439314Z The requested checks aren't complete yet, will check back in 30 seconds...
2026-04-25T01:45:49.9439659Z Checks running on ref:
2026-04-25T01:45:49.9440300Z Checks completed: capture-failure-log, firebase-distribute, lint-and-test, capture-failure-log, capture-failure-log, e2e, maybe-label, web-lint-and-test, test, autofix
2026-04-25T01:45:49.9441016Z Checks in_progress: connected-tests, Auto-merge
2026-04-25T01:45:49.9441292Z Checks after ignore checks filter:
2026-04-25T01:45:49.9441959Z Checks completed: capture-failure-log, firebase-distribute, lint-and-test, capture-failure-log, capture-failure-log, e2e, maybe-label, web-lint-and-test, test, autofix
2026-04-25T01:45:49.9442802Z Checks in_progress: connected-tests
2026-04-25T01:45:49.9443042Z Checks after check_name filter:
2026-04-25T01:45:49.9443687Z Checks completed: capture-failure-log, firebase-distribute, lint-and-test, capture-failure-log, capture-failure-log, e2e, maybe-label, web-lint-and-test, test, autofix
2026-04-25T01:45:49.9444643Z Checks in_progress: connected-tests
2026-04-25T01:45:49.9445010Z Checks after Regexp filter:
2026-04-25T01:45:49.9445653Z Checks completed: capture-failure-log, firebase-distribute, lint-and-test, capture-failure-log, capture-failure-log, e2e, maybe-label, web-lint-and-test, test, autofix
2026-04-25T01:45:49.9446334Z Checks in_progress: connected-tests
2026-04-25T01:45:49.9446675Z The requested checks aren't complete yet, will check back in 30 seconds...
2026-04-25T01:45:49.9447023Z Checks running on ref:
2026-04-25T01:45:49.9447650Z Checks completed: capture-failure-log, firebase-distribute, lint-and-test, capture-failure-log, capture-failure-log, e2e, maybe-label, web-lint-and-test, test, autofix
2026-04-25T01:45:49.9448367Z Checks in_progress: connected-tests, Auto-merge
2026-04-25T01:45:49.9448642Z Checks after ignore checks filter:
2026-04-25T01:45:49.9449301Z Checks completed: capture-failure-log, firebase-distribute, lint-and-test, capture-failure-log, capture-failure-log, e2e, maybe-label, web-lint-and-test, test, autofix
2026-04-25T01:45:49.9449983Z Checks in_progress: connected-tests
2026-04-25T01:45:49.9450216Z Checks after check_name filter:
2026-04-25T01:45:49.9450867Z Checks completed: capture-failure-log, firebase-distribute, lint-and-test, capture-failure-log, capture-failure-log, e2e, maybe-label, web-lint-and-test, test, autofix
2026-04-25T01:45:49.9451544Z Checks in_progress: connected-tests
2026-04-25T01:45:49.9451774Z Checks after Regexp filter:
2026-04-25T01:45:49.9452412Z Checks completed: capture-failure-log, firebase-distribute, lint-and-test, capture-failure-log, capture-failure-log, e2e, maybe-label, web-lint-and-test, test, autofix
2026-04-25T01:45:49.9453093Z Checks in_progress: connected-tests
2026-04-25T01:45:49.9453420Z The requested checks aren't complete yet, will check back in 30 seconds...
2026-04-25T01:45:49.9453765Z Checks running on ref:
2026-04-25T01:45:49.9454649Z Checks completed: capture-failure-log, firebase-distribute, lint-and-test, capture-failure-log, capture-failure-log, e2e, maybe-label, web-lint-and-test, test, autofix
2026-04-25T01:45:49.9455366Z Checks in_progress: connected-tests, Auto-merge
2026-04-25T01:45:49.9455637Z Checks after ignore checks filter:
2026-04-25T01:45:49.9456304Z Checks completed: capture-failure-log, firebase-distribute, lint-and-test, capture-failure-log, capture-failure-log, e2e, maybe-label, web-lint-and-test, test, autofix
2026-04-25T01:45:49.9456989Z Checks in_progress: connected-tests
2026-04-25T01:45:49.9457219Z Checks after check_name filter:
2026-04-25T01:45:49.9457867Z Checks completed: capture-failure-log, firebase-distribute, lint-and-test, capture-failure-log, capture-failure-log, e2e, maybe-label, web-lint-and-test, test, autofix
2026-04-25T01:45:49.9458557Z Checks in_progress: connected-tests
2026-04-25T01:45:49.9458783Z Checks after Regexp filter:
2026-04-25T01:45:49.9459420Z Checks completed: capture-failure-log, firebase-distribute, lint-and-test, capture-failure-log, capture-failure-log, e2e, maybe-label, web-lint-and-test, test, autofix
2026-04-25T01:45:49.9460106Z Checks in_progress: connected-tests
2026-04-25T01:45:49.9460438Z The requested checks aren't complete yet, will check back in 30 seconds...
2026-04-25T01:45:49.9460778Z Checks running on ref:
2026-04-25T01:45:49.9461403Z Checks completed: capture-failure-log, firebase-distribute, lint-and-test, capture-failure-log, capture-failure-log, e2e, maybe-label, web-lint-and-test, test, autofix
2026-04-25T01:45:49.9462109Z Checks in_progress: connected-tests, Auto-merge
2026-04-25T01:45:49.9462384Z Checks after ignore checks filter:
2026-04-25T01:45:49.9463038Z Checks completed: capture-failure-log, firebase-distribute, lint-and-test, capture-failure-log, capture-failure-log, e2e, maybe-label, web-lint-and-test, test, autofix
2026-04-25T01:45:49.9463853Z Checks in_progress: connected-tests
2026-04-25T01:45:49.9464087Z Checks after check_name filter:
2026-04-25T01:49:22.9103675Z Checks completed: capture-failure-log, firebase-distribute, lint-and-test, capture-failure-log, capture-failure-log, e2e, maybe-label, web-lint-and-test, test, autofix
2026-04-25T01:49:22.9105475Z Checks in_progress: connected-tests
2026-04-25T01:49:22.9105817Z Checks after Regexp filter:
2026-04-25T01:49:22.9106685Z Checks completed: capture-failure-log, firebase-distribute, lint-and-test, capture-failure-log, capture-failure-log, e2e, maybe-label, web-lint-and-test, test, autofix
2026-04-25T01:49:22.9107593Z Checks in_progress: connected-tests
2026-04-25T01:49:22.9108046Z The requested checks aren't complete yet, will check back in 30 seconds...
2026-04-25T01:49:22.9108503Z Checks running on ref:
2026-04-25T01:49:22.9109334Z Checks completed: capture-failure-log, firebase-distribute, lint-and-test, capture-failure-log, capture-failure-log, e2e, maybe-label, web-lint-and-test, test, autofix
2026-04-25T01:49:22.9110273Z Checks in_progress: connected-tests, Auto-merge
2026-04-25T01:49:22.9110634Z Checks after ignore checks filter:
2026-04-25T01:49:22.9111572Z Checks completed: capture-failure-log, firebase-distribute, lint-and-test, capture-failure-log, capture-failure-log, e2e, maybe-label, web-lint-and-test, test, autofix
2026-04-25T01:49:22.9112472Z Checks in_progress: connected-tests
2026-04-25T01:49:22.9112759Z Checks after check_name filter:
2026-04-25T01:49:22.9113583Z Checks completed: capture-failure-log, firebase-distribute, lint-and-test, capture-failure-log, capture-failure-log, e2e, maybe-label, web-lint-and-test, test, autofix
2026-04-25T01:49:22.9114709Z Checks in_progress: connected-tests
2026-04-25T01:49:22.9115004Z Checks after Regexp filter:
2026-04-25T01:49:22.9115837Z Checks completed: capture-failure-log, firebase-distribute, lint-and-test, capture-failure-log, capture-failure-log, e2e, maybe-label, web-lint-and-test, test, autofix
2026-04-25T01:49:22.9116725Z Checks in_progress: connected-tests
2026-04-25T01:49:22.9117149Z The requested checks aren't complete yet, will check back in 30 seconds...
2026-04-25T01:49:22.9117616Z Checks running on ref:
2026-04-25T01:49:22.9118413Z Checks completed: capture-failure-log, firebase-distribute, lint-and-test, capture-failure-log, capture-failure-log, e2e, maybe-label, web-lint-and-test, test, autofix
2026-04-25T01:49:22.9119319Z Checks in_progress: connected-tests, Auto-merge
2026-04-25T01:49:22.9119661Z Checks after ignore checks filter:
2026-04-25T01:49:22.9120494Z Checks completed: capture-failure-log, firebase-distribute, lint-and-test, capture-failure-log, capture-failure-log, e2e, maybe-label, web-lint-and-test, test, autofix
2026-04-25T01:49:22.9121372Z Checks in_progress: connected-tests
2026-04-25T01:49:22.9121665Z Checks after check_name filter:
2026-04-25T01:49:22.9122458Z Checks completed: capture-failure-log, firebase-distribute, lint-and-test, capture-failure-log, capture-failure-log, e2e, maybe-label, web-lint-and-test, test, autofix
2026-04-25T01:49:22.9123153Z Checks in_progress: connected-tests
2026-04-25T01:49:22.9123394Z Checks after Regexp filter:
2026-04-25T01:49:22.9124055Z Checks completed: capture-failure-log, firebase-distribute, lint-and-test, capture-failure-log, capture-failure-log, e2e, maybe-label, web-lint-and-test, test, autofix
2026-04-25T01:49:22.9124978Z Checks in_progress: connected-tests
2026-04-25T01:49:22.9125339Z The requested checks aren't complete yet, will check back in 30 seconds...
2026-04-25T01:49:22.9125695Z Checks running on ref:
2026-04-25T01:49:22.9126338Z Checks completed: capture-failure-log, firebase-distribute, lint-and-test, capture-failure-log, capture-failure-log, e2e, maybe-label, web-lint-and-test, test, autofix
2026-04-25T01:49:22.9127054Z Checks in_progress: connected-tests, Auto-merge
2026-04-25T01:49:22.9127338Z Checks after ignore checks filter:
2026-04-25T01:49:22.9128211Z Checks completed: capture-failure-log, firebase-distribute, lint-and-test, capture-failure-log, capture-failure-log, e2e, maybe-label, web-lint-and-test, test, autofix
2026-04-25T01:49:22.9128903Z Checks in_progress: connected-tests
2026-04-25T01:49:22.9129142Z Checks after check_name filter:
2026-04-25T01:49:22.9129907Z Checks completed: capture-failure-log, firebase-distribute, lint-and-test, capture-failure-log, capture-failure-log, e2e, maybe-label, web-lint-and-test, test, autofix
2026-04-25T01:49:22.9130604Z Checks in_progress: connected-tests
2026-04-25T01:49:22.9130839Z Checks after Regexp filter:
2026-04-25T01:49:22.9131479Z Checks completed: capture-failure-log, firebase-distribute, lint-and-test, capture-failure-log, capture-failure-log, e2e, maybe-label, web-lint-and-test, test, autofix
2026-04-25T01:49:22.9132174Z Checks in_progress: connected-tests
2026-04-25T01:49:22.9132512Z The requested checks aren't complete yet, will check back in 30 seconds...
2026-04-25T01:49:22.9132905Z Checks running on ref:
2026-04-25T01:49:22.9133694Z Checks completed: capture-failure-log, firebase-distribute, lint-and-test, capture-failure-log, capture-failure-log, e2e, maybe-label, web-lint-and-test, test, autofix
2026-04-25T01:49:22.9134834Z Checks in_progress: connected-tests, Auto-merge
2026-04-25T01:49:22.9135167Z Checks after ignore checks filter:
2026-04-25T01:49:22.9136020Z Checks completed: capture-failure-log, firebase-distribute, lint-and-test, capture-failure-log, capture-failure-log, e2e, maybe-label, web-lint-and-test, test, autofix
2026-04-25T01:49:22.9136862Z Checks in_progress: connected-tests
2026-04-25T01:49:22.9137163Z Checks after check_name filter:
2026-04-25T01:49:22.9138004Z Checks completed: capture-failure-log, firebase-distribute, lint-and-test, capture-failure-log, capture-failure-log, e2e, maybe-label, web-lint-and-test, test, autofix
2026-04-25T01:49:22.9138858Z Checks in_progress: connected-tests
2026-04-25T01:49:22.9139179Z Checks after Regexp filter:
2026-04-25T01:49:22.9139990Z Checks completed: capture-failure-log, firebase-distribute, lint-and-test, capture-failure-log, capture-failure-log, e2e, maybe-label, web-lint-and-test, test, autofix
2026-04-25T01:49:22.9140870Z Checks in_progress: connected-tests
2026-04-25T01:49:22.9141293Z The requested checks aren't complete yet, will check back in 30 seconds...
2026-04-25T01:49:22.9141728Z Checks running on ref:
2026-04-25T01:49:22.9142557Z Checks completed: capture-failure-log, firebase-distribute, lint-and-test, capture-failure-log, capture-failure-log, e2e, maybe-label, web-lint-and-test, test, autofix
2026-04-25T01:49:22.9143466Z Checks in_progress: connected-tests, Auto-merge
2026-04-25T01:49:22.9143827Z Checks after ignore checks filter:
2026-04-25T01:49:22.9144944Z Checks completed: capture-failure-log, firebase-distribute, lint-and-test, capture-failure-log, capture-failure-log, e2e, maybe-label, web-lint-and-test, test, autofix
2026-04-25T01:49:22.9145846Z Checks in_progress: connected-tests
2026-04-25T01:49:22.9146184Z Checks after check_name filter:
2026-04-25T01:49:22.9147004Z Checks completed: capture-failure-log, firebase-distribute, lint-and-test, capture-failure-log, capture-failure-log, e2e, maybe-label, web-lint-and-test, test, autofix
2026-04-25T01:49:22.9147876Z Checks in_progress: connected-tests
2026-04-25T01:49:22.9148173Z Checks after Regexp filter:
2026-04-25T01:49:22.9149003Z Checks completed: capture-failure-log, firebase-distribute, lint-and-test, capture-failure-log, capture-failure-log, e2e, maybe-label, web-lint-and-test, test, autofix
2026-04-25T01:49:22.9149845Z Checks in_progress: connected-tests
2026-04-25T01:49:22.9150292Z The requested checks aren't complete yet, will check back in 30 seconds...
2026-04-25T01:49:22.9150716Z Checks running on ref:
2026-04-25T01:49:22.9151507Z Checks completed: capture-failure-log, firebase-distribute, lint-and-test, capture-failure-log, capture-failure-log, e2e, maybe-label, web-lint-and-test, test, autofix
2026-04-25T01:49:22.9152396Z Checks in_progress: connected-tests, Auto-merge
2026-04-25T01:49:22.9152955Z Checks after ignore checks filter:
2026-04-25T01:49:22.9153703Z Checks completed: capture-failure-log, firebase-distribute, lint-and-test, capture-failure-log, capture-failure-log, e2e, maybe-label, web-lint-and-test, test, autofix
2026-04-25T01:49:22.9154618Z Checks in_progress: connected-tests
2026-04-25T01:49:22.9154987Z Checks after check_name filter:
2026-04-25T01:49:22.9155654Z Checks completed: capture-failure-log, firebase-distribute, lint-and-test, capture-failure-log, capture-failure-log, e2e, maybe-label, web-lint-and-test, test, autofix
2026-04-25T01:49:22.9156351Z Checks in_progress: connected-tests
2026-04-25T01:49:22.9156586Z Checks after Regexp filter:
2026-04-25T01:49:22.9157541Z Checks completed: capture-failure-log, firebase-distribute, lint-and-test, capture-failure-log, capture-failure-log, e2e, maybe-label, web-lint-and-test, test, autofix
2026-04-25T01:49:22.9158757Z Checks in_progress: connected-tests
2026-04-25T01:49:22.9159319Z The requested checks aren't complete yet, will check back in 30 seconds...
2026-04-25T01:49:22.9159902Z Checks running on ref:
2026-04-25T01:49:22.9161288Z Checks completed: capture-failure-log / capture, capture-failure-log, firebase-distribute, lint-and-test, capture-failure-log, capture-failure-log, e2e, connected-tests, maybe-label, web-lint-and-test, test, autofix
2026-04-25T01:49:22.9162841Z Checks in_progress: Auto-merge
2026-04-25T01:49:22.9163204Z Checks after ignore checks filter:
2026-04-25T01:49:22.9164818Z Checks completed: capture-failure-log / capture, capture-failure-log, firebase-distribute, lint-and-test, capture-failure-log, capture-failure-log, e2e, connected-tests, maybe-label, web-lint-and-test, test, autofix
2026-04-25T01:49:22.9166254Z Checks after check_name filter:
2026-04-25T01:49:22.9167636Z Checks completed: capture-failure-log / capture, capture-failure-log, firebase-distribute, lint-and-test, capture-failure-log, capture-failure-log, e2e, connected-tests, maybe-label, web-lint-and-test, test, autofix
2026-04-25T01:49:22.9169083Z Checks after Regexp filter:
2026-04-25T01:49:22.9170437Z Checks completed: capture-failure-log / capture, capture-failure-log, firebase-distribute, lint-and-test, capture-failure-log, capture-failure-log, e2e, connected-tests, maybe-label, web-lint-and-test, test, autofix
2026-04-25T01:49:22.9171861Z Checks completed:
2026-04-25T01:49:22.9172229Z capture-failure-log / capture: completed (success)
2026-04-25T01:49:22.9172739Z capture-failure-log: completed (skipped)
2026-04-25T01:49:22.9173181Z firebase-distribute: completed (skipped)
2026-04-25T01:49:22.9173633Z lint-and-test: completed (success)
2026-04-25T01:49:22.9174065Z capture-failure-log: completed (skipped)
2026-04-25T01:49:22.9174680Z capture-failure-log: completed (skipped)
2026-04-25T01:49:22.9175154Z e2e: completed (success)
2026-04-25T01:49:22.9175519Z connected-tests: completed (failure)
2026-04-25T01:49:22.9175943Z maybe-label: completed (success)
2026-04-25T01:49:22.9176357Z web-lint-and-test: completed (success)
2026-04-25T01:49:22.9176785Z test: completed (success)
2026-04-25T01:49:22.9177151Z autofix: completed (success)
2026-04-25T01:49:22.9178257Z The conclusion of one or more checks were not allowed. Allowed conclusions are: success, skipped, neutral. This can be configured with the 'allowed-conclusions' param.
2026-04-25T01:49:22.9234726Z ##[error]Process completed with exit code 1.
2026-04-25T01:49:22.9359454Z Post job cleanup.
2026-04-25T01:49:22.9415564Z Cleaning up orphan processes
2026-04-25T01:49:22.9791238Z ##[warning]Node.js 20 actions are deprecated. The following actions are running on Node.js 20 and may not work as expected: actions/cache@v4. Actions will be forced to run with Node.js 24 by default starting June 2nd, 2026. Node.js 20 will be removed from the runner on September 16th, 2026. Please check if updated versions of these actions are available that support Node.js 24. To opt into Node.js 24 now, set the FORCE_JAVASCRIPT_ACTIONS_TO_NODE24=true environment variable on the runner or in your workflow file. Once Node.js 24 becomes the default, you can temporarily opt out by setting ACTIONS_ALLOW_USE_UNSECURE_NODE_VERSION=true. For more information see: https://github.blog/changelog/2025-09-19-deprecation-of-node-20-on-github-actions-runners/
