=== CI FAILURE ===
Workflow:      Auto-merge & Release
Workflow file: akarlin3/prismTask/.github/workflows/auto-merge.yml@refs/pull/694/merge
Job(s):        Auto-merge
Run ID:        24816441365
Run attempt:   1
Run URL:       https://github.com/akarlin3/prismTask/actions/runs/24816441365
Commit:        7400a9badcc891180f165835782dbfddeeb05581
Branch:        694/merge
Event:         pull_request
Actor:         akarlin3
Runner OS:     Linux
Timestamp:     2026-04-23T04:21:19.798Z

Failed steps:
  - Auto-merge: #3 Wait for all other CI checks to pass

=== FAILED JOB LOG ===

--- Job: Auto-merge (id 72631731984) ---
2026-04-23T04:17:36.8421910Z Current runner version: '2.333.1'
2026-04-23T04:17:36.8448419Z ##[group]Runner Image Provisioner
2026-04-23T04:17:36.8449205Z Hosted Compute Agent
2026-04-23T04:17:36.8449723Z Version: 20260213.493
2026-04-23T04:17:36.8450425Z Commit: 5c115507f6dd24b8de37d8bbe0bb4509d0cc0fa3
2026-04-23T04:17:36.8451091Z Build Date: 2026-02-13T00:28:41Z
2026-04-23T04:17:36.8451718Z Worker ID: {4088d92e-d52f-492f-8e2c-978d5866daf0}
2026-04-23T04:17:36.8452535Z Azure Region: northcentralus
2026-04-23T04:17:36.8453119Z ##[endgroup]
2026-04-23T04:17:36.8454577Z ##[group]Operating System
2026-04-23T04:17:36.8455275Z Ubuntu
2026-04-23T04:17:36.8456126Z 24.04.4
2026-04-23T04:17:36.8456616Z LTS
2026-04-23T04:17:36.8457178Z ##[endgroup]
2026-04-23T04:17:36.8457651Z ##[group]Runner Image
2026-04-23T04:17:36.8458245Z Image: ubuntu-24.04
2026-04-23T04:17:36.8458755Z Version: 20260413.86.1
2026-04-23T04:17:36.8459974Z Included Software: https://github.com/actions/runner-images/blob/ubuntu24/20260413.86/images/ubuntu/Ubuntu2404-Readme.md
2026-04-23T04:17:36.8461556Z Image Release: https://github.com/actions/runner-images/releases/tag/ubuntu24%2F20260413.86
2026-04-23T04:17:36.8462460Z ##[endgroup]
2026-04-23T04:17:36.8463677Z ##[group]GITHUB_TOKEN Permissions
2026-04-23T04:17:36.8466434Z Actions: read
2026-04-23T04:17:36.8467013Z Checks: read
2026-04-23T04:17:36.8467468Z Contents: write
2026-04-23T04:17:36.8468135Z Metadata: read
2026-04-23T04:17:36.8468655Z PullRequests: write
2026-04-23T04:17:36.8469128Z ##[endgroup]
2026-04-23T04:17:36.8471462Z Secret source: Actions
2026-04-23T04:17:36.8473038Z Prepare workflow directory
2026-04-23T04:17:36.8901184Z Prepare all required actions
2026-04-23T04:17:36.8941472Z Getting action download info
2026-04-23T04:17:37.2874160Z Download action repository 'lewagon/wait-on-check-action@ccfb013c15c8afb7bf2b7c028fb74dc5a068cccc' (SHA:ccfb013c15c8afb7bf2b7c028fb74dc5a068cccc)
2026-04-23T04:17:37.8050775Z Getting action download info
2026-04-23T04:17:37.9800612Z Download action repository 'ruby/setup-ruby@v1' (SHA:0cb964fd540e0a24c900370abf38a33466142735)
2026-04-23T04:17:38.3909822Z Download action repository 'actions/cache@v4' (SHA:0057852bfaa89a56745cba8c7296529d2fc39830)
2026-04-23T04:17:38.6580022Z Complete job name: Auto-merge
2026-04-23T04:17:38.7201954Z ##[group]Run set -euo pipefail
2026-04-23T04:17:38.7202446Z [36;1mset -euo pipefail[0m
2026-04-23T04:17:38.7202928Z [36;1m# Give GitHub a short grace period to schedule workflow runs for[0m
2026-04-23T04:17:38.7203529Z [36;1m# the head commit. Paths-filtered workflows (android/backend/web CI)[0m
2026-04-23T04:17:38.7204090Z [36;1m# won't run for doc-only or cross-cutting config PRs, so the[0m
2026-04-23T04:17:38.7204640Z [36;1m# wait-on-check-action step below would otherwise hang waiting for[0m
2026-04-23T04:17:38.7205129Z [36;1m# checks that will never appear.[0m
2026-04-23T04:17:38.7205452Z [36;1msleep 20[0m
2026-04-23T04:17:38.7206065Z [36;1mCOUNT=$(gh api "repos/$REPO/commits/$HEAD_SHA/check-runs" \[0m
2026-04-23T04:17:38.7206614Z [36;1m  --jq '[.check_runs[] | select(.name != "Auto-merge")] | length')[0m
2026-04-23T04:17:38.7207137Z [36;1mecho "Non-Auto-merge check runs on head: $COUNT"[0m
2026-04-23T04:17:38.7207583Z [36;1mif [ "$COUNT" -gt 0 ]; then[0m
2026-04-23T04:17:38.7207939Z [36;1m  echo "has_ci=true" >> "$GITHUB_OUTPUT"[0m
2026-04-23T04:17:38.7208291Z [36;1melse[0m
2026-04-23T04:17:38.7208585Z [36;1m  echo "has_ci=false" >> "$GITHUB_OUTPUT"[0m
2026-04-23T04:17:38.7209047Z [36;1m  echo "No CI checks on this PR — will merge without waiting."[0m
2026-04-23T04:17:38.7209458Z [36;1mfi[0m
2026-04-23T04:17:38.7234540Z shell: /usr/bin/bash -e {0}
2026-04-23T04:17:38.7235149Z env:
2026-04-23T04:17:38.7235400Z   WAIT_INTERVAL: 30
2026-04-23T04:17:38.7236304Z   GH_TOKEN: ***
2026-04-23T04:17:38.7236619Z   HEAD_SHA: d6c6a13765c9600646c83d73f23773063ae1fbeb
2026-04-23T04:17:38.7236997Z   REPO: akarlin3/prismTask
2026-04-23T04:17:38.7237294Z ##[endgroup]
2026-04-23T04:17:59.0346407Z Non-Auto-merge check runs on head: 1
2026-04-23T04:17:59.0582608Z ##[group]Run lewagon/wait-on-check-action@ccfb013c15c8afb7bf2b7c028fb74dc5a068cccc
2026-04-23T04:17:59.0583123Z with:
2026-04-23T04:17:59.0583468Z   ref: d6c6a13765c9600646c83d73f23773063ae1fbeb
2026-04-23T04:17:59.0583939Z   running-workflow-name: Auto-merge
2026-04-23T04:17:59.0584554Z   repo-token: ***
2026-04-23T04:17:59.0584791Z   wait-interval: 30
2026-04-23T04:17:59.0585124Z   allowed-conclusions: success,skipped
2026-04-23T04:17:59.0585410Z   verbose: true
2026-04-23T04:17:59.0585901Z env:
2026-04-23T04:17:59.0586107Z   WAIT_INTERVAL: 30
2026-04-23T04:17:59.0586337Z ##[endgroup]
2026-04-23T04:17:59.0724925Z ##[group]Run ruby/setup-ruby@v1
2026-04-23T04:17:59.0725241Z with:
2026-04-23T04:17:59.0725464Z   ruby-version: 3.2
2026-04-23T04:17:59.0725963Z   bundler-cache: false
2026-04-23T04:17:59.0726364Z   token: ***
2026-04-23T04:17:59.0726574Z env:
2026-04-23T04:17:59.0726775Z   WAIT_INTERVAL: 30
2026-04-23T04:17:59.0726994Z ##[endgroup]
2026-04-23T04:17:59.2079213Z ##[group]Modifying PATH
2026-04-23T04:17:59.2079859Z Entries added to PATH to use selected Ruby:
2026-04-23T04:17:59.2081479Z   /opt/hostedtoolcache/Ruby/3.2.11/x64/bin
2026-04-23T04:17:59.2085259Z ##[endgroup]
2026-04-23T04:17:59.2086709Z ##[group]Print Ruby version
2026-04-23T04:17:59.2162693Z [command]/opt/hostedtoolcache/Ruby/3.2.11/x64/bin/ruby --version
2026-04-23T04:17:59.3496463Z ruby 3.2.11 (2026-03-27 revision 5483bfc1ae) [x86_64-linux]
2026-04-23T04:17:59.3561009Z Took   0.15 seconds
2026-04-23T04:17:59.3562303Z ##[endgroup]
2026-04-23T04:17:59.3563839Z ##[group]Installing Bundler
2026-04-23T04:17:59.3567404Z Using Bundler shipped with ruby-3.2.11
2026-04-23T04:17:59.3568827Z Took   0.00 seconds
2026-04-23T04:17:59.3569839Z ##[endgroup]
2026-04-23T04:17:59.4233092Z ##[group]Run actions/cache@v4
2026-04-23T04:17:59.4233372Z with:
2026-04-23T04:17:59.4233798Z   path: /home/runner/work/_actions/lewagon/wait-on-check-action/ccfb013c15c8afb7bf2b7c028fb74dc5a068cccc
2026-04-23T04:17:59.4234304Z   key: Linux-gems-
2026-04-23T04:17:59.4234528Z   restore-keys: Linux-gems-
2026-04-23T04:17:59.4234758Z   enableCrossOsArchive: false
2026-04-23T04:17:59.4234983Z   fail-on-cache-miss: false
2026-04-23T04:17:59.4304074Z   lookup-only: false
2026-04-23T04:17:59.4304407Z   save-always: false
2026-04-23T04:17:59.4304612Z env:
2026-04-23T04:17:59.4304786Z   WAIT_INTERVAL: 30
2026-04-23T04:17:59.4304975Z ##[endgroup]
2026-04-23T04:17:59.7094529Z Cache not found for input keys: Linux-gems-, Linux-gems-
2026-04-23T04:17:59.7171455Z ##[group]Run bundle install --jobs 4 --retry 3
2026-04-23T04:17:59.7171796Z [36;1mbundle install --jobs 4 --retry 3[0m
2026-04-23T04:17:59.7195997Z shell: /usr/bin/bash --noprofile --norc -e -o pipefail {0}
2026-04-23T04:17:59.7196342Z env:
2026-04-23T04:17:59.7196513Z   WAIT_INTERVAL: 30
2026-04-23T04:17:59.7196693Z ##[endgroup]
2026-04-23T04:18:00.5365923Z Bundler 2.4.19 is running, but your lockfile was generated with 2.2.3. Installing Bundler 2.2.3 and restarting using that version.
2026-04-23T04:18:01.8735131Z Fetching gem metadata from https://rubygems.org/.
2026-04-23T04:18:01.8811706Z Fetching bundler 2.2.3
2026-04-23T04:18:02.0080990Z Installing bundler 2.2.3
2026-04-23T04:18:02.2122436Z Calling `DidYouMean::SPELL_CHECKERS.merge!(error_name => spell_checker)' has been deprecated. Please call `DidYouMean.correct_error(error_name, spell_checker)' instead.
2026-04-23T04:18:03.5442545Z Fetching gem metadata from https://rubygems.org/.........
2026-04-23T04:18:03.5538128Z Fetching minitest 5.18.0
2026-04-23T04:18:03.5543949Z Fetching concurrent-ruby 1.2.2
2026-04-23T04:18:03.5547338Z Fetching zeitwerk 2.6.7
2026-04-23T04:18:03.5550579Z Fetching public_suffix 4.0.7
2026-04-23T04:18:03.6788607Z Installing zeitwerk 2.6.7
2026-04-23T04:18:03.6918631Z Installing minitest 5.18.0
2026-04-23T04:18:03.6990607Z Installing public_suffix 4.0.7
2026-04-23T04:18:03.7219747Z Installing concurrent-ruby 1.2.2
2026-04-23T04:18:03.7477969Z Fetching ast 2.4.2
2026-04-23T04:18:03.7849157Z Installing ast 2.4.2
2026-04-23T04:18:03.7931640Z Using bundler 2.2.3
2026-04-23T04:18:03.7952024Z Fetching byebug 11.1.3
2026-04-23T04:18:03.8239261Z Fetching diff-lcs 1.4.4
2026-04-23T04:18:03.8577594Z Fetching faraday-net_http 2.0.3
2026-04-23T04:18:03.8887406Z Installing diff-lcs 1.4.4
2026-04-23T04:18:03.9112334Z Installing byebug 11.1.3 with native extensions
2026-04-23T04:18:03.9135806Z Installing faraday-net_http 2.0.3
2026-04-23T04:18:03.9301805Z Using ruby2_keywords 0.0.5
2026-04-23T04:18:03.9309370Z Fetching json 2.7.1
2026-04-23T04:18:03.9794738Z Installing json 2.7.1 with native extensions
2026-04-23T04:18:04.0001835Z Fetching language_server-protocol 3.17.0.3
2026-04-23T04:18:04.0494680Z Installing language_server-protocol 3.17.0.3
2026-04-23T04:18:04.1459070Z Fetching lint_roller 1.1.0
2026-04-23T04:18:04.2184136Z Installing lint_roller 1.1.0
2026-04-23T04:18:04.2389736Z Fetching parallel 1.24.0
2026-04-23T04:18:04.2818029Z Installing parallel 1.24.0
2026-04-23T04:18:04.2901206Z Fetching racc 1.7.3
2026-04-23T04:18:04.3339856Z Installing racc 1.7.3 with native extensions
2026-04-23T04:18:04.3699636Z Fetching rainbow 3.1.1
2026-04-23T04:18:04.4120750Z Installing rainbow 3.1.1
2026-04-23T04:18:04.4215397Z Fetching regexp_parser 2.8.3
2026-04-23T04:18:04.4684236Z Installing regexp_parser 2.8.3
2026-04-23T04:18:04.4928147Z Fetching rexml 3.2.6
2026-04-23T04:18:04.5306371Z Installing rexml 3.2.6
2026-04-23T04:18:04.5828634Z Fetching rspec-support 3.10.1
2026-04-23T04:18:04.6581237Z Installing rspec-support 3.10.1
2026-04-23T04:18:04.6703792Z Fetching ruby-progressbar 1.13.0
2026-04-23T04:18:04.7062898Z Installing ruby-progressbar 1.13.0
2026-04-23T04:18:04.7169451Z Fetching unicode-display_width 2.5.0
2026-04-23T04:18:04.7518737Z Installing unicode-display_width 2.5.0
2026-04-23T04:18:04.7574915Z Fetching addressable 2.8.0
2026-04-23T04:18:04.7975943Z Installing addressable 2.8.0
2026-04-23T04:18:04.8115665Z Fetching faraday 2.3.0
2026-04-23T04:18:04.8483847Z Installing faraday 2.3.0
2026-04-23T04:18:04.8695804Z Fetching i18n 1.12.0
2026-04-23T04:18:04.9061073Z Installing i18n 1.12.0
2026-04-23T04:18:04.9215243Z Fetching tzinfo 2.0.6
2026-04-23T04:18:04.9582505Z Installing tzinfo 2.0.6
2026-04-23T04:18:04.9745926Z Fetching rspec-core 3.10.1
2026-04-23T04:18:05.0167764Z Installing rspec-core 3.10.1
2026-04-23T04:18:05.0428831Z Fetching rspec-expectations 3.10.1
2026-04-23T04:18:05.0822408Z Installing rspec-expectations 3.10.1
2026-04-23T04:18:05.1009298Z Fetching rspec-mocks 3.10.1
2026-04-23T04:18:05.1404414Z Installing rspec-mocks 3.10.1
2026-04-23T04:18:05.1560606Z Fetching faraday-retry 2.0.0
2026-04-23T04:18:05.1930994Z Installing faraday-retry 2.0.0
2026-04-23T04:18:05.1991125Z Fetching sawyer 0.9.2
2026-04-23T04:18:05.2362472Z Installing sawyer 0.9.2
2026-04-23T04:18:05.2443804Z Fetching activesupport 6.1.7.3
2026-04-23T04:18:05.2938444Z Installing activesupport 6.1.7.3
2026-04-23T04:18:05.3530663Z Fetching rspec 3.10.0
2026-04-23T04:18:05.3943355Z Installing rspec 3.10.0
2026-04-23T04:18:05.3994484Z Fetching octokit 4.25.0
2026-04-23T04:18:05.4421038Z Installing octokit 4.25.0
2026-04-23T04:18:06.3633238Z Fetching parser 3.2.2.4
2026-04-23T04:18:06.4800742Z Installing parser 3.2.2.4
2026-04-23T04:18:06.5697162Z Fetching rubocop-ast 1.30.0
2026-04-23T04:18:06.6063093Z Installing rubocop-ast 1.30.0
2026-04-23T04:18:08.1943301Z Fetching rubocop 1.57.2
2026-04-23T04:18:08.2515399Z Installing rubocop 1.57.2
2026-04-23T04:18:08.4266641Z Fetching rubocop-performance 1.19.1
2026-04-23T04:18:08.4267454Z Fetching standard-custom 1.0.2
2026-04-23T04:18:08.4837972Z Installing standard-custom 1.0.2
2026-04-23T04:18:08.4856815Z Installing rubocop-performance 1.19.1
2026-04-23T04:18:08.5059860Z Fetching standard-performance 1.2.1
2026-04-23T04:18:08.5399596Z Installing standard-performance 1.2.1
2026-04-23T04:18:08.5489512Z Fetching standard 1.32.1
2026-04-23T04:18:08.5868641Z Installing standard 1.32.1
2026-04-23T04:18:08.6087388Z Bundle complete! 6 Gemfile dependencies, 40 gems now installed.
2026-04-23T04:18:08.6088531Z Use `bundle info [gemname]` to see where a bundled gem is installed.
2026-04-23T04:18:08.6614628Z ##[group]Run ruby entrypoint.rb
2026-04-23T04:18:08.6614894Z [36;1mruby entrypoint.rb[0m
2026-04-23T04:18:08.6636269Z shell: /usr/bin/bash --noprofile --norc -e -o pipefail {0}
2026-04-23T04:18:08.6636603Z env:
2026-04-23T04:18:08.6636765Z   WAIT_INTERVAL: 30
2026-04-23T04:18:08.6636983Z   ALLOWED_CONCLUSIONS: success,skipped
2026-04-23T04:18:08.6637230Z   IGNORE_CHECKS: 
2026-04-23T04:18:08.6637413Z   CHECK_NAME: 
2026-04-23T04:18:08.6637575Z   CHECK_REGEXP: 
2026-04-23T04:18:08.6637773Z   REF: d6c6a13765c9600646c83d73f23773063ae1fbeb
2026-04-23T04:18:08.6638238Z   REPO_TOKEN: ***
2026-04-23T04:18:08.6638420Z   VERBOSE: true
2026-04-23T04:18:08.6638609Z   RUNNING_WORKFLOW_NAME: Auto-merge
2026-04-23T04:18:08.6638839Z   API_ENDPOINT: 
2026-04-23T04:18:08.6639014Z ##[endgroup]
2026-04-23T04:21:11.1437457Z Checks running on ref:
2026-04-23T04:21:11.1437859Z Checks in_progress: autofix, Auto-merge
2026-04-23T04:21:11.1438322Z Checks after ignore checks filter:
2026-04-23T04:21:11.1438701Z Checks in_progress: autofix
2026-04-23T04:21:11.1439038Z Checks after check_name filter:
2026-04-23T04:21:11.1439386Z Checks in_progress: autofix
2026-04-23T04:21:11.1439701Z Checks after Regexp filter:
2026-04-23T04:21:11.1440024Z Checks in_progress: autofix
2026-04-23T04:21:11.1440508Z The requested check isn't complete yet, will check back in 30 seconds...
2026-04-23T04:21:11.1441074Z Checks running on ref:
2026-04-23T04:21:11.1441398Z Checks in_progress: autofix, Auto-merge
2026-04-23T04:21:11.1441797Z Checks after ignore checks filter:
2026-04-23T04:21:11.1442156Z Checks in_progress: autofix
2026-04-23T04:21:11.1442480Z Checks after check_name filter:
2026-04-23T04:21:11.1442827Z Checks in_progress: autofix
2026-04-23T04:21:11.1443144Z Checks after Regexp filter:
2026-04-23T04:21:11.1443470Z Checks in_progress: autofix
2026-04-23T04:21:11.1443960Z The requested check isn't complete yet, will check back in 30 seconds...
2026-04-23T04:21:11.1444529Z Checks running on ref:
2026-04-23T04:21:11.1444860Z Checks in_progress: autofix, Auto-merge
2026-04-23T04:21:11.1445255Z Checks after ignore checks filter:
2026-04-23T04:21:11.1445886Z Checks in_progress: autofix
2026-04-23T04:21:11.1446228Z Checks after check_name filter:
2026-04-23T04:21:11.1446573Z Checks in_progress: autofix
2026-04-23T04:21:11.1446887Z Checks after Regexp filter:
2026-04-23T04:21:11.1447199Z Checks in_progress: autofix
2026-04-23T04:21:11.1447672Z The requested check isn't complete yet, will check back in 30 seconds...
2026-04-23T04:21:11.1448204Z Checks running on ref:
2026-04-23T04:21:11.1448508Z Checks in_progress: autofix, Auto-merge
2026-04-23T04:21:11.1448904Z Checks after ignore checks filter:
2026-04-23T04:21:11.1449249Z Checks in_progress: autofix
2026-04-23T04:21:11.1449573Z Checks after check_name filter:
2026-04-23T04:21:11.1450013Z Checks in_progress: autofix
2026-04-23T04:21:11.1450349Z Checks after Regexp filter:
2026-04-23T04:21:11.1450769Z Checks in_progress: autofix
2026-04-23T04:21:11.1451256Z The requested check isn't complete yet, will check back in 30 seconds...
2026-04-23T04:21:11.1451803Z Checks running on ref:
2026-04-23T04:21:11.1452144Z Checks in_progress: lint-and-test, Auto-merge
2026-04-23T04:21:11.1452571Z Checks completed: autofix
2026-04-23T04:21:11.1452910Z Checks after ignore checks filter:
2026-04-23T04:21:11.1453284Z Checks in_progress: lint-and-test
2026-04-23T04:21:11.1453648Z Checks completed: autofix
2026-04-23T04:21:11.1453971Z Checks after check_name filter:
2026-04-23T04:21:11.1454340Z Checks in_progress: lint-and-test
2026-04-23T04:21:11.1454702Z Checks completed: autofix
2026-04-23T04:21:11.1455026Z Checks after Regexp filter:
2026-04-23T04:21:11.1455371Z Checks in_progress: lint-and-test
2026-04-23T04:21:11.1455930Z Checks completed: autofix
2026-04-23T04:21:11.1456456Z The requested checks aren't complete yet, will check back in 30 seconds...
2026-04-23T04:21:11.1457044Z Checks running on ref:
2026-04-23T04:21:11.1457977Z Checks completed: firebase-distribute, lint-and-test, autofix
2026-04-23T04:21:11.1458782Z Checks in_progress: capture-failure-log, Auto-merge
2026-04-23T04:21:11.1459281Z Checks after ignore checks filter:
2026-04-23T04:21:11.1459782Z Checks completed: firebase-distribute, lint-and-test, autofix
2026-04-23T04:21:11.1460380Z Checks in_progress: capture-failure-log
2026-04-23T04:21:11.1460824Z Checks after check_name filter:
2026-04-23T04:21:11.1461310Z Checks completed: firebase-distribute, lint-and-test, autofix
2026-04-23T04:21:11.1461864Z Checks in_progress: capture-failure-log
2026-04-23T04:21:11.1462284Z Checks after Regexp filter:
2026-04-23T04:21:11.1462794Z Checks completed: firebase-distribute, lint-and-test, autofix
2026-04-23T04:21:11.1463372Z Checks in_progress: capture-failure-log
2026-04-23T04:21:11.1463999Z The requested checks aren't complete yet, will check back in 30 seconds...
2026-04-23T04:21:11.1464702Z Checks running on ref:
2026-04-23T04:21:11.1465709Z Checks completed: firebase-distribute, capture-failure-log, lint-and-test, autofix
2026-04-23T04:21:11.1466624Z Checks in_progress: Auto-merge
2026-04-23T04:21:11.1467114Z Checks after ignore checks filter:
2026-04-23T04:21:11.1467996Z Checks completed: firebase-distribute, capture-failure-log, lint-and-test, autofix
2026-04-23T04:21:11.1468865Z Checks after check_name filter:
2026-04-23T04:21:11.1469636Z Checks completed: firebase-distribute, capture-failure-log, lint-and-test, autofix
2026-04-23T04:21:11.1470491Z Checks after Regexp filter:
2026-04-23T04:21:11.1471254Z Checks completed: firebase-distribute, capture-failure-log, lint-and-test, autofix
2026-04-23T04:21:11.1472104Z Checks completed:
2026-04-23T04:21:11.1472513Z firebase-distribute: completed (skipped)
2026-04-23T04:21:11.1473102Z capture-failure-log: completed (success)
2026-04-23T04:21:11.1473671Z lint-and-test: completed (failure)
2026-04-23T04:21:11.1474194Z autofix: completed (failure)
2026-04-23T04:21:11.1475216Z The conclusion of one or more checks were not allowed. Allowed conclusions are: success, skipped. This can be configured with the 'allowed-conclusions' param.
2026-04-23T04:21:11.1532841Z ##[error]Process completed with exit code 1.
2026-04-23T04:21:11.1656374Z Post job cleanup.
2026-04-23T04:21:11.1722646Z Cleaning up orphan processes
2026-04-23T04:21:11.2031823Z ##[warning]Node.js 20 actions are deprecated. The following actions are running on Node.js 20 and may not work as expected: actions/cache@v4. Actions will be forced to run with Node.js 24 by default starting June 2nd, 2026. Node.js 20 will be removed from the runner on September 16th, 2026. Please check if updated versions of these actions are available that support Node.js 24. To opt into Node.js 24 now, set the FORCE_JAVASCRIPT_ACTIONS_TO_NODE24=true environment variable on the runner or in your workflow file. Once Node.js 24 becomes the default, you can temporarily opt out by setting ACTIONS_ALLOW_USE_UNSECURE_NODE_VERSION=true. For more information see: https://github.blog/changelog/2025-09-19-deprecation-of-node-20-on-github-actions-runners/
