=== CI FAILURE ===
Workflow:      Auto-merge & Release
Workflow file: akarlin3/prismTask/.github/workflows/auto-merge.yml@refs/pull/626/merge
Job(s):        Auto-merge
Run ID:        24762251455
Run attempt:   1
Run URL:       https://github.com/akarlin3/prismTask/actions/runs/24762251455
Commit:        ea211e1dad7a048c82224c3808437234c08bcfbf
Branch:        626/merge
Event:         pull_request
Actor:         akarlin3
Runner OS:     Linux
Timestamp:     2026-04-22T05:44:23.681Z

Failed steps:
  - Auto-merge: #3 Wait for all other CI checks to pass

=== FAILED JOB LOG ===

--- Job: Auto-merge (id 72448406186) ---
2026-04-22T05:41:12.5905332Z Current runner version: '2.333.1'
2026-04-22T05:41:12.5933896Z ##[group]Runner Image Provisioner
2026-04-22T05:41:12.5934860Z Hosted Compute Agent
2026-04-22T05:41:12.5935432Z Version: 20260213.493
2026-04-22T05:41:12.5936018Z Commit: 5c115507f6dd24b8de37d8bbe0bb4509d0cc0fa3
2026-04-22T05:41:12.5936803Z Build Date: 2026-02-13T00:28:41Z
2026-04-22T05:41:12.5937567Z Worker ID: {facb8973-e58f-4a03-b1ad-71873d765ea7}
2026-04-22T05:41:12.5938282Z Azure Region: eastus
2026-04-22T05:41:12.5938908Z ##[endgroup]
2026-04-22T05:41:12.5940677Z ##[group]Operating System
2026-04-22T05:41:12.5941320Z Ubuntu
2026-04-22T05:41:12.5941859Z 24.04.4
2026-04-22T05:41:12.5942726Z LTS
2026-04-22T05:41:12.5943231Z ##[endgroup]
2026-04-22T05:41:12.5943826Z ##[group]Runner Image
2026-04-22T05:41:12.5944523Z Image: ubuntu-24.04
2026-04-22T05:41:12.5945077Z Version: 20260413.86.1
2026-04-22T05:41:12.5946623Z Included Software: https://github.com/actions/runner-images/blob/ubuntu24/20260413.86/images/ubuntu/Ubuntu2404-Readme.md
2026-04-22T05:41:12.5948135Z Image Release: https://github.com/actions/runner-images/releases/tag/ubuntu24%2F20260413.86
2026-04-22T05:41:12.5949134Z ##[endgroup]
2026-04-22T05:41:12.5950774Z ##[group]GITHUB_TOKEN Permissions
2026-04-22T05:41:12.5955387Z Actions: read
2026-04-22T05:41:12.5956257Z Checks: read
2026-04-22T05:41:12.5956914Z Contents: write
2026-04-22T05:41:12.5957589Z Metadata: read
2026-04-22T05:41:12.5958187Z PullRequests: write
2026-04-22T05:41:12.5958860Z ##[endgroup]
2026-04-22T05:41:12.5965310Z Secret source: Actions
2026-04-22T05:41:12.5967085Z Prepare workflow directory
2026-04-22T05:41:12.6533816Z Prepare all required actions
2026-04-22T05:41:12.6574531Z Getting action download info
2026-04-22T05:41:12.9733858Z Download action repository 'lewagon/wait-on-check-action@ccfb013c15c8afb7bf2b7c028fb74dc5a068cccc' (SHA:ccfb013c15c8afb7bf2b7c028fb74dc5a068cccc)
2026-04-22T05:41:13.3639568Z Getting action download info
2026-04-22T05:41:13.5095524Z Download action repository 'ruby/setup-ruby@v1' (SHA:0cb964fd540e0a24c900370abf38a33466142735)
2026-04-22T05:41:13.6995345Z Download action repository 'actions/cache@v4' (SHA:0057852bfaa89a56745cba8c7296529d2fc39830)
2026-04-22T05:41:13.9312606Z Complete job name: Auto-merge
2026-04-22T05:41:13.9939022Z ##[group]Run set -euo pipefail
2026-04-22T05:41:13.9939903Z [36;1mset -euo pipefail[0m
2026-04-22T05:41:13.9940774Z [36;1m# Give GitHub a short grace period to schedule workflow runs for[0m
2026-04-22T05:41:13.9941783Z [36;1m# the head commit. Paths-filtered workflows (android/backend/web CI)[0m
2026-04-22T05:41:13.9942999Z [36;1m# won't run for doc-only or cross-cutting config PRs, so the[0m
2026-04-22T05:41:13.9943946Z [36;1m# wait-on-check-action step below would otherwise hang waiting for[0m
2026-04-22T05:41:13.9944800Z [36;1m# checks that will never appear.[0m
2026-04-22T05:41:13.9945502Z [36;1msleep 20[0m
2026-04-22T05:41:13.9946251Z [36;1mCOUNT=$(gh api "repos/$REPO/commits/$HEAD_SHA/check-runs" \[0m
2026-04-22T05:41:13.9947187Z [36;1m  --jq '[.check_runs[] | select(.name != "Auto-merge")] | length')[0m
2026-04-22T05:41:13.9948108Z [36;1mecho "Non-Auto-merge check runs on head: $COUNT"[0m
2026-04-22T05:41:13.9948937Z [36;1mif [ "$COUNT" -gt 0 ]; then[0m
2026-04-22T05:41:13.9949678Z [36;1m  echo "has_ci=true" >> "$GITHUB_OUTPUT"[0m
2026-04-22T05:41:13.9950392Z [36;1melse[0m
2026-04-22T05:41:13.9951032Z [36;1m  echo "has_ci=false" >> "$GITHUB_OUTPUT"[0m
2026-04-22T05:41:13.9951878Z [36;1m  echo "No CI checks on this PR — will merge without waiting."[0m
2026-04-22T05:41:13.9952806Z [36;1mfi[0m
2026-04-22T05:41:13.9979776Z shell: /usr/bin/bash -e {0}
2026-04-22T05:41:13.9980699Z env:
2026-04-22T05:41:13.9981282Z   WAIT_INTERVAL: 30
2026-04-22T05:41:13.9982532Z   GH_TOKEN: ***
2026-04-22T05:41:13.9983223Z   HEAD_SHA: 4f599b369e7aa0fb9346c01cb05082fbec6a87b5
2026-04-22T05:41:13.9984018Z   REPO: akarlin3/prismTask
2026-04-22T05:41:13.9984671Z ##[endgroup]
2026-04-22T05:41:34.2513303Z Non-Auto-merge check runs on head: 1
2026-04-22T05:41:34.2740833Z ##[group]Run lewagon/wait-on-check-action@ccfb013c15c8afb7bf2b7c028fb74dc5a068cccc
2026-04-22T05:41:34.2741336Z with:
2026-04-22T05:41:34.2741632Z   ref: 4f599b369e7aa0fb9346c01cb05082fbec6a87b5
2026-04-22T05:41:34.2742148Z   running-workflow-name: Auto-merge
2026-04-22T05:41:34.2742798Z   repo-token: ***
2026-04-22T05:41:34.2743047Z   wait-interval: 30
2026-04-22T05:41:34.2743311Z   allowed-conclusions: success,skipped
2026-04-22T05:41:34.2743605Z   verbose: true
2026-04-22T05:41:34.2743874Z env:
2026-04-22T05:41:34.2744085Z   WAIT_INTERVAL: 30
2026-04-22T05:41:34.2744316Z ##[endgroup]
2026-04-22T05:41:34.2875246Z ##[group]Run ruby/setup-ruby@v1
2026-04-22T05:41:34.2875567Z with:
2026-04-22T05:41:34.2875796Z   ruby-version: 3.2
2026-04-22T05:41:34.2876080Z   bundler-cache: false
2026-04-22T05:41:34.2876478Z   token: ***
2026-04-22T05:41:34.2876698Z env:
2026-04-22T05:41:34.2876910Z   WAIT_INTERVAL: 30
2026-04-22T05:41:34.2877136Z ##[endgroup]
2026-04-22T05:41:34.4219142Z ##[group]Modifying PATH
2026-04-22T05:41:34.4219781Z Entries added to PATH to use selected Ruby:
2026-04-22T05:41:34.4223665Z   /opt/hostedtoolcache/Ruby/3.2.11/x64/bin
2026-04-22T05:41:34.4224557Z ##[endgroup]
2026-04-22T05:41:34.4225584Z ##[group]Print Ruby version
2026-04-22T05:41:34.4305338Z [command]/opt/hostedtoolcache/Ruby/3.2.11/x64/bin/ruby --version
2026-04-22T05:41:34.5987664Z ruby 3.2.11 (2026-03-27 revision 5483bfc1ae) [x86_64-linux]
2026-04-22T05:41:34.6025229Z Took   0.18 seconds
2026-04-22T05:41:34.6026654Z ##[endgroup]
2026-04-22T05:41:34.6028550Z ##[group]Installing Bundler
2026-04-22T05:41:34.6032995Z Using Bundler shipped with ruby-3.2.11
2026-04-22T05:41:34.6034118Z Took   0.00 seconds
2026-04-22T05:41:34.6034818Z ##[endgroup]
2026-04-22T05:41:34.6664940Z ##[group]Run actions/cache@v4
2026-04-22T05:41:34.6665211Z with:
2026-04-22T05:41:34.6665646Z   path: /home/runner/work/_actions/lewagon/wait-on-check-action/ccfb013c15c8afb7bf2b7c028fb74dc5a068cccc
2026-04-22T05:41:34.6666133Z   key: Linux-gems-
2026-04-22T05:41:34.6666355Z   restore-keys: Linux-gems-
2026-04-22T05:41:34.6666588Z   enableCrossOsArchive: false
2026-04-22T05:41:34.6666815Z   fail-on-cache-miss: false
2026-04-22T05:41:34.6667019Z   lookup-only: false
2026-04-22T05:41:34.6667229Z   save-always: false
2026-04-22T05:41:34.6667408Z env:
2026-04-22T05:41:34.6667579Z   WAIT_INTERVAL: 30
2026-04-22T05:41:34.6667773Z ##[endgroup]
2026-04-22T05:41:34.8738395Z Cache not found for input keys: Linux-gems-, Linux-gems-
2026-04-22T05:41:34.8812199Z ##[group]Run bundle install --jobs 4 --retry 3
2026-04-22T05:41:34.8812550Z [36;1mbundle install --jobs 4 --retry 3[0m
2026-04-22T05:41:34.8837950Z shell: /usr/bin/bash --noprofile --norc -e -o pipefail {0}
2026-04-22T05:41:34.8838280Z env:
2026-04-22T05:41:34.8838464Z   WAIT_INTERVAL: 30
2026-04-22T05:41:34.8838652Z ##[endgroup]
2026-04-22T05:41:35.8198956Z Bundler 2.4.19 is running, but your lockfile was generated with 2.2.3. Installing Bundler 2.2.3 and restarting using that version.
2026-04-22T05:41:37.0680600Z Fetching gem metadata from https://rubygems.org/.
2026-04-22T05:41:37.0756467Z Fetching bundler 2.2.3
2026-04-22T05:41:37.2517021Z Installing bundler 2.2.3
2026-04-22T05:41:37.4375897Z Calling `DidYouMean::SPELL_CHECKERS.merge!(error_name => spell_checker)' has been deprecated. Please call `DidYouMean.correct_error(error_name, spell_checker)' instead.
2026-04-22T05:41:38.6536207Z Fetching gem metadata from https://rubygems.org/.........
2026-04-22T05:41:38.6629913Z Fetching concurrent-ruby 1.2.2
2026-04-22T05:41:38.6635378Z Fetching minitest 5.18.0
2026-04-22T05:41:38.6637747Z Fetching public_suffix 4.0.7
2026-04-22T05:41:38.6642329Z Fetching zeitwerk 2.6.7
2026-04-22T05:41:38.7789798Z Installing zeitwerk 2.6.7
2026-04-22T05:41:38.7914164Z Installing minitest 5.18.0
2026-04-22T05:41:38.7970526Z Installing public_suffix 4.0.7
2026-04-22T05:41:38.8484478Z Fetching ast 2.4.2
2026-04-22T05:41:38.8712332Z Installing concurrent-ruby 1.2.2
2026-04-22T05:41:38.8753967Z Using bundler 2.2.3
2026-04-22T05:41:38.8767811Z Fetching byebug 11.1.3
2026-04-22T05:41:38.9068376Z Installing ast 2.4.2
2026-04-22T05:41:38.9253862Z Installing byebug 11.1.3 with native extensions
2026-04-22T05:41:38.9264862Z Fetching diff-lcs 1.4.4
2026-04-22T05:41:38.9486930Z Fetching faraday-net_http 2.0.3
2026-04-22T05:41:38.9871316Z Installing faraday-net_http 2.0.3
2026-04-22T05:41:39.0095620Z Installing diff-lcs 1.4.4
2026-04-22T05:41:39.0165288Z Using ruby2_keywords 0.0.5
2026-04-22T05:41:39.0175339Z Fetching json 2.7.1
2026-04-22T05:41:39.0604502Z Installing json 2.7.1 with native extensions
2026-04-22T05:41:39.1011303Z Fetching language_server-protocol 3.17.0.3
2026-04-22T05:41:39.1475249Z Installing language_server-protocol 3.17.0.3
2026-04-22T05:41:39.2160521Z Fetching lint_roller 1.1.0
2026-04-22T05:41:39.2659774Z Installing lint_roller 1.1.0
2026-04-22T05:41:39.2831821Z Fetching parallel 1.24.0
2026-04-22T05:41:39.3298443Z Installing parallel 1.24.0
2026-04-22T05:41:39.3355448Z Fetching racc 1.7.3
2026-04-22T05:41:39.3774868Z Installing racc 1.7.3 with native extensions
2026-04-22T05:41:39.4108949Z Fetching rainbow 3.1.1
2026-04-22T05:41:39.4438828Z Installing rainbow 3.1.1
2026-04-22T05:41:39.4511593Z Fetching regexp_parser 2.8.3
2026-04-22T05:41:39.4861658Z Installing regexp_parser 2.8.3
2026-04-22T05:41:39.5857462Z Fetching rexml 3.2.6
2026-04-22T05:41:39.6217495Z Installing rexml 3.2.6
2026-04-22T05:41:39.6412229Z Fetching rspec-support 3.10.1
2026-04-22T05:41:39.6789623Z Installing rspec-support 3.10.1
2026-04-22T05:41:39.6900440Z Fetching ruby-progressbar 1.13.0
2026-04-22T05:41:39.7238290Z Installing ruby-progressbar 1.13.0
2026-04-22T05:41:39.7328894Z Fetching unicode-display_width 2.5.0
2026-04-22T05:41:39.7640094Z Installing unicode-display_width 2.5.0
2026-04-22T05:41:39.7698036Z Fetching addressable 2.8.0
2026-04-22T05:41:39.8077389Z Installing addressable 2.8.0
2026-04-22T05:41:39.8207670Z Fetching faraday 2.3.0
2026-04-22T05:41:39.8566632Z Installing faraday 2.3.0
2026-04-22T05:41:39.8765147Z Fetching i18n 1.12.0
2026-04-22T05:41:39.9123958Z Installing i18n 1.12.0
2026-04-22T05:41:39.9251352Z Fetching tzinfo 2.0.6
2026-04-22T05:41:39.9597283Z Installing tzinfo 2.0.6
2026-04-22T05:41:39.9753538Z Fetching rspec-core 3.10.1
2026-04-22T05:41:40.0161338Z Installing rspec-core 3.10.1
2026-04-22T05:41:40.0409718Z Fetching rspec-expectations 3.10.1
2026-04-22T05:41:40.0765540Z Installing rspec-expectations 3.10.1
2026-04-22T05:41:40.0948181Z Fetching rspec-mocks 3.10.1
2026-04-22T05:41:40.1293796Z Installing rspec-mocks 3.10.1
2026-04-22T05:41:40.1434393Z Fetching faraday-retry 2.0.0
2026-04-22T05:41:40.1767294Z Installing faraday-retry 2.0.0
2026-04-22T05:41:40.1832597Z Fetching sawyer 0.9.2
2026-04-22T05:41:40.2169893Z Installing sawyer 0.9.2
2026-04-22T05:41:40.2243408Z Fetching activesupport 6.1.7.3
2026-04-22T05:41:40.2725960Z Installing activesupport 6.1.7.3
2026-04-22T05:41:40.3333088Z Fetching rspec 3.10.0
2026-04-22T05:41:40.3697506Z Installing rspec 3.10.0
2026-04-22T05:41:40.3759755Z Fetching octokit 4.25.0
2026-04-22T05:41:40.4118192Z Installing octokit 4.25.0
2026-04-22T05:41:41.3223712Z Fetching parser 3.2.2.4
2026-04-22T05:41:41.4292755Z Installing parser 3.2.2.4
2026-04-22T05:41:41.5244109Z Fetching rubocop-ast 1.30.0
2026-04-22T05:41:41.5598089Z Installing rubocop-ast 1.30.0
2026-04-22T05:41:43.0930148Z Fetching rubocop 1.57.2
2026-04-22T05:41:43.1723308Z Installing rubocop 1.57.2
2026-04-22T05:41:43.3130791Z Fetching rubocop-performance 1.19.1
2026-04-22T05:41:43.3133526Z Fetching standard-custom 1.0.2
2026-04-22T05:41:43.3669615Z Installing standard-custom 1.0.2
2026-04-22T05:41:43.3712827Z Installing rubocop-performance 1.19.1
2026-04-22T05:41:43.3872709Z Fetching standard-performance 1.2.1
2026-04-22T05:41:43.4194877Z Installing standard-performance 1.2.1
2026-04-22T05:41:43.4257689Z Fetching standard 1.32.1
2026-04-22T05:41:43.4616731Z Installing standard 1.32.1
2026-04-22T05:41:43.4809623Z Bundle complete! 6 Gemfile dependencies, 40 gems now installed.
2026-04-22T05:41:43.4810924Z Use `bundle info [gemname]` to see where a bundled gem is installed.
2026-04-22T05:41:43.5316749Z ##[group]Run ruby entrypoint.rb
2026-04-22T05:41:43.5317031Z [36;1mruby entrypoint.rb[0m
2026-04-22T05:41:43.5339289Z shell: /usr/bin/bash --noprofile --norc -e -o pipefail {0}
2026-04-22T05:41:43.5339603Z env:
2026-04-22T05:41:43.5339772Z   WAIT_INTERVAL: 30
2026-04-22T05:41:43.5339989Z   ALLOWED_CONCLUSIONS: success,skipped
2026-04-22T05:41:43.5340228Z   IGNORE_CHECKS: 
2026-04-22T05:41:43.5340411Z   CHECK_NAME: 
2026-04-22T05:41:43.5340577Z   CHECK_REGEXP: 
2026-04-22T05:41:43.5340789Z   REF: 4f599b369e7aa0fb9346c01cb05082fbec6a87b5
2026-04-22T05:41:43.5341282Z   REPO_TOKEN: ***
2026-04-22T05:41:43.5341472Z   VERBOSE: true
2026-04-22T05:41:43.5341677Z   RUNNING_WORKFLOW_NAME: Auto-merge
2026-04-22T05:41:43.5342150Z   API_ENDPOINT: 
2026-04-22T05:41:43.5342379Z ##[endgroup]
2026-04-22T05:44:15.3103929Z Checks running on ref:
2026-04-22T05:44:15.3104337Z Checks in_progress: autofix, Auto-merge
2026-04-22T05:44:15.3104768Z Checks after ignore checks filter:
2026-04-22T05:44:15.3105139Z Checks in_progress: autofix
2026-04-22T05:44:15.3105447Z Checks after check_name filter:
2026-04-22T05:44:15.3105761Z Checks in_progress: autofix
2026-04-22T05:44:15.3106049Z Checks after Regexp filter:
2026-04-22T05:44:15.3106348Z Checks in_progress: autofix
2026-04-22T05:44:15.3106788Z The requested check isn't complete yet, will check back in 30 seconds...
2026-04-22T05:44:15.3107304Z Checks running on ref:
2026-04-22T05:44:15.3107605Z Checks in_progress: autofix, Auto-merge
2026-04-22T05:44:15.3107972Z Checks after ignore checks filter:
2026-04-22T05:44:15.3108298Z Checks in_progress: autofix
2026-04-22T05:44:15.3108610Z Checks after check_name filter:
2026-04-22T05:44:15.3108929Z Checks in_progress: autofix
2026-04-22T05:44:15.3109225Z Checks after Regexp filter:
2026-04-22T05:44:15.3109527Z Checks in_progress: autofix
2026-04-22T05:44:15.3109965Z The requested check isn't complete yet, will check back in 30 seconds...
2026-04-22T05:44:15.3110478Z Checks running on ref:
2026-04-22T05:44:15.3110783Z Checks in_progress: autofix, Auto-merge
2026-04-22T05:44:15.3111149Z Checks after ignore checks filter:
2026-04-22T05:44:15.3111473Z Checks in_progress: autofix
2026-04-22T05:44:15.3111787Z Checks after check_name filter:
2026-04-22T05:44:15.3112312Z Checks in_progress: autofix
2026-04-22T05:44:15.3112612Z Checks after Regexp filter:
2026-04-22T05:44:15.3112917Z Checks in_progress: autofix
2026-04-22T05:44:15.3113358Z The requested check isn't complete yet, will check back in 30 seconds...
2026-04-22T05:44:15.3113868Z Checks running on ref:
2026-04-22T05:44:15.3114192Z Checks in_progress: lint-and-test, Auto-merge
2026-04-22T05:44:15.3114564Z Checks completed: autofix
2026-04-22T05:44:15.3114866Z Checks after ignore checks filter:
2026-04-22T05:44:15.3115208Z Checks in_progress: lint-and-test
2026-04-22T05:44:15.3115573Z Checks completed: autofix
2026-04-22T05:44:15.3115873Z Checks after check_name filter:
2026-04-22T05:44:15.3116310Z Checks in_progress: lint-and-test
2026-04-22T05:44:15.3116628Z Checks completed: autofix
2026-04-22T05:44:15.3116915Z Checks after Regexp filter:
2026-04-22T05:44:15.3117214Z Checks in_progress: lint-and-test
2026-04-22T05:44:15.3117532Z Checks completed: autofix
2026-04-22T05:44:15.3117972Z The requested checks aren't complete yet, will check back in 30 seconds...
2026-04-22T05:44:15.3118476Z Checks running on ref:
2026-04-22T05:44:15.3118795Z Checks in_progress: lint-and-test, Auto-merge
2026-04-22T05:44:15.3119173Z Checks completed: autofix
2026-04-22T05:44:15.3119470Z Checks after ignore checks filter:
2026-04-22T05:44:15.3119800Z Checks in_progress: lint-and-test
2026-04-22T05:44:15.3120115Z Checks completed: autofix
2026-04-22T05:44:15.3120400Z Checks after check_name filter:
2026-04-22T05:44:15.3120726Z Checks in_progress: lint-and-test
2026-04-22T05:44:15.3121063Z Checks completed: autofix
2026-04-22T05:44:15.3121357Z Checks after Regexp filter:
2026-04-22T05:44:15.3121665Z Checks in_progress: lint-and-test
2026-04-22T05:44:15.3122605Z Checks completed: autofix
2026-04-22T05:44:15.3123233Z The requested checks aren't complete yet, will check back in 30 seconds...
2026-04-22T05:44:15.3123780Z Checks running on ref:
2026-04-22T05:44:15.3124300Z Checks completed: firebase-distribute, capture-failure-log, lint-and-test, autofix
2026-04-22T05:44:15.3124914Z Checks in_progress: Auto-merge
2026-04-22T05:44:15.3125253Z Checks after ignore checks filter:
2026-04-22T05:44:15.3125834Z Checks completed: firebase-distribute, capture-failure-log, lint-and-test, autofix
2026-04-22T05:44:15.3126407Z Checks after check_name filter:
2026-04-22T05:44:15.3126975Z Checks completed: firebase-distribute, capture-failure-log, lint-and-test, autofix
2026-04-22T05:44:15.3127620Z Checks after Regexp filter:
2026-04-22T05:44:15.3128180Z Checks completed: firebase-distribute, capture-failure-log, lint-and-test, autofix
2026-04-22T05:44:15.3128805Z Checks completed:
2026-04-22T05:44:15.3129129Z firebase-distribute: completed (skipped)
2026-04-22T05:44:15.3129577Z capture-failure-log: completed (success)
2026-04-22T05:44:15.3129981Z lint-and-test: completed (failure)
2026-04-22T05:44:15.3130360Z autofix: completed (success)
2026-04-22T05:44:15.3131369Z The conclusion of one or more checks were not allowed. Allowed conclusions are: success, skipped. This can be configured with the 'allowed-conclusions' param.
2026-04-22T05:44:15.3199302Z ##[error]Process completed with exit code 1.
2026-04-22T05:44:15.3313594Z Post job cleanup.
2026-04-22T05:44:15.3371548Z Cleaning up orphan processes
2026-04-22T05:44:15.3660268Z ##[warning]Node.js 20 actions are deprecated. The following actions are running on Node.js 20 and may not work as expected: actions/cache@v4. Actions will be forced to run with Node.js 24 by default starting June 2nd, 2026. Node.js 20 will be removed from the runner on September 16th, 2026. Please check if updated versions of these actions are available that support Node.js 24. To opt into Node.js 24 now, set the FORCE_JAVASCRIPT_ACTIONS_TO_NODE24=true environment variable on the runner or in your workflow file. Once Node.js 24 becomes the default, you can temporarily opt out by setting ACTIONS_ALLOW_USE_UNSECURE_NODE_VERSION=true. For more information see: https://github.blog/changelog/2025-09-19-deprecation-of-node-20-on-github-actions-runners/
