=== CI FAILURE ===
Workflow:      Auto-merge & Release
Workflow file: akarlin3/prismTask/.github/workflows/auto-merge.yml@refs/pull/790/merge
Job(s):        Auto-merge
Run ID:        24947766236
Run attempt:   1
Run URL:       https://github.com/akarlin3/prismTask/actions/runs/24947766236
Commit:        f8f5d0638abf424a7bfde547c01878c9644fac93
Branch:        790/merge
Event:         pull_request
Actor:         akarlin3
Runner OS:     Linux
Timestamp:     2026-04-26T04:02:55.587Z

Failed steps:
  - Auto-merge: #3 Wait for all other CI checks to pass

=== FAILED JOB LOG ===

--- Job: Auto-merge (id 73052207804) ---
2026-04-26T03:59:47.9791904Z Current runner version: '2.333.1'
2026-04-26T03:59:47.9815748Z ##[group]Runner Image Provisioner
2026-04-26T03:59:47.9816617Z Hosted Compute Agent
2026-04-26T03:59:47.9817186Z Version: 20260213.493
2026-04-26T03:59:47.9817745Z Commit: 5c115507f6dd24b8de37d8bbe0bb4509d0cc0fa3
2026-04-26T03:59:47.9818470Z Build Date: 2026-02-13T00:28:41Z
2026-04-26T03:59:47.9819163Z Worker ID: {0e3804ff-a9ee-493e-9366-de831b0b2d40}
2026-04-26T03:59:47.9819809Z Azure Region: westus3
2026-04-26T03:59:47.9820378Z ##[endgroup]
2026-04-26T03:59:47.9821714Z ##[group]Operating System
2026-04-26T03:59:47.9822536Z Ubuntu
2026-04-26T03:59:47.9823069Z 24.04.4
2026-04-26T03:59:47.9823535Z LTS
2026-04-26T03:59:47.9823981Z ##[endgroup]
2026-04-26T03:59:47.9824409Z ##[group]Runner Image
2026-04-26T03:59:47.9825104Z Image: ubuntu-24.04
2026-04-26T03:59:47.9825602Z Version: 20260413.86.1
2026-04-26T03:59:47.9826792Z Included Software: https://github.com/actions/runner-images/blob/ubuntu24/20260413.86/images/ubuntu/Ubuntu2404-Readme.md
2026-04-26T03:59:47.9828178Z Image Release: https://github.com/actions/runner-images/releases/tag/ubuntu24%2F20260413.86
2026-04-26T03:59:47.9829092Z ##[endgroup]
2026-04-26T03:59:47.9830318Z ##[group]GITHUB_TOKEN Permissions
2026-04-26T03:59:47.9832079Z Actions: read
2026-04-26T03:59:47.9833013Z Checks: read
2026-04-26T03:59:47.9833477Z Contents: write
2026-04-26T03:59:47.9833963Z Metadata: read
2026-04-26T03:59:47.9834522Z PullRequests: write
2026-04-26T03:59:47.9834994Z ##[endgroup]
2026-04-26T03:59:47.9836955Z Secret source: Actions
2026-04-26T03:59:47.9837695Z Prepare workflow directory
2026-04-26T03:59:48.0228811Z Prepare all required actions
2026-04-26T03:59:48.0267873Z Getting action download info
2026-04-26T03:59:48.4220292Z Download action repository 'lewagon/wait-on-check-action@ccfb013c15c8afb7bf2b7c028fb74dc5a068cccc' (SHA:ccfb013c15c8afb7bf2b7c028fb74dc5a068cccc)
2026-04-26T03:59:49.1242700Z Getting action download info
2026-04-26T03:59:49.2953976Z Download action repository 'ruby/setup-ruby@v1' (SHA:0cb964fd540e0a24c900370abf38a33466142735)
2026-04-26T03:59:50.1694799Z Download action repository 'actions/cache@v4' (SHA:0057852bfaa89a56745cba8c7296529d2fc39830)
2026-04-26T03:59:50.3992113Z Complete job name: Auto-merge
2026-04-26T03:59:50.4689962Z ##[group]Run set -euo pipefail
2026-04-26T03:59:50.4691130Z [36;1mset -euo pipefail[0m
2026-04-26T03:59:50.4692687Z [36;1m# Audit item #5 — poll check-runs for up to 60s instead of a bare[0m
2026-04-26T03:59:50.4694505Z [36;1m# 20s sleep. On a busy runner cohort the initial 20s wasn't enough[0m
2026-04-26T03:59:50.4696288Z [36;1m# for the API to reflect queued workflow runs, which could merge[0m
2026-04-26T03:59:50.4698055Z [36;1m# PRs without waiting for CI. Bail out early as soon as ≥1 real[0m
2026-04-26T03:59:50.4699475Z [36;1m# check shows up.[0m
2026-04-26T03:59:50.4700385Z [36;1mCOUNT=0[0m
2026-04-26T03:59:50.4701208Z [36;1mfor i in $(seq 1 6); do[0m
2026-04-26T03:59:50.4702312Z [36;1m  sleep 10[0m
2026-04-26T03:59:50.4703491Z [36;1m  COUNT=$(gh api "repos/$REPO/commits/$HEAD_SHA/check-runs" \[0m
2026-04-26T03:59:50.4705288Z [36;1m    --jq '[.check_runs[] | select(.name != "Auto-merge")] | length')[0m
2026-04-26T03:59:50.4706759Z [36;1m  if [ "$COUNT" -gt 0 ]; then[0m
2026-04-26T03:59:50.4708091Z [36;1m    echo "Found $COUNT non-Auto-merge check(s) after ${i}0s"[0m
2026-04-26T03:59:50.4709434Z [36;1m    break[0m
2026-04-26T03:59:50.4710243Z [36;1m  fi[0m
2026-04-26T03:59:50.4711248Z [36;1m  echo "No non-Auto-merge checks yet (attempt $i/6)"[0m
2026-04-26T03:59:50.4712634Z [36;1mdone[0m
2026-04-26T03:59:50.4713447Z [36;1mif [ "$COUNT" -gt 0 ]; then[0m
2026-04-26T03:59:50.4714592Z [36;1m  echo "has_ci=true" >> "$GITHUB_OUTPUT"[0m
2026-04-26T03:59:50.4715717Z [36;1melse[0m
2026-04-26T03:59:50.4716605Z [36;1m  echo "has_ci=false" >> "$GITHUB_OUTPUT"[0m
2026-04-26T03:59:50.4718141Z [36;1m  echo "No CI checks on this PR after 60s — will merge without waiting."[0m
2026-04-26T03:59:50.4719580Z [36;1mfi[0m
2026-04-26T03:59:50.4746701Z shell: /usr/bin/bash -e {0}
2026-04-26T03:59:50.4747925Z env:
2026-04-26T03:59:50.4748669Z   WAIT_INTERVAL: 30
2026-04-26T03:59:50.4749924Z   GH_TOKEN: ***
2026-04-26T03:59:50.4750906Z   HEAD_SHA: 2e0e32e3ddc17a1242ed6f09ecb228b5aea6085c
2026-04-26T03:59:50.4752107Z   REPO: akarlin3/prismTask
2026-04-26T03:59:50.4753228Z ##[endgroup]
2026-04-26T04:00:00.9838385Z Found 7 non-Auto-merge check(s) after 10s
2026-04-26T04:00:01.0040975Z ##[group]Run lewagon/wait-on-check-action@ccfb013c15c8afb7bf2b7c028fb74dc5a068cccc
2026-04-26T04:00:01.0041412Z with:
2026-04-26T04:00:01.0041629Z   ref: 2e0e32e3ddc17a1242ed6f09ecb228b5aea6085c
2026-04-26T04:00:01.0041918Z   running-workflow-name: Auto-merge
2026-04-26T04:00:01.0042613Z   repo-token: ***
2026-04-26T04:00:01.0042825Z   wait-interval: 30
2026-04-26T04:00:01.0043056Z   allowed-conclusions: success,skipped,neutral
2026-04-26T04:00:01.0043340Z   verbose: true
2026-04-26T04:00:01.0043515Z env:
2026-04-26T04:00:01.0043671Z   WAIT_INTERVAL: 30
2026-04-26T04:00:01.0043872Z ##[endgroup]
2026-04-26T04:00:01.0167521Z ##[group]Run ruby/setup-ruby@v1
2026-04-26T04:00:01.0167794Z with:
2026-04-26T04:00:01.0167973Z   ruby-version: 3.2
2026-04-26T04:00:01.0168207Z   bundler-cache: false
2026-04-26T04:00:01.0168545Z   token: ***
2026-04-26T04:00:01.0168716Z env:
2026-04-26T04:00:01.0168883Z   WAIT_INTERVAL: 30
2026-04-26T04:00:01.0169068Z ##[endgroup]
2026-04-26T04:00:01.1555351Z ##[group]Modifying PATH
2026-04-26T04:00:01.1555998Z Entries added to PATH to use selected Ruby:
2026-04-26T04:00:01.1557000Z   /opt/hostedtoolcache/Ruby/3.2.11/x64/bin
2026-04-26T04:00:01.1561802Z ##[endgroup]
2026-04-26T04:00:01.1562976Z ##[group]Print Ruby version
2026-04-26T04:00:01.1647563Z [command]/opt/hostedtoolcache/Ruby/3.2.11/x64/bin/ruby --version
2026-04-26T04:00:01.2600517Z ruby 3.2.11 (2026-03-27 revision 5483bfc1ae) [x86_64-linux]
2026-04-26T04:00:01.2629413Z Took   0.11 seconds
2026-04-26T04:00:01.2630225Z ##[endgroup]
2026-04-26T04:00:01.2632648Z ##[group]Installing Bundler
2026-04-26T04:00:01.2635791Z Using Bundler shipped with ruby-3.2.11
2026-04-26T04:00:01.2636852Z Took   0.00 seconds
2026-04-26T04:00:01.2637556Z ##[endgroup]
2026-04-26T04:00:01.3338480Z ##[group]Run actions/cache@v4
2026-04-26T04:00:01.3338764Z with:
2026-04-26T04:00:01.3339184Z   path: /home/runner/work/_actions/lewagon/wait-on-check-action/ccfb013c15c8afb7bf2b7c028fb74dc5a068cccc
2026-04-26T04:00:01.3339692Z   key: Linux-gems-
2026-04-26T04:00:01.3339895Z   restore-keys: Linux-gems-
2026-04-26T04:00:01.3340125Z   enableCrossOsArchive: false
2026-04-26T04:00:01.3340354Z   fail-on-cache-miss: false
2026-04-26T04:00:01.3340568Z   lookup-only: false
2026-04-26T04:00:01.3340757Z   save-always: false
2026-04-26T04:00:01.3340943Z env:
2026-04-26T04:00:01.3341106Z   WAIT_INTERVAL: 30
2026-04-26T04:00:01.3341295Z ##[endgroup]
2026-04-26T04:00:01.7070509Z Cache not found for input keys: Linux-gems-, Linux-gems-
2026-04-26T04:00:01.7155596Z ##[group]Run bundle install --jobs 4 --retry 3
2026-04-26T04:00:01.7155954Z [36;1mbundle install --jobs 4 --retry 3[0m
2026-04-26T04:00:01.7178987Z shell: /usr/bin/bash --noprofile --norc -e -o pipefail {0}
2026-04-26T04:00:01.7179327Z env:
2026-04-26T04:00:01.7179493Z   WAIT_INTERVAL: 30
2026-04-26T04:00:01.7179683Z ##[endgroup]
2026-04-26T04:00:02.5291200Z Bundler 2.4.19 is running, but your lockfile was generated with 2.2.3. Installing Bundler 2.2.3 and restarting using that version.
2026-04-26T04:00:03.9183606Z Fetching gem metadata from https://rubygems.org/.
2026-04-26T04:00:03.9258524Z Fetching bundler 2.2.3
2026-04-26T04:00:04.1203022Z Installing bundler 2.2.3
2026-04-26T04:00:04.3072119Z Calling `DidYouMean::SPELL_CHECKERS.merge!(error_name => spell_checker)' has been deprecated. Please call `DidYouMean.correct_error(error_name, spell_checker)' instead.
2026-04-26T04:00:05.6886894Z Fetching gem metadata from https://rubygems.org/.........
2026-04-26T04:00:05.6987701Z Fetching minitest 5.18.0
2026-04-26T04:00:05.6992597Z Fetching public_suffix 4.0.7
2026-04-26T04:00:05.7282648Z Fetching concurrent-ruby 1.2.2
2026-04-26T04:00:05.7285872Z Fetching zeitwerk 2.6.7
2026-04-26T04:00:05.8459251Z Installing zeitwerk 2.6.7
2026-04-26T04:00:05.8604886Z Installing minitest 5.18.0
2026-04-26T04:00:05.8674503Z Installing public_suffix 4.0.7
2026-04-26T04:00:05.9064363Z Installing concurrent-ruby 1.2.2
2026-04-26T04:00:05.9193707Z Fetching ast 2.4.2
2026-04-26T04:00:05.9439973Z Using bundler 2.2.3
2026-04-26T04:00:05.9445131Z Fetching byebug 11.1.3
2026-04-26T04:00:05.9853001Z Fetching diff-lcs 1.4.4
2026-04-26T04:00:06.0140056Z Installing ast 2.4.2
2026-04-26T04:00:06.0235602Z Fetching faraday-net_http 2.0.3
2026-04-26T04:00:06.0550383Z Installing byebug 11.1.3 with native extensions
2026-04-26T04:00:06.0873019Z Installing diff-lcs 1.4.4
2026-04-26T04:00:06.0947367Z Installing faraday-net_http 2.0.3
2026-04-26T04:00:06.1108608Z Using ruby2_keywords 0.0.5
2026-04-26T04:00:06.1115392Z Fetching json 2.7.1
2026-04-26T04:00:06.1784669Z Fetching language_server-protocol 3.17.0.3
2026-04-26T04:00:06.2175667Z Installing json 2.7.1 with native extensions
2026-04-26T04:00:06.2501547Z Fetching lint_roller 1.1.0
2026-04-26T04:00:06.2848069Z Installing language_server-protocol 3.17.0.3
2026-04-26T04:00:06.3133220Z Installing lint_roller 1.1.0
2026-04-26T04:00:06.3491539Z Fetching parallel 1.24.0
2026-04-26T04:00:06.4276935Z Installing parallel 1.24.0
2026-04-26T04:00:06.4420623Z Fetching racc 1.7.3
2026-04-26T04:00:06.4957057Z Fetching rainbow 3.1.1
2026-04-26T04:00:06.5283926Z Installing racc 1.7.3 with native extensions
2026-04-26T04:00:06.5498532Z Installing rainbow 3.1.1
2026-04-26T04:00:06.5572681Z Fetching regexp_parser 2.8.3
2026-04-26T04:00:06.6287253Z Installing regexp_parser 2.8.3
2026-04-26T04:00:06.6553363Z Fetching rexml 3.2.6
2026-04-26T04:00:06.7255345Z Installing rexml 3.2.6
2026-04-26T04:00:06.8298198Z Fetching rspec-support 3.10.1
2026-04-26T04:00:06.8938593Z Installing rspec-support 3.10.1
2026-04-26T04:00:06.9123164Z Fetching ruby-progressbar 1.13.0
2026-04-26T04:00:06.9903567Z Installing ruby-progressbar 1.13.0
2026-04-26T04:00:07.0053118Z Fetching unicode-display_width 2.5.0
2026-04-26T04:00:07.0823461Z Installing unicode-display_width 2.5.0
2026-04-26T04:00:07.0923058Z Fetching addressable 2.8.0
2026-04-26T04:00:07.1853026Z Installing addressable 2.8.0
2026-04-26T04:00:07.2083398Z Fetching faraday 2.3.0
2026-04-26T04:00:07.2985257Z Installing faraday 2.3.0
2026-04-26T04:00:07.3286629Z Fetching i18n 1.12.0
2026-04-26T04:00:07.4233430Z Installing i18n 1.12.0
2026-04-26T04:00:07.4430456Z Fetching tzinfo 2.0.6
2026-04-26T04:00:07.5013600Z Fetching rspec-core 3.10.1
2026-04-26T04:00:07.5712621Z Installing tzinfo 2.0.6
2026-04-26T04:00:07.5977415Z Fetching rspec-expectations 3.10.1
2026-04-26T04:00:07.6478073Z Installing rspec-core 3.10.1
2026-04-26T04:00:07.6963085Z Installing rspec-expectations 3.10.1
2026-04-26T04:00:07.7083666Z Fetching rspec-mocks 3.10.1
2026-04-26T04:00:07.7759905Z Fetching faraday-retry 2.0.0
2026-04-26T04:00:07.8309820Z Installing rspec-mocks 3.10.1
2026-04-26T04:00:07.8592550Z Installing faraday-retry 2.0.0
2026-04-26T04:00:07.8752522Z Fetching sawyer 0.9.2
2026-04-26T04:00:07.8753240Z Fetching parser 3.2.2.4
2026-04-26T04:00:07.9915087Z Installing sawyer 0.9.2
2026-04-26T04:00:08.0053011Z Fetching activesupport 6.1.7.3
2026-04-26T04:00:08.1324290Z Installing activesupport 6.1.7.3
2026-04-26T04:00:08.1411800Z Installing parser 3.2.2.4
2026-04-26T04:00:08.2849923Z Fetching rspec 3.10.0
2026-04-26T04:00:08.3401805Z Fetching octokit 4.25.0
2026-04-26T04:00:08.3998267Z Installing rspec 3.10.0
2026-04-26T04:00:08.4109366Z Fetching rubocop-ast 1.30.0
2026-04-26T04:00:08.4688234Z Installing octokit 4.25.0
2026-04-26T04:00:08.4987981Z Installing rubocop-ast 1.30.0
2026-04-26T04:00:09.4183995Z Fetching rubocop 1.57.2
2026-04-26T04:00:09.5269708Z Installing rubocop 1.57.2
2026-04-26T04:00:09.6908760Z Fetching rubocop-performance 1.19.1
2026-04-26T04:00:09.6912433Z Fetching standard-custom 1.0.2
2026-04-26T04:00:09.7654375Z Installing standard-custom 1.0.2
2026-04-26T04:00:09.7737389Z Installing rubocop-performance 1.19.1
2026-04-26T04:00:09.7890835Z Fetching standard-performance 1.2.1
2026-04-26T04:00:09.8411894Z Installing standard-performance 1.2.1
2026-04-26T04:00:09.8478172Z Fetching standard 1.32.1
2026-04-26T04:00:09.9082214Z Installing standard 1.32.1
2026-04-26T04:00:09.9295758Z Bundle complete! 6 Gemfile dependencies, 40 gems now installed.
2026-04-26T04:00:09.9296980Z Use `bundle info [gemname]` to see where a bundled gem is installed.
2026-04-26T04:00:09.9808726Z ##[group]Run ruby entrypoint.rb
2026-04-26T04:00:09.9808991Z [36;1mruby entrypoint.rb[0m
2026-04-26T04:00:09.9829930Z shell: /usr/bin/bash --noprofile --norc -e -o pipefail {0}
2026-04-26T04:00:09.9830259Z env:
2026-04-26T04:00:09.9830432Z   WAIT_INTERVAL: 30
2026-04-26T04:00:09.9830660Z   ALLOWED_CONCLUSIONS: success,skipped,neutral
2026-04-26T04:00:09.9830931Z   IGNORE_CHECKS: 
2026-04-26T04:00:09.9831104Z   CHECK_NAME: 
2026-04-26T04:00:09.9831273Z   CHECK_REGEXP: 
2026-04-26T04:00:09.9831481Z   REF: 2e0e32e3ddc17a1242ed6f09ecb228b5aea6085c
2026-04-26T04:00:09.9831959Z   REPO_TOKEN: ***
2026-04-26T04:00:09.9832420Z   VERBOSE: true
2026-04-26T04:00:09.9832689Z   RUNNING_WORKFLOW_NAME: Auto-merge
2026-04-26T04:00:09.9832926Z   API_ENDPOINT: 
2026-04-26T04:00:09.9833102Z ##[endgroup]
2026-04-26T04:02:43.7307984Z Checks running on ref:
2026-04-26T04:02:43.7309053Z Checks completed: capture-failure-log, e2e, capture-failure-log, cross-device-tests, connected-tests, maybe-label, web-lint-and-test
2026-04-26T04:02:43.7310435Z Checks in_progress: lint-and-test, autofix, test, Auto-merge
2026-04-26T04:02:43.7311114Z Checks after ignore checks filter:
2026-04-26T04:02:43.7312639Z Checks completed: capture-failure-log, e2e, capture-failure-log, cross-device-tests, connected-tests, maybe-label, web-lint-and-test
2026-04-26T04:02:43.7314019Z Checks in_progress: lint-and-test, autofix, test
2026-04-26T04:02:43.7314630Z Checks after check_name filter:
2026-04-26T04:02:43.7315818Z Checks completed: capture-failure-log, e2e, capture-failure-log, cross-device-tests, connected-tests, maybe-label, web-lint-and-test
2026-04-26T04:02:43.7316912Z Checks in_progress: lint-and-test, autofix, test
2026-04-26T04:02:43.7317265Z Checks after Regexp filter:
2026-04-26T04:02:43.7317976Z Checks completed: capture-failure-log, e2e, capture-failure-log, cross-device-tests, connected-tests, maybe-label, web-lint-and-test
2026-04-26T04:02:43.7318763Z Checks in_progress: lint-and-test, autofix, test
2026-04-26T04:02:43.7319371Z The requested checks aren't complete yet, will check back in 30 seconds...
2026-04-26T04:02:43.7319867Z Checks running on ref:
2026-04-26T04:02:43.7320559Z Checks completed: capture-failure-log, e2e, capture-failure-log, cross-device-tests, connected-tests, maybe-label, web-lint-and-test
2026-04-26T04:02:43.7321405Z Checks in_progress: lint-and-test, autofix, test, Auto-merge
2026-04-26T04:02:43.7321824Z Checks after ignore checks filter:
2026-04-26T04:02:43.7322846Z Checks completed: capture-failure-log, e2e, capture-failure-log, cross-device-tests, connected-tests, maybe-label, web-lint-and-test
2026-04-26T04:02:43.7323681Z Checks in_progress: lint-and-test, autofix, test
2026-04-26T04:02:43.7324051Z Checks after check_name filter:
2026-04-26T04:02:43.7324778Z Checks completed: capture-failure-log, e2e, capture-failure-log, cross-device-tests, connected-tests, maybe-label, web-lint-and-test
2026-04-26T04:02:43.7325591Z Checks in_progress: lint-and-test, autofix, test
2026-04-26T04:02:43.7325953Z Checks after Regexp filter:
2026-04-26T04:02:43.7326659Z Checks completed: capture-failure-log, e2e, capture-failure-log, cross-device-tests, connected-tests, maybe-label, web-lint-and-test
2026-04-26T04:02:43.7327461Z Checks in_progress: lint-and-test, autofix, test
2026-04-26T04:02:43.7327965Z The requested checks aren't complete yet, will check back in 30 seconds...
2026-04-26T04:02:43.7328430Z Checks running on ref:
2026-04-26T04:02:43.7329298Z Checks completed: capture-failure-log / capture, capture-failure-log, e2e, capture-failure-log, cross-device-tests, test, connected-tests, maybe-label, web-lint-and-test
2026-04-26T04:02:43.7330476Z Checks in_progress: lint-and-test, autofix, Auto-merge
2026-04-26T04:02:43.7330780Z Checks after ignore checks filter:
2026-04-26T04:02:43.7331462Z Checks completed: capture-failure-log / capture, capture-failure-log, e2e, capture-failure-log, cross-device-tests, test, connected-tests, maybe-label, web-lint-and-test
2026-04-26T04:02:43.7332635Z Checks in_progress: lint-and-test, autofix
2026-04-26T04:02:43.7333013Z Checks after check_name filter:
2026-04-26T04:02:43.7333952Z Checks completed: capture-failure-log / capture, capture-failure-log, e2e, capture-failure-log, cross-device-tests, test, connected-tests, maybe-label, web-lint-and-test
2026-04-26T04:02:43.7334993Z Checks in_progress: lint-and-test, autofix
2026-04-26T04:02:43.7335333Z Checks after Regexp filter:
2026-04-26T04:02:43.7336170Z Checks completed: capture-failure-log / capture, capture-failure-log, e2e, capture-failure-log, cross-device-tests, test, connected-tests, maybe-label, web-lint-and-test
2026-04-26T04:02:43.7337062Z Checks in_progress: lint-and-test, autofix
2026-04-26T04:02:43.7337517Z The requested checks aren't complete yet, will check back in 30 seconds...
2026-04-26T04:02:43.7337974Z Checks running on ref:
2026-04-26T04:02:43.7338792Z Checks completed: capture-failure-log / capture, capture-failure-log, e2e, capture-failure-log, cross-device-tests, test, connected-tests, maybe-label, web-lint-and-test
2026-04-26T04:02:43.7339716Z Checks in_progress: lint-and-test, autofix, Auto-merge
2026-04-26T04:02:43.7340121Z Checks after ignore checks filter:
2026-04-26T04:02:43.7340961Z Checks completed: capture-failure-log / capture, capture-failure-log, e2e, capture-failure-log, cross-device-tests, test, connected-tests, maybe-label, web-lint-and-test
2026-04-26T04:02:43.7341774Z Checks in_progress: lint-and-test, autofix
2026-04-26T04:02:43.7342033Z Checks after check_name filter:
2026-04-26T04:02:43.7342924Z Checks completed: capture-failure-log / capture, capture-failure-log, e2e, capture-failure-log, cross-device-tests, test, connected-tests, maybe-label, web-lint-and-test
2026-04-26T04:02:43.7343631Z Checks in_progress: lint-and-test, autofix
2026-04-26T04:02:43.7343892Z Checks after Regexp filter:
2026-04-26T04:02:43.7344542Z Checks completed: capture-failure-log / capture, capture-failure-log, e2e, capture-failure-log, cross-device-tests, test, connected-tests, maybe-label, web-lint-and-test
2026-04-26T04:02:43.7345375Z Checks in_progress: lint-and-test, autofix
2026-04-26T04:02:43.7345954Z The requested checks aren't complete yet, will check back in 30 seconds...
2026-04-26T04:02:43.7346516Z Checks running on ref:
2026-04-26T04:02:43.7347583Z Checks completed: capture-failure-log / capture, capture-failure-log, e2e, capture-failure-log, cross-device-tests, test, connected-tests, maybe-label, web-lint-and-test
2026-04-26T04:02:43.7348884Z Checks in_progress: lint-and-test, autofix, Auto-merge
2026-04-26T04:02:43.7349378Z Checks after ignore checks filter:
2026-04-26T04:02:43.7350580Z Checks completed: capture-failure-log / capture, capture-failure-log, e2e, capture-failure-log, cross-device-tests, test, connected-tests, maybe-label, web-lint-and-test
2026-04-26T04:02:43.7351831Z Checks in_progress: lint-and-test, autofix
2026-04-26T04:02:43.7352443Z Checks after check_name filter:
2026-04-26T04:02:43.7353638Z Checks completed: capture-failure-log / capture, capture-failure-log, e2e, capture-failure-log, cross-device-tests, test, connected-tests, maybe-label, web-lint-and-test
2026-04-26T04:02:43.7354888Z Checks in_progress: lint-and-test, autofix
2026-04-26T04:02:43.7355293Z Checks after Regexp filter:
2026-04-26T04:02:43.7356400Z Checks completed: capture-failure-log / capture, capture-failure-log, e2e, capture-failure-log, cross-device-tests, test, connected-tests, maybe-label, web-lint-and-test
2026-04-26T04:02:43.7357583Z Checks in_progress: lint-and-test, autofix
2026-04-26T04:02:43.7358171Z The requested checks aren't complete yet, will check back in 30 seconds...
2026-04-26T04:02:43.7358928Z Checks running on ref:
2026-04-26T04:02:43.7360468Z Checks completed: capture-failure-log, firebase-distribute, capture-failure-log / capture, capture-failure-log, lint-and-test, autofix, e2e, capture-failure-log, cross-device-tests, test, connected-tests, maybe-label, web-lint-and-test
2026-04-26T04:02:43.7362381Z Checks in_progress: Auto-merge
2026-04-26T04:02:43.7362970Z Checks after ignore checks filter:
2026-04-26T04:02:43.7364627Z Checks completed: capture-failure-log, firebase-distribute, capture-failure-log / capture, capture-failure-log, lint-and-test, autofix, e2e, capture-failure-log, cross-device-tests, test, connected-tests, maybe-label, web-lint-and-test
2026-04-26T04:02:43.7366312Z Checks after check_name filter:
2026-04-26T04:02:43.7367928Z Checks completed: capture-failure-log, firebase-distribute, capture-failure-log / capture, capture-failure-log, lint-and-test, autofix, e2e, capture-failure-log, cross-device-tests, test, connected-tests, maybe-label, web-lint-and-test
2026-04-26T04:02:43.7369610Z Checks after Regexp filter:
2026-04-26T04:02:43.7371216Z Checks completed: capture-failure-log, firebase-distribute, capture-failure-log / capture, capture-failure-log, lint-and-test, autofix, e2e, capture-failure-log, cross-device-tests, test, connected-tests, maybe-label, web-lint-and-test
2026-04-26T04:02:43.7373043Z Checks completed:
2026-04-26T04:02:43.7373408Z capture-failure-log: completed (skipped)
2026-04-26T04:02:43.7373881Z firebase-distribute: completed (cancelled)
2026-04-26T04:02:43.7374390Z capture-failure-log / capture: completed (success)
2026-04-26T04:02:43.7374905Z capture-failure-log: completed (skipped)
2026-04-26T04:02:43.7375361Z lint-and-test: completed (cancelled)
2026-04-26T04:02:43.7375787Z autofix: completed (cancelled)
2026-04-26T04:02:43.7376158Z e2e: completed (success)
2026-04-26T04:02:43.7376539Z capture-failure-log: completed (skipped)
2026-04-26T04:02:43.7377001Z cross-device-tests: completed (skipped)
2026-04-26T04:02:43.7377440Z test: completed (failure)
2026-04-26T04:02:43.7377816Z connected-tests: completed (skipped)
2026-04-26T04:02:43.7378238Z maybe-label: completed (success)
2026-04-26T04:02:43.7378655Z web-lint-and-test: completed (success)
2026-04-26T04:02:43.7379844Z The conclusion of one or more checks were not allowed. Allowed conclusions are: success, skipped, neutral. This can be configured with the 'allowed-conclusions' param.
2026-04-26T04:02:43.7410831Z ##[error]Process completed with exit code 1.
2026-04-26T04:02:43.7534594Z Post job cleanup.
2026-04-26T04:02:43.7590763Z Cleaning up orphan processes
2026-04-26T04:02:43.7909881Z ##[warning]Node.js 20 actions are deprecated. The following actions are running on Node.js 20 and may not work as expected: actions/cache@v4. Actions will be forced to run with Node.js 24 by default starting June 2nd, 2026. Node.js 20 will be removed from the runner on September 16th, 2026. Please check if updated versions of these actions are available that support Node.js 24. To opt into Node.js 24 now, set the FORCE_JAVASCRIPT_ACTIONS_TO_NODE24=true environment variable on the runner or in your workflow file. Once Node.js 24 becomes the default, you can temporarily opt out by setting ACTIONS_ALLOW_USE_UNSECURE_NODE_VERSION=true. For more information see: https://github.blog/changelog/2025-09-19-deprecation-of-node-20-on-github-actions-runners/
