=== CI FAILURE ===
Workflow:      Auto-merge & Release
Workflow file: akarlin3/prismTask/.github/workflows/auto-merge.yml@refs/pull/493/merge
Job(s):        Auto-merge
Run ID:        24544092125
Run attempt:   1
Run URL:       https://github.com/akarlin3/prismTask/actions/runs/24544092125
Commit:        9c489b08ef757b12ce2c8a34de8a1f309dcbc8a7
Branch:        493/merge
Event:         pull_request
Actor:         akarlin3
Runner OS:     Linux
Timestamp:     2026-04-17T02:12:28.408Z

Failed steps:
  - Auto-merge: #3 Wait for all other CI checks to pass

=== FAILED JOB LOG ===

--- Job: Auto-merge (id 71755881094) ---
2026-04-17T02:08:44.6514264Z Current runner version: '2.333.1'
2026-04-17T02:08:44.6548760Z ##[group]Runner Image Provisioner
2026-04-17T02:08:44.6549933Z Hosted Compute Agent
2026-04-17T02:08:44.6550889Z Version: 20260213.493
2026-04-17T02:08:44.6551773Z Commit: 5c115507f6dd24b8de37d8bbe0bb4509d0cc0fa3
2026-04-17T02:08:44.6552924Z Build Date: 2026-02-13T00:28:41Z
2026-04-17T02:08:44.6553976Z Worker ID: {475672d7-d9e9-442b-8f66-b9e4112b0422}
2026-04-17T02:08:44.6555063Z Azure Region: centralus
2026-04-17T02:08:44.6555850Z ##[endgroup]
2026-04-17T02:08:44.6558833Z ##[group]Operating System
2026-04-17T02:08:44.6559727Z Ubuntu
2026-04-17T02:08:44.6560417Z 24.04.4
2026-04-17T02:08:44.6561168Z LTS
2026-04-17T02:08:44.6561832Z ##[endgroup]
2026-04-17T02:08:44.6562717Z ##[group]Runner Image
2026-04-17T02:08:44.6563652Z Image: ubuntu-24.04
2026-04-17T02:08:44.6564773Z Version: 20260406.80.1
2026-04-17T02:08:44.6566721Z Included Software: https://github.com/actions/runner-images/blob/ubuntu24/20260406.80/images/ubuntu/Ubuntu2404-Readme.md
2026-04-17T02:08:44.6570048Z Image Release: https://github.com/actions/runner-images/releases/tag/ubuntu24%2F20260406.80
2026-04-17T02:08:44.6571590Z ##[endgroup]
2026-04-17T02:08:44.6573939Z ##[group]GITHUB_TOKEN Permissions
2026-04-17T02:08:44.6576731Z Actions: read
2026-04-17T02:08:44.6577553Z Checks: read
2026-04-17T02:08:44.6578740Z Contents: write
2026-04-17T02:08:44.6579566Z Metadata: read
2026-04-17T02:08:44.6580396Z PullRequests: write
2026-04-17T02:08:44.6581515Z ##[endgroup]
2026-04-17T02:08:44.6584231Z Secret source: Actions
2026-04-17T02:08:44.6585828Z Prepare workflow directory
2026-04-17T02:08:44.7045968Z Prepare all required actions
2026-04-17T02:08:44.7102539Z Getting action download info
2026-04-17T02:08:45.0276379Z Download action repository 'lewagon/wait-on-check-action@ccfb013c15c8afb7bf2b7c028fb74dc5a068cccc' (SHA:ccfb013c15c8afb7bf2b7c028fb74dc5a068cccc)
2026-04-17T02:08:45.5842093Z Getting action download info
2026-04-17T02:08:45.7859493Z Download action repository 'ruby/setup-ruby@v1' (SHA:7372622e62b60b3cb750dcd2b9e32c247ffec26a)
2026-04-17T02:08:46.3537470Z Download action repository 'actions/cache@v4' (SHA:0057852bfaa89a56745cba8c7296529d2fc39830)
2026-04-17T02:08:46.5099743Z Complete job name: Auto-merge
2026-04-17T02:08:46.5787235Z ##[group]Run set -euo pipefail
2026-04-17T02:08:46.5788600Z [36;1mset -euo pipefail[0m
2026-04-17T02:08:46.5789949Z [36;1m# Give GitHub a short grace period to schedule workflow runs for[0m
2026-04-17T02:08:46.5791822Z [36;1m# the head commit. Paths-filtered workflows (android/backend/web CI)[0m
2026-04-17T02:08:46.5793637Z [36;1m# won't run for doc-only or cross-cutting config PRs, so the[0m
2026-04-17T02:08:46.5795392Z [36;1m# wait-on-check-action step below would otherwise hang waiting for[0m
2026-04-17T02:08:46.5796919Z [36;1m# checks that will never appear.[0m
2026-04-17T02:08:46.5797962Z [36;1msleep 20[0m
2026-04-17T02:08:46.5799204Z [36;1mCOUNT=$(gh api "repos/$REPO/commits/$HEAD_SHA/check-runs" \[0m
2026-04-17T02:08:46.5800906Z [36;1m  --jq '[.check_runs[] | select(.name != "Auto-merge")] | length')[0m
2026-04-17T02:08:46.5802513Z [36;1mecho "Non-Auto-merge check runs on head: $COUNT"[0m
2026-04-17T02:08:46.5803801Z [36;1mif [ "$COUNT" -gt 0 ]; then[0m
2026-04-17T02:08:46.5804920Z [36;1m  echo "has_ci=true" >> "$GITHUB_OUTPUT"[0m
2026-04-17T02:08:46.5806033Z [36;1melse[0m
2026-04-17T02:08:46.5806902Z [36;1m  echo "has_ci=false" >> "$GITHUB_OUTPUT"[0m
2026-04-17T02:08:46.5808574Z [36;1m  echo "No CI checks on this PR — will merge without waiting."[0m
2026-04-17T02:08:46.5810063Z [36;1mfi[0m
2026-04-17T02:08:46.5836321Z shell: /usr/bin/bash -e {0}
2026-04-17T02:08:46.5837549Z env:
2026-04-17T02:08:46.5838287Z   WAIT_INTERVAL: 30
2026-04-17T02:08:46.5839796Z   GH_TOKEN: ***
2026-04-17T02:08:46.5840724Z   HEAD_SHA: 9ae1501b8521e25591c3fcbd31fed8614588ff4e
2026-04-17T02:08:46.5841913Z   REPO: akarlin3/prismTask
2026-04-17T02:08:46.5842799Z ##[endgroup]
2026-04-17T02:09:06.9600055Z Non-Auto-merge check runs on head: 3
2026-04-17T02:09:06.9838114Z ##[group]Run lewagon/wait-on-check-action@ccfb013c15c8afb7bf2b7c028fb74dc5a068cccc
2026-04-17T02:09:06.9839061Z with:
2026-04-17T02:09:06.9839334Z   ref: 9ae1501b8521e25591c3fcbd31fed8614588ff4e
2026-04-17T02:09:06.9839698Z   running-workflow-name: Auto-merge
2026-04-17T02:09:06.9840395Z   repo-token: ***
2026-04-17T02:09:06.9840638Z   wait-interval: 30
2026-04-17T02:09:06.9840901Z   allowed-conclusions: success,skipped
2026-04-17T02:09:06.9841205Z   verbose: true
2026-04-17T02:09:06.9841429Z env:
2026-04-17T02:09:06.9841698Z   WAIT_INTERVAL: 30
2026-04-17T02:09:06.9841927Z ##[endgroup]
2026-04-17T02:09:06.9978890Z ##[group]Run ruby/setup-ruby@v1
2026-04-17T02:09:06.9979219Z with:
2026-04-17T02:09:06.9979444Z   ruby-version: 3.2
2026-04-17T02:09:06.9979713Z   bundler-cache: false
2026-04-17T02:09:06.9980104Z   token: ***
2026-04-17T02:09:06.9980314Z env:
2026-04-17T02:09:06.9980519Z   WAIT_INTERVAL: 30
2026-04-17T02:09:06.9980747Z ##[endgroup]
2026-04-17T02:09:07.1385628Z ##[group]Modifying PATH
2026-04-17T02:09:07.1386330Z Entries added to PATH to use selected Ruby:
2026-04-17T02:09:07.1387253Z   /opt/hostedtoolcache/Ruby/3.2.11/x64/bin
2026-04-17T02:09:07.1392119Z ##[endgroup]
2026-04-17T02:09:07.1393170Z ##[group]Print Ruby version
2026-04-17T02:09:07.1528744Z [command]/opt/hostedtoolcache/Ruby/3.2.11/x64/bin/ruby --version
2026-04-17T02:09:07.3302329Z ruby 3.2.11 (2026-03-27 revision 5483bfc1ae) [x86_64-linux]
2026-04-17T02:09:07.3339545Z Took   0.19 seconds
2026-04-17T02:09:07.3340366Z ##[endgroup]
2026-04-17T02:09:07.3343192Z ##[group]Installing Bundler
2026-04-17T02:09:07.3347255Z Using Bundler shipped with ruby-3.2.11
2026-04-17T02:09:07.3349222Z Took   0.00 seconds
2026-04-17T02:09:07.3350536Z ##[endgroup]
2026-04-17T02:09:07.4001046Z ##[group]Run actions/cache@v4
2026-04-17T02:09:07.4067477Z with:
2026-04-17T02:09:07.4067977Z   path: /home/runner/work/_actions/lewagon/wait-on-check-action/ccfb013c15c8afb7bf2b7c028fb74dc5a068cccc
2026-04-17T02:09:07.4068805Z   key: Linux-gems-
2026-04-17T02:09:07.4069026Z   restore-keys: Linux-gems-
2026-04-17T02:09:07.4069262Z   enableCrossOsArchive: false
2026-04-17T02:09:07.4069490Z   fail-on-cache-miss: false
2026-04-17T02:09:07.4069720Z   lookup-only: false
2026-04-17T02:09:07.4069947Z   save-always: false
2026-04-17T02:09:07.4070145Z env:
2026-04-17T02:09:07.4070330Z   WAIT_INTERVAL: 30
2026-04-17T02:09:07.4070542Z ##[endgroup]
2026-04-17T02:09:07.7145581Z Cache not found for input keys: Linux-gems-, Linux-gems-
2026-04-17T02:09:07.7209902Z ##[group]Run bundle install --jobs 4 --retry 3
2026-04-17T02:09:07.7210240Z [36;1mbundle install --jobs 4 --retry 3[0m
2026-04-17T02:09:07.7234516Z shell: /usr/bin/bash --noprofile --norc -e -o pipefail {0}
2026-04-17T02:09:07.7234848Z env:
2026-04-17T02:09:07.7235021Z   WAIT_INTERVAL: 30
2026-04-17T02:09:07.7235202Z ##[endgroup]
2026-04-17T02:09:08.9370887Z Bundler 2.4.19 is running, but your lockfile was generated with 2.2.3. Installing Bundler 2.2.3 and restarting using that version.
2026-04-17T02:09:10.7137858Z Fetching gem metadata from https://rubygems.org/.
2026-04-17T02:09:10.7214590Z Fetching bundler 2.2.3
2026-04-17T02:09:10.9422704Z Installing bundler 2.2.3
2026-04-17T02:09:11.1515841Z Calling `DidYouMean::SPELL_CHECKERS.merge!(error_name => spell_checker)' has been deprecated. Please call `DidYouMean.correct_error(error_name, spell_checker)' instead.
2026-04-17T02:09:12.6297334Z Fetching gem metadata from https://rubygems.org/.........
2026-04-17T02:09:12.6396416Z Fetching minitest 5.18.0
2026-04-17T02:09:12.6705512Z Fetching zeitwerk 2.6.7
2026-04-17T02:09:12.6709051Z Fetching concurrent-ruby 1.2.2
2026-04-17T02:09:12.6714814Z Fetching public_suffix 4.0.7
2026-04-17T02:09:12.7668170Z Installing minitest 5.18.0
2026-04-17T02:09:12.8087414Z Installing zeitwerk 2.6.7
2026-04-17T02:09:12.8198118Z Fetching ast 2.4.2
2026-04-17T02:09:12.8469452Z Installing public_suffix 4.0.7
2026-04-17T02:09:12.8563590Z Using bundler 2.2.3
2026-04-17T02:09:12.8577075Z Fetching byebug 11.1.3
2026-04-17T02:09:12.9041416Z Installing concurrent-ruby 1.2.2
2026-04-17T02:09:12.9128721Z Fetching diff-lcs 1.4.4
2026-04-17T02:09:12.9431743Z Installing ast 2.4.2
2026-04-17T02:09:12.9514644Z Fetching faraday-net_http 2.0.3
2026-04-17T02:09:13.0010797Z Installing byebug 11.1.3 with native extensions
2026-04-17T02:09:13.0271294Z Installing faraday-net_http 2.0.3
2026-04-17T02:09:13.0366496Z Installing diff-lcs 1.4.4
2026-04-17T02:09:13.0492964Z Using ruby2_keywords 0.0.5
2026-04-17T02:09:13.0500357Z Fetching json 2.7.1
2026-04-17T02:09:13.1147142Z Fetching language_server-protocol 3.17.0.3
2026-04-17T02:09:13.1489875Z Installing json 2.7.1 with native extensions
2026-04-17T02:09:13.1713354Z Fetching lint_roller 1.1.0
2026-04-17T02:09:13.2221133Z Installing language_server-protocol 3.17.0.3
2026-04-17T02:09:13.2462475Z Installing lint_roller 1.1.0
2026-04-17T02:09:13.2589618Z Fetching parallel 1.24.0
2026-04-17T02:09:13.3478253Z Installing parallel 1.24.0
2026-04-17T02:09:13.3583535Z Fetching racc 1.7.3
2026-04-17T02:09:13.4378324Z Fetching rainbow 3.1.1
2026-04-17T02:09:13.4788198Z Installing racc 1.7.3 with native extensions
2026-04-17T02:09:13.5115799Z Installing rainbow 3.1.1
2026-04-17T02:09:13.5177674Z Fetching regexp_parser 2.8.3
2026-04-17T02:09:13.6149594Z Installing regexp_parser 2.8.3
2026-04-17T02:09:13.6410910Z Fetching rexml 3.2.6
2026-04-17T02:09:13.7315122Z Installing rexml 3.2.6
2026-04-17T02:09:13.8344835Z Fetching rspec-support 3.10.1
2026-04-17T02:09:13.9178202Z Installing rspec-support 3.10.1
2026-04-17T02:09:13.9368627Z Fetching ruby-progressbar 1.13.0
2026-04-17T02:09:14.0201339Z Installing ruby-progressbar 1.13.0
2026-04-17T02:09:14.0369550Z Fetching unicode-display_width 2.5.0
2026-04-17T02:09:14.1329375Z Installing unicode-display_width 2.5.0
2026-04-17T02:09:14.1449211Z Fetching addressable 2.8.0
2026-04-17T02:09:14.2589516Z Installing addressable 2.8.0
2026-04-17T02:09:14.2787897Z Fetching faraday 2.3.0
2026-04-17T02:09:14.3843621Z Installing faraday 2.3.0
2026-04-17T02:09:14.4175229Z Fetching i18n 1.12.0
2026-04-17T02:09:14.5278140Z Fetching tzinfo 2.0.6
2026-04-17T02:09:14.5749855Z Installing i18n 1.12.0
2026-04-17T02:09:14.5959017Z Fetching rspec-core 3.10.1
2026-04-17T02:09:14.6780539Z Installing tzinfo 2.0.6
2026-04-17T02:09:14.7023421Z Fetching rspec-expectations 3.10.1
2026-04-17T02:09:14.7716107Z Installing rspec-core 3.10.1
2026-04-17T02:09:14.7993000Z Installing rspec-expectations 3.10.1
2026-04-17T02:09:14.8402166Z Fetching rspec-mocks 3.10.1
2026-04-17T02:09:14.8870426Z Fetching faraday-retry 2.0.0
2026-04-17T02:09:14.9799920Z Installing faraday-retry 2.0.0
2026-04-17T02:09:14.9912140Z Installing rspec-mocks 3.10.1
2026-04-17T02:09:14.9996204Z Fetching sawyer 0.9.2
2026-04-17T02:09:15.0656302Z Fetching parser 3.2.2.4
2026-04-17T02:09:15.1291571Z Installing sawyer 0.9.2
2026-04-17T02:09:15.1429631Z Fetching activesupport 6.1.7.3
2026-04-17T02:09:15.2602592Z Installing activesupport 6.1.7.3
2026-04-17T02:09:15.3360137Z Installing parser 3.2.2.4
2026-04-17T02:09:15.4657374Z Fetching rspec 3.10.0
2026-04-17T02:09:15.5519832Z Installing rspec 3.10.0
2026-04-17T02:09:15.5522022Z Fetching octokit 4.25.0
2026-04-17T02:09:15.6051039Z Fetching rubocop-ast 1.30.0
2026-04-17T02:09:15.6903246Z Installing octokit 4.25.0
2026-04-17T02:09:15.7028984Z Installing rubocop-ast 1.30.0
2026-04-17T02:09:16.4343677Z Fetching rubocop 1.57.2
2026-04-17T02:09:16.5542453Z Installing rubocop 1.57.2
2026-04-17T02:09:16.7344645Z Fetching standard-custom 1.0.2
2026-04-17T02:09:16.7347317Z Fetching rubocop-performance 1.19.1
2026-04-17T02:09:16.8277764Z Installing standard-custom 1.0.2
2026-04-17T02:09:16.8437530Z Installing rubocop-performance 1.19.1
2026-04-17T02:09:16.8579995Z Fetching standard-performance 1.2.1
2026-04-17T02:09:16.9315397Z Installing standard-performance 1.2.1
2026-04-17T02:09:16.9385940Z Fetching standard 1.32.1
2026-04-17T02:09:17.0318094Z Installing standard 1.32.1
2026-04-17T02:09:17.0543997Z Bundle complete! 6 Gemfile dependencies, 40 gems now installed.
2026-04-17T02:09:17.0544924Z Use `bundle info [gemname]` to see where a bundled gem is installed.
2026-04-17T02:09:17.1099626Z ##[group]Run ruby entrypoint.rb
2026-04-17T02:09:17.1099893Z [36;1mruby entrypoint.rb[0m
2026-04-17T02:09:17.1121423Z shell: /usr/bin/bash --noprofile --norc -e -o pipefail {0}
2026-04-17T02:09:17.1121739Z env:
2026-04-17T02:09:17.1121899Z   WAIT_INTERVAL: 30
2026-04-17T02:09:17.1122102Z   ALLOWED_CONCLUSIONS: success,skipped
2026-04-17T02:09:17.1122342Z   IGNORE_CHECKS: 
2026-04-17T02:09:17.1122515Z   CHECK_NAME: 
2026-04-17T02:09:17.1122674Z   CHECK_REGEXP: 
2026-04-17T02:09:17.1122875Z   REF: 9ae1501b8521e25591c3fcbd31fed8614588ff4e
2026-04-17T02:09:17.1123339Z   REPO_TOKEN: ***
2026-04-17T02:09:17.1123523Z   VERBOSE: true
2026-04-17T02:09:17.1123712Z   RUNNING_WORKFLOW_NAME: Auto-merge
2026-04-17T02:09:17.1123941Z   API_ENDPOINT: 
2026-04-17T02:09:17.1124115Z ##[endgroup]
2026-04-17T02:12:19.8521950Z Checks running on ref:
2026-04-17T02:12:19.8522515Z Checks completed: Version Bump, Build & Firebase Distribute, autofix
2026-04-17T02:12:19.8523161Z Checks in_progress: lint-and-test, Auto-merge
2026-04-17T02:12:19.8523668Z Checks after ignore checks filter:
2026-04-17T02:12:19.8524298Z Checks completed: Version Bump, Build & Firebase Distribute, autofix
2026-04-17T02:12:19.8524949Z Checks in_progress: lint-and-test
2026-04-17T02:12:19.8525350Z Checks after check_name filter:
2026-04-17T02:12:19.8525926Z Checks completed: Version Bump, Build & Firebase Distribute, autofix
2026-04-17T02:12:19.8526562Z Checks in_progress: lint-and-test
2026-04-17T02:12:19.8526983Z Checks after Regexp filter:
2026-04-17T02:12:19.8527542Z Checks completed: Version Bump, Build & Firebase Distribute, autofix
2026-04-17T02:12:19.8528176Z Checks in_progress: lint-and-test
2026-04-17T02:12:19.8529068Z The requested checks aren't complete yet, will check back in 30 seconds...
2026-04-17T02:12:19.8529671Z Checks running on ref:
2026-04-17T02:12:19.8530019Z Checks completed: Version Bump, Build & Firebase Distribute, autofix
2026-04-17T02:12:19.8530463Z Checks in_progress: lint-and-test, Auto-merge
2026-04-17T02:12:19.8530791Z Checks after ignore checks filter:
2026-04-17T02:12:19.8531169Z Checks completed: Version Bump, Build & Firebase Distribute, autofix
2026-04-17T02:12:19.8531582Z Checks in_progress: lint-and-test
2026-04-17T02:12:19.8531853Z Checks after check_name filter:
2026-04-17T02:12:19.8532213Z Checks completed: Version Bump, Build & Firebase Distribute, autofix
2026-04-17T02:12:19.8532745Z Checks in_progress: lint-and-test
2026-04-17T02:12:19.8533020Z Checks after Regexp filter:
2026-04-17T02:12:19.8533376Z Checks completed: Version Bump, Build & Firebase Distribute, autofix
2026-04-17T02:12:19.8533780Z Checks in_progress: lint-and-test
2026-04-17T02:12:19.8534170Z The requested checks aren't complete yet, will check back in 30 seconds...
2026-04-17T02:12:19.8534592Z Checks running on ref:
2026-04-17T02:12:19.8534927Z Checks completed: Version Bump, Build & Firebase Distribute, autofix
2026-04-17T02:12:19.8535358Z Checks in_progress: lint-and-test, Auto-merge
2026-04-17T02:12:19.8535687Z Checks after ignore checks filter:
2026-04-17T02:12:19.8536067Z Checks completed: Version Bump, Build & Firebase Distribute, autofix
2026-04-17T02:12:19.8536469Z Checks in_progress: lint-and-test
2026-04-17T02:12:19.8536732Z Checks after check_name filter:
2026-04-17T02:12:19.8537106Z Checks completed: Version Bump, Build & Firebase Distribute, autofix
2026-04-17T02:12:19.8537584Z Checks in_progress: lint-and-test
2026-04-17T02:12:19.8537849Z Checks after Regexp filter:
2026-04-17T02:12:19.8538195Z Checks completed: Version Bump, Build & Firebase Distribute, autofix
2026-04-17T02:12:19.8538859Z Checks in_progress: lint-and-test
2026-04-17T02:12:19.8539268Z The requested checks aren't complete yet, will check back in 30 seconds...
2026-04-17T02:12:19.8539688Z Checks running on ref:
2026-04-17T02:12:19.8540027Z Checks completed: Version Bump, Build & Firebase Distribute, autofix
2026-04-17T02:12:19.8540476Z Checks in_progress: lint-and-test, Auto-merge
2026-04-17T02:12:19.8541132Z Checks after ignore checks filter:
2026-04-17T02:12:19.8541653Z Checks completed: Version Bump, Build & Firebase Distribute, autofix
2026-04-17T02:12:19.8542105Z Checks in_progress: lint-and-test
2026-04-17T02:12:19.8542389Z Checks after check_name filter:
2026-04-17T02:12:19.8542777Z Checks completed: Version Bump, Build & Firebase Distribute, autofix
2026-04-17T02:12:19.8543221Z Checks in_progress: lint-and-test
2026-04-17T02:12:19.8543503Z Checks after Regexp filter:
2026-04-17T02:12:19.8543877Z Checks completed: Version Bump, Build & Firebase Distribute, autofix
2026-04-17T02:12:19.8544284Z Checks in_progress: lint-and-test
2026-04-17T02:12:19.8544712Z The requested checks aren't complete yet, will check back in 30 seconds...
2026-04-17T02:12:19.8545133Z Checks running on ref:
2026-04-17T02:12:19.8545479Z Checks completed: Version Bump, Build & Firebase Distribute, autofix
2026-04-17T02:12:19.8545931Z Checks in_progress: lint-and-test, Auto-merge
2026-04-17T02:12:19.8546252Z Checks after ignore checks filter:
2026-04-17T02:12:19.8546651Z Checks completed: Version Bump, Build & Firebase Distribute, autofix
2026-04-17T02:12:19.8547077Z Checks in_progress: lint-and-test
2026-04-17T02:12:19.8547352Z Checks after check_name filter:
2026-04-17T02:12:19.8547742Z Checks completed: Version Bump, Build & Firebase Distribute, autofix
2026-04-17T02:12:19.8548151Z Checks in_progress: lint-and-test
2026-04-17T02:12:19.8548675Z Checks after Regexp filter:
2026-04-17T02:12:19.8549004Z Checks completed: Version Bump, Build & Firebase Distribute, autofix
2026-04-17T02:12:19.8549376Z Checks in_progress: lint-and-test
2026-04-17T02:12:19.8549708Z The requested checks aren't complete yet, will check back in 30 seconds...
2026-04-17T02:12:19.8550055Z Checks running on ref:
2026-04-17T02:12:19.8550467Z Checks completed: firebase-distribute, Version Bump, Build & Firebase Distribute, lint-and-test, autofix
2026-04-17T02:12:19.8550973Z Checks in_progress: capture-failure-log, Auto-merge
2026-04-17T02:12:19.8551269Z Checks after ignore checks filter:
2026-04-17T02:12:19.8551717Z Checks completed: firebase-distribute, Version Bump, Build & Firebase Distribute, lint-and-test, autofix
2026-04-17T02:12:19.8552193Z Checks in_progress: capture-failure-log
2026-04-17T02:12:19.8552524Z Checks after check_name filter:
2026-04-17T02:12:19.8553231Z Checks completed: firebase-distribute, Version Bump, Build & Firebase Distribute, lint-and-test, autofix
2026-04-17T02:12:19.8553992Z Checks in_progress: capture-failure-log
2026-04-17T02:12:19.8554376Z Checks after Regexp filter:
2026-04-17T02:12:19.8555070Z Checks completed: firebase-distribute, Version Bump, Build & Firebase Distribute, lint-and-test, autofix
2026-04-17T02:12:19.8555848Z Checks in_progress: capture-failure-log
2026-04-17T02:12:19.8556411Z The requested checks aren't complete yet, will check back in 30 seconds...
2026-04-17T02:12:19.8556962Z Checks running on ref:
2026-04-17T02:12:19.8557753Z Checks completed: firebase-distribute, capture-failure-log, Version Bump, Build & Firebase Distribute, lint-and-test, autofix
2026-04-17T02:12:19.8558837Z Checks in_progress: Auto-merge
2026-04-17T02:12:19.8559202Z Checks after ignore checks filter:
2026-04-17T02:12:19.8560111Z Checks completed: firebase-distribute, capture-failure-log, Version Bump, Build & Firebase Distribute, lint-and-test, autofix
2026-04-17T02:12:19.8561031Z Checks after check_name filter:
2026-04-17T02:12:19.8561874Z Checks completed: firebase-distribute, capture-failure-log, Version Bump, Build & Firebase Distribute, lint-and-test, autofix
2026-04-17T02:12:19.8562765Z Checks after Regexp filter:
2026-04-17T02:12:19.8563595Z Checks completed: firebase-distribute, capture-failure-log, Version Bump, Build & Firebase Distribute, lint-and-test, autofix
2026-04-17T02:12:19.8564483Z Checks completed:
2026-04-17T02:12:19.8564811Z firebase-distribute: completed (skipped)
2026-04-17T02:12:19.8565258Z capture-failure-log: completed (success)
2026-04-17T02:12:19.8565793Z Version Bump, Build & Firebase Distribute: completed (skipped)
2026-04-17T02:12:19.8566677Z lint-and-test: completed (failure)
2026-04-17T02:12:19.8567069Z autofix: completed (failure)
2026-04-17T02:12:19.8568079Z The conclusion of one or more checks were not allowed. Allowed conclusions are: success, skipped. This can be configured with the 'allowed-conclusions' param.
2026-04-17T02:12:19.8609842Z ##[error]Process completed with exit code 1.
2026-04-17T02:12:19.8727946Z Post job cleanup.
2026-04-17T02:12:19.8779515Z Cleaning up orphan processes
2026-04-17T02:12:19.9047668Z ##[warning]Node.js 20 actions are deprecated. The following actions are running on Node.js 20 and may not work as expected: actions/cache@v4. Actions will be forced to run with Node.js 24 by default starting June 2nd, 2026. Node.js 20 will be removed from the runner on September 16th, 2026. Please check if updated versions of these actions are available that support Node.js 24. To opt into Node.js 24 now, set the FORCE_JAVASCRIPT_ACTIONS_TO_NODE24=true environment variable on the runner or in your workflow file. Once Node.js 24 becomes the default, you can temporarily opt out by setting ACTIONS_ALLOW_USE_UNSECURE_NODE_VERSION=true. For more information see: https://github.blog/changelog/2025-09-19-deprecation-of-node-20-on-github-actions-runners/
