=== CI FAILURE ===
Workflow:      Auto-merge & Release
Workflow file: akarlin3/prismTask/.github/workflows/auto-merge.yml@refs/pull/832/merge
Job(s):        Auto-merge
Run ID:        24976498631
Run attempt:   1
Run URL:       https://github.com/akarlin3/prismTask/actions/runs/24976498631
Commit:        41d1f486a237ca1ff7683b1a4f00b90650540647
Branch:        832/merge
Event:         pull_request
Actor:         akarlin3
Runner OS:     Linux
Timestamp:     2026-04-27T04:33:49.568Z

Failed steps:
  - Auto-merge: #4 Wait for all other CI checks to pass

=== FAILED JOB LOG ===

--- Job: Auto-merge (id 73129382970) ---
2026-04-27T04:25:58.0083685Z Current runner version: '2.333.1'
2026-04-27T04:25:58.0110475Z ##[group]Runner Image Provisioner
2026-04-27T04:25:58.0111344Z Hosted Compute Agent
2026-04-27T04:25:58.0111981Z Version: 20260213.493
2026-04-27T04:25:58.0112847Z Commit: 5c115507f6dd24b8de37d8bbe0bb4509d0cc0fa3
2026-04-27T04:25:58.0113601Z Build Date: 2026-02-13T00:28:41Z
2026-04-27T04:25:58.0114213Z Worker ID: {2d0895d9-2ecc-45d3-adfa-357e36c40454}
2026-04-27T04:25:58.0114982Z Azure Region: westus
2026-04-27T04:25:58.0115518Z ##[endgroup]
2026-04-27T04:25:58.0116955Z ##[group]Operating System
2026-04-27T04:25:58.0117654Z Ubuntu
2026-04-27T04:25:58.0118126Z 24.04.4
2026-04-27T04:25:58.0118567Z LTS
2026-04-27T04:25:58.0119090Z ##[endgroup]
2026-04-27T04:25:58.0119549Z ##[group]Runner Image
2026-04-27T04:25:58.0120083Z Image: ubuntu-24.04
2026-04-27T04:25:58.0120678Z Version: 20260413.86.1
2026-04-27T04:25:58.0121823Z Included Software: https://github.com/actions/runner-images/blob/ubuntu24/20260413.86/images/ubuntu/Ubuntu2404-Readme.md
2026-04-27T04:25:58.0123614Z Image Release: https://github.com/actions/runner-images/releases/tag/ubuntu24%2F20260413.86
2026-04-27T04:25:58.0124512Z ##[endgroup]
2026-04-27T04:25:58.0125819Z ##[group]GITHUB_TOKEN Permissions
2026-04-27T04:25:58.0128110Z Actions: read
2026-04-27T04:25:58.0128672Z Checks: read
2026-04-27T04:25:58.0129242Z Contents: write
2026-04-27T04:25:58.0129761Z Metadata: read
2026-04-27T04:25:58.0130328Z PullRequests: write
2026-04-27T04:25:58.0130940Z ##[endgroup]
2026-04-27T04:25:58.0133439Z Secret source: Actions
2026-04-27T04:25:58.0134149Z Prepare workflow directory
2026-04-27T04:25:58.0550259Z Prepare all required actions
2026-04-27T04:25:58.0610023Z Getting action download info
2026-04-27T04:25:58.5147469Z Download action repository 'lewagon/wait-on-check-action@ccfb013c15c8afb7bf2b7c028fb74dc5a068cccc' (SHA:ccfb013c15c8afb7bf2b7c028fb74dc5a068cccc)
2026-04-27T04:25:59.1464217Z Getting action download info
2026-04-27T04:25:59.3449997Z Download action repository 'ruby/setup-ruby@v1' (SHA:c4e5b1316158f92e3d49443a9d58b31d25ac0f8f)
2026-04-27T04:25:59.8814800Z Download action repository 'actions/cache@v4' (SHA:0057852bfaa89a56745cba8c7296529d2fc39830)
2026-04-27T04:26:00.0153669Z Complete job name: Auto-merge
2026-04-27T04:26:00.0840510Z ##[group]Run set -euo pipefail
2026-04-27T04:26:00.0841086Z [36;1mset -euo pipefail[0m
2026-04-27T04:26:00.0841594Z [36;1m# Audit item #5 — poll check-runs for up to 60s instead of a bare[0m
2026-04-27T04:26:00.0842203Z [36;1m# 20s sleep. On a busy runner cohort the initial 20s wasn't enough[0m
2026-04-27T04:26:00.0843096Z [36;1m# for the API to reflect queued workflow runs, which could merge[0m
2026-04-27T04:26:00.0843656Z [36;1m# PRs without waiting for CI. Bail out early as soon as ≥1 real[0m
2026-04-27T04:26:00.0844121Z [36;1m# check shows up.[0m
2026-04-27T04:26:00.0844411Z [36;1mCOUNT=0[0m
2026-04-27T04:26:00.0844680Z [36;1mfor i in $(seq 1 6); do[0m
2026-04-27T04:26:00.0844989Z [36;1m  sleep 10[0m
2026-04-27T04:26:00.0845372Z [36;1m  COUNT=$(gh api "repos/$REPO/commits/$HEAD_SHA/check-runs" \[0m
2026-04-27T04:26:00.0845992Z [36;1m    --jq '[.check_runs[] | select(.name != "Auto-merge")] | length')[0m
2026-04-27T04:26:00.0846515Z [36;1m  if [ "$COUNT" -gt 0 ]; then[0m
2026-04-27T04:26:00.0846948Z [36;1m    echo "Found $COUNT non-Auto-merge check(s) after ${i}0s"[0m
2026-04-27T04:26:00.0847367Z [36;1m    break[0m
2026-04-27T04:26:00.0847628Z [36;1m  fi[0m
2026-04-27T04:26:00.0847960Z [36;1m  echo "No non-Auto-merge checks yet (attempt $i/6)"[0m
2026-04-27T04:26:00.0848359Z [36;1mdone[0m
2026-04-27T04:26:00.0848640Z [36;1mif [ "$COUNT" -gt 0 ]; then[0m
2026-04-27T04:26:00.0849000Z [36;1m  echo "has_ci=true" >> "$GITHUB_OUTPUT"[0m
2026-04-27T04:26:00.0849360Z [36;1melse[0m
2026-04-27T04:26:00.0849653Z [36;1m  echo "has_ci=false" >> "$GITHUB_OUTPUT"[0m
2026-04-27T04:26:00.0850162Z [36;1m  echo "No CI checks on this PR after 60s — will merge without waiting."[0m
2026-04-27T04:26:00.0850618Z [36;1mfi[0m
2026-04-27T04:26:00.0877437Z shell: /usr/bin/bash -e {0}
2026-04-27T04:26:00.0878087Z env:
2026-04-27T04:26:00.0878394Z   WAIT_INTERVAL: 30
2026-04-27T04:26:00.0879183Z   GH_TOKEN: ***
2026-04-27T04:26:00.0879547Z   HEAD_SHA: 72bfe988e2243c6d2202719068a54dc48b04835c
2026-04-27T04:26:00.0879941Z   REPO: akarlin3/prismTask
2026-04-27T04:26:00.0880249Z ##[endgroup]
2026-04-27T04:26:10.6211311Z Found 9 non-Auto-merge check(s) after 10s
2026-04-27T04:26:10.6341000Z ##[group]Run set -euo pipefail
2026-04-27T04:26:10.6341411Z [36;1mset -euo pipefail[0m
2026-04-27T04:26:10.6341879Z [36;1mREQUIRED=$(gh api "repos/$REPO/branches/main/protection/required_status_checks" \[0m
2026-04-27T04:26:10.6342669Z [36;1m  --jq '.contexts[]' 2>/dev/null || true)[0m
2026-04-27T04:26:10.6343039Z [36;1mif [ -z "$REQUIRED" ]; then[0m
2026-04-27T04:26:10.6343602Z [36;1m  echo "::warning::Could not query branch protection (likely a permission issue) — using hardcoded fallback list."[0m
2026-04-27T04:26:10.6344187Z [36;1m  REQUIRED="$FALLBACK_REQUIRED"[0m
2026-04-27T04:26:10.6344491Z [36;1mfi[0m
2026-04-27T04:26:10.6344794Z [36;1m# Strip Auto-merge from the required list so we don't wait on[0m
2026-04-27T04:26:10.6345263Z [36;1m# ourselves (it's listed because we ARE the running workflow).[0m
2026-04-27T04:26:10.6345798Z [36;1mREQUIRED=$(echo "$REQUIRED" | grep -vE '^\s*Auto-merge\s*$' | grep -vE '^\s*$' || true)[0m
2026-04-27T04:26:10.6346309Z [36;1mif [ -z "$REQUIRED" ]; then[0m
2026-04-27T04:26:10.6346702Z [36;1m  echo "No required checks beyond Auto-merge; skipping queue wait."[0m
2026-04-27T04:26:10.6347103Z [36;1m  exit 0[0m
2026-04-27T04:26:10.6347353Z [36;1mfi[0m
2026-04-27T04:26:10.6347621Z [36;1mecho "Waiting until these required checks queue:"[0m
2026-04-27T04:26:10.6348033Z [36;1mecho "$REQUIRED" | sed 's/^/  /'[0m
2026-04-27T04:26:10.6348408Z [36;1m# 30 attempts × 10s = 5 min ceiling. If checks haven't queued[0m
2026-04-27T04:26:10.6348873Z [36;1m# by then something is genuinely broken (workflow file invalid,[0m
2026-04-27T04:26:10.6349355Z [36;1m# path filter excluding everything, etc.) — log and proceed so[0m
2026-04-27T04:26:10.6349801Z [36;1m# wait-on-check-action can decide how to handle it.[0m
2026-04-27T04:26:10.6350168Z [36;1mfor attempt in $(seq 1 30); do[0m
2026-04-27T04:26:10.6350610Z [36;1m  CHECK_RUNS=$(gh api --paginate "repos/$REPO/commits/$HEAD_SHA/check-runs" \[0m
2026-04-27T04:26:10.6351076Z [36;1m    --jq '.check_runs[].name' | sort -u)[0m
2026-04-27T04:26:10.6351404Z [36;1m  MISSING=""[0m
2026-04-27T04:26:10.6351659Z [36;1m  while IFS= read -r req; do[0m
2026-04-27T04:26:10.6351945Z [36;1m    [ -z "$req" ] && continue[0m
2026-04-27T04:26:10.6352260Z [36;1m    req_trimmed=$(echo "$req" | xargs)[0m
2026-04-27T04:26:10.6352824Z [36;1m    if ! echo "$CHECK_RUNS" | grep -qxF "$req_trimmed"; then[0m
2026-04-27T04:26:10.6353240Z [36;1m      MISSING="$MISSING $req_trimmed"[0m
2026-04-27T04:26:10.6353537Z [36;1m    fi[0m
2026-04-27T04:26:10.6353760Z [36;1m  done <<< "$REQUIRED"[0m
2026-04-27T04:26:10.6354172Z [36;1m  if [ -z "$MISSING" ]; then[0m
2026-04-27T04:26:10.6354596Z [36;1m    echo "All required checks have queued after attempt $attempt."[0m
2026-04-27T04:26:10.6354978Z [36;1m    exit 0[0m
2026-04-27T04:26:10.6355201Z [36;1m  fi[0m
2026-04-27T04:26:10.6355495Z [36;1m  echo "Still waiting for:$MISSING (attempt $attempt/30)"[0m
2026-04-27T04:26:10.6355847Z [36;1m  sleep 10[0m
2026-04-27T04:26:10.6356076Z [36;1mdone[0m
2026-04-27T04:26:10.6356577Z [36;1mecho "::warning::Some required checks never queued after 5 min:$MISSING — proceeding to wait-on-check-action anyway."[0m
2026-04-27T04:26:10.6379098Z shell: /usr/bin/bash -e {0}
2026-04-27T04:26:10.6379397Z env:
2026-04-27T04:26:10.6379615Z   WAIT_INTERVAL: 30
2026-04-27T04:26:10.6380236Z   GH_TOKEN: ***
2026-04-27T04:26:10.6380510Z   HEAD_SHA: 72bfe988e2243c6d2202719068a54dc48b04835c
2026-04-27T04:26:10.6380853Z   REPO: akarlin3/prismTask
2026-04-27T04:26:10.6381244Z   FALLBACK_REQUIRED: lint-and-test
connected-tests
test
web-lint-and-test

2026-04-27T04:26:10.6381914Z ##[endgroup]
2026-04-27T04:26:10.9154884Z Waiting until these required checks queue:
2026-04-27T04:26:10.9169396Z   {"message":"Resource not accessible by integration","documentation_url":"https://docs.github.com/rest/branches/branch-protection#get-status-checks-protection","status":"403"}
2026-04-27T04:26:11.4772782Z Still waiting for: {message:Resource not accessible by integration,documentation_url:https://docs.github.com/rest/branches/branch-protection#get-status-checks-protection,status:403} (attempt 1/30)
2026-04-27T04:26:22.0064564Z Still waiting for: {message:Resource not accessible by integration,documentation_url:https://docs.github.com/rest/branches/branch-protection#get-status-checks-protection,status:403} (attempt 2/30)
2026-04-27T04:26:32.4945519Z Still waiting for: {message:Resource not accessible by integration,documentation_url:https://docs.github.com/rest/branches/branch-protection#get-status-checks-protection,status:403} (attempt 3/30)
2026-04-27T04:26:42.9975487Z Still waiting for: {message:Resource not accessible by integration,documentation_url:https://docs.github.com/rest/branches/branch-protection#get-status-checks-protection,status:403} (attempt 4/30)
2026-04-27T04:26:53.4851938Z Still waiting for: {message:Resource not accessible by integration,documentation_url:https://docs.github.com/rest/branches/branch-protection#get-status-checks-protection,status:403} (attempt 5/30)
2026-04-27T04:27:04.0659803Z Still waiting for: {message:Resource not accessible by integration,documentation_url:https://docs.github.com/rest/branches/branch-protection#get-status-checks-protection,status:403} (attempt 6/30)
2026-04-27T04:27:14.5822195Z Still waiting for: {message:Resource not accessible by integration,documentation_url:https://docs.github.com/rest/branches/branch-protection#get-status-checks-protection,status:403} (attempt 7/30)
2026-04-27T04:27:25.1033003Z Still waiting for: {message:Resource not accessible by integration,documentation_url:https://docs.github.com/rest/branches/branch-protection#get-status-checks-protection,status:403} (attempt 8/30)
2026-04-27T04:27:35.6199513Z Still waiting for: {message:Resource not accessible by integration,documentation_url:https://docs.github.com/rest/branches/branch-protection#get-status-checks-protection,status:403} (attempt 9/30)
2026-04-27T04:27:46.1059127Z Still waiting for: {message:Resource not accessible by integration,documentation_url:https://docs.github.com/rest/branches/branch-protection#get-status-checks-protection,status:403} (attempt 10/30)
2026-04-27T04:27:56.6529544Z Still waiting for: {message:Resource not accessible by integration,documentation_url:https://docs.github.com/rest/branches/branch-protection#get-status-checks-protection,status:403} (attempt 11/30)
2026-04-27T04:28:07.1305470Z Still waiting for: {message:Resource not accessible by integration,documentation_url:https://docs.github.com/rest/branches/branch-protection#get-status-checks-protection,status:403} (attempt 12/30)
2026-04-27T04:28:17.6316530Z Still waiting for: {message:Resource not accessible by integration,documentation_url:https://docs.github.com/rest/branches/branch-protection#get-status-checks-protection,status:403} (attempt 13/30)
2026-04-27T04:28:28.1415487Z Still waiting for: {message:Resource not accessible by integration,documentation_url:https://docs.github.com/rest/branches/branch-protection#get-status-checks-protection,status:403} (attempt 14/30)
2026-04-27T04:28:38.6415677Z Still waiting for: {message:Resource not accessible by integration,documentation_url:https://docs.github.com/rest/branches/branch-protection#get-status-checks-protection,status:403} (attempt 15/30)
2026-04-27T04:28:49.1221754Z Still waiting for: {message:Resource not accessible by integration,documentation_url:https://docs.github.com/rest/branches/branch-protection#get-status-checks-protection,status:403} (attempt 16/30)
2026-04-27T04:28:59.6086762Z Still waiting for: {message:Resource not accessible by integration,documentation_url:https://docs.github.com/rest/branches/branch-protection#get-status-checks-protection,status:403} (attempt 17/30)
2026-04-27T04:29:10.1409006Z Still waiting for: {message:Resource not accessible by integration,documentation_url:https://docs.github.com/rest/branches/branch-protection#get-status-checks-protection,status:403} (attempt 18/30)
2026-04-27T04:29:20.6625950Z Still waiting for: {message:Resource not accessible by integration,documentation_url:https://docs.github.com/rest/branches/branch-protection#get-status-checks-protection,status:403} (attempt 19/30)
2026-04-27T04:29:31.1830521Z Still waiting for: {message:Resource not accessible by integration,documentation_url:https://docs.github.com/rest/branches/branch-protection#get-status-checks-protection,status:403} (attempt 20/30)
2026-04-27T04:29:41.6098621Z Still waiting for: {message:Resource not accessible by integration,documentation_url:https://docs.github.com/rest/branches/branch-protection#get-status-checks-protection,status:403} (attempt 21/30)
2026-04-27T04:29:52.1230511Z Still waiting for: {message:Resource not accessible by integration,documentation_url:https://docs.github.com/rest/branches/branch-protection#get-status-checks-protection,status:403} (attempt 22/30)
2026-04-27T04:30:02.6455215Z Still waiting for: {message:Resource not accessible by integration,documentation_url:https://docs.github.com/rest/branches/branch-protection#get-status-checks-protection,status:403} (attempt 23/30)
2026-04-27T04:30:13.1678375Z Still waiting for: {message:Resource not accessible by integration,documentation_url:https://docs.github.com/rest/branches/branch-protection#get-status-checks-protection,status:403} (attempt 24/30)
2026-04-27T04:30:23.7046513Z Still waiting for: {message:Resource not accessible by integration,documentation_url:https://docs.github.com/rest/branches/branch-protection#get-status-checks-protection,status:403} (attempt 25/30)
2026-04-27T04:30:34.2001116Z Still waiting for: {message:Resource not accessible by integration,documentation_url:https://docs.github.com/rest/branches/branch-protection#get-status-checks-protection,status:403} (attempt 26/30)
2026-04-27T04:30:44.6746226Z Still waiting for: {message:Resource not accessible by integration,documentation_url:https://docs.github.com/rest/branches/branch-protection#get-status-checks-protection,status:403} (attempt 27/30)
2026-04-27T04:30:55.1784291Z Still waiting for: {message:Resource not accessible by integration,documentation_url:https://docs.github.com/rest/branches/branch-protection#get-status-checks-protection,status:403} (attempt 28/30)
2026-04-27T04:31:05.6289088Z Still waiting for: {message:Resource not accessible by integration,documentation_url:https://docs.github.com/rest/branches/branch-protection#get-status-checks-protection,status:403} (attempt 29/30)
2026-04-27T04:31:16.1229786Z Still waiting for: {message:Resource not accessible by integration,documentation_url:https://docs.github.com/rest/branches/branch-protection#get-status-checks-protection,status:403} (attempt 30/30)
2026-04-27T04:31:26.1279525Z ##[warning]Some required checks never queued after 5 min: {message:Resource not accessible by integration,documentation_url:https://docs.github.com/rest/branches/branch-protection#get-status-checks-protection,status:403} — proceeding to wait-on-check-action anyway.
2026-04-27T04:31:26.1489529Z ##[group]Run lewagon/wait-on-check-action@ccfb013c15c8afb7bf2b7c028fb74dc5a068cccc
2026-04-27T04:31:26.1489958Z with:
2026-04-27T04:31:26.1490158Z   ref: 72bfe988e2243c6d2202719068a54dc48b04835c
2026-04-27T04:31:26.1490436Z   running-workflow-name: Auto-merge
2026-04-27T04:31:26.1490865Z   repo-token: ***
2026-04-27T04:31:26.1491060Z   wait-interval: 30
2026-04-27T04:31:26.1491289Z   allowed-conclusions: success,skipped,neutral
2026-04-27T04:31:26.1491563Z   verbose: true
2026-04-27T04:31:26.1491729Z env:
2026-04-27T04:31:26.1491876Z   WAIT_INTERVAL: 30
2026-04-27T04:31:26.1492048Z ##[endgroup]
2026-04-27T04:31:26.1618364Z ##[group]Run ruby/setup-ruby@v1
2026-04-27T04:31:26.1618615Z with:
2026-04-27T04:31:26.1619024Z   ruby-version: 3.2
2026-04-27T04:31:26.1619218Z   bundler-cache: false
2026-04-27T04:31:26.1619545Z   token: ***
2026-04-27T04:31:26.1619718Z env:
2026-04-27T04:31:26.1619873Z   WAIT_INTERVAL: 30
2026-04-27T04:31:26.1620055Z ##[endgroup]
2026-04-27T04:31:26.3001164Z ##[group]Modifying PATH
2026-04-27T04:31:26.3001823Z Entries added to PATH to use selected Ruby:
2026-04-27T04:31:26.3002586Z   /opt/hostedtoolcache/Ruby/3.2.11/x64/bin
2026-04-27T04:31:26.3007125Z ##[endgroup]
2026-04-27T04:31:26.3007947Z ##[group]Print Ruby version
2026-04-27T04:31:26.3087059Z [command]/opt/hostedtoolcache/Ruby/3.2.11/x64/bin/ruby --version
2026-04-27T04:31:26.4707583Z ruby 3.2.11 (2026-03-27 revision 5483bfc1ae) [x86_64-linux]
2026-04-27T04:31:26.4744970Z Took   0.17 seconds
2026-04-27T04:31:26.4745852Z ##[endgroup]
2026-04-27T04:31:26.4746929Z ##[group]Installing Bundler
2026-04-27T04:31:26.4752075Z Using Bundler shipped with ruby-3.2.11
2026-04-27T04:31:26.4753006Z Took   0.00 seconds
2026-04-27T04:31:26.4754003Z ##[endgroup]
2026-04-27T04:31:26.5389187Z ##[group]Run actions/cache@v4
2026-04-27T04:31:26.5389450Z with:
2026-04-27T04:31:26.5389871Z   path: /home/runner/work/_actions/lewagon/wait-on-check-action/ccfb013c15c8afb7bf2b7c028fb74dc5a068cccc
2026-04-27T04:31:26.5390389Z   key: Linux-gems-
2026-04-27T04:31:26.5390586Z   restore-keys: Linux-gems-
2026-04-27T04:31:26.5390818Z   enableCrossOsArchive: false
2026-04-27T04:31:26.5391056Z   fail-on-cache-miss: false
2026-04-27T04:31:26.5391258Z   lookup-only: false
2026-04-27T04:31:26.5391444Z   save-always: false
2026-04-27T04:31:26.5391613Z env:
2026-04-27T04:31:26.5391765Z   WAIT_INTERVAL: 30
2026-04-27T04:31:26.5391938Z ##[endgroup]
2026-04-27T04:31:26.9666813Z Cache hit for: Linux-gems-
2026-04-27T04:31:27.3759443Z Received 13179 of 13179 (100.0%), 0.1 MBs/sec
2026-04-27T04:31:27.3760418Z Cache Size: ~0 MB (13179 B)
2026-04-27T04:31:27.3801423Z [command]/usr/bin/tar -xf /home/runner/work/_temp/01f41d2b-5512-4d68-a7bb-5ec5357188f6/cache.tzst -P -C /home/runner/work/prismTask/prismTask --use-compress-program unzstd
2026-04-27T04:31:27.3865220Z Cache restored successfully
2026-04-27T04:31:27.3942926Z Cache restored from key: Linux-gems-
2026-04-27T04:31:27.4011900Z ##[group]Run bundle install --jobs 4 --retry 3
2026-04-27T04:31:27.4012232Z [36;1mbundle install --jobs 4 --retry 3[0m
2026-04-27T04:31:27.4035298Z shell: /usr/bin/bash --noprofile --norc -e -o pipefail {0}
2026-04-27T04:31:27.4035630Z env:
2026-04-27T04:31:27.4035799Z   WAIT_INTERVAL: 30
2026-04-27T04:31:27.4035987Z ##[endgroup]
2026-04-27T04:31:28.6927968Z Bundler 2.4.19 is running, but your lockfile was generated with 2.2.3. Installing Bundler 2.2.3 and restarting using that version.
2026-04-27T04:31:30.2084932Z Fetching gem metadata from https://rubygems.org/.
2026-04-27T04:31:30.2159193Z Fetching bundler 2.2.3
2026-04-27T04:31:30.3642826Z Installing bundler 2.2.3
2026-04-27T04:31:30.5693454Z Calling `DidYouMean::SPELL_CHECKERS.merge!(error_name => spell_checker)' has been deprecated. Please call `DidYouMean.correct_error(error_name, spell_checker)' instead.
2026-04-27T04:31:31.8427328Z Fetching gem metadata from https://rubygems.org/.........
2026-04-27T04:31:31.8522831Z Fetching concurrent-ruby 1.2.2
2026-04-27T04:31:31.8817704Z Fetching public_suffix 4.0.7
2026-04-27T04:31:31.9044706Z Fetching zeitwerk 2.6.7
2026-04-27T04:31:31.9045169Z Fetching minitest 5.18.0
2026-04-27T04:31:32.0063940Z Installing zeitwerk 2.6.7
2026-04-27T04:31:32.0189162Z Installing minitest 5.18.0
2026-04-27T04:31:32.0263216Z Installing public_suffix 4.0.7
2026-04-27T04:31:32.0650763Z Installing concurrent-ruby 1.2.2
2026-04-27T04:31:32.0732697Z Fetching ast 2.4.2
2026-04-27T04:31:32.1137576Z Using bundler 2.2.3
2026-04-27T04:31:32.1151827Z Fetching byebug 11.1.3
2026-04-27T04:31:32.1178208Z Installing ast 2.4.2
2026-04-27T04:31:32.1614180Z Fetching diff-lcs 1.4.4
2026-04-27T04:31:32.1635874Z Installing byebug 11.1.3 with native extensions
2026-04-27T04:31:32.1892582Z Fetching faraday-net_http 2.0.3
2026-04-27T04:31:32.2657764Z Installing faraday-net_http 2.0.3
2026-04-27T04:31:32.2822981Z Installing diff-lcs 1.4.4
2026-04-27T04:31:32.3316629Z Using ruby2_keywords 0.0.5
2026-04-27T04:31:32.3346332Z Fetching json 2.7.1
2026-04-27T04:31:32.3830966Z Installing json 2.7.1 with native extensions
2026-04-27T04:31:32.4471334Z Fetching language_server-protocol 3.17.0.3
2026-04-27T04:31:32.4917654Z Installing language_server-protocol 3.17.0.3
2026-04-27T04:31:32.5635328Z Fetching lint_roller 1.1.0
2026-04-27T04:31:32.6175517Z Installing lint_roller 1.1.0
2026-04-27T04:31:32.6336848Z Fetching parallel 1.24.0
2026-04-27T04:31:32.6864612Z Installing parallel 1.24.0
2026-04-27T04:31:32.6961231Z Fetching racc 1.7.3
2026-04-27T04:31:32.7408860Z Installing racc 1.7.3 with native extensions
2026-04-27T04:31:32.7852280Z Fetching rainbow 3.1.1
2026-04-27T04:31:32.8236197Z Installing rainbow 3.1.1
2026-04-27T04:31:32.8310669Z Fetching regexp_parser 2.8.3
2026-04-27T04:31:32.8700339Z Installing regexp_parser 2.8.3
2026-04-27T04:31:32.8977644Z Fetching rexml 3.2.6
2026-04-27T04:31:32.9412227Z Installing rexml 3.2.6
2026-04-27T04:31:32.9626719Z Fetching rspec-support 3.10.1
2026-04-27T04:31:32.9987066Z Installing rspec-support 3.10.1
2026-04-27T04:31:33.0111000Z Fetching ruby-progressbar 1.13.0
2026-04-27T04:31:33.0533940Z Installing ruby-progressbar 1.13.0
2026-04-27T04:31:33.0663571Z Fetching unicode-display_width 2.5.0
2026-04-27T04:31:33.1084323Z Installing unicode-display_width 2.5.0
2026-04-27T04:31:33.1154292Z Fetching addressable 2.8.0
2026-04-27T04:31:33.1714297Z Installing addressable 2.8.0
2026-04-27T04:31:33.1872966Z Fetching faraday 2.3.0
2026-04-27T04:31:33.2267145Z Installing faraday 2.3.0
2026-04-27T04:31:33.2514257Z Fetching i18n 1.12.0
2026-04-27T04:31:33.3014160Z Installing i18n 1.12.0
2026-04-27T04:31:33.3313823Z Fetching tzinfo 2.0.6
2026-04-27T04:31:33.3893538Z Installing tzinfo 2.0.6
2026-04-27T04:31:33.4133505Z Fetching rspec-core 3.10.1
2026-04-27T04:31:33.4796582Z Installing rspec-core 3.10.1
2026-04-27T04:31:33.5223714Z Fetching rspec-expectations 3.10.1
2026-04-27T04:31:33.5873781Z Installing rspec-expectations 3.10.1
2026-04-27T04:31:33.6193886Z Fetching rspec-mocks 3.10.1
2026-04-27T04:31:33.6773480Z Installing rspec-mocks 3.10.1
2026-04-27T04:31:33.7013616Z Fetching faraday-retry 2.0.0
2026-04-27T04:31:33.7393704Z Installing faraday-retry 2.0.0
2026-04-27T04:31:33.7461520Z Fetching sawyer 0.9.2
2026-04-27T04:31:33.7800697Z Installing sawyer 0.9.2
2026-04-27T04:31:33.7882397Z Fetching activesupport 6.1.7.3
2026-04-27T04:31:33.8413210Z Installing activesupport 6.1.7.3
2026-04-27T04:31:33.9010586Z Fetching rspec 3.10.0
2026-04-27T04:31:33.9368526Z Installing rspec 3.10.0
2026-04-27T04:31:33.9464656Z Fetching octokit 4.25.0
2026-04-27T04:31:33.9836261Z Fetching parser 3.2.2.4
2026-04-27T04:31:34.0364526Z Installing octokit 4.25.0
2026-04-27T04:31:34.1025837Z Installing parser 3.2.2.4
2026-04-27T04:31:34.2170441Z Fetching rubocop-ast 1.30.0
2026-04-27T04:31:34.2877181Z Installing rubocop-ast 1.30.0
2026-04-27T04:31:35.7701106Z Fetching rubocop 1.57.2
2026-04-27T04:31:35.8244187Z Installing rubocop 1.57.2
2026-04-27T04:31:35.9968132Z Fetching rubocop-performance 1.19.1
2026-04-27T04:31:35.9970269Z Fetching standard-custom 1.0.2
2026-04-27T04:31:36.0525586Z Installing standard-custom 1.0.2
2026-04-27T04:31:36.0556357Z Installing rubocop-performance 1.19.1
2026-04-27T04:31:36.0779055Z Fetching standard-performance 1.2.1
2026-04-27T04:31:36.1155603Z Installing standard-performance 1.2.1
2026-04-27T04:31:36.1229133Z Fetching standard 1.32.1
2026-04-27T04:31:36.1569879Z Installing standard 1.32.1
2026-04-27T04:31:36.1783093Z Bundle complete! 6 Gemfile dependencies, 40 gems now installed.
2026-04-27T04:31:36.1784155Z Use `bundle info [gemname]` to see where a bundled gem is installed.
2026-04-27T04:31:36.2295085Z ##[group]Run ruby entrypoint.rb
2026-04-27T04:31:36.2295369Z [36;1mruby entrypoint.rb[0m
2026-04-27T04:31:36.2316284Z shell: /usr/bin/bash --noprofile --norc -e -o pipefail {0}
2026-04-27T04:31:36.2316600Z env:
2026-04-27T04:31:36.2316767Z   WAIT_INTERVAL: 30
2026-04-27T04:31:36.2317165Z   ALLOWED_CONCLUSIONS: success,skipped,neutral
2026-04-27T04:31:36.2317441Z   IGNORE_CHECKS: 
2026-04-27T04:31:36.2317612Z   CHECK_NAME: 
2026-04-27T04:31:36.2317776Z   CHECK_REGEXP: 
2026-04-27T04:31:36.2317985Z   REF: 72bfe988e2243c6d2202719068a54dc48b04835c
2026-04-27T04:31:36.2318437Z   REPO_TOKEN: ***
2026-04-27T04:31:36.2318629Z   VERBOSE: true
2026-04-27T04:31:36.2318816Z   RUNNING_WORKFLOW_NAME: Auto-merge
2026-04-27T04:31:36.2319052Z   API_ENDPOINT: 
2026-04-27T04:31:36.2319228Z ##[endgroup]
2026-04-27T04:33:39.1755653Z Checks running on ref:
2026-04-27T04:33:39.1759164Z Checks completed: capture-failure-log, capture-failure-log, e2e, capture-failure-log, cross-device-tests, connected-tests, test, web-lint-and-test, autofix, maybe-label
2026-04-27T04:33:39.1760471Z Checks in_progress: Auto-merge, lint-and-test
2026-04-27T04:33:39.1760927Z Checks after ignore checks filter:
2026-04-27T04:33:39.1762100Z Checks completed: capture-failure-log, capture-failure-log, e2e, capture-failure-log, cross-device-tests, connected-tests, test, web-lint-and-test, autofix, maybe-label
2026-04-27T04:33:39.1763660Z Checks in_progress: lint-and-test
2026-04-27T04:33:39.1764057Z Checks after check_name filter:
2026-04-27T04:33:39.1765174Z Checks completed: capture-failure-log, capture-failure-log, e2e, capture-failure-log, cross-device-tests, connected-tests, test, web-lint-and-test, autofix, maybe-label
2026-04-27T04:33:39.1766346Z Checks in_progress: lint-and-test
2026-04-27T04:33:39.1766708Z Checks after Regexp filter:
2026-04-27T04:33:39.1767809Z Checks completed: capture-failure-log, capture-failure-log, e2e, capture-failure-log, cross-device-tests, connected-tests, test, web-lint-and-test, autofix, maybe-label
2026-04-27T04:33:39.1768985Z Checks in_progress: lint-and-test
2026-04-27T04:33:39.1769538Z The requested checks aren't complete yet, will check back in 30 seconds...
2026-04-27T04:33:39.1770117Z Checks running on ref:
2026-04-27T04:33:39.1771208Z Checks completed: capture-failure-log, capture-failure-log, e2e, capture-failure-log, cross-device-tests, connected-tests, test, web-lint-and-test, autofix, maybe-label
2026-04-27T04:33:39.1772673Z Checks in_progress: Auto-merge, lint-and-test
2026-04-27T04:33:39.1773136Z Checks after ignore checks filter:
2026-04-27T04:33:39.1774313Z Checks completed: capture-failure-log, capture-failure-log, e2e, capture-failure-log, cross-device-tests, connected-tests, test, web-lint-and-test, autofix, maybe-label
2026-04-27T04:33:39.1775559Z Checks in_progress: lint-and-test
2026-04-27T04:33:39.1775976Z Checks after check_name filter:
2026-04-27T04:33:39.1777144Z Checks completed: capture-failure-log, capture-failure-log, e2e, capture-failure-log, cross-device-tests, connected-tests, test, web-lint-and-test, autofix, maybe-label
2026-04-27T04:33:39.1778420Z Checks in_progress: lint-and-test
2026-04-27T04:33:39.1778834Z Checks after Regexp filter:
2026-04-27T04:33:39.1779953Z Checks completed: capture-failure-log, capture-failure-log, e2e, capture-failure-log, cross-device-tests, connected-tests, test, web-lint-and-test, autofix, maybe-label
2026-04-27T04:33:39.1781203Z Checks in_progress: lint-and-test
2026-04-27T04:33:39.1781854Z The requested checks aren't complete yet, will check back in 30 seconds...
2026-04-27T04:33:39.1783149Z Checks running on ref:
2026-04-27T04:33:39.1784369Z Checks completed: capture-failure-log, capture-failure-log, e2e, capture-failure-log, cross-device-tests, connected-tests, test, web-lint-and-test, autofix, maybe-label
2026-04-27T04:33:39.1785728Z Checks in_progress: Auto-merge, lint-and-test
2026-04-27T04:33:39.1786362Z Checks after ignore checks filter:
2026-04-27T04:33:39.1787958Z Checks completed: capture-failure-log, capture-failure-log, e2e, capture-failure-log, cross-device-tests, connected-tests, test, web-lint-and-test, autofix, maybe-label
2026-04-27T04:33:39.1789587Z Checks in_progress: lint-and-test
2026-04-27T04:33:39.1790098Z Checks after check_name filter:
2026-04-27T04:33:39.1791592Z Checks completed: capture-failure-log, capture-failure-log, e2e, capture-failure-log, cross-device-tests, connected-tests, test, web-lint-and-test, autofix, maybe-label
2026-04-27T04:33:39.1793637Z Checks in_progress: lint-and-test
2026-04-27T04:33:39.1794168Z Checks after Regexp filter:
2026-04-27T04:33:39.1795693Z Checks completed: capture-failure-log, capture-failure-log, e2e, capture-failure-log, cross-device-tests, connected-tests, test, web-lint-and-test, autofix, maybe-label
2026-04-27T04:33:39.1797202Z Checks in_progress: lint-and-test
2026-04-27T04:33:39.1797739Z The requested checks aren't complete yet, will check back in 30 seconds...
2026-04-27T04:33:39.1798304Z Checks running on ref:
2026-04-27T04:33:39.1799383Z Checks completed: capture-failure-log, capture-failure-log, e2e, capture-failure-log, cross-device-tests, connected-tests, test, web-lint-and-test, autofix, maybe-label
2026-04-27T04:33:39.1800611Z Checks in_progress: Auto-merge, lint-and-test
2026-04-27T04:33:39.1801031Z Checks after ignore checks filter:
2026-04-27T04:33:39.1802123Z Checks completed: capture-failure-log, capture-failure-log, e2e, capture-failure-log, cross-device-tests, connected-tests, test, web-lint-and-test, autofix, maybe-label
2026-04-27T04:33:39.1803131Z Checks in_progress: lint-and-test
2026-04-27T04:33:39.1803384Z Checks after check_name filter:
2026-04-27T04:33:39.1804059Z Checks completed: capture-failure-log, capture-failure-log, e2e, capture-failure-log, cross-device-tests, connected-tests, test, web-lint-and-test, autofix, maybe-label
2026-04-27T04:33:39.1804768Z Checks in_progress: lint-and-test
2026-04-27T04:33:39.1805001Z Checks after Regexp filter:
2026-04-27T04:33:39.1805662Z Checks completed: capture-failure-log, capture-failure-log, e2e, capture-failure-log, cross-device-tests, connected-tests, test, web-lint-and-test, autofix, maybe-label
2026-04-27T04:33:39.1806370Z Checks in_progress: lint-and-test
2026-04-27T04:33:39.1806702Z The requested checks aren't complete yet, will check back in 30 seconds...
2026-04-27T04:33:39.1807075Z Checks running on ref:
2026-04-27T04:33:39.1807986Z Checks completed: firebase-distribute, capture-failure-log / capture, capture-failure-log, capture-failure-log, e2e, capture-failure-log, cross-device-tests, connected-tests, test, lint-and-test, web-lint-and-test, autofix, maybe-label
2026-04-27T04:33:39.1809083Z Checks in_progress: Auto-merge
2026-04-27T04:33:39.1809317Z Checks after ignore checks filter:
2026-04-27T04:33:39.1810249Z Checks completed: firebase-distribute, capture-failure-log / capture, capture-failure-log, capture-failure-log, e2e, capture-failure-log, cross-device-tests, connected-tests, test, lint-and-test, web-lint-and-test, autofix, maybe-label
2026-04-27T04:33:39.1811191Z Checks after check_name filter:
2026-04-27T04:33:39.1812106Z Checks completed: firebase-distribute, capture-failure-log / capture, capture-failure-log, capture-failure-log, e2e, capture-failure-log, cross-device-tests, connected-tests, test, lint-and-test, web-lint-and-test, autofix, maybe-label
2026-04-27T04:33:39.1813316Z Checks after Regexp filter:
2026-04-27T04:33:39.1814388Z Checks completed: firebase-distribute, capture-failure-log / capture, capture-failure-log, capture-failure-log, e2e, capture-failure-log, cross-device-tests, connected-tests, test, lint-and-test, web-lint-and-test, autofix, maybe-label
2026-04-27T04:33:39.1815381Z Checks completed:
2026-04-27T04:33:39.1815586Z firebase-distribute: completed (skipped)
2026-04-27T04:33:39.1815888Z capture-failure-log / capture: completed (success)
2026-04-27T04:33:39.1816196Z capture-failure-log: completed (skipped)
2026-04-27T04:33:39.1816589Z capture-failure-log: completed (skipped)
2026-04-27T04:33:39.1816853Z e2e: completed (success)
2026-04-27T04:33:39.1817088Z capture-failure-log: completed (skipped)
2026-04-27T04:33:39.1817354Z cross-device-tests: completed (skipped)
2026-04-27T04:33:39.1817617Z connected-tests: completed (skipped)
2026-04-27T04:33:39.1817859Z test: completed (success)
2026-04-27T04:33:39.1818075Z lint-and-test: completed (failure)
2026-04-27T04:33:39.1818450Z web-lint-and-test: completed (success)
2026-04-27T04:33:39.1818705Z autofix: completed (failure)
2026-04-27T04:33:39.1818933Z maybe-label: completed (success)
2026-04-27T04:33:39.1819595Z The conclusion of one or more checks were not allowed. Allowed conclusions are: success, skipped, neutral. This can be configured with the 'allowed-conclusions' param.
2026-04-27T04:33:39.1850268Z ##[error]Process completed with exit code 1.
2026-04-27T04:33:39.1958574Z Post job cleanup.
2026-04-27T04:33:39.2016239Z Cleaning up orphan processes
2026-04-27T04:33:39.2293527Z ##[warning]Node.js 20 actions are deprecated. The following actions are running on Node.js 20 and may not work as expected: actions/cache@v4. Actions will be forced to run with Node.js 24 by default starting June 2nd, 2026. Node.js 20 will be removed from the runner on September 16th, 2026. Please check if updated versions of these actions are available that support Node.js 24. To opt into Node.js 24 now, set the FORCE_JAVASCRIPT_ACTIONS_TO_NODE24=true environment variable on the runner or in your workflow file. Once Node.js 24 becomes the default, you can temporarily opt out by setting ACTIONS_ALLOW_USE_UNSECURE_NODE_VERSION=true. For more information see: https://github.blog/changelog/2025-09-19-deprecation-of-node-20-on-github-actions-runners/
