=== CI FAILURE ===
Workflow:      Auto-merge & Release
Workflow file: averycorp/prismTask/.github/workflows/auto-merge.yml@refs/pull/950/merge
Job(s):        Auto-merge
Run ID:        25146237389
Run attempt:   1
Run URL:       https://github.com/averycorp/prismTask/actions/runs/25146237389
Commit:        e6578bd5da615996146a2259f7c76a7144584f23
Branch:        950/merge
Event:         pull_request
Actor:         akarlin3
Runner OS:     Linux
Timestamp:     2026-04-30T03:53:12.678Z

Failed steps:
  - Auto-merge: #4 Wait for all other CI checks to pass

=== FAILED JOB LOG ===

--- Job: Auto-merge (id 73706644340) ---
2026-04-30T03:45:03.8470049Z Current runner version: '2.334.0'
2026-04-30T03:45:03.8497991Z ##[group]Runner Image Provisioner
2026-04-30T03:45:03.8498868Z Hosted Compute Agent
2026-04-30T03:45:03.8499443Z Version: 20260213.493
2026-04-30T03:45:03.8500137Z Commit: 5c115507f6dd24b8de37d8bbe0bb4509d0cc0fa3
2026-04-30T03:45:03.8500868Z Build Date: 2026-02-13T00:28:41Z
2026-04-30T03:45:03.8501594Z Worker ID: {1f353596-92bf-45bc-adca-ead93db5ba65}
2026-04-30T03:45:03.8502346Z Azure Region: eastus
2026-04-30T03:45:03.8502963Z ##[endgroup]
2026-04-30T03:45:03.8504247Z ##[group]Operating System
2026-04-30T03:45:03.8504870Z Ubuntu
2026-04-30T03:45:03.8505669Z 24.04.4
2026-04-30T03:45:03.8506116Z LTS
2026-04-30T03:45:03.8506667Z ##[endgroup]
2026-04-30T03:45:03.8507223Z ##[group]Runner Image
2026-04-30T03:45:03.8507743Z Image: ubuntu-24.04
2026-04-30T03:45:03.8508330Z Version: 20260413.86.1
2026-04-30T03:45:03.8509504Z Included Software: https://github.com/actions/runner-images/blob/ubuntu24/20260413.86/images/ubuntu/Ubuntu2404-Readme.md
2026-04-30T03:45:03.8511069Z Image Release: https://github.com/actions/runner-images/releases/tag/ubuntu24%2F20260413.86
2026-04-30T03:45:03.8511937Z ##[endgroup]
2026-04-30T03:45:03.8514230Z ##[group]GITHUB_TOKEN Permissions
2026-04-30T03:45:03.8517074Z Actions: read
2026-04-30T03:45:03.8517701Z Checks: read
2026-04-30T03:45:03.8518360Z Contents: write
2026-04-30T03:45:03.8518838Z Metadata: read
2026-04-30T03:45:03.8519350Z PullRequests: write
2026-04-30T03:45:03.8519923Z ##[endgroup]
2026-04-30T03:45:03.8522451Z Secret source: Actions
2026-04-30T03:45:03.8523310Z Prepare workflow directory
2026-04-30T03:45:03.8910565Z Prepare all required actions
2026-04-30T03:45:03.8948266Z Getting action download info
2026-04-30T03:45:04.1837430Z Download action repository 'lewagon/wait-on-check-action@ccfb013c15c8afb7bf2b7c028fb74dc5a068cccc' (SHA:ccfb013c15c8afb7bf2b7c028fb74dc5a068cccc)
2026-04-30T03:45:04.5876403Z Getting action download info
2026-04-30T03:45:04.7376206Z Download action repository 'ruby/setup-ruby@v1' (SHA:c4e5b1316158f92e3d49443a9d58b31d25ac0f8f)
2026-04-30T03:45:04.9544290Z Download action repository 'actions/cache@v4' (SHA:0057852bfaa89a56745cba8c7296529d2fc39830)
2026-04-30T03:45:05.1987644Z Complete job name: Auto-merge
2026-04-30T03:45:05.2654187Z ##[group]Run set -euo pipefail
2026-04-30T03:45:05.2655512Z [36;1mset -euo pipefail[0m
2026-04-30T03:45:05.2656709Z [36;1m# Audit item #5 — poll check-runs for up to 60s instead of a bare[0m
2026-04-30T03:45:05.2658196Z [36;1m# 20s sleep. On a busy runner cohort the initial 20s wasn't enough[0m
2026-04-30T03:45:05.2659654Z [36;1m# for the API to reflect queued workflow runs, which could merge[0m
2026-04-30T03:45:05.2661101Z [36;1m# PRs without waiting for CI. Bail out early as soon as ≥1 real[0m
2026-04-30T03:45:05.2662266Z [36;1m# check shows up.[0m
2026-04-30T03:45:05.2663042Z [36;1mCOUNT=0[0m
2026-04-30T03:45:05.2663734Z [36;1mfor i in $(seq 1 6); do[0m
2026-04-30T03:45:05.2664555Z [36;1m  sleep 10[0m
2026-04-30T03:45:05.2665648Z [36;1m  COUNT=$(gh api "repos/$REPO/commits/$HEAD_SHA/check-runs" \[0m
2026-04-30T03:45:05.2667110Z [36;1m    --jq '[.check_runs[] | select(.name != "Auto-merge")] | length')[0m
2026-04-30T03:45:05.2668371Z [36;1m  if [ "$COUNT" -gt 0 ]; then[0m
2026-04-30T03:45:05.2669471Z [36;1m    echo "Found $COUNT non-Auto-merge check(s) after ${i}0s"[0m
2026-04-30T03:45:05.2670569Z [36;1m    break[0m
2026-04-30T03:45:05.2671258Z [36;1m  fi[0m
2026-04-30T03:45:05.2672121Z [36;1m  echo "No non-Auto-merge checks yet (attempt $i/6)"[0m
2026-04-30T03:45:05.2673161Z [36;1mdone[0m
2026-04-30T03:45:05.2673900Z [36;1mif [ "$COUNT" -gt 0 ]; then[0m
2026-04-30T03:45:05.2674835Z [36;1m  echo "has_ci=true" >> "$GITHUB_OUTPUT"[0m
2026-04-30T03:45:05.2675854Z [36;1melse[0m
2026-04-30T03:45:05.2676599Z [36;1m  echo "has_ci=false" >> "$GITHUB_OUTPUT"[0m
2026-04-30T03:45:05.2677883Z [36;1m  echo "No CI checks on this PR after 60s — will merge without waiting."[0m
2026-04-30T03:45:05.2679054Z [36;1mfi[0m
2026-04-30T03:45:05.2707076Z shell: /usr/bin/bash -e {0}
2026-04-30T03:45:05.2708100Z env:
2026-04-30T03:45:05.2708747Z   WAIT_INTERVAL: 15
2026-04-30T03:45:05.2709963Z   GH_TOKEN: ***
2026-04-30T03:45:05.2710804Z   HEAD_SHA: c3c0768b892a25e14da4fbab5708c59795277e7e
2026-04-30T03:45:05.2711820Z   REPO: averycorp/prismTask
2026-04-30T03:45:05.2712589Z ##[endgroup]
2026-04-30T03:45:16.0576623Z Found 9 non-Auto-merge check(s) after 10s
2026-04-30T03:45:16.0703888Z ##[group]Run set -euo pipefail
2026-04-30T03:45:16.0704287Z [36;1mset -euo pipefail[0m
2026-04-30T03:45:16.0704752Z [36;1mREQUIRED=$(gh api "repos/$REPO/branches/main/protection/required_status_checks" \[0m
2026-04-30T03:45:16.0705525Z [36;1m  --jq '.contexts[]' 2>/dev/null || true)[0m
2026-04-30T03:45:16.0705873Z [36;1mif [ -z "$REQUIRED" ]; then[0m
2026-04-30T03:45:16.0706424Z [36;1m  echo "::warning::Could not query branch protection (likely a permission issue) — using hardcoded fallback list."[0m
2026-04-30T03:45:16.0706995Z [36;1m  REQUIRED="$FALLBACK_REQUIRED"[0m
2026-04-30T03:45:16.0707318Z [36;1mfi[0m
2026-04-30T03:45:16.0707626Z [36;1m# Strip Auto-merge from the required list so we don't wait on[0m
2026-04-30T03:45:16.0708092Z [36;1m# ourselves (it's listed because we ARE the running workflow).[0m
2026-04-30T03:45:16.0708617Z [36;1mREQUIRED=$(echo "$REQUIRED" | grep -vE '^\s*Auto-merge\s*$' | grep -vE '^\s*$' || true)[0m
2026-04-30T03:45:16.0709125Z [36;1mif [ -z "$REQUIRED" ]; then[0m
2026-04-30T03:45:16.0709526Z [36;1m  echo "No required checks beyond Auto-merge; skipping queue wait."[0m
2026-04-30T03:45:16.0709939Z [36;1m  exit 0[0m
2026-04-30T03:45:16.0710219Z [36;1mfi[0m
2026-04-30T03:45:16.0710502Z [36;1mecho "Waiting until these required checks queue:"[0m
2026-04-30T03:45:16.0710865Z [36;1mecho "$REQUIRED" | sed 's/^/  /'[0m
2026-04-30T03:45:16.0711250Z [36;1m# Audit PR #876 → CI pathway efficiency: this loop was burning[0m
2026-04-30T03:45:16.0711701Z [36;1m# ~315s/PR (PR #874 run 25035518360 + PR #873 run 25035513300)[0m
2026-04-30T03:45:16.0712153Z [36;1m# while underlying required checks were observably complete in[0m
2026-04-30T03:45:16.0712628Z [36;1m# ~30s. Mean job wall-clock was 343s with std-dev ~7s across 10[0m
2026-04-30T03:45:16.0713087Z [36;1m# runs — i.e. the loop almost always ran to its 5-minute ceiling.[0m
2026-04-30T03:45:16.0713524Z [36;1m# Two compensating mitigations + diagnostics:[0m
2026-04-30T03:45:16.0713850Z [36;1m#[0m
2026-04-30T03:45:16.0714180Z [36;1m#   (a) Cap dropped 30 → 18 attempts at 5s interval = 90s ceiling[0m
2026-04-30T03:45:16.0714629Z [36;1m#       (still > 2× the 43s race window from PR #804).[0m
2026-04-30T03:45:16.0715064Z [36;1m#   (b) Poll interval dropped 10s → 5s for faster detection.[0m
2026-04-30T03:45:16.0715799Z [36;1m#   (c) Per-iteration diagnostic prints MISSING + visible CHECK_RUNS[0m
2026-04-30T03:45:16.0716356Z [36;1m#       so future investigation can pinpoint the matching mismatch[0m
2026-04-30T03:45:16.0716856Z [36;1m#       (the immediate root-cause was not yet identified — the[0m
2026-04-30T03:45:16.0717337Z [36;1m#       MISSING list never empties even though CHECK_RUNS clearly[0m
2026-04-30T03:45:16.0717807Z [36;1m#       contains every REQUIRED name. Likely a trim/encoding edge[0m
2026-04-30T03:45:16.0718352Z [36;1m#       case in the comparison loop, but observability beats[0m
2026-04-30T03:45:16.0718758Z [36;1m#       guessing).[0m
2026-04-30T03:45:16.0719057Z [36;1mfor attempt in $(seq 1 18); do[0m
2026-04-30T03:45:16.0719564Z [36;1m  CHECK_RUNS=$(gh api --paginate "repos/$REPO/commits/$HEAD_SHA/check-runs" \[0m
2026-04-30T03:45:16.0720036Z [36;1m    --jq '.check_runs[].name' | sort -u)[0m
2026-04-30T03:45:16.0720359Z [36;1m  MISSING=""[0m
2026-04-30T03:45:16.0720618Z [36;1m  while IFS= read -r req; do[0m
2026-04-30T03:45:16.0720916Z [36;1m    [ -z "$req" ] && continue[0m
2026-04-30T03:45:16.0721226Z [36;1m    req_trimmed=$(echo "$req" | xargs)[0m
2026-04-30T03:45:16.0721589Z [36;1m    if ! echo "$CHECK_RUNS" | grep -qxF "$req_trimmed"; then[0m
2026-04-30T03:45:16.0722217Z [36;1m      MISSING="$MISSING $req_trimmed"[0m
2026-04-30T03:45:16.0722530Z [36;1m    fi[0m
2026-04-30T03:45:16.0722770Z [36;1m  done <<< "$REQUIRED"[0m
2026-04-30T03:45:16.0723058Z [36;1m  if [ -z "$MISSING" ]; then[0m
2026-04-30T03:45:16.0723516Z [36;1m    echo "All required checks have queued after attempt $attempt (~$((attempt * 5))s)."[0m
2026-04-30T03:45:16.0724156Z [36;1m    exit 0[0m
2026-04-30T03:45:16.0724403Z [36;1m  fi[0m
2026-04-30T03:45:16.0724693Z [36;1m  echo "Attempt $attempt/18 — still missing:$MISSING"[0m
2026-04-30T03:45:16.0725356Z [36;1m  echo "  Visible check-runs: $(echo "$CHECK_RUNS" | tr '\n' ',' | sed 's/,$//')"[0m
2026-04-30T03:45:16.0725792Z [36;1m  sleep 5[0m
2026-04-30T03:45:16.0726025Z [36;1mdone[0m
2026-04-30T03:45:16.0726519Z [36;1mecho "::warning::Some required checks never queued after 90s:$MISSING — proceeding to wait-on-check-action anyway."[0m
2026-04-30T03:45:16.0750014Z shell: /usr/bin/bash -e {0}
2026-04-30T03:45:16.0750314Z env:
2026-04-30T03:45:16.0750540Z   WAIT_INTERVAL: 15
2026-04-30T03:45:16.0751169Z   GH_TOKEN: ***
2026-04-30T03:45:16.0751455Z   HEAD_SHA: c3c0768b892a25e14da4fbab5708c59795277e7e
2026-04-30T03:45:16.0751800Z   REPO: averycorp/prismTask
2026-04-30T03:45:16.0752202Z   FALLBACK_REQUIRED: lint-and-test
connected-tests
test
web-lint-and-test

2026-04-30T03:45:16.0752626Z ##[endgroup]
2026-04-30T03:45:16.2407366Z Waiting until these required checks queue:
2026-04-30T03:45:16.2423814Z   {"message":"Resource not accessible by integration","documentation_url":"https://docs.github.com/rest/branches/branch-protection#get-status-checks-protection","status":"403"}
2026-04-30T03:45:16.6003755Z Attempt 1/18 — still missing: {message:Resource not accessible by integration,documentation_url:https://docs.github.com/rest/branches/branch-protection#get-status-checks-protection,status:403}
2026-04-30T03:45:16.6024767Z   Visible check-runs: Auto-merge,autofix,capture-failure-log,connected-tests,cross-device-tests,e2e,lint-and-test,maybe-label,test,web-lint-and-test
2026-04-30T03:45:21.9955742Z Attempt 2/18 — still missing: {message:Resource not accessible by integration,documentation_url:https://docs.github.com/rest/branches/branch-protection#get-status-checks-protection,status:403}
2026-04-30T03:45:21.9979044Z   Visible check-runs: Auto-merge,autofix,capture-failure-log,connected-tests,cross-device-tests,e2e,lint-and-test,maybe-label,test,web-lint-and-test
2026-04-30T03:45:27.4053713Z Attempt 3/18 — still missing: {message:Resource not accessible by integration,documentation_url:https://docs.github.com/rest/branches/branch-protection#get-status-checks-protection,status:403}
2026-04-30T03:45:27.4074370Z   Visible check-runs: Auto-merge,autofix,capture-failure-log,connected-tests,cross-device-tests,e2e,lint-and-test,maybe-label,test,web-lint-and-test
2026-04-30T03:45:32.7848933Z Attempt 4/18 — still missing: {message:Resource not accessible by integration,documentation_url:https://docs.github.com/rest/branches/branch-protection#get-status-checks-protection,status:403}
2026-04-30T03:45:32.7871436Z   Visible check-runs: Auto-merge,autofix,capture-failure-log,connected-tests,cross-device-tests,e2e,lint-and-test,maybe-label,test,web-lint-and-test
2026-04-30T03:45:38.1640447Z Attempt 5/18 — still missing: {message:Resource not accessible by integration,documentation_url:https://docs.github.com/rest/branches/branch-protection#get-status-checks-protection,status:403}
2026-04-30T03:45:38.1664805Z   Visible check-runs: Auto-merge,autofix,capture-failure-log,connected-tests,cross-device-tests,e2e,lint-and-test,maybe-label,test,web-lint-and-test
2026-04-30T03:45:43.5512011Z Attempt 6/18 — still missing: {message:Resource not accessible by integration,documentation_url:https://docs.github.com/rest/branches/branch-protection#get-status-checks-protection,status:403}
2026-04-30T03:45:43.5536411Z   Visible check-runs: Auto-merge,autofix,capture-failure-log,connected-tests,cross-device-tests,e2e,lint-and-test,maybe-label,test,web-lint-and-test
2026-04-30T03:45:48.9510403Z Attempt 7/18 — still missing: {message:Resource not accessible by integration,documentation_url:https://docs.github.com/rest/branches/branch-protection#get-status-checks-protection,status:403}
2026-04-30T03:45:48.9532268Z   Visible check-runs: Auto-merge,autofix,capture-failure-log,connected-tests,cross-device-tests,e2e,lint-and-test,maybe-label,test,web-lint-and-test
2026-04-30T03:45:54.3419449Z Attempt 8/18 — still missing: {message:Resource not accessible by integration,documentation_url:https://docs.github.com/rest/branches/branch-protection#get-status-checks-protection,status:403}
2026-04-30T03:45:54.3439526Z   Visible check-runs: Auto-merge,autofix,capture-failure-log,connected-tests,cross-device-tests,e2e,lint-and-test,maybe-label,test,web-lint-and-test
2026-04-30T03:45:59.7974942Z Attempt 9/18 — still missing: {message:Resource not accessible by integration,documentation_url:https://docs.github.com/rest/branches/branch-protection#get-status-checks-protection,status:403}
2026-04-30T03:45:59.7999905Z   Visible check-runs: Auto-merge,autofix,capture-failure-log,connected-tests,cross-device-tests,e2e,lint-and-test,maybe-label,test,web-lint-and-test
2026-04-30T03:46:05.1825572Z Attempt 10/18 — still missing: {message:Resource not accessible by integration,documentation_url:https://docs.github.com/rest/branches/branch-protection#get-status-checks-protection,status:403}
2026-04-30T03:46:05.1853868Z   Visible check-runs: Auto-merge,autofix,capture-failure-log,connected-tests,cross-device-tests,e2e,lint-and-test,maybe-label,test,web-lint-and-test
2026-04-30T03:46:10.5775941Z Attempt 11/18 — still missing: {message:Resource not accessible by integration,documentation_url:https://docs.github.com/rest/branches/branch-protection#get-status-checks-protection,status:403}
2026-04-30T03:46:10.5799550Z   Visible check-runs: Auto-merge,autofix,capture-failure-log,connected-tests,cross-device-tests,e2e,lint-and-test,maybe-label,test,web-lint-and-test
2026-04-30T03:46:15.9720997Z Attempt 12/18 — still missing: {message:Resource not accessible by integration,documentation_url:https://docs.github.com/rest/branches/branch-protection#get-status-checks-protection,status:403}
2026-04-30T03:46:15.9742517Z   Visible check-runs: Auto-merge,autofix,capture-failure-log,connected-tests,cross-device-tests,e2e,lint-and-test,maybe-label,test,web-lint-and-test
2026-04-30T03:46:21.3668212Z Attempt 13/18 — still missing: {message:Resource not accessible by integration,documentation_url:https://docs.github.com/rest/branches/branch-protection#get-status-checks-protection,status:403}
2026-04-30T03:46:21.3694556Z   Visible check-runs: Auto-merge,autofix,capture-failure-log,connected-tests,cross-device-tests,e2e,lint-and-test,maybe-label,test,web-lint-and-test
2026-04-30T03:46:26.7567376Z Attempt 14/18 — still missing: {message:Resource not accessible by integration,documentation_url:https://docs.github.com/rest/branches/branch-protection#get-status-checks-protection,status:403}
2026-04-30T03:46:26.7590416Z   Visible check-runs: Auto-merge,autofix,capture-failure-log,connected-tests,cross-device-tests,e2e,lint-and-test,maybe-label,test,web-lint-and-test
2026-04-30T03:46:32.1521801Z Attempt 15/18 — still missing: {message:Resource not accessible by integration,documentation_url:https://docs.github.com/rest/branches/branch-protection#get-status-checks-protection,status:403}
2026-04-30T03:46:32.1545767Z   Visible check-runs: Auto-merge,autofix,capture-failure-log,connected-tests,cross-device-tests,e2e,lint-and-test,maybe-label,test,web-lint-and-test
2026-04-30T03:46:37.5272117Z Attempt 16/18 — still missing: {message:Resource not accessible by integration,documentation_url:https://docs.github.com/rest/branches/branch-protection#get-status-checks-protection,status:403}
2026-04-30T03:46:37.5295541Z   Visible check-runs: Auto-merge,autofix,capture-failure-log,connected-tests,cross-device-tests,e2e,lint-and-test,maybe-label,test,web-lint-and-test
2026-04-30T03:46:42.9821726Z Attempt 17/18 — still missing: {message:Resource not accessible by integration,documentation_url:https://docs.github.com/rest/branches/branch-protection#get-status-checks-protection,status:403}
2026-04-30T03:46:42.9843483Z   Visible check-runs: Auto-merge,autofix,capture-failure-log,connected-tests,cross-device-tests,e2e,lint-and-test,maybe-label,test,web-lint-and-test
2026-04-30T03:46:48.4380653Z Attempt 18/18 — still missing: {message:Resource not accessible by integration,documentation_url:https://docs.github.com/rest/branches/branch-protection#get-status-checks-protection,status:403}
2026-04-30T03:46:48.4402786Z   Visible check-runs: Auto-merge,autofix,capture-failure-log,connected-tests,cross-device-tests,e2e,lint-and-test,maybe-label,test,web-lint-and-test
2026-04-30T03:46:53.4453306Z ##[warning]Some required checks never queued after 90s: {message:Resource not accessible by integration,documentation_url:https://docs.github.com/rest/branches/branch-protection#get-status-checks-protection,status:403} — proceeding to wait-on-check-action anyway.
2026-04-30T03:46:53.4687332Z ##[group]Run lewagon/wait-on-check-action@ccfb013c15c8afb7bf2b7c028fb74dc5a068cccc
2026-04-30T03:46:53.4687759Z with:
2026-04-30T03:46:53.4687969Z   ref: c3c0768b892a25e14da4fbab5708c59795277e7e
2026-04-30T03:46:53.4688252Z   running-workflow-name: Auto-merge
2026-04-30T03:46:53.4688733Z   repo-token: ***
2026-04-30T03:46:53.4688928Z   wait-interval: 15
2026-04-30T03:46:53.4689162Z   allowed-conclusions: success,skipped,neutral
2026-04-30T03:46:53.4689434Z   verbose: true
2026-04-30T03:46:53.4689633Z env:
2026-04-30T03:46:53.4689796Z   WAIT_INTERVAL: 15
2026-04-30T03:46:53.4689973Z ##[endgroup]
2026-04-30T03:46:53.4819295Z ##[group]Run ruby/setup-ruby@v1
2026-04-30T03:46:53.4819556Z with:
2026-04-30T03:46:53.4819733Z   ruby-version: 3.2
2026-04-30T03:46:53.4819936Z   bundler-cache: false
2026-04-30T03:46:53.4820295Z   token: ***
2026-04-30T03:46:53.4820469Z env:
2026-04-30T03:46:53.4820633Z   WAIT_INTERVAL: 15
2026-04-30T03:46:53.4820820Z ##[endgroup]
2026-04-30T03:46:53.6244826Z ##[group]Modifying PATH
2026-04-30T03:46:53.6245522Z Entries added to PATH to use selected Ruby:
2026-04-30T03:46:53.6245996Z   /opt/hostedtoolcache/Ruby/3.2.11/x64/bin
2026-04-30T03:46:53.6250256Z ##[endgroup]
2026-04-30T03:46:53.6251043Z ##[group]Print Ruby version
2026-04-30T03:46:53.6317739Z [command]/opt/hostedtoolcache/Ruby/3.2.11/x64/bin/ruby --version
2026-04-30T03:46:53.7221640Z ruby 3.2.11 (2026-03-27 revision 5483bfc1ae) [x86_64-linux]
2026-04-30T03:46:53.7249807Z Took   0.10 seconds
2026-04-30T03:46:53.7250600Z ##[endgroup]
2026-04-30T03:46:53.7251775Z ##[group]Installing Bundler
2026-04-30T03:46:53.7256124Z Using Bundler shipped with ruby-3.2.11
2026-04-30T03:46:53.7257036Z Took   0.00 seconds
2026-04-30T03:46:53.7257763Z ##[endgroup]
2026-04-30T03:46:53.7942413Z ##[group]Run actions/cache@v4
2026-04-30T03:46:53.7942672Z with:
2026-04-30T03:46:53.7943101Z   path: /home/runner/work/_actions/lewagon/wait-on-check-action/ccfb013c15c8afb7bf2b7c028fb74dc5a068cccc
2026-04-30T03:46:53.7943590Z   key: Linux-gems-
2026-04-30T03:46:53.7943813Z   restore-keys: Linux-gems-
2026-04-30T03:46:53.7944041Z   enableCrossOsArchive: false
2026-04-30T03:46:53.7944279Z   fail-on-cache-miss: false
2026-04-30T03:46:53.7944488Z   lookup-only: false
2026-04-30T03:46:53.7944683Z   save-always: false
2026-04-30T03:46:53.7944863Z env:
2026-04-30T03:46:53.7945019Z   WAIT_INTERVAL: 15
2026-04-30T03:46:53.7945496Z ##[endgroup]
2026-04-30T03:46:54.0369135Z Cache hit for: Linux-gems-
2026-04-30T03:46:54.0830484Z Received 13188 of 13188 (100.0%), 1.3 MBs/sec
2026-04-30T03:46:54.0831542Z Cache Size: ~0 MB (13188 B)
2026-04-30T03:46:54.0870690Z [command]/usr/bin/tar -xf /home/runner/work/_temp/44a44b0a-9104-4b87-a843-94c3d9139991/cache.tzst -P -C /home/runner/work/prismTask/prismTask --use-compress-program unzstd
2026-04-30T03:46:54.0935333Z Cache restored successfully
2026-04-30T03:46:54.1015028Z Cache restored from key: Linux-gems-
2026-04-30T03:46:54.1083837Z ##[group]Run bundle install --jobs 4 --retry 3
2026-04-30T03:46:54.1084396Z [36;1mbundle install --jobs 4 --retry 3[0m
2026-04-30T03:46:54.1110209Z shell: /usr/bin/bash --noprofile --norc -e -o pipefail {0}
2026-04-30T03:46:54.1110538Z env:
2026-04-30T03:46:54.1110716Z   WAIT_INTERVAL: 15
2026-04-30T03:46:54.1110916Z ##[endgroup]
2026-04-30T03:46:54.8877223Z Bundler 2.4.19 is running, but your lockfile was generated with 2.2.3. Installing Bundler 2.2.3 and restarting using that version.
2026-04-30T03:46:56.1462874Z Fetching gem metadata from https://rubygems.org/.
2026-04-30T03:46:56.1537726Z Fetching bundler 2.2.3
2026-04-30T03:46:56.2708319Z Installing bundler 2.2.3
2026-04-30T03:46:56.4595912Z Calling `DidYouMean::SPELL_CHECKERS.merge!(error_name => spell_checker)' has been deprecated. Please call `DidYouMean.correct_error(error_name, spell_checker)' instead.
2026-04-30T03:46:57.8152875Z Fetching gem metadata from https://rubygems.org/.........
2026-04-30T03:46:57.8246918Z Fetching concurrent-ruby 1.2.2
2026-04-30T03:46:57.8524260Z Fetching public_suffix 4.0.7
2026-04-30T03:46:57.8531988Z Fetching minitest 5.18.0
2026-04-30T03:46:57.8537466Z Fetching zeitwerk 2.6.7
2026-04-30T03:46:57.9423165Z Installing zeitwerk 2.6.7
2026-04-30T03:46:57.9599269Z Installing public_suffix 4.0.7
2026-04-30T03:46:57.9681496Z Installing minitest 5.18.0
2026-04-30T03:46:57.9977069Z Fetching ast 2.4.2
2026-04-30T03:46:58.0224050Z Installing concurrent-ruby 1.2.2
2026-04-30T03:46:58.0352005Z Installing ast 2.4.2
2026-04-30T03:46:58.0495490Z Using bundler 2.2.3
2026-04-30T03:46:58.0503632Z Fetching byebug 11.1.3
2026-04-30T03:46:58.0759579Z Fetching diff-lcs 1.4.4
2026-04-30T03:46:58.1202467Z Installing byebug 11.1.3 with native extensions
2026-04-30T03:46:58.1271368Z Fetching faraday-net_http 2.0.3
2026-04-30T03:46:58.1274300Z Installing diff-lcs 1.4.4
2026-04-30T03:46:58.1814902Z Installing faraday-net_http 2.0.3
2026-04-30T03:46:58.1947238Z Using ruby2_keywords 0.0.5
2026-04-30T03:46:58.1963966Z Fetching json 2.7.1
2026-04-30T03:46:58.2395587Z Installing json 2.7.1 with native extensions
2026-04-30T03:46:58.2628325Z Fetching language_server-protocol 3.17.0.3
2026-04-30T03:46:58.3091378Z Installing language_server-protocol 3.17.0.3
2026-04-30T03:46:58.3896573Z Fetching lint_roller 1.1.0
2026-04-30T03:46:58.4413767Z Installing lint_roller 1.1.0
2026-04-30T03:46:58.4586475Z Fetching parallel 1.24.0
2026-04-30T03:46:58.5269739Z Installing parallel 1.24.0
2026-04-30T03:46:58.5347236Z Fetching racc 1.7.3
2026-04-30T03:46:58.5796474Z Installing racc 1.7.3 with native extensions
2026-04-30T03:46:58.6069617Z Fetching rainbow 3.1.1
2026-04-30T03:46:58.6469726Z Installing rainbow 3.1.1
2026-04-30T03:46:58.6547523Z Fetching regexp_parser 2.8.3
2026-04-30T03:46:58.6935621Z Installing regexp_parser 2.8.3
2026-04-30T03:46:58.7179062Z Fetching rexml 3.2.6
2026-04-30T03:46:58.7562034Z Installing rexml 3.2.6
2026-04-30T03:46:58.8566935Z Fetching rspec-support 3.10.1
2026-04-30T03:46:58.8963878Z Installing rspec-support 3.10.1
2026-04-30T03:46:58.9080879Z Fetching ruby-progressbar 1.13.0
2026-04-30T03:46:58.9441318Z Installing ruby-progressbar 1.13.0
2026-04-30T03:46:58.9536972Z Fetching unicode-display_width 2.5.0
2026-04-30T03:46:58.9898105Z Installing unicode-display_width 2.5.0
2026-04-30T03:46:58.9958077Z Fetching addressable 2.8.0
2026-04-30T03:46:59.0343934Z Installing addressable 2.8.0
2026-04-30T03:46:59.0487123Z Fetching faraday 2.3.0
2026-04-30T03:46:59.0942228Z Installing faraday 2.3.0
2026-04-30T03:46:59.1153986Z Fetching i18n 1.12.0
2026-04-30T03:46:59.1537084Z Installing i18n 1.12.0
2026-04-30T03:46:59.1681849Z Fetching tzinfo 2.0.6
2026-04-30T03:46:59.2065690Z Installing tzinfo 2.0.6
2026-04-30T03:46:59.2232516Z Fetching rspec-core 3.10.1
2026-04-30T03:46:59.2683388Z Installing rspec-core 3.10.1
2026-04-30T03:46:59.2946316Z Fetching rspec-expectations 3.10.1
2026-04-30T03:46:59.3394214Z Installing rspec-expectations 3.10.1
2026-04-30T03:46:59.3577920Z Fetching rspec-mocks 3.10.1
2026-04-30T03:46:59.3977650Z Installing rspec-mocks 3.10.1
2026-04-30T03:46:59.4130980Z Fetching faraday-retry 2.0.0
2026-04-30T03:46:59.4485418Z Installing faraday-retry 2.0.0
2026-04-30T03:46:59.4576386Z Fetching sawyer 0.9.2
2026-04-30T03:46:59.4934815Z Installing sawyer 0.9.2
2026-04-30T03:46:59.5016154Z Fetching activesupport 6.1.7.3
2026-04-30T03:46:59.5549288Z Installing activesupport 6.1.7.3
2026-04-30T03:46:59.6176688Z Fetching rspec 3.10.0
2026-04-30T03:46:59.6572249Z Installing rspec 3.10.0
2026-04-30T03:46:59.6638465Z Fetching octokit 4.25.0
2026-04-30T03:46:59.7073342Z Installing octokit 4.25.0
2026-04-30T03:47:00.4693829Z Fetching parser 3.2.2.4
2026-04-30T03:47:00.5827307Z Installing parser 3.2.2.4
2026-04-30T03:47:00.6988209Z Fetching rubocop-ast 1.30.0
2026-04-30T03:47:00.7521144Z Installing rubocop-ast 1.30.0
2026-04-30T03:47:02.3267588Z Fetching rubocop 1.57.2
2026-04-30T03:47:02.3841774Z Installing rubocop 1.57.2
2026-04-30T03:47:02.5486676Z Fetching rubocop-performance 1.19.1
2026-04-30T03:47:02.5487190Z Fetching standard-custom 1.0.2
2026-04-30T03:47:02.6044496Z Installing standard-custom 1.0.2
2026-04-30T03:47:02.6055094Z Installing rubocop-performance 1.19.1
2026-04-30T03:47:02.6262280Z Fetching standard-performance 1.2.1
2026-04-30T03:47:02.6601997Z Installing standard-performance 1.2.1
2026-04-30T03:47:02.6668759Z Fetching standard 1.32.1
2026-04-30T03:47:02.7048578Z Installing standard 1.32.1
2026-04-30T03:47:02.7491756Z Bundle complete! 6 Gemfile dependencies, 40 gems now installed.
2026-04-30T03:47:02.7493122Z Use `bundle info [gemname]` to see where a bundled gem is installed.
2026-04-30T03:47:02.8710225Z ##[group]Run ruby entrypoint.rb
2026-04-30T03:47:02.8710535Z [36;1mruby entrypoint.rb[0m
2026-04-30T03:47:02.8732962Z shell: /usr/bin/bash --noprofile --norc -e -o pipefail {0}
2026-04-30T03:47:02.8733278Z env:
2026-04-30T03:47:02.8733452Z   WAIT_INTERVAL: 15
2026-04-30T03:47:02.8733698Z   ALLOWED_CONCLUSIONS: success,skipped,neutral
2026-04-30T03:47:02.8733972Z   IGNORE_CHECKS: 
2026-04-30T03:47:02.8734161Z   CHECK_NAME: 
2026-04-30T03:47:02.8734338Z   CHECK_REGEXP: 
2026-04-30T03:47:02.8734572Z   REF: c3c0768b892a25e14da4fbab5708c59795277e7e
2026-04-30T03:47:02.8735092Z   REPO_TOKEN: ***
2026-04-30T03:47:02.8735543Z   VERBOSE: true
2026-04-30T03:47:02.8735751Z   RUNNING_WORKFLOW_NAME: Auto-merge
2026-04-30T03:47:02.8735993Z   API_ENDPOINT: 
2026-04-30T03:47:02.8736185Z ##[endgroup]
2026-04-30T03:49:07.1719801Z Checks running on ref:
2026-04-30T03:49:07.1720552Z Checks completed: capture-failure-log, capture-failure-log, e2e, capture-failure-log, connected-tests, test, web-lint-and-test, cross-device-tests, maybe-label
2026-04-30T03:49:07.1721277Z Checks in_progress: lint-and-test, autofix, Auto-merge
2026-04-30T03:49:07.1721608Z Checks after ignore checks filter:
2026-04-30T03:49:07.1722515Z Checks completed: capture-failure-log, capture-failure-log, e2e, capture-failure-log, connected-tests, test, web-lint-and-test, cross-device-tests, maybe-label
2026-04-30T03:49:07.1723331Z Checks in_progress: lint-and-test, autofix
2026-04-30T03:49:07.1723740Z Checks after check_name filter:
2026-04-30T03:49:07.1724756Z Checks completed: capture-failure-log, capture-failure-log, e2e, capture-failure-log, connected-tests, test, web-lint-and-test, cross-device-tests, maybe-label
2026-04-30T03:49:07.1725934Z Checks in_progress: lint-and-test, autofix
2026-04-30T03:49:07.1726316Z Checks after Regexp filter:
2026-04-30T03:49:07.1727182Z Checks completed: capture-failure-log, capture-failure-log, e2e, capture-failure-log, connected-tests, test, web-lint-and-test, cross-device-tests, maybe-label
2026-04-30T03:49:07.1728121Z Checks in_progress: lint-and-test, autofix
2026-04-30T03:49:07.1728623Z The requested checks aren't complete yet, will check back in 15 seconds...
2026-04-30T03:49:07.1729120Z Checks running on ref:
2026-04-30T03:49:07.1730079Z Checks completed: capture-failure-log, capture-failure-log, e2e, capture-failure-log, connected-tests, test, web-lint-and-test, cross-device-tests, maybe-label
2026-04-30T03:49:07.1730837Z Checks in_progress: lint-and-test, autofix, Auto-merge
2026-04-30T03:49:07.1731155Z Checks after ignore checks filter:
2026-04-30T03:49:07.1732174Z Checks completed: capture-failure-log, capture-failure-log, e2e, capture-failure-log, connected-tests, test, web-lint-and-test, cross-device-tests, maybe-label
2026-04-30T03:49:07.1732812Z Checks in_progress: lint-and-test, autofix
2026-04-30T03:49:07.1733065Z Checks after check_name filter:
2026-04-30T03:49:07.1733653Z Checks completed: capture-failure-log, capture-failure-log, e2e, capture-failure-log, connected-tests, test, web-lint-and-test, cross-device-tests, maybe-label
2026-04-30T03:49:07.1734276Z Checks in_progress: lint-and-test, autofix
2026-04-30T03:49:07.1734528Z Checks after Regexp filter:
2026-04-30T03:49:07.1735119Z Checks completed: capture-failure-log, capture-failure-log, e2e, capture-failure-log, connected-tests, test, web-lint-and-test, cross-device-tests, maybe-label
2026-04-30T03:49:07.1736045Z Checks in_progress: lint-and-test, autofix
2026-04-30T03:49:07.1736390Z The requested checks aren't complete yet, will check back in 15 seconds...
2026-04-30T03:49:07.1736940Z Checks running on ref:
2026-04-30T03:49:07.1737511Z Checks completed: capture-failure-log, capture-failure-log, e2e, capture-failure-log, connected-tests, test, web-lint-and-test, cross-device-tests, maybe-label
2026-04-30T03:49:07.1738160Z Checks in_progress: lint-and-test, autofix, Auto-merge
2026-04-30T03:49:07.1738451Z Checks after ignore checks filter:
2026-04-30T03:49:07.1739085Z Checks completed: capture-failure-log, capture-failure-log, e2e, capture-failure-log, connected-tests, test, web-lint-and-test, cross-device-tests, maybe-label
2026-04-30T03:49:07.1739723Z Checks in_progress: lint-and-test, autofix
2026-04-30T03:49:07.1739976Z Checks after check_name filter:
2026-04-30T03:49:07.1740565Z Checks completed: capture-failure-log, capture-failure-log, e2e, capture-failure-log, connected-tests, test, web-lint-and-test, cross-device-tests, maybe-label
2026-04-30T03:49:07.1741180Z Checks in_progress: lint-and-test, autofix
2026-04-30T03:49:07.1741425Z Checks after Regexp filter:
2026-04-30T03:49:07.1742022Z Checks completed: capture-failure-log, capture-failure-log, e2e, capture-failure-log, connected-tests, test, web-lint-and-test, cross-device-tests, maybe-label
2026-04-30T03:49:07.1742653Z Checks in_progress: lint-and-test, autofix
2026-04-30T03:49:07.1742992Z The requested checks aren't complete yet, will check back in 15 seconds...
2026-04-30T03:49:07.1743330Z Checks running on ref:
2026-04-30T03:49:07.1743908Z Checks completed: capture-failure-log, capture-failure-log, e2e, capture-failure-log, connected-tests, test, web-lint-and-test, cross-device-tests, maybe-label
2026-04-30T03:49:07.1744562Z Checks in_progress: lint-and-test, autofix, Auto-merge
2026-04-30T03:49:07.1744854Z Checks after ignore checks filter:
2026-04-30T03:49:07.1745642Z Checks completed: capture-failure-log, capture-failure-log, e2e, capture-failure-log, connected-tests, test, web-lint-and-test, cross-device-tests, maybe-label
2026-04-30T03:49:07.1746273Z Checks in_progress: lint-and-test, autofix
2026-04-30T03:49:07.1746543Z Checks after check_name filter:
2026-04-30T03:49:07.1747124Z Checks completed: capture-failure-log, capture-failure-log, e2e, capture-failure-log, connected-tests, test, web-lint-and-test, cross-device-tests, maybe-label
2026-04-30T03:49:07.1747742Z Checks in_progress: lint-and-test, autofix
2026-04-30T03:49:07.1747989Z Checks after Regexp filter:
2026-04-30T03:49:07.1748561Z Checks completed: capture-failure-log, capture-failure-log, e2e, capture-failure-log, connected-tests, test, web-lint-and-test, cross-device-tests, maybe-label
2026-04-30T03:49:07.1749181Z Checks in_progress: lint-and-test, autofix
2026-04-30T03:49:07.1749517Z The requested checks aren't complete yet, will check back in 15 seconds...
2026-04-30T03:49:07.1749849Z Checks running on ref:
2026-04-30T03:49:07.1750410Z Checks completed: capture-failure-log, capture-failure-log, e2e, capture-failure-log, connected-tests, test, web-lint-and-test, cross-device-tests, maybe-label
2026-04-30T03:49:07.1751058Z Checks in_progress: lint-and-test, autofix, Auto-merge
2026-04-30T03:49:07.1751501Z Checks after ignore checks filter:
2026-04-30T03:49:07.1752093Z Checks completed: capture-failure-log, capture-failure-log, e2e, capture-failure-log, connected-tests, test, web-lint-and-test, cross-device-tests, maybe-label
2026-04-30T03:49:07.1752732Z Checks in_progress: lint-and-test, autofix
2026-04-30T03:49:07.1752983Z Checks after check_name filter:
2026-04-30T03:49:07.1753561Z Checks completed: capture-failure-log, capture-failure-log, e2e, capture-failure-log, connected-tests, test, web-lint-and-test, cross-device-tests, maybe-label
2026-04-30T03:49:07.1754177Z Checks in_progress: lint-and-test, autofix
2026-04-30T03:49:07.1754421Z Checks after Regexp filter:
2026-04-30T03:49:07.1754981Z Checks completed: capture-failure-log, capture-failure-log, e2e, capture-failure-log, connected-tests, test, web-lint-and-test, cross-device-tests, maybe-label
2026-04-30T03:49:07.1755809Z Checks in_progress: lint-and-test, autofix
2026-04-30T03:49:07.1756291Z The requested checks aren't complete yet, will check back in 15 seconds...
2026-04-30T03:49:07.1756772Z Checks running on ref:
2026-04-30T03:49:07.1757387Z Checks completed: capture-failure-log, capture-failure-log, e2e, capture-failure-log, connected-tests, test, autofix, web-lint-and-test, cross-device-tests, maybe-label
2026-04-30T03:49:07.1758062Z Checks in_progress: lint-and-test, Auto-merge
2026-04-30T03:49:07.1758331Z Checks after ignore checks filter:
2026-04-30T03:49:07.1758962Z Checks completed: capture-failure-log, capture-failure-log, e2e, capture-failure-log, connected-tests, test, autofix, web-lint-and-test, cross-device-tests, maybe-label
2026-04-30T03:49:07.1759610Z Checks in_progress: lint-and-test
2026-04-30T03:49:07.1759849Z Checks after check_name filter:
2026-04-30T03:49:07.1760457Z Checks completed: capture-failure-log, capture-failure-log, e2e, capture-failure-log, connected-tests, test, autofix, web-lint-and-test, cross-device-tests, maybe-label
2026-04-30T03:49:07.1761104Z Checks in_progress: lint-and-test
2026-04-30T03:49:07.1761572Z Checks after Regexp filter:
2026-04-30T03:49:07.1762239Z Checks completed: capture-failure-log, capture-failure-log, e2e, capture-failure-log, connected-tests, test, autofix, web-lint-and-test, cross-device-tests, maybe-label
2026-04-30T03:49:07.1762981Z Checks in_progress: lint-and-test
2026-04-30T03:49:07.1763425Z The requested checks aren't complete yet, will check back in 15 seconds...
2026-04-30T03:49:07.1763770Z Checks running on ref:
2026-04-30T03:49:07.1764480Z Checks completed: capture-failure-log, capture-failure-log, e2e, capture-failure-log, connected-tests, test, autofix, web-lint-and-test, cross-device-tests, maybe-label
2026-04-30T03:49:07.1765488Z Checks in_progress: lint-and-test, Auto-merge
2026-04-30T03:49:07.1765762Z Checks after ignore checks filter:
2026-04-30T03:49:07.1766540Z Checks completed: capture-failure-log, capture-failure-log, e2e, capture-failure-log, connected-tests, test, autofix, web-lint-and-test, cross-device-tests, maybe-label
2026-04-30T03:49:07.1767321Z Checks in_progress: lint-and-test
2026-04-30T03:49:07.1767559Z Checks after check_name filter:
2026-04-30T03:49:07.1768301Z Checks completed: capture-failure-log, capture-failure-log, e2e, capture-failure-log, connected-tests, test, autofix, web-lint-and-test, cross-device-tests, maybe-label
2026-04-30T03:49:07.1769218Z Checks in_progress: lint-and-test
2026-04-30T03:49:07.1769530Z Checks after Regexp filter:
2026-04-30T03:49:07.1770193Z Checks completed: capture-failure-log, capture-failure-log, e2e, capture-failure-log, connected-tests, test, autofix, web-lint-and-test, cross-device-tests, maybe-label
2026-04-30T03:49:07.1770977Z Checks in_progress: lint-and-test
2026-04-30T03:49:07.1771425Z The requested checks aren't complete yet, will check back in 15 seconds...
2026-04-30T03:49:07.1771776Z Checks running on ref:
2026-04-30T03:49:07.1772389Z Checks completed: capture-failure-log, capture-failure-log, e2e, capture-failure-log, connected-tests, test, autofix, web-lint-and-test, cross-device-tests, maybe-label
2026-04-30T03:49:07.1773237Z Checks in_progress: lint-and-test, Auto-merge
2026-04-30T03:49:07.1773513Z Checks after ignore checks filter:
2026-04-30T03:49:07.1774138Z Checks completed: capture-failure-log, capture-failure-log, e2e, capture-failure-log, connected-tests, test, autofix, web-lint-and-test, cross-device-tests, maybe-label
2026-04-30T03:49:07.1774785Z Checks in_progress: lint-and-test
2026-04-30T03:49:07.1775017Z Checks after check_name filter:
2026-04-30T03:49:07.1775832Z Checks completed: capture-failure-log, capture-failure-log, e2e, capture-failure-log, connected-tests, test, autofix, web-lint-and-test, cross-device-tests, maybe-label
2026-04-30T03:49:07.1776475Z Checks in_progress: lint-and-test
2026-04-30T03:49:07.1776700Z Checks after Regexp filter:
2026-04-30T03:49:07.1777308Z Checks completed: capture-failure-log, capture-failure-log, e2e, capture-failure-log, connected-tests, test, autofix, web-lint-and-test, cross-device-tests, maybe-label
2026-04-30T03:49:07.1798393Z Checks in_progress: lint-and-test
2026-04-30T03:49:07.1798937Z The requested checks aren't complete yet, will check back in 15 seconds...
2026-04-30T03:49:07.1799475Z Checks running on ref:
2026-04-30T03:51:10.4296339Z Checks completed: capture-failure-log, capture-failure-log, e2e, capture-failure-log, connected-tests, test, autofix, web-lint-and-test, cross-device-tests, maybe-label
2026-04-30T03:51:10.4297385Z Checks in_progress: lint-and-test, Auto-merge
2026-04-30T03:51:10.4297862Z Checks after ignore checks filter:
2026-04-30T03:51:10.4298923Z Checks completed: capture-failure-log, capture-failure-log, e2e, capture-failure-log, connected-tests, test, autofix, web-lint-and-test, cross-device-tests, maybe-label
2026-04-30T03:51:10.4299606Z Checks in_progress: lint-and-test
2026-04-30T03:51:10.4299860Z Checks after check_name filter:
2026-04-30T03:51:10.4300545Z Checks completed: capture-failure-log, capture-failure-log, e2e, capture-failure-log, connected-tests, test, autofix, web-lint-and-test, cross-device-tests, maybe-label
2026-04-30T03:51:10.4301221Z Checks in_progress: lint-and-test
2026-04-30T03:51:10.4301465Z Checks after Regexp filter:
2026-04-30T03:51:10.4302148Z Checks completed: capture-failure-log, capture-failure-log, e2e, capture-failure-log, connected-tests, test, autofix, web-lint-and-test, cross-device-tests, maybe-label
2026-04-30T03:51:10.4302811Z Checks in_progress: lint-and-test
2026-04-30T03:51:10.4303163Z The requested checks aren't complete yet, will check back in 15 seconds...
2026-04-30T03:51:10.4303515Z Checks running on ref:
2026-04-30T03:51:10.4304124Z Checks completed: capture-failure-log, capture-failure-log, e2e, capture-failure-log, connected-tests, test, autofix, web-lint-and-test, cross-device-tests, maybe-label
2026-04-30T03:51:10.4304790Z Checks in_progress: lint-and-test, Auto-merge
2026-04-30T03:51:10.4305059Z Checks after ignore checks filter:
2026-04-30T03:51:10.4305914Z Checks completed: capture-failure-log, capture-failure-log, e2e, capture-failure-log, connected-tests, test, autofix, web-lint-and-test, cross-device-tests, maybe-label
2026-04-30T03:51:10.4306565Z Checks in_progress: lint-and-test
2026-04-30T03:51:10.4306802Z Checks after check_name filter:
2026-04-30T03:51:10.4307410Z Checks completed: capture-failure-log, capture-failure-log, e2e, capture-failure-log, connected-tests, test, autofix, web-lint-and-test, cross-device-tests, maybe-label
2026-04-30T03:51:10.4308043Z Checks in_progress: lint-and-test
2026-04-30T03:51:10.4308274Z Checks after Regexp filter:
2026-04-30T03:51:10.4308875Z Checks completed: capture-failure-log, capture-failure-log, e2e, capture-failure-log, connected-tests, test, autofix, web-lint-and-test, cross-device-tests, maybe-label
2026-04-30T03:51:10.4309509Z Checks in_progress: lint-and-test
2026-04-30T03:51:10.4309833Z The requested checks aren't complete yet, will check back in 15 seconds...
2026-04-30T03:51:10.4310167Z Checks running on ref:
2026-04-30T03:51:10.4310770Z Checks completed: capture-failure-log, capture-failure-log, e2e, capture-failure-log, connected-tests, test, autofix, web-lint-and-test, cross-device-tests, maybe-label
2026-04-30T03:51:10.4311969Z Checks in_progress: lint-and-test, Auto-merge
2026-04-30T03:51:10.4312249Z Checks after ignore checks filter:
2026-04-30T03:51:10.4312889Z Checks completed: capture-failure-log, capture-failure-log, e2e, capture-failure-log, connected-tests, test, autofix, web-lint-and-test, cross-device-tests, maybe-label
2026-04-30T03:51:10.4313560Z Checks in_progress: lint-and-test
2026-04-30T03:51:10.4313803Z Checks after check_name filter:
2026-04-30T03:51:10.4314431Z Checks completed: capture-failure-log, capture-failure-log, e2e, capture-failure-log, connected-tests, test, autofix, web-lint-and-test, cross-device-tests, maybe-label
2026-04-30T03:51:10.4315072Z Checks in_progress: lint-and-test
2026-04-30T03:51:10.4315424Z Checks after Regexp filter:
2026-04-30T03:51:10.4316222Z Checks completed: capture-failure-log, capture-failure-log, e2e, capture-failure-log, connected-tests, test, autofix, web-lint-and-test, cross-device-tests, maybe-label
2026-04-30T03:51:10.4316894Z Checks in_progress: lint-and-test
2026-04-30T03:51:10.4317238Z The requested checks aren't complete yet, will check back in 15 seconds...
2026-04-30T03:51:10.4317582Z Checks running on ref:
2026-04-30T03:51:10.4318181Z Checks completed: capture-failure-log, capture-failure-log, e2e, capture-failure-log, connected-tests, test, autofix, web-lint-and-test, cross-device-tests, maybe-label
2026-04-30T03:51:10.4318853Z Checks in_progress: lint-and-test, Auto-merge
2026-04-30T03:51:10.4319127Z Checks after ignore checks filter:
2026-04-30T03:51:10.4319759Z Checks completed: capture-failure-log, capture-failure-log, e2e, capture-failure-log, connected-tests, test, autofix, web-lint-and-test, cross-device-tests, maybe-label
2026-04-30T03:51:10.4320413Z Checks in_progress: lint-and-test
2026-04-30T03:51:10.4320648Z Checks after check_name filter:
2026-04-30T03:51:10.4321270Z Checks completed: capture-failure-log, capture-failure-log, e2e, capture-failure-log, connected-tests, test, autofix, web-lint-and-test, cross-device-tests, maybe-label
2026-04-30T03:51:10.4321914Z Checks in_progress: lint-and-test
2026-04-30T03:51:10.4322143Z Checks after Regexp filter:
2026-04-30T03:51:10.4322746Z Checks completed: capture-failure-log, capture-failure-log, e2e, capture-failure-log, connected-tests, test, autofix, web-lint-and-test, cross-device-tests, maybe-label
2026-04-30T03:51:10.4323390Z Checks in_progress: lint-and-test
2026-04-30T03:51:10.4323724Z The requested checks aren't complete yet, will check back in 15 seconds...
2026-04-30T03:51:10.4324073Z Checks running on ref:
2026-04-30T03:51:10.4324661Z Checks completed: capture-failure-log, capture-failure-log, e2e, capture-failure-log, connected-tests, test, autofix, web-lint-and-test, cross-device-tests, maybe-label
2026-04-30T03:51:10.4325427Z Checks in_progress: lint-and-test, Auto-merge
2026-04-30T03:51:10.4325697Z Checks after ignore checks filter:
2026-04-30T03:51:10.4326331Z Checks completed: capture-failure-log, capture-failure-log, e2e, capture-failure-log, connected-tests, test, autofix, web-lint-and-test, cross-device-tests, maybe-label
2026-04-30T03:51:10.4326967Z Checks in_progress: lint-and-test
2026-04-30T03:51:10.4327191Z Checks after check_name filter:
2026-04-30T03:51:10.4327798Z Checks completed: capture-failure-log, capture-failure-log, e2e, capture-failure-log, connected-tests, test, autofix, web-lint-and-test, cross-device-tests, maybe-label
2026-04-30T03:51:10.4328431Z Checks in_progress: lint-and-test
2026-04-30T03:51:10.4328659Z Checks after Regexp filter:
2026-04-30T03:51:10.4329252Z Checks completed: capture-failure-log, capture-failure-log, e2e, capture-failure-log, connected-tests, test, autofix, web-lint-and-test, cross-device-tests, maybe-label
2026-04-30T03:51:10.4329890Z Checks in_progress: lint-and-test
2026-04-30T03:51:10.4330208Z The requested checks aren't complete yet, will check back in 15 seconds...
2026-04-30T03:51:10.4330786Z Checks running on ref:
2026-04-30T03:51:10.4331382Z Checks completed: capture-failure-log, capture-failure-log, e2e, capture-failure-log, connected-tests, test, autofix, web-lint-and-test, cross-device-tests, maybe-label
2026-04-30T03:51:10.4332029Z Checks in_progress: lint-and-test, Auto-merge
2026-04-30T03:51:10.4332289Z Checks after ignore checks filter:
2026-04-30T03:51:10.4332905Z Checks completed: capture-failure-log, capture-failure-log, e2e, capture-failure-log, connected-tests, test, autofix, web-lint-and-test, cross-device-tests, maybe-label
2026-04-30T03:51:10.4333545Z Checks in_progress: lint-and-test
2026-04-30T03:51:10.4333765Z Checks after check_name filter:
2026-04-30T03:51:10.4334371Z Checks completed: capture-failure-log, capture-failure-log, e2e, capture-failure-log, connected-tests, test, autofix, web-lint-and-test, cross-device-tests, maybe-label
2026-04-30T03:51:10.4335005Z Checks in_progress: lint-and-test
2026-04-30T03:51:10.4335334Z Checks after Regexp filter:
2026-04-30T03:51:10.4336064Z Checks completed: capture-failure-log, capture-failure-log, e2e, capture-failure-log, connected-tests, test, autofix, web-lint-and-test, cross-device-tests, maybe-label
2026-04-30T03:51:10.4336709Z Checks in_progress: lint-and-test
2026-04-30T03:51:10.4337022Z The requested checks aren't complete yet, will check back in 15 seconds...
2026-04-30T03:51:10.4337352Z Checks running on ref:
2026-04-30T03:51:10.4337941Z Checks completed: capture-failure-log, capture-failure-log, e2e, capture-failure-log, connected-tests, test, autofix, web-lint-and-test, cross-device-tests, maybe-label
2026-04-30T03:51:10.4338593Z Checks in_progress: lint-and-test, Auto-merge
2026-04-30T03:51:10.4338844Z Checks after ignore checks filter:
2026-04-30T03:51:10.4339461Z Checks completed: capture-failure-log, capture-failure-log, e2e, capture-failure-log, connected-tests, test, autofix, web-lint-and-test, cross-device-tests, maybe-label
2026-04-30T03:51:10.4340090Z Checks in_progress: lint-and-test
2026-04-30T03:51:10.4340325Z Checks after check_name filter:
2026-04-30T03:51:10.4340927Z Checks completed: capture-failure-log, capture-failure-log, e2e, capture-failure-log, connected-tests, test, autofix, web-lint-and-test, cross-device-tests, maybe-label
2026-04-30T03:51:10.4341562Z Checks in_progress: lint-and-test
2026-04-30T03:51:10.4341786Z Checks after Regexp filter:
2026-04-30T03:51:10.4342378Z Checks completed: capture-failure-log, capture-failure-log, e2e, capture-failure-log, connected-tests, test, autofix, web-lint-and-test, cross-device-tests, maybe-label
2026-04-30T03:51:10.4343009Z Checks in_progress: lint-and-test
2026-04-30T03:51:10.4343316Z The requested checks aren't complete yet, will check back in 15 seconds...
2026-04-30T03:51:10.4343648Z Checks running on ref:
2026-04-30T03:51:10.4344232Z Checks completed: capture-failure-log, capture-failure-log, e2e, capture-failure-log, connected-tests, test, autofix, web-lint-and-test, cross-device-tests, maybe-label
2026-04-30T03:51:10.4344888Z Checks in_progress: lint-and-test, Auto-merge
2026-04-30T03:51:10.4345246Z Checks after ignore checks filter:
2026-04-30T03:51:10.4345864Z Checks completed: capture-failure-log, capture-failure-log, e2e, capture-failure-log, connected-tests, test, autofix, web-lint-and-test, cross-device-tests, maybe-label
2026-04-30T03:51:10.4346498Z Checks in_progress: lint-and-test
2026-04-30T03:51:10.4346723Z Checks after check_name filter:
2026-04-30T03:51:10.4347323Z Checks completed: capture-failure-log, capture-failure-log, e2e, capture-failure-log, connected-tests, test, autofix, web-lint-and-test, cross-device-tests, maybe-label
2026-04-30T03:51:10.4347987Z Checks in_progress: lint-and-test
2026-04-30T03:51:10.4348213Z Checks after Regexp filter:
2026-04-30T03:51:10.4348804Z Checks completed: capture-failure-log, capture-failure-log, e2e, capture-failure-log, connected-tests, test, autofix, web-lint-and-test, cross-device-tests, maybe-label
2026-04-30T03:51:10.4349438Z Checks in_progress: lint-and-test
2026-04-30T03:51:10.4349754Z The requested checks aren't complete yet, will check back in 15 seconds...
2026-04-30T03:51:10.4350223Z Checks running on ref:
2026-04-30T03:51:10.4350806Z Checks completed: capture-failure-log, capture-failure-log, e2e, capture-failure-log, connected-tests, test, autofix, web-lint-and-test, cross-device-tests, maybe-label
2026-04-30T03:51:10.4351458Z Checks in_progress: lint-and-test, Auto-merge
2026-04-30T03:52:58.0527313Z Checks after ignore checks filter:
2026-04-30T03:52:58.0529856Z Checks completed: capture-failure-log, capture-failure-log, e2e, capture-failure-log, connected-tests, test, autofix, web-lint-and-test, cross-device-tests, maybe-label
2026-04-30T03:52:58.0531110Z Checks in_progress: lint-and-test
2026-04-30T03:52:58.0531502Z Checks after check_name filter:
2026-04-30T03:52:58.0532579Z Checks completed: capture-failure-log, capture-failure-log, e2e, capture-failure-log, connected-tests, test, autofix, web-lint-and-test, cross-device-tests, maybe-label
2026-04-30T03:52:58.0533660Z Checks in_progress: lint-and-test
2026-04-30T03:52:58.0534571Z Checks after Regexp filter:
2026-04-30T03:52:58.0535702Z Checks completed: capture-failure-log, capture-failure-log, e2e, capture-failure-log, connected-tests, test, autofix, web-lint-and-test, cross-device-tests, maybe-label
2026-04-30T03:52:58.0536644Z Checks in_progress: lint-and-test
2026-04-30T03:52:58.0537123Z The requested checks aren't complete yet, will check back in 15 seconds...
2026-04-30T03:52:58.0537637Z Checks running on ref:
2026-04-30T03:52:58.0538619Z Checks completed: capture-failure-log, capture-failure-log, e2e, capture-failure-log, connected-tests, test, autofix, web-lint-and-test, cross-device-tests, maybe-label
2026-04-30T03:52:58.0539787Z Checks in_progress: lint-and-test, Auto-merge
2026-04-30T03:52:58.0540221Z Checks after ignore checks filter:
2026-04-30T03:52:58.0541319Z Checks completed: capture-failure-log, capture-failure-log, e2e, capture-failure-log, connected-tests, test, autofix, web-lint-and-test, cross-device-tests, maybe-label
2026-04-30T03:52:58.0542168Z Checks in_progress: lint-and-test
2026-04-30T03:52:58.0542420Z Checks after check_name filter:
2026-04-30T03:52:58.0543044Z Checks completed: capture-failure-log, capture-failure-log, e2e, capture-failure-log, connected-tests, test, autofix, web-lint-and-test, cross-device-tests, maybe-label
2026-04-30T03:52:58.0543690Z Checks in_progress: lint-and-test
2026-04-30T03:52:58.0543929Z Checks after Regexp filter:
2026-04-30T03:52:58.0544554Z Checks completed: capture-failure-log, capture-failure-log, e2e, capture-failure-log, connected-tests, test, autofix, web-lint-and-test, cross-device-tests, maybe-label
2026-04-30T03:52:58.0545432Z Checks in_progress: lint-and-test
2026-04-30T03:52:58.0545785Z The requested checks aren't complete yet, will check back in 15 seconds...
2026-04-30T03:52:58.0546140Z Checks running on ref:
2026-04-30T03:52:58.0546759Z Checks completed: capture-failure-log, capture-failure-log, e2e, capture-failure-log, connected-tests, test, autofix, web-lint-and-test, cross-device-tests, maybe-label
2026-04-30T03:52:58.0547460Z Checks in_progress: lint-and-test, Auto-merge
2026-04-30T03:52:58.0547734Z Checks after ignore checks filter:
2026-04-30T03:52:58.0548376Z Checks completed: capture-failure-log, capture-failure-log, e2e, capture-failure-log, connected-tests, test, autofix, web-lint-and-test, cross-device-tests, maybe-label
2026-04-30T03:52:58.0549029Z Checks in_progress: lint-and-test
2026-04-30T03:52:58.0549273Z Checks after check_name filter:
2026-04-30T03:52:58.0549891Z Checks completed: capture-failure-log, capture-failure-log, e2e, capture-failure-log, connected-tests, test, autofix, web-lint-and-test, cross-device-tests, maybe-label
2026-04-30T03:52:58.0550541Z Checks in_progress: lint-and-test
2026-04-30T03:52:58.0550780Z Checks after Regexp filter:
2026-04-30T03:52:58.0551393Z Checks completed: capture-failure-log, capture-failure-log, e2e, capture-failure-log, connected-tests, test, autofix, web-lint-and-test, cross-device-tests, maybe-label
2026-04-30T03:52:58.0552322Z Checks in_progress: lint-and-test
2026-04-30T03:52:58.0552656Z The requested checks aren't complete yet, will check back in 15 seconds...
2026-04-30T03:52:58.0553007Z Checks running on ref:
2026-04-30T03:52:58.0553601Z Checks completed: capture-failure-log, capture-failure-log, e2e, capture-failure-log, connected-tests, test, autofix, web-lint-and-test, cross-device-tests, maybe-label
2026-04-30T03:52:58.0554264Z Checks in_progress: lint-and-test, Auto-merge
2026-04-30T03:52:58.0554527Z Checks after ignore checks filter:
2026-04-30T03:52:58.0555333Z Checks completed: capture-failure-log, capture-failure-log, e2e, capture-failure-log, connected-tests, test, autofix, web-lint-and-test, cross-device-tests, maybe-label
2026-04-30T03:52:58.0556005Z Checks in_progress: lint-and-test
2026-04-30T03:52:58.0556231Z Checks after check_name filter:
2026-04-30T03:52:58.0557005Z Checks completed: capture-failure-log, capture-failure-log, e2e, capture-failure-log, connected-tests, test, autofix, web-lint-and-test, cross-device-tests, maybe-label
2026-04-30T03:52:58.0557674Z Checks in_progress: lint-and-test
2026-04-30T03:52:58.0557902Z Checks after Regexp filter:
2026-04-30T03:52:58.0558505Z Checks completed: capture-failure-log, capture-failure-log, e2e, capture-failure-log, connected-tests, test, autofix, web-lint-and-test, cross-device-tests, maybe-label
2026-04-30T03:52:58.0559136Z Checks in_progress: lint-and-test
2026-04-30T03:52:58.0559454Z The requested checks aren't complete yet, will check back in 15 seconds...
2026-04-30T03:52:58.0559790Z Checks running on ref:
2026-04-30T03:52:58.0560379Z Checks completed: capture-failure-log, capture-failure-log, e2e, capture-failure-log, connected-tests, test, autofix, web-lint-and-test, cross-device-tests, maybe-label
2026-04-30T03:52:58.0561029Z Checks in_progress: lint-and-test, Auto-merge
2026-04-30T03:52:58.0561291Z Checks after ignore checks filter:
2026-04-30T03:52:58.0561920Z Checks completed: capture-failure-log, capture-failure-log, e2e, capture-failure-log, connected-tests, test, autofix, web-lint-and-test, cross-device-tests, maybe-label
2026-04-30T03:52:58.0562569Z Checks in_progress: lint-and-test
2026-04-30T03:52:58.0562819Z Checks after check_name filter:
2026-04-30T03:52:58.0563445Z Checks completed: capture-failure-log, capture-failure-log, e2e, capture-failure-log, connected-tests, test, autofix, web-lint-and-test, cross-device-tests, maybe-label
2026-04-30T03:52:58.0564093Z Checks in_progress: lint-and-test
2026-04-30T03:52:58.0564329Z Checks after Regexp filter:
2026-04-30T03:52:58.0564942Z Checks completed: capture-failure-log, capture-failure-log, e2e, capture-failure-log, connected-tests, test, autofix, web-lint-and-test, cross-device-tests, maybe-label
2026-04-30T03:52:58.0565810Z Checks in_progress: lint-and-test
2026-04-30T03:52:58.0566148Z The requested checks aren't complete yet, will check back in 15 seconds...
2026-04-30T03:52:58.0566496Z Checks running on ref:
2026-04-30T03:52:58.0567108Z Checks completed: capture-failure-log, capture-failure-log, e2e, capture-failure-log, connected-tests, test, autofix, web-lint-and-test, cross-device-tests, maybe-label
2026-04-30T03:52:58.0567781Z Checks in_progress: lint-and-test, Auto-merge
2026-04-30T03:52:58.0568052Z Checks after ignore checks filter:
2026-04-30T03:52:58.0568685Z Checks completed: capture-failure-log, capture-failure-log, e2e, capture-failure-log, connected-tests, test, autofix, web-lint-and-test, cross-device-tests, maybe-label
2026-04-30T03:52:58.0569333Z Checks in_progress: lint-and-test
2026-04-30T03:52:58.0569569Z Checks after check_name filter:
2026-04-30T03:52:58.0570179Z Checks completed: capture-failure-log, capture-failure-log, e2e, capture-failure-log, connected-tests, test, autofix, web-lint-and-test, cross-device-tests, maybe-label
2026-04-30T03:52:58.0570809Z Checks in_progress: lint-and-test
2026-04-30T03:52:58.0571038Z Checks after Regexp filter:
2026-04-30T03:52:58.0571649Z Checks completed: capture-failure-log, capture-failure-log, e2e, capture-failure-log, connected-tests, test, autofix, web-lint-and-test, cross-device-tests, maybe-label
2026-04-30T03:52:58.0572465Z Checks in_progress: lint-and-test
2026-04-30T03:52:58.0572783Z The requested checks aren't complete yet, will check back in 15 seconds...
2026-04-30T03:52:58.0573126Z Checks running on ref:
2026-04-30T03:52:58.0573714Z Checks completed: capture-failure-log, capture-failure-log, e2e, capture-failure-log, connected-tests, test, autofix, web-lint-and-test, cross-device-tests, maybe-label
2026-04-30T03:52:58.0574379Z Checks in_progress: lint-and-test, Auto-merge
2026-04-30T03:52:58.0574644Z Checks after ignore checks filter:
2026-04-30T03:52:58.0575440Z Checks completed: capture-failure-log, capture-failure-log, e2e, capture-failure-log, connected-tests, test, autofix, web-lint-and-test, cross-device-tests, maybe-label
2026-04-30T03:52:58.0576097Z Checks in_progress: lint-and-test
2026-04-30T03:52:58.0576331Z Checks after check_name filter:
2026-04-30T03:52:58.0577125Z Checks completed: capture-failure-log, capture-failure-log, e2e, capture-failure-log, connected-tests, test, autofix, web-lint-and-test, cross-device-tests, maybe-label
2026-04-30T03:52:58.0577789Z Checks in_progress: lint-and-test
2026-04-30T03:52:58.0578023Z Checks after Regexp filter:
2026-04-30T03:52:58.0578643Z Checks completed: capture-failure-log, capture-failure-log, e2e, capture-failure-log, connected-tests, test, autofix, web-lint-and-test, cross-device-tests, maybe-label
2026-04-30T03:52:58.0579284Z Checks in_progress: lint-and-test
2026-04-30T03:52:58.0579611Z The requested checks aren't complete yet, will check back in 15 seconds...
2026-04-30T03:52:58.0579952Z Checks running on ref:
2026-04-30T03:52:58.0580674Z Checks completed: capture-failure-log, capture-failure-log, capture-failure-log, e2e, capture-failure-log, connected-tests, lint-and-test, test, autofix, web-lint-and-test, cross-device-tests, maybe-label
2026-04-30T03:52:58.0581446Z Checks in_progress: Auto-merge
2026-04-30T03:52:58.0581685Z Checks after ignore checks filter:
2026-04-30T03:52:58.0582460Z Checks completed: capture-failure-log, capture-failure-log, capture-failure-log, e2e, capture-failure-log, connected-tests, lint-and-test, test, autofix, web-lint-and-test, cross-device-tests, maybe-label
2026-04-30T03:52:58.0583222Z Checks after check_name filter:
2026-04-30T03:52:58.0583963Z Checks completed: capture-failure-log, capture-failure-log, capture-failure-log, e2e, capture-failure-log, connected-tests, lint-and-test, test, autofix, web-lint-and-test, cross-device-tests, maybe-label
2026-04-30T03:52:58.0584726Z Checks after Regexp filter:
2026-04-30T03:52:58.0585630Z Checks completed: capture-failure-log, capture-failure-log, capture-failure-log, e2e, capture-failure-log, connected-tests, lint-and-test, test, autofix, web-lint-and-test, cross-device-tests, maybe-label
2026-04-30T03:52:58.0586395Z Checks completed:
2026-04-30T03:52:58.0586610Z capture-failure-log: completed (skipped)
2026-04-30T03:52:58.0586885Z capture-failure-log: completed (skipped)
2026-04-30T03:52:58.0587149Z capture-failure-log: completed (skipped)
2026-04-30T03:52:58.0587409Z e2e: completed (success)
2026-04-30T03:52:58.0587631Z capture-failure-log: completed (skipped)
2026-04-30T03:52:58.0587892Z connected-tests: completed (skipped)
2026-04-30T03:52:58.0588147Z lint-and-test: completed (cancelled)
2026-04-30T03:52:58.0588384Z test: completed (success)
2026-04-30T03:52:58.0588603Z autofix: completed (success)
2026-04-30T03:52:58.0588839Z web-lint-and-test: completed (success)
2026-04-30T03:52:58.0589120Z cross-device-tests: completed (skipped)
2026-04-30T03:52:58.0589386Z maybe-label: completed (success)
2026-04-30T03:52:58.0625838Z The conclusion of one or more checks were not allowed. Allowed conclusions are: success, skipped, neutral. This can be configured with the 'allowed-conclusions' param.
2026-04-30T03:52:58.0763019Z ##[error]Process completed with exit code 1.
2026-04-30T03:52:58.0875618Z Post job cleanup.
2026-04-30T03:52:58.0933107Z Cleaning up orphan processes
2026-04-30T03:52:58.1231175Z ##[warning]Node.js 20 actions are deprecated. The following actions are running on Node.js 20 and may not work as expected: actions/cache@v4. Actions will be forced to run with Node.js 24 by default starting June 2nd, 2026. Node.js 20 will be removed from the runner on September 16th, 2026. Please check if updated versions of these actions are available that support Node.js 24. To opt into Node.js 24 now, set the FORCE_JAVASCRIPT_ACTIONS_TO_NODE24=true environment variable on the runner or in your workflow file. Once Node.js 24 becomes the default, you can temporarily opt out by setting ACTIONS_ALLOW_USE_UNSECURE_NODE_VERSION=true. For more information see: https://github.blog/changelog/2025-09-19-deprecation-of-node-20-on-github-actions-runners/
