=== CI FAILURE ===
Workflow:      Auto-merge & Release
Workflow file: akarlin3/prismTask/.github/workflows/auto-merge.yml@refs/pull/834/merge
Job(s):        Auto-merge
Run ID:        24974283434
Run attempt:   1
Run URL:       https://github.com/akarlin3/prismTask/actions/runs/24974283434
Commit:        6e46f50c8129e6e9a8e14c7860a275a772fce687
Branch:        834/merge
Event:         pull_request
Actor:         akarlin3
Runner OS:     Linux
Timestamp:     2026-04-27T03:03:48.130Z

Failed steps:
  - Auto-merge: #4 Wait for all other CI checks to pass

=== FAILED JOB LOG ===

--- Job: Auto-merge (id 73122977915) ---
2026-04-27T02:53:32.5929808Z Current runner version: '2.333.1'
2026-04-27T02:53:32.5954529Z ##[group]Runner Image Provisioner
2026-04-27T02:53:32.5955334Z Hosted Compute Agent
2026-04-27T02:53:32.5955899Z Version: 20260213.493
2026-04-27T02:53:32.5956613Z Commit: 5c115507f6dd24b8de37d8bbe0bb4509d0cc0fa3
2026-04-27T02:53:32.5957314Z Build Date: 2026-02-13T00:28:41Z
2026-04-27T02:53:32.5957955Z Worker ID: {6addc418-a415-4f14-8d83-769506068e91}
2026-04-27T02:53:32.5958702Z Azure Region: eastus2
2026-04-27T02:53:32.5959282Z ##[endgroup]
2026-04-27T02:53:32.5961095Z ##[group]Operating System
2026-04-27T02:53:32.5961779Z Ubuntu
2026-04-27T02:53:32.5962211Z 24.04.4
2026-04-27T02:53:32.5962674Z LTS
2026-04-27T02:53:32.5963220Z ##[endgroup]
2026-04-27T02:53:32.5963694Z ##[group]Runner Image
2026-04-27T02:53:32.5964277Z Image: ubuntu-24.04
2026-04-27T02:53:32.5964789Z Version: 20260413.86.1
2026-04-27T02:53:32.5966004Z Included Software: https://github.com/actions/runner-images/blob/ubuntu24/20260413.86/images/ubuntu/Ubuntu2404-Readme.md
2026-04-27T02:53:32.5967513Z Image Release: https://github.com/actions/runner-images/releases/tag/ubuntu24%2F20260413.86
2026-04-27T02:53:32.5968438Z ##[endgroup]
2026-04-27T02:53:32.5969966Z ##[group]GITHUB_TOKEN Permissions
2026-04-27T02:53:32.5972233Z Actions: read
2026-04-27T02:53:32.5972819Z Checks: read
2026-04-27T02:53:32.5973354Z Contents: write
2026-04-27T02:53:32.5973915Z Metadata: read
2026-04-27T02:53:32.5974389Z PullRequests: write
2026-04-27T02:53:32.5974990Z ##[endgroup]
2026-04-27T02:53:32.5977209Z Secret source: Actions
2026-04-27T02:53:32.5978238Z Prepare workflow directory
2026-04-27T02:53:32.6364200Z Prepare all required actions
2026-04-27T02:53:32.6401556Z Getting action download info
2026-04-27T02:53:32.9660101Z Download action repository 'lewagon/wait-on-check-action@ccfb013c15c8afb7bf2b7c028fb74dc5a068cccc' (SHA:ccfb013c15c8afb7bf2b7c028fb74dc5a068cccc)
2026-04-27T02:53:33.3707521Z Getting action download info
2026-04-27T02:53:33.4934413Z Download action repository 'ruby/setup-ruby@v1' (SHA:c4e5b1316158f92e3d49443a9d58b31d25ac0f8f)
2026-04-27T02:53:33.7386783Z Download action repository 'actions/cache@v4' (SHA:0057852bfaa89a56745cba8c7296529d2fc39830)
2026-04-27T02:53:33.9857410Z Complete job name: Auto-merge
2026-04-27T02:53:34.0543554Z ##[group]Run set -euo pipefail
2026-04-27T02:53:34.0544689Z [36;1mset -euo pipefail[0m
2026-04-27T02:53:34.0546046Z [36;1m# Audit item #5 — poll check-runs for up to 60s instead of a bare[0m
2026-04-27T02:53:34.0547852Z [36;1m# 20s sleep. On a busy runner cohort the initial 20s wasn't enough[0m
2026-04-27T02:53:34.0549854Z [36;1m# for the API to reflect queued workflow runs, which could merge[0m
2026-04-27T02:53:34.0551604Z [36;1m# PRs without waiting for CI. Bail out early as soon as ≥1 real[0m
2026-04-27T02:53:34.0553032Z [36;1m# check shows up.[0m
2026-04-27T02:53:34.0553938Z [36;1mCOUNT=0[0m
2026-04-27T02:53:34.0554754Z [36;1mfor i in $(seq 1 6); do[0m
2026-04-27T02:53:34.0555730Z [36;1m  sleep 10[0m
2026-04-27T02:53:34.0556881Z [36;1m  COUNT=$(gh api "repos/$REPO/commits/$HEAD_SHA/check-runs" \[0m
2026-04-27T02:53:34.0558603Z [36;1m    --jq '[.check_runs[] | select(.name != "Auto-merge")] | length')[0m
2026-04-27T02:53:34.0560252Z [36;1m  if [ "$COUNT" -gt 0 ]; then[0m
2026-04-27T02:53:34.0561598Z [36;1m    echo "Found $COUNT non-Auto-merge check(s) after ${i}0s"[0m
2026-04-27T02:53:34.0562924Z [36;1m    break[0m
2026-04-27T02:53:34.0563718Z [36;1m  fi[0m
2026-04-27T02:53:34.0564733Z [36;1m  echo "No non-Auto-merge checks yet (attempt $i/6)"[0m
2026-04-27T02:53:34.0565983Z [36;1mdone[0m
2026-04-27T02:53:34.0566788Z [36;1mif [ "$COUNT" -gt 0 ]; then[0m
2026-04-27T02:53:34.0567920Z [36;1m  echo "has_ci=true" >> "$GITHUB_OUTPUT"[0m
2026-04-27T02:53:34.0569027Z [36;1melse[0m
2026-04-27T02:53:34.0570068Z [36;1m  echo "has_ci=false" >> "$GITHUB_OUTPUT"[0m
2026-04-27T02:53:34.0571613Z [36;1m  echo "No CI checks on this PR after 60s — will merge without waiting."[0m
2026-04-27T02:53:34.0573058Z [36;1mfi[0m
2026-04-27T02:53:34.0598434Z shell: /usr/bin/bash -e {0}
2026-04-27T02:53:34.0600281Z env:
2026-04-27T02:53:34.0601032Z   WAIT_INTERVAL: 30
2026-04-27T02:53:34.0602233Z   GH_TOKEN: ***
2026-04-27T02:53:34.0603214Z   HEAD_SHA: 8ebfd15d6fd24e9d5ffff795dd4113bc5ab0eacf
2026-04-27T02:53:34.0604433Z   REPO: akarlin3/prismTask
2026-04-27T02:53:34.0605323Z ##[endgroup]
2026-04-27T02:53:44.4625955Z Found 7 non-Auto-merge check(s) after 10s
2026-04-27T02:53:44.4749051Z ##[group]Run set -euo pipefail
2026-04-27T02:53:44.4749648Z [36;1mset -euo pipefail[0m
2026-04-27T02:53:44.4750101Z [36;1mREQUIRED=$(gh api "repos/$REPO/branches/main/protection/required_status_checks" \[0m
2026-04-27T02:53:44.4750616Z [36;1m  --jq '.contexts[]' 2>/dev/null || true)[0m
2026-04-27T02:53:44.4750943Z [36;1mif [ -z "$REQUIRED" ]; then[0m
2026-04-27T02:53:44.4751481Z [36;1m  echo "::warning::Could not query branch protection (likely a permission issue) — using hardcoded fallback list."[0m
2026-04-27T02:53:44.4752051Z [36;1m  REQUIRED="$FALLBACK_REQUIRED"[0m
2026-04-27T02:53:44.4752349Z [36;1mfi[0m
2026-04-27T02:53:44.4752648Z [36;1m# Strip Auto-merge from the required list so we don't wait on[0m
2026-04-27T02:53:44.4753100Z [36;1m# ourselves (it's listed because we ARE the running workflow).[0m
2026-04-27T02:53:44.4753620Z [36;1mREQUIRED=$(echo "$REQUIRED" | grep -vE '^\s*Auto-merge\s*$' | grep -vE '^\s*$' || true)[0m
2026-04-27T02:53:44.4754122Z [36;1mif [ -z "$REQUIRED" ]; then[0m
2026-04-27T02:53:44.4754502Z [36;1m  echo "No required checks beyond Auto-merge; skipping queue wait."[0m
2026-04-27T02:53:44.4754899Z [36;1m  exit 0[0m
2026-04-27T02:53:44.4755158Z [36;1mfi[0m
2026-04-27T02:53:44.4755425Z [36;1mecho "Waiting until these required checks queue:"[0m
2026-04-27T02:53:44.4755777Z [36;1mecho "$REQUIRED" | sed 's/^/  /'[0m
2026-04-27T02:53:44.4756155Z [36;1m# 30 attempts × 10s = 5 min ceiling. If checks haven't queued[0m
2026-04-27T02:53:44.4756634Z [36;1m# by then something is genuinely broken (workflow file invalid,[0m
2026-04-27T02:53:44.4757117Z [36;1m# path filter excluding everything, etc.) — log and proceed so[0m
2026-04-27T02:53:44.4757555Z [36;1m# wait-on-check-action can decide how to handle it.[0m
2026-04-27T02:53:44.4757914Z [36;1mfor attempt in $(seq 1 30); do[0m
2026-04-27T02:53:44.4758331Z [36;1m  CHECK_RUNS=$(gh api --paginate "repos/$REPO/commits/$HEAD_SHA/check-runs" \[0m
2026-04-27T02:53:44.4758793Z [36;1m    --jq '.check_runs[].name' | sort -u)[0m
2026-04-27T02:53:44.4759117Z [36;1m  MISSING=""[0m
2026-04-27T02:53:44.4759566Z [36;1m  while IFS= read -r req; do[0m
2026-04-27T02:53:44.4759853Z [36;1m    [ -z "$req" ] && continue[0m
2026-04-27T02:53:44.4760153Z [36;1m    req_trimmed=$(echo "$req" | xargs)[0m
2026-04-27T02:53:44.4760564Z [36;1m    if ! echo "$CHECK_RUNS" | grep -qxF "$req_trimmed"; then[0m
2026-04-27T02:53:44.4760969Z [36;1m      MISSING="$MISSING $req_trimmed"[0m
2026-04-27T02:53:44.4761260Z [36;1m    fi[0m
2026-04-27T02:53:44.4761476Z [36;1m  done <<< "$REQUIRED"[0m
2026-04-27T02:53:44.4761838Z [36;1m  if [ -z "$MISSING" ]; then[0m
2026-04-27T02:53:44.4762255Z [36;1m    echo "All required checks have queued after attempt $attempt."[0m
2026-04-27T02:53:44.4762626Z [36;1m    exit 0[0m
2026-04-27T02:53:44.4762890Z [36;1m  fi[0m
2026-04-27T02:53:44.4763185Z [36;1m  echo "Still waiting for:$MISSING (attempt $attempt/30)"[0m
2026-04-27T02:53:44.4763533Z [36;1m  sleep 10[0m
2026-04-27T02:53:44.4763758Z [36;1mdone[0m
2026-04-27T02:53:44.4764248Z [36;1mecho "::warning::Some required checks never queued after 5 min:$MISSING — proceeding to wait-on-check-action anyway."[0m
2026-04-27T02:53:44.4786161Z shell: /usr/bin/bash -e {0}
2026-04-27T02:53:44.4786451Z env:
2026-04-27T02:53:44.4786653Z   WAIT_INTERVAL: 30
2026-04-27T02:53:44.4787238Z   GH_TOKEN: ***
2026-04-27T02:53:44.4787518Z   HEAD_SHA: 8ebfd15d6fd24e9d5ffff795dd4113bc5ab0eacf
2026-04-27T02:53:44.4787854Z   REPO: akarlin3/prismTask
2026-04-27T02:53:44.4788235Z   FALLBACK_REQUIRED: lint-and-test
connected-tests
test
web-lint-and-test

2026-04-27T02:53:44.4788872Z ##[endgroup]
2026-04-27T02:53:44.6255951Z Waiting until these required checks queue:
2026-04-27T02:53:44.6269052Z   {"message":"Resource not accessible by integration","documentation_url":"https://docs.github.com/rest/branches/branch-protection#get-status-checks-protection","status":"403"}
2026-04-27T02:53:44.9900528Z Still waiting for: {message:Resource not accessible by integration,documentation_url:https://docs.github.com/rest/branches/branch-protection#get-status-checks-protection,status:403} (attempt 1/30)
2026-04-27T02:53:55.3552230Z Still waiting for: {message:Resource not accessible by integration,documentation_url:https://docs.github.com/rest/branches/branch-protection#get-status-checks-protection,status:403} (attempt 2/30)
2026-04-27T02:54:05.7671504Z Still waiting for: {message:Resource not accessible by integration,documentation_url:https://docs.github.com/rest/branches/branch-protection#get-status-checks-protection,status:403} (attempt 3/30)
2026-04-27T02:54:16.1373012Z Still waiting for: {message:Resource not accessible by integration,documentation_url:https://docs.github.com/rest/branches/branch-protection#get-status-checks-protection,status:403} (attempt 4/30)
2026-04-27T02:54:26.5302520Z Still waiting for: {message:Resource not accessible by integration,documentation_url:https://docs.github.com/rest/branches/branch-protection#get-status-checks-protection,status:403} (attempt 5/30)
2026-04-27T02:54:36.8696464Z Still waiting for: {message:Resource not accessible by integration,documentation_url:https://docs.github.com/rest/branches/branch-protection#get-status-checks-protection,status:403} (attempt 6/30)
2026-04-27T02:54:47.2199067Z Still waiting for: {message:Resource not accessible by integration,documentation_url:https://docs.github.com/rest/branches/branch-protection#get-status-checks-protection,status:403} (attempt 7/30)
2026-04-27T02:54:57.5614920Z Still waiting for: {message:Resource not accessible by integration,documentation_url:https://docs.github.com/rest/branches/branch-protection#get-status-checks-protection,status:403} (attempt 8/30)
2026-04-27T02:55:07.9302918Z Still waiting for: {message:Resource not accessible by integration,documentation_url:https://docs.github.com/rest/branches/branch-protection#get-status-checks-protection,status:403} (attempt 9/30)
2026-04-27T02:55:18.2809968Z Still waiting for: {message:Resource not accessible by integration,documentation_url:https://docs.github.com/rest/branches/branch-protection#get-status-checks-protection,status:403} (attempt 10/30)
2026-04-27T02:55:28.6814968Z Still waiting for: {message:Resource not accessible by integration,documentation_url:https://docs.github.com/rest/branches/branch-protection#get-status-checks-protection,status:403} (attempt 11/30)
2026-04-27T02:55:39.0727011Z Still waiting for: {message:Resource not accessible by integration,documentation_url:https://docs.github.com/rest/branches/branch-protection#get-status-checks-protection,status:403} (attempt 12/30)
2026-04-27T02:55:49.4703359Z Still waiting for: {message:Resource not accessible by integration,documentation_url:https://docs.github.com/rest/branches/branch-protection#get-status-checks-protection,status:403} (attempt 13/30)
2026-04-27T02:55:59.8245720Z Still waiting for: {message:Resource not accessible by integration,documentation_url:https://docs.github.com/rest/branches/branch-protection#get-status-checks-protection,status:403} (attempt 14/30)
2026-04-27T02:56:10.2353670Z Still waiting for: {message:Resource not accessible by integration,documentation_url:https://docs.github.com/rest/branches/branch-protection#get-status-checks-protection,status:403} (attempt 15/30)
2026-04-27T02:56:20.6218159Z Still waiting for: {message:Resource not accessible by integration,documentation_url:https://docs.github.com/rest/branches/branch-protection#get-status-checks-protection,status:403} (attempt 16/30)
2026-04-27T02:56:31.0297905Z Still waiting for: {message:Resource not accessible by integration,documentation_url:https://docs.github.com/rest/branches/branch-protection#get-status-checks-protection,status:403} (attempt 17/30)
2026-04-27T02:56:41.4326559Z Still waiting for: {message:Resource not accessible by integration,documentation_url:https://docs.github.com/rest/branches/branch-protection#get-status-checks-protection,status:403} (attempt 18/30)
2026-04-27T02:56:51.8337182Z Still waiting for: {message:Resource not accessible by integration,documentation_url:https://docs.github.com/rest/branches/branch-protection#get-status-checks-protection,status:403} (attempt 19/30)
2026-04-27T02:57:02.1834620Z Still waiting for: {message:Resource not accessible by integration,documentation_url:https://docs.github.com/rest/branches/branch-protection#get-status-checks-protection,status:403} (attempt 20/30)
2026-04-27T02:57:12.5589690Z Still waiting for: {message:Resource not accessible by integration,documentation_url:https://docs.github.com/rest/branches/branch-protection#get-status-checks-protection,status:403} (attempt 21/30)
2026-04-27T02:57:22.9555847Z Still waiting for: {message:Resource not accessible by integration,documentation_url:https://docs.github.com/rest/branches/branch-protection#get-status-checks-protection,status:403} (attempt 22/30)
2026-04-27T02:57:33.3236522Z Still waiting for: {message:Resource not accessible by integration,documentation_url:https://docs.github.com/rest/branches/branch-protection#get-status-checks-protection,status:403} (attempt 23/30)
2026-04-27T02:57:43.6938911Z Still waiting for: {message:Resource not accessible by integration,documentation_url:https://docs.github.com/rest/branches/branch-protection#get-status-checks-protection,status:403} (attempt 24/30)
2026-04-27T02:57:54.0949008Z Still waiting for: {message:Resource not accessible by integration,documentation_url:https://docs.github.com/rest/branches/branch-protection#get-status-checks-protection,status:403} (attempt 25/30)
2026-04-27T02:58:04.5209915Z Still waiting for: {message:Resource not accessible by integration,documentation_url:https://docs.github.com/rest/branches/branch-protection#get-status-checks-protection,status:403} (attempt 26/30)
2026-04-27T02:58:14.9164046Z Still waiting for: {message:Resource not accessible by integration,documentation_url:https://docs.github.com/rest/branches/branch-protection#get-status-checks-protection,status:403} (attempt 27/30)
2026-04-27T02:58:25.3188952Z Still waiting for: {message:Resource not accessible by integration,documentation_url:https://docs.github.com/rest/branches/branch-protection#get-status-checks-protection,status:403} (attempt 28/30)
2026-04-27T02:58:35.6878275Z Still waiting for: {message:Resource not accessible by integration,documentation_url:https://docs.github.com/rest/branches/branch-protection#get-status-checks-protection,status:403} (attempt 29/30)
2026-04-27T02:58:46.0666549Z Still waiting for: {message:Resource not accessible by integration,documentation_url:https://docs.github.com/rest/branches/branch-protection#get-status-checks-protection,status:403} (attempt 30/30)
2026-04-27T02:58:56.0714239Z ##[warning]Some required checks never queued after 5 min: {message:Resource not accessible by integration,documentation_url:https://docs.github.com/rest/branches/branch-protection#get-status-checks-protection,status:403} — proceeding to wait-on-check-action anyway.
2026-04-27T02:58:56.0922618Z ##[group]Run lewagon/wait-on-check-action@ccfb013c15c8afb7bf2b7c028fb74dc5a068cccc
2026-04-27T02:58:56.0923035Z with:
2026-04-27T02:58:56.0923242Z   ref: 8ebfd15d6fd24e9d5ffff795dd4113bc5ab0eacf
2026-04-27T02:58:56.0923524Z   running-workflow-name: Auto-merge
2026-04-27T02:58:56.0923951Z   repo-token: ***
2026-04-27T02:58:56.0924138Z   wait-interval: 30
2026-04-27T02:58:56.0924361Z   allowed-conclusions: success,skipped,neutral
2026-04-27T02:58:56.0924620Z   verbose: true
2026-04-27T02:58:56.0924786Z env:
2026-04-27T02:58:56.0924933Z   WAIT_INTERVAL: 30
2026-04-27T02:58:56.0925102Z ##[endgroup]
2026-04-27T02:58:56.1045456Z ##[group]Run ruby/setup-ruby@v1
2026-04-27T02:58:56.1045691Z with:
2026-04-27T02:58:56.1046066Z   ruby-version: 3.2
2026-04-27T02:58:56.1046260Z   bundler-cache: false
2026-04-27T02:58:56.1046580Z   token: ***
2026-04-27T02:58:56.1046746Z env:
2026-04-27T02:58:56.1046905Z   WAIT_INTERVAL: 30
2026-04-27T02:58:56.1047081Z ##[endgroup]
2026-04-27T02:58:56.2371063Z ##[group]Modifying PATH
2026-04-27T02:58:56.2371518Z Entries added to PATH to use selected Ruby:
2026-04-27T02:58:56.2373166Z   /opt/hostedtoolcache/Ruby/3.2.11/x64/bin
2026-04-27T02:58:56.2376672Z ##[endgroup]
2026-04-27T02:58:56.2377518Z ##[group]Print Ruby version
2026-04-27T02:58:56.2449737Z [command]/opt/hostedtoolcache/Ruby/3.2.11/x64/bin/ruby --version
2026-04-27T02:58:56.3778701Z ruby 3.2.11 (2026-03-27 revision 5483bfc1ae) [x86_64-linux]
2026-04-27T02:58:56.3815078Z Took   0.14 seconds
2026-04-27T02:58:56.3818073Z ##[endgroup]
2026-04-27T02:58:56.3818652Z ##[group]Installing Bundler
2026-04-27T02:58:56.3822584Z Using Bundler shipped with ruby-3.2.11
2026-04-27T02:58:56.3823512Z Took   0.00 seconds
2026-04-27T02:58:56.3824187Z ##[endgroup]
2026-04-27T02:58:56.4477405Z ##[group]Run actions/cache@v4
2026-04-27T02:58:56.4477646Z with:
2026-04-27T02:58:56.4478052Z   path: /home/runner/work/_actions/lewagon/wait-on-check-action/ccfb013c15c8afb7bf2b7c028fb74dc5a068cccc
2026-04-27T02:58:56.4478536Z   key: Linux-gems-
2026-04-27T02:58:56.4478726Z   restore-keys: Linux-gems-
2026-04-27T02:58:56.4478944Z   enableCrossOsArchive: false
2026-04-27T02:58:56.4479161Z   fail-on-cache-miss: false
2026-04-27T02:58:56.4479652Z   lookup-only: false
2026-04-27T02:58:56.4479839Z   save-always: false
2026-04-27T02:58:56.4480010Z env:
2026-04-27T02:58:56.4480164Z   WAIT_INTERVAL: 30
2026-04-27T02:58:56.4480331Z ##[endgroup]
2026-04-27T02:58:56.6826812Z Cache not found for input keys: Linux-gems-, Linux-gems-
2026-04-27T02:58:56.6887566Z ##[group]Run bundle install --jobs 4 --retry 3
2026-04-27T02:58:56.6887872Z [36;1mbundle install --jobs 4 --retry 3[0m
2026-04-27T02:58:56.6910389Z shell: /usr/bin/bash --noprofile --norc -e -o pipefail {0}
2026-04-27T02:58:56.6910717Z env:
2026-04-27T02:58:56.6910883Z   WAIT_INTERVAL: 30
2026-04-27T02:58:56.6911057Z ##[endgroup]
2026-04-27T02:58:57.5871902Z Bundler 2.4.19 is running, but your lockfile was generated with 2.2.3. Installing Bundler 2.2.3 and restarting using that version.
2026-04-27T02:58:58.8876250Z Fetching gem metadata from https://rubygems.org/.
2026-04-27T02:58:58.8953983Z Fetching bundler 2.2.3
2026-04-27T02:58:59.0739758Z Installing bundler 2.2.3
2026-04-27T02:58:59.2622745Z Calling `DidYouMean::SPELL_CHECKERS.merge!(error_name => spell_checker)' has been deprecated. Please call `DidYouMean.correct_error(error_name, spell_checker)' instead.
2026-04-27T02:59:00.5233638Z Fetching gem metadata from https://rubygems.org/.........
2026-04-27T02:59:00.5329064Z Fetching public_suffix 4.0.7
2026-04-27T02:59:00.5334975Z Fetching concurrent-ruby 1.2.2
2026-04-27T02:59:00.5399250Z Fetching minitest 5.18.0
2026-04-27T02:59:00.5625320Z Fetching zeitwerk 2.6.7
2026-04-27T02:59:00.6678990Z Installing zeitwerk 2.6.7
2026-04-27T02:59:00.6799197Z Installing minitest 5.18.0
2026-04-27T02:59:00.6903545Z Installing public_suffix 4.0.7
2026-04-27T02:59:00.7294202Z Fetching ast 2.4.2
2026-04-27T02:59:00.7549560Z Installing concurrent-ruby 1.2.2
2026-04-27T02:59:00.7642207Z Using bundler 2.2.3
2026-04-27T02:59:00.7649953Z Fetching byebug 11.1.3
2026-04-27T02:59:00.7932719Z Installing ast 2.4.2
2026-04-27T02:59:00.8088073Z Fetching diff-lcs 1.4.4
2026-04-27T02:59:00.8440696Z Fetching faraday-net_http 2.0.3
2026-04-27T02:59:00.8454343Z Installing byebug 11.1.3 with native extensions
2026-04-27T02:59:00.9031434Z Installing diff-lcs 1.4.4
2026-04-27T02:59:00.9064592Z Installing faraday-net_http 2.0.3
2026-04-27T02:59:00.9213534Z Using ruby2_keywords 0.0.5
2026-04-27T02:59:00.9228096Z Fetching json 2.7.1
2026-04-27T02:59:00.9830957Z Installing json 2.7.1 with native extensions
2026-04-27T02:59:00.9926519Z Fetching language_server-protocol 3.17.0.3
2026-04-27T02:59:01.0554360Z Installing language_server-protocol 3.17.0.3
2026-04-27T02:59:01.0856447Z Fetching lint_roller 1.1.0
2026-04-27T02:59:01.1542289Z Installing lint_roller 1.1.0
2026-04-27T02:59:01.1699441Z Fetching parallel 1.24.0
2026-04-27T02:59:01.2475941Z Installing parallel 1.24.0
2026-04-27T02:59:01.2556731Z Fetching racc 1.7.3
2026-04-27T02:59:01.3084925Z Fetching rainbow 3.1.1
2026-04-27T02:59:01.3321791Z Installing racc 1.7.3 with native extensions
2026-04-27T02:59:01.3535701Z Installing rainbow 3.1.1
2026-04-27T02:59:01.3623080Z Fetching regexp_parser 2.8.3
2026-04-27T02:59:01.4181698Z Installing regexp_parser 2.8.3
2026-04-27T02:59:01.4418502Z Fetching rexml 3.2.6
2026-04-27T02:59:01.4984777Z Installing rexml 3.2.6
2026-04-27T02:59:01.5287900Z Fetching rspec-support 3.10.1
2026-04-27T02:59:01.6301296Z Installing rspec-support 3.10.1
2026-04-27T02:59:01.6416561Z Fetching ruby-progressbar 1.13.0
2026-04-27T02:59:01.6880356Z Installing ruby-progressbar 1.13.0
2026-04-27T02:59:01.6977496Z Fetching unicode-display_width 2.5.0
2026-04-27T02:59:01.7429664Z Installing unicode-display_width 2.5.0
2026-04-27T02:59:01.7482951Z Fetching addressable 2.8.0
2026-04-27T02:59:01.8051356Z Installing addressable 2.8.0
2026-04-27T02:59:01.8180794Z Fetching faraday 2.3.0
2026-04-27T02:59:01.8700837Z Installing faraday 2.3.0
2026-04-27T02:59:01.8899096Z Fetching i18n 1.12.0
2026-04-27T02:59:01.9403728Z Installing i18n 1.12.0
2026-04-27T02:59:01.9536629Z Fetching tzinfo 2.0.6
2026-04-27T02:59:02.0085023Z Installing tzinfo 2.0.6
2026-04-27T02:59:02.0242204Z Fetching rspec-core 3.10.1
2026-04-27T02:59:02.0878133Z Installing rspec-core 3.10.1
2026-04-27T02:59:02.1131325Z Fetching rspec-expectations 3.10.1
2026-04-27T02:59:02.1663620Z Installing rspec-expectations 3.10.1
2026-04-27T02:59:02.1828435Z Fetching rspec-mocks 3.10.1
2026-04-27T02:59:02.2383888Z Installing rspec-mocks 3.10.1
2026-04-27T02:59:02.2527107Z Fetching faraday-retry 2.0.0
2026-04-27T02:59:02.2996454Z Installing faraday-retry 2.0.0
2026-04-27T02:59:02.3050719Z Fetching sawyer 0.9.2
2026-04-27T02:59:02.3487706Z Installing sawyer 0.9.2
2026-04-27T02:59:02.3558671Z Fetching activesupport 6.1.7.3
2026-04-27T02:59:02.4234246Z Installing activesupport 6.1.7.3
2026-04-27T02:59:02.4816494Z Fetching rspec 3.10.0
2026-04-27T02:59:02.5275325Z Installing rspec 3.10.0
2026-04-27T02:59:02.5321162Z Fetching octokit 4.25.0
2026-04-27T02:59:02.5867774Z Installing octokit 4.25.0
2026-04-27T02:59:03.6139753Z Fetching parser 3.2.2.4
2026-04-27T02:59:03.7660041Z Installing parser 3.2.2.4
2026-04-27T02:59:03.8759248Z Fetching rubocop-ast 1.30.0
2026-04-27T02:59:03.9510002Z Installing rubocop-ast 1.30.0
2026-04-27T02:59:05.3559726Z Fetching rubocop 1.57.2
2026-04-27T02:59:05.4436950Z Installing rubocop 1.57.2
2026-04-27T02:59:05.6130416Z Fetching rubocop-performance 1.19.1
2026-04-27T02:59:05.6130921Z Fetching standard-custom 1.0.2
2026-04-27T02:59:05.6786626Z Installing standard-custom 1.0.2
2026-04-27T02:59:05.6875962Z Installing rubocop-performance 1.19.1
2026-04-27T02:59:05.7021143Z Fetching standard-performance 1.2.1
2026-04-27T02:59:05.7481503Z Installing standard-performance 1.2.1
2026-04-27T02:59:05.7558453Z Fetching standard 1.32.1
2026-04-27T02:59:05.8062631Z Installing standard 1.32.1
2026-04-27T02:59:05.8269903Z Bundle complete! 6 Gemfile dependencies, 40 gems now installed.
2026-04-27T02:59:05.8270893Z Use `bundle info [gemname]` to see where a bundled gem is installed.
2026-04-27T02:59:05.8802726Z ##[group]Run ruby entrypoint.rb
2026-04-27T02:59:05.8802993Z [36;1mruby entrypoint.rb[0m
2026-04-27T02:59:05.8823910Z shell: /usr/bin/bash --noprofile --norc -e -o pipefail {0}
2026-04-27T02:59:05.8824223Z env:
2026-04-27T02:59:05.8824388Z   WAIT_INTERVAL: 30
2026-04-27T02:59:05.8824603Z   ALLOWED_CONCLUSIONS: success,skipped,neutral
2026-04-27T02:59:05.8824862Z   IGNORE_CHECKS: 
2026-04-27T02:59:05.8825032Z   CHECK_NAME: 
2026-04-27T02:59:05.8825195Z   CHECK_REGEXP: 
2026-04-27T02:59:05.8825402Z   REF: 8ebfd15d6fd24e9d5ffff795dd4113bc5ab0eacf
2026-04-27T02:59:05.8826028Z   REPO_TOKEN: ***
2026-04-27T02:59:05.8826211Z   VERBOSE: true
2026-04-27T02:59:05.8826398Z   RUNNING_WORKFLOW_NAME: Auto-merge
2026-04-27T02:59:05.8826808Z   API_ENDPOINT: 
2026-04-27T02:59:05.8826980Z ##[endgroup]
2026-04-27T03:03:09.7203474Z Checks running on ref:
2026-04-27T03:03:09.7205305Z Checks in_progress: lint-and-test, Auto-merge
2026-04-27T03:03:09.7206802Z Checks completed: autofix, capture-failure-log, capture-failure-log, e2e, cross-device-tests, connected-tests, capture-failure-log, test, maybe-label, web-lint-and-test
2026-04-27T03:03:09.7207769Z Checks after ignore checks filter:
2026-04-27T03:03:09.7208086Z Checks in_progress: lint-and-test
2026-04-27T03:03:09.7208932Z Checks completed: autofix, capture-failure-log, capture-failure-log, e2e, cross-device-tests, connected-tests, capture-failure-log, test, maybe-label, web-lint-and-test
2026-04-27T03:03:09.7210252Z Checks after check_name filter:
2026-04-27T03:03:09.7210540Z Checks in_progress: lint-and-test
2026-04-27T03:03:09.7211365Z Checks completed: autofix, capture-failure-log, capture-failure-log, e2e, cross-device-tests, connected-tests, capture-failure-log, test, maybe-label, web-lint-and-test
2026-04-27T03:03:09.7212306Z Checks after Regexp filter:
2026-04-27T03:03:09.7212529Z Checks in_progress: lint-and-test
2026-04-27T03:03:09.7213247Z Checks completed: autofix, capture-failure-log, capture-failure-log, e2e, cross-device-tests, connected-tests, capture-failure-log, test, maybe-label, web-lint-and-test
2026-04-27T03:03:09.7214100Z The requested checks aren't complete yet, will check back in 30 seconds...
2026-04-27T03:03:09.7214467Z Checks running on ref:
2026-04-27T03:03:09.7214701Z Checks in_progress: lint-and-test, Auto-merge
2026-04-27T03:03:09.7215450Z Checks completed: autofix, capture-failure-log, capture-failure-log, e2e, cross-device-tests, connected-tests, capture-failure-log, test, maybe-label, web-lint-and-test
2026-04-27T03:03:09.7216186Z Checks after ignore checks filter:
2026-04-27T03:03:09.7216436Z Checks in_progress: lint-and-test
2026-04-27T03:03:09.7217144Z Checks completed: autofix, capture-failure-log, capture-failure-log, e2e, cross-device-tests, connected-tests, capture-failure-log, test, maybe-label, web-lint-and-test
2026-04-27T03:03:09.7217886Z Checks after check_name filter:
2026-04-27T03:03:09.7218123Z Checks in_progress: lint-and-test
2026-04-27T03:03:09.7218832Z Checks completed: autofix, capture-failure-log, capture-failure-log, e2e, cross-device-tests, connected-tests, capture-failure-log, test, maybe-label, web-lint-and-test
2026-04-27T03:03:09.7219701Z Checks after Regexp filter:
2026-04-27T03:03:09.7219931Z Checks in_progress: lint-and-test
2026-04-27T03:03:09.7220636Z Checks completed: autofix, capture-failure-log, capture-failure-log, e2e, cross-device-tests, connected-tests, capture-failure-log, test, maybe-label, web-lint-and-test
2026-04-27T03:03:09.7221484Z The requested checks aren't complete yet, will check back in 30 seconds...
2026-04-27T03:03:09.7221851Z Checks running on ref:
2026-04-27T03:03:09.7222075Z Checks in_progress: lint-and-test, Auto-merge
2026-04-27T03:03:09.7222824Z Checks completed: autofix, capture-failure-log, capture-failure-log, e2e, cross-device-tests, connected-tests, capture-failure-log, test, maybe-label, web-lint-and-test
2026-04-27T03:03:09.7223547Z Checks after ignore checks filter:
2026-04-27T03:03:09.7224113Z Checks in_progress: lint-and-test
2026-04-27T03:03:09.7224767Z Checks completed: autofix, capture-failure-log, capture-failure-log, e2e, cross-device-tests, connected-tests, capture-failure-log, test, maybe-label, web-lint-and-test
2026-04-27T03:03:09.7225437Z Checks after check_name filter:
2026-04-27T03:03:09.7225650Z Checks in_progress: lint-and-test
2026-04-27T03:03:09.7226287Z Checks completed: autofix, capture-failure-log, capture-failure-log, e2e, cross-device-tests, connected-tests, capture-failure-log, test, maybe-label, web-lint-and-test
2026-04-27T03:03:09.7226953Z Checks after Regexp filter:
2026-04-27T03:03:09.7227165Z Checks in_progress: lint-and-test
2026-04-27T03:03:09.7227802Z Checks completed: autofix, capture-failure-log, capture-failure-log, e2e, cross-device-tests, connected-tests, capture-failure-log, test, maybe-label, web-lint-and-test
2026-04-27T03:03:09.7228715Z The requested checks aren't complete yet, will check back in 30 seconds...
2026-04-27T03:03:09.7229054Z Checks running on ref:
2026-04-27T03:03:09.7229275Z Checks in_progress: lint-and-test, Auto-merge
2026-04-27T03:03:09.7230094Z Checks completed: autofix, capture-failure-log, capture-failure-log, e2e, cross-device-tests, connected-tests, capture-failure-log, test, maybe-label, web-lint-and-test
2026-04-27T03:03:09.7230766Z Checks after ignore checks filter:
2026-04-27T03:03:09.7230993Z Checks in_progress: lint-and-test
2026-04-27T03:03:09.7231626Z Checks completed: autofix, capture-failure-log, capture-failure-log, e2e, cross-device-tests, connected-tests, capture-failure-log, test, maybe-label, web-lint-and-test
2026-04-27T03:03:09.7232300Z Checks after check_name filter:
2026-04-27T03:03:09.7232512Z Checks in_progress: lint-and-test
2026-04-27T03:03:09.7233155Z Checks completed: autofix, capture-failure-log, capture-failure-log, e2e, cross-device-tests, connected-tests, capture-failure-log, test, maybe-label, web-lint-and-test
2026-04-27T03:03:09.7233830Z Checks after Regexp filter:
2026-04-27T03:03:09.7234039Z Checks in_progress: lint-and-test
2026-04-27T03:03:09.7234680Z Checks completed: autofix, capture-failure-log, capture-failure-log, e2e, cross-device-tests, connected-tests, capture-failure-log, test, maybe-label, web-lint-and-test
2026-04-27T03:03:09.7235444Z The requested checks aren't complete yet, will check back in 30 seconds...
2026-04-27T03:03:09.7235780Z Checks running on ref:
2026-04-27T03:03:09.7235999Z Checks in_progress: lint-and-test, Auto-merge
2026-04-27T03:03:09.7236674Z Checks completed: autofix, capture-failure-log, capture-failure-log, e2e, cross-device-tests, connected-tests, capture-failure-log, test, maybe-label, web-lint-and-test
2026-04-27T03:03:09.7237342Z Checks after ignore checks filter:
2026-04-27T03:03:09.7237569Z Checks in_progress: lint-and-test
2026-04-27T03:03:09.7238214Z Checks completed: autofix, capture-failure-log, capture-failure-log, e2e, cross-device-tests, connected-tests, capture-failure-log, test, maybe-label, web-lint-and-test
2026-04-27T03:03:09.7238879Z Checks after check_name filter:
2026-04-27T03:03:09.7239104Z Checks in_progress: lint-and-test
2026-04-27T03:03:09.7239855Z Checks completed: autofix, capture-failure-log, capture-failure-log, e2e, cross-device-tests, connected-tests, capture-failure-log, test, maybe-label, web-lint-and-test
2026-04-27T03:03:09.7240539Z Checks after Regexp filter:
2026-04-27T03:03:09.7240752Z Checks in_progress: lint-and-test
2026-04-27T03:03:09.7241395Z Checks completed: autofix, capture-failure-log, capture-failure-log, e2e, cross-device-tests, connected-tests, capture-failure-log, test, maybe-label, web-lint-and-test
2026-04-27T03:03:09.7242166Z The requested checks aren't complete yet, will check back in 30 seconds...
2026-04-27T03:03:09.7242569Z Checks running on ref:
2026-04-27T03:03:09.7242790Z Checks in_progress: lint-and-test, Auto-merge
2026-04-27T03:03:09.7243461Z Checks completed: autofix, capture-failure-log, capture-failure-log, e2e, cross-device-tests, connected-tests, capture-failure-log, test, maybe-label, web-lint-and-test
2026-04-27T03:03:09.7244254Z Checks after ignore checks filter:
2026-04-27T03:03:09.7244487Z Checks in_progress: lint-and-test
2026-04-27T03:03:09.7245127Z Checks completed: autofix, capture-failure-log, capture-failure-log, e2e, cross-device-tests, connected-tests, capture-failure-log, test, maybe-label, web-lint-and-test
2026-04-27T03:03:09.7245795Z Checks after check_name filter:
2026-04-27T03:03:09.7246006Z Checks in_progress: lint-and-test
2026-04-27T03:03:09.7246645Z Checks completed: autofix, capture-failure-log, capture-failure-log, e2e, cross-device-tests, connected-tests, capture-failure-log, test, maybe-label, web-lint-and-test
2026-04-27T03:03:09.7247309Z Checks after Regexp filter:
2026-04-27T03:03:09.7247512Z Checks in_progress: lint-and-test
2026-04-27T03:03:09.7248262Z Checks completed: autofix, capture-failure-log, capture-failure-log, e2e, cross-device-tests, connected-tests, capture-failure-log, test, maybe-label, web-lint-and-test
2026-04-27T03:03:09.7249035Z The requested checks aren't complete yet, will check back in 30 seconds...
2026-04-27T03:03:09.7249517Z Checks running on ref:
2026-04-27T03:03:09.7249735Z Checks in_progress: lint-and-test, Auto-merge
2026-04-27T03:03:09.7250411Z Checks completed: autofix, capture-failure-log, capture-failure-log, e2e, cross-device-tests, connected-tests, capture-failure-log, test, maybe-label, web-lint-and-test
2026-04-27T03:03:09.7251076Z Checks after ignore checks filter:
2026-04-27T03:03:09.7251303Z Checks in_progress: lint-and-test
2026-04-27T03:03:09.7251943Z Checks completed: autofix, capture-failure-log, capture-failure-log, e2e, cross-device-tests, connected-tests, capture-failure-log, test, maybe-label, web-lint-and-test
2026-04-27T03:03:09.7252604Z Checks after check_name filter:
2026-04-27T03:03:09.7252835Z Checks in_progress: lint-and-test
2026-04-27T03:03:09.7253471Z Checks completed: autofix, capture-failure-log, capture-failure-log, e2e, cross-device-tests, connected-tests, capture-failure-log, test, maybe-label, web-lint-and-test
2026-04-27T03:03:09.7254142Z Checks after Regexp filter:
2026-04-27T03:03:09.7254353Z Checks in_progress: lint-and-test
2026-04-27T03:03:09.7254996Z Checks completed: autofix, capture-failure-log, capture-failure-log, e2e, cross-device-tests, connected-tests, capture-failure-log, test, maybe-label, web-lint-and-test
2026-04-27T03:03:09.7255777Z The requested checks aren't complete yet, will check back in 30 seconds...
2026-04-27T03:03:09.7256115Z Checks running on ref:
2026-04-27T03:03:09.7256323Z Checks in_progress: lint-and-test, Auto-merge
2026-04-27T03:03:09.7256999Z Checks completed: autofix, capture-failure-log, capture-failure-log, e2e, cross-device-tests, connected-tests, capture-failure-log, test, maybe-label, web-lint-and-test
2026-04-27T03:03:09.7257670Z Checks after ignore checks filter:
2026-04-27T03:03:09.7257898Z Checks in_progress: lint-and-test
2026-04-27T03:03:09.7258562Z Checks completed: autofix, capture-failure-log, capture-failure-log, e2e, cross-device-tests, connected-tests, capture-failure-log, test, maybe-label, web-lint-and-test
2026-04-27T03:03:09.7259238Z Checks after check_name filter:
2026-04-27T03:03:09.7259716Z Checks in_progress: lint-and-test
2026-04-27T03:03:09.7260401Z Checks completed: autofix, capture-failure-log, capture-failure-log, e2e, cross-device-tests, connected-tests, capture-failure-log, test, maybe-label, web-lint-and-test
2026-04-27T03:03:09.7261096Z Checks after Regexp filter:
2026-04-27T03:03:09.7261314Z Checks in_progress: lint-and-test
2026-04-27T03:03:09.7261969Z Checks completed: autofix, capture-failure-log, capture-failure-log, e2e, cross-device-tests, connected-tests, capture-failure-log, test, maybe-label, web-lint-and-test
2026-04-27T03:03:09.7262749Z The requested checks aren't complete yet, will check back in 30 seconds...
2026-04-27T03:03:09.7263107Z Checks running on ref:
2026-04-27T03:03:40.1550804Z Checks in_progress: lint-and-test, Auto-merge
2026-04-27T03:03:40.1553878Z Checks completed: autofix, capture-failure-log, capture-failure-log, e2e, cross-device-tests, connected-tests, capture-failure-log, test, maybe-label, web-lint-and-test
2026-04-27T03:03:40.1555128Z Checks after ignore checks filter:
2026-04-27T03:03:40.1555518Z Checks in_progress: lint-and-test
2026-04-27T03:03:40.1556590Z Checks completed: autofix, capture-failure-log, capture-failure-log, e2e, cross-device-tests, connected-tests, capture-failure-log, test, maybe-label, web-lint-and-test
2026-04-27T03:03:40.1557686Z Checks after check_name filter:
2026-04-27T03:03:40.1558038Z Checks in_progress: lint-and-test
2026-04-27T03:03:40.1559163Z Checks completed: autofix, capture-failure-log, capture-failure-log, e2e, cross-device-tests, connected-tests, capture-failure-log, test, maybe-label, web-lint-and-test
2026-04-27T03:03:40.1560285Z Checks after Regexp filter:
2026-04-27T03:03:40.1561034Z Checks in_progress: lint-and-test
2026-04-27T03:03:40.1562243Z Checks completed: autofix, capture-failure-log, capture-failure-log, e2e, cross-device-tests, connected-tests, capture-failure-log, test, maybe-label, web-lint-and-test
2026-04-27T03:03:40.1563136Z The requested checks aren't complete yet, will check back in 30 seconds...
2026-04-27T03:03:40.1563515Z Checks running on ref:
2026-04-27T03:03:40.1564431Z Checks completed: capture-failure-log, firebase-distribute, lint-and-test, autofix, capture-failure-log, capture-failure-log, e2e, cross-device-tests, connected-tests, capture-failure-log, test, maybe-label, web-lint-and-test
2026-04-27T03:03:40.1565438Z Checks in_progress: Auto-merge
2026-04-27T03:03:40.1565680Z Checks after ignore checks filter:
2026-04-27T03:03:40.1566590Z Checks completed: capture-failure-log, firebase-distribute, lint-and-test, autofix, capture-failure-log, capture-failure-log, e2e, cross-device-tests, connected-tests, capture-failure-log, test, maybe-label, web-lint-and-test
2026-04-27T03:03:40.1567471Z Checks after check_name filter:
2026-04-27T03:03:40.1568322Z Checks completed: capture-failure-log, firebase-distribute, lint-and-test, autofix, capture-failure-log, capture-failure-log, e2e, cross-device-tests, connected-tests, capture-failure-log, test, maybe-label, web-lint-and-test
2026-04-27T03:03:40.1569186Z Checks after Regexp filter:
2026-04-27T03:03:40.1570299Z Checks completed: capture-failure-log, firebase-distribute, lint-and-test, autofix, capture-failure-log, capture-failure-log, e2e, cross-device-tests, connected-tests, capture-failure-log, test, maybe-label, web-lint-and-test
2026-04-27T03:03:40.1571166Z Checks completed:
2026-04-27T03:03:40.1571366Z capture-failure-log: completed (skipped)
2026-04-27T03:03:40.1571633Z firebase-distribute: completed (cancelled)
2026-04-27T03:03:40.1571894Z lint-and-test: completed (cancelled)
2026-04-27T03:03:40.1572125Z autofix: completed (success)
2026-04-27T03:03:40.1572351Z capture-failure-log: completed (skipped)
2026-04-27T03:03:40.1572613Z capture-failure-log: completed (skipped)
2026-04-27T03:03:40.1572856Z e2e: completed (success)
2026-04-27T03:03:40.1573069Z cross-device-tests: completed (skipped)
2026-04-27T03:03:40.1573320Z connected-tests: completed (skipped)
2026-04-27T03:03:40.1573572Z capture-failure-log: completed (skipped)
2026-04-27T03:03:40.1573811Z test: completed (success)
2026-04-27T03:03:40.1574020Z maybe-label: completed (success)
2026-04-27T03:03:40.1574253Z web-lint-and-test: completed (success)
2026-04-27T03:03:40.1574893Z The conclusion of one or more checks were not allowed. Allowed conclusions are: success, skipped, neutral. This can be configured with the 'allowed-conclusions' param.
2026-04-27T03:03:40.1646559Z ##[error]Process completed with exit code 1.
2026-04-27T03:03:40.1754851Z Post job cleanup.
2026-04-27T03:03:40.1803909Z Cleaning up orphan processes
2026-04-27T03:03:40.2102902Z ##[warning]Node.js 20 actions are deprecated. The following actions are running on Node.js 20 and may not work as expected: actions/cache@v4. Actions will be forced to run with Node.js 24 by default starting June 2nd, 2026. Node.js 20 will be removed from the runner on September 16th, 2026. Please check if updated versions of these actions are available that support Node.js 24. To opt into Node.js 24 now, set the FORCE_JAVASCRIPT_ACTIONS_TO_NODE24=true environment variable on the runner or in your workflow file. Once Node.js 24 becomes the default, you can temporarily opt out by setting ACTIONS_ALLOW_USE_UNSECURE_NODE_VERSION=true. For more information see: https://github.blog/changelog/2025-09-19-deprecation-of-node-20-on-github-actions-runners/
