=== CI FAILURE ===
Workflow:      Auto-merge & Release
Workflow file: akarlin3/prismTask/.github/workflows/auto-merge.yml@refs/pull/862/merge
Job(s):        Auto-merge
Run ID:        25028502966
Run attempt:   1
Run URL:       https://github.com/akarlin3/prismTask/actions/runs/25028502966
Commit:        107d87d382ded015d957f67d02fb4374f835902f
Branch:        862/merge
Event:         pull_request
Actor:         akarlin3
Runner OS:     Linux
Timestamp:     2026-04-28T01:22:08.552Z

Failed steps:
  - Auto-merge: #4 Wait for all other CI checks to pass

=== FAILED JOB LOG ===

--- Job: Auto-merge (id 73304903874) ---
2026-04-28T01:16:20.7690109Z Current runner version: '2.333.1'
2026-04-28T01:16:20.7716571Z ##[group]Runner Image Provisioner
2026-04-28T01:16:20.7717338Z Hosted Compute Agent
2026-04-28T01:16:20.7717914Z Version: 20260422.526
2026-04-28T01:16:20.7718989Z Commit: e1a9e573f4d0838b3a7c1b07401aeb29ed3635a9
2026-04-28T01:16:20.7719656Z Build Date: 2026-04-22T09:31:31Z
2026-04-28T01:16:20.7720286Z Worker ID: {39663874-d71b-4dea-b49f-b0a810f2d134}
2026-04-28T01:16:20.7721033Z Azure Region: eastus2
2026-04-28T01:16:20.7721596Z ##[endgroup]
2026-04-28T01:16:20.7723033Z ##[group]Operating System
2026-04-28T01:16:20.7723735Z Ubuntu
2026-04-28T01:16:20.7724240Z 24.04.4
2026-04-28T01:16:20.7724647Z LTS
2026-04-28T01:16:20.7725139Z ##[endgroup]
2026-04-28T01:16:20.7725661Z ##[group]Runner Image
2026-04-28T01:16:20.7726169Z Image: ubuntu-24.04
2026-04-28T01:16:20.7726723Z Version: 20260426.100.1
2026-04-28T01:16:20.7727860Z Included Software: https://github.com/actions/runner-images/blob/ubuntu24/20260426.100/images/ubuntu/Ubuntu2404-Readme.md
2026-04-28T01:16:20.7729750Z Image Release: https://github.com/actions/runner-images/releases/tag/ubuntu24%2F20260426.100
2026-04-28T01:16:20.7730773Z ##[endgroup]
2026-04-28T01:16:20.7732029Z ##[group]GITHUB_TOKEN Permissions
2026-04-28T01:16:20.7734220Z Actions: read
2026-04-28T01:16:20.7734780Z Checks: read
2026-04-28T01:16:20.7735347Z Contents: write
2026-04-28T01:16:20.7735850Z Metadata: read
2026-04-28T01:16:20.7736375Z PullRequests: write
2026-04-28T01:16:20.7736877Z ##[endgroup]
2026-04-28T01:16:20.7739606Z Secret source: Actions
2026-04-28T01:16:20.7740327Z Prepare workflow directory
2026-04-28T01:16:20.8133349Z Prepare all required actions
2026-04-28T01:16:20.8171262Z Getting action download info
2026-04-28T01:16:21.0827000Z Download action repository 'lewagon/wait-on-check-action@ccfb013c15c8afb7bf2b7c028fb74dc5a068cccc' (SHA:ccfb013c15c8afb7bf2b7c028fb74dc5a068cccc)
2026-04-28T01:16:21.4403707Z Getting action download info
2026-04-28T01:16:21.5876187Z Download action repository 'ruby/setup-ruby@v1' (SHA:c4e5b1316158f92e3d49443a9d58b31d25ac0f8f)
2026-04-28T01:16:21.8376736Z Download action repository 'actions/cache@v4' (SHA:0057852bfaa89a56745cba8c7296529d2fc39830)
2026-04-28T01:16:22.0666041Z Complete job name: Auto-merge
2026-04-28T01:16:22.1298971Z ##[group]Run set -euo pipefail
2026-04-28T01:16:22.1299691Z [36;1mset -euo pipefail[0m
2026-04-28T01:16:22.1300402Z [36;1m# Audit item #5 — poll check-runs for up to 60s instead of a bare[0m
2026-04-28T01:16:22.1301290Z [36;1m# 20s sleep. On a busy runner cohort the initial 20s wasn't enough[0m
2026-04-28T01:16:22.1302155Z [36;1m# for the API to reflect queued workflow runs, which could merge[0m
2026-04-28T01:16:22.1303015Z [36;1m# PRs without waiting for CI. Bail out early as soon as ≥1 real[0m
2026-04-28T01:16:22.1303711Z [36;1m# check shows up.[0m
2026-04-28T01:16:22.1304189Z [36;1mCOUNT=0[0m
2026-04-28T01:16:22.1304612Z [36;1mfor i in $(seq 1 6); do[0m
2026-04-28T01:16:22.1305099Z [36;1m  sleep 10[0m
2026-04-28T01:16:22.1305679Z [36;1m  COUNT=$(gh api "repos/$REPO/commits/$HEAD_SHA/check-runs" \[0m
2026-04-28T01:16:22.1306559Z [36;1m    --jq '[.check_runs[] | select(.name != "Auto-merge")] | length')[0m
2026-04-28T01:16:22.1307327Z [36;1m  if [ "$COUNT" -gt 0 ]; then[0m
2026-04-28T01:16:22.1307998Z [36;1m    echo "Found $COUNT non-Auto-merge check(s) after ${i}0s"[0m
2026-04-28T01:16:22.1308849Z [36;1m    break[0m
2026-04-28T01:16:22.1309265Z [36;1m  fi[0m
2026-04-28T01:16:22.1309780Z [36;1m  echo "No non-Auto-merge checks yet (attempt $i/6)"[0m
2026-04-28T01:16:22.1310416Z [36;1mdone[0m
2026-04-28T01:16:22.1310833Z [36;1mif [ "$COUNT" -gt 0 ]; then[0m
2026-04-28T01:16:22.1311407Z [36;1m  echo "has_ci=true" >> "$GITHUB_OUTPUT"[0m
2026-04-28T01:16:22.1311977Z [36;1melse[0m
2026-04-28T01:16:22.1312431Z [36;1m  echo "has_ci=false" >> "$GITHUB_OUTPUT"[0m
2026-04-28T01:16:22.1313214Z [36;1m  echo "No CI checks on this PR after 60s — will merge without waiting."[0m
2026-04-28T01:16:22.1313946Z [36;1mfi[0m
2026-04-28T01:16:22.1435718Z shell: /usr/bin/bash -e {0}
2026-04-28T01:16:22.1436564Z env:
2026-04-28T01:16:22.1436979Z   WAIT_INTERVAL: 30
2026-04-28T01:16:22.1437740Z   GH_TOKEN: ***
2026-04-28T01:16:22.1438722Z   HEAD_SHA: e7880f95c1ed47705cfbb9ac08572c74ca47a54f
2026-04-28T01:16:22.1439390Z   REPO: akarlin3/prismTask
2026-04-28T01:16:22.1439852Z ##[endgroup]
2026-04-28T01:16:32.7605554Z Found 9 non-Auto-merge check(s) after 10s
2026-04-28T01:16:32.7729579Z ##[group]Run set -euo pipefail
2026-04-28T01:16:32.7729997Z [36;1mset -euo pipefail[0m
2026-04-28T01:16:32.7730467Z [36;1mREQUIRED=$(gh api "repos/$REPO/branches/main/protection/required_status_checks" \[0m
2026-04-28T01:16:32.7730980Z [36;1m  --jq '.contexts[]' 2>/dev/null || true)[0m
2026-04-28T01:16:32.7731309Z [36;1mif [ -z "$REQUIRED" ]; then[0m
2026-04-28T01:16:32.7731861Z [36;1m  echo "::warning::Could not query branch protection (likely a permission issue) — using hardcoded fallback list."[0m
2026-04-28T01:16:32.7732450Z [36;1m  REQUIRED="$FALLBACK_REQUIRED"[0m
2026-04-28T01:16:32.7732764Z [36;1mfi[0m
2026-04-28T01:16:32.7733080Z [36;1m# Strip Auto-merge from the required list so we don't wait on[0m
2026-04-28T01:16:32.7733552Z [36;1m# ourselves (it's listed because we ARE the running workflow).[0m
2026-04-28T01:16:32.7734094Z [36;1mREQUIRED=$(echo "$REQUIRED" | grep -vE '^\s*Auto-merge\s*$' | grep -vE '^\s*$' || true)[0m
2026-04-28T01:16:32.7734602Z [36;1mif [ -z "$REQUIRED" ]; then[0m
2026-04-28T01:16:32.7734988Z [36;1m  echo "No required checks beyond Auto-merge; skipping queue wait."[0m
2026-04-28T01:16:32.7735391Z [36;1m  exit 0[0m
2026-04-28T01:16:32.7735646Z [36;1mfi[0m
2026-04-28T01:16:32.7735924Z [36;1mecho "Waiting until these required checks queue:"[0m
2026-04-28T01:16:32.7736281Z [36;1mecho "$REQUIRED" | sed 's/^/  /'[0m
2026-04-28T01:16:32.7736666Z [36;1m# 30 attempts × 10s = 5 min ceiling. If checks haven't queued[0m
2026-04-28T01:16:32.7737147Z [36;1m# by then something is genuinely broken (workflow file invalid,[0m
2026-04-28T01:16:32.7737637Z [36;1m# path filter excluding everything, etc.) — log and proceed so[0m
2026-04-28T01:16:32.7738079Z [36;1m# wait-on-check-action can decide how to handle it.[0m
2026-04-28T01:16:32.7738653Z [36;1mfor attempt in $(seq 1 30); do[0m
2026-04-28T01:16:32.7739090Z [36;1m  CHECK_RUNS=$(gh api --paginate "repos/$REPO/commits/$HEAD_SHA/check-runs" \[0m
2026-04-28T01:16:32.7739562Z [36;1m    --jq '.check_runs[].name' | sort -u)[0m
2026-04-28T01:16:32.7739882Z [36;1m  MISSING=""[0m
2026-04-28T01:16:32.7740141Z [36;1m  while IFS= read -r req; do[0m
2026-04-28T01:16:32.7740426Z [36;1m    [ -z "$req" ] && continue[0m
2026-04-28T01:16:32.7740729Z [36;1m    req_trimmed=$(echo "$req" | xargs)[0m
2026-04-28T01:16:32.7741118Z [36;1m    if ! echo "$CHECK_RUNS" | grep -qxF "$req_trimmed"; then[0m
2026-04-28T01:16:32.7741518Z [36;1m      MISSING="$MISSING $req_trimmed"[0m
2026-04-28T01:16:32.7741811Z [36;1m    fi[0m
2026-04-28T01:16:32.7742029Z [36;1m  done <<< "$REQUIRED"[0m
2026-04-28T01:16:32.7742402Z [36;1m  if [ -z "$MISSING" ]; then[0m
2026-04-28T01:16:32.7742818Z [36;1m    echo "All required checks have queued after attempt $attempt."[0m
2026-04-28T01:16:32.7743191Z [36;1m    exit 0[0m
2026-04-28T01:16:32.7743414Z [36;1m  fi[0m
2026-04-28T01:16:32.7743704Z [36;1m  echo "Still waiting for:$MISSING (attempt $attempt/30)"[0m
2026-04-28T01:16:32.7744097Z [36;1m  sleep 10[0m
2026-04-28T01:16:32.7744322Z [36;1mdone[0m
2026-04-28T01:16:32.7744821Z [36;1mecho "::warning::Some required checks never queued after 5 min:$MISSING — proceeding to wait-on-check-action anyway."[0m
2026-04-28T01:16:32.7803130Z shell: /usr/bin/bash -e {0}
2026-04-28T01:16:32.7803401Z env:
2026-04-28T01:16:32.7803616Z   WAIT_INTERVAL: 30
2026-04-28T01:16:32.7804315Z   GH_TOKEN: ***
2026-04-28T01:16:32.7804603Z   HEAD_SHA: e7880f95c1ed47705cfbb9ac08572c74ca47a54f
2026-04-28T01:16:32.7804947Z   REPO: akarlin3/prismTask
2026-04-28T01:16:32.7805333Z   FALLBACK_REQUIRED: lint-and-test
connected-tests
test
web-lint-and-test

2026-04-28T01:16:32.7806006Z ##[endgroup]
2026-04-28T01:16:32.9632590Z Waiting until these required checks queue:
2026-04-28T01:16:32.9647161Z   {"message":"Resource not accessible by integration","documentation_url":"https://docs.github.com/rest/branches/branch-protection#get-status-checks-protection","status":"403"}
2026-04-28T01:16:33.3756909Z Still waiting for: {message:Resource not accessible by integration,documentation_url:https://docs.github.com/rest/branches/branch-protection#get-status-checks-protection,status:403} (attempt 1/30)
2026-04-28T01:16:43.8583329Z Still waiting for: {message:Resource not accessible by integration,documentation_url:https://docs.github.com/rest/branches/branch-protection#get-status-checks-protection,status:403} (attempt 2/30)
2026-04-28T01:16:54.2865099Z Still waiting for: {message:Resource not accessible by integration,documentation_url:https://docs.github.com/rest/branches/branch-protection#get-status-checks-protection,status:403} (attempt 3/30)
2026-04-28T01:17:04.8903684Z Still waiting for: {message:Resource not accessible by integration,documentation_url:https://docs.github.com/rest/branches/branch-protection#get-status-checks-protection,status:403} (attempt 4/30)
2026-04-28T01:17:15.3451578Z Still waiting for: {message:Resource not accessible by integration,documentation_url:https://docs.github.com/rest/branches/branch-protection#get-status-checks-protection,status:403} (attempt 5/30)
2026-04-28T01:17:25.7929030Z Still waiting for: {message:Resource not accessible by integration,documentation_url:https://docs.github.com/rest/branches/branch-protection#get-status-checks-protection,status:403} (attempt 6/30)
2026-04-28T01:17:36.2401196Z Still waiting for: {message:Resource not accessible by integration,documentation_url:https://docs.github.com/rest/branches/branch-protection#get-status-checks-protection,status:403} (attempt 7/30)
2026-04-28T01:17:46.6920276Z Still waiting for: {message:Resource not accessible by integration,documentation_url:https://docs.github.com/rest/branches/branch-protection#get-status-checks-protection,status:403} (attempt 8/30)
2026-04-28T01:17:57.1149026Z Still waiting for: {message:Resource not accessible by integration,documentation_url:https://docs.github.com/rest/branches/branch-protection#get-status-checks-protection,status:403} (attempt 9/30)
2026-04-28T01:18:07.5434631Z Still waiting for: {message:Resource not accessible by integration,documentation_url:https://docs.github.com/rest/branches/branch-protection#get-status-checks-protection,status:403} (attempt 10/30)
2026-04-28T01:18:17.9865411Z Still waiting for: {message:Resource not accessible by integration,documentation_url:https://docs.github.com/rest/branches/branch-protection#get-status-checks-protection,status:403} (attempt 11/30)
2026-04-28T01:18:28.4563215Z Still waiting for: {message:Resource not accessible by integration,documentation_url:https://docs.github.com/rest/branches/branch-protection#get-status-checks-protection,status:403} (attempt 12/30)
2026-04-28T01:18:38.8355647Z Still waiting for: {message:Resource not accessible by integration,documentation_url:https://docs.github.com/rest/branches/branch-protection#get-status-checks-protection,status:403} (attempt 13/30)
2026-04-28T01:18:49.2824469Z Still waiting for: {message:Resource not accessible by integration,documentation_url:https://docs.github.com/rest/branches/branch-protection#get-status-checks-protection,status:403} (attempt 14/30)
2026-04-28T01:18:59.7333851Z Still waiting for: {message:Resource not accessible by integration,documentation_url:https://docs.github.com/rest/branches/branch-protection#get-status-checks-protection,status:403} (attempt 15/30)
2026-04-28T01:19:10.1876446Z Still waiting for: {message:Resource not accessible by integration,documentation_url:https://docs.github.com/rest/branches/branch-protection#get-status-checks-protection,status:403} (attempt 16/30)
2026-04-28T01:19:20.7090581Z Still waiting for: {message:Resource not accessible by integration,documentation_url:https://docs.github.com/rest/branches/branch-protection#get-status-checks-protection,status:403} (attempt 17/30)
2026-04-28T01:19:31.1536130Z Still waiting for: {message:Resource not accessible by integration,documentation_url:https://docs.github.com/rest/branches/branch-protection#get-status-checks-protection,status:403} (attempt 18/30)
2026-04-28T01:19:41.5979215Z Still waiting for: {message:Resource not accessible by integration,documentation_url:https://docs.github.com/rest/branches/branch-protection#get-status-checks-protection,status:403} (attempt 19/30)
2026-04-28T01:19:52.0194707Z Still waiting for: {message:Resource not accessible by integration,documentation_url:https://docs.github.com/rest/branches/branch-protection#get-status-checks-protection,status:403} (attempt 20/30)
2026-04-28T01:20:02.4877567Z Still waiting for: {message:Resource not accessible by integration,documentation_url:https://docs.github.com/rest/branches/branch-protection#get-status-checks-protection,status:403} (attempt 21/30)
2026-04-28T01:20:12.9232612Z Still waiting for: {message:Resource not accessible by integration,documentation_url:https://docs.github.com/rest/branches/branch-protection#get-status-checks-protection,status:403} (attempt 22/30)
2026-04-28T01:20:23.3159925Z Still waiting for: {message:Resource not accessible by integration,documentation_url:https://docs.github.com/rest/branches/branch-protection#get-status-checks-protection,status:403} (attempt 23/30)
2026-04-28T01:20:33.7596157Z Still waiting for: {message:Resource not accessible by integration,documentation_url:https://docs.github.com/rest/branches/branch-protection#get-status-checks-protection,status:403} (attempt 24/30)
2026-04-28T01:20:44.1714575Z Still waiting for: {message:Resource not accessible by integration,documentation_url:https://docs.github.com/rest/branches/branch-protection#get-status-checks-protection,status:403} (attempt 25/30)
2026-04-28T01:20:54.6347573Z Still waiting for: {message:Resource not accessible by integration,documentation_url:https://docs.github.com/rest/branches/branch-protection#get-status-checks-protection,status:403} (attempt 26/30)
2026-04-28T01:21:05.0527029Z Still waiting for: {message:Resource not accessible by integration,documentation_url:https://docs.github.com/rest/branches/branch-protection#get-status-checks-protection,status:403} (attempt 27/30)
2026-04-28T01:21:15.4861225Z Still waiting for: {message:Resource not accessible by integration,documentation_url:https://docs.github.com/rest/branches/branch-protection#get-status-checks-protection,status:403} (attempt 28/30)
2026-04-28T01:21:25.9427776Z Still waiting for: {message:Resource not accessible by integration,documentation_url:https://docs.github.com/rest/branches/branch-protection#get-status-checks-protection,status:403} (attempt 29/30)
2026-04-28T01:21:36.3686162Z Still waiting for: {message:Resource not accessible by integration,documentation_url:https://docs.github.com/rest/branches/branch-protection#get-status-checks-protection,status:403} (attempt 30/30)
2026-04-28T01:21:46.3734454Z ##[warning]Some required checks never queued after 5 min: {message:Resource not accessible by integration,documentation_url:https://docs.github.com/rest/branches/branch-protection#get-status-checks-protection,status:403} — proceeding to wait-on-check-action anyway.
2026-04-28T01:21:46.3951968Z ##[group]Run lewagon/wait-on-check-action@ccfb013c15c8afb7bf2b7c028fb74dc5a068cccc
2026-04-28T01:21:46.3952391Z with:
2026-04-28T01:21:46.3952618Z   ref: e7880f95c1ed47705cfbb9ac08572c74ca47a54f
2026-04-28T01:21:46.3952907Z   running-workflow-name: Auto-merge
2026-04-28T01:21:46.3953346Z   repo-token: ***
2026-04-28T01:21:46.3953537Z   wait-interval: 30
2026-04-28T01:21:46.3953768Z   allowed-conclusions: success,skipped,neutral
2026-04-28T01:21:46.3954034Z   verbose: true
2026-04-28T01:21:46.3954201Z env:
2026-04-28T01:21:46.3954353Z   WAIT_INTERVAL: 30
2026-04-28T01:21:46.3954530Z ##[endgroup]
2026-04-28T01:21:46.4078479Z ##[group]Run ruby/setup-ruby@v1
2026-04-28T01:21:46.4078736Z with:
2026-04-28T01:21:46.4079128Z   ruby-version: 3.2
2026-04-28T01:21:46.4079317Z   bundler-cache: false
2026-04-28T01:21:46.4079649Z   token: ***
2026-04-28T01:21:46.4079812Z env:
2026-04-28T01:21:46.4079973Z   WAIT_INTERVAL: 30
2026-04-28T01:21:46.4080157Z ##[endgroup]
2026-04-28T01:21:46.5425627Z ##[group]Modifying PATH
2026-04-28T01:21:46.5426301Z Entries added to PATH to use selected Ruby:
2026-04-28T01:21:46.5429969Z   /opt/hostedtoolcache/Ruby/3.2.11/x64/bin
2026-04-28T01:21:46.5431366Z ##[endgroup]
2026-04-28T01:21:46.5432411Z ##[group]Print Ruby version
2026-04-28T01:21:46.5473874Z [command]/opt/hostedtoolcache/Ruby/3.2.11/x64/bin/ruby --version
2026-04-28T01:21:47.0615587Z ruby 3.2.11 (2026-03-27 revision 5483bfc1ae) [x86_64-linux]
2026-04-28T01:21:47.0666152Z Took   0.52 seconds
2026-04-28T01:21:47.0666919Z ##[endgroup]
2026-04-28T01:21:47.0668842Z ##[group]Installing Bundler
2026-04-28T01:21:47.0673603Z Using Bundler shipped with ruby-3.2.11
2026-04-28T01:21:47.0675075Z Took   0.00 seconds
2026-04-28T01:21:47.0675647Z ##[endgroup]
2026-04-28T01:21:47.1303996Z ##[group]Run actions/cache@v4
2026-04-28T01:21:47.1304247Z with:
2026-04-28T01:21:47.1304668Z   path: /home/runner/work/_actions/lewagon/wait-on-check-action/ccfb013c15c8afb7bf2b7c028fb74dc5a068cccc
2026-04-28T01:21:47.1305162Z   key: Linux-gems-
2026-04-28T01:21:47.1305355Z   restore-keys: Linux-gems-
2026-04-28T01:21:47.1305584Z   enableCrossOsArchive: false
2026-04-28T01:21:47.1305810Z   fail-on-cache-miss: false
2026-04-28T01:21:47.1306021Z   lookup-only: false
2026-04-28T01:21:47.1306204Z   save-always: false
2026-04-28T01:21:47.1306378Z env:
2026-04-28T01:21:47.1306534Z   WAIT_INTERVAL: 30
2026-04-28T01:21:47.1306715Z ##[endgroup]
2026-04-28T01:21:47.3357714Z Cache not found for input keys: Linux-gems-, Linux-gems-
2026-04-28T01:21:47.3426373Z ##[group]Run bundle install --jobs 4 --retry 3
2026-04-28T01:21:47.3426694Z [36;1mbundle install --jobs 4 --retry 3[0m
2026-04-28T01:21:47.3482955Z shell: /usr/bin/bash --noprofile --norc -e -o pipefail {0}
2026-04-28T01:21:47.3483306Z env:
2026-04-28T01:21:47.3483492Z   WAIT_INTERVAL: 30
2026-04-28T01:21:47.3483683Z ##[endgroup]
2026-04-28T01:21:48.6260957Z Bundler 2.4.19 is running, but your lockfile was generated with 2.2.3. Installing Bundler 2.2.3 and restarting using that version.
2026-04-28T01:21:50.1478620Z Fetching gem metadata from https://rubygems.org/.
2026-04-28T01:21:50.1556344Z Fetching bundler 2.2.3
2026-04-28T01:21:50.3450379Z Installing bundler 2.2.3
2026-04-28T01:21:50.5562137Z Calling `DidYouMean::SPELL_CHECKERS.merge!(error_name => spell_checker)' has been deprecated. Please call `DidYouMean.correct_error(error_name, spell_checker)' instead.
2026-04-28T01:21:51.8673238Z Fetching gem metadata from https://rubygems.org/.........
2026-04-28T01:21:51.8779529Z Fetching zeitwerk 2.6.7
2026-04-28T01:21:51.8784618Z Fetching minitest 5.18.0
2026-04-28T01:21:51.8785008Z Fetching public_suffix 4.0.7
2026-04-28T01:21:51.8785267Z Fetching concurrent-ruby 1.2.2
2026-04-28T01:21:52.0108048Z Installing zeitwerk 2.6.7
2026-04-28T01:21:52.0302183Z Installing minitest 5.18.0
2026-04-28T01:21:52.0382886Z Installing public_suffix 4.0.7
2026-04-28T01:21:52.0611916Z Installing concurrent-ruby 1.2.2
2026-04-28T01:21:52.0836132Z Fetching ast 2.4.2
2026-04-28T01:21:52.1147090Z Using bundler 2.2.3
2026-04-28T01:21:52.1152303Z Fetching byebug 11.1.3
2026-04-28T01:21:52.1503227Z Installing ast 2.4.2
2026-04-28T01:21:52.1680427Z Fetching diff-lcs 1.4.4
2026-04-28T01:21:52.1916158Z Fetching faraday-net_http 2.0.3
2026-04-28T01:21:52.2199001Z Installing byebug 11.1.3 with native extensions
2026-04-28T01:21:52.2510934Z Installing faraday-net_http 2.0.3
2026-04-28T01:21:52.2566407Z Installing diff-lcs 1.4.4
2026-04-28T01:21:52.2670185Z Using ruby2_keywords 0.0.5
2026-04-28T01:21:52.2684104Z Fetching json 2.7.1
2026-04-28T01:21:52.3284725Z Installing json 2.7.1 with native extensions
2026-04-28T01:21:52.3474347Z Fetching language_server-protocol 3.17.0.3
2026-04-28T01:21:52.4136472Z Fetching lint_roller 1.1.0
2026-04-28T01:21:52.4550119Z Installing language_server-protocol 3.17.0.3
2026-04-28T01:21:52.4642017Z Installing lint_roller 1.1.0
2026-04-28T01:21:52.4851111Z Fetching parallel 1.24.0
2026-04-28T01:21:52.5519414Z Installing parallel 1.24.0
2026-04-28T01:21:52.5641791Z Fetching racc 1.7.3
2026-04-28T01:21:52.6229699Z Installing racc 1.7.3 with native extensions
2026-04-28T01:21:52.6706674Z Fetching rainbow 3.1.1
2026-04-28T01:21:52.7231605Z Installing rainbow 3.1.1
2026-04-28T01:21:52.7299473Z Fetching regexp_parser 2.8.3
2026-04-28T01:21:52.7939292Z Installing regexp_parser 2.8.3
2026-04-28T01:21:52.8214248Z Fetching rexml 3.2.6
2026-04-28T01:21:52.8809015Z Installing rexml 3.2.6
2026-04-28T01:21:52.9008886Z Fetching rspec-support 3.10.1
2026-04-28T01:21:52.9750168Z Installing rspec-support 3.10.1
2026-04-28T01:21:53.0349143Z Fetching ruby-progressbar 1.13.0
2026-04-28T01:21:53.0845515Z Installing ruby-progressbar 1.13.0
2026-04-28T01:21:53.0955023Z Fetching unicode-display_width 2.5.0
2026-04-28T01:21:53.1470971Z Installing unicode-display_width 2.5.0
2026-04-28T01:21:53.1533113Z Fetching addressable 2.8.0
2026-04-28T01:21:53.2174000Z Installing addressable 2.8.0
2026-04-28T01:21:53.2333326Z Fetching faraday 2.3.0
2026-04-28T01:21:53.3065786Z Installing faraday 2.3.0
2026-04-28T01:21:53.3341077Z Fetching i18n 1.12.0
2026-04-28T01:21:53.4134913Z Installing i18n 1.12.0
2026-04-28T01:21:53.4347288Z Fetching tzinfo 2.0.6
2026-04-28T01:21:53.5079154Z Installing tzinfo 2.0.6
2026-04-28T01:21:53.5282957Z Fetching rspec-core 3.10.1
2026-04-28T01:21:53.6284619Z Installing rspec-core 3.10.1
2026-04-28T01:21:53.6690145Z Fetching rspec-expectations 3.10.1
2026-04-28T01:21:53.7526964Z Installing rspec-expectations 3.10.1
2026-04-28T01:21:53.7798365Z Fetching rspec-mocks 3.10.1
2026-04-28T01:21:53.8629568Z Installing rspec-mocks 3.10.1
2026-04-28T01:21:53.8860194Z Fetching faraday-retry 2.0.0
2026-04-28T01:21:53.9599092Z Installing faraday-retry 2.0.0
2026-04-28T01:21:53.9688787Z Fetching sawyer 0.9.2
2026-04-28T01:21:54.0135979Z Fetching activesupport 6.1.7.3
2026-04-28T01:21:54.0398091Z Installing sawyer 0.9.2
2026-04-28T01:21:54.0473901Z Fetching rspec 3.10.0
2026-04-28T01:21:54.0974623Z Installing rspec 3.10.0
2026-04-28T01:21:54.1034137Z Fetching parser 3.2.2.4
2026-04-28T01:21:54.1475200Z Installing activesupport 6.1.7.3
2026-04-28T01:21:54.2463486Z Fetching octokit 4.25.0
2026-04-28T01:21:54.2739085Z Installing parser 3.2.2.4
2026-04-28T01:21:54.3072319Z Installing octokit 4.25.0
2026-04-28T01:21:54.3937445Z Fetching rubocop-ast 1.30.0
2026-04-28T01:21:54.4526164Z Installing rubocop-ast 1.30.0
2026-04-28T01:21:55.7053447Z Fetching rubocop 1.57.2
2026-04-28T01:21:55.7911715Z Installing rubocop 1.57.2
2026-04-28T01:21:55.9592066Z Fetching standard-custom 1.0.2
2026-04-28T01:21:55.9593096Z Fetching rubocop-performance 1.19.1
2026-04-28T01:21:56.0285895Z Installing standard-custom 1.0.2
2026-04-28T01:21:56.0350638Z Installing rubocop-performance 1.19.1
2026-04-28T01:21:56.0516677Z Fetching standard-performance 1.2.1
2026-04-28T01:21:56.0980198Z Installing standard-performance 1.2.1
2026-04-28T01:21:56.1049886Z Fetching standard 1.32.1
2026-04-28T01:21:56.1586438Z Installing standard 1.32.1
2026-04-28T01:21:56.1791018Z Bundle complete! 6 Gemfile dependencies, 40 gems now installed.
2026-04-28T01:21:56.1792082Z Use `bundle info [gemname]` to see where a bundled gem is installed.
2026-04-28T01:21:56.2297754Z ##[group]Run ruby entrypoint.rb
2026-04-28T01:21:56.2298025Z [36;1mruby entrypoint.rb[0m
2026-04-28T01:21:56.2352064Z shell: /usr/bin/bash --noprofile --norc -e -o pipefail {0}
2026-04-28T01:21:56.2352381Z env:
2026-04-28T01:21:56.2352552Z   WAIT_INTERVAL: 30
2026-04-28T01:21:56.2352775Z   ALLOWED_CONCLUSIONS: success,skipped,neutral
2026-04-28T01:21:56.2353045Z   IGNORE_CHECKS: 
2026-04-28T01:21:56.2353214Z   CHECK_NAME: 
2026-04-28T01:21:56.2353380Z   CHECK_REGEXP: 
2026-04-28T01:21:56.2353588Z   REF: e7880f95c1ed47705cfbb9ac08572c74ca47a54f
2026-04-28T01:21:56.2354047Z   REPO_TOKEN: ***
2026-04-28T01:21:56.2354234Z   VERBOSE: true
2026-04-28T01:21:56.2354611Z   RUNNING_WORKFLOW_NAME: Auto-merge
2026-04-28T01:21:56.2354846Z   API_ENDPOINT: 
2026-04-28T01:21:56.2355023Z ##[endgroup]
2026-04-28T01:21:57.1149303Z Checks running on ref:
2026-04-28T01:21:57.1151378Z Checks completed: capture-failure-log, firebase-distribute, capture-failure-log, capture-failure-log, capture-failure-log, connected-tests, e2e, cross-device-tests, test, autofix, lint-and-test, maybe-label, web-lint-and-test
2026-04-28T01:21:57.1153568Z Checks in_progress: Auto-merge
2026-04-28T01:21:57.1154092Z Checks after ignore checks filter:
2026-04-28T01:21:57.1156193Z Checks completed: capture-failure-log, firebase-distribute, capture-failure-log, capture-failure-log, capture-failure-log, connected-tests, e2e, cross-device-tests, test, autofix, lint-and-test, maybe-label, web-lint-and-test
2026-04-28T01:21:57.1158737Z Checks after check_name filter:
2026-04-28T01:21:57.1160907Z Checks completed: capture-failure-log, firebase-distribute, capture-failure-log, capture-failure-log, capture-failure-log, connected-tests, e2e, cross-device-tests, test, autofix, lint-and-test, maybe-label, web-lint-and-test
2026-04-28T01:21:57.1162620Z Checks after Regexp filter:
2026-04-28T01:21:57.1163639Z Checks completed: capture-failure-log, firebase-distribute, capture-failure-log, capture-failure-log, capture-failure-log, connected-tests, e2e, cross-device-tests, test, autofix, lint-and-test, maybe-label, web-lint-and-test
2026-04-28T01:21:57.1165476Z Checks completed:
2026-04-28T01:21:57.1165874Z capture-failure-log: completed (skipped)
2026-04-28T01:21:57.1166389Z firebase-distribute: completed (cancelled)
2026-04-28T01:21:57.1166929Z capture-failure-log: completed (skipped)
2026-04-28T01:21:57.1167495Z capture-failure-log: completed (skipped)
2026-04-28T01:21:57.1168445Z capture-failure-log: completed (skipped)
2026-04-28T01:21:57.1169111Z connected-tests: completed (skipped)
2026-04-28T01:21:57.1169720Z e2e: completed (cancelled)
2026-04-28T01:21:57.1170310Z cross-device-tests: completed (skipped)
2026-04-28T01:21:57.1170973Z test: completed (cancelled)
2026-04-28T01:21:57.1171510Z autofix: completed (cancelled)
2026-04-28T01:21:57.1171817Z lint-and-test: completed (success)
2026-04-28T01:21:57.1172112Z maybe-label: completed (success)
2026-04-28T01:21:57.1172447Z web-lint-and-test: completed (success)
2026-04-28T01:21:57.1173296Z The conclusion of one or more checks were not allowed. Allowed conclusions are: success, skipped, neutral. This can be configured with the 'allowed-conclusions' param.
2026-04-28T01:21:57.1222027Z ##[error]Process completed with exit code 1.
2026-04-28T01:21:57.1349558Z Post job cleanup.
2026-04-28T01:21:57.1394360Z Cleaning up orphan processes
2026-04-28T01:21:57.1670906Z ##[warning]Node.js 20 actions are deprecated. The following actions are running on Node.js 20 and may not work as expected: actions/cache@v4. Actions will be forced to run with Node.js 24 by default starting June 2nd, 2026. Node.js 20 will be removed from the runner on September 16th, 2026. Please check if updated versions of these actions are available that support Node.js 24. To opt into Node.js 24 now, set the FORCE_JAVASCRIPT_ACTIONS_TO_NODE24=true environment variable on the runner or in your workflow file. Once Node.js 24 becomes the default, you can temporarily opt out by setting ACTIONS_ALLOW_USE_UNSECURE_NODE_VERSION=true. For more information see: https://github.blog/changelog/2025-09-19-deprecation-of-node-20-on-github-actions-runners/
