=== CI FAILURE ===
Workflow:      Auto-merge & Release
Workflow file: akarlin3/prismTask/.github/workflows/auto-merge.yml@refs/pull/855/merge
Job(s):        Auto-merge
Run ID:        24984980180
Run attempt:   1
Run URL:       https://github.com/akarlin3/prismTask/actions/runs/24984980180
Commit:        46522f2fa76d9237f253284e909e0cac60999e15
Branch:        855/merge
Event:         pull_request
Actor:         akarlin3
Runner OS:     Linux
Timestamp:     2026-04-27T08:45:55.658Z

Failed steps:
  - Auto-merge: #4 Wait for all other CI checks to pass

=== FAILED JOB LOG ===

--- Job: Auto-merge (id 73155905344) ---
2026-04-27T08:37:37.2959739Z Current runner version: '2.333.1'
2026-04-27T08:37:37.2987752Z ##[group]Runner Image Provisioner
2026-04-27T08:37:37.2988547Z Hosted Compute Agent
2026-04-27T08:37:37.2989156Z Version: 20260213.493
2026-04-27T08:37:37.2989821Z Commit: 5c115507f6dd24b8de37d8bbe0bb4509d0cc0fa3
2026-04-27T08:37:37.2990581Z Build Date: 2026-02-13T00:28:41Z
2026-04-27T08:37:37.2991250Z Worker ID: {a64072f2-1e6c-40b0-9d73-5c4a0b0769a6}
2026-04-27T08:37:37.2991967Z Azure Region: eastus2
2026-04-27T08:37:37.2992562Z ##[endgroup]
2026-04-27T08:37:37.2994402Z ##[group]Operating System
2026-04-27T08:37:37.2995488Z Ubuntu
2026-04-27T08:37:37.2996013Z 24.04.4
2026-04-27T08:37:37.2996446Z LTS
2026-04-27T08:37:37.2996951Z ##[endgroup]
2026-04-27T08:37:37.2997473Z ##[group]Runner Image
2026-04-27T08:37:37.2998058Z Image: ubuntu-24.04
2026-04-27T08:37:37.2998621Z Version: 20260413.86.1
2026-04-27T08:37:37.2999834Z Included Software: https://github.com/actions/runner-images/blob/ubuntu24/20260413.86/images/ubuntu/Ubuntu2404-Readme.md
2026-04-27T08:37:37.3001371Z Image Release: https://github.com/actions/runner-images/releases/tag/ubuntu24%2F20260413.86
2026-04-27T08:37:37.3002267Z ##[endgroup]
2026-04-27T08:37:37.3003573Z ##[group]GITHUB_TOKEN Permissions
2026-04-27T08:37:37.3006059Z Actions: read
2026-04-27T08:37:37.3006644Z Checks: read
2026-04-27T08:37:37.3007268Z Contents: write
2026-04-27T08:37:37.3007833Z Metadata: read
2026-04-27T08:37:37.3008398Z PullRequests: write
2026-04-27T08:37:37.3008865Z ##[endgroup]
2026-04-27T08:37:37.3011186Z Secret source: Actions
2026-04-27T08:37:37.3012143Z Prepare workflow directory
2026-04-27T08:37:37.3416030Z Prepare all required actions
2026-04-27T08:37:37.3454663Z Getting action download info
2026-04-27T08:37:37.6972051Z Download action repository 'lewagon/wait-on-check-action@ccfb013c15c8afb7bf2b7c028fb74dc5a068cccc' (SHA:ccfb013c15c8afb7bf2b7c028fb74dc5a068cccc)
2026-04-27T08:37:38.1394305Z Getting action download info
2026-04-27T08:37:38.3342819Z Download action repository 'ruby/setup-ruby@v1' (SHA:c4e5b1316158f92e3d49443a9d58b31d25ac0f8f)
2026-04-27T08:37:38.5628233Z Download action repository 'actions/cache@v4' (SHA:0057852bfaa89a56745cba8c7296529d2fc39830)
2026-04-27T08:37:38.7145701Z Complete job name: Auto-merge
2026-04-27T08:37:38.7879135Z ##[group]Run set -euo pipefail
2026-04-27T08:37:38.7880341Z [36;1mset -euo pipefail[0m
2026-04-27T08:37:38.7881718Z [36;1m# Audit item #5 — poll check-runs for up to 60s instead of a bare[0m
2026-04-27T08:37:38.7883523Z [36;1m# 20s sleep. On a busy runner cohort the initial 20s wasn't enough[0m
2026-04-27T08:37:38.7885609Z [36;1m# for the API to reflect queued workflow runs, which could merge[0m
2026-04-27T08:37:38.7887369Z [36;1m# PRs without waiting for CI. Bail out early as soon as ≥1 real[0m
2026-04-27T08:37:38.7888806Z [36;1m# check shows up.[0m
2026-04-27T08:37:38.7889736Z [36;1mCOUNT=0[0m
2026-04-27T08:37:38.7890580Z [36;1mfor i in $(seq 1 6); do[0m
2026-04-27T08:37:38.7891588Z [36;1m  sleep 10[0m
2026-04-27T08:37:38.7892779Z [36;1m  COUNT=$(gh api "repos/$REPO/commits/$HEAD_SHA/check-runs" \[0m
2026-04-27T08:37:38.7894578Z [36;1m    --jq '[.check_runs[] | select(.name != "Auto-merge")] | length')[0m
2026-04-27T08:37:38.7896230Z [36;1m  if [ "$COUNT" -gt 0 ]; then[0m
2026-04-27T08:37:38.7897577Z [36;1m    echo "Found $COUNT non-Auto-merge check(s) after ${i}0s"[0m
2026-04-27T08:37:38.7898919Z [36;1m    break[0m
2026-04-27T08:37:38.7899731Z [36;1m  fi[0m
2026-04-27T08:37:38.7900770Z [36;1m  echo "No non-Auto-merge checks yet (attempt $i/6)"[0m
2026-04-27T08:37:38.7902036Z [36;1mdone[0m
2026-04-27T08:37:38.7902837Z [36;1mif [ "$COUNT" -gt 0 ]; then[0m
2026-04-27T08:37:38.7903960Z [36;1m  echo "has_ci=true" >> "$GITHUB_OUTPUT"[0m
2026-04-27T08:37:38.7905306Z [36;1melse[0m
2026-04-27T08:37:38.7906212Z [36;1m  echo "has_ci=false" >> "$GITHUB_OUTPUT"[0m
2026-04-27T08:37:38.7907755Z [36;1m  echo "No CI checks on this PR after 60s — will merge without waiting."[0m
2026-04-27T08:37:38.7909209Z [36;1mfi[0m
2026-04-27T08:37:38.7936774Z shell: /usr/bin/bash -e {0}
2026-04-27T08:37:38.7938114Z env:
2026-04-27T08:37:38.7938859Z   WAIT_INTERVAL: 30
2026-04-27T08:37:38.7940217Z   GH_TOKEN: ***
2026-04-27T08:37:38.7941202Z   HEAD_SHA: 5acdde254b6d3c62509cbafbde1b0b444c881e90
2026-04-27T08:37:38.7942414Z   REPO: akarlin3/prismTask
2026-04-27T08:37:38.7943297Z ##[endgroup]
2026-04-27T08:37:49.2575649Z Found 9 non-Auto-merge check(s) after 10s
2026-04-27T08:37:49.2698179Z ##[group]Run set -euo pipefail
2026-04-27T08:37:49.2698562Z [36;1mset -euo pipefail[0m
2026-04-27T08:37:49.2699013Z [36;1mREQUIRED=$(gh api "repos/$REPO/branches/main/protection/required_status_checks" \[0m
2026-04-27T08:37:49.2699530Z [36;1m  --jq '.contexts[]' 2>/dev/null || true)[0m
2026-04-27T08:37:49.2699859Z [36;1mif [ -z "$REQUIRED" ]; then[0m
2026-04-27T08:37:49.2700413Z [36;1m  echo "::warning::Could not query branch protection (likely a permission issue) — using hardcoded fallback list."[0m
2026-04-27T08:37:49.2700989Z [36;1m  REQUIRED="$FALLBACK_REQUIRED"[0m
2026-04-27T08:37:49.2701302Z [36;1mfi[0m
2026-04-27T08:37:49.2701603Z [36;1m# Strip Auto-merge from the required list so we don't wait on[0m
2026-04-27T08:37:49.2702072Z [36;1m# ourselves (it's listed because we ARE the running workflow).[0m
2026-04-27T08:37:49.2702607Z [36;1mREQUIRED=$(echo "$REQUIRED" | grep -vE '^\s*Auto-merge\s*$' | grep -vE '^\s*$' || true)[0m
2026-04-27T08:37:49.2703096Z [36;1mif [ -z "$REQUIRED" ]; then[0m
2026-04-27T08:37:49.2703487Z [36;1m  echo "No required checks beyond Auto-merge; skipping queue wait."[0m
2026-04-27T08:37:49.2703891Z [36;1m  exit 0[0m
2026-04-27T08:37:49.2704128Z [36;1mfi[0m
2026-04-27T08:37:49.2704395Z [36;1mecho "Waiting until these required checks queue:"[0m
2026-04-27T08:37:49.2705036Z [36;1mecho "$REQUIRED" | sed 's/^/  /'[0m
2026-04-27T08:37:49.2705440Z [36;1m# 30 attempts × 10s = 5 min ceiling. If checks haven't queued[0m
2026-04-27T08:37:49.2705911Z [36;1m# by then something is genuinely broken (workflow file invalid,[0m
2026-04-27T08:37:49.2706404Z [36;1m# path filter excluding everything, etc.) — log and proceed so[0m
2026-04-27T08:37:49.2706845Z [36;1m# wait-on-check-action can decide how to handle it.[0m
2026-04-27T08:37:49.2707209Z [36;1mfor attempt in $(seq 1 30); do[0m
2026-04-27T08:37:49.2707636Z [36;1m  CHECK_RUNS=$(gh api --paginate "repos/$REPO/commits/$HEAD_SHA/check-runs" \[0m
2026-04-27T08:37:49.2708098Z [36;1m    --jq '.check_runs[].name' | sort -u)[0m
2026-04-27T08:37:49.2708421Z [36;1m  MISSING=""[0m
2026-04-27T08:37:49.2708679Z [36;1m  while IFS= read -r req; do[0m
2026-04-27T08:37:49.2708965Z [36;1m    [ -z "$req" ] && continue[0m
2026-04-27T08:37:49.2709269Z [36;1m    req_trimmed=$(echo "$req" | xargs)[0m
2026-04-27T08:37:49.2709665Z [36;1m    if ! echo "$CHECK_RUNS" | grep -qxF "$req_trimmed"; then[0m
2026-04-27T08:37:49.2710069Z [36;1m      MISSING="$MISSING $req_trimmed"[0m
2026-04-27T08:37:49.2710361Z [36;1m    fi[0m
2026-04-27T08:37:49.2710578Z [36;1m  done <<< "$REQUIRED"[0m
2026-04-27T08:37:49.2710935Z [36;1m  if [ -z "$MISSING" ]; then[0m
2026-04-27T08:37:49.2711351Z [36;1m    echo "All required checks have queued after attempt $attempt."[0m
2026-04-27T08:37:49.2711727Z [36;1m    exit 0[0m
2026-04-27T08:37:49.2711952Z [36;1m  fi[0m
2026-04-27T08:37:49.2712245Z [36;1m  echo "Still waiting for:$MISSING (attempt $attempt/30)"[0m
2026-04-27T08:37:49.2712596Z [36;1m  sleep 10[0m
2026-04-27T08:37:49.2712819Z [36;1mdone[0m
2026-04-27T08:37:49.2713362Z [36;1mecho "::warning::Some required checks never queued after 5 min:$MISSING — proceeding to wait-on-check-action anyway."[0m
2026-04-27T08:37:49.2735486Z shell: /usr/bin/bash -e {0}
2026-04-27T08:37:49.2735755Z env:
2026-04-27T08:37:49.2735967Z   WAIT_INTERVAL: 30
2026-04-27T08:37:49.2736528Z   GH_TOKEN: ***
2026-04-27T08:37:49.2736820Z   HEAD_SHA: 5acdde254b6d3c62509cbafbde1b0b444c881e90
2026-04-27T08:37:49.2737162Z   REPO: akarlin3/prismTask
2026-04-27T08:37:49.2737541Z   FALLBACK_REQUIRED: lint-and-test
connected-tests
test
web-lint-and-test

2026-04-27T08:37:49.2738170Z ##[endgroup]
2026-04-27T08:37:49.4187297Z Waiting until these required checks queue:
2026-04-27T08:37:49.4200782Z   {"message":"Resource not accessible by integration","documentation_url":"https://docs.github.com/rest/branches/branch-protection#get-status-checks-protection","status":"403"}
2026-04-27T08:37:49.8165592Z Still waiting for: {message:Resource not accessible by integration,documentation_url:https://docs.github.com/rest/branches/branch-protection#get-status-checks-protection,status:403} (attempt 1/30)
2026-04-27T08:38:00.2983153Z Still waiting for: {message:Resource not accessible by integration,documentation_url:https://docs.github.com/rest/branches/branch-protection#get-status-checks-protection,status:403} (attempt 2/30)
2026-04-27T08:38:10.7395975Z Still waiting for: {message:Resource not accessible by integration,documentation_url:https://docs.github.com/rest/branches/branch-protection#get-status-checks-protection,status:403} (attempt 3/30)
2026-04-27T08:38:21.1923339Z Still waiting for: {message:Resource not accessible by integration,documentation_url:https://docs.github.com/rest/branches/branch-protection#get-status-checks-protection,status:403} (attempt 4/30)
2026-04-27T08:38:31.5977747Z Still waiting for: {message:Resource not accessible by integration,documentation_url:https://docs.github.com/rest/branches/branch-protection#get-status-checks-protection,status:403} (attempt 5/30)
2026-04-27T08:38:42.0719043Z Still waiting for: {message:Resource not accessible by integration,documentation_url:https://docs.github.com/rest/branches/branch-protection#get-status-checks-protection,status:403} (attempt 6/30)
2026-04-27T08:38:52.4754659Z Still waiting for: {message:Resource not accessible by integration,documentation_url:https://docs.github.com/rest/branches/branch-protection#get-status-checks-protection,status:403} (attempt 7/30)
2026-04-27T08:39:02.9678868Z Still waiting for: {message:Resource not accessible by integration,documentation_url:https://docs.github.com/rest/branches/branch-protection#get-status-checks-protection,status:403} (attempt 8/30)
2026-04-27T08:39:13.4176022Z Still waiting for: {message:Resource not accessible by integration,documentation_url:https://docs.github.com/rest/branches/branch-protection#get-status-checks-protection,status:403} (attempt 9/30)
2026-04-27T08:39:23.9788114Z Still waiting for: {message:Resource not accessible by integration,documentation_url:https://docs.github.com/rest/branches/branch-protection#get-status-checks-protection,status:403} (attempt 10/30)
2026-04-27T08:39:34.5322366Z Still waiting for: {message:Resource not accessible by integration,documentation_url:https://docs.github.com/rest/branches/branch-protection#get-status-checks-protection,status:403} (attempt 11/30)
2026-04-27T08:39:45.0356761Z Still waiting for: {message:Resource not accessible by integration,documentation_url:https://docs.github.com/rest/branches/branch-protection#get-status-checks-protection,status:403} (attempt 12/30)
2026-04-27T08:39:55.4290468Z Still waiting for: {message:Resource not accessible by integration,documentation_url:https://docs.github.com/rest/branches/branch-protection#get-status-checks-protection,status:403} (attempt 13/30)
2026-04-27T08:40:05.8996197Z Still waiting for: {message:Resource not accessible by integration,documentation_url:https://docs.github.com/rest/branches/branch-protection#get-status-checks-protection,status:403} (attempt 14/30)
2026-04-27T08:40:16.3552267Z Still waiting for: {message:Resource not accessible by integration,documentation_url:https://docs.github.com/rest/branches/branch-protection#get-status-checks-protection,status:403} (attempt 15/30)
2026-04-27T08:40:26.8137050Z Still waiting for: {message:Resource not accessible by integration,documentation_url:https://docs.github.com/rest/branches/branch-protection#get-status-checks-protection,status:403} (attempt 16/30)
2026-04-27T08:40:37.2622129Z Still waiting for: {message:Resource not accessible by integration,documentation_url:https://docs.github.com/rest/branches/branch-protection#get-status-checks-protection,status:403} (attempt 17/30)
2026-04-27T08:40:47.7021232Z Still waiting for: {message:Resource not accessible by integration,documentation_url:https://docs.github.com/rest/branches/branch-protection#get-status-checks-protection,status:403} (attempt 18/30)
2026-04-27T08:40:58.1609729Z Still waiting for: {message:Resource not accessible by integration,documentation_url:https://docs.github.com/rest/branches/branch-protection#get-status-checks-protection,status:403} (attempt 19/30)
2026-04-27T08:41:08.6345065Z Still waiting for: {message:Resource not accessible by integration,documentation_url:https://docs.github.com/rest/branches/branch-protection#get-status-checks-protection,status:403} (attempt 20/30)
2026-04-27T08:41:19.0923636Z Still waiting for: {message:Resource not accessible by integration,documentation_url:https://docs.github.com/rest/branches/branch-protection#get-status-checks-protection,status:403} (attempt 21/30)
2026-04-27T08:41:29.5396620Z Still waiting for: {message:Resource not accessible by integration,documentation_url:https://docs.github.com/rest/branches/branch-protection#get-status-checks-protection,status:403} (attempt 22/30)
2026-04-27T08:41:39.9630683Z Still waiting for: {message:Resource not accessible by integration,documentation_url:https://docs.github.com/rest/branches/branch-protection#get-status-checks-protection,status:403} (attempt 23/30)
2026-04-27T08:41:50.4467826Z Still waiting for: {message:Resource not accessible by integration,documentation_url:https://docs.github.com/rest/branches/branch-protection#get-status-checks-protection,status:403} (attempt 24/30)
2026-04-27T08:42:00.9353144Z Still waiting for: {message:Resource not accessible by integration,documentation_url:https://docs.github.com/rest/branches/branch-protection#get-status-checks-protection,status:403} (attempt 25/30)
2026-04-27T08:42:11.4611848Z Still waiting for: {message:Resource not accessible by integration,documentation_url:https://docs.github.com/rest/branches/branch-protection#get-status-checks-protection,status:403} (attempt 26/30)
2026-04-27T08:42:21.9185345Z Still waiting for: {message:Resource not accessible by integration,documentation_url:https://docs.github.com/rest/branches/branch-protection#get-status-checks-protection,status:403} (attempt 27/30)
2026-04-27T08:42:32.2976015Z Still waiting for: {message:Resource not accessible by integration,documentation_url:https://docs.github.com/rest/branches/branch-protection#get-status-checks-protection,status:403} (attempt 28/30)
2026-04-27T08:42:42.6961281Z Still waiting for: {message:Resource not accessible by integration,documentation_url:https://docs.github.com/rest/branches/branch-protection#get-status-checks-protection,status:403} (attempt 29/30)
2026-04-27T08:42:53.1875663Z Still waiting for: {message:Resource not accessible by integration,documentation_url:https://docs.github.com/rest/branches/branch-protection#get-status-checks-protection,status:403} (attempt 30/30)
2026-04-27T08:43:03.1920512Z ##[warning]Some required checks never queued after 5 min: {message:Resource not accessible by integration,documentation_url:https://docs.github.com/rest/branches/branch-protection#get-status-checks-protection,status:403} — proceeding to wait-on-check-action anyway.
2026-04-27T08:43:03.2129564Z ##[group]Run lewagon/wait-on-check-action@ccfb013c15c8afb7bf2b7c028fb74dc5a068cccc
2026-04-27T08:43:03.2129979Z with:
2026-04-27T08:43:03.2130189Z   ref: 5acdde254b6d3c62509cbafbde1b0b444c881e90
2026-04-27T08:43:03.2130481Z   running-workflow-name: Auto-merge
2026-04-27T08:43:03.2130929Z   repo-token: ***
2026-04-27T08:43:03.2131121Z   wait-interval: 30
2026-04-27T08:43:03.2131346Z   allowed-conclusions: success,skipped,neutral
2026-04-27T08:43:03.2131607Z   verbose: true
2026-04-27T08:43:03.2131772Z env:
2026-04-27T08:43:03.2131919Z   WAIT_INTERVAL: 30
2026-04-27T08:43:03.2132093Z ##[endgroup]
2026-04-27T08:43:03.2253473Z ##[group]Run ruby/setup-ruby@v1
2026-04-27T08:43:03.2253718Z with:
2026-04-27T08:43:03.2254117Z   ruby-version: 3.2
2026-04-27T08:43:03.2254308Z   bundler-cache: false
2026-04-27T08:43:03.2254641Z   token: ***
2026-04-27T08:43:03.2255084Z env:
2026-04-27T08:43:03.2255236Z   WAIT_INTERVAL: 30
2026-04-27T08:43:03.2255414Z ##[endgroup]
2026-04-27T08:43:03.3652320Z ##[group]Modifying PATH
2026-04-27T08:43:03.3652923Z Entries added to PATH to use selected Ruby:
2026-04-27T08:43:03.3654168Z   /opt/hostedtoolcache/Ruby/3.2.11/x64/bin
2026-04-27T08:43:03.3658879Z ##[endgroup]
2026-04-27T08:43:03.3659725Z ##[group]Print Ruby version
2026-04-27T08:43:03.3742396Z [command]/opt/hostedtoolcache/Ruby/3.2.11/x64/bin/ruby --version
2026-04-27T08:43:03.4958958Z ruby 3.2.11 (2026-03-27 revision 5483bfc1ae) [x86_64-linux]
2026-04-27T08:43:03.4993161Z Took   0.13 seconds
2026-04-27T08:43:03.4994075Z ##[endgroup]
2026-04-27T08:43:03.4996725Z ##[group]Installing Bundler
2026-04-27T08:43:03.4999888Z Using Bundler shipped with ruby-3.2.11
2026-04-27T08:43:03.5000776Z Took   0.00 seconds
2026-04-27T08:43:03.5001437Z ##[endgroup]
2026-04-27T08:43:03.5636778Z ##[group]Run actions/cache@v4
2026-04-27T08:43:03.5637049Z with:
2026-04-27T08:43:03.5637457Z   path: /home/runner/work/_actions/lewagon/wait-on-check-action/ccfb013c15c8afb7bf2b7c028fb74dc5a068cccc
2026-04-27T08:43:03.5638001Z   key: Linux-gems-
2026-04-27T08:43:03.5638380Z   restore-keys: Linux-gems-
2026-04-27T08:43:03.5638783Z   enableCrossOsArchive: false
2026-04-27T08:43:03.5639174Z   fail-on-cache-miss: false
2026-04-27T08:43:03.5639513Z   lookup-only: false
2026-04-27T08:43:03.5639809Z   save-always: false
2026-04-27T08:43:03.5639981Z env:
2026-04-27T08:43:03.5640137Z   WAIT_INTERVAL: 30
2026-04-27T08:43:03.5640317Z ##[endgroup]
2026-04-27T08:43:03.7797090Z Cache not found for input keys: Linux-gems-, Linux-gems-
2026-04-27T08:43:03.7861252Z ##[group]Run bundle install --jobs 4 --retry 3
2026-04-27T08:43:03.7861560Z [36;1mbundle install --jobs 4 --retry 3[0m
2026-04-27T08:43:03.7885309Z shell: /usr/bin/bash --noprofile --norc -e -o pipefail {0}
2026-04-27T08:43:03.7885638Z env:
2026-04-27T08:43:03.7885802Z   WAIT_INTERVAL: 30
2026-04-27T08:43:03.7885980Z ##[endgroup]
2026-04-27T08:43:04.8053690Z Bundler 2.4.19 is running, but your lockfile was generated with 2.2.3. Installing Bundler 2.2.3 and restarting using that version.
2026-04-27T08:43:06.1361251Z Fetching gem metadata from https://rubygems.org/.
2026-04-27T08:43:06.1441026Z Fetching bundler 2.2.3
2026-04-27T08:43:06.3306408Z Installing bundler 2.2.3
2026-04-27T08:43:06.5205929Z Calling `DidYouMean::SPELL_CHECKERS.merge!(error_name => spell_checker)' has been deprecated. Please call `DidYouMean.correct_error(error_name, spell_checker)' instead.
2026-04-27T08:43:07.8170756Z Fetching gem metadata from https://rubygems.org/.........
2026-04-27T08:43:07.8266299Z Fetching minitest 5.18.0
2026-04-27T08:43:07.8271470Z Fetching public_suffix 4.0.7
2026-04-27T08:43:07.8271882Z Fetching concurrent-ruby 1.2.2
2026-04-27T08:43:07.8275872Z Fetching zeitwerk 2.6.7
2026-04-27T08:43:07.9615344Z Installing zeitwerk 2.6.7
2026-04-27T08:43:07.9790497Z Installing minitest 5.18.0
2026-04-27T08:43:07.9823861Z Installing public_suffix 4.0.7
2026-04-27T08:43:08.0250604Z Fetching ast 2.4.2
2026-04-27T08:43:08.0506296Z Installing concurrent-ruby 1.2.2
2026-04-27T08:43:08.0663645Z Using bundler 2.2.3
2026-04-27T08:43:08.0672668Z Fetching byebug 11.1.3
2026-04-27T08:43:08.0949600Z Installing ast 2.4.2
2026-04-27T08:43:08.1103660Z Fetching diff-lcs 1.4.4
2026-04-27T08:43:08.1346018Z Fetching faraday-net_http 2.0.3
2026-04-27T08:43:08.1685052Z Installing byebug 11.1.3 with native extensions
2026-04-27T08:43:08.1954095Z Installing faraday-net_http 2.0.3
2026-04-27T08:43:08.2049187Z Installing diff-lcs 1.4.4
2026-04-27T08:43:08.2108480Z Using ruby2_keywords 0.0.5
2026-04-27T08:43:08.2119622Z Fetching json 2.7.1
2026-04-27T08:43:08.2713852Z Installing json 2.7.1 with native extensions
2026-04-27T08:43:08.2944577Z Fetching language_server-protocol 3.17.0.3
2026-04-27T08:43:08.3539985Z Installing language_server-protocol 3.17.0.3
2026-04-27T08:43:08.4000568Z Fetching lint_roller 1.1.0
2026-04-27T08:43:08.4664782Z Installing lint_roller 1.1.0
2026-04-27T08:43:08.4775071Z Fetching parallel 1.24.0
2026-04-27T08:43:08.5256171Z Installing parallel 1.24.0
2026-04-27T08:43:08.5488253Z Fetching racc 1.7.3
2026-04-27T08:43:08.5998266Z Fetching rainbow 3.1.1
2026-04-27T08:43:08.6254832Z Installing racc 1.7.3 with native extensions
2026-04-27T08:43:08.6463507Z Installing rainbow 3.1.1
2026-04-27T08:43:08.6540068Z Fetching regexp_parser 2.8.3
2026-04-27T08:43:08.7031419Z Installing regexp_parser 2.8.3
2026-04-27T08:43:08.7231752Z Fetching rexml 3.2.6
2026-04-27T08:43:08.7764689Z Installing rexml 3.2.6
2026-04-27T08:43:08.7968106Z Fetching rspec-support 3.10.1
2026-04-27T08:43:08.8440805Z Installing rspec-support 3.10.1
2026-04-27T08:43:08.9257384Z Fetching ruby-progressbar 1.13.0
2026-04-27T08:43:08.9712815Z Installing ruby-progressbar 1.13.0
2026-04-27T08:43:08.9830407Z Fetching unicode-display_width 2.5.0
2026-04-27T08:43:09.0275809Z Installing unicode-display_width 2.5.0
2026-04-27T08:43:09.0336378Z Fetching addressable 2.8.0
2026-04-27T08:43:09.0878543Z Installing addressable 2.8.0
2026-04-27T08:43:09.1008028Z Fetching faraday 2.3.0
2026-04-27T08:43:09.1512388Z Installing faraday 2.3.0
2026-04-27T08:43:09.1704902Z Fetching i18n 1.12.0
2026-04-27T08:43:09.2205236Z Installing i18n 1.12.0
2026-04-27T08:43:09.2345219Z Fetching tzinfo 2.0.6
2026-04-27T08:43:09.2856608Z Installing tzinfo 2.0.6
2026-04-27T08:43:09.3018632Z Fetching rspec-core 3.10.1
2026-04-27T08:43:09.3634851Z Installing rspec-core 3.10.1
2026-04-27T08:43:09.3900752Z Fetching rspec-expectations 3.10.1
2026-04-27T08:43:09.4433532Z Installing rspec-expectations 3.10.1
2026-04-27T08:43:09.4609198Z Fetching rspec-mocks 3.10.1
2026-04-27T08:43:09.5137792Z Installing rspec-mocks 3.10.1
2026-04-27T08:43:09.5299286Z Fetching faraday-retry 2.0.0
2026-04-27T08:43:09.5756092Z Installing faraday-retry 2.0.0
2026-04-27T08:43:09.5814934Z Fetching sawyer 0.9.2
2026-04-27T08:43:09.6257330Z Installing sawyer 0.9.2
2026-04-27T08:43:09.6338219Z Fetching activesupport 6.1.7.3
2026-04-27T08:43:09.7014612Z Installing activesupport 6.1.7.3
2026-04-27T08:43:09.7589489Z Fetching rspec 3.10.0
2026-04-27T08:43:09.8044860Z Installing rspec 3.10.0
2026-04-27T08:43:09.8094053Z Fetching octokit 4.25.0
2026-04-27T08:43:09.8679570Z Installing octokit 4.25.0
2026-04-27T08:43:11.1586573Z Fetching parser 3.2.2.4
2026-04-27T08:43:11.3058361Z Installing parser 3.2.2.4
2026-04-27T08:43:11.4265784Z Fetching rubocop-ast 1.30.0
2026-04-27T08:43:11.4983190Z Installing rubocop-ast 1.30.0
2026-04-27T08:43:12.7044468Z Fetching rubocop 1.57.2
2026-04-27T08:43:12.7917614Z Installing rubocop 1.57.2
2026-04-27T08:43:12.9614969Z Fetching standard-custom 1.0.2
2026-04-27T08:43:12.9615617Z Fetching rubocop-performance 1.19.1
2026-04-27T08:43:13.0264389Z Installing standard-custom 1.0.2
2026-04-27T08:43:13.0341403Z Installing rubocop-performance 1.19.1
2026-04-27T08:43:13.0517432Z Fetching standard-performance 1.2.1
2026-04-27T08:43:13.0967100Z Installing standard-performance 1.2.1
2026-04-27T08:43:13.1042132Z Fetching standard 1.32.1
2026-04-27T08:43:13.1540865Z Installing standard 1.32.1
2026-04-27T08:43:13.1765580Z Bundle complete! 6 Gemfile dependencies, 40 gems now installed.
2026-04-27T08:43:13.1766391Z Use `bundle info [gemname]` to see where a bundled gem is installed.
2026-04-27T08:43:13.2267494Z ##[group]Run ruby entrypoint.rb
2026-04-27T08:43:13.2267763Z [36;1mruby entrypoint.rb[0m
2026-04-27T08:43:13.2289487Z shell: /usr/bin/bash --noprofile --norc -e -o pipefail {0}
2026-04-27T08:43:13.2289804Z env:
2026-04-27T08:43:13.2289966Z   WAIT_INTERVAL: 30
2026-04-27T08:43:13.2290190Z   ALLOWED_CONCLUSIONS: success,skipped,neutral
2026-04-27T08:43:13.2290453Z   IGNORE_CHECKS: 
2026-04-27T08:43:13.2290623Z   CHECK_NAME: 
2026-04-27T08:43:13.2290778Z   CHECK_REGEXP: 
2026-04-27T08:43:13.2290979Z   REF: 5acdde254b6d3c62509cbafbde1b0b444c881e90
2026-04-27T08:43:13.2291624Z   REPO_TOKEN: ***
2026-04-27T08:43:13.2291811Z   VERBOSE: true
2026-04-27T08:43:13.2292000Z   RUNNING_WORKFLOW_NAME: Auto-merge
2026-04-27T08:43:13.2292403Z   API_ENDPOINT: 
2026-04-27T08:43:13.2292576Z ##[endgroup]
2026-04-27T08:45:46.2989881Z Checks running on ref:
2026-04-27T08:45:46.2991508Z Checks completed: capture-failure-log, capture-failure-log, e2e, capture-failure-log, connected-tests, cross-device-tests, test, autofix, web-lint-and-test, maybe-label
2026-04-27T08:45:46.2993185Z Checks in_progress: lint-and-test, Auto-merge
2026-04-27T08:45:46.2993780Z Checks after ignore checks filter:
2026-04-27T08:45:46.2995359Z Checks completed: capture-failure-log, capture-failure-log, e2e, capture-failure-log, connected-tests, cross-device-tests, test, autofix, web-lint-and-test, maybe-label
2026-04-27T08:45:46.2996618Z Checks in_progress: lint-and-test
2026-04-27T08:45:46.2997016Z Checks after check_name filter:
2026-04-27T08:45:46.2997987Z Checks completed: capture-failure-log, capture-failure-log, e2e, capture-failure-log, connected-tests, cross-device-tests, test, autofix, web-lint-and-test, maybe-label
2026-04-27T08:45:46.2998747Z Checks in_progress: lint-and-test
2026-04-27T08:45:46.2998984Z Checks after Regexp filter:
2026-04-27T08:45:46.2999673Z Checks completed: capture-failure-log, capture-failure-log, e2e, capture-failure-log, connected-tests, cross-device-tests, test, autofix, web-lint-and-test, maybe-label
2026-04-27T08:45:46.3000380Z Checks in_progress: lint-and-test
2026-04-27T08:45:46.3000722Z The requested checks aren't complete yet, will check back in 30 seconds...
2026-04-27T08:45:46.3001083Z Checks running on ref:
2026-04-27T08:45:46.3001732Z Checks completed: capture-failure-log, capture-failure-log, e2e, capture-failure-log, connected-tests, cross-device-tests, test, autofix, web-lint-and-test, maybe-label
2026-04-27T08:45:46.3002459Z Checks in_progress: lint-and-test, Auto-merge
2026-04-27T08:45:46.3002731Z Checks after ignore checks filter:
2026-04-27T08:45:46.3003405Z Checks completed: capture-failure-log, capture-failure-log, e2e, capture-failure-log, connected-tests, cross-device-tests, test, autofix, web-lint-and-test, maybe-label
2026-04-27T08:45:46.3004115Z Checks in_progress: lint-and-test
2026-04-27T08:45:46.3004348Z Checks after check_name filter:
2026-04-27T08:45:46.3005287Z Checks completed: capture-failure-log, capture-failure-log, e2e, capture-failure-log, connected-tests, cross-device-tests, test, autofix, web-lint-and-test, maybe-label
2026-04-27T08:45:46.3005991Z Checks in_progress: lint-and-test
2026-04-27T08:45:46.3006210Z Checks after Regexp filter:
2026-04-27T08:45:46.3006850Z Checks completed: capture-failure-log, capture-failure-log, e2e, capture-failure-log, connected-tests, cross-device-tests, test, autofix, web-lint-and-test, maybe-label
2026-04-27T08:45:46.3007525Z Checks in_progress: lint-and-test
2026-04-27T08:45:46.3007844Z The requested checks aren't complete yet, will check back in 30 seconds...
2026-04-27T08:45:46.3008195Z Checks running on ref:
2026-04-27T08:45:46.3008835Z Checks completed: capture-failure-log, capture-failure-log, e2e, capture-failure-log, connected-tests, cross-device-tests, test, autofix, web-lint-and-test, maybe-label
2026-04-27T08:45:46.3009539Z Checks in_progress: lint-and-test, Auto-merge
2026-04-27T08:45:46.3009801Z Checks after ignore checks filter:
2026-04-27T08:45:46.3010898Z Checks completed: capture-failure-log, capture-failure-log, e2e, capture-failure-log, connected-tests, cross-device-tests, test, autofix, web-lint-and-test, maybe-label
2026-04-27T08:45:46.3011601Z Checks in_progress: lint-and-test
2026-04-27T08:45:46.3011834Z Checks after check_name filter:
2026-04-27T08:45:46.3012482Z Checks completed: capture-failure-log, capture-failure-log, e2e, capture-failure-log, connected-tests, cross-device-tests, test, autofix, web-lint-and-test, maybe-label
2026-04-27T08:45:46.3013174Z Checks in_progress: lint-and-test
2026-04-27T08:45:46.3013398Z Checks after Regexp filter:
2026-04-27T08:45:46.3014029Z Checks completed: capture-failure-log, capture-failure-log, e2e, capture-failure-log, connected-tests, cross-device-tests, test, autofix, web-lint-and-test, maybe-label
2026-04-27T08:45:46.3015121Z Checks in_progress: lint-and-test
2026-04-27T08:45:46.3015489Z The requested checks aren't complete yet, will check back in 30 seconds...
2026-04-27T08:45:46.3015931Z Checks running on ref:
2026-04-27T08:45:46.3016737Z Checks completed: capture-failure-log, capture-failure-log, e2e, capture-failure-log, connected-tests, cross-device-tests, test, autofix, web-lint-and-test, maybe-label
2026-04-27T08:45:46.3017677Z Checks in_progress: lint-and-test, Auto-merge
2026-04-27T08:45:46.3018026Z Checks after ignore checks filter:
2026-04-27T08:45:46.3018865Z Checks completed: capture-failure-log, capture-failure-log, e2e, capture-failure-log, connected-tests, cross-device-tests, test, autofix, web-lint-and-test, maybe-label
2026-04-27T08:45:46.3019754Z Checks in_progress: lint-and-test
2026-04-27T08:45:46.3020035Z Checks after check_name filter:
2026-04-27T08:45:46.3020872Z Checks completed: capture-failure-log, capture-failure-log, e2e, capture-failure-log, connected-tests, cross-device-tests, test, autofix, web-lint-and-test, maybe-label
2026-04-27T08:45:46.3021745Z Checks in_progress: lint-and-test
2026-04-27T08:45:46.3022018Z Checks after Regexp filter:
2026-04-27T08:45:46.3022845Z Checks completed: capture-failure-log, capture-failure-log, e2e, capture-failure-log, connected-tests, cross-device-tests, test, autofix, web-lint-and-test, maybe-label
2026-04-27T08:45:46.3023708Z Checks in_progress: lint-and-test
2026-04-27T08:45:46.3024117Z The requested checks aren't complete yet, will check back in 30 seconds...
2026-04-27T08:45:46.3024565Z Checks running on ref:
2026-04-27T08:45:46.3025506Z Checks completed: capture-failure-log, capture-failure-log, e2e, capture-failure-log, connected-tests, cross-device-tests, test, autofix, web-lint-and-test, maybe-label
2026-04-27T08:45:46.3026214Z Checks in_progress: lint-and-test, Auto-merge
2026-04-27T08:45:46.3026483Z Checks after ignore checks filter:
2026-04-27T08:45:46.3027130Z Checks completed: capture-failure-log, capture-failure-log, e2e, capture-failure-log, connected-tests, cross-device-tests, test, autofix, web-lint-and-test, maybe-label
2026-04-27T08:45:46.3027821Z Checks in_progress: lint-and-test
2026-04-27T08:45:46.3028046Z Checks after check_name filter:
2026-04-27T08:45:46.3028691Z Checks completed: capture-failure-log, capture-failure-log, e2e, capture-failure-log, connected-tests, cross-device-tests, test, autofix, web-lint-and-test, maybe-label
2026-04-27T08:45:46.3029749Z Checks in_progress: lint-and-test
2026-04-27T08:45:46.3030126Z Checks after Regexp filter:
2026-04-27T08:45:46.3031227Z Checks completed: capture-failure-log, capture-failure-log, e2e, capture-failure-log, connected-tests, cross-device-tests, test, autofix, web-lint-and-test, maybe-label
2026-04-27T08:45:46.3032454Z Checks in_progress: lint-and-test
2026-04-27T08:45:46.3032997Z The requested checks aren't complete yet, will check back in 30 seconds...
2026-04-27T08:45:46.3033668Z Checks running on ref:
2026-04-27T08:45:46.3035293Z Checks completed: capture-failure-log, firebase-distribute, capture-failure-log, capture-failure-log, e2e, capture-failure-log, connected-tests, cross-device-tests, test, autofix, web-lint-and-test, lint-and-test, maybe-label
2026-04-27T08:45:46.3037137Z Checks in_progress: Auto-merge
2026-04-27T08:45:46.3037534Z Checks after ignore checks filter:
2026-04-27T08:45:46.3039086Z Checks completed: capture-failure-log, firebase-distribute, capture-failure-log, capture-failure-log, e2e, capture-failure-log, connected-tests, cross-device-tests, test, autofix, web-lint-and-test, lint-and-test, maybe-label
2026-04-27T08:45:46.3040702Z Checks after check_name filter:
2026-04-27T08:45:46.3042268Z Checks completed: capture-failure-log, firebase-distribute, capture-failure-log, capture-failure-log, e2e, capture-failure-log, connected-tests, cross-device-tests, test, autofix, web-lint-and-test, lint-and-test, maybe-label
2026-04-27T08:45:46.3043878Z Checks after Regexp filter:
2026-04-27T08:45:46.3045585Z Checks completed: capture-failure-log, firebase-distribute, capture-failure-log, capture-failure-log, e2e, capture-failure-log, connected-tests, cross-device-tests, test, autofix, web-lint-and-test, lint-and-test, maybe-label
2026-04-27T08:45:46.3047366Z Checks completed:
2026-04-27T08:45:46.3047712Z capture-failure-log: completed (skipped)
2026-04-27T08:45:46.3048189Z firebase-distribute: completed (cancelled)
2026-04-27T08:45:46.3048638Z capture-failure-log: completed (skipped)
2026-04-27T08:45:46.3049088Z capture-failure-log: completed (skipped)
2026-04-27T08:45:46.3049510Z e2e: completed (success)
2026-04-27T08:45:46.3049875Z capture-failure-log: completed (skipped)
2026-04-27T08:45:46.3050318Z connected-tests: completed (skipped)
2026-04-27T08:45:46.3050748Z cross-device-tests: completed (skipped)
2026-04-27T08:45:46.3051172Z test: completed (success)
2026-04-27T08:45:46.3051516Z autofix: completed (success)
2026-04-27T08:45:46.3051897Z web-lint-and-test: completed (success)
2026-04-27T08:45:46.3052330Z lint-and-test: completed (cancelled)
2026-04-27T08:45:46.3052752Z maybe-label: completed (success)
2026-04-27T08:45:46.3053904Z The conclusion of one or more checks were not allowed. Allowed conclusions are: success, skipped, neutral. This can be configured with the 'allowed-conclusions' param.
2026-04-27T08:45:46.3083201Z ##[error]Process completed with exit code 1.
2026-04-27T08:45:46.3192823Z Post job cleanup.
2026-04-27T08:45:46.3247739Z Cleaning up orphan processes
2026-04-27T08:45:46.3504525Z ##[warning]Node.js 20 actions are deprecated. The following actions are running on Node.js 20 and may not work as expected: actions/cache@v4. Actions will be forced to run with Node.js 24 by default starting June 2nd, 2026. Node.js 20 will be removed from the runner on September 16th, 2026. Please check if updated versions of these actions are available that support Node.js 24. To opt into Node.js 24 now, set the FORCE_JAVASCRIPT_ACTIONS_TO_NODE24=true environment variable on the runner or in your workflow file. Once Node.js 24 becomes the default, you can temporarily opt out by setting ACTIONS_ALLOW_USE_UNSECURE_NODE_VERSION=true. For more information see: https://github.blog/changelog/2025-09-19-deprecation-of-node-20-on-github-actions-runners/
