=== CI FAILURE ===
Workflow:      Auto-merge & Release
Workflow file: akarlin3/prismTask/.github/workflows/auto-merge.yml@refs/pull/883/merge
Job(s):        Auto-merge
Run ID:        25036808457
Run attempt:   1
Run URL:       https://github.com/akarlin3/prismTask/actions/runs/25036808457
Commit:        528bb13644fe0b64acad9bb447cd5154399885b9
Branch:        883/merge
Event:         pull_request
Actor:         akarlin3
Runner OS:     Linux
Timestamp:     2026-04-28T06:13:27.984Z

Failed steps:
  - Auto-merge: #4 Wait for all other CI checks to pass

=== FAILED JOB LOG ===

--- Job: Auto-merge (id 73330288948) ---
2026-04-28T06:05:54.0243035Z Current runner version: '2.333.1'
2026-04-28T06:05:54.0275812Z ##[group]Runner Image Provisioner
2026-04-28T06:05:54.0276940Z Hosted Compute Agent
2026-04-28T06:05:54.0277950Z Version: 20260213.493
2026-04-28T06:05:54.0278891Z Commit: 5c115507f6dd24b8de37d8bbe0bb4509d0cc0fa3
2026-04-28T06:05:54.0280483Z Build Date: 2026-02-13T00:28:41Z
2026-04-28T06:05:54.0281676Z Worker ID: {4eac38f2-0c8a-485b-bddc-6bdfea15558e}
2026-04-28T06:05:54.0282815Z Azure Region: eastus
2026-04-28T06:05:54.0283958Z ##[endgroup]
2026-04-28T06:05:54.0286565Z ##[group]Operating System
2026-04-28T06:05:54.0287560Z Ubuntu
2026-04-28T06:05:54.0288442Z 24.04.4
2026-04-28T06:05:54.0289169Z LTS
2026-04-28T06:05:54.0290045Z ##[endgroup]
2026-04-28T06:05:54.0291256Z ##[group]Runner Image
2026-04-28T06:05:54.0292215Z Image: ubuntu-24.04
2026-04-28T06:05:54.0293202Z Version: 20260413.86.1
2026-04-28T06:05:54.0295150Z Included Software: https://github.com/actions/runner-images/blob/ubuntu24/20260413.86/images/ubuntu/Ubuntu2404-Readme.md
2026-04-28T06:05:54.0297738Z Image Release: https://github.com/actions/runner-images/releases/tag/ubuntu24%2F20260413.86
2026-04-28T06:05:54.0299295Z ##[endgroup]
2026-04-28T06:05:54.0301869Z ##[group]GITHUB_TOKEN Permissions
2026-04-28T06:05:54.0304824Z Actions: read
2026-04-28T06:05:54.0305731Z Checks: read
2026-04-28T06:05:54.0306712Z Contents: write
2026-04-28T06:05:54.0307588Z Metadata: read
2026-04-28T06:05:54.0308538Z PullRequests: write
2026-04-28T06:05:54.0309388Z ##[endgroup]
2026-04-28T06:05:54.0312760Z Secret source: Actions
2026-04-28T06:05:54.0314202Z Prepare workflow directory
2026-04-28T06:05:54.0875473Z Prepare all required actions
2026-04-28T06:05:54.0931530Z Getting action download info
2026-04-28T06:05:54.4253024Z Download action repository 'lewagon/wait-on-check-action@ccfb013c15c8afb7bf2b7c028fb74dc5a068cccc' (SHA:ccfb013c15c8afb7bf2b7c028fb74dc5a068cccc)
2026-04-28T06:05:54.7640777Z Getting action download info
2026-04-28T06:05:54.9237043Z Download action repository 'ruby/setup-ruby@v1' (SHA:c4e5b1316158f92e3d49443a9d58b31d25ac0f8f)
2026-04-28T06:05:55.1435859Z Download action repository 'actions/cache@v4' (SHA:0057852bfaa89a56745cba8c7296529d2fc39830)
2026-04-28T06:05:55.4427528Z Complete job name: Auto-merge
2026-04-28T06:05:55.5146974Z ##[group]Run set -euo pipefail
2026-04-28T06:05:55.5148120Z [36;1mset -euo pipefail[0m
2026-04-28T06:05:55.5149449Z [36;1m# Audit item #5 — poll check-runs for up to 60s instead of a bare[0m
2026-04-28T06:05:55.5151527Z [36;1m# 20s sleep. On a busy runner cohort the initial 20s wasn't enough[0m
2026-04-28T06:05:55.5153261Z [36;1m# for the API to reflect queued workflow runs, which could merge[0m
2026-04-28T06:05:55.5154958Z [36;1m# PRs without waiting for CI. Bail out early as soon as ≥1 real[0m
2026-04-28T06:05:55.5156347Z [36;1m# check shows up.[0m
2026-04-28T06:05:55.5157237Z [36;1mCOUNT=0[0m
2026-04-28T06:05:55.5158030Z [36;1mfor i in $(seq 1 6); do[0m
2026-04-28T06:05:55.5158976Z [36;1m  sleep 10[0m
2026-04-28T06:05:55.5160244Z [36;1m  COUNT=$(gh api "repos/$REPO/commits/$HEAD_SHA/check-runs" \[0m
2026-04-28T06:05:55.5161981Z [36;1m    --jq '[.check_runs[] | select(.name != "Auto-merge")] | length')[0m
2026-04-28T06:05:55.5163472Z [36;1m  if [ "$COUNT" -gt 0 ]; then[0m
2026-04-28T06:05:55.5164774Z [36;1m    echo "Found $COUNT non-Auto-merge check(s) after ${i}0s"[0m
2026-04-28T06:05:55.5166076Z [36;1m    break[0m
2026-04-28T06:05:55.5166850Z [36;1m  fi[0m
2026-04-28T06:05:55.5167833Z [36;1m  echo "No non-Auto-merge checks yet (attempt $i/6)"[0m
2026-04-28T06:05:55.5169060Z [36;1mdone[0m
2026-04-28T06:05:55.5169831Z [36;1mif [ "$COUNT" -gt 0 ]; then[0m
2026-04-28T06:05:55.5171051Z [36;1m  echo "has_ci=true" >> "$GITHUB_OUTPUT"[0m
2026-04-28T06:05:55.5172135Z [36;1melse[0m
2026-04-28T06:05:55.5172980Z [36;1m  echo "has_ci=false" >> "$GITHUB_OUTPUT"[0m
2026-04-28T06:05:55.5174463Z [36;1m  echo "No CI checks on this PR after 60s — will merge without waiting."[0m
2026-04-28T06:05:55.5175865Z [36;1mfi[0m
2026-04-28T06:05:55.5202152Z shell: /usr/bin/bash -e {0}
2026-04-28T06:05:55.5203341Z env:
2026-04-28T06:05:55.5204029Z   WAIT_INTERVAL: 15
2026-04-28T06:05:55.5205200Z   GH_TOKEN: ***
2026-04-28T06:05:55.5206115Z   HEAD_SHA: be66c7ffe290fe99e9863b8f6a6e6afc492e696d
2026-04-28T06:05:55.5207280Z   REPO: akarlin3/prismTask
2026-04-28T06:05:55.5208129Z ##[endgroup]
2026-04-28T06:06:05.9902930Z Found 9 non-Auto-merge check(s) after 10s
2026-04-28T06:06:06.0026402Z ##[group]Run set -euo pipefail
2026-04-28T06:06:06.0026813Z [36;1mset -euo pipefail[0m
2026-04-28T06:06:06.0027273Z [36;1mREQUIRED=$(gh api "repos/$REPO/branches/main/protection/required_status_checks" \[0m
2026-04-28T06:06:06.0027793Z [36;1m  --jq '.contexts[]' 2>/dev/null || true)[0m
2026-04-28T06:06:06.0028130Z [36;1mif [ -z "$REQUIRED" ]; then[0m
2026-04-28T06:06:06.0028699Z [36;1m  echo "::warning::Could not query branch protection (likely a permission issue) — using hardcoded fallback list."[0m
2026-04-28T06:06:06.0029288Z [36;1m  REQUIRED="$FALLBACK_REQUIRED"[0m
2026-04-28T06:06:06.0029601Z [36;1mfi[0m
2026-04-28T06:06:06.0029914Z [36;1m# Strip Auto-merge from the required list so we don't wait on[0m
2026-04-28T06:06:06.0030617Z [36;1m# ourselves (it's listed because we ARE the running workflow).[0m
2026-04-28T06:06:06.0031192Z [36;1mREQUIRED=$(echo "$REQUIRED" | grep -vE '^\s*Auto-merge\s*$' | grep -vE '^\s*$' || true)[0m
2026-04-28T06:06:06.0031702Z [36;1mif [ -z "$REQUIRED" ]; then[0m
2026-04-28T06:06:06.0032094Z [36;1m  echo "No required checks beyond Auto-merge; skipping queue wait."[0m
2026-04-28T06:06:06.0032523Z [36;1m  exit 0[0m
2026-04-28T06:06:06.0032765Z [36;1mfi[0m
2026-04-28T06:06:06.0033042Z [36;1mecho "Waiting until these required checks queue:"[0m
2026-04-28T06:06:06.0033408Z [36;1mecho "$REQUIRED" | sed 's/^/  /'[0m
2026-04-28T06:06:06.0033801Z [36;1m# Audit PR #876 → CI pathway efficiency: this loop was burning[0m
2026-04-28T06:06:06.0034267Z [36;1m# ~315s/PR (PR #874 run 25035518360 + PR #873 run 25035513300)[0m
2026-04-28T06:06:06.0034734Z [36;1m# while underlying required checks were observably complete in[0m
2026-04-28T06:06:06.0035218Z [36;1m# ~30s. Mean job wall-clock was 343s with std-dev ~7s across 10[0m
2026-04-28T06:06:06.0035688Z [36;1m# runs — i.e. the loop almost always ran to its 5-minute ceiling.[0m
2026-04-28T06:06:06.0036137Z [36;1m# Two compensating mitigations + diagnostics:[0m
2026-04-28T06:06:06.0036467Z [36;1m#[0m
2026-04-28T06:06:06.0036784Z [36;1m#   (a) Cap dropped 30 → 18 attempts at 5s interval = 90s ceiling[0m
2026-04-28T06:06:06.0037246Z [36;1m#       (still > 2× the 43s race window from PR #804).[0m
2026-04-28T06:06:06.0037674Z [36;1m#   (b) Poll interval dropped 10s → 5s for faster detection.[0m
2026-04-28T06:06:06.0038157Z [36;1m#   (c) Per-iteration diagnostic prints MISSING + visible CHECK_RUNS[0m
2026-04-28T06:06:06.0038675Z [36;1m#       so future investigation can pinpoint the matching mismatch[0m
2026-04-28T06:06:06.0039178Z [36;1m#       (the immediate root-cause was not yet identified — the[0m
2026-04-28T06:06:06.0039650Z [36;1m#       MISSING list never empties even though CHECK_RUNS clearly[0m
2026-04-28T06:06:06.0040335Z [36;1m#       contains every REQUIRED name. Likely a trim/encoding edge[0m
2026-04-28T06:06:06.0040870Z [36;1m#       case in the comparison loop, but observability beats[0m
2026-04-28T06:06:06.0041279Z [36;1m#       guessing).[0m
2026-04-28T06:06:06.0041574Z [36;1mfor attempt in $(seq 1 18); do[0m
2026-04-28T06:06:06.0042007Z [36;1m  CHECK_RUNS=$(gh api --paginate "repos/$REPO/commits/$HEAD_SHA/check-runs" \[0m
2026-04-28T06:06:06.0042478Z [36;1m    --jq '.check_runs[].name' | sort -u)[0m
2026-04-28T06:06:06.0042800Z [36;1m  MISSING=""[0m
2026-04-28T06:06:06.0043052Z [36;1m  while IFS= read -r req; do[0m
2026-04-28T06:06:06.0043368Z [36;1m    [ -z "$req" ] && continue[0m
2026-04-28T06:06:06.0043680Z [36;1m    req_trimmed=$(echo "$req" | xargs)[0m
2026-04-28T06:06:06.0044054Z [36;1m    if ! echo "$CHECK_RUNS" | grep -qxF "$req_trimmed"; then[0m
2026-04-28T06:06:06.0044671Z [36;1m      MISSING="$MISSING $req_trimmed"[0m
2026-04-28T06:06:06.0044963Z [36;1m    fi[0m
2026-04-28T06:06:06.0045194Z [36;1m  done <<< "$REQUIRED"[0m
2026-04-28T06:06:06.0045474Z [36;1m  if [ -z "$MISSING" ]; then[0m
2026-04-28T06:06:06.0045930Z [36;1m    echo "All required checks have queued after attempt $attempt (~$((attempt * 5))s)."[0m
2026-04-28T06:06:06.0046546Z [36;1m    exit 0[0m
2026-04-28T06:06:06.0046793Z [36;1m  fi[0m
2026-04-28T06:06:06.0047077Z [36;1m  echo "Attempt $attempt/18 — still missing:$MISSING"[0m
2026-04-28T06:06:06.0047564Z [36;1m  echo "  Visible check-runs: $(echo "$CHECK_RUNS" | tr '\n' ',' | sed 's/,$//')"[0m
2026-04-28T06:06:06.0047992Z [36;1m  sleep 5[0m
2026-04-28T06:06:06.0048211Z [36;1mdone[0m
2026-04-28T06:06:06.0048716Z [36;1mecho "::warning::Some required checks never queued after 90s:$MISSING — proceeding to wait-on-check-action anyway."[0m
2026-04-28T06:06:06.0071199Z shell: /usr/bin/bash -e {0}
2026-04-28T06:06:06.0071481Z env:
2026-04-28T06:06:06.0071696Z   WAIT_INTERVAL: 15
2026-04-28T06:06:06.0072288Z   GH_TOKEN: ***
2026-04-28T06:06:06.0072566Z   HEAD_SHA: be66c7ffe290fe99e9863b8f6a6e6afc492e696d
2026-04-28T06:06:06.0072916Z   REPO: akarlin3/prismTask
2026-04-28T06:06:06.0073303Z   FALLBACK_REQUIRED: lint-and-test
connected-tests
test
web-lint-and-test

2026-04-28T06:06:06.0073725Z ##[endgroup]
2026-04-28T06:06:06.1443869Z Waiting until these required checks queue:
2026-04-28T06:06:06.1458543Z   {"message":"Resource not accessible by integration","documentation_url":"https://docs.github.com/rest/branches/branch-protection#get-status-checks-protection","status":"403"}
2026-04-28T06:06:06.5511083Z Attempt 1/18 — still missing: {message:Resource not accessible by integration,documentation_url:https://docs.github.com/rest/branches/branch-protection#get-status-checks-protection,status:403}
2026-04-28T06:06:06.5534382Z   Visible check-runs: Auto-merge,autofix,capture-failure-log,connected-tests,cross-device-tests,e2e,lint-and-test,maybe-label,test,web-lint-and-test
2026-04-28T06:06:11.9549047Z Attempt 2/18 — still missing: {message:Resource not accessible by integration,documentation_url:https://docs.github.com/rest/branches/branch-protection#get-status-checks-protection,status:403}
2026-04-28T06:06:11.9572672Z   Visible check-runs: Auto-merge,autofix,capture-failure-log,connected-tests,cross-device-tests,e2e,lint-and-test,maybe-label,test,web-lint-and-test
2026-04-28T06:06:17.3881934Z Attempt 3/18 — still missing: {message:Resource not accessible by integration,documentation_url:https://docs.github.com/rest/branches/branch-protection#get-status-checks-protection,status:403}
2026-04-28T06:06:17.3905954Z   Visible check-runs: Auto-merge,autofix,capture-failure-log,connected-tests,cross-device-tests,e2e,lint-and-test,maybe-label,test,web-lint-and-test
2026-04-28T06:06:22.8663229Z Attempt 4/18 — still missing: {message:Resource not accessible by integration,documentation_url:https://docs.github.com/rest/branches/branch-protection#get-status-checks-protection,status:403}
2026-04-28T06:06:22.8684471Z   Visible check-runs: Auto-merge,autofix,capture-failure-log,connected-tests,cross-device-tests,e2e,lint-and-test,maybe-label,test,web-lint-and-test
2026-04-28T06:06:28.3264569Z Attempt 5/18 — still missing: {message:Resource not accessible by integration,documentation_url:https://docs.github.com/rest/branches/branch-protection#get-status-checks-protection,status:403}
2026-04-28T06:06:28.3284642Z   Visible check-runs: Auto-merge,autofix,capture-failure-log,connected-tests,cross-device-tests,e2e,lint-and-test,maybe-label,test,web-lint-and-test
2026-04-28T06:06:33.7814177Z Attempt 6/18 — still missing: {message:Resource not accessible by integration,documentation_url:https://docs.github.com/rest/branches/branch-protection#get-status-checks-protection,status:403}
2026-04-28T06:06:33.7837187Z   Visible check-runs: Auto-merge,autofix,capture-failure-log,connected-tests,cross-device-tests,e2e,lint-and-test,maybe-label,test,web-lint-and-test
2026-04-28T06:06:39.2185082Z Attempt 7/18 — still missing: {message:Resource not accessible by integration,documentation_url:https://docs.github.com/rest/branches/branch-protection#get-status-checks-protection,status:403}
2026-04-28T06:06:39.2202033Z   Visible check-runs: Auto-merge,autofix,capture-failure-log,connected-tests,cross-device-tests,e2e,lint-and-test,maybe-label,test,web-lint-and-test
2026-04-28T06:06:44.6581046Z Attempt 8/18 — still missing: {message:Resource not accessible by integration,documentation_url:https://docs.github.com/rest/branches/branch-protection#get-status-checks-protection,status:403}
2026-04-28T06:06:44.6602319Z   Visible check-runs: Auto-merge,autofix,capture-failure-log,connected-tests,cross-device-tests,e2e,lint-and-test,maybe-label,test,web-lint-and-test
2026-04-28T06:06:50.1244262Z Attempt 9/18 — still missing: {message:Resource not accessible by integration,documentation_url:https://docs.github.com/rest/branches/branch-protection#get-status-checks-protection,status:403}
2026-04-28T06:06:50.1268847Z   Visible check-runs: Auto-merge,autofix,capture-failure-log,connected-tests,cross-device-tests,e2e,lint-and-test,maybe-label,test,web-lint-and-test
2026-04-28T06:06:55.5090487Z Attempt 10/18 — still missing: {message:Resource not accessible by integration,documentation_url:https://docs.github.com/rest/branches/branch-protection#get-status-checks-protection,status:403}
2026-04-28T06:06:55.5118483Z   Visible check-runs: Auto-merge,autofix,capture-failure-log,connected-tests,cross-device-tests,e2e,lint-and-test,maybe-label,test,web-lint-and-test
2026-04-28T06:07:00.9084355Z Attempt 11/18 — still missing: {message:Resource not accessible by integration,documentation_url:https://docs.github.com/rest/branches/branch-protection#get-status-checks-protection,status:403}
2026-04-28T06:07:00.9106517Z   Visible check-runs: Auto-merge,autofix,capture-failure-log,connected-tests,cross-device-tests,e2e,lint-and-test,maybe-label,test,web-lint-and-test
2026-04-28T06:07:06.3513979Z Attempt 12/18 — still missing: {message:Resource not accessible by integration,documentation_url:https://docs.github.com/rest/branches/branch-protection#get-status-checks-protection,status:403}
2026-04-28T06:07:06.3537570Z   Visible check-runs: Auto-merge,autofix,capture-failure-log,connected-tests,cross-device-tests,e2e,lint-and-test,maybe-label,test,web-lint-and-test
2026-04-28T06:07:11.7996001Z Attempt 13/18 — still missing: {message:Resource not accessible by integration,documentation_url:https://docs.github.com/rest/branches/branch-protection#get-status-checks-protection,status:403}
2026-04-28T06:07:11.8021494Z   Visible check-runs: Auto-merge,autofix,capture-failure-log,connected-tests,cross-device-tests,e2e,lint-and-test,maybe-label,test,web-lint-and-test
2026-04-28T06:07:17.2404350Z Attempt 14/18 — still missing: {message:Resource not accessible by integration,documentation_url:https://docs.github.com/rest/branches/branch-protection#get-status-checks-protection,status:403}
2026-04-28T06:07:17.2427600Z   Visible check-runs: Auto-merge,autofix,capture-failure-log,connected-tests,cross-device-tests,e2e,lint-and-test,maybe-label,test,web-lint-and-test
2026-04-28T06:07:22.6932803Z Attempt 15/18 — still missing: {message:Resource not accessible by integration,documentation_url:https://docs.github.com/rest/branches/branch-protection#get-status-checks-protection,status:403}
2026-04-28T06:07:22.6953322Z   Visible check-runs: Auto-merge,autofix,capture-failure-log,connected-tests,cross-device-tests,e2e,lint-and-test,maybe-label,test,web-lint-and-test
2026-04-28T06:07:28.0662062Z Attempt 16/18 — still missing: {message:Resource not accessible by integration,documentation_url:https://docs.github.com/rest/branches/branch-protection#get-status-checks-protection,status:403}
2026-04-28T06:07:28.0683080Z   Visible check-runs: Auto-merge,autofix,capture-failure-log,connected-tests,cross-device-tests,e2e,lint-and-test,maybe-label,test,web-lint-and-test
2026-04-28T06:07:33.5152120Z Attempt 17/18 — still missing: {message:Resource not accessible by integration,documentation_url:https://docs.github.com/rest/branches/branch-protection#get-status-checks-protection,status:403}
2026-04-28T06:07:33.5173615Z   Visible check-runs: Auto-merge,autofix,capture-failure-log,connected-tests,cross-device-tests,e2e,lint-and-test,maybe-label,test,web-lint-and-test
2026-04-28T06:07:38.9430315Z Attempt 18/18 — still missing: {message:Resource not accessible by integration,documentation_url:https://docs.github.com/rest/branches/branch-protection#get-status-checks-protection,status:403}
2026-04-28T06:07:38.9450408Z   Visible check-runs: Auto-merge,autofix,capture-failure-log,connected-tests,cross-device-tests,e2e,lint-and-test,maybe-label,test,web-lint-and-test
2026-04-28T06:07:43.9499839Z ##[warning]Some required checks never queued after 90s: {message:Resource not accessible by integration,documentation_url:https://docs.github.com/rest/branches/branch-protection#get-status-checks-protection,status:403} — proceeding to wait-on-check-action anyway.
2026-04-28T06:07:43.9721654Z ##[group]Run lewagon/wait-on-check-action@ccfb013c15c8afb7bf2b7c028fb74dc5a068cccc
2026-04-28T06:07:43.9722083Z with:
2026-04-28T06:07:43.9722299Z   ref: be66c7ffe290fe99e9863b8f6a6e6afc492e696d
2026-04-28T06:07:43.9722591Z   running-workflow-name: Auto-merge
2026-04-28T06:07:43.9723032Z   repo-token: ***
2026-04-28T06:07:43.9723223Z   wait-interval: 15
2026-04-28T06:07:43.9723449Z   allowed-conclusions: success,skipped,neutral
2026-04-28T06:07:43.9723716Z   verbose: true
2026-04-28T06:07:43.9723885Z env:
2026-04-28T06:07:43.9724034Z   WAIT_INTERVAL: 15
2026-04-28T06:07:43.9724211Z ##[endgroup]
2026-04-28T06:07:43.9861576Z ##[group]Run ruby/setup-ruby@v1
2026-04-28T06:07:43.9861831Z with:
2026-04-28T06:07:43.9862001Z   ruby-version: 3.2
2026-04-28T06:07:43.9862197Z   bundler-cache: false
2026-04-28T06:07:43.9862526Z   token: ***
2026-04-28T06:07:43.9862691Z env:
2026-04-28T06:07:43.9862851Z   WAIT_INTERVAL: 15
2026-04-28T06:07:43.9863027Z ##[endgroup]
2026-04-28T06:07:44.1312753Z ##[group]Modifying PATH
2026-04-28T06:07:44.1313300Z Entries added to PATH to use selected Ruby:
2026-04-28T06:07:44.1313817Z   /opt/hostedtoolcache/Ruby/3.2.11/x64/bin
2026-04-28T06:07:44.1319845Z ##[endgroup]
2026-04-28T06:07:44.1323619Z ##[group]Print Ruby version
2026-04-28T06:07:44.1396936Z [command]/opt/hostedtoolcache/Ruby/3.2.11/x64/bin/ruby --version
2026-04-28T06:07:44.3504230Z ruby 3.2.11 (2026-03-27 revision 5483bfc1ae) [x86_64-linux]
2026-04-28T06:07:44.3528714Z Took   0.22 seconds
2026-04-28T06:07:44.3529542Z ##[endgroup]
2026-04-28T06:07:44.3535765Z ##[group]Installing Bundler
2026-04-28T06:07:44.3536451Z Using Bundler shipped with ruby-3.2.11
2026-04-28T06:07:44.3537342Z Took   0.00 seconds
2026-04-28T06:07:44.3538555Z ##[endgroup]
2026-04-28T06:07:44.4193855Z ##[group]Run actions/cache@v4
2026-04-28T06:07:44.4194121Z with:
2026-04-28T06:07:44.4194541Z   path: /home/runner/work/_actions/lewagon/wait-on-check-action/ccfb013c15c8afb7bf2b7c028fb74dc5a068cccc
2026-04-28T06:07:44.4195050Z   key: Linux-gems-
2026-04-28T06:07:44.4195258Z   restore-keys: Linux-gems-
2026-04-28T06:07:44.4195489Z   enableCrossOsArchive: false
2026-04-28T06:07:44.4195718Z   fail-on-cache-miss: false
2026-04-28T06:07:44.4195921Z   lookup-only: false
2026-04-28T06:07:44.4196120Z   save-always: false
2026-04-28T06:07:44.4196294Z env:
2026-04-28T06:07:44.4196454Z   WAIT_INTERVAL: 15
2026-04-28T06:07:44.4196637Z ##[endgroup]
2026-04-28T06:07:44.6235710Z Cache hit for: Linux-gems-
2026-04-28T06:07:44.6679100Z Received 13164 of 13164 (100.0%), 1.1 MBs/sec
2026-04-28T06:07:44.6680511Z Cache Size: ~0 MB (13164 B)
2026-04-28T06:07:44.6721064Z [command]/usr/bin/tar -xf /home/runner/work/_temp/272fa2db-5fa7-47ba-b28e-f245e6664ca3/cache.tzst -P -C /home/runner/work/prismTask/prismTask --use-compress-program unzstd
2026-04-28T06:07:44.6785561Z Cache restored successfully
2026-04-28T06:07:44.6864638Z Cache restored from key: Linux-gems-
2026-04-28T06:07:44.6934414Z ##[group]Run bundle install --jobs 4 --retry 3
2026-04-28T06:07:44.6934930Z [36;1mbundle install --jobs 4 --retry 3[0m
2026-04-28T06:07:44.6957793Z shell: /usr/bin/bash --noprofile --norc -e -o pipefail {0}
2026-04-28T06:07:44.6958121Z env:
2026-04-28T06:07:44.6958294Z   WAIT_INTERVAL: 15
2026-04-28T06:07:44.6958487Z ##[endgroup]
2026-04-28T06:07:45.6082481Z Bundler 2.4.19 is running, but your lockfile was generated with 2.2.3. Installing Bundler 2.2.3 and restarting using that version.
2026-04-28T06:07:47.2170396Z Fetching gem metadata from https://rubygems.org/.
2026-04-28T06:07:47.2248136Z Fetching bundler 2.2.3
2026-04-28T06:07:47.3524471Z Installing bundler 2.2.3
2026-04-28T06:07:47.5649230Z Calling `DidYouMean::SPELL_CHECKERS.merge!(error_name => spell_checker)' has been deprecated. Please call `DidYouMean.correct_error(error_name, spell_checker)' instead.
2026-04-28T06:07:48.9284168Z Fetching gem metadata from https://rubygems.org/.........
2026-04-28T06:07:48.9400414Z Fetching concurrent-ruby 1.2.2
2026-04-28T06:07:48.9690226Z Fetching public_suffix 4.0.7
2026-04-28T06:07:48.9920687Z Fetching minitest 5.18.0
2026-04-28T06:07:48.9921523Z Fetching zeitwerk 2.6.7
2026-04-28T06:07:49.0554317Z Installing zeitwerk 2.6.7
2026-04-28T06:07:49.0675102Z Installing minitest 5.18.0
2026-04-28T06:07:49.0921137Z Installing public_suffix 4.0.7
2026-04-28T06:07:49.1178505Z Fetching ast 2.4.2
2026-04-28T06:07:49.1558883Z Installing ast 2.4.2
2026-04-28T06:07:49.1588674Z Installing concurrent-ruby 1.2.2
2026-04-28T06:07:49.1642507Z Using bundler 2.2.3
2026-04-28T06:07:49.1652376Z Fetching byebug 11.1.3
2026-04-28T06:07:49.1980799Z Fetching diff-lcs 1.4.4
2026-04-28T06:07:49.2337115Z Installing byebug 11.1.3 with native extensions
2026-04-28T06:07:49.2429412Z Installing diff-lcs 1.4.4
2026-04-28T06:07:49.2870992Z Fetching faraday-net_http 2.0.3
2026-04-28T06:07:49.3272844Z Installing faraday-net_http 2.0.3
2026-04-28T06:07:49.3408562Z Using ruby2_keywords 0.0.5
2026-04-28T06:07:49.3421903Z Fetching json 2.7.1
2026-04-28T06:07:49.3790747Z Fetching language_server-protocol 3.17.0.3
2026-04-28T06:07:49.4126219Z Installing json 2.7.1 with native extensions
2026-04-28T06:07:49.4274857Z Installing language_server-protocol 3.17.0.3
2026-04-28T06:07:49.5291725Z Fetching lint_roller 1.1.0
2026-04-28T06:07:49.5886352Z Installing lint_roller 1.1.0
2026-04-28T06:07:49.6054899Z Fetching parallel 1.24.0
2026-04-28T06:07:49.6562929Z Installing parallel 1.24.0
2026-04-28T06:07:49.6645645Z Fetching racc 1.7.3
2026-04-28T06:07:49.7089810Z Installing racc 1.7.3 with native extensions
2026-04-28T06:07:49.7471527Z Fetching rainbow 3.1.1
2026-04-28T06:07:49.7961624Z Installing rainbow 3.1.1
2026-04-28T06:07:49.8049516Z Fetching regexp_parser 2.8.3
2026-04-28T06:07:49.8508409Z Installing regexp_parser 2.8.3
2026-04-28T06:07:49.8887985Z Fetching rexml 3.2.6
2026-04-28T06:07:49.9993568Z Installing rexml 3.2.6
2026-04-28T06:07:50.0202593Z Fetching rspec-support 3.10.1
2026-04-28T06:07:50.0581200Z Installing rspec-support 3.10.1
2026-04-28T06:07:50.0708248Z Fetching ruby-progressbar 1.13.0
2026-04-28T06:07:50.1085098Z Installing ruby-progressbar 1.13.0
2026-04-28T06:07:50.1187118Z Fetching unicode-display_width 2.5.0
2026-04-28T06:07:50.1592678Z Installing unicode-display_width 2.5.0
2026-04-28T06:07:50.1659941Z Fetching addressable 2.8.0
2026-04-28T06:07:50.2090923Z Installing addressable 2.8.0
2026-04-28T06:07:50.2341422Z Fetching faraday 2.3.0
2026-04-28T06:07:50.2962886Z Installing faraday 2.3.0
2026-04-28T06:07:50.3295255Z Fetching i18n 1.12.0
2026-04-28T06:07:50.3932693Z Installing i18n 1.12.0
2026-04-28T06:07:50.4181226Z Fetching tzinfo 2.0.6
2026-04-28T06:07:50.4771498Z Installing tzinfo 2.0.6
2026-04-28T06:07:50.5011073Z Fetching rspec-core 3.10.1
2026-04-28T06:07:50.5703451Z Installing rspec-core 3.10.1
2026-04-28T06:07:50.6171194Z Fetching rspec-expectations 3.10.1
2026-04-28T06:07:50.6780931Z Installing rspec-expectations 3.10.1
2026-04-28T06:07:50.7041451Z Fetching rspec-mocks 3.10.1
2026-04-28T06:07:50.7668780Z Installing rspec-mocks 3.10.1
2026-04-28T06:07:50.7904208Z Fetching faraday-retry 2.0.0
2026-04-28T06:07:50.8507065Z Installing faraday-retry 2.0.0
2026-04-28T06:07:50.8621534Z Fetching sawyer 0.9.2
2026-04-28T06:07:50.9219133Z Installing sawyer 0.9.2
2026-04-28T06:07:50.9361680Z Fetching activesupport 6.1.7.3
2026-04-28T06:07:50.9831355Z Fetching rspec 3.10.0
2026-04-28T06:07:51.0452938Z Installing rspec 3.10.0
2026-04-28T06:07:51.0562003Z Fetching parser 3.2.2.4
2026-04-28T06:07:51.1022091Z Installing activesupport 6.1.7.3
2026-04-28T06:07:51.2079833Z Installing parser 3.2.2.4
2026-04-28T06:07:51.2918708Z Fetching octokit 4.25.0
2026-04-28T06:07:51.3317281Z Installing octokit 4.25.0
2026-04-28T06:07:51.4007835Z Fetching rubocop-ast 1.30.0
2026-04-28T06:07:51.4522996Z Installing rubocop-ast 1.30.0
2026-04-28T06:07:52.7740424Z Fetching rubocop 1.57.2
2026-04-28T06:07:52.8325747Z Installing rubocop 1.57.2
2026-04-28T06:07:53.0080838Z Fetching rubocop-performance 1.19.1
2026-04-28T06:07:53.0081591Z Fetching standard-custom 1.0.2
2026-04-28T06:07:53.0661187Z Installing rubocop-performance 1.19.1
2026-04-28T06:07:53.0663002Z Installing standard-custom 1.0.2
2026-04-28T06:07:53.0875967Z Fetching standard-performance 1.2.1
2026-04-28T06:07:53.1226386Z Installing standard-performance 1.2.1
2026-04-28T06:07:53.1300585Z Fetching standard 1.32.1
2026-04-28T06:07:53.1652739Z Installing standard 1.32.1
2026-04-28T06:07:53.1866816Z Bundle complete! 6 Gemfile dependencies, 40 gems now installed.
2026-04-28T06:07:53.1867411Z Use `bundle info [gemname]` to see where a bundled gem is installed.
2026-04-28T06:07:53.2398464Z ##[group]Run ruby entrypoint.rb
2026-04-28T06:07:53.2398761Z [36;1mruby entrypoint.rb[0m
2026-04-28T06:07:53.2419867Z shell: /usr/bin/bash --noprofile --norc -e -o pipefail {0}
2026-04-28T06:07:53.2421084Z env:
2026-04-28T06:07:53.2421349Z   WAIT_INTERVAL: 15
2026-04-28T06:07:53.2421723Z   ALLOWED_CONCLUSIONS: success,skipped,neutral
2026-04-28T06:07:53.2422161Z   IGNORE_CHECKS: 
2026-04-28T06:07:53.2422447Z   CHECK_NAME: 
2026-04-28T06:07:53.2422712Z   CHECK_REGEXP: 
2026-04-28T06:07:53.2423068Z   REF: be66c7ffe290fe99e9863b8f6a6e6afc492e696d
2026-04-28T06:07:53.2424020Z   REPO_TOKEN: ***
2026-04-28T06:07:53.2424231Z   VERBOSE: true
2026-04-28T06:07:53.2424427Z   RUNNING_WORKFLOW_NAME: Auto-merge
2026-04-28T06:07:53.2424673Z   API_ENDPOINT: 
2026-04-28T06:07:53.2424858Z ##[endgroup]
2026-04-28T06:09:57.4765098Z Checks running on ref:
2026-04-28T06:09:57.4768335Z Checks completed: capture-failure-log, capture-failure-log, e2e, cross-device-tests, connected-tests, capture-failure-log, web-lint-and-test, test, maybe-label
2026-04-28T06:09:57.4769967Z Checks in_progress: Auto-merge, autofix, lint-and-test
2026-04-28T06:09:57.4771003Z Checks after ignore checks filter:
2026-04-28T06:09:57.4772516Z Checks completed: capture-failure-log, capture-failure-log, e2e, cross-device-tests, connected-tests, capture-failure-log, web-lint-and-test, test, maybe-label
2026-04-28T06:09:57.4773791Z Checks in_progress: autofix, lint-and-test
2026-04-28T06:09:57.4774225Z Checks after check_name filter:
2026-04-28T06:09:57.4775313Z Checks completed: capture-failure-log, capture-failure-log, e2e, cross-device-tests, connected-tests, capture-failure-log, web-lint-and-test, test, maybe-label
2026-04-28T06:09:57.4776461Z Checks in_progress: autofix, lint-and-test
2026-04-28T06:09:57.4776889Z Checks after Regexp filter:
2026-04-28T06:09:57.4777641Z Checks completed: capture-failure-log, capture-failure-log, e2e, cross-device-tests, connected-tests, capture-failure-log, web-lint-and-test, test, maybe-label
2026-04-28T06:09:57.4778380Z Checks in_progress: autofix, lint-and-test
2026-04-28T06:09:57.4778769Z The requested checks aren't complete yet, will check back in 15 seconds...
2026-04-28T06:09:57.4779151Z Checks running on ref:
2026-04-28T06:09:57.4780044Z Checks completed: capture-failure-log, capture-failure-log, e2e, cross-device-tests, connected-tests, capture-failure-log, web-lint-and-test, test, maybe-label
2026-04-28T06:09:57.4781106Z Checks in_progress: Auto-merge, autofix, lint-and-test
2026-04-28T06:09:57.4781440Z Checks after ignore checks filter:
2026-04-28T06:09:57.4782506Z Checks completed: capture-failure-log, capture-failure-log, e2e, cross-device-tests, connected-tests, capture-failure-log, web-lint-and-test, test, maybe-label
2026-04-28T06:09:57.4783253Z Checks in_progress: autofix, lint-and-test
2026-04-28T06:09:57.4783533Z Checks after check_name filter:
2026-04-28T06:09:57.4784197Z Checks completed: capture-failure-log, capture-failure-log, e2e, cross-device-tests, connected-tests, capture-failure-log, web-lint-and-test, test, maybe-label
2026-04-28T06:09:57.4784902Z Checks in_progress: autofix, lint-and-test
2026-04-28T06:09:57.4785158Z Checks after Regexp filter:
2026-04-28T06:09:57.4785831Z Checks completed: capture-failure-log, capture-failure-log, e2e, cross-device-tests, connected-tests, capture-failure-log, web-lint-and-test, test, maybe-label
2026-04-28T06:09:57.4786508Z Checks in_progress: autofix, lint-and-test
2026-04-28T06:09:57.4786872Z The requested checks aren't complete yet, will check back in 15 seconds...
2026-04-28T06:09:57.4787395Z Checks running on ref:
2026-04-28T06:09:57.4788021Z Checks completed: capture-failure-log, capture-failure-log, e2e, cross-device-tests, connected-tests, capture-failure-log, web-lint-and-test, test, maybe-label
2026-04-28T06:09:57.4788730Z Checks in_progress: Auto-merge, autofix, lint-and-test
2026-04-28T06:09:57.4789032Z Checks after ignore checks filter:
2026-04-28T06:09:57.4789680Z Checks completed: capture-failure-log, capture-failure-log, e2e, cross-device-tests, connected-tests, capture-failure-log, web-lint-and-test, test, maybe-label
2026-04-28T06:09:57.4790588Z Checks in_progress: autofix, lint-and-test
2026-04-28T06:09:57.4790848Z Checks after check_name filter:
2026-04-28T06:09:57.4791486Z Checks completed: capture-failure-log, capture-failure-log, e2e, cross-device-tests, connected-tests, capture-failure-log, web-lint-and-test, test, maybe-label
2026-04-28T06:09:57.4792166Z Checks in_progress: autofix, lint-and-test
2026-04-28T06:09:57.4792428Z Checks after Regexp filter:
2026-04-28T06:09:57.4793088Z Checks completed: capture-failure-log, capture-failure-log, e2e, cross-device-tests, connected-tests, capture-failure-log, web-lint-and-test, test, maybe-label
2026-04-28T06:09:57.4793773Z Checks in_progress: autofix, lint-and-test
2026-04-28T06:09:57.4794127Z The requested checks aren't complete yet, will check back in 15 seconds...
2026-04-28T06:09:57.4794484Z Checks running on ref:
2026-04-28T06:09:57.4795101Z Checks completed: capture-failure-log, capture-failure-log, e2e, cross-device-tests, connected-tests, capture-failure-log, web-lint-and-test, test, maybe-label
2026-04-28T06:09:57.4795817Z Checks in_progress: Auto-merge, autofix, lint-and-test
2026-04-28T06:09:57.4796112Z Checks after ignore checks filter:
2026-04-28T06:09:57.4796761Z Checks completed: capture-failure-log, capture-failure-log, e2e, cross-device-tests, connected-tests, capture-failure-log, web-lint-and-test, test, maybe-label
2026-04-28T06:09:57.4797441Z Checks in_progress: autofix, lint-and-test
2026-04-28T06:09:57.4797715Z Checks after check_name filter:
2026-04-28T06:09:57.4798354Z Checks completed: capture-failure-log, capture-failure-log, e2e, cross-device-tests, connected-tests, capture-failure-log, web-lint-and-test, test, maybe-label
2026-04-28T06:09:57.4799031Z Checks in_progress: autofix, lint-and-test
2026-04-28T06:09:57.4799293Z Checks after Regexp filter:
2026-04-28T06:09:57.4799917Z Checks completed: capture-failure-log, capture-failure-log, e2e, cross-device-tests, connected-tests, capture-failure-log, web-lint-and-test, test, maybe-label
2026-04-28T06:09:57.4800826Z Checks in_progress: autofix, lint-and-test
2026-04-28T06:09:57.4801173Z The requested checks aren't complete yet, will check back in 15 seconds...
2026-04-28T06:09:57.4801527Z Checks running on ref:
2026-04-28T06:09:57.4802139Z Checks completed: capture-failure-log, capture-failure-log, e2e, cross-device-tests, connected-tests, capture-failure-log, web-lint-and-test, test, maybe-label
2026-04-28T06:09:57.4802855Z Checks in_progress: Auto-merge, autofix, lint-and-test
2026-04-28T06:09:57.4803299Z Checks after ignore checks filter:
2026-04-28T06:09:57.4803944Z Checks completed: capture-failure-log, capture-failure-log, e2e, cross-device-tests, connected-tests, capture-failure-log, web-lint-and-test, test, maybe-label
2026-04-28T06:09:57.4804626Z Checks in_progress: autofix, lint-and-test
2026-04-28T06:09:57.4804879Z Checks after check_name filter:
2026-04-28T06:09:57.4805512Z Checks completed: capture-failure-log, capture-failure-log, e2e, cross-device-tests, connected-tests, capture-failure-log, web-lint-and-test, test, maybe-label
2026-04-28T06:09:57.4806184Z Checks in_progress: autofix, lint-and-test
2026-04-28T06:09:57.4806437Z Checks after Regexp filter:
2026-04-28T06:09:57.4807060Z Checks completed: capture-failure-log, capture-failure-log, e2e, cross-device-tests, connected-tests, capture-failure-log, web-lint-and-test, test, maybe-label
2026-04-28T06:09:57.4807739Z Checks in_progress: autofix, lint-and-test
2026-04-28T06:09:57.4808210Z The requested checks aren't complete yet, will check back in 15 seconds...
2026-04-28T06:09:57.4808687Z Checks running on ref:
2026-04-28T06:09:57.4809298Z Checks completed: capture-failure-log, capture-failure-log, e2e, cross-device-tests, connected-tests, capture-failure-log, web-lint-and-test, test, maybe-label
2026-04-28T06:09:57.4810228Z Checks in_progress: Auto-merge, autofix, lint-and-test
2026-04-28T06:09:57.4810572Z Checks after ignore checks filter:
2026-04-28T06:09:57.4811241Z Checks completed: capture-failure-log, capture-failure-log, e2e, cross-device-tests, connected-tests, capture-failure-log, web-lint-and-test, test, maybe-label
2026-04-28T06:09:57.4811962Z Checks in_progress: autofix, lint-and-test
2026-04-28T06:09:57.4812214Z Checks after check_name filter:
2026-04-28T06:09:57.4812847Z Checks completed: capture-failure-log, capture-failure-log, e2e, cross-device-tests, connected-tests, capture-failure-log, web-lint-and-test, test, maybe-label
2026-04-28T06:09:57.4813533Z Checks in_progress: autofix, lint-and-test
2026-04-28T06:09:57.4813796Z Checks after Regexp filter:
2026-04-28T06:09:57.4814417Z Checks completed: capture-failure-log, capture-failure-log, e2e, cross-device-tests, connected-tests, capture-failure-log, web-lint-and-test, test, maybe-label
2026-04-28T06:09:57.4815096Z Checks in_progress: autofix, lint-and-test
2026-04-28T06:09:57.4815456Z The requested checks aren't complete yet, will check back in 15 seconds...
2026-04-28T06:09:57.4815807Z Checks running on ref:
2026-04-28T06:09:57.4816460Z Checks completed: capture-failure-log, capture-failure-log, e2e, cross-device-tests, connected-tests, capture-failure-log, web-lint-and-test, autofix, test, maybe-label
2026-04-28T06:09:57.4817189Z Checks in_progress: Auto-merge, lint-and-test
2026-04-28T06:09:57.4817465Z Checks after ignore checks filter:
2026-04-28T06:09:57.4818155Z Checks completed: capture-failure-log, capture-failure-log, e2e, cross-device-tests, connected-tests, capture-failure-log, web-lint-and-test, autofix, test, maybe-label
2026-04-28T06:09:57.4818868Z Checks in_progress: lint-and-test
2026-04-28T06:09:57.4819109Z Checks after check_name filter:
2026-04-28T06:09:57.4819771Z Checks completed: capture-failure-log, capture-failure-log, e2e, cross-device-tests, connected-tests, capture-failure-log, web-lint-and-test, autofix, test, maybe-label
2026-04-28T06:09:57.4820742Z Checks in_progress: lint-and-test
2026-04-28T06:09:57.4820976Z Checks after Regexp filter:
2026-04-28T06:09:57.4821636Z Checks completed: capture-failure-log, capture-failure-log, e2e, cross-device-tests, connected-tests, capture-failure-log, web-lint-and-test, autofix, test, maybe-label
2026-04-28T06:09:57.4822332Z Checks in_progress: lint-and-test
2026-04-28T06:09:57.4822669Z The requested checks aren't complete yet, will check back in 15 seconds...
2026-04-28T06:09:57.4823026Z Checks running on ref:
2026-04-28T06:09:57.4823776Z Checks completed: capture-failure-log, capture-failure-log, e2e, cross-device-tests, connected-tests, capture-failure-log, web-lint-and-test, autofix, test, maybe-label
2026-04-28T06:09:57.4843357Z Checks in_progress: Auto-merge, lint-and-test
2026-04-28T06:09:57.4843734Z Checks after ignore checks filter:
2026-04-28T06:09:57.4844701Z Checks completed: capture-failure-log, capture-failure-log, e2e, cross-device-tests, connected-tests, capture-failure-log, web-lint-and-test, autofix, test, maybe-label
2026-04-28T06:09:57.4845460Z Checks in_progress: lint-and-test
2026-04-28T06:09:57.4845713Z Checks after check_name filter:
2026-04-28T06:09:57.4846407Z Checks completed: capture-failure-log, capture-failure-log, e2e, cross-device-tests, connected-tests, capture-failure-log, web-lint-and-test, autofix, test, maybe-label
2026-04-28T06:09:57.4847157Z Checks in_progress: lint-and-test
2026-04-28T06:09:57.4847402Z Checks after Regexp filter:
2026-04-28T06:09:57.4848094Z Checks completed: capture-failure-log, capture-failure-log, e2e, cross-device-tests, connected-tests, capture-failure-log, web-lint-and-test, autofix, test, maybe-label
2026-04-28T06:09:57.4849011Z Checks in_progress: lint-and-test
2026-04-28T06:09:57.4849381Z The requested checks aren't complete yet, will check back in 15 seconds...
2026-04-28T06:09:57.4849742Z Checks running on ref:
2026-04-28T06:12:01.0295558Z Checks completed: capture-failure-log, capture-failure-log, e2e, cross-device-tests, connected-tests, capture-failure-log, web-lint-and-test, autofix, test, maybe-label
2026-04-28T06:12:01.0297290Z Checks in_progress: Auto-merge, lint-and-test
2026-04-28T06:12:01.0297819Z Checks after ignore checks filter:
2026-04-28T06:12:01.0298899Z Checks completed: capture-failure-log, capture-failure-log, e2e, cross-device-tests, connected-tests, capture-failure-log, web-lint-and-test, autofix, test, maybe-label
2026-04-28T06:12:01.0299689Z Checks in_progress: lint-and-test
2026-04-28T06:12:01.0299952Z Checks after check_name filter:
2026-04-28T06:12:01.0301087Z Checks completed: capture-failure-log, capture-failure-log, e2e, cross-device-tests, connected-tests, capture-failure-log, web-lint-and-test, autofix, test, maybe-label
2026-04-28T06:12:01.0301880Z Checks in_progress: lint-and-test
2026-04-28T06:12:01.0302132Z Checks after Regexp filter:
2026-04-28T06:12:01.0302857Z Checks completed: capture-failure-log, capture-failure-log, e2e, cross-device-tests, connected-tests, capture-failure-log, web-lint-and-test, autofix, test, maybe-label
2026-04-28T06:12:01.0303604Z Checks in_progress: lint-and-test
2026-04-28T06:12:01.0303966Z The requested checks aren't complete yet, will check back in 15 seconds...
2026-04-28T06:12:01.0304376Z Checks running on ref:
2026-04-28T06:12:01.0305077Z Checks completed: capture-failure-log, capture-failure-log, e2e, cross-device-tests, connected-tests, capture-failure-log, web-lint-and-test, autofix, test, maybe-label
2026-04-28T06:12:01.0305829Z Checks in_progress: Auto-merge, lint-and-test
2026-04-28T06:12:01.0306113Z Checks after ignore checks filter:
2026-04-28T06:12:01.0306844Z Checks completed: capture-failure-log, capture-failure-log, e2e, cross-device-tests, connected-tests, capture-failure-log, web-lint-and-test, autofix, test, maybe-label
2026-04-28T06:12:01.0307585Z Checks in_progress: lint-and-test
2026-04-28T06:12:01.0307827Z Checks after check_name filter:
2026-04-28T06:12:01.0308514Z Checks completed: capture-failure-log, capture-failure-log, e2e, cross-device-tests, connected-tests, capture-failure-log, web-lint-and-test, autofix, test, maybe-label
2026-04-28T06:12:01.0309239Z Checks in_progress: lint-and-test
2026-04-28T06:12:01.0309475Z Checks after Regexp filter:
2026-04-28T06:12:01.0310395Z Checks completed: capture-failure-log, capture-failure-log, e2e, cross-device-tests, connected-tests, capture-failure-log, web-lint-and-test, autofix, test, maybe-label
2026-04-28T06:12:01.0311122Z Checks in_progress: lint-and-test
2026-04-28T06:12:01.0311467Z The requested checks aren't complete yet, will check back in 15 seconds...
2026-04-28T06:12:01.0311831Z Checks running on ref:
2026-04-28T06:12:01.0312507Z Checks completed: capture-failure-log, capture-failure-log, e2e, cross-device-tests, connected-tests, capture-failure-log, web-lint-and-test, autofix, test, maybe-label
2026-04-28T06:12:01.0313727Z Checks in_progress: Auto-merge, lint-and-test
2026-04-28T06:12:01.0314007Z Checks after ignore checks filter:
2026-04-28T06:12:01.0314703Z Checks completed: capture-failure-log, capture-failure-log, e2e, cross-device-tests, connected-tests, capture-failure-log, web-lint-and-test, autofix, test, maybe-label
2026-04-28T06:12:01.0315415Z Checks in_progress: lint-and-test
2026-04-28T06:12:01.0315659Z Checks after check_name filter:
2026-04-28T06:12:01.0316345Z Checks completed: capture-failure-log, capture-failure-log, e2e, cross-device-tests, connected-tests, capture-failure-log, web-lint-and-test, autofix, test, maybe-label
2026-04-28T06:12:01.0317049Z Checks in_progress: lint-and-test
2026-04-28T06:12:01.0317283Z Checks after Regexp filter:
2026-04-28T06:12:01.0318107Z Checks completed: capture-failure-log, capture-failure-log, e2e, cross-device-tests, connected-tests, capture-failure-log, web-lint-and-test, autofix, test, maybe-label
2026-04-28T06:12:01.0318829Z Checks in_progress: lint-and-test
2026-04-28T06:12:01.0319164Z The requested checks aren't complete yet, will check back in 15 seconds...
2026-04-28T06:12:01.0319521Z Checks running on ref:
2026-04-28T06:12:01.0320401Z Checks completed: capture-failure-log, capture-failure-log, e2e, cross-device-tests, connected-tests, capture-failure-log, web-lint-and-test, autofix, test, maybe-label
2026-04-28T06:12:01.0321135Z Checks in_progress: Auto-merge, lint-and-test
2026-04-28T06:12:01.0321411Z Checks after ignore checks filter:
2026-04-28T06:12:01.0322091Z Checks completed: capture-failure-log, capture-failure-log, e2e, cross-device-tests, connected-tests, capture-failure-log, web-lint-and-test, autofix, test, maybe-label
2026-04-28T06:12:01.0322803Z Checks in_progress: lint-and-test
2026-04-28T06:12:01.0323038Z Checks after check_name filter:
2026-04-28T06:12:01.0323712Z Checks completed: capture-failure-log, capture-failure-log, e2e, cross-device-tests, connected-tests, capture-failure-log, web-lint-and-test, autofix, test, maybe-label
2026-04-28T06:12:01.0324419Z Checks in_progress: lint-and-test
2026-04-28T06:12:01.0324652Z Checks after Regexp filter:
2026-04-28T06:12:01.0325315Z Checks completed: capture-failure-log, capture-failure-log, e2e, cross-device-tests, connected-tests, capture-failure-log, web-lint-and-test, autofix, test, maybe-label
2026-04-28T06:12:01.0326018Z Checks in_progress: lint-and-test
2026-04-28T06:12:01.0326355Z The requested checks aren't complete yet, will check back in 15 seconds...
2026-04-28T06:12:01.0326702Z Checks running on ref:
2026-04-28T06:12:01.0327353Z Checks completed: capture-failure-log, capture-failure-log, e2e, cross-device-tests, connected-tests, capture-failure-log, web-lint-and-test, autofix, test, maybe-label
2026-04-28T06:12:01.0328084Z Checks in_progress: Auto-merge, lint-and-test
2026-04-28T06:12:01.0328356Z Checks after ignore checks filter:
2026-04-28T06:12:01.0329037Z Checks completed: capture-failure-log, capture-failure-log, e2e, cross-device-tests, connected-tests, capture-failure-log, web-lint-and-test, autofix, test, maybe-label
2026-04-28T06:12:01.0329739Z Checks in_progress: lint-and-test
2026-04-28T06:12:01.0329970Z Checks after check_name filter:
2026-04-28T06:12:01.0330848Z Checks completed: capture-failure-log, capture-failure-log, e2e, cross-device-tests, connected-tests, capture-failure-log, web-lint-and-test, autofix, test, maybe-label
2026-04-28T06:12:01.0331550Z Checks in_progress: lint-and-test
2026-04-28T06:12:01.0331774Z Checks after Regexp filter:
2026-04-28T06:12:01.0332432Z Checks completed: capture-failure-log, capture-failure-log, e2e, cross-device-tests, connected-tests, capture-failure-log, web-lint-and-test, autofix, test, maybe-label
2026-04-28T06:12:01.0333134Z Checks in_progress: lint-and-test
2026-04-28T06:12:01.0333472Z The requested checks aren't complete yet, will check back in 15 seconds...
2026-04-28T06:12:01.0333963Z Checks running on ref:
2026-04-28T06:12:01.0334610Z Checks completed: capture-failure-log, capture-failure-log, e2e, cross-device-tests, connected-tests, capture-failure-log, web-lint-and-test, autofix, test, maybe-label
2026-04-28T06:12:01.0335332Z Checks in_progress: Auto-merge, lint-and-test
2026-04-28T06:12:01.0335603Z Checks after ignore checks filter:
2026-04-28T06:12:01.0336284Z Checks completed: capture-failure-log, capture-failure-log, e2e, cross-device-tests, connected-tests, capture-failure-log, web-lint-and-test, autofix, test, maybe-label
2026-04-28T06:12:01.0336981Z Checks in_progress: lint-and-test
2026-04-28T06:12:01.0337213Z Checks after check_name filter:
2026-04-28T06:12:01.0337886Z Checks completed: capture-failure-log, capture-failure-log, e2e, cross-device-tests, connected-tests, capture-failure-log, web-lint-and-test, autofix, test, maybe-label
2026-04-28T06:12:01.0338589Z Checks in_progress: lint-and-test
2026-04-28T06:12:01.0338819Z Checks after Regexp filter:
2026-04-28T06:12:01.0339588Z Checks completed: capture-failure-log, capture-failure-log, e2e, cross-device-tests, connected-tests, capture-failure-log, web-lint-and-test, autofix, test, maybe-label
2026-04-28T06:12:01.0340569Z Checks in_progress: lint-and-test
2026-04-28T06:12:01.0340929Z The requested checks aren't complete yet, will check back in 15 seconds...
2026-04-28T06:12:01.0341289Z Checks running on ref:
2026-04-28T06:12:01.0341949Z Checks completed: capture-failure-log, capture-failure-log, e2e, cross-device-tests, connected-tests, capture-failure-log, web-lint-and-test, autofix, test, maybe-label
2026-04-28T06:12:01.0342683Z Checks in_progress: Auto-merge, lint-and-test
2026-04-28T06:12:01.0342959Z Checks after ignore checks filter:
2026-04-28T06:12:01.0343652Z Checks completed: capture-failure-log, capture-failure-log, e2e, cross-device-tests, connected-tests, capture-failure-log, web-lint-and-test, autofix, test, maybe-label
2026-04-28T06:12:01.0344361Z Checks in_progress: lint-and-test
2026-04-28T06:12:01.0344593Z Checks after check_name filter:
2026-04-28T06:12:01.0345271Z Checks completed: capture-failure-log, capture-failure-log, e2e, cross-device-tests, connected-tests, capture-failure-log, web-lint-and-test, autofix, test, maybe-label
2026-04-28T06:12:01.0345978Z Checks in_progress: lint-and-test
2026-04-28T06:12:01.0346212Z Checks after Regexp filter:
2026-04-28T06:12:01.0346871Z Checks completed: capture-failure-log, capture-failure-log, e2e, cross-device-tests, connected-tests, capture-failure-log, web-lint-and-test, autofix, test, maybe-label
2026-04-28T06:12:01.0347578Z Checks in_progress: lint-and-test
2026-04-28T06:12:01.0347916Z The requested checks aren't complete yet, will check back in 15 seconds...
2026-04-28T06:12:01.0348269Z Checks running on ref:
2026-04-28T06:12:01.0348927Z Checks completed: capture-failure-log, capture-failure-log, e2e, cross-device-tests, connected-tests, capture-failure-log, web-lint-and-test, autofix, test, maybe-label
2026-04-28T06:12:01.0349656Z Checks in_progress: Auto-merge, lint-and-test
2026-04-28T06:12:01.0349933Z Checks after ignore checks filter:
2026-04-28T06:12:01.0350836Z Checks completed: capture-failure-log, capture-failure-log, e2e, cross-device-tests, connected-tests, capture-failure-log, web-lint-and-test, autofix, test, maybe-label
2026-04-28T06:12:01.0351546Z Checks in_progress: lint-and-test
2026-04-28T06:12:01.0351783Z Checks after check_name filter:
2026-04-28T06:12:01.0352452Z Checks completed: capture-failure-log, capture-failure-log, e2e, cross-device-tests, connected-tests, capture-failure-log, web-lint-and-test, autofix, test, maybe-label
2026-04-28T06:12:01.0353159Z Checks in_progress: lint-and-test
2026-04-28T06:12:01.0353391Z Checks after Regexp filter:
2026-04-28T06:12:01.0354055Z Checks completed: capture-failure-log, capture-failure-log, e2e, cross-device-tests, connected-tests, capture-failure-log, web-lint-and-test, autofix, test, maybe-label
2026-04-28T06:12:01.0354760Z Checks in_progress: lint-and-test
2026-04-28T06:12:01.0355099Z The requested checks aren't complete yet, will check back in 15 seconds...
2026-04-28T06:12:01.0355591Z Checks running on ref:
2026-04-28T06:12:01.0356241Z Checks completed: capture-failure-log, capture-failure-log, e2e, cross-device-tests, connected-tests, capture-failure-log, web-lint-and-test, autofix, test, maybe-label
2026-04-28T06:12:01.0356968Z Checks in_progress: Auto-merge, lint-and-test
2026-04-28T06:13:18.1861807Z Checks after ignore checks filter:
2026-04-28T06:13:18.1865018Z Checks completed: capture-failure-log, capture-failure-log, e2e, cross-device-tests, connected-tests, capture-failure-log, web-lint-and-test, autofix, test, maybe-label
2026-04-28T06:13:18.1866248Z Checks in_progress: lint-and-test
2026-04-28T06:13:18.1866639Z Checks after check_name filter:
2026-04-28T06:13:18.1867753Z Checks completed: capture-failure-log, capture-failure-log, e2e, cross-device-tests, connected-tests, capture-failure-log, web-lint-and-test, autofix, test, maybe-label
2026-04-28T06:13:18.1868946Z Checks in_progress: lint-and-test
2026-04-28T06:13:18.1869789Z Checks after Regexp filter:
2026-04-28T06:13:18.1871189Z Checks completed: capture-failure-log, capture-failure-log, e2e, cross-device-tests, connected-tests, capture-failure-log, web-lint-and-test, autofix, test, maybe-label
2026-04-28T06:13:18.1872369Z Checks in_progress: lint-and-test
2026-04-28T06:13:18.1872915Z The requested checks aren't complete yet, will check back in 15 seconds...
2026-04-28T06:13:18.1873483Z Checks running on ref:
2026-04-28T06:13:18.1874532Z Checks completed: capture-failure-log, capture-failure-log, e2e, cross-device-tests, connected-tests, capture-failure-log, web-lint-and-test, autofix, test, maybe-label
2026-04-28T06:13:18.1875723Z Checks in_progress: Auto-merge, lint-and-test
2026-04-28T06:13:18.1876163Z Checks after ignore checks filter:
2026-04-28T06:13:18.1877277Z Checks completed: capture-failure-log, capture-failure-log, e2e, cross-device-tests, connected-tests, capture-failure-log, web-lint-and-test, autofix, test, maybe-label
2026-04-28T06:13:18.1878463Z Checks in_progress: lint-and-test
2026-04-28T06:13:18.1878851Z Checks after check_name filter:
2026-04-28T06:13:18.1879973Z Checks completed: capture-failure-log, capture-failure-log, e2e, cross-device-tests, connected-tests, capture-failure-log, web-lint-and-test, autofix, test, maybe-label
2026-04-28T06:13:18.1881469Z Checks in_progress: lint-and-test
2026-04-28T06:13:18.1881893Z Checks after Regexp filter:
2026-04-28T06:13:18.1883101Z Checks completed: capture-failure-log, capture-failure-log, e2e, cross-device-tests, connected-tests, capture-failure-log, web-lint-and-test, autofix, test, maybe-label
2026-04-28T06:13:18.1884413Z Checks in_progress: lint-and-test
2026-04-28T06:13:18.1884981Z The requested checks aren't complete yet, will check back in 15 seconds...
2026-04-28T06:13:18.1885576Z Checks running on ref:
2026-04-28T06:13:18.1886664Z Checks completed: capture-failure-log, capture-failure-log, e2e, cross-device-tests, connected-tests, capture-failure-log, web-lint-and-test, autofix, test, maybe-label
2026-04-28T06:13:18.1887911Z Checks in_progress: Auto-merge, lint-and-test
2026-04-28T06:13:18.1888354Z Checks after ignore checks filter:
2026-04-28T06:13:18.1889486Z Checks completed: capture-failure-log, capture-failure-log, e2e, cross-device-tests, connected-tests, capture-failure-log, web-lint-and-test, autofix, test, maybe-label
2026-04-28T06:13:18.1890868Z Checks in_progress: lint-and-test
2026-04-28T06:13:18.1891243Z Checks after check_name filter:
2026-04-28T06:13:18.1892365Z Checks completed: capture-failure-log, capture-failure-log, e2e, cross-device-tests, connected-tests, capture-failure-log, web-lint-and-test, autofix, test, maybe-label
2026-04-28T06:13:18.1893578Z Checks in_progress: lint-and-test
2026-04-28T06:13:18.1893959Z Checks after Regexp filter:
2026-04-28T06:13:18.1895063Z Checks completed: capture-failure-log, capture-failure-log, e2e, cross-device-tests, connected-tests, capture-failure-log, web-lint-and-test, autofix, test, maybe-label
2026-04-28T06:13:18.1896587Z Checks in_progress: lint-and-test
2026-04-28T06:13:18.1897150Z The requested checks aren't complete yet, will check back in 15 seconds...
2026-04-28T06:13:18.1897737Z Checks running on ref:
2026-04-28T06:13:18.1898855Z Checks completed: capture-failure-log, capture-failure-log, e2e, cross-device-tests, connected-tests, capture-failure-log, web-lint-and-test, autofix, test, maybe-label
2026-04-28T06:13:18.1900319Z Checks in_progress: Auto-merge, lint-and-test
2026-04-28T06:13:18.1900774Z Checks after ignore checks filter:
2026-04-28T06:13:18.1901937Z Checks completed: capture-failure-log, capture-failure-log, e2e, cross-device-tests, connected-tests, capture-failure-log, web-lint-and-test, autofix, test, maybe-label
2026-04-28T06:13:18.1903185Z Checks in_progress: lint-and-test
2026-04-28T06:13:18.1903577Z Checks after check_name filter:
2026-04-28T06:13:18.1904950Z Checks completed: capture-failure-log, capture-failure-log, e2e, cross-device-tests, connected-tests, capture-failure-log, web-lint-and-test, autofix, test, maybe-label
2026-04-28T06:13:18.1906175Z Checks in_progress: lint-and-test
2026-04-28T06:13:18.1906577Z Checks after Regexp filter:
2026-04-28T06:13:18.1907780Z Checks completed: capture-failure-log, capture-failure-log, e2e, cross-device-tests, connected-tests, capture-failure-log, web-lint-and-test, autofix, test, maybe-label
2026-04-28T06:13:18.1908987Z Checks in_progress: lint-and-test
2026-04-28T06:13:18.1909537Z The requested checks aren't complete yet, will check back in 15 seconds...
2026-04-28T06:13:18.1910308Z Checks running on ref:
2026-04-28T06:13:18.1911371Z Checks completed: capture-failure-log, capture-failure-log, e2e, cross-device-tests, connected-tests, capture-failure-log, web-lint-and-test, autofix, test, maybe-label
2026-04-28T06:13:18.1912661Z Checks in_progress: Auto-merge, lint-and-test
2026-04-28T06:13:18.1913174Z Checks after ignore checks filter:
2026-04-28T06:13:18.1914638Z Checks completed: capture-failure-log, capture-failure-log, e2e, cross-device-tests, connected-tests, capture-failure-log, web-lint-and-test, autofix, test, maybe-label
2026-04-28T06:13:18.1916218Z Checks in_progress: lint-and-test
2026-04-28T06:13:18.1916722Z Checks after check_name filter:
2026-04-28T06:13:18.1918146Z Checks completed: capture-failure-log, capture-failure-log, e2e, cross-device-tests, connected-tests, capture-failure-log, web-lint-and-test, autofix, test, maybe-label
2026-04-28T06:13:18.1919675Z Checks in_progress: lint-and-test
2026-04-28T06:13:18.1920381Z Checks after Regexp filter:
2026-04-28T06:13:18.1921853Z Checks completed: capture-failure-log, capture-failure-log, e2e, cross-device-tests, connected-tests, capture-failure-log, web-lint-and-test, autofix, test, maybe-label
2026-04-28T06:13:18.1923394Z Checks in_progress: lint-and-test
2026-04-28T06:13:18.1924119Z The requested checks aren't complete yet, will check back in 15 seconds...
2026-04-28T06:13:18.1924870Z Checks running on ref:
2026-04-28T06:13:18.1926560Z Checks completed: capture-failure-log, capture-failure-log, capture-failure-log, e2e, cross-device-tests, connected-tests, capture-failure-log, web-lint-and-test, autofix, lint-and-test, test, maybe-label
2026-04-28T06:13:18.1928353Z Checks in_progress: Auto-merge
2026-04-28T06:13:18.1928842Z Checks after ignore checks filter:
2026-04-28T06:13:18.1930734Z Checks completed: capture-failure-log, capture-failure-log, capture-failure-log, e2e, cross-device-tests, connected-tests, capture-failure-log, web-lint-and-test, autofix, lint-and-test, test, maybe-label
2026-04-28T06:13:18.1932523Z Checks after check_name filter:
2026-04-28T06:13:18.1934169Z Checks completed: capture-failure-log, capture-failure-log, capture-failure-log, e2e, cross-device-tests, connected-tests, capture-failure-log, web-lint-and-test, autofix, lint-and-test, test, maybe-label
2026-04-28T06:13:18.1935997Z Checks after Regexp filter:
2026-04-28T06:13:18.1937641Z Checks completed: capture-failure-log, capture-failure-log, capture-failure-log, e2e, cross-device-tests, connected-tests, capture-failure-log, web-lint-and-test, autofix, lint-and-test, test, maybe-label
2026-04-28T06:13:18.1939192Z Checks completed:
2026-04-28T06:13:18.1939546Z capture-failure-log: completed (skipped)
2026-04-28T06:13:18.1939962Z capture-failure-log: completed (skipped)
2026-04-28T06:13:18.1940628Z capture-failure-log: completed (skipped)
2026-04-28T06:13:18.1941052Z e2e: completed (success)
2026-04-28T06:13:18.1941372Z cross-device-tests: completed (skipped)
2026-04-28T06:13:18.1941764Z connected-tests: completed (skipped)
2026-04-28T06:13:18.1942165Z capture-failure-log: completed (skipped)
2026-04-28T06:13:18.1942596Z web-lint-and-test: completed (success)
2026-04-28T06:13:18.1942967Z autofix: completed (cancelled)
2026-04-28T06:13:18.1943204Z lint-and-test: completed (cancelled)
2026-04-28T06:13:18.1943454Z test: completed (success)
2026-04-28T06:13:18.1943681Z maybe-label: completed (success)
2026-04-28T06:13:18.1944509Z The conclusion of one or more checks were not allowed. Allowed conclusions are: success, skipped, neutral. This can be configured with the 'allowed-conclusions' param.
2026-04-28T06:13:18.2004464Z ##[error]Process completed with exit code 1.
2026-04-28T06:13:18.2118134Z Post job cleanup.
2026-04-28T06:13:18.2182143Z Cleaning up orphan processes
2026-04-28T06:13:18.2491240Z ##[warning]Node.js 20 actions are deprecated. The following actions are running on Node.js 20 and may not work as expected: actions/cache@v4. Actions will be forced to run with Node.js 24 by default starting June 2nd, 2026. Node.js 20 will be removed from the runner on September 16th, 2026. Please check if updated versions of these actions are available that support Node.js 24. To opt into Node.js 24 now, set the FORCE_JAVASCRIPT_ACTIONS_TO_NODE24=true environment variable on the runner or in your workflow file. Once Node.js 24 becomes the default, you can temporarily opt out by setting ACTIONS_ALLOW_USE_UNSECURE_NODE_VERSION=true. For more information see: https://github.blog/changelog/2025-09-19-deprecation-of-node-20-on-github-actions-runners/
