=== CI FAILURE ===
Workflow:      Auto-merge & Release
Workflow file: akarlin3/prismTask/.github/workflows/auto-merge.yml@refs/pull/782/merge
Job(s):        Auto-merge
Run ID:        24942654504
Run attempt:   1
Run URL:       https://github.com/akarlin3/prismTask/actions/runs/24942654504
Commit:        dffa1b4478f07b6710427689e85440b5d8cd9e94
Branch:        782/merge
Event:         pull_request
Actor:         akarlin3
Runner OS:     Linux
Timestamp:     2026-04-25T23:02:49.613Z

Failed steps:
  - Auto-merge: #3 Wait for all other CI checks to pass

=== FAILED JOB LOG ===

--- Job: Auto-merge (id 73038801385) ---
2026-04-25T22:56:10.8997639Z Current runner version: '2.333.1'
2026-04-25T22:56:10.9017885Z ##[group]Runner Image Provisioner
2026-04-25T22:56:10.9018495Z Hosted Compute Agent
2026-04-25T22:56:10.9018935Z Version: 20260213.493
2026-04-25T22:56:10.9019480Z Commit: 5c115507f6dd24b8de37d8bbe0bb4509d0cc0fa3
2026-04-25T22:56:10.9020047Z Build Date: 2026-02-13T00:28:41Z
2026-04-25T22:56:10.9020553Z Worker ID: {3148eb85-240c-4fe4-958f-001ff597f50c}
2026-04-25T22:56:10.9021149Z Azure Region: northcentralus
2026-04-25T22:56:10.9021629Z ##[endgroup]
2026-04-25T22:56:10.9022623Z ##[group]Operating System
2026-04-25T22:56:10.9023148Z Ubuntu
2026-04-25T22:56:10.9023534Z 24.04.4
2026-04-25T22:56:10.9023883Z LTS
2026-04-25T22:56:10.9024342Z ##[endgroup]
2026-04-25T22:56:10.9024751Z ##[group]Runner Image
2026-04-25T22:56:10.9025162Z Image: ubuntu-24.04
2026-04-25T22:56:10.9025619Z Version: 20260413.86.1
2026-04-25T22:56:10.9026703Z Included Software: https://github.com/actions/runner-images/blob/ubuntu24/20260413.86/images/ubuntu/Ubuntu2404-Readme.md
2026-04-25T22:56:10.9027902Z Image Release: https://github.com/actions/runner-images/releases/tag/ubuntu24%2F20260413.86
2026-04-25T22:56:10.9028591Z ##[endgroup]
2026-04-25T22:56:10.9029631Z ##[group]GITHUB_TOKEN Permissions
2026-04-25T22:56:10.9031371Z Actions: read
2026-04-25T22:56:10.9031825Z Checks: read
2026-04-25T22:56:10.9032328Z Contents: write
2026-04-25T22:56:10.9032706Z Metadata: read
2026-04-25T22:56:10.9033125Z PullRequests: write
2026-04-25T22:56:10.9033545Z ##[endgroup]
2026-04-25T22:56:10.9035163Z Secret source: Actions
2026-04-25T22:56:10.9035998Z Prepare workflow directory
2026-04-25T22:56:10.9533300Z Prepare all required actions
2026-04-25T22:56:10.9564535Z Getting action download info
2026-04-25T22:56:11.2431932Z Download action repository 'lewagon/wait-on-check-action@ccfb013c15c8afb7bf2b7c028fb74dc5a068cccc' (SHA:ccfb013c15c8afb7bf2b7c028fb74dc5a068cccc)
2026-04-25T22:56:11.6413855Z Getting action download info
2026-04-25T22:56:11.7657952Z Download action repository 'ruby/setup-ruby@v1' (SHA:0cb964fd540e0a24c900370abf38a33466142735)
2026-04-25T22:56:12.1288874Z Download action repository 'actions/cache@v4' (SHA:0057852bfaa89a56745cba8c7296529d2fc39830)
2026-04-25T22:56:12.4096864Z Complete job name: Auto-merge
2026-04-25T22:56:12.4588877Z ##[group]Run set -euo pipefail
2026-04-25T22:56:12.4589552Z [36;1mset -euo pipefail[0m
2026-04-25T22:56:12.4590213Z [36;1m# Audit item #5 — poll check-runs for up to 60s instead of a bare[0m
2026-04-25T22:56:12.4590987Z [36;1m# 20s sleep. On a busy runner cohort the initial 20s wasn't enough[0m
2026-04-25T22:56:12.4591725Z [36;1m# for the API to reflect queued workflow runs, which could merge[0m
2026-04-25T22:56:12.4592442Z [36;1m# PRs without waiting for CI. Bail out early as soon as ≥1 real[0m
2026-04-25T22:56:12.4593076Z [36;1m# check shows up.[0m
2026-04-25T22:56:12.4593582Z [36;1mCOUNT=0[0m
2026-04-25T22:56:12.4594057Z [36;1mfor i in $(seq 1 6); do[0m
2026-04-25T22:56:12.4594574Z [36;1m  sleep 10[0m
2026-04-25T22:56:12.4595158Z [36;1m  COUNT=$(gh api "repos/$REPO/commits/$HEAD_SHA/check-runs" \[0m
2026-04-25T22:56:12.4595934Z [36;1m    --jq '[.check_runs[] | select(.name != "Auto-merge")] | length')[0m
2026-04-25T22:56:12.4596813Z [36;1m  if [ "$COUNT" -gt 0 ]; then[0m
2026-04-25T22:56:12.4597446Z [36;1m    echo "Found $COUNT non-Auto-merge check(s) after ${i}0s"[0m
2026-04-25T22:56:12.4598051Z [36;1m    break[0m
2026-04-25T22:56:12.4598514Z [36;1m  fi[0m
2026-04-25T22:56:12.4599058Z [36;1m  echo "No non-Auto-merge checks yet (attempt $i/6)"[0m
2026-04-25T22:56:12.4599647Z [36;1mdone[0m
2026-04-25T22:56:12.4600121Z [36;1mif [ "$COUNT" -gt 0 ]; then[0m
2026-04-25T22:56:12.4600699Z [36;1m  echo "has_ci=true" >> "$GITHUB_OUTPUT"[0m
2026-04-25T22:56:12.4601242Z [36;1melse[0m
2026-04-25T22:56:12.4601747Z [36;1m  echo "has_ci=false" >> "$GITHUB_OUTPUT"[0m
2026-04-25T22:56:12.4602428Z [36;1m  echo "No CI checks on this PR after 60s — will merge without waiting."[0m
2026-04-25T22:56:12.4603052Z [36;1mfi[0m
2026-04-25T22:56:12.4624562Z shell: /usr/bin/bash -e {0}
2026-04-25T22:56:12.4625265Z env:
2026-04-25T22:56:12.4625732Z   WAIT_INTERVAL: 30
2026-04-25T22:56:12.4626674Z   GH_TOKEN: ***
2026-04-25T22:56:12.4627239Z   HEAD_SHA: 6efa8113f1a0ba2a0ecdd86b1e53ebfc0f73dc54
2026-04-25T22:56:12.4627843Z   REPO: akarlin3/prismTask
2026-04-25T22:56:12.4628346Z ##[endgroup]
2026-04-25T22:56:22.8693571Z Found 9 non-Auto-merge check(s) after 10s
2026-04-25T22:56:22.8875414Z ##[group]Run lewagon/wait-on-check-action@ccfb013c15c8afb7bf2b7c028fb74dc5a068cccc
2026-04-25T22:56:22.8875801Z with:
2026-04-25T22:56:22.8876012Z   ref: 6efa8113f1a0ba2a0ecdd86b1e53ebfc0f73dc54
2026-04-25T22:56:22.8876469Z   running-workflow-name: Auto-merge
2026-04-25T22:56:22.8877005Z   repo-token: ***
2026-04-25T22:56:22.8877199Z   wait-interval: 30
2026-04-25T22:56:22.8877426Z   allowed-conclusions: success,skipped,neutral
2026-04-25T22:56:22.8877689Z   verbose: true
2026-04-25T22:56:22.8877862Z env:
2026-04-25T22:56:22.8878033Z   WAIT_INTERVAL: 30
2026-04-25T22:56:22.8878236Z ##[endgroup]
2026-04-25T22:56:22.8987595Z ##[group]Run ruby/setup-ruby@v1
2026-04-25T22:56:22.8987846Z with:
2026-04-25T22:56:22.8988028Z   ruby-version: 3.2
2026-04-25T22:56:22.8988259Z   bundler-cache: false
2026-04-25T22:56:22.8988581Z   token: ***
2026-04-25T22:56:22.8988755Z env:
2026-04-25T22:56:22.8988930Z   WAIT_INTERVAL: 30
2026-04-25T22:56:22.8989110Z ##[endgroup]
2026-04-25T22:56:23.0019625Z ##[group]Modifying PATH
2026-04-25T22:56:23.0020763Z Entries added to PATH to use selected Ruby:
2026-04-25T22:56:23.0021291Z   /opt/hostedtoolcache/Ruby/3.2.11/x64/bin
2026-04-25T22:56:23.0024079Z ##[endgroup]
2026-04-25T22:56:23.0024741Z ##[group]Print Ruby version
2026-04-25T22:56:23.1017482Z [command]/opt/hostedtoolcache/Ruby/3.2.11/x64/bin/ruby --version
2026-04-25T22:56:23.3308134Z ruby 3.2.11 (2026-03-27 revision 5483bfc1ae) [x86_64-linux]
2026-04-25T22:56:23.3334919Z Took   0.33 seconds
2026-04-25T22:56:23.3335619Z ##[endgroup]
2026-04-25T22:56:23.3336903Z ##[group]Installing Bundler
2026-04-25T22:56:23.3342788Z Using Bundler shipped with ruby-3.2.11
2026-04-25T22:56:23.3343105Z Took   0.00 seconds
2026-04-25T22:56:23.3343561Z ##[endgroup]
2026-04-25T22:56:23.3920332Z ##[group]Run actions/cache@v4
2026-04-25T22:56:23.3920555Z with:
2026-04-25T22:56:23.3920894Z   path: /home/runner/work/_actions/lewagon/wait-on-check-action/ccfb013c15c8afb7bf2b7c028fb74dc5a068cccc
2026-04-25T22:56:23.3921298Z   key: Linux-gems-
2026-04-25T22:56:23.3921457Z   restore-keys: Linux-gems-
2026-04-25T22:56:23.3921646Z   enableCrossOsArchive: false
2026-04-25T22:56:23.3921829Z   fail-on-cache-miss: false
2026-04-25T22:56:23.3922001Z   lookup-only: false
2026-04-25T22:56:23.3922160Z   save-always: false
2026-04-25T22:56:23.3922298Z env:
2026-04-25T22:56:23.3922436Z   WAIT_INTERVAL: 30
2026-04-25T22:56:23.3922580Z ##[endgroup]
2026-04-25T22:56:23.6074737Z Cache not found for input keys: Linux-gems-, Linux-gems-
2026-04-25T22:56:23.6139301Z ##[group]Run bundle install --jobs 4 --retry 3
2026-04-25T22:56:23.6139570Z [36;1mbundle install --jobs 4 --retry 3[0m
2026-04-25T22:56:23.6159800Z shell: /usr/bin/bash --noprofile --norc -e -o pipefail {0}
2026-04-25T22:56:23.6160061Z env:
2026-04-25T22:56:23.6160208Z   WAIT_INTERVAL: 30
2026-04-25T22:56:23.6160365Z ##[endgroup]
2026-04-25T22:56:24.8527240Z Bundler 2.4.19 is running, but your lockfile was generated with 2.2.3. Installing Bundler 2.2.3 and restarting using that version.
2026-04-25T22:56:26.1901661Z Fetching gem metadata from https://rubygems.org/.
2026-04-25T22:56:26.1964007Z Fetching bundler 2.2.3
2026-04-25T22:56:26.3075584Z Installing bundler 2.2.3
2026-04-25T22:56:26.4715543Z Calling `DidYouMean::SPELL_CHECKERS.merge!(error_name => spell_checker)' has been deprecated. Please call `DidYouMean.correct_error(error_name, spell_checker)' instead.
2026-04-25T22:56:27.5289971Z Fetching gem metadata from https://rubygems.org/.........
2026-04-25T22:56:27.5366170Z Fetching zeitwerk 2.6.7
2026-04-25T22:56:27.5369272Z Fetching concurrent-ruby 1.2.2
2026-04-25T22:56:27.5754343Z Fetching minitest 5.18.0
2026-04-25T22:56:27.5758593Z Fetching public_suffix 4.0.7
2026-04-25T22:56:27.6291912Z Installing zeitwerk 2.6.7
2026-04-25T22:56:27.6405838Z Installing minitest 5.18.0
2026-04-25T22:56:27.6468087Z Installing public_suffix 4.0.7
2026-04-25T22:56:27.6684193Z Fetching ast 2.4.2
2026-04-25T22:56:27.6972668Z Installing concurrent-ruby 1.2.2
2026-04-25T22:56:27.7033328Z Installing ast 2.4.2
2026-04-25T22:56:27.7041800Z Using bundler 2.2.3
2026-04-25T22:56:27.7045063Z Fetching byebug 11.1.3
2026-04-25T22:56:27.7335032Z Fetching diff-lcs 1.4.4
2026-04-25T22:56:27.7578570Z Installing byebug 11.1.3 with native extensions
2026-04-25T22:56:27.7695025Z Fetching faraday-net_http 2.0.3
2026-04-25T22:56:27.8018036Z Installing diff-lcs 1.4.4
2026-04-25T22:56:27.8148350Z Installing faraday-net_http 2.0.3
2026-04-25T22:56:27.8240275Z Using ruby2_keywords 0.0.5
2026-04-25T22:56:27.8249367Z Fetching json 2.7.1
2026-04-25T22:56:27.8619766Z Installing json 2.7.1 with native extensions
2026-04-25T22:56:27.9220308Z Fetching language_server-protocol 3.17.0.3
2026-04-25T22:56:27.9589507Z Fetching lint_roller 1.1.0
2026-04-25T22:56:27.9921789Z Installing language_server-protocol 3.17.0.3
2026-04-25T22:56:28.0018638Z Installing lint_roller 1.1.0
2026-04-25T22:56:28.0119211Z Fetching parallel 1.24.0
2026-04-25T22:56:28.0414441Z Installing parallel 1.24.0
2026-04-25T22:56:28.0475289Z Fetching racc 1.7.3
2026-04-25T22:56:28.0830215Z Installing racc 1.7.3 with native extensions
2026-04-25T22:56:28.1356527Z Fetching rainbow 3.1.1
2026-04-25T22:56:28.1688800Z Installing rainbow 3.1.1
2026-04-25T22:56:28.1760817Z Fetching regexp_parser 2.8.3
2026-04-25T22:56:28.2117708Z Installing regexp_parser 2.8.3
2026-04-25T22:56:28.2302383Z Fetching rexml 3.2.6
2026-04-25T22:56:28.2710507Z Installing rexml 3.2.6
2026-04-25T22:56:28.3364979Z Fetching rspec-support 3.10.1
2026-04-25T22:56:28.3986445Z Installing rspec-support 3.10.1
2026-04-25T22:56:28.4095132Z Fetching ruby-progressbar 1.13.0
2026-04-25T22:56:28.4408825Z Installing ruby-progressbar 1.13.0
2026-04-25T22:56:28.4487258Z Fetching unicode-display_width 2.5.0
2026-04-25T22:56:28.4778248Z Installing unicode-display_width 2.5.0
2026-04-25T22:56:28.4823237Z Fetching addressable 2.8.0
2026-04-25T22:56:28.5151602Z Installing addressable 2.8.0
2026-04-25T22:56:28.5263560Z Fetching faraday 2.3.0
2026-04-25T22:56:28.5591960Z Installing faraday 2.3.0
2026-04-25T22:56:28.5751005Z Fetching i18n 1.12.0
2026-04-25T22:56:28.6053693Z Installing i18n 1.12.0
2026-04-25T22:56:28.6158047Z Fetching tzinfo 2.0.6
2026-04-25T22:56:28.6472393Z Installing tzinfo 2.0.6
2026-04-25T22:56:28.6607802Z Fetching rspec-core 3.10.1
2026-04-25T22:56:28.6976812Z Installing rspec-core 3.10.1
2026-04-25T22:56:28.7170865Z Fetching rspec-expectations 3.10.1
2026-04-25T22:56:28.7488683Z Installing rspec-expectations 3.10.1
2026-04-25T22:56:28.7619399Z Fetching rspec-mocks 3.10.1
2026-04-25T22:56:28.7940346Z Installing rspec-mocks 3.10.1
2026-04-25T22:56:28.8054798Z Fetching faraday-retry 2.0.0
2026-04-25T22:56:28.8328076Z Installing faraday-retry 2.0.0
2026-04-25T22:56:28.8373351Z Fetching sawyer 0.9.2
2026-04-25T22:56:28.8631045Z Installing sawyer 0.9.2
2026-04-25T22:56:28.8688697Z Fetching activesupport 6.1.7.3
2026-04-25T22:56:28.9060298Z Installing activesupport 6.1.7.3
2026-04-25T22:56:28.9503010Z Fetching rspec 3.10.0
2026-04-25T22:56:28.9847634Z Installing rspec 3.10.0
2026-04-25T22:56:28.9883858Z Fetching octokit 4.25.0
2026-04-25T22:56:29.0210415Z Installing octokit 4.25.0
2026-04-25T22:56:29.8098805Z Fetching parser 3.2.2.4
2026-04-25T22:56:29.9019701Z Installing parser 3.2.2.4
2026-04-25T22:56:29.9975697Z Fetching rubocop-ast 1.30.0
2026-04-25T22:56:30.0462981Z Installing rubocop-ast 1.30.0
2026-04-25T22:56:32.2593997Z Fetching rubocop 1.57.2
2026-04-25T22:56:32.3108174Z Installing rubocop 1.57.2
2026-04-25T22:56:32.4366163Z Fetching standard-custom 1.0.2
2026-04-25T22:56:32.4370173Z Fetching rubocop-performance 1.19.1
2026-04-25T22:56:32.4793599Z Installing standard-custom 1.0.2
2026-04-25T22:56:32.4863987Z Installing rubocop-performance 1.19.1
2026-04-25T22:56:32.4972383Z Fetching standard-performance 1.2.1
2026-04-25T22:56:32.5247700Z Installing standard-performance 1.2.1
2026-04-25T22:56:32.5311808Z Fetching standard 1.32.1
2026-04-25T22:56:32.5610510Z Installing standard 1.32.1
2026-04-25T22:56:32.5778566Z Bundle complete! 6 Gemfile dependencies, 40 gems now installed.
2026-04-25T22:56:32.5779471Z Use `bundle info [gemname]` to see where a bundled gem is installed.
2026-04-25T22:56:32.6233204Z ##[group]Run ruby entrypoint.rb
2026-04-25T22:56:32.6233440Z [36;1mruby entrypoint.rb[0m
2026-04-25T22:56:32.6251245Z shell: /usr/bin/bash --noprofile --norc -e -o pipefail {0}
2026-04-25T22:56:32.6251510Z env:
2026-04-25T22:56:32.6251660Z   WAIT_INTERVAL: 30
2026-04-25T22:56:32.6251850Z   ALLOWED_CONCLUSIONS: success,skipped,neutral
2026-04-25T22:56:32.6252078Z   IGNORE_CHECKS: 
2026-04-25T22:56:32.6252224Z   CHECK_NAME: 
2026-04-25T22:56:32.6252370Z   CHECK_REGEXP: 
2026-04-25T22:56:32.6252548Z   REF: 6efa8113f1a0ba2a0ecdd86b1e53ebfc0f73dc54
2026-04-25T22:56:32.6252966Z   REPO_TOKEN: ***
2026-04-25T22:56:32.6253130Z   VERBOSE: true
2026-04-25T22:56:32.6253299Z   RUNNING_WORKFLOW_NAME: Auto-merge
2026-04-25T22:56:32.6253494Z   API_ENDPOINT: 
2026-04-25T22:56:32.6253651Z ##[endgroup]
2026-04-25T23:00:37.3268484Z Checks running on ref:
2026-04-25T23:00:37.3269223Z Checks completed: capture-failure-log, e2e, capture-failure-log, cross-device-tests, maybe-label, connected-tests, web-lint-and-test
2026-04-25T23:00:37.3269837Z Checks in_progress: autofix, lint-and-test, test, Auto-merge
2026-04-25T23:00:37.3270217Z Checks after ignore checks filter:
2026-04-25T23:00:37.3270865Z Checks completed: capture-failure-log, e2e, capture-failure-log, cross-device-tests, maybe-label, connected-tests, web-lint-and-test
2026-04-25T23:00:37.3271587Z Checks in_progress: autofix, lint-and-test, test
2026-04-25T23:00:37.3271927Z Checks after check_name filter:
2026-04-25T23:00:37.3272605Z Checks completed: capture-failure-log, e2e, capture-failure-log, cross-device-tests, maybe-label, connected-tests, web-lint-and-test
2026-04-25T23:00:37.3273363Z Checks in_progress: autofix, lint-and-test, test
2026-04-25T23:00:37.3273626Z Checks after Regexp filter:
2026-04-25T23:00:37.3274039Z Checks completed: capture-failure-log, e2e, capture-failure-log, cross-device-tests, maybe-label, connected-tests, web-lint-and-test
2026-04-25T23:00:37.3274488Z Checks in_progress: autofix, lint-and-test, test
2026-04-25T23:00:37.3274772Z The requested checks aren't complete yet, will check back in 30 seconds...
2026-04-25T23:00:37.3275043Z Checks running on ref:
2026-04-25T23:00:37.3275425Z Checks completed: capture-failure-log, e2e, capture-failure-log, cross-device-tests, maybe-label, connected-tests, web-lint-and-test
2026-04-25T23:00:37.3275885Z Checks in_progress: autofix, lint-and-test, test, Auto-merge
2026-04-25T23:00:37.3276352Z Checks after ignore checks filter:
2026-04-25T23:00:37.3276754Z Checks completed: capture-failure-log, e2e, capture-failure-log, cross-device-tests, maybe-label, connected-tests, web-lint-and-test
2026-04-25T23:00:37.3277209Z Checks in_progress: autofix, lint-and-test, test
2026-04-25T23:00:37.3277427Z Checks after check_name filter:
2026-04-25T23:00:37.3277832Z Checks completed: capture-failure-log, e2e, capture-failure-log, cross-device-tests, maybe-label, connected-tests, web-lint-and-test
2026-04-25T23:00:37.3278275Z Checks in_progress: autofix, lint-and-test, test
2026-04-25T23:00:37.3278489Z Checks after Regexp filter:
2026-04-25T23:00:37.3278877Z Checks completed: capture-failure-log, e2e, capture-failure-log, cross-device-tests, maybe-label, connected-tests, web-lint-and-test
2026-04-25T23:00:37.3279339Z Checks in_progress: autofix, lint-and-test, test
2026-04-25T23:00:37.3279621Z The requested checks aren't complete yet, will check back in 30 seconds...
2026-04-25T23:00:37.3279889Z Checks running on ref:
2026-04-25T23:00:37.3280269Z Checks completed: capture-failure-log, e2e, capture-failure-log, cross-device-tests, maybe-label, connected-tests, web-lint-and-test
2026-04-25T23:00:37.3281120Z Checks in_progress: autofix, lint-and-test, test, Auto-merge
2026-04-25T23:00:37.3281359Z Checks after ignore checks filter:
2026-04-25T23:00:37.3281762Z Checks completed: capture-failure-log, e2e, capture-failure-log, cross-device-tests, maybe-label, connected-tests, web-lint-and-test
2026-04-25T23:00:37.3282337Z Checks in_progress: autofix, lint-and-test, test
2026-04-25T23:00:37.3282550Z Checks after check_name filter:
2026-04-25T23:00:37.3282965Z Checks completed: capture-failure-log, e2e, capture-failure-log, cross-device-tests, maybe-label, connected-tests, web-lint-and-test
2026-04-25T23:00:37.3283501Z Checks in_progress: autofix, lint-and-test, test
2026-04-25T23:00:37.3283705Z Checks after Regexp filter:
2026-04-25T23:00:37.3284090Z Checks completed: capture-failure-log, e2e, capture-failure-log, cross-device-tests, maybe-label, connected-tests, web-lint-and-test
2026-04-25T23:00:37.3284521Z Checks in_progress: autofix, lint-and-test, test
2026-04-25T23:00:37.3284799Z The requested checks aren't complete yet, will check back in 30 seconds...
2026-04-25T23:00:37.3285061Z Checks running on ref:
2026-04-25T23:00:37.3285429Z Checks completed: capture-failure-log, e2e, capture-failure-log, cross-device-tests, maybe-label, connected-tests, web-lint-and-test
2026-04-25T23:00:37.3285891Z Checks in_progress: autofix, lint-and-test, test, Auto-merge
2026-04-25T23:00:37.3286336Z Checks after ignore checks filter:
2026-04-25T23:00:37.3286741Z Checks completed: capture-failure-log, e2e, capture-failure-log, cross-device-tests, maybe-label, connected-tests, web-lint-and-test
2026-04-25T23:00:37.3287183Z Checks in_progress: autofix, lint-and-test, test
2026-04-25T23:00:37.3287396Z Checks after check_name filter:
2026-04-25T23:00:37.3287784Z Checks completed: capture-failure-log, e2e, capture-failure-log, cross-device-tests, maybe-label, connected-tests, web-lint-and-test
2026-04-25T23:00:37.3288218Z Checks in_progress: autofix, lint-and-test, test
2026-04-25T23:00:37.3288448Z Checks after Regexp filter:
2026-04-25T23:00:37.3288827Z Checks completed: capture-failure-log, e2e, capture-failure-log, cross-device-tests, maybe-label, connected-tests, web-lint-and-test
2026-04-25T23:00:37.3289251Z Checks in_progress: autofix, lint-and-test, test
2026-04-25T23:00:37.3289522Z The requested checks aren't complete yet, will check back in 30 seconds...
2026-04-25T23:00:37.3289788Z Checks running on ref:
2026-04-25T23:00:37.3290162Z Checks completed: capture-failure-log, e2e, capture-failure-log, cross-device-tests, maybe-label, connected-tests, web-lint-and-test
2026-04-25T23:00:37.3290628Z Checks in_progress: autofix, lint-and-test, test, Auto-merge
2026-04-25T23:00:37.3290874Z Checks after ignore checks filter:
2026-04-25T23:00:37.3291280Z Checks completed: capture-failure-log, e2e, capture-failure-log, cross-device-tests, maybe-label, connected-tests, web-lint-and-test
2026-04-25T23:00:37.3291711Z Checks in_progress: autofix, lint-and-test, test
2026-04-25T23:00:37.3291933Z Checks after check_name filter:
2026-04-25T23:00:37.3292323Z Checks completed: capture-failure-log, e2e, capture-failure-log, cross-device-tests, maybe-label, connected-tests, web-lint-and-test
2026-04-25T23:00:37.3292747Z Checks in_progress: autofix, lint-and-test, test
2026-04-25T23:00:37.3292950Z Checks after Regexp filter:
2026-04-25T23:00:37.3293334Z Checks completed: capture-failure-log, e2e, capture-failure-log, cross-device-tests, maybe-label, connected-tests, web-lint-and-test
2026-04-25T23:00:37.3293766Z Checks in_progress: autofix, lint-and-test, test
2026-04-25T23:00:37.3294057Z The requested checks aren't complete yet, will check back in 30 seconds...
2026-04-25T23:00:37.3294318Z Checks running on ref:
2026-04-25T23:00:37.3294769Z Checks completed: capture-failure-log, capture-failure-log, e2e, capture-failure-log, cross-device-tests, maybe-label, connected-tests, test, web-lint-and-test
2026-04-25T23:00:37.3295285Z Checks in_progress: autofix, lint-and-test, Auto-merge
2026-04-25T23:00:37.3295664Z Checks after ignore checks filter:
2026-04-25T23:00:37.3296279Z Checks completed: capture-failure-log, capture-failure-log, e2e, capture-failure-log, cross-device-tests, maybe-label, connected-tests, test, web-lint-and-test
2026-04-25T23:00:37.3296814Z Checks in_progress: autofix, lint-and-test
2026-04-25T23:00:37.3297014Z Checks after check_name filter:
2026-04-25T23:00:37.3297591Z Checks completed: capture-failure-log, capture-failure-log, e2e, capture-failure-log, cross-device-tests, maybe-label, connected-tests, test, web-lint-and-test
2026-04-25T23:00:37.3298105Z Checks in_progress: autofix, lint-and-test
2026-04-25T23:00:37.3298302Z Checks after Regexp filter:
2026-04-25T23:00:37.3298762Z Checks completed: capture-failure-log, capture-failure-log, e2e, capture-failure-log, cross-device-tests, maybe-label, connected-tests, test, web-lint-and-test
2026-04-25T23:00:37.3299247Z Checks in_progress: autofix, lint-and-test
2026-04-25T23:00:37.3299518Z The requested checks aren't complete yet, will check back in 30 seconds...
2026-04-25T23:00:37.3299791Z Checks running on ref:
2026-04-25T23:00:37.3300263Z Checks completed: capture-failure-log, capture-failure-log, e2e, capture-failure-log, cross-device-tests, maybe-label, connected-tests, autofix, test, web-lint-and-test
2026-04-25T23:00:37.3300794Z Checks in_progress: lint-and-test, Auto-merge
2026-04-25T23:00:37.3301005Z Checks after ignore checks filter:
2026-04-25T23:00:37.3301495Z Checks completed: capture-failure-log, capture-failure-log, e2e, capture-failure-log, cross-device-tests, maybe-label, connected-tests, autofix, test, web-lint-and-test
2026-04-25T23:00:37.3302006Z Checks in_progress: lint-and-test
2026-04-25T23:00:37.3302192Z Checks after check_name filter:
2026-04-25T23:00:37.3302670Z Checks completed: capture-failure-log, capture-failure-log, e2e, capture-failure-log, cross-device-tests, maybe-label, connected-tests, autofix, test, web-lint-and-test
2026-04-25T23:00:37.3303177Z Checks in_progress: lint-and-test
2026-04-25T23:00:37.3303363Z Checks after Regexp filter:
2026-04-25T23:00:37.3303835Z Checks completed: capture-failure-log, capture-failure-log, e2e, capture-failure-log, cross-device-tests, maybe-label, connected-tests, autofix, test, web-lint-and-test
2026-04-25T23:00:37.3304338Z Checks in_progress: lint-and-test
2026-04-25T23:00:37.3304583Z The requested checks aren't complete yet, will check back in 30 seconds...
2026-04-25T23:00:37.3304847Z Checks running on ref:
2026-04-25T23:00:37.3305347Z Checks completed: capture-failure-log, capture-failure-log, e2e, capture-failure-log, cross-device-tests, maybe-label, connected-tests, autofix, test, web-lint-and-test
2026-04-25T23:00:37.3305866Z Checks in_progress: lint-and-test, Auto-merge
2026-04-25T23:00:37.3306217Z Checks after ignore checks filter:
2026-04-25T23:00:37.3306709Z Checks completed: capture-failure-log, capture-failure-log, e2e, capture-failure-log, cross-device-tests, maybe-label, connected-tests, autofix, test, web-lint-and-test
2026-04-25T23:00:37.3307204Z Checks in_progress: lint-and-test
2026-04-25T23:00:37.3307397Z Checks after check_name filter:
2026-04-25T23:00:37.3307875Z Checks completed: capture-failure-log, capture-failure-log, e2e, capture-failure-log, cross-device-tests, maybe-label, connected-tests, autofix, test, web-lint-and-test
2026-04-25T23:00:37.3308369Z Checks in_progress: lint-and-test
2026-04-25T23:00:37.3308544Z Checks after Regexp filter:
2026-04-25T23:00:37.3309018Z Checks completed: capture-failure-log, capture-failure-log, e2e, capture-failure-log, cross-device-tests, maybe-label, connected-tests, autofix, test, web-lint-and-test
2026-04-25T23:00:37.3309519Z Checks in_progress: lint-and-test
2026-04-25T23:00:37.3309760Z The requested checks aren't complete yet, will check back in 30 seconds...
2026-04-25T23:00:37.3310018Z Checks running on ref:
2026-04-25T23:00:37.3310471Z Checks completed: capture-failure-log, capture-failure-log, e2e, capture-failure-log, cross-device-tests, maybe-label, connected-tests, autofix, test, web-lint-and-test
2026-04-25T23:00:37.3311113Z Checks in_progress: lint-and-test, Auto-merge
2026-04-25T23:00:37.3311319Z Checks after ignore checks filter:
2026-04-25T23:00:37.3311796Z Checks completed: capture-failure-log, capture-failure-log, e2e, capture-failure-log, cross-device-tests, maybe-label, connected-tests, autofix, test, web-lint-and-test
2026-04-25T23:00:37.3312300Z Checks in_progress: lint-and-test
2026-04-25T23:02:39.0453125Z Checks after check_name filter:
2026-04-25T23:02:39.0456983Z Checks completed: capture-failure-log, capture-failure-log, e2e, capture-failure-log, cross-device-tests, maybe-label, connected-tests, autofix, test, web-lint-and-test
2026-04-25T23:02:39.0457964Z Checks in_progress: lint-and-test
2026-04-25T23:02:39.0458256Z Checks after Regexp filter:
2026-04-25T23:02:39.0459077Z Checks completed: capture-failure-log, capture-failure-log, e2e, capture-failure-log, cross-device-tests, maybe-label, connected-tests, autofix, test, web-lint-and-test
2026-04-25T23:02:39.0459954Z Checks in_progress: lint-and-test
2026-04-25T23:02:39.0460398Z The requested checks aren't complete yet, will check back in 30 seconds...
2026-04-25T23:02:39.0460819Z Checks running on ref:
2026-04-25T23:02:39.0461603Z Checks completed: capture-failure-log, capture-failure-log, e2e, capture-failure-log, cross-device-tests, maybe-label, connected-tests, autofix, test, web-lint-and-test
2026-04-25T23:02:39.0462338Z Checks in_progress: lint-and-test, Auto-merge
2026-04-25T23:02:39.0462548Z Checks after ignore checks filter:
2026-04-25T23:02:39.0463041Z Checks completed: capture-failure-log, capture-failure-log, e2e, capture-failure-log, cross-device-tests, maybe-label, connected-tests, autofix, test, web-lint-and-test
2026-04-25T23:02:39.0463560Z Checks in_progress: lint-and-test
2026-04-25T23:02:39.0463746Z Checks after check_name filter:
2026-04-25T23:02:39.0464242Z Checks completed: capture-failure-log, capture-failure-log, e2e, capture-failure-log, cross-device-tests, maybe-label, connected-tests, autofix, test, web-lint-and-test
2026-04-25T23:02:39.0464758Z Checks in_progress: lint-and-test
2026-04-25T23:02:39.0464936Z Checks after Regexp filter:
2026-04-25T23:02:39.0465420Z Checks completed: capture-failure-log, capture-failure-log, e2e, capture-failure-log, cross-device-tests, maybe-label, connected-tests, autofix, test, web-lint-and-test
2026-04-25T23:02:39.0465927Z Checks in_progress: lint-and-test
2026-04-25T23:02:39.0466383Z The requested checks aren't complete yet, will check back in 30 seconds...
2026-04-25T23:02:39.0466658Z Checks running on ref:
2026-04-25T23:02:39.0467125Z Checks completed: capture-failure-log, capture-failure-log, e2e, capture-failure-log, cross-device-tests, maybe-label, connected-tests, autofix, test, web-lint-and-test
2026-04-25T23:02:39.0467650Z Checks in_progress: lint-and-test, Auto-merge
2026-04-25T23:02:39.0467858Z Checks after ignore checks filter:
2026-04-25T23:02:39.0468367Z Checks completed: capture-failure-log, capture-failure-log, e2e, capture-failure-log, cross-device-tests, maybe-label, connected-tests, autofix, test, web-lint-and-test
2026-04-25T23:02:39.0468880Z Checks in_progress: lint-and-test
2026-04-25T23:02:39.0469062Z Checks after check_name filter:
2026-04-25T23:02:39.0469551Z Checks completed: capture-failure-log, capture-failure-log, e2e, capture-failure-log, cross-device-tests, maybe-label, connected-tests, autofix, test, web-lint-and-test
2026-04-25T23:02:39.0470055Z Checks in_progress: lint-and-test
2026-04-25T23:02:39.0470239Z Checks after Regexp filter:
2026-04-25T23:02:39.0470713Z Checks completed: capture-failure-log, capture-failure-log, e2e, capture-failure-log, cross-device-tests, maybe-label, connected-tests, autofix, test, web-lint-and-test
2026-04-25T23:02:39.0471218Z Checks in_progress: lint-and-test
2026-04-25T23:02:39.0471467Z The requested checks aren't complete yet, will check back in 30 seconds...
2026-04-25T23:02:39.0471725Z Checks running on ref:
2026-04-25T23:02:39.0472189Z Checks completed: capture-failure-log, capture-failure-log, e2e, capture-failure-log, cross-device-tests, maybe-label, connected-tests, autofix, test, web-lint-and-test
2026-04-25T23:02:39.0472931Z Checks in_progress: lint-and-test, Auto-merge
2026-04-25T23:02:39.0473138Z Checks after ignore checks filter:
2026-04-25T23:02:39.0473631Z Checks completed: capture-failure-log, capture-failure-log, e2e, capture-failure-log, cross-device-tests, maybe-label, connected-tests, autofix, test, web-lint-and-test
2026-04-25T23:02:39.0474234Z Checks in_progress: lint-and-test
2026-04-25T23:02:39.0474415Z Checks after check_name filter:
2026-04-25T23:02:39.0474895Z Checks completed: capture-failure-log, capture-failure-log, e2e, capture-failure-log, cross-device-tests, maybe-label, connected-tests, autofix, test, web-lint-and-test
2026-04-25T23:02:39.0475399Z Checks in_progress: lint-and-test
2026-04-25T23:02:39.0475570Z Checks after Regexp filter:
2026-04-25T23:02:39.0476223Z Checks completed: capture-failure-log, capture-failure-log, e2e, capture-failure-log, cross-device-tests, maybe-label, connected-tests, autofix, test, web-lint-and-test
2026-04-25T23:02:39.0476745Z Checks in_progress: lint-and-test
2026-04-25T23:02:39.0476990Z The requested checks aren't complete yet, will check back in 30 seconds...
2026-04-25T23:02:39.0477252Z Checks running on ref:
2026-04-25T23:02:39.0477880Z Checks completed: capture-failure-log, firebase-distribute, capture-failure-log, capture-failure-log, e2e, capture-failure-log, cross-device-tests, maybe-label, connected-tests, autofix, lint-and-test, test, web-lint-and-test
2026-04-25T23:02:39.0478675Z Checks in_progress: Auto-merge
2026-04-25T23:02:39.0478859Z Checks after ignore checks filter:
2026-04-25T23:02:39.0479512Z Checks completed: capture-failure-log, firebase-distribute, capture-failure-log, capture-failure-log, e2e, capture-failure-log, cross-device-tests, maybe-label, connected-tests, autofix, lint-and-test, test, web-lint-and-test
2026-04-25T23:02:39.0480161Z Checks after check_name filter:
2026-04-25T23:02:39.0480790Z Checks completed: capture-failure-log, firebase-distribute, capture-failure-log, capture-failure-log, e2e, capture-failure-log, cross-device-tests, maybe-label, connected-tests, autofix, lint-and-test, test, web-lint-and-test
2026-04-25T23:02:39.0481448Z Checks after Regexp filter:
2026-04-25T23:02:39.0482094Z Checks completed: capture-failure-log, firebase-distribute, capture-failure-log, capture-failure-log, e2e, capture-failure-log, cross-device-tests, maybe-label, connected-tests, autofix, lint-and-test, test, web-lint-and-test
2026-04-25T23:02:39.0482753Z Checks completed:
2026-04-25T23:02:39.0482919Z capture-failure-log: completed (skipped)
2026-04-25T23:02:39.0483131Z firebase-distribute: completed (cancelled)
2026-04-25T23:02:39.0483340Z capture-failure-log: completed (skipped)
2026-04-25T23:02:39.0483536Z capture-failure-log: completed (skipped)
2026-04-25T23:02:39.0483719Z e2e: completed (success)
2026-04-25T23:02:39.0483891Z capture-failure-log: completed (skipped)
2026-04-25T23:02:39.0484086Z cross-device-tests: completed (skipped)
2026-04-25T23:02:39.0484292Z maybe-label: completed (success)
2026-04-25T23:02:39.0484479Z connected-tests: completed (skipped)
2026-04-25T23:02:39.0484669Z autofix: completed (cancelled)
2026-04-25T23:02:39.0484850Z lint-and-test: completed (cancelled)
2026-04-25T23:02:39.0485038Z test: completed (cancelled)
2026-04-25T23:02:39.0485222Z web-lint-and-test: completed (success)
2026-04-25T23:02:39.0485726Z The conclusion of one or more checks were not allowed. Allowed conclusions are: success, skipped, neutral. This can be configured with the 'allowed-conclusions' param.
2026-04-25T23:02:39.0558053Z ##[error]Process completed with exit code 1.
2026-04-25T23:02:39.0655206Z Post job cleanup.
2026-04-25T23:02:39.0711408Z Cleaning up orphan processes
2026-04-25T23:02:39.0924217Z ##[warning]Node.js 20 actions are deprecated. The following actions are running on Node.js 20 and may not work as expected: actions/cache@v4. Actions will be forced to run with Node.js 24 by default starting June 2nd, 2026. Node.js 20 will be removed from the runner on September 16th, 2026. Please check if updated versions of these actions are available that support Node.js 24. To opt into Node.js 24 now, set the FORCE_JAVASCRIPT_ACTIONS_TO_NODE24=true environment variable on the runner or in your workflow file. Once Node.js 24 becomes the default, you can temporarily opt out by setting ACTIONS_ALLOW_USE_UNSECURE_NODE_VERSION=true. For more information see: https://github.blog/changelog/2025-09-19-deprecation-of-node-20-on-github-actions-runners/
