=== CI FAILURE ===
Workflow:      Auto-merge & Release
Workflow file: akarlin3/prismTask/.github/workflows/auto-merge.yml@refs/pull/832/merge
Job(s):        Auto-merge
Run ID:        24974140328
Run attempt:   1
Run URL:       https://github.com/akarlin3/prismTask/actions/runs/24974140328
Commit:        21995ce42b395bbb5f5a085581425fb81db2d1e6
Branch:        832/merge
Event:         pull_request
Actor:         akarlin3
Runner OS:     Linux
Timestamp:     2026-04-27T02:59:03.967Z

Failed steps:
  - Auto-merge: #4 Wait for all other CI checks to pass

=== FAILED JOB LOG ===

--- Job: Auto-merge (id 73122578136) ---
2026-04-27T02:47:12.4243046Z Current runner version: '2.333.1'
2026-04-27T02:47:12.4266647Z ##[group]Runner Image Provisioner
2026-04-27T02:47:12.4267458Z Hosted Compute Agent
2026-04-27T02:47:12.4268033Z Version: 20260213.493
2026-04-27T02:47:12.4268648Z Commit: 5c115507f6dd24b8de37d8bbe0bb4509d0cc0fa3
2026-04-27T02:47:12.4269332Z Build Date: 2026-02-13T00:28:41Z
2026-04-27T02:47:12.4270011Z Worker ID: {1ccce60d-6977-4581-a5e3-6b73d6144cf8}
2026-04-27T02:47:12.4270925Z Azure Region: centralus
2026-04-27T02:47:12.4271440Z ##[endgroup]
2026-04-27T02:47:12.4272898Z ##[group]Operating System
2026-04-27T02:47:12.4273492Z Ubuntu
2026-04-27T02:47:12.4273919Z 24.04.4
2026-04-27T02:47:12.4274441Z LTS
2026-04-27T02:47:12.4274875Z ##[endgroup]
2026-04-27T02:47:12.4275366Z ##[group]Runner Image
2026-04-27T02:47:12.4275932Z Image: ubuntu-24.04
2026-04-27T02:47:12.4276410Z Version: 20260413.86.1
2026-04-27T02:47:12.4277583Z Included Software: https://github.com/actions/runner-images/blob/ubuntu24/20260413.86/images/ubuntu/Ubuntu2404-Readme.md
2026-04-27T02:47:12.4279065Z Image Release: https://github.com/actions/runner-images/releases/tag/ubuntu24%2F20260413.86
2026-04-27T02:47:12.4279944Z ##[endgroup]
2026-04-27T02:47:12.4281451Z ##[group]GITHUB_TOKEN Permissions
2026-04-27T02:47:12.4283536Z Actions: read
2026-04-27T02:47:12.4284030Z Checks: read
2026-04-27T02:47:12.4284623Z Contents: write
2026-04-27T02:47:12.4285125Z Metadata: read
2026-04-27T02:47:12.4285582Z PullRequests: write
2026-04-27T02:47:12.4286161Z ##[endgroup]
2026-04-27T02:47:12.4288068Z Secret source: Actions
2026-04-27T02:47:12.4288773Z Prepare workflow directory
2026-04-27T02:47:12.5843191Z Prepare all required actions
2026-04-27T02:47:12.5880191Z Getting action download info
2026-04-27T02:47:12.8580643Z Download action repository 'lewagon/wait-on-check-action@ccfb013c15c8afb7bf2b7c028fb74dc5a068cccc' (SHA:ccfb013c15c8afb7bf2b7c028fb74dc5a068cccc)
2026-04-27T02:47:13.3998447Z Getting action download info
2026-04-27T02:47:13.6037205Z Download action repository 'ruby/setup-ruby@v1' (SHA:c4e5b1316158f92e3d49443a9d58b31d25ac0f8f)
2026-04-27T02:47:14.1479337Z Download action repository 'actions/cache@v4' (SHA:0057852bfaa89a56745cba8c7296529d2fc39830)
2026-04-27T02:47:14.4566033Z Complete job name: Auto-merge
2026-04-27T02:47:14.6240831Z ##[group]Run set -euo pipefail
2026-04-27T02:47:14.6241358Z [36;1mset -euo pipefail[0m
2026-04-27T02:47:14.6241829Z [36;1m# Audit item #5 — poll check-runs for up to 60s instead of a bare[0m
2026-04-27T02:47:14.6242410Z [36;1m# 20s sleep. On a busy runner cohort the initial 20s wasn't enough[0m
2026-04-27T02:47:14.6242954Z [36;1m# for the API to reflect queued workflow runs, which could merge[0m
2026-04-27T02:47:14.6243504Z [36;1m# PRs without waiting for CI. Bail out early as soon as ≥1 real[0m
2026-04-27T02:47:14.6243941Z [36;1m# check shows up.[0m
2026-04-27T02:47:14.6244229Z [36;1mCOUNT=0[0m
2026-04-27T02:47:14.6244514Z [36;1mfor i in $(seq 1 6); do[0m
2026-04-27T02:47:14.6244835Z [36;1m  sleep 10[0m
2026-04-27T02:47:14.6245236Z [36;1m  COUNT=$(gh api "repos/$REPO/commits/$HEAD_SHA/check-runs" \[0m
2026-04-27T02:47:14.6245861Z [36;1m    --jq '[.check_runs[] | select(.name != "Auto-merge")] | length')[0m
2026-04-27T02:47:14.6246382Z [36;1m  if [ "$COUNT" -gt 0 ]; then[0m
2026-04-27T02:47:14.6246811Z [36;1m    echo "Found $COUNT non-Auto-merge check(s) after ${i}0s"[0m
2026-04-27T02:47:14.6247242Z [36;1m    break[0m
2026-04-27T02:47:14.6247512Z [36;1m  fi[0m
2026-04-27T02:47:14.6247860Z [36;1m  echo "No non-Auto-merge checks yet (attempt $i/6)"[0m
2026-04-27T02:47:14.6248275Z [36;1mdone[0m
2026-04-27T02:47:14.6248565Z [36;1mif [ "$COUNT" -gt 0 ]; then[0m
2026-04-27T02:47:14.6248951Z [36;1m  echo "has_ci=true" >> "$GITHUB_OUTPUT"[0m
2026-04-27T02:47:14.6249329Z [36;1melse[0m
2026-04-27T02:47:14.6249642Z [36;1m  echo "has_ci=false" >> "$GITHUB_OUTPUT"[0m
2026-04-27T02:47:14.6250154Z [36;1m  echo "No CI checks on this PR after 60s — will merge without waiting."[0m
2026-04-27T02:47:14.6250790Z [36;1mfi[0m
2026-04-27T02:47:14.6276841Z shell: /usr/bin/bash -e {0}
2026-04-27T02:47:14.6277504Z env:
2026-04-27T02:47:14.6277802Z   WAIT_INTERVAL: 30
2026-04-27T02:47:14.6278449Z   GH_TOKEN: ***
2026-04-27T02:47:14.6278807Z   HEAD_SHA: 3f0a327229b1f061a53b907129563e839fe75014
2026-04-27T02:47:14.6279207Z   REPO: akarlin3/prismTask
2026-04-27T02:47:14.6279526Z ##[endgroup]
2026-04-27T02:47:25.0888169Z Found 7 non-Auto-merge check(s) after 10s
2026-04-27T02:47:25.2109610Z ##[group]Run set -euo pipefail
2026-04-27T02:47:25.2110007Z [36;1mset -euo pipefail[0m
2026-04-27T02:47:25.2110786Z [36;1mREQUIRED=$(gh api "repos/$REPO/branches/main/protection/required_status_checks" \[0m
2026-04-27T02:47:25.2111304Z [36;1m  --jq '.contexts[]' 2>/dev/null || true)[0m
2026-04-27T02:47:25.2111628Z [36;1mif [ -z "$REQUIRED" ]; then[0m
2026-04-27T02:47:25.2112173Z [36;1m  echo "::warning::Could not query branch protection (likely a permission issue) — using hardcoded fallback list."[0m
2026-04-27T02:47:25.2112733Z [36;1m  REQUIRED="$FALLBACK_REQUIRED"[0m
2026-04-27T02:47:25.2113038Z [36;1mfi[0m
2026-04-27T02:47:25.2113339Z [36;1m# Strip Auto-merge from the required list so we don't wait on[0m
2026-04-27T02:47:25.2113811Z [36;1m# ourselves (it's listed because we ARE the running workflow).[0m
2026-04-27T02:47:25.2114339Z [36;1mREQUIRED=$(echo "$REQUIRED" | grep -vE '^\s*Auto-merge\s*$' | grep -vE '^\s*$' || true)[0m
2026-04-27T02:47:25.2114829Z [36;1mif [ -z "$REQUIRED" ]; then[0m
2026-04-27T02:47:25.2115207Z [36;1m  echo "No required checks beyond Auto-merge; skipping queue wait."[0m
2026-04-27T02:47:25.2115593Z [36;1m  exit 0[0m
2026-04-27T02:47:25.2115816Z [36;1mfi[0m
2026-04-27T02:47:25.2116083Z [36;1mecho "Waiting until these required checks queue:"[0m
2026-04-27T02:47:25.2116434Z [36;1mecho "$REQUIRED" | sed 's/^/  /'[0m
2026-04-27T02:47:25.2116803Z [36;1m# 30 attempts × 10s = 5 min ceiling. If checks haven't queued[0m
2026-04-27T02:47:25.2117264Z [36;1m# by then something is genuinely broken (workflow file invalid,[0m
2026-04-27T02:47:25.2117735Z [36;1m# path filter excluding everything, etc.) — log and proceed so[0m
2026-04-27T02:47:25.2118173Z [36;1m# wait-on-check-action can decide how to handle it.[0m
2026-04-27T02:47:25.2118523Z [36;1mfor attempt in $(seq 1 30); do[0m
2026-04-27T02:47:25.2118937Z [36;1m  CHECK_RUNS=$(gh api --paginate "repos/$REPO/commits/$HEAD_SHA/check-runs" \[0m
2026-04-27T02:47:25.2119403Z [36;1m    --jq '.check_runs[].name' | sort -u)[0m
2026-04-27T02:47:25.2119720Z [36;1m  MISSING=""[0m
2026-04-27T02:47:25.2119973Z [36;1m  while IFS= read -r req; do[0m
2026-04-27T02:47:25.2120250Z [36;1m    [ -z "$req" ] && continue[0m
2026-04-27T02:47:25.2120680Z [36;1m    req_trimmed=$(echo "$req" | xargs)[0m
2026-04-27T02:47:25.2121090Z [36;1m    if ! echo "$CHECK_RUNS" | grep -qxF "$req_trimmed"; then[0m
2026-04-27T02:47:25.2121506Z [36;1m      MISSING="$MISSING $req_trimmed"[0m
2026-04-27T02:47:25.2121793Z [36;1m    fi[0m
2026-04-27T02:47:25.2122008Z [36;1m  done <<< "$REQUIRED"[0m
2026-04-27T02:47:25.2122373Z [36;1m  if [ -z "$MISSING" ]; then[0m
2026-04-27T02:47:25.2122782Z [36;1m    echo "All required checks have queued after attempt $attempt."[0m
2026-04-27T02:47:25.2123154Z [36;1m    exit 0[0m
2026-04-27T02:47:25.2123377Z [36;1m  fi[0m
2026-04-27T02:47:25.2123674Z [36;1m  echo "Still waiting for:$MISSING (attempt $attempt/30)"[0m
2026-04-27T02:47:25.2124021Z [36;1m  sleep 10[0m
2026-04-27T02:47:25.2124241Z [36;1mdone[0m
2026-04-27T02:47:25.2124734Z [36;1mecho "::warning::Some required checks never queued after 5 min:$MISSING — proceeding to wait-on-check-action anyway."[0m
2026-04-27T02:47:25.2146891Z shell: /usr/bin/bash -e {0}
2026-04-27T02:47:25.2147154Z env:
2026-04-27T02:47:25.2147356Z   WAIT_INTERVAL: 30
2026-04-27T02:47:25.2147851Z   GH_TOKEN: ***
2026-04-27T02:47:25.2148113Z   HEAD_SHA: 3f0a327229b1f061a53b907129563e839fe75014
2026-04-27T02:47:25.2148434Z   REPO: akarlin3/prismTask
2026-04-27T02:47:25.2148805Z   FALLBACK_REQUIRED: lint-and-test
connected-tests
test
web-lint-and-test

2026-04-27T02:47:25.2149429Z ##[endgroup]
2026-04-27T02:47:25.4475589Z Waiting until these required checks queue:
2026-04-27T02:47:25.4491052Z   {"message":"Resource not accessible by integration","documentation_url":"https://docs.github.com/rest/branches/branch-protection#get-status-checks-protection","status":"403"}
2026-04-27T02:47:25.8315531Z Still waiting for: {message:Resource not accessible by integration,documentation_url:https://docs.github.com/rest/branches/branch-protection#get-status-checks-protection,status:403} (attempt 1/30)
2026-04-27T02:47:36.2474308Z Still waiting for: {message:Resource not accessible by integration,documentation_url:https://docs.github.com/rest/branches/branch-protection#get-status-checks-protection,status:403} (attempt 2/30)
2026-04-27T02:47:46.6555014Z Still waiting for: {message:Resource not accessible by integration,documentation_url:https://docs.github.com/rest/branches/branch-protection#get-status-checks-protection,status:403} (attempt 3/30)
2026-04-27T02:47:57.0709148Z Still waiting for: {message:Resource not accessible by integration,documentation_url:https://docs.github.com/rest/branches/branch-protection#get-status-checks-protection,status:403} (attempt 4/30)
2026-04-27T02:48:07.4736077Z Still waiting for: {message:Resource not accessible by integration,documentation_url:https://docs.github.com/rest/branches/branch-protection#get-status-checks-protection,status:403} (attempt 5/30)
2026-04-27T02:48:17.9265411Z Still waiting for: {message:Resource not accessible by integration,documentation_url:https://docs.github.com/rest/branches/branch-protection#get-status-checks-protection,status:403} (attempt 6/30)
2026-04-27T02:48:28.3240352Z Still waiting for: {message:Resource not accessible by integration,documentation_url:https://docs.github.com/rest/branches/branch-protection#get-status-checks-protection,status:403} (attempt 7/30)
2026-04-27T02:48:38.7849334Z Still waiting for: {message:Resource not accessible by integration,documentation_url:https://docs.github.com/rest/branches/branch-protection#get-status-checks-protection,status:403} (attempt 8/30)
2026-04-27T02:48:49.2147249Z Still waiting for: {message:Resource not accessible by integration,documentation_url:https://docs.github.com/rest/branches/branch-protection#get-status-checks-protection,status:403} (attempt 9/30)
2026-04-27T02:48:59.6169014Z Still waiting for: {message:Resource not accessible by integration,documentation_url:https://docs.github.com/rest/branches/branch-protection#get-status-checks-protection,status:403} (attempt 10/30)
2026-04-27T02:49:10.0893890Z Still waiting for: {message:Resource not accessible by integration,documentation_url:https://docs.github.com/rest/branches/branch-protection#get-status-checks-protection,status:403} (attempt 11/30)
2026-04-27T02:49:20.5422483Z Still waiting for: {message:Resource not accessible by integration,documentation_url:https://docs.github.com/rest/branches/branch-protection#get-status-checks-protection,status:403} (attempt 12/30)
2026-04-27T02:49:30.9861869Z Still waiting for: {message:Resource not accessible by integration,documentation_url:https://docs.github.com/rest/branches/branch-protection#get-status-checks-protection,status:403} (attempt 13/30)
2026-04-27T02:49:41.4627874Z Still waiting for: {message:Resource not accessible by integration,documentation_url:https://docs.github.com/rest/branches/branch-protection#get-status-checks-protection,status:403} (attempt 14/30)
2026-04-27T02:49:51.9010226Z Still waiting for: {message:Resource not accessible by integration,documentation_url:https://docs.github.com/rest/branches/branch-protection#get-status-checks-protection,status:403} (attempt 15/30)
2026-04-27T02:50:02.3146739Z Still waiting for: {message:Resource not accessible by integration,documentation_url:https://docs.github.com/rest/branches/branch-protection#get-status-checks-protection,status:403} (attempt 16/30)
2026-04-27T02:50:12.7124082Z Still waiting for: {message:Resource not accessible by integration,documentation_url:https://docs.github.com/rest/branches/branch-protection#get-status-checks-protection,status:403} (attempt 17/30)
2026-04-27T02:50:23.1304899Z Still waiting for: {message:Resource not accessible by integration,documentation_url:https://docs.github.com/rest/branches/branch-protection#get-status-checks-protection,status:403} (attempt 18/30)
2026-04-27T02:50:33.5112703Z Still waiting for: {message:Resource not accessible by integration,documentation_url:https://docs.github.com/rest/branches/branch-protection#get-status-checks-protection,status:403} (attempt 19/30)
2026-04-27T02:50:43.9322599Z Still waiting for: {message:Resource not accessible by integration,documentation_url:https://docs.github.com/rest/branches/branch-protection#get-status-checks-protection,status:403} (attempt 20/30)
2026-04-27T02:50:54.3722538Z Still waiting for: {message:Resource not accessible by integration,documentation_url:https://docs.github.com/rest/branches/branch-protection#get-status-checks-protection,status:403} (attempt 21/30)
2026-04-27T02:51:04.7764957Z Still waiting for: {message:Resource not accessible by integration,documentation_url:https://docs.github.com/rest/branches/branch-protection#get-status-checks-protection,status:403} (attempt 22/30)
2026-04-27T02:51:15.2571912Z Still waiting for: {message:Resource not accessible by integration,documentation_url:https://docs.github.com/rest/branches/branch-protection#get-status-checks-protection,status:403} (attempt 23/30)
2026-04-27T02:51:25.7152598Z Still waiting for: {message:Resource not accessible by integration,documentation_url:https://docs.github.com/rest/branches/branch-protection#get-status-checks-protection,status:403} (attempt 24/30)
2026-04-27T02:51:36.1491278Z Still waiting for: {message:Resource not accessible by integration,documentation_url:https://docs.github.com/rest/branches/branch-protection#get-status-checks-protection,status:403} (attempt 25/30)
2026-04-27T02:51:46.6075342Z Still waiting for: {message:Resource not accessible by integration,documentation_url:https://docs.github.com/rest/branches/branch-protection#get-status-checks-protection,status:403} (attempt 26/30)
2026-04-27T02:51:57.0188893Z Still waiting for: {message:Resource not accessible by integration,documentation_url:https://docs.github.com/rest/branches/branch-protection#get-status-checks-protection,status:403} (attempt 27/30)
2026-04-27T02:52:07.4775928Z Still waiting for: {message:Resource not accessible by integration,documentation_url:https://docs.github.com/rest/branches/branch-protection#get-status-checks-protection,status:403} (attempt 28/30)
2026-04-27T02:52:17.9167240Z Still waiting for: {message:Resource not accessible by integration,documentation_url:https://docs.github.com/rest/branches/branch-protection#get-status-checks-protection,status:403} (attempt 29/30)
2026-04-27T02:52:28.4484530Z Still waiting for: {message:Resource not accessible by integration,documentation_url:https://docs.github.com/rest/branches/branch-protection#get-status-checks-protection,status:403} (attempt 30/30)
2026-04-27T02:52:38.4531337Z ##[warning]Some required checks never queued after 5 min: {message:Resource not accessible by integration,documentation_url:https://docs.github.com/rest/branches/branch-protection#get-status-checks-protection,status:403} — proceeding to wait-on-check-action anyway.
2026-04-27T02:52:38.5131443Z ##[group]Run lewagon/wait-on-check-action@ccfb013c15c8afb7bf2b7c028fb74dc5a068cccc
2026-04-27T02:52:38.5131869Z with:
2026-04-27T02:52:38.5132067Z   ref: 3f0a327229b1f061a53b907129563e839fe75014
2026-04-27T02:52:38.5132337Z   running-workflow-name: Auto-merge
2026-04-27T02:52:38.5132773Z   repo-token: ***
2026-04-27T02:52:38.5132963Z   wait-interval: 30
2026-04-27T02:52:38.5133206Z   allowed-conclusions: success,skipped,neutral
2026-04-27T02:52:38.5133469Z   verbose: true
2026-04-27T02:52:38.5133635Z env:
2026-04-27T02:52:38.5133787Z   WAIT_INTERVAL: 30
2026-04-27T02:52:38.5133954Z ##[endgroup]
2026-04-27T02:52:38.5775710Z ##[group]Run ruby/setup-ruby@v1
2026-04-27T02:52:38.5775952Z with:
2026-04-27T02:52:38.5776348Z   ruby-version: 3.2
2026-04-27T02:52:38.5776537Z   bundler-cache: false
2026-04-27T02:52:38.5776854Z   token: ***
2026-04-27T02:52:38.5777016Z env:
2026-04-27T02:52:38.5777165Z   WAIT_INTERVAL: 30
2026-04-27T02:52:38.5777334Z ##[endgroup]
2026-04-27T02:52:38.7148385Z ##[group]Modifying PATH
2026-04-27T02:52:38.7148923Z Entries added to PATH to use selected Ruby:
2026-04-27T02:52:38.7149492Z   /opt/hostedtoolcache/Ruby/3.2.11/x64/bin
2026-04-27T02:52:38.7154432Z ##[endgroup]
2026-04-27T02:52:38.7155233Z ##[group]Print Ruby version
2026-04-27T02:52:38.7231344Z [command]/opt/hostedtoolcache/Ruby/3.2.11/x64/bin/ruby --version
2026-04-27T02:52:38.8643001Z ruby 3.2.11 (2026-03-27 revision 5483bfc1ae) [x86_64-linux]
2026-04-27T02:52:38.8677805Z Took   0.15 seconds
2026-04-27T02:52:38.8681195Z ##[endgroup]
2026-04-27T02:52:38.8691564Z ##[group]Installing Bundler
2026-04-27T02:52:38.8692049Z Using Bundler shipped with ruby-3.2.11
2026-04-27T02:52:38.8692497Z Took   0.00 seconds
2026-04-27T02:52:38.8693087Z ##[endgroup]
2026-04-27T02:52:39.0286809Z ##[group]Run actions/cache@v4
2026-04-27T02:52:39.0287053Z with:
2026-04-27T02:52:39.0287455Z   path: /home/runner/work/_actions/lewagon/wait-on-check-action/ccfb013c15c8afb7bf2b7c028fb74dc5a068cccc
2026-04-27T02:52:39.0287937Z   key: Linux-gems-
2026-04-27T02:52:39.0288126Z   restore-keys: Linux-gems-
2026-04-27T02:52:39.0288347Z   enableCrossOsArchive: false
2026-04-27T02:52:39.0288570Z   fail-on-cache-miss: false
2026-04-27T02:52:39.0288764Z   lookup-only: false
2026-04-27T02:52:39.0288949Z   save-always: false
2026-04-27T02:52:39.0289113Z env:
2026-04-27T02:52:39.0289268Z   WAIT_INTERVAL: 30
2026-04-27T02:52:39.0289442Z ##[endgroup]
2026-04-27T02:52:39.3129720Z Cache hit for: Linux-gems-
2026-04-27T02:52:39.5301310Z Received 13179 of 13179 (100.0%), 0.3 MBs/sec
2026-04-27T02:52:39.5302173Z Cache Size: ~0 MB (13179 B)
2026-04-27T02:52:39.5352176Z [command]/usr/bin/tar -xf /home/runner/work/_temp/42eae842-3c59-45d7-88ec-7cbf8666ae6d/cache.tzst -P -C /home/runner/work/prismTask/prismTask --use-compress-program unzstd
2026-04-27T02:52:39.5426669Z Cache restored successfully
2026-04-27T02:52:39.5506781Z Cache restored from key: Linux-gems-
2026-04-27T02:52:39.5745578Z ##[group]Run bundle install --jobs 4 --retry 3
2026-04-27T02:52:39.5745907Z [36;1mbundle install --jobs 4 --retry 3[0m
2026-04-27T02:52:39.5768294Z shell: /usr/bin/bash --noprofile --norc -e -o pipefail {0}
2026-04-27T02:52:39.5768602Z env:
2026-04-27T02:52:39.5768766Z   WAIT_INTERVAL: 30
2026-04-27T02:52:39.5768948Z ##[endgroup]
2026-04-27T02:52:40.5703959Z Bundler 2.4.19 is running, but your lockfile was generated with 2.2.3. Installing Bundler 2.2.3 and restarting using that version.
2026-04-27T02:52:42.1783811Z Fetching gem metadata from https://rubygems.org/.
2026-04-27T02:52:42.1857838Z Fetching bundler 2.2.3
2026-04-27T02:52:42.4103826Z Installing bundler 2.2.3
2026-04-27T02:52:42.6108535Z Calling `DidYouMean::SPELL_CHECKERS.merge!(error_name => spell_checker)' has been deprecated. Please call `DidYouMean.correct_error(error_name, spell_checker)' instead.
2026-04-27T02:52:43.9856723Z Fetching gem metadata from https://rubygems.org/.........
2026-04-27T02:52:43.9950381Z Fetching minitest 5.18.0
2026-04-27T02:52:43.9956430Z Fetching concurrent-ruby 1.2.2
2026-04-27T02:52:44.0459965Z Fetching public_suffix 4.0.7
2026-04-27T02:52:44.0460960Z Fetching zeitwerk 2.6.7
2026-04-27T02:52:44.1459577Z Installing zeitwerk 2.6.7
2026-04-27T02:52:44.1517700Z Installing minitest 5.18.0
2026-04-27T02:52:44.1736344Z Installing public_suffix 4.0.7
2026-04-27T02:52:44.2102456Z Fetching ast 2.4.2
2026-04-27T02:52:44.2410784Z Using bundler 2.2.3
2026-04-27T02:52:44.2420368Z Fetching byebug 11.1.3
2026-04-27T02:52:44.2678537Z Installing concurrent-ruby 1.2.2
2026-04-27T02:52:44.2828109Z Fetching diff-lcs 1.4.4
2026-04-27T02:52:44.3101553Z Installing ast 2.4.2
2026-04-27T02:52:44.3204342Z Fetching faraday-net_http 2.0.3
2026-04-27T02:52:44.3814772Z Installing byebug 11.1.3 with native extensions
2026-04-27T02:52:44.3865384Z Installing diff-lcs 1.4.4
2026-04-27T02:52:44.3973988Z Installing faraday-net_http 2.0.3
2026-04-27T02:52:44.4118517Z Using ruby2_keywords 0.0.5
2026-04-27T02:52:44.4131301Z Fetching json 2.7.1
2026-04-27T02:52:44.4718719Z Fetching language_server-protocol 3.17.0.3
2026-04-27T02:52:44.5120002Z Fetching lint_roller 1.1.0
2026-04-27T02:52:44.5382368Z Installing json 2.7.1 with native extensions
2026-04-27T02:52:44.5789023Z Installing language_server-protocol 3.17.0.3
2026-04-27T02:52:44.5869057Z Installing lint_roller 1.1.0
2026-04-27T02:52:44.6050383Z Fetching parallel 1.24.0
2026-04-27T02:52:44.7032195Z Installing parallel 1.24.0
2026-04-27T02:52:44.7127617Z Fetching racc 1.7.3
2026-04-27T02:52:44.7638389Z Fetching rainbow 3.1.1
2026-04-27T02:52:44.8237992Z Installing racc 1.7.3 with native extensions
2026-04-27T02:52:44.8396323Z Installing rainbow 3.1.1
2026-04-27T02:52:44.8455789Z Fetching regexp_parser 2.8.3
2026-04-27T02:52:44.9272079Z Installing regexp_parser 2.8.3
2026-04-27T02:52:44.9518028Z Fetching rexml 3.2.6
2026-04-27T02:52:45.0430043Z Installing rexml 3.2.6
2026-04-27T02:52:45.1406739Z Fetching rspec-support 3.10.1
2026-04-27T02:52:45.2110421Z Installing rspec-support 3.10.1
2026-04-27T02:52:45.2239538Z Fetching ruby-progressbar 1.13.0
2026-04-27T02:52:45.2926595Z Installing ruby-progressbar 1.13.0
2026-04-27T02:52:45.3077641Z Fetching unicode-display_width 2.5.0
2026-04-27T02:52:45.3970852Z Installing unicode-display_width 2.5.0
2026-04-27T02:52:45.4081278Z Fetching addressable 2.8.0
2026-04-27T02:52:45.5221679Z Installing addressable 2.8.0
2026-04-27T02:52:45.5431322Z Fetching faraday 2.3.0
2026-04-27T02:52:45.6418748Z Installing faraday 2.3.0
2026-04-27T02:52:45.6626285Z Fetching i18n 1.12.0
2026-04-27T02:52:45.7331631Z Installing i18n 1.12.0
2026-04-27T02:52:45.7688482Z Fetching tzinfo 2.0.6
2026-04-27T02:52:45.8349776Z Fetching rspec-core 3.10.1
2026-04-27T02:52:45.9181516Z Installing tzinfo 2.0.6
2026-04-27T02:52:45.9421448Z Fetching rspec-expectations 3.10.1
2026-04-27T02:52:45.9952271Z Installing rspec-core 3.10.1
2026-04-27T02:52:46.0378405Z Fetching rspec-mocks 3.10.1
2026-04-27T02:52:46.1003639Z Installing rspec-expectations 3.10.1
2026-04-27T02:52:46.1287978Z Fetching faraday-retry 2.0.0
2026-04-27T02:52:46.1909054Z Installing rspec-mocks 3.10.1
2026-04-27T02:52:46.2200082Z Fetching sawyer 0.9.2
2026-04-27T02:52:46.2684079Z Installing faraday-retry 2.0.0
2026-04-27T02:52:46.2782233Z Fetching parser 3.2.2.4
2026-04-27T02:52:46.3410053Z Installing sawyer 0.9.2
2026-04-27T02:52:46.3522886Z Fetching activesupport 6.1.7.3
2026-04-27T02:52:46.5041773Z Installing activesupport 6.1.7.3
2026-04-27T02:52:46.5575745Z Installing parser 3.2.2.4
2026-04-27T02:52:46.6668271Z Fetching rspec 3.10.0
2026-04-27T02:52:46.7207371Z Fetching octokit 4.25.0
2026-04-27T02:52:46.7861775Z Installing rspec 3.10.0
2026-04-27T02:52:46.7946830Z Fetching rubocop-ast 1.30.0
2026-04-27T02:52:46.8795162Z Installing octokit 4.25.0
2026-04-27T02:52:46.9054397Z Installing rubocop-ast 1.30.0
2026-04-27T02:52:47.8508446Z Fetching rubocop 1.57.2
2026-04-27T02:52:48.0079961Z Installing rubocop 1.57.2
2026-04-27T02:52:48.1858619Z Fetching rubocop-performance 1.19.1
2026-04-27T02:52:48.1863036Z Fetching standard-custom 1.0.2
2026-04-27T02:52:48.2801526Z Installing standard-custom 1.0.2
2026-04-27T02:52:48.2885826Z Installing rubocop-performance 1.19.1
2026-04-27T02:52:48.3028591Z Fetching standard-performance 1.2.1
2026-04-27T02:52:48.3721248Z Installing standard-performance 1.2.1
2026-04-27T02:52:48.3787342Z Fetching standard 1.32.1
2026-04-27T02:52:48.4470762Z Installing standard 1.32.1
2026-04-27T02:52:48.4686092Z Bundle complete! 6 Gemfile dependencies, 40 gems now installed.
2026-04-27T02:52:48.4686704Z Use `bundle info [gemname]` to see where a bundled gem is installed.
2026-04-27T02:52:48.5469575Z ##[group]Run ruby entrypoint.rb
2026-04-27T02:52:48.5469848Z [36;1mruby entrypoint.rb[0m
2026-04-27T02:52:48.5490724Z shell: /usr/bin/bash --noprofile --norc -e -o pipefail {0}
2026-04-27T02:52:48.5491026Z env:
2026-04-27T02:52:48.5491195Z   WAIT_INTERVAL: 30
2026-04-27T02:52:48.5491596Z   ALLOWED_CONCLUSIONS: success,skipped,neutral
2026-04-27T02:52:48.5491857Z   IGNORE_CHECKS: 
2026-04-27T02:52:48.5492032Z   CHECK_NAME: 
2026-04-27T02:52:48.5492193Z   CHECK_REGEXP: 
2026-04-27T02:52:48.5492402Z   REF: 3f0a327229b1f061a53b907129563e839fe75014
2026-04-27T02:52:48.5492839Z   REPO_TOKEN: ***
2026-04-27T02:52:48.5493022Z   VERBOSE: true
2026-04-27T02:52:48.5493204Z   RUNNING_WORKFLOW_NAME: Auto-merge
2026-04-27T02:52:48.5493433Z   API_ENDPOINT: 
2026-04-27T02:52:48.5493602Z ##[endgroup]
2026-04-27T02:56:53.0143358Z Checks running on ref:
2026-04-27T02:56:53.0144013Z Checks in_progress: lint-and-test, autofix, Auto-merge
2026-04-27T02:56:53.0145288Z Checks completed: capture-failure-log, capture-failure-log, e2e, capture-failure-log, cross-device-tests, connected-tests, web-lint-and-test, test, maybe-label
2026-04-27T02:56:53.0146965Z Checks after ignore checks filter:
2026-04-27T02:56:53.0147547Z Checks in_progress: lint-and-test, autofix
2026-04-27T02:56:53.0148688Z Checks completed: capture-failure-log, capture-failure-log, e2e, capture-failure-log, cross-device-tests, connected-tests, web-lint-and-test, test, maybe-label
2026-04-27T02:56:53.0149517Z Checks after check_name filter:
2026-04-27T02:56:53.0149789Z Checks in_progress: lint-and-test, autofix
2026-04-27T02:56:53.0150872Z Checks completed: capture-failure-log, capture-failure-log, e2e, capture-failure-log, cross-device-tests, connected-tests, web-lint-and-test, test, maybe-label
2026-04-27T02:56:53.0151621Z Checks after Regexp filter:
2026-04-27T02:56:53.0151870Z Checks in_progress: lint-and-test, autofix
2026-04-27T02:56:53.0152583Z Checks completed: capture-failure-log, capture-failure-log, e2e, capture-failure-log, cross-device-tests, connected-tests, web-lint-and-test, test, maybe-label
2026-04-27T02:56:53.0153417Z The requested checks aren't complete yet, will check back in 30 seconds...
2026-04-27T02:56:53.0153802Z Checks running on ref:
2026-04-27T02:56:53.0154062Z Checks in_progress: lint-and-test, autofix, Auto-merge
2026-04-27T02:56:53.0154825Z Checks completed: capture-failure-log, capture-failure-log, e2e, capture-failure-log, cross-device-tests, connected-tests, web-lint-and-test, test, maybe-label
2026-04-27T02:56:53.0155562Z Checks after ignore checks filter:
2026-04-27T02:56:53.0155828Z Checks in_progress: lint-and-test, autofix
2026-04-27T02:56:53.0156538Z Checks completed: capture-failure-log, capture-failure-log, e2e, capture-failure-log, cross-device-tests, connected-tests, web-lint-and-test, test, maybe-label
2026-04-27T02:56:53.0157277Z Checks after check_name filter:
2026-04-27T02:56:53.0157530Z Checks in_progress: lint-and-test, autofix
2026-04-27T02:56:53.0158243Z Checks completed: capture-failure-log, capture-failure-log, e2e, capture-failure-log, cross-device-tests, connected-tests, web-lint-and-test, test, maybe-label
2026-04-27T02:56:53.0158960Z Checks after Regexp filter:
2026-04-27T02:56:53.0159203Z Checks in_progress: lint-and-test, autofix
2026-04-27T02:56:53.0159916Z Checks completed: capture-failure-log, capture-failure-log, e2e, capture-failure-log, cross-device-tests, connected-tests, web-lint-and-test, test, maybe-label
2026-04-27T02:56:53.0160893Z The requested checks aren't complete yet, will check back in 30 seconds...
2026-04-27T02:56:53.0161592Z Checks running on ref:
2026-04-27T02:56:53.0161827Z Checks in_progress: lint-and-test, Auto-merge
2026-04-27T02:56:53.0162522Z Checks completed: autofix, capture-failure-log, capture-failure-log, e2e, capture-failure-log, cross-device-tests, connected-tests, web-lint-and-test, test, maybe-label
2026-04-27T02:56:53.0163212Z Checks after ignore checks filter:
2026-04-27T02:56:53.0163452Z Checks in_progress: lint-and-test
2026-04-27T02:56:53.0164111Z Checks completed: autofix, capture-failure-log, capture-failure-log, e2e, capture-failure-log, cross-device-tests, connected-tests, web-lint-and-test, test, maybe-label
2026-04-27T02:56:53.0164786Z Checks after check_name filter:
2026-04-27T02:56:53.0165012Z Checks in_progress: lint-and-test
2026-04-27T02:56:53.0165798Z Checks completed: autofix, capture-failure-log, capture-failure-log, e2e, capture-failure-log, cross-device-tests, connected-tests, web-lint-and-test, test, maybe-label
2026-04-27T02:56:53.0166472Z Checks after Regexp filter:
2026-04-27T02:56:53.0166695Z Checks in_progress: lint-and-test
2026-04-27T02:56:53.0167340Z Checks completed: autofix, capture-failure-log, capture-failure-log, e2e, capture-failure-log, cross-device-tests, connected-tests, web-lint-and-test, test, maybe-label
2026-04-27T02:56:53.0168113Z The requested checks aren't complete yet, will check back in 30 seconds...
2026-04-27T02:56:53.0168458Z Checks running on ref:
2026-04-27T02:56:53.0168680Z Checks in_progress: lint-and-test, Auto-merge
2026-04-27T02:56:53.0169358Z Checks completed: autofix, capture-failure-log, capture-failure-log, e2e, capture-failure-log, cross-device-tests, connected-tests, web-lint-and-test, test, maybe-label
2026-04-27T02:56:53.0170042Z Checks after ignore checks filter:
2026-04-27T02:56:53.0170282Z Checks in_progress: lint-and-test
2026-04-27T02:56:53.0171181Z Checks completed: autofix, capture-failure-log, capture-failure-log, e2e, capture-failure-log, cross-device-tests, connected-tests, web-lint-and-test, test, maybe-label
2026-04-27T02:56:53.0171870Z Checks after check_name filter:
2026-04-27T02:56:53.0172095Z Checks in_progress: lint-and-test
2026-04-27T02:56:53.0172751Z Checks completed: autofix, capture-failure-log, capture-failure-log, e2e, capture-failure-log, cross-device-tests, connected-tests, web-lint-and-test, test, maybe-label
2026-04-27T02:56:53.0173423Z Checks after Regexp filter:
2026-04-27T02:56:53.0173642Z Checks in_progress: lint-and-test
2026-04-27T02:56:53.0174291Z Checks completed: autofix, capture-failure-log, capture-failure-log, e2e, capture-failure-log, cross-device-tests, connected-tests, web-lint-and-test, test, maybe-label
2026-04-27T02:56:53.0175062Z The requested checks aren't complete yet, will check back in 30 seconds...
2026-04-27T02:56:53.0175430Z Checks running on ref:
2026-04-27T02:56:53.0175653Z Checks in_progress: lint-and-test, Auto-merge
2026-04-27T02:56:53.0176362Z Checks completed: autofix, capture-failure-log, capture-failure-log, e2e, capture-failure-log, cross-device-tests, connected-tests, web-lint-and-test, test, maybe-label
2026-04-27T02:56:53.0177053Z Checks after ignore checks filter:
2026-04-27T02:56:53.0177285Z Checks in_progress: lint-and-test
2026-04-27T02:56:53.0177938Z Checks completed: autofix, capture-failure-log, capture-failure-log, e2e, capture-failure-log, cross-device-tests, connected-tests, web-lint-and-test, test, maybe-label
2026-04-27T02:56:53.0178614Z Checks after check_name filter:
2026-04-27T02:56:53.0178840Z Checks in_progress: lint-and-test
2026-04-27T02:56:53.0179485Z Checks completed: autofix, capture-failure-log, capture-failure-log, e2e, capture-failure-log, cross-device-tests, connected-tests, web-lint-and-test, test, maybe-label
2026-04-27T02:56:53.0180159Z Checks after Regexp filter:
2026-04-27T02:56:53.0180380Z Checks in_progress: lint-and-test
2026-04-27T02:56:53.0181247Z Checks completed: autofix, capture-failure-log, capture-failure-log, e2e, capture-failure-log, cross-device-tests, connected-tests, web-lint-and-test, test, maybe-label
2026-04-27T02:56:53.0182154Z The requested checks aren't complete yet, will check back in 30 seconds...
2026-04-27T02:56:53.0182599Z Checks running on ref:
2026-04-27T02:56:53.0182814Z Checks in_progress: lint-and-test, Auto-merge
2026-04-27T02:56:53.0183502Z Checks completed: autofix, capture-failure-log, capture-failure-log, e2e, capture-failure-log, cross-device-tests, connected-tests, web-lint-and-test, test, maybe-label
2026-04-27T02:56:53.0184183Z Checks after ignore checks filter:
2026-04-27T02:56:53.0184414Z Checks in_progress: lint-and-test
2026-04-27T02:56:53.0185066Z Checks completed: autofix, capture-failure-log, capture-failure-log, e2e, capture-failure-log, cross-device-tests, connected-tests, web-lint-and-test, test, maybe-label
2026-04-27T02:56:53.0185846Z Checks after check_name filter:
2026-04-27T02:56:53.0186070Z Checks in_progress: lint-and-test
2026-04-27T02:56:53.0186721Z Checks completed: autofix, capture-failure-log, capture-failure-log, e2e, capture-failure-log, cross-device-tests, connected-tests, web-lint-and-test, test, maybe-label
2026-04-27T02:56:53.0187396Z Checks after Regexp filter:
2026-04-27T02:56:53.0187610Z Checks in_progress: lint-and-test
2026-04-27T02:56:53.0188251Z Checks completed: autofix, capture-failure-log, capture-failure-log, e2e, capture-failure-log, cross-device-tests, connected-tests, web-lint-and-test, test, maybe-label
2026-04-27T02:56:53.0189020Z The requested checks aren't complete yet, will check back in 30 seconds...
2026-04-27T02:56:53.0189369Z Checks running on ref:
2026-04-27T02:56:53.0189588Z Checks in_progress: lint-and-test, Auto-merge
2026-04-27T02:56:53.0190265Z Checks completed: autofix, capture-failure-log, capture-failure-log, e2e, capture-failure-log, cross-device-tests, connected-tests, web-lint-and-test, test, maybe-label
2026-04-27T02:56:53.0191191Z Checks after ignore checks filter:
2026-04-27T02:56:53.0191427Z Checks in_progress: lint-and-test
2026-04-27T02:56:53.0192084Z Checks completed: autofix, capture-failure-log, capture-failure-log, e2e, capture-failure-log, cross-device-tests, connected-tests, web-lint-and-test, test, maybe-label
2026-04-27T02:56:53.0192761Z Checks after check_name filter:
2026-04-27T02:56:53.0192980Z Checks in_progress: lint-and-test
2026-04-27T02:56:53.0193627Z Checks completed: autofix, capture-failure-log, capture-failure-log, e2e, capture-failure-log, cross-device-tests, connected-tests, web-lint-and-test, test, maybe-label
2026-04-27T02:56:53.0194300Z Checks after Regexp filter:
2026-04-27T02:56:53.0194515Z Checks in_progress: lint-and-test
2026-04-27T02:56:53.0195166Z Checks completed: autofix, capture-failure-log, capture-failure-log, e2e, capture-failure-log, cross-device-tests, connected-tests, web-lint-and-test, test, maybe-label
2026-04-27T02:56:53.0195945Z The requested checks aren't complete yet, will check back in 30 seconds...
2026-04-27T02:56:53.0196293Z Checks running on ref:
2026-04-27T02:56:53.0196512Z Checks in_progress: lint-and-test, Auto-merge
2026-04-27T02:56:53.0197199Z Checks completed: autofix, capture-failure-log, capture-failure-log, e2e, capture-failure-log, cross-device-tests, connected-tests, web-lint-and-test, test, maybe-label
2026-04-27T02:56:53.0197871Z Checks after ignore checks filter:
2026-04-27T02:56:53.0198105Z Checks in_progress: lint-and-test
2026-04-27T02:56:53.0198751Z Checks completed: autofix, capture-failure-log, capture-failure-log, e2e, capture-failure-log, cross-device-tests, connected-tests, web-lint-and-test, test, maybe-label
2026-04-27T02:56:53.0199425Z Checks after check_name filter:
2026-04-27T02:56:53.0199645Z Checks in_progress: lint-and-test
2026-04-27T02:56:53.0200286Z Checks completed: autofix, capture-failure-log, capture-failure-log, e2e, capture-failure-log, cross-device-tests, connected-tests, web-lint-and-test, test, maybe-label
2026-04-27T02:56:53.0201168Z Checks after Regexp filter:
2026-04-27T02:56:53.0201385Z Checks in_progress: lint-and-test
2026-04-27T02:56:53.0202251Z Checks completed: autofix, capture-failure-log, capture-failure-log, e2e, capture-failure-log, cross-device-tests, connected-tests, web-lint-and-test, test, maybe-label
2026-04-27T02:56:53.0203035Z The requested checks aren't complete yet, will check back in 30 seconds...
2026-04-27T02:56:53.0203378Z Checks running on ref:
2026-04-27T02:58:54.7983522Z Checks in_progress: lint-and-test, Auto-merge
2026-04-27T02:58:54.7984869Z Checks completed: autofix, capture-failure-log, capture-failure-log, e2e, capture-failure-log, cross-device-tests, connected-tests, web-lint-and-test, test, maybe-label
2026-04-27T02:58:54.7986095Z Checks after ignore checks filter:
2026-04-27T02:58:54.7986538Z Checks in_progress: lint-and-test
2026-04-27T02:58:54.7987719Z Checks completed: autofix, capture-failure-log, capture-failure-log, e2e, capture-failure-log, cross-device-tests, connected-tests, web-lint-and-test, test, maybe-label
2026-04-27T02:58:54.7989531Z Checks after check_name filter:
2026-04-27T02:58:54.7989966Z Checks in_progress: lint-and-test
2026-04-27T02:58:54.7991532Z Checks completed: autofix, capture-failure-log, capture-failure-log, e2e, capture-failure-log, cross-device-tests, connected-tests, web-lint-and-test, test, maybe-label
2026-04-27T02:58:54.7992746Z Checks after Regexp filter:
2026-04-27T02:58:54.7993135Z Checks in_progress: lint-and-test
2026-04-27T02:58:54.7994299Z Checks completed: autofix, capture-failure-log, capture-failure-log, e2e, capture-failure-log, cross-device-tests, connected-tests, web-lint-and-test, test, maybe-label
2026-04-27T02:58:54.7995685Z The requested checks aren't complete yet, will check back in 30 seconds...
2026-04-27T02:58:54.7996303Z Checks running on ref:
2026-04-27T02:58:54.7996702Z Checks in_progress: lint-and-test, Auto-merge
2026-04-27T02:58:54.7997947Z Checks completed: autofix, capture-failure-log, capture-failure-log, e2e, capture-failure-log, cross-device-tests, connected-tests, web-lint-and-test, test, maybe-label
2026-04-27T02:58:54.7999205Z Checks after ignore checks filter:
2026-04-27T02:58:54.7999642Z Checks in_progress: lint-and-test
2026-04-27T02:58:54.8001038Z Checks completed: autofix, capture-failure-log, capture-failure-log, e2e, capture-failure-log, cross-device-tests, connected-tests, web-lint-and-test, test, maybe-label
2026-04-27T02:58:54.8002292Z Checks after check_name filter:
2026-04-27T02:58:54.8002707Z Checks in_progress: lint-and-test
2026-04-27T02:58:54.8003975Z Checks completed: autofix, capture-failure-log, capture-failure-log, e2e, capture-failure-log, cross-device-tests, connected-tests, web-lint-and-test, test, maybe-label
2026-04-27T02:58:54.8005302Z Checks after Regexp filter:
2026-04-27T02:58:54.8005732Z Checks in_progress: lint-and-test
2026-04-27T02:58:54.8006961Z Checks completed: autofix, capture-failure-log, capture-failure-log, e2e, capture-failure-log, cross-device-tests, connected-tests, web-lint-and-test, test, maybe-label
2026-04-27T02:58:54.8008442Z The requested checks aren't complete yet, will check back in 30 seconds...
2026-04-27T02:58:54.8009123Z Checks running on ref:
2026-04-27T02:58:54.8009569Z Checks in_progress: lint-and-test, Auto-merge
2026-04-27T02:58:54.8011070Z Checks completed: autofix, capture-failure-log, capture-failure-log, e2e, capture-failure-log, cross-device-tests, connected-tests, web-lint-and-test, test, maybe-label
2026-04-27T02:58:54.8012430Z Checks after ignore checks filter:
2026-04-27T02:58:54.8012907Z Checks in_progress: lint-and-test
2026-04-27T02:58:54.8014177Z Checks completed: autofix, capture-failure-log, capture-failure-log, e2e, capture-failure-log, cross-device-tests, connected-tests, web-lint-and-test, test, maybe-label
2026-04-27T02:58:54.8015514Z Checks after check_name filter:
2026-04-27T02:58:54.8015978Z Checks in_progress: lint-and-test
2026-04-27T02:58:54.8017263Z Checks completed: autofix, capture-failure-log, capture-failure-log, e2e, capture-failure-log, cross-device-tests, connected-tests, web-lint-and-test, test, maybe-label
2026-04-27T02:58:54.8018613Z Checks after Regexp filter:
2026-04-27T02:58:54.8019080Z Checks in_progress: lint-and-test
2026-04-27T02:58:54.8021163Z Checks completed: autofix, capture-failure-log, capture-failure-log, e2e, capture-failure-log, cross-device-tests, connected-tests, web-lint-and-test, test, maybe-label
2026-04-27T02:58:54.8023145Z The requested checks aren't complete yet, will check back in 30 seconds...
2026-04-27T02:58:54.8023983Z Checks running on ref:
2026-04-27T02:58:54.8024520Z Checks in_progress: lint-and-test, Auto-merge
2026-04-27T02:58:54.8026210Z Checks completed: autofix, capture-failure-log, capture-failure-log, e2e, capture-failure-log, cross-device-tests, connected-tests, web-lint-and-test, test, maybe-label
2026-04-27T02:58:54.8027928Z Checks after ignore checks filter:
2026-04-27T02:58:54.8028522Z Checks in_progress: lint-and-test
2026-04-27T02:58:54.8030115Z Checks completed: autofix, capture-failure-log, capture-failure-log, e2e, capture-failure-log, cross-device-tests, connected-tests, web-lint-and-test, test, maybe-label
2026-04-27T02:58:54.8032224Z Checks after check_name filter:
2026-04-27T02:58:54.8032767Z Checks in_progress: lint-and-test
2026-04-27T02:58:54.8034376Z Checks completed: autofix, capture-failure-log, capture-failure-log, e2e, capture-failure-log, cross-device-tests, connected-tests, web-lint-and-test, test, maybe-label
2026-04-27T02:58:54.8036054Z Checks after Regexp filter:
2026-04-27T02:58:54.8036577Z Checks in_progress: lint-and-test
2026-04-27T02:58:54.8037876Z Checks completed: autofix, capture-failure-log, capture-failure-log, e2e, capture-failure-log, cross-device-tests, connected-tests, web-lint-and-test, test, maybe-label
2026-04-27T02:58:54.8039275Z The requested checks aren't complete yet, will check back in 30 seconds...
2026-04-27T02:58:54.8039893Z Checks running on ref:
2026-04-27T02:58:54.8041538Z Checks completed: firebase-distribute, capture-failure-log, lint-and-test, autofix, capture-failure-log, capture-failure-log, e2e, capture-failure-log, cross-device-tests, connected-tests, web-lint-and-test, test, maybe-label
2026-04-27T02:58:54.8042900Z Checks in_progress: Auto-merge
2026-04-27T02:58:54.8043228Z Checks after ignore checks filter:
2026-04-27T02:58:54.8044179Z Checks completed: firebase-distribute, capture-failure-log, lint-and-test, autofix, capture-failure-log, capture-failure-log, e2e, capture-failure-log, cross-device-tests, connected-tests, web-lint-and-test, test, maybe-label
2026-04-27T02:58:54.8045156Z Checks after check_name filter:
2026-04-27T02:58:54.8046121Z Checks completed: firebase-distribute, capture-failure-log, lint-and-test, autofix, capture-failure-log, capture-failure-log, e2e, capture-failure-log, cross-device-tests, connected-tests, web-lint-and-test, test, maybe-label
2026-04-27T02:58:54.8047084Z Checks after Regexp filter:
2026-04-27T02:58:54.8048004Z Checks completed: firebase-distribute, capture-failure-log, lint-and-test, autofix, capture-failure-log, capture-failure-log, e2e, capture-failure-log, cross-device-tests, connected-tests, web-lint-and-test, test, maybe-label
2026-04-27T02:58:54.8048945Z Checks completed:
2026-04-27T02:58:54.8049258Z firebase-distribute: completed (cancelled)
2026-04-27T02:58:54.8049627Z capture-failure-log: completed (skipped)
2026-04-27T02:58:54.8049981Z lint-and-test: completed (cancelled)
2026-04-27T02:58:54.8050316Z autofix: completed (failure)
2026-04-27T02:58:54.8050872Z capture-failure-log: completed (skipped)
2026-04-27T02:58:54.8051220Z capture-failure-log: completed (skipped)
2026-04-27T02:58:54.8051565Z e2e: completed (success)
2026-04-27T02:58:54.8051863Z capture-failure-log: completed (skipped)
2026-04-27T02:58:54.8052204Z cross-device-tests: completed (skipped)
2026-04-27T02:58:54.8052561Z connected-tests: completed (skipped)
2026-04-27T02:58:54.8052904Z web-lint-and-test: completed (success)
2026-04-27T02:58:54.8053233Z test: completed (success)
2026-04-27T02:58:54.8053552Z maybe-label: completed (success)
2026-04-27T02:58:54.8054260Z The conclusion of one or more checks were not allowed. Allowed conclusions are: success, skipped, neutral. This can be configured with the 'allowed-conclusions' param.
2026-04-27T02:58:54.8095350Z ##[error]Process completed with exit code 1.
2026-04-27T02:58:54.8927325Z Post job cleanup.
2026-04-27T02:58:54.9052262Z Cleaning up orphan processes
2026-04-27T02:58:54.9319044Z ##[warning]Node.js 20 actions are deprecated. The following actions are running on Node.js 20 and may not work as expected: actions/cache@v4. Actions will be forced to run with Node.js 24 by default starting June 2nd, 2026. Node.js 20 will be removed from the runner on September 16th, 2026. Please check if updated versions of these actions are available that support Node.js 24. To opt into Node.js 24 now, set the FORCE_JAVASCRIPT_ACTIONS_TO_NODE24=true environment variable on the runner or in your workflow file. Once Node.js 24 becomes the default, you can temporarily opt out by setting ACTIONS_ALLOW_USE_UNSECURE_NODE_VERSION=true. For more information see: https://github.blog/changelog/2025-09-19-deprecation-of-node-20-on-github-actions-runners/
