=== CI FAILURE ===
Workflow:      Auto-merge & Release
Workflow file: averycorp/prismTask/.github/workflows/auto-merge.yml@refs/pull/908/merge
Job(s):        Auto-merge
Run ID:        25074683202
Run attempt:   1
Run URL:       https://github.com/averycorp/prismTask/actions/runs/25074683202
Commit:        3a2ac8cdd3d89523688720be00e761c184b63788
Branch:        908/merge
Event:         pull_request
Actor:         akarlin3
Runner OS:     Linux
Timestamp:     2026-04-28T20:08:32.698Z

Failed steps:
  - Auto-merge: #4 Wait for all other CI checks to pass

=== FAILED JOB LOG ===

--- Job: Auto-merge (id 73464019429) ---
2026-04-28T19:59:56.5674930Z Current runner version: '2.334.0'
2026-04-28T19:59:56.5699923Z ##[group]Runner Image Provisioner
2026-04-28T19:59:56.5700704Z Hosted Compute Agent
2026-04-28T19:59:56.5701253Z Version: 20260422.526
2026-04-28T19:59:56.5701981Z Commit: e1a9e573f4d0838b3a7c1b07401aeb29ed3635a9
2026-04-28T19:59:56.5702673Z Build Date: 2026-04-22T09:31:31Z
2026-04-28T19:59:56.5703318Z Worker ID: {f0bf23d5-2047-4b2e-82d5-f77e306de577}
2026-04-28T19:59:56.5704029Z Azure Region: eastus2
2026-04-28T19:59:56.5704575Z ##[endgroup]
2026-04-28T19:59:56.5706412Z ##[group]Operating System
2026-04-28T19:59:56.5707129Z Ubuntu
2026-04-28T19:59:56.5707603Z 24.04.4
2026-04-28T19:59:56.5708017Z LTS
2026-04-28T19:59:56.5708517Z ##[endgroup]
2026-04-28T19:59:56.5709018Z ##[group]Runner Image
2026-04-28T19:59:56.5709523Z Image: ubuntu-24.04
2026-04-28T19:59:56.5710092Z Version: 20260426.100.1
2026-04-28T19:59:56.5711242Z Included Software: https://github.com/actions/runner-images/blob/ubuntu24/20260426.100/images/ubuntu/Ubuntu2404-Readme.md
2026-04-28T19:59:56.5712721Z Image Release: https://github.com/actions/runner-images/releases/tag/ubuntu24%2F20260426.100
2026-04-28T19:59:56.5713631Z ##[endgroup]
2026-04-28T19:59:56.5714958Z ##[group]GITHUB_TOKEN Permissions
2026-04-28T19:59:56.5717382Z Actions: read
2026-04-28T19:59:56.5717913Z Checks: read
2026-04-28T19:59:56.5718497Z Contents: write
2026-04-28T19:59:56.5719007Z Metadata: read
2026-04-28T19:59:56.5719491Z PullRequests: write
2026-04-28T19:59:56.5720074Z ##[endgroup]
2026-04-28T19:59:56.5722042Z Secret source: Actions
2026-04-28T19:59:56.5722976Z Prepare workflow directory
2026-04-28T19:59:56.6109940Z Prepare all required actions
2026-04-28T19:59:56.6145845Z Getting action download info
2026-04-28T19:59:56.9114420Z Download action repository 'lewagon/wait-on-check-action@ccfb013c15c8afb7bf2b7c028fb74dc5a068cccc' (SHA:ccfb013c15c8afb7bf2b7c028fb74dc5a068cccc)
2026-04-28T19:59:57.2989064Z Getting action download info
2026-04-28T19:59:57.4639278Z Download action repository 'ruby/setup-ruby@v1' (SHA:c4e5b1316158f92e3d49443a9d58b31d25ac0f8f)
2026-04-28T19:59:57.7456299Z Download action repository 'actions/cache@v4' (SHA:0057852bfaa89a56745cba8c7296529d2fc39830)
2026-04-28T19:59:57.9037082Z Complete job name: Auto-merge
2026-04-28T19:59:57.9734643Z ##[group]Run set -euo pipefail
2026-04-28T19:59:57.9735780Z [36;1mset -euo pipefail[0m
2026-04-28T19:59:57.9737362Z [36;1m# Audit item #5 — poll check-runs for up to 60s instead of a bare[0m
2026-04-28T19:59:57.9739152Z [36;1m# 20s sleep. On a busy runner cohort the initial 20s wasn't enough[0m
2026-04-28T19:59:57.9740941Z [36;1m# for the API to reflect queued workflow runs, which could merge[0m
2026-04-28T19:59:57.9742701Z [36;1m# PRs without waiting for CI. Bail out early as soon as ≥1 real[0m
2026-04-28T19:59:57.9744118Z [36;1m# check shows up.[0m
2026-04-28T19:59:57.9745049Z [36;1mCOUNT=0[0m
2026-04-28T19:59:57.9745873Z [36;1mfor i in $(seq 1 6); do[0m
2026-04-28T19:59:57.9746991Z [36;1m  sleep 10[0m
2026-04-28T19:59:57.9748164Z [36;1m  COUNT=$(gh api "repos/$REPO/commits/$HEAD_SHA/check-runs" \[0m
2026-04-28T19:59:57.9749930Z [36;1m    --jq '[.check_runs[] | select(.name != "Auto-merge")] | length')[0m
2026-04-28T19:59:57.9751450Z [36;1m  if [ "$COUNT" -gt 0 ]; then[0m
2026-04-28T19:59:57.9752802Z [36;1m    echo "Found $COUNT non-Auto-merge check(s) after ${i}0s"[0m
2026-04-28T19:59:57.9754135Z [36;1m    break[0m
2026-04-28T19:59:57.9754947Z [36;1m  fi[0m
2026-04-28T19:59:57.9756145Z [36;1m  echo "No non-Auto-merge checks yet (attempt $i/6)"[0m
2026-04-28T19:59:57.9757415Z [36;1mdone[0m
2026-04-28T19:59:57.9758224Z [36;1mif [ "$COUNT" -gt 0 ]; then[0m
2026-04-28T19:59:57.9759332Z [36;1m  echo "has_ci=true" >> "$GITHUB_OUTPUT"[0m
2026-04-28T19:59:57.9760442Z [36;1melse[0m
2026-04-28T19:59:57.9761316Z [36;1m  echo "has_ci=false" >> "$GITHUB_OUTPUT"[0m
2026-04-28T19:59:57.9762871Z [36;1m  echo "No CI checks on this PR after 60s — will merge without waiting."[0m
2026-04-28T19:59:57.9764312Z [36;1mfi[0m
2026-04-28T19:59:57.9882669Z shell: /usr/bin/bash -e {0}
2026-04-28T19:59:57.9883896Z env:
2026-04-28T19:59:57.9884630Z   WAIT_INTERVAL: 15
2026-04-28T19:59:57.9885830Z   GH_TOKEN: ***
2026-04-28T19:59:57.9886995Z   HEAD_SHA: 3efaaff23371224781a6f06ef5ecfdfbd0dfda77
2026-04-28T19:59:57.9888199Z   REPO: averycorp/prismTask
2026-04-28T19:59:57.9889085Z ##[endgroup]
2026-04-28T20:00:08.5971953Z Found 8 non-Auto-merge check(s) after 10s
2026-04-28T20:00:08.6123438Z ##[group]Run set -euo pipefail
2026-04-28T20:00:08.6123836Z [36;1mset -euo pipefail[0m
2026-04-28T20:00:08.6124307Z [36;1mREQUIRED=$(gh api "repos/$REPO/branches/main/protection/required_status_checks" \[0m
2026-04-28T20:00:08.6124825Z [36;1m  --jq '.contexts[]' 2>/dev/null || true)[0m
2026-04-28T20:00:08.6125176Z [36;1mif [ -z "$REQUIRED" ]; then[0m
2026-04-28T20:00:08.6125741Z [36;1m  echo "::warning::Could not query branch protection (likely a permission issue) — using hardcoded fallback list."[0m
2026-04-28T20:00:08.6126622Z [36;1m  REQUIRED="$FALLBACK_REQUIRED"[0m
2026-04-28T20:00:08.6126943Z [36;1mfi[0m
2026-04-28T20:00:08.6127255Z [36;1m# Strip Auto-merge from the required list so we don't wait on[0m
2026-04-28T20:00:08.6127724Z [36;1m# ourselves (it's listed because we ARE the running workflow).[0m
2026-04-28T20:00:08.6128280Z [36;1mREQUIRED=$(echo "$REQUIRED" | grep -vE '^\s*Auto-merge\s*$' | grep -vE '^\s*$' || true)[0m
2026-04-28T20:00:08.6128779Z [36;1mif [ -z "$REQUIRED" ]; then[0m
2026-04-28T20:00:08.6129170Z [36;1m  echo "No required checks beyond Auto-merge; skipping queue wait."[0m
2026-04-28T20:00:08.6129574Z [36;1m  exit 0[0m
2026-04-28T20:00:08.6129828Z [36;1mfi[0m
2026-04-28T20:00:08.6130108Z [36;1mecho "Waiting until these required checks queue:"[0m
2026-04-28T20:00:08.6130471Z [36;1mecho "$REQUIRED" | sed 's/^/  /'[0m
2026-04-28T20:00:08.6130856Z [36;1m# Audit PR #876 → CI pathway efficiency: this loop was burning[0m
2026-04-28T20:00:08.6131311Z [36;1m# ~315s/PR (PR #874 run 25035518360 + PR #873 run 25035513300)[0m
2026-04-28T20:00:08.6131772Z [36;1m# while underlying required checks were observably complete in[0m
2026-04-28T20:00:08.6132243Z [36;1m# ~30s. Mean job wall-clock was 343s with std-dev ~7s across 10[0m
2026-04-28T20:00:08.6132727Z [36;1m# runs — i.e. the loop almost always ran to its 5-minute ceiling.[0m
2026-04-28T20:00:08.6133185Z [36;1m# Two compensating mitigations + diagnostics:[0m
2026-04-28T20:00:08.6133511Z [36;1m#[0m
2026-04-28T20:00:08.6133823Z [36;1m#   (a) Cap dropped 30 → 18 attempts at 5s interval = 90s ceiling[0m
2026-04-28T20:00:08.6134268Z [36;1m#       (still > 2× the 43s race window from PR #804).[0m
2026-04-28T20:00:08.6134690Z [36;1m#   (b) Poll interval dropped 10s → 5s for faster detection.[0m
2026-04-28T20:00:08.6135168Z [36;1m#   (c) Per-iteration diagnostic prints MISSING + visible CHECK_RUNS[0m
2026-04-28T20:00:08.6135683Z [36;1m#       so future investigation can pinpoint the matching mismatch[0m
2026-04-28T20:00:08.6136351Z [36;1m#       (the immediate root-cause was not yet identified — the[0m
2026-04-28T20:00:08.6136825Z [36;1m#       MISSING list never empties even though CHECK_RUNS clearly[0m
2026-04-28T20:00:08.6137288Z [36;1m#       contains every REQUIRED name. Likely a trim/encoding edge[0m
2026-04-28T20:00:08.6137833Z [36;1m#       case in the comparison loop, but observability beats[0m
2026-04-28T20:00:08.6138229Z [36;1m#       guessing).[0m
2026-04-28T20:00:08.6138507Z [36;1mfor attempt in $(seq 1 18); do[0m
2026-04-28T20:00:08.6138940Z [36;1m  CHECK_RUNS=$(gh api --paginate "repos/$REPO/commits/$HEAD_SHA/check-runs" \[0m
2026-04-28T20:00:08.6139411Z [36;1m    --jq '.check_runs[].name' | sort -u)[0m
2026-04-28T20:00:08.6139718Z [36;1m  MISSING=""[0m
2026-04-28T20:00:08.6139974Z [36;1m  while IFS= read -r req; do[0m
2026-04-28T20:00:08.6140273Z [36;1m    [ -z "$req" ] && continue[0m
2026-04-28T20:00:08.6140572Z [36;1m    req_trimmed=$(echo "$req" | xargs)[0m
2026-04-28T20:00:08.6140956Z [36;1m    if ! echo "$CHECK_RUNS" | grep -qxF "$req_trimmed"; then[0m
2026-04-28T20:00:08.6141603Z [36;1m      MISSING="$MISSING $req_trimmed"[0m
2026-04-28T20:00:08.6141904Z [36;1m    fi[0m
2026-04-28T20:00:08.6142134Z [36;1m  done <<< "$REQUIRED"[0m
2026-04-28T20:00:08.6142401Z [36;1m  if [ -z "$MISSING" ]; then[0m
2026-04-28T20:00:08.6142847Z [36;1m    echo "All required checks have queued after attempt $attempt (~$((attempt * 5))s)."[0m
2026-04-28T20:00:08.6143459Z [36;1m    exit 0[0m
2026-04-28T20:00:08.6143685Z [36;1m  fi[0m
2026-04-28T20:00:08.6143970Z [36;1m  echo "Attempt $attempt/18 — still missing:$MISSING"[0m
2026-04-28T20:00:08.6144453Z [36;1m  echo "  Visible check-runs: $(echo "$CHECK_RUNS" | tr '\n' ',' | sed 's/,$//')"[0m
2026-04-28T20:00:08.6144874Z [36;1m  sleep 5[0m
2026-04-28T20:00:08.6145098Z [36;1mdone[0m
2026-04-28T20:00:08.6145590Z [36;1mecho "::warning::Some required checks never queued after 90s:$MISSING — proceeding to wait-on-check-action anyway."[0m
2026-04-28T20:00:08.6202255Z shell: /usr/bin/bash -e {0}
2026-04-28T20:00:08.6202548Z env:
2026-04-28T20:00:08.6202755Z   WAIT_INTERVAL: 15
2026-04-28T20:00:08.6203259Z   GH_TOKEN: ***
2026-04-28T20:00:08.6203538Z   HEAD_SHA: 3efaaff23371224781a6f06ef5ecfdfbd0dfda77
2026-04-28T20:00:08.6203884Z   REPO: averycorp/prismTask
2026-04-28T20:00:08.6204282Z   FALLBACK_REQUIRED: lint-and-test
connected-tests
test
web-lint-and-test

2026-04-28T20:00:08.6204704Z ##[endgroup]
2026-04-28T20:00:08.8659937Z Waiting until these required checks queue:
2026-04-28T20:00:08.8673554Z   {"message":"Resource not accessible by integration","documentation_url":"https://docs.github.com/rest/branches/branch-protection#get-status-checks-protection","status":"403"}
2026-04-28T20:00:09.2553161Z Attempt 1/18 — still missing: {message:Resource not accessible by integration,documentation_url:https://docs.github.com/rest/branches/branch-protection#get-status-checks-protection,status:403}
2026-04-28T20:00:09.2573019Z   Visible check-runs: Auto-merge,autofix,connected-tests,cross-device-tests,e2e,lint-and-test,maybe-label,test,web-lint-and-test
2026-04-28T20:00:14.6896341Z Attempt 2/18 — still missing: {message:Resource not accessible by integration,documentation_url:https://docs.github.com/rest/branches/branch-protection#get-status-checks-protection,status:403}
2026-04-28T20:00:14.6917604Z   Visible check-runs: Auto-merge,autofix,connected-tests,cross-device-tests,e2e,lint-and-test,maybe-label,test,web-lint-and-test
2026-04-28T20:00:20.1424287Z Attempt 3/18 — still missing: {message:Resource not accessible by integration,documentation_url:https://docs.github.com/rest/branches/branch-protection#get-status-checks-protection,status:403}
2026-04-28T20:00:20.1448588Z   Visible check-runs: Auto-merge,autofix,capture-failure-log,connected-tests,cross-device-tests,e2e,lint-and-test,maybe-label,test,web-lint-and-test
2026-04-28T20:00:25.6039228Z Attempt 4/18 — still missing: {message:Resource not accessible by integration,documentation_url:https://docs.github.com/rest/branches/branch-protection#get-status-checks-protection,status:403}
2026-04-28T20:00:25.6063882Z   Visible check-runs: Auto-merge,autofix,capture-failure-log,connected-tests,cross-device-tests,e2e,lint-and-test,maybe-label,test,web-lint-and-test
2026-04-28T20:00:31.0401156Z Attempt 5/18 — still missing: {message:Resource not accessible by integration,documentation_url:https://docs.github.com/rest/branches/branch-protection#get-status-checks-protection,status:403}
2026-04-28T20:00:31.0425052Z   Visible check-runs: Auto-merge,autofix,capture-failure-log,connected-tests,cross-device-tests,e2e,lint-and-test,maybe-label,test,web-lint-and-test
2026-04-28T20:00:36.4833580Z Attempt 6/18 — still missing: {message:Resource not accessible by integration,documentation_url:https://docs.github.com/rest/branches/branch-protection#get-status-checks-protection,status:403}
2026-04-28T20:00:36.4855427Z   Visible check-runs: Auto-merge,autofix,capture-failure-log,connected-tests,cross-device-tests,e2e,lint-and-test,maybe-label,test,web-lint-and-test
2026-04-28T20:00:41.9939142Z Attempt 7/18 — still missing: {message:Resource not accessible by integration,documentation_url:https://docs.github.com/rest/branches/branch-protection#get-status-checks-protection,status:403}
2026-04-28T20:00:41.9958260Z   Visible check-runs: Auto-merge,autofix,capture-failure-log,connected-tests,cross-device-tests,e2e,lint-and-test,maybe-label,test,web-lint-and-test
2026-04-28T20:00:47.4188983Z Attempt 8/18 — still missing: {message:Resource not accessible by integration,documentation_url:https://docs.github.com/rest/branches/branch-protection#get-status-checks-protection,status:403}
2026-04-28T20:00:47.4210655Z   Visible check-runs: Auto-merge,autofix,capture-failure-log,connected-tests,cross-device-tests,e2e,lint-and-test,maybe-label,test,web-lint-and-test
2026-04-28T20:00:52.8407104Z Attempt 9/18 — still missing: {message:Resource not accessible by integration,documentation_url:https://docs.github.com/rest/branches/branch-protection#get-status-checks-protection,status:403}
2026-04-28T20:00:52.8427593Z   Visible check-runs: Auto-merge,autofix,capture-failure-log,connected-tests,cross-device-tests,e2e,lint-and-test,maybe-label,test,web-lint-and-test
2026-04-28T20:00:58.3176670Z Attempt 10/18 — still missing: {message:Resource not accessible by integration,documentation_url:https://docs.github.com/rest/branches/branch-protection#get-status-checks-protection,status:403}
2026-04-28T20:00:58.3203356Z   Visible check-runs: Auto-merge,autofix,capture-failure-log,connected-tests,cross-device-tests,e2e,lint-and-test,maybe-label,test,web-lint-and-test
2026-04-28T20:01:03.8399885Z Attempt 11/18 — still missing: {message:Resource not accessible by integration,documentation_url:https://docs.github.com/rest/branches/branch-protection#get-status-checks-protection,status:403}
2026-04-28T20:01:03.8422721Z   Visible check-runs: Auto-merge,autofix,capture-failure-log,connected-tests,cross-device-tests,e2e,lint-and-test,maybe-label,test,web-lint-and-test
2026-04-28T20:01:09.2906591Z Attempt 12/18 — still missing: {message:Resource not accessible by integration,documentation_url:https://docs.github.com/rest/branches/branch-protection#get-status-checks-protection,status:403}
2026-04-28T20:01:09.2930490Z   Visible check-runs: Auto-merge,autofix,capture-failure-log,connected-tests,cross-device-tests,e2e,lint-and-test,maybe-label,test,web-lint-and-test
2026-04-28T20:01:14.6952949Z Attempt 13/18 — still missing: {message:Resource not accessible by integration,documentation_url:https://docs.github.com/rest/branches/branch-protection#get-status-checks-protection,status:403}
2026-04-28T20:01:14.6977048Z   Visible check-runs: Auto-merge,autofix,capture-failure-log,connected-tests,cross-device-tests,e2e,lint-and-test,maybe-label,test,web-lint-and-test
2026-04-28T20:01:20.1483541Z Attempt 14/18 — still missing: {message:Resource not accessible by integration,documentation_url:https://docs.github.com/rest/branches/branch-protection#get-status-checks-protection,status:403}
2026-04-28T20:01:20.1508779Z   Visible check-runs: Auto-merge,autofix,capture-failure-log,connected-tests,cross-device-tests,e2e,lint-and-test,maybe-label,test,web-lint-and-test
2026-04-28T20:01:25.6765837Z Attempt 15/18 — still missing: {message:Resource not accessible by integration,documentation_url:https://docs.github.com/rest/branches/branch-protection#get-status-checks-protection,status:403}
2026-04-28T20:01:25.6788471Z   Visible check-runs: Auto-merge,autofix,capture-failure-log,connected-tests,cross-device-tests,e2e,lint-and-test,maybe-label,test,web-lint-and-test
2026-04-28T20:01:31.0636658Z Attempt 16/18 — still missing: {message:Resource not accessible by integration,documentation_url:https://docs.github.com/rest/branches/branch-protection#get-status-checks-protection,status:403}
2026-04-28T20:01:31.0658523Z   Visible check-runs: Auto-merge,autofix,capture-failure-log,connected-tests,cross-device-tests,e2e,lint-and-test,maybe-label,test,web-lint-and-test
2026-04-28T20:01:36.5412163Z Attempt 17/18 — still missing: {message:Resource not accessible by integration,documentation_url:https://docs.github.com/rest/branches/branch-protection#get-status-checks-protection,status:403}
2026-04-28T20:01:36.5434676Z   Visible check-runs: Auto-merge,autofix,capture-failure-log,connected-tests,cross-device-tests,e2e,lint-and-test,maybe-label,test,web-lint-and-test
2026-04-28T20:01:41.9865592Z Attempt 18/18 — still missing: {message:Resource not accessible by integration,documentation_url:https://docs.github.com/rest/branches/branch-protection#get-status-checks-protection,status:403}
2026-04-28T20:01:41.9886604Z   Visible check-runs: Auto-merge,autofix,capture-failure-log,connected-tests,cross-device-tests,e2e,lint-and-test,maybe-label,test,web-lint-and-test
2026-04-28T20:01:46.9934921Z ##[warning]Some required checks never queued after 90s: {message:Resource not accessible by integration,documentation_url:https://docs.github.com/rest/branches/branch-protection#get-status-checks-protection,status:403} — proceeding to wait-on-check-action anyway.
2026-04-28T20:01:47.0157811Z ##[group]Run lewagon/wait-on-check-action@ccfb013c15c8afb7bf2b7c028fb74dc5a068cccc
2026-04-28T20:01:47.0158248Z with:
2026-04-28T20:01:47.0158462Z   ref: 3efaaff23371224781a6f06ef5ecfdfbd0dfda77
2026-04-28T20:01:47.0158750Z   running-workflow-name: Auto-merge
2026-04-28T20:01:47.0159191Z   repo-token: ***
2026-04-28T20:01:47.0159428Z   wait-interval: 15
2026-04-28T20:01:47.0159651Z   allowed-conclusions: success,skipped,neutral
2026-04-28T20:01:47.0159914Z   verbose: true
2026-04-28T20:01:47.0160082Z env:
2026-04-28T20:01:47.0160248Z   WAIT_INTERVAL: 15
2026-04-28T20:01:47.0160422Z ##[endgroup]
2026-04-28T20:01:47.0290130Z ##[group]Run ruby/setup-ruby@v1
2026-04-28T20:01:47.0290379Z with:
2026-04-28T20:01:47.0290551Z   ruby-version: 3.2
2026-04-28T20:01:47.0290750Z   bundler-cache: false
2026-04-28T20:01:47.0291081Z   token: ***
2026-04-28T20:01:47.0291246Z env:
2026-04-28T20:01:47.0291410Z   WAIT_INTERVAL: 15
2026-04-28T20:01:47.0291590Z ##[endgroup]
2026-04-28T20:01:47.1567822Z ##[group]Modifying PATH
2026-04-28T20:01:47.1568298Z Entries added to PATH to use selected Ruby:
2026-04-28T20:01:47.1569497Z   /opt/hostedtoolcache/Ruby/3.2.11/x64/bin
2026-04-28T20:01:47.1573331Z ##[endgroup]
2026-04-28T20:01:47.1574259Z ##[group]Print Ruby version
2026-04-28T20:01:47.1613446Z [command]/opt/hostedtoolcache/Ruby/3.2.11/x64/bin/ruby --version
2026-04-28T20:01:47.6060629Z ruby 3.2.11 (2026-03-27 revision 5483bfc1ae) [x86_64-linux]
2026-04-28T20:01:47.6100222Z Took   0.45 seconds
2026-04-28T20:01:47.6100998Z ##[endgroup]
2026-04-28T20:01:47.6102288Z ##[group]Installing Bundler
2026-04-28T20:01:47.6106950Z Using Bundler shipped with ruby-3.2.11
2026-04-28T20:01:47.6108106Z Took   0.00 seconds
2026-04-28T20:01:47.6109049Z ##[endgroup]
2026-04-28T20:01:47.6753007Z ##[group]Run actions/cache@v4
2026-04-28T20:01:47.6753257Z with:
2026-04-28T20:01:47.6753676Z   path: /home/runner/work/_actions/lewagon/wait-on-check-action/ccfb013c15c8afb7bf2b7c028fb74dc5a068cccc
2026-04-28T20:01:47.6754166Z   key: Linux-gems-
2026-04-28T20:01:47.6754378Z   restore-keys: Linux-gems-
2026-04-28T20:01:47.6754599Z   enableCrossOsArchive: false
2026-04-28T20:01:47.6754824Z   fail-on-cache-miss: false
2026-04-28T20:01:47.6755029Z   lookup-only: false
2026-04-28T20:01:47.6755211Z   save-always: false
2026-04-28T20:01:47.6755387Z env:
2026-04-28T20:01:47.6755537Z   WAIT_INTERVAL: 15
2026-04-28T20:01:47.6755711Z ##[endgroup]
2026-04-28T20:01:47.8881196Z Cache not found for input keys: Linux-gems-, Linux-gems-
2026-04-28T20:01:47.8945204Z ##[group]Run bundle install --jobs 4 --retry 3
2026-04-28T20:01:47.8945551Z [36;1mbundle install --jobs 4 --retry 3[0m
2026-04-28T20:01:47.9000029Z shell: /usr/bin/bash --noprofile --norc -e -o pipefail {0}
2026-04-28T20:01:47.9000358Z env:
2026-04-28T20:01:47.9000537Z   WAIT_INTERVAL: 15
2026-04-28T20:01:47.9000742Z ##[endgroup]
2026-04-28T20:01:48.9064967Z Bundler 2.4.19 is running, but your lockfile was generated with 2.2.3. Installing Bundler 2.2.3 and restarting using that version.
2026-04-28T20:01:50.4736254Z Fetching gem metadata from https://rubygems.org/.
2026-04-28T20:01:50.4812181Z Fetching bundler 2.2.3
2026-04-28T20:01:50.6351318Z Installing bundler 2.2.3
2026-04-28T20:01:50.8394186Z Calling `DidYouMean::SPELL_CHECKERS.merge!(error_name => spell_checker)' has been deprecated. Please call `DidYouMean.correct_error(error_name, spell_checker)' instead.
2026-04-28T20:01:52.0882104Z Fetching gem metadata from https://rubygems.org/.........
2026-04-28T20:01:52.0971835Z Fetching concurrent-ruby 1.2.2
2026-04-28T20:01:52.1261648Z Fetching minitest 5.18.0
2026-04-28T20:01:52.1266694Z Fetching zeitwerk 2.6.7
2026-04-28T20:01:52.1711602Z Fetching public_suffix 4.0.7
2026-04-28T20:01:52.2204661Z Installing zeitwerk 2.6.7
2026-04-28T20:01:52.2426617Z Installing minitest 5.18.0
2026-04-28T20:01:52.2437831Z Installing public_suffix 4.0.7
2026-04-28T20:01:52.2903900Z Fetching ast 2.4.2
2026-04-28T20:01:52.3209936Z Installing concurrent-ruby 1.2.2
2026-04-28T20:01:52.3249028Z Using bundler 2.2.3
2026-04-28T20:01:52.3260873Z Fetching byebug 11.1.3
2026-04-28T20:01:52.3553445Z Installing ast 2.4.2
2026-04-28T20:01:52.3692953Z Fetching diff-lcs 1.4.4
2026-04-28T20:01:52.3942824Z Fetching faraday-net_http 2.0.3
2026-04-28T20:01:52.4221274Z Installing byebug 11.1.3 with native extensions
2026-04-28T20:01:52.4539375Z Installing faraday-net_http 2.0.3
2026-04-28T20:01:52.4589081Z Installing diff-lcs 1.4.4
2026-04-28T20:01:52.4713515Z Using ruby2_keywords 0.0.5
2026-04-28T20:01:52.4727013Z Fetching json 2.7.1
2026-04-28T20:01:52.5355661Z Installing json 2.7.1 with native extensions
2026-04-28T20:01:52.5431799Z Fetching language_server-protocol 3.17.0.3
2026-04-28T20:01:52.6071676Z Installing language_server-protocol 3.17.0.3
2026-04-28T20:01:52.6687018Z Fetching lint_roller 1.1.0
2026-04-28T20:01:52.7366834Z Installing lint_roller 1.1.0
2026-04-28T20:01:52.7509849Z Fetching parallel 1.24.0
2026-04-28T20:01:52.8069583Z Installing parallel 1.24.0
2026-04-28T20:01:52.8196958Z Fetching racc 1.7.3
2026-04-28T20:01:52.8523369Z Fetching rainbow 3.1.1
2026-04-28T20:01:52.8926960Z Installing racc 1.7.3 with native extensions
2026-04-28T20:01:52.8993289Z Installing rainbow 3.1.1
2026-04-28T20:01:52.9117737Z Fetching regexp_parser 2.8.3
2026-04-28T20:01:52.9712543Z Installing regexp_parser 2.8.3
2026-04-28T20:01:52.9939727Z Fetching rexml 3.2.6
2026-04-28T20:01:53.0556990Z Installing rexml 3.2.6
2026-04-28T20:01:53.1511463Z Fetching rspec-support 3.10.1
2026-04-28T20:01:53.2018291Z Installing rspec-support 3.10.1
2026-04-28T20:01:53.2134435Z Fetching ruby-progressbar 1.13.0
2026-04-28T20:01:53.2625234Z Installing ruby-progressbar 1.13.0
2026-04-28T20:01:53.2738027Z Fetching unicode-display_width 2.5.0
2026-04-28T20:01:53.3386948Z Installing unicode-display_width 2.5.0
2026-04-28T20:01:53.3434225Z Fetching addressable 2.8.0
2026-04-28T20:01:53.4156975Z Installing addressable 2.8.0
2026-04-28T20:01:53.4365869Z Fetching faraday 2.3.0
2026-04-28T20:01:53.5126974Z Installing faraday 2.3.0
2026-04-28T20:01:53.5446931Z Fetching i18n 1.12.0
2026-04-28T20:01:53.6171046Z Installing i18n 1.12.0
2026-04-28T20:01:53.6376920Z Fetching tzinfo 2.0.6
2026-04-28T20:01:53.7066566Z Installing tzinfo 2.0.6
2026-04-28T20:01:53.7326437Z Fetching rspec-core 3.10.1
2026-04-28T20:01:53.8218167Z Installing rspec-core 3.10.1
2026-04-28T20:01:53.8614301Z Fetching rspec-expectations 3.10.1
2026-04-28T20:01:53.9507124Z Installing rspec-expectations 3.10.1
2026-04-28T20:01:53.9666993Z Fetching rspec-mocks 3.10.1
2026-04-28T20:01:53.9980590Z Fetching faraday-retry 2.0.0
2026-04-28T20:01:54.0595247Z Installing rspec-mocks 3.10.1
2026-04-28T20:01:54.0673537Z Installing faraday-retry 2.0.0
2026-04-28T20:01:54.0806619Z Fetching sawyer 0.9.2
2026-04-28T20:01:54.1507238Z Installing sawyer 0.9.2
2026-04-28T20:01:54.1536543Z Fetching activesupport 6.1.7.3
2026-04-28T20:01:54.2018723Z Fetching parser 3.2.2.4
2026-04-28T20:01:54.2886682Z Installing activesupport 6.1.7.3
2026-04-28T20:01:54.3762879Z Installing parser 3.2.2.4
2026-04-28T20:01:54.4749140Z Fetching rspec 3.10.0
2026-04-28T20:01:54.5455483Z Installing rspec 3.10.0
2026-04-28T20:01:54.5586595Z Fetching octokit 4.25.0
2026-04-28T20:01:54.6279496Z Fetching rubocop-ast 1.30.0
2026-04-28T20:01:54.6819693Z Installing octokit 4.25.0
2026-04-28T20:01:54.7047200Z Installing rubocop-ast 1.30.0
2026-04-28T20:01:55.7892360Z Fetching rubocop 1.57.2
2026-04-28T20:01:55.8811468Z Installing rubocop 1.57.2
2026-04-28T20:01:56.0510786Z Fetching rubocop-performance 1.19.1
2026-04-28T20:01:56.0511520Z Fetching standard-custom 1.0.2
2026-04-28T20:01:56.1259005Z Installing standard-custom 1.0.2
2026-04-28T20:01:56.1278859Z Installing rubocop-performance 1.19.1
2026-04-28T20:01:56.1466951Z Fetching standard-performance 1.2.1
2026-04-28T20:01:56.2005145Z Installing standard-performance 1.2.1
2026-04-28T20:01:56.2071437Z Fetching standard 1.32.1
2026-04-28T20:01:56.2584085Z Installing standard 1.32.1
2026-04-28T20:01:56.2784114Z Bundle complete! 6 Gemfile dependencies, 40 gems now installed.
2026-04-28T20:01:56.3293072Z Use `bundle info [gemname]` to see where a bundled gem is installed.
2026-04-28T20:01:56.3317371Z ##[group]Run ruby entrypoint.rb
2026-04-28T20:01:56.3317646Z [36;1mruby entrypoint.rb[0m
2026-04-28T20:01:56.3370321Z shell: /usr/bin/bash --noprofile --norc -e -o pipefail {0}
2026-04-28T20:01:56.3370638Z env:
2026-04-28T20:01:56.3370796Z   WAIT_INTERVAL: 15
2026-04-28T20:01:56.3371027Z   ALLOWED_CONCLUSIONS: success,skipped,neutral
2026-04-28T20:01:56.3371290Z   IGNORE_CHECKS: 
2026-04-28T20:01:56.3371457Z   CHECK_NAME: 
2026-04-28T20:01:56.3371621Z   CHECK_REGEXP: 
2026-04-28T20:01:56.3371834Z   REF: 3efaaff23371224781a6f06ef5ecfdfbd0dfda77
2026-04-28T20:01:56.3372300Z   REPO_TOKEN: ***
2026-04-28T20:01:56.3372489Z   VERBOSE: true
2026-04-28T20:01:56.3372676Z   RUNNING_WORKFLOW_NAME: Auto-merge
2026-04-28T20:01:56.3372913Z   API_ENDPOINT: 
2026-04-28T20:01:56.3373087Z ##[endgroup]
2026-04-28T20:04:00.8465632Z Checks running on ref:
2026-04-28T20:04:00.8466623Z Checks completed: capture-failure-log, capture-failure-log, e2e, web-lint-and-test, test, maybe-label
2026-04-28T20:04:00.8467535Z Checks in_progress: lint-and-test, autofix, connected-tests, cross-device-tests, Auto-merge
2026-04-28T20:04:00.8468175Z Checks after ignore checks filter:
2026-04-28T20:04:00.8468806Z Checks completed: capture-failure-log, capture-failure-log, e2e, web-lint-and-test, test, maybe-label
2026-04-28T20:04:00.8469871Z Checks in_progress: lint-and-test, autofix, connected-tests, cross-device-tests
2026-04-28T20:04:00.8470589Z Checks after check_name filter:
2026-04-28T20:04:00.8471373Z Checks completed: capture-failure-log, capture-failure-log, e2e, web-lint-and-test, test, maybe-label
2026-04-28T20:04:00.8472422Z Checks in_progress: lint-and-test, autofix, connected-tests, cross-device-tests
2026-04-28T20:04:00.8472825Z Checks after Regexp filter:
2026-04-28T20:04:00.8473246Z Checks completed: capture-failure-log, capture-failure-log, e2e, web-lint-and-test, test, maybe-label
2026-04-28T20:04:00.8473826Z Checks in_progress: lint-and-test, autofix, connected-tests, cross-device-tests
2026-04-28T20:04:00.8474310Z The requested checks aren't complete yet, will check back in 15 seconds...
2026-04-28T20:04:00.8474691Z Checks running on ref:
2026-04-28T20:04:00.8475092Z Checks completed: capture-failure-log, capture-failure-log, e2e, web-lint-and-test, test, maybe-label
2026-04-28T20:04:00.8475722Z Checks in_progress: lint-and-test, autofix, connected-tests, cross-device-tests, Auto-merge
2026-04-28T20:04:00.8476494Z Checks after ignore checks filter:
2026-04-28T20:04:00.8476940Z Checks completed: capture-failure-log, capture-failure-log, e2e, web-lint-and-test, test, maybe-label
2026-04-28T20:04:00.8477531Z Checks in_progress: lint-and-test, autofix, connected-tests, cross-device-tests
2026-04-28T20:04:00.8477916Z Checks after check_name filter:
2026-04-28T20:04:00.8478335Z Checks completed: capture-failure-log, capture-failure-log, e2e, web-lint-and-test, test, maybe-label
2026-04-28T20:04:00.8478913Z Checks in_progress: lint-and-test, autofix, connected-tests, cross-device-tests
2026-04-28T20:04:00.8479527Z Checks after Regexp filter:
2026-04-28T20:04:00.8479947Z Checks completed: capture-failure-log, capture-failure-log, e2e, web-lint-and-test, test, maybe-label
2026-04-28T20:04:00.8480516Z Checks in_progress: lint-and-test, autofix, connected-tests, cross-device-tests
2026-04-28T20:04:00.8480989Z The requested checks aren't complete yet, will check back in 15 seconds...
2026-04-28T20:04:00.8481341Z Checks running on ref:
2026-04-28T20:04:00.8481747Z Checks completed: capture-failure-log, capture-failure-log, e2e, web-lint-and-test, test, maybe-label
2026-04-28T20:04:00.8482368Z Checks in_progress: lint-and-test, autofix, connected-tests, cross-device-tests, Auto-merge
2026-04-28T20:04:00.8482801Z Checks after ignore checks filter:
2026-04-28T20:04:00.8483241Z Checks completed: capture-failure-log, capture-failure-log, e2e, web-lint-and-test, test, maybe-label
2026-04-28T20:04:00.8483958Z Checks in_progress: lint-and-test, autofix, connected-tests, cross-device-tests
2026-04-28T20:04:00.8484351Z Checks after check_name filter:
2026-04-28T20:04:00.8484776Z Checks completed: capture-failure-log, capture-failure-log, e2e, web-lint-and-test, test, maybe-label
2026-04-28T20:04:00.8485348Z Checks in_progress: lint-and-test, autofix, connected-tests, cross-device-tests
2026-04-28T20:04:00.8485723Z Checks after Regexp filter:
2026-04-28T20:04:00.8486420Z Checks completed: capture-failure-log, capture-failure-log, e2e, web-lint-and-test, test, maybe-label
2026-04-28T20:04:00.8486996Z Checks in_progress: lint-and-test, autofix, connected-tests, cross-device-tests
2026-04-28T20:04:00.8487465Z The requested checks aren't complete yet, will check back in 15 seconds...
2026-04-28T20:04:00.8487804Z Checks running on ref:
2026-04-28T20:04:00.8488204Z Checks completed: capture-failure-log, capture-failure-log, e2e, web-lint-and-test, test, maybe-label
2026-04-28T20:04:00.8488816Z Checks in_progress: lint-and-test, autofix, connected-tests, cross-device-tests, Auto-merge
2026-04-28T20:04:00.8489246Z Checks after ignore checks filter:
2026-04-28T20:04:00.8489684Z Checks completed: capture-failure-log, capture-failure-log, e2e, web-lint-and-test, test, maybe-label
2026-04-28T20:04:00.8490250Z Checks in_progress: lint-and-test, autofix, connected-tests, cross-device-tests
2026-04-28T20:04:00.8490616Z Checks after check_name filter:
2026-04-28T20:04:00.8491030Z Checks completed: capture-failure-log, capture-failure-log, e2e, web-lint-and-test, test, maybe-label
2026-04-28T20:04:00.8491592Z Checks in_progress: lint-and-test, autofix, connected-tests, cross-device-tests
2026-04-28T20:04:00.8491955Z Checks after Regexp filter:
2026-04-28T20:04:00.8492364Z Checks completed: capture-failure-log, capture-failure-log, e2e, web-lint-and-test, test, maybe-label
2026-04-28T20:04:00.8492920Z Checks in_progress: lint-and-test, autofix, connected-tests, cross-device-tests
2026-04-28T20:04:00.8493390Z The requested checks aren't complete yet, will check back in 15 seconds...
2026-04-28T20:04:00.8493745Z Checks running on ref:
2026-04-28T20:04:00.8494139Z Checks completed: capture-failure-log, capture-failure-log, e2e, web-lint-and-test, test, maybe-label
2026-04-28T20:04:00.8494746Z Checks in_progress: lint-and-test, autofix, connected-tests, cross-device-tests, Auto-merge
2026-04-28T20:04:00.8495168Z Checks after ignore checks filter:
2026-04-28T20:04:00.8495592Z Checks completed: capture-failure-log, capture-failure-log, e2e, web-lint-and-test, test, maybe-label
2026-04-28T20:04:00.8496527Z Checks in_progress: lint-and-test, autofix, connected-tests, cross-device-tests
2026-04-28T20:04:00.8496919Z Checks after check_name filter:
2026-04-28T20:04:00.8497349Z Checks completed: capture-failure-log, capture-failure-log, e2e, web-lint-and-test, test, maybe-label
2026-04-28T20:04:00.8497930Z Checks in_progress: lint-and-test, autofix, connected-tests, cross-device-tests
2026-04-28T20:04:00.8498301Z Checks after Regexp filter:
2026-04-28T20:04:00.8498718Z Checks completed: capture-failure-log, capture-failure-log, e2e, web-lint-and-test, test, maybe-label
2026-04-28T20:04:00.8499438Z Checks in_progress: lint-and-test, autofix, connected-tests, cross-device-tests
2026-04-28T20:04:00.8499906Z The requested checks aren't complete yet, will check back in 15 seconds...
2026-04-28T20:04:00.8500313Z Checks running on ref:
2026-04-28T20:04:00.8500709Z Checks completed: capture-failure-log, capture-failure-log, e2e, web-lint-and-test, test, maybe-label
2026-04-28T20:04:00.8501324Z Checks in_progress: lint-and-test, autofix, connected-tests, cross-device-tests, Auto-merge
2026-04-28T20:04:00.8501746Z Checks after ignore checks filter:
2026-04-28T20:04:00.8502172Z Checks completed: capture-failure-log, capture-failure-log, e2e, web-lint-and-test, test, maybe-label
2026-04-28T20:04:00.8502730Z Checks in_progress: lint-and-test, autofix, connected-tests, cross-device-tests
2026-04-28T20:04:00.8503138Z Checks after check_name filter:
2026-04-28T20:04:00.8503671Z Checks completed: capture-failure-log, capture-failure-log, e2e, web-lint-and-test, test, maybe-label
2026-04-28T20:04:00.8504235Z Checks in_progress: lint-and-test, autofix, connected-tests, cross-device-tests
2026-04-28T20:04:00.8504609Z Checks after Regexp filter:
2026-04-28T20:04:00.8505034Z Checks completed: capture-failure-log, capture-failure-log, e2e, web-lint-and-test, test, maybe-label
2026-04-28T20:04:00.8505600Z Checks in_progress: lint-and-test, autofix, connected-tests, cross-device-tests
2026-04-28T20:04:00.8506370Z The requested checks aren't complete yet, will check back in 15 seconds...
2026-04-28T20:04:00.8506718Z Checks running on ref:
2026-04-28T20:04:00.8507107Z Checks completed: capture-failure-log, capture-failure-log, e2e, web-lint-and-test, test, maybe-label
2026-04-28T20:04:00.8507717Z Checks in_progress: lint-and-test, autofix, connected-tests, cross-device-tests, Auto-merge
2026-04-28T20:04:00.8508134Z Checks after ignore checks filter:
2026-04-28T20:04:00.8508570Z Checks completed: capture-failure-log, capture-failure-log, e2e, web-lint-and-test, test, maybe-label
2026-04-28T20:04:00.8509135Z Checks in_progress: lint-and-test, autofix, connected-tests, cross-device-tests
2026-04-28T20:04:00.8509498Z Checks after check_name filter:
2026-04-28T20:04:00.8509908Z Checks completed: capture-failure-log, capture-failure-log, e2e, web-lint-and-test, test, maybe-label
2026-04-28T20:04:00.8510468Z Checks in_progress: lint-and-test, autofix, connected-tests, cross-device-tests
2026-04-28T20:04:00.8510833Z Checks after Regexp filter:
2026-04-28T20:04:00.8511236Z Checks completed: capture-failure-log, capture-failure-log, e2e, web-lint-and-test, test, maybe-label
2026-04-28T20:04:00.8511794Z Checks in_progress: lint-and-test, autofix, connected-tests, cross-device-tests
2026-04-28T20:04:00.8512257Z The requested checks aren't complete yet, will check back in 15 seconds...
2026-04-28T20:04:00.8512596Z Checks running on ref:
2026-04-28T20:04:00.8513018Z Checks completed: capture-failure-log, capture-failure-log, e2e, autofix, web-lint-and-test, test, maybe-label
2026-04-28T20:04:00.8513648Z Checks in_progress: lint-and-test, connected-tests, cross-device-tests, Auto-merge
2026-04-28T20:04:00.8514050Z Checks after ignore checks filter:
2026-04-28T20:04:00.8514504Z Checks completed: capture-failure-log, capture-failure-log, e2e, autofix, web-lint-and-test, test, maybe-label
2026-04-28T20:04:00.8515092Z Checks in_progress: lint-and-test, connected-tests, cross-device-tests
2026-04-28T20:04:00.8515439Z Checks after check_name filter:
2026-04-28T20:04:00.8515885Z Checks completed: capture-failure-log, capture-failure-log, e2e, autofix, web-lint-and-test, test, maybe-label
2026-04-28T20:04:00.8516600Z Checks in_progress: lint-and-test, connected-tests, cross-device-tests
2026-04-28T20:04:00.8516945Z Checks after Regexp filter:
2026-04-28T20:04:00.8517381Z Checks completed: capture-failure-log, capture-failure-log, e2e, autofix, web-lint-and-test, test, maybe-label
2026-04-28T20:04:00.8517951Z Checks in_progress: lint-and-test, connected-tests, cross-device-tests
2026-04-28T20:04:00.8518393Z The requested checks aren't complete yet, will check back in 15 seconds...
2026-04-28T20:04:00.8518889Z Checks running on ref:
2026-04-28T20:04:00.8519314Z Checks completed: capture-failure-log, capture-failure-log, e2e, autofix, web-lint-and-test, test, maybe-label
2026-04-28T20:04:00.8519922Z Checks in_progress: lint-and-test, connected-tests, cross-device-tests, Auto-merge
2026-04-28T20:04:00.8520309Z Checks after ignore checks filter:
2026-04-28T20:04:00.8520767Z Checks completed: capture-failure-log, capture-failure-log, e2e, autofix, web-lint-and-test, test, maybe-label
2026-04-28T20:04:00.8521332Z Checks in_progress: lint-and-test, connected-tests, cross-device-tests
2026-04-28T20:04:00.8521672Z Checks after check_name filter:
2026-04-28T20:04:00.8522118Z Checks completed: capture-failure-log, capture-failure-log, e2e, autofix, web-lint-and-test, test, maybe-label
2026-04-28T20:04:00.8522682Z Checks in_progress: lint-and-test, connected-tests, cross-device-tests
2026-04-28T20:04:00.8541450Z Checks after Regexp filter:
2026-04-28T20:06:19.8116861Z Checks completed: capture-failure-log, capture-failure-log, e2e, autofix, web-lint-and-test, test, maybe-label
2026-04-28T20:06:19.8119306Z Checks in_progress: lint-and-test, connected-tests, cross-device-tests
2026-04-28T20:06:19.8120473Z The requested checks aren't complete yet, will check back in 15 seconds...
2026-04-28T20:06:19.8121410Z Checks running on ref:
2026-04-28T20:06:19.8122181Z Checks completed: capture-failure-log, capture-failure-log, e2e, autofix, web-lint-and-test, test, maybe-label
2026-04-28T20:06:19.8123612Z Checks in_progress: lint-and-test, connected-tests, cross-device-tests, Auto-merge
2026-04-28T20:06:19.8124334Z Checks after ignore checks filter:
2026-04-28T20:06:19.8125152Z Checks completed: capture-failure-log, capture-failure-log, e2e, autofix, web-lint-and-test, test, maybe-label
2026-04-28T20:06:19.8126338Z Checks in_progress: lint-and-test, connected-tests, cross-device-tests
2026-04-28T20:06:19.8126729Z Checks after check_name filter:
2026-04-28T20:06:19.8127229Z Checks completed: capture-failure-log, capture-failure-log, e2e, autofix, web-lint-and-test, test, maybe-label
2026-04-28T20:06:19.8127854Z Checks in_progress: lint-and-test, connected-tests, cross-device-tests
2026-04-28T20:06:19.8128208Z Checks after Regexp filter:
2026-04-28T20:06:19.8128666Z Checks completed: capture-failure-log, capture-failure-log, e2e, autofix, web-lint-and-test, test, maybe-label
2026-04-28T20:06:19.8129257Z Checks in_progress: lint-and-test, connected-tests, cross-device-tests
2026-04-28T20:06:19.8129709Z The requested checks aren't complete yet, will check back in 15 seconds...
2026-04-28T20:06:19.8130065Z Checks running on ref:
2026-04-28T20:06:19.8130507Z Checks completed: capture-failure-log, capture-failure-log, e2e, autofix, web-lint-and-test, test, maybe-label
2026-04-28T20:06:19.8131138Z Checks in_progress: lint-and-test, connected-tests, cross-device-tests, Auto-merge
2026-04-28T20:06:19.8131555Z Checks after ignore checks filter:
2026-04-28T20:06:19.8132042Z Checks completed: capture-failure-log, capture-failure-log, e2e, autofix, web-lint-and-test, test, maybe-label
2026-04-28T20:06:19.8132638Z Checks in_progress: lint-and-test, connected-tests, cross-device-tests
2026-04-28T20:06:19.8132994Z Checks after check_name filter:
2026-04-28T20:06:19.8133449Z Checks completed: capture-failure-log, capture-failure-log, e2e, autofix, web-lint-and-test, test, maybe-label
2026-04-28T20:06:19.8134029Z Checks in_progress: lint-and-test, connected-tests, cross-device-tests
2026-04-28T20:06:19.8134378Z Checks after Regexp filter:
2026-04-28T20:06:19.8134822Z Checks completed: capture-failure-log, capture-failure-log, e2e, autofix, web-lint-and-test, test, maybe-label
2026-04-28T20:06:19.8135403Z Checks in_progress: lint-and-test, connected-tests, cross-device-tests
2026-04-28T20:06:19.8135845Z The requested checks aren't complete yet, will check back in 15 seconds...
2026-04-28T20:06:19.8136432Z Checks running on ref:
2026-04-28T20:06:19.8136872Z Checks completed: capture-failure-log, capture-failure-log, e2e, autofix, web-lint-and-test, test, maybe-label
2026-04-28T20:06:19.8138050Z Checks in_progress: lint-and-test, connected-tests, cross-device-tests, Auto-merge
2026-04-28T20:06:19.8138459Z Checks after ignore checks filter:
2026-04-28T20:06:19.8138952Z Checks completed: capture-failure-log, capture-failure-log, e2e, autofix, web-lint-and-test, test, maybe-label
2026-04-28T20:06:19.8139559Z Checks in_progress: lint-and-test, connected-tests, cross-device-tests
2026-04-28T20:06:19.8139925Z Checks after check_name filter:
2026-04-28T20:06:19.8140394Z Checks completed: capture-failure-log, capture-failure-log, e2e, autofix, web-lint-and-test, test, maybe-label
2026-04-28T20:06:19.8140972Z Checks in_progress: lint-and-test, connected-tests, cross-device-tests
2026-04-28T20:06:19.8141319Z Checks after Regexp filter:
2026-04-28T20:06:19.8141908Z Checks completed: capture-failure-log, capture-failure-log, e2e, autofix, web-lint-and-test, test, maybe-label
2026-04-28T20:06:19.8142503Z Checks in_progress: lint-and-test, connected-tests, cross-device-tests
2026-04-28T20:06:19.8142951Z The requested checks aren't complete yet, will check back in 15 seconds...
2026-04-28T20:06:19.8143294Z Checks running on ref:
2026-04-28T20:06:19.8143722Z Checks completed: capture-failure-log, capture-failure-log, e2e, autofix, web-lint-and-test, test, maybe-label
2026-04-28T20:06:19.8144341Z Checks in_progress: lint-and-test, connected-tests, cross-device-tests, Auto-merge
2026-04-28T20:06:19.8144733Z Checks after ignore checks filter:
2026-04-28T20:06:19.8145199Z Checks completed: capture-failure-log, capture-failure-log, e2e, autofix, web-lint-and-test, test, maybe-label
2026-04-28T20:06:19.8145778Z Checks in_progress: lint-and-test, connected-tests, cross-device-tests
2026-04-28T20:06:19.8146348Z Checks after check_name filter:
2026-04-28T20:06:19.8146800Z Checks completed: capture-failure-log, capture-failure-log, e2e, autofix, web-lint-and-test, test, maybe-label
2026-04-28T20:06:19.8147375Z Checks in_progress: lint-and-test, connected-tests, cross-device-tests
2026-04-28T20:06:19.8147723Z Checks after Regexp filter:
2026-04-28T20:06:19.8148164Z Checks completed: capture-failure-log, capture-failure-log, e2e, autofix, web-lint-and-test, test, maybe-label
2026-04-28T20:06:19.8148732Z Checks in_progress: lint-and-test, connected-tests, cross-device-tests
2026-04-28T20:06:19.8149174Z The requested checks aren't complete yet, will check back in 15 seconds...
2026-04-28T20:06:19.8149523Z Checks running on ref:
2026-04-28T20:06:19.8149943Z Checks completed: capture-failure-log, capture-failure-log, e2e, autofix, web-lint-and-test, test, maybe-label
2026-04-28T20:06:19.8150555Z Checks in_progress: lint-and-test, connected-tests, cross-device-tests, Auto-merge
2026-04-28T20:06:19.8150944Z Checks after ignore checks filter:
2026-04-28T20:06:19.8151399Z Checks completed: capture-failure-log, capture-failure-log, e2e, autofix, web-lint-and-test, test, maybe-label
2026-04-28T20:06:19.8151975Z Checks in_progress: lint-and-test, connected-tests, cross-device-tests
2026-04-28T20:06:19.8152328Z Checks after check_name filter:
2026-04-28T20:06:19.8152782Z Checks completed: capture-failure-log, capture-failure-log, e2e, autofix, web-lint-and-test, test, maybe-label
2026-04-28T20:06:19.8153361Z Checks in_progress: lint-and-test, connected-tests, cross-device-tests
2026-04-28T20:06:19.8153697Z Checks after Regexp filter:
2026-04-28T20:06:19.8154139Z Checks completed: capture-failure-log, capture-failure-log, e2e, autofix, web-lint-and-test, test, maybe-label
2026-04-28T20:06:19.8154718Z Checks in_progress: lint-and-test, connected-tests, cross-device-tests
2026-04-28T20:06:19.8155154Z The requested checks aren't complete yet, will check back in 15 seconds...
2026-04-28T20:06:19.8155498Z Checks running on ref:
2026-04-28T20:06:19.8156140Z Checks completed: capture-failure-log, capture-failure-log, e2e, autofix, web-lint-and-test, test, maybe-label
2026-04-28T20:06:19.8156768Z Checks in_progress: lint-and-test, connected-tests, cross-device-tests, Auto-merge
2026-04-28T20:06:19.8157297Z Checks after ignore checks filter:
2026-04-28T20:06:19.8157759Z Checks completed: capture-failure-log, capture-failure-log, e2e, autofix, web-lint-and-test, test, maybe-label
2026-04-28T20:06:19.8158331Z Checks in_progress: lint-and-test, connected-tests, cross-device-tests
2026-04-28T20:06:19.8158673Z Checks after check_name filter:
2026-04-28T20:06:19.8159113Z Checks completed: capture-failure-log, capture-failure-log, e2e, autofix, web-lint-and-test, test, maybe-label
2026-04-28T20:06:19.8159686Z Checks in_progress: lint-and-test, connected-tests, cross-device-tests
2026-04-28T20:06:19.8160024Z Checks after Regexp filter:
2026-04-28T20:06:19.8160455Z Checks completed: capture-failure-log, capture-failure-log, e2e, autofix, web-lint-and-test, test, maybe-label
2026-04-28T20:06:19.8161038Z Checks in_progress: lint-and-test, connected-tests, cross-device-tests
2026-04-28T20:06:19.8161588Z The requested checks aren't complete yet, will check back in 15 seconds...
2026-04-28T20:06:19.8161940Z Checks running on ref:
2026-04-28T20:06:19.8162366Z Checks completed: capture-failure-log, capture-failure-log, e2e, autofix, web-lint-and-test, test, maybe-label
2026-04-28T20:06:19.8162983Z Checks in_progress: lint-and-test, connected-tests, cross-device-tests, Auto-merge
2026-04-28T20:06:19.8163371Z Checks after ignore checks filter:
2026-04-28T20:06:19.8163832Z Checks completed: capture-failure-log, capture-failure-log, e2e, autofix, web-lint-and-test, test, maybe-label
2026-04-28T20:06:19.8164402Z Checks in_progress: lint-and-test, connected-tests, cross-device-tests
2026-04-28T20:06:19.8164744Z Checks after check_name filter:
2026-04-28T20:06:19.8165192Z Checks completed: capture-failure-log, capture-failure-log, e2e, autofix, web-lint-and-test, test, maybe-label
2026-04-28T20:06:19.8165762Z Checks in_progress: lint-and-test, connected-tests, cross-device-tests
2026-04-28T20:06:19.8166401Z Checks after Regexp filter:
2026-04-28T20:06:19.8166882Z Checks completed: capture-failure-log, capture-failure-log, e2e, autofix, web-lint-and-test, test, maybe-label
2026-04-28T20:06:19.8167477Z Checks in_progress: lint-and-test, connected-tests, cross-device-tests
2026-04-28T20:06:19.8167930Z The requested checks aren't complete yet, will check back in 15 seconds...
2026-04-28T20:06:19.8168279Z Checks running on ref:
2026-04-28T20:06:19.8168710Z Checks completed: capture-failure-log, capture-failure-log, e2e, autofix, web-lint-and-test, test, maybe-label
2026-04-28T20:06:19.8169336Z Checks in_progress: lint-and-test, connected-tests, cross-device-tests, Auto-merge
2026-04-28T20:06:19.8169731Z Checks after ignore checks filter:
2026-04-28T20:06:19.8170194Z Checks completed: capture-failure-log, capture-failure-log, e2e, autofix, web-lint-and-test, test, maybe-label
2026-04-28T20:06:19.8170781Z Checks in_progress: lint-and-test, connected-tests, cross-device-tests
2026-04-28T20:06:19.8171129Z Checks after check_name filter:
2026-04-28T20:06:19.8171588Z Checks completed: capture-failure-log, capture-failure-log, e2e, autofix, web-lint-and-test, test, maybe-label
2026-04-28T20:06:19.8172168Z Checks in_progress: lint-and-test, connected-tests, cross-device-tests
2026-04-28T20:06:19.8172509Z Checks after Regexp filter:
2026-04-28T20:06:19.8172953Z Checks completed: capture-failure-log, capture-failure-log, e2e, autofix, web-lint-and-test, test, maybe-label
2026-04-28T20:06:19.8173530Z Checks in_progress: lint-and-test, connected-tests, cross-device-tests
2026-04-28T20:06:19.8173968Z The requested checks aren't complete yet, will check back in 15 seconds...
2026-04-28T20:06:19.8174312Z Checks running on ref:
2026-04-28T20:06:19.8174739Z Checks completed: capture-failure-log, capture-failure-log, e2e, autofix, web-lint-and-test, test, maybe-label
2026-04-28T20:06:19.8175348Z Checks in_progress: lint-and-test, connected-tests, cross-device-tests, Auto-merge
2026-04-28T20:06:19.8175739Z Checks after ignore checks filter:
2026-04-28T20:06:19.8176456Z Checks completed: capture-failure-log, capture-failure-log, e2e, autofix, web-lint-and-test, test, maybe-label
2026-04-28T20:06:19.8177183Z Checks in_progress: lint-and-test, connected-tests, cross-device-tests
2026-04-28T20:06:19.8177529Z Checks after check_name filter:
2026-04-28T20:06:19.8177973Z Checks completed: capture-failure-log, capture-failure-log, e2e, autofix, web-lint-and-test, test, maybe-label
2026-04-28T20:08:23.3407012Z Checks in_progress: lint-and-test, connected-tests, cross-device-tests
2026-04-28T20:08:23.3407913Z Checks after Regexp filter:
2026-04-28T20:08:23.3408970Z Checks completed: capture-failure-log, capture-failure-log, e2e, autofix, web-lint-and-test, test, maybe-label
2026-04-28T20:08:23.3410499Z Checks in_progress: lint-and-test, connected-tests, cross-device-tests
2026-04-28T20:08:23.3411573Z The requested checks aren't complete yet, will check back in 15 seconds...
2026-04-28T20:08:23.3412388Z Checks running on ref:
2026-04-28T20:08:23.3413755Z Checks completed: capture-failure-log, capture-failure-log, e2e, autofix, web-lint-and-test, test, maybe-label
2026-04-28T20:08:23.3414979Z Checks in_progress: lint-and-test, connected-tests, cross-device-tests, Auto-merge
2026-04-28T20:08:23.3415700Z Checks after ignore checks filter:
2026-04-28T20:08:23.3416796Z Checks completed: capture-failure-log, capture-failure-log, e2e, autofix, web-lint-and-test, test, maybe-label
2026-04-28T20:08:23.3417864Z Checks in_progress: lint-and-test, connected-tests, cross-device-tests
2026-04-28T20:08:23.3418492Z Checks after check_name filter:
2026-04-28T20:08:23.3419318Z Checks completed: capture-failure-log, capture-failure-log, e2e, autofix, web-lint-and-test, test, maybe-label
2026-04-28T20:08:23.3420366Z Checks in_progress: lint-and-test, connected-tests, cross-device-tests
2026-04-28T20:08:23.3420990Z Checks after Regexp filter:
2026-04-28T20:08:23.3421528Z Checks completed: capture-failure-log, capture-failure-log, e2e, autofix, web-lint-and-test, test, maybe-label
2026-04-28T20:08:23.3422131Z Checks in_progress: lint-and-test, connected-tests, cross-device-tests
2026-04-28T20:08:23.3422596Z The requested checks aren't complete yet, will check back in 15 seconds...
2026-04-28T20:08:23.3422952Z Checks running on ref:
2026-04-28T20:08:23.3423442Z Checks completed: capture-failure-log, capture-failure-log, e2e, autofix, web-lint-and-test, test, maybe-label
2026-04-28T20:08:23.3424097Z Checks in_progress: lint-and-test, connected-tests, cross-device-tests, Auto-merge
2026-04-28T20:08:23.3424496Z Checks after ignore checks filter:
2026-04-28T20:08:23.3424956Z Checks completed: capture-failure-log, capture-failure-log, e2e, autofix, web-lint-and-test, test, maybe-label
2026-04-28T20:08:23.3425535Z Checks in_progress: lint-and-test, connected-tests, cross-device-tests
2026-04-28T20:08:23.3425891Z Checks after check_name filter:
2026-04-28T20:08:23.3426591Z Checks completed: capture-failure-log, capture-failure-log, e2e, autofix, web-lint-and-test, test, maybe-label
2026-04-28T20:08:23.3427191Z Checks in_progress: lint-and-test, connected-tests, cross-device-tests
2026-04-28T20:08:23.3427539Z Checks after Regexp filter:
2026-04-28T20:08:23.3427979Z Checks completed: capture-failure-log, capture-failure-log, e2e, autofix, web-lint-and-test, test, maybe-label
2026-04-28T20:08:23.3428554Z Checks in_progress: lint-and-test, connected-tests, cross-device-tests
2026-04-28T20:08:23.3428996Z The requested checks aren't complete yet, will check back in 15 seconds...
2026-04-28T20:08:23.3429354Z Checks running on ref:
2026-04-28T20:08:23.3429788Z Checks completed: capture-failure-log, capture-failure-log, e2e, autofix, web-lint-and-test, test, maybe-label
2026-04-28T20:08:23.3430400Z Checks in_progress: lint-and-test, connected-tests, cross-device-tests, Auto-merge
2026-04-28T20:08:23.3430794Z Checks after ignore checks filter:
2026-04-28T20:08:23.3431255Z Checks completed: capture-failure-log, capture-failure-log, e2e, autofix, web-lint-and-test, test, maybe-label
2026-04-28T20:08:23.3431829Z Checks in_progress: lint-and-test, connected-tests, cross-device-tests
2026-04-28T20:08:23.3432378Z Checks after check_name filter:
2026-04-28T20:08:23.3432824Z Checks completed: capture-failure-log, capture-failure-log, e2e, autofix, web-lint-and-test, test, maybe-label
2026-04-28T20:08:23.3433405Z Checks in_progress: lint-and-test, connected-tests, cross-device-tests
2026-04-28T20:08:23.3433751Z Checks after Regexp filter:
2026-04-28T20:08:23.3434188Z Checks completed: capture-failure-log, capture-failure-log, e2e, autofix, web-lint-and-test, test, maybe-label
2026-04-28T20:08:23.3434760Z Checks in_progress: lint-and-test, connected-tests, cross-device-tests
2026-04-28T20:08:23.3435204Z The requested checks aren't complete yet, will check back in 15 seconds...
2026-04-28T20:08:23.3435547Z Checks running on ref:
2026-04-28T20:08:23.3436201Z Checks completed: capture-failure-log, capture-failure-log, e2e, autofix, web-lint-and-test, test, maybe-label
2026-04-28T20:08:23.3436959Z Checks in_progress: lint-and-test, connected-tests, cross-device-tests, Auto-merge
2026-04-28T20:08:23.3437358Z Checks after ignore checks filter:
2026-04-28T20:08:23.3437817Z Checks completed: capture-failure-log, capture-failure-log, e2e, autofix, web-lint-and-test, test, maybe-label
2026-04-28T20:08:23.3438386Z Checks in_progress: lint-and-test, connected-tests, cross-device-tests
2026-04-28T20:08:23.3438727Z Checks after check_name filter:
2026-04-28T20:08:23.3439176Z Checks completed: capture-failure-log, capture-failure-log, e2e, autofix, web-lint-and-test, test, maybe-label
2026-04-28T20:08:23.3439742Z Checks in_progress: lint-and-test, connected-tests, cross-device-tests
2026-04-28T20:08:23.3440084Z Checks after Regexp filter:
2026-04-28T20:08:23.3440521Z Checks completed: capture-failure-log, capture-failure-log, e2e, autofix, web-lint-and-test, test, maybe-label
2026-04-28T20:08:23.3441085Z Checks in_progress: lint-and-test, connected-tests, cross-device-tests
2026-04-28T20:08:23.3441525Z The requested checks aren't complete yet, will check back in 15 seconds...
2026-04-28T20:08:23.3441873Z Checks running on ref:
2026-04-28T20:08:23.3442301Z Checks completed: capture-failure-log, capture-failure-log, e2e, autofix, web-lint-and-test, test, maybe-label
2026-04-28T20:08:23.3442923Z Checks in_progress: lint-and-test, connected-tests, cross-device-tests, Auto-merge
2026-04-28T20:08:23.3443316Z Checks after ignore checks filter:
2026-04-28T20:08:23.3443775Z Checks completed: capture-failure-log, capture-failure-log, e2e, autofix, web-lint-and-test, test, maybe-label
2026-04-28T20:08:23.3444369Z Checks in_progress: lint-and-test, connected-tests, cross-device-tests
2026-04-28T20:08:23.3444716Z Checks after check_name filter:
2026-04-28T20:08:23.3445173Z Checks completed: capture-failure-log, capture-failure-log, e2e, autofix, web-lint-and-test, test, maybe-label
2026-04-28T20:08:23.3445753Z Checks in_progress: lint-and-test, connected-tests, cross-device-tests
2026-04-28T20:08:23.3446367Z Checks after Regexp filter:
2026-04-28T20:08:23.3446816Z Checks completed: capture-failure-log, capture-failure-log, e2e, autofix, web-lint-and-test, test, maybe-label
2026-04-28T20:08:23.3447396Z Checks in_progress: lint-and-test, connected-tests, cross-device-tests
2026-04-28T20:08:23.3447834Z The requested checks aren't complete yet, will check back in 15 seconds...
2026-04-28T20:08:23.3448180Z Checks running on ref:
2026-04-28T20:08:23.3448499Z Checks in_progress: capture-failure-log / capture, connected-tests, Auto-merge
2026-04-28T20:08:23.3449226Z Checks completed: capture-failure-log, capture-failure-log, e2e, lint-and-test, autofix, web-lint-and-test, cross-device-tests, test, maybe-label
2026-04-28T20:08:23.3449847Z Checks after ignore checks filter:
2026-04-28T20:08:23.3450163Z Checks in_progress: capture-failure-log / capture, connected-tests
2026-04-28T20:08:23.3450850Z Checks completed: capture-failure-log, capture-failure-log, e2e, lint-and-test, autofix, web-lint-and-test, cross-device-tests, test, maybe-label
2026-04-28T20:08:23.3451458Z Checks after check_name filter:
2026-04-28T20:08:23.3451761Z Checks in_progress: capture-failure-log / capture, connected-tests
2026-04-28T20:08:23.3452574Z Checks completed: capture-failure-log, capture-failure-log, e2e, lint-and-test, autofix, web-lint-and-test, cross-device-tests, test, maybe-label
2026-04-28T20:08:23.3453176Z Checks after Regexp filter:
2026-04-28T20:08:23.3453476Z Checks in_progress: capture-failure-log / capture, connected-tests
2026-04-28T20:08:23.3454146Z Checks completed: capture-failure-log, capture-failure-log, e2e, lint-and-test, autofix, web-lint-and-test, cross-device-tests, test, maybe-label
2026-04-28T20:08:23.3454848Z The requested checks aren't complete yet, will check back in 15 seconds...
2026-04-28T20:08:23.3455189Z Checks running on ref:
2026-04-28T20:08:23.3455455Z Checks in_progress: capture-failure-log / capture, Auto-merge
2026-04-28T20:08:23.3456655Z Checks completed: capture-failure-log / capture, capture-failure-log, capture-failure-log, e2e, lint-and-test, autofix, web-lint-and-test, connected-tests, cross-device-tests, test, maybe-label
2026-04-28T20:08:23.3457455Z Checks after ignore checks filter:
2026-04-28T20:08:23.3457728Z Checks in_progress: capture-failure-log / capture
2026-04-28T20:08:23.3458520Z Checks completed: capture-failure-log / capture, capture-failure-log, capture-failure-log, e2e, lint-and-test, autofix, web-lint-and-test, connected-tests, cross-device-tests, test, maybe-label
2026-04-28T20:08:23.3459294Z Checks after check_name filter:
2026-04-28T20:08:23.3459551Z Checks in_progress: capture-failure-log / capture
2026-04-28T20:08:23.3460340Z Checks completed: capture-failure-log / capture, capture-failure-log, capture-failure-log, e2e, lint-and-test, autofix, web-lint-and-test, connected-tests, cross-device-tests, test, maybe-label
2026-04-28T20:08:23.3461107Z Checks after Regexp filter:
2026-04-28T20:08:23.3461352Z Checks in_progress: capture-failure-log / capture
2026-04-28T20:08:23.3462139Z Checks completed: capture-failure-log / capture, capture-failure-log, capture-failure-log, e2e, lint-and-test, autofix, web-lint-and-test, connected-tests, cross-device-tests, test, maybe-label
2026-04-28T20:08:23.3463010Z The requested checks aren't complete yet, will check back in 15 seconds...
2026-04-28T20:08:23.3463357Z Checks running on ref:
2026-04-28T20:08:23.3464173Z Checks completed: capture-failure-log / capture, capture-failure-log / capture, capture-failure-log, capture-failure-log, e2e, lint-and-test, autofix, web-lint-and-test, connected-tests, cross-device-tests, test, maybe-label
2026-04-28T20:08:23.3465055Z Checks in_progress: Auto-merge
2026-04-28T20:08:23.3465286Z Checks after ignore checks filter:
2026-04-28T20:08:23.3466357Z Checks completed: capture-failure-log / capture, capture-failure-log / capture, capture-failure-log, capture-failure-log, e2e, lint-and-test, autofix, web-lint-and-test, connected-tests, cross-device-tests, test, maybe-label
2026-04-28T20:08:23.3467239Z Checks after check_name filter:
2026-04-28T20:08:23.3468081Z Checks completed: capture-failure-log / capture, capture-failure-log / capture, capture-failure-log, capture-failure-log, e2e, lint-and-test, autofix, web-lint-and-test, connected-tests, cross-device-tests, test, maybe-label
2026-04-28T20:08:23.3468956Z Checks after Regexp filter:
2026-04-28T20:08:23.3487485Z Checks completed: capture-failure-log / capture, capture-failure-log / capture, capture-failure-log, capture-failure-log, e2e, lint-and-test, autofix, web-lint-and-test, connected-tests, cross-device-tests, test, maybe-label
2026-04-28T20:08:23.3488391Z Checks completed:
2026-04-28T20:08:23.3488624Z capture-failure-log / capture: completed (success)
2026-04-28T20:08:23.3488949Z capture-failure-log / capture: completed (success)
2026-04-28T20:08:23.3489245Z capture-failure-log: completed (skipped)
2026-04-28T20:08:23.3489509Z capture-failure-log: completed (skipped)
2026-04-28T20:08:23.3489757Z e2e: completed (success)
2026-04-28T20:08:23.3489970Z lint-and-test: completed (failure)
2026-04-28T20:08:23.3490212Z autofix: completed (success)
2026-04-28T20:08:23.3490452Z web-lint-and-test: completed (success)
2026-04-28T20:08:23.3490869Z connected-tests: completed (failure)
2026-04-28T20:08:23.3491124Z cross-device-tests: completed (failure)
2026-04-28T20:08:23.3491373Z test: completed (success)
2026-04-28T20:08:23.3491584Z maybe-label: completed (success)
2026-04-28T20:08:23.3492235Z The conclusion of one or more checks were not allowed. Allowed conclusions are: success, skipped, neutral. This can be configured with the 'allowed-conclusions' param.
2026-04-28T20:08:23.3607604Z ##[error]Process completed with exit code 1.
2026-04-28T20:08:23.3713886Z Post job cleanup.
2026-04-28T20:08:23.3763896Z Cleaning up orphan processes
2026-04-28T20:08:23.4142647Z ##[warning]Node.js 20 actions are deprecated. The following actions are running on Node.js 20 and may not work as expected: actions/cache@v4. Actions will be forced to run with Node.js 24 by default starting June 2nd, 2026. Node.js 20 will be removed from the runner on September 16th, 2026. Please check if updated versions of these actions are available that support Node.js 24. To opt into Node.js 24 now, set the FORCE_JAVASCRIPT_ACTIONS_TO_NODE24=true environment variable on the runner or in your workflow file. Once Node.js 24 becomes the default, you can temporarily opt out by setting ACTIONS_ALLOW_USE_UNSECURE_NODE_VERSION=true. For more information see: https://github.blog/changelog/2025-09-19-deprecation-of-node-20-on-github-actions-runners/
