=== CI FAILURE ===
Workflow:      Auto-merge & Release
Workflow file: averycorp/prismTask/.github/workflows/auto-merge.yml@refs/pull/934/merge
Job(s):        Auto-merge
Run ID:        25092242222
Run attempt:   1
Run URL:       https://github.com/averycorp/prismTask/actions/runs/25092242222
Commit:        aec993fa0c0bff494090822c1cda18ef3648eadb
Branch:        934/merge
Event:         pull_request
Actor:         akarlin3
Runner OS:     Linux
Timestamp:     2026-04-29T05:26:24.176Z

Failed steps:
  - Auto-merge: #4 Wait for all other CI checks to pass

=== FAILED JOB LOG ===

--- Job: Auto-merge (id 73520701838) ---
2026-04-29T05:18:43.4630320Z Current runner version: '2.334.0'
2026-04-29T05:18:43.4654215Z ##[group]Runner Image Provisioner
2026-04-29T05:18:43.4654956Z Hosted Compute Agent
2026-04-29T05:18:43.4655492Z Version: 20260213.493
2026-04-29T05:18:43.4655997Z Commit: 5c115507f6dd24b8de37d8bbe0bb4509d0cc0fa3
2026-04-29T05:18:43.4656678Z Build Date: 2026-02-13T00:28:41Z
2026-04-29T05:18:43.4657277Z Worker ID: {f55d6ae5-6cf7-489a-a4fe-98439a71c8b2}
2026-04-29T05:18:43.4657884Z Azure Region: northcentralus
2026-04-29T05:18:43.4658445Z ##[endgroup]
2026-04-29T05:18:43.4660007Z ##[group]Operating System
2026-04-29T05:18:43.4660493Z Ubuntu
2026-04-29T05:18:43.4660973Z 24.04.4
2026-04-29T05:18:43.4661354Z LTS
2026-04-29T05:18:43.4661764Z ##[endgroup]
2026-04-29T05:18:43.4662235Z ##[group]Runner Image
2026-04-29T05:18:43.4662720Z Image: ubuntu-24.04
2026-04-29T05:18:43.4663171Z Version: 20260413.86.1
2026-04-29T05:18:43.4664255Z Included Software: https://github.com/actions/runner-images/blob/ubuntu24/20260413.86/images/ubuntu/Ubuntu2404-Readme.md
2026-04-29T05:18:43.4665521Z Image Release: https://github.com/actions/runner-images/releases/tag/ubuntu24%2F20260413.86
2026-04-29T05:18:43.4666324Z ##[endgroup]
2026-04-29T05:18:43.4667429Z ##[group]GITHUB_TOKEN Permissions
2026-04-29T05:18:43.4669265Z Actions: read
2026-04-29T05:18:43.4669997Z Checks: read
2026-04-29T05:18:43.4670443Z Contents: write
2026-04-29T05:18:43.4670923Z Metadata: read
2026-04-29T05:18:43.4671397Z PullRequests: write
2026-04-29T05:18:43.4671835Z ##[endgroup]
2026-04-29T05:18:43.4673832Z Secret source: Actions
2026-04-29T05:18:43.4674441Z Prepare workflow directory
2026-04-29T05:18:43.5051927Z Prepare all required actions
2026-04-29T05:18:43.5091580Z Getting action download info
2026-04-29T05:18:43.8569295Z Download action repository 'lewagon/wait-on-check-action@ccfb013c15c8afb7bf2b7c028fb74dc5a068cccc' (SHA:ccfb013c15c8afb7bf2b7c028fb74dc5a068cccc)
2026-04-29T05:18:44.2842721Z Getting action download info
2026-04-29T05:18:44.4406033Z Download action repository 'ruby/setup-ruby@v1' (SHA:c4e5b1316158f92e3d49443a9d58b31d25ac0f8f)
2026-04-29T05:18:44.9370352Z Download action repository 'actions/cache@v4' (SHA:0057852bfaa89a56745cba8c7296529d2fc39830)
2026-04-29T05:18:45.0548731Z Complete job name: Auto-merge
2026-04-29T05:18:45.1251374Z ##[group]Run set -euo pipefail
2026-04-29T05:18:45.1252089Z [36;1mset -euo pipefail[0m
2026-04-29T05:18:45.1252786Z [36;1m# Audit item #5 — poll check-runs for up to 60s instead of a bare[0m
2026-04-29T05:18:45.1253689Z [36;1m# 20s sleep. On a busy runner cohort the initial 20s wasn't enough[0m
2026-04-29T05:18:45.1254552Z [36;1m# for the API to reflect queued workflow runs, which could merge[0m
2026-04-29T05:18:45.1255416Z [36;1m# PRs without waiting for CI. Bail out early as soon as ≥1 real[0m
2026-04-29T05:18:45.1256120Z [36;1m# check shows up.[0m
2026-04-29T05:18:45.1256591Z [36;1mCOUNT=0[0m
2026-04-29T05:18:45.1257041Z [36;1mfor i in $(seq 1 6); do[0m
2026-04-29T05:18:45.1257546Z [36;1m  sleep 10[0m
2026-04-29T05:18:45.1258136Z [36;1m  COUNT=$(gh api "repos/$REPO/commits/$HEAD_SHA/check-runs" \[0m
2026-04-29T05:18:45.1259017Z [36;1m    --jq '[.check_runs[] | select(.name != "Auto-merge")] | length')[0m
2026-04-29T05:18:45.1260094Z [36;1m  if [ "$COUNT" -gt 0 ]; then[0m
2026-04-29T05:18:45.1260794Z [36;1m    echo "Found $COUNT non-Auto-merge check(s) after ${i}0s"[0m
2026-04-29T05:18:45.1261443Z [36;1m    break[0m
2026-04-29T05:18:45.1261863Z [36;1m  fi[0m
2026-04-29T05:18:45.1262381Z [36;1m  echo "No non-Auto-merge checks yet (attempt $i/6)"[0m
2026-04-29T05:18:45.1263028Z [36;1mdone[0m
2026-04-29T05:18:45.1263461Z [36;1mif [ "$COUNT" -gt 0 ]; then[0m
2026-04-29T05:18:45.1264043Z [36;1m  echo "has_ci=true" >> "$GITHUB_OUTPUT"[0m
2026-04-29T05:18:45.1264622Z [36;1melse[0m
2026-04-29T05:18:45.1265091Z [36;1m  echo "has_ci=false" >> "$GITHUB_OUTPUT"[0m
2026-04-29T05:18:45.1265886Z [36;1m  echo "No CI checks on this PR after 60s — will merge without waiting."[0m
2026-04-29T05:18:45.1266622Z [36;1mfi[0m
2026-04-29T05:18:45.1284643Z shell: /usr/bin/bash -e {0}
2026-04-29T05:18:45.1285450Z env:
2026-04-29T05:18:45.1285892Z   WAIT_INTERVAL: 15
2026-04-29T05:18:45.1286666Z   GH_TOKEN: ***
2026-04-29T05:18:45.1287211Z   HEAD_SHA: 51989e39658a7920fb80b41aaf3b04371886b063
2026-04-29T05:18:45.1287834Z   REPO: averycorp/prismTask
2026-04-29T05:18:45.1288322Z ##[endgroup]
2026-04-29T05:18:55.5364786Z Found 5 non-Auto-merge check(s) after 10s
2026-04-29T05:18:55.5488795Z ##[group]Run set -euo pipefail
2026-04-29T05:18:55.5489173Z [36;1mset -euo pipefail[0m
2026-04-29T05:18:55.5489877Z [36;1mREQUIRED=$(gh api "repos/$REPO/branches/main/protection/required_status_checks" \[0m
2026-04-29T05:18:55.5490349Z [36;1m  --jq '.contexts[]' 2>/dev/null || true)[0m
2026-04-29T05:18:55.5490672Z [36;1mif [ -z "$REQUIRED" ]; then[0m
2026-04-29T05:18:55.5491201Z [36;1m  echo "::warning::Could not query branch protection (likely a permission issue) — using hardcoded fallback list."[0m
2026-04-29T05:18:55.5491739Z [36;1m  REQUIRED="$FALLBACK_REQUIRED"[0m
2026-04-29T05:18:55.5492048Z [36;1mfi[0m
2026-04-29T05:18:55.5492349Z [36;1m# Strip Auto-merge from the required list so we don't wait on[0m
2026-04-29T05:18:55.5492782Z [36;1m# ourselves (it's listed because we ARE the running workflow).[0m
2026-04-29T05:18:55.5493291Z [36;1mREQUIRED=$(echo "$REQUIRED" | grep -vE '^\s*Auto-merge\s*$' | grep -vE '^\s*$' || true)[0m
2026-04-29T05:18:55.5493776Z [36;1mif [ -z "$REQUIRED" ]; then[0m
2026-04-29T05:18:55.5494149Z [36;1m  echo "No required checks beyond Auto-merge; skipping queue wait."[0m
2026-04-29T05:18:55.5494530Z [36;1m  exit 0[0m
2026-04-29T05:18:55.5494765Z [36;1mfi[0m
2026-04-29T05:18:55.5495042Z [36;1mecho "Waiting until these required checks queue:"[0m
2026-04-29T05:18:55.5495384Z [36;1mecho "$REQUIRED" | sed 's/^/  /'[0m
2026-04-29T05:18:55.5495743Z [36;1m# Audit PR #876 → CI pathway efficiency: this loop was burning[0m
2026-04-29T05:18:55.5496167Z [36;1m# ~315s/PR (PR #874 run 25035518360 + PR #873 run 25035513300)[0m
2026-04-29T05:18:55.5496605Z [36;1m# while underlying required checks were observably complete in[0m
2026-04-29T05:18:55.5497040Z [36;1m# ~30s. Mean job wall-clock was 343s with std-dev ~7s across 10[0m
2026-04-29T05:18:55.5497487Z [36;1m# runs — i.e. the loop almost always ran to its 5-minute ceiling.[0m
2026-04-29T05:18:55.5497907Z [36;1m# Two compensating mitigations + diagnostics:[0m
2026-04-29T05:18:55.5498266Z [36;1m#[0m
2026-04-29T05:18:55.5498565Z [36;1m#   (a) Cap dropped 30 → 18 attempts at 5s interval = 90s ceiling[0m
2026-04-29T05:18:55.5498980Z [36;1m#       (still > 2× the 43s race window from PR #804).[0m
2026-04-29T05:18:55.5499374Z [36;1m#   (b) Poll interval dropped 10s → 5s for faster detection.[0m
2026-04-29T05:18:55.5500015Z [36;1m#   (c) Per-iteration diagnostic prints MISSING + visible CHECK_RUNS[0m
2026-04-29T05:18:55.5500513Z [36;1m#       so future investigation can pinpoint the matching mismatch[0m
2026-04-29T05:18:55.5500990Z [36;1m#       (the immediate root-cause was not yet identified — the[0m
2026-04-29T05:18:55.5501442Z [36;1m#       MISSING list never empties even though CHECK_RUNS clearly[0m
2026-04-29T05:18:55.5501881Z [36;1m#       contains every REQUIRED name. Likely a trim/encoding edge[0m
2026-04-29T05:18:55.5502397Z [36;1m#       case in the comparison loop, but observability beats[0m
2026-04-29T05:18:55.5502765Z [36;1m#       guessing).[0m
2026-04-29T05:18:55.5503080Z [36;1mfor attempt in $(seq 1 18); do[0m
2026-04-29T05:18:55.5503491Z [36;1m  CHECK_RUNS=$(gh api --paginate "repos/$REPO/commits/$HEAD_SHA/check-runs" \[0m
2026-04-29T05:18:55.5503925Z [36;1m    --jq '.check_runs[].name' | sort -u)[0m
2026-04-29T05:18:55.5504227Z [36;1m  MISSING=""[0m
2026-04-29T05:18:55.5504472Z [36;1m  while IFS= read -r req; do[0m
2026-04-29T05:18:55.5504753Z [36;1m    [ -z "$req" ] && continue[0m
2026-04-29T05:18:55.5505050Z [36;1m    req_trimmed=$(echo "$req" | xargs)[0m
2026-04-29T05:18:55.5505411Z [36;1m    if ! echo "$CHECK_RUNS" | grep -qxF "$req_trimmed"; then[0m
2026-04-29T05:18:55.5506042Z [36;1m      MISSING="$MISSING $req_trimmed"[0m
2026-04-29T05:18:55.5506327Z [36;1m    fi[0m
2026-04-29T05:18:55.5506543Z [36;1m  done <<< "$REQUIRED"[0m
2026-04-29T05:18:55.5506811Z [36;1m  if [ -z "$MISSING" ]; then[0m
2026-04-29T05:18:55.5507237Z [36;1m    echo "All required checks have queued after attempt $attempt (~$((attempt * 5))s)."[0m
2026-04-29T05:18:55.5507774Z [36;1m    exit 0[0m
2026-04-29T05:18:55.5508006Z [36;1m  fi[0m
2026-04-29T05:18:55.5508278Z [36;1m  echo "Attempt $attempt/18 — still missing:$MISSING"[0m
2026-04-29T05:18:55.5508730Z [36;1m  echo "  Visible check-runs: $(echo "$CHECK_RUNS" | tr '\n' ',' | sed 's/,$//')"[0m
2026-04-29T05:18:55.5509129Z [36;1m  sleep 5[0m
2026-04-29T05:18:55.5509348Z [36;1mdone[0m
2026-04-29T05:18:55.5509976Z [36;1mecho "::warning::Some required checks never queued after 90s:$MISSING — proceeding to wait-on-check-action anyway."[0m
2026-04-29T05:18:55.5524611Z shell: /usr/bin/bash -e {0}
2026-04-29T05:18:55.5524912Z env:
2026-04-29T05:18:55.5525125Z   WAIT_INTERVAL: 15
2026-04-29T05:18:55.5525784Z   GH_TOKEN: ***
2026-04-29T05:18:55.5526049Z   HEAD_SHA: 51989e39658a7920fb80b41aaf3b04371886b063
2026-04-29T05:18:55.5526376Z   REPO: averycorp/prismTask
2026-04-29T05:18:55.5526763Z   FALLBACK_REQUIRED: lint-and-test
connected-tests
test
web-lint-and-test

2026-04-29T05:18:55.5527198Z ##[endgroup]
2026-04-29T05:18:55.7636466Z Waiting until these required checks queue:
2026-04-29T05:18:55.7647373Z   {"message":"Resource not accessible by integration","documentation_url":"https://docs.github.com/rest/branches/branch-protection#get-status-checks-protection","status":"403"}
2026-04-29T05:18:56.1103359Z Attempt 1/18 — still missing: {message:Resource not accessible by integration,documentation_url:https://docs.github.com/rest/branches/branch-protection#get-status-checks-protection,status:403}
2026-04-29T05:18:56.1122512Z   Visible check-runs: Auto-merge,connected-tests,cross-device-tests,maybe-label,test,web-lint-and-test
2026-04-29T05:19:01.5015492Z Attempt 2/18 — still missing: {message:Resource not accessible by integration,documentation_url:https://docs.github.com/rest/branches/branch-protection#get-status-checks-protection,status:403}
2026-04-29T05:19:01.5032095Z   Visible check-runs: Auto-merge,connected-tests,cross-device-tests,maybe-label,test,web-lint-and-test
2026-04-29T05:19:06.9083623Z Attempt 3/18 — still missing: {message:Resource not accessible by integration,documentation_url:https://docs.github.com/rest/branches/branch-protection#get-status-checks-protection,status:403}
2026-04-29T05:19:06.9105193Z   Visible check-runs: Auto-merge,connected-tests,cross-device-tests,maybe-label,test,web-lint-and-test
2026-04-29T05:19:12.2850517Z Attempt 4/18 — still missing: {message:Resource not accessible by integration,documentation_url:https://docs.github.com/rest/branches/branch-protection#get-status-checks-protection,status:403}
2026-04-29T05:19:12.2867429Z   Visible check-runs: Auto-merge,connected-tests,cross-device-tests,maybe-label,test,web-lint-and-test
2026-04-29T05:19:17.6708535Z Attempt 5/18 — still missing: {message:Resource not accessible by integration,documentation_url:https://docs.github.com/rest/branches/branch-protection#get-status-checks-protection,status:403}
2026-04-29T05:19:17.6725222Z   Visible check-runs: Auto-merge,connected-tests,cross-device-tests,maybe-label,test,web-lint-and-test
2026-04-29T05:19:23.0912393Z Attempt 6/18 — still missing: {message:Resource not accessible by integration,documentation_url:https://docs.github.com/rest/branches/branch-protection#get-status-checks-protection,status:403}
2026-04-29T05:19:23.0929295Z   Visible check-runs: Auto-merge,capture-failure-log,connected-tests,cross-device-tests,maybe-label,test,web-lint-and-test
2026-04-29T05:19:28.4954848Z Attempt 7/18 — still missing: {message:Resource not accessible by integration,documentation_url:https://docs.github.com/rest/branches/branch-protection#get-status-checks-protection,status:403}
2026-04-29T05:19:28.4973649Z   Visible check-runs: Auto-merge,capture-failure-log,connected-tests,cross-device-tests,e2e,maybe-label,test,web-lint-and-test
2026-04-29T05:19:33.9162360Z Attempt 8/18 — still missing: {message:Resource not accessible by integration,documentation_url:https://docs.github.com/rest/branches/branch-protection#get-status-checks-protection,status:403}
2026-04-29T05:19:33.9180980Z   Visible check-runs: Auto-merge,capture-failure-log,connected-tests,cross-device-tests,e2e,maybe-label,test,web-lint-and-test
2026-04-29T05:19:39.3535824Z Attempt 9/18 — still missing: {message:Resource not accessible by integration,documentation_url:https://docs.github.com/rest/branches/branch-protection#get-status-checks-protection,status:403}
2026-04-29T05:19:39.3553019Z   Visible check-runs: Auto-merge,capture-failure-log,connected-tests,cross-device-tests,e2e,maybe-label,test,web-lint-and-test
2026-04-29T05:19:44.9940452Z Attempt 10/18 — still missing: {message:Resource not accessible by integration,documentation_url:https://docs.github.com/rest/branches/branch-protection#get-status-checks-protection,status:403}
2026-04-29T05:19:44.9957988Z   Visible check-runs: Auto-merge,capture-failure-log,connected-tests,cross-device-tests,e2e,maybe-label,test,web-lint-and-test
2026-04-29T05:19:50.4406569Z Attempt 11/18 — still missing: {message:Resource not accessible by integration,documentation_url:https://docs.github.com/rest/branches/branch-protection#get-status-checks-protection,status:403}
2026-04-29T05:19:50.4424667Z   Visible check-runs: Auto-merge,capture-failure-log,connected-tests,cross-device-tests,e2e,maybe-label,test,web-lint-and-test
2026-04-29T05:19:55.8585459Z Attempt 12/18 — still missing: {message:Resource not accessible by integration,documentation_url:https://docs.github.com/rest/branches/branch-protection#get-status-checks-protection,status:403}
2026-04-29T05:19:55.8603215Z   Visible check-runs: Auto-merge,capture-failure-log,connected-tests,cross-device-tests,e2e,maybe-label,test,web-lint-and-test
2026-04-29T05:20:01.2377080Z Attempt 13/18 — still missing: {message:Resource not accessible by integration,documentation_url:https://docs.github.com/rest/branches/branch-protection#get-status-checks-protection,status:403}
2026-04-29T05:20:01.2396624Z   Visible check-runs: Auto-merge,capture-failure-log,connected-tests,cross-device-tests,e2e,maybe-label,test,web-lint-and-test
2026-04-29T05:20:06.6479004Z Attempt 14/18 — still missing: {message:Resource not accessible by integration,documentation_url:https://docs.github.com/rest/branches/branch-protection#get-status-checks-protection,status:403}
2026-04-29T05:20:06.6498197Z   Visible check-runs: Auto-merge,capture-failure-log,connected-tests,cross-device-tests,e2e,maybe-label,test,web-lint-and-test
2026-04-29T05:20:12.0896418Z Attempt 15/18 — still missing: {message:Resource not accessible by integration,documentation_url:https://docs.github.com/rest/branches/branch-protection#get-status-checks-protection,status:403}
2026-04-29T05:20:12.0916032Z   Visible check-runs: Auto-merge,capture-failure-log,connected-tests,cross-device-tests,e2e,maybe-label,test,web-lint-and-test
2026-04-29T05:20:17.5431290Z Attempt 16/18 — still missing: {message:Resource not accessible by integration,documentation_url:https://docs.github.com/rest/branches/branch-protection#get-status-checks-protection,status:403}
2026-04-29T05:20:17.5452409Z   Visible check-runs: Auto-merge,capture-failure-log,connected-tests,cross-device-tests,e2e,maybe-label,test,web-lint-and-test
2026-04-29T05:20:22.9581427Z Attempt 17/18 — still missing: {message:Resource not accessible by integration,documentation_url:https://docs.github.com/rest/branches/branch-protection#get-status-checks-protection,status:403}
2026-04-29T05:20:22.9600382Z   Visible check-runs: Auto-merge,capture-failure-log,connected-tests,cross-device-tests,e2e,maybe-label,test,web-lint-and-test
2026-04-29T05:20:28.3892407Z Attempt 18/18 — still missing: {message:Resource not accessible by integration,documentation_url:https://docs.github.com/rest/branches/branch-protection#get-status-checks-protection,status:403}
2026-04-29T05:20:28.3914686Z   Visible check-runs: Auto-merge,capture-failure-log,connected-tests,cross-device-tests,e2e,maybe-label,test,web-lint-and-test
2026-04-29T05:20:33.3958011Z ##[warning]Some required checks never queued after 90s: {message:Resource not accessible by integration,documentation_url:https://docs.github.com/rest/branches/branch-protection#get-status-checks-protection,status:403} — proceeding to wait-on-check-action anyway.
2026-04-29T05:20:33.4097231Z ##[group]Run lewagon/wait-on-check-action@ccfb013c15c8afb7bf2b7c028fb74dc5a068cccc
2026-04-29T05:20:33.4097641Z with:
2026-04-29T05:20:33.4097854Z   ref: 51989e39658a7920fb80b41aaf3b04371886b063
2026-04-29T05:20:33.4098125Z   running-workflow-name: Auto-merge
2026-04-29T05:20:33.4098576Z   repo-token: ***
2026-04-29T05:20:33.4098772Z   wait-interval: 15
2026-04-29T05:20:33.4098991Z   allowed-conclusions: success,skipped,neutral
2026-04-29T05:20:33.4099255Z   verbose: true
2026-04-29T05:20:33.4099455Z env:
2026-04-29T05:20:33.4099824Z   WAIT_INTERVAL: 15
2026-04-29T05:20:33.4100008Z ##[endgroup]
2026-04-29T05:20:33.4223787Z ##[group]Run ruby/setup-ruby@v1
2026-04-29T05:20:33.4224033Z with:
2026-04-29T05:20:33.4224205Z   ruby-version: 3.2
2026-04-29T05:20:33.4224397Z   bundler-cache: false
2026-04-29T05:20:33.4224725Z   token: ***
2026-04-29T05:20:33.4224886Z env:
2026-04-29T05:20:33.4225045Z   WAIT_INTERVAL: 15
2026-04-29T05:20:33.4225211Z ##[endgroup]
2026-04-29T05:20:33.5431990Z ##[group]Modifying PATH
2026-04-29T05:20:33.5432493Z Entries added to PATH to use selected Ruby:
2026-04-29T05:20:33.5432941Z   /opt/hostedtoolcache/Ruby/3.2.11/x64/bin
2026-04-29T05:20:33.5436351Z ##[endgroup]
2026-04-29T05:20:33.5436977Z ##[group]Print Ruby version
2026-04-29T05:20:33.5471159Z [command]/opt/hostedtoolcache/Ruby/3.2.11/x64/bin/ruby --version
2026-04-29T05:20:33.7753510Z ruby 3.2.11 (2026-03-27 revision 5483bfc1ae) [x86_64-linux]
2026-04-29T05:20:33.7772491Z Took   0.23 seconds
2026-04-29T05:20:33.7773314Z ##[endgroup]
2026-04-29T05:20:33.7774204Z ##[group]Installing Bundler
2026-04-29T05:20:33.7778174Z Using Bundler shipped with ruby-3.2.11
2026-04-29T05:20:33.7778789Z Took   0.00 seconds
2026-04-29T05:20:33.7779848Z ##[endgroup]
2026-04-29T05:20:33.8366653Z ##[group]Run actions/cache@v4
2026-04-29T05:20:33.8366906Z with:
2026-04-29T05:20:33.8367305Z   path: /home/runner/work/_actions/lewagon/wait-on-check-action/ccfb013c15c8afb7bf2b7c028fb74dc5a068cccc
2026-04-29T05:20:33.8367767Z   key: Linux-gems-
2026-04-29T05:20:33.8367961Z   restore-keys: Linux-gems-
2026-04-29T05:20:33.8368181Z   enableCrossOsArchive: false
2026-04-29T05:20:33.8368403Z   fail-on-cache-miss: false
2026-04-29T05:20:33.8368610Z   lookup-only: false
2026-04-29T05:20:33.8368792Z   save-always: false
2026-04-29T05:20:33.8368968Z env:
2026-04-29T05:20:33.8369121Z   WAIT_INTERVAL: 15
2026-04-29T05:20:33.8369303Z ##[endgroup]
2026-04-29T05:20:34.0904682Z Cache not found for input keys: Linux-gems-, Linux-gems-
2026-04-29T05:20:34.0955032Z ##[group]Run bundle install --jobs 4 --retry 3
2026-04-29T05:20:34.0955349Z [36;1mbundle install --jobs 4 --retry 3[0m
2026-04-29T05:20:34.0970339Z shell: /usr/bin/bash --noprofile --norc -e -o pipefail {0}
2026-04-29T05:20:34.0970649Z env:
2026-04-29T05:20:34.0970815Z   WAIT_INTERVAL: 15
2026-04-29T05:20:34.0971001Z ##[endgroup]
2026-04-29T05:20:36.0516880Z Bundler 2.4.19 is running, but your lockfile was generated with 2.2.3. Installing Bundler 2.2.3 and restarting using that version.
2026-04-29T05:20:38.0454808Z Fetching gem metadata from https://rubygems.org/.
2026-04-29T05:20:38.0525756Z Fetching bundler 2.2.3
2026-04-29T05:20:38.2293830Z Installing bundler 2.2.3
2026-04-29T05:20:38.3783336Z Calling `DidYouMean::SPELL_CHECKERS.merge!(error_name => spell_checker)' has been deprecated. Please call `DidYouMean.correct_error(error_name, spell_checker)' instead.
2026-04-29T05:20:39.4933702Z Fetching gem metadata from https://rubygems.org/.........
2026-04-29T05:20:39.5031463Z Fetching zeitwerk 2.6.7
2026-04-29T05:20:39.5308397Z Fetching concurrent-ruby 1.2.2
2026-04-29T05:20:39.5320094Z Fetching minitest 5.18.0
2026-04-29T05:20:39.5320808Z Fetching public_suffix 4.0.7
2026-04-29T05:20:39.6138999Z Installing zeitwerk 2.6.7
2026-04-29T05:20:39.6310971Z Installing minitest 5.18.0
2026-04-29T05:20:39.6358774Z Installing public_suffix 4.0.7
2026-04-29T05:20:39.6735728Z Fetching ast 2.4.2
2026-04-29T05:20:39.7044207Z Installing concurrent-ruby 1.2.2
2026-04-29T05:20:39.7058216Z Using bundler 2.2.3
2026-04-29T05:20:39.7062606Z Fetching byebug 11.1.3
2026-04-29T05:20:39.7340895Z Installing ast 2.4.2
2026-04-29T05:20:39.7480546Z Fetching diff-lcs 1.4.4
2026-04-29T05:20:39.7753175Z Installing byebug 11.1.3 with native extensions
2026-04-29T05:20:39.7754006Z Fetching faraday-net_http 2.0.3
2026-04-29T05:20:39.8134285Z Installing faraday-net_http 2.0.3
2026-04-29T05:20:39.8303650Z Installing diff-lcs 1.4.4
2026-04-29T05:20:39.8372405Z Using ruby2_keywords 0.0.5
2026-04-29T05:20:39.8378548Z Fetching json 2.7.1
2026-04-29T05:20:39.8810888Z Installing json 2.7.1 with native extensions
2026-04-29T05:20:39.9102117Z Fetching language_server-protocol 3.17.0.3
2026-04-29T05:20:39.9534450Z Installing language_server-protocol 3.17.0.3
2026-04-29T05:20:40.0166196Z Fetching lint_roller 1.1.0
2026-04-29T05:20:40.0671332Z Installing lint_roller 1.1.0
2026-04-29T05:20:40.0762894Z Fetching parallel 1.24.0
2026-04-29T05:20:40.1172196Z Installing parallel 1.24.0
2026-04-29T05:20:40.1288947Z Fetching racc 1.7.3
2026-04-29T05:20:40.1725957Z Installing racc 1.7.3 with native extensions
2026-04-29T05:20:40.1767619Z Fetching rainbow 3.1.1
2026-04-29T05:20:40.2150981Z Installing rainbow 3.1.1
2026-04-29T05:20:40.2240578Z Fetching regexp_parser 2.8.3
2026-04-29T05:20:40.2750761Z Installing regexp_parser 2.8.3
2026-04-29T05:20:40.3014800Z Fetching rexml 3.2.6
2026-04-29T05:20:40.3522430Z Installing rexml 3.2.6
2026-04-29T05:20:40.3725609Z Fetching rspec-support 3.10.1
2026-04-29T05:20:40.4595608Z Installing rspec-support 3.10.1
2026-04-29T05:20:40.4684088Z Fetching ruby-progressbar 1.13.0
2026-04-29T05:20:40.5091403Z Installing ruby-progressbar 1.13.0
2026-04-29T05:20:40.5186123Z Fetching unicode-display_width 2.5.0
2026-04-29T05:20:40.5526576Z Installing unicode-display_width 2.5.0
2026-04-29T05:20:40.5570948Z Fetching addressable 2.8.0
2026-04-29T05:20:40.5983241Z Installing addressable 2.8.0
2026-04-29T05:20:40.6093569Z Fetching faraday 2.3.0
2026-04-29T05:20:40.6512537Z Installing faraday 2.3.0
2026-04-29T05:20:40.6676163Z Fetching i18n 1.12.0
2026-04-29T05:20:40.7050182Z Installing i18n 1.12.0
2026-04-29T05:20:40.7226692Z Fetching tzinfo 2.0.6
2026-04-29T05:20:40.7890597Z Installing tzinfo 2.0.6
2026-04-29T05:20:40.8100531Z Fetching rspec-core 3.10.1
2026-04-29T05:20:40.8820379Z Installing rspec-core 3.10.1
2026-04-29T05:20:40.9150484Z Fetching rspec-expectations 3.10.1
2026-04-29T05:20:40.9810627Z Installing rspec-expectations 3.10.1
2026-04-29T05:20:41.0050479Z Fetching rspec-mocks 3.10.1
2026-04-29T05:20:41.0670431Z Installing rspec-mocks 3.10.1
2026-04-29T05:20:41.0871048Z Fetching faraday-retry 2.0.0
2026-04-29T05:20:41.1257463Z Installing faraday-retry 2.0.0
2026-04-29T05:20:41.1311801Z Fetching sawyer 0.9.2
2026-04-29T05:20:41.1644275Z Installing sawyer 0.9.2
2026-04-29T05:20:41.1704547Z Fetching activesupport 6.1.7.3
2026-04-29T05:20:41.2160819Z Installing activesupport 6.1.7.3
2026-04-29T05:20:41.2553742Z Fetching rspec 3.10.0
2026-04-29T05:20:41.2893753Z Installing rspec 3.10.0
2026-04-29T05:20:41.2935339Z Fetching octokit 4.25.0
2026-04-29T05:20:41.3299718Z Installing octokit 4.25.0
2026-04-29T05:20:41.4964851Z Fetching parser 3.2.2.4
2026-04-29T05:20:41.5718574Z Installing parser 3.2.2.4
2026-04-29T05:20:41.6410705Z Fetching rubocop-ast 1.30.0
2026-04-29T05:20:41.6775623Z Installing rubocop-ast 1.30.0
2026-04-29T05:20:43.0322275Z Fetching rubocop 1.57.2
2026-04-29T05:20:43.0897263Z Installing rubocop 1.57.2
2026-04-29T05:20:43.2158120Z Fetching rubocop-performance 1.19.1
2026-04-29T05:20:43.2161207Z Fetching standard-custom 1.0.2
2026-04-29T05:20:43.2732284Z Installing standard-custom 1.0.2
2026-04-29T05:20:43.2785585Z Installing rubocop-performance 1.19.1
2026-04-29T05:20:43.2907041Z Fetching standard-performance 1.2.1
2026-04-29T05:20:43.3327233Z Installing standard-performance 1.2.1
2026-04-29T05:20:43.3381773Z Fetching standard 1.32.1
2026-04-29T05:20:43.3754796Z Installing standard 1.32.1
2026-04-29T05:20:43.3917728Z Bundle complete! 6 Gemfile dependencies, 40 gems now installed.
2026-04-29T05:20:43.3918658Z Use `bundle info [gemname]` to see where a bundled gem is installed.
2026-04-29T05:20:43.4329457Z ##[group]Run ruby entrypoint.rb
2026-04-29T05:20:43.4330056Z [36;1mruby entrypoint.rb[0m
2026-04-29T05:20:43.4343588Z shell: /usr/bin/bash --noprofile --norc -e -o pipefail {0}
2026-04-29T05:20:43.4343888Z env:
2026-04-29T05:20:43.4344054Z   WAIT_INTERVAL: 15
2026-04-29T05:20:43.4344277Z   ALLOWED_CONCLUSIONS: success,skipped,neutral
2026-04-29T05:20:43.4344528Z   IGNORE_CHECKS: 
2026-04-29T05:20:43.4344702Z   CHECK_NAME: 
2026-04-29T05:20:43.4344885Z   CHECK_REGEXP: 
2026-04-29T05:20:43.4345082Z   REF: 51989e39658a7920fb80b41aaf3b04371886b063
2026-04-29T05:20:43.4345529Z   REPO_TOKEN: ***
2026-04-29T05:20:43.4345697Z   VERBOSE: true
2026-04-29T05:20:43.4345881Z   RUNNING_WORKFLOW_NAME: Auto-merge
2026-04-29T05:20:43.4346105Z   API_ENDPOINT: 
2026-04-29T05:20:43.4346268Z ##[endgroup]
2026-04-29T05:22:47.5426682Z Checks running on ref:
2026-04-29T05:22:47.5427550Z Checks in_progress: lint-and-test, autofix, cross-device-tests, connected-tests, Auto-merge
2026-04-29T05:22:47.5428662Z Checks completed: capture-failure-log, e2e, capture-failure-log, web-lint-and-test, maybe-label, test
2026-04-29T05:22:47.5429737Z Checks after ignore checks filter:
2026-04-29T05:22:47.5430380Z Checks in_progress: lint-and-test, autofix, cross-device-tests, connected-tests
2026-04-29T05:22:47.5431409Z Checks completed: capture-failure-log, e2e, capture-failure-log, web-lint-and-test, maybe-label, test
2026-04-29T05:22:47.5432221Z Checks after check_name filter:
2026-04-29T05:22:47.5432840Z Checks in_progress: lint-and-test, autofix, cross-device-tests, connected-tests
2026-04-29T05:22:47.5433849Z Checks completed: capture-failure-log, e2e, capture-failure-log, web-lint-and-test, maybe-label, test
2026-04-29T05:22:47.5434516Z Checks after Regexp filter:
2026-04-29T05:22:47.5435080Z Checks in_progress: lint-and-test, autofix, cross-device-tests, connected-tests
2026-04-29T05:22:47.5435958Z Checks completed: capture-failure-log, e2e, capture-failure-log, web-lint-and-test, maybe-label, test
2026-04-29T05:22:47.5436909Z The requested checks aren't complete yet, will check back in 15 seconds...
2026-04-29T05:22:47.5437493Z Checks running on ref:
2026-04-29T05:22:47.5438118Z Checks in_progress: lint-and-test, autofix, cross-device-tests, connected-tests, Auto-merge
2026-04-29T05:22:47.5439249Z Checks completed: capture-failure-log, e2e, capture-failure-log, web-lint-and-test, maybe-label, test
2026-04-29T05:22:47.5440255Z Checks after ignore checks filter:
2026-04-29T05:22:47.5440912Z Checks in_progress: lint-and-test, autofix, cross-device-tests, connected-tests
2026-04-29T05:22:47.5441919Z Checks completed: capture-failure-log, e2e, capture-failure-log, web-lint-and-test, maybe-label, test
2026-04-29T05:22:47.5442763Z Checks after check_name filter:
2026-04-29T05:22:47.5443366Z Checks in_progress: lint-and-test, autofix, cross-device-tests, connected-tests
2026-04-29T05:22:47.5444420Z Checks completed: capture-failure-log, e2e, capture-failure-log, web-lint-and-test, maybe-label, test
2026-04-29T05:22:47.5445274Z Checks after Regexp filter:
2026-04-29T05:22:47.5445890Z Checks in_progress: lint-and-test, autofix, cross-device-tests, connected-tests
2026-04-29T05:22:47.5446877Z Checks completed: capture-failure-log, e2e, capture-failure-log, web-lint-and-test, maybe-label, test
2026-04-29T05:22:47.5447860Z The requested checks aren't complete yet, will check back in 15 seconds...
2026-04-29T05:22:47.5448471Z Checks running on ref:
2026-04-29T05:22:47.5448950Z Checks in_progress: lint-and-test, connected-tests, Auto-merge
2026-04-29T05:22:47.5450734Z Checks completed: autofix, capture-failure-log, e2e, capture-failure-log, web-lint-and-test, cross-device-tests, maybe-label, test
2026-04-29T05:22:47.5451735Z Checks after ignore checks filter:
2026-04-29T05:22:47.5452221Z Checks in_progress: lint-and-test, connected-tests
2026-04-29T05:22:47.5453406Z Checks completed: autofix, capture-failure-log, e2e, capture-failure-log, web-lint-and-test, cross-device-tests, maybe-label, test
2026-04-29T05:22:47.5454322Z Checks after check_name filter:
2026-04-29T05:22:47.5454779Z Checks in_progress: lint-and-test, connected-tests
2026-04-29T05:22:47.5455802Z Checks completed: autofix, capture-failure-log, e2e, capture-failure-log, web-lint-and-test, cross-device-tests, maybe-label, test
2026-04-29T05:22:47.5456833Z Checks after Regexp filter:
2026-04-29T05:22:47.5457295Z Checks in_progress: lint-and-test, connected-tests
2026-04-29T05:22:47.5458368Z Checks completed: autofix, capture-failure-log, e2e, capture-failure-log, web-lint-and-test, cross-device-tests, maybe-label, test
2026-04-29T05:22:47.5459699Z The requested checks aren't complete yet, will check back in 15 seconds...
2026-04-29T05:22:47.5460097Z Checks running on ref:
2026-04-29T05:22:47.5460692Z Checks completed: capture-failure-log, autofix, capture-failure-log, e2e, capture-failure-log, web-lint-and-test, cross-device-tests, connected-tests, maybe-label, test
2026-04-29T05:22:47.5461372Z Checks in_progress: lint-and-test, Auto-merge
2026-04-29T05:22:47.5461643Z Checks after ignore checks filter:
2026-04-29T05:22:47.5462269Z Checks completed: capture-failure-log, autofix, capture-failure-log, e2e, capture-failure-log, web-lint-and-test, cross-device-tests, connected-tests, maybe-label, test
2026-04-29T05:22:47.5462921Z Checks in_progress: lint-and-test
2026-04-29T05:22:47.5463154Z Checks after check_name filter:
2026-04-29T05:22:47.5463763Z Checks completed: capture-failure-log, autofix, capture-failure-log, e2e, capture-failure-log, web-lint-and-test, cross-device-tests, connected-tests, maybe-label, test
2026-04-29T05:22:47.5464404Z Checks in_progress: lint-and-test
2026-04-29T05:22:47.5464631Z Checks after Regexp filter:
2026-04-29T05:22:47.5465223Z Checks completed: capture-failure-log, autofix, capture-failure-log, e2e, capture-failure-log, web-lint-and-test, cross-device-tests, connected-tests, maybe-label, test
2026-04-29T05:22:47.5465858Z Checks in_progress: lint-and-test
2026-04-29T05:22:47.5466184Z The requested checks aren't complete yet, will check back in 15 seconds...
2026-04-29T05:22:47.5466507Z Checks running on ref:
2026-04-29T05:22:47.5467092Z Checks completed: capture-failure-log, autofix, capture-failure-log, e2e, capture-failure-log, web-lint-and-test, cross-device-tests, connected-tests, maybe-label, test
2026-04-29T05:22:47.5467743Z Checks in_progress: lint-and-test, Auto-merge
2026-04-29T05:22:47.5467999Z Checks after ignore checks filter:
2026-04-29T05:22:47.5468613Z Checks completed: capture-failure-log, autofix, capture-failure-log, e2e, capture-failure-log, web-lint-and-test, cross-device-tests, connected-tests, maybe-label, test
2026-04-29T05:22:47.5469236Z Checks in_progress: lint-and-test
2026-04-29T05:22:47.5469460Z Checks after check_name filter:
2026-04-29T05:22:47.5470179Z Checks completed: capture-failure-log, autofix, capture-failure-log, e2e, capture-failure-log, web-lint-and-test, cross-device-tests, connected-tests, maybe-label, test
2026-04-29T05:22:47.5470809Z Checks in_progress: lint-and-test
2026-04-29T05:22:47.5471033Z Checks after Regexp filter:
2026-04-29T05:22:47.5471633Z Checks completed: capture-failure-log, autofix, capture-failure-log, e2e, capture-failure-log, web-lint-and-test, cross-device-tests, connected-tests, maybe-label, test
2026-04-29T05:22:47.5472265Z Checks in_progress: lint-and-test
2026-04-29T05:22:47.5472579Z The requested checks aren't complete yet, will check back in 15 seconds...
2026-04-29T05:22:47.5473016Z Checks running on ref:
2026-04-29T05:22:47.5473747Z Checks completed: capture-failure-log, autofix, capture-failure-log, e2e, capture-failure-log, web-lint-and-test, cross-device-tests, connected-tests, maybe-label, test
2026-04-29T05:22:47.5474392Z Checks in_progress: lint-and-test, Auto-merge
2026-04-29T05:22:47.5474655Z Checks after ignore checks filter:
2026-04-29T05:22:47.5475262Z Checks completed: capture-failure-log, autofix, capture-failure-log, e2e, capture-failure-log, web-lint-and-test, cross-device-tests, connected-tests, maybe-label, test
2026-04-29T05:22:47.5475965Z Checks in_progress: lint-and-test
2026-04-29T05:22:47.5476192Z Checks after check_name filter:
2026-04-29T05:22:47.5476784Z Checks completed: capture-failure-log, autofix, capture-failure-log, e2e, capture-failure-log, web-lint-and-test, cross-device-tests, connected-tests, maybe-label, test
2026-04-29T05:22:47.5477413Z Checks in_progress: lint-and-test
2026-04-29T05:22:47.5477635Z Checks after Regexp filter:
2026-04-29T05:22:47.5478222Z Checks completed: capture-failure-log, autofix, capture-failure-log, e2e, capture-failure-log, web-lint-and-test, cross-device-tests, connected-tests, maybe-label, test
2026-04-29T05:22:47.5478861Z Checks in_progress: lint-and-test
2026-04-29T05:22:47.5479177Z The requested checks aren't complete yet, will check back in 15 seconds...
2026-04-29T05:22:47.5479567Z Checks running on ref:
2026-04-29T05:22:47.5480157Z Checks completed: capture-failure-log, autofix, capture-failure-log, e2e, capture-failure-log, web-lint-and-test, cross-device-tests, connected-tests, maybe-label, test
2026-04-29T05:22:47.5480799Z Checks in_progress: lint-and-test, Auto-merge
2026-04-29T05:22:47.5481056Z Checks after ignore checks filter:
2026-04-29T05:22:47.5481665Z Checks completed: capture-failure-log, autofix, capture-failure-log, e2e, capture-failure-log, web-lint-and-test, cross-device-tests, connected-tests, maybe-label, test
2026-04-29T05:22:47.5482292Z Checks in_progress: lint-and-test
2026-04-29T05:22:47.5482521Z Checks after check_name filter:
2026-04-29T05:22:47.5483132Z Checks completed: capture-failure-log, autofix, capture-failure-log, e2e, capture-failure-log, web-lint-and-test, cross-device-tests, connected-tests, maybe-label, test
2026-04-29T05:22:47.5483761Z Checks in_progress: lint-and-test
2026-04-29T05:22:47.5483983Z Checks after Regexp filter:
2026-04-29T05:22:47.5484588Z Checks completed: capture-failure-log, autofix, capture-failure-log, e2e, capture-failure-log, web-lint-and-test, cross-device-tests, connected-tests, maybe-label, test
2026-04-29T05:22:47.5485214Z Checks in_progress: lint-and-test
2026-04-29T05:22:47.5485533Z The requested checks aren't complete yet, will check back in 15 seconds...
2026-04-29T05:22:47.5485861Z Checks running on ref:
2026-04-29T05:22:47.5486445Z Checks completed: capture-failure-log, autofix, capture-failure-log, e2e, capture-failure-log, web-lint-and-test, cross-device-tests, connected-tests, maybe-label, test
2026-04-29T05:22:47.5487098Z Checks in_progress: lint-and-test, Auto-merge
2026-04-29T05:22:47.5487354Z Checks after ignore checks filter:
2026-04-29T05:22:47.5487975Z Checks completed: capture-failure-log, autofix, capture-failure-log, e2e, capture-failure-log, web-lint-and-test, cross-device-tests, connected-tests, maybe-label, test
2026-04-29T05:22:47.5488606Z Checks in_progress: lint-and-test
2026-04-29T05:22:47.5488827Z Checks after check_name filter:
2026-04-29T05:22:47.5489436Z Checks completed: capture-failure-log, autofix, capture-failure-log, e2e, capture-failure-log, web-lint-and-test, cross-device-tests, connected-tests, maybe-label, test
2026-04-29T05:22:47.5490123Z Checks in_progress: lint-and-test
2026-04-29T05:22:47.5490336Z Checks after Regexp filter:
2026-04-29T05:22:47.5490936Z Checks completed: capture-failure-log, autofix, capture-failure-log, e2e, capture-failure-log, web-lint-and-test, cross-device-tests, connected-tests, maybe-label, test
2026-04-29T05:22:47.5491566Z Checks in_progress: lint-and-test
2026-04-29T05:22:47.5491873Z The requested checks aren't complete yet, will check back in 15 seconds...
2026-04-29T05:22:47.5492269Z Checks running on ref:
2026-04-29T05:22:47.5492842Z Checks completed: capture-failure-log, autofix, capture-failure-log, e2e, capture-failure-log, web-lint-and-test, cross-device-tests, connected-tests, maybe-label, test
2026-04-29T05:22:47.5493486Z Checks in_progress: lint-and-test, Auto-merge
2026-04-29T05:22:47.5493742Z Checks after ignore checks filter:
2026-04-29T05:24:50.8740808Z Checks completed: capture-failure-log, autofix, capture-failure-log, e2e, capture-failure-log, web-lint-and-test, cross-device-tests, connected-tests, maybe-label, test
2026-04-29T05:24:50.8741995Z Checks in_progress: lint-and-test
2026-04-29T05:24:50.8742406Z Checks after check_name filter:
2026-04-29T05:24:50.8743334Z Checks completed: capture-failure-log, autofix, capture-failure-log, e2e, capture-failure-log, web-lint-and-test, cross-device-tests, connected-tests, maybe-label, test
2026-04-29T05:24:50.8744305Z Checks in_progress: lint-and-test
2026-04-29T05:24:50.8744655Z Checks after Regexp filter:
2026-04-29T05:24:50.8745636Z Checks completed: capture-failure-log, autofix, capture-failure-log, e2e, capture-failure-log, web-lint-and-test, cross-device-tests, connected-tests, maybe-label, test
2026-04-29T05:24:50.8746697Z Checks in_progress: lint-and-test
2026-04-29T05:24:50.8747045Z The requested checks aren't complete yet, will check back in 15 seconds...
2026-04-29T05:24:50.8747387Z Checks running on ref:
2026-04-29T05:24:50.8748002Z Checks completed: capture-failure-log, autofix, capture-failure-log, e2e, capture-failure-log, web-lint-and-test, cross-device-tests, connected-tests, maybe-label, test
2026-04-29T05:24:50.8748663Z Checks in_progress: lint-and-test, Auto-merge
2026-04-29T05:24:50.8748924Z Checks after ignore checks filter:
2026-04-29T05:24:50.8749779Z Checks completed: capture-failure-log, autofix, capture-failure-log, e2e, capture-failure-log, web-lint-and-test, cross-device-tests, connected-tests, maybe-label, test
2026-04-29T05:24:50.8750420Z Checks in_progress: lint-and-test
2026-04-29T05:24:50.8750657Z Checks after check_name filter:
2026-04-29T05:24:50.8751272Z Checks completed: capture-failure-log, autofix, capture-failure-log, e2e, capture-failure-log, web-lint-and-test, cross-device-tests, connected-tests, maybe-label, test
2026-04-29T05:24:50.8751908Z Checks in_progress: lint-and-test
2026-04-29T05:24:50.8752133Z Checks after Regexp filter:
2026-04-29T05:24:50.8752749Z Checks completed: capture-failure-log, autofix, capture-failure-log, e2e, capture-failure-log, web-lint-and-test, cross-device-tests, connected-tests, maybe-label, test
2026-04-29T05:24:50.8753386Z Checks in_progress: lint-and-test
2026-04-29T05:24:50.8753710Z The requested checks aren't complete yet, will check back in 15 seconds...
2026-04-29T05:24:50.8754042Z Checks running on ref:
2026-04-29T05:24:50.8754626Z Checks completed: capture-failure-log, autofix, capture-failure-log, e2e, capture-failure-log, web-lint-and-test, cross-device-tests, connected-tests, maybe-label, test
2026-04-29T05:24:50.8755289Z Checks in_progress: lint-and-test, Auto-merge
2026-04-29T05:24:50.8755558Z Checks after ignore checks filter:
2026-04-29T05:24:50.8756171Z Checks completed: capture-failure-log, autofix, capture-failure-log, e2e, capture-failure-log, web-lint-and-test, cross-device-tests, connected-tests, maybe-label, test
2026-04-29T05:24:50.8756814Z Checks in_progress: lint-and-test
2026-04-29T05:24:50.8757040Z Checks after check_name filter:
2026-04-29T05:24:50.8757643Z Checks completed: capture-failure-log, autofix, capture-failure-log, e2e, capture-failure-log, web-lint-and-test, cross-device-tests, connected-tests, maybe-label, test
2026-04-29T05:24:50.8758279Z Checks in_progress: lint-and-test
2026-04-29T05:24:50.8758503Z Checks after Regexp filter:
2026-04-29T05:24:50.8759100Z Checks completed: capture-failure-log, autofix, capture-failure-log, e2e, capture-failure-log, web-lint-and-test, cross-device-tests, connected-tests, maybe-label, test
2026-04-29T05:24:50.8759868Z Checks in_progress: lint-and-test
2026-04-29T05:24:50.8760630Z The requested checks aren't complete yet, will check back in 15 seconds...
2026-04-29T05:24:50.8760967Z Checks running on ref:
2026-04-29T05:24:50.8761565Z Checks completed: capture-failure-log, autofix, capture-failure-log, e2e, capture-failure-log, web-lint-and-test, cross-device-tests, connected-tests, maybe-label, test
2026-04-29T05:24:50.8762222Z Checks in_progress: lint-and-test, Auto-merge
2026-04-29T05:24:50.8762479Z Checks after ignore checks filter:
2026-04-29T05:24:50.8763173Z Checks completed: capture-failure-log, autofix, capture-failure-log, e2e, capture-failure-log, web-lint-and-test, cross-device-tests, connected-tests, maybe-label, test
2026-04-29T05:24:50.8763806Z Checks in_progress: lint-and-test
2026-04-29T05:24:50.8764030Z Checks after check_name filter:
2026-04-29T05:24:50.8764638Z Checks completed: capture-failure-log, autofix, capture-failure-log, e2e, capture-failure-log, web-lint-and-test, cross-device-tests, connected-tests, maybe-label, test
2026-04-29T05:24:50.8765277Z Checks in_progress: lint-and-test
2026-04-29T05:24:50.8765505Z Checks after Regexp filter:
2026-04-29T05:24:50.8766111Z Checks completed: capture-failure-log, autofix, capture-failure-log, e2e, capture-failure-log, web-lint-and-test, cross-device-tests, connected-tests, maybe-label, test
2026-04-29T05:24:50.8766734Z Checks in_progress: lint-and-test
2026-04-29T05:24:50.8767066Z The requested checks aren't complete yet, will check back in 15 seconds...
2026-04-29T05:24:50.8767412Z Checks running on ref:
2026-04-29T05:24:50.8768007Z Checks completed: capture-failure-log, autofix, capture-failure-log, e2e, capture-failure-log, web-lint-and-test, cross-device-tests, connected-tests, maybe-label, test
2026-04-29T05:24:50.8768660Z Checks in_progress: lint-and-test, Auto-merge
2026-04-29T05:24:50.8768911Z Checks after ignore checks filter:
2026-04-29T05:24:50.8769655Z Checks completed: capture-failure-log, autofix, capture-failure-log, e2e, capture-failure-log, web-lint-and-test, cross-device-tests, connected-tests, maybe-label, test
2026-04-29T05:24:50.8770304Z Checks in_progress: lint-and-test
2026-04-29T05:24:50.8770524Z Checks after check_name filter:
2026-04-29T05:24:50.8771138Z Checks completed: capture-failure-log, autofix, capture-failure-log, e2e, capture-failure-log, web-lint-and-test, cross-device-tests, connected-tests, maybe-label, test
2026-04-29T05:24:50.8771772Z Checks in_progress: lint-and-test
2026-04-29T05:24:50.8771991Z Checks after Regexp filter:
2026-04-29T05:24:50.8772594Z Checks completed: capture-failure-log, autofix, capture-failure-log, e2e, capture-failure-log, web-lint-and-test, cross-device-tests, connected-tests, maybe-label, test
2026-04-29T05:24:50.8773233Z Checks in_progress: lint-and-test
2026-04-29T05:24:50.8773539Z The requested checks aren't complete yet, will check back in 15 seconds...
2026-04-29T05:24:50.8773872Z Checks running on ref:
2026-04-29T05:24:50.8774458Z Checks completed: capture-failure-log, autofix, capture-failure-log, e2e, capture-failure-log, web-lint-and-test, cross-device-tests, connected-tests, maybe-label, test
2026-04-29T05:24:50.8775108Z Checks in_progress: lint-and-test, Auto-merge
2026-04-29T05:24:50.8775365Z Checks after ignore checks filter:
2026-04-29T05:24:50.8775975Z Checks completed: capture-failure-log, autofix, capture-failure-log, e2e, capture-failure-log, web-lint-and-test, cross-device-tests, connected-tests, maybe-label, test
2026-04-29T05:24:50.8776607Z Checks in_progress: lint-and-test
2026-04-29T05:24:50.8776832Z Checks after check_name filter:
2026-04-29T05:24:50.8777436Z Checks completed: capture-failure-log, autofix, capture-failure-log, e2e, capture-failure-log, web-lint-and-test, cross-device-tests, connected-tests, maybe-label, test
2026-04-29T05:24:50.8778075Z Checks in_progress: lint-and-test
2026-04-29T05:24:50.8778294Z Checks after Regexp filter:
2026-04-29T05:24:50.8778889Z Checks completed: capture-failure-log, autofix, capture-failure-log, e2e, capture-failure-log, web-lint-and-test, cross-device-tests, connected-tests, maybe-label, test
2026-04-29T05:24:50.8779808Z Checks in_progress: lint-and-test
2026-04-29T05:24:50.8780127Z The requested checks aren't complete yet, will check back in 15 seconds...
2026-04-29T05:24:50.8780453Z Checks running on ref:
2026-04-29T05:24:50.8781049Z Checks completed: capture-failure-log, autofix, capture-failure-log, e2e, capture-failure-log, web-lint-and-test, cross-device-tests, connected-tests, maybe-label, test
2026-04-29T05:24:50.8781708Z Checks in_progress: lint-and-test, Auto-merge
2026-04-29T05:24:50.8782034Z Checks after ignore checks filter:
2026-04-29T05:24:50.8782658Z Checks completed: capture-failure-log, autofix, capture-failure-log, e2e, capture-failure-log, web-lint-and-test, cross-device-tests, connected-tests, maybe-label, test
2026-04-29T05:24:50.8783290Z Checks in_progress: lint-and-test
2026-04-29T05:24:50.8783521Z Checks after check_name filter:
2026-04-29T05:24:50.8784127Z Checks completed: capture-failure-log, autofix, capture-failure-log, e2e, capture-failure-log, web-lint-and-test, cross-device-tests, connected-tests, maybe-label, test
2026-04-29T05:24:50.8784757Z Checks in_progress: lint-and-test
2026-04-29T05:24:50.8784980Z Checks after Regexp filter:
2026-04-29T05:24:50.8785583Z Checks completed: capture-failure-log, autofix, capture-failure-log, e2e, capture-failure-log, web-lint-and-test, cross-device-tests, connected-tests, maybe-label, test
2026-04-29T05:24:50.8786208Z Checks in_progress: lint-and-test
2026-04-29T05:24:50.8786533Z The requested checks aren't complete yet, will check back in 15 seconds...
2026-04-29T05:24:50.8786867Z Checks running on ref:
2026-04-29T05:24:50.8787448Z Checks completed: capture-failure-log, autofix, capture-failure-log, e2e, capture-failure-log, web-lint-and-test, cross-device-tests, connected-tests, maybe-label, test
2026-04-29T05:24:50.8788102Z Checks in_progress: lint-and-test, Auto-merge
2026-04-29T05:24:50.8788353Z Checks after ignore checks filter:
2026-04-29T05:24:50.8788971Z Checks completed: capture-failure-log, autofix, capture-failure-log, e2e, capture-failure-log, web-lint-and-test, cross-device-tests, connected-tests, maybe-label, test
2026-04-29T05:24:50.8789722Z Checks in_progress: lint-and-test
2026-04-29T05:24:50.8789942Z Checks after check_name filter:
2026-04-29T05:24:50.8790573Z Checks completed: capture-failure-log, autofix, capture-failure-log, e2e, capture-failure-log, web-lint-and-test, cross-device-tests, connected-tests, maybe-label, test
2026-04-29T05:24:50.8791209Z Checks in_progress: lint-and-test
2026-04-29T05:24:50.8791427Z Checks after Regexp filter:
2026-04-29T05:24:50.8792033Z Checks completed: capture-failure-log, autofix, capture-failure-log, e2e, capture-failure-log, web-lint-and-test, cross-device-tests, connected-tests, maybe-label, test
2026-04-29T05:24:50.8792675Z Checks in_progress: lint-and-test
2026-04-29T05:24:50.8792986Z The requested checks aren't complete yet, will check back in 15 seconds...
2026-04-29T05:24:50.8793323Z Checks running on ref:
2026-04-29T05:24:50.8793912Z Checks completed: capture-failure-log, autofix, capture-failure-log, e2e, capture-failure-log, web-lint-and-test, cross-device-tests, connected-tests, maybe-label, test
2026-04-29T05:24:50.8794556Z Checks in_progress: lint-and-test, Auto-merge
2026-04-29T05:24:50.8794817Z Checks after ignore checks filter:
2026-04-29T05:24:50.8795424Z Checks completed: capture-failure-log, autofix, capture-failure-log, e2e, capture-failure-log, web-lint-and-test, cross-device-tests, connected-tests, maybe-label, test
2026-04-29T05:24:50.8796058Z Checks in_progress: lint-and-test
2026-04-29T05:26:08.0032783Z Checks after check_name filter:
2026-04-29T05:26:08.0033581Z Checks completed: capture-failure-log, autofix, capture-failure-log, e2e, capture-failure-log, web-lint-and-test, cross-device-tests, connected-tests, maybe-label, test
2026-04-29T05:26:08.0034251Z Checks in_progress: lint-and-test
2026-04-29T05:26:08.0034500Z Checks after Regexp filter:
2026-04-29T05:26:08.0035112Z Checks completed: capture-failure-log, autofix, capture-failure-log, e2e, capture-failure-log, web-lint-and-test, cross-device-tests, connected-tests, maybe-label, test
2026-04-29T05:26:08.0036171Z Checks in_progress: lint-and-test
2026-04-29T05:26:08.0036502Z The requested checks aren't complete yet, will check back in 15 seconds...
2026-04-29T05:26:08.0036834Z Checks running on ref:
2026-04-29T05:26:08.0037435Z Checks completed: capture-failure-log, autofix, capture-failure-log, e2e, capture-failure-log, web-lint-and-test, cross-device-tests, connected-tests, maybe-label, test
2026-04-29T05:26:08.0038225Z Checks in_progress: lint-and-test, Auto-merge
2026-04-29T05:26:08.0038494Z Checks after ignore checks filter:
2026-04-29T05:26:08.0039123Z Checks completed: capture-failure-log, autofix, capture-failure-log, e2e, capture-failure-log, web-lint-and-test, cross-device-tests, connected-tests, maybe-label, test
2026-04-29T05:26:08.0040012Z Checks in_progress: lint-and-test
2026-04-29T05:26:08.0040256Z Checks after check_name filter:
2026-04-29T05:26:08.0040877Z Checks completed: capture-failure-log, autofix, capture-failure-log, e2e, capture-failure-log, web-lint-and-test, cross-device-tests, connected-tests, maybe-label, test
2026-04-29T05:26:08.0041518Z Checks in_progress: lint-and-test
2026-04-29T05:26:08.0041750Z Checks after Regexp filter:
2026-04-29T05:26:08.0042362Z Checks completed: capture-failure-log, autofix, capture-failure-log, e2e, capture-failure-log, web-lint-and-test, cross-device-tests, connected-tests, maybe-label, test
2026-04-29T05:26:08.0043006Z Checks in_progress: lint-and-test
2026-04-29T05:26:08.0043329Z The requested checks aren't complete yet, will check back in 15 seconds...
2026-04-29T05:26:08.0043670Z Checks running on ref:
2026-04-29T05:26:08.0044257Z Checks completed: capture-failure-log, autofix, capture-failure-log, e2e, capture-failure-log, web-lint-and-test, cross-device-tests, connected-tests, maybe-label, test
2026-04-29T05:26:08.0044931Z Checks in_progress: lint-and-test, Auto-merge
2026-04-29T05:26:08.0045192Z Checks after ignore checks filter:
2026-04-29T05:26:08.0045815Z Checks completed: capture-failure-log, autofix, capture-failure-log, e2e, capture-failure-log, web-lint-and-test, cross-device-tests, connected-tests, maybe-label, test
2026-04-29T05:26:08.0046455Z Checks in_progress: lint-and-test
2026-04-29T05:26:08.0046688Z Checks after check_name filter:
2026-04-29T05:26:08.0047290Z Checks completed: capture-failure-log, autofix, capture-failure-log, e2e, capture-failure-log, web-lint-and-test, cross-device-tests, connected-tests, maybe-label, test
2026-04-29T05:26:08.0047932Z Checks in_progress: lint-and-test
2026-04-29T05:26:08.0048156Z Checks after Regexp filter:
2026-04-29T05:26:08.0048756Z Checks completed: capture-failure-log, autofix, capture-failure-log, e2e, capture-failure-log, web-lint-and-test, cross-device-tests, connected-tests, maybe-label, test
2026-04-29T05:26:08.0049394Z Checks in_progress: lint-and-test
2026-04-29T05:26:08.0049885Z The requested checks aren't complete yet, will check back in 15 seconds...
2026-04-29T05:26:08.0050227Z Checks running on ref:
2026-04-29T05:26:08.0050820Z Checks completed: capture-failure-log, autofix, capture-failure-log, e2e, capture-failure-log, web-lint-and-test, cross-device-tests, connected-tests, maybe-label, test
2026-04-29T05:26:08.0051471Z Checks in_progress: lint-and-test, Auto-merge
2026-04-29T05:26:08.0051741Z Checks after ignore checks filter:
2026-04-29T05:26:08.0052368Z Checks completed: capture-failure-log, autofix, capture-failure-log, e2e, capture-failure-log, web-lint-and-test, cross-device-tests, connected-tests, maybe-label, test
2026-04-29T05:26:08.0052995Z Checks in_progress: lint-and-test
2026-04-29T05:26:08.0053230Z Checks after check_name filter:
2026-04-29T05:26:08.0053841Z Checks completed: capture-failure-log, autofix, capture-failure-log, e2e, capture-failure-log, web-lint-and-test, cross-device-tests, connected-tests, maybe-label, test
2026-04-29T05:26:08.0054471Z Checks in_progress: lint-and-test
2026-04-29T05:26:08.0054690Z Checks after Regexp filter:
2026-04-29T05:26:08.0055409Z Checks completed: capture-failure-log, autofix, capture-failure-log, e2e, capture-failure-log, web-lint-and-test, cross-device-tests, connected-tests, maybe-label, test
2026-04-29T05:26:08.0056048Z Checks in_progress: lint-and-test
2026-04-29T05:26:08.0056365Z The requested checks aren't complete yet, will check back in 15 seconds...
2026-04-29T05:26:08.0056691Z Checks running on ref:
2026-04-29T05:26:08.0057354Z Checks completed: capture-failure-log, autofix, capture-failure-log, e2e, capture-failure-log, web-lint-and-test, cross-device-tests, connected-tests, maybe-label, test
2026-04-29T05:26:08.0058012Z Checks in_progress: lint-and-test, Auto-merge
2026-04-29T05:26:08.0058265Z Checks after ignore checks filter:
2026-04-29T05:26:08.0058885Z Checks completed: capture-failure-log, autofix, capture-failure-log, e2e, capture-failure-log, web-lint-and-test, cross-device-tests, connected-tests, maybe-label, test
2026-04-29T05:26:08.0059583Z Checks in_progress: lint-and-test
2026-04-29T05:26:08.0059809Z Checks after check_name filter:
2026-04-29T05:26:08.0060424Z Checks completed: capture-failure-log, autofix, capture-failure-log, e2e, capture-failure-log, web-lint-and-test, cross-device-tests, connected-tests, maybe-label, test
2026-04-29T05:26:08.0061056Z Checks in_progress: lint-and-test
2026-04-29T05:26:08.0061276Z Checks after Regexp filter:
2026-04-29T05:26:08.0061883Z Checks completed: capture-failure-log, autofix, capture-failure-log, e2e, capture-failure-log, web-lint-and-test, cross-device-tests, connected-tests, maybe-label, test
2026-04-29T05:26:08.0062519Z Checks in_progress: lint-and-test
2026-04-29T05:26:08.0062831Z The requested checks aren't complete yet, will check back in 15 seconds...
2026-04-29T05:26:08.0063167Z Checks running on ref:
2026-04-29T05:26:08.0063874Z Checks completed: capture-failure-log, capture-failure-log, lint-and-test, autofix, capture-failure-log, e2e, capture-failure-log, web-lint-and-test, cross-device-tests, connected-tests, maybe-label, test
2026-04-29T05:26:08.0064635Z Checks in_progress: Auto-merge
2026-04-29T05:26:08.0064861Z Checks after ignore checks filter:
2026-04-29T05:26:08.0065597Z Checks completed: capture-failure-log, capture-failure-log, lint-and-test, autofix, capture-failure-log, e2e, capture-failure-log, web-lint-and-test, cross-device-tests, connected-tests, maybe-label, test
2026-04-29T05:26:08.0066340Z Checks after check_name filter:
2026-04-29T05:26:08.0067060Z Checks completed: capture-failure-log, capture-failure-log, lint-and-test, autofix, capture-failure-log, e2e, capture-failure-log, web-lint-and-test, cross-device-tests, connected-tests, maybe-label, test
2026-04-29T05:26:08.0067821Z Checks after Regexp filter:
2026-04-29T05:26:08.0068956Z Checks completed: capture-failure-log, capture-failure-log, lint-and-test, autofix, capture-failure-log, e2e, capture-failure-log, web-lint-and-test, cross-device-tests, connected-tests, maybe-label, test
2026-04-29T05:26:08.0070219Z Checks completed:
2026-04-29T05:26:08.0070566Z capture-failure-log: completed (skipped)
2026-04-29T05:26:08.0071069Z capture-failure-log: completed (skipped)
2026-04-29T05:26:08.0071498Z lint-and-test: completed (cancelled)
2026-04-29T05:26:08.0071974Z autofix: completed (cancelled)
2026-04-29T05:26:08.0072393Z capture-failure-log: completed (skipped)
2026-04-29T05:26:08.0072767Z e2e: completed (success)
2026-04-29T05:26:08.0073164Z capture-failure-log: completed (skipped)
2026-04-29T05:26:08.0073561Z web-lint-and-test: completed (success)
2026-04-29T05:26:08.0073980Z cross-device-tests: completed (cancelled)
2026-04-29T05:26:08.0074381Z connected-tests: completed (cancelled)
2026-04-29T05:26:08.0074760Z maybe-label: completed (success)
2026-04-29T05:26:08.0075171Z test: completed (success)
2026-04-29T05:26:08.0076114Z The conclusion of one or more checks were not allowed. Allowed conclusions are: success, skipped, neutral. This can be configured with the 'allowed-conclusions' param.
2026-04-29T05:26:08.0120035Z ##[error]Process completed with exit code 1.
2026-04-29T05:26:08.0222814Z Post job cleanup.
2026-04-29T05:26:08.0280859Z Cleaning up orphan processes
2026-04-29T05:26:08.0486515Z ##[warning]Node.js 20 actions are deprecated. The following actions are running on Node.js 20 and may not work as expected: actions/cache@v4. Actions will be forced to run with Node.js 24 by default starting June 2nd, 2026. Node.js 20 will be removed from the runner on September 16th, 2026. Please check if updated versions of these actions are available that support Node.js 24. To opt into Node.js 24 now, set the FORCE_JAVASCRIPT_ACTIONS_TO_NODE24=true environment variable on the runner or in your workflow file. Once Node.js 24 becomes the default, you can temporarily opt out by setting ACTIONS_ALLOW_USE_UNSECURE_NODE_VERSION=true. For more information see: https://github.blog/changelog/2025-09-19-deprecation-of-node-20-on-github-actions-runners/
