=== CI FAILURE ===
Workflow:      Auto-merge & Release
Workflow file: akarlin3/prismTask/.github/workflows/auto-merge.yml@refs/pull/685/merge
Job(s):        Auto-merge
Run ID:        24810340823
Run attempt:   1
Run URL:       https://github.com/akarlin3/prismTask/actions/runs/24810340823
Commit:        b35451affa05b92c3224d8fbb3e4d4007e1e521e
Branch:        685/merge
Event:         pull_request
Actor:         akarlin3
Runner OS:     Linux
Timestamp:     2026-04-23T00:46:58.511Z

Failed steps:
  - Auto-merge: #3 Wait for all other CI checks to pass

=== FAILED JOB LOG ===

--- Job: Auto-merge (id 72613667087) ---
2026-04-23T00:45:15.8474880Z Current runner version: '2.333.1'
2026-04-23T00:45:15.8502737Z ##[group]Runner Image Provisioner
2026-04-23T00:45:15.8503596Z Hosted Compute Agent
2026-04-23T00:45:15.8504118Z Version: 20260415.520
2026-04-23T00:45:15.8504784Z Commit: af089020f5f67b61ccc91db6c07980876c02bf7b
2026-04-23T00:45:15.8505469Z Build Date: 2026-04-15T18:07:08Z
2026-04-23T00:45:15.8506150Z Worker ID: {72e3e079-49c5-4afd-ac90-a02b8a871566}
2026-04-23T00:45:15.8506877Z Azure Region: eastus2
2026-04-23T00:45:15.8507486Z ##[endgroup]
2026-04-23T00:45:15.8509251Z ##[group]Operating System
2026-04-23T00:45:15.8509804Z Ubuntu
2026-04-23T00:45:15.8510411Z 24.04.4
2026-04-23T00:45:15.8510883Z LTS
2026-04-23T00:45:15.8511351Z ##[endgroup]
2026-04-23T00:45:15.8511930Z ##[group]Runner Image
2026-04-23T00:45:15.8512504Z Image: ubuntu-24.04
2026-04-23T00:45:15.8513025Z Version: 20260420.95.1
2026-04-23T00:45:15.8514253Z Included Software: https://github.com/actions/runner-images/blob/ubuntu24/20260420.95/images/ubuntu/Ubuntu2404-Readme.md
2026-04-23T00:45:15.8515686Z Image Release: https://github.com/actions/runner-images/releases/tag/ubuntu24%2F20260420.95
2026-04-23T00:45:15.8516723Z ##[endgroup]
2026-04-23T00:45:15.8518150Z ##[group]GITHUB_TOKEN Permissions
2026-04-23T00:45:15.8520370Z Actions: read
2026-04-23T00:45:15.8520893Z Checks: read
2026-04-23T00:45:15.8521420Z Contents: write
2026-04-23T00:45:15.8521935Z Metadata: read
2026-04-23T00:45:15.8522546Z PullRequests: write
2026-04-23T00:45:15.8523042Z ##[endgroup]
2026-04-23T00:45:15.8525607Z Secret source: Actions
2026-04-23T00:45:15.8526316Z Prepare workflow directory
2026-04-23T00:45:15.8909722Z Prepare all required actions
2026-04-23T00:45:15.8946337Z Getting action download info
2026-04-23T00:45:16.2210032Z Download action repository 'lewagon/wait-on-check-action@ccfb013c15c8afb7bf2b7c028fb74dc5a068cccc' (SHA:ccfb013c15c8afb7bf2b7c028fb74dc5a068cccc)
2026-04-23T00:45:16.5732142Z Getting action download info
2026-04-23T00:45:16.7106534Z Download action repository 'ruby/setup-ruby@v1' (SHA:0cb964fd540e0a24c900370abf38a33466142735)
2026-04-23T00:45:16.9333244Z Download action repository 'actions/cache@v4' (SHA:0057852bfaa89a56745cba8c7296529d2fc39830)
2026-04-23T00:45:17.0867041Z Complete job name: Auto-merge
2026-04-23T00:45:17.1513288Z ##[group]Run set -euo pipefail
2026-04-23T00:45:17.1514455Z [36;1mset -euo pipefail[0m
2026-04-23T00:45:17.1515820Z [36;1m# Give GitHub a short grace period to schedule workflow runs for[0m
2026-04-23T00:45:17.1517687Z [36;1m# the head commit. Paths-filtered workflows (android/backend/web CI)[0m
2026-04-23T00:45:17.1519758Z [36;1m# won't run for doc-only or cross-cutting config PRs, so the[0m
2026-04-23T00:45:17.1521495Z [36;1m# wait-on-check-action step below would otherwise hang waiting for[0m
2026-04-23T00:45:17.1523006Z [36;1m# checks that will never appear.[0m
2026-04-23T00:45:17.1524082Z [36;1msleep 20[0m
2026-04-23T00:45:17.1525182Z [36;1mCOUNT=$(gh api "repos/$REPO/commits/$HEAD_SHA/check-runs" \[0m
2026-04-23T00:45:17.1526827Z [36;1m  --jq '[.check_runs[] | select(.name != "Auto-merge")] | length')[0m
2026-04-23T00:45:17.1528544Z [36;1mecho "Non-Auto-merge check runs on head: $COUNT"[0m
2026-04-23T00:45:17.1529861Z [36;1mif [ "$COUNT" -gt 0 ]; then[0m
2026-04-23T00:45:17.1530966Z [36;1m  echo "has_ci=true" >> "$GITHUB_OUTPUT"[0m
2026-04-23T00:45:17.1532074Z [36;1melse[0m
2026-04-23T00:45:17.1532953Z [36;1m  echo "has_ci=false" >> "$GITHUB_OUTPUT"[0m
2026-04-23T00:45:17.1534384Z [36;1m  echo "No CI checks on this PR — will merge without waiting."[0m
2026-04-23T00:45:17.1535709Z [36;1mfi[0m
2026-04-23T00:45:17.1642006Z shell: /usr/bin/bash -e {0}
2026-04-23T00:45:17.1643182Z env:
2026-04-23T00:45:17.1643919Z   WAIT_INTERVAL: 30
2026-04-23T00:45:17.1645213Z   GH_TOKEN: ***
2026-04-23T00:45:17.1646156Z   HEAD_SHA: 8a960e0b4bff59f0d6832128c2bf66c327e3c519
2026-04-23T00:45:17.1647357Z   REPO: akarlin3/prismTask
2026-04-23T00:45:17.1648464Z ##[endgroup]
2026-04-23T00:45:37.5123732Z Non-Auto-merge check runs on head: 1
2026-04-23T00:45:37.5348157Z ##[group]Run lewagon/wait-on-check-action@ccfb013c15c8afb7bf2b7c028fb74dc5a068cccc
2026-04-23T00:45:37.5348655Z with:
2026-04-23T00:45:37.5348909Z   ref: 8a960e0b4bff59f0d6832128c2bf66c327e3c519
2026-04-23T00:45:37.5349245Z   running-workflow-name: Auto-merge
2026-04-23T00:45:37.5349954Z   repo-token: ***
2026-04-23T00:45:37.5350192Z   wait-interval: 30
2026-04-23T00:45:37.5350456Z   allowed-conclusions: success,skipped
2026-04-23T00:45:37.5350747Z   verbose: true
2026-04-23T00:45:37.5350972Z env:
2026-04-23T00:45:37.5351176Z   WAIT_INTERVAL: 30
2026-04-23T00:45:37.5351411Z ##[endgroup]
2026-04-23T00:45:37.5488899Z ##[group]Run ruby/setup-ruby@v1
2026-04-23T00:45:37.5489217Z with:
2026-04-23T00:45:37.5489450Z   ruby-version: 3.2
2026-04-23T00:45:37.5489720Z   bundler-cache: false
2026-04-23T00:45:37.5490129Z   token: ***
2026-04-23T00:45:37.5490345Z env:
2026-04-23T00:45:37.5490565Z   WAIT_INTERVAL: 30
2026-04-23T00:45:37.5490792Z ##[endgroup]
2026-04-23T00:45:37.6825974Z ##[group]Modifying PATH
2026-04-23T00:45:37.6826530Z Entries added to PATH to use selected Ruby:
2026-04-23T00:45:37.6830395Z   /opt/hostedtoolcache/Ruby/3.2.11/x64/bin
2026-04-23T00:45:37.6831794Z ##[endgroup]
2026-04-23T00:45:37.6832979Z ##[group]Print Ruby version
2026-04-23T00:45:37.7068929Z [command]/opt/hostedtoolcache/Ruby/3.2.11/x64/bin/ruby --version
2026-04-23T00:45:38.1279335Z ruby 3.2.11 (2026-03-27 revision 5483bfc1ae) [x86_64-linux]
2026-04-23T00:45:38.1313636Z Took   0.45 seconds
2026-04-23T00:45:38.1314642Z ##[endgroup]
2026-04-23T00:45:38.1318410Z ##[group]Installing Bundler
2026-04-23T00:45:38.1319906Z Using Bundler shipped with ruby-3.2.11
2026-04-23T00:45:38.1320951Z Took   0.00 seconds
2026-04-23T00:45:38.1321640Z ##[endgroup]
2026-04-23T00:45:38.1959436Z ##[group]Run actions/cache@v4
2026-04-23T00:45:38.1959712Z with:
2026-04-23T00:45:38.1960139Z   path: /home/runner/work/_actions/lewagon/wait-on-check-action/ccfb013c15c8afb7bf2b7c028fb74dc5a068cccc
2026-04-23T00:45:38.2031899Z   key: Linux-gems-
2026-04-23T00:45:38.2032247Z   restore-keys: Linux-gems-
2026-04-23T00:45:38.2032501Z   enableCrossOsArchive: false
2026-04-23T00:45:38.2032739Z   fail-on-cache-miss: false
2026-04-23T00:45:38.2032950Z   lookup-only: false
2026-04-23T00:45:38.2033135Z   save-always: false
2026-04-23T00:45:38.2033340Z env:
2026-04-23T00:45:38.2033520Z   WAIT_INTERVAL: 30
2026-04-23T00:45:38.2033716Z ##[endgroup]
2026-04-23T00:45:38.4227373Z Cache not found for input keys: Linux-gems-, Linux-gems-
2026-04-23T00:45:38.4313872Z ##[group]Run bundle install --jobs 4 --retry 3
2026-04-23T00:45:38.4314214Z [36;1mbundle install --jobs 4 --retry 3[0m
2026-04-23T00:45:38.4377044Z shell: /usr/bin/bash --noprofile --norc -e -o pipefail {0}
2026-04-23T00:45:38.4377381Z env:
2026-04-23T00:45:38.4377563Z   WAIT_INTERVAL: 30
2026-04-23T00:45:38.4377752Z ##[endgroup]
2026-04-23T00:45:39.5492503Z Bundler 2.4.19 is running, but your lockfile was generated with 2.2.3. Installing Bundler 2.2.3 and restarting using that version.
2026-04-23T00:45:41.1252569Z Fetching gem metadata from https://rubygems.org/.
2026-04-23T00:45:41.1329796Z Fetching bundler 2.2.3
2026-04-23T00:45:41.3141921Z Installing bundler 2.2.3
2026-04-23T00:45:41.5198333Z Calling `DidYouMean::SPELL_CHECKERS.merge!(error_name => spell_checker)' has been deprecated. Please call `DidYouMean.correct_error(error_name, spell_checker)' instead.
2026-04-23T00:45:42.8528793Z Fetching gem metadata from https://rubygems.org/.........
2026-04-23T00:45:42.8623806Z Fetching concurrent-ruby 1.2.2
2026-04-23T00:45:42.8627088Z Fetching zeitwerk 2.6.7
2026-04-23T00:45:42.8693886Z Fetching minitest 5.18.0
2026-04-23T00:45:42.8909370Z Fetching public_suffix 4.0.7
2026-04-23T00:45:42.9741372Z Installing zeitwerk 2.6.7
2026-04-23T00:45:42.9974179Z Installing minitest 5.18.0
2026-04-23T00:45:43.0003880Z Installing public_suffix 4.0.7
2026-04-23T00:45:43.0407474Z Fetching ast 2.4.2
2026-04-23T00:45:43.0718036Z Installing concurrent-ruby 1.2.2
2026-04-23T00:45:43.0735714Z Using bundler 2.2.3
2026-04-23T00:45:43.0739987Z Fetching byebug 11.1.3
2026-04-23T00:45:43.1080430Z Installing ast 2.4.2
2026-04-23T00:45:43.1129168Z Fetching diff-lcs 1.4.4
2026-04-23T00:45:43.1455144Z Fetching faraday-net_http 2.0.3
2026-04-23T00:45:43.1737341Z Installing byebug 11.1.3 with native extensions
2026-04-23T00:45:43.2052109Z Installing faraday-net_http 2.0.3
2026-04-23T00:45:43.2081826Z Installing diff-lcs 1.4.4
2026-04-23T00:45:43.2184542Z Using ruby2_keywords 0.0.5
2026-04-23T00:45:43.2198509Z Fetching json 2.7.1
2026-04-23T00:45:43.2816270Z Installing json 2.7.1 with native extensions
2026-04-23T00:45:43.2914521Z Fetching language_server-protocol 3.17.0.3
2026-04-23T00:45:43.3605754Z Installing language_server-protocol 3.17.0.3
2026-04-23T00:45:43.4027190Z Fetching lint_roller 1.1.0
2026-04-23T00:45:43.4679628Z Installing lint_roller 1.1.0
2026-04-23T00:45:43.4838465Z Fetching parallel 1.24.0
2026-04-23T00:45:43.5419044Z Installing parallel 1.24.0
2026-04-23T00:45:43.5490236Z Fetching racc 1.7.3
2026-04-23T00:45:43.5814193Z Fetching rainbow 3.1.1
2026-04-23T00:45:43.6231536Z Installing racc 1.7.3 with native extensions
2026-04-23T00:45:43.6270428Z Installing rainbow 3.1.1
2026-04-23T00:45:43.6407328Z Fetching regexp_parser 2.8.3
2026-04-23T00:45:43.6930750Z Installing regexp_parser 2.8.3
2026-04-23T00:45:43.7235818Z Fetching rexml 3.2.6
2026-04-23T00:45:43.7914746Z Installing rexml 3.2.6
2026-04-23T00:45:43.9021272Z Fetching rspec-support 3.10.1
2026-04-23T00:45:43.9561427Z Installing rspec-support 3.10.1
2026-04-23T00:45:43.9686439Z Fetching ruby-progressbar 1.13.0
2026-04-23T00:45:44.0214617Z Installing ruby-progressbar 1.13.0
2026-04-23T00:45:44.0305198Z Fetching unicode-display_width 2.5.0
2026-04-23T00:45:44.0766983Z Installing unicode-display_width 2.5.0
2026-04-23T00:45:44.0820948Z Fetching addressable 2.8.0
2026-04-23T00:45:44.1538535Z Installing addressable 2.8.0
2026-04-23T00:45:44.1715300Z Fetching faraday 2.3.0
2026-04-23T00:45:44.2549233Z Installing faraday 2.3.0
2026-04-23T00:45:44.2849170Z Fetching i18n 1.12.0
2026-04-23T00:45:44.3568996Z Installing i18n 1.12.0
2026-04-23T00:45:44.3778863Z Fetching tzinfo 2.0.6
2026-04-23T00:45:44.4819549Z Installing tzinfo 2.0.6
2026-04-23T00:45:44.5058989Z Fetching rspec-core 3.10.1
2026-04-23T00:45:44.5913466Z Installing rspec-core 3.10.1
2026-04-23T00:45:44.6318557Z Fetching rspec-expectations 3.10.1
2026-04-23T00:45:44.7082209Z Installing rspec-expectations 3.10.1
2026-04-23T00:45:44.7432730Z Fetching rspec-mocks 3.10.1
2026-04-23T00:45:44.7828662Z Fetching faraday-retry 2.0.0
2026-04-23T00:45:44.8471788Z Installing faraday-retry 2.0.0
2026-04-23T00:45:44.8590607Z Installing rspec-mocks 3.10.1
2026-04-23T00:45:44.8611560Z Fetching sawyer 0.9.2
2026-04-23T00:45:44.9048890Z Fetching activesupport 6.1.7.3
2026-04-23T00:45:44.9271865Z Installing sawyer 0.9.2
2026-04-23T00:45:44.9342094Z Fetching parser 3.2.2.4
2026-04-23T00:45:44.9946229Z Installing activesupport 6.1.7.3
2026-04-23T00:45:45.1053592Z Installing parser 3.2.2.4
2026-04-23T00:45:45.1687659Z Fetching rspec 3.10.0
2026-04-23T00:45:45.2213001Z Installing rspec 3.10.0
2026-04-23T00:45:45.2297079Z Fetching octokit 4.25.0
2026-04-23T00:45:45.2792581Z Fetching rubocop-ast 1.30.0
2026-04-23T00:45:45.3120996Z Installing octokit 4.25.0
2026-04-23T00:45:45.3373951Z Installing rubocop-ast 1.30.0
2026-04-23T00:45:46.6707444Z Fetching rubocop 1.57.2
2026-04-23T00:45:46.7643222Z Installing rubocop 1.57.2
2026-04-23T00:45:46.9211154Z Fetching rubocop-performance 1.19.1
2026-04-23T00:45:46.9213259Z Fetching standard-custom 1.0.2
2026-04-23T00:45:46.9901125Z Installing standard-custom 1.0.2
2026-04-23T00:45:46.9965901Z Installing rubocop-performance 1.19.1
2026-04-23T00:45:47.0117040Z Fetching standard-performance 1.2.1
2026-04-23T00:45:47.0607546Z Installing standard-performance 1.2.1
2026-04-23T00:45:47.0671984Z Fetching standard 1.32.1
2026-04-23T00:45:47.1190622Z Installing standard 1.32.1
2026-04-23T00:45:47.1383367Z Bundle complete! 6 Gemfile dependencies, 40 gems now installed.
2026-04-23T00:45:47.1384317Z Use `bundle info [gemname]` to see where a bundled gem is installed.
2026-04-23T00:45:47.1926978Z ##[group]Run ruby entrypoint.rb
2026-04-23T00:45:47.1927277Z [36;1mruby entrypoint.rb[0m
2026-04-23T00:45:47.1985305Z shell: /usr/bin/bash --noprofile --norc -e -o pipefail {0}
2026-04-23T00:45:47.1985623Z env:
2026-04-23T00:45:47.1985801Z   WAIT_INTERVAL: 30
2026-04-23T00:45:47.1986019Z   ALLOWED_CONCLUSIONS: success,skipped
2026-04-23T00:45:47.1986273Z   IGNORE_CHECKS: 
2026-04-23T00:45:47.1986460Z   CHECK_NAME: 
2026-04-23T00:45:47.1986632Z   CHECK_REGEXP: 
2026-04-23T00:45:47.1986846Z   REF: 8a960e0b4bff59f0d6832128c2bf66c327e3c519
2026-04-23T00:45:47.1987349Z   REPO_TOKEN: ***
2026-04-23T00:45:47.1987546Z   VERBOSE: true
2026-04-23T00:45:47.1987742Z   RUNNING_WORKFLOW_NAME: Auto-merge
2026-04-23T00:45:47.1988236Z   API_ENDPOINT: 
2026-04-23T00:45:47.1988425Z ##[endgroup]
2026-04-23T00:46:48.3781468Z Checks running on ref:
2026-04-23T00:46:48.3781994Z Checks in_progress: lint-and-test, Auto-merge
2026-04-23T00:46:48.3782435Z Checks completed: autofix
2026-04-23T00:46:48.3782769Z Checks after ignore checks filter:
2026-04-23T00:46:48.3783260Z Checks in_progress: lint-and-test
2026-04-23T00:46:48.3783590Z Checks completed: autofix
2026-04-23T00:46:48.3783881Z Checks after check_name filter:
2026-04-23T00:46:48.3784203Z Checks in_progress: lint-and-test
2026-04-23T00:46:48.3784532Z Checks completed: autofix
2026-04-23T00:46:48.3784810Z Checks after Regexp filter:
2026-04-23T00:46:48.3785124Z Checks in_progress: lint-and-test
2026-04-23T00:46:48.3785434Z Checks completed: autofix
2026-04-23T00:46:48.3785889Z The requested checks aren't complete yet, will check back in 30 seconds...
2026-04-23T00:46:48.3786399Z Checks running on ref:
2026-04-23T00:46:48.3786722Z Checks in_progress: lint-and-test, Auto-merge
2026-04-23T00:46:48.3787097Z Checks completed: autofix
2026-04-23T00:46:48.3787403Z Checks after ignore checks filter:
2026-04-23T00:46:48.3787737Z Checks in_progress: lint-and-test
2026-04-23T00:46:48.3788303Z Checks completed: autofix
2026-04-23T00:46:48.3788609Z Checks after check_name filter:
2026-04-23T00:46:48.3788922Z Checks in_progress: lint-and-test
2026-04-23T00:46:48.3789247Z Checks completed: autofix
2026-04-23T00:46:48.3789529Z Checks after Regexp filter:
2026-04-23T00:46:48.3789843Z Checks in_progress: lint-and-test
2026-04-23T00:46:48.3790167Z Checks completed: autofix
2026-04-23T00:46:48.3790617Z The requested checks aren't complete yet, will check back in 30 seconds...
2026-04-23T00:46:48.3791142Z Checks running on ref:
2026-04-23T00:46:48.3791656Z Checks completed: firebase-distribute, capture-failure-log, lint-and-test, autofix
2026-04-23T00:46:48.3792242Z Checks in_progress: Auto-merge
2026-04-23T00:46:48.3792571Z Checks after ignore checks filter:
2026-04-23T00:46:48.3793123Z Checks completed: firebase-distribute, capture-failure-log, lint-and-test, autofix
2026-04-23T00:46:48.3793683Z Checks after check_name filter:
2026-04-23T00:46:48.3794210Z Checks completed: firebase-distribute, capture-failure-log, lint-and-test, autofix
2026-04-23T00:46:48.3794792Z Checks after Regexp filter:
2026-04-23T00:46:48.3795382Z Checks completed: firebase-distribute, capture-failure-log, lint-and-test, autofix
2026-04-23T00:46:48.3795932Z Checks completed:
2026-04-23T00:46:48.3796217Z firebase-distribute: completed (skipped)
2026-04-23T00:46:48.3796611Z capture-failure-log: completed (success)
2026-04-23T00:46:48.3796975Z lint-and-test: completed (failure)
2026-04-23T00:46:48.3797322Z autofix: completed (failure)
2026-04-23T00:46:48.3798413Z The conclusion of one or more checks were not allowed. Allowed conclusions are: success, skipped. This can be configured with the 'allowed-conclusions' param.
2026-04-23T00:46:48.3868853Z ##[error]Process completed with exit code 1.
2026-04-23T00:46:48.3981340Z Post job cleanup.
2026-04-23T00:46:48.4036263Z Cleaning up orphan processes
2026-04-23T00:46:48.4291389Z ##[warning]Node.js 20 actions are deprecated. The following actions are running on Node.js 20 and may not work as expected: actions/cache@v4. Actions will be forced to run with Node.js 24 by default starting June 2nd, 2026. Node.js 20 will be removed from the runner on September 16th, 2026. Please check if updated versions of these actions are available that support Node.js 24. To opt into Node.js 24 now, set the FORCE_JAVASCRIPT_ACTIONS_TO_NODE24=true environment variable on the runner or in your workflow file. Once Node.js 24 becomes the default, you can temporarily opt out by setting ACTIONS_ALLOW_USE_UNSECURE_NODE_VERSION=true. For more information see: https://github.blog/changelog/2025-09-19-deprecation-of-node-20-on-github-actions-runners/
