=== CI FAILURE ===
Workflow:      Auto-merge & Release
Workflow file: akarlin3/prismTask/.github/workflows/auto-merge.yml@refs/pull/678/merge
Job(s):        Auto-merge
Run ID:        24807122003
Run attempt:   1
Run URL:       https://github.com/akarlin3/prismTask/actions/runs/24807122003
Commit:        aace2d48e88efb04fe3a7641688ca062154273a1
Branch:        678/merge
Event:         pull_request
Actor:         akarlin3
Runner OS:     Linux
Timestamp:     2026-04-22T23:05:24.394Z

Failed steps:
  - Auto-merge: #3 Wait for all other CI checks to pass

=== FAILED JOB LOG ===

--- Job: Auto-merge (id 72603771466) ---
2026-04-22T23:02:12.2864652Z Current runner version: '2.333.1'
2026-04-22T23:02:12.2888679Z ##[group]Runner Image Provisioner
2026-04-22T23:02:12.2889407Z Hosted Compute Agent
2026-04-22T23:02:12.2890008Z Version: 20260213.493
2026-04-22T23:02:12.2890578Z Commit: 5c115507f6dd24b8de37d8bbe0bb4509d0cc0fa3
2026-04-22T23:02:12.2891341Z Build Date: 2026-02-13T00:28:41Z
2026-04-22T23:02:12.2892406Z Worker ID: {08546efe-ef4f-41c6-acd5-f12b2df502d2}
2026-04-22T23:02:12.2893075Z Azure Region: northcentralus
2026-04-22T23:02:12.2893647Z ##[endgroup]
2026-04-22T23:02:12.2895044Z ##[group]Operating System
2026-04-22T23:02:12.2895738Z Ubuntu
2026-04-22T23:02:12.2896201Z 24.04.4
2026-04-22T23:02:12.2896629Z LTS
2026-04-22T23:02:12.2897105Z ##[endgroup]
2026-04-22T23:02:12.2897600Z ##[group]Runner Image
2026-04-22T23:02:12.2898124Z Image: ubuntu-24.04
2026-04-22T23:02:12.2898654Z Version: 20260413.86.1
2026-04-22T23:02:12.2899910Z Included Software: https://github.com/actions/runner-images/blob/ubuntu24/20260413.86/images/ubuntu/Ubuntu2404-Readme.md
2026-04-22T23:02:12.2901435Z Image Release: https://github.com/actions/runner-images/releases/tag/ubuntu24%2F20260413.86
2026-04-22T23:02:12.2902670Z ##[endgroup]
2026-04-22T23:02:12.2903966Z ##[group]GITHUB_TOKEN Permissions
2026-04-22T23:02:12.2905825Z Actions: read
2026-04-22T23:02:12.2906375Z Checks: read
2026-04-22T23:02:12.2906895Z Contents: write
2026-04-22T23:02:12.2907415Z Metadata: read
2026-04-22T23:02:12.2907868Z PullRequests: write
2026-04-22T23:02:12.2908402Z ##[endgroup]
2026-04-22T23:02:12.2910446Z Secret source: Actions
2026-04-22T23:02:12.2911210Z Prepare workflow directory
2026-04-22T23:02:12.3450237Z Prepare all required actions
2026-04-22T23:02:12.3506071Z Getting action download info
2026-04-22T23:02:12.6284421Z Download action repository 'lewagon/wait-on-check-action@ccfb013c15c8afb7bf2b7c028fb74dc5a068cccc' (SHA:ccfb013c15c8afb7bf2b7c028fb74dc5a068cccc)
2026-04-22T23:02:13.0769436Z Getting action download info
2026-04-22T23:02:13.2297173Z Download action repository 'ruby/setup-ruby@v1' (SHA:0cb964fd540e0a24c900370abf38a33466142735)
2026-04-22T23:02:13.6727278Z Download action repository 'actions/cache@v4' (SHA:0057852bfaa89a56745cba8c7296529d2fc39830)
2026-04-22T23:02:13.8207902Z Complete job name: Auto-merge
2026-04-22T23:02:13.8884906Z ##[group]Run set -euo pipefail
2026-04-22T23:02:13.8886029Z [36;1mset -euo pipefail[0m
2026-04-22T23:02:13.8887373Z [36;1m# Give GitHub a short grace period to schedule workflow runs for[0m
2026-04-22T23:02:13.8889209Z [36;1m# the head commit. Paths-filtered workflows (android/backend/web CI)[0m
2026-04-22T23:02:13.8890951Z [36;1m# won't run for doc-only or cross-cutting config PRs, so the[0m
2026-04-22T23:02:13.8892929Z [36;1m# wait-on-check-action step below would otherwise hang waiting for[0m
2026-04-22T23:02:13.8894443Z [36;1m# checks that will never appear.[0m
2026-04-22T23:02:13.8895507Z [36;1msleep 20[0m
2026-04-22T23:02:13.8896610Z [36;1mCOUNT=$(gh api "repos/$REPO/commits/$HEAD_SHA/check-runs" \[0m
2026-04-22T23:02:13.8898267Z [36;1m  --jq '[.check_runs[] | select(.name != "Auto-merge")] | length')[0m
2026-04-22T23:02:13.8899861Z [36;1mecho "Non-Auto-merge check runs on head: $COUNT"[0m
2026-04-22T23:02:13.8901140Z [36;1mif [ "$COUNT" -gt 0 ]; then[0m
2026-04-22T23:02:13.8902396Z [36;1m  echo "has_ci=true" >> "$GITHUB_OUTPUT"[0m
2026-04-22T23:02:13.8903502Z [36;1melse[0m
2026-04-22T23:02:13.8904360Z [36;1m  echo "has_ci=false" >> "$GITHUB_OUTPUT"[0m
2026-04-22T23:02:13.8905788Z [36;1m  echo "No CI checks on this PR — will merge without waiting."[0m
2026-04-22T23:02:13.8907086Z [36;1mfi[0m
2026-04-22T23:02:13.8933713Z shell: /usr/bin/bash -e {0}
2026-04-22T23:02:13.8934973Z env:
2026-04-22T23:02:13.8935698Z   WAIT_INTERVAL: 30
2026-04-22T23:02:13.8936864Z   GH_TOKEN: ***
2026-04-22T23:02:13.8937777Z   HEAD_SHA: 3807f4878f5ae82e1125d2ae4fff0d075d1a9c98
2026-04-22T23:02:13.8938951Z   REPO: akarlin3/prismTask
2026-04-22T23:02:13.8939830Z ##[endgroup]
2026-04-22T23:02:34.2340030Z Non-Auto-merge check runs on head: 1
2026-04-22T23:02:34.2577538Z ##[group]Run lewagon/wait-on-check-action@ccfb013c15c8afb7bf2b7c028fb74dc5a068cccc
2026-04-22T23:02:34.2578055Z with:
2026-04-22T23:02:34.2578324Z   ref: 3807f4878f5ae82e1125d2ae4fff0d075d1a9c98
2026-04-22T23:02:34.2578694Z   running-workflow-name: Auto-merge
2026-04-22T23:02:34.2579373Z   repo-token: ***
2026-04-22T23:02:34.2579614Z   wait-interval: 30
2026-04-22T23:02:34.2579870Z   allowed-conclusions: success,skipped
2026-04-22T23:02:34.2580166Z   verbose: true
2026-04-22T23:02:34.2580387Z env:
2026-04-22T23:02:34.2580584Z   WAIT_INTERVAL: 30
2026-04-22T23:02:34.2580808Z ##[endgroup]
2026-04-22T23:02:34.2718434Z ##[group]Run ruby/setup-ruby@v1
2026-04-22T23:02:34.2718747Z with:
2026-04-22T23:02:34.2718968Z   ruby-version: 3.2
2026-04-22T23:02:34.2719235Z   bundler-cache: false
2026-04-22T23:02:34.2719636Z   token: ***
2026-04-22T23:02:34.2719839Z env:
2026-04-22T23:02:34.2720043Z   WAIT_INTERVAL: 30
2026-04-22T23:02:34.2720266Z ##[endgroup]
2026-04-22T23:02:34.3935702Z ##[group]Modifying PATH
2026-04-22T23:02:34.3936340Z Entries added to PATH to use selected Ruby:
2026-04-22T23:02:34.3936841Z   /opt/hostedtoolcache/Ruby/3.2.11/x64/bin
2026-04-22T23:02:34.3940395Z ##[endgroup]
2026-04-22T23:02:34.3941273Z ##[group]Print Ruby version
2026-04-22T23:02:34.3984225Z [command]/opt/hostedtoolcache/Ruby/3.2.11/x64/bin/ruby --version
2026-04-22T23:02:34.5845793Z ruby 3.2.11 (2026-03-27 revision 5483bfc1ae) [x86_64-linux]
2026-04-22T23:02:34.5874258Z Took   0.19 seconds
2026-04-22T23:02:34.5875333Z ##[endgroup]
2026-04-22T23:02:34.5876667Z ##[group]Installing Bundler
2026-04-22T23:02:34.5880933Z Using Bundler shipped with ruby-3.2.11
2026-04-22T23:02:34.5882110Z Took   0.00 seconds
2026-04-22T23:02:34.5882930Z ##[endgroup]
2026-04-22T23:02:34.6526506Z ##[group]Run actions/cache@v4
2026-04-22T23:02:34.6526830Z with:
2026-04-22T23:02:34.6527296Z   path: /home/runner/work/_actions/lewagon/wait-on-check-action/ccfb013c15c8afb7bf2b7c028fb74dc5a068cccc
2026-04-22T23:02:34.6527845Z   key: Linux-gems-
2026-04-22T23:02:34.6528097Z   restore-keys: Linux-gems-
2026-04-22T23:02:34.6528366Z   enableCrossOsArchive: false
2026-04-22T23:02:34.6528644Z   fail-on-cache-miss: false
2026-04-22T23:02:34.6528898Z   lookup-only: false
2026-04-22T23:02:34.6529144Z   save-always: false
2026-04-22T23:02:34.6529368Z env:
2026-04-22T23:02:34.6529571Z   WAIT_INTERVAL: 30
2026-04-22T23:02:34.6529796Z ##[endgroup]
2026-04-22T23:02:34.9145852Z Cache not found for input keys: Linux-gems-, Linux-gems-
2026-04-22T23:02:34.9236938Z ##[group]Run bundle install --jobs 4 --retry 3
2026-04-22T23:02:34.9237274Z [36;1mbundle install --jobs 4 --retry 3[0m
2026-04-22T23:02:34.9261144Z shell: /usr/bin/bash --noprofile --norc -e -o pipefail {0}
2026-04-22T23:02:34.9261472Z env:
2026-04-22T23:02:34.9261909Z   WAIT_INTERVAL: 30
2026-04-22T23:02:34.9262099Z ##[endgroup]
2026-04-22T23:02:36.0538484Z Bundler 2.4.19 is running, but your lockfile was generated with 2.2.3. Installing Bundler 2.2.3 and restarting using that version.
2026-04-22T23:02:37.5283262Z Fetching gem metadata from https://rubygems.org/.
2026-04-22T23:02:37.5358559Z Fetching bundler 2.2.3
2026-04-22T23:02:37.6942859Z Installing bundler 2.2.3
2026-04-22T23:02:37.8884200Z Calling `DidYouMean::SPELL_CHECKERS.merge!(error_name => spell_checker)' has been deprecated. Please call `DidYouMean.correct_error(error_name, spell_checker)' instead.
2026-04-22T23:02:39.1506298Z Fetching gem metadata from https://rubygems.org/.........
2026-04-22T23:02:39.1608447Z Fetching minitest 5.18.0
2026-04-22T23:02:39.1615119Z Fetching public_suffix 4.0.7
2026-04-22T23:02:39.1616227Z Fetching concurrent-ruby 1.2.2
2026-04-22T23:02:39.2125920Z Fetching zeitwerk 2.6.7
2026-04-22T23:02:39.2755060Z Installing zeitwerk 2.6.7
2026-04-22T23:02:39.2970653Z Installing minitest 5.18.0
2026-04-22T23:02:39.2983197Z Installing public_suffix 4.0.7
2026-04-22T23:02:39.3465361Z Fetching ast 2.4.2
2026-04-22T23:02:39.3780175Z Installing concurrent-ruby 1.2.2
2026-04-22T23:02:39.3866394Z Installing ast 2.4.2
2026-04-22T23:02:39.3909994Z Using bundler 2.2.3
2026-04-22T23:02:39.3919935Z Fetching byebug 11.1.3
2026-04-22T23:02:39.4265606Z Fetching diff-lcs 1.4.4
2026-04-22T23:02:39.4645407Z Installing byebug 11.1.3 with native extensions
2026-04-22T23:02:39.4679768Z Fetching faraday-net_http 2.0.3
2026-04-22T23:02:39.5019536Z Installing diff-lcs 1.4.4
2026-04-22T23:02:39.5219930Z Installing faraday-net_http 2.0.3
2026-04-22T23:02:39.5358717Z Using ruby2_keywords 0.0.5
2026-04-22T23:02:39.5373713Z Fetching json 2.7.1
2026-04-22T23:02:39.5847639Z Installing json 2.7.1 with native extensions
2026-04-22T23:02:39.6116002Z Fetching language_server-protocol 3.17.0.3
2026-04-22T23:02:39.6674551Z Installing language_server-protocol 3.17.0.3
2026-04-22T23:02:39.7444619Z Fetching lint_roller 1.1.0
2026-04-22T23:02:39.8018538Z Installing lint_roller 1.1.0
2026-04-22T23:02:39.8139447Z Fetching parallel 1.24.0
2026-04-22T23:02:39.8653311Z Installing parallel 1.24.0
2026-04-22T23:02:39.8745265Z Fetching racc 1.7.3
2026-04-22T23:02:39.9240566Z Installing racc 1.7.3 with native extensions
2026-04-22T23:02:39.9786633Z Fetching rainbow 3.1.1
2026-04-22T23:02:40.0363187Z Installing rainbow 3.1.1
2026-04-22T23:02:40.0459617Z Fetching regexp_parser 2.8.3
2026-04-22T23:02:40.1040423Z Installing regexp_parser 2.8.3
2026-04-22T23:02:40.1318867Z Fetching rexml 3.2.6
2026-04-22T23:02:40.1809875Z Installing rexml 3.2.6
2026-04-22T23:02:40.2322806Z Fetching rspec-support 3.10.1
2026-04-22T23:02:40.3175057Z Installing rspec-support 3.10.1
2026-04-22T23:02:40.3311823Z Fetching ruby-progressbar 1.13.0
2026-04-22T23:02:40.3733193Z Installing ruby-progressbar 1.13.0
2026-04-22T23:02:40.3892520Z Fetching unicode-display_width 2.5.0
2026-04-22T23:02:40.4512786Z Installing unicode-display_width 2.5.0
2026-04-22T23:02:40.4592283Z Fetching addressable 2.8.0
2026-04-22T23:02:40.5222772Z Installing addressable 2.8.0
2026-04-22T23:02:40.5422577Z Fetching faraday 2.3.0
2026-04-22T23:02:40.6051864Z Installing faraday 2.3.0
2026-04-22T23:02:40.6392753Z Fetching i18n 1.12.0
2026-04-22T23:02:40.6997739Z Installing i18n 1.12.0
2026-04-22T23:02:40.7252688Z Fetching tzinfo 2.0.6
2026-04-22T23:02:40.7892721Z Installing tzinfo 2.0.6
2026-04-22T23:02:40.8142963Z Fetching rspec-core 3.10.1
2026-04-22T23:02:40.9012717Z Installing rspec-core 3.10.1
2026-04-22T23:02:40.9417255Z Fetching rspec-expectations 3.10.1
2026-04-22T23:02:40.9993943Z Fetching rspec-mocks 3.10.1
2026-04-22T23:02:41.0508512Z Installing rspec-expectations 3.10.1
2026-04-22T23:02:41.0722262Z Installing rspec-mocks 3.10.1
2026-04-22T23:02:41.1060371Z Fetching faraday-retry 2.0.0
2026-04-22T23:02:41.1544130Z Fetching sawyer 0.9.2
2026-04-22T23:02:41.1999564Z Installing faraday-retry 2.0.0
2026-04-22T23:02:41.2119070Z Installing sawyer 0.9.2
2026-04-22T23:02:41.2246035Z Fetching activesupport 6.1.7.3
2026-04-22T23:02:41.2713379Z Fetching parser 3.2.2.4
2026-04-22T23:02:41.3466712Z Installing activesupport 6.1.7.3
2026-04-22T23:02:41.4205749Z Installing parser 3.2.2.4
2026-04-22T23:02:41.5450612Z Fetching rspec 3.10.0
2026-04-22T23:02:41.6093811Z Installing rspec 3.10.0
2026-04-22T23:02:41.6221054Z Fetching octokit 4.25.0
2026-04-22T23:02:41.6842384Z Fetching rubocop-ast 1.30.0
2026-04-22T23:02:41.7292638Z Installing octokit 4.25.0
2026-04-22T23:02:41.7555502Z Installing rubocop-ast 1.30.0
2026-04-22T23:02:42.9029297Z Fetching rubocop 1.57.2
2026-04-22T23:02:42.9638974Z Installing rubocop 1.57.2
2026-04-22T23:02:43.1302204Z Fetching rubocop-performance 1.19.1
2026-04-22T23:02:43.1304980Z Fetching standard-custom 1.0.2
2026-04-22T23:02:43.1864471Z Installing standard-custom 1.0.2
2026-04-22T23:02:43.1908797Z Installing rubocop-performance 1.19.1
2026-04-22T23:02:43.2086960Z Fetching standard-performance 1.2.1
2026-04-22T23:02:43.2430732Z Installing standard-performance 1.2.1
2026-04-22T23:02:43.2499885Z Fetching standard 1.32.1
2026-04-22T23:02:43.2879527Z Installing standard 1.32.1
2026-04-22T23:02:43.3089954Z Bundle complete! 6 Gemfile dependencies, 40 gems now installed.
2026-04-22T23:02:43.3091973Z Use `bundle info [gemname]` to see where a bundled gem is installed.
2026-04-22T23:02:43.3599867Z ##[group]Run ruby entrypoint.rb
2026-04-22T23:02:43.3600134Z [36;1mruby entrypoint.rb[0m
2026-04-22T23:02:43.3622373Z shell: /usr/bin/bash --noprofile --norc -e -o pipefail {0}
2026-04-22T23:02:43.3622692Z env:
2026-04-22T23:02:43.3622855Z   WAIT_INTERVAL: 30
2026-04-22T23:02:43.3623072Z   ALLOWED_CONCLUSIONS: success,skipped
2026-04-22T23:02:43.3623311Z   IGNORE_CHECKS: 
2026-04-22T23:02:43.3623484Z   CHECK_NAME: 
2026-04-22T23:02:43.3623644Z   CHECK_REGEXP: 
2026-04-22T23:02:43.3623848Z   REF: 3807f4878f5ae82e1125d2ae4fff0d075d1a9c98
2026-04-22T23:02:43.3624313Z   REPO_TOKEN: ***
2026-04-22T23:02:43.3624495Z   VERBOSE: true
2026-04-22T23:02:43.3624683Z   RUNNING_WORKFLOW_NAME: Auto-merge
2026-04-22T23:02:43.3624912Z   API_ENDPOINT: 
2026-04-22T23:02:43.3625086Z ##[endgroup]
2026-04-22T23:05:15.4293187Z Checks running on ref:
2026-04-22T23:05:15.4293825Z Checks in_progress: autofix, Auto-merge
2026-04-22T23:05:15.4294534Z Checks after ignore checks filter:
2026-04-22T23:05:15.4295138Z Checks in_progress: autofix
2026-04-22T23:05:15.4295597Z Checks after check_name filter:
2026-04-22T23:05:15.4296105Z Checks in_progress: autofix
2026-04-22T23:05:15.4296520Z Checks after Regexp filter:
2026-04-22T23:05:15.4296897Z Checks in_progress: autofix
2026-04-22T23:05:15.4297465Z The requested check isn't complete yet, will check back in 30 seconds...
2026-04-22T23:05:15.4298118Z Checks running on ref:
2026-04-22T23:05:15.4298492Z Checks in_progress: autofix, Auto-merge
2026-04-22T23:05:15.4298959Z Checks after ignore checks filter:
2026-04-22T23:05:15.4299389Z Checks in_progress: autofix
2026-04-22T23:05:15.4299770Z Checks after check_name filter:
2026-04-22T23:05:15.4300167Z Checks in_progress: autofix
2026-04-22T23:05:15.4300537Z Checks after Regexp filter:
2026-04-22T23:05:15.4300904Z Checks in_progress: autofix
2026-04-22T23:05:15.4301269Z The requested check isn't complete yet, will check back in 30 seconds...
2026-04-22T23:05:15.4302019Z Checks running on ref:
2026-04-22T23:05:15.4302266Z Checks in_progress: autofix, Auto-merge
2026-04-22T23:05:15.4302570Z Checks after ignore checks filter:
2026-04-22T23:05:15.4302838Z Checks in_progress: autofix
2026-04-22T23:05:15.4303084Z Checks after check_name filter:
2026-04-22T23:05:15.4303340Z Checks in_progress: autofix
2026-04-22T23:05:15.4303581Z Checks after Regexp filter:
2026-04-22T23:05:15.4303825Z Checks in_progress: autofix
2026-04-22T23:05:15.4304186Z The requested check isn't complete yet, will check back in 30 seconds...
2026-04-22T23:05:15.4304602Z Checks running on ref:
2026-04-22T23:05:15.4304839Z Checks in_progress: autofix, Auto-merge
2026-04-22T23:05:15.4305133Z Checks after ignore checks filter:
2026-04-22T23:05:15.4305397Z Checks in_progress: autofix
2026-04-22T23:05:15.4305647Z Checks after check_name filter:
2026-04-22T23:05:15.4305903Z Checks in_progress: autofix
2026-04-22T23:05:15.4306161Z Checks after Regexp filter:
2026-04-22T23:05:15.4306496Z Checks in_progress: autofix
2026-04-22T23:05:15.4306811Z The requested check isn't complete yet, will check back in 30 seconds...
2026-04-22T23:05:15.4307163Z Checks running on ref:
2026-04-22T23:05:15.4307383Z Checks in_progress: lint-and-test, Auto-merge
2026-04-22T23:05:15.4307645Z Checks completed: autofix
2026-04-22T23:05:15.4307852Z Checks after ignore checks filter:
2026-04-22T23:05:15.4308085Z Checks in_progress: lint-and-test
2026-04-22T23:05:15.4308313Z Checks completed: autofix
2026-04-22T23:05:15.4308510Z Checks after check_name filter:
2026-04-22T23:05:15.4308731Z Checks in_progress: lint-and-test
2026-04-22T23:05:15.4308947Z Checks completed: autofix
2026-04-22T23:05:15.4309146Z Checks after Regexp filter:
2026-04-22T23:05:15.4309349Z Checks in_progress: lint-and-test
2026-04-22T23:05:15.4309565Z Checks completed: autofix
2026-04-22T23:05:15.4309875Z The requested checks aren't complete yet, will check back in 30 seconds...
2026-04-22T23:05:15.4310221Z Checks running on ref:
2026-04-22T23:05:15.4310944Z Checks completed: firebase-distribute, capture-failure-log, lint-and-test, autofix
2026-04-22T23:05:15.4311495Z Checks in_progress: Auto-merge
2026-04-22T23:05:15.4312101Z Checks after ignore checks filter:
2026-04-22T23:05:15.4312497Z Checks completed: firebase-distribute, capture-failure-log, lint-and-test, autofix
2026-04-22T23:05:15.4312898Z Checks after check_name filter:
2026-04-22T23:05:15.4313266Z Checks completed: firebase-distribute, capture-failure-log, lint-and-test, autofix
2026-04-22T23:05:15.4313659Z Checks after Regexp filter:
2026-04-22T23:05:15.4314004Z Checks completed: firebase-distribute, capture-failure-log, lint-and-test, autofix
2026-04-22T23:05:15.4314400Z Checks completed:
2026-04-22T23:05:15.4314602Z firebase-distribute: completed (skipped)
2026-04-22T23:05:15.4314873Z capture-failure-log: completed (success)
2026-04-22T23:05:15.4315129Z lint-and-test: completed (failure)
2026-04-22T23:05:15.4315376Z autofix: completed (success)
2026-04-22T23:05:15.4316066Z The conclusion of one or more checks were not allowed. Allowed conclusions are: success, skipped. This can be configured with the 'allowed-conclusions' param.
2026-04-22T23:05:15.4375349Z ##[error]Process completed with exit code 1.
2026-04-22T23:05:15.4491387Z Post job cleanup.
2026-04-22T23:05:15.4548050Z Cleaning up orphan processes
2026-04-22T23:05:15.4817915Z ##[warning]Node.js 20 actions are deprecated. The following actions are running on Node.js 20 and may not work as expected: actions/cache@v4. Actions will be forced to run with Node.js 24 by default starting June 2nd, 2026. Node.js 20 will be removed from the runner on September 16th, 2026. Please check if updated versions of these actions are available that support Node.js 24. To opt into Node.js 24 now, set the FORCE_JAVASCRIPT_ACTIONS_TO_NODE24=true environment variable on the runner or in your workflow file. Once Node.js 24 becomes the default, you can temporarily opt out by setting ACTIONS_ALLOW_USE_UNSECURE_NODE_VERSION=true. For more information see: https://github.blog/changelog/2025-09-19-deprecation-of-node-20-on-github-actions-runners/
