=== CI FAILURE ===
Workflow:      Auto-merge & Release
Workflow file: akarlin3/prismTask/.github/workflows/auto-merge.yml@refs/pull/611/merge
Job(s):        Auto-merge
Run ID:        24747665514
Run attempt:   1
Run URL:       https://github.com/akarlin3/prismTask/actions/runs/24747665514
Commit:        bbea0a70e75be152d0fdc8371dc7e53d639ec907
Branch:        611/merge
Event:         pull_request
Actor:         akarlin3
Runner OS:     Linux
Timestamp:     2026-04-21T21:49:52.956Z

Failed steps:
  - Auto-merge: #3 Wait for all other CI checks to pass

=== FAILED JOB LOG ===

--- Job: Auto-merge (id 72403284675) ---
2026-04-21T21:35:58.7077696Z Current runner version: '2.333.1'
2026-04-21T21:35:58.7100967Z ##[group]Runner Image Provisioner
2026-04-21T21:35:58.7101793Z Hosted Compute Agent
2026-04-21T21:35:58.7102292Z Version: 20260213.493
2026-04-21T21:35:58.7102973Z Commit: 5c115507f6dd24b8de37d8bbe0bb4509d0cc0fa3
2026-04-21T21:35:58.7103648Z Build Date: 2026-02-13T00:28:41Z
2026-04-21T21:35:58.7104343Z Worker ID: {ddf11029-977e-4dd0-af4f-7d7ecdbd3c03}
2026-04-21T21:35:58.7105031Z Azure Region: westus
2026-04-21T21:35:58.7105574Z ##[endgroup]
2026-04-21T21:35:58.7106965Z ##[group]Operating System
2026-04-21T21:35:58.7107587Z Ubuntu
2026-04-21T21:35:58.7108076Z 24.04.4
2026-04-21T21:35:58.7108527Z LTS
2026-04-21T21:35:58.7109013Z ##[endgroup]
2026-04-21T21:35:58.7109486Z ##[group]Runner Image
2026-04-21T21:35:58.7110023Z Image: ubuntu-24.04
2026-04-21T21:35:58.7110692Z Version: 20260413.86.1
2026-04-21T21:35:58.7112035Z Included Software: https://github.com/actions/runner-images/blob/ubuntu24/20260413.86/images/ubuntu/Ubuntu2404-Readme.md
2026-04-21T21:35:58.7113585Z Image Release: https://github.com/actions/runner-images/releases/tag/ubuntu24%2F20260413.86
2026-04-21T21:35:58.7114592Z ##[endgroup]
2026-04-21T21:35:58.7115876Z ##[group]GITHUB_TOKEN Permissions
2026-04-21T21:35:58.7117983Z Actions: read
2026-04-21T21:35:58.7118518Z Checks: read
2026-04-21T21:35:58.7119026Z Contents: write
2026-04-21T21:35:58.7119581Z Metadata: read
2026-04-21T21:35:58.7120261Z PullRequests: write
2026-04-21T21:35:58.7120750Z ##[endgroup]
2026-04-21T21:35:58.7122792Z Secret source: Actions
2026-04-21T21:35:58.7123487Z Prepare workflow directory
2026-04-21T21:35:58.7558687Z Prepare all required actions
2026-04-21T21:35:58.7605656Z Getting action download info
2026-04-21T21:35:59.1850735Z Download action repository 'lewagon/wait-on-check-action@ccfb013c15c8afb7bf2b7c028fb74dc5a068cccc' (SHA:ccfb013c15c8afb7bf2b7c028fb74dc5a068cccc)
2026-04-21T21:35:59.7843288Z Getting action download info
2026-04-21T21:36:00.0128279Z Download action repository 'ruby/setup-ruby@v1' (SHA:0cb964fd540e0a24c900370abf38a33466142735)
2026-04-21T21:36:00.5773375Z Download action repository 'actions/cache@v4' (SHA:0057852bfaa89a56745cba8c7296529d2fc39830)
2026-04-21T21:36:00.7059067Z Complete job name: Auto-merge
2026-04-21T21:36:00.7659304Z ##[group]Run set -euo pipefail
2026-04-21T21:36:00.7659770Z [36;1mset -euo pipefail[0m
2026-04-21T21:36:00.7660467Z [36;1m# Give GitHub a short grace period to schedule workflow runs for[0m
2026-04-21T21:36:00.7661063Z [36;1m# the head commit. Paths-filtered workflows (android/backend/web CI)[0m
2026-04-21T21:36:00.7661637Z [36;1m# won't run for doc-only or cross-cutting config PRs, so the[0m
2026-04-21T21:36:00.7662201Z [36;1m# wait-on-check-action step below would otherwise hang waiting for[0m
2026-04-21T21:36:00.7662707Z [36;1m# checks that will never appear.[0m
2026-04-21T21:36:00.7663051Z [36;1msleep 20[0m
2026-04-21T21:36:00.7663436Z [36;1mCOUNT=$(gh api "repos/$REPO/commits/$HEAD_SHA/check-runs" \[0m
2026-04-21T21:36:00.7663987Z [36;1m  --jq '[.check_runs[] | select(.name != "Auto-merge")] | length')[0m
2026-04-21T21:36:00.7664517Z [36;1mecho "Non-Auto-merge check runs on head: $COUNT"[0m
2026-04-21T21:36:00.7664968Z [36;1mif [ "$COUNT" -gt 0 ]; then[0m
2026-04-21T21:36:00.7665335Z [36;1m  echo "has_ci=true" >> "$GITHUB_OUTPUT"[0m
2026-04-21T21:36:00.7665700Z [36;1melse[0m
2026-04-21T21:36:00.7665991Z [36;1m  echo "has_ci=false" >> "$GITHUB_OUTPUT"[0m
2026-04-21T21:36:00.7666465Z [36;1m  echo "No CI checks on this PR — will merge without waiting."[0m
2026-04-21T21:36:00.7666880Z [36;1mfi[0m
2026-04-21T21:36:00.7691881Z shell: /usr/bin/bash -e {0}
2026-04-21T21:36:00.7692500Z env:
2026-04-21T21:36:00.7692767Z   WAIT_INTERVAL: 30
2026-04-21T21:36:00.7693303Z   GH_TOKEN: ***
2026-04-21T21:36:00.7693653Z   HEAD_SHA: 4acdfe55e6ad1c6d78571845b34806513f7b77d4
2026-04-21T21:36:00.7694058Z   REPO: akarlin3/prismTask
2026-04-21T21:36:00.7694366Z ##[endgroup]
2026-04-21T21:36:21.1565017Z Non-Auto-merge check runs on head: 1
2026-04-21T21:36:21.1801952Z ##[group]Run lewagon/wait-on-check-action@ccfb013c15c8afb7bf2b7c028fb74dc5a068cccc
2026-04-21T21:36:21.1802470Z with:
2026-04-21T21:36:21.1802765Z   ref: 4acdfe55e6ad1c6d78571845b34806513f7b77d4
2026-04-21T21:36:21.1803107Z   running-workflow-name: Auto-merge
2026-04-21T21:36:21.1803738Z   repo-token: ***
2026-04-21T21:36:21.1803997Z   wait-interval: 30
2026-04-21T21:36:21.1804260Z   allowed-conclusions: success,skipped
2026-04-21T21:36:21.1804563Z   verbose: true
2026-04-21T21:36:21.1804781Z env:
2026-04-21T21:36:21.1804993Z   WAIT_INTERVAL: 30
2026-04-21T21:36:21.1805224Z ##[endgroup]
2026-04-21T21:36:21.1937542Z ##[group]Run ruby/setup-ruby@v1
2026-04-21T21:36:21.1937849Z with:
2026-04-21T21:36:21.1938069Z   ruby-version: 3.2
2026-04-21T21:36:21.1938326Z   bundler-cache: false
2026-04-21T21:36:21.1938713Z   token: ***
2026-04-21T21:36:21.1938922Z env:
2026-04-21T21:36:21.1939118Z   WAIT_INTERVAL: 30
2026-04-21T21:36:21.1939335Z ##[endgroup]
2026-04-21T21:36:21.3346985Z ##[group]Modifying PATH
2026-04-21T21:36:21.3348166Z Entries added to PATH to use selected Ruby:
2026-04-21T21:36:21.3349385Z   /opt/hostedtoolcache/Ruby/3.2.11/x64/bin
2026-04-21T21:36:21.3352748Z ##[endgroup]
2026-04-21T21:36:21.3354212Z ##[group]Print Ruby version
2026-04-21T21:36:21.3437506Z [command]/opt/hostedtoolcache/Ruby/3.2.11/x64/bin/ruby --version
2026-04-21T21:36:21.6635962Z ruby 3.2.11 (2026-03-27 revision 5483bfc1ae) [x86_64-linux]
2026-04-21T21:36:21.6672478Z Took   0.33 seconds
2026-04-21T21:36:21.6673287Z ##[endgroup]
2026-04-21T21:36:21.6674690Z ##[group]Installing Bundler
2026-04-21T21:36:21.6679984Z Using Bundler shipped with ruby-3.2.11
2026-04-21T21:36:21.6680860Z Took   0.00 seconds
2026-04-21T21:36:21.6683331Z ##[endgroup]
2026-04-21T21:36:21.7324146Z ##[group]Run actions/cache@v4
2026-04-21T21:36:21.7391159Z with:
2026-04-21T21:36:21.7391678Z   path: /home/runner/work/_actions/lewagon/wait-on-check-action/ccfb013c15c8afb7bf2b7c028fb74dc5a068cccc
2026-04-21T21:36:21.7392208Z   key: Linux-gems-
2026-04-21T21:36:21.7392418Z   restore-keys: Linux-gems-
2026-04-21T21:36:21.7392695Z   enableCrossOsArchive: false
2026-04-21T21:36:21.7392939Z   fail-on-cache-miss: false
2026-04-21T21:36:21.7393189Z   lookup-only: false
2026-04-21T21:36:21.7393413Z   save-always: false
2026-04-21T21:36:21.7393612Z env:
2026-04-21T21:36:21.7393769Z   WAIT_INTERVAL: 30
2026-04-21T21:36:21.7393962Z ##[endgroup]
2026-04-21T21:36:22.1233616Z Cache not found for input keys: Linux-gems-, Linux-gems-
2026-04-21T21:36:22.1301847Z ##[group]Run bundle install --jobs 4 --retry 3
2026-04-21T21:36:22.1302197Z [36;1mbundle install --jobs 4 --retry 3[0m
2026-04-21T21:36:22.1325835Z shell: /usr/bin/bash --noprofile --norc -e -o pipefail {0}
2026-04-21T21:36:22.1326164Z env:
2026-04-21T21:36:22.1326340Z   WAIT_INTERVAL: 30
2026-04-21T21:36:22.1326527Z ##[endgroup]
2026-04-21T21:36:22.9667461Z Bundler 2.4.19 is running, but your lockfile was generated with 2.2.3. Installing Bundler 2.2.3 and restarting using that version.
2026-04-21T21:36:24.3121795Z Fetching gem metadata from https://rubygems.org/.
2026-04-21T21:36:24.3195809Z Fetching bundler 2.2.3
2026-04-21T21:36:24.4746504Z Installing bundler 2.2.3
2026-04-21T21:36:24.6627388Z Calling `DidYouMean::SPELL_CHECKERS.merge!(error_name => spell_checker)' has been deprecated. Please call `DidYouMean.correct_error(error_name, spell_checker)' instead.
2026-04-21T21:36:26.0364108Z Fetching gem metadata from https://rubygems.org/.........
2026-04-21T21:36:26.0464795Z Fetching concurrent-ruby 1.2.2
2026-04-21T21:36:26.0764176Z Fetching public_suffix 4.0.7
2026-04-21T21:36:26.0995846Z Fetching zeitwerk 2.6.7
2026-04-21T21:36:26.0999535Z Fetching minitest 5.18.0
2026-04-21T21:36:26.1640093Z Installing zeitwerk 2.6.7
2026-04-21T21:36:26.1744604Z Installing minitest 5.18.0
2026-04-21T21:36:26.1926865Z Installing public_suffix 4.0.7
2026-04-21T21:36:26.2301201Z Fetching ast 2.4.2
2026-04-21T21:36:26.2637469Z Installing ast 2.4.2
2026-04-21T21:36:26.2664775Z Using bundler 2.2.3
2026-04-21T21:36:26.2677734Z Fetching byebug 11.1.3
2026-04-21T21:36:26.2710136Z Installing concurrent-ruby 1.2.2
2026-04-21T21:36:26.2712977Z Fetching diff-lcs 1.4.4
2026-04-21T21:36:26.3334509Z Installing diff-lcs 1.4.4
2026-04-21T21:36:26.3374704Z Installing byebug 11.1.3 with native extensions
2026-04-21T21:36:26.3578662Z Fetching faraday-net_http 2.0.3
2026-04-21T21:36:26.4100533Z Installing faraday-net_http 2.0.3
2026-04-21T21:36:26.4204268Z Using ruby2_keywords 0.0.5
2026-04-21T21:36:26.4238058Z Fetching json 2.7.1
2026-04-21T21:36:26.4679291Z Installing json 2.7.1 with native extensions
2026-04-21T21:36:26.4770479Z Fetching language_server-protocol 3.17.0.3
2026-04-21T21:36:26.5239848Z Installing language_server-protocol 3.17.0.3
2026-04-21T21:36:26.6230463Z Fetching lint_roller 1.1.0
2026-04-21T21:36:26.6805930Z Installing lint_roller 1.1.0
2026-04-21T21:36:26.6961283Z Fetching parallel 1.24.0
2026-04-21T21:36:26.7431039Z Installing parallel 1.24.0
2026-04-21T21:36:26.7562070Z Fetching racc 1.7.3
2026-04-21T21:36:26.7945114Z Installing racc 1.7.3 with native extensions
2026-04-21T21:36:26.8225841Z Fetching rainbow 3.1.1
2026-04-21T21:36:26.8546497Z Installing rainbow 3.1.1
2026-04-21T21:36:26.8706337Z Fetching regexp_parser 2.8.3
2026-04-21T21:36:26.9192134Z Installing regexp_parser 2.8.3
2026-04-21T21:36:27.0174513Z Fetching rexml 3.2.6
2026-04-21T21:36:27.0648842Z Installing rexml 3.2.6
2026-04-21T21:36:27.0870653Z Fetching rspec-support 3.10.1
2026-04-21T21:36:27.1227301Z Installing rspec-support 3.10.1
2026-04-21T21:36:27.1355209Z Fetching ruby-progressbar 1.13.0
2026-04-21T21:36:27.1726215Z Installing ruby-progressbar 1.13.0
2026-04-21T21:36:27.1836024Z Fetching unicode-display_width 2.5.0
2026-04-21T21:36:27.2176350Z Installing unicode-display_width 2.5.0
2026-04-21T21:36:27.2234830Z Fetching addressable 2.8.0
2026-04-21T21:36:27.2609251Z Installing addressable 2.8.0
2026-04-21T21:36:27.2820011Z Fetching faraday 2.3.0
2026-04-21T21:36:27.3441023Z Installing faraday 2.3.0
2026-04-21T21:36:27.3780988Z Fetching i18n 1.12.0
2026-04-21T21:36:27.4371639Z Installing i18n 1.12.0
2026-04-21T21:36:27.4613608Z Fetching tzinfo 2.0.6
2026-04-21T21:36:27.5191250Z Installing tzinfo 2.0.6
2026-04-21T21:36:27.5491036Z Fetching rspec-core 3.10.1
2026-04-21T21:36:27.6158718Z Installing rspec-core 3.10.1
2026-04-21T21:36:27.6541205Z Fetching rspec-expectations 3.10.1
2026-04-21T21:36:27.6937688Z Installing rspec-expectations 3.10.1
2026-04-21T21:36:27.7116740Z Fetching rspec-mocks 3.10.1
2026-04-21T21:36:27.7455426Z Installing rspec-mocks 3.10.1
2026-04-21T21:36:27.7612114Z Fetching faraday-retry 2.0.0
2026-04-21T21:36:27.7948629Z Installing faraday-retry 2.0.0
2026-04-21T21:36:27.8030846Z Fetching sawyer 0.9.2
2026-04-21T21:36:27.8541075Z Installing sawyer 0.9.2
2026-04-21T21:36:27.8681176Z Fetching activesupport 6.1.7.3
2026-04-21T21:36:27.9011139Z Fetching rspec 3.10.0
2026-04-21T21:36:27.9342963Z Installing rspec 3.10.0
2026-04-21T21:36:27.9426342Z Fetching octokit 4.25.0
2026-04-21T21:36:27.9451447Z Installing activesupport 6.1.7.3
2026-04-21T21:36:27.9850076Z Installing octokit 4.25.0
2026-04-21T21:36:28.0453277Z Fetching parser 3.2.2.4
2026-04-21T21:36:28.1480566Z Installing parser 3.2.2.4
2026-04-21T21:36:28.2417163Z Fetching rubocop-ast 1.30.0
2026-04-21T21:36:28.2830745Z Installing rubocop-ast 1.30.0
2026-04-21T21:36:29.8535422Z Fetching rubocop 1.57.2
2026-04-21T21:36:29.9375134Z Installing rubocop 1.57.2
2026-04-21T21:36:30.0918430Z Fetching rubocop-performance 1.19.1
2026-04-21T21:36:30.0921613Z Fetching standard-custom 1.0.2
2026-04-21T21:36:30.1477729Z Installing standard-custom 1.0.2
2026-04-21T21:36:30.1505896Z Installing rubocop-performance 1.19.1
2026-04-21T21:36:30.1682889Z Fetching standard-performance 1.2.1
2026-04-21T21:36:30.2003575Z Installing standard-performance 1.2.1
2026-04-21T21:36:30.2069746Z Fetching standard 1.32.1
2026-04-21T21:36:30.2419211Z Installing standard 1.32.1
2026-04-21T21:36:30.2642070Z Bundle complete! 6 Gemfile dependencies, 40 gems now installed.
2026-04-21T21:36:30.2643620Z Use `bundle info [gemname]` to see where a bundled gem is installed.
2026-04-21T21:36:30.3156829Z ##[group]Run ruby entrypoint.rb
2026-04-21T21:36:30.3157181Z [36;1mruby entrypoint.rb[0m
2026-04-21T21:36:30.3180378Z shell: /usr/bin/bash --noprofile --norc -e -o pipefail {0}
2026-04-21T21:36:30.3180739Z env:
2026-04-21T21:36:30.3180916Z   WAIT_INTERVAL: 30
2026-04-21T21:36:30.3181149Z   ALLOWED_CONCLUSIONS: success,skipped
2026-04-21T21:36:30.3181420Z   IGNORE_CHECKS: 
2026-04-21T21:36:30.3181618Z   CHECK_NAME: 
2026-04-21T21:36:30.3181797Z   CHECK_REGEXP: 
2026-04-21T21:36:30.3182031Z   REF: 4acdfe55e6ad1c6d78571845b34806513f7b77d4
2026-04-21T21:36:30.3182576Z   REPO_TOKEN: ***
2026-04-21T21:36:30.3182777Z   VERBOSE: true
2026-04-21T21:36:30.3182991Z   RUNNING_WORKFLOW_NAME: Auto-merge
2026-04-21T21:36:30.3183251Z   API_ENDPOINT: 
2026-04-21T21:36:30.3183451Z ##[endgroup]
2026-04-21T21:46:07.8611260Z Checks running on ref:
2026-04-21T21:46:07.8611987Z Checks in_progress: autofix, Auto-merge
2026-04-21T21:46:07.8612610Z Checks after ignore checks filter:
2026-04-21T21:46:07.8613296Z Checks in_progress: autofix
2026-04-21T21:46:07.8613794Z Checks after check_name filter:
2026-04-21T21:46:07.8614295Z Checks in_progress: autofix
2026-04-21T21:46:07.8614666Z Checks after Regexp filter:
2026-04-21T21:46:07.8614967Z Checks in_progress: autofix
2026-04-21T21:46:07.8615437Z The requested check isn't complete yet, will check back in 30 seconds...
2026-04-21T21:46:07.8615962Z Checks running on ref:
2026-04-21T21:46:07.8616269Z Checks in_progress: autofix, Auto-merge
2026-04-21T21:46:07.8616649Z Checks after ignore checks filter:
2026-04-21T21:46:07.8616986Z Checks in_progress: autofix
2026-04-21T21:46:07.8617296Z Checks after check_name filter:
2026-04-21T21:46:07.8617611Z Checks in_progress: autofix
2026-04-21T21:46:07.8617919Z Checks after Regexp filter:
2026-04-21T21:46:07.8618218Z Checks in_progress: autofix
2026-04-21T21:46:07.8618677Z The requested check isn't complete yet, will check back in 30 seconds...
2026-04-21T21:46:07.8619203Z Checks running on ref:
2026-04-21T21:46:07.8619506Z Checks in_progress: autofix, Auto-merge
2026-04-21T21:46:07.8619876Z Checks after ignore checks filter:
2026-04-21T21:46:07.8620565Z Checks in_progress: autofix
2026-04-21T21:46:07.8620897Z Checks after check_name filter:
2026-04-21T21:46:07.8621228Z Checks in_progress: autofix
2026-04-21T21:46:07.8621479Z Checks after Regexp filter:
2026-04-21T21:46:07.8621721Z Checks in_progress: autofix
2026-04-21T21:46:07.8622065Z The requested check isn't complete yet, will check back in 30 seconds...
2026-04-21T21:46:07.8622397Z Checks running on ref:
2026-04-21T21:46:07.8622603Z Checks in_progress: autofix, Auto-merge
2026-04-21T21:46:07.8622852Z Checks after ignore checks filter:
2026-04-21T21:46:07.8623074Z Checks in_progress: autofix
2026-04-21T21:46:07.8623279Z Checks after check_name filter:
2026-04-21T21:46:07.8623485Z Checks in_progress: autofix
2026-04-21T21:46:07.8623717Z Checks after Regexp filter:
2026-04-21T21:46:07.8624000Z Checks in_progress: autofix
2026-04-21T21:46:07.8624304Z The requested check isn't complete yet, will check back in 30 seconds...
2026-04-21T21:46:07.8624641Z Checks running on ref:
2026-04-21T21:46:07.8624858Z Checks in_progress: lint-and-test, Auto-merge
2026-04-21T21:46:07.8625121Z Checks completed: autofix
2026-04-21T21:46:07.8625325Z Checks after ignore checks filter:
2026-04-21T21:46:07.8625558Z Checks in_progress: lint-and-test
2026-04-21T21:46:07.8625777Z Checks completed: autofix
2026-04-21T21:46:07.8625975Z Checks after check_name filter:
2026-04-21T21:46:07.8626186Z Checks in_progress: lint-and-test
2026-04-21T21:46:07.8626405Z Checks completed: autofix
2026-04-21T21:46:07.8626595Z Checks after Regexp filter:
2026-04-21T21:46:07.8626800Z Checks in_progress: lint-and-test
2026-04-21T21:46:07.8627017Z Checks completed: autofix
2026-04-21T21:46:07.8627323Z The requested checks aren't complete yet, will check back in 30 seconds...
2026-04-21T21:46:07.8627673Z Checks running on ref:
2026-04-21T21:46:07.8628178Z Checks in_progress: lint-and-test, Auto-merge
2026-04-21T21:46:07.8628576Z Checks completed: autofix
2026-04-21T21:46:07.8628774Z Checks after ignore checks filter:
2026-04-21T21:46:07.8629001Z Checks in_progress: lint-and-test
2026-04-21T21:46:07.8629216Z Checks completed: autofix
2026-04-21T21:46:07.8629417Z Checks after check_name filter:
2026-04-21T21:46:07.8629629Z Checks in_progress: lint-and-test
2026-04-21T21:46:07.8629851Z Checks completed: autofix
2026-04-21T21:46:07.8630047Z Checks after Regexp filter:
2026-04-21T21:46:07.8630552Z Checks in_progress: lint-and-test
2026-04-21T21:46:07.8630775Z Checks completed: autofix
2026-04-21T21:46:07.8631076Z The requested checks aren't complete yet, will check back in 30 seconds...
2026-04-21T21:46:07.8631419Z Checks running on ref:
2026-04-21T21:46:07.8631627Z Checks in_progress: lint-and-test, Auto-merge
2026-04-21T21:46:07.8631881Z Checks completed: autofix
2026-04-21T21:46:07.8632081Z Checks after ignore checks filter:
2026-04-21T21:46:07.8632305Z Checks in_progress: lint-and-test
2026-04-21T21:46:07.8632538Z Checks completed: autofix
2026-04-21T21:46:07.8632740Z Checks after check_name filter:
2026-04-21T21:46:07.8632959Z Checks in_progress: lint-and-test
2026-04-21T21:46:07.8633169Z Checks completed: autofix
2026-04-21T21:46:07.8633368Z Checks after Regexp filter:
2026-04-21T21:46:07.8633574Z Checks in_progress: lint-and-test
2026-04-21T21:46:07.8633798Z Checks completed: autofix
2026-04-21T21:46:07.8634092Z The requested checks aren't complete yet, will check back in 30 seconds...
2026-04-21T21:46:07.8634428Z Checks running on ref:
2026-04-21T21:46:07.8634637Z Checks in_progress: lint-and-test, Auto-merge
2026-04-21T21:46:07.8634889Z Checks completed: autofix
2026-04-21T21:46:07.8635089Z Checks after ignore checks filter:
2026-04-21T21:46:07.8635309Z Checks in_progress: lint-and-test
2026-04-21T21:46:07.8635526Z Checks completed: autofix
2026-04-21T21:46:07.8635722Z Checks after check_name filter:
2026-04-21T21:46:07.8635939Z Checks in_progress: lint-and-test
2026-04-21T21:46:07.8636154Z Checks completed: autofix
2026-04-21T21:46:07.8636359Z Checks after Regexp filter:
2026-04-21T21:46:07.8636564Z Checks in_progress: lint-and-test
2026-04-21T21:46:07.8636786Z Checks completed: autofix
2026-04-21T21:46:07.8637080Z The requested checks aren't complete yet, will check back in 30 seconds...
2026-04-21T21:46:07.8637417Z Checks running on ref:
2026-04-21T21:46:07.8637631Z Checks in_progress: lint-and-test, Auto-merge
2026-04-21T21:46:07.8637878Z Checks completed: autofix
2026-04-21T21:46:07.8638079Z Checks after ignore checks filter:
2026-04-21T21:46:07.8638299Z Checks in_progress: lint-and-test
2026-04-21T21:46:07.8638517Z Checks completed: autofix
2026-04-21T21:46:07.8638709Z Checks after check_name filter:
2026-04-21T21:46:07.8638928Z Checks in_progress: lint-and-test
2026-04-21T21:46:07.8639144Z Checks completed: autofix
2026-04-21T21:46:07.8639344Z Checks after Regexp filter:
2026-04-21T21:46:07.8639556Z Checks in_progress: lint-and-test
2026-04-21T21:46:07.8639771Z Checks completed: autofix
2026-04-21T21:46:07.8640245Z The requested checks aren't complete yet, will check back in 30 seconds...
2026-04-21T21:46:07.8640630Z Checks running on ref:
2026-04-21T21:46:07.8640844Z Checks in_progress: lint-and-test, Auto-merge
2026-04-21T21:46:07.8641095Z Checks completed: autofix
2026-04-21T21:46:07.8641303Z Checks after ignore checks filter:
2026-04-21T21:46:07.8641532Z Checks in_progress: lint-and-test
2026-04-21T21:46:07.8641747Z Checks completed: autofix
2026-04-21T21:46:07.8641952Z Checks after check_name filter:
2026-04-21T21:46:07.8642164Z Checks in_progress: lint-and-test
2026-04-21T21:46:07.8642380Z Checks completed: autofix
2026-04-21T21:46:07.8642576Z Checks after Regexp filter:
2026-04-21T21:46:07.8642785Z Checks in_progress: lint-and-test
2026-04-21T21:46:07.8642994Z Checks completed: autofix
2026-04-21T21:46:07.8643290Z The requested checks aren't complete yet, will check back in 30 seconds...
2026-04-21T21:46:07.8643627Z Checks running on ref:
2026-04-21T21:46:07.8643981Z Checks in_progress: lint-and-test, Auto-merge
2026-04-21T21:46:07.8644334Z Checks completed: autofix
2026-04-21T21:46:07.8644531Z Checks after ignore checks filter:
2026-04-21T21:46:07.8644759Z Checks in_progress: lint-and-test
2026-04-21T21:46:07.8644969Z Checks completed: autofix
2026-04-21T21:46:07.8645168Z Checks after check_name filter:
2026-04-21T21:46:07.8645378Z Checks in_progress: lint-and-test
2026-04-21T21:46:07.8645597Z Checks completed: autofix
2026-04-21T21:46:07.8645790Z Checks after Regexp filter:
2026-04-21T21:46:07.8645997Z Checks in_progress: lint-and-test
2026-04-21T21:46:07.8646207Z Checks completed: autofix
2026-04-21T21:46:07.8646506Z The requested checks aren't complete yet, will check back in 30 seconds...
2026-04-21T21:46:07.8646843Z Checks running on ref:
2026-04-21T21:46:07.8647052Z Checks in_progress: lint-and-test, Auto-merge
2026-04-21T21:46:07.8647327Z Checks completed: autofix
2026-04-21T21:46:07.8647525Z Checks after ignore checks filter:
2026-04-21T21:46:07.8647761Z Checks in_progress: lint-and-test
2026-04-21T21:46:07.8647976Z Checks completed: autofix
2026-04-21T21:46:07.8648178Z Checks after check_name filter:
2026-04-21T21:46:07.8648390Z Checks in_progress: lint-and-test
2026-04-21T21:46:07.8648609Z Checks completed: autofix
2026-04-21T21:46:07.8648806Z Checks after Regexp filter:
2026-04-21T21:46:07.8649007Z Checks in_progress: lint-and-test
2026-04-21T21:46:07.8649225Z Checks completed: autofix
2026-04-21T21:46:07.8649517Z The requested checks aren't complete yet, will check back in 30 seconds...
2026-04-21T21:46:07.8649852Z Checks running on ref:
2026-04-21T21:46:07.8650063Z Checks in_progress: lint-and-test, Auto-merge
2026-04-21T21:46:07.8650441Z Checks completed: autofix
2026-04-21T21:46:07.8650637Z Checks after ignore checks filter:
2026-04-21T21:46:07.8650863Z Checks in_progress: lint-and-test
2026-04-21T21:46:07.8651075Z Checks completed: autofix
2026-04-21T21:46:07.8651278Z Checks after check_name filter:
2026-04-21T21:46:07.8651496Z Checks in_progress: lint-and-test
2026-04-21T21:46:07.8651709Z Checks completed: autofix
2026-04-21T21:46:07.8651915Z Checks after Regexp filter:
2026-04-21T21:46:07.8652116Z Checks in_progress: lint-and-test
2026-04-21T21:46:07.8652332Z Checks completed: autofix
2026-04-21T21:46:07.8652623Z The requested checks aren't complete yet, will check back in 30 seconds...
2026-04-21T21:46:07.8652957Z Checks running on ref:
2026-04-21T21:46:07.8653162Z Checks in_progress: lint-and-test, Auto-merge
2026-04-21T21:46:07.8653410Z Checks completed: autofix
2026-04-21T21:46:07.8653610Z Checks after ignore checks filter:
2026-04-21T21:46:07.8653838Z Checks in_progress: lint-and-test
2026-04-21T21:46:07.8654058Z Checks completed: autofix
2026-04-21T21:46:07.8654252Z Checks after check_name filter:
2026-04-21T21:46:07.8654471Z Checks in_progress: lint-and-test
2026-04-21T21:46:07.8654681Z Checks completed: autofix
2026-04-21T21:46:07.8654876Z Checks after Regexp filter:
2026-04-21T21:46:07.8655082Z Checks in_progress: lint-and-test
2026-04-21T21:46:07.8655305Z Checks completed: autofix
2026-04-21T21:46:07.8655596Z The requested checks aren't complete yet, will check back in 30 seconds...
2026-04-21T21:46:07.8655932Z Checks running on ref:
2026-04-21T21:46:07.8656146Z Checks in_progress: lint-and-test, Auto-merge
2026-04-21T21:46:07.8656391Z Checks completed: autofix
2026-04-21T21:46:07.8656593Z Checks after ignore checks filter:
2026-04-21T21:46:07.8656812Z Checks in_progress: lint-and-test
2026-04-21T21:46:07.8657029Z Checks completed: autofix
2026-04-21T21:46:07.8657222Z Checks after check_name filter:
2026-04-21T21:46:07.8657440Z Checks in_progress: lint-and-test
2026-04-21T21:46:07.8657649Z Checks completed: autofix
2026-04-21T21:46:07.8657848Z Checks after Regexp filter:
2026-04-21T21:46:07.8658050Z Checks in_progress: lint-and-test
2026-04-21T21:46:07.8658267Z Checks completed: autofix
2026-04-21T21:46:07.8658563Z The requested checks aren't complete yet, will check back in 30 seconds...
2026-04-21T21:46:07.8658894Z Checks running on ref:
2026-04-21T21:46:07.8659226Z Checks in_progress: lint-and-test, Auto-merge
2026-04-21T21:46:07.8659571Z Checks completed: autofix
2026-04-21T21:46:07.8659771Z Checks after ignore checks filter:
2026-04-21T21:46:07.8659994Z Checks in_progress: lint-and-test
2026-04-21T21:46:07.8660449Z Checks completed: autofix
2026-04-21T21:46:07.8660644Z Checks after check_name filter:
2026-04-21T21:46:07.8660859Z Checks in_progress: lint-and-test
2026-04-21T21:46:07.8661071Z Checks completed: autofix
2026-04-21T21:46:07.8661271Z Checks after Regexp filter:
2026-04-21T21:46:07.8661480Z Checks in_progress: lint-and-test
2026-04-21T21:46:07.8661693Z Checks completed: autofix
2026-04-21T21:46:07.8661990Z The requested checks aren't complete yet, will check back in 30 seconds...
2026-04-21T21:46:07.8662317Z Checks running on ref:
2026-04-21T21:46:07.8662528Z Checks in_progress: lint-and-test, Auto-merge
2026-04-21T21:46:07.8662775Z Checks completed: autofix
2026-04-21T21:46:07.8662982Z Checks after ignore checks filter:
2026-04-21T21:46:07.8663211Z Checks in_progress: lint-and-test
2026-04-21T21:46:07.8663437Z Checks completed: autofix
2026-04-21T21:46:07.8663632Z Checks after check_name filter:
2026-04-21T21:46:07.8663847Z Checks in_progress: lint-and-test
2026-04-21T21:46:07.8664067Z Checks completed: autofix
2026-04-21T21:46:07.8664259Z Checks after Regexp filter:
2026-04-21T21:46:07.8664472Z Checks in_progress: lint-and-test
2026-04-21T21:46:07.8664687Z Checks completed: autofix
2026-04-21T21:46:07.8664988Z The requested checks aren't complete yet, will check back in 30 seconds...
2026-04-21T21:46:07.8665318Z Checks running on ref:
2026-04-21T21:46:07.8665531Z Checks in_progress: lint-and-test, Auto-merge
2026-04-21T21:46:07.8665780Z Checks completed: autofix
2026-04-21T21:46:07.8665983Z Checks after ignore checks filter:
2026-04-21T21:46:07.8666210Z Checks in_progress: lint-and-test
2026-04-21T21:46:07.8666422Z Checks completed: autofix
2026-04-21T21:46:07.8666623Z Checks after check_name filter:
2026-04-21T21:46:07.8666835Z Checks in_progress: lint-and-test
2026-04-21T21:46:07.8667066Z Checks completed: autofix
2026-04-21T21:46:07.8667258Z Checks after Regexp filter:
2026-04-21T21:46:07.8667468Z Checks in_progress: lint-and-test
2026-04-21T21:46:07.8667680Z Checks completed: autofix
2026-04-21T21:46:07.8667974Z The requested checks aren't complete yet, will check back in 30 seconds...
2026-04-21T21:46:07.8668303Z Checks running on ref:
2026-04-21T21:46:07.8668516Z Checks in_progress: lint-and-test, Auto-merge
2026-04-21T21:46:07.8668771Z Checks completed: autofix
2026-04-21T21:46:07.8668966Z Checks after ignore checks filter:
2026-04-21T21:46:07.8669190Z Checks in_progress: lint-and-test
2026-04-21T21:46:07.8669404Z Checks completed: autofix
2026-04-21T21:46:07.8669604Z Checks after check_name filter:
2026-04-21T21:46:07.8669825Z Checks in_progress: lint-and-test
2026-04-21T21:46:07.8670039Z Checks completed: autofix
2026-04-21T21:46:07.8670530Z Checks after Regexp filter:
2026-04-21T21:46:07.8670744Z Checks in_progress: lint-and-test
2026-04-21T21:46:07.8670978Z Checks completed: autofix
2026-04-21T21:46:07.8671277Z The requested checks aren't complete yet, will check back in 30 seconds...
2026-04-21T21:46:07.8671607Z Checks running on ref:
2026-04-21T21:46:07.8671825Z Checks in_progress: lint-and-test, Auto-merge
2026-04-21T21:46:07.8672071Z Checks completed: autofix
2026-04-21T21:46:07.8672274Z Checks after ignore checks filter:
2026-04-21T21:46:07.8672497Z Checks in_progress: lint-and-test
2026-04-21T21:46:07.8672715Z Checks completed: autofix
2026-04-21T21:46:07.8672908Z Checks after check_name filter:
2026-04-21T21:46:07.8673124Z Checks in_progress: lint-and-test
2026-04-21T21:49:40.4369509Z Checks completed: autofix
2026-04-21T21:49:40.4370052Z Checks after Regexp filter:
2026-04-21T21:49:40.4370853Z Checks in_progress: lint-and-test
2026-04-21T21:49:40.4371486Z Checks completed: autofix
2026-04-21T21:49:40.4372269Z The requested checks aren't complete yet, will check back in 30 seconds...
2026-04-21T21:49:40.4373055Z Checks running on ref:
2026-04-21T21:49:40.4374033Z Checks in_progress: lint-and-test, Auto-merge
2026-04-21T21:49:40.4375002Z Checks completed: autofix
2026-04-21T21:49:40.4375549Z Checks after ignore checks filter:
2026-04-21T21:49:40.4376180Z Checks in_progress: lint-and-test
2026-04-21T21:49:40.4376781Z Checks completed: autofix
2026-04-21T21:49:40.4377332Z Checks after check_name filter:
2026-04-21T21:49:40.4377921Z Checks in_progress: lint-and-test
2026-04-21T21:49:40.4378523Z Checks completed: autofix
2026-04-21T21:49:40.4379059Z Checks after Regexp filter:
2026-04-21T21:49:40.4379627Z Checks in_progress: lint-and-test
2026-04-21T21:49:40.4380488Z Checks completed: autofix
2026-04-21T21:49:40.4381046Z The requested checks aren't complete yet, will check back in 30 seconds...
2026-04-21T21:49:40.4381634Z Checks running on ref:
2026-04-21T21:49:40.4381972Z Checks in_progress: lint-and-test, Auto-merge
2026-04-21T21:49:40.4382245Z Checks completed: autofix
2026-04-21T21:49:40.4382458Z Checks after ignore checks filter:
2026-04-21T21:49:40.4382705Z Checks in_progress: lint-and-test
2026-04-21T21:49:40.4400754Z Checks completed: autofix
2026-04-21T21:49:40.4401004Z Checks after check_name filter:
2026-04-21T21:49:40.4401254Z Checks in_progress: lint-and-test
2026-04-21T21:49:40.4401495Z Checks completed: autofix
2026-04-21T21:49:40.4401735Z Checks after Regexp filter:
2026-04-21T21:49:40.4401961Z Checks in_progress: lint-and-test
2026-04-21T21:49:40.4402218Z Checks completed: autofix
2026-04-21T21:49:40.4402628Z The requested checks aren't complete yet, will check back in 30 seconds...
2026-04-21T21:49:40.4403041Z Checks running on ref:
2026-04-21T21:49:40.4403329Z Checks in_progress: lint-and-test, Auto-merge
2026-04-21T21:49:40.4403660Z Checks completed: autofix
2026-04-21T21:49:40.4403900Z Checks after ignore checks filter:
2026-04-21T21:49:40.4404206Z Checks in_progress: lint-and-test
2026-04-21T21:49:40.4404491Z Checks completed: autofix
2026-04-21T21:49:40.4404756Z Checks after check_name filter:
2026-04-21T21:49:40.4405039Z Checks in_progress: lint-and-test
2026-04-21T21:49:40.4405352Z Checks completed: autofix
2026-04-21T21:49:40.4405619Z Checks after Regexp filter:
2026-04-21T21:49:40.4405887Z Checks in_progress: lint-and-test
2026-04-21T21:49:40.4406173Z Checks completed: autofix
2026-04-21T21:49:40.4406560Z The requested checks aren't complete yet, will check back in 30 seconds...
2026-04-21T21:49:40.4406993Z Checks running on ref:
2026-04-21T21:49:40.4407266Z Checks in_progress: lint-and-test, Auto-merge
2026-04-21T21:49:40.4407578Z Checks completed: autofix
2026-04-21T21:49:40.4407835Z Checks after ignore checks filter:
2026-04-21T21:49:40.4408149Z Checks in_progress: lint-and-test
2026-04-21T21:49:40.4408420Z Checks completed: autofix
2026-04-21T21:49:40.4408680Z Checks after check_name filter:
2026-04-21T21:49:40.4408960Z Checks in_progress: lint-and-test
2026-04-21T21:49:40.4409240Z Checks completed: autofix
2026-04-21T21:49:40.4409504Z Checks after Regexp filter:
2026-04-21T21:49:40.4409772Z Checks in_progress: lint-and-test
2026-04-21T21:49:40.4410233Z Checks completed: autofix
2026-04-21T21:49:40.4410787Z The requested checks aren't complete yet, will check back in 30 seconds...
2026-04-21T21:49:40.4411247Z Checks running on ref:
2026-04-21T21:49:40.4411526Z Checks in_progress: lint-and-test, Auto-merge
2026-04-21T21:49:40.4411848Z Checks completed: autofix
2026-04-21T21:49:40.4412115Z Checks after ignore checks filter:
2026-04-21T21:49:40.4412410Z Checks in_progress: lint-and-test
2026-04-21T21:49:40.4412690Z Checks completed: autofix
2026-04-21T21:49:40.4412949Z Checks after check_name filter:
2026-04-21T21:49:40.4413233Z Checks in_progress: lint-and-test
2026-04-21T21:49:40.4413515Z Checks completed: autofix
2026-04-21T21:49:40.4413753Z Checks after Regexp filter:
2026-04-21T21:49:40.4413968Z Checks in_progress: lint-and-test
2026-04-21T21:49:40.4414196Z Checks completed: autofix
2026-04-21T21:49:40.4414503Z The requested checks aren't complete yet, will check back in 30 seconds...
2026-04-21T21:49:40.4414856Z Checks running on ref:
2026-04-21T21:49:40.4415380Z Checks in_progress: lint-and-test, Auto-merge
2026-04-21T21:49:40.4415647Z Checks completed: autofix
2026-04-21T21:49:40.4415861Z Checks after ignore checks filter:
2026-04-21T21:49:40.4416095Z Checks in_progress: lint-and-test
2026-04-21T21:49:40.4416324Z Checks completed: autofix
2026-04-21T21:49:40.4416524Z Checks after check_name filter:
2026-04-21T21:49:40.4416750Z Checks in_progress: lint-and-test
2026-04-21T21:49:40.4417108Z Checks completed: autofix
2026-04-21T21:49:40.4417448Z Checks after Regexp filter:
2026-04-21T21:49:40.4417801Z Checks in_progress: lint-and-test
2026-04-21T21:49:40.4418179Z Checks completed: autofix
2026-04-21T21:49:40.4418687Z The requested checks aren't complete yet, will check back in 30 seconds...
2026-04-21T21:49:40.4419272Z Checks running on ref:
2026-04-21T21:49:40.4419875Z Checks completed: firebase-distribute, capture-failure-log, lint-and-test, autofix
2026-04-21T21:49:40.4420756Z Checks in_progress: Auto-merge
2026-04-21T21:49:40.4421149Z Checks after ignore checks filter:
2026-04-21T21:49:40.4421810Z Checks completed: firebase-distribute, capture-failure-log, lint-and-test, autofix
2026-04-21T21:49:40.4422495Z Checks after check_name filter:
2026-04-21T21:49:40.4423090Z Checks completed: firebase-distribute, capture-failure-log, lint-and-test, autofix
2026-04-21T21:49:40.4423737Z Checks after Regexp filter:
2026-04-21T21:49:40.4424316Z Checks completed: firebase-distribute, capture-failure-log, lint-and-test, autofix
2026-04-21T21:49:40.4424949Z Checks completed:
2026-04-21T21:49:40.4425290Z firebase-distribute: completed (skipped)
2026-04-21T21:49:40.4425728Z capture-failure-log: completed (success)
2026-04-21T21:49:40.4426180Z lint-and-test: completed (failure)
2026-04-21T21:49:40.4426591Z autofix: completed (success)
2026-04-21T21:49:40.4427672Z The conclusion of one or more checks were not allowed. Allowed conclusions are: success, skipped. This can be configured with the 'allowed-conclusions' param.
2026-04-21T21:49:40.4475582Z ##[error]Process completed with exit code 1.
2026-04-21T21:49:40.4603237Z Post job cleanup.
2026-04-21T21:49:40.4659141Z Cleaning up orphan processes
2026-04-21T21:49:40.4934429Z ##[warning]Node.js 20 actions are deprecated. The following actions are running on Node.js 20 and may not work as expected: actions/cache@v4. Actions will be forced to run with Node.js 24 by default starting June 2nd, 2026. Node.js 20 will be removed from the runner on September 16th, 2026. Please check if updated versions of these actions are available that support Node.js 24. To opt into Node.js 24 now, set the FORCE_JAVASCRIPT_ACTIONS_TO_NODE24=true environment variable on the runner or in your workflow file. Once Node.js 24 becomes the default, you can temporarily opt out by setting ACTIONS_ALLOW_USE_UNSECURE_NODE_VERSION=true. For more information see: https://github.blog/changelog/2025-09-19-deprecation-of-node-20-on-github-actions-runners/
