=== CI FAILURE ===
Workflow:      Auto-merge & Release
Workflow file: akarlin3/prismTask/.github/workflows/auto-merge.yml@refs/pull/849/merge
Job(s):        Auto-merge
Run ID:        24984509155
Run attempt:   1
Run URL:       https://github.com/akarlin3/prismTask/actions/runs/24984509155
Commit:        86a1b0a21554b0251448bc8f86d1d4c2646e4f6e
Branch:        849/merge
Event:         pull_request
Actor:         akarlin3
Runner OS:     Linux
Timestamp:     2026-04-27T08:35:16.850Z

Failed steps:
  - Auto-merge: #4 Wait for all other CI checks to pass

=== FAILED JOB LOG ===

--- Job: Auto-merge (id 73154327928) ---
2026-04-27T08:26:23.9009145Z Current runner version: '2.333.1'
2026-04-27T08:26:23.9034460Z ##[group]Runner Image Provisioner
2026-04-27T08:26:23.9035370Z Hosted Compute Agent
2026-04-27T08:26:23.9035972Z Version: 20260213.493
2026-04-27T08:26:23.9036610Z Commit: 5c115507f6dd24b8de37d8bbe0bb4509d0cc0fa3
2026-04-27T08:26:23.9037381Z Build Date: 2026-02-13T00:28:41Z
2026-04-27T08:26:23.9038042Z Worker ID: {4496ac0c-be59-403b-9022-4e5638cd9fa6}
2026-04-27T08:26:23.9038749Z Azure Region: centralus
2026-04-27T08:26:23.9039355Z ##[endgroup]
2026-04-27T08:26:23.9040637Z ##[group]Operating System
2026-04-27T08:26:23.9041594Z Ubuntu
2026-04-27T08:26:23.9042031Z 24.04.4
2026-04-27T08:26:23.9042631Z LTS
2026-04-27T08:26:23.9043122Z ##[endgroup]
2026-04-27T08:26:23.9043576Z ##[group]Runner Image
2026-04-27T08:26:23.9044248Z Image: ubuntu-24.04
2026-04-27T08:26:23.9044732Z Version: 20260413.86.1
2026-04-27T08:26:23.9046003Z Included Software: https://github.com/actions/runner-images/blob/ubuntu24/20260413.86/images/ubuntu/Ubuntu2404-Readme.md
2026-04-27T08:26:23.9047433Z Image Release: https://github.com/actions/runner-images/releases/tag/ubuntu24%2F20260413.86
2026-04-27T08:26:23.9048389Z ##[endgroup]
2026-04-27T08:26:23.9049738Z ##[group]GITHUB_TOKEN Permissions
2026-04-27T08:26:23.9052123Z Actions: read
2026-04-27T08:26:23.9052800Z Checks: read
2026-04-27T08:26:23.9053288Z Contents: write
2026-04-27T08:26:23.9053805Z Metadata: read
2026-04-27T08:26:23.9054398Z PullRequests: write
2026-04-27T08:26:23.9054948Z ##[endgroup]
2026-04-27T08:26:23.9057006Z Secret source: Actions
2026-04-27T08:26:23.9057979Z Prepare workflow directory
2026-04-27T08:26:23.9444445Z Prepare all required actions
2026-04-27T08:26:23.9486050Z Getting action download info
2026-04-27T08:26:24.3161607Z Download action repository 'lewagon/wait-on-check-action@ccfb013c15c8afb7bf2b7c028fb74dc5a068cccc' (SHA:ccfb013c15c8afb7bf2b7c028fb74dc5a068cccc)
2026-04-27T08:26:24.8698002Z Getting action download info
2026-04-27T08:26:25.0674794Z Download action repository 'ruby/setup-ruby@v1' (SHA:c4e5b1316158f92e3d49443a9d58b31d25ac0f8f)
2026-04-27T08:26:25.6372105Z Download action repository 'actions/cache@v4' (SHA:0057852bfaa89a56745cba8c7296529d2fc39830)
2026-04-27T08:26:25.8613154Z Complete job name: Auto-merge
2026-04-27T08:26:25.9196268Z ##[group]Run set -euo pipefail
2026-04-27T08:26:25.9196750Z [36;1mset -euo pipefail[0m
2026-04-27T08:26:25.9197232Z [36;1m# Audit item #5 — poll check-runs for up to 60s instead of a bare[0m
2026-04-27T08:26:25.9197815Z [36;1m# 20s sleep. On a busy runner cohort the initial 20s wasn't enough[0m
2026-04-27T08:26:25.9198360Z [36;1m# for the API to reflect queued workflow runs, which could merge[0m
2026-04-27T08:26:25.9198901Z [36;1m# PRs without waiting for CI. Bail out early as soon as ≥1 real[0m
2026-04-27T08:26:25.9199335Z [36;1m# check shows up.[0m
2026-04-27T08:26:25.9199619Z [36;1mCOUNT=0[0m
2026-04-27T08:26:25.9199888Z [36;1mfor i in $(seq 1 6); do[0m
2026-04-27T08:26:25.9200189Z [36;1m  sleep 10[0m
2026-04-27T08:26:25.9200557Z [36;1m  COUNT=$(gh api "repos/$REPO/commits/$HEAD_SHA/check-runs" \[0m
2026-04-27T08:26:25.9201138Z [36;1m    --jq '[.check_runs[] | select(.name != "Auto-merge")] | length')[0m
2026-04-27T08:26:25.9201833Z [36;1m  if [ "$COUNT" -gt 0 ]; then[0m
2026-04-27T08:26:25.9202242Z [36;1m    echo "Found $COUNT non-Auto-merge check(s) after ${i}0s"[0m
2026-04-27T08:26:25.9202651Z [36;1m    break[0m
2026-04-27T08:26:25.9202906Z [36;1m  fi[0m
2026-04-27T08:26:25.9203232Z [36;1m  echo "No non-Auto-merge checks yet (attempt $i/6)"[0m
2026-04-27T08:26:25.9203611Z [36;1mdone[0m
2026-04-27T08:26:25.9203871Z [36;1mif [ "$COUNT" -gt 0 ]; then[0m
2026-04-27T08:26:25.9204219Z [36;1m  echo "has_ci=true" >> "$GITHUB_OUTPUT"[0m
2026-04-27T08:26:25.9204571Z [36;1melse[0m
2026-04-27T08:26:25.9204855Z [36;1m  echo "has_ci=false" >> "$GITHUB_OUTPUT"[0m
2026-04-27T08:26:25.9205347Z [36;1m  echo "No CI checks on this PR after 60s — will merge without waiting."[0m
2026-04-27T08:26:25.9205790Z [36;1mfi[0m
2026-04-27T08:26:25.9232213Z shell: /usr/bin/bash -e {0}
2026-04-27T08:26:25.9232832Z env:
2026-04-27T08:26:25.9233109Z   WAIT_INTERVAL: 30
2026-04-27T08:26:25.9233743Z   GH_TOKEN: ***
2026-04-27T08:26:25.9234073Z   HEAD_SHA: 62340044da108556bd85234b3e06706b8c0fefae
2026-04-27T08:26:25.9234457Z   REPO: akarlin3/prismTask
2026-04-27T08:26:25.9234749Z ##[endgroup]
2026-04-27T08:26:36.4556882Z Found 7 non-Auto-merge check(s) after 10s
2026-04-27T08:26:36.4680166Z ##[group]Run set -euo pipefail
2026-04-27T08:26:36.4680554Z [36;1mset -euo pipefail[0m
2026-04-27T08:26:36.4681017Z [36;1mREQUIRED=$(gh api "repos/$REPO/branches/main/protection/required_status_checks" \[0m
2026-04-27T08:26:36.4681843Z [36;1m  --jq '.contexts[]' 2>/dev/null || true)[0m
2026-04-27T08:26:36.4682198Z [36;1mif [ -z "$REQUIRED" ]; then[0m
2026-04-27T08:26:36.4682783Z [36;1m  echo "::warning::Could not query branch protection (likely a permission issue) — using hardcoded fallback list."[0m
2026-04-27T08:26:36.4683348Z [36;1m  REQUIRED="$FALLBACK_REQUIRED"[0m
2026-04-27T08:26:36.4683660Z [36;1mfi[0m
2026-04-27T08:26:36.4683972Z [36;1m# Strip Auto-merge from the required list so we don't wait on[0m
2026-04-27T08:26:36.4684440Z [36;1m# ourselves (it's listed because we ARE the running workflow).[0m
2026-04-27T08:26:36.4684985Z [36;1mREQUIRED=$(echo "$REQUIRED" | grep -vE '^\s*Auto-merge\s*$' | grep -vE '^\s*$' || true)[0m
2026-04-27T08:26:36.4685498Z [36;1mif [ -z "$REQUIRED" ]; then[0m
2026-04-27T08:26:36.4685890Z [36;1m  echo "No required checks beyond Auto-merge; skipping queue wait."[0m
2026-04-27T08:26:36.4686361Z [36;1m  exit 0[0m
2026-04-27T08:26:36.4686605Z [36;1mfi[0m
2026-04-27T08:26:36.4686884Z [36;1mecho "Waiting until these required checks queue:"[0m
2026-04-27T08:26:36.4687245Z [36;1mecho "$REQUIRED" | sed 's/^/  /'[0m
2026-04-27T08:26:36.4687631Z [36;1m# 30 attempts × 10s = 5 min ceiling. If checks haven't queued[0m
2026-04-27T08:26:36.4688103Z [36;1m# by then something is genuinely broken (workflow file invalid,[0m
2026-04-27T08:26:36.4688590Z [36;1m# path filter excluding everything, etc.) — log and proceed so[0m
2026-04-27T08:26:36.4689064Z [36;1m# wait-on-check-action can decide how to handle it.[0m
2026-04-27T08:26:36.4689430Z [36;1mfor attempt in $(seq 1 30); do[0m
2026-04-27T08:26:36.4689871Z [36;1m  CHECK_RUNS=$(gh api --paginate "repos/$REPO/commits/$HEAD_SHA/check-runs" \[0m
2026-04-27T08:26:36.4690351Z [36;1m    --jq '.check_runs[].name' | sort -u)[0m
2026-04-27T08:26:36.4690689Z [36;1m  MISSING=""[0m
2026-04-27T08:26:36.4690958Z [36;1m  while IFS= read -r req; do[0m
2026-04-27T08:26:36.4691522Z [36;1m    [ -z "$req" ] && continue[0m
2026-04-27T08:26:36.4691832Z [36;1m    req_trimmed=$(echo "$req" | xargs)[0m
2026-04-27T08:26:36.4692230Z [36;1m    if ! echo "$CHECK_RUNS" | grep -qxF "$req_trimmed"; then[0m
2026-04-27T08:26:36.4692645Z [36;1m      MISSING="$MISSING $req_trimmed"[0m
2026-04-27T08:26:36.4692944Z [36;1m    fi[0m
2026-04-27T08:26:36.4693180Z [36;1m  done <<< "$REQUIRED"[0m
2026-04-27T08:26:36.4693557Z [36;1m  if [ -z "$MISSING" ]; then[0m
2026-04-27T08:26:36.4693972Z [36;1m    echo "All required checks have queued after attempt $attempt."[0m
2026-04-27T08:26:36.4694367Z [36;1m    exit 0[0m
2026-04-27T08:26:36.4694603Z [36;1m  fi[0m
2026-04-27T08:26:36.4694908Z [36;1m  echo "Still waiting for:$MISSING (attempt $attempt/30)"[0m
2026-04-27T08:26:36.4695287Z [36;1m  sleep 10[0m
2026-04-27T08:26:36.4695515Z [36;1mdone[0m
2026-04-27T08:26:36.4696015Z [36;1mecho "::warning::Some required checks never queued after 5 min:$MISSING — proceeding to wait-on-check-action anyway."[0m
2026-04-27T08:26:36.4719275Z shell: /usr/bin/bash -e {0}
2026-04-27T08:26:36.4719550Z env:
2026-04-27T08:26:36.4719774Z   WAIT_INTERVAL: 30
2026-04-27T08:26:36.4720361Z   GH_TOKEN: ***
2026-04-27T08:26:36.4720638Z   HEAD_SHA: 62340044da108556bd85234b3e06706b8c0fefae
2026-04-27T08:26:36.4720973Z   REPO: akarlin3/prismTask
2026-04-27T08:26:36.4721583Z   FALLBACK_REQUIRED: lint-and-test
connected-tests
test
web-lint-and-test

2026-04-27T08:26:36.4722228Z ##[endgroup]
2026-04-27T08:26:36.6921485Z Waiting until these required checks queue:
2026-04-27T08:26:36.6936809Z   {"message":"Resource not accessible by integration","documentation_url":"https://docs.github.com/rest/branches/branch-protection#get-status-checks-protection","status":"403"}
2026-04-27T08:26:37.2064431Z Still waiting for: {message:Resource not accessible by integration,documentation_url:https://docs.github.com/rest/branches/branch-protection#get-status-checks-protection,status:403} (attempt 1/30)
2026-04-27T08:26:47.7837852Z Still waiting for: {message:Resource not accessible by integration,documentation_url:https://docs.github.com/rest/branches/branch-protection#get-status-checks-protection,status:403} (attempt 2/30)
2026-04-27T08:26:58.4980569Z Still waiting for: {message:Resource not accessible by integration,documentation_url:https://docs.github.com/rest/branches/branch-protection#get-status-checks-protection,status:403} (attempt 3/30)
2026-04-27T08:27:08.9882879Z Still waiting for: {message:Resource not accessible by integration,documentation_url:https://docs.github.com/rest/branches/branch-protection#get-status-checks-protection,status:403} (attempt 4/30)
2026-04-27T08:27:19.5575448Z Still waiting for: {message:Resource not accessible by integration,documentation_url:https://docs.github.com/rest/branches/branch-protection#get-status-checks-protection,status:403} (attempt 5/30)
2026-04-27T08:27:30.1489395Z Still waiting for: {message:Resource not accessible by integration,documentation_url:https://docs.github.com/rest/branches/branch-protection#get-status-checks-protection,status:403} (attempt 6/30)
2026-04-27T08:27:40.6938953Z Still waiting for: {message:Resource not accessible by integration,documentation_url:https://docs.github.com/rest/branches/branch-protection#get-status-checks-protection,status:403} (attempt 7/30)
2026-04-27T08:27:51.1950311Z Still waiting for: {message:Resource not accessible by integration,documentation_url:https://docs.github.com/rest/branches/branch-protection#get-status-checks-protection,status:403} (attempt 8/30)
2026-04-27T08:28:01.6957283Z Still waiting for: {message:Resource not accessible by integration,documentation_url:https://docs.github.com/rest/branches/branch-protection#get-status-checks-protection,status:403} (attempt 9/30)
2026-04-27T08:28:12.2190634Z Still waiting for: {message:Resource not accessible by integration,documentation_url:https://docs.github.com/rest/branches/branch-protection#get-status-checks-protection,status:403} (attempt 10/30)
2026-04-27T08:28:22.7375333Z Still waiting for: {message:Resource not accessible by integration,documentation_url:https://docs.github.com/rest/branches/branch-protection#get-status-checks-protection,status:403} (attempt 11/30)
2026-04-27T08:28:33.1826082Z Still waiting for: {message:Resource not accessible by integration,documentation_url:https://docs.github.com/rest/branches/branch-protection#get-status-checks-protection,status:403} (attempt 12/30)
2026-04-27T08:28:43.7204005Z Still waiting for: {message:Resource not accessible by integration,documentation_url:https://docs.github.com/rest/branches/branch-protection#get-status-checks-protection,status:403} (attempt 13/30)
2026-04-27T08:28:54.1993164Z Still waiting for: {message:Resource not accessible by integration,documentation_url:https://docs.github.com/rest/branches/branch-protection#get-status-checks-protection,status:403} (attempt 14/30)
2026-04-27T08:29:04.7113391Z Still waiting for: {message:Resource not accessible by integration,documentation_url:https://docs.github.com/rest/branches/branch-protection#get-status-checks-protection,status:403} (attempt 15/30)
2026-04-27T08:29:15.2286960Z Still waiting for: {message:Resource not accessible by integration,documentation_url:https://docs.github.com/rest/branches/branch-protection#get-status-checks-protection,status:403} (attempt 16/30)
2026-04-27T08:29:25.8172669Z Still waiting for: {message:Resource not accessible by integration,documentation_url:https://docs.github.com/rest/branches/branch-protection#get-status-checks-protection,status:403} (attempt 17/30)
2026-04-27T08:29:36.3450487Z Still waiting for: {message:Resource not accessible by integration,documentation_url:https://docs.github.com/rest/branches/branch-protection#get-status-checks-protection,status:403} (attempt 18/30)
2026-04-27T08:29:46.9572494Z Still waiting for: {message:Resource not accessible by integration,documentation_url:https://docs.github.com/rest/branches/branch-protection#get-status-checks-protection,status:403} (attempt 19/30)
2026-04-27T08:29:57.5361727Z Still waiting for: {message:Resource not accessible by integration,documentation_url:https://docs.github.com/rest/branches/branch-protection#get-status-checks-protection,status:403} (attempt 20/30)
2026-04-27T08:30:08.0783270Z Still waiting for: {message:Resource not accessible by integration,documentation_url:https://docs.github.com/rest/branches/branch-protection#get-status-checks-protection,status:403} (attempt 21/30)
2026-04-27T08:30:18.6468811Z Still waiting for: {message:Resource not accessible by integration,documentation_url:https://docs.github.com/rest/branches/branch-protection#get-status-checks-protection,status:403} (attempt 22/30)
2026-04-27T08:30:29.1523077Z Still waiting for: {message:Resource not accessible by integration,documentation_url:https://docs.github.com/rest/branches/branch-protection#get-status-checks-protection,status:403} (attempt 23/30)
2026-04-27T08:30:39.6284492Z Still waiting for: {message:Resource not accessible by integration,documentation_url:https://docs.github.com/rest/branches/branch-protection#get-status-checks-protection,status:403} (attempt 24/30)
2026-04-27T08:30:50.1160861Z Still waiting for: {message:Resource not accessible by integration,documentation_url:https://docs.github.com/rest/branches/branch-protection#get-status-checks-protection,status:403} (attempt 25/30)
2026-04-27T08:31:00.6311830Z Still waiting for: {message:Resource not accessible by integration,documentation_url:https://docs.github.com/rest/branches/branch-protection#get-status-checks-protection,status:403} (attempt 26/30)
2026-04-27T08:31:11.1973096Z Still waiting for: {message:Resource not accessible by integration,documentation_url:https://docs.github.com/rest/branches/branch-protection#get-status-checks-protection,status:403} (attempt 27/30)
2026-04-27T08:31:21.6698909Z Still waiting for: {message:Resource not accessible by integration,documentation_url:https://docs.github.com/rest/branches/branch-protection#get-status-checks-protection,status:403} (attempt 28/30)
2026-04-27T08:31:32.2426717Z Still waiting for: {message:Resource not accessible by integration,documentation_url:https://docs.github.com/rest/branches/branch-protection#get-status-checks-protection,status:403} (attempt 29/30)
2026-04-27T08:31:42.7288797Z Still waiting for: {message:Resource not accessible by integration,documentation_url:https://docs.github.com/rest/branches/branch-protection#get-status-checks-protection,status:403} (attempt 30/30)
2026-04-27T08:31:52.7407567Z ##[warning]Some required checks never queued after 5 min: {message:Resource not accessible by integration,documentation_url:https://docs.github.com/rest/branches/branch-protection#get-status-checks-protection,status:403} — proceeding to wait-on-check-action anyway.
2026-04-27T08:31:52.7557369Z ##[group]Run lewagon/wait-on-check-action@ccfb013c15c8afb7bf2b7c028fb74dc5a068cccc
2026-04-27T08:31:52.7557779Z with:
2026-04-27T08:31:52.7557987Z   ref: 62340044da108556bd85234b3e06706b8c0fefae
2026-04-27T08:31:52.7558269Z   running-workflow-name: Auto-merge
2026-04-27T08:31:52.7558744Z   repo-token: ***
2026-04-27T08:31:52.7558947Z   wait-interval: 30
2026-04-27T08:31:52.7559181Z   allowed-conclusions: success,skipped,neutral
2026-04-27T08:31:52.7559448Z   verbose: true
2026-04-27T08:31:52.7559622Z env:
2026-04-27T08:31:52.7559774Z   WAIT_INTERVAL: 30
2026-04-27T08:31:52.7559949Z ##[endgroup]
2026-04-27T08:31:52.7687104Z ##[group]Run ruby/setup-ruby@v1
2026-04-27T08:31:52.7687356Z with:
2026-04-27T08:31:52.7687776Z   ruby-version: 3.2
2026-04-27T08:31:52.7687979Z   bundler-cache: false
2026-04-27T08:31:52.7688322Z   token: ***
2026-04-27T08:31:52.7688505Z env:
2026-04-27T08:31:52.7688673Z   WAIT_INTERVAL: 30
2026-04-27T08:31:52.7688858Z ##[endgroup]
2026-04-27T08:31:52.9213995Z ##[group]Modifying PATH
2026-04-27T08:31:52.9214726Z Entries added to PATH to use selected Ruby:
2026-04-27T08:31:52.9215509Z   /opt/hostedtoolcache/Ruby/3.2.11/x64/bin
2026-04-27T08:31:52.9218815Z ##[endgroup]
2026-04-27T08:31:52.9221107Z ##[group]Print Ruby version
2026-04-27T08:31:52.9314491Z [command]/opt/hostedtoolcache/Ruby/3.2.11/x64/bin/ruby --version
2026-04-27T08:31:53.0615802Z ruby 3.2.11 (2026-03-27 revision 5483bfc1ae) [x86_64-linux]
2026-04-27T08:31:53.0648030Z Took   0.14 seconds
2026-04-27T08:31:53.0648751Z ##[endgroup]
2026-04-27T08:31:53.0650449Z ##[group]Installing Bundler
2026-04-27T08:31:53.0654047Z Using Bundler shipped with ruby-3.2.11
2026-04-27T08:31:53.0655207Z Took   0.00 seconds
2026-04-27T08:31:53.0655874Z ##[endgroup]
2026-04-27T08:31:53.1289461Z ##[group]Run actions/cache@v4
2026-04-27T08:31:53.1289722Z with:
2026-04-27T08:31:53.1290144Z   path: /home/runner/work/_actions/lewagon/wait-on-check-action/ccfb013c15c8afb7bf2b7c028fb74dc5a068cccc
2026-04-27T08:31:53.1290637Z   key: Linux-gems-
2026-04-27T08:31:53.1290832Z   restore-keys: Linux-gems-
2026-04-27T08:31:53.1291062Z   enableCrossOsArchive: false
2026-04-27T08:31:53.1291576Z   fail-on-cache-miss: false
2026-04-27T08:31:53.1291780Z   lookup-only: false
2026-04-27T08:31:53.1291963Z   save-always: false
2026-04-27T08:31:53.1292134Z env:
2026-04-27T08:31:53.1292297Z   WAIT_INTERVAL: 30
2026-04-27T08:31:53.1292478Z ##[endgroup]
2026-04-27T08:31:53.4954440Z Cache hit for: Linux-gems-
2026-04-27T08:31:53.7185420Z Received 13154 of 13154 (100.0%), 0.3 MBs/sec
2026-04-27T08:31:53.7185912Z Cache Size: ~0 MB (13154 B)
2026-04-27T08:31:53.7223319Z [command]/usr/bin/tar -xf /home/runner/work/_temp/b79c8f70-ca9b-4902-9ff3-680c41f39c9b/cache.tzst -P -C /home/runner/work/prismTask/prismTask --use-compress-program unzstd
2026-04-27T08:31:53.7286042Z Cache restored successfully
2026-04-27T08:31:53.7366160Z Cache restored from key: Linux-gems-
2026-04-27T08:31:53.7443014Z ##[group]Run bundle install --jobs 4 --retry 3
2026-04-27T08:31:53.7443357Z [36;1mbundle install --jobs 4 --retry 3[0m
2026-04-27T08:31:53.7467994Z shell: /usr/bin/bash --noprofile --norc -e -o pipefail {0}
2026-04-27T08:31:53.7468322Z env:
2026-04-27T08:31:53.7468498Z   WAIT_INTERVAL: 30
2026-04-27T08:31:53.7468694Z ##[endgroup]
2026-04-27T08:31:55.1005439Z Bundler 2.4.19 is running, but your lockfile was generated with 2.2.3. Installing Bundler 2.2.3 and restarting using that version.
2026-04-27T08:31:56.7238379Z Fetching gem metadata from https://rubygems.org/.
2026-04-27T08:31:56.7316291Z Fetching bundler 2.2.3
2026-04-27T08:31:56.9564861Z Installing bundler 2.2.3
2026-04-27T08:31:57.1424291Z Calling `DidYouMean::SPELL_CHECKERS.merge!(error_name => spell_checker)' has been deprecated. Please call `DidYouMean.correct_error(error_name, spell_checker)' instead.
2026-04-27T08:31:58.5257660Z Fetching gem metadata from https://rubygems.org/.........
2026-04-27T08:31:58.5353502Z Fetching zeitwerk 2.6.7
2026-04-27T08:31:58.5359774Z Fetching concurrent-ruby 1.2.2
2026-04-27T08:31:58.5365872Z Fetching minitest 5.18.0
2026-04-27T08:31:58.5372097Z Fetching public_suffix 4.0.7
2026-04-27T08:31:58.6882548Z Installing zeitwerk 2.6.7
2026-04-27T08:31:58.7053620Z Installing public_suffix 4.0.7
2026-04-27T08:31:58.7098986Z Installing minitest 5.18.0
2026-04-27T08:31:58.7543782Z Fetching ast 2.4.2
2026-04-27T08:31:58.7829870Z Installing concurrent-ruby 1.2.2
2026-04-27T08:31:58.7905579Z Using bundler 2.2.3
2026-04-27T08:31:58.7912981Z Fetching byebug 11.1.3
2026-04-27T08:31:58.8218531Z Fetching diff-lcs 1.4.4
2026-04-27T08:31:58.8469714Z Installing ast 2.4.2
2026-04-27T08:31:58.8563345Z Fetching faraday-net_http 2.0.3
2026-04-27T08:31:58.8989459Z Installing byebug 11.1.3 with native extensions
2026-04-27T08:31:58.9333231Z Installing faraday-net_http 2.0.3
2026-04-27T08:31:58.9391878Z Installing diff-lcs 1.4.4
2026-04-27T08:31:58.9475629Z Using ruby2_keywords 0.0.5
2026-04-27T08:31:58.9487288Z Fetching json 2.7.1
2026-04-27T08:31:59.0138955Z Fetching language_server-protocol 3.17.0.3
2026-04-27T08:31:59.0428822Z Installing json 2.7.1 with native extensions
2026-04-27T08:31:59.0444540Z Fetching lint_roller 1.1.0
2026-04-27T08:31:59.1140607Z Installing lint_roller 1.1.0
2026-04-27T08:31:59.1278855Z Installing language_server-protocol 3.17.0.3
2026-04-27T08:31:59.1301047Z Fetching parallel 1.24.0
2026-04-27T08:31:59.2068877Z Installing parallel 1.24.0
2026-04-27T08:31:59.2184662Z Fetching racc 1.7.3
2026-04-27T08:31:59.2966373Z Fetching rainbow 3.1.1
2026-04-27T08:31:59.3212635Z Installing racc 1.7.3 with native extensions
2026-04-27T08:31:59.3677242Z Installing rainbow 3.1.1
2026-04-27T08:31:59.3802109Z Fetching regexp_parser 2.8.3
2026-04-27T08:31:59.4599293Z Installing regexp_parser 2.8.3
2026-04-27T08:31:59.4882118Z Fetching rexml 3.2.6
2026-04-27T08:31:59.5855196Z Installing rexml 3.2.6
2026-04-27T08:31:59.6086940Z Fetching rspec-support 3.10.1
2026-04-27T08:31:59.6995150Z Installing rspec-support 3.10.1
2026-04-27T08:31:59.8245386Z Fetching ruby-progressbar 1.13.0
2026-04-27T08:31:59.9078211Z Installing ruby-progressbar 1.13.0
2026-04-27T08:31:59.9242145Z Fetching unicode-display_width 2.5.0
2026-04-27T08:32:00.0130231Z Installing unicode-display_width 2.5.0
2026-04-27T08:32:00.0207084Z Fetching addressable 2.8.0
2026-04-27T08:32:00.1199112Z Installing addressable 2.8.0
2026-04-27T08:32:00.1407351Z Fetching faraday 2.3.0
2026-04-27T08:32:00.2493142Z Installing faraday 2.3.0
2026-04-27T08:32:00.2672556Z Fetching i18n 1.12.0
2026-04-27T08:32:00.3220755Z Fetching tzinfo 2.0.6
2026-04-27T08:32:00.4178652Z Installing i18n 1.12.0
2026-04-27T08:32:00.4315876Z Installing tzinfo 2.0.6
2026-04-27T08:32:00.4577785Z Fetching rspec-core 3.10.1
2026-04-27T08:32:00.5052241Z Fetching rspec-expectations 3.10.1
2026-04-27T08:32:00.6165369Z Installing rspec-expectations 3.10.1
2026-04-27T08:32:00.6226139Z Installing rspec-core 3.10.1
2026-04-27T08:32:00.6666337Z Fetching rspec-mocks 3.10.1
2026-04-27T08:32:00.7200252Z Fetching parser 3.2.2.4
2026-04-27T08:32:00.7851730Z Installing rspec-mocks 3.10.1
2026-04-27T08:32:00.8115575Z Fetching faraday-retry 2.0.0
2026-04-27T08:32:00.8841672Z Installing faraday-retry 2.0.0
2026-04-27T08:32:00.8966673Z Fetching sawyer 0.9.2
2026-04-27T08:32:00.9703541Z Installing sawyer 0.9.2
2026-04-27T08:32:01.0046996Z Fetching activesupport 6.1.7.3
2026-04-27T08:32:01.0422321Z Installing parser 3.2.2.4
2026-04-27T08:32:01.1317233Z Installing activesupport 6.1.7.3
2026-04-27T08:32:01.1942501Z Fetching rspec 3.10.0
2026-04-27T08:32:01.2815720Z Installing rspec 3.10.0
2026-04-27T08:32:01.2923307Z Fetching octokit 4.25.0
2026-04-27T08:32:01.2952249Z Fetching rubocop-ast 1.30.0
2026-04-27T08:32:01.3873661Z Installing octokit 4.25.0
2026-04-27T08:32:01.4087948Z Installing rubocop-ast 1.30.0
2026-04-27T08:32:02.1839899Z Fetching rubocop 1.57.2
2026-04-27T08:32:02.3371967Z Installing rubocop 1.57.2
2026-04-27T08:32:02.4863666Z Fetching rubocop-performance 1.19.1
2026-04-27T08:32:02.4865570Z Fetching standard-custom 1.0.2
2026-04-27T08:32:02.5773755Z Installing standard-custom 1.0.2
2026-04-27T08:32:02.5898712Z Installing rubocop-performance 1.19.1
2026-04-27T08:32:02.6034379Z Fetching standard-performance 1.2.1
2026-04-27T08:32:02.6664999Z Installing standard-performance 1.2.1
2026-04-27T08:32:02.6729362Z Fetching standard 1.32.1
2026-04-27T08:32:02.7463137Z Installing standard 1.32.1
2026-04-27T08:32:02.7662863Z Bundle complete! 6 Gemfile dependencies, 40 gems now installed.
2026-04-27T08:32:02.7663378Z Use `bundle info [gemname]` to see where a bundled gem is installed.
2026-04-27T08:32:02.8235830Z ##[group]Run ruby entrypoint.rb
2026-04-27T08:32:02.8236123Z [36;1mruby entrypoint.rb[0m
2026-04-27T08:32:02.8258154Z shell: /usr/bin/bash --noprofile --norc -e -o pipefail {0}
2026-04-27T08:32:02.8258481Z env:
2026-04-27T08:32:02.8258662Z   WAIT_INTERVAL: 30
2026-04-27T08:32:02.8259085Z   ALLOWED_CONCLUSIONS: success,skipped,neutral
2026-04-27T08:32:02.8259363Z   IGNORE_CHECKS: 
2026-04-27T08:32:02.8259543Z   CHECK_NAME: 
2026-04-27T08:32:02.8259716Z   CHECK_REGEXP: 
2026-04-27T08:32:02.8259941Z   REF: 62340044da108556bd85234b3e06706b8c0fefae
2026-04-27T08:32:02.8260431Z   REPO_TOKEN: ***
2026-04-27T08:32:02.8260631Z   VERBOSE: true
2026-04-27T08:32:02.8260829Z   RUNNING_WORKFLOW_NAME: Auto-merge
2026-04-27T08:32:02.8261076Z   API_ENDPOINT: 
2026-04-27T08:32:02.8261500Z ##[endgroup]
2026-04-27T08:35:06.9345889Z Checks running on ref:
2026-04-27T08:35:06.9346769Z Checks completed: capture-failure-log, autofix, capture-failure-log, e2e, connected-tests, capture-failure-log, cross-device-tests, test, maybe-label, web-lint-and-test
2026-04-27T08:35:06.9347967Z Checks in_progress: lint-and-test, Auto-merge
2026-04-27T08:35:06.9348371Z Checks after ignore checks filter:
2026-04-27T08:35:06.9349441Z Checks completed: capture-failure-log, autofix, capture-failure-log, e2e, connected-tests, capture-failure-log, cross-device-tests, test, maybe-label, web-lint-and-test
2026-04-27T08:35:06.9350631Z Checks in_progress: lint-and-test
2026-04-27T08:35:06.9351013Z Checks after check_name filter:
2026-04-27T08:35:06.9352312Z Checks completed: capture-failure-log, autofix, capture-failure-log, e2e, connected-tests, capture-failure-log, cross-device-tests, test, maybe-label, web-lint-and-test
2026-04-27T08:35:06.9353359Z Checks in_progress: lint-and-test
2026-04-27T08:35:06.9353718Z Checks after Regexp filter:
2026-04-27T08:35:06.9354653Z Checks completed: capture-failure-log, autofix, capture-failure-log, e2e, connected-tests, capture-failure-log, cross-device-tests, test, maybe-label, web-lint-and-test
2026-04-27T08:35:06.9355660Z Checks in_progress: lint-and-test
2026-04-27T08:35:06.9356139Z The requested checks aren't complete yet, will check back in 30 seconds...
2026-04-27T08:35:06.9356694Z Checks running on ref:
2026-04-27T08:35:06.9357737Z Checks completed: capture-failure-log, autofix, capture-failure-log, e2e, connected-tests, capture-failure-log, cross-device-tests, test, maybe-label, web-lint-and-test
2026-04-27T08:35:06.9358912Z Checks in_progress: lint-and-test, Auto-merge
2026-04-27T08:35:06.9359363Z Checks after ignore checks filter:
2026-04-27T08:35:06.9360445Z Checks completed: capture-failure-log, autofix, capture-failure-log, e2e, connected-tests, capture-failure-log, cross-device-tests, test, maybe-label, web-lint-and-test
2026-04-27T08:35:06.9361390Z Checks in_progress: lint-and-test
2026-04-27T08:35:06.9361695Z Checks after check_name filter:
2026-04-27T08:35:06.9362311Z Checks completed: capture-failure-log, autofix, capture-failure-log, e2e, connected-tests, capture-failure-log, cross-device-tests, test, maybe-label, web-lint-and-test
2026-04-27T08:35:06.9362969Z Checks in_progress: lint-and-test
2026-04-27T08:35:06.9363209Z Checks after Regexp filter:
2026-04-27T08:35:06.9363826Z Checks completed: capture-failure-log, autofix, capture-failure-log, e2e, connected-tests, capture-failure-log, cross-device-tests, test, maybe-label, web-lint-and-test
2026-04-27T08:35:06.9364474Z Checks in_progress: lint-and-test
2026-04-27T08:35:06.9364818Z The requested checks aren't complete yet, will check back in 30 seconds...
2026-04-27T08:35:06.9365599Z Checks running on ref:
2026-04-27T08:35:06.9366218Z Checks completed: capture-failure-log, autofix, capture-failure-log, e2e, connected-tests, capture-failure-log, cross-device-tests, test, maybe-label, web-lint-and-test
2026-04-27T08:35:06.9366905Z Checks in_progress: lint-and-test, Auto-merge
2026-04-27T08:35:06.9367176Z Checks after ignore checks filter:
2026-04-27T08:35:06.9367813Z Checks completed: capture-failure-log, autofix, capture-failure-log, e2e, connected-tests, capture-failure-log, cross-device-tests, test, maybe-label, web-lint-and-test
2026-04-27T08:35:06.9368455Z Checks in_progress: lint-and-test
2026-04-27T08:35:06.9368692Z Checks after check_name filter:
2026-04-27T08:35:06.9369299Z Checks completed: capture-failure-log, autofix, capture-failure-log, e2e, connected-tests, capture-failure-log, cross-device-tests, test, maybe-label, web-lint-and-test
2026-04-27T08:35:06.9370102Z Checks in_progress: lint-and-test
2026-04-27T08:35:06.9370336Z Checks after Regexp filter:
2026-04-27T08:35:06.9370953Z Checks completed: capture-failure-log, autofix, capture-failure-log, e2e, connected-tests, capture-failure-log, cross-device-tests, test, maybe-label, web-lint-and-test
2026-04-27T08:35:06.9371850Z Checks in_progress: lint-and-test
2026-04-27T08:35:06.9372199Z The requested checks aren't complete yet, will check back in 30 seconds...
2026-04-27T08:35:06.9372555Z Checks running on ref:
2026-04-27T08:35:06.9373171Z Checks completed: capture-failure-log, autofix, capture-failure-log, e2e, connected-tests, capture-failure-log, cross-device-tests, test, maybe-label, web-lint-and-test
2026-04-27T08:35:06.9373931Z Checks in_progress: lint-and-test, Auto-merge
2026-04-27T08:35:06.9374297Z Checks after ignore checks filter:
2026-04-27T08:35:06.9375156Z Checks completed: capture-failure-log, autofix, capture-failure-log, e2e, connected-tests, capture-failure-log, cross-device-tests, test, maybe-label, web-lint-and-test
2026-04-27T08:35:06.9376053Z Checks in_progress: lint-and-test
2026-04-27T08:35:06.9376355Z Checks after check_name filter:
2026-04-27T08:35:06.9377168Z Checks completed: capture-failure-log, autofix, capture-failure-log, e2e, connected-tests, capture-failure-log, cross-device-tests, test, maybe-label, web-lint-and-test
2026-04-27T08:35:06.9378005Z Checks in_progress: lint-and-test
2026-04-27T08:35:06.9378284Z Checks after Regexp filter:
2026-04-27T08:35:06.9379061Z Checks completed: capture-failure-log, autofix, capture-failure-log, e2e, connected-tests, capture-failure-log, cross-device-tests, test, maybe-label, web-lint-and-test
2026-04-27T08:35:06.9379869Z Checks in_progress: lint-and-test
2026-04-27T08:35:06.9380283Z The requested checks aren't complete yet, will check back in 30 seconds...
2026-04-27T08:35:06.9380712Z Checks running on ref:
2026-04-27T08:35:06.9381650Z Checks completed: capture-failure-log, autofix, capture-failure-log, e2e, connected-tests, capture-failure-log, cross-device-tests, test, maybe-label, web-lint-and-test
2026-04-27T08:35:06.9382494Z Checks in_progress: lint-and-test, Auto-merge
2026-04-27T08:35:06.9382843Z Checks after ignore checks filter:
2026-04-27T08:35:06.9383629Z Checks completed: capture-failure-log, autofix, capture-failure-log, e2e, connected-tests, capture-failure-log, cross-device-tests, test, maybe-label, web-lint-and-test
2026-04-27T08:35:06.9384433Z Checks in_progress: lint-and-test
2026-04-27T08:35:06.9384719Z Checks after check_name filter:
2026-04-27T08:35:06.9385382Z Checks completed: capture-failure-log, autofix, capture-failure-log, e2e, connected-tests, capture-failure-log, cross-device-tests, test, maybe-label, web-lint-and-test
2026-04-27T08:35:06.9386047Z Checks in_progress: lint-and-test
2026-04-27T08:35:06.9386282Z Checks after Regexp filter:
2026-04-27T08:35:06.9386924Z Checks completed: capture-failure-log, autofix, capture-failure-log, e2e, connected-tests, capture-failure-log, cross-device-tests, test, maybe-label, web-lint-and-test
2026-04-27T08:35:06.9387580Z Checks in_progress: lint-and-test
2026-04-27T08:35:06.9388091Z The requested checks aren't complete yet, will check back in 30 seconds...
2026-04-27T08:35:06.9388533Z Checks running on ref:
2026-04-27T08:35:06.9389260Z Checks completed: capture-failure-log, autofix, capture-failure-log, e2e, connected-tests, capture-failure-log, cross-device-tests, test, maybe-label, web-lint-and-test
2026-04-27T08:35:06.9390410Z Checks in_progress: lint-and-test, Auto-merge
2026-04-27T08:35:06.9390845Z Checks after ignore checks filter:
2026-04-27T08:35:06.9392090Z Checks completed: capture-failure-log, autofix, capture-failure-log, e2e, connected-tests, capture-failure-log, cross-device-tests, test, maybe-label, web-lint-and-test
2026-04-27T08:35:06.9393193Z Checks in_progress: lint-and-test
2026-04-27T08:35:06.9393698Z Checks after check_name filter:
2026-04-27T08:35:06.9394687Z Checks completed: capture-failure-log, autofix, capture-failure-log, e2e, connected-tests, capture-failure-log, cross-device-tests, test, maybe-label, web-lint-and-test
2026-04-27T08:35:06.9395736Z Checks in_progress: lint-and-test
2026-04-27T08:35:06.9396079Z Checks after Regexp filter:
2026-04-27T08:35:06.9397047Z Checks completed: capture-failure-log, autofix, capture-failure-log, e2e, connected-tests, capture-failure-log, cross-device-tests, test, maybe-label, web-lint-and-test
2026-04-27T08:35:06.9398116Z Checks in_progress: lint-and-test
2026-04-27T08:35:06.9398644Z The requested checks aren't complete yet, will check back in 30 seconds...
2026-04-27T08:35:06.9399202Z Checks running on ref:
2026-04-27T08:35:06.9400581Z Checks completed: capture-failure-log, firebase-distribute, capture-failure-log, lint-and-test, autofix, capture-failure-log, e2e, connected-tests, capture-failure-log, cross-device-tests, test, maybe-label, web-lint-and-test
2026-04-27T08:35:06.9402250Z Checks in_progress: Auto-merge
2026-04-27T08:35:06.9402600Z Checks after ignore checks filter:
2026-04-27T08:35:06.9404078Z Checks completed: capture-failure-log, firebase-distribute, capture-failure-log, lint-and-test, autofix, capture-failure-log, e2e, connected-tests, capture-failure-log, cross-device-tests, test, maybe-label, web-lint-and-test
2026-04-27T08:35:06.9405583Z Checks after check_name filter:
2026-04-27T08:35:06.9406982Z Checks completed: capture-failure-log, firebase-distribute, capture-failure-log, lint-and-test, autofix, capture-failure-log, e2e, connected-tests, capture-failure-log, cross-device-tests, test, maybe-label, web-lint-and-test
2026-04-27T08:35:06.9408578Z Checks after Regexp filter:
2026-04-27T08:35:06.9410045Z Checks completed: capture-failure-log, firebase-distribute, capture-failure-log, lint-and-test, autofix, capture-failure-log, e2e, connected-tests, capture-failure-log, cross-device-tests, test, maybe-label, web-lint-and-test
2026-04-27T08:35:06.9411748Z Checks completed:
2026-04-27T08:35:06.9412086Z capture-failure-log: completed (skipped)
2026-04-27T08:35:06.9412557Z firebase-distribute: completed (cancelled)
2026-04-27T08:35:06.9413009Z capture-failure-log: completed (skipped)
2026-04-27T08:35:06.9413447Z lint-and-test: completed (cancelled)
2026-04-27T08:35:06.9413855Z autofix: completed (cancelled)
2026-04-27T08:35:06.9414255Z capture-failure-log: completed (skipped)
2026-04-27T08:35:06.9414665Z e2e: completed (success)
2026-04-27T08:35:06.9415021Z connected-tests: completed (skipped)
2026-04-27T08:35:06.9415441Z capture-failure-log: completed (skipped)
2026-04-27T08:35:06.9415874Z cross-device-tests: completed (skipped)
2026-04-27T08:35:06.9416280Z test: completed (success)
2026-04-27T08:35:06.9416624Z maybe-label: completed (success)
2026-04-27T08:35:06.9417016Z web-lint-and-test: completed (success)
2026-04-27T08:35:06.9418137Z The conclusion of one or more checks were not allowed. Allowed conclusions are: success, skipped, neutral. This can be configured with the 'allowed-conclusions' param.
2026-04-27T08:35:06.9451754Z ##[error]Process completed with exit code 1.
2026-04-27T08:35:06.9559711Z Post job cleanup.
2026-04-27T08:35:06.9619423Z Cleaning up orphan processes
2026-04-27T08:35:06.9895499Z ##[warning]Node.js 20 actions are deprecated. The following actions are running on Node.js 20 and may not work as expected: actions/cache@v4. Actions will be forced to run with Node.js 24 by default starting June 2nd, 2026. Node.js 20 will be removed from the runner on September 16th, 2026. Please check if updated versions of these actions are available that support Node.js 24. To opt into Node.js 24 now, set the FORCE_JAVASCRIPT_ACTIONS_TO_NODE24=true environment variable on the runner or in your workflow file. Once Node.js 24 becomes the default, you can temporarily opt out by setting ACTIONS_ALLOW_USE_UNSECURE_NODE_VERSION=true. For more information see: https://github.blog/changelog/2025-09-19-deprecation-of-node-20-on-github-actions-runners/
