=== CI FAILURE ===
Workflow:      Auto-merge & Release
Workflow file: averycorp/prismTask/.github/workflows/auto-merge.yml@refs/pull/882/merge
Job(s):        Auto-merge
Run ID:        25040213743
Run attempt:   1
Run URL:       https://github.com/averycorp/prismTask/actions/runs/25040213743
Commit:        c65ec6400c177d6f1fdd41ac09784e2778449794
Branch:        882/merge
Event:         pull_request
Actor:         akarlin3
Runner OS:     Linux
Timestamp:     2026-04-28T08:08:08.558Z

Failed steps:
  - Auto-merge: #4 Wait for all other CI checks to pass

=== FAILED JOB LOG ===

--- Job: Auto-merge (id 73341326361) ---
2026-04-28T07:38:33.4291048Z Current runner version: '2.333.1'
2026-04-28T07:38:33.4319356Z ##[group]Runner Image Provisioner
2026-04-28T07:38:33.4320196Z Hosted Compute Agent
2026-04-28T07:38:33.4320725Z Version: 20260213.493
2026-04-28T07:38:33.4321436Z Commit: 5c115507f6dd24b8de37d8bbe0bb4509d0cc0fa3
2026-04-28T07:38:33.4322136Z Build Date: 2026-02-13T00:28:41Z
2026-04-28T07:38:33.4322795Z Worker ID: {b4f9a756-2479-4a7b-b643-6ab0c2a2cb1a}
2026-04-28T07:38:33.4323561Z Azure Region: westus
2026-04-28T07:38:33.4324100Z ##[endgroup]
2026-04-28T07:38:33.4325492Z ##[group]Operating System
2026-04-28T07:38:33.4326171Z Ubuntu
2026-04-28T07:38:33.4326608Z 24.04.4
2026-04-28T07:38:33.4327073Z LTS
2026-04-28T07:38:33.4327609Z ##[endgroup]
2026-04-28T07:38:33.4328374Z ##[group]Runner Image
2026-04-28T07:38:33.4328990Z Image: ubuntu-24.04
2026-04-28T07:38:33.4329605Z Version: 20260413.86.1
2026-04-28T07:38:33.4330782Z Included Software: https://github.com/actions/runner-images/blob/ubuntu24/20260413.86/images/ubuntu/Ubuntu2404-Readme.md
2026-04-28T07:38:33.4332306Z Image Release: https://github.com/actions/runner-images/releases/tag/ubuntu24%2F20260413.86
2026-04-28T07:38:33.4333213Z ##[endgroup]
2026-04-28T07:38:33.4334481Z ##[group]GITHUB_TOKEN Permissions
2026-04-28T07:38:33.4336415Z Actions: read
2026-04-28T07:38:33.4337015Z Checks: read
2026-04-28T07:38:33.4337587Z Contents: write
2026-04-28T07:38:33.4338411Z Metadata: read
2026-04-28T07:38:33.4338978Z PullRequests: write
2026-04-28T07:38:33.4339565Z ##[endgroup]
2026-04-28T07:38:33.4341748Z Secret source: Actions
2026-04-28T07:38:33.4342542Z Prepare workflow directory
2026-04-28T07:38:33.4751747Z Prepare all required actions
2026-04-28T07:38:33.4794061Z Getting action download info
2026-04-28T07:38:33.9811999Z Download action repository 'lewagon/wait-on-check-action@ccfb013c15c8afb7bf2b7c028fb74dc5a068cccc' (SHA:ccfb013c15c8afb7bf2b7c028fb74dc5a068cccc)
2026-04-28T07:38:34.5821740Z Getting action download info
2026-04-28T07:38:34.8287692Z Download action repository 'ruby/setup-ruby@v1' (SHA:c4e5b1316158f92e3d49443a9d58b31d25ac0f8f)
2026-04-28T07:38:35.3952719Z Download action repository 'actions/cache@v4' (SHA:0057852bfaa89a56745cba8c7296529d2fc39830)
2026-04-28T07:38:35.5452658Z Complete job name: Auto-merge
2026-04-28T07:38:35.6162083Z ##[group]Run set -euo pipefail
2026-04-28T07:38:35.6163284Z [36;1mset -euo pipefail[0m
2026-04-28T07:38:35.6164645Z [36;1m# Audit item #5 — poll check-runs for up to 60s instead of a bare[0m
2026-04-28T07:38:35.6166430Z [36;1m# 20s sleep. On a busy runner cohort the initial 20s wasn't enough[0m
2026-04-28T07:38:35.6168445Z [36;1m# for the API to reflect queued workflow runs, which could merge[0m
2026-04-28T07:38:35.6170221Z [36;1m# PRs without waiting for CI. Bail out early as soon as ≥1 real[0m
2026-04-28T07:38:35.6171660Z [36;1m# check shows up.[0m
2026-04-28T07:38:35.6172567Z [36;1mCOUNT=0[0m
2026-04-28T07:38:35.6173389Z [36;1mfor i in $(seq 1 6); do[0m
2026-04-28T07:38:35.6174348Z [36;1m  sleep 10[0m
2026-04-28T07:38:35.6175505Z [36;1m  COUNT=$(gh api "repos/$REPO/commits/$HEAD_SHA/check-runs" \[0m
2026-04-28T07:38:35.6177270Z [36;1m    --jq '[.check_runs[] | select(.name != "Auto-merge")] | length')[0m
2026-04-28T07:38:35.6178909Z [36;1m  if [ "$COUNT" -gt 0 ]; then[0m
2026-04-28T07:38:35.6180226Z [36;1m    echo "Found $COUNT non-Auto-merge check(s) after ${i}0s"[0m
2026-04-28T07:38:35.6181535Z [36;1m    break[0m
2026-04-28T07:38:35.6182319Z [36;1m  fi[0m
2026-04-28T07:38:35.6183305Z [36;1m  echo "No non-Auto-merge checks yet (attempt $i/6)"[0m
2026-04-28T07:38:35.6184538Z [36;1mdone[0m
2026-04-28T07:38:35.6185320Z [36;1mif [ "$COUNT" -gt 0 ]; then[0m
2026-04-28T07:38:35.6186415Z [36;1m  echo "has_ci=true" >> "$GITHUB_OUTPUT"[0m
2026-04-28T07:38:35.6187504Z [36;1melse[0m
2026-04-28T07:38:35.6188497Z [36;1m  echo "has_ci=false" >> "$GITHUB_OUTPUT"[0m
2026-04-28T07:38:35.6190006Z [36;1m  echo "No CI checks on this PR after 60s — will merge without waiting."[0m
2026-04-28T07:38:35.6191419Z [36;1mfi[0m
2026-04-28T07:38:35.6218775Z shell: /usr/bin/bash -e {0}
2026-04-28T07:38:35.6220016Z env:
2026-04-28T07:38:35.6220771Z   WAIT_INTERVAL: 15
2026-04-28T07:38:35.6222009Z   GH_TOKEN: ***
2026-04-28T07:38:35.6222968Z   HEAD_SHA: 6f69f368ec060222dc0edde4ccdee7a38c72f9ee
2026-04-28T07:38:35.6224148Z   REPO: averycorp/prismTask
2026-04-28T07:38:35.6225034Z ##[endgroup]
2026-04-28T07:38:46.7328737Z Found 5 non-Auto-merge check(s) after 10s
2026-04-28T07:38:46.7456020Z ##[group]Run set -euo pipefail
2026-04-28T07:38:46.7456428Z [36;1mset -euo pipefail[0m
2026-04-28T07:38:46.7456887Z [36;1mREQUIRED=$(gh api "repos/$REPO/branches/main/protection/required_status_checks" \[0m
2026-04-28T07:38:46.7457395Z [36;1m  --jq '.contexts[]' 2>/dev/null || true)[0m
2026-04-28T07:38:46.7457741Z [36;1mif [ -z "$REQUIRED" ]; then[0m
2026-04-28T07:38:46.7458553Z [36;1m  echo "::warning::Could not query branch protection (likely a permission issue) — using hardcoded fallback list."[0m
2026-04-28T07:38:46.7459125Z [36;1m  REQUIRED="$FALLBACK_REQUIRED"[0m
2026-04-28T07:38:46.7459443Z [36;1mfi[0m
2026-04-28T07:38:46.7459756Z [36;1m# Strip Auto-merge from the required list so we don't wait on[0m
2026-04-28T07:38:46.7460213Z [36;1m# ourselves (it's listed because we ARE the running workflow).[0m
2026-04-28T07:38:46.7460747Z [36;1mREQUIRED=$(echo "$REQUIRED" | grep -vE '^\s*Auto-merge\s*$' | grep -vE '^\s*$' || true)[0m
2026-04-28T07:38:46.7461244Z [36;1mif [ -z "$REQUIRED" ]; then[0m
2026-04-28T07:38:46.7461625Z [36;1m  echo "No required checks beyond Auto-merge; skipping queue wait."[0m
2026-04-28T07:38:46.7462022Z [36;1m  exit 0[0m
2026-04-28T07:38:46.7462270Z [36;1mfi[0m
2026-04-28T07:38:46.7462543Z [36;1mecho "Waiting until these required checks queue:"[0m
2026-04-28T07:38:46.7462908Z [36;1mecho "$REQUIRED" | sed 's/^/  /'[0m
2026-04-28T07:38:46.7463289Z [36;1m# Audit PR #876 → CI pathway efficiency: this loop was burning[0m
2026-04-28T07:38:46.7463751Z [36;1m# ~315s/PR (PR #874 run 25035518360 + PR #873 run 25035513300)[0m
2026-04-28T07:38:46.7464266Z [36;1m# while underlying required checks were observably complete in[0m
2026-04-28T07:38:46.7464742Z [36;1m# ~30s. Mean job wall-clock was 343s with std-dev ~7s across 10[0m
2026-04-28T07:38:46.7465203Z [36;1m# runs — i.e. the loop almost always ran to its 5-minute ceiling.[0m
2026-04-28T07:38:46.7465646Z [36;1m# Two compensating mitigations + diagnostics:[0m
2026-04-28T07:38:46.7465966Z [36;1m#[0m
2026-04-28T07:38:46.7466271Z [36;1m#   (a) Cap dropped 30 → 18 attempts at 5s interval = 90s ceiling[0m
2026-04-28T07:38:46.7466701Z [36;1m#       (still > 2× the 43s race window from PR #804).[0m
2026-04-28T07:38:46.7467113Z [36;1m#   (b) Poll interval dropped 10s → 5s for faster detection.[0m
2026-04-28T07:38:46.7467577Z [36;1m#   (c) Per-iteration diagnostic prints MISSING + visible CHECK_RUNS[0m
2026-04-28T07:38:46.7468239Z [36;1m#       so future investigation can pinpoint the matching mismatch[0m
2026-04-28T07:38:46.7468721Z [36;1m#       (the immediate root-cause was not yet identified — the[0m
2026-04-28T07:38:46.7469178Z [36;1m#       MISSING list never empties even though CHECK_RUNS clearly[0m
2026-04-28T07:38:46.7469637Z [36;1m#       contains every REQUIRED name. Likely a trim/encoding edge[0m
2026-04-28T07:38:46.7470162Z [36;1m#       case in the comparison loop, but observability beats[0m
2026-04-28T07:38:46.7470552Z [36;1m#       guessing).[0m
2026-04-28T07:38:46.7470832Z [36;1mfor attempt in $(seq 1 18); do[0m
2026-04-28T07:38:46.7471241Z [36;1m  CHECK_RUNS=$(gh api --paginate "repos/$REPO/commits/$HEAD_SHA/check-runs" \[0m
2026-04-28T07:38:46.7471701Z [36;1m    --jq '.check_runs[].name' | sort -u)[0m
2026-04-28T07:38:46.7472029Z [36;1m  MISSING=""[0m
2026-04-28T07:38:46.7472278Z [36;1m  while IFS= read -r req; do[0m
2026-04-28T07:38:46.7472557Z [36;1m    [ -z "$req" ] && continue[0m
2026-04-28T07:38:46.7472861Z [36;1m    req_trimmed=$(echo "$req" | xargs)[0m
2026-04-28T07:38:46.7473224Z [36;1m    if ! echo "$CHECK_RUNS" | grep -qxF "$req_trimmed"; then[0m
2026-04-28T07:38:46.7473908Z [36;1m      MISSING="$MISSING $req_trimmed"[0m
2026-04-28T07:38:46.7474204Z [36;1m    fi[0m
2026-04-28T07:38:46.7474419Z [36;1m  done <<< "$REQUIRED"[0m
2026-04-28T07:38:46.7474688Z [36;1m  if [ -z "$MISSING" ]; then[0m
2026-04-28T07:38:46.7475130Z [36;1m    echo "All required checks have queued after attempt $attempt (~$((attempt * 5))s)."[0m
2026-04-28T07:38:46.7475735Z [36;1m    exit 0[0m
2026-04-28T07:38:46.7475969Z [36;1m  fi[0m
2026-04-28T07:38:46.7476239Z [36;1m  echo "Attempt $attempt/18 — still missing:$MISSING"[0m
2026-04-28T07:38:46.7476716Z [36;1m  echo "  Visible check-runs: $(echo "$CHECK_RUNS" | tr '\n' ',' | sed 's/,$//')"[0m
2026-04-28T07:38:46.7477132Z [36;1m  sleep 5[0m
2026-04-28T07:38:46.7477350Z [36;1mdone[0m
2026-04-28T07:38:46.7477836Z [36;1mecho "::warning::Some required checks never queued after 90s:$MISSING — proceeding to wait-on-check-action anyway."[0m
2026-04-28T07:38:46.7500412Z shell: /usr/bin/bash -e {0}
2026-04-28T07:38:46.7500702Z env:
2026-04-28T07:38:46.7500903Z   WAIT_INTERVAL: 15
2026-04-28T07:38:46.7501455Z   GH_TOKEN: ***
2026-04-28T07:38:46.7502445Z   HEAD_SHA: 6f69f368ec060222dc0edde4ccdee7a38c72f9ee
2026-04-28T07:38:46.7502794Z   REPO: averycorp/prismTask
2026-04-28T07:38:46.7503183Z   FALLBACK_REQUIRED: lint-and-test
connected-tests
test
web-lint-and-test

2026-04-28T07:38:46.7503603Z ##[endgroup]
2026-04-28T07:38:47.0218587Z Waiting until these required checks queue:
2026-04-28T07:38:47.0233687Z   {"message":"Resource not accessible by integration","documentation_url":"https://docs.github.com/rest/branches/branch-protection#get-status-checks-protection","status":"403"}
2026-04-28T07:38:47.5112681Z Attempt 1/18 — still missing: {message:Resource not accessible by integration,documentation_url:https://docs.github.com/rest/branches/branch-protection#get-status-checks-protection,status:403}
2026-04-28T07:38:47.5132677Z   Visible check-runs: Auto-merge,connected-tests,cross-device-tests,maybe-label,test,web-lint-and-test
2026-04-28T07:38:53.0288799Z Attempt 2/18 — still missing: {message:Resource not accessible by integration,documentation_url:https://docs.github.com/rest/branches/branch-protection#get-status-checks-protection,status:403}
2026-04-28T07:38:53.0314532Z   Visible check-runs: Auto-merge,connected-tests,cross-device-tests,maybe-label,test,web-lint-and-test
2026-04-28T07:38:58.5101445Z Attempt 3/18 — still missing: {message:Resource not accessible by integration,documentation_url:https://docs.github.com/rest/branches/branch-protection#get-status-checks-protection,status:403}
2026-04-28T07:38:58.5123133Z   Visible check-runs: Auto-merge,connected-tests,cross-device-tests,maybe-label,test,web-lint-and-test
2026-04-28T07:39:04.0137772Z Attempt 4/18 — still missing: {message:Resource not accessible by integration,documentation_url:https://docs.github.com/rest/branches/branch-protection#get-status-checks-protection,status:403}
2026-04-28T07:39:04.0160193Z   Visible check-runs: Auto-merge,connected-tests,cross-device-tests,maybe-label,test,web-lint-and-test
2026-04-28T07:39:09.4990379Z Attempt 5/18 — still missing: {message:Resource not accessible by integration,documentation_url:https://docs.github.com/rest/branches/branch-protection#get-status-checks-protection,status:403}
2026-04-28T07:39:09.5011412Z   Visible check-runs: Auto-merge,connected-tests,cross-device-tests,maybe-label,test,web-lint-and-test
2026-04-28T07:39:15.0465448Z Attempt 6/18 — still missing: {message:Resource not accessible by integration,documentation_url:https://docs.github.com/rest/branches/branch-protection#get-status-checks-protection,status:403}
2026-04-28T07:39:15.0487629Z   Visible check-runs: Auto-merge,connected-tests,cross-device-tests,maybe-label,test,web-lint-and-test
2026-04-28T07:39:20.4900449Z Attempt 7/18 — still missing: {message:Resource not accessible by integration,documentation_url:https://docs.github.com/rest/branches/branch-protection#get-status-checks-protection,status:403}
2026-04-28T07:39:20.4921852Z   Visible check-runs: Auto-merge,connected-tests,cross-device-tests,maybe-label,test,web-lint-and-test
2026-04-28T07:39:25.9717627Z Attempt 8/18 — still missing: {message:Resource not accessible by integration,documentation_url:https://docs.github.com/rest/branches/branch-protection#get-status-checks-protection,status:403}
2026-04-28T07:39:25.9739856Z   Visible check-runs: Auto-merge,connected-tests,cross-device-tests,maybe-label,test,web-lint-and-test
2026-04-28T07:39:31.5423270Z Attempt 9/18 — still missing: {message:Resource not accessible by integration,documentation_url:https://docs.github.com/rest/branches/branch-protection#get-status-checks-protection,status:403}
2026-04-28T07:39:31.5449126Z   Visible check-runs: Auto-merge,connected-tests,cross-device-tests,maybe-label,test,web-lint-and-test
2026-04-28T07:39:37.0446085Z Attempt 10/18 — still missing: {message:Resource not accessible by integration,documentation_url:https://docs.github.com/rest/branches/branch-protection#get-status-checks-protection,status:403}
2026-04-28T07:39:37.0473003Z   Visible check-runs: Auto-merge,connected-tests,cross-device-tests,maybe-label,test,web-lint-and-test
2026-04-28T07:39:42.5912841Z Attempt 11/18 — still missing: {message:Resource not accessible by integration,documentation_url:https://docs.github.com/rest/branches/branch-protection#get-status-checks-protection,status:403}
2026-04-28T07:39:42.5937544Z   Visible check-runs: Auto-merge,connected-tests,cross-device-tests,maybe-label,test,web-lint-and-test
2026-04-28T07:39:48.0839248Z Attempt 12/18 — still missing: {message:Resource not accessible by integration,documentation_url:https://docs.github.com/rest/branches/branch-protection#get-status-checks-protection,status:403}
2026-04-28T07:39:48.0864458Z   Visible check-runs: Auto-merge,connected-tests,cross-device-tests,maybe-label,test,web-lint-and-test
2026-04-28T07:39:53.5859990Z Attempt 13/18 — still missing: {message:Resource not accessible by integration,documentation_url:https://docs.github.com/rest/branches/branch-protection#get-status-checks-protection,status:403}
2026-04-28T07:39:53.5883957Z   Visible check-runs: Auto-merge,connected-tests,cross-device-tests,maybe-label,test,web-lint-and-test
2026-04-28T07:39:59.0580795Z Attempt 14/18 — still missing: {message:Resource not accessible by integration,documentation_url:https://docs.github.com/rest/branches/branch-protection#get-status-checks-protection,status:403}
2026-04-28T07:39:59.0601011Z   Visible check-runs: Auto-merge,connected-tests,cross-device-tests,maybe-label,test,web-lint-and-test
2026-04-28T07:40:04.5938916Z Attempt 15/18 — still missing: {message:Resource not accessible by integration,documentation_url:https://docs.github.com/rest/branches/branch-protection#get-status-checks-protection,status:403}
2026-04-28T07:40:04.5960513Z   Visible check-runs: Auto-merge,connected-tests,cross-device-tests,maybe-label,test,web-lint-and-test
2026-04-28T07:40:10.1335037Z Attempt 16/18 — still missing: {message:Resource not accessible by integration,documentation_url:https://docs.github.com/rest/branches/branch-protection#get-status-checks-protection,status:403}
2026-04-28T07:40:10.1358552Z   Visible check-runs: Auto-merge,connected-tests,cross-device-tests,maybe-label,test,web-lint-and-test
2026-04-28T07:40:15.6643421Z Attempt 17/18 — still missing: {message:Resource not accessible by integration,documentation_url:https://docs.github.com/rest/branches/branch-protection#get-status-checks-protection,status:403}
2026-04-28T07:40:15.6664108Z   Visible check-runs: Auto-merge,connected-tests,cross-device-tests,maybe-label,test,web-lint-and-test
2026-04-28T07:40:21.3718660Z Attempt 18/18 — still missing: {message:Resource not accessible by integration,documentation_url:https://docs.github.com/rest/branches/branch-protection#get-status-checks-protection,status:403}
2026-04-28T07:40:21.3740307Z   Visible check-runs: Auto-merge,connected-tests,cross-device-tests,maybe-label,test,web-lint-and-test
2026-04-28T07:40:26.3789545Z ##[warning]Some required checks never queued after 90s: {message:Resource not accessible by integration,documentation_url:https://docs.github.com/rest/branches/branch-protection#get-status-checks-protection,status:403} — proceeding to wait-on-check-action anyway.
2026-04-28T07:40:26.4000864Z ##[group]Run lewagon/wait-on-check-action@ccfb013c15c8afb7bf2b7c028fb74dc5a068cccc
2026-04-28T07:40:26.4001325Z with:
2026-04-28T07:40:26.4001533Z   ref: 6f69f368ec060222dc0edde4ccdee7a38c72f9ee
2026-04-28T07:40:26.4001817Z   running-workflow-name: Auto-merge
2026-04-28T07:40:26.4002243Z   repo-token: ***
2026-04-28T07:40:26.4002434Z   wait-interval: 15
2026-04-28T07:40:26.4002655Z   allowed-conclusions: success,skipped,neutral
2026-04-28T07:40:26.4002915Z   verbose: true
2026-04-28T07:40:26.4003081Z env:
2026-04-28T07:40:26.4003226Z   WAIT_INTERVAL: 15
2026-04-28T07:40:26.4003396Z ##[endgroup]
2026-04-28T07:40:26.4126557Z ##[group]Run ruby/setup-ruby@v1
2026-04-28T07:40:26.4126802Z with:
2026-04-28T07:40:26.4126968Z   ruby-version: 3.2
2026-04-28T07:40:26.4127168Z   bundler-cache: false
2026-04-28T07:40:26.4127494Z   token: ***
2026-04-28T07:40:26.4127654Z env:
2026-04-28T07:40:26.4127810Z   WAIT_INTERVAL: 15
2026-04-28T07:40:26.4128252Z ##[endgroup]
2026-04-28T07:40:26.5643039Z ##[group]Modifying PATH
2026-04-28T07:40:26.5643738Z Entries added to PATH to use selected Ruby:
2026-04-28T07:40:26.5644368Z   /opt/hostedtoolcache/Ruby/3.2.11/x64/bin
2026-04-28T07:40:26.5648925Z ##[endgroup]
2026-04-28T07:40:26.5649874Z ##[group]Print Ruby version
2026-04-28T07:40:26.6236355Z [command]/opt/hostedtoolcache/Ruby/3.2.11/x64/bin/ruby --version
2026-04-28T07:40:26.7536346Z ruby 3.2.11 (2026-03-27 revision 5483bfc1ae) [x86_64-linux]
2026-04-28T07:40:26.7574031Z Took   0.19 seconds
2026-04-28T07:40:26.7575149Z ##[endgroup]
2026-04-28T07:40:26.7577088Z ##[group]Installing Bundler
2026-04-28T07:40:26.7581189Z Using Bundler shipped with ruby-3.2.11
2026-04-28T07:40:26.7582635Z Took   0.00 seconds
2026-04-28T07:40:26.7583256Z ##[endgroup]
2026-04-28T07:40:26.8235903Z ##[group]Run actions/cache@v4
2026-04-28T07:40:26.8236177Z with:
2026-04-28T07:40:26.8236607Z   path: /home/runner/work/_actions/lewagon/wait-on-check-action/ccfb013c15c8afb7bf2b7c028fb74dc5a068cccc
2026-04-28T07:40:26.8237124Z   key: Linux-gems-
2026-04-28T07:40:26.8237318Z   restore-keys: Linux-gems-
2026-04-28T07:40:26.8237549Z   enableCrossOsArchive: false
2026-04-28T07:40:26.8237784Z   fail-on-cache-miss: false
2026-04-28T07:40:26.8238447Z   lookup-only: false
2026-04-28T07:40:26.8238725Z   save-always: false
2026-04-28T07:40:26.8238919Z env:
2026-04-28T07:40:26.8239087Z   WAIT_INTERVAL: 15
2026-04-28T07:40:26.8239267Z ##[endgroup]
2026-04-28T07:40:27.2331826Z Cache not found for input keys: Linux-gems-, Linux-gems-
2026-04-28T07:40:27.2401418Z ##[group]Run bundle install --jobs 4 --retry 3
2026-04-28T07:40:27.2401745Z [36;1mbundle install --jobs 4 --retry 3[0m
2026-04-28T07:40:27.2424897Z shell: /usr/bin/bash --noprofile --norc -e -o pipefail {0}
2026-04-28T07:40:27.2425218Z env:
2026-04-28T07:40:27.2425378Z   WAIT_INTERVAL: 15
2026-04-28T07:40:27.2425576Z ##[endgroup]
2026-04-28T07:40:28.6077385Z Bundler 2.4.19 is running, but your lockfile was generated with 2.2.3. Installing Bundler 2.2.3 and restarting using that version.
2026-04-28T07:40:30.0651595Z Fetching gem metadata from https://rubygems.org/.
2026-04-28T07:40:30.0729220Z Fetching bundler 2.2.3
2026-04-28T07:40:30.2201285Z Installing bundler 2.2.3
2026-04-28T07:40:30.4591856Z Calling `DidYouMean::SPELL_CHECKERS.merge!(error_name => spell_checker)' has been deprecated. Please call `DidYouMean.correct_error(error_name, spell_checker)' instead.
2026-04-28T07:40:31.7448648Z Fetching gem metadata from https://rubygems.org/.........
2026-04-28T07:40:31.7547277Z Fetching minitest 5.18.0
2026-04-28T07:40:31.7550703Z Fetching concurrent-ruby 1.2.2
2026-04-28T07:40:31.7555681Z Fetching zeitwerk 2.6.7
2026-04-28T07:40:31.7840356Z Fetching public_suffix 4.0.7
2026-04-28T07:40:31.8749263Z Installing zeitwerk 2.6.7
2026-04-28T07:40:31.8875790Z Installing minitest 5.18.0
2026-04-28T07:40:31.8911472Z Installing public_suffix 4.0.7
2026-04-28T07:40:31.9386536Z Fetching ast 2.4.2
2026-04-28T07:40:31.9735015Z Using bundler 2.2.3
2026-04-28T07:40:31.9750763Z Fetching byebug 11.1.3
2026-04-28T07:40:31.9995408Z Installing ast 2.4.2
2026-04-28T07:40:32.0160021Z Installing concurrent-ruby 1.2.2
2026-04-28T07:40:32.0184185Z Installing byebug 11.1.3 with native extensions
2026-04-28T07:40:32.0213827Z Fetching diff-lcs 1.4.4
2026-04-28T07:40:32.0523233Z Fetching faraday-net_http 2.0.3
2026-04-28T07:40:32.0863223Z Installing diff-lcs 1.4.4
2026-04-28T07:40:32.0897205Z Installing faraday-net_http 2.0.3
2026-04-28T07:40:32.1167834Z Using ruby2_keywords 0.0.5
2026-04-28T07:40:32.1201787Z Fetching json 2.7.1
2026-04-28T07:40:32.1622486Z Installing json 2.7.1 with native extensions
2026-04-28T07:40:32.1914933Z Fetching language_server-protocol 3.17.0.3
2026-04-28T07:40:32.2371175Z Installing language_server-protocol 3.17.0.3
2026-04-28T07:40:32.3465347Z Fetching lint_roller 1.1.0
2026-04-28T07:40:32.3865251Z Installing lint_roller 1.1.0
2026-04-28T07:40:32.4009043Z Fetching parallel 1.24.0
2026-04-28T07:40:32.4381263Z Installing parallel 1.24.0
2026-04-28T07:40:32.4485040Z Fetching racc 1.7.3
2026-04-28T07:40:32.5037838Z Installing racc 1.7.3 with native extensions
2026-04-28T07:40:32.5513599Z Fetching rainbow 3.1.1
2026-04-28T07:40:32.5825568Z Installing rainbow 3.1.1
2026-04-28T07:40:32.5890662Z Fetching regexp_parser 2.8.3
2026-04-28T07:40:32.6237697Z Installing regexp_parser 2.8.3
2026-04-28T07:40:32.6495540Z Fetching rexml 3.2.6
2026-04-28T07:40:32.6951874Z Installing rexml 3.2.6
2026-04-28T07:40:32.7175969Z Fetching rspec-support 3.10.1
2026-04-28T07:40:32.7564833Z Installing rspec-support 3.10.1
2026-04-28T07:40:32.8414426Z Fetching ruby-progressbar 1.13.0
2026-04-28T07:40:32.8752271Z Installing ruby-progressbar 1.13.0
2026-04-28T07:40:32.8853022Z Fetching unicode-display_width 2.5.0
2026-04-28T07:40:32.9209031Z Installing unicode-display_width 2.5.0
2026-04-28T07:40:32.9281532Z Fetching addressable 2.8.0
2026-04-28T07:40:32.9700495Z Installing addressable 2.8.0
2026-04-28T07:40:32.9877419Z Fetching faraday 2.3.0
2026-04-28T07:40:33.0284646Z Installing faraday 2.3.0
2026-04-28T07:40:33.0526303Z Fetching i18n 1.12.0
2026-04-28T07:40:33.0926880Z Installing i18n 1.12.0
2026-04-28T07:40:33.1087621Z Fetching tzinfo 2.0.6
2026-04-28T07:40:33.1425212Z Installing tzinfo 2.0.6
2026-04-28T07:40:33.1615429Z Fetching rspec-core 3.10.1
2026-04-28T07:40:33.2166970Z Installing rspec-core 3.10.1
2026-04-28T07:40:33.2609096Z Fetching rspec-expectations 3.10.1
2026-04-28T07:40:33.3389230Z Installing rspec-expectations 3.10.1
2026-04-28T07:40:33.4028968Z Fetching rspec-mocks 3.10.1
2026-04-28T07:40:33.4590092Z Installing rspec-mocks 3.10.1
2026-04-28T07:40:33.4868922Z Fetching faraday-retry 2.0.0
2026-04-28T07:40:33.5409266Z Installing faraday-retry 2.0.0
2026-04-28T07:40:33.5484190Z Fetching sawyer 0.9.2
2026-04-28T07:40:33.6019309Z Installing sawyer 0.9.2
2026-04-28T07:40:33.6109230Z Fetching activesupport 6.1.7.3
2026-04-28T07:40:33.6529826Z Installing activesupport 6.1.7.3
2026-04-28T07:40:33.7132288Z Fetching rspec 3.10.0
2026-04-28T07:40:33.7459606Z Installing rspec 3.10.0
2026-04-28T07:40:33.7510736Z Fetching octokit 4.25.0
2026-04-28T07:40:33.7867496Z Installing octokit 4.25.0
2026-04-28T07:40:33.8571774Z Fetching parser 3.2.2.4
2026-04-28T07:40:33.9311243Z Installing parser 3.2.2.4
2026-04-28T07:40:34.0044676Z Fetching rubocop-ast 1.30.0
2026-04-28T07:40:34.0408434Z Installing rubocop-ast 1.30.0
2026-04-28T07:40:35.6366030Z Fetching rubocop 1.57.2
2026-04-28T07:40:35.6971753Z Installing rubocop 1.57.2
2026-04-28T07:40:35.8684218Z Fetching rubocop-performance 1.19.1
2026-04-28T07:40:35.8686947Z Fetching standard-custom 1.0.2
2026-04-28T07:40:35.9201885Z Installing standard-custom 1.0.2
2026-04-28T07:40:35.9274570Z Installing rubocop-performance 1.19.1
2026-04-28T07:40:35.9465918Z Fetching standard-performance 1.2.1
2026-04-28T07:40:35.9790953Z Installing standard-performance 1.2.1
2026-04-28T07:40:35.9862388Z Fetching standard 1.32.1
2026-04-28T07:40:36.0201333Z Installing standard 1.32.1
2026-04-28T07:40:36.0436718Z Bundle complete! 6 Gemfile dependencies, 40 gems now installed.
2026-04-28T07:40:36.0437655Z Use `bundle info [gemname]` to see where a bundled gem is installed.
2026-04-28T07:40:36.0962686Z ##[group]Run ruby entrypoint.rb
2026-04-28T07:40:36.0963201Z [36;1mruby entrypoint.rb[0m
2026-04-28T07:40:36.0985890Z shell: /usr/bin/bash --noprofile --norc -e -o pipefail {0}
2026-04-28T07:40:36.0986194Z env:
2026-04-28T07:40:36.0986355Z   WAIT_INTERVAL: 15
2026-04-28T07:40:36.0986588Z   ALLOWED_CONCLUSIONS: success,skipped,neutral
2026-04-28T07:40:36.0986854Z   IGNORE_CHECKS: 
2026-04-28T07:40:36.0987022Z   CHECK_NAME: 
2026-04-28T07:40:36.0987184Z   CHECK_REGEXP: 
2026-04-28T07:40:36.0987393Z   REF: 6f69f368ec060222dc0edde4ccdee7a38c72f9ee
2026-04-28T07:40:36.0987910Z   REPO_TOKEN: ***
2026-04-28T07:40:36.0988656Z   VERBOSE: true
2026-04-28T07:40:36.0988864Z   RUNNING_WORKFLOW_NAME: Auto-merge
2026-04-28T07:40:36.0989097Z   API_ENDPOINT: 
2026-04-28T07:40:36.0989287Z ##[endgroup]
2026-04-28T07:43:42.7028470Z Checks running on ref:
2026-04-28T07:43:42.7030673Z Checks queued: connected-tests, cross-device-tests, web-lint-and-test, test
2026-04-28T07:43:42.7031351Z Checks completed: maybe-label
2026-04-28T07:43:42.7031623Z Checks in_progress: Auto-merge
2026-04-28T07:43:42.7032034Z Checks after ignore checks filter:
2026-04-28T07:43:42.7032575Z Checks queued: connected-tests, cross-device-tests, web-lint-and-test, test
2026-04-28T07:43:42.7033093Z Checks completed: maybe-label
2026-04-28T07:43:42.7033489Z Checks after check_name filter:
2026-04-28T07:43:42.7034073Z Checks queued: connected-tests, cross-device-tests, web-lint-and-test, test
2026-04-28T07:43:42.7034718Z Checks completed: maybe-label
2026-04-28T07:43:42.7035111Z Checks after Regexp filter:
2026-04-28T07:43:42.7035712Z Checks queued: connected-tests, cross-device-tests, web-lint-and-test, test
2026-04-28T07:43:42.7036350Z Checks completed: maybe-label
2026-04-28T07:43:42.7036765Z The requested checks aren't complete yet, will check back in 15 seconds...
2026-04-28T07:43:42.7037117Z Checks running on ref:
2026-04-28T07:43:42.7037428Z Checks queued: connected-tests, cross-device-tests, web-lint-and-test, test
2026-04-28T07:43:42.7037782Z Checks completed: maybe-label
2026-04-28T07:43:42.7038299Z Checks in_progress: Auto-merge
2026-04-28T07:43:42.7038600Z Checks after ignore checks filter:
2026-04-28T07:43:42.7038949Z Checks queued: connected-tests, cross-device-tests, web-lint-and-test, test
2026-04-28T07:43:42.7039310Z Checks completed: maybe-label
2026-04-28T07:43:42.7039549Z Checks after check_name filter:
2026-04-28T07:43:42.7039878Z Checks queued: connected-tests, cross-device-tests, web-lint-and-test, test
2026-04-28T07:43:42.7040235Z Checks completed: maybe-label
2026-04-28T07:43:42.7040444Z Checks after Regexp filter:
2026-04-28T07:43:42.7040761Z Checks queued: connected-tests, cross-device-tests, web-lint-and-test, test
2026-04-28T07:43:42.7041112Z Checks completed: maybe-label
2026-04-28T07:43:42.7041429Z The requested checks aren't complete yet, will check back in 15 seconds...
2026-04-28T07:43:42.7041771Z Checks running on ref:
2026-04-28T07:43:42.7042073Z Checks queued: connected-tests, cross-device-tests, web-lint-and-test, test
2026-04-28T07:43:42.7042434Z Checks completed: maybe-label
2026-04-28T07:43:42.7042646Z Checks in_progress: Auto-merge
2026-04-28T07:43:42.7042870Z Checks after ignore checks filter:
2026-04-28T07:43:42.7043204Z Checks queued: connected-tests, cross-device-tests, web-lint-and-test, test
2026-04-28T07:43:42.7043555Z Checks completed: maybe-label
2026-04-28T07:43:42.7043772Z Checks after check_name filter:
2026-04-28T07:43:42.7044098Z Checks queued: connected-tests, cross-device-tests, web-lint-and-test, test
2026-04-28T07:43:42.7044445Z Checks completed: maybe-label
2026-04-28T07:43:42.7044658Z Checks after Regexp filter:
2026-04-28T07:43:42.7044965Z Checks queued: connected-tests, cross-device-tests, web-lint-and-test, test
2026-04-28T07:43:42.7045712Z Checks completed: maybe-label
2026-04-28T07:43:42.7046035Z The requested checks aren't complete yet, will check back in 15 seconds...
2026-04-28T07:43:42.7046375Z Checks running on ref:
2026-04-28T07:43:42.7046825Z Checks queued: connected-tests, cross-device-tests, web-lint-and-test, test
2026-04-28T07:43:42.7047189Z Checks completed: maybe-label
2026-04-28T07:43:42.7047403Z Checks in_progress: Auto-merge
2026-04-28T07:43:42.7047627Z Checks after ignore checks filter:
2026-04-28T07:43:42.7048163Z Checks queued: connected-tests, cross-device-tests, web-lint-and-test, test
2026-04-28T07:43:42.7048576Z Checks completed: maybe-label
2026-04-28T07:43:42.7048793Z Checks after check_name filter:
2026-04-28T07:43:42.7049113Z Checks queued: connected-tests, cross-device-tests, web-lint-and-test, test
2026-04-28T07:43:42.7049470Z Checks completed: maybe-label
2026-04-28T07:43:42.7049679Z Checks after Regexp filter:
2026-04-28T07:43:42.7049997Z Checks queued: connected-tests, cross-device-tests, web-lint-and-test, test
2026-04-28T07:43:42.7050362Z Checks completed: maybe-label
2026-04-28T07:43:42.7050665Z The requested checks aren't complete yet, will check back in 15 seconds...
2026-04-28T07:43:42.7051018Z Checks running on ref:
2026-04-28T07:43:42.7051316Z Checks queued: connected-tests, cross-device-tests, web-lint-and-test, test
2026-04-28T07:43:42.7051661Z Checks completed: maybe-label
2026-04-28T07:43:42.7051876Z Checks in_progress: Auto-merge
2026-04-28T07:43:42.7052095Z Checks after ignore checks filter:
2026-04-28T07:43:42.7052431Z Checks queued: connected-tests, cross-device-tests, web-lint-and-test, test
2026-04-28T07:43:42.7052787Z Checks completed: maybe-label
2026-04-28T07:43:42.7052999Z Checks after check_name filter:
2026-04-28T07:43:42.7053322Z Checks queued: connected-tests, cross-device-tests, web-lint-and-test, test
2026-04-28T07:43:42.7053751Z Checks completed: maybe-label
2026-04-28T07:43:42.7053958Z Checks after Regexp filter:
2026-04-28T07:43:42.7054273Z Checks queued: connected-tests, cross-device-tests, web-lint-and-test, test
2026-04-28T07:43:42.7054631Z Checks completed: maybe-label
2026-04-28T07:43:42.7054932Z The requested checks aren't complete yet, will check back in 15 seconds...
2026-04-28T07:43:42.7055273Z Checks running on ref:
2026-04-28T07:43:42.7055575Z Checks queued: connected-tests, cross-device-tests, web-lint-and-test, test
2026-04-28T07:43:42.7055927Z Checks completed: maybe-label
2026-04-28T07:43:42.7056138Z Checks in_progress: Auto-merge
2026-04-28T07:43:42.7056348Z Checks after ignore checks filter:
2026-04-28T07:43:42.7056684Z Checks queued: connected-tests, cross-device-tests, web-lint-and-test, test
2026-04-28T07:43:42.7057036Z Checks completed: maybe-label
2026-04-28T07:43:42.7057241Z Checks after check_name filter:
2026-04-28T07:43:42.7057562Z Checks queued: connected-tests, cross-device-tests, web-lint-and-test, test
2026-04-28T07:43:42.7057909Z Checks completed: maybe-label
2026-04-28T07:43:42.7058400Z Checks after Regexp filter:
2026-04-28T07:43:42.7058717Z Checks queued: connected-tests, cross-device-tests, web-lint-and-test, test
2026-04-28T07:43:42.7059077Z Checks completed: maybe-label
2026-04-28T07:43:42.7059399Z The requested checks aren't complete yet, will check back in 15 seconds...
2026-04-28T07:43:42.7059744Z Checks running on ref:
2026-04-28T07:43:42.7060038Z Checks queued: connected-tests, cross-device-tests, web-lint-and-test, test
2026-04-28T07:43:42.7060393Z Checks completed: maybe-label
2026-04-28T07:43:42.7060602Z Checks in_progress: Auto-merge
2026-04-28T07:43:42.7060819Z Checks after ignore checks filter:
2026-04-28T07:43:42.7061153Z Checks queued: connected-tests, cross-device-tests, web-lint-and-test, test
2026-04-28T07:43:42.7061517Z Checks completed: maybe-label
2026-04-28T07:43:42.7061735Z Checks after check_name filter:
2026-04-28T07:43:42.7062057Z Checks queued: connected-tests, cross-device-tests, web-lint-and-test, test
2026-04-28T07:43:42.7062421Z Checks completed: maybe-label
2026-04-28T07:43:42.7062642Z Checks after Regexp filter:
2026-04-28T07:43:42.7063100Z Checks queued: connected-tests, cross-device-tests, web-lint-and-test, test
2026-04-28T07:43:42.7063460Z Checks completed: maybe-label
2026-04-28T07:43:42.7063889Z The requested checks aren't complete yet, will check back in 15 seconds...
2026-04-28T07:43:42.7064227Z Checks running on ref:
2026-04-28T07:43:42.7064529Z Checks queued: connected-tests, cross-device-tests, web-lint-and-test, test
2026-04-28T07:43:42.7065113Z Checks completed: maybe-label
2026-04-28T07:43:42.7084229Z Checks in_progress: Auto-merge
2026-04-28T07:43:42.7084620Z Checks after ignore checks filter:
2026-04-28T07:43:42.7085195Z Checks queued: connected-tests, cross-device-tests, web-lint-and-test, test
2026-04-28T07:43:42.7085876Z Checks completed: maybe-label
2026-04-28T07:43:42.7086124Z Checks after check_name filter:
2026-04-28T07:43:42.7086482Z Checks queued: connected-tests, cross-device-tests, web-lint-and-test, test
2026-04-28T07:43:42.7086871Z Checks completed: maybe-label
2026-04-28T07:43:42.7087095Z Checks after Regexp filter:
2026-04-28T07:43:42.7087437Z Checks queued: connected-tests, cross-device-tests, web-lint-and-test, test
2026-04-28T07:43:42.7087793Z Checks completed: maybe-label
2026-04-28T07:43:42.7088360Z The requested checks aren't complete yet, will check back in 15 seconds...
2026-04-28T07:43:42.7088715Z Checks running on ref:
2026-04-28T07:43:42.7089022Z Checks queued: connected-tests, cross-device-tests, web-lint-and-test, test
2026-04-28T07:43:42.7089386Z Checks completed: maybe-label
2026-04-28T07:43:42.7089612Z Checks in_progress: Auto-merge
2026-04-28T07:43:42.7089836Z Checks after ignore checks filter:
2026-04-28T07:43:42.7090175Z Checks queued: connected-tests, cross-device-tests, web-lint-and-test, test
2026-04-28T07:43:42.7090539Z Checks completed: maybe-label
2026-04-28T07:43:42.7090759Z Checks after check_name filter:
2026-04-28T07:43:42.7091090Z Checks queued: connected-tests, cross-device-tests, web-lint-and-test, test
2026-04-28T07:43:42.7091439Z Checks completed: maybe-label
2026-04-28T07:43:42.7091697Z Checks after Regexp filter:
2026-04-28T07:43:42.7092033Z Checks queued: connected-tests, cross-device-tests, web-lint-and-test, test
2026-04-28T07:43:42.7092383Z Checks completed: maybe-label
2026-04-28T07:43:42.7092696Z The requested checks aren't complete yet, will check back in 15 seconds...
2026-04-28T07:43:42.7093031Z Checks running on ref:
2026-04-28T07:43:42.7093332Z Checks queued: connected-tests, cross-device-tests, web-lint-and-test, test
2026-04-28T07:43:42.7093684Z Checks completed: maybe-label
2026-04-28T07:43:42.7093899Z Checks in_progress: Auto-merge
2026-04-28T07:43:42.7094119Z Checks after ignore checks filter:
2026-04-28T07:43:42.7094453Z Checks queued: connected-tests, cross-device-tests, web-lint-and-test, test
2026-04-28T07:43:42.7094795Z Checks completed: maybe-label
2026-04-28T07:43:42.7095007Z Checks after check_name filter:
2026-04-28T07:43:42.7095318Z Checks queued: connected-tests, cross-device-tests, web-lint-and-test, test
2026-04-28T07:43:42.7095663Z Checks completed: maybe-label
2026-04-28T07:43:42.7095875Z Checks after Regexp filter:
2026-04-28T07:43:42.7096196Z Checks queued: connected-tests, cross-device-tests, web-lint-and-test, test
2026-04-28T07:43:42.7096548Z Checks completed: maybe-label
2026-04-28T07:43:42.7096858Z The requested checks aren't complete yet, will check back in 15 seconds...
2026-04-28T07:43:42.7097194Z Checks running on ref:
2026-04-28T07:43:42.7097492Z Checks queued: connected-tests, cross-device-tests, web-lint-and-test, test
2026-04-28T07:43:42.7097839Z Checks completed: maybe-label
2026-04-28T07:43:42.7098250Z Checks in_progress: Auto-merge
2026-04-28T07:43:42.7098473Z Checks after ignore checks filter:
2026-04-28T07:43:42.7098799Z Checks queued: connected-tests, cross-device-tests, web-lint-and-test, test
2026-04-28T07:43:42.7099151Z Checks completed: maybe-label
2026-04-28T07:43:42.7099375Z Checks after check_name filter:
2026-04-28T07:43:42.7099702Z Checks queued: connected-tests, cross-device-tests, web-lint-and-test, test
2026-04-28T07:43:42.7100263Z Checks completed: maybe-label
2026-04-28T07:43:42.7100474Z Checks after Regexp filter:
2026-04-28T07:43:42.7100888Z Checks queued: connected-tests, cross-device-tests, web-lint-and-test, test
2026-04-28T07:43:42.7101250Z Checks completed: maybe-label
2026-04-28T07:43:42.7101556Z The requested checks aren't complete yet, will check back in 15 seconds...
2026-04-28T07:43:42.7101896Z Checks running on ref:
2026-04-28T07:43:42.7102282Z Checks queued: lint-and-test, autofix, connected-tests, cross-device-tests, web-lint-and-test, test
2026-04-28T07:43:42.7102718Z Checks completed: maybe-label
2026-04-28T07:43:42.7102928Z Checks in_progress: Auto-merge
2026-04-28T07:43:42.7103145Z Checks after ignore checks filter:
2026-04-28T07:43:42.7103544Z Checks queued: lint-and-test, autofix, connected-tests, cross-device-tests, web-lint-and-test, test
2026-04-28T07:43:42.7103977Z Checks completed: maybe-label
2026-04-28T07:43:42.7104181Z Checks after check_name filter:
2026-04-28T07:43:42.7104578Z Checks queued: lint-and-test, autofix, connected-tests, cross-device-tests, web-lint-and-test, test
2026-04-28T07:43:42.7105006Z Checks completed: maybe-label
2026-04-28T07:43:42.7105214Z Checks after Regexp filter:
2026-04-28T07:43:42.7105600Z Checks queued: lint-and-test, autofix, connected-tests, cross-device-tests, web-lint-and-test, test
2026-04-28T07:43:42.7106025Z Checks completed: maybe-label
2026-04-28T07:43:42.7106326Z The requested checks aren't complete yet, will check back in 15 seconds...
2026-04-28T07:43:42.7106664Z Checks running on ref:
2026-04-28T07:43:42.7107025Z Checks queued: lint-and-test, autofix, connected-tests, cross-device-tests, web-lint-and-test, test
2026-04-28T07:43:42.7107448Z Checks completed: maybe-label
2026-04-28T07:43:42.7107658Z Checks in_progress: Auto-merge
2026-04-28T07:43:42.7107867Z Checks after ignore checks filter:
2026-04-28T07:43:42.7108560Z Checks queued: lint-and-test, autofix, connected-tests, cross-device-tests, web-lint-and-test, test
2026-04-28T07:46:17.9900405Z Checks completed: maybe-label
2026-04-28T07:46:17.9900857Z Checks after check_name filter:
2026-04-28T07:46:17.9901361Z Checks queued: lint-and-test, autofix, connected-tests, cross-device-tests, web-lint-and-test, test
2026-04-28T07:46:17.9902188Z Checks completed: maybe-label
2026-04-28T07:46:17.9902508Z Checks after Regexp filter:
2026-04-28T07:46:17.9903183Z Checks queued: lint-and-test, autofix, connected-tests, cross-device-tests, web-lint-and-test, test
2026-04-28T07:46:17.9903961Z Checks completed: maybe-label
2026-04-28T07:46:17.9904399Z The requested checks aren't complete yet, will check back in 15 seconds...
2026-04-28T07:46:17.9904769Z Checks running on ref:
2026-04-28T07:46:17.9905167Z Checks queued: lint-and-test, autofix, connected-tests, cross-device-tests, web-lint-and-test, test
2026-04-28T07:46:17.9905615Z Checks completed: maybe-label
2026-04-28T07:46:17.9905840Z Checks in_progress: Auto-merge
2026-04-28T07:46:17.9906062Z Checks after ignore checks filter:
2026-04-28T07:46:17.9906494Z Checks queued: lint-and-test, autofix, connected-tests, cross-device-tests, web-lint-and-test, test
2026-04-28T07:46:17.9906931Z Checks completed: maybe-label
2026-04-28T07:46:17.9907154Z Checks after check_name filter:
2026-04-28T07:46:17.9907562Z Checks queued: lint-and-test, autofix, connected-tests, cross-device-tests, web-lint-and-test, test
2026-04-28T07:46:17.9908353Z Checks completed: maybe-label
2026-04-28T07:46:17.9908663Z Checks after Regexp filter:
2026-04-28T07:46:17.9909134Z Checks queued: lint-and-test, autofix, connected-tests, cross-device-tests, web-lint-and-test, test
2026-04-28T07:46:17.9909586Z Checks completed: maybe-label
2026-04-28T07:46:17.9909921Z The requested checks aren't complete yet, will check back in 15 seconds...
2026-04-28T07:46:17.9910262Z Checks running on ref:
2026-04-28T07:46:17.9910648Z Checks queued: lint-and-test, autofix, connected-tests, cross-device-tests, web-lint-and-test, test
2026-04-28T07:46:17.9911099Z Checks completed: maybe-label
2026-04-28T07:46:17.9911792Z Checks in_progress: Auto-merge
2026-04-28T07:46:17.9912022Z Checks after ignore checks filter:
2026-04-28T07:46:17.9912603Z Checks queued: lint-and-test, autofix, connected-tests, cross-device-tests, web-lint-and-test, test
2026-04-28T07:46:17.9913074Z Checks completed: maybe-label
2026-04-28T07:46:17.9913302Z Checks after check_name filter:
2026-04-28T07:46:17.9913710Z Checks queued: lint-and-test, autofix, connected-tests, cross-device-tests, web-lint-and-test, test
2026-04-28T07:46:17.9914158Z Checks completed: maybe-label
2026-04-28T07:46:17.9914376Z Checks after Regexp filter:
2026-04-28T07:46:17.9914765Z Checks queued: lint-and-test, autofix, connected-tests, cross-device-tests, web-lint-and-test, test
2026-04-28T07:46:17.9915202Z Checks completed: maybe-label
2026-04-28T07:46:17.9915521Z The requested checks aren't complete yet, will check back in 15 seconds...
2026-04-28T07:46:17.9915868Z Checks running on ref:
2026-04-28T07:46:17.9916250Z Checks queued: lint-and-test, autofix, connected-tests, cross-device-tests, web-lint-and-test, test
2026-04-28T07:46:17.9916700Z Checks completed: maybe-label
2026-04-28T07:46:17.9916914Z Checks in_progress: Auto-merge
2026-04-28T07:46:17.9917138Z Checks after ignore checks filter:
2026-04-28T07:46:17.9917543Z Checks queued: lint-and-test, autofix, connected-tests, cross-device-tests, web-lint-and-test, test
2026-04-28T07:46:17.9918193Z Checks completed: maybe-label
2026-04-28T07:46:17.9918467Z Checks after check_name filter:
2026-04-28T07:46:17.9918860Z Checks queued: lint-and-test, autofix, connected-tests, cross-device-tests, web-lint-and-test, test
2026-04-28T07:46:17.9919296Z Checks completed: maybe-label
2026-04-28T07:46:17.9919501Z Checks after Regexp filter:
2026-04-28T07:46:17.9919887Z Checks queued: lint-and-test, autofix, connected-tests, cross-device-tests, web-lint-and-test, test
2026-04-28T07:46:17.9920326Z Checks completed: maybe-label
2026-04-28T07:46:17.9920633Z The requested checks aren't complete yet, will check back in 15 seconds...
2026-04-28T07:46:17.9920981Z Checks running on ref:
2026-04-28T07:46:17.9921357Z Checks queued: lint-and-test, autofix, connected-tests, cross-device-tests, web-lint-and-test, test
2026-04-28T07:46:17.9921789Z Checks completed: maybe-label
2026-04-28T07:46:17.9922000Z Checks in_progress: Auto-merge
2026-04-28T07:46:17.9922211Z Checks after ignore checks filter:
2026-04-28T07:46:17.9922617Z Checks queued: lint-and-test, autofix, connected-tests, cross-device-tests, web-lint-and-test, test
2026-04-28T07:46:17.9923051Z Checks completed: maybe-label
2026-04-28T07:46:17.9923255Z Checks after check_name filter:
2026-04-28T07:46:17.9923650Z Checks queued: lint-and-test, autofix, connected-tests, cross-device-tests, web-lint-and-test, test
2026-04-28T07:46:17.9924087Z Checks completed: maybe-label
2026-04-28T07:46:17.9924294Z Checks after Regexp filter:
2026-04-28T07:46:17.9924677Z Checks queued: lint-and-test, autofix, connected-tests, cross-device-tests, web-lint-and-test, test
2026-04-28T07:46:17.9925100Z Checks completed: maybe-label
2026-04-28T07:46:17.9925414Z The requested checks aren't complete yet, will check back in 15 seconds...
2026-04-28T07:46:17.9925752Z Checks running on ref:
2026-04-28T07:46:17.9926118Z Checks queued: lint-and-test, autofix, connected-tests, cross-device-tests, web-lint-and-test
2026-04-28T07:46:17.9926550Z Checks in_progress: test, Auto-merge
2026-04-28T07:46:17.9926792Z Checks completed: maybe-label
2026-04-28T07:46:17.9927018Z Checks after ignore checks filter:
2026-04-28T07:46:17.9927408Z Checks queued: lint-and-test, autofix, connected-tests, cross-device-tests, web-lint-and-test
2026-04-28T07:46:17.9927821Z Checks in_progress: test
2026-04-28T07:46:17.9928318Z Checks completed: maybe-label
2026-04-28T07:46:17.9928604Z Checks after check_name filter:
2026-04-28T07:46:17.9928986Z Checks queued: lint-and-test, autofix, connected-tests, cross-device-tests, web-lint-and-test
2026-04-28T07:46:17.9929405Z Checks in_progress: test
2026-04-28T07:46:17.9929608Z Checks completed: maybe-label
2026-04-28T07:46:17.9930173Z Checks after Regexp filter:
2026-04-28T07:46:17.9930545Z Checks queued: lint-and-test, autofix, connected-tests, cross-device-tests, web-lint-and-test
2026-04-28T07:46:17.9931061Z Checks in_progress: test
2026-04-28T07:46:17.9931264Z Checks completed: maybe-label
2026-04-28T07:46:17.9931580Z The requested checks aren't complete yet, will check back in 15 seconds...
2026-04-28T07:46:17.9931915Z Checks running on ref:
2026-04-28T07:46:17.9932271Z Checks queued: lint-and-test, autofix, connected-tests, cross-device-tests, web-lint-and-test
2026-04-28T07:46:17.9932685Z Checks in_progress: test, Auto-merge
2026-04-28T07:46:17.9932920Z Checks completed: maybe-label
2026-04-28T07:46:17.9933142Z Checks after ignore checks filter:
2026-04-28T07:46:17.9933526Z Checks queued: lint-and-test, autofix, connected-tests, cross-device-tests, web-lint-and-test
2026-04-28T07:46:17.9933939Z Checks in_progress: test
2026-04-28T07:46:17.9934138Z Checks completed: maybe-label
2026-04-28T07:46:17.9934347Z Checks after check_name filter:
2026-04-28T07:46:17.9934735Z Checks queued: lint-and-test, autofix, connected-tests, cross-device-tests, web-lint-and-test
2026-04-28T07:46:17.9935138Z Checks in_progress: test
2026-04-28T07:46:17.9935342Z Checks completed: maybe-label
2026-04-28T07:46:17.9935554Z Checks after Regexp filter:
2026-04-28T07:46:17.9935915Z Checks queued: lint-and-test, autofix, connected-tests, cross-device-tests, web-lint-and-test
2026-04-28T07:46:17.9936319Z Checks in_progress: test
2026-04-28T07:46:17.9936511Z Checks completed: maybe-label
2026-04-28T07:46:17.9936822Z The requested checks aren't complete yet, will check back in 15 seconds...
2026-04-28T07:46:17.9937163Z Checks running on ref:
2026-04-28T07:46:17.9937408Z Checks completed: capture-failure-log, test, maybe-label
2026-04-28T07:46:17.9937808Z Checks queued: lint-and-test, autofix, connected-tests, cross-device-tests
2026-04-28T07:46:17.9938348Z Checks in_progress: web-lint-and-test, Auto-merge
2026-04-28T07:46:17.9938622Z Checks after ignore checks filter:
2026-04-28T07:46:17.9938915Z Checks completed: capture-failure-log, test, maybe-label
2026-04-28T07:46:17.9939326Z Checks queued: lint-and-test, autofix, connected-tests, cross-device-tests
2026-04-28T07:46:17.9939699Z Checks in_progress: web-lint-and-test
2026-04-28T07:46:17.9939941Z Checks after check_name filter:
2026-04-28T07:46:17.9940204Z Checks completed: capture-failure-log, test, maybe-label
2026-04-28T07:46:17.9940596Z Checks queued: lint-and-test, autofix, connected-tests, cross-device-tests
2026-04-28T07:46:17.9940950Z Checks in_progress: web-lint-and-test
2026-04-28T07:46:17.9941182Z Checks after Regexp filter:
2026-04-28T07:46:17.9941444Z Checks completed: capture-failure-log, test, maybe-label
2026-04-28T07:46:17.9941832Z Checks queued: lint-and-test, autofix, connected-tests, cross-device-tests
2026-04-28T07:46:17.9942190Z Checks in_progress: web-lint-and-test
2026-04-28T07:46:17.9942523Z The requested checks aren't complete yet, will check back in 15 seconds...
2026-04-28T07:46:17.9942860Z Checks running on ref:
2026-04-28T07:46:17.9943174Z Checks queued: e2e, lint-and-test, autofix, connected-tests, cross-device-tests
2026-04-28T07:46:17.9943661Z Checks completed: capture-failure-log, web-lint-and-test, test, maybe-label
2026-04-28T07:46:17.9944027Z Checks in_progress: Auto-merge
2026-04-28T07:46:17.9944249Z Checks after ignore checks filter:
2026-04-28T07:46:17.9944584Z Checks queued: e2e, lint-and-test, autofix, connected-tests, cross-device-tests
2026-04-28T07:46:17.9945058Z Checks completed: capture-failure-log, web-lint-and-test, test, maybe-label
2026-04-28T07:46:17.9945420Z Checks after check_name filter:
2026-04-28T07:46:17.9945743Z Checks queued: e2e, lint-and-test, autofix, connected-tests, cross-device-tests
2026-04-28T07:46:17.9946213Z Checks completed: capture-failure-log, web-lint-and-test, test, maybe-label
2026-04-28T07:46:17.9946569Z Checks after Regexp filter:
2026-04-28T07:46:17.9946885Z Checks queued: e2e, lint-and-test, autofix, connected-tests, cross-device-tests
2026-04-28T07:46:17.9947487Z Checks completed: capture-failure-log, web-lint-and-test, test, maybe-label
2026-04-28T07:46:17.9948276Z The requested checks aren't complete yet, will check back in 15 seconds...
2026-04-28T07:46:17.9948710Z Checks running on ref:
2026-04-28T07:46:17.9949031Z Checks queued: e2e, lint-and-test, autofix, connected-tests, cross-device-tests
2026-04-28T07:46:17.9949564Z Checks completed: capture-failure-log, web-lint-and-test, test, maybe-label
2026-04-28T07:46:17.9950214Z Checks in_progress: Auto-merge
2026-04-28T07:46:17.9950597Z Checks after ignore checks filter:
2026-04-28T07:46:17.9951001Z Checks queued: e2e, lint-and-test, autofix, connected-tests, cross-device-tests
2026-04-28T07:46:17.9951478Z Checks completed: capture-failure-log, web-lint-and-test, test, maybe-label
2026-04-28T07:46:17.9951842Z Checks after check_name filter:
2026-04-28T07:46:17.9952173Z Checks queued: e2e, lint-and-test, autofix, connected-tests, cross-device-tests
2026-04-28T07:46:17.9952641Z Checks completed: capture-failure-log, web-lint-and-test, test, maybe-label
2026-04-28T07:46:17.9953007Z Checks after Regexp filter:
2026-04-28T07:46:17.9953338Z Checks queued: e2e, lint-and-test, autofix, connected-tests, cross-device-tests
2026-04-28T07:46:17.9953815Z Checks completed: capture-failure-log, web-lint-and-test, test, maybe-label
2026-04-28T07:46:17.9954278Z The requested checks aren't complete yet, will check back in 15 seconds...
2026-04-28T07:46:17.9954616Z Checks running on ref:
2026-04-28T07:46:17.9954928Z Checks queued: e2e, lint-and-test, autofix, connected-tests, cross-device-tests
2026-04-28T07:46:17.9955414Z Checks completed: capture-failure-log, web-lint-and-test, test, maybe-label
2026-04-28T07:46:17.9955772Z Checks in_progress: Auto-merge
2026-04-28T07:46:17.9955994Z Checks after ignore checks filter:
2026-04-28T07:46:17.9956339Z Checks queued: e2e, lint-and-test, autofix, connected-tests, cross-device-tests
2026-04-28T07:46:17.9956803Z Checks completed: capture-failure-log, web-lint-and-test, test, maybe-label
2026-04-28T07:46:17.9957164Z Checks after check_name filter:
2026-04-28T07:46:17.9957489Z Checks queued: e2e, lint-and-test, autofix, connected-tests, cross-device-tests
2026-04-28T07:46:17.9957961Z Checks completed: capture-failure-log, web-lint-and-test, test, maybe-label
2026-04-28T07:46:17.9958559Z Checks after Regexp filter:
2026-04-28T07:48:53.5066874Z Checks queued: e2e, lint-and-test, autofix, connected-tests, cross-device-tests
2026-04-28T07:48:53.5067921Z Checks completed: capture-failure-log, web-lint-and-test, test, maybe-label
2026-04-28T07:48:53.5068995Z The requested checks aren't complete yet, will check back in 15 seconds...
2026-04-28T07:48:53.5069636Z Checks running on ref:
2026-04-28T07:48:53.5070133Z Checks queued: e2e, lint-and-test, autofix, connected-tests, cross-device-tests
2026-04-28T07:48:53.5070918Z Checks completed: capture-failure-log, web-lint-and-test, test, maybe-label
2026-04-28T07:48:53.5071515Z Checks in_progress: Auto-merge
2026-04-28T07:48:53.5071904Z Checks after ignore checks filter:
2026-04-28T07:48:53.5072456Z Checks queued: e2e, lint-and-test, autofix, connected-tests, cross-device-tests
2026-04-28T07:48:53.5073236Z Checks completed: capture-failure-log, web-lint-and-test, test, maybe-label
2026-04-28T07:48:53.5073824Z Checks after check_name filter:
2026-04-28T07:48:53.5074349Z Checks queued: e2e, lint-and-test, autofix, connected-tests, cross-device-tests
2026-04-28T07:48:53.5075116Z Checks completed: capture-failure-log, web-lint-and-test, test, maybe-label
2026-04-28T07:48:53.5075712Z Checks after Regexp filter:
2026-04-28T07:48:53.5076229Z Checks queued: e2e, lint-and-test, autofix, connected-tests, cross-device-tests
2026-04-28T07:48:53.5076970Z Checks completed: capture-failure-log, web-lint-and-test, test, maybe-label
2026-04-28T07:48:53.5077721Z The requested checks aren't complete yet, will check back in 15 seconds...
2026-04-28T07:48:53.5078439Z Checks running on ref:
2026-04-28T07:48:53.5078922Z Checks queued: e2e, lint-and-test, autofix, connected-tests, cross-device-tests
2026-04-28T07:48:53.5080142Z Checks completed: capture-failure-log, web-lint-and-test, test, maybe-label
2026-04-28T07:48:53.5080911Z Checks in_progress: Auto-merge
2026-04-28T07:48:53.5081274Z Checks after ignore checks filter:
2026-04-28T07:48:53.5081810Z Checks queued: e2e, lint-and-test, autofix, connected-tests, cross-device-tests
2026-04-28T07:48:53.5082567Z Checks completed: capture-failure-log, web-lint-and-test, test, maybe-label
2026-04-28T07:48:53.5083140Z Checks after check_name filter:
2026-04-28T07:48:53.5083648Z Checks queued: e2e, lint-and-test, autofix, connected-tests, cross-device-tests
2026-04-28T07:48:53.5084409Z Checks completed: capture-failure-log, web-lint-and-test, test, maybe-label
2026-04-28T07:48:53.5084980Z Checks after Regexp filter:
2026-04-28T07:48:53.5085485Z Checks queued: e2e, lint-and-test, autofix, connected-tests, cross-device-tests
2026-04-28T07:48:53.5086247Z Checks completed: capture-failure-log, web-lint-and-test, test, maybe-label
2026-04-28T07:48:53.5086988Z The requested checks aren't complete yet, will check back in 15 seconds...
2026-04-28T07:48:53.5087515Z Checks running on ref:
2026-04-28T07:48:53.5088185Z Checks queued: e2e, lint-and-test, autofix, connected-tests, cross-device-tests
2026-04-28T07:48:53.5088946Z Checks completed: capture-failure-log, web-lint-and-test, test, maybe-label
2026-04-28T07:48:53.5089530Z Checks in_progress: Auto-merge
2026-04-28T07:48:53.5089872Z Checks after ignore checks filter:
2026-04-28T07:48:53.5090398Z Checks queued: e2e, lint-and-test, autofix, connected-tests, cross-device-tests
2026-04-28T07:48:53.5091149Z Checks completed: capture-failure-log, web-lint-and-test, test, maybe-label
2026-04-28T07:48:53.5091722Z Checks after check_name filter:
2026-04-28T07:48:53.5092236Z Checks queued: e2e, lint-and-test, autofix, connected-tests, cross-device-tests
2026-04-28T07:48:53.5093001Z Checks completed: capture-failure-log, web-lint-and-test, test, maybe-label
2026-04-28T07:48:53.5093577Z Checks after Regexp filter:
2026-04-28T07:48:53.5094103Z Checks queued: e2e, lint-and-test, autofix, connected-tests, cross-device-tests
2026-04-28T07:48:53.5094869Z Checks completed: capture-failure-log, web-lint-and-test, test, maybe-label
2026-04-28T07:48:53.5095620Z The requested checks aren't complete yet, will check back in 15 seconds...
2026-04-28T07:48:53.5096174Z Checks running on ref:
2026-04-28T07:48:53.5096665Z Checks queued: e2e, lint-and-test, autofix, connected-tests, cross-device-tests
2026-04-28T07:48:53.5097417Z Checks completed: capture-failure-log, web-lint-and-test, test, maybe-label
2026-04-28T07:48:53.5098161Z Checks in_progress: Auto-merge
2026-04-28T07:48:53.5098511Z Checks after ignore checks filter:
2026-04-28T07:48:53.5099038Z Checks queued: e2e, lint-and-test, autofix, connected-tests, cross-device-tests
2026-04-28T07:48:53.5099798Z Checks completed: capture-failure-log, web-lint-and-test, test, maybe-label
2026-04-28T07:48:53.5100420Z Checks after check_name filter:
2026-04-28T07:48:53.5100949Z Checks queued: e2e, lint-and-test, autofix, connected-tests, cross-device-tests
2026-04-28T07:48:53.5101706Z Checks completed: capture-failure-log, web-lint-and-test, test, maybe-label
2026-04-28T07:48:53.5102273Z Checks after Regexp filter:
2026-04-28T07:48:53.5102780Z Checks queued: e2e, lint-and-test, autofix, connected-tests, cross-device-tests
2026-04-28T07:48:53.5103534Z Checks completed: capture-failure-log, web-lint-and-test, test, maybe-label
2026-04-28T07:48:53.5104273Z The requested checks aren't complete yet, will check back in 15 seconds...
2026-04-28T07:48:53.5104825Z Checks running on ref:
2026-04-28T07:48:53.5105338Z Checks queued: e2e, lint-and-test, autofix, connected-tests, cross-device-tests
2026-04-28T07:48:53.5106105Z Checks completed: capture-failure-log, web-lint-and-test, test, maybe-label
2026-04-28T07:48:53.5106679Z Checks in_progress: Auto-merge
2026-04-28T07:48:53.5107026Z Checks after ignore checks filter:
2026-04-28T07:48:53.5107548Z Checks queued: e2e, lint-and-test, autofix, connected-tests, cross-device-tests
2026-04-28T07:48:53.5108639Z Checks completed: capture-failure-log, web-lint-and-test, test, maybe-label
2026-04-28T07:48:53.5109376Z Checks after check_name filter:
2026-04-28T07:48:53.5109959Z Checks queued: e2e, lint-and-test, autofix, connected-tests, cross-device-tests
2026-04-28T07:48:53.5110705Z Checks completed: capture-failure-log, web-lint-and-test, test, maybe-label
2026-04-28T07:48:53.5111280Z Checks after Regexp filter:
2026-04-28T07:48:53.5111789Z Checks queued: e2e, lint-and-test, autofix, connected-tests, cross-device-tests
2026-04-28T07:48:53.5112562Z Checks completed: capture-failure-log, web-lint-and-test, test, maybe-label
2026-04-28T07:48:53.5113286Z The requested checks aren't complete yet, will check back in 15 seconds...
2026-04-28T07:48:53.5113827Z Checks running on ref:
2026-04-28T07:48:53.5114305Z Checks queued: e2e, lint-and-test, autofix, connected-tests, cross-device-tests
2026-04-28T07:48:53.5115049Z Checks completed: capture-failure-log, web-lint-and-test, test, maybe-label
2026-04-28T07:48:53.5115638Z Checks in_progress: Auto-merge
2026-04-28T07:48:53.5115983Z Checks after ignore checks filter:
2026-04-28T07:48:53.5116515Z Checks queued: e2e, lint-and-test, autofix, connected-tests, cross-device-tests
2026-04-28T07:48:53.5117266Z Checks completed: capture-failure-log, web-lint-and-test, test, maybe-label
2026-04-28T07:48:53.5117830Z Checks after check_name filter:
2026-04-28T07:48:53.5118541Z Checks queued: e2e, lint-and-test, autofix, connected-tests, cross-device-tests
2026-04-28T07:48:53.5119304Z Checks completed: capture-failure-log, web-lint-and-test, test, maybe-label
2026-04-28T07:48:53.5119865Z Checks after Regexp filter:
2026-04-28T07:48:53.5120367Z Checks queued: e2e, lint-and-test, autofix, connected-tests, cross-device-tests
2026-04-28T07:48:53.5121120Z Checks completed: capture-failure-log, web-lint-and-test, test, maybe-label
2026-04-28T07:48:53.5121850Z The requested checks aren't complete yet, will check back in 15 seconds...
2026-04-28T07:48:53.5122406Z Checks running on ref:
2026-04-28T07:48:53.5122884Z Checks queued: e2e, lint-and-test, autofix, connected-tests, cross-device-tests
2026-04-28T07:48:53.5123629Z Checks completed: capture-failure-log, web-lint-and-test, test, maybe-label
2026-04-28T07:48:53.5124198Z Checks in_progress: Auto-merge
2026-04-28T07:48:53.5124533Z Checks after ignore checks filter:
2026-04-28T07:48:53.5125069Z Checks queued: e2e, lint-and-test, autofix, connected-tests, cross-device-tests
2026-04-28T07:48:53.5125819Z Checks completed: capture-failure-log, web-lint-and-test, test, maybe-label
2026-04-28T07:48:53.5126396Z Checks after check_name filter:
2026-04-28T07:48:53.5126911Z Checks queued: e2e, lint-and-test, autofix, connected-tests, cross-device-tests
2026-04-28T07:48:53.5127660Z Checks completed: capture-failure-log, web-lint-and-test, test, maybe-label
2026-04-28T07:48:53.5128379Z Checks after Regexp filter:
2026-04-28T07:48:53.5128881Z Checks queued: e2e, lint-and-test, autofix, connected-tests, cross-device-tests
2026-04-28T07:48:53.5129627Z Checks completed: capture-failure-log, web-lint-and-test, test, maybe-label
2026-04-28T07:48:53.5130357Z The requested checks aren't complete yet, will check back in 15 seconds...
2026-04-28T07:48:53.5130899Z Checks running on ref:
2026-04-28T07:48:53.5131372Z Checks queued: e2e, lint-and-test, autofix, connected-tests, cross-device-tests
2026-04-28T07:48:53.5132125Z Checks completed: capture-failure-log, web-lint-and-test, test, maybe-label
2026-04-28T07:48:53.5132707Z Checks in_progress: Auto-merge
2026-04-28T07:48:53.5133046Z Checks after ignore checks filter:
2026-04-28T07:48:53.5133584Z Checks queued: e2e, lint-and-test, autofix, connected-tests, cross-device-tests
2026-04-28T07:48:53.5134359Z Checks completed: capture-failure-log, web-lint-and-test, test, maybe-label
2026-04-28T07:48:53.5134972Z Checks after check_name filter:
2026-04-28T07:48:53.5135482Z Checks queued: e2e, lint-and-test, autofix, connected-tests, cross-device-tests
2026-04-28T07:48:53.5136393Z Checks completed: capture-failure-log, web-lint-and-test, test, maybe-label
2026-04-28T07:48:53.5136955Z Checks after Regexp filter:
2026-04-28T07:48:53.5137603Z Checks queued: e2e, lint-and-test, autofix, connected-tests, cross-device-tests
2026-04-28T07:48:53.5138522Z Checks completed: capture-failure-log, web-lint-and-test, test, maybe-label
2026-04-28T07:48:53.5139247Z The requested checks aren't complete yet, will check back in 15 seconds...
2026-04-28T07:48:53.5139771Z Checks running on ref:
2026-04-28T07:48:53.5140247Z Checks queued: e2e, lint-and-test, autofix, connected-tests, cross-device-tests
2026-04-28T07:48:53.5141000Z Checks completed: capture-failure-log, web-lint-and-test, test, maybe-label
2026-04-28T07:48:53.5141573Z Checks in_progress: Auto-merge
2026-04-28T07:48:53.5141961Z Checks after ignore checks filter:
2026-04-28T07:48:53.5142501Z Checks queued: e2e, lint-and-test, autofix, connected-tests, cross-device-tests
2026-04-28T07:48:53.5143249Z Checks completed: capture-failure-log, web-lint-and-test, test, maybe-label
2026-04-28T07:48:53.5143825Z Checks after check_name filter:
2026-04-28T07:48:53.5144343Z Checks queued: e2e, lint-and-test, autofix, connected-tests, cross-device-tests
2026-04-28T07:48:53.5145086Z Checks completed: capture-failure-log, web-lint-and-test, test, maybe-label
2026-04-28T07:48:53.5145659Z Checks after Regexp filter:
2026-04-28T07:48:53.5146159Z Checks queued: e2e, lint-and-test, autofix, connected-tests, cross-device-tests
2026-04-28T07:48:53.5146908Z Checks completed: capture-failure-log, web-lint-and-test, test, maybe-label
2026-04-28T07:48:53.5147639Z The requested checks aren't complete yet, will check back in 15 seconds...
2026-04-28T07:48:53.5148344Z Checks running on ref:
2026-04-28T07:48:53.5149545Z Checks completed: capture-failure-log, capture-failure-log, capture-failure-log, e2e, capture-failure-log, lint-and-test, autofix, connected-tests, cross-device-tests, web-lint-and-test, test, maybe-label
2026-04-28T07:48:53.5151737Z Checks in_progress: Auto-merge
2026-04-28T07:48:53.5152093Z Checks after ignore checks filter:
2026-04-28T07:48:53.5157531Z Checks completed: capture-failure-log, capture-failure-log, capture-failure-log, e2e, capture-failure-log, lint-and-test, autofix, connected-tests, cross-device-tests, web-lint-and-test, test, maybe-label
2026-04-28T07:48:53.5159079Z Checks after check_name filter:
2026-04-28T07:48:53.5160344Z Checks completed: capture-failure-log, capture-failure-log, capture-failure-log, e2e, capture-failure-log, lint-and-test, autofix, connected-tests, cross-device-tests, web-lint-and-test, test, maybe-label
2026-04-28T07:48:53.5161685Z Checks after Regexp filter:
2026-04-28T07:48:53.5162967Z Checks completed: capture-failure-log, capture-failure-log, capture-failure-log, e2e, capture-failure-log, lint-and-test, autofix, connected-tests, cross-device-tests, web-lint-and-test, test, maybe-label
2026-04-28T07:48:53.5164311Z Checks completed:
2026-04-28T07:48:53.5164642Z capture-failure-log: completed (skipped)
2026-04-28T07:48:53.5165092Z capture-failure-log: completed (skipped)
2026-04-28T07:48:53.5165515Z capture-failure-log: completed (skipped)
2026-04-28T07:48:53.5165930Z e2e: completed (cancelled)
2026-04-28T07:48:53.5166290Z capture-failure-log: completed (skipped)
2026-04-28T07:48:53.5166681Z lint-and-test: completed (cancelled)
2026-04-28T07:48:53.5167059Z autofix: completed (cancelled)
2026-04-28T07:48:53.5167405Z connected-tests: completed (cancelled)
2026-04-28T07:48:53.5167808Z cross-device-tests: completed (cancelled)
2026-04-28T07:48:53.5168388Z web-lint-and-test: completed (success)
2026-04-28T07:48:53.5168761Z test: completed (success)
2026-04-28T07:48:53.5169091Z maybe-label: completed (success)
2026-04-28T07:48:53.5170119Z The conclusion of one or more checks were not allowed. Allowed conclusions are: success, skipped, neutral. This can be configured with the 'allowed-conclusions' param.
2026-04-28T07:48:53.5270912Z ##[error]Process completed with exit code 1.
2026-04-28T07:48:53.5377886Z Post job cleanup.
2026-04-28T07:48:53.5423465Z Cleaning up orphan processes
2026-04-28T07:48:53.5812013Z ##[warning]Node.js 20 actions are deprecated. The following actions are running on Node.js 20 and may not work as expected: actions/cache@v4. Actions will be forced to run with Node.js 24 by default starting June 2nd, 2026. Node.js 20 will be removed from the runner on September 16th, 2026. Please check if updated versions of these actions are available that support Node.js 24. To opt into Node.js 24 now, set the FORCE_JAVASCRIPT_ACTIONS_TO_NODE24=true environment variable on the runner or in your workflow file. Once Node.js 24 becomes the default, you can temporarily opt out by setting ACTIONS_ALLOW_USE_UNSECURE_NODE_VERSION=true. For more information see: https://github.blog/changelog/2025-09-19-deprecation-of-node-20-on-github-actions-runners/
