=== CI FAILURE ===
Workflow:      Auto-merge & Release
Workflow file: akarlin3/prismTask/.github/workflows/auto-merge.yml@refs/pull/832/merge
Job(s):        Auto-merge
Run ID:        24976957932
Run attempt:   1
Run URL:       https://github.com/akarlin3/prismTask/actions/runs/24976957932
Commit:        769e821d4a593ac6f7a5ff9a2b736ea04b774595
Branch:        832/merge
Event:         pull_request
Actor:         akarlin3
Runner OS:     Linux
Timestamp:     2026-04-27T04:51:46.383Z

Failed steps:
  - Auto-merge: #4 Wait for all other CI checks to pass

=== FAILED JOB LOG ===

--- Job: Auto-merge (id 73130641858) ---
2026-04-27T04:43:31.1467545Z Current runner version: '2.333.1'
2026-04-27T04:43:31.1492975Z ##[group]Runner Image Provisioner
2026-04-27T04:43:31.1493834Z Hosted Compute Agent
2026-04-27T04:43:31.1494397Z Version: 20260213.493
2026-04-27T04:43:31.1495089Z Commit: 5c115507f6dd24b8de37d8bbe0bb4509d0cc0fa3
2026-04-27T04:43:31.1495745Z Build Date: 2026-02-13T00:28:41Z
2026-04-27T04:43:31.1496385Z Worker ID: {afd35884-470d-43fb-b4b1-bbf7e82ca382}
2026-04-27T04:43:31.1497130Z Azure Region: eastus2
2026-04-27T04:43:31.1497664Z ##[endgroup]
2026-04-27T04:43:31.1499953Z ##[group]Operating System
2026-04-27T04:43:31.1500681Z Ubuntu
2026-04-27T04:43:31.1501162Z 24.04.4
2026-04-27T04:43:31.1501857Z LTS
2026-04-27T04:43:31.1502391Z ##[endgroup]
2026-04-27T04:43:31.1502890Z ##[group]Runner Image
2026-04-27T04:43:31.1503416Z Image: ubuntu-24.04
2026-04-27T04:43:31.1503975Z Version: 20260413.86.1
2026-04-27T04:43:31.1505125Z Included Software: https://github.com/actions/runner-images/blob/ubuntu24/20260413.86/images/ubuntu/Ubuntu2404-Readme.md
2026-04-27T04:43:31.1506650Z Image Release: https://github.com/actions/runner-images/releases/tag/ubuntu24%2F20260413.86
2026-04-27T04:43:31.1507512Z ##[endgroup]
2026-04-27T04:43:31.1508812Z ##[group]GITHUB_TOKEN Permissions
2026-04-27T04:43:31.1511002Z Actions: read
2026-04-27T04:43:31.1512032Z Checks: read
2026-04-27T04:43:31.1512659Z Contents: write
2026-04-27T04:43:31.1513135Z Metadata: read
2026-04-27T04:43:31.1513643Z PullRequests: write
2026-04-27T04:43:31.1514166Z ##[endgroup]
2026-04-27T04:43:31.1516404Z Secret source: Actions
2026-04-27T04:43:31.1517396Z Prepare workflow directory
2026-04-27T04:43:31.1918283Z Prepare all required actions
2026-04-27T04:43:31.1957826Z Getting action download info
2026-04-27T04:43:31.4737572Z Download action repository 'lewagon/wait-on-check-action@ccfb013c15c8afb7bf2b7c028fb74dc5a068cccc' (SHA:ccfb013c15c8afb7bf2b7c028fb74dc5a068cccc)
2026-04-27T04:43:31.8350284Z Getting action download info
2026-04-27T04:43:31.9628060Z Download action repository 'ruby/setup-ruby@v1' (SHA:c4e5b1316158f92e3d49443a9d58b31d25ac0f8f)
2026-04-27T04:43:32.1928262Z Download action repository 'actions/cache@v4' (SHA:0057852bfaa89a56745cba8c7296529d2fc39830)
2026-04-27T04:43:32.3255737Z Complete job name: Auto-merge
2026-04-27T04:43:32.3939585Z ##[group]Run set -euo pipefail
2026-04-27T04:43:32.3940395Z [36;1mset -euo pipefail[0m
2026-04-27T04:43:32.3941382Z [36;1m# Audit item #5 — poll check-runs for up to 60s instead of a bare[0m
2026-04-27T04:43:32.3942378Z [36;1m# 20s sleep. On a busy runner cohort the initial 20s wasn't enough[0m
2026-04-27T04:43:32.3943307Z [36;1m# for the API to reflect queued workflow runs, which could merge[0m
2026-04-27T04:43:32.3944219Z [36;1m# PRs without waiting for CI. Bail out early as soon as ≥1 real[0m
2026-04-27T04:43:32.3944978Z [36;1m# check shows up.[0m
2026-04-27T04:43:32.3945501Z [36;1mCOUNT=0[0m
2026-04-27T04:43:32.3945987Z [36;1mfor i in $(seq 1 6); do[0m
2026-04-27T04:43:32.3946539Z [36;1m  sleep 10[0m
2026-04-27T04:43:32.3947191Z [36;1m  COUNT=$(gh api "repos/$REPO/commits/$HEAD_SHA/check-runs" \[0m
2026-04-27T04:43:32.3948140Z [36;1m    --jq '[.check_runs[] | select(.name != "Auto-merge")] | length')[0m
2026-04-27T04:43:32.3949000Z [36;1m  if [ "$COUNT" -gt 0 ]; then[0m
2026-04-27T04:43:32.3949749Z [36;1m    echo "Found $COUNT non-Auto-merge check(s) after ${i}0s"[0m
2026-04-27T04:43:32.3950475Z [36;1m    break[0m
2026-04-27T04:43:32.3950957Z [36;1m  fi[0m
2026-04-27T04:43:32.3951667Z [36;1m  echo "No non-Auto-merge checks yet (attempt $i/6)"[0m
2026-04-27T04:43:32.3952361Z [36;1mdone[0m
2026-04-27T04:43:32.3952842Z [36;1mif [ "$COUNT" -gt 0 ]; then[0m
2026-04-27T04:43:32.3953485Z [36;1m  echo "has_ci=true" >> "$GITHUB_OUTPUT"[0m
2026-04-27T04:43:32.3954115Z [36;1melse[0m
2026-04-27T04:43:32.3954632Z [36;1m  echo "has_ci=false" >> "$GITHUB_OUTPUT"[0m
2026-04-27T04:43:32.3955478Z [36;1m  echo "No CI checks on this PR after 60s — will merge without waiting."[0m
2026-04-27T04:43:32.3956259Z [36;1mfi[0m
2026-04-27T04:43:32.3983134Z shell: /usr/bin/bash -e {0}
2026-04-27T04:43:32.3983999Z env:
2026-04-27T04:43:32.3984472Z   WAIT_INTERVAL: 30
2026-04-27T04:43:32.3985303Z   GH_TOKEN: ***
2026-04-27T04:43:32.3985915Z   HEAD_SHA: cee899c6632afd91476733867375e6f6a1e8b533
2026-04-27T04:43:32.3986584Z   REPO: akarlin3/prismTask
2026-04-27T04:43:32.3987102Z ##[endgroup]
2026-04-27T04:43:42.8520596Z Found 9 non-Auto-merge check(s) after 10s
2026-04-27T04:43:42.8649122Z ##[group]Run set -euo pipefail
2026-04-27T04:43:42.8649554Z [36;1mset -euo pipefail[0m
2026-04-27T04:43:42.8650019Z [36;1mREQUIRED=$(gh api "repos/$REPO/branches/main/protection/required_status_checks" \[0m
2026-04-27T04:43:42.8650538Z [36;1m  --jq '.contexts[]' 2>/dev/null || true)[0m
2026-04-27T04:43:42.8650878Z [36;1mif [ -z "$REQUIRED" ]; then[0m
2026-04-27T04:43:42.8651694Z [36;1m  echo "::warning::Could not query branch protection (likely a permission issue) — using hardcoded fallback list."[0m
2026-04-27T04:43:42.8652314Z [36;1m  REQUIRED="$FALLBACK_REQUIRED"[0m
2026-04-27T04:43:42.8652635Z [36;1mfi[0m
2026-04-27T04:43:42.8652949Z [36;1m# Strip Auto-merge from the required list so we don't wait on[0m
2026-04-27T04:43:42.8653436Z [36;1m# ourselves (it's listed because we ARE the running workflow).[0m
2026-04-27T04:43:42.8653979Z [36;1mREQUIRED=$(echo "$REQUIRED" | grep -vE '^\s*Auto-merge\s*$' | grep -vE '^\s*$' || true)[0m
2026-04-27T04:43:42.8654493Z [36;1mif [ -z "$REQUIRED" ]; then[0m
2026-04-27T04:43:42.8654887Z [36;1m  echo "No required checks beyond Auto-merge; skipping queue wait."[0m
2026-04-27T04:43:42.8655291Z [36;1m  exit 0[0m
2026-04-27T04:43:42.8655540Z [36;1mfi[0m
2026-04-27T04:43:42.8655818Z [36;1mecho "Waiting until these required checks queue:"[0m
2026-04-27T04:43:42.8656186Z [36;1mecho "$REQUIRED" | sed 's/^/  /'[0m
2026-04-27T04:43:42.8656573Z [36;1m# 30 attempts × 10s = 5 min ceiling. If checks haven't queued[0m
2026-04-27T04:43:42.8657051Z [36;1m# by then something is genuinely broken (workflow file invalid,[0m
2026-04-27T04:43:42.8657547Z [36;1m# path filter excluding everything, etc.) — log and proceed so[0m
2026-04-27T04:43:42.8658002Z [36;1m# wait-on-check-action can decide how to handle it.[0m
2026-04-27T04:43:42.8658369Z [36;1mfor attempt in $(seq 1 30); do[0m
2026-04-27T04:43:42.8658804Z [36;1m  CHECK_RUNS=$(gh api --paginate "repos/$REPO/commits/$HEAD_SHA/check-runs" \[0m
2026-04-27T04:43:42.8659288Z [36;1m    --jq '.check_runs[].name' | sort -u)[0m
2026-04-27T04:43:42.8659622Z [36;1m  MISSING=""[0m
2026-04-27T04:43:42.8659893Z [36;1m  while IFS= read -r req; do[0m
2026-04-27T04:43:42.8660182Z [36;1m    [ -z "$req" ] && continue[0m
2026-04-27T04:43:42.8660495Z [36;1m    req_trimmed=$(echo "$req" | xargs)[0m
2026-04-27T04:43:42.8660900Z [36;1m    if ! echo "$CHECK_RUNS" | grep -qxF "$req_trimmed"; then[0m
2026-04-27T04:43:42.8661475Z [36;1m      MISSING="$MISSING $req_trimmed"[0m
2026-04-27T04:43:42.8661778Z [36;1m    fi[0m
2026-04-27T04:43:42.8662002Z [36;1m  done <<< "$REQUIRED"[0m
2026-04-27T04:43:42.8662393Z [36;1m  if [ -z "$MISSING" ]; then[0m
2026-04-27T04:43:42.8662825Z [36;1m    echo "All required checks have queued after attempt $attempt."[0m
2026-04-27T04:43:42.8663212Z [36;1m    exit 0[0m
2026-04-27T04:43:42.8663445Z [36;1m  fi[0m
2026-04-27T04:43:42.8663799Z [36;1m  echo "Still waiting for:$MISSING (attempt $attempt/30)"[0m
2026-04-27T04:43:42.8664193Z [36;1m  sleep 10[0m
2026-04-27T04:43:42.8664426Z [36;1mdone[0m
2026-04-27T04:43:42.8664976Z [36;1mecho "::warning::Some required checks never queued after 5 min:$MISSING — proceeding to wait-on-check-action anyway."[0m
2026-04-27T04:43:42.8688120Z shell: /usr/bin/bash -e {0}
2026-04-27T04:43:42.8688405Z env:
2026-04-27T04:43:42.8688616Z   WAIT_INTERVAL: 30
2026-04-27T04:43:42.8689357Z   GH_TOKEN: ***
2026-04-27T04:43:42.8689645Z   HEAD_SHA: cee899c6632afd91476733867375e6f6a1e8b533
2026-04-27T04:43:42.8689977Z   REPO: akarlin3/prismTask
2026-04-27T04:43:42.8690380Z   FALLBACK_REQUIRED: lint-and-test
connected-tests
test
web-lint-and-test

2026-04-27T04:43:42.8691046Z ##[endgroup]
2026-04-27T04:43:43.0245699Z Waiting until these required checks queue:
2026-04-27T04:43:43.0259776Z   {"message":"Resource not accessible by integration","documentation_url":"https://docs.github.com/rest/branches/branch-protection#get-status-checks-protection","status":"403"}
2026-04-27T04:43:43.3908195Z Still waiting for: {message:Resource not accessible by integration,documentation_url:https://docs.github.com/rest/branches/branch-protection#get-status-checks-protection,status:403} (attempt 1/30)
2026-04-27T04:43:53.7465803Z Still waiting for: {message:Resource not accessible by integration,documentation_url:https://docs.github.com/rest/branches/branch-protection#get-status-checks-protection,status:403} (attempt 2/30)
2026-04-27T04:44:04.1332572Z Still waiting for: {message:Resource not accessible by integration,documentation_url:https://docs.github.com/rest/branches/branch-protection#get-status-checks-protection,status:403} (attempt 3/30)
2026-04-27T04:44:14.5146291Z Still waiting for: {message:Resource not accessible by integration,documentation_url:https://docs.github.com/rest/branches/branch-protection#get-status-checks-protection,status:403} (attempt 4/30)
2026-04-27T04:44:24.8749320Z Still waiting for: {message:Resource not accessible by integration,documentation_url:https://docs.github.com/rest/branches/branch-protection#get-status-checks-protection,status:403} (attempt 5/30)
2026-04-27T04:44:35.2926427Z Still waiting for: {message:Resource not accessible by integration,documentation_url:https://docs.github.com/rest/branches/branch-protection#get-status-checks-protection,status:403} (attempt 6/30)
2026-04-27T04:44:45.7331896Z Still waiting for: {message:Resource not accessible by integration,documentation_url:https://docs.github.com/rest/branches/branch-protection#get-status-checks-protection,status:403} (attempt 7/30)
2026-04-27T04:44:56.1352232Z Still waiting for: {message:Resource not accessible by integration,documentation_url:https://docs.github.com/rest/branches/branch-protection#get-status-checks-protection,status:403} (attempt 8/30)
2026-04-27T04:45:06.5270745Z Still waiting for: {message:Resource not accessible by integration,documentation_url:https://docs.github.com/rest/branches/branch-protection#get-status-checks-protection,status:403} (attempt 9/30)
2026-04-27T04:45:16.9189661Z Still waiting for: {message:Resource not accessible by integration,documentation_url:https://docs.github.com/rest/branches/branch-protection#get-status-checks-protection,status:403} (attempt 10/30)
2026-04-27T04:45:27.3356069Z Still waiting for: {message:Resource not accessible by integration,documentation_url:https://docs.github.com/rest/branches/branch-protection#get-status-checks-protection,status:403} (attempt 11/30)
2026-04-27T04:45:37.7576193Z Still waiting for: {message:Resource not accessible by integration,documentation_url:https://docs.github.com/rest/branches/branch-protection#get-status-checks-protection,status:403} (attempt 12/30)
2026-04-27T04:45:48.1418665Z Still waiting for: {message:Resource not accessible by integration,documentation_url:https://docs.github.com/rest/branches/branch-protection#get-status-checks-protection,status:403} (attempt 13/30)
2026-04-27T04:45:58.5063221Z Still waiting for: {message:Resource not accessible by integration,documentation_url:https://docs.github.com/rest/branches/branch-protection#get-status-checks-protection,status:403} (attempt 14/30)
2026-04-27T04:46:08.9059880Z Still waiting for: {message:Resource not accessible by integration,documentation_url:https://docs.github.com/rest/branches/branch-protection#get-status-checks-protection,status:403} (attempt 15/30)
2026-04-27T04:46:19.3287180Z Still waiting for: {message:Resource not accessible by integration,documentation_url:https://docs.github.com/rest/branches/branch-protection#get-status-checks-protection,status:403} (attempt 16/30)
2026-04-27T04:46:29.7023386Z Still waiting for: {message:Resource not accessible by integration,documentation_url:https://docs.github.com/rest/branches/branch-protection#get-status-checks-protection,status:403} (attempt 17/30)
2026-04-27T04:46:40.1002051Z Still waiting for: {message:Resource not accessible by integration,documentation_url:https://docs.github.com/rest/branches/branch-protection#get-status-checks-protection,status:403} (attempt 18/30)
2026-04-27T04:46:50.4490273Z Still waiting for: {message:Resource not accessible by integration,documentation_url:https://docs.github.com/rest/branches/branch-protection#get-status-checks-protection,status:403} (attempt 19/30)
2026-04-27T04:47:00.8055257Z Still waiting for: {message:Resource not accessible by integration,documentation_url:https://docs.github.com/rest/branches/branch-protection#get-status-checks-protection,status:403} (attempt 20/30)
2026-04-27T04:47:11.2074180Z Still waiting for: {message:Resource not accessible by integration,documentation_url:https://docs.github.com/rest/branches/branch-protection#get-status-checks-protection,status:403} (attempt 21/30)
2026-04-27T04:47:21.5787559Z Still waiting for: {message:Resource not accessible by integration,documentation_url:https://docs.github.com/rest/branches/branch-protection#get-status-checks-protection,status:403} (attempt 22/30)
2026-04-27T04:47:31.9651887Z Still waiting for: {message:Resource not accessible by integration,documentation_url:https://docs.github.com/rest/branches/branch-protection#get-status-checks-protection,status:403} (attempt 23/30)
2026-04-27T04:47:42.3029745Z Still waiting for: {message:Resource not accessible by integration,documentation_url:https://docs.github.com/rest/branches/branch-protection#get-status-checks-protection,status:403} (attempt 24/30)
2026-04-27T04:47:52.6902461Z Still waiting for: {message:Resource not accessible by integration,documentation_url:https://docs.github.com/rest/branches/branch-protection#get-status-checks-protection,status:403} (attempt 25/30)
2026-04-27T04:48:03.1080131Z Still waiting for: {message:Resource not accessible by integration,documentation_url:https://docs.github.com/rest/branches/branch-protection#get-status-checks-protection,status:403} (attempt 26/30)
2026-04-27T04:48:13.4963011Z Still waiting for: {message:Resource not accessible by integration,documentation_url:https://docs.github.com/rest/branches/branch-protection#get-status-checks-protection,status:403} (attempt 27/30)
2026-04-27T04:48:23.9021367Z Still waiting for: {message:Resource not accessible by integration,documentation_url:https://docs.github.com/rest/branches/branch-protection#get-status-checks-protection,status:403} (attempt 28/30)
2026-04-27T04:48:34.2746680Z Still waiting for: {message:Resource not accessible by integration,documentation_url:https://docs.github.com/rest/branches/branch-protection#get-status-checks-protection,status:403} (attempt 29/30)
2026-04-27T04:48:44.6941027Z Still waiting for: {message:Resource not accessible by integration,documentation_url:https://docs.github.com/rest/branches/branch-protection#get-status-checks-protection,status:403} (attempt 30/30)
2026-04-27T04:48:54.7059951Z ##[warning]Some required checks never queued after 5 min: {message:Resource not accessible by integration,documentation_url:https://docs.github.com/rest/branches/branch-protection#get-status-checks-protection,status:403} — proceeding to wait-on-check-action anyway.
2026-04-27T04:48:54.7222292Z ##[group]Run lewagon/wait-on-check-action@ccfb013c15c8afb7bf2b7c028fb74dc5a068cccc
2026-04-27T04:48:54.7222730Z with:
2026-04-27T04:48:54.7222939Z   ref: cee899c6632afd91476733867375e6f6a1e8b533
2026-04-27T04:48:54.7223223Z   running-workflow-name: Auto-merge
2026-04-27T04:48:54.7223687Z   repo-token: ***
2026-04-27T04:48:54.7223882Z   wait-interval: 30
2026-04-27T04:48:54.7224120Z   allowed-conclusions: success,skipped,neutral
2026-04-27T04:48:54.7224398Z   verbose: true
2026-04-27T04:48:54.7224567Z env:
2026-04-27T04:48:54.7224718Z   WAIT_INTERVAL: 30
2026-04-27T04:48:54.7224900Z ##[endgroup]
2026-04-27T04:48:54.7360926Z ##[group]Run ruby/setup-ruby@v1
2026-04-27T04:48:54.7361468Z with:
2026-04-27T04:48:54.7361903Z   ruby-version: 3.2
2026-04-27T04:48:54.7362103Z   bundler-cache: false
2026-04-27T04:48:54.7362493Z   token: ***
2026-04-27T04:48:54.7362665Z env:
2026-04-27T04:48:54.7362831Z   WAIT_INTERVAL: 30
2026-04-27T04:48:54.7363021Z ##[endgroup]
2026-04-27T04:48:54.8817915Z ##[group]Modifying PATH
2026-04-27T04:48:54.8818772Z Entries added to PATH to use selected Ruby:
2026-04-27T04:48:54.8819954Z   /opt/hostedtoolcache/Ruby/3.2.11/x64/bin
2026-04-27T04:48:54.8825867Z ##[endgroup]
2026-04-27T04:48:54.8826504Z ##[group]Print Ruby version
2026-04-27T04:48:54.8909092Z [command]/opt/hostedtoolcache/Ruby/3.2.11/x64/bin/ruby --version
2026-04-27T04:48:55.1034069Z ruby 3.2.11 (2026-03-27 revision 5483bfc1ae) [x86_64-linux]
2026-04-27T04:48:55.1063829Z Took   0.22 seconds
2026-04-27T04:48:55.1064623Z ##[endgroup]
2026-04-27T04:48:55.1066136Z ##[group]Installing Bundler
2026-04-27T04:48:55.1069742Z Using Bundler shipped with ruby-3.2.11
2026-04-27T04:48:55.1070674Z Took   0.00 seconds
2026-04-27T04:48:55.1071871Z ##[endgroup]
2026-04-27T04:48:55.1704384Z ##[group]Run actions/cache@v4
2026-04-27T04:48:55.1704646Z with:
2026-04-27T04:48:55.1705069Z   path: /home/runner/work/_actions/lewagon/wait-on-check-action/ccfb013c15c8afb7bf2b7c028fb74dc5a068cccc
2026-04-27T04:48:55.1705579Z   key: Linux-gems-
2026-04-27T04:48:55.1705769Z   restore-keys: Linux-gems-
2026-04-27T04:48:55.1705998Z   enableCrossOsArchive: false
2026-04-27T04:48:55.1706229Z   fail-on-cache-miss: false
2026-04-27T04:48:55.1706438Z   lookup-only: false
2026-04-27T04:48:55.1706624Z   save-always: false
2026-04-27T04:48:55.1706798Z env:
2026-04-27T04:48:55.1706951Z   WAIT_INTERVAL: 30
2026-04-27T04:48:55.1707129Z ##[endgroup]
2026-04-27T04:48:55.4275730Z Cache hit for: Linux-gems-
2026-04-27T04:48:55.4723519Z Received 13179 of 13179 (100.0%), 1.1 MBs/sec
2026-04-27T04:48:55.4724275Z Cache Size: ~0 MB (13179 B)
2026-04-27T04:48:55.4762991Z [command]/usr/bin/tar -xf /home/runner/work/_temp/fc529f35-2bc7-4376-b421-8876433efc97/cache.tzst -P -C /home/runner/work/prismTask/prismTask --use-compress-program unzstd
2026-04-27T04:48:55.4825534Z Cache restored successfully
2026-04-27T04:48:55.4904387Z Cache restored from key: Linux-gems-
2026-04-27T04:48:55.4979407Z ##[group]Run bundle install --jobs 4 --retry 3
2026-04-27T04:48:55.4979755Z [36;1mbundle install --jobs 4 --retry 3[0m
2026-04-27T04:48:55.5004307Z shell: /usr/bin/bash --noprofile --norc -e -o pipefail {0}
2026-04-27T04:48:55.5004637Z env:
2026-04-27T04:48:55.5004814Z   WAIT_INTERVAL: 30
2026-04-27T04:48:55.5005012Z ##[endgroup]
2026-04-27T04:48:56.9983538Z Bundler 2.4.19 is running, but your lockfile was generated with 2.2.3. Installing Bundler 2.2.3 and restarting using that version.
2026-04-27T04:48:58.8772820Z Fetching gem metadata from https://rubygems.org/.
2026-04-27T04:48:58.8851041Z Fetching bundler 2.2.3
2026-04-27T04:48:59.0819680Z Installing bundler 2.2.3
2026-04-27T04:48:59.2894989Z Calling `DidYouMean::SPELL_CHECKERS.merge!(error_name => spell_checker)' has been deprecated. Please call `DidYouMean.correct_error(error_name, spell_checker)' instead.
2026-04-27T04:49:00.6681065Z Fetching gem metadata from https://rubygems.org/.........
2026-04-27T04:49:00.6783419Z Fetching concurrent-ruby 1.2.2
2026-04-27T04:49:00.7077162Z Fetching public_suffix 4.0.7
2026-04-27T04:49:00.7082050Z Fetching zeitwerk 2.6.7
2026-04-27T04:49:00.7086565Z Fetching minitest 5.18.0
2026-04-27T04:49:00.8153056Z Installing zeitwerk 2.6.7
2026-04-27T04:49:00.8306452Z Installing public_suffix 4.0.7
2026-04-27T04:49:00.8347589Z Installing minitest 5.18.0
2026-04-27T04:49:00.8681445Z Installing concurrent-ruby 1.2.2
2026-04-27T04:49:00.8846833Z Fetching ast 2.4.2
2026-04-27T04:49:00.9153621Z Using bundler 2.2.3
2026-04-27T04:49:00.9164337Z Fetching byebug 11.1.3
2026-04-27T04:49:00.9512622Z Installing ast 2.4.2
2026-04-27T04:49:00.9662309Z Fetching diff-lcs 1.4.4
2026-04-27T04:49:00.9965192Z Fetching faraday-net_http 2.0.3
2026-04-27T04:49:01.0236768Z Installing byebug 11.1.3 with native extensions
2026-04-27T04:49:01.0537108Z Installing diff-lcs 1.4.4
2026-04-27T04:49:01.0582319Z Installing faraday-net_http 2.0.3
2026-04-27T04:49:01.0726591Z Using ruby2_keywords 0.0.5
2026-04-27T04:49:01.0740222Z Fetching json 2.7.1
2026-04-27T04:49:01.1374517Z Installing json 2.7.1 with native extensions
2026-04-27T04:49:01.1396854Z Fetching language_server-protocol 3.17.0.3
2026-04-27T04:49:01.2036860Z Installing language_server-protocol 3.17.0.3
2026-04-27T04:49:01.2553777Z Fetching lint_roller 1.1.0
2026-04-27T04:49:01.3246681Z Installing lint_roller 1.1.0
2026-04-27T04:49:01.3404702Z Fetching parallel 1.24.0
2026-04-27T04:49:01.3899933Z Installing parallel 1.24.0
2026-04-27T04:49:01.3989729Z Fetching racc 1.7.3
2026-04-27T04:49:01.4607834Z Fetching rainbow 3.1.1
2026-04-27T04:49:01.4843289Z Installing racc 1.7.3 with native extensions
2026-04-27T04:49:01.5088888Z Installing rainbow 3.1.1
2026-04-27T04:49:01.5182815Z Fetching regexp_parser 2.8.3
2026-04-27T04:49:01.5864788Z Installing regexp_parser 2.8.3
2026-04-27T04:49:01.6145722Z Fetching rexml 3.2.6
2026-04-27T04:49:01.6726204Z Installing rexml 3.2.6
2026-04-27T04:49:01.7827920Z Fetching rspec-support 3.10.1
2026-04-27T04:49:01.8344170Z Installing rspec-support 3.10.1
2026-04-27T04:49:01.8485048Z Fetching ruby-progressbar 1.13.0
2026-04-27T04:49:01.9009989Z Installing ruby-progressbar 1.13.0
2026-04-27T04:49:01.9112290Z Fetching unicode-display_width 2.5.0
2026-04-27T04:49:01.9598702Z Installing unicode-display_width 2.5.0
2026-04-27T04:49:01.9680218Z Fetching addressable 2.8.0
2026-04-27T04:49:02.0502465Z Installing addressable 2.8.0
2026-04-27T04:49:02.0707055Z Fetching faraday 2.3.0
2026-04-27T04:49:02.1518892Z Installing faraday 2.3.0
2026-04-27T04:49:02.1826934Z Fetching i18n 1.12.0
2026-04-27T04:49:02.2572229Z Installing i18n 1.12.0
2026-04-27T04:49:02.2792250Z Fetching tzinfo 2.0.6
2026-04-27T04:49:02.3597529Z Installing tzinfo 2.0.6
2026-04-27T04:49:02.3824164Z Fetching rspec-core 3.10.1
2026-04-27T04:49:02.4444575Z Installing rspec-core 3.10.1
2026-04-27T04:49:02.4718477Z Fetching rspec-expectations 3.10.1
2026-04-27T04:49:02.5382394Z Installing rspec-expectations 3.10.1
2026-04-27T04:49:02.5651744Z Fetching rspec-mocks 3.10.1
2026-04-27T04:49:02.5932659Z Fetching faraday-retry 2.0.0
2026-04-27T04:49:02.6392274Z Installing faraday-retry 2.0.0
2026-04-27T04:49:02.6510595Z Installing rspec-mocks 3.10.1
2026-04-27T04:49:02.6517432Z Fetching sawyer 0.9.2
2026-04-27T04:49:02.6933380Z Fetching activesupport 6.1.7.3
2026-04-27T04:49:02.7176771Z Installing sawyer 0.9.2
2026-04-27T04:49:02.7254151Z Fetching parser 3.2.2.4
2026-04-27T04:49:02.7819963Z Installing activesupport 6.1.7.3
2026-04-27T04:49:02.8787540Z Installing parser 3.2.2.4
2026-04-27T04:49:02.9403587Z Fetching rspec 3.10.0
2026-04-27T04:49:03.0104794Z Installing rspec 3.10.0
2026-04-27T04:49:03.0220834Z Fetching octokit 4.25.0
2026-04-27T04:49:03.0996670Z Installing octokit 4.25.0
2026-04-27T04:49:03.1437668Z Fetching rubocop-ast 1.30.0
2026-04-27T04:49:03.2171092Z Installing rubocop-ast 1.30.0
2026-04-27T04:49:04.5664820Z Fetching rubocop 1.57.2
2026-04-27T04:49:04.6609099Z Installing rubocop 1.57.2
2026-04-27T04:49:04.8369343Z Fetching standard-custom 1.0.2
2026-04-27T04:49:04.8369863Z Fetching rubocop-performance 1.19.1
2026-04-27T04:49:04.9097454Z Installing standard-custom 1.0.2
2026-04-27T04:49:04.9126259Z Installing rubocop-performance 1.19.1
2026-04-27T04:49:04.9325666Z Fetching standard-performance 1.2.1
2026-04-27T04:49:04.9773788Z Installing standard-performance 1.2.1
2026-04-27T04:49:04.9845735Z Fetching standard 1.32.1
2026-04-27T04:49:05.0394911Z Installing standard 1.32.1
2026-04-27T04:49:05.0605720Z Bundle complete! 6 Gemfile dependencies, 40 gems now installed.
2026-04-27T04:49:05.0606378Z Use `bundle info [gemname]` to see where a bundled gem is installed.
2026-04-27T04:49:05.1150827Z ##[group]Run ruby entrypoint.rb
2026-04-27T04:49:05.1151110Z [36;1mruby entrypoint.rb[0m
2026-04-27T04:49:05.1172446Z shell: /usr/bin/bash --noprofile --norc -e -o pipefail {0}
2026-04-27T04:49:05.1172771Z env:
2026-04-27T04:49:05.1172945Z   WAIT_INTERVAL: 30
2026-04-27T04:49:05.1173365Z   ALLOWED_CONCLUSIONS: success,skipped,neutral
2026-04-27T04:49:05.1173651Z   IGNORE_CHECKS: 
2026-04-27T04:49:05.1173831Z   CHECK_NAME: 
2026-04-27T04:49:05.1174003Z   CHECK_REGEXP: 
2026-04-27T04:49:05.1174222Z   REF: cee899c6632afd91476733867375e6f6a1e8b533
2026-04-27T04:49:05.1174691Z   REPO_TOKEN: ***
2026-04-27T04:49:05.1174888Z   VERBOSE: true
2026-04-27T04:49:05.1175081Z   RUNNING_WORKFLOW_NAME: Auto-merge
2026-04-27T04:49:05.1175324Z   API_ENDPOINT: 
2026-04-27T04:49:05.1175517Z ##[endgroup]
2026-04-27T04:51:38.0717013Z Checks running on ref:
2026-04-27T04:51:38.0719841Z Checks completed: capture-failure-log, capture-failure-log, e2e, test, autofix, capture-failure-log, connected-tests, cross-device-tests, web-lint-and-test, maybe-label
2026-04-27T04:51:38.0721952Z Checks in_progress: lint-and-test, Auto-merge
2026-04-27T04:51:38.0722606Z Checks after ignore checks filter:
2026-04-27T04:51:38.0724161Z Checks completed: capture-failure-log, capture-failure-log, e2e, test, autofix, capture-failure-log, connected-tests, cross-device-tests, web-lint-and-test, maybe-label
2026-04-27T04:51:38.0725773Z Checks in_progress: lint-and-test
2026-04-27T04:51:38.0726312Z Checks after check_name filter:
2026-04-27T04:51:38.0727524Z Checks completed: capture-failure-log, capture-failure-log, e2e, test, autofix, capture-failure-log, connected-tests, cross-device-tests, web-lint-and-test, maybe-label
2026-04-27T04:51:38.0728490Z Checks in_progress: lint-and-test
2026-04-27T04:51:38.0728810Z Checks after Regexp filter:
2026-04-27T04:51:38.0729697Z Checks completed: capture-failure-log, capture-failure-log, e2e, test, autofix, capture-failure-log, connected-tests, cross-device-tests, web-lint-and-test, maybe-label
2026-04-27T04:51:38.0730646Z Checks in_progress: lint-and-test
2026-04-27T04:51:38.0731104Z The requested checks aren't complete yet, will check back in 30 seconds...
2026-04-27T04:51:38.0731958Z Checks running on ref:
2026-04-27T04:51:38.0732840Z Checks completed: capture-failure-log, capture-failure-log, e2e, test, autofix, capture-failure-log, connected-tests, cross-device-tests, web-lint-and-test, maybe-label
2026-04-27T04:51:38.0733816Z Checks in_progress: lint-and-test, Auto-merge
2026-04-27T04:51:38.0734191Z Checks after ignore checks filter:
2026-04-27T04:51:38.0735116Z Checks completed: capture-failure-log, capture-failure-log, e2e, test, autofix, capture-failure-log, connected-tests, cross-device-tests, web-lint-and-test, maybe-label
2026-04-27T04:51:38.0735885Z Checks in_progress: lint-and-test
2026-04-27T04:51:38.0736136Z Checks after check_name filter:
2026-04-27T04:51:38.0736814Z Checks completed: capture-failure-log, capture-failure-log, e2e, test, autofix, capture-failure-log, connected-tests, cross-device-tests, web-lint-and-test, maybe-label
2026-04-27T04:51:38.0737520Z Checks in_progress: lint-and-test
2026-04-27T04:51:38.0737758Z Checks after Regexp filter:
2026-04-27T04:51:38.0738420Z Checks completed: capture-failure-log, capture-failure-log, e2e, test, autofix, capture-failure-log, connected-tests, cross-device-tests, web-lint-and-test, maybe-label
2026-04-27T04:51:38.0739123Z Checks in_progress: lint-and-test
2026-04-27T04:51:38.0739470Z The requested checks aren't complete yet, will check back in 30 seconds...
2026-04-27T04:51:38.0740224Z Checks running on ref:
2026-04-27T04:51:38.0740876Z Checks completed: capture-failure-log, capture-failure-log, e2e, test, autofix, capture-failure-log, connected-tests, cross-device-tests, web-lint-and-test, maybe-label
2026-04-27T04:51:38.0741843Z Checks in_progress: lint-and-test, Auto-merge
2026-04-27T04:51:38.0742121Z Checks after ignore checks filter:
2026-04-27T04:51:38.0742802Z Checks completed: capture-failure-log, capture-failure-log, e2e, test, autofix, capture-failure-log, connected-tests, cross-device-tests, web-lint-and-test, maybe-label
2026-04-27T04:51:38.0743528Z Checks in_progress: lint-and-test
2026-04-27T04:51:38.0743769Z Checks after check_name filter:
2026-04-27T04:51:38.0744431Z Checks completed: capture-failure-log, capture-failure-log, e2e, test, autofix, capture-failure-log, connected-tests, cross-device-tests, web-lint-and-test, maybe-label
2026-04-27T04:51:38.0745456Z Checks in_progress: lint-and-test
2026-04-27T04:51:38.0745783Z Checks after Regexp filter:
2026-04-27T04:51:38.0746632Z Checks completed: capture-failure-log, capture-failure-log, e2e, test, autofix, capture-failure-log, connected-tests, cross-device-tests, web-lint-and-test, maybe-label
2026-04-27T04:51:38.0747724Z Checks in_progress: lint-and-test
2026-04-27T04:51:38.0748481Z The requested checks aren't complete yet, will check back in 30 seconds...
2026-04-27T04:51:38.0749032Z Checks running on ref:
2026-04-27T04:51:38.0749870Z Checks completed: capture-failure-log, capture-failure-log, e2e, test, autofix, capture-failure-log, connected-tests, cross-device-tests, web-lint-and-test, maybe-label
2026-04-27T04:51:38.0750788Z Checks in_progress: lint-and-test, Auto-merge
2026-04-27T04:51:38.0751140Z Checks after ignore checks filter:
2026-04-27T04:51:38.0752198Z Checks completed: capture-failure-log, capture-failure-log, e2e, test, autofix, capture-failure-log, connected-tests, cross-device-tests, web-lint-and-test, maybe-label
2026-04-27T04:51:38.0753097Z Checks in_progress: lint-and-test
2026-04-27T04:51:38.0753432Z Checks after check_name filter:
2026-04-27T04:51:38.0754269Z Checks completed: capture-failure-log, capture-failure-log, e2e, test, autofix, capture-failure-log, connected-tests, cross-device-tests, web-lint-and-test, maybe-label
2026-04-27T04:51:38.0755106Z Checks in_progress: lint-and-test
2026-04-27T04:51:38.0755348Z Checks after Regexp filter:
2026-04-27T04:51:38.0756006Z Checks completed: capture-failure-log, capture-failure-log, e2e, test, autofix, capture-failure-log, connected-tests, cross-device-tests, web-lint-and-test, maybe-label
2026-04-27T04:51:38.0756707Z Checks in_progress: lint-and-test
2026-04-27T04:51:38.0757054Z The requested checks aren't complete yet, will check back in 30 seconds...
2026-04-27T04:51:38.0757409Z Checks running on ref:
2026-04-27T04:51:38.0758052Z Checks completed: capture-failure-log, capture-failure-log, e2e, test, autofix, capture-failure-log, connected-tests, cross-device-tests, web-lint-and-test, maybe-label
2026-04-27T04:51:38.0758878Z Checks in_progress: lint-and-test, Auto-merge
2026-04-27T04:51:38.0759321Z Checks after ignore checks filter:
2026-04-27T04:51:38.0760412Z Checks completed: capture-failure-log, capture-failure-log, e2e, test, autofix, capture-failure-log, connected-tests, cross-device-tests, web-lint-and-test, maybe-label
2026-04-27T04:51:38.0761718Z Checks in_progress: lint-and-test
2026-04-27T04:51:38.0762098Z Checks after check_name filter:
2026-04-27T04:51:38.0763201Z Checks completed: capture-failure-log, capture-failure-log, e2e, test, autofix, capture-failure-log, connected-tests, cross-device-tests, web-lint-and-test, maybe-label
2026-04-27T04:51:38.0764383Z Checks in_progress: lint-and-test
2026-04-27T04:51:38.0764762Z Checks after Regexp filter:
2026-04-27T04:51:38.0765911Z Checks completed: capture-failure-log, capture-failure-log, e2e, test, autofix, capture-failure-log, connected-tests, cross-device-tests, web-lint-and-test, maybe-label
2026-04-27T04:51:38.0767144Z Checks in_progress: lint-and-test
2026-04-27T04:51:38.0767898Z The requested checks aren't complete yet, will check back in 30 seconds...
2026-04-27T04:51:38.0768647Z Checks running on ref:
2026-04-27T04:51:38.0770181Z Checks completed: firebase-distribute, capture-failure-log / capture, capture-failure-log, capture-failure-log, e2e, test, lint-and-test, autofix, capture-failure-log, connected-tests, cross-device-tests, web-lint-and-test, maybe-label
2026-04-27T04:51:38.0771962Z Checks in_progress: Auto-merge
2026-04-27T04:51:38.0772339Z Checks after ignore checks filter:
2026-04-27T04:51:38.0773855Z Checks completed: firebase-distribute, capture-failure-log / capture, capture-failure-log, capture-failure-log, e2e, test, lint-and-test, autofix, capture-failure-log, connected-tests, cross-device-tests, web-lint-and-test, maybe-label
2026-04-27T04:51:38.0775671Z Checks after check_name filter:
2026-04-27T04:51:38.0777413Z Checks completed: firebase-distribute, capture-failure-log / capture, capture-failure-log, capture-failure-log, e2e, test, lint-and-test, autofix, capture-failure-log, connected-tests, cross-device-tests, web-lint-and-test, maybe-label
2026-04-27T04:51:38.0779081Z Checks after Regexp filter:
2026-04-27T04:51:38.0780693Z Checks completed: firebase-distribute, capture-failure-log / capture, capture-failure-log, capture-failure-log, e2e, test, lint-and-test, autofix, capture-failure-log, connected-tests, cross-device-tests, web-lint-and-test, maybe-label
2026-04-27T04:51:38.0782569Z Checks completed:
2026-04-27T04:51:38.0782940Z firebase-distribute: completed (skipped)
2026-04-27T04:51:38.0783471Z capture-failure-log / capture: completed (success)
2026-04-27T04:51:38.0784001Z capture-failure-log: completed (skipped)
2026-04-27T04:51:38.0784479Z capture-failure-log: completed (skipped)
2026-04-27T04:51:38.0784934Z e2e: completed (success)
2026-04-27T04:51:38.0785281Z test: completed (success)
2026-04-27T04:51:38.0785626Z lint-and-test: completed (failure)
2026-04-27T04:51:38.0786027Z autofix: completed (failure)
2026-04-27T04:51:38.0786428Z capture-failure-log: completed (skipped)
2026-04-27T04:51:38.0786870Z connected-tests: completed (skipped)
2026-04-27T04:51:38.0787281Z cross-device-tests: completed (skipped)
2026-04-27T04:51:38.0787740Z web-lint-and-test: completed (success)
2026-04-27T04:51:38.0788187Z maybe-label: completed (success)
2026-04-27T04:51:38.0789354Z The conclusion of one or more checks were not allowed. Allowed conclusions are: success, skipped, neutral. This can be configured with the 'allowed-conclusions' param.
2026-04-27T04:51:38.0820526Z ##[error]Process completed with exit code 1.
2026-04-27T04:51:38.0931155Z Post job cleanup.
2026-04-27T04:51:38.0989019Z Cleaning up orphan processes
2026-04-27T04:51:38.1278732Z ##[warning]Node.js 20 actions are deprecated. The following actions are running on Node.js 20 and may not work as expected: actions/cache@v4. Actions will be forced to run with Node.js 24 by default starting June 2nd, 2026. Node.js 20 will be removed from the runner on September 16th, 2026. Please check if updated versions of these actions are available that support Node.js 24. To opt into Node.js 24 now, set the FORCE_JAVASCRIPT_ACTIONS_TO_NODE24=true environment variable on the runner or in your workflow file. Once Node.js 24 becomes the default, you can temporarily opt out by setting ACTIONS_ALLOW_USE_UNSECURE_NODE_VERSION=true. For more information see: https://github.blog/changelog/2025-09-19-deprecation-of-node-20-on-github-actions-runners/
