=== CI FAILURE ===
Workflow:      Auto-merge & Release
Workflow file: akarlin3/prismTask/.github/workflows/auto-merge.yml@refs/pull/856/merge
Job(s):        Auto-merge
Run ID:        25013651670
Run attempt:   1
Run URL:       https://github.com/akarlin3/prismTask/actions/runs/25013651670
Commit:        326c84fd297ebe8e9bf870b1d4065ed67f503e97
Branch:        856/merge
Event:         pull_request
Actor:         akarlin3
Runner OS:     Linux
Timestamp:     2026-04-27T19:09:07.981Z

Failed steps:
  - Auto-merge: #4 Wait for all other CI checks to pass

=== FAILED JOB LOG ===

--- Job: Auto-merge (id 73255696487) ---
2026-04-27T18:55:13.1750561Z Current runner version: '2.333.1'
2026-04-27T18:55:13.1777820Z ##[group]Runner Image Provisioner
2026-04-27T18:55:13.1779013Z Hosted Compute Agent
2026-04-27T18:55:13.1779535Z Version: 20260213.493
2026-04-27T18:55:13.1780221Z Commit: 5c115507f6dd24b8de37d8bbe0bb4509d0cc0fa3
2026-04-27T18:55:13.1780954Z Build Date: 2026-02-13T00:28:41Z
2026-04-27T18:55:13.1781564Z Worker ID: {c0a0244c-448a-4c41-ad13-135746d8f7d6}
2026-04-27T18:55:13.1782293Z Azure Region: eastus
2026-04-27T18:55:13.1782811Z ##[endgroup]
2026-04-27T18:55:13.1784796Z ##[group]Operating System
2026-04-27T18:55:13.1785472Z Ubuntu
2026-04-27T18:55:13.1785932Z 24.04.4
2026-04-27T18:55:13.1786377Z LTS
2026-04-27T18:55:13.1786876Z ##[endgroup]
2026-04-27T18:55:13.1787373Z ##[group]Runner Image
2026-04-27T18:55:13.1787924Z Image: ubuntu-24.04
2026-04-27T18:55:13.1788718Z Version: 20260413.86.1
2026-04-27T18:55:13.1789914Z Included Software: https://github.com/actions/runner-images/blob/ubuntu24/20260413.86/images/ubuntu/Ubuntu2404-Readme.md
2026-04-27T18:55:13.1791355Z Image Release: https://github.com/actions/runner-images/releases/tag/ubuntu24%2F20260413.86
2026-04-27T18:55:13.1792241Z ##[endgroup]
2026-04-27T18:55:13.1793511Z ##[group]GITHUB_TOKEN Permissions
2026-04-27T18:55:13.1795805Z Actions: read
2026-04-27T18:55:13.1796355Z Checks: read
2026-04-27T18:55:13.1796886Z Contents: write
2026-04-27T18:55:13.1797464Z Metadata: read
2026-04-27T18:55:13.1797930Z PullRequests: write
2026-04-27T18:55:13.1798697Z ##[endgroup]
2026-04-27T18:55:13.1800837Z Secret source: Actions
2026-04-27T18:55:13.1801777Z Prepare workflow directory
2026-04-27T18:55:13.2192836Z Prepare all required actions
2026-04-27T18:55:13.2230599Z Getting action download info
2026-04-27T18:55:13.5553498Z Download action repository 'lewagon/wait-on-check-action@ccfb013c15c8afb7bf2b7c028fb74dc5a068cccc' (SHA:ccfb013c15c8afb7bf2b7c028fb74dc5a068cccc)
2026-04-27T18:55:13.9612452Z Getting action download info
2026-04-27T18:55:14.1130521Z Download action repository 'ruby/setup-ruby@v1' (SHA:c4e5b1316158f92e3d49443a9d58b31d25ac0f8f)
2026-04-27T18:55:14.3429501Z Download action repository 'actions/cache@v4' (SHA:0057852bfaa89a56745cba8c7296529d2fc39830)
2026-04-27T18:55:14.4794743Z Complete job name: Auto-merge
2026-04-27T18:55:14.5449827Z ##[group]Run set -euo pipefail
2026-04-27T18:55:14.5450550Z [36;1mset -euo pipefail[0m
2026-04-27T18:55:14.5451329Z [36;1m# Audit item #5 — poll check-runs for up to 60s instead of a bare[0m
2026-04-27T18:55:14.5452322Z [36;1m# 20s sleep. On a busy runner cohort the initial 20s wasn't enough[0m
2026-04-27T18:55:14.5453291Z [36;1m# for the API to reflect queued workflow runs, which could merge[0m
2026-04-27T18:55:14.5454234Z [36;1m# PRs without waiting for CI. Bail out early as soon as ≥1 real[0m
2026-04-27T18:55:14.5455029Z [36;1m# check shows up.[0m
2026-04-27T18:55:14.5455526Z [36;1mCOUNT=0[0m
2026-04-27T18:55:14.5455988Z [36;1mfor i in $(seq 1 6); do[0m
2026-04-27T18:55:14.5456541Z [36;1m  sleep 10[0m
2026-04-27T18:55:14.5457193Z [36;1m  COUNT=$(gh api "repos/$REPO/commits/$HEAD_SHA/check-runs" \[0m
2026-04-27T18:55:14.5458424Z [36;1m    --jq '[.check_runs[] | select(.name != "Auto-merge")] | length')[0m
2026-04-27T18:55:14.5459268Z [36;1m  if [ "$COUNT" -gt 0 ]; then[0m
2026-04-27T18:55:14.5460014Z [36;1m    echo "Found $COUNT non-Auto-merge check(s) after ${i}0s"[0m
2026-04-27T18:55:14.5460750Z [36;1m    break[0m
2026-04-27T18:55:14.5461202Z [36;1m  fi[0m
2026-04-27T18:55:14.5461778Z [36;1m  echo "No non-Auto-merge checks yet (attempt $i/6)"[0m
2026-04-27T18:55:14.5462481Z [36;1mdone[0m
2026-04-27T18:55:14.5462932Z [36;1mif [ "$COUNT" -gt 0 ]; then[0m
2026-04-27T18:55:14.5463550Z [36;1m  echo "has_ci=true" >> "$GITHUB_OUTPUT"[0m
2026-04-27T18:55:14.5464164Z [36;1melse[0m
2026-04-27T18:55:14.5464659Z [36;1m  echo "has_ci=false" >> "$GITHUB_OUTPUT"[0m
2026-04-27T18:55:14.5465518Z [36;1m  echo "No CI checks on this PR after 60s — will merge without waiting."[0m
2026-04-27T18:55:14.5466312Z [36;1mfi[0m
2026-04-27T18:55:14.5492145Z shell: /usr/bin/bash -e {0}
2026-04-27T18:55:14.5493037Z env:
2026-04-27T18:55:14.5493466Z   WAIT_INTERVAL: 30
2026-04-27T18:55:14.5494152Z   GH_TOKEN: ***
2026-04-27T18:55:14.5494711Z   HEAD_SHA: c4ec974ce8ed313af91cadaa2942e5cc5c483a56
2026-04-27T18:55:14.5495379Z   REPO: akarlin3/prismTask
2026-04-27T18:55:14.5495879Z ##[endgroup]
2026-04-27T18:55:24.9773710Z Found 7 non-Auto-merge check(s) after 10s
2026-04-27T18:55:24.9897219Z ##[group]Run set -euo pipefail
2026-04-27T18:55:24.9897599Z [36;1mset -euo pipefail[0m
2026-04-27T18:55:24.9898352Z [36;1mREQUIRED=$(gh api "repos/$REPO/branches/main/protection/required_status_checks" \[0m
2026-04-27T18:55:24.9898880Z [36;1m  --jq '.contexts[]' 2>/dev/null || true)[0m
2026-04-27T18:55:24.9899212Z [36;1mif [ -z "$REQUIRED" ]; then[0m
2026-04-27T18:55:24.9899772Z [36;1m  echo "::warning::Could not query branch protection (likely a permission issue) — using hardcoded fallback list."[0m
2026-04-27T18:55:24.9900356Z [36;1m  REQUIRED="$FALLBACK_REQUIRED"[0m
2026-04-27T18:55:24.9900663Z [36;1mfi[0m
2026-04-27T18:55:24.9900972Z [36;1m# Strip Auto-merge from the required list so we don't wait on[0m
2026-04-27T18:55:24.9901441Z [36;1m# ourselves (it's listed because we ARE the running workflow).[0m
2026-04-27T18:55:24.9901970Z [36;1mREQUIRED=$(echo "$REQUIRED" | grep -vE '^\s*Auto-merge\s*$' | grep -vE '^\s*$' || true)[0m
2026-04-27T18:55:24.9902472Z [36;1mif [ -z "$REQUIRED" ]; then[0m
2026-04-27T18:55:24.9902857Z [36;1m  echo "No required checks beyond Auto-merge; skipping queue wait."[0m
2026-04-27T18:55:24.9903250Z [36;1m  exit 0[0m
2026-04-27T18:55:24.9903496Z [36;1mfi[0m
2026-04-27T18:55:24.9903770Z [36;1mecho "Waiting until these required checks queue:"[0m
2026-04-27T18:55:24.9904126Z [36;1mecho "$REQUIRED" | sed 's/^/  /'[0m
2026-04-27T18:55:24.9904500Z [36;1m# 30 attempts × 10s = 5 min ceiling. If checks haven't queued[0m
2026-04-27T18:55:24.9904970Z [36;1m# by then something is genuinely broken (workflow file invalid,[0m
2026-04-27T18:55:24.9905457Z [36;1m# path filter excluding everything, etc.) — log and proceed so[0m
2026-04-27T18:55:24.9905895Z [36;1m# wait-on-check-action can decide how to handle it.[0m
2026-04-27T18:55:24.9906257Z [36;1mfor attempt in $(seq 1 30); do[0m
2026-04-27T18:55:24.9906685Z [36;1m  CHECK_RUNS=$(gh api --paginate "repos/$REPO/commits/$HEAD_SHA/check-runs" \[0m
2026-04-27T18:55:24.9907146Z [36;1m    --jq '.check_runs[].name' | sort -u)[0m
2026-04-27T18:55:24.9907465Z [36;1m  MISSING=""[0m
2026-04-27T18:55:24.9907716Z [36;1m  while IFS= read -r req; do[0m
2026-04-27T18:55:24.9908283Z [36;1m    [ -z "$req" ] && continue[0m
2026-04-27T18:55:24.9908627Z [36;1m    req_trimmed=$(echo "$req" | xargs)[0m
2026-04-27T18:55:24.9909038Z [36;1m    if ! echo "$CHECK_RUNS" | grep -qxF "$req_trimmed"; then[0m
2026-04-27T18:55:24.9909442Z [36;1m      MISSING="$MISSING $req_trimmed"[0m
2026-04-27T18:55:24.9909735Z [36;1m    fi[0m
2026-04-27T18:55:24.9910003Z [36;1m  done <<< "$REQUIRED"[0m
2026-04-27T18:55:24.9910365Z [36;1m  if [ -z "$MISSING" ]; then[0m
2026-04-27T18:55:24.9910771Z [36;1m    echo "All required checks have queued after attempt $attempt."[0m
2026-04-27T18:55:24.9911146Z [36;1m    exit 0[0m
2026-04-27T18:55:24.9911371Z [36;1m  fi[0m
2026-04-27T18:55:24.9911662Z [36;1m  echo "Still waiting for:$MISSING (attempt $attempt/30)"[0m
2026-04-27T18:55:24.9912045Z [36;1m  sleep 10[0m
2026-04-27T18:55:24.9912276Z [36;1mdone[0m
2026-04-27T18:55:24.9912777Z [36;1mecho "::warning::Some required checks never queued after 5 min:$MISSING — proceeding to wait-on-check-action anyway."[0m
2026-04-27T18:55:24.9935211Z shell: /usr/bin/bash -e {0}
2026-04-27T18:55:24.9935488Z env:
2026-04-27T18:55:24.9935704Z   WAIT_INTERVAL: 30
2026-04-27T18:55:24.9936315Z   GH_TOKEN: ***
2026-04-27T18:55:24.9936603Z   HEAD_SHA: c4ec974ce8ed313af91cadaa2942e5cc5c483a56
2026-04-27T18:55:24.9936947Z   REPO: akarlin3/prismTask
2026-04-27T18:55:24.9937325Z   FALLBACK_REQUIRED: lint-and-test
connected-tests
test
web-lint-and-test

2026-04-27T18:55:24.9937961Z ##[endgroup]
2026-04-27T18:55:25.1726834Z Waiting until these required checks queue:
2026-04-27T18:55:25.1740559Z   {"message":"Resource not accessible by integration","documentation_url":"https://docs.github.com/rest/branches/branch-protection#get-status-checks-protection","status":"403"}
2026-04-27T18:55:25.5864199Z Still waiting for: {message:Resource not accessible by integration,documentation_url:https://docs.github.com/rest/branches/branch-protection#get-status-checks-protection,status:403} (attempt 1/30)
2026-04-27T18:55:35.9872857Z Still waiting for: {message:Resource not accessible by integration,documentation_url:https://docs.github.com/rest/branches/branch-protection#get-status-checks-protection,status:403} (attempt 2/30)
2026-04-27T18:55:46.3965471Z Still waiting for: {message:Resource not accessible by integration,documentation_url:https://docs.github.com/rest/branches/branch-protection#get-status-checks-protection,status:403} (attempt 3/30)
2026-04-27T18:55:56.7667454Z Still waiting for: {message:Resource not accessible by integration,documentation_url:https://docs.github.com/rest/branches/branch-protection#get-status-checks-protection,status:403} (attempt 4/30)
2026-04-27T18:56:07.2779761Z Still waiting for: {message:Resource not accessible by integration,documentation_url:https://docs.github.com/rest/branches/branch-protection#get-status-checks-protection,status:403} (attempt 5/30)
2026-04-27T18:56:17.6933600Z Still waiting for: {message:Resource not accessible by integration,documentation_url:https://docs.github.com/rest/branches/branch-protection#get-status-checks-protection,status:403} (attempt 6/30)
2026-04-27T18:56:28.1459340Z Still waiting for: {message:Resource not accessible by integration,documentation_url:https://docs.github.com/rest/branches/branch-protection#get-status-checks-protection,status:403} (attempt 7/30)
2026-04-27T18:56:38.5606331Z Still waiting for: {message:Resource not accessible by integration,documentation_url:https://docs.github.com/rest/branches/branch-protection#get-status-checks-protection,status:403} (attempt 8/30)
2026-04-27T18:56:48.9894737Z Still waiting for: {message:Resource not accessible by integration,documentation_url:https://docs.github.com/rest/branches/branch-protection#get-status-checks-protection,status:403} (attempt 9/30)
2026-04-27T18:56:59.3946783Z Still waiting for: {message:Resource not accessible by integration,documentation_url:https://docs.github.com/rest/branches/branch-protection#get-status-checks-protection,status:403} (attempt 10/30)
2026-04-27T18:57:09.7681854Z Still waiting for: {message:Resource not accessible by integration,documentation_url:https://docs.github.com/rest/branches/branch-protection#get-status-checks-protection,status:403} (attempt 11/30)
2026-04-27T18:57:20.1592720Z Still waiting for: {message:Resource not accessible by integration,documentation_url:https://docs.github.com/rest/branches/branch-protection#get-status-checks-protection,status:403} (attempt 12/30)
2026-04-27T18:57:30.5397857Z Still waiting for: {message:Resource not accessible by integration,documentation_url:https://docs.github.com/rest/branches/branch-protection#get-status-checks-protection,status:403} (attempt 13/30)
2026-04-27T18:57:40.9448774Z Still waiting for: {message:Resource not accessible by integration,documentation_url:https://docs.github.com/rest/branches/branch-protection#get-status-checks-protection,status:403} (attempt 14/30)
2026-04-27T18:57:51.3890613Z Still waiting for: {message:Resource not accessible by integration,documentation_url:https://docs.github.com/rest/branches/branch-protection#get-status-checks-protection,status:403} (attempt 15/30)
2026-04-27T18:58:01.8329843Z Still waiting for: {message:Resource not accessible by integration,documentation_url:https://docs.github.com/rest/branches/branch-protection#get-status-checks-protection,status:403} (attempt 16/30)
2026-04-27T18:58:12.3128606Z Still waiting for: {message:Resource not accessible by integration,documentation_url:https://docs.github.com/rest/branches/branch-protection#get-status-checks-protection,status:403} (attempt 17/30)
2026-04-27T18:58:22.7141992Z Still waiting for: {message:Resource not accessible by integration,documentation_url:https://docs.github.com/rest/branches/branch-protection#get-status-checks-protection,status:403} (attempt 18/30)
2026-04-27T18:58:33.1480743Z Still waiting for: {message:Resource not accessible by integration,documentation_url:https://docs.github.com/rest/branches/branch-protection#get-status-checks-protection,status:403} (attempt 19/30)
2026-04-27T18:58:43.6087589Z Still waiting for: {message:Resource not accessible by integration,documentation_url:https://docs.github.com/rest/branches/branch-protection#get-status-checks-protection,status:403} (attempt 20/30)
2026-04-27T18:58:54.1062889Z Still waiting for: {message:Resource not accessible by integration,documentation_url:https://docs.github.com/rest/branches/branch-protection#get-status-checks-protection,status:403} (attempt 21/30)
2026-04-27T18:59:04.6009939Z Still waiting for: {message:Resource not accessible by integration,documentation_url:https://docs.github.com/rest/branches/branch-protection#get-status-checks-protection,status:403} (attempt 22/30)
2026-04-27T18:59:14.9798913Z Still waiting for: {message:Resource not accessible by integration,documentation_url:https://docs.github.com/rest/branches/branch-protection#get-status-checks-protection,status:403} (attempt 23/30)
2026-04-27T18:59:25.4153507Z Still waiting for: {message:Resource not accessible by integration,documentation_url:https://docs.github.com/rest/branches/branch-protection#get-status-checks-protection,status:403} (attempt 24/30)
2026-04-27T18:59:35.9043060Z Still waiting for: {message:Resource not accessible by integration,documentation_url:https://docs.github.com/rest/branches/branch-protection#get-status-checks-protection,status:403} (attempt 25/30)
2026-04-27T18:59:46.4610146Z Still waiting for: {message:Resource not accessible by integration,documentation_url:https://docs.github.com/rest/branches/branch-protection#get-status-checks-protection,status:403} (attempt 26/30)
2026-04-27T18:59:56.8437117Z Still waiting for: {message:Resource not accessible by integration,documentation_url:https://docs.github.com/rest/branches/branch-protection#get-status-checks-protection,status:403} (attempt 27/30)
2026-04-27T19:00:07.3539321Z Still waiting for: {message:Resource not accessible by integration,documentation_url:https://docs.github.com/rest/branches/branch-protection#get-status-checks-protection,status:403} (attempt 28/30)
2026-04-27T19:00:17.7997752Z Still waiting for: {message:Resource not accessible by integration,documentation_url:https://docs.github.com/rest/branches/branch-protection#get-status-checks-protection,status:403} (attempt 29/30)
2026-04-27T19:00:28.2932862Z Still waiting for: {message:Resource not accessible by integration,documentation_url:https://docs.github.com/rest/branches/branch-protection#get-status-checks-protection,status:403} (attempt 30/30)
2026-04-27T19:00:38.3049977Z ##[warning]Some required checks never queued after 5 min: {message:Resource not accessible by integration,documentation_url:https://docs.github.com/rest/branches/branch-protection#get-status-checks-protection,status:403} — proceeding to wait-on-check-action anyway.
2026-04-27T19:00:38.3195693Z ##[group]Run lewagon/wait-on-check-action@ccfb013c15c8afb7bf2b7c028fb74dc5a068cccc
2026-04-27T19:00:38.3196118Z with:
2026-04-27T19:00:38.3196334Z   ref: c4ec974ce8ed313af91cadaa2942e5cc5c483a56
2026-04-27T19:00:38.3196622Z   running-workflow-name: Auto-merge
2026-04-27T19:00:38.3197049Z   repo-token: ***
2026-04-27T19:00:38.3197237Z   wait-interval: 30
2026-04-27T19:00:38.3197460Z   allowed-conclusions: success,skipped,neutral
2026-04-27T19:00:38.3197726Z   verbose: true
2026-04-27T19:00:38.3197891Z env:
2026-04-27T19:00:38.3198289Z   WAIT_INTERVAL: 30
2026-04-27T19:00:38.3198472Z ##[endgroup]
2026-04-27T19:00:38.3322409Z ##[group]Run ruby/setup-ruby@v1
2026-04-27T19:00:38.3322646Z with:
2026-04-27T19:00:38.3323034Z   ruby-version: 3.2
2026-04-27T19:00:38.3323227Z   bundler-cache: false
2026-04-27T19:00:38.3323546Z   token: ***
2026-04-27T19:00:38.3323712Z env:
2026-04-27T19:00:38.3323872Z   WAIT_INTERVAL: 30
2026-04-27T19:00:38.3324050Z ##[endgroup]
2026-04-27T19:00:38.4569824Z ##[group]Modifying PATH
2026-04-27T19:00:38.4570323Z Entries added to PATH to use selected Ruby:
2026-04-27T19:00:38.4570827Z   /opt/hostedtoolcache/Ruby/3.2.11/x64/bin
2026-04-27T19:00:38.4576212Z ##[endgroup]
2026-04-27T19:00:38.4577326Z ##[group]Print Ruby version
2026-04-27T19:00:38.4619709Z [command]/opt/hostedtoolcache/Ruby/3.2.11/x64/bin/ruby --version
2026-04-27T19:00:38.7244767Z ruby 3.2.11 (2026-03-27 revision 5483bfc1ae) [x86_64-linux]
2026-04-27T19:00:38.7277719Z Took   0.27 seconds
2026-04-27T19:00:38.7279190Z ##[endgroup]
2026-04-27T19:00:38.7280247Z ##[group]Installing Bundler
2026-04-27T19:00:38.7284401Z Using Bundler shipped with ruby-3.2.11
2026-04-27T19:00:38.7285301Z Took   0.00 seconds
2026-04-27T19:00:38.7286013Z ##[endgroup]
2026-04-27T19:00:38.7919982Z ##[group]Run actions/cache@v4
2026-04-27T19:00:38.7920259Z with:
2026-04-27T19:00:38.7920719Z   path: /home/runner/work/_actions/lewagon/wait-on-check-action/ccfb013c15c8afb7bf2b7c028fb74dc5a068cccc
2026-04-27T19:00:38.7921279Z   key: Linux-gems-
2026-04-27T19:00:38.7921491Z   restore-keys: Linux-gems-
2026-04-27T19:00:38.7921747Z   enableCrossOsArchive: false
2026-04-27T19:00:38.7922002Z   fail-on-cache-miss: false
2026-04-27T19:00:38.7922232Z   lookup-only: false
2026-04-27T19:00:38.7922453Z   save-always: false
2026-04-27T19:00:38.7922649Z env:
2026-04-27T19:00:38.7922825Z   WAIT_INTERVAL: 30
2026-04-27T19:00:38.7923022Z ##[endgroup]
2026-04-27T19:00:38.9900637Z Cache not found for input keys: Linux-gems-, Linux-gems-
2026-04-27T19:00:38.9967672Z ##[group]Run bundle install --jobs 4 --retry 3
2026-04-27T19:00:38.9967991Z [36;1mbundle install --jobs 4 --retry 3[0m
2026-04-27T19:00:38.9991871Z shell: /usr/bin/bash --noprofile --norc -e -o pipefail {0}
2026-04-27T19:00:38.9992205Z env:
2026-04-27T19:00:38.9992376Z   WAIT_INTERVAL: 30
2026-04-27T19:00:38.9992557Z ##[endgroup]
2026-04-27T19:00:40.3860314Z Bundler 2.4.19 is running, but your lockfile was generated with 2.2.3. Installing Bundler 2.2.3 and restarting using that version.
2026-04-27T19:00:42.0999871Z Fetching gem metadata from https://rubygems.org/.
2026-04-27T19:00:42.1077670Z Fetching bundler 2.2.3
2026-04-27T19:00:42.2685745Z Installing bundler 2.2.3
2026-04-27T19:00:42.4577255Z Calling `DidYouMean::SPELL_CHECKERS.merge!(error_name => spell_checker)' has been deprecated. Please call `DidYouMean.correct_error(error_name, spell_checker)' instead.
2026-04-27T19:00:43.7046498Z Fetching gem metadata from https://rubygems.org/.........
2026-04-27T19:00:43.7145999Z Fetching public_suffix 4.0.7
2026-04-27T19:00:43.7436719Z Fetching minitest 5.18.0
2026-04-27T19:00:43.7440509Z Fetching concurrent-ruby 1.2.2
2026-04-27T19:00:43.7890576Z Fetching zeitwerk 2.6.7
2026-04-27T19:00:43.8312461Z Installing public_suffix 4.0.7
2026-04-27T19:00:43.8451632Z Installing zeitwerk 2.6.7
2026-04-27T19:00:43.8568887Z Installing minitest 5.18.0
2026-04-27T19:00:43.8746921Z Installing concurrent-ruby 1.2.2
2026-04-27T19:00:43.9098795Z Fetching ast 2.4.2
2026-04-27T19:00:43.9370950Z Using bundler 2.2.3
2026-04-27T19:00:43.9379527Z Fetching byebug 11.1.3
2026-04-27T19:00:43.9714657Z Installing ast 2.4.2
2026-04-27T19:00:43.9832067Z Fetching diff-lcs 1.4.4
2026-04-27T19:00:44.0106967Z Installing byebug 11.1.3 with native extensions
2026-04-27T19:00:44.0163643Z Fetching faraday-net_http 2.0.3
2026-04-27T19:00:44.0482318Z Installing diff-lcs 1.4.4
2026-04-27T19:00:44.0944120Z Installing faraday-net_http 2.0.3
2026-04-27T19:00:44.1223520Z Using ruby2_keywords 0.0.5
2026-04-27T19:00:44.1401216Z Fetching json 2.7.1
2026-04-27T19:00:44.1878145Z Installing json 2.7.1 with native extensions
2026-04-27T19:00:44.2449570Z Fetching language_server-protocol 3.17.0.3
2026-04-27T19:00:44.2881232Z Installing language_server-protocol 3.17.0.3
2026-04-27T19:00:44.3579939Z Fetching lint_roller 1.1.0
2026-04-27T19:00:44.4137570Z Installing lint_roller 1.1.0
2026-04-27T19:00:44.4320878Z Fetching parallel 1.24.0
2026-04-27T19:00:44.4765502Z Installing parallel 1.24.0
2026-04-27T19:00:44.4877952Z Fetching racc 1.7.3
2026-04-27T19:00:44.5463422Z Fetching rainbow 3.1.1
2026-04-27T19:00:44.5803715Z Installing racc 1.7.3 with native extensions
2026-04-27T19:00:44.5834580Z Installing rainbow 3.1.1
2026-04-27T19:00:44.6008719Z Fetching regexp_parser 2.8.3
2026-04-27T19:00:44.6409318Z Installing regexp_parser 2.8.3
2026-04-27T19:00:44.6630478Z Fetching rexml 3.2.6
2026-04-27T19:00:44.7143747Z Installing rexml 3.2.6
2026-04-27T19:00:44.7421666Z Fetching rspec-support 3.10.1
2026-04-27T19:00:44.7803476Z Installing rspec-support 3.10.1
2026-04-27T19:00:44.7921516Z Fetching ruby-progressbar 1.13.0
2026-04-27T19:00:44.8297917Z Installing ruby-progressbar 1.13.0
2026-04-27T19:00:44.8395637Z Fetching unicode-display_width 2.5.0
2026-04-27T19:00:44.8808947Z Installing unicode-display_width 2.5.0
2026-04-27T19:00:44.8872601Z Fetching addressable 2.8.0
2026-04-27T19:00:44.9270317Z Installing addressable 2.8.0
2026-04-27T19:00:44.9450436Z Fetching faraday 2.3.0
2026-04-27T19:00:44.9817245Z Installing faraday 2.3.0
2026-04-27T19:00:45.0043423Z Fetching i18n 1.12.0
2026-04-27T19:00:45.0479212Z Installing i18n 1.12.0
2026-04-27T19:00:45.0643801Z Fetching tzinfo 2.0.6
2026-04-27T19:00:45.1031186Z Installing tzinfo 2.0.6
2026-04-27T19:00:45.1220102Z Fetching rspec-core 3.10.1
2026-04-27T19:00:45.1939211Z Installing rspec-core 3.10.1
2026-04-27T19:00:45.2349254Z Fetching rspec-expectations 3.10.1
2026-04-27T19:00:45.3009207Z Installing rspec-expectations 3.10.1
2026-04-27T19:00:45.3318846Z Fetching rspec-mocks 3.10.1
2026-04-27T19:00:45.3932843Z Installing rspec-mocks 3.10.1
2026-04-27T19:00:45.4165208Z Fetching faraday-retry 2.0.0
2026-04-27T19:00:45.4789414Z Installing faraday-retry 2.0.0
2026-04-27T19:00:45.4898794Z Fetching sawyer 0.9.2
2026-04-27T19:00:45.5444315Z Installing sawyer 0.9.2
2026-04-27T19:00:45.5565146Z Fetching activesupport 6.1.7.3
2026-04-27T19:00:45.6284006Z Installing activesupport 6.1.7.3
2026-04-27T19:00:45.7194225Z Fetching rspec 3.10.0
2026-04-27T19:00:45.7773196Z Installing rspec 3.10.0
2026-04-27T19:00:45.7852066Z Fetching octokit 4.25.0
2026-04-27T19:00:45.8443802Z Installing octokit 4.25.0
2026-04-27T19:00:45.9124414Z Fetching parser 3.2.2.4
2026-04-27T19:00:46.0184353Z Installing parser 3.2.2.4
2026-04-27T19:00:46.1935251Z Fetching rubocop-ast 1.30.0
2026-04-27T19:00:46.2928937Z Installing rubocop-ast 1.30.0
2026-04-27T19:00:47.5451482Z Fetching rubocop 1.57.2
2026-04-27T19:00:47.6016819Z Installing rubocop 1.57.2
2026-04-27T19:00:47.7731358Z Fetching rubocop-performance 1.19.1
2026-04-27T19:00:47.7734481Z Fetching standard-custom 1.0.2
2026-04-27T19:00:47.8304412Z Installing standard-custom 1.0.2
2026-04-27T19:00:47.8329913Z Installing rubocop-performance 1.19.1
2026-04-27T19:00:47.8529257Z Fetching standard-performance 1.2.1
2026-04-27T19:00:47.8845425Z Installing standard-performance 1.2.1
2026-04-27T19:00:47.8920079Z Fetching standard 1.32.1
2026-04-27T19:00:47.9278152Z Installing standard 1.32.1
2026-04-27T19:00:47.9483948Z Bundle complete! 6 Gemfile dependencies, 40 gems now installed.
2026-04-27T19:00:47.9485091Z Use `bundle info [gemname]` to see where a bundled gem is installed.
2026-04-27T19:00:47.9993338Z ##[group]Run ruby entrypoint.rb
2026-04-27T19:00:47.9993608Z [36;1mruby entrypoint.rb[0m
2026-04-27T19:00:48.0015546Z shell: /usr/bin/bash --noprofile --norc -e -o pipefail {0}
2026-04-27T19:00:48.0015867Z env:
2026-04-27T19:00:48.0016033Z   WAIT_INTERVAL: 30
2026-04-27T19:00:48.0016259Z   ALLOWED_CONCLUSIONS: success,skipped,neutral
2026-04-27T19:00:48.0016529Z   IGNORE_CHECKS: 
2026-04-27T19:00:48.0016704Z   CHECK_NAME: 
2026-04-27T19:00:48.0016869Z   CHECK_REGEXP: 
2026-04-27T19:00:48.0017074Z   REF: c4ec974ce8ed313af91cadaa2942e5cc5c483a56
2026-04-27T19:00:48.0017723Z   REPO_TOKEN: ***
2026-04-27T19:00:48.0017920Z   VERBOSE: true
2026-04-27T19:00:48.0018515Z   RUNNING_WORKFLOW_NAME: Auto-merge
2026-04-27T19:00:48.0018964Z   API_ENDPOINT: 
2026-04-27T19:00:48.0019154Z ##[endgroup]
2026-04-27T19:04:52.7252241Z Checks running on ref:
2026-04-27T19:04:52.7252788Z Checks in_progress: autofix, lint-and-test, Auto-merge
2026-04-27T19:04:52.7253599Z Checks completed: capture-failure-log, capture-failure-log, e2e, test, connected-tests, capture-failure-log, cross-device-tests, web-lint-and-test, maybe-label
2026-04-27T19:04:52.7254305Z Checks after ignore checks filter:
2026-04-27T19:04:52.7254574Z Checks in_progress: autofix, lint-and-test
2026-04-27T19:04:52.7255280Z Checks completed: capture-failure-log, capture-failure-log, e2e, test, connected-tests, capture-failure-log, cross-device-tests, web-lint-and-test, maybe-label
2026-04-27T19:04:52.7255969Z Checks after check_name filter:
2026-04-27T19:04:52.7256216Z Checks in_progress: autofix, lint-and-test
2026-04-27T19:04:52.7256894Z Checks completed: capture-failure-log, capture-failure-log, e2e, test, connected-tests, capture-failure-log, cross-device-tests, web-lint-and-test, maybe-label
2026-04-27T19:04:52.7257645Z Checks after Regexp filter:
2026-04-27T19:04:52.7257879Z Checks in_progress: autofix, lint-and-test
2026-04-27T19:04:52.7258763Z Checks completed: capture-failure-log, capture-failure-log, e2e, test, connected-tests, capture-failure-log, cross-device-tests, web-lint-and-test, maybe-label
2026-04-27T19:04:52.7259549Z The requested checks aren't complete yet, will check back in 30 seconds...
2026-04-27T19:04:52.7259910Z Checks running on ref:
2026-04-27T19:04:52.7260150Z Checks in_progress: autofix, lint-and-test, Auto-merge
2026-04-27T19:04:52.7260866Z Checks completed: capture-failure-log, capture-failure-log, e2e, test, connected-tests, capture-failure-log, cross-device-tests, web-lint-and-test, maybe-label
2026-04-27T19:04:52.7261546Z Checks after ignore checks filter:
2026-04-27T19:04:52.7261794Z Checks in_progress: autofix, lint-and-test
2026-04-27T19:04:52.7262463Z Checks completed: capture-failure-log, capture-failure-log, e2e, test, connected-tests, capture-failure-log, cross-device-tests, web-lint-and-test, maybe-label
2026-04-27T19:04:52.7263146Z Checks after check_name filter:
2026-04-27T19:04:52.7263379Z Checks in_progress: autofix, lint-and-test
2026-04-27T19:04:52.7264053Z Checks completed: capture-failure-log, capture-failure-log, e2e, test, connected-tests, capture-failure-log, cross-device-tests, web-lint-and-test, maybe-label
2026-04-27T19:04:52.7264728Z Checks after Regexp filter:
2026-04-27T19:04:52.7264956Z Checks in_progress: autofix, lint-and-test
2026-04-27T19:04:52.7265605Z Checks completed: capture-failure-log, capture-failure-log, e2e, test, connected-tests, capture-failure-log, cross-device-tests, web-lint-and-test, maybe-label
2026-04-27T19:04:52.7266352Z The requested checks aren't complete yet, will check back in 30 seconds...
2026-04-27T19:04:52.7266710Z Checks running on ref:
2026-04-27T19:04:52.7266947Z Checks in_progress: autofix, lint-and-test, Auto-merge
2026-04-27T19:04:52.7267639Z Checks completed: capture-failure-log, capture-failure-log, e2e, test, connected-tests, capture-failure-log, cross-device-tests, web-lint-and-test, maybe-label
2026-04-27T19:04:52.7268440Z Checks after ignore checks filter:
2026-04-27T19:04:52.7269063Z Checks in_progress: autofix, lint-and-test
2026-04-27T19:04:52.7269723Z Checks completed: capture-failure-log, capture-failure-log, e2e, test, connected-tests, capture-failure-log, cross-device-tests, web-lint-and-test, maybe-label
2026-04-27T19:04:52.7270389Z Checks after check_name filter:
2026-04-27T19:04:52.7270616Z Checks in_progress: autofix, lint-and-test
2026-04-27T19:04:52.7271265Z Checks completed: capture-failure-log, capture-failure-log, e2e, test, connected-tests, capture-failure-log, cross-device-tests, web-lint-and-test, maybe-label
2026-04-27T19:04:52.7271919Z Checks after Regexp filter:
2026-04-27T19:04:52.7272136Z Checks in_progress: autofix, lint-and-test
2026-04-27T19:04:52.7272788Z Checks completed: capture-failure-log, capture-failure-log, e2e, test, connected-tests, capture-failure-log, cross-device-tests, web-lint-and-test, maybe-label
2026-04-27T19:04:52.7273684Z The requested checks aren't complete yet, will check back in 30 seconds...
2026-04-27T19:04:52.7274026Z Checks running on ref:
2026-04-27T19:04:52.7274268Z Checks in_progress: autofix, lint-and-test, Auto-merge
2026-04-27T19:04:52.7274956Z Checks completed: capture-failure-log, capture-failure-log, e2e, test, connected-tests, capture-failure-log, cross-device-tests, web-lint-and-test, maybe-label
2026-04-27T19:04:52.7275612Z Checks after ignore checks filter:
2026-04-27T19:04:52.7275854Z Checks in_progress: autofix, lint-and-test
2026-04-27T19:04:52.7276508Z Checks completed: capture-failure-log, capture-failure-log, e2e, test, connected-tests, capture-failure-log, cross-device-tests, web-lint-and-test, maybe-label
2026-04-27T19:04:52.7277161Z Checks after check_name filter:
2026-04-27T19:04:52.7277393Z Checks in_progress: autofix, lint-and-test
2026-04-27T19:04:52.7278184Z Checks completed: capture-failure-log, capture-failure-log, e2e, test, connected-tests, capture-failure-log, cross-device-tests, web-lint-and-test, maybe-label
2026-04-27T19:04:52.7278868Z Checks after Regexp filter:
2026-04-27T19:04:52.7279103Z Checks in_progress: autofix, lint-and-test
2026-04-27T19:04:52.7279763Z Checks completed: capture-failure-log, capture-failure-log, e2e, test, connected-tests, capture-failure-log, cross-device-tests, web-lint-and-test, maybe-label
2026-04-27T19:04:52.7280524Z The requested checks aren't complete yet, will check back in 30 seconds...
2026-04-27T19:04:52.7280874Z Checks running on ref:
2026-04-27T19:04:52.7281109Z Checks in_progress: autofix, lint-and-test, Auto-merge
2026-04-27T19:04:52.7281800Z Checks completed: capture-failure-log, capture-failure-log, e2e, test, connected-tests, capture-failure-log, cross-device-tests, web-lint-and-test, maybe-label
2026-04-27T19:04:52.7282461Z Checks after ignore checks filter:
2026-04-27T19:04:52.7282701Z Checks in_progress: autofix, lint-and-test
2026-04-27T19:04:52.7283353Z Checks completed: capture-failure-log, capture-failure-log, e2e, test, connected-tests, capture-failure-log, cross-device-tests, web-lint-and-test, maybe-label
2026-04-27T19:04:52.7284015Z Checks after check_name filter:
2026-04-27T19:04:52.7284246Z Checks in_progress: autofix, lint-and-test
2026-04-27T19:04:52.7284898Z Checks completed: capture-failure-log, capture-failure-log, e2e, test, connected-tests, capture-failure-log, cross-device-tests, web-lint-and-test, maybe-label
2026-04-27T19:04:52.7285548Z Checks after Regexp filter:
2026-04-27T19:04:52.7285770Z Checks in_progress: autofix, lint-and-test
2026-04-27T19:04:52.7286415Z Checks completed: capture-failure-log, capture-failure-log, e2e, test, connected-tests, capture-failure-log, cross-device-tests, web-lint-and-test, maybe-label
2026-04-27T19:04:52.7287165Z The requested checks aren't complete yet, will check back in 30 seconds...
2026-04-27T19:04:52.7287574Z Checks running on ref:
2026-04-27T19:04:52.7288333Z Checks completed: autofix, capture-failure-log, capture-failure-log, e2e, test, connected-tests, capture-failure-log, cross-device-tests, web-lint-and-test, maybe-label
2026-04-27T19:04:52.7289068Z Checks in_progress: lint-and-test, Auto-merge
2026-04-27T19:04:52.7289458Z Checks after ignore checks filter:
2026-04-27T19:04:52.7290136Z Checks completed: autofix, capture-failure-log, capture-failure-log, e2e, test, connected-tests, capture-failure-log, cross-device-tests, web-lint-and-test, maybe-label
2026-04-27T19:04:52.7290832Z Checks in_progress: lint-and-test
2026-04-27T19:04:52.7291058Z Checks after check_name filter:
2026-04-27T19:04:52.7291706Z Checks completed: autofix, capture-failure-log, capture-failure-log, e2e, test, connected-tests, capture-failure-log, cross-device-tests, web-lint-and-test, maybe-label
2026-04-27T19:04:52.7292397Z Checks in_progress: lint-and-test
2026-04-27T19:04:52.7292629Z Checks after Regexp filter:
2026-04-27T19:04:52.7293274Z Checks completed: autofix, capture-failure-log, capture-failure-log, e2e, test, connected-tests, capture-failure-log, cross-device-tests, web-lint-and-test, maybe-label
2026-04-27T19:04:52.7294068Z Checks in_progress: lint-and-test
2026-04-27T19:04:52.7294403Z The requested checks aren't complete yet, will check back in 30 seconds...
2026-04-27T19:04:52.7294765Z Checks running on ref:
2026-04-27T19:04:52.7295408Z Checks completed: autofix, capture-failure-log, capture-failure-log, e2e, test, connected-tests, capture-failure-log, cross-device-tests, web-lint-and-test, maybe-label
2026-04-27T19:04:52.7296129Z Checks in_progress: lint-and-test, Auto-merge
2026-04-27T19:04:52.7296402Z Checks after ignore checks filter:
2026-04-27T19:04:52.7297068Z Checks completed: autofix, capture-failure-log, capture-failure-log, e2e, test, connected-tests, capture-failure-log, cross-device-tests, web-lint-and-test, maybe-label
2026-04-27T19:04:52.7297778Z Checks in_progress: lint-and-test
2026-04-27T19:04:52.7298155Z Checks after check_name filter:
2026-04-27T19:04:52.7298827Z Checks completed: autofix, capture-failure-log, capture-failure-log, e2e, test, connected-tests, capture-failure-log, cross-device-tests, web-lint-and-test, maybe-label
2026-04-27T19:04:52.7299523Z Checks in_progress: lint-and-test
2026-04-27T19:04:52.7299751Z Checks after Regexp filter:
2026-04-27T19:04:52.7300401Z Checks completed: autofix, capture-failure-log, capture-failure-log, e2e, test, connected-tests, capture-failure-log, cross-device-tests, web-lint-and-test, maybe-label
2026-04-27T19:04:52.7301091Z Checks in_progress: lint-and-test
2026-04-27T19:04:52.7301414Z The requested checks aren't complete yet, will check back in 30 seconds...
2026-04-27T19:04:52.7301766Z Checks running on ref:
2026-04-27T19:04:52.7302399Z Checks completed: autofix, capture-failure-log, capture-failure-log, e2e, test, connected-tests, capture-failure-log, cross-device-tests, web-lint-and-test, maybe-label
2026-04-27T19:04:52.7303105Z Checks in_progress: lint-and-test, Auto-merge
2026-04-27T19:04:52.7303376Z Checks after ignore checks filter:
2026-04-27T19:04:52.7304042Z Checks completed: autofix, capture-failure-log, capture-failure-log, e2e, test, connected-tests, capture-failure-log, cross-device-tests, web-lint-and-test, maybe-label
2026-04-27T19:04:52.7304729Z Checks in_progress: lint-and-test
2026-04-27T19:04:52.7304957Z Checks after check_name filter:
2026-04-27T19:04:52.7305607Z Checks completed: autofix, capture-failure-log, capture-failure-log, e2e, test, connected-tests, capture-failure-log, cross-device-tests, web-lint-and-test, maybe-label
2026-04-27T19:04:52.7306292Z Checks in_progress: lint-and-test
2026-04-27T19:04:52.7306514Z Checks after Regexp filter:
2026-04-27T19:04:52.7307156Z Checks completed: autofix, capture-failure-log, capture-failure-log, e2e, test, connected-tests, capture-failure-log, cross-device-tests, web-lint-and-test, maybe-label
2026-04-27T19:04:52.7307858Z Checks in_progress: lint-and-test
2026-04-27T19:04:52.7308320Z The requested checks aren't complete yet, will check back in 30 seconds...
2026-04-27T19:04:52.7308670Z Checks running on ref:
2026-04-27T19:08:56.4514763Z Checks completed: autofix, capture-failure-log, capture-failure-log, e2e, test, connected-tests, capture-failure-log, cross-device-tests, web-lint-and-test, maybe-label
2026-04-27T19:08:56.4517072Z Checks in_progress: lint-and-test, Auto-merge
2026-04-27T19:08:56.4517733Z Checks after ignore checks filter:
2026-04-27T19:08:56.4519718Z Checks completed: autofix, capture-failure-log, capture-failure-log, e2e, test, connected-tests, capture-failure-log, cross-device-tests, web-lint-and-test, maybe-label
2026-04-27T19:08:56.4521409Z Checks in_progress: lint-and-test
2026-04-27T19:08:56.4521838Z Checks after check_name filter:
2026-04-27T19:08:56.4523044Z Checks completed: autofix, capture-failure-log, capture-failure-log, e2e, test, connected-tests, capture-failure-log, cross-device-tests, web-lint-and-test, maybe-label
2026-04-27T19:08:56.4524337Z Checks in_progress: lint-and-test
2026-04-27T19:08:56.4524739Z Checks after Regexp filter:
2026-04-27T19:08:56.4526261Z Checks completed: autofix, capture-failure-log, capture-failure-log, e2e, test, connected-tests, capture-failure-log, cross-device-tests, web-lint-and-test, maybe-label
2026-04-27T19:08:56.4527529Z Checks in_progress: lint-and-test
2026-04-27T19:08:56.4528350Z The requested checks aren't complete yet, will check back in 30 seconds...
2026-04-27T19:08:56.4528991Z Checks running on ref:
2026-04-27T19:08:56.4530124Z Checks completed: autofix, capture-failure-log, capture-failure-log, e2e, test, connected-tests, capture-failure-log, cross-device-tests, web-lint-and-test, maybe-label
2026-04-27T19:08:56.4531254Z Checks in_progress: lint-and-test, Auto-merge
2026-04-27T19:08:56.4531572Z Checks after ignore checks filter:
2026-04-27T19:08:56.4532311Z Checks completed: autofix, capture-failure-log, capture-failure-log, e2e, test, connected-tests, capture-failure-log, cross-device-tests, web-lint-and-test, maybe-label
2026-04-27T19:08:56.4533014Z Checks in_progress: lint-and-test
2026-04-27T19:08:56.4533259Z Checks after check_name filter:
2026-04-27T19:08:56.4533917Z Checks completed: autofix, capture-failure-log, capture-failure-log, e2e, test, connected-tests, capture-failure-log, cross-device-tests, web-lint-and-test, maybe-label
2026-04-27T19:08:56.4534633Z Checks in_progress: lint-and-test
2026-04-27T19:08:56.4534870Z Checks after Regexp filter:
2026-04-27T19:08:56.4535529Z Checks completed: autofix, capture-failure-log, capture-failure-log, e2e, test, connected-tests, capture-failure-log, cross-device-tests, web-lint-and-test, maybe-label
2026-04-27T19:08:56.4536238Z Checks in_progress: lint-and-test
2026-04-27T19:08:56.4536581Z The requested checks aren't complete yet, will check back in 30 seconds...
2026-04-27T19:08:56.4536936Z Checks running on ref:
2026-04-27T19:08:56.4537583Z Checks completed: autofix, capture-failure-log, capture-failure-log, e2e, test, connected-tests, capture-failure-log, cross-device-tests, web-lint-and-test, maybe-label
2026-04-27T19:08:56.4538778Z Checks in_progress: lint-and-test, Auto-merge
2026-04-27T19:08:56.4539254Z Checks after ignore checks filter:
2026-04-27T19:08:56.4539951Z Checks completed: autofix, capture-failure-log, capture-failure-log, e2e, test, connected-tests, capture-failure-log, cross-device-tests, web-lint-and-test, maybe-label
2026-04-27T19:08:56.4540636Z Checks in_progress: lint-and-test
2026-04-27T19:08:56.4540867Z Checks after check_name filter:
2026-04-27T19:08:56.4541533Z Checks completed: autofix, capture-failure-log, capture-failure-log, e2e, test, connected-tests, capture-failure-log, cross-device-tests, web-lint-and-test, maybe-label
2026-04-27T19:08:56.4542217Z Checks in_progress: lint-and-test
2026-04-27T19:08:56.4542446Z Checks after Regexp filter:
2026-04-27T19:08:56.4543089Z Checks completed: autofix, capture-failure-log, capture-failure-log, e2e, test, connected-tests, capture-failure-log, cross-device-tests, web-lint-and-test, maybe-label
2026-04-27T19:08:56.4543773Z Checks in_progress: lint-and-test
2026-04-27T19:08:56.4544111Z The requested checks aren't complete yet, will check back in 30 seconds...
2026-04-27T19:08:56.4544494Z Checks running on ref:
2026-04-27T19:08:56.4545319Z Checks completed: autofix, capture-failure-log, capture-failure-log, e2e, test, connected-tests, capture-failure-log, cross-device-tests, web-lint-and-test, maybe-label
2026-04-27T19:08:56.4546043Z Checks in_progress: lint-and-test, Auto-merge
2026-04-27T19:08:56.4546312Z Checks after ignore checks filter:
2026-04-27T19:08:56.4546968Z Checks completed: autofix, capture-failure-log, capture-failure-log, e2e, test, connected-tests, capture-failure-log, cross-device-tests, web-lint-and-test, maybe-label
2026-04-27T19:08:56.4547656Z Checks in_progress: lint-and-test
2026-04-27T19:08:56.4547886Z Checks after check_name filter:
2026-04-27T19:08:56.4548911Z Checks completed: autofix, capture-failure-log, capture-failure-log, e2e, test, connected-tests, capture-failure-log, cross-device-tests, web-lint-and-test, maybe-label
2026-04-27T19:08:56.4549765Z Checks in_progress: lint-and-test
2026-04-27T19:08:56.4549992Z Checks after Regexp filter:
2026-04-27T19:08:56.4550641Z Checks completed: autofix, capture-failure-log, capture-failure-log, e2e, test, connected-tests, capture-failure-log, cross-device-tests, web-lint-and-test, maybe-label
2026-04-27T19:08:56.4551332Z Checks in_progress: lint-and-test
2026-04-27T19:08:56.4551655Z The requested checks aren't complete yet, will check back in 30 seconds...
2026-04-27T19:08:56.4552008Z Checks running on ref:
2026-04-27T19:08:56.4552641Z Checks completed: autofix, capture-failure-log, capture-failure-log, e2e, test, connected-tests, capture-failure-log, cross-device-tests, web-lint-and-test, maybe-label
2026-04-27T19:08:56.4553349Z Checks in_progress: lint-and-test, Auto-merge
2026-04-27T19:08:56.4553620Z Checks after ignore checks filter:
2026-04-27T19:08:56.4554280Z Checks completed: autofix, capture-failure-log, capture-failure-log, e2e, test, connected-tests, capture-failure-log, cross-device-tests, web-lint-and-test, maybe-label
2026-04-27T19:08:56.4554969Z Checks in_progress: lint-and-test
2026-04-27T19:08:56.4555196Z Checks after check_name filter:
2026-04-27T19:08:56.4555849Z Checks completed: autofix, capture-failure-log, capture-failure-log, e2e, test, connected-tests, capture-failure-log, cross-device-tests, web-lint-and-test, maybe-label
2026-04-27T19:08:56.4556530Z Checks in_progress: lint-and-test
2026-04-27T19:08:56.4556754Z Checks after Regexp filter:
2026-04-27T19:08:56.4557396Z Checks completed: autofix, capture-failure-log, capture-failure-log, e2e, test, connected-tests, capture-failure-log, cross-device-tests, web-lint-and-test, maybe-label
2026-04-27T19:08:56.4558372Z Checks in_progress: lint-and-test
2026-04-27T19:08:56.4558714Z The requested checks aren't complete yet, will check back in 30 seconds...
2026-04-27T19:08:56.4559054Z Checks running on ref:
2026-04-27T19:08:56.4559692Z Checks completed: autofix, capture-failure-log, capture-failure-log, e2e, test, connected-tests, capture-failure-log, cross-device-tests, web-lint-and-test, maybe-label
2026-04-27T19:08:56.4560409Z Checks in_progress: lint-and-test, Auto-merge
2026-04-27T19:08:56.4560671Z Checks after ignore checks filter:
2026-04-27T19:08:56.4561357Z Checks completed: autofix, capture-failure-log, capture-failure-log, e2e, test, connected-tests, capture-failure-log, cross-device-tests, web-lint-and-test, maybe-label
2026-04-27T19:08:56.4562066Z Checks in_progress: lint-and-test
2026-04-27T19:08:56.4562292Z Checks after check_name filter:
2026-04-27T19:08:56.4562955Z Checks completed: autofix, capture-failure-log, capture-failure-log, e2e, test, connected-tests, capture-failure-log, cross-device-tests, web-lint-and-test, maybe-label
2026-04-27T19:08:56.4563649Z Checks in_progress: lint-and-test
2026-04-27T19:08:56.4563870Z Checks after Regexp filter:
2026-04-27T19:08:56.4564548Z Checks completed: autofix, capture-failure-log, capture-failure-log, e2e, test, connected-tests, capture-failure-log, cross-device-tests, web-lint-and-test, maybe-label
2026-04-27T19:08:56.4565243Z Checks in_progress: lint-and-test
2026-04-27T19:08:56.4565565Z The requested checks aren't complete yet, will check back in 30 seconds...
2026-04-27T19:08:56.4565910Z Checks running on ref:
2026-04-27T19:08:56.4566862Z Checks completed: autofix, capture-failure-log, capture-failure-log, e2e, test, connected-tests, capture-failure-log, cross-device-tests, web-lint-and-test, maybe-label
2026-04-27T19:08:56.4567598Z Checks in_progress: lint-and-test, Auto-merge
2026-04-27T19:08:56.4567869Z Checks after ignore checks filter:
2026-04-27T19:08:56.4568994Z Checks completed: autofix, capture-failure-log, capture-failure-log, e2e, test, connected-tests, capture-failure-log, cross-device-tests, web-lint-and-test, maybe-label
2026-04-27T19:08:56.4569701Z Checks in_progress: lint-and-test
2026-04-27T19:08:56.4569933Z Checks after check_name filter:
2026-04-27T19:08:56.4570587Z Checks completed: autofix, capture-failure-log, capture-failure-log, e2e, test, connected-tests, capture-failure-log, cross-device-tests, web-lint-and-test, maybe-label
2026-04-27T19:08:56.4571450Z Checks in_progress: lint-and-test
2026-04-27T19:08:56.4571678Z Checks after Regexp filter:
2026-04-27T19:08:56.4572330Z Checks completed: autofix, capture-failure-log, capture-failure-log, e2e, test, connected-tests, capture-failure-log, cross-device-tests, web-lint-and-test, maybe-label
2026-04-27T19:08:56.4573066Z Checks in_progress: lint-and-test
2026-04-27T19:08:56.4573398Z The requested checks aren't complete yet, will check back in 30 seconds...
2026-04-27T19:08:56.4573742Z Checks running on ref:
2026-04-27T19:08:56.4574396Z Checks completed: autofix, capture-failure-log, capture-failure-log, e2e, test, connected-tests, capture-failure-log, cross-device-tests, web-lint-and-test, maybe-label
2026-04-27T19:08:56.4575115Z Checks in_progress: lint-and-test, Auto-merge
2026-04-27T19:08:56.4575385Z Checks after ignore checks filter:
2026-04-27T19:08:56.4576056Z Checks completed: autofix, capture-failure-log, capture-failure-log, e2e, test, connected-tests, capture-failure-log, cross-device-tests, web-lint-and-test, maybe-label
2026-04-27T19:08:56.4576752Z Checks in_progress: lint-and-test
2026-04-27T19:08:56.4576980Z Checks after check_name filter:
2026-04-27T19:08:56.4577633Z Checks completed: autofix, capture-failure-log, capture-failure-log, e2e, test, connected-tests, capture-failure-log, cross-device-tests, web-lint-and-test, maybe-label
2026-04-27T19:08:56.4578585Z Checks in_progress: lint-and-test
2026-04-27T19:08:56.4578820Z Checks after Regexp filter:
2026-04-27T19:08:56.4579482Z Checks completed: autofix, capture-failure-log, capture-failure-log, e2e, test, connected-tests, capture-failure-log, cross-device-tests, web-lint-and-test, maybe-label
2026-04-27T19:08:56.4580181Z Checks in_progress: lint-and-test
2026-04-27T19:08:56.4580512Z The requested checks aren't complete yet, will check back in 30 seconds...
2026-04-27T19:08:56.4580856Z Checks running on ref:
2026-04-27T19:08:56.4593414Z Checks completed: firebase-distribute, capture-failure-log / capture, autofix, lint-and-test, capture-failure-log, capture-failure-log, e2e, test, connected-tests, capture-failure-log, cross-device-tests, web-lint-and-test, maybe-label
2026-04-27T19:08:56.4594451Z Checks in_progress: Auto-merge
2026-04-27T19:08:56.4594694Z Checks after ignore checks filter:
2026-04-27T19:08:56.4595624Z Checks completed: firebase-distribute, capture-failure-log / capture, autofix, lint-and-test, capture-failure-log, capture-failure-log, e2e, test, connected-tests, capture-failure-log, cross-device-tests, web-lint-and-test, maybe-label
2026-04-27T19:08:56.4596583Z Checks after check_name filter:
2026-04-27T19:08:56.4597497Z Checks completed: firebase-distribute, capture-failure-log / capture, autofix, lint-and-test, capture-failure-log, capture-failure-log, e2e, test, connected-tests, capture-failure-log, cross-device-tests, web-lint-and-test, maybe-label
2026-04-27T19:08:56.4598725Z Checks after Regexp filter:
2026-04-27T19:08:56.4599638Z Checks completed: firebase-distribute, capture-failure-log / capture, autofix, lint-and-test, capture-failure-log, capture-failure-log, e2e, test, connected-tests, capture-failure-log, cross-device-tests, web-lint-and-test, maybe-label
2026-04-27T19:08:56.4600780Z Checks completed:
2026-04-27T19:08:56.4600992Z firebase-distribute: completed (skipped)
2026-04-27T19:08:56.4601311Z capture-failure-log / capture: completed (success)
2026-04-27T19:08:56.4601603Z autofix: completed (failure)
2026-04-27T19:08:56.4601826Z lint-and-test: completed (failure)
2026-04-27T19:08:56.4602080Z capture-failure-log: completed (skipped)
2026-04-27T19:08:56.4602343Z capture-failure-log: completed (skipped)
2026-04-27T19:08:56.4602592Z e2e: completed (success)
2026-04-27T19:08:56.4602800Z test: completed (success)
2026-04-27T19:08:56.4603014Z connected-tests: completed (skipped)
2026-04-27T19:08:56.4603270Z capture-failure-log: completed (skipped)
2026-04-27T19:08:56.4603529Z cross-device-tests: completed (skipped)
2026-04-27T19:08:56.4603924Z web-lint-and-test: completed (success)
2026-04-27T19:08:56.4604181Z maybe-label: completed (success)
2026-04-27T19:08:56.4604837Z The conclusion of one or more checks were not allowed. Allowed conclusions are: success, skipped, neutral. This can be configured with the 'allowed-conclusions' param.
2026-04-27T19:08:56.4704395Z ##[error]Process completed with exit code 1.
2026-04-27T19:08:56.4817466Z Post job cleanup.
2026-04-27T19:08:56.4874876Z Cleaning up orphan processes
2026-04-27T19:08:56.5158648Z ##[warning]Node.js 20 actions are deprecated. The following actions are running on Node.js 20 and may not work as expected: actions/cache@v4. Actions will be forced to run with Node.js 24 by default starting June 2nd, 2026. Node.js 20 will be removed from the runner on September 16th, 2026. Please check if updated versions of these actions are available that support Node.js 24. To opt into Node.js 24 now, set the FORCE_JAVASCRIPT_ACTIONS_TO_NODE24=true environment variable on the runner or in your workflow file. Once Node.js 24 becomes the default, you can temporarily opt out by setting ACTIONS_ALLOW_USE_UNSECURE_NODE_VERSION=true. For more information see: https://github.blog/changelog/2025-09-19-deprecation-of-node-20-on-github-actions-runners/
