=== CI FAILURE ===
Workflow:      Auto-merge & Release
Workflow file: akarlin3/prismTask/.github/workflows/auto-merge.yml@refs/pull/640/merge
Job(s):        Auto-merge
Run ID:        24766256209
Run attempt:   1
Run URL:       https://github.com/akarlin3/prismTask/actions/runs/24766256209
Commit:        07a1c001d3d20147e8c88c5bdbb64211b3cea8aa
Branch:        640/merge
Event:         pull_request
Actor:         akarlin3
Runner OS:     Linux
Timestamp:     2026-04-22T07:39:23.234Z

Failed steps:
  - Auto-merge: #3 Wait for all other CI checks to pass

=== FAILED JOB LOG ===

--- Job: Auto-merge (id 72461109137) ---
2026-04-22T07:36:11.4679587Z Current runner version: '2.333.1'
2026-04-22T07:36:11.4704292Z ##[group]Runner Image Provisioner
2026-04-22T07:36:11.4705117Z Hosted Compute Agent
2026-04-22T07:36:11.4705671Z Version: 20260213.493
2026-04-22T07:36:11.4706505Z Commit: 5c115507f6dd24b8de37d8bbe0bb4509d0cc0fa3
2026-04-22T07:36:11.4707192Z Build Date: 2026-02-13T00:28:41Z
2026-04-22T07:36:11.4707878Z Worker ID: {c5fa668a-a55f-4573-8b32-b8d5af553ed8}
2026-04-22T07:36:11.4708694Z Azure Region: eastus
2026-04-22T07:36:11.4709200Z ##[endgroup]
2026-04-22T07:36:11.4710726Z ##[group]Operating System
2026-04-22T07:36:11.4711306Z Ubuntu
2026-04-22T07:36:11.4711767Z 24.04.4
2026-04-22T07:36:11.4712165Z LTS
2026-04-22T07:36:11.4712717Z ##[endgroup]
2026-04-22T07:36:11.4713166Z ##[group]Runner Image
2026-04-22T07:36:11.4713687Z Image: ubuntu-24.04
2026-04-22T07:36:11.4714250Z Version: 20260413.86.1
2026-04-22T07:36:11.4715427Z Included Software: https://github.com/actions/runner-images/blob/ubuntu24/20260413.86/images/ubuntu/Ubuntu2404-Readme.md
2026-04-22T07:36:11.4717408Z Image Release: https://github.com/actions/runner-images/releases/tag/ubuntu24%2F20260413.86
2026-04-22T07:36:11.4718305Z ##[endgroup]
2026-04-22T07:36:11.4719617Z ##[group]GITHUB_TOKEN Permissions
2026-04-22T07:36:11.4721771Z Actions: read
2026-04-22T07:36:11.4722323Z Checks: read
2026-04-22T07:36:11.4722897Z Contents: write
2026-04-22T07:36:11.4723366Z Metadata: read
2026-04-22T07:36:11.4723865Z PullRequests: write
2026-04-22T07:36:11.4724372Z ##[endgroup]
2026-04-22T07:36:11.4727241Z Secret source: Actions
2026-04-22T07:36:11.4728314Z Prepare workflow directory
2026-04-22T07:36:11.5200954Z Prepare all required actions
2026-04-22T07:36:11.5253193Z Getting action download info
2026-04-22T07:36:11.8517751Z Download action repository 'lewagon/wait-on-check-action@ccfb013c15c8afb7bf2b7c028fb74dc5a068cccc' (SHA:ccfb013c15c8afb7bf2b7c028fb74dc5a068cccc)
2026-04-22T07:36:12.4293762Z Getting action download info
2026-04-22T07:36:12.5996842Z Download action repository 'ruby/setup-ruby@v1' (SHA:0cb964fd540e0a24c900370abf38a33466142735)
2026-04-22T07:36:12.7965047Z Download action repository 'actions/cache@v4' (SHA:0057852bfaa89a56745cba8c7296529d2fc39830)
2026-04-22T07:36:12.9459449Z Complete job name: Auto-merge
2026-04-22T07:36:13.0125937Z ##[group]Run set -euo pipefail
2026-04-22T07:36:13.0127295Z [36;1mset -euo pipefail[0m
2026-04-22T07:36:13.0128667Z [36;1m# Give GitHub a short grace period to schedule workflow runs for[0m
2026-04-22T07:36:13.0130509Z [36;1m# the head commit. Paths-filtered workflows (android/backend/web CI)[0m
2026-04-22T07:36:13.0132291Z [36;1m# won't run for doc-only or cross-cutting config PRs, so the[0m
2026-04-22T07:36:13.0134035Z [36;1m# wait-on-check-action step below would otherwise hang waiting for[0m
2026-04-22T07:36:13.0135549Z [36;1m# checks that will never appear.[0m
2026-04-22T07:36:13.0136733Z [36;1msleep 20[0m
2026-04-22T07:36:13.0137848Z [36;1mCOUNT=$(gh api "repos/$REPO/commits/$HEAD_SHA/check-runs" \[0m
2026-04-22T07:36:13.0139525Z [36;1m  --jq '[.check_runs[] | select(.name != "Auto-merge")] | length')[0m
2026-04-22T07:36:13.0141114Z [36;1mecho "Non-Auto-merge check runs on head: $COUNT"[0m
2026-04-22T07:36:13.0142407Z [36;1mif [ "$COUNT" -gt 0 ]; then[0m
2026-04-22T07:36:13.0143512Z [36;1m  echo "has_ci=true" >> "$GITHUB_OUTPUT"[0m
2026-04-22T07:36:13.0144624Z [36;1melse[0m
2026-04-22T07:36:13.0145506Z [36;1m  echo "has_ci=false" >> "$GITHUB_OUTPUT"[0m
2026-04-22T07:36:13.0147064Z [36;1m  echo "No CI checks on this PR — will merge without waiting."[0m
2026-04-22T07:36:13.0148396Z [36;1mfi[0m
2026-04-22T07:36:13.0174791Z shell: /usr/bin/bash -e {0}
2026-04-22T07:36:13.0176255Z env:
2026-04-22T07:36:13.0177001Z   WAIT_INTERVAL: 30
2026-04-22T07:36:13.0178196Z   GH_TOKEN: ***
2026-04-22T07:36:13.0179119Z   HEAD_SHA: 10f673ce631f24bfdd522e4460eaa179dc371bdd
2026-04-22T07:36:13.0180289Z   REPO: akarlin3/prismTask
2026-04-22T07:36:13.0181166Z ##[endgroup]
2026-04-22T07:36:33.3096630Z Non-Auto-merge check runs on head: 1
2026-04-22T07:36:33.3330593Z ##[group]Run lewagon/wait-on-check-action@ccfb013c15c8afb7bf2b7c028fb74dc5a068cccc
2026-04-22T07:36:33.3331103Z with:
2026-04-22T07:36:33.3331349Z   ref: 10f673ce631f24bfdd522e4460eaa179dc371bdd
2026-04-22T07:36:33.3331675Z   running-workflow-name: Auto-merge
2026-04-22T07:36:33.3332326Z   repo-token: ***
2026-04-22T07:36:33.3332570Z   wait-interval: 30
2026-04-22T07:36:33.3332825Z   allowed-conclusions: success,skipped
2026-04-22T07:36:33.3333111Z   verbose: true
2026-04-22T07:36:33.3333345Z env:
2026-04-22T07:36:33.3333535Z   WAIT_INTERVAL: 30
2026-04-22T07:36:33.3333755Z ##[endgroup]
2026-04-22T07:36:33.3474228Z ##[group]Run ruby/setup-ruby@v1
2026-04-22T07:36:33.3474536Z with:
2026-04-22T07:36:33.3474754Z   ruby-version: 3.2
2026-04-22T07:36:33.3475013Z   bundler-cache: false
2026-04-22T07:36:33.3475397Z   token: ***
2026-04-22T07:36:33.3475602Z env:
2026-04-22T07:36:33.3475800Z   WAIT_INTERVAL: 30
2026-04-22T07:36:33.3476230Z ##[endgroup]
2026-04-22T07:36:33.4824872Z ##[group]Modifying PATH
2026-04-22T07:36:33.4825714Z Entries added to PATH to use selected Ruby:
2026-04-22T07:36:33.4826895Z   /opt/hostedtoolcache/Ruby/3.2.11/x64/bin
2026-04-22T07:36:33.4831516Z ##[endgroup]
2026-04-22T07:36:33.4832937Z ##[group]Print Ruby version
2026-04-22T07:36:33.4910230Z [command]/opt/hostedtoolcache/Ruby/3.2.11/x64/bin/ruby --version
2026-04-22T07:36:33.8077962Z ruby 3.2.11 (2026-03-27 revision 5483bfc1ae) [x86_64-linux]
2026-04-22T07:36:33.8109694Z Took   0.33 seconds
2026-04-22T07:36:33.8114007Z ##[endgroup]
2026-04-22T07:36:33.8114746Z ##[group]Installing Bundler
2026-04-22T07:36:33.8116834Z Using Bundler shipped with ruby-3.2.11
2026-04-22T07:36:33.8117700Z Took   0.00 seconds
2026-04-22T07:36:33.8118473Z ##[endgroup]
2026-04-22T07:36:33.8773680Z ##[group]Run actions/cache@v4
2026-04-22T07:36:33.8774014Z with:
2026-04-22T07:36:33.8840931Z   path: /home/runner/work/_actions/lewagon/wait-on-check-action/ccfb013c15c8afb7bf2b7c028fb74dc5a068cccc
2026-04-22T07:36:33.8841569Z   key: Linux-gems-
2026-04-22T07:36:33.8841829Z   restore-keys: Linux-gems-
2026-04-22T07:36:33.8842103Z   enableCrossOsArchive: false
2026-04-22T07:36:33.8842411Z   fail-on-cache-miss: false
2026-04-22T07:36:33.8842698Z   lookup-only: false
2026-04-22T07:36:33.8842965Z   save-always: false
2026-04-22T07:36:33.8843207Z env:
2026-04-22T07:36:33.8843409Z   WAIT_INTERVAL: 30
2026-04-22T07:36:33.8843630Z ##[endgroup]
2026-04-22T07:36:34.0935967Z Cache not found for input keys: Linux-gems-, Linux-gems-
2026-04-22T07:36:34.1010808Z ##[group]Run bundle install --jobs 4 --retry 3
2026-04-22T07:36:34.1011139Z [36;1mbundle install --jobs 4 --retry 3[0m
2026-04-22T07:36:34.1035090Z shell: /usr/bin/bash --noprofile --norc -e -o pipefail {0}
2026-04-22T07:36:34.1035421Z env:
2026-04-22T07:36:34.1035594Z   WAIT_INTERVAL: 30
2026-04-22T07:36:34.1035774Z ##[endgroup]
2026-04-22T07:36:35.1851223Z Bundler 2.4.19 is running, but your lockfile was generated with 2.2.3. Installing Bundler 2.2.3 and restarting using that version.
2026-04-22T07:36:36.7898030Z Fetching gem metadata from https://rubygems.org/.
2026-04-22T07:36:36.7975874Z Fetching bundler 2.2.3
2026-04-22T07:36:36.9541670Z Installing bundler 2.2.3
2026-04-22T07:36:37.1464551Z Calling `DidYouMean::SPELL_CHECKERS.merge!(error_name => spell_checker)' has been deprecated. Please call `DidYouMean.correct_error(error_name, spell_checker)' instead.
2026-04-22T07:36:38.4624282Z Fetching gem metadata from https://rubygems.org/.........
2026-04-22T07:36:38.4732571Z Fetching concurrent-ruby 1.2.2
2026-04-22T07:36:38.5047939Z Fetching zeitwerk 2.6.7
2026-04-22T07:36:38.5285187Z Fetching public_suffix 4.0.7
2026-04-22T07:36:38.5292679Z Fetching minitest 5.18.0
2026-04-22T07:36:38.5920088Z Installing zeitwerk 2.6.7
2026-04-22T07:36:38.6153177Z Installing minitest 5.18.0
2026-04-22T07:36:38.6164505Z Installing public_suffix 4.0.7
2026-04-22T07:36:38.6599326Z Installing concurrent-ruby 1.2.2
2026-04-22T07:36:38.6741544Z Fetching ast 2.4.2
2026-04-22T07:36:38.7005806Z Using bundler 2.2.3
2026-04-22T07:36:38.7014927Z Fetching byebug 11.1.3
2026-04-22T07:36:38.7349408Z Installing ast 2.4.2
2026-04-22T07:36:38.7515892Z Installing byebug 11.1.3 with native extensions
2026-04-22T07:36:38.7531135Z Fetching diff-lcs 1.4.4
2026-04-22T07:36:38.7807999Z Fetching faraday-net_http 2.0.3
2026-04-22T07:36:38.8336369Z Installing faraday-net_http 2.0.3
2026-04-22T07:36:38.8400903Z Installing diff-lcs 1.4.4
2026-04-22T07:36:38.8425963Z Using ruby2_keywords 0.0.5
2026-04-22T07:36:38.8426798Z Fetching json 2.7.1
2026-04-22T07:36:38.8894901Z Installing json 2.7.1 with native extensions
2026-04-22T07:36:38.9353303Z Fetching language_server-protocol 3.17.0.3
2026-04-22T07:36:38.9811288Z Installing language_server-protocol 3.17.0.3
2026-04-22T07:36:39.0537925Z Fetching lint_roller 1.1.0
2026-04-22T07:36:39.1011184Z Installing lint_roller 1.1.0
2026-04-22T07:36:39.1176953Z Fetching parallel 1.24.0
2026-04-22T07:36:39.1695760Z Installing parallel 1.24.0
2026-04-22T07:36:39.1848274Z Fetching racc 1.7.3
2026-04-22T07:36:39.2278733Z Installing racc 1.7.3 with native extensions
2026-04-22T07:36:39.2671662Z Fetching rainbow 3.1.1
2026-04-22T07:36:39.3071665Z Installing rainbow 3.1.1
2026-04-22T07:36:39.3155174Z Fetching regexp_parser 2.8.3
2026-04-22T07:36:39.3481474Z Installing regexp_parser 2.8.3
2026-04-22T07:36:39.4615093Z Fetching rexml 3.2.6
2026-04-22T07:36:39.4974081Z Installing rexml 3.2.6
2026-04-22T07:36:39.5199851Z Fetching rspec-support 3.10.1
2026-04-22T07:36:39.5572219Z Installing rspec-support 3.10.1
2026-04-22T07:36:39.5684615Z Fetching ruby-progressbar 1.13.0
2026-04-22T07:36:39.6157215Z Installing ruby-progressbar 1.13.0
2026-04-22T07:36:39.6255482Z Fetching unicode-display_width 2.5.0
2026-04-22T07:36:39.6625076Z Installing unicode-display_width 2.5.0
2026-04-22T07:36:39.6679874Z Fetching addressable 2.8.0
2026-04-22T07:36:39.7133543Z Installing addressable 2.8.0
2026-04-22T07:36:39.7289226Z Fetching faraday 2.3.0
2026-04-22T07:36:39.7670358Z Installing faraday 2.3.0
2026-04-22T07:36:39.7896882Z Fetching i18n 1.12.0
2026-04-22T07:36:39.8357147Z Installing i18n 1.12.0
2026-04-22T07:36:39.8576997Z Fetching tzinfo 2.0.6
2026-04-22T07:36:39.9172510Z Installing tzinfo 2.0.6
2026-04-22T07:36:39.9437218Z Fetching rspec-core 3.10.1
2026-04-22T07:36:40.0122067Z Installing rspec-core 3.10.1
2026-04-22T07:36:40.0567714Z Fetching rspec-expectations 3.10.1
2026-04-22T07:36:40.1187294Z Installing rspec-expectations 3.10.1
2026-04-22T07:36:40.1480918Z Fetching rspec-mocks 3.10.1
2026-04-22T07:36:40.2113231Z Installing rspec-mocks 3.10.1
2026-04-22T07:36:40.2345711Z Fetching faraday-retry 2.0.0
2026-04-22T07:36:40.2926574Z Installing faraday-retry 2.0.0
2026-04-22T07:36:40.3018938Z Fetching sawyer 0.9.2
2026-04-22T07:36:40.3589714Z Installing sawyer 0.9.2
2026-04-22T07:36:40.3711147Z Fetching activesupport 6.1.7.3
2026-04-22T07:36:40.4477224Z Installing activesupport 6.1.7.3
2026-04-22T07:36:40.4661294Z Fetching rspec 3.10.0
2026-04-22T07:36:40.5211205Z Installing rspec 3.10.0
2026-04-22T07:36:40.5322629Z Fetching octokit 4.25.0
2026-04-22T07:36:40.5938839Z Installing octokit 4.25.0
2026-04-22T07:36:40.6626976Z Fetching parser 3.2.2.4
2026-04-22T07:36:40.7834501Z Installing parser 3.2.2.4
2026-04-22T07:36:40.8977304Z Fetching rubocop-ast 1.30.0
2026-04-22T07:36:40.9541105Z Installing rubocop-ast 1.30.0
2026-04-22T07:36:42.3002084Z Fetching rubocop 1.57.2
2026-04-22T07:36:42.3867207Z Installing rubocop 1.57.2
2026-04-22T07:36:42.5425521Z Fetching rubocop-performance 1.19.1
2026-04-22T07:36:42.5432512Z Fetching standard-custom 1.0.2
2026-04-22T07:36:42.5993896Z Installing standard-custom 1.0.2
2026-04-22T07:36:42.6035847Z Installing rubocop-performance 1.19.1
2026-04-22T07:36:42.6218632Z Fetching standard-performance 1.2.1
2026-04-22T07:36:42.6547376Z Installing standard-performance 1.2.1
2026-04-22T07:36:42.6621402Z Fetching standard 1.32.1
2026-04-22T07:36:42.6983866Z Installing standard 1.32.1
2026-04-22T07:36:42.7210875Z Bundle complete! 6 Gemfile dependencies, 40 gems now installed.
2026-04-22T07:36:42.7211974Z Use `bundle info [gemname]` to see where a bundled gem is installed.
2026-04-22T07:36:42.7771154Z ##[group]Run ruby entrypoint.rb
2026-04-22T07:36:42.7771419Z [36;1mruby entrypoint.rb[0m
2026-04-22T07:36:42.7792996Z shell: /usr/bin/bash --noprofile --norc -e -o pipefail {0}
2026-04-22T07:36:42.7793313Z env:
2026-04-22T07:36:42.7793474Z   WAIT_INTERVAL: 30
2026-04-22T07:36:42.7793676Z   ALLOWED_CONCLUSIONS: success,skipped
2026-04-22T07:36:42.7794230Z   IGNORE_CHECKS: 
2026-04-22T07:36:42.7794501Z   CHECK_NAME: 
2026-04-22T07:36:42.7794785Z   CHECK_REGEXP: 
2026-04-22T07:36:42.7794993Z   REF: 10f673ce631f24bfdd522e4460eaa179dc371bdd
2026-04-22T07:36:42.7795495Z   REPO_TOKEN: ***
2026-04-22T07:36:42.7795674Z   VERBOSE: true
2026-04-22T07:36:42.7795862Z   RUNNING_WORKFLOW_NAME: Auto-merge
2026-04-22T07:36:42.7800266Z   API_ENDPOINT: 
2026-04-22T07:36:42.7800458Z ##[endgroup]
2026-04-22T07:39:15.0056635Z Checks running on ref:
2026-04-22T07:39:15.0057864Z Checks in_progress: autofix, Auto-merge
2026-04-22T07:39:15.0058309Z Checks after ignore checks filter:
2026-04-22T07:39:15.0058675Z Checks in_progress: autofix
2026-04-22T07:39:15.0058998Z Checks after check_name filter:
2026-04-22T07:39:15.0059324Z Checks in_progress: autofix
2026-04-22T07:39:15.0059631Z Checks after Regexp filter:
2026-04-22T07:39:15.0059946Z Checks in_progress: autofix
2026-04-22T07:39:15.0060413Z The requested check isn't complete yet, will check back in 30 seconds...
2026-04-22T07:39:15.0060959Z Checks running on ref:
2026-04-22T07:39:15.0061276Z Checks in_progress: autofix, Auto-merge
2026-04-22T07:39:15.0061662Z Checks after ignore checks filter:
2026-04-22T07:39:15.0062023Z Checks in_progress: autofix
2026-04-22T07:39:15.0062340Z Checks after check_name filter:
2026-04-22T07:39:15.0062669Z Checks in_progress: autofix
2026-04-22T07:39:15.0062983Z Checks after Regexp filter:
2026-04-22T07:39:15.0063294Z Checks in_progress: autofix
2026-04-22T07:39:15.0063776Z The requested check isn't complete yet, will check back in 30 seconds...
2026-04-22T07:39:15.0064324Z Checks running on ref:
2026-04-22T07:39:15.0064647Z Checks in_progress: autofix, Auto-merge
2026-04-22T07:39:15.0065034Z Checks after ignore checks filter:
2026-04-22T07:39:15.0065507Z Checks in_progress: autofix
2026-04-22T07:39:15.0065842Z Checks after check_name filter:
2026-04-22T07:39:15.0066394Z Checks in_progress: autofix
2026-04-22T07:39:15.0066709Z Checks after Regexp filter:
2026-04-22T07:39:15.0067027Z Checks in_progress: autofix
2026-04-22T07:39:15.0067485Z The requested check isn't complete yet, will check back in 30 seconds...
2026-04-22T07:39:15.0067992Z Checks running on ref:
2026-04-22T07:39:15.0068296Z Checks in_progress: autofix, Auto-merge
2026-04-22T07:39:15.0068720Z Checks after ignore checks filter:
2026-04-22T07:39:15.0069058Z Checks in_progress: autofix
2026-04-22T07:39:15.0069370Z Checks after check_name filter:
2026-04-22T07:39:15.0069683Z Checks in_progress: autofix
2026-04-22T07:39:15.0070015Z Checks after Regexp filter:
2026-04-22T07:39:15.0070393Z Checks in_progress: autofix
2026-04-22T07:39:15.0070861Z The requested check isn't complete yet, will check back in 30 seconds...
2026-04-22T07:39:15.0071391Z Checks running on ref:
2026-04-22T07:39:15.0071721Z Checks in_progress: lint-and-test, Auto-merge
2026-04-22T07:39:15.0072126Z Checks completed: autofix
2026-04-22T07:39:15.0072441Z Checks after ignore checks filter:
2026-04-22T07:39:15.0072813Z Checks in_progress: lint-and-test
2026-04-22T07:39:15.0073154Z Checks completed: autofix
2026-04-22T07:39:15.0073472Z Checks after check_name filter:
2026-04-22T07:39:15.0073822Z Checks in_progress: lint-and-test
2026-04-22T07:39:15.0074152Z Checks completed: autofix
2026-04-22T07:39:15.0074467Z Checks after Regexp filter:
2026-04-22T07:39:15.0074788Z Checks in_progress: lint-and-test
2026-04-22T07:39:15.0075134Z Checks completed: autofix
2026-04-22T07:39:15.0075630Z The requested checks aren't complete yet, will check back in 30 seconds...
2026-04-22T07:39:15.0076401Z Checks running on ref:
2026-04-22T07:39:15.0077396Z Checks completed: firebase-distribute, capture-failure-log, lint-and-test, autofix
2026-04-22T07:39:15.0078237Z Checks in_progress: Auto-merge
2026-04-22T07:39:15.0078596Z Checks after ignore checks filter:
2026-04-22T07:39:15.0079231Z Checks completed: firebase-distribute, capture-failure-log, lint-and-test, autofix
2026-04-22T07:39:15.0079953Z Checks after check_name filter:
2026-04-22T07:39:15.0080570Z Checks completed: firebase-distribute, capture-failure-log, lint-and-test, autofix
2026-04-22T07:39:15.0081255Z Checks after Regexp filter:
2026-04-22T07:39:15.0081865Z Checks completed: firebase-distribute, capture-failure-log, lint-and-test, autofix
2026-04-22T07:39:15.0082565Z Checks completed:
2026-04-22T07:39:15.0082916Z firebase-distribute: completed (skipped)
2026-04-22T07:39:15.0083350Z capture-failure-log: completed (success)
2026-04-22T07:39:15.0083772Z lint-and-test: completed (failure)
2026-04-22T07:39:15.0084182Z autofix: completed (success)
2026-04-22T07:39:15.0085279Z The conclusion of one or more checks were not allowed. Allowed conclusions are: success, skipped. This can be configured with the 'allowed-conclusions' param.
2026-04-22T07:39:15.0145198Z ##[error]Process completed with exit code 1.
2026-04-22T07:39:15.0263143Z Post job cleanup.
2026-04-22T07:39:15.0322700Z Cleaning up orphan processes
2026-04-22T07:39:15.0715639Z ##[warning]Node.js 20 actions are deprecated. The following actions are running on Node.js 20 and may not work as expected: actions/cache@v4. Actions will be forced to run with Node.js 24 by default starting June 2nd, 2026. Node.js 20 will be removed from the runner on September 16th, 2026. Please check if updated versions of these actions are available that support Node.js 24. To opt into Node.js 24 now, set the FORCE_JAVASCRIPT_ACTIONS_TO_NODE24=true environment variable on the runner or in your workflow file. Once Node.js 24 becomes the default, you can temporarily opt out by setting ACTIONS_ALLOW_USE_UNSECURE_NODE_VERSION=true. For more information see: https://github.blog/changelog/2025-09-19-deprecation-of-node-20-on-github-actions-runners/
