=== CI FAILURE ===
Workflow:      Auto-merge & Release
Workflow file: akarlin3/prismTask/.github/workflows/auto-merge.yml@refs/pull/855/merge
Job(s):        Auto-merge
Run ID:        25015290005
Run attempt:   1
Run URL:       https://github.com/akarlin3/prismTask/actions/runs/25015290005
Commit:        46d62686c7d39f172e354193abc9079724f4f72f
Branch:        855/merge
Event:         pull_request
Actor:         akarlin3
Runner OS:     Linux
Timestamp:     2026-04-27T19:49:20.183Z

Failed steps:
  - Auto-merge: #4 Wait for all other CI checks to pass

=== FAILED JOB LOG ===

--- Job: Auto-merge (id 73261389234) ---
2026-04-27T19:32:21.6764026Z Current runner version: '2.333.1'
2026-04-27T19:32:21.6788008Z ##[group]Runner Image Provisioner
2026-04-27T19:32:21.6788948Z Hosted Compute Agent
2026-04-27T19:32:21.6789525Z Version: 20260213.493
2026-04-27T19:32:21.6790118Z Commit: 5c115507f6dd24b8de37d8bbe0bb4509d0cc0fa3
2026-04-27T19:32:21.6790813Z Build Date: 2026-02-13T00:28:41Z
2026-04-27T19:32:21.6791477Z Worker ID: {05568f15-d5ce-42f3-8e7f-8410411cc9b7}
2026-04-27T19:32:21.6792158Z Azure Region: centralus
2026-04-27T19:32:21.6792738Z ##[endgroup]
2026-04-27T19:32:21.6794543Z ##[group]Operating System
2026-04-27T19:32:21.6795096Z Ubuntu
2026-04-27T19:32:21.6795625Z 24.04.4
2026-04-27T19:32:21.6796502Z LTS
2026-04-27T19:32:21.6796969Z ##[endgroup]
2026-04-27T19:32:21.6797516Z ##[group]Runner Image
2026-04-27T19:32:21.6798039Z Image: ubuntu-24.04
2026-04-27T19:32:21.6798546Z Version: 20260413.86.1
2026-04-27T19:32:21.6799739Z Included Software: https://github.com/actions/runner-images/blob/ubuntu24/20260413.86/images/ubuntu/Ubuntu2404-Readme.md
2026-04-27T19:32:21.6801206Z Image Release: https://github.com/actions/runner-images/releases/tag/ubuntu24%2F20260413.86
2026-04-27T19:32:21.6802170Z ##[endgroup]
2026-04-27T19:32:21.6803357Z ##[group]GITHUB_TOKEN Permissions
2026-04-27T19:32:21.6805411Z Actions: read
2026-04-27T19:32:21.6806292Z Checks: read
2026-04-27T19:32:21.6806825Z Contents: write
2026-04-27T19:32:21.6807360Z Metadata: read
2026-04-27T19:32:21.6807886Z PullRequests: write
2026-04-27T19:32:21.6808436Z ##[endgroup]
2026-04-27T19:32:21.6810770Z Secret source: Actions
2026-04-27T19:32:21.6811760Z Prepare workflow directory
2026-04-27T19:32:21.7201281Z Prepare all required actions
2026-04-27T19:32:21.7240813Z Getting action download info
2026-04-27T19:32:22.1163975Z Download action repository 'lewagon/wait-on-check-action@ccfb013c15c8afb7bf2b7c028fb74dc5a068cccc' (SHA:ccfb013c15c8afb7bf2b7c028fb74dc5a068cccc)
2026-04-27T19:32:22.7823512Z Getting action download info
2026-04-27T19:32:22.9548444Z Download action repository 'ruby/setup-ruby@v1' (SHA:c4e5b1316158f92e3d49443a9d58b31d25ac0f8f)
2026-04-27T19:32:23.5358603Z Download action repository 'actions/cache@v4' (SHA:0057852bfaa89a56745cba8c7296529d2fc39830)
2026-04-27T19:32:23.6875176Z Complete job name: Auto-merge
2026-04-27T19:32:23.7574417Z ##[group]Run set -euo pipefail
2026-04-27T19:32:23.7575517Z [36;1mset -euo pipefail[0m
2026-04-27T19:32:23.7577094Z [36;1m# Audit item #5 — poll check-runs for up to 60s instead of a bare[0m
2026-04-27T19:32:23.7578888Z [36;1m# 20s sleep. On a busy runner cohort the initial 20s wasn't enough[0m
2026-04-27T19:32:23.7580618Z [36;1m# for the API to reflect queued workflow runs, which could merge[0m
2026-04-27T19:32:23.7582351Z [36;1m# PRs without waiting for CI. Bail out early as soon as ≥1 real[0m
2026-04-27T19:32:23.7583745Z [36;1m# check shows up.[0m
2026-04-27T19:32:23.7584640Z [36;1mCOUNT=0[0m
2026-04-27T19:32:23.7585444Z [36;1mfor i in $(seq 1 6); do[0m
2026-04-27T19:32:23.7586537Z [36;1m  sleep 10[0m
2026-04-27T19:32:23.7587674Z [36;1m  COUNT=$(gh api "repos/$REPO/commits/$HEAD_SHA/check-runs" \[0m
2026-04-27T19:32:23.7589407Z [36;1m    --jq '[.check_runs[] | select(.name != "Auto-merge")] | length')[0m
2026-04-27T19:32:23.7590857Z [36;1m  if [ "$COUNT" -gt 0 ]; then[0m
2026-04-27T19:32:23.7592150Z [36;1m    echo "Found $COUNT non-Auto-merge check(s) after ${i}0s"[0m
2026-04-27T19:32:23.7593460Z [36;1m    break[0m
2026-04-27T19:32:23.7594248Z [36;1m  fi[0m
2026-04-27T19:32:23.7595233Z [36;1m  echo "No non-Auto-merge checks yet (attempt $i/6)"[0m
2026-04-27T19:32:23.7596588Z [36;1mdone[0m
2026-04-27T19:32:23.7597365Z [36;1mif [ "$COUNT" -gt 0 ]; then[0m
2026-04-27T19:32:23.7598463Z [36;1m  echo "has_ci=true" >> "$GITHUB_OUTPUT"[0m
2026-04-27T19:32:23.7599551Z [36;1melse[0m
2026-04-27T19:32:23.7600413Z [36;1m  echo "has_ci=false" >> "$GITHUB_OUTPUT"[0m
2026-04-27T19:32:23.7601919Z [36;1m  echo "No CI checks on this PR after 60s — will merge without waiting."[0m
2026-04-27T19:32:23.7603310Z [36;1mfi[0m
2026-04-27T19:32:23.7630033Z shell: /usr/bin/bash -e {0}
2026-04-27T19:32:23.7631218Z env:
2026-04-27T19:32:23.7631930Z   WAIT_INTERVAL: 30
2026-04-27T19:32:23.7633106Z   GH_TOKEN: ***
2026-04-27T19:32:23.7634007Z   HEAD_SHA: 543d23de39782c1670845c1242c085404503d966
2026-04-27T19:32:23.7635150Z   REPO: akarlin3/prismTask
2026-04-27T19:32:23.7636245Z ##[endgroup]
2026-04-27T19:32:34.3218771Z Found 8 non-Auto-merge check(s) after 10s
2026-04-27T19:32:34.3329469Z ##[group]Run set -euo pipefail
2026-04-27T19:32:34.3329815Z [36;1mset -euo pipefail[0m
2026-04-27T19:32:34.3330215Z [36;1mREQUIRED=$(gh api "repos/$REPO/branches/main/protection/required_status_checks" \[0m
2026-04-27T19:32:34.3330675Z [36;1m  --jq '.contexts[]' 2>/dev/null || true)[0m
2026-04-27T19:32:34.3330965Z [36;1mif [ -z "$REQUIRED" ]; then[0m
2026-04-27T19:32:34.3331476Z [36;1m  echo "::warning::Could not query branch protection (likely a permission issue) — using hardcoded fallback list."[0m
2026-04-27T19:32:34.3332012Z [36;1m  REQUIRED="$FALLBACK_REQUIRED"[0m
2026-04-27T19:32:34.3332275Z [36;1mfi[0m
2026-04-27T19:32:34.3332549Z [36;1m# Strip Auto-merge from the required list so we don't wait on[0m
2026-04-27T19:32:34.3332976Z [36;1m# ourselves (it's listed because we ARE the running workflow).[0m
2026-04-27T19:32:34.3333475Z [36;1mREQUIRED=$(echo "$REQUIRED" | grep -vE '^\s*Auto-merge\s*$' | grep -vE '^\s*$' || true)[0m
2026-04-27T19:32:34.3333952Z [36;1mif [ -z "$REQUIRED" ]; then[0m
2026-04-27T19:32:34.3334302Z [36;1m  echo "No required checks beyond Auto-merge; skipping queue wait."[0m
2026-04-27T19:32:34.3334659Z [36;1m  exit 0[0m
2026-04-27T19:32:34.3334897Z [36;1mfi[0m
2026-04-27T19:32:34.3335127Z [36;1mecho "Waiting until these required checks queue:"[0m
2026-04-27T19:32:34.3335445Z [36;1mecho "$REQUIRED" | sed 's/^/  /'[0m
2026-04-27T19:32:34.3336012Z [36;1m# 30 attempts × 10s = 5 min ceiling. If checks haven't queued[0m
2026-04-27T19:32:34.3336465Z [36;1m# by then something is genuinely broken (workflow file invalid,[0m
2026-04-27T19:32:34.3336917Z [36;1m# path filter excluding everything, etc.) — log and proceed so[0m
2026-04-27T19:32:34.3337321Z [36;1m# wait-on-check-action can decide how to handle it.[0m
2026-04-27T19:32:34.3337645Z [36;1mfor attempt in $(seq 1 30); do[0m
2026-04-27T19:32:34.3338023Z [36;1m  CHECK_RUNS=$(gh api --paginate "repos/$REPO/commits/$HEAD_SHA/check-runs" \[0m
2026-04-27T19:32:34.3338445Z [36;1m    --jq '.check_runs[].name' | sort -u)[0m
2026-04-27T19:32:34.3338723Z [36;1m  MISSING=""[0m
2026-04-27T19:32:34.3338937Z [36;1m  while IFS= read -r req; do[0m
2026-04-27T19:32:34.3339181Z [36;1m    [ -z "$req" ] && continue[0m
2026-04-27T19:32:34.3339443Z [36;1m    req_trimmed=$(echo "$req" | xargs)[0m
2026-04-27T19:32:34.3339800Z [36;1m    if ! echo "$CHECK_RUNS" | grep -qxF "$req_trimmed"; then[0m
2026-04-27T19:32:34.3340155Z [36;1m      MISSING="$MISSING $req_trimmed"[0m
2026-04-27T19:32:34.3340408Z [36;1m    fi[0m
2026-04-27T19:32:34.3340585Z [36;1m  done <<< "$REQUIRED"[0m
2026-04-27T19:32:34.3340897Z [36;1m  if [ -z "$MISSING" ]; then[0m
2026-04-27T19:32:34.3341266Z [36;1m    echo "All required checks have queued after attempt $attempt."[0m
2026-04-27T19:32:34.3341635Z [36;1m    exit 0[0m
2026-04-27T19:32:34.3341812Z [36;1m  fi[0m
2026-04-27T19:32:34.3342062Z [36;1m  echo "Still waiting for:$MISSING (attempt $attempt/30)"[0m
2026-04-27T19:32:34.3342385Z [36;1m  sleep 10[0m
2026-04-27T19:32:34.3342564Z [36;1mdone[0m
2026-04-27T19:32:34.3343025Z [36;1mecho "::warning::Some required checks never queued after 5 min:$MISSING — proceeding to wait-on-check-action anyway."[0m
2026-04-27T19:32:34.3363749Z shell: /usr/bin/bash -e {0}
2026-04-27T19:32:34.3363987Z env:
2026-04-27T19:32:34.3364154Z   WAIT_INTERVAL: 30
2026-04-27T19:32:34.3364551Z   GH_TOKEN: ***
2026-04-27T19:32:34.3364775Z   HEAD_SHA: 543d23de39782c1670845c1242c085404503d966
2026-04-27T19:32:34.3365065Z   REPO: akarlin3/prismTask
2026-04-27T19:32:34.3365413Z   FALLBACK_REQUIRED: lint-and-test
connected-tests
test
web-lint-and-test

2026-04-27T19:32:34.3366205Z ##[endgroup]
2026-04-27T19:32:34.5739124Z Waiting until these required checks queue:
2026-04-27T19:32:34.5753280Z   {"message":"Resource not accessible by integration","documentation_url":"https://docs.github.com/rest/branches/branch-protection#get-status-checks-protection","status":"403"}
2026-04-27T19:32:35.1704481Z Still waiting for: {message:Resource not accessible by integration,documentation_url:https://docs.github.com/rest/branches/branch-protection#get-status-checks-protection,status:403} (attempt 1/30)
2026-04-27T19:32:45.7882304Z Still waiting for: {message:Resource not accessible by integration,documentation_url:https://docs.github.com/rest/branches/branch-protection#get-status-checks-protection,status:403} (attempt 2/30)
2026-04-27T19:32:56.2308349Z Still waiting for: {message:Resource not accessible by integration,documentation_url:https://docs.github.com/rest/branches/branch-protection#get-status-checks-protection,status:403} (attempt 3/30)
2026-04-27T19:33:06.7292370Z Still waiting for: {message:Resource not accessible by integration,documentation_url:https://docs.github.com/rest/branches/branch-protection#get-status-checks-protection,status:403} (attempt 4/30)
2026-04-27T19:33:17.1979348Z Still waiting for: {message:Resource not accessible by integration,documentation_url:https://docs.github.com/rest/branches/branch-protection#get-status-checks-protection,status:403} (attempt 5/30)
2026-04-27T19:33:27.6294729Z Still waiting for: {message:Resource not accessible by integration,documentation_url:https://docs.github.com/rest/branches/branch-protection#get-status-checks-protection,status:403} (attempt 6/30)
2026-04-27T19:33:38.0688309Z Still waiting for: {message:Resource not accessible by integration,documentation_url:https://docs.github.com/rest/branches/branch-protection#get-status-checks-protection,status:403} (attempt 7/30)
2026-04-27T19:33:48.5782537Z Still waiting for: {message:Resource not accessible by integration,documentation_url:https://docs.github.com/rest/branches/branch-protection#get-status-checks-protection,status:403} (attempt 8/30)
2026-04-27T19:33:59.0088288Z Still waiting for: {message:Resource not accessible by integration,documentation_url:https://docs.github.com/rest/branches/branch-protection#get-status-checks-protection,status:403} (attempt 9/30)
2026-04-27T19:34:09.5311352Z Still waiting for: {message:Resource not accessible by integration,documentation_url:https://docs.github.com/rest/branches/branch-protection#get-status-checks-protection,status:403} (attempt 10/30)
2026-04-27T19:34:20.0043690Z Still waiting for: {message:Resource not accessible by integration,documentation_url:https://docs.github.com/rest/branches/branch-protection#get-status-checks-protection,status:403} (attempt 11/30)
2026-04-27T19:34:30.5365535Z Still waiting for: {message:Resource not accessible by integration,documentation_url:https://docs.github.com/rest/branches/branch-protection#get-status-checks-protection,status:403} (attempt 12/30)
2026-04-27T19:34:41.0459500Z Still waiting for: {message:Resource not accessible by integration,documentation_url:https://docs.github.com/rest/branches/branch-protection#get-status-checks-protection,status:403} (attempt 13/30)
2026-04-27T19:34:51.5618436Z Still waiting for: {message:Resource not accessible by integration,documentation_url:https://docs.github.com/rest/branches/branch-protection#get-status-checks-protection,status:403} (attempt 14/30)
2026-04-27T19:35:02.0519339Z Still waiting for: {message:Resource not accessible by integration,documentation_url:https://docs.github.com/rest/branches/branch-protection#get-status-checks-protection,status:403} (attempt 15/30)
2026-04-27T19:35:12.5868034Z Still waiting for: {message:Resource not accessible by integration,documentation_url:https://docs.github.com/rest/branches/branch-protection#get-status-checks-protection,status:403} (attempt 16/30)
2026-04-27T19:35:23.0618939Z Still waiting for: {message:Resource not accessible by integration,documentation_url:https://docs.github.com/rest/branches/branch-protection#get-status-checks-protection,status:403} (attempt 17/30)
2026-04-27T19:35:33.5228048Z Still waiting for: {message:Resource not accessible by integration,documentation_url:https://docs.github.com/rest/branches/branch-protection#get-status-checks-protection,status:403} (attempt 18/30)
2026-04-27T19:35:44.0275384Z Still waiting for: {message:Resource not accessible by integration,documentation_url:https://docs.github.com/rest/branches/branch-protection#get-status-checks-protection,status:403} (attempt 19/30)
2026-04-27T19:35:54.5066101Z Still waiting for: {message:Resource not accessible by integration,documentation_url:https://docs.github.com/rest/branches/branch-protection#get-status-checks-protection,status:403} (attempt 20/30)
2026-04-27T19:36:04.9687851Z Still waiting for: {message:Resource not accessible by integration,documentation_url:https://docs.github.com/rest/branches/branch-protection#get-status-checks-protection,status:403} (attempt 21/30)
2026-04-27T19:36:15.4508270Z Still waiting for: {message:Resource not accessible by integration,documentation_url:https://docs.github.com/rest/branches/branch-protection#get-status-checks-protection,status:403} (attempt 22/30)
2026-04-27T19:36:25.9643984Z Still waiting for: {message:Resource not accessible by integration,documentation_url:https://docs.github.com/rest/branches/branch-protection#get-status-checks-protection,status:403} (attempt 23/30)
2026-04-27T19:36:36.4003274Z Still waiting for: {message:Resource not accessible by integration,documentation_url:https://docs.github.com/rest/branches/branch-protection#get-status-checks-protection,status:403} (attempt 24/30)
2026-04-27T19:36:46.9371191Z Still waiting for: {message:Resource not accessible by integration,documentation_url:https://docs.github.com/rest/branches/branch-protection#get-status-checks-protection,status:403} (attempt 25/30)
2026-04-27T19:36:57.3994503Z Still waiting for: {message:Resource not accessible by integration,documentation_url:https://docs.github.com/rest/branches/branch-protection#get-status-checks-protection,status:403} (attempt 26/30)
2026-04-27T19:37:07.8731257Z Still waiting for: {message:Resource not accessible by integration,documentation_url:https://docs.github.com/rest/branches/branch-protection#get-status-checks-protection,status:403} (attempt 27/30)
2026-04-27T19:37:18.4042588Z Still waiting for: {message:Resource not accessible by integration,documentation_url:https://docs.github.com/rest/branches/branch-protection#get-status-checks-protection,status:403} (attempt 28/30)
2026-04-27T19:37:28.9007970Z Still waiting for: {message:Resource not accessible by integration,documentation_url:https://docs.github.com/rest/branches/branch-protection#get-status-checks-protection,status:403} (attempt 29/30)
2026-04-27T19:37:39.3713828Z Still waiting for: {message:Resource not accessible by integration,documentation_url:https://docs.github.com/rest/branches/branch-protection#get-status-checks-protection,status:403} (attempt 30/30)
2026-04-27T19:37:49.3762264Z ##[warning]Some required checks never queued after 5 min: {message:Resource not accessible by integration,documentation_url:https://docs.github.com/rest/branches/branch-protection#get-status-checks-protection,status:403} — proceeding to wait-on-check-action anyway.
2026-04-27T19:37:49.3904895Z ##[group]Run lewagon/wait-on-check-action@ccfb013c15c8afb7bf2b7c028fb74dc5a068cccc
2026-04-27T19:37:49.3905308Z with:
2026-04-27T19:37:49.3905506Z   ref: 543d23de39782c1670845c1242c085404503d966
2026-04-27T19:37:49.3905973Z   running-workflow-name: Auto-merge
2026-04-27T19:37:49.3906409Z   repo-token: ***
2026-04-27T19:37:49.3906608Z   wait-interval: 30
2026-04-27T19:37:49.3906834Z   allowed-conclusions: success,skipped,neutral
2026-04-27T19:37:49.3907100Z   verbose: true
2026-04-27T19:37:49.3907293Z env:
2026-04-27T19:37:49.3907445Z   WAIT_INTERVAL: 30
2026-04-27T19:37:49.3907627Z ##[endgroup]
2026-04-27T19:37:49.4030281Z ##[group]Run ruby/setup-ruby@v1
2026-04-27T19:37:49.4030522Z with:
2026-04-27T19:37:49.4030907Z   ruby-version: 3.2
2026-04-27T19:37:49.4031104Z   bundler-cache: false
2026-04-27T19:37:49.4031423Z   token: ***
2026-04-27T19:37:49.4031584Z env:
2026-04-27T19:37:49.4031746Z   WAIT_INTERVAL: 30
2026-04-27T19:37:49.4031919Z ##[endgroup]
2026-04-27T19:37:49.5264570Z ##[group]Modifying PATH
2026-04-27T19:37:49.5265104Z Entries added to PATH to use selected Ruby:
2026-04-27T19:37:49.5265997Z   /opt/hostedtoolcache/Ruby/3.2.11/x64/bin
2026-04-27T19:37:49.5270697Z ##[endgroup]
2026-04-27T19:37:49.5271459Z ##[group]Print Ruby version
2026-04-27T19:37:49.5313154Z [command]/opt/hostedtoolcache/Ruby/3.2.11/x64/bin/ruby --version
2026-04-27T19:37:49.6352892Z ruby 3.2.11 (2026-03-27 revision 5483bfc1ae) [x86_64-linux]
2026-04-27T19:37:49.6389895Z Took   0.11 seconds
2026-04-27T19:37:49.6390849Z ##[endgroup]
2026-04-27T19:37:49.6391751Z ##[group]Installing Bundler
2026-04-27T19:37:49.6404838Z Using Bundler shipped with ruby-3.2.11
2026-04-27T19:37:49.6406240Z Took   0.00 seconds
2026-04-27T19:37:49.6408817Z ##[endgroup]
2026-04-27T19:37:49.7092580Z ##[group]Run actions/cache@v4
2026-04-27T19:37:49.7092832Z with:
2026-04-27T19:37:49.7093240Z   path: /home/runner/work/_actions/lewagon/wait-on-check-action/ccfb013c15c8afb7bf2b7c028fb74dc5a068cccc
2026-04-27T19:37:49.7093761Z   key: Linux-gems-
2026-04-27T19:37:49.7093953Z   restore-keys: Linux-gems-
2026-04-27T19:37:49.7094194Z   enableCrossOsArchive: false
2026-04-27T19:37:49.7094421Z   fail-on-cache-miss: false
2026-04-27T19:37:49.7094620Z   lookup-only: false
2026-04-27T19:37:49.7094805Z   save-always: false
2026-04-27T19:37:49.7094972Z env:
2026-04-27T19:37:49.7095126Z   WAIT_INTERVAL: 30
2026-04-27T19:37:49.7095301Z ##[endgroup]
2026-04-27T19:37:49.9873927Z Cache not found for input keys: Linux-gems-, Linux-gems-
2026-04-27T19:37:49.9940439Z ##[group]Run bundle install --jobs 4 --retry 3
2026-04-27T19:37:49.9940748Z [36;1mbundle install --jobs 4 --retry 3[0m
2026-04-27T19:37:49.9963522Z shell: /usr/bin/bash --noprofile --norc -e -o pipefail {0}
2026-04-27T19:37:49.9963844Z env:
2026-04-27T19:37:49.9964008Z   WAIT_INTERVAL: 30
2026-04-27T19:37:49.9964186Z ##[endgroup]
2026-04-27T19:37:50.6507526Z Bundler 2.4.19 is running, but your lockfile was generated with 2.2.3. Installing Bundler 2.2.3 and restarting using that version.
2026-04-27T19:37:51.9770667Z Fetching gem metadata from https://rubygems.org/.
2026-04-27T19:37:51.9845375Z Fetching bundler 2.2.3
2026-04-27T19:37:52.1760769Z Installing bundler 2.2.3
2026-04-27T19:37:52.3640307Z Calling `DidYouMean::SPELL_CHECKERS.merge!(error_name => spell_checker)' has been deprecated. Please call `DidYouMean.correct_error(error_name, spell_checker)' instead.
2026-04-27T19:37:53.7083847Z Fetching gem metadata from https://rubygems.org/.........
2026-04-27T19:37:53.7183686Z Fetching concurrent-ruby 1.2.2
2026-04-27T19:37:53.7188292Z Fetching minitest 5.18.0
2026-04-27T19:37:53.7473798Z Fetching zeitwerk 2.6.7
2026-04-27T19:37:53.7902547Z Fetching public_suffix 4.0.7
2026-04-27T19:37:53.8584584Z Installing zeitwerk 2.6.7
2026-04-27T19:37:53.8694894Z Installing minitest 5.18.0
2026-04-27T19:37:53.8937866Z Installing public_suffix 4.0.7
2026-04-27T19:37:53.9242718Z Fetching ast 2.4.2
2026-04-27T19:37:53.9552000Z Using bundler 2.2.3
2026-04-27T19:37:53.9559209Z Fetching byebug 11.1.3
2026-04-27T19:37:53.9799192Z Installing concurrent-ruby 1.2.2
2026-04-27T19:37:54.0025281Z Fetching diff-lcs 1.4.4
2026-04-27T19:37:54.0313445Z Installing ast 2.4.2
2026-04-27T19:37:54.0400334Z Fetching faraday-net_http 2.0.3
2026-04-27T19:37:54.0999105Z Installing byebug 11.1.3 with native extensions
2026-04-27T19:37:54.1055322Z Installing diff-lcs 1.4.4
2026-04-27T19:37:54.1126290Z Installing faraday-net_http 2.0.3
2026-04-27T19:37:54.1276490Z Using ruby2_keywords 0.0.5
2026-04-27T19:37:54.1292697Z Fetching json 2.7.1
2026-04-27T19:37:54.1874569Z Fetching language_server-protocol 3.17.0.3
2026-04-27T19:37:54.2152625Z Fetching lint_roller 1.1.0
2026-04-27T19:37:54.2428325Z Installing json 2.7.1 with native extensions
2026-04-27T19:37:54.2840094Z Installing lint_roller 1.1.0
2026-04-27T19:37:54.3010945Z Installing language_server-protocol 3.17.0.3
2026-04-27T19:37:54.3105074Z Fetching parallel 1.24.0
2026-04-27T19:37:54.4081762Z Installing parallel 1.24.0
2026-04-27T19:37:54.4172458Z Fetching racc 1.7.3
2026-04-27T19:37:54.4829633Z Fetching rainbow 3.1.1
2026-04-27T19:37:54.5252779Z Installing racc 1.7.3 with native extensions
2026-04-27T19:37:54.5632303Z Installing rainbow 3.1.1
2026-04-27T19:37:54.5794545Z Fetching regexp_parser 2.8.3
2026-04-27T19:37:54.6657332Z Installing regexp_parser 2.8.3
2026-04-27T19:37:54.6860116Z Fetching rexml 3.2.6
2026-04-27T19:37:54.7858426Z Installing rexml 3.2.6
2026-04-27T19:37:54.8081195Z Fetching rspec-support 3.10.1
2026-04-27T19:37:54.8946836Z Installing rspec-support 3.10.1
2026-04-27T19:37:54.9126495Z Fetching ruby-progressbar 1.13.0
2026-04-27T19:37:55.0087835Z Installing ruby-progressbar 1.13.0
2026-04-27T19:37:55.1286846Z Fetching unicode-display_width 2.5.0
2026-04-27T19:37:55.2206873Z Installing unicode-display_width 2.5.0
2026-04-27T19:37:55.2302982Z Fetching addressable 2.8.0
2026-04-27T19:37:55.3386923Z Installing addressable 2.8.0
2026-04-27T19:37:55.3636778Z Fetching faraday 2.3.0
2026-04-27T19:37:55.4077194Z Fetching i18n 1.12.0
2026-04-27T19:37:55.5068962Z Installing faraday 2.3.0
2026-04-27T19:37:55.5168453Z Installing i18n 1.12.0
2026-04-27T19:37:55.5611637Z Fetching tzinfo 2.0.6
2026-04-27T19:37:55.6096608Z Fetching rspec-core 3.10.1
2026-04-27T19:37:55.7053417Z Installing tzinfo 2.0.6
2026-04-27T19:37:55.7363283Z Fetching rspec-expectations 3.10.1
2026-04-27T19:37:55.7835646Z Installing rspec-core 3.10.1
2026-04-27T19:37:55.8206807Z Fetching rspec-mocks 3.10.1
2026-04-27T19:37:55.8839188Z Installing rspec-expectations 3.10.1
2026-04-27T19:37:55.9138896Z Fetching parser 3.2.2.4
2026-04-27T19:37:55.9595916Z Installing rspec-mocks 3.10.1
2026-04-27T19:37:55.9889347Z Fetching faraday-retry 2.0.0
2026-04-27T19:37:56.0742167Z Installing faraday-retry 2.0.0
2026-04-27T19:37:56.0858167Z Fetching sawyer 0.9.2
2026-04-27T19:37:56.1915515Z Installing sawyer 0.9.2
2026-04-27T19:37:56.1987016Z Installing parser 3.2.2.4
2026-04-27T19:37:56.2118611Z Fetching activesupport 6.1.7.3
2026-04-27T19:37:56.3286728Z Fetching rspec 3.10.0
2026-04-27T19:37:56.3791384Z Installing activesupport 6.1.7.3
2026-04-27T19:37:56.4181628Z Fetching octokit 4.25.0
2026-04-27T19:37:56.4466792Z Installing rspec 3.10.0
2026-04-27T19:37:56.4562701Z Fetching rubocop-ast 1.30.0
2026-04-27T19:37:56.5396551Z Installing octokit 4.25.0
2026-04-27T19:37:56.5426117Z Installing rubocop-ast 1.30.0
2026-04-27T19:37:57.3583574Z Fetching rubocop 1.57.2
2026-04-27T19:37:57.5099883Z Installing rubocop 1.57.2
2026-04-27T19:37:57.6778952Z Fetching standard-custom 1.0.2
2026-04-27T19:37:57.6779402Z Fetching rubocop-performance 1.19.1
2026-04-27T19:37:57.7678741Z Installing standard-custom 1.0.2
2026-04-27T19:37:57.7860000Z Installing rubocop-performance 1.19.1
2026-04-27T19:37:57.7999747Z Fetching standard-performance 1.2.1
2026-04-27T19:37:57.8710438Z Installing standard-performance 1.2.1
2026-04-27T19:37:57.8778193Z Fetching standard 1.32.1
2026-04-27T19:37:57.9663603Z Installing standard 1.32.1
2026-04-27T19:37:57.9879233Z Bundle complete! 6 Gemfile dependencies, 40 gems now installed.
2026-04-27T19:37:57.9880257Z Use `bundle info [gemname]` to see where a bundled gem is installed.
2026-04-27T19:37:58.0418496Z ##[group]Run ruby entrypoint.rb
2026-04-27T19:37:58.0418762Z [36;1mruby entrypoint.rb[0m
2026-04-27T19:37:58.0440414Z shell: /usr/bin/bash --noprofile --norc -e -o pipefail {0}
2026-04-27T19:37:58.0440725Z env:
2026-04-27T19:37:58.0440889Z   WAIT_INTERVAL: 30
2026-04-27T19:37:58.0441115Z   ALLOWED_CONCLUSIONS: success,skipped,neutral
2026-04-27T19:37:58.0441384Z   IGNORE_CHECKS: 
2026-04-27T19:37:58.0441554Z   CHECK_NAME: 
2026-04-27T19:37:58.0441713Z   CHECK_REGEXP: 
2026-04-27T19:37:58.0441906Z   REF: 543d23de39782c1670845c1242c085404503d966
2026-04-27T19:37:58.0442355Z   REPO_TOKEN: ***
2026-04-27T19:37:58.0442531Z   VERBOSE: true
2026-04-27T19:37:58.0442896Z   RUNNING_WORKFLOW_NAME: Auto-merge
2026-04-27T19:37:58.0443125Z   API_ENDPOINT: 
2026-04-27T19:37:58.0443293Z ##[endgroup]
2026-04-27T19:42:02.8252478Z Checks running on ref:
2026-04-27T19:42:02.8253235Z Checks completed: capture-failure-log, capture-failure-log, e2e, test, autofix, web-lint-and-test, maybe-label
2026-04-27T19:42:02.8254253Z Checks in_progress: cross-device-tests, connected-tests, lint-and-test, Auto-merge
2026-04-27T19:42:02.8255037Z Checks after ignore checks filter:
2026-04-27T19:42:02.8256097Z Checks completed: capture-failure-log, capture-failure-log, e2e, test, autofix, web-lint-and-test, maybe-label
2026-04-27T19:42:02.8256910Z Checks in_progress: cross-device-tests, connected-tests, lint-and-test
2026-04-27T19:42:02.8257314Z Checks after check_name filter:
2026-04-27T19:42:02.8257836Z Checks completed: capture-failure-log, capture-failure-log, e2e, test, autofix, web-lint-and-test, maybe-label
2026-04-27T19:42:02.8258510Z Checks in_progress: cross-device-tests, connected-tests, lint-and-test
2026-04-27T19:42:02.8258934Z Checks after Regexp filter:
2026-04-27T19:42:02.8259439Z Checks completed: capture-failure-log, capture-failure-log, e2e, test, autofix, web-lint-and-test, maybe-label
2026-04-27T19:42:02.8260115Z Checks in_progress: cross-device-tests, connected-tests, lint-and-test
2026-04-27T19:42:02.8260628Z The requested checks aren't complete yet, will check back in 30 seconds...
2026-04-27T19:42:02.8261018Z Checks running on ref:
2026-04-27T19:42:02.8261513Z Checks completed: capture-failure-log, capture-failure-log, e2e, test, autofix, web-lint-and-test, maybe-label
2026-04-27T19:42:02.8262260Z Checks in_progress: cross-device-tests, connected-tests, lint-and-test, Auto-merge
2026-04-27T19:42:02.8262712Z Checks after ignore checks filter:
2026-04-27T19:42:02.8263240Z Checks completed: capture-failure-log, capture-failure-log, e2e, test, autofix, web-lint-and-test, maybe-label
2026-04-27T19:42:02.8263901Z Checks in_progress: cross-device-tests, connected-tests, lint-and-test
2026-04-27T19:42:02.8264300Z Checks after check_name filter:
2026-04-27T19:42:02.8264822Z Checks completed: capture-failure-log, capture-failure-log, e2e, test, autofix, web-lint-and-test, maybe-label
2026-04-27T19:42:02.8265486Z Checks in_progress: cross-device-tests, connected-tests, lint-and-test
2026-04-27T19:42:02.8266105Z Checks after Regexp filter:
2026-04-27T19:42:02.8266617Z Checks completed: capture-failure-log, capture-failure-log, e2e, test, autofix, web-lint-and-test, maybe-label
2026-04-27T19:42:02.8267278Z Checks in_progress: cross-device-tests, connected-tests, lint-and-test
2026-04-27T19:42:02.8267783Z The requested checks aren't complete yet, will check back in 30 seconds...
2026-04-27T19:42:02.8268170Z Checks running on ref:
2026-04-27T19:42:02.8268657Z Checks completed: capture-failure-log, capture-failure-log, e2e, test, autofix, web-lint-and-test, maybe-label
2026-04-27T19:42:02.8269370Z Checks in_progress: cross-device-tests, connected-tests, lint-and-test, Auto-merge
2026-04-27T19:42:02.8269821Z Checks after ignore checks filter:
2026-04-27T19:42:02.8270345Z Checks completed: capture-failure-log, capture-failure-log, e2e, test, autofix, web-lint-and-test, maybe-label
2026-04-27T19:42:02.8271393Z Checks in_progress: cross-device-tests, connected-tests, lint-and-test
2026-04-27T19:42:02.8271784Z Checks after check_name filter:
2026-04-27T19:42:02.8272280Z Checks completed: capture-failure-log, capture-failure-log, e2e, test, autofix, web-lint-and-test, maybe-label
2026-04-27T19:42:02.8272844Z Checks in_progress: cross-device-tests, connected-tests, lint-and-test
2026-04-27T19:42:02.8273173Z Checks after Regexp filter:
2026-04-27T19:42:02.8273606Z Checks completed: capture-failure-log, capture-failure-log, e2e, test, autofix, web-lint-and-test, maybe-label
2026-04-27T19:42:02.8274162Z Checks in_progress: cross-device-tests, connected-tests, lint-and-test
2026-04-27T19:42:02.8274596Z The requested checks aren't complete yet, will check back in 30 seconds...
2026-04-27T19:42:02.8274935Z Checks running on ref:
2026-04-27T19:42:02.8275485Z Checks completed: capture-failure-log, capture-failure-log, e2e, test, autofix, web-lint-and-test, maybe-label
2026-04-27T19:42:02.8276354Z Checks in_progress: cross-device-tests, connected-tests, lint-and-test, Auto-merge
2026-04-27T19:42:02.8276756Z Checks after ignore checks filter:
2026-04-27T19:42:02.8277207Z Checks completed: capture-failure-log, capture-failure-log, e2e, test, autofix, web-lint-and-test, maybe-label
2026-04-27T19:42:02.8277774Z Checks in_progress: cross-device-tests, connected-tests, lint-and-test
2026-04-27T19:42:02.8278113Z Checks after check_name filter:
2026-04-27T19:42:02.8278562Z Checks completed: capture-failure-log, capture-failure-log, e2e, test, autofix, web-lint-and-test, maybe-label
2026-04-27T19:42:02.8279146Z Checks in_progress: cross-device-tests, connected-tests, lint-and-test
2026-04-27T19:42:02.8279485Z Checks after Regexp filter:
2026-04-27T19:42:02.8279928Z Checks completed: capture-failure-log, capture-failure-log, e2e, test, autofix, web-lint-and-test, maybe-label
2026-04-27T19:42:02.8280509Z Checks in_progress: cross-device-tests, connected-tests, lint-and-test
2026-04-27T19:42:02.8280946Z The requested checks aren't complete yet, will check back in 30 seconds...
2026-04-27T19:42:02.8281288Z Checks running on ref:
2026-04-27T19:42:02.8281712Z Checks completed: capture-failure-log, capture-failure-log, e2e, test, autofix, web-lint-and-test, maybe-label
2026-04-27T19:42:02.8282341Z Checks in_progress: cross-device-tests, connected-tests, lint-and-test, Auto-merge
2026-04-27T19:42:02.8282738Z Checks after ignore checks filter:
2026-04-27T19:42:02.8283205Z Checks completed: capture-failure-log, capture-failure-log, e2e, test, autofix, web-lint-and-test, maybe-label
2026-04-27T19:42:02.8283795Z Checks in_progress: cross-device-tests, connected-tests, lint-and-test
2026-04-27T19:42:02.8284146Z Checks after check_name filter:
2026-04-27T19:42:02.8284601Z Checks completed: capture-failure-log, capture-failure-log, e2e, test, autofix, web-lint-and-test, maybe-label
2026-04-27T19:42:02.8285190Z Checks in_progress: cross-device-tests, connected-tests, lint-and-test
2026-04-27T19:42:02.8285535Z Checks after Regexp filter:
2026-04-27T19:42:02.8286183Z Checks completed: capture-failure-log, capture-failure-log, e2e, test, autofix, web-lint-and-test, maybe-label
2026-04-27T19:42:02.8286757Z Checks in_progress: cross-device-tests, connected-tests, lint-and-test
2026-04-27T19:42:02.8287200Z The requested checks aren't complete yet, will check back in 30 seconds...
2026-04-27T19:42:02.8287611Z Checks running on ref:
2026-04-27T19:42:02.8288032Z Checks completed: capture-failure-log, capture-failure-log, e2e, test, autofix, web-lint-and-test, maybe-label
2026-04-27T19:42:02.8288645Z Checks in_progress: cross-device-tests, connected-tests, lint-and-test, Auto-merge
2026-04-27T19:42:02.8289035Z Checks after ignore checks filter:
2026-04-27T19:42:02.8289486Z Checks completed: capture-failure-log, capture-failure-log, e2e, test, autofix, web-lint-and-test, maybe-label
2026-04-27T19:42:02.8290079Z Checks in_progress: cross-device-tests, connected-tests, lint-and-test
2026-04-27T19:42:02.8290422Z Checks after check_name filter:
2026-04-27T19:42:02.8291010Z Checks completed: capture-failure-log, capture-failure-log, e2e, test, autofix, web-lint-and-test, maybe-label
2026-04-27T19:42:02.8291590Z Checks in_progress: cross-device-tests, connected-tests, lint-and-test
2026-04-27T19:42:02.8291922Z Checks after Regexp filter:
2026-04-27T19:42:02.8292372Z Checks completed: capture-failure-log, capture-failure-log, e2e, test, autofix, web-lint-and-test, maybe-label
2026-04-27T19:42:02.8292961Z Checks in_progress: cross-device-tests, connected-tests, lint-and-test
2026-04-27T19:42:02.8293404Z The requested checks aren't complete yet, will check back in 30 seconds...
2026-04-27T19:42:02.8293751Z Checks running on ref:
2026-04-27T19:42:02.8294499Z Checks completed: firebase-distribute, capture-failure-log / capture, capture-failure-log, capture-failure-log, e2e, test, cross-device-tests, autofix, web-lint-and-test, lint-and-test, maybe-label
2026-04-27T19:42:02.8295430Z Checks in_progress: connected-tests, Auto-merge
2026-04-27T19:42:02.8295920Z Checks after ignore checks filter:
2026-04-27T19:42:02.8296709Z Checks completed: firebase-distribute, capture-failure-log / capture, capture-failure-log, capture-failure-log, e2e, test, cross-device-tests, autofix, web-lint-and-test, lint-and-test, maybe-label
2026-04-27T19:42:02.8297509Z Checks in_progress: connected-tests
2026-04-27T19:42:02.8297746Z Checks after check_name filter:
2026-04-27T19:42:02.8298500Z Checks completed: firebase-distribute, capture-failure-log / capture, capture-failure-log, capture-failure-log, e2e, test, cross-device-tests, autofix, web-lint-and-test, lint-and-test, maybe-label
2026-04-27T19:42:02.8299287Z Checks in_progress: connected-tests
2026-04-27T19:42:02.8299525Z Checks after Regexp filter:
2026-04-27T19:42:02.8300264Z Checks completed: firebase-distribute, capture-failure-log / capture, capture-failure-log, capture-failure-log, e2e, test, cross-device-tests, autofix, web-lint-and-test, lint-and-test, maybe-label
2026-04-27T19:42:02.8301053Z Checks in_progress: connected-tests
2026-04-27T19:42:02.8301390Z The requested checks aren't complete yet, will check back in 30 seconds...
2026-04-27T19:42:02.8301732Z Checks running on ref:
2026-04-27T19:42:02.8302475Z Checks completed: firebase-distribute, capture-failure-log / capture, capture-failure-log, capture-failure-log, e2e, test, cross-device-tests, autofix, web-lint-and-test, lint-and-test, maybe-label
2026-04-27T19:42:02.8303297Z Checks in_progress: connected-tests, Auto-merge
2026-04-27T19:42:02.8303570Z Checks after ignore checks filter:
2026-04-27T19:42:02.8304339Z Checks completed: firebase-distribute, capture-failure-log / capture, capture-failure-log, capture-failure-log, e2e, test, cross-device-tests, autofix, web-lint-and-test, lint-and-test, maybe-label
2026-04-27T19:42:02.8305136Z Checks in_progress: connected-tests
2026-04-27T19:42:02.8305367Z Checks after check_name filter:
2026-04-27T19:42:02.8306359Z Checks completed: firebase-distribute, capture-failure-log / capture, capture-failure-log, capture-failure-log, e2e, test, cross-device-tests, autofix, web-lint-and-test, lint-and-test, maybe-label
2026-04-27T19:42:02.8307158Z Checks in_progress: connected-tests
2026-04-27T19:42:02.8307387Z Checks after Regexp filter:
2026-04-27T19:42:02.8308133Z Checks completed: firebase-distribute, capture-failure-log / capture, capture-failure-log, capture-failure-log, e2e, test, cross-device-tests, autofix, web-lint-and-test, lint-and-test, maybe-label
2026-04-27T19:42:02.8308923Z Checks in_progress: connected-tests
2026-04-27T19:42:02.8309250Z The requested checks aren't complete yet, will check back in 30 seconds...
2026-04-27T19:42:02.8309592Z Checks running on ref:
2026-04-27T19:42:02.8310317Z Checks completed: firebase-distribute, capture-failure-log / capture, capture-failure-log, capture-failure-log, e2e, test, cross-device-tests, autofix, web-lint-and-test, lint-and-test, maybe-label
2026-04-27T19:42:02.8311137Z Checks in_progress: connected-tests, Auto-merge
2026-04-27T19:42:02.8311409Z Checks after ignore checks filter:
2026-04-27T19:45:36.3729174Z Checks completed: firebase-distribute, capture-failure-log / capture, capture-failure-log, capture-failure-log, e2e, test, cross-device-tests, autofix, web-lint-and-test, lint-and-test, maybe-label
2026-04-27T19:45:36.3731139Z Checks in_progress: connected-tests
2026-04-27T19:45:36.3731676Z Checks after check_name filter:
2026-04-27T19:45:36.3732891Z Checks completed: firebase-distribute, capture-failure-log / capture, capture-failure-log, capture-failure-log, e2e, test, cross-device-tests, autofix, web-lint-and-test, lint-and-test, maybe-label
2026-04-27T19:45:36.3734003Z Checks in_progress: connected-tests
2026-04-27T19:45:36.3734322Z Checks after Regexp filter:
2026-04-27T19:45:36.3735348Z Checks completed: firebase-distribute, capture-failure-log / capture, capture-failure-log, capture-failure-log, e2e, test, cross-device-tests, autofix, web-lint-and-test, lint-and-test, maybe-label
2026-04-27T19:45:36.3737375Z Checks in_progress: connected-tests
2026-04-27T19:45:36.3737855Z The requested checks aren't complete yet, will check back in 30 seconds...
2026-04-27T19:45:36.3738353Z Checks running on ref:
2026-04-27T19:45:36.3739314Z Checks completed: firebase-distribute, capture-failure-log / capture, capture-failure-log, capture-failure-log, e2e, test, cross-device-tests, autofix, web-lint-and-test, lint-and-test, maybe-label
2026-04-27T19:45:36.3740282Z Checks in_progress: connected-tests, Auto-merge
2026-04-27T19:45:36.3740594Z Checks after ignore checks filter:
2026-04-27T19:45:36.3741493Z Checks completed: firebase-distribute, capture-failure-log / capture, capture-failure-log, capture-failure-log, e2e, test, cross-device-tests, autofix, web-lint-and-test, lint-and-test, maybe-label
2026-04-27T19:45:36.3742435Z Checks in_progress: connected-tests
2026-04-27T19:45:36.3742697Z Checks after check_name filter:
2026-04-27T19:45:36.3743595Z Checks completed: firebase-distribute, capture-failure-log / capture, capture-failure-log, capture-failure-log, e2e, test, cross-device-tests, autofix, web-lint-and-test, lint-and-test, maybe-label
2026-04-27T19:45:36.3744548Z Checks in_progress: connected-tests
2026-04-27T19:45:36.3744812Z Checks after Regexp filter:
2026-04-27T19:45:36.3745933Z Checks completed: firebase-distribute, capture-failure-log / capture, capture-failure-log, capture-failure-log, e2e, test, cross-device-tests, autofix, web-lint-and-test, lint-and-test, maybe-label
2026-04-27T19:45:36.3746900Z Checks in_progress: connected-tests
2026-04-27T19:45:36.3747280Z The requested checks aren't complete yet, will check back in 30 seconds...
2026-04-27T19:45:36.3747682Z Checks running on ref:
2026-04-27T19:45:36.3748544Z Checks completed: firebase-distribute, capture-failure-log / capture, capture-failure-log, capture-failure-log, e2e, test, cross-device-tests, autofix, web-lint-and-test, lint-and-test, maybe-label
2026-04-27T19:45:36.3749493Z Checks in_progress: connected-tests, Auto-merge
2026-04-27T19:45:36.3749773Z Checks after ignore checks filter:
2026-04-27T19:45:36.3750534Z Checks completed: firebase-distribute, capture-failure-log / capture, capture-failure-log, capture-failure-log, e2e, test, cross-device-tests, autofix, web-lint-and-test, lint-and-test, maybe-label
2026-04-27T19:45:36.3751315Z Checks in_progress: connected-tests
2026-04-27T19:45:36.3751545Z Checks after check_name filter:
2026-04-27T19:45:36.3752289Z Checks completed: firebase-distribute, capture-failure-log / capture, capture-failure-log, capture-failure-log, e2e, test, cross-device-tests, autofix, web-lint-and-test, lint-and-test, maybe-label
2026-04-27T19:45:36.3753089Z Checks in_progress: connected-tests
2026-04-27T19:45:36.3753318Z Checks after Regexp filter:
2026-04-27T19:45:36.3754050Z Checks completed: firebase-distribute, capture-failure-log / capture, capture-failure-log, capture-failure-log, e2e, test, cross-device-tests, autofix, web-lint-and-test, lint-and-test, maybe-label
2026-04-27T19:45:36.3754837Z Checks in_progress: connected-tests
2026-04-27T19:45:36.3755171Z The requested checks aren't complete yet, will check back in 30 seconds...
2026-04-27T19:45:36.3755509Z Checks running on ref:
2026-04-27T19:45:36.3756585Z Checks completed: firebase-distribute, capture-failure-log / capture, capture-failure-log, capture-failure-log, e2e, test, cross-device-tests, autofix, web-lint-and-test, lint-and-test, maybe-label
2026-04-27T19:45:36.3757413Z Checks in_progress: connected-tests, Auto-merge
2026-04-27T19:45:36.3757687Z Checks after ignore checks filter:
2026-04-27T19:45:36.3758456Z Checks completed: firebase-distribute, capture-failure-log / capture, capture-failure-log, capture-failure-log, e2e, test, cross-device-tests, autofix, web-lint-and-test, lint-and-test, maybe-label
2026-04-27T19:45:36.3759259Z Checks in_progress: connected-tests
2026-04-27T19:45:36.3759491Z Checks after check_name filter:
2026-04-27T19:45:36.3760260Z Checks completed: firebase-distribute, capture-failure-log / capture, capture-failure-log, capture-failure-log, e2e, test, cross-device-tests, autofix, web-lint-and-test, lint-and-test, maybe-label
2026-04-27T19:45:36.3761230Z Checks in_progress: connected-tests
2026-04-27T19:45:36.3761470Z Checks after Regexp filter:
2026-04-27T19:45:36.3762226Z Checks completed: firebase-distribute, capture-failure-log / capture, capture-failure-log, capture-failure-log, e2e, test, cross-device-tests, autofix, web-lint-and-test, lint-and-test, maybe-label
2026-04-27T19:45:36.3763015Z Checks in_progress: connected-tests
2026-04-27T19:45:36.3763353Z The requested checks aren't complete yet, will check back in 30 seconds...
2026-04-27T19:45:36.3763700Z Checks running on ref:
2026-04-27T19:45:36.3764426Z Checks completed: firebase-distribute, capture-failure-log / capture, capture-failure-log, capture-failure-log, e2e, test, cross-device-tests, autofix, web-lint-and-test, lint-and-test, maybe-label
2026-04-27T19:45:36.3765245Z Checks in_progress: connected-tests, Auto-merge
2026-04-27T19:45:36.3765523Z Checks after ignore checks filter:
2026-04-27T19:45:36.3766520Z Checks completed: firebase-distribute, capture-failure-log / capture, capture-failure-log, capture-failure-log, e2e, test, cross-device-tests, autofix, web-lint-and-test, lint-and-test, maybe-label
2026-04-27T19:45:36.3767329Z Checks in_progress: connected-tests
2026-04-27T19:45:36.3767569Z Checks after check_name filter:
2026-04-27T19:45:36.3768325Z Checks completed: firebase-distribute, capture-failure-log / capture, capture-failure-log, capture-failure-log, e2e, test, cross-device-tests, autofix, web-lint-and-test, lint-and-test, maybe-label
2026-04-27T19:45:36.3769126Z Checks in_progress: connected-tests
2026-04-27T19:45:36.3769359Z Checks after Regexp filter:
2026-04-27T19:45:36.3770103Z Checks completed: firebase-distribute, capture-failure-log / capture, capture-failure-log, capture-failure-log, e2e, test, cross-device-tests, autofix, web-lint-and-test, lint-and-test, maybe-label
2026-04-27T19:45:36.3770892Z Checks in_progress: connected-tests
2026-04-27T19:45:36.3771224Z The requested checks aren't complete yet, will check back in 30 seconds...
2026-04-27T19:45:36.3771568Z Checks running on ref:
2026-04-27T19:45:36.3772306Z Checks completed: firebase-distribute, capture-failure-log / capture, capture-failure-log, capture-failure-log, e2e, test, cross-device-tests, autofix, web-lint-and-test, lint-and-test, maybe-label
2026-04-27T19:45:36.3773117Z Checks in_progress: connected-tests, Auto-merge
2026-04-27T19:45:36.3773398Z Checks after ignore checks filter:
2026-04-27T19:45:36.3774158Z Checks completed: firebase-distribute, capture-failure-log / capture, capture-failure-log, capture-failure-log, e2e, test, cross-device-tests, autofix, web-lint-and-test, lint-and-test, maybe-label
2026-04-27T19:45:36.3774940Z Checks in_progress: connected-tests
2026-04-27T19:45:36.3775172Z Checks after check_name filter:
2026-04-27T19:45:36.3776217Z Checks completed: firebase-distribute, capture-failure-log / capture, capture-failure-log, capture-failure-log, e2e, test, cross-device-tests, autofix, web-lint-and-test, lint-and-test, maybe-label
2026-04-27T19:45:36.3777016Z Checks in_progress: connected-tests
2026-04-27T19:45:36.3777389Z Checks after Regexp filter:
2026-04-27T19:45:36.3778133Z Checks completed: firebase-distribute, capture-failure-log / capture, capture-failure-log, capture-failure-log, e2e, test, cross-device-tests, autofix, web-lint-and-test, lint-and-test, maybe-label
2026-04-27T19:45:36.3778920Z Checks in_progress: connected-tests
2026-04-27T19:45:36.3779253Z The requested checks aren't complete yet, will check back in 30 seconds...
2026-04-27T19:45:36.3779597Z Checks running on ref:
2026-04-27T19:45:36.3780323Z Checks completed: firebase-distribute, capture-failure-log / capture, capture-failure-log, capture-failure-log, e2e, test, cross-device-tests, autofix, web-lint-and-test, lint-and-test, maybe-label
2026-04-27T19:45:36.3781137Z Checks in_progress: connected-tests, Auto-merge
2026-04-27T19:45:36.3781519Z Checks after ignore checks filter:
2026-04-27T19:45:36.3782287Z Checks completed: firebase-distribute, capture-failure-log / capture, capture-failure-log, capture-failure-log, e2e, test, cross-device-tests, autofix, web-lint-and-test, lint-and-test, maybe-label
2026-04-27T19:45:36.3783082Z Checks in_progress: connected-tests
2026-04-27T19:45:36.3783308Z Checks after check_name filter:
2026-04-27T19:45:36.3784062Z Checks completed: firebase-distribute, capture-failure-log / capture, capture-failure-log, capture-failure-log, e2e, test, cross-device-tests, autofix, web-lint-and-test, lint-and-test, maybe-label
2026-04-27T19:45:36.3784850Z Checks in_progress: connected-tests
2026-04-27T19:45:36.3785073Z Checks after Regexp filter:
2026-04-27T19:45:36.3786070Z Checks completed: firebase-distribute, capture-failure-log / capture, capture-failure-log, capture-failure-log, e2e, test, cross-device-tests, autofix, web-lint-and-test, lint-and-test, maybe-label
2026-04-27T19:45:36.3786880Z Checks in_progress: connected-tests
2026-04-27T19:45:36.3787214Z The requested checks aren't complete yet, will check back in 30 seconds...
2026-04-27T19:45:36.3787565Z Checks running on ref:
2026-04-27T19:45:36.3788305Z Checks completed: firebase-distribute, capture-failure-log / capture, capture-failure-log, capture-failure-log, e2e, test, cross-device-tests, autofix, web-lint-and-test, lint-and-test, maybe-label
2026-04-27T19:45:36.3789120Z Checks in_progress: connected-tests, Auto-merge
2026-04-27T19:45:36.3789398Z Checks after ignore checks filter:
2026-04-27T19:45:36.3790158Z Checks completed: firebase-distribute, capture-failure-log / capture, capture-failure-log, capture-failure-log, e2e, test, cross-device-tests, autofix, web-lint-and-test, lint-and-test, maybe-label
2026-04-27T19:49:10.0273387Z Checks in_progress: connected-tests
2026-04-27T19:49:10.0274053Z Checks after check_name filter:
2026-04-27T19:49:10.0276074Z Checks completed: firebase-distribute, capture-failure-log / capture, capture-failure-log, capture-failure-log, e2e, test, cross-device-tests, autofix, web-lint-and-test, lint-and-test, maybe-label
2026-04-27T19:49:10.0277217Z Checks in_progress: connected-tests
2026-04-27T19:49:10.0277536Z Checks after Regexp filter:
2026-04-27T19:49:10.0278514Z Checks completed: firebase-distribute, capture-failure-log / capture, capture-failure-log, capture-failure-log, e2e, test, cross-device-tests, autofix, web-lint-and-test, lint-and-test, maybe-label
2026-04-27T19:49:10.0279507Z Checks in_progress: connected-tests
2026-04-27T19:49:10.0279930Z The requested checks aren't complete yet, will check back in 30 seconds...
2026-04-27T19:49:10.0280371Z Checks running on ref:
2026-04-27T19:49:10.0281338Z Checks completed: firebase-distribute, capture-failure-log / capture, capture-failure-log, capture-failure-log, e2e, test, cross-device-tests, autofix, web-lint-and-test, lint-and-test, maybe-label
2026-04-27T19:49:10.0282354Z Checks in_progress: connected-tests, Auto-merge
2026-04-27T19:49:10.0282693Z Checks after ignore checks filter:
2026-04-27T19:49:10.0283658Z Checks completed: firebase-distribute, capture-failure-log / capture, capture-failure-log, capture-failure-log, e2e, test, cross-device-tests, autofix, web-lint-and-test, lint-and-test, maybe-label
2026-04-27T19:49:10.0284847Z Checks in_progress: connected-tests
2026-04-27T19:49:10.0285101Z Checks after check_name filter:
2026-04-27T19:49:10.0286198Z Checks completed: firebase-distribute, capture-failure-log / capture, capture-failure-log, capture-failure-log, e2e, test, cross-device-tests, autofix, web-lint-and-test, lint-and-test, maybe-label
2026-04-27T19:49:10.0287074Z Checks in_progress: connected-tests
2026-04-27T19:49:10.0287328Z Checks after Regexp filter:
2026-04-27T19:49:10.0288141Z Checks completed: firebase-distribute, capture-failure-log / capture, capture-failure-log, capture-failure-log, e2e, test, cross-device-tests, autofix, web-lint-and-test, lint-and-test, maybe-label
2026-04-27T19:49:10.0289004Z Checks in_progress: connected-tests
2026-04-27T19:49:10.0289527Z The requested checks aren't complete yet, will check back in 30 seconds...
2026-04-27T19:49:10.0289895Z Checks running on ref:
2026-04-27T19:49:10.0290693Z Checks completed: firebase-distribute, capture-failure-log / capture, capture-failure-log, capture-failure-log, e2e, test, cross-device-tests, autofix, web-lint-and-test, lint-and-test, maybe-label
2026-04-27T19:49:10.0291579Z Checks in_progress: connected-tests, Auto-merge
2026-04-27T19:49:10.0291865Z Checks after ignore checks filter:
2026-04-27T19:49:10.0292695Z Checks completed: firebase-distribute, capture-failure-log / capture, capture-failure-log, capture-failure-log, e2e, test, cross-device-tests, autofix, web-lint-and-test, lint-and-test, maybe-label
2026-04-27T19:49:10.0293556Z Checks in_progress: connected-tests
2026-04-27T19:49:10.0293802Z Checks after check_name filter:
2026-04-27T19:49:10.0294614Z Checks completed: firebase-distribute, capture-failure-log / capture, capture-failure-log, capture-failure-log, e2e, test, cross-device-tests, autofix, web-lint-and-test, lint-and-test, maybe-label
2026-04-27T19:49:10.0295407Z Checks in_progress: connected-tests
2026-04-27T19:49:10.0295627Z Checks after Regexp filter:
2026-04-27T19:49:10.0296599Z Checks completed: firebase-distribute, capture-failure-log / capture, capture-failure-log, capture-failure-log, e2e, test, cross-device-tests, autofix, web-lint-and-test, lint-and-test, maybe-label
2026-04-27T19:49:10.0297376Z Checks in_progress: connected-tests
2026-04-27T19:49:10.0297706Z The requested checks aren't complete yet, will check back in 30 seconds...
2026-04-27T19:49:10.0298049Z Checks running on ref:
2026-04-27T19:49:10.0298768Z Checks completed: firebase-distribute, capture-failure-log / capture, capture-failure-log, capture-failure-log, e2e, test, cross-device-tests, autofix, web-lint-and-test, lint-and-test, maybe-label
2026-04-27T19:49:10.0299574Z Checks in_progress: connected-tests, Auto-merge
2026-04-27T19:49:10.0299844Z Checks after ignore checks filter:
2026-04-27T19:49:10.0300598Z Checks completed: firebase-distribute, capture-failure-log / capture, capture-failure-log, capture-failure-log, e2e, test, cross-device-tests, autofix, web-lint-and-test, lint-and-test, maybe-label
2026-04-27T19:49:10.0301386Z Checks in_progress: connected-tests
2026-04-27T19:49:10.0301620Z Checks after check_name filter:
2026-04-27T19:49:10.0302359Z Checks completed: firebase-distribute, capture-failure-log / capture, capture-failure-log, capture-failure-log, e2e, test, cross-device-tests, autofix, web-lint-and-test, lint-and-test, maybe-label
2026-04-27T19:49:10.0303139Z Checks in_progress: connected-tests
2026-04-27T19:49:10.0303368Z Checks after Regexp filter:
2026-04-27T19:49:10.0304104Z Checks completed: firebase-distribute, capture-failure-log / capture, capture-failure-log, capture-failure-log, e2e, test, cross-device-tests, autofix, web-lint-and-test, lint-and-test, maybe-label
2026-04-27T19:49:10.0304884Z Checks in_progress: connected-tests
2026-04-27T19:49:10.0305213Z The requested checks aren't complete yet, will check back in 30 seconds...
2026-04-27T19:49:10.0305553Z Checks running on ref:
2026-04-27T19:49:10.0306628Z Checks completed: firebase-distribute, capture-failure-log / capture, capture-failure-log, capture-failure-log, e2e, test, cross-device-tests, autofix, web-lint-and-test, lint-and-test, maybe-label
2026-04-27T19:49:10.0307443Z Checks in_progress: connected-tests, Auto-merge
2026-04-27T19:49:10.0307709Z Checks after ignore checks filter:
2026-04-27T19:49:10.0308461Z Checks completed: firebase-distribute, capture-failure-log / capture, capture-failure-log, capture-failure-log, e2e, test, cross-device-tests, autofix, web-lint-and-test, lint-and-test, maybe-label
2026-04-27T19:49:10.0309239Z Checks in_progress: connected-tests
2026-04-27T19:49:10.0309469Z Checks after check_name filter:
2026-04-27T19:49:10.0310209Z Checks completed: firebase-distribute, capture-failure-log / capture, capture-failure-log, capture-failure-log, e2e, test, cross-device-tests, autofix, web-lint-and-test, lint-and-test, maybe-label
2026-04-27T19:49:10.0311098Z Checks in_progress: connected-tests
2026-04-27T19:49:10.0311325Z Checks after Regexp filter:
2026-04-27T19:49:10.0312061Z Checks completed: firebase-distribute, capture-failure-log / capture, capture-failure-log, capture-failure-log, e2e, test, cross-device-tests, autofix, web-lint-and-test, lint-and-test, maybe-label
2026-04-27T19:49:10.0312839Z Checks in_progress: connected-tests
2026-04-27T19:49:10.0313165Z The requested checks aren't complete yet, will check back in 30 seconds...
2026-04-27T19:49:10.0313499Z Checks running on ref:
2026-04-27T19:49:10.0314209Z Checks completed: firebase-distribute, capture-failure-log / capture, capture-failure-log, capture-failure-log, e2e, test, cross-device-tests, autofix, web-lint-and-test, lint-and-test, maybe-label
2026-04-27T19:49:10.0315015Z Checks in_progress: connected-tests, Auto-merge
2026-04-27T19:49:10.0315280Z Checks after ignore checks filter:
2026-04-27T19:49:10.0316238Z Checks completed: firebase-distribute, capture-failure-log / capture, capture-failure-log, capture-failure-log, e2e, test, cross-device-tests, autofix, web-lint-and-test, lint-and-test, maybe-label
2026-04-27T19:49:10.0317035Z Checks in_progress: connected-tests
2026-04-27T19:49:10.0317269Z Checks after check_name filter:
2026-04-27T19:49:10.0318013Z Checks completed: firebase-distribute, capture-failure-log / capture, capture-failure-log, capture-failure-log, e2e, test, cross-device-tests, autofix, web-lint-and-test, lint-and-test, maybe-label
2026-04-27T19:49:10.0318791Z Checks in_progress: connected-tests
2026-04-27T19:49:10.0319010Z Checks after Regexp filter:
2026-04-27T19:49:10.0319744Z Checks completed: firebase-distribute, capture-failure-log / capture, capture-failure-log, capture-failure-log, e2e, test, cross-device-tests, autofix, web-lint-and-test, lint-and-test, maybe-label
2026-04-27T19:49:10.0320521Z Checks in_progress: connected-tests
2026-04-27T19:49:10.0320839Z The requested checks aren't complete yet, will check back in 30 seconds...
2026-04-27T19:49:10.0321183Z Checks running on ref:
2026-04-27T19:49:10.0321909Z Checks completed: firebase-distribute, capture-failure-log / capture, capture-failure-log, capture-failure-log, e2e, test, cross-device-tests, autofix, web-lint-and-test, lint-and-test, maybe-label
2026-04-27T19:49:10.0322711Z Checks in_progress: connected-tests, Auto-merge
2026-04-27T19:49:10.0322979Z Checks after ignore checks filter:
2026-04-27T19:49:10.0323735Z Checks completed: firebase-distribute, capture-failure-log / capture, capture-failure-log, capture-failure-log, e2e, test, cross-device-tests, autofix, web-lint-and-test, lint-and-test, maybe-label
2026-04-27T19:49:10.0324507Z Checks in_progress: connected-tests
2026-04-27T19:49:10.0324734Z Checks after check_name filter:
2026-04-27T19:49:10.0325476Z Checks completed: firebase-distribute, capture-failure-log / capture, capture-failure-log, capture-failure-log, e2e, test, cross-device-tests, autofix, web-lint-and-test, lint-and-test, maybe-label
2026-04-27T19:49:10.0326488Z Checks in_progress: connected-tests
2026-04-27T19:49:10.0326718Z Checks after Regexp filter:
2026-04-27T19:49:10.0327583Z Checks completed: firebase-distribute, capture-failure-log / capture, capture-failure-log, capture-failure-log, e2e, test, cross-device-tests, autofix, web-lint-and-test, lint-and-test, maybe-label
2026-04-27T19:49:10.0328362Z Checks in_progress: connected-tests
2026-04-27T19:49:10.0328690Z The requested checks aren't complete yet, will check back in 30 seconds...
2026-04-27T19:49:10.0329020Z Checks running on ref:
2026-04-27T19:49:10.0329888Z Checks completed: capture-failure-log, firebase-distribute, capture-failure-log / capture, capture-failure-log, capture-failure-log, e2e, test, cross-device-tests, connected-tests, autofix, web-lint-and-test, lint-and-test, maybe-label
2026-04-27T19:49:10.0330845Z Checks in_progress: Auto-merge
2026-04-27T19:49:10.0331065Z Checks after ignore checks filter:
2026-04-27T19:49:10.0331953Z Checks completed: capture-failure-log, firebase-distribute, capture-failure-log / capture, capture-failure-log, capture-failure-log, e2e, test, cross-device-tests, connected-tests, autofix, web-lint-and-test, lint-and-test, maybe-label
2026-04-27T19:49:10.0332980Z Checks after check_name filter:
2026-04-27T19:49:10.0341110Z Checks completed: capture-failure-log, firebase-distribute, capture-failure-log / capture, capture-failure-log, capture-failure-log, e2e, test, cross-device-tests, connected-tests, autofix, web-lint-and-test, lint-and-test, maybe-label
2026-04-27T19:49:10.0344157Z Checks after Regexp filter:
2026-04-27T19:49:10.0346000Z Checks completed: capture-failure-log, firebase-distribute, capture-failure-log / capture, capture-failure-log, capture-failure-log, e2e, test, cross-device-tests, connected-tests, autofix, web-lint-and-test, lint-and-test, maybe-label
2026-04-27T19:49:10.0347703Z Checks completed:
2026-04-27T19:49:10.0348059Z capture-failure-log: completed (skipped)
2026-04-27T19:49:10.0348529Z firebase-distribute: completed (skipped)
2026-04-27T19:49:10.0349037Z capture-failure-log / capture: completed (success)
2026-04-27T19:49:10.0349555Z capture-failure-log: completed (skipped)
2026-04-27T19:49:10.0350026Z capture-failure-log: completed (skipped)
2026-04-27T19:49:10.0350455Z e2e: completed (success)
2026-04-27T19:49:10.0350802Z test: completed (success)
2026-04-27T19:49:10.0351194Z cross-device-tests: completed (success)
2026-04-27T19:49:10.0351612Z connected-tests: completed (success)
2026-04-27T19:49:10.0352019Z autofix: completed (success)
2026-04-27T19:49:10.0352411Z web-lint-and-test: completed (success)
2026-04-27T19:49:10.0352706Z lint-and-test: completed (failure)
2026-04-27T19:49:10.0352953Z maybe-label: completed (success)
2026-04-27T19:49:10.0353603Z The conclusion of one or more checks were not allowed. Allowed conclusions are: success, skipped, neutral. This can be configured with the 'allowed-conclusions' param.
2026-04-27T19:49:10.0449163Z ##[error]Process completed with exit code 1.
2026-04-27T19:49:10.0556850Z Post job cleanup.
2026-04-27T19:49:10.0610681Z Cleaning up orphan processes
2026-04-27T19:49:10.0976482Z ##[warning]Node.js 20 actions are deprecated. The following actions are running on Node.js 20 and may not work as expected: actions/cache@v4. Actions will be forced to run with Node.js 24 by default starting June 2nd, 2026. Node.js 20 will be removed from the runner on September 16th, 2026. Please check if updated versions of these actions are available that support Node.js 24. To opt into Node.js 24 now, set the FORCE_JAVASCRIPT_ACTIONS_TO_NODE24=true environment variable on the runner or in your workflow file. Once Node.js 24 becomes the default, you can temporarily opt out by setting ACTIONS_ALLOW_USE_UNSECURE_NODE_VERSION=true. For more information see: https://github.blog/changelog/2025-09-19-deprecation-of-node-20-on-github-actions-runners/
