=== CI FAILURE ===
Workflow:      Auto-merge & Release
Workflow file: averycorp/prismTask/.github/workflows/auto-merge.yml@refs/pull/914/merge
Job(s):        Auto-merge
Run ID:        25071689979
Run attempt:   1
Run URL:       https://github.com/averycorp/prismTask/actions/runs/25071689979
Commit:        3014db57a1fae5bdd65e4553ae0b5fbfefc9cb08
Branch:        914/merge
Event:         pull_request
Actor:         akarlin3
Runner OS:     Linux
Timestamp:     2026-04-28T18:57:54.009Z

Failed steps:
  - Auto-merge: #4 Wait for all other CI checks to pass

=== FAILED JOB LOG ===

--- Job: Auto-merge (id 73453412308) ---
2026-04-28T18:53:04.4671254Z Current runner version: '2.334.0'
2026-04-28T18:53:04.4705620Z ##[group]Runner Image Provisioner
2026-04-28T18:53:04.4706730Z Hosted Compute Agent
2026-04-28T18:53:04.4707616Z Version: 20260422.526
2026-04-28T18:53:04.4708497Z Commit: e1a9e573f4d0838b3a7c1b07401aeb29ed3635a9
2026-04-28T18:53:04.4709490Z Build Date: 2026-04-22T09:31:31Z
2026-04-28T18:53:04.4710597Z Worker ID: {b45313e8-3b22-4133-ab1a-878942d37518}
2026-04-28T18:53:04.4711685Z Azure Region: eastus
2026-04-28T18:53:04.4712501Z ##[endgroup]
2026-04-28T18:53:04.4714836Z ##[group]Operating System
2026-04-28T18:53:04.4715780Z Ubuntu
2026-04-28T18:53:04.4716420Z 24.04.4
2026-04-28T18:53:04.4717454Z LTS
2026-04-28T18:53:04.4718151Z ##[endgroup]
2026-04-28T18:53:04.4718851Z ##[group]Runner Image
2026-04-28T18:53:04.4719791Z Image: ubuntu-24.04
2026-04-28T18:53:04.4720504Z Version: 20260426.100.1
2026-04-28T18:53:04.4722426Z Included Software: https://github.com/actions/runner-images/blob/ubuntu24/20260426.100/images/ubuntu/Ubuntu2404-Readme.md
2026-04-28T18:53:04.4724967Z Image Release: https://github.com/actions/runner-images/releases/tag/ubuntu24%2F20260426.100
2026-04-28T18:53:04.4726350Z ##[endgroup]
2026-04-28T18:53:04.4728271Z ##[group]GITHUB_TOKEN Permissions
2026-04-28T18:53:04.4731192Z Actions: read
2026-04-28T18:53:04.4731965Z Checks: read
2026-04-28T18:53:04.4732753Z Contents: write
2026-04-28T18:53:04.4733646Z Metadata: read
2026-04-28T18:53:04.4734359Z PullRequests: write
2026-04-28T18:53:04.4735338Z ##[endgroup]
2026-04-28T18:53:04.4738494Z Secret source: Actions
2026-04-28T18:53:04.4739933Z Prepare workflow directory
2026-04-28T18:53:04.5309859Z Prepare all required actions
2026-04-28T18:53:04.5362142Z Getting action download info
2026-04-28T18:53:04.8202835Z Download action repository 'lewagon/wait-on-check-action@ccfb013c15c8afb7bf2b7c028fb74dc5a068cccc' (SHA:ccfb013c15c8afb7bf2b7c028fb74dc5a068cccc)
2026-04-28T18:53:05.2183766Z Getting action download info
2026-04-28T18:53:05.4312100Z Download action repository 'ruby/setup-ruby@v1' (SHA:c4e5b1316158f92e3d49443a9d58b31d25ac0f8f)
2026-04-28T18:53:05.6635927Z Download action repository 'actions/cache@v4' (SHA:0057852bfaa89a56745cba8c7296529d2fc39830)
2026-04-28T18:53:05.9046035Z Complete job name: Auto-merge
2026-04-28T18:53:05.9723126Z ##[group]Run set -euo pipefail
2026-04-28T18:53:05.9724249Z [36;1mset -euo pipefail[0m
2026-04-28T18:53:05.9725727Z [36;1m# Audit item #5 — poll check-runs for up to 60s instead of a bare[0m
2026-04-28T18:53:05.9727450Z [36;1m# 20s sleep. On a busy runner cohort the initial 20s wasn't enough[0m
2026-04-28T18:53:05.9729132Z [36;1m# for the API to reflect queued workflow runs, which could merge[0m
2026-04-28T18:53:05.9730791Z [36;1m# PRs without waiting for CI. Bail out early as soon as ≥1 real[0m
2026-04-28T18:53:05.9732152Z [36;1m# check shows up.[0m
2026-04-28T18:53:05.9733013Z [36;1mCOUNT=0[0m
2026-04-28T18:53:05.9733777Z [36;1mfor i in $(seq 1 6); do[0m
2026-04-28T18:53:05.9734790Z [36;1m  sleep 10[0m
2026-04-28T18:53:05.9735875Z [36;1m  COUNT=$(gh api "repos/$REPO/commits/$HEAD_SHA/check-runs" \[0m
2026-04-28T18:53:05.9737535Z [36;1m    --jq '[.check_runs[] | select(.name != "Auto-merge")] | length')[0m
2026-04-28T18:53:05.9738948Z [36;1m  if [ "$COUNT" -gt 0 ]; then[0m
2026-04-28T18:53:05.9740203Z [36;1m    echo "Found $COUNT non-Auto-merge check(s) after ${i}0s"[0m
2026-04-28T18:53:05.9741487Z [36;1m    break[0m
2026-04-28T18:53:05.9742243Z [36;1m  fi[0m
2026-04-28T18:53:05.9743204Z [36;1m  echo "No non-Auto-merge checks yet (attempt $i/6)"[0m
2026-04-28T18:53:05.9744403Z [36;1mdone[0m
2026-04-28T18:53:05.9745358Z [36;1mif [ "$COUNT" -gt 0 ]; then[0m
2026-04-28T18:53:05.9746433Z [36;1m  echo "has_ci=true" >> "$GITHUB_OUTPUT"[0m
2026-04-28T18:53:05.9747496Z [36;1melse[0m
2026-04-28T18:53:05.9748349Z [36;1m  echo "has_ci=false" >> "$GITHUB_OUTPUT"[0m
2026-04-28T18:53:05.9749864Z [36;1m  echo "No CI checks on this PR after 60s — will merge without waiting."[0m
2026-04-28T18:53:05.9751233Z [36;1mfi[0m
2026-04-28T18:53:05.9856067Z shell: /usr/bin/bash -e {0}
2026-04-28T18:53:05.9857315Z env:
2026-04-28T18:53:05.9858042Z   WAIT_INTERVAL: 15
2026-04-28T18:53:05.9859289Z   GH_TOKEN: ***
2026-04-28T18:53:05.9860210Z   HEAD_SHA: a46e766eee4034405e5db2d47c6e53f05b019742
2026-04-28T18:53:05.9861353Z   REPO: averycorp/prismTask
2026-04-28T18:53:05.9862214Z ##[endgroup]
2026-04-28T18:53:16.7911183Z Found 9 non-Auto-merge check(s) after 10s
2026-04-28T18:53:16.8036957Z ##[group]Run set -euo pipefail
2026-04-28T18:53:16.8037338Z [36;1mset -euo pipefail[0m
2026-04-28T18:53:16.8037808Z [36;1mREQUIRED=$(gh api "repos/$REPO/branches/main/protection/required_status_checks" \[0m
2026-04-28T18:53:16.8038316Z [36;1m  --jq '.contexts[]' 2>/dev/null || true)[0m
2026-04-28T18:53:16.8038652Z [36;1mif [ -z "$REQUIRED" ]; then[0m
2026-04-28T18:53:16.8039216Z [36;1m  echo "::warning::Could not query branch protection (likely a permission issue) — using hardcoded fallback list."[0m
2026-04-28T18:53:16.8039777Z [36;1m  REQUIRED="$FALLBACK_REQUIRED"[0m
2026-04-28T18:53:16.8040097Z [36;1mfi[0m
2026-04-28T18:53:16.8040410Z [36;1m# Strip Auto-merge from the required list so we don't wait on[0m
2026-04-28T18:53:16.8040868Z [36;1m# ourselves (it's listed because we ARE the running workflow).[0m
2026-04-28T18:53:16.8041400Z [36;1mREQUIRED=$(echo "$REQUIRED" | grep -vE '^\s*Auto-merge\s*$' | grep -vE '^\s*$' || true)[0m
2026-04-28T18:53:16.8041885Z [36;1mif [ -z "$REQUIRED" ]; then[0m
2026-04-28T18:53:16.8042264Z [36;1m  echo "No required checks beyond Auto-merge; skipping queue wait."[0m
2026-04-28T18:53:16.8042664Z [36;1m  exit 0[0m
2026-04-28T18:53:16.8042920Z [36;1mfi[0m
2026-04-28T18:53:16.8043201Z [36;1mecho "Waiting until these required checks queue:"[0m
2026-04-28T18:53:16.8043555Z [36;1mecho "$REQUIRED" | sed 's/^/  /'[0m
2026-04-28T18:53:16.8043935Z [36;1m# Audit PR #876 → CI pathway efficiency: this loop was burning[0m
2026-04-28T18:53:16.8044392Z [36;1m# ~315s/PR (PR #874 run 25035518360 + PR #873 run 25035513300)[0m
2026-04-28T18:53:16.8044999Z [36;1m# while underlying required checks were observably complete in[0m
2026-04-28T18:53:16.8045471Z [36;1m# ~30s. Mean job wall-clock was 343s with std-dev ~7s across 10[0m
2026-04-28T18:53:16.8045927Z [36;1m# runs — i.e. the loop almost always ran to its 5-minute ceiling.[0m
2026-04-28T18:53:16.8046363Z [36;1m# Two compensating mitigations + diagnostics:[0m
2026-04-28T18:53:16.8046689Z [36;1m#[0m
2026-04-28T18:53:16.8047009Z [36;1m#   (a) Cap dropped 30 → 18 attempts at 5s interval = 90s ceiling[0m
2026-04-28T18:53:16.8047432Z [36;1m#       (still > 2× the 43s race window from PR #804).[0m
2026-04-28T18:53:16.8047853Z [36;1m#   (b) Poll interval dropped 10s → 5s for faster detection.[0m
2026-04-28T18:53:16.8048318Z [36;1m#   (c) Per-iteration diagnostic prints MISSING + visible CHECK_RUNS[0m
2026-04-28T18:53:16.8048822Z [36;1m#       so future investigation can pinpoint the matching mismatch[0m
2026-04-28T18:53:16.8049304Z [36;1m#       (the immediate root-cause was not yet identified — the[0m
2026-04-28T18:53:16.8049765Z [36;1m#       MISSING list never empties even though CHECK_RUNS clearly[0m
2026-04-28T18:53:16.8050222Z [36;1m#       contains every REQUIRED name. Likely a trim/encoding edge[0m
2026-04-28T18:53:16.8050751Z [36;1m#       case in the comparison loop, but observability beats[0m
2026-04-28T18:53:16.8051140Z [36;1m#       guessing).[0m
2026-04-28T18:53:16.8051431Z [36;1mfor attempt in $(seq 1 18); do[0m
2026-04-28T18:53:16.8051865Z [36;1m  CHECK_RUNS=$(gh api --paginate "repos/$REPO/commits/$HEAD_SHA/check-runs" \[0m
2026-04-28T18:53:16.8052318Z [36;1m    --jq '.check_runs[].name' | sort -u)[0m
2026-04-28T18:53:16.8052633Z [36;1m  MISSING=""[0m
2026-04-28T18:53:16.8052888Z [36;1m  while IFS= read -r req; do[0m
2026-04-28T18:53:16.8053183Z [36;1m    [ -z "$req" ] && continue[0m
2026-04-28T18:53:16.8053493Z [36;1m    req_trimmed=$(echo "$req" | xargs)[0m
2026-04-28T18:53:16.8053864Z [36;1m    if ! echo "$CHECK_RUNS" | grep -qxF "$req_trimmed"; then[0m
2026-04-28T18:53:16.8054592Z [36;1m      MISSING="$MISSING $req_trimmed"[0m
2026-04-28T18:53:16.8054893Z [36;1m    fi[0m
2026-04-28T18:53:16.8055121Z [36;1m  done <<< "$REQUIRED"[0m
2026-04-28T18:53:16.8055403Z [36;1m  if [ -z "$MISSING" ]; then[0m
2026-04-28T18:53:16.8055851Z [36;1m    echo "All required checks have queued after attempt $attempt (~$((attempt * 5))s)."[0m
2026-04-28T18:53:16.8056490Z [36;1m    exit 0[0m
2026-04-28T18:53:16.8056754Z [36;1m  fi[0m
2026-04-28T18:53:16.8057043Z [36;1m  echo "Attempt $attempt/18 — still missing:$MISSING"[0m
2026-04-28T18:53:16.8057529Z [36;1m  echo "  Visible check-runs: $(echo "$CHECK_RUNS" | tr '\n' ',' | sed 's/,$//')"[0m
2026-04-28T18:53:16.8057943Z [36;1m  sleep 5[0m
2026-04-28T18:53:16.8058174Z [36;1mdone[0m
2026-04-28T18:53:16.8058665Z [36;1mecho "::warning::Some required checks never queued after 90s:$MISSING — proceeding to wait-on-check-action anyway."[0m
2026-04-28T18:53:16.8120515Z shell: /usr/bin/bash -e {0}
2026-04-28T18:53:16.8120815Z env:
2026-04-28T18:53:16.8121041Z   WAIT_INTERVAL: 15
2026-04-28T18:53:16.8121710Z   GH_TOKEN: ***
2026-04-28T18:53:16.8121993Z   HEAD_SHA: a46e766eee4034405e5db2d47c6e53f05b019742
2026-04-28T18:53:16.8122338Z   REPO: averycorp/prismTask
2026-04-28T18:53:16.8122736Z   FALLBACK_REQUIRED: lint-and-test
connected-tests
test
web-lint-and-test

2026-04-28T18:53:16.8123159Z ##[endgroup]
2026-04-28T18:53:17.0298625Z Waiting until these required checks queue:
2026-04-28T18:53:17.0314167Z   {"message":"Resource not accessible by integration","documentation_url":"https://docs.github.com/rest/branches/branch-protection#get-status-checks-protection","status":"403"}
2026-04-28T18:53:17.4595104Z Attempt 1/18 — still missing: {message:Resource not accessible by integration,documentation_url:https://docs.github.com/rest/branches/branch-protection#get-status-checks-protection,status:403}
2026-04-28T18:53:17.4617532Z   Visible check-runs: Auto-merge,autofix,capture-failure-log,connected-tests,cross-device-tests,e2e,lint-and-test,maybe-label,test,web-lint-and-test
2026-04-28T18:53:22.9015146Z Attempt 2/18 — still missing: {message:Resource not accessible by integration,documentation_url:https://docs.github.com/rest/branches/branch-protection#get-status-checks-protection,status:403}
2026-04-28T18:53:22.9036797Z   Visible check-runs: Auto-merge,autofix,capture-failure-log,connected-tests,cross-device-tests,e2e,lint-and-test,maybe-label,test,web-lint-and-test
2026-04-28T18:53:28.3558265Z Attempt 3/18 — still missing: {message:Resource not accessible by integration,documentation_url:https://docs.github.com/rest/branches/branch-protection#get-status-checks-protection,status:403}
2026-04-28T18:53:28.3580958Z   Visible check-runs: Auto-merge,autofix,capture-failure-log,connected-tests,cross-device-tests,e2e,lint-and-test,maybe-label,test,web-lint-and-test
2026-04-28T18:53:33.7960947Z Attempt 4/18 — still missing: {message:Resource not accessible by integration,documentation_url:https://docs.github.com/rest/branches/branch-protection#get-status-checks-protection,status:403}
2026-04-28T18:53:33.7992948Z   Visible check-runs: Auto-merge,autofix,capture-failure-log,connected-tests,cross-device-tests,e2e,lint-and-test,maybe-label,test,web-lint-and-test
2026-04-28T18:53:39.2631036Z Attempt 5/18 — still missing: {message:Resource not accessible by integration,documentation_url:https://docs.github.com/rest/branches/branch-protection#get-status-checks-protection,status:403}
2026-04-28T18:53:39.2656048Z   Visible check-runs: Auto-merge,autofix,capture-failure-log,connected-tests,cross-device-tests,e2e,lint-and-test,maybe-label,test,web-lint-and-test
2026-04-28T18:53:44.7808229Z Attempt 6/18 — still missing: {message:Resource not accessible by integration,documentation_url:https://docs.github.com/rest/branches/branch-protection#get-status-checks-protection,status:403}
2026-04-28T18:53:44.7832138Z   Visible check-runs: Auto-merge,autofix,capture-failure-log,connected-tests,cross-device-tests,e2e,lint-and-test,maybe-label,test,web-lint-and-test
2026-04-28T18:53:50.2491704Z Attempt 7/18 — still missing: {message:Resource not accessible by integration,documentation_url:https://docs.github.com/rest/branches/branch-protection#get-status-checks-protection,status:403}
2026-04-28T18:53:50.2512790Z   Visible check-runs: Auto-merge,autofix,capture-failure-log,connected-tests,cross-device-tests,e2e,lint-and-test,maybe-label,test,web-lint-and-test
2026-04-28T18:53:55.7435719Z Attempt 8/18 — still missing: {message:Resource not accessible by integration,documentation_url:https://docs.github.com/rest/branches/branch-protection#get-status-checks-protection,status:403}
2026-04-28T18:53:55.7456740Z   Visible check-runs: Auto-merge,autofix,capture-failure-log,connected-tests,cross-device-tests,e2e,lint-and-test,maybe-label,test,web-lint-and-test
2026-04-28T18:54:01.2690151Z Attempt 9/18 — still missing: {message:Resource not accessible by integration,documentation_url:https://docs.github.com/rest/branches/branch-protection#get-status-checks-protection,status:403}
2026-04-28T18:54:01.2714251Z   Visible check-runs: Auto-merge,autofix,capture-failure-log,connected-tests,cross-device-tests,e2e,lint-and-test,maybe-label,test,web-lint-and-test
2026-04-28T18:54:06.7485718Z Attempt 10/18 — still missing: {message:Resource not accessible by integration,documentation_url:https://docs.github.com/rest/branches/branch-protection#get-status-checks-protection,status:403}
2026-04-28T18:54:06.7507671Z   Visible check-runs: Auto-merge,autofix,capture-failure-log,connected-tests,cross-device-tests,e2e,lint-and-test,maybe-label,test,web-lint-and-test
2026-04-28T18:54:12.2878318Z Attempt 11/18 — still missing: {message:Resource not accessible by integration,documentation_url:https://docs.github.com/rest/branches/branch-protection#get-status-checks-protection,status:403}
2026-04-28T18:54:12.2900932Z   Visible check-runs: Auto-merge,autofix,capture-failure-log,connected-tests,cross-device-tests,e2e,lint-and-test,maybe-label,test,web-lint-and-test
2026-04-28T18:54:17.8148544Z Attempt 12/18 — still missing: {message:Resource not accessible by integration,documentation_url:https://docs.github.com/rest/branches/branch-protection#get-status-checks-protection,status:403}
2026-04-28T18:54:17.8171055Z   Visible check-runs: Auto-merge,autofix,capture-failure-log,connected-tests,cross-device-tests,e2e,lint-and-test,maybe-label,test,web-lint-and-test
2026-04-28T18:54:23.3539866Z Attempt 13/18 — still missing: {message:Resource not accessible by integration,documentation_url:https://docs.github.com/rest/branches/branch-protection#get-status-checks-protection,status:403}
2026-04-28T18:54:23.3566254Z   Visible check-runs: Auto-merge,autofix,capture-failure-log,connected-tests,cross-device-tests,e2e,lint-and-test,maybe-label,test,web-lint-and-test
2026-04-28T18:54:28.8364849Z Attempt 14/18 — still missing: {message:Resource not accessible by integration,documentation_url:https://docs.github.com/rest/branches/branch-protection#get-status-checks-protection,status:403}
2026-04-28T18:54:28.8391678Z   Visible check-runs: Auto-merge,autofix,capture-failure-log,connected-tests,cross-device-tests,e2e,lint-and-test,maybe-label,test,web-lint-and-test
2026-04-28T18:54:34.3375251Z Attempt 15/18 — still missing: {message:Resource not accessible by integration,documentation_url:https://docs.github.com/rest/branches/branch-protection#get-status-checks-protection,status:403}
2026-04-28T18:54:34.3398714Z   Visible check-runs: Auto-merge,autofix,capture-failure-log,connected-tests,cross-device-tests,e2e,lint-and-test,maybe-label,test,web-lint-and-test
2026-04-28T18:54:39.7473154Z Attempt 16/18 — still missing: {message:Resource not accessible by integration,documentation_url:https://docs.github.com/rest/branches/branch-protection#get-status-checks-protection,status:403}
2026-04-28T18:54:39.7495456Z   Visible check-runs: Auto-merge,autofix,capture-failure-log,connected-tests,cross-device-tests,e2e,lint-and-test,maybe-label,test,web-lint-and-test
2026-04-28T18:54:45.2200236Z Attempt 17/18 — still missing: {message:Resource not accessible by integration,documentation_url:https://docs.github.com/rest/branches/branch-protection#get-status-checks-protection,status:403}
2026-04-28T18:54:45.2225223Z   Visible check-runs: Auto-merge,autofix,capture-failure-log,connected-tests,cross-device-tests,e2e,lint-and-test,maybe-label,test,web-lint-and-test
2026-04-28T18:54:50.6970039Z Attempt 18/18 — still missing: {message:Resource not accessible by integration,documentation_url:https://docs.github.com/rest/branches/branch-protection#get-status-checks-protection,status:403}
2026-04-28T18:54:50.6993816Z   Visible check-runs: Auto-merge,autofix,capture-failure-log,connected-tests,cross-device-tests,e2e,lint-and-test,maybe-label,test,web-lint-and-test
2026-04-28T18:54:55.7041396Z ##[warning]Some required checks never queued after 90s: {message:Resource not accessible by integration,documentation_url:https://docs.github.com/rest/branches/branch-protection#get-status-checks-protection,status:403} — proceeding to wait-on-check-action anyway.
2026-04-28T18:54:55.7257849Z ##[group]Run lewagon/wait-on-check-action@ccfb013c15c8afb7bf2b7c028fb74dc5a068cccc
2026-04-28T18:54:55.7258265Z with:
2026-04-28T18:54:55.7258479Z   ref: a46e766eee4034405e5db2d47c6e53f05b019742
2026-04-28T18:54:55.7258759Z   running-workflow-name: Auto-merge
2026-04-28T18:54:55.7259211Z   repo-token: ***
2026-04-28T18:54:55.7259412Z   wait-interval: 15
2026-04-28T18:54:55.7259642Z   allowed-conclusions: success,skipped,neutral
2026-04-28T18:54:55.7259904Z   verbose: true
2026-04-28T18:54:55.7260077Z env:
2026-04-28T18:54:55.7260231Z   WAIT_INTERVAL: 15
2026-04-28T18:54:55.7260440Z ##[endgroup]
2026-04-28T18:54:55.7387667Z ##[group]Run ruby/setup-ruby@v1
2026-04-28T18:54:55.7387919Z with:
2026-04-28T18:54:55.7388095Z   ruby-version: 3.2
2026-04-28T18:54:55.7388297Z   bundler-cache: false
2026-04-28T18:54:55.7388629Z   token: ***
2026-04-28T18:54:55.7388802Z env:
2026-04-28T18:54:55.7388966Z   WAIT_INTERVAL: 15
2026-04-28T18:54:55.7389150Z ##[endgroup]
2026-04-28T18:54:55.8812557Z ##[group]Modifying PATH
2026-04-28T18:54:55.8812968Z Entries added to PATH to use selected Ruby:
2026-04-28T18:54:55.8813464Z   /opt/hostedtoolcache/Ruby/3.2.11/x64/bin
2026-04-28T18:54:55.8818302Z ##[endgroup]
2026-04-28T18:54:55.8818942Z ##[group]Print Ruby version
2026-04-28T18:54:55.8925872Z [command]/opt/hostedtoolcache/Ruby/3.2.11/x64/bin/ruby --version
2026-04-28T18:54:56.4710492Z ruby 3.2.11 (2026-03-27 revision 5483bfc1ae) [x86_64-linux]
2026-04-28T18:54:56.4751154Z Took   0.59 seconds
2026-04-28T18:54:56.4752002Z ##[endgroup]
2026-04-28T18:54:56.4752888Z ##[group]Installing Bundler
2026-04-28T18:54:56.4757507Z Using Bundler shipped with ruby-3.2.11
2026-04-28T18:54:56.4758158Z Took   0.00 seconds
2026-04-28T18:54:56.4758745Z ##[endgroup]
2026-04-28T18:54:56.5454051Z ##[group]Run actions/cache@v4
2026-04-28T18:54:56.5454313Z with:
2026-04-28T18:54:56.5455175Z   path: /home/runner/work/_actions/lewagon/wait-on-check-action/ccfb013c15c8afb7bf2b7c028fb74dc5a068cccc
2026-04-28T18:54:56.5455687Z   key: Linux-gems-
2026-04-28T18:54:56.5455885Z   restore-keys: Linux-gems-
2026-04-28T18:54:56.5456114Z   enableCrossOsArchive: false
2026-04-28T18:54:56.5456342Z   fail-on-cache-miss: false
2026-04-28T18:54:56.5456540Z   lookup-only: false
2026-04-28T18:54:56.5456730Z   save-always: false
2026-04-28T18:54:56.5456900Z env:
2026-04-28T18:54:56.5457067Z   WAIT_INTERVAL: 15
2026-04-28T18:54:56.5457247Z ##[endgroup]
2026-04-28T18:54:56.7623863Z Cache not found for input keys: Linux-gems-, Linux-gems-
2026-04-28T18:54:56.7691955Z ##[group]Run bundle install --jobs 4 --retry 3
2026-04-28T18:54:56.7692291Z [36;1mbundle install --jobs 4 --retry 3[0m
2026-04-28T18:54:56.7753722Z shell: /usr/bin/bash --noprofile --norc -e -o pipefail {0}
2026-04-28T18:54:56.7754051Z env:
2026-04-28T18:54:56.7754224Z   WAIT_INTERVAL: 15
2026-04-28T18:54:56.7754417Z ##[endgroup]
2026-04-28T18:54:58.1706195Z Bundler 2.4.19 is running, but your lockfile was generated with 2.2.3. Installing Bundler 2.2.3 and restarting using that version.
2026-04-28T18:54:59.8256656Z Fetching gem metadata from https://rubygems.org/.
2026-04-28T18:54:59.8332882Z Fetching bundler 2.2.3
2026-04-28T18:55:00.0255904Z Installing bundler 2.2.3
2026-04-28T18:55:00.2207845Z Calling `DidYouMean::SPELL_CHECKERS.merge!(error_name => spell_checker)' has been deprecated. Please call `DidYouMean.correct_error(error_name, spell_checker)' instead.
2026-04-28T18:55:01.5116712Z Fetching gem metadata from https://rubygems.org/.........
2026-04-28T18:55:01.5212319Z Fetching concurrent-ruby 1.2.2
2026-04-28T18:55:01.5277775Z Fetching minitest 5.18.0
2026-04-28T18:55:01.5280959Z Fetching public_suffix 4.0.7
2026-04-28T18:55:01.5705068Z Fetching zeitwerk 2.6.7
2026-04-28T18:55:01.6334282Z Installing zeitwerk 2.6.7
2026-04-28T18:55:01.6540199Z Installing public_suffix 4.0.7
2026-04-28T18:55:01.6591947Z Installing minitest 5.18.0
2026-04-28T18:55:01.6986496Z Fetching ast 2.4.2
2026-04-28T18:55:01.7223704Z Installing concurrent-ruby 1.2.2
2026-04-28T18:55:01.7343437Z Installing ast 2.4.2
2026-04-28T18:55:01.7452465Z Using bundler 2.2.3
2026-04-28T18:55:01.7456486Z Fetching byebug 11.1.3
2026-04-28T18:55:01.7724796Z Fetching diff-lcs 1.4.4
2026-04-28T18:55:01.8062160Z Fetching faraday-net_http 2.0.3
2026-04-28T18:55:01.8388360Z Installing diff-lcs 1.4.4
2026-04-28T18:55:01.8415739Z Installing byebug 11.1.3 with native extensions
2026-04-28T18:55:01.8452699Z Installing faraday-net_http 2.0.3
2026-04-28T18:55:01.8753137Z Using ruby2_keywords 0.0.5
2026-04-28T18:55:01.8761114Z Fetching json 2.7.1
2026-04-28T18:55:01.9220274Z Installing json 2.7.1 with native extensions
2026-04-28T18:55:01.9495130Z Fetching language_server-protocol 3.17.0.3
2026-04-28T18:55:01.9971263Z Installing language_server-protocol 3.17.0.3
2026-04-28T18:55:02.0746437Z Fetching lint_roller 1.1.0
2026-04-28T18:55:02.1278859Z Installing lint_roller 1.1.0
2026-04-28T18:55:02.1408618Z Fetching parallel 1.24.0
2026-04-28T18:55:02.1939574Z Installing parallel 1.24.0
2026-04-28T18:55:02.2010809Z Fetching racc 1.7.3
2026-04-28T18:55:02.2520567Z Installing racc 1.7.3 with native extensions
2026-04-28T18:55:02.2942612Z Fetching rainbow 3.1.1
2026-04-28T18:55:02.3292398Z Installing rainbow 3.1.1
2026-04-28T18:55:02.3374886Z Fetching regexp_parser 2.8.3
2026-04-28T18:55:02.3743107Z Installing regexp_parser 2.8.3
2026-04-28T18:55:02.3974351Z Fetching rexml 3.2.6
2026-04-28T18:55:02.4344973Z Installing rexml 3.2.6
2026-04-28T18:55:02.5320553Z Fetching rspec-support 3.10.1
2026-04-28T18:55:02.5687467Z Installing rspec-support 3.10.1
2026-04-28T18:55:02.5805287Z Fetching ruby-progressbar 1.13.0
2026-04-28T18:55:02.6156929Z Installing ruby-progressbar 1.13.0
2026-04-28T18:55:02.6260685Z Fetching unicode-display_width 2.5.0
2026-04-28T18:55:02.6583134Z Installing unicode-display_width 2.5.0
2026-04-28T18:55:02.6639251Z Fetching addressable 2.8.0
2026-04-28T18:55:02.7069927Z Installing addressable 2.8.0
2026-04-28T18:55:02.7222261Z Fetching faraday 2.3.0
2026-04-28T18:55:02.7591498Z Installing faraday 2.3.0
2026-04-28T18:55:02.7811596Z Fetching i18n 1.12.0
2026-04-28T18:55:02.8194950Z Installing i18n 1.12.0
2026-04-28T18:55:02.8334416Z Fetching tzinfo 2.0.6
2026-04-28T18:55:02.8710464Z Installing tzinfo 2.0.6
2026-04-28T18:55:02.8871382Z Fetching rspec-core 3.10.1
2026-04-28T18:55:02.9339721Z Installing rspec-core 3.10.1
2026-04-28T18:55:02.9602809Z Fetching rspec-expectations 3.10.1
2026-04-28T18:55:03.0001937Z Installing rspec-expectations 3.10.1
2026-04-28T18:55:03.0180603Z Fetching rspec-mocks 3.10.1
2026-04-28T18:55:03.0592060Z Installing rspec-mocks 3.10.1
2026-04-28T18:55:03.0748397Z Fetching faraday-retry 2.0.0
2026-04-28T18:55:03.1093065Z Installing faraday-retry 2.0.0
2026-04-28T18:55:03.1150170Z Fetching sawyer 0.9.2
2026-04-28T18:55:03.1501231Z Installing sawyer 0.9.2
2026-04-28T18:55:03.1581514Z Fetching activesupport 6.1.7.3
2026-04-28T18:55:03.2097887Z Installing activesupport 6.1.7.3
2026-04-28T18:55:03.2686781Z Fetching rspec 3.10.0
2026-04-28T18:55:03.3035033Z Installing rspec 3.10.0
2026-04-28T18:55:03.3087379Z Fetching octokit 4.25.0
2026-04-28T18:55:03.3485238Z Installing octokit 4.25.0
2026-04-28T18:55:04.6865401Z Fetching parser 3.2.2.4
2026-04-28T18:55:04.7722848Z Installing parser 3.2.2.4
2026-04-28T18:55:04.8925747Z Fetching rubocop-ast 1.30.0
2026-04-28T18:55:04.9458847Z Installing rubocop-ast 1.30.0
2026-04-28T18:55:06.1618701Z Fetching rubocop 1.57.2
2026-04-28T18:55:06.2220857Z Installing rubocop 1.57.2
2026-04-28T18:55:06.3852171Z Fetching rubocop-performance 1.19.1
2026-04-28T18:55:06.3854414Z Fetching standard-custom 1.0.2
2026-04-28T18:55:06.4402309Z Installing rubocop-performance 1.19.1
2026-04-28T18:55:06.4419107Z Installing standard-custom 1.0.2
2026-04-28T18:55:06.4603706Z Fetching standard-performance 1.2.1
2026-04-28T18:55:06.4927392Z Installing standard-performance 1.2.1
2026-04-28T18:55:06.4991522Z Fetching standard 1.32.1
2026-04-28T18:55:06.5340312Z Installing standard 1.32.1
2026-04-28T18:55:06.5683776Z Bundle complete! 6 Gemfile dependencies, 40 gems now installed.
2026-04-28T18:55:06.5684908Z Use `bundle info [gemname]` to see where a bundled gem is installed.
2026-04-28T18:55:06.6905849Z ##[group]Run ruby entrypoint.rb
2026-04-28T18:55:06.6906152Z [36;1mruby entrypoint.rb[0m
2026-04-28T18:55:06.6963627Z shell: /usr/bin/bash --noprofile --norc -e -o pipefail {0}
2026-04-28T18:55:06.6963953Z env:
2026-04-28T18:55:06.6964129Z   WAIT_INTERVAL: 15
2026-04-28T18:55:06.6964360Z   ALLOWED_CONCLUSIONS: success,skipped,neutral
2026-04-28T18:55:06.6964865Z   IGNORE_CHECKS: 
2026-04-28T18:55:06.6965045Z   CHECK_NAME: 
2026-04-28T18:55:06.6965225Z   CHECK_REGEXP: 
2026-04-28T18:55:06.6965436Z   REF: a46e766eee4034405e5db2d47c6e53f05b019742
2026-04-28T18:55:06.6965950Z   REPO_TOKEN: ***
2026-04-28T18:55:06.6966142Z   VERBOSE: true
2026-04-28T18:55:06.6966348Z   RUNNING_WORKFLOW_NAME: Auto-merge
2026-04-28T18:55:06.6966587Z   API_ENDPOINT: 
2026-04-28T18:55:06.6966771Z ##[endgroup]
2026-04-28T18:57:11.5077765Z Checks running on ref:
2026-04-28T18:57:11.5078719Z Checks completed: capture-failure-log, capture-failure-log, e2e, capture-failure-log, cross-device-tests, connected-tests, test, maybe-label, web-lint-and-test
2026-04-28T18:57:11.5079449Z Checks in_progress: lint-and-test, autofix, Auto-merge
2026-04-28T18:57:11.5079930Z Checks after ignore checks filter:
2026-04-28T18:57:11.5080880Z Checks completed: capture-failure-log, capture-failure-log, e2e, capture-failure-log, cross-device-tests, connected-tests, test, maybe-label, web-lint-and-test
2026-04-28T18:57:11.5081948Z Checks in_progress: lint-and-test, autofix
2026-04-28T18:57:11.5082343Z Checks after check_name filter:
2026-04-28T18:57:11.5083321Z Checks completed: capture-failure-log, capture-failure-log, e2e, capture-failure-log, cross-device-tests, connected-tests, test, maybe-label, web-lint-and-test
2026-04-28T18:57:11.5084387Z Checks in_progress: lint-and-test, autofix
2026-04-28T18:57:11.5084971Z Checks after Regexp filter:
2026-04-28T18:57:11.5085579Z Checks completed: capture-failure-log, capture-failure-log, e2e, capture-failure-log, cross-device-tests, connected-tests, test, maybe-label, web-lint-and-test
2026-04-28T18:57:11.5086222Z Checks in_progress: lint-and-test, autofix
2026-04-28T18:57:11.5086565Z The requested checks aren't complete yet, will check back in 15 seconds...
2026-04-28T18:57:11.5086911Z Checks running on ref:
2026-04-28T18:57:11.5087479Z Checks completed: capture-failure-log, capture-failure-log, e2e, capture-failure-log, cross-device-tests, connected-tests, test, maybe-label, web-lint-and-test
2026-04-28T18:57:11.5088122Z Checks in_progress: lint-and-test, autofix, Auto-merge
2026-04-28T18:57:11.5088413Z Checks after ignore checks filter:
2026-04-28T18:57:11.5089029Z Checks completed: capture-failure-log, capture-failure-log, e2e, capture-failure-log, cross-device-tests, connected-tests, test, maybe-label, web-lint-and-test
2026-04-28T18:57:11.5089665Z Checks in_progress: lint-and-test, autofix
2026-04-28T18:57:11.5089920Z Checks after check_name filter:
2026-04-28T18:57:11.5090509Z Checks completed: capture-failure-log, capture-failure-log, e2e, capture-failure-log, cross-device-tests, connected-tests, test, maybe-label, web-lint-and-test
2026-04-28T18:57:11.5091535Z Checks in_progress: lint-and-test, autofix
2026-04-28T18:57:11.5091782Z Checks after Regexp filter:
2026-04-28T18:57:11.5092406Z Checks completed: capture-failure-log, capture-failure-log, e2e, capture-failure-log, cross-device-tests, connected-tests, test, maybe-label, web-lint-and-test
2026-04-28T18:57:11.5093053Z Checks in_progress: lint-and-test, autofix
2026-04-28T18:57:11.5093394Z The requested checks aren't complete yet, will check back in 15 seconds...
2026-04-28T18:57:11.5093734Z Checks running on ref:
2026-04-28T18:57:11.5094291Z Checks completed: capture-failure-log, capture-failure-log, e2e, capture-failure-log, cross-device-tests, connected-tests, test, maybe-label, web-lint-and-test
2026-04-28T18:57:11.5095201Z Checks in_progress: lint-and-test, autofix, Auto-merge
2026-04-28T18:57:11.5095498Z Checks after ignore checks filter:
2026-04-28T18:57:11.5096242Z Checks completed: capture-failure-log, capture-failure-log, e2e, capture-failure-log, cross-device-tests, connected-tests, test, maybe-label, web-lint-and-test
2026-04-28T18:57:11.5096875Z Checks in_progress: lint-and-test, autofix
2026-04-28T18:57:11.5097120Z Checks after check_name filter:
2026-04-28T18:57:11.5097686Z Checks completed: capture-failure-log, capture-failure-log, e2e, capture-failure-log, cross-device-tests, connected-tests, test, maybe-label, web-lint-and-test
2026-04-28T18:57:11.5098294Z Checks in_progress: lint-and-test, autofix
2026-04-28T18:57:11.5098531Z Checks after Regexp filter:
2026-04-28T18:57:11.5099109Z Checks completed: capture-failure-log, capture-failure-log, e2e, capture-failure-log, cross-device-tests, connected-tests, test, maybe-label, web-lint-and-test
2026-04-28T18:57:11.5099732Z Checks in_progress: lint-and-test, autofix
2026-04-28T18:57:11.5100056Z The requested checks aren't complete yet, will check back in 15 seconds...
2026-04-28T18:57:11.5100390Z Checks running on ref:
2026-04-28T18:57:11.5100952Z Checks completed: capture-failure-log, capture-failure-log, e2e, capture-failure-log, cross-device-tests, connected-tests, test, maybe-label, web-lint-and-test
2026-04-28T18:57:11.5101583Z Checks in_progress: lint-and-test, autofix, Auto-merge
2026-04-28T18:57:11.5101866Z Checks after ignore checks filter:
2026-04-28T18:57:11.5102445Z Checks completed: capture-failure-log, capture-failure-log, e2e, capture-failure-log, cross-device-tests, connected-tests, test, maybe-label, web-lint-and-test
2026-04-28T18:57:11.5103046Z Checks in_progress: lint-and-test, autofix
2026-04-28T18:57:11.5103285Z Checks after check_name filter:
2026-04-28T18:57:11.5103850Z Checks completed: capture-failure-log, capture-failure-log, e2e, capture-failure-log, cross-device-tests, connected-tests, test, maybe-label, web-lint-and-test
2026-04-28T18:57:11.5104447Z Checks in_progress: lint-and-test, autofix
2026-04-28T18:57:11.5104877Z Checks after Regexp filter:
2026-04-28T18:57:11.5105444Z Checks completed: capture-failure-log, capture-failure-log, e2e, capture-failure-log, cross-device-tests, connected-tests, test, maybe-label, web-lint-and-test
2026-04-28T18:57:11.5106065Z Checks in_progress: lint-and-test, autofix
2026-04-28T18:57:11.5106398Z The requested checks aren't complete yet, will check back in 15 seconds...
2026-04-28T18:57:11.5106726Z Checks running on ref:
2026-04-28T18:57:11.5107323Z Checks completed: capture-failure-log, capture-failure-log, e2e, capture-failure-log, cross-device-tests, connected-tests, autofix, test, maybe-label, web-lint-and-test
2026-04-28T18:57:11.5108024Z Checks in_progress: lint-and-test, Auto-merge
2026-04-28T18:57:11.5108285Z Checks after ignore checks filter:
2026-04-28T18:57:11.5108898Z Checks completed: capture-failure-log, capture-failure-log, e2e, capture-failure-log, cross-device-tests, connected-tests, autofix, test, maybe-label, web-lint-and-test
2026-04-28T18:57:11.5109538Z Checks in_progress: lint-and-test
2026-04-28T18:57:11.5109762Z Checks after check_name filter:
2026-04-28T18:57:11.5110508Z Checks completed: capture-failure-log, capture-failure-log, e2e, capture-failure-log, cross-device-tests, connected-tests, autofix, test, maybe-label, web-lint-and-test
2026-04-28T18:57:11.5111138Z Checks in_progress: lint-and-test
2026-04-28T18:57:11.5111357Z Checks after Regexp filter:
2026-04-28T18:57:11.5111947Z Checks completed: capture-failure-log, capture-failure-log, e2e, capture-failure-log, cross-device-tests, connected-tests, autofix, test, maybe-label, web-lint-and-test
2026-04-28T18:57:11.5112571Z Checks in_progress: lint-and-test
2026-04-28T18:57:11.5112888Z The requested checks aren't complete yet, will check back in 15 seconds...
2026-04-28T18:57:11.5113304Z Checks running on ref:
2026-04-28T18:57:11.5113894Z Checks completed: capture-failure-log, capture-failure-log, e2e, capture-failure-log, cross-device-tests, connected-tests, autofix, test, maybe-label, web-lint-and-test
2026-04-28T18:57:11.5114712Z Checks in_progress: lint-and-test, Auto-merge
2026-04-28T18:57:11.5115129Z Checks after ignore checks filter:
2026-04-28T18:57:11.5115745Z Checks completed: capture-failure-log, capture-failure-log, e2e, capture-failure-log, cross-device-tests, connected-tests, autofix, test, maybe-label, web-lint-and-test
2026-04-28T18:57:11.5116370Z Checks in_progress: lint-and-test
2026-04-28T18:57:11.5116593Z Checks after check_name filter:
2026-04-28T18:57:11.5117185Z Checks completed: capture-failure-log, capture-failure-log, e2e, capture-failure-log, cross-device-tests, connected-tests, autofix, test, maybe-label, web-lint-and-test
2026-04-28T18:57:11.5117807Z Checks in_progress: lint-and-test
2026-04-28T18:57:11.5118024Z Checks after Regexp filter:
2026-04-28T18:57:11.5118604Z Checks completed: capture-failure-log, capture-failure-log, e2e, capture-failure-log, cross-device-tests, connected-tests, autofix, test, maybe-label, web-lint-and-test
2026-04-28T18:57:11.5119230Z Checks in_progress: lint-and-test
2026-04-28T18:57:11.5119541Z The requested checks aren't complete yet, will check back in 15 seconds...
2026-04-28T18:57:11.5119876Z Checks running on ref:
2026-04-28T18:57:11.5120469Z Checks completed: capture-failure-log, capture-failure-log, e2e, capture-failure-log, cross-device-tests, connected-tests, autofix, test, maybe-label, web-lint-and-test
2026-04-28T18:57:11.5121120Z Checks in_progress: lint-and-test, Auto-merge
2026-04-28T18:57:11.5121373Z Checks after ignore checks filter:
2026-04-28T18:57:11.5121980Z Checks completed: capture-failure-log, capture-failure-log, e2e, capture-failure-log, cross-device-tests, connected-tests, autofix, test, maybe-label, web-lint-and-test
2026-04-28T18:57:11.5122605Z Checks in_progress: lint-and-test
2026-04-28T18:57:11.5122820Z Checks after check_name filter:
2026-04-28T18:57:11.5123414Z Checks completed: capture-failure-log, capture-failure-log, e2e, capture-failure-log, cross-device-tests, connected-tests, autofix, test, maybe-label, web-lint-and-test
2026-04-28T18:57:11.5124034Z Checks in_progress: lint-and-test
2026-04-28T18:57:11.5124259Z Checks after Regexp filter:
2026-04-28T18:57:11.5125042Z Checks completed: capture-failure-log, capture-failure-log, e2e, capture-failure-log, cross-device-tests, connected-tests, autofix, test, maybe-label, web-lint-and-test
2026-04-28T18:57:11.5125672Z Checks in_progress: lint-and-test
2026-04-28T18:57:11.5125979Z The requested checks aren't complete yet, will check back in 15 seconds...
2026-04-28T18:57:11.5126302Z Checks running on ref:
2026-04-28T18:57:11.5126870Z Checks completed: capture-failure-log, capture-failure-log, e2e, capture-failure-log, cross-device-tests, connected-tests, autofix, test, maybe-label, web-lint-and-test
2026-04-28T18:57:11.5127513Z Checks in_progress: lint-and-test, Auto-merge
2026-04-28T18:57:11.5127766Z Checks after ignore checks filter:
2026-04-28T18:57:11.5128362Z Checks completed: capture-failure-log, capture-failure-log, e2e, capture-failure-log, cross-device-tests, connected-tests, autofix, test, maybe-label, web-lint-and-test
2026-04-28T18:57:11.5128994Z Checks in_progress: lint-and-test
2026-04-28T18:57:11.5129369Z Checks after check_name filter:
2026-04-28T18:57:11.5129960Z Checks completed: capture-failure-log, capture-failure-log, e2e, capture-failure-log, cross-device-tests, connected-tests, autofix, test, maybe-label, web-lint-and-test
2026-04-28T18:57:11.5130584Z Checks in_progress: lint-and-test
2026-04-28T18:57:11.5130794Z Checks after Regexp filter:
2026-04-28T18:57:11.5131379Z Checks completed: capture-failure-log, capture-failure-log, e2e, capture-failure-log, cross-device-tests, connected-tests, autofix, test, maybe-label, web-lint-and-test
2026-04-28T18:57:11.5132001Z Checks in_progress: lint-and-test
2026-04-28T18:57:11.5132299Z The requested checks aren't complete yet, will check back in 15 seconds...
2026-04-28T18:57:11.5132617Z Checks running on ref:
2026-04-28T18:57:42.5556875Z Checks completed: capture-failure-log, capture-failure-log, e2e, capture-failure-log, cross-device-tests, connected-tests, autofix, test, maybe-label, web-lint-and-test
2026-04-28T18:57:42.5558722Z Checks in_progress: lint-and-test, Auto-merge
2026-04-28T18:57:42.5580029Z Checks after ignore checks filter:
2026-04-28T18:57:42.5581027Z Checks completed: capture-failure-log, capture-failure-log, e2e, capture-failure-log, cross-device-tests, connected-tests, autofix, test, maybe-label, web-lint-and-test
2026-04-28T18:57:42.5582008Z Checks in_progress: lint-and-test
2026-04-28T18:57:42.5582343Z Checks after check_name filter:
2026-04-28T18:57:42.5583277Z Checks completed: capture-failure-log, capture-failure-log, e2e, capture-failure-log, cross-device-tests, connected-tests, autofix, test, maybe-label, web-lint-and-test
2026-04-28T18:57:42.5584352Z Checks in_progress: lint-and-test
2026-04-28T18:57:42.5586274Z Checks after Regexp filter:
2026-04-28T18:57:42.5587167Z Checks completed: capture-failure-log, capture-failure-log, e2e, capture-failure-log, cross-device-tests, connected-tests, autofix, test, maybe-label, web-lint-and-test
2026-04-28T18:57:42.5587864Z Checks in_progress: lint-and-test
2026-04-28T18:57:42.5588224Z The requested checks aren't complete yet, will check back in 15 seconds...
2026-04-28T18:57:42.5588581Z Checks running on ref:
2026-04-28T18:57:42.5589212Z Checks completed: capture-failure-log, capture-failure-log, e2e, capture-failure-log, cross-device-tests, connected-tests, autofix, test, maybe-label, web-lint-and-test
2026-04-28T18:57:42.5589925Z Checks in_progress: lint-and-test, Auto-merge
2026-04-28T18:57:42.5590202Z Checks after ignore checks filter:
2026-04-28T18:57:42.5590898Z Checks completed: capture-failure-log, capture-failure-log, e2e, capture-failure-log, cross-device-tests, connected-tests, autofix, test, maybe-label, web-lint-and-test
2026-04-28T18:57:42.5591714Z Checks in_progress: lint-and-test
2026-04-28T18:57:42.5592010Z Checks after check_name filter:
2026-04-28T18:57:42.5592786Z Checks completed: capture-failure-log, capture-failure-log, e2e, capture-failure-log, cross-device-tests, connected-tests, autofix, test, maybe-label, web-lint-and-test
2026-04-28T18:57:42.5593587Z Checks in_progress: lint-and-test
2026-04-28T18:57:42.5593870Z Checks after Regexp filter:
2026-04-28T18:57:42.5594938Z Checks completed: capture-failure-log, capture-failure-log, e2e, capture-failure-log, cross-device-tests, connected-tests, autofix, test, maybe-label, web-lint-and-test
2026-04-28T18:57:42.5595713Z Checks in_progress: lint-and-test
2026-04-28T18:57:42.5596121Z The requested checks aren't complete yet, will check back in 15 seconds...
2026-04-28T18:57:42.5596539Z Checks running on ref:
2026-04-28T18:57:42.5597441Z Checks completed: capture-failure-log, capture-failure-log, capture-failure-log, e2e, capture-failure-log, cross-device-tests, connected-tests, lint-and-test, autofix, test, maybe-label, web-lint-and-test
2026-04-28T18:57:42.5598418Z Checks in_progress: Auto-merge
2026-04-28T18:57:42.5598699Z Checks after ignore checks filter:
2026-04-28T18:57:42.5599645Z Checks completed: capture-failure-log, capture-failure-log, capture-failure-log, e2e, capture-failure-log, cross-device-tests, connected-tests, lint-and-test, autofix, test, maybe-label, web-lint-and-test
2026-04-28T18:57:42.5601053Z Checks after check_name filter:
2026-04-28T18:57:42.5602016Z Checks completed: capture-failure-log, capture-failure-log, capture-failure-log, e2e, capture-failure-log, cross-device-tests, connected-tests, lint-and-test, autofix, test, maybe-label, web-lint-and-test
2026-04-28T18:57:42.5602958Z Checks after Regexp filter:
2026-04-28T18:57:42.5603878Z Checks completed: capture-failure-log, capture-failure-log, capture-failure-log, e2e, capture-failure-log, cross-device-tests, connected-tests, lint-and-test, autofix, test, maybe-label, web-lint-and-test
2026-04-28T18:57:42.5604993Z Checks completed:
2026-04-28T18:57:42.5605235Z capture-failure-log: completed (skipped)
2026-04-28T18:57:42.5605495Z capture-failure-log: completed (skipped)
2026-04-28T18:57:42.5605745Z capture-failure-log: completed (skipped)
2026-04-28T18:57:42.5605983Z e2e: completed (success)
2026-04-28T18:57:42.5606341Z capture-failure-log: completed (skipped)
2026-04-28T18:57:42.5606599Z cross-device-tests: completed (skipped)
2026-04-28T18:57:42.5606858Z connected-tests: completed (skipped)
2026-04-28T18:57:42.5607100Z lint-and-test: completed (cancelled)
2026-04-28T18:57:42.5607336Z autofix: completed (failure)
2026-04-28T18:57:42.5607551Z test: completed (success)
2026-04-28T18:57:42.5607769Z maybe-label: completed (success)
2026-04-28T18:57:42.5608016Z web-lint-and-test: completed (success)
2026-04-28T18:57:42.5608652Z The conclusion of one or more checks were not allowed. Allowed conclusions are: success, skipped, neutral. This can be configured with the 'allowed-conclusions' param.
2026-04-28T18:57:42.5665715Z ##[error]Process completed with exit code 1.
2026-04-28T18:57:42.5770775Z Post job cleanup.
2026-04-28T18:57:42.5829712Z Cleaning up orphan processes
2026-04-28T18:57:42.6131526Z ##[warning]Node.js 20 actions are deprecated. The following actions are running on Node.js 20 and may not work as expected: actions/cache@v4. Actions will be forced to run with Node.js 24 by default starting June 2nd, 2026. Node.js 20 will be removed from the runner on September 16th, 2026. Please check if updated versions of these actions are available that support Node.js 24. To opt into Node.js 24 now, set the FORCE_JAVASCRIPT_ACTIONS_TO_NODE24=true environment variable on the runner or in your workflow file. Once Node.js 24 becomes the default, you can temporarily opt out by setting ACTIONS_ALLOW_USE_UNSECURE_NODE_VERSION=true. For more information see: https://github.blog/changelog/2025-09-19-deprecation-of-node-20-on-github-actions-runners/
