=== CI FAILURE ===
Workflow:      Auto-merge & Release
Workflow file: akarlin3/prismTask/.github/workflows/auto-merge.yml@refs/pull/631/merge
Job(s):        Auto-merge
Run ID:        24763825020
Run attempt:   1
Run URL:       https://github.com/akarlin3/prismTask/actions/runs/24763825020
Commit:        7fcdc569d839427b9b5438c79530965ed1c331de
Branch:        631/merge
Event:         pull_request
Actor:         akarlin3
Runner OS:     Linux
Timestamp:     2026-04-22T06:33:31.800Z

Failed steps:
  - Auto-merge: #3 Wait for all other CI checks to pass

=== FAILED JOB LOG ===

--- Job: Auto-merge (id 72453286423) ---
2026-04-22T06:30:17.1622192Z Current runner version: '2.333.1'
2026-04-22T06:30:17.1647409Z ##[group]Runner Image Provisioner
2026-04-22T06:30:17.1648242Z Hosted Compute Agent
2026-04-22T06:30:17.1648795Z Version: 20260415.520
2026-04-22T06:30:17.1649592Z Commit: af089020f5f67b61ccc91db6c07980876c02bf7b
2026-04-22T06:30:17.1650366Z Build Date: 2026-04-15T18:07:08Z
2026-04-22T06:30:17.1650983Z Worker ID: {57e869b9-0c53-483b-a7a9-8c0542105e14}
2026-04-22T06:30:17.1651639Z Azure Region: eastus2
2026-04-22T06:30:17.1652236Z ##[endgroup]
2026-04-22T06:30:17.1654028Z ##[group]Operating System
2026-04-22T06:30:17.1654661Z Ubuntu
2026-04-22T06:30:17.1655192Z 24.04.4
2026-04-22T06:30:17.1655648Z LTS
2026-04-22T06:30:17.1656077Z ##[endgroup]
2026-04-22T06:30:17.1656617Z ##[group]Runner Image
2026-04-22T06:30:17.1657163Z Image: ubuntu-24.04
2026-04-22T06:30:17.1657712Z Version: 20260420.95.1
2026-04-22T06:30:17.1659203Z Included Software: https://github.com/actions/runner-images/blob/ubuntu24/20260420.95/images/ubuntu/Ubuntu2404-Readme.md
2026-04-22T06:30:17.1660746Z Image Release: https://github.com/actions/runner-images/releases/tag/ubuntu24%2F20260420.95
2026-04-22T06:30:17.1661745Z ##[endgroup]
2026-04-22T06:30:17.1663088Z ##[group]GITHUB_TOKEN Permissions
2026-04-22T06:30:17.1665263Z Actions: read
2026-04-22T06:30:17.1665845Z Checks: read
2026-04-22T06:30:17.1666346Z Contents: write
2026-04-22T06:30:17.1666883Z Metadata: read
2026-04-22T06:30:17.1667373Z PullRequests: write
2026-04-22T06:30:17.1667931Z ##[endgroup]
2026-04-22T06:30:17.1670603Z Secret source: Actions
2026-04-22T06:30:17.1671682Z Prepare workflow directory
2026-04-22T06:30:17.2065058Z Prepare all required actions
2026-04-22T06:30:17.2103394Z Getting action download info
2026-04-22T06:30:17.5181178Z Download action repository 'lewagon/wait-on-check-action@ccfb013c15c8afb7bf2b7c028fb74dc5a068cccc' (SHA:ccfb013c15c8afb7bf2b7c028fb74dc5a068cccc)
2026-04-22T06:30:18.2380189Z Getting action download info
2026-04-22T06:30:18.3802516Z Download action repository 'ruby/setup-ruby@v1' (SHA:0cb964fd540e0a24c900370abf38a33466142735)
2026-04-22T06:30:18.6036162Z Download action repository 'actions/cache@v4' (SHA:0057852bfaa89a56745cba8c7296529d2fc39830)
2026-04-22T06:30:18.8033860Z Complete job name: Auto-merge
2026-04-22T06:30:18.8706459Z ##[group]Run set -euo pipefail
2026-04-22T06:30:18.8707602Z [36;1mset -euo pipefail[0m
2026-04-22T06:30:18.8709149Z [36;1m# Give GitHub a short grace period to schedule workflow runs for[0m
2026-04-22T06:30:18.8711011Z [36;1m# the head commit. Paths-filtered workflows (android/backend/web CI)[0m
2026-04-22T06:30:18.8712781Z [36;1m# won't run for doc-only or cross-cutting config PRs, so the[0m
2026-04-22T06:30:18.8714532Z [36;1m# wait-on-check-action step below would otherwise hang waiting for[0m
2026-04-22T06:30:18.8716062Z [36;1m# checks that will never appear.[0m
2026-04-22T06:30:18.8717112Z [36;1msleep 20[0m
2026-04-22T06:30:18.8718215Z [36;1mCOUNT=$(gh api "repos/$REPO/commits/$HEAD_SHA/check-runs" \[0m
2026-04-22T06:30:18.8720116Z [36;1m  --jq '[.check_runs[] | select(.name != "Auto-merge")] | length')[0m
2026-04-22T06:30:18.8721711Z [36;1mecho "Non-Auto-merge check runs on head: $COUNT"[0m
2026-04-22T06:30:18.8723004Z [36;1mif [ "$COUNT" -gt 0 ]; then[0m
2026-04-22T06:30:18.8724104Z [36;1m  echo "has_ci=true" >> "$GITHUB_OUTPUT"[0m
2026-04-22T06:30:18.8725210Z [36;1melse[0m
2026-04-22T06:30:18.8726092Z [36;1m  echo "has_ci=false" >> "$GITHUB_OUTPUT"[0m
2026-04-22T06:30:18.8727518Z [36;1m  echo "No CI checks on this PR — will merge without waiting."[0m
2026-04-22T06:30:18.8728827Z [36;1mfi[0m
2026-04-22T06:30:18.9040622Z shell: /usr/bin/bash -e {0}
2026-04-22T06:30:18.9042179Z env:
2026-04-22T06:30:18.9043104Z   WAIT_INTERVAL: 30
2026-04-22T06:30:18.9044757Z   GH_TOKEN: ***
2026-04-22T06:30:18.9045929Z   HEAD_SHA: 1875ad5bbb7b76bdd42239ecbb755df513b27b65
2026-04-22T06:30:18.9047157Z   REPO: akarlin3/prismTask
2026-04-22T06:30:18.9048038Z ##[endgroup]
2026-04-22T06:30:40.9979984Z Non-Auto-merge check runs on head: 1
2026-04-22T06:30:41.0200277Z ##[group]Run lewagon/wait-on-check-action@ccfb013c15c8afb7bf2b7c028fb74dc5a068cccc
2026-04-22T06:30:41.0200815Z with:
2026-04-22T06:30:41.0201065Z   ref: 1875ad5bbb7b76bdd42239ecbb755df513b27b65
2026-04-22T06:30:41.0201406Z   running-workflow-name: Auto-merge
2026-04-22T06:30:41.0202056Z   repo-token: ***
2026-04-22T06:30:41.0202286Z   wait-interval: 30
2026-04-22T06:30:41.0202535Z   allowed-conclusions: success,skipped
2026-04-22T06:30:41.0202817Z   verbose: true
2026-04-22T06:30:41.0203027Z env:
2026-04-22T06:30:41.0203218Z   WAIT_INTERVAL: 30
2026-04-22T06:30:41.0203432Z ##[endgroup]
2026-04-22T06:30:41.0335419Z ##[group]Run ruby/setup-ruby@v1
2026-04-22T06:30:41.0335727Z with:
2026-04-22T06:30:41.0335947Z   ruby-version: 3.2
2026-04-22T06:30:41.0336212Z   bundler-cache: false
2026-04-22T06:30:41.0336593Z   token: ***
2026-04-22T06:30:41.0336797Z env:
2026-04-22T06:30:41.0336999Z   WAIT_INTERVAL: 30
2026-04-22T06:30:41.0337212Z ##[endgroup]
2026-04-22T06:30:41.1747634Z ##[group]Modifying PATH
2026-04-22T06:30:41.1748370Z Entries added to PATH to use selected Ruby:
2026-04-22T06:30:41.1749745Z   /opt/hostedtoolcache/Ruby/3.2.11/x64/bin
2026-04-22T06:30:41.1754484Z ##[endgroup]
2026-04-22T06:30:41.1755401Z ##[group]Print Ruby version
2026-04-22T06:30:41.2083505Z [command]/opt/hostedtoolcache/Ruby/3.2.11/x64/bin/ruby --version
2026-04-22T06:30:41.6810464Z ruby 3.2.11 (2026-03-27 revision 5483bfc1ae) [x86_64-linux]
2026-04-22T06:30:41.6855846Z Took   0.51 seconds
2026-04-22T06:30:41.6856652Z ##[endgroup]
2026-04-22T06:30:41.6870360Z ##[group]Installing Bundler
2026-04-22T06:30:41.6870791Z Using Bundler shipped with ruby-3.2.11
2026-04-22T06:30:41.6871220Z Took   0.00 seconds
2026-04-22T06:30:41.6871745Z ##[endgroup]
2026-04-22T06:30:41.7481094Z ##[group]Run actions/cache@v4
2026-04-22T06:30:41.7544909Z with:
2026-04-22T06:30:41.7545438Z   path: /home/runner/work/_actions/lewagon/wait-on-check-action/ccfb013c15c8afb7bf2b7c028fb74dc5a068cccc
2026-04-22T06:30:41.7545981Z   key: Linux-gems-
2026-04-22T06:30:41.7546244Z   restore-keys: Linux-gems-
2026-04-22T06:30:41.7546565Z   enableCrossOsArchive: false
2026-04-22T06:30:41.7546859Z   fail-on-cache-miss: false
2026-04-22T06:30:41.7547142Z   lookup-only: false
2026-04-22T06:30:41.7547399Z   save-always: false
2026-04-22T06:30:41.7547611Z env:
2026-04-22T06:30:41.7547805Z   WAIT_INTERVAL: 30
2026-04-22T06:30:41.7548010Z ##[endgroup]
2026-04-22T06:30:42.0112360Z Cache not found for input keys: Linux-gems-, Linux-gems-
2026-04-22T06:30:42.0187968Z ##[group]Run bundle install --jobs 4 --retry 3
2026-04-22T06:30:42.0188316Z [36;1mbundle install --jobs 4 --retry 3[0m
2026-04-22T06:30:42.0243760Z shell: /usr/bin/bash --noprofile --norc -e -o pipefail {0}
2026-04-22T06:30:42.0244098Z env:
2026-04-22T06:30:42.0244269Z   WAIT_INTERVAL: 30
2026-04-22T06:30:42.0244450Z ##[endgroup]
2026-04-22T06:30:43.3547261Z Bundler 2.4.19 is running, but your lockfile was generated with 2.2.3. Installing Bundler 2.2.3 and restarting using that version.
2026-04-22T06:30:44.9423375Z Fetching gem metadata from https://rubygems.org/.
2026-04-22T06:30:44.9499624Z Fetching bundler 2.2.3
2026-04-22T06:30:45.1235955Z Installing bundler 2.2.3
2026-04-22T06:30:45.3845215Z Calling `DidYouMean::SPELL_CHECKERS.merge!(error_name => spell_checker)' has been deprecated. Please call `DidYouMean.correct_error(error_name, spell_checker)' instead.
2026-04-22T06:30:46.6741706Z Fetching gem metadata from https://rubygems.org/.........
2026-04-22T06:30:46.6844436Z Fetching concurrent-ruby 1.2.2
2026-04-22T06:30:46.6850699Z Fetching minitest 5.18.0
2026-04-22T06:30:46.6856078Z Fetching zeitwerk 2.6.7
2026-04-22T06:30:46.7144888Z Fetching public_suffix 4.0.7
2026-04-22T06:30:46.8110935Z Installing zeitwerk 2.6.7
2026-04-22T06:30:46.8378323Z Installing minitest 5.18.0
2026-04-22T06:30:46.8394427Z Installing public_suffix 4.0.7
2026-04-22T06:30:46.8789350Z Fetching ast 2.4.2
2026-04-22T06:30:46.9084308Z Installing concurrent-ruby 1.2.2
2026-04-22T06:30:46.9200624Z Using bundler 2.2.3
2026-04-22T06:30:46.9207398Z Fetching byebug 11.1.3
2026-04-22T06:30:46.9485025Z Installing ast 2.4.2
2026-04-22T06:30:46.9688663Z Fetching diff-lcs 1.4.4
2026-04-22T06:30:47.0024010Z Installing byebug 11.1.3 with native extensions
2026-04-22T06:30:47.0097868Z Fetching faraday-net_http 2.0.3
2026-04-22T06:30:47.0527580Z Installing diff-lcs 1.4.4
2026-04-22T06:30:47.0711750Z Installing faraday-net_http 2.0.3
2026-04-22T06:30:47.0863426Z Using ruby2_keywords 0.0.5
2026-04-22T06:30:47.0870796Z Fetching json 2.7.1
2026-04-22T06:30:47.1424724Z Fetching language_server-protocol 3.17.0.3
2026-04-22T06:30:47.1699495Z Installing json 2.7.1 with native extensions
2026-04-22T06:30:47.2064331Z Installing language_server-protocol 3.17.0.3
2026-04-22T06:30:47.2508219Z Fetching lint_roller 1.1.0
2026-04-22T06:30:47.3013545Z Installing lint_roller 1.1.0
2026-04-22T06:30:47.3211895Z Fetching parallel 1.24.0
2026-04-22T06:30:47.3888808Z Installing parallel 1.24.0
2026-04-22T06:30:47.4055405Z Fetching racc 1.7.3
2026-04-22T06:30:47.4719423Z Installing racc 1.7.3 with native extensions
2026-04-22T06:30:47.4737153Z Fetching rainbow 3.1.1
2026-04-22T06:30:47.5195673Z Installing rainbow 3.1.1
2026-04-22T06:30:47.5271710Z Fetching regexp_parser 2.8.3
2026-04-22T06:30:47.5802410Z Installing regexp_parser 2.8.3
2026-04-22T06:30:47.6671007Z Fetching rexml 3.2.6
2026-04-22T06:30:47.7199742Z Installing rexml 3.2.6
2026-04-22T06:30:47.7411208Z Fetching rspec-support 3.10.1
2026-04-22T06:30:47.7905767Z Installing rspec-support 3.10.1
2026-04-22T06:30:47.8022644Z Fetching ruby-progressbar 1.13.0
2026-04-22T06:30:47.8487223Z Installing ruby-progressbar 1.13.0
2026-04-22T06:30:47.8588005Z Fetching unicode-display_width 2.5.0
2026-04-22T06:30:47.9036286Z Installing unicode-display_width 2.5.0
2026-04-22T06:30:47.9091630Z Fetching addressable 2.8.0
2026-04-22T06:30:47.9628264Z Installing addressable 2.8.0
2026-04-22T06:30:47.9768423Z Fetching faraday 2.3.0
2026-04-22T06:30:48.0293104Z Installing faraday 2.3.0
2026-04-22T06:30:48.0494726Z Fetching i18n 1.12.0
2026-04-22T06:30:48.1027368Z Installing i18n 1.12.0
2026-04-22T06:30:48.1163122Z Fetching tzinfo 2.0.6
2026-04-22T06:30:48.1705309Z Installing tzinfo 2.0.6
2026-04-22T06:30:48.1885239Z Fetching rspec-core 3.10.1
2026-04-22T06:30:48.2534044Z Installing rspec-core 3.10.1
2026-04-22T06:30:48.2797176Z Fetching rspec-expectations 3.10.1
2026-04-22T06:30:48.3382121Z Installing rspec-expectations 3.10.1
2026-04-22T06:30:48.3568125Z Fetching rspec-mocks 3.10.1
2026-04-22T06:30:48.4139762Z Installing rspec-mocks 3.10.1
2026-04-22T06:30:48.4288686Z Fetching faraday-retry 2.0.0
2026-04-22T06:30:48.4743286Z Installing faraday-retry 2.0.0
2026-04-22T06:30:48.4802007Z Fetching sawyer 0.9.2
2026-04-22T06:30:48.5253949Z Installing sawyer 0.9.2
2026-04-22T06:30:48.5399535Z Fetching activesupport 6.1.7.3
2026-04-22T06:30:48.6124645Z Installing activesupport 6.1.7.3
2026-04-22T06:30:48.6775861Z Fetching rspec 3.10.0
2026-04-22T06:30:48.7300885Z Installing rspec 3.10.0
2026-04-22T06:30:48.7353406Z Fetching octokit 4.25.0
2026-04-22T06:30:48.7918390Z Installing octokit 4.25.0
2026-04-22T06:30:49.9065062Z Fetching parser 3.2.2.4
2026-04-22T06:30:50.0548683Z Installing parser 3.2.2.4
2026-04-22T06:30:50.1634865Z Fetching rubocop-ast 1.30.0
2026-04-22T06:30:50.2300251Z Installing rubocop-ast 1.30.0
2026-04-22T06:30:51.3065482Z Fetching rubocop 1.57.2
2026-04-22T06:30:51.4166625Z Installing rubocop 1.57.2
2026-04-22T06:30:51.5709965Z Fetching standard-custom 1.0.2
2026-04-22T06:30:51.5710388Z Fetching rubocop-performance 1.19.1
2026-04-22T06:30:51.6352285Z Installing standard-custom 1.0.2
2026-04-22T06:30:51.6438584Z Installing rubocop-performance 1.19.1
2026-04-22T06:30:51.6575737Z Fetching standard-performance 1.2.1
2026-04-22T06:30:51.7004748Z Installing standard-performance 1.2.1
2026-04-22T06:30:51.7072454Z Fetching standard 1.32.1
2026-04-22T06:30:51.7612669Z Installing standard 1.32.1
2026-04-22T06:30:51.7819093Z Bundle complete! 6 Gemfile dependencies, 40 gems now installed.
2026-04-22T06:30:51.7820442Z Use `bundle info [gemname]` to see where a bundled gem is installed.
2026-04-22T06:30:51.8334758Z ##[group]Run ruby entrypoint.rb
2026-04-22T06:30:51.8335217Z [36;1mruby entrypoint.rb[0m
2026-04-22T06:30:51.8413934Z shell: /usr/bin/bash --noprofile --norc -e -o pipefail {0}
2026-04-22T06:30:51.8414505Z env:
2026-04-22T06:30:51.8414796Z   WAIT_INTERVAL: 30
2026-04-22T06:30:51.8415165Z   ALLOWED_CONCLUSIONS: success,skipped
2026-04-22T06:30:51.8415610Z   IGNORE_CHECKS: 
2026-04-22T06:30:51.8415919Z   CHECK_NAME: 
2026-04-22T06:30:51.8416212Z   CHECK_REGEXP: 
2026-04-22T06:30:51.8416595Z   REF: 1875ad5bbb7b76bdd42239ecbb755df513b27b65
2026-04-22T06:30:51.8417390Z   REPO_TOKEN: ***
2026-04-22T06:30:51.8417810Z   VERBOSE: true
2026-04-22T06:30:51.8418154Z   RUNNING_WORKFLOW_NAME: Auto-merge
2026-04-22T06:30:51.8418557Z   API_ENDPOINT: 
2026-04-22T06:30:51.8419160Z ##[endgroup]
2026-04-22T06:33:23.7787687Z Checks running on ref:
2026-04-22T06:33:23.7790210Z Checks in_progress: autofix, Auto-merge
2026-04-22T06:33:23.7790822Z Checks after ignore checks filter:
2026-04-22T06:33:23.7791213Z Checks in_progress: autofix
2026-04-22T06:33:23.7791548Z Checks after check_name filter:
2026-04-22T06:33:23.7791884Z Checks in_progress: autofix
2026-04-22T06:33:23.7792212Z Checks after Regexp filter:
2026-04-22T06:33:23.7792529Z Checks in_progress: autofix
2026-04-22T06:33:23.7793034Z The requested check isn't complete yet, will check back in 30 seconds...
2026-04-22T06:33:23.7793595Z Checks running on ref:
2026-04-22T06:33:23.7793924Z Checks in_progress: autofix, Auto-merge
2026-04-22T06:33:23.7794318Z Checks after ignore checks filter:
2026-04-22T06:33:23.7794681Z Checks in_progress: autofix
2026-04-22T06:33:23.7795005Z Checks after check_name filter:
2026-04-22T06:33:23.7795354Z Checks in_progress: autofix
2026-04-22T06:33:23.7795684Z Checks after Regexp filter:
2026-04-22T06:33:23.7796011Z Checks in_progress: autofix
2026-04-22T06:33:23.7796506Z The requested check isn't complete yet, will check back in 30 seconds...
2026-04-22T06:33:23.7797068Z Checks running on ref:
2026-04-22T06:33:23.7797411Z Checks in_progress: autofix, Auto-merge
2026-04-22T06:33:23.7797791Z Checks after ignore checks filter:
2026-04-22T06:33:23.7798155Z Checks in_progress: autofix
2026-04-22T06:33:23.7798482Z Checks after check_name filter:
2026-04-22T06:33:23.7798818Z Checks in_progress: autofix
2026-04-22T06:33:23.7799355Z Checks after Regexp filter:
2026-04-22T06:33:23.7799694Z Checks in_progress: autofix
2026-04-22T06:33:23.7800177Z The requested check isn't complete yet, will check back in 30 seconds...
2026-04-22T06:33:23.7800701Z Checks running on ref:
2026-04-22T06:33:23.7801023Z Checks in_progress: autofix, Auto-merge
2026-04-22T06:33:23.7801408Z Checks after ignore checks filter:
2026-04-22T06:33:23.7801761Z Checks in_progress: autofix
2026-04-22T06:33:23.7802087Z Checks after check_name filter:
2026-04-22T06:33:23.7802428Z Checks in_progress: autofix
2026-04-22T06:33:23.7802764Z Checks after Regexp filter:
2026-04-22T06:33:23.7803184Z Checks in_progress: autofix
2026-04-22T06:33:23.7803670Z The requested check isn't complete yet, will check back in 30 seconds...
2026-04-22T06:33:23.7804217Z Checks running on ref:
2026-04-22T06:33:23.7804566Z Checks in_progress: lint-and-test, Auto-merge
2026-04-22T06:33:23.7804989Z Checks completed: autofix
2026-04-22T06:33:23.7805320Z Checks after ignore checks filter:
2026-04-22T06:33:23.7805693Z Checks in_progress: lint-and-test
2026-04-22T06:33:23.7806124Z Checks completed: autofix
2026-04-22T06:33:23.7806459Z Checks after check_name filter:
2026-04-22T06:33:23.7806809Z Checks in_progress: lint-and-test
2026-04-22T06:33:23.7807169Z Checks completed: autofix
2026-04-22T06:33:23.7807489Z Checks after Regexp filter:
2026-04-22T06:33:23.7807833Z Checks in_progress: lint-and-test
2026-04-22T06:33:23.7808186Z Checks completed: autofix
2026-04-22T06:33:23.7808701Z The requested checks aren't complete yet, will check back in 30 seconds...
2026-04-22T06:33:23.7809444Z Checks running on ref:
2026-04-22T06:33:23.7810449Z Checks completed: capture-failure-log, firebase-distribute, lint-and-test, autofix
2026-04-22T06:33:23.7811341Z Checks in_progress: Auto-merge
2026-04-22T06:33:23.7811736Z Checks after ignore checks filter:
2026-04-22T06:33:23.7812431Z Checks completed: capture-failure-log, firebase-distribute, lint-and-test, autofix
2026-04-22T06:33:23.7813175Z Checks after check_name filter:
2026-04-22T06:33:23.7813802Z Checks completed: capture-failure-log, firebase-distribute, lint-and-test, autofix
2026-04-22T06:33:23.7814495Z Checks after Regexp filter:
2026-04-22T06:33:23.7815137Z Checks completed: capture-failure-log, firebase-distribute, lint-and-test, autofix
2026-04-22T06:33:23.7815842Z Checks completed:
2026-04-22T06:33:23.7816204Z capture-failure-log: completed (success)
2026-04-22T06:33:23.7816699Z firebase-distribute: completed (skipped)
2026-04-22T06:33:23.7817222Z lint-and-test: completed (failure)
2026-04-22T06:33:23.7817727Z autofix: completed (success)
2026-04-22T06:33:23.7819262Z The conclusion of one or more checks were not allowed. Allowed conclusions are: success, skipped. This can be configured with the 'allowed-conclusions' param.
2026-04-22T06:33:23.7883178Z ##[error]Process completed with exit code 1.
2026-04-22T06:33:23.7997485Z Post job cleanup.
2026-04-22T06:33:23.8054002Z Cleaning up orphan processes
2026-04-22T06:33:23.8340252Z ##[warning]Node.js 20 actions are deprecated. The following actions are running on Node.js 20 and may not work as expected: actions/cache@v4. Actions will be forced to run with Node.js 24 by default starting June 2nd, 2026. Node.js 20 will be removed from the runner on September 16th, 2026. Please check if updated versions of these actions are available that support Node.js 24. To opt into Node.js 24 now, set the FORCE_JAVASCRIPT_ACTIONS_TO_NODE24=true environment variable on the runner or in your workflow file. Once Node.js 24 becomes the default, you can temporarily opt out by setting ACTIONS_ALLOW_USE_UNSECURE_NODE_VERSION=true. For more information see: https://github.blog/changelog/2025-09-19-deprecation-of-node-20-on-github-actions-runners/
