=== CI FAILURE ===
Workflow:      Auto-merge & Release
Workflow file: akarlin3/prismTask/.github/workflows/auto-merge.yml@refs/pull/628/merge
Job(s):        Auto-merge
Run ID:        24762542110
Run attempt:   1
Run URL:       https://github.com/akarlin3/prismTask/actions/runs/24762542110
Commit:        e06a00bd2c282ef932f2f25bd4e6238167893a15
Branch:        628/merge
Event:         pull_request
Actor:         akarlin3
Runner OS:     Linux
Timestamp:     2026-04-22T05:53:58.851Z

Failed steps:
  - Auto-merge: #3 Wait for all other CI checks to pass

=== FAILED JOB LOG ===

--- Job: Auto-merge (id 72449310248) ---
2026-04-22T05:50:45.1889398Z Current runner version: '2.333.1'
2026-04-22T05:50:45.1926188Z ##[group]Runner Image Provisioner
2026-04-22T05:50:45.1927335Z Hosted Compute Agent
2026-04-22T05:50:45.1928165Z Version: 20260415.520
2026-04-22T05:50:45.1929183Z Commit: af089020f5f67b61ccc91db6c07980876c02bf7b
2026-04-22T05:50:45.1930414Z Build Date: 2026-04-15T18:07:08Z
2026-04-22T05:50:45.1931678Z Worker ID: {7ffb08a9-ceb1-4aaa-8472-7f5757c763e8}
2026-04-22T05:50:45.1932842Z Azure Region: eastus2
2026-04-22T05:50:45.1934190Z ##[endgroup]
2026-04-22T05:50:45.1936977Z ##[group]Operating System
2026-04-22T05:50:45.1937941Z Ubuntu
2026-04-22T05:50:45.1938997Z 24.04.4
2026-04-22T05:50:45.1939791Z LTS
2026-04-22T05:50:45.1940589Z ##[endgroup]
2026-04-22T05:50:45.1941542Z ##[group]Runner Image
2026-04-22T05:50:45.1942589Z Image: ubuntu-24.04
2026-04-22T05:50:45.1943426Z Version: 20260420.95.1
2026-04-22T05:50:45.1945848Z Included Software: https://github.com/actions/runner-images/blob/ubuntu24/20260420.95/images/ubuntu/Ubuntu2404-Readme.md
2026-04-22T05:50:45.1948497Z Image Release: https://github.com/actions/runner-images/releases/tag/ubuntu24%2F20260420.95
2026-04-22T05:50:45.1950296Z ##[endgroup]
2026-04-22T05:50:45.1952454Z ##[group]GITHUB_TOKEN Permissions
2026-04-22T05:50:45.1955603Z Actions: read
2026-04-22T05:50:45.1956577Z Checks: read
2026-04-22T05:50:45.1957427Z Contents: write
2026-04-22T05:50:45.1958297Z Metadata: read
2026-04-22T05:50:45.1959249Z PullRequests: write
2026-04-22T05:50:45.1960110Z ##[endgroup]
2026-04-22T05:50:45.1963924Z Secret source: Actions
2026-04-22T05:50:45.1965393Z Prepare workflow directory
2026-04-22T05:50:45.2506586Z Prepare all required actions
2026-04-22T05:50:45.2560559Z Getting action download info
2026-04-22T05:50:45.5705174Z Download action repository 'lewagon/wait-on-check-action@ccfb013c15c8afb7bf2b7c028fb74dc5a068cccc' (SHA:ccfb013c15c8afb7bf2b7c028fb74dc5a068cccc)
2026-04-22T05:50:45.9980668Z Getting action download info
2026-04-22T05:50:46.1428079Z Download action repository 'ruby/setup-ruby@v1' (SHA:0cb964fd540e0a24c900370abf38a33466142735)
2026-04-22T05:50:46.3500315Z Download action repository 'actions/cache@v4' (SHA:0057852bfaa89a56745cba8c7296529d2fc39830)
2026-04-22T05:50:46.4768585Z Complete job name: Auto-merge
2026-04-22T05:50:46.5371169Z ##[group]Run set -euo pipefail
2026-04-22T05:50:46.5371774Z [36;1mset -euo pipefail[0m
2026-04-22T05:50:46.5372437Z [36;1m# Give GitHub a short grace period to schedule workflow runs for[0m
2026-04-22T05:50:46.5373306Z [36;1m# the head commit. Paths-filtered workflows (android/backend/web CI)[0m
2026-04-22T05:50:46.5374362Z [36;1m# won't run for doc-only or cross-cutting config PRs, so the[0m
2026-04-22T05:50:46.5375202Z [36;1m# wait-on-check-action step below would otherwise hang waiting for[0m
2026-04-22T05:50:46.5375922Z [36;1m# checks that will never appear.[0m
2026-04-22T05:50:46.5376435Z [36;1msleep 20[0m
2026-04-22T05:50:46.5376977Z [36;1mCOUNT=$(gh api "repos/$REPO/commits/$HEAD_SHA/check-runs" \[0m
2026-04-22T05:50:46.5377762Z [36;1m  --jq '[.check_runs[] | select(.name != "Auto-merge")] | length')[0m
2026-04-22T05:50:46.5378519Z [36;1mecho "Non-Auto-merge check runs on head: $COUNT"[0m
2026-04-22T05:50:46.5379137Z [36;1mif [ "$COUNT" -gt 0 ]; then[0m
2026-04-22T05:50:46.5379656Z [36;1m  echo "has_ci=true" >> "$GITHUB_OUTPUT"[0m
2026-04-22T05:50:46.5380178Z [36;1melse[0m
2026-04-22T05:50:46.5380591Z [36;1m  echo "has_ci=false" >> "$GITHUB_OUTPUT"[0m
2026-04-22T05:50:46.5381272Z [36;1m  echo "No CI checks on this PR — will merge without waiting."[0m
2026-04-22T05:50:46.5381891Z [36;1mfi[0m
2026-04-22T05:50:46.5498793Z shell: /usr/bin/bash -e {0}
2026-04-22T05:50:46.5499618Z env:
2026-04-22T05:50:46.5499988Z   WAIT_INTERVAL: 30
2026-04-22T05:50:46.5500575Z   GH_TOKEN: ***
2026-04-22T05:50:46.5501031Z   HEAD_SHA: e8460c15c0bdb09d8b4357f2c31ffd07a21aad1e
2026-04-22T05:50:46.5501598Z   REPO: akarlin3/prismTask
2026-04-22T05:50:46.5502051Z ##[endgroup]
2026-04-22T05:51:06.9311300Z Non-Auto-merge check runs on head: 1
2026-04-22T05:51:06.9538170Z ##[group]Run lewagon/wait-on-check-action@ccfb013c15c8afb7bf2b7c028fb74dc5a068cccc
2026-04-22T05:51:06.9538666Z with:
2026-04-22T05:51:06.9538910Z   ref: e8460c15c0bdb09d8b4357f2c31ffd07a21aad1e
2026-04-22T05:51:06.9539253Z   running-workflow-name: Auto-merge
2026-04-22T05:51:06.9539956Z   repo-token: ***
2026-04-22T05:51:06.9540194Z   wait-interval: 30
2026-04-22T05:51:06.9540446Z   allowed-conclusions: success,skipped
2026-04-22T05:51:06.9540735Z   verbose: true
2026-04-22T05:51:06.9540947Z env:
2026-04-22T05:51:06.9541138Z   WAIT_INTERVAL: 30
2026-04-22T05:51:06.9541362Z ##[endgroup]
2026-04-22T05:51:06.9672292Z ##[group]Run ruby/setup-ruby@v1
2026-04-22T05:51:06.9672593Z with:
2026-04-22T05:51:06.9672810Z   ruby-version: 3.2
2026-04-22T05:51:06.9673068Z   bundler-cache: false
2026-04-22T05:51:06.9673651Z   token: ***
2026-04-22T05:51:06.9673873Z env:
2026-04-22T05:51:06.9674073Z   WAIT_INTERVAL: 30
2026-04-22T05:51:06.9674288Z ##[endgroup]
2026-04-22T05:51:07.0877071Z ##[group]Modifying PATH
2026-04-22T05:51:07.0877713Z Entries added to PATH to use selected Ruby:
2026-04-22T05:51:07.0879290Z   /opt/hostedtoolcache/Ruby/3.2.11/x64/bin
2026-04-22T05:51:07.0882727Z ##[endgroup]
2026-04-22T05:51:07.0883804Z ##[group]Print Ruby version
2026-04-22T05:51:07.0922571Z [command]/opt/hostedtoolcache/Ruby/3.2.11/x64/bin/ruby --version
2026-04-22T05:51:07.5116374Z ruby 3.2.11 (2026-03-27 revision 5483bfc1ae) [x86_64-linux]
2026-04-22T05:51:07.5156449Z Took   0.43 seconds
2026-04-22T05:51:07.5157264Z ##[endgroup]
2026-04-22T05:51:07.5159741Z ##[group]Installing Bundler
2026-04-22T05:51:07.5162421Z Using Bundler shipped with ruby-3.2.11
2026-04-22T05:51:07.5163408Z Took   0.00 seconds
2026-04-22T05:51:07.5164279Z ##[endgroup]
2026-04-22T05:51:07.5776353Z ##[group]Run actions/cache@v4
2026-04-22T05:51:07.5776656Z with:
2026-04-22T05:51:07.5777112Z   path: /home/runner/work/_actions/lewagon/wait-on-check-action/ccfb013c15c8afb7bf2b7c028fb74dc5a068cccc
2026-04-22T05:51:07.5777645Z   key: Linux-gems-
2026-04-22T05:51:07.5842484Z   restore-keys: Linux-gems-
2026-04-22T05:51:07.5842983Z   enableCrossOsArchive: false
2026-04-22T05:51:07.5843626Z   fail-on-cache-miss: false
2026-04-22T05:51:07.5844051Z   lookup-only: false
2026-04-22T05:51:07.5844501Z   save-always: false
2026-04-22T05:51:07.5844938Z env:
2026-04-22T05:51:07.5845312Z   WAIT_INTERVAL: 30
2026-04-22T05:51:07.5845746Z ##[endgroup]
2026-04-22T05:51:07.7904975Z Cache not found for input keys: Linux-gems-, Linux-gems-
2026-04-22T05:51:07.7978531Z ##[group]Run bundle install --jobs 4 --retry 3
2026-04-22T05:51:07.7978862Z [36;1mbundle install --jobs 4 --retry 3[0m
2026-04-22T05:51:07.8037503Z shell: /usr/bin/bash --noprofile --norc -e -o pipefail {0}
2026-04-22T05:51:07.8037824Z env:
2026-04-22T05:51:07.8037990Z   WAIT_INTERVAL: 30
2026-04-22T05:51:07.8038173Z ##[endgroup]
2026-04-22T05:51:08.9418703Z Bundler 2.4.19 is running, but your lockfile was generated with 2.2.3. Installing Bundler 2.2.3 and restarting using that version.
2026-04-22T05:51:10.4737051Z Fetching gem metadata from https://rubygems.org/.
2026-04-22T05:51:10.4811012Z Fetching bundler 2.2.3
2026-04-22T05:51:10.6280471Z Installing bundler 2.2.3
2026-04-22T05:51:10.8381563Z Calling `DidYouMean::SPELL_CHECKERS.merge!(error_name => spell_checker)' has been deprecated. Please call `DidYouMean.correct_error(error_name, spell_checker)' instead.
2026-04-22T05:51:12.0792729Z Fetching gem metadata from https://rubygems.org/.........
2026-04-22T05:51:12.0886814Z Fetching zeitwerk 2.6.7
2026-04-22T05:51:12.1177102Z Fetching concurrent-ruby 1.2.2
2026-04-22T05:51:12.1177896Z Fetching public_suffix 4.0.7
2026-04-22T05:51:12.1179638Z Fetching minitest 5.18.0
2026-04-22T05:51:12.1900664Z Installing zeitwerk 2.6.7
2026-04-22T05:51:12.2357379Z Fetching ast 2.4.2
2026-04-22T05:51:12.2365662Z Installing minitest 5.18.0
2026-04-22T05:51:12.2631063Z Installing public_suffix 4.0.7
2026-04-22T05:51:12.2832570Z Installing ast 2.4.2
2026-04-22T05:51:12.2955763Z Using bundler 2.2.3
2026-04-22T05:51:12.2960553Z Fetching byebug 11.1.3
2026-04-22T05:51:12.3225721Z Installing concurrent-ruby 1.2.2
2026-04-22T05:51:12.3310798Z Fetching diff-lcs 1.4.4
2026-04-22T05:51:12.3734991Z Fetching faraday-net_http 2.0.3
2026-04-22T05:51:12.4015203Z Installing byebug 11.1.3 with native extensions
2026-04-22T05:51:12.4113624Z Installing diff-lcs 1.4.4
2026-04-22T05:51:12.4292908Z Installing faraday-net_http 2.0.3
2026-04-22T05:51:12.4422729Z Using ruby2_keywords 0.0.5
2026-04-22T05:51:12.4431726Z Fetching json 2.7.1
2026-04-22T05:51:12.5010900Z Installing json 2.7.1 with native extensions
2026-04-22T05:51:12.5115534Z Fetching language_server-protocol 3.17.0.3
2026-04-22T05:51:12.5759307Z Installing language_server-protocol 3.17.0.3
2026-04-22T05:51:12.6345082Z Fetching lint_roller 1.1.0
2026-04-22T05:51:12.7058323Z Installing lint_roller 1.1.0
2026-04-22T05:51:12.7235273Z Fetching parallel 1.24.0
2026-04-22T05:51:12.7741584Z Installing parallel 1.24.0
2026-04-22T05:51:12.7888399Z Fetching racc 1.7.3
2026-04-22T05:51:12.8312671Z Fetching rainbow 3.1.1
2026-04-22T05:51:12.8613849Z Installing racc 1.7.3 with native extensions
2026-04-22T05:51:12.8778633Z Installing rainbow 3.1.1
2026-04-22T05:51:12.8860152Z Fetching regexp_parser 2.8.3
2026-04-22T05:51:12.9477222Z Installing regexp_parser 2.8.3
2026-04-22T05:51:12.9795999Z Fetching rexml 3.2.6
2026-04-22T05:51:13.0319629Z Installing rexml 3.2.6
2026-04-22T05:51:13.1307477Z Fetching rspec-support 3.10.1
2026-04-22T05:51:13.1850504Z Installing rspec-support 3.10.1
2026-04-22T05:51:13.1987719Z Fetching ruby-progressbar 1.13.0
2026-04-22T05:51:13.2459559Z Installing ruby-progressbar 1.13.0
2026-04-22T05:51:13.2557244Z Fetching unicode-display_width 2.5.0
2026-04-22T05:51:13.3025044Z Installing unicode-display_width 2.5.0
2026-04-22T05:51:13.3098061Z Fetching addressable 2.8.0
2026-04-22T05:51:13.3872533Z Installing addressable 2.8.0
2026-04-22T05:51:13.4104294Z Fetching faraday 2.3.0
2026-04-22T05:51:13.4849298Z Installing faraday 2.3.0
2026-04-22T05:51:13.5164375Z Fetching i18n 1.12.0
2026-04-22T05:51:13.5885791Z Installing i18n 1.12.0
2026-04-22T05:51:13.6104382Z Fetching tzinfo 2.0.6
2026-04-22T05:51:13.6824775Z Installing tzinfo 2.0.6
2026-04-22T05:51:13.7054193Z Fetching rspec-core 3.10.1
2026-04-22T05:51:13.7784262Z Installing rspec-core 3.10.1
2026-04-22T05:51:13.8186589Z Fetching rspec-expectations 3.10.1
2026-04-22T05:51:13.8961494Z Installing rspec-expectations 3.10.1
2026-04-22T05:51:13.9224225Z Fetching rspec-mocks 3.10.1
2026-04-22T05:51:14.0014627Z Installing rspec-mocks 3.10.1
2026-04-22T05:51:14.0244436Z Fetching faraday-retry 2.0.0
2026-04-22T05:51:14.0735797Z Fetching sawyer 0.9.2
2026-04-22T05:51:14.1302632Z Installing faraday-retry 2.0.0
2026-04-22T05:51:14.1424320Z Fetching activesupport 6.1.7.3
2026-04-22T05:51:14.1884301Z Installing sawyer 0.9.2
2026-04-22T05:51:14.1977597Z Fetching rspec 3.10.0
2026-04-22T05:51:14.2467005Z Installing rspec 3.10.0
2026-04-22T05:51:14.2570922Z Fetching parser 3.2.2.4
2026-04-22T05:51:14.2589850Z Installing activesupport 6.1.7.3
2026-04-22T05:51:14.3635088Z Fetching octokit 4.25.0
2026-04-22T05:51:14.4135034Z Installing parser 3.2.2.4
2026-04-22T05:51:14.4327701Z Installing octokit 4.25.0
2026-04-22T05:51:14.5614624Z Fetching rubocop-ast 1.30.0
2026-04-22T05:51:14.6326941Z Installing rubocop-ast 1.30.0
2026-04-22T05:51:15.7781742Z Fetching rubocop 1.57.2
2026-04-22T05:51:15.8683364Z Installing rubocop 1.57.2
2026-04-22T05:51:16.0462779Z Fetching rubocop-performance 1.19.1
2026-04-22T05:51:16.0466137Z Fetching standard-custom 1.0.2
2026-04-22T05:51:16.1103706Z Installing standard-custom 1.0.2
2026-04-22T05:51:16.1189588Z Installing rubocop-performance 1.19.1
2026-04-22T05:51:16.1333232Z Fetching standard-performance 1.2.1
2026-04-22T05:51:16.1760058Z Installing standard-performance 1.2.1
2026-04-22T05:51:16.1828034Z Fetching standard 1.32.1
2026-04-22T05:51:16.2316292Z Installing standard 1.32.1
2026-04-22T05:51:16.2514425Z Bundle complete! 6 Gemfile dependencies, 40 gems now installed.
2026-04-22T05:51:16.2515745Z Use `bundle info [gemname]` to see where a bundled gem is installed.
2026-04-22T05:51:16.3030542Z ##[group]Run ruby entrypoint.rb
2026-04-22T05:51:16.3030952Z [36;1mruby entrypoint.rb[0m
2026-04-22T05:51:16.3084741Z shell: /usr/bin/bash --noprofile --norc -e -o pipefail {0}
2026-04-22T05:51:16.3085045Z env:
2026-04-22T05:51:16.3085201Z   WAIT_INTERVAL: 30
2026-04-22T05:51:16.3085404Z   ALLOWED_CONCLUSIONS: success,skipped
2026-04-22T05:51:16.3085639Z   IGNORE_CHECKS: 
2026-04-22T05:51:16.3085809Z   CHECK_NAME: 
2026-04-22T05:51:16.3085967Z   CHECK_REGEXP: 
2026-04-22T05:51:16.3086174Z   REF: e8460c15c0bdb09d8b4357f2c31ffd07a21aad1e
2026-04-22T05:51:16.3086642Z   REPO_TOKEN: ***
2026-04-22T05:51:16.3086819Z   VERBOSE: true
2026-04-22T05:51:16.3087004Z   RUNNING_WORKFLOW_NAME: Auto-merge
2026-04-22T05:51:16.3087230Z   API_ENDPOINT: 
2026-04-22T05:51:16.3087404Z ##[endgroup]
2026-04-22T05:53:48.2332757Z Checks running on ref:
2026-04-22T05:53:48.2333179Z Checks in_progress: autofix, Auto-merge
2026-04-22T05:53:48.2335723Z Checks after ignore checks filter:
2026-04-22T05:53:48.2336559Z Checks in_progress: autofix
2026-04-22T05:53:48.2337018Z Checks after check_name filter:
2026-04-22T05:53:48.2337374Z Checks in_progress: autofix
2026-04-22T05:53:48.2337718Z Checks after Regexp filter:
2026-04-22T05:53:48.2338037Z Checks in_progress: autofix
2026-04-22T05:53:48.2338547Z The requested check isn't complete yet, will check back in 30 seconds...
2026-04-22T05:53:48.2339114Z Checks running on ref:
2026-04-22T05:53:48.2339461Z Checks in_progress: autofix, Auto-merge
2026-04-22T05:53:48.2339843Z Checks after ignore checks filter:
2026-04-22T05:53:48.2340203Z Checks in_progress: autofix
2026-04-22T05:53:48.2340595Z Checks after check_name filter:
2026-04-22T05:53:48.2340949Z Checks in_progress: autofix
2026-04-22T05:53:48.2341258Z Checks after Regexp filter:
2026-04-22T05:53:48.2341585Z Checks in_progress: autofix
2026-04-22T05:53:48.2342086Z The requested check isn't complete yet, will check back in 30 seconds...
2026-04-22T05:53:48.2342637Z Checks running on ref:
2026-04-22T05:53:48.2342962Z Checks in_progress: autofix, Auto-merge
2026-04-22T05:53:48.2343338Z Checks after ignore checks filter:
2026-04-22T05:53:48.2343929Z Checks in_progress: autofix
2026-04-22T05:53:48.2344252Z Checks after check_name filter:
2026-04-22T05:53:48.2344580Z Checks in_progress: autofix
2026-04-22T05:53:48.2344904Z Checks after Regexp filter:
2026-04-22T05:53:48.2345215Z Checks in_progress: autofix
2026-04-22T05:53:48.2345685Z The requested check isn't complete yet, will check back in 30 seconds...
2026-04-22T05:53:48.2346212Z Checks running on ref:
2026-04-22T05:53:48.2346529Z Checks in_progress: autofix, Auto-merge
2026-04-22T05:53:48.2346908Z Checks after ignore checks filter:
2026-04-22T05:53:48.2347273Z Checks in_progress: autofix
2026-04-22T05:53:48.2347601Z Checks after check_name filter:
2026-04-22T05:53:48.2347942Z Checks in_progress: autofix
2026-04-22T05:53:48.2348278Z Checks after Regexp filter:
2026-04-22T05:53:48.2348655Z Checks in_progress: autofix
2026-04-22T05:53:48.2349144Z The requested check isn't complete yet, will check back in 30 seconds...
2026-04-22T05:53:48.2349698Z Checks running on ref:
2026-04-22T05:53:48.2350049Z Checks in_progress: lint-and-test, Auto-merge
2026-04-22T05:53:48.2350467Z Checks completed: autofix
2026-04-22T05:53:48.2350805Z Checks after ignore checks filter:
2026-04-22T05:53:48.2351182Z Checks in_progress: lint-and-test
2026-04-22T05:53:48.2351549Z Checks completed: autofix
2026-04-22T05:53:48.2351878Z Checks after check_name filter:
2026-04-22T05:53:48.2352222Z Checks in_progress: lint-and-test
2026-04-22T05:53:48.2352590Z Checks completed: autofix
2026-04-22T05:53:48.2352924Z Checks after Regexp filter:
2026-04-22T05:53:48.2353288Z Checks in_progress: lint-and-test
2026-04-22T05:53:48.2353830Z Checks completed: autofix
2026-04-22T05:53:48.2354376Z The requested checks aren't complete yet, will check back in 30 seconds...
2026-04-22T05:53:48.2354990Z Checks running on ref:
2026-04-22T05:53:48.2356016Z Checks completed: capture-failure-log, firebase-distribute, lint-and-test, autofix
2026-04-22T05:53:48.2356845Z Checks in_progress: Auto-merge
2026-04-22T05:53:48.2357202Z Checks after ignore checks filter:
2026-04-22T05:53:48.2357899Z Checks completed: capture-failure-log, firebase-distribute, lint-and-test, autofix
2026-04-22T05:53:48.2358591Z Checks after check_name filter:
2026-04-22T05:53:48.2359226Z Checks completed: capture-failure-log, firebase-distribute, lint-and-test, autofix
2026-04-22T05:53:48.2359992Z Checks after Regexp filter:
2026-04-22T05:53:48.2360767Z Checks completed: capture-failure-log, firebase-distribute, lint-and-test, autofix
2026-04-22T05:53:48.2361587Z Checks completed:
2026-04-22T05:53:48.2361984Z capture-failure-log: completed (success)
2026-04-22T05:53:48.2362532Z firebase-distribute: completed (skipped)
2026-04-22T05:53:48.2363052Z lint-and-test: completed (failure)
2026-04-22T05:53:48.2363735Z autofix: completed (success)
2026-04-22T05:53:48.2365047Z The conclusion of one or more checks were not allowed. Allowed conclusions are: success, skipped. This can be configured with the 'allowed-conclusions' param.
2026-04-22T05:53:48.2422319Z ##[error]Process completed with exit code 1.
2026-04-22T05:53:48.2537473Z Post job cleanup.
2026-04-22T05:53:48.2593059Z Cleaning up orphan processes
2026-04-22T05:53:48.2879379Z ##[warning]Node.js 20 actions are deprecated. The following actions are running on Node.js 20 and may not work as expected: actions/cache@v4. Actions will be forced to run with Node.js 24 by default starting June 2nd, 2026. Node.js 20 will be removed from the runner on September 16th, 2026. Please check if updated versions of these actions are available that support Node.js 24. To opt into Node.js 24 now, set the FORCE_JAVASCRIPT_ACTIONS_TO_NODE24=true environment variable on the runner or in your workflow file. Once Node.js 24 becomes the default, you can temporarily opt out by setting ACTIONS_ALLOW_USE_UNSECURE_NODE_VERSION=true. For more information see: https://github.blog/changelog/2025-09-19-deprecation-of-node-20-on-github-actions-runners/
