=== CI FAILURE ===
Workflow:      Auto-merge & Release
Workflow file: akarlin3/prismTask/.github/workflows/auto-merge.yml@refs/pull/751/merge
Job(s):        Auto-merge
Run ID:        24903439287
Run attempt:   1
Run URL:       https://github.com/akarlin3/prismTask/actions/runs/24903439287
Commit:        946ef519b7de01e9c629b558da9fe8e9a9fd1d2d
Branch:        751/merge
Event:         pull_request
Actor:         akarlin3
Runner OS:     Linux
Timestamp:     2026-04-24T17:59:06.483Z

Failed steps:
  - Auto-merge: #3 Wait for all other CI checks to pass

=== FAILED JOB LOG ===

--- Job: Auto-merge (id 72926715422) ---
2026-04-24T17:41:15.9302403Z Current runner version: '2.333.1'
2026-04-24T17:41:15.9325160Z ##[group]Runner Image Provisioner
2026-04-24T17:41:15.9326042Z Hosted Compute Agent
2026-04-24T17:41:15.9326622Z Version: 20260213.493
2026-04-24T17:41:15.9327284Z Commit: 5c115507f6dd24b8de37d8bbe0bb4509d0cc0fa3
2026-04-24T17:41:15.9328532Z Build Date: 2026-02-13T00:28:41Z
2026-04-24T17:41:15.9329189Z Worker ID: {e0892f98-9a57-4ee4-a683-a1f9287b9613}
2026-04-24T17:41:15.9329967Z Azure Region: westus2
2026-04-24T17:41:15.9330584Z ##[endgroup]
2026-04-24T17:41:15.9332073Z ##[group]Operating System
2026-04-24T17:41:15.9332768Z Ubuntu
2026-04-24T17:41:15.9333269Z 24.04.4
2026-04-24T17:41:15.9333783Z LTS
2026-04-24T17:41:15.9334243Z ##[endgroup]
2026-04-24T17:41:15.9334878Z ##[group]Runner Image
2026-04-24T17:41:15.9335437Z Image: ubuntu-24.04
2026-04-24T17:41:15.9335985Z Version: 20260413.86.1
2026-04-24T17:41:15.9337215Z Included Software: https://github.com/actions/runner-images/blob/ubuntu24/20260413.86/images/ubuntu/Ubuntu2404-Readme.md
2026-04-24T17:41:15.9339310Z Image Release: https://github.com/actions/runner-images/releases/tag/ubuntu24%2F20260413.86
2026-04-24T17:41:15.9340286Z ##[endgroup]
2026-04-24T17:41:15.9341619Z ##[group]GITHUB_TOKEN Permissions
2026-04-24T17:41:15.9343567Z Actions: read
2026-04-24T17:41:15.9344120Z Checks: read
2026-04-24T17:41:15.9344664Z Contents: write
2026-04-24T17:41:15.9345329Z Metadata: read
2026-04-24T17:41:15.9345861Z PullRequests: write
2026-04-24T17:41:15.9346422Z ##[endgroup]
2026-04-24T17:41:15.9348740Z Secret source: Actions
2026-04-24T17:41:15.9349508Z Prepare workflow directory
2026-04-24T17:41:15.9740567Z Prepare all required actions
2026-04-24T17:41:15.9780136Z Getting action download info
2026-04-24T17:41:16.4028997Z Download action repository 'lewagon/wait-on-check-action@ccfb013c15c8afb7bf2b7c028fb74dc5a068cccc' (SHA:ccfb013c15c8afb7bf2b7c028fb74dc5a068cccc)
2026-04-24T17:41:17.1010922Z Getting action download info
2026-04-24T17:41:17.2854038Z Download action repository 'ruby/setup-ruby@v1' (SHA:0cb964fd540e0a24c900370abf38a33466142735)
2026-04-24T17:41:17.6504706Z Download action repository 'actions/cache@v4' (SHA:0057852bfaa89a56745cba8c7296529d2fc39830)
2026-04-24T17:41:17.8032409Z Complete job name: Auto-merge
2026-04-24T17:41:17.8718564Z ##[group]Run set -euo pipefail
2026-04-24T17:41:17.8719737Z [36;1mset -euo pipefail[0m
2026-04-24T17:41:17.8721071Z [36;1m# Audit item #5 — poll check-runs for up to 60s instead of a bare[0m
2026-04-24T17:41:17.8722876Z [36;1m# 20s sleep. On a busy runner cohort the initial 20s wasn't enough[0m
2026-04-24T17:41:17.8724619Z [36;1m# for the API to reflect queued workflow runs, which could merge[0m
2026-04-24T17:41:17.8726361Z [36;1m# PRs without waiting for CI. Bail out early as soon as ≥1 real[0m
2026-04-24T17:41:17.8728040Z [36;1m# check shows up.[0m
2026-04-24T17:41:17.8728946Z [36;1mCOUNT=0[0m
2026-04-24T17:41:17.8729751Z [36;1mfor i in $(seq 1 6); do[0m
2026-04-24T17:41:17.8730714Z [36;1m  sleep 10[0m
2026-04-24T17:41:17.8731863Z [36;1m  COUNT=$(gh api "repos/$REPO/commits/$HEAD_SHA/check-runs" \[0m
2026-04-24T17:41:17.8733604Z [36;1m    --jq '[.check_runs[] | select(.name != "Auto-merge")] | length')[0m
2026-04-24T17:41:17.8735079Z [36;1m  if [ "$COUNT" -gt 0 ]; then[0m
2026-04-24T17:41:17.8736403Z [36;1m    echo "Found $COUNT non-Auto-merge check(s) after ${i}0s"[0m
2026-04-24T17:41:17.8737877Z [36;1m    break[0m
2026-04-24T17:41:17.8738667Z [36;1m  fi[0m
2026-04-24T17:41:17.8739675Z [36;1m  echo "No non-Auto-merge checks yet (attempt $i/6)"[0m
2026-04-24T17:41:17.8740899Z [36;1mdone[0m
2026-04-24T17:41:17.8741698Z [36;1mif [ "$COUNT" -gt 0 ]; then[0m
2026-04-24T17:41:17.8742805Z [36;1m  echo "has_ci=true" >> "$GITHUB_OUTPUT"[0m
2026-04-24T17:41:17.8743905Z [36;1melse[0m
2026-04-24T17:41:17.8744787Z [36;1m  echo "has_ci=false" >> "$GITHUB_OUTPUT"[0m
2026-04-24T17:41:17.8746324Z [36;1m  echo "No CI checks on this PR after 60s — will merge without waiting."[0m
2026-04-24T17:41:17.8747891Z [36;1mfi[0m
2026-04-24T17:41:17.8774592Z shell: /usr/bin/bash -e {0}
2026-04-24T17:41:17.8775847Z env:
2026-04-24T17:41:17.8776597Z   WAIT_INTERVAL: 30
2026-04-24T17:41:17.8777998Z   GH_TOKEN: ***
2026-04-24T17:41:17.8778966Z   HEAD_SHA: f7f561d5a6c9a328b97adf62ac421c13e2161ece
2026-04-24T17:41:17.8780149Z   REPO: akarlin3/prismTask
2026-04-24T17:41:17.8781025Z ##[endgroup]
2026-04-24T17:41:28.3569792Z Found 6 non-Auto-merge check(s) after 10s
2026-04-24T17:41:28.3802091Z ##[group]Run lewagon/wait-on-check-action@ccfb013c15c8afb7bf2b7c028fb74dc5a068cccc
2026-04-24T17:41:28.3802596Z with:
2026-04-24T17:41:28.3802849Z   ref: f7f561d5a6c9a328b97adf62ac421c13e2161ece
2026-04-24T17:41:28.3803184Z   running-workflow-name: Auto-merge
2026-04-24T17:41:28.3803839Z   repo-token: ***
2026-04-24T17:41:28.3804073Z   wait-interval: 30
2026-04-24T17:41:28.3804352Z   allowed-conclusions: success,skipped,neutral
2026-04-24T17:41:28.3804668Z   verbose: true
2026-04-24T17:41:28.3804883Z env:
2026-04-24T17:41:28.3805083Z   WAIT_INTERVAL: 30
2026-04-24T17:41:28.3805328Z ##[endgroup]
2026-04-24T17:41:28.3940847Z ##[group]Run ruby/setup-ruby@v1
2026-04-24T17:41:28.3941141Z with:
2026-04-24T17:41:28.3941373Z   ruby-version: 3.2
2026-04-24T17:41:28.3941635Z   bundler-cache: false
2026-04-24T17:41:28.3942013Z   token: ***
2026-04-24T17:41:28.3942220Z env:
2026-04-24T17:41:28.3942418Z   WAIT_INTERVAL: 30
2026-04-24T17:41:28.3942638Z ##[endgroup]
2026-04-24T17:41:28.5323371Z ##[group]Modifying PATH
2026-04-24T17:41:28.5326009Z Entries added to PATH to use selected Ruby:
2026-04-24T17:41:28.5327387Z   /opt/hostedtoolcache/Ruby/3.2.11/x64/bin
2026-04-24T17:41:28.5330398Z ##[endgroup]
2026-04-24T17:41:28.5340632Z ##[group]Print Ruby version
2026-04-24T17:41:28.5414090Z [command]/opt/hostedtoolcache/Ruby/3.2.11/x64/bin/ruby --version
2026-04-24T17:41:28.7438582Z ruby 3.2.11 (2026-03-27 revision 5483bfc1ae) [x86_64-linux]
2026-04-24T17:41:28.7472420Z Took   0.21 seconds
2026-04-24T17:41:28.7473233Z ##[endgroup]
2026-04-24T17:41:28.7474932Z ##[group]Installing Bundler
2026-04-24T17:41:28.7488615Z Using Bundler shipped with ruby-3.2.11
2026-04-24T17:41:28.7489049Z Took   0.00 seconds
2026-04-24T17:41:28.7489616Z ##[endgroup]
2026-04-24T17:41:28.8197073Z ##[group]Run actions/cache@v4
2026-04-24T17:41:28.8197338Z with:
2026-04-24T17:41:28.8198193Z   path: /home/runner/work/_actions/lewagon/wait-on-check-action/ccfb013c15c8afb7bf2b7c028fb74dc5a068cccc
2026-04-24T17:41:28.8198702Z   key: Linux-gems-
2026-04-24T17:41:28.8198898Z   restore-keys: Linux-gems-
2026-04-24T17:41:28.8199127Z   enableCrossOsArchive: false
2026-04-24T17:41:28.8199345Z   fail-on-cache-miss: false
2026-04-24T17:41:28.8199551Z   lookup-only: false
2026-04-24T17:41:28.8199736Z   save-always: false
2026-04-24T17:41:28.8199925Z env:
2026-04-24T17:41:28.8200080Z   WAIT_INTERVAL: 30
2026-04-24T17:41:28.8200263Z ##[endgroup]
2026-04-24T17:41:29.1833873Z Cache not found for input keys: Linux-gems-, Linux-gems-
2026-04-24T17:41:29.1903423Z ##[group]Run bundle install --jobs 4 --retry 3
2026-04-24T17:41:29.1903784Z [36;1mbundle install --jobs 4 --retry 3[0m
2026-04-24T17:41:29.1927920Z shell: /usr/bin/bash --noprofile --norc -e -o pipefail {0}
2026-04-24T17:41:29.1928292Z env:
2026-04-24T17:41:29.1928474Z   WAIT_INTERVAL: 30
2026-04-24T17:41:29.1928679Z ##[endgroup]
2026-04-24T17:41:29.9386647Z Bundler 2.4.19 is running, but your lockfile was generated with 2.2.3. Installing Bundler 2.2.3 and restarting using that version.
2026-04-24T17:41:31.2133321Z Fetching gem metadata from https://rubygems.org/.
2026-04-24T17:41:31.2220587Z Fetching bundler 2.2.3
2026-04-24T17:41:31.3856007Z Installing bundler 2.2.3
2026-04-24T17:41:31.5781698Z Calling `DidYouMean::SPELL_CHECKERS.merge!(error_name => spell_checker)' has been deprecated. Please call `DidYouMean.correct_error(error_name, spell_checker)' instead.
2026-04-24T17:41:32.8524355Z Fetching gem metadata from https://rubygems.org/.........
2026-04-24T17:41:32.8624229Z Fetching concurrent-ruby 1.2.2
2026-04-24T17:41:32.8691522Z Fetching zeitwerk 2.6.7
2026-04-24T17:41:32.8694547Z Fetching minitest 5.18.0
2026-04-24T17:41:32.8917794Z Fetching public_suffix 4.0.7
2026-04-24T17:41:32.9983741Z Installing zeitwerk 2.6.7
2026-04-24T17:41:33.0176714Z Installing public_suffix 4.0.7
2026-04-24T17:41:33.0225693Z Installing minitest 5.18.0
2026-04-24T17:41:33.0591272Z Installing concurrent-ruby 1.2.2
2026-04-24T17:41:33.0634955Z Fetching ast 2.4.2
2026-04-24T17:41:33.1091521Z Using bundler 2.2.3
2026-04-24T17:41:33.1105768Z Fetching byebug 11.1.3
2026-04-24T17:41:33.1379542Z Installing ast 2.4.2
2026-04-24T17:41:33.1558032Z Fetching diff-lcs 1.4.4
2026-04-24T17:41:33.1807553Z Fetching faraday-net_http 2.0.3
2026-04-24T17:41:33.2098712Z Installing byebug 11.1.3 with native extensions
2026-04-24T17:41:33.2694102Z Installing faraday-net_http 2.0.3
2026-04-24T17:41:33.2792339Z Installing diff-lcs 1.4.4
2026-04-24T17:41:33.3114659Z Using ruby2_keywords 0.0.5
2026-04-24T17:41:33.3150033Z Fetching json 2.7.1
2026-04-24T17:41:33.3876167Z Installing json 2.7.1 with native extensions
2026-04-24T17:41:33.4142511Z Fetching language_server-protocol 3.17.0.3
2026-04-24T17:41:33.4739607Z Installing language_server-protocol 3.17.0.3
2026-04-24T17:41:33.5045199Z Fetching lint_roller 1.1.0
2026-04-24T17:41:33.5702981Z Installing lint_roller 1.1.0
2026-04-24T17:41:33.5863100Z Fetching parallel 1.24.0
2026-04-24T17:41:33.6443085Z Installing parallel 1.24.0
2026-04-24T17:41:33.6514113Z Fetching racc 1.7.3
2026-04-24T17:41:33.7046072Z Fetching rainbow 3.1.1
2026-04-24T17:41:33.7281103Z Installing racc 1.7.3 with native extensions
2026-04-24T17:41:33.7504995Z Installing rainbow 3.1.1
2026-04-24T17:41:33.7592494Z Fetching regexp_parser 2.8.3
2026-04-24T17:41:33.8225853Z Installing regexp_parser 2.8.3
2026-04-24T17:41:33.8466318Z Fetching rexml 3.2.6
2026-04-24T17:41:33.9008549Z Installing rexml 3.2.6
2026-04-24T17:41:33.9202207Z Fetching rspec-support 3.10.1
2026-04-24T17:41:33.9706934Z Installing rspec-support 3.10.1
2026-04-24T17:41:33.9821138Z Fetching ruby-progressbar 1.13.0
2026-04-24T17:41:34.0254598Z Installing ruby-progressbar 1.13.0
2026-04-24T17:41:34.0350244Z Fetching unicode-display_width 2.5.0
2026-04-24T17:41:34.0799756Z Installing unicode-display_width 2.5.0
2026-04-24T17:41:34.0854039Z Fetching addressable 2.8.0
2026-04-24T17:41:34.1360820Z Installing addressable 2.8.0
2026-04-24T17:41:34.1530395Z Fetching faraday 2.3.0
2026-04-24T17:41:34.2027269Z Installing faraday 2.3.0
2026-04-24T17:41:34.2218164Z Fetching i18n 1.12.0
2026-04-24T17:41:34.2732810Z Installing i18n 1.12.0
2026-04-24T17:41:34.2876932Z Fetching tzinfo 2.0.6
2026-04-24T17:41:34.3393558Z Installing tzinfo 2.0.6
2026-04-24T17:41:34.3561782Z Fetching rspec-core 3.10.1
2026-04-24T17:41:34.4191711Z Installing rspec-core 3.10.1
2026-04-24T17:41:34.4453555Z Fetching rspec-expectations 3.10.1
2026-04-24T17:41:34.5014817Z Installing rspec-expectations 3.10.1
2026-04-24T17:41:34.5198116Z Fetching rspec-mocks 3.10.1
2026-04-24T17:41:34.5738233Z Installing rspec-mocks 3.10.1
2026-04-24T17:41:34.5900520Z Fetching faraday-retry 2.0.0
2026-04-24T17:41:34.6365806Z Installing faraday-retry 2.0.0
2026-04-24T17:41:34.6423765Z Fetching sawyer 0.9.2
2026-04-24T17:41:34.6909879Z Installing sawyer 0.9.2
2026-04-24T17:41:34.7006133Z Fetching activesupport 6.1.7.3
2026-04-24T17:41:34.7678774Z Installing activesupport 6.1.7.3
2026-04-24T17:41:34.8309794Z Fetching rspec 3.10.0
2026-04-24T17:41:34.8801481Z Installing rspec 3.10.0
2026-04-24T17:41:34.8851645Z Fetching octokit 4.25.0
2026-04-24T17:41:34.9415717Z Installing octokit 4.25.0
2026-04-24T17:41:35.7505706Z Fetching parser 3.2.2.4
2026-04-24T17:41:35.8866728Z Installing parser 3.2.2.4
2026-04-24T17:41:36.0263644Z Fetching rubocop-ast 1.30.0
2026-04-24T17:41:36.1361030Z Installing rubocop-ast 1.30.0
2026-04-24T17:41:37.4402687Z Fetching rubocop 1.57.2
2026-04-24T17:41:37.5256400Z Installing rubocop 1.57.2
2026-04-24T17:41:37.6949803Z Fetching rubocop-performance 1.19.1
2026-04-24T17:41:37.6955440Z Fetching standard-custom 1.0.2
2026-04-24T17:41:37.7625354Z Installing standard-custom 1.0.2
2026-04-24T17:41:37.7694306Z Installing rubocop-performance 1.19.1
2026-04-24T17:41:37.7896839Z Fetching standard-performance 1.2.1
2026-04-24T17:41:37.8341133Z Installing standard-performance 1.2.1
2026-04-24T17:41:37.8414652Z Fetching standard 1.32.1
2026-04-24T17:41:37.8922425Z Installing standard 1.32.1
2026-04-24T17:41:37.9128760Z Bundle complete! 6 Gemfile dependencies, 40 gems now installed.
2026-04-24T17:41:37.9130279Z Use `bundle info [gemname]` to see where a bundled gem is installed.
2026-04-24T17:41:37.9629771Z ##[group]Run ruby entrypoint.rb
2026-04-24T17:41:37.9630049Z [36;1mruby entrypoint.rb[0m
2026-04-24T17:41:37.9651601Z shell: /usr/bin/bash --noprofile --norc -e -o pipefail {0}
2026-04-24T17:41:37.9651916Z env:
2026-04-24T17:41:37.9652072Z   WAIT_INTERVAL: 30
2026-04-24T17:41:37.9652298Z   ALLOWED_CONCLUSIONS: success,skipped,neutral
2026-04-24T17:41:37.9652558Z   IGNORE_CHECKS: 
2026-04-24T17:41:37.9652736Z   CHECK_NAME: 
2026-04-24T17:41:37.9652897Z   CHECK_REGEXP: 
2026-04-24T17:41:37.9653101Z   REF: f7f561d5a6c9a328b97adf62ac421c13e2161ece
2026-04-24T17:41:37.9653568Z   REPO_TOKEN: ***
2026-04-24T17:41:37.9653745Z   VERBOSE: true
2026-04-24T17:41:37.9653933Z   RUNNING_WORKFLOW_NAME: Auto-merge
2026-04-24T17:41:37.9654157Z   API_ENDPOINT: 
2026-04-24T17:41:37.9654328Z ##[endgroup]
2026-04-24T17:46:43.5743222Z Checks running on ref:
2026-04-24T17:46:43.5743873Z Checks completed: capture-failure-log, e2e, maybe-label, web-lint-and-test
2026-04-24T17:46:43.5744676Z Checks in_progress: autofix, connected-tests, Auto-merge, test
2026-04-24T17:46:43.5745302Z Checks after ignore checks filter:
2026-04-24T17:46:43.5745949Z Checks completed: capture-failure-log, e2e, maybe-label, web-lint-and-test
2026-04-24T17:46:43.5746693Z Checks in_progress: autofix, connected-tests, test
2026-04-24T17:46:43.5747220Z Checks after check_name filter:
2026-04-24T17:46:43.5748173Z Checks completed: capture-failure-log, e2e, maybe-label, web-lint-and-test
2026-04-24T17:46:43.5748988Z Checks in_progress: autofix, connected-tests, test
2026-04-24T17:46:43.5749551Z Checks after Regexp filter:
2026-04-24T17:46:43.5750164Z Checks completed: capture-failure-log, e2e, maybe-label, web-lint-and-test
2026-04-24T17:46:43.5750731Z Checks in_progress: autofix, connected-tests, test
2026-04-24T17:46:43.5751191Z The requested checks aren't complete yet, will check back in 30 seconds...
2026-04-24T17:46:43.5751612Z Checks running on ref:
2026-04-24T17:46:43.5752106Z Checks completed: capture-failure-log, capture-failure-log, e2e, maybe-label, web-lint-and-test, test
2026-04-24T17:46:43.5752742Z Checks in_progress: autofix, connected-tests, Auto-merge
2026-04-24T17:46:43.5753099Z Checks after ignore checks filter:
2026-04-24T17:46:43.5753599Z Checks completed: capture-failure-log, capture-failure-log, e2e, maybe-label, web-lint-and-test, test
2026-04-24T17:46:43.5754134Z Checks in_progress: autofix, connected-tests
2026-04-24T17:46:43.5754423Z Checks after check_name filter:
2026-04-24T17:46:43.5754889Z Checks completed: capture-failure-log, capture-failure-log, e2e, maybe-label, web-lint-and-test, test
2026-04-24T17:46:43.5755427Z Checks in_progress: autofix, connected-tests
2026-04-24T17:46:43.5755714Z Checks after Regexp filter:
2026-04-24T17:46:43.5756170Z Checks completed: capture-failure-log, capture-failure-log, e2e, maybe-label, web-lint-and-test, test
2026-04-24T17:46:43.5756701Z Checks in_progress: autofix, connected-tests
2026-04-24T17:46:43.5757103Z The requested checks aren't complete yet, will check back in 30 seconds...
2026-04-24T17:46:43.5757738Z Checks running on ref:
2026-04-24T17:46:43.5758193Z Checks completed: capture-failure-log, capture-failure-log, e2e, maybe-label, web-lint-and-test, test
2026-04-24T17:46:43.5758767Z Checks in_progress: autofix, connected-tests, Auto-merge
2026-04-24T17:46:43.5759095Z Checks after ignore checks filter:
2026-04-24T17:46:43.5759607Z Checks completed: capture-failure-log, capture-failure-log, e2e, maybe-label, web-lint-and-test, test
2026-04-24T17:46:43.5760138Z Checks in_progress: autofix, connected-tests
2026-04-24T17:46:43.5760755Z Checks after check_name filter:
2026-04-24T17:46:43.5761263Z Checks completed: capture-failure-log, capture-failure-log, e2e, maybe-label, web-lint-and-test, test
2026-04-24T17:46:43.5761883Z Checks in_progress: autofix, connected-tests
2026-04-24T17:46:43.5762169Z Checks after Regexp filter:
2026-04-24T17:46:43.5762783Z Checks completed: capture-failure-log, capture-failure-log, e2e, maybe-label, web-lint-and-test, test
2026-04-24T17:46:43.5763273Z Checks in_progress: autofix, connected-tests
2026-04-24T17:46:43.5763636Z The requested checks aren't complete yet, will check back in 30 seconds...
2026-04-24T17:46:43.5763981Z Checks running on ref:
2026-04-24T17:46:43.5764374Z Checks completed: capture-failure-log, capture-failure-log, e2e, maybe-label, web-lint-and-test, test
2026-04-24T17:46:43.5764880Z Checks in_progress: autofix, connected-tests, Auto-merge
2026-04-24T17:46:43.5765170Z Checks after ignore checks filter:
2026-04-24T17:46:43.5765598Z Checks completed: capture-failure-log, capture-failure-log, e2e, maybe-label, web-lint-and-test, test
2026-04-24T17:46:43.5766066Z Checks in_progress: autofix, connected-tests
2026-04-24T17:46:43.5766318Z Checks after check_name filter:
2026-04-24T17:46:43.5766726Z Checks completed: capture-failure-log, capture-failure-log, e2e, maybe-label, web-lint-and-test, test
2026-04-24T17:46:43.5767183Z Checks in_progress: autofix, connected-tests
2026-04-24T17:46:43.5767657Z Checks after Regexp filter:
2026-04-24T17:46:43.5768189Z Checks completed: capture-failure-log, capture-failure-log, e2e, maybe-label, web-lint-and-test, test
2026-04-24T17:46:43.5768660Z Checks in_progress: autofix, connected-tests
2026-04-24T17:46:43.5769008Z The requested checks aren't complete yet, will check back in 30 seconds...
2026-04-24T17:46:43.5769350Z Checks running on ref:
2026-04-24T17:46:43.5769739Z Checks completed: capture-failure-log, capture-failure-log, e2e, maybe-label, web-lint-and-test, test
2026-04-24T17:46:43.5770246Z Checks in_progress: autofix, connected-tests, Auto-merge
2026-04-24T17:46:43.5770549Z Checks after ignore checks filter:
2026-04-24T17:46:43.5770981Z Checks completed: capture-failure-log, capture-failure-log, e2e, maybe-label, web-lint-and-test, test
2026-04-24T17:46:43.5771449Z Checks in_progress: autofix, connected-tests
2026-04-24T17:46:43.5771699Z Checks after check_name filter:
2026-04-24T17:46:43.5772118Z Checks completed: capture-failure-log, capture-failure-log, e2e, maybe-label, web-lint-and-test, test
2026-04-24T17:46:43.5772581Z Checks in_progress: autofix, connected-tests
2026-04-24T17:46:43.5772829Z Checks after Regexp filter:
2026-04-24T17:46:43.5773233Z Checks completed: capture-failure-log, capture-failure-log, e2e, maybe-label, web-lint-and-test, test
2026-04-24T17:46:43.5773689Z Checks in_progress: autofix, connected-tests
2026-04-24T17:46:43.5774046Z The requested checks aren't complete yet, will check back in 30 seconds...
2026-04-24T17:46:43.5774383Z Checks running on ref:
2026-04-24T17:46:43.5774649Z Checks in_progress: lint-and-test, connected-tests, Auto-merge
2026-04-24T17:46:43.5775199Z Checks completed: capture-failure-log, capture-failure-log, e2e, autofix, maybe-label, web-lint-and-test, test
2026-04-24T17:46:43.5775693Z Checks after ignore checks filter:
2026-04-24T17:46:43.5775958Z Checks in_progress: lint-and-test, connected-tests
2026-04-24T17:46:43.5776467Z Checks completed: capture-failure-log, capture-failure-log, e2e, autofix, maybe-label, web-lint-and-test, test
2026-04-24T17:46:43.5776957Z Checks after check_name filter:
2026-04-24T17:46:43.5777212Z Checks in_progress: lint-and-test, connected-tests
2026-04-24T17:46:43.5777958Z Checks completed: capture-failure-log, capture-failure-log, e2e, autofix, maybe-label, web-lint-and-test, test
2026-04-24T17:46:43.5778439Z Checks after Regexp filter:
2026-04-24T17:46:43.5778680Z Checks in_progress: lint-and-test, connected-tests
2026-04-24T17:46:43.5779177Z Checks completed: capture-failure-log, capture-failure-log, e2e, autofix, maybe-label, web-lint-and-test, test
2026-04-24T17:46:43.5780038Z The requested checks aren't complete yet, will check back in 30 seconds...
2026-04-24T17:46:43.5780382Z Checks running on ref:
2026-04-24T17:46:43.5780642Z Checks in_progress: lint-and-test, connected-tests, Auto-merge
2026-04-24T17:46:43.5781189Z Checks completed: capture-failure-log, capture-failure-log, e2e, autofix, maybe-label, web-lint-and-test, test
2026-04-24T17:46:43.5781818Z Checks after ignore checks filter:
2026-04-24T17:46:43.5782088Z Checks in_progress: lint-and-test, connected-tests
2026-04-24T17:46:43.5782609Z Checks completed: capture-failure-log, capture-failure-log, e2e, autofix, maybe-label, web-lint-and-test, test
2026-04-24T17:46:43.5783088Z Checks after check_name filter:
2026-04-24T17:46:43.5783337Z Checks in_progress: lint-and-test, connected-tests
2026-04-24T17:46:43.5783828Z Checks completed: capture-failure-log, capture-failure-log, e2e, autofix, maybe-label, web-lint-and-test, test
2026-04-24T17:46:43.5784306Z Checks after Regexp filter:
2026-04-24T17:46:43.5784548Z Checks in_progress: lint-and-test, connected-tests
2026-04-24T17:46:43.5785051Z Checks completed: capture-failure-log, capture-failure-log, e2e, autofix, maybe-label, web-lint-and-test, test
2026-04-24T17:46:43.5785644Z The requested checks aren't complete yet, will check back in 30 seconds...
2026-04-24T17:46:43.5785986Z Checks running on ref:
2026-04-24T17:46:43.5786259Z Checks in_progress: lint-and-test, connected-tests, Auto-merge
2026-04-24T17:46:43.5786801Z Checks completed: capture-failure-log, capture-failure-log, e2e, autofix, maybe-label, web-lint-and-test, test
2026-04-24T17:46:43.5787292Z Checks after ignore checks filter:
2026-04-24T17:46:43.5787757Z Checks in_progress: lint-and-test, connected-tests
2026-04-24T17:46:43.5788266Z Checks completed: capture-failure-log, capture-failure-log, e2e, autofix, maybe-label, web-lint-and-test, test
2026-04-24T17:46:43.5788754Z Checks after check_name filter:
2026-04-24T17:46:43.5788999Z Checks in_progress: lint-and-test, connected-tests
2026-04-24T17:46:43.5789504Z Checks completed: capture-failure-log, capture-failure-log, e2e, autofix, maybe-label, web-lint-and-test, test
2026-04-24T17:46:43.5789980Z Checks after Regexp filter:
2026-04-24T17:46:43.5790216Z Checks in_progress: lint-and-test, connected-tests
2026-04-24T17:46:43.5790710Z Checks completed: capture-failure-log, capture-failure-log, e2e, autofix, maybe-label, web-lint-and-test, test
2026-04-24T17:46:43.5791289Z The requested checks aren't complete yet, will check back in 30 seconds...
2026-04-24T17:46:43.5791628Z Checks running on ref:
2026-04-24T17:46:43.5791883Z Checks in_progress: lint-and-test, connected-tests, Auto-merge
2026-04-24T17:46:43.5792422Z Checks completed: capture-failure-log, capture-failure-log, e2e, autofix, maybe-label, web-lint-and-test, test
2026-04-24T17:46:43.5792904Z Checks after ignore checks filter:
2026-04-24T17:46:43.5793159Z Checks in_progress: lint-and-test, connected-tests
2026-04-24T17:46:43.5793654Z Checks completed: capture-failure-log, capture-failure-log, e2e, autofix, maybe-label, web-lint-and-test, test
2026-04-24T17:46:43.5794131Z Checks after check_name filter:
2026-04-24T17:46:43.5794374Z Checks in_progress: lint-and-test, connected-tests
2026-04-24T17:46:43.5794862Z Checks completed: capture-failure-log, capture-failure-log, e2e, autofix, maybe-label, web-lint-and-test, test
2026-04-24T17:46:43.5795339Z Checks after Regexp filter:
2026-04-24T17:46:43.5795579Z Checks in_progress: lint-and-test, connected-tests
2026-04-24T17:46:43.5796069Z Checks completed: capture-failure-log, capture-failure-log, e2e, autofix, maybe-label, web-lint-and-test, test
2026-04-24T17:46:43.5796645Z The requested checks aren't complete yet, will check back in 30 seconds...
2026-04-24T17:46:43.5796976Z Checks running on ref:
2026-04-24T17:46:43.5797234Z Checks in_progress: lint-and-test, connected-tests, Auto-merge
2026-04-24T17:46:43.5797973Z Checks completed: capture-failure-log, capture-failure-log, e2e, autofix, maybe-label, web-lint-and-test, test
2026-04-24T17:46:43.5798589Z Checks after ignore checks filter:
2026-04-24T17:46:43.5798845Z Checks in_progress: lint-and-test, connected-tests
2026-04-24T17:46:43.5799336Z Checks completed: capture-failure-log, capture-failure-log, e2e, autofix, maybe-label, web-lint-and-test, test
2026-04-24T17:46:43.5799820Z Checks after check_name filter:
2026-04-24T17:46:43.5800062Z Checks in_progress: lint-and-test, connected-tests
2026-04-24T17:46:43.5800659Z Checks completed: capture-failure-log, capture-failure-log, e2e, autofix, maybe-label, web-lint-and-test, test
2026-04-24T17:46:43.5801138Z Checks after Regexp filter:
2026-04-24T17:46:43.5801376Z Checks in_progress: lint-and-test, connected-tests
2026-04-24T17:46:43.5801871Z Checks completed: capture-failure-log, capture-failure-log, e2e, autofix, maybe-label, web-lint-and-test, test
2026-04-24T17:46:43.5802441Z The requested checks aren't complete yet, will check back in 30 seconds...
2026-04-24T17:46:43.5802777Z Checks running on ref:
2026-04-24T17:50:17.0358746Z Checks completed: firebase-distribute, capture-failure-log / capture, lint-and-test, capture-failure-log, capture-failure-log, e2e, autofix, maybe-label, web-lint-and-test, test
2026-04-24T17:50:17.0360475Z Checks in_progress: connected-tests, Auto-merge
2026-04-24T17:50:17.0361128Z Checks after ignore checks filter:
2026-04-24T17:50:17.0362779Z Checks completed: firebase-distribute, capture-failure-log / capture, lint-and-test, capture-failure-log, capture-failure-log, e2e, autofix, maybe-label, web-lint-and-test, test
2026-04-24T17:50:17.0364102Z Checks in_progress: connected-tests
2026-04-24T17:50:17.0364416Z Checks after check_name filter:
2026-04-24T17:50:17.0365334Z Checks completed: firebase-distribute, capture-failure-log / capture, lint-and-test, capture-failure-log, capture-failure-log, e2e, autofix, maybe-label, web-lint-and-test, test
2026-04-24T17:50:17.0366303Z Checks in_progress: connected-tests
2026-04-24T17:50:17.0366601Z Checks after Regexp filter:
2026-04-24T17:50:17.0367802Z Checks completed: firebase-distribute, capture-failure-log / capture, lint-and-test, capture-failure-log, capture-failure-log, e2e, autofix, maybe-label, web-lint-and-test, test
2026-04-24T17:50:17.0368805Z Checks in_progress: connected-tests
2026-04-24T17:50:17.0369247Z The requested checks aren't complete yet, will check back in 30 seconds...
2026-04-24T17:50:17.0369708Z Checks running on ref:
2026-04-24T17:50:17.0370596Z Checks completed: firebase-distribute, capture-failure-log / capture, lint-and-test, capture-failure-log, capture-failure-log, e2e, autofix, maybe-label, web-lint-and-test, test
2026-04-24T17:50:17.0371595Z Checks in_progress: connected-tests, Auto-merge
2026-04-24T17:50:17.0371951Z Checks after ignore checks filter:
2026-04-24T17:50:17.0372894Z Checks completed: firebase-distribute, capture-failure-log / capture, lint-and-test, capture-failure-log, capture-failure-log, e2e, autofix, maybe-label, web-lint-and-test, test
2026-04-24T17:50:17.0373900Z Checks in_progress: connected-tests
2026-04-24T17:50:17.0374195Z Checks after check_name filter:
2026-04-24T17:50:17.0374909Z Checks completed: firebase-distribute, capture-failure-log / capture, lint-and-test, capture-failure-log, capture-failure-log, e2e, autofix, maybe-label, web-lint-and-test, test
2026-04-24T17:50:17.0375646Z Checks in_progress: connected-tests
2026-04-24T17:50:17.0375884Z Checks after Regexp filter:
2026-04-24T17:50:17.0376576Z Checks completed: firebase-distribute, capture-failure-log / capture, lint-and-test, capture-failure-log, capture-failure-log, e2e, autofix, maybe-label, web-lint-and-test, test
2026-04-24T17:50:17.0377293Z Checks in_progress: connected-tests
2026-04-24T17:50:17.0377868Z The requested checks aren't complete yet, will check back in 30 seconds...
2026-04-24T17:50:17.0378215Z Checks running on ref:
2026-04-24T17:50:17.0378881Z Checks completed: firebase-distribute, capture-failure-log / capture, lint-and-test, capture-failure-log, capture-failure-log, e2e, autofix, maybe-label, web-lint-and-test, test
2026-04-24T17:50:17.0379624Z Checks in_progress: connected-tests, Auto-merge
2026-04-24T17:50:17.0380240Z Checks after ignore checks filter:
2026-04-24T17:50:17.0380939Z Checks completed: firebase-distribute, capture-failure-log / capture, lint-and-test, capture-failure-log, capture-failure-log, e2e, autofix, maybe-label, web-lint-and-test, test
2026-04-24T17:50:17.0381652Z Checks in_progress: connected-tests
2026-04-24T17:50:17.0382033Z Checks after check_name filter:
2026-04-24T17:50:17.0382719Z Checks completed: firebase-distribute, capture-failure-log / capture, lint-and-test, capture-failure-log, capture-failure-log, e2e, autofix, maybe-label, web-lint-and-test, test
2026-04-24T17:50:17.0383426Z Checks in_progress: connected-tests
2026-04-24T17:50:17.0383664Z Checks after Regexp filter:
2026-04-24T17:50:17.0384322Z Checks completed: firebase-distribute, capture-failure-log / capture, lint-and-test, capture-failure-log, capture-failure-log, e2e, autofix, maybe-label, web-lint-and-test, test
2026-04-24T17:50:17.0385034Z Checks in_progress: connected-tests
2026-04-24T17:50:17.0385362Z The requested checks aren't complete yet, will check back in 30 seconds...
2026-04-24T17:50:17.0385706Z Checks running on ref:
2026-04-24T17:50:17.0386356Z Checks completed: firebase-distribute, capture-failure-log / capture, lint-and-test, capture-failure-log, capture-failure-log, e2e, autofix, maybe-label, web-lint-and-test, test
2026-04-24T17:50:17.0387094Z Checks in_progress: connected-tests, Auto-merge
2026-04-24T17:50:17.0387362Z Checks after ignore checks filter:
2026-04-24T17:50:17.0388279Z Checks completed: firebase-distribute, capture-failure-log / capture, lint-and-test, capture-failure-log, capture-failure-log, e2e, autofix, maybe-label, web-lint-and-test, test
2026-04-24T17:50:17.0388991Z Checks in_progress: connected-tests
2026-04-24T17:50:17.0389220Z Checks after check_name filter:
2026-04-24T17:50:17.0389886Z Checks completed: firebase-distribute, capture-failure-log / capture, lint-and-test, capture-failure-log, capture-failure-log, e2e, autofix, maybe-label, web-lint-and-test, test
2026-04-24T17:50:17.0390601Z Checks in_progress: connected-tests
2026-04-24T17:50:17.0390821Z Checks after Regexp filter:
2026-04-24T17:50:17.0391489Z Checks completed: firebase-distribute, capture-failure-log / capture, lint-and-test, capture-failure-log, capture-failure-log, e2e, autofix, maybe-label, web-lint-and-test, test
2026-04-24T17:50:17.0392197Z Checks in_progress: connected-tests
2026-04-24T17:50:17.0392522Z The requested checks aren't complete yet, will check back in 30 seconds...
2026-04-24T17:50:17.0392856Z Checks running on ref:
2026-04-24T17:50:17.0393499Z Checks completed: firebase-distribute, capture-failure-log / capture, lint-and-test, capture-failure-log, capture-failure-log, e2e, autofix, maybe-label, web-lint-and-test, test
2026-04-24T17:50:17.0394234Z Checks in_progress: connected-tests, Auto-merge
2026-04-24T17:50:17.0394497Z Checks after ignore checks filter:
2026-04-24T17:50:17.0395185Z Checks completed: firebase-distribute, capture-failure-log / capture, lint-and-test, capture-failure-log, capture-failure-log, e2e, autofix, maybe-label, web-lint-and-test, test
2026-04-24T17:50:17.0395903Z Checks in_progress: connected-tests
2026-04-24T17:50:17.0396128Z Checks after check_name filter:
2026-04-24T17:50:17.0396805Z Checks completed: firebase-distribute, capture-failure-log / capture, lint-and-test, capture-failure-log, capture-failure-log, e2e, autofix, maybe-label, web-lint-and-test, test
2026-04-24T17:50:17.0397793Z Checks in_progress: connected-tests
2026-04-24T17:50:17.0398055Z Checks after Regexp filter:
2026-04-24T17:50:17.0398717Z Checks completed: firebase-distribute, capture-failure-log / capture, lint-and-test, capture-failure-log, capture-failure-log, e2e, autofix, maybe-label, web-lint-and-test, test
2026-04-24T17:50:17.0399433Z Checks in_progress: connected-tests
2026-04-24T17:50:17.0399759Z The requested checks aren't complete yet, will check back in 30 seconds...
2026-04-24T17:50:17.0400091Z Checks running on ref:
2026-04-24T17:50:17.0400740Z Checks completed: firebase-distribute, capture-failure-log / capture, lint-and-test, capture-failure-log, capture-failure-log, e2e, autofix, maybe-label, web-lint-and-test, test
2026-04-24T17:50:17.0401613Z Checks in_progress: connected-tests, Auto-merge
2026-04-24T17:50:17.0401879Z Checks after ignore checks filter:
2026-04-24T17:50:17.0402770Z Checks completed: firebase-distribute, capture-failure-log / capture, lint-and-test, capture-failure-log, capture-failure-log, e2e, autofix, maybe-label, web-lint-and-test, test
2026-04-24T17:50:17.0403525Z Checks in_progress: connected-tests
2026-04-24T17:50:17.0403759Z Checks after check_name filter:
2026-04-24T17:50:17.0404444Z Checks completed: firebase-distribute, capture-failure-log / capture, lint-and-test, capture-failure-log, capture-failure-log, e2e, autofix, maybe-label, web-lint-and-test, test
2026-04-24T17:50:17.0405159Z Checks in_progress: connected-tests
2026-04-24T17:50:17.0405390Z Checks after Regexp filter:
2026-04-24T17:50:17.0406060Z Checks completed: firebase-distribute, capture-failure-log / capture, lint-and-test, capture-failure-log, capture-failure-log, e2e, autofix, maybe-label, web-lint-and-test, test
2026-04-24T17:50:17.0406784Z Checks in_progress: connected-tests
2026-04-24T17:50:17.0407109Z The requested checks aren't complete yet, will check back in 30 seconds...
2026-04-24T17:50:17.0407665Z Checks running on ref:
2026-04-24T17:50:17.0408411Z Checks completed: firebase-distribute, capture-failure-log / capture, lint-and-test, capture-failure-log, capture-failure-log, e2e, autofix, maybe-label, web-lint-and-test, test
2026-04-24T17:50:17.0409155Z Checks in_progress: connected-tests, Auto-merge
2026-04-24T17:50:17.0409428Z Checks after ignore checks filter:
2026-04-24T17:50:17.0410109Z Checks completed: firebase-distribute, capture-failure-log / capture, lint-and-test, capture-failure-log, capture-failure-log, e2e, autofix, maybe-label, web-lint-and-test, test
2026-04-24T17:50:17.0410824Z Checks in_progress: connected-tests
2026-04-24T17:50:17.0411051Z Checks after check_name filter:
2026-04-24T17:50:17.0411723Z Checks completed: firebase-distribute, capture-failure-log / capture, lint-and-test, capture-failure-log, capture-failure-log, e2e, autofix, maybe-label, web-lint-and-test, test
2026-04-24T17:50:17.0412431Z Checks in_progress: connected-tests
2026-04-24T17:50:17.0412656Z Checks after Regexp filter:
2026-04-24T17:50:17.0413327Z Checks completed: firebase-distribute, capture-failure-log / capture, lint-and-test, capture-failure-log, capture-failure-log, e2e, autofix, maybe-label, web-lint-and-test, test
2026-04-24T17:50:17.0414038Z Checks in_progress: connected-tests
2026-04-24T17:50:17.0414369Z The requested checks aren't complete yet, will check back in 30 seconds...
2026-04-24T17:50:17.0414706Z Checks running on ref:
2026-04-24T17:50:17.0415362Z Checks completed: firebase-distribute, capture-failure-log / capture, lint-and-test, capture-failure-log, capture-failure-log, e2e, autofix, maybe-label, web-lint-and-test, test
2026-04-24T17:50:17.0416106Z Checks in_progress: connected-tests, Auto-merge
2026-04-24T17:50:17.0416372Z Checks after ignore checks filter:
2026-04-24T17:50:17.0417059Z Checks completed: firebase-distribute, capture-failure-log / capture, lint-and-test, capture-failure-log, capture-failure-log, e2e, autofix, maybe-label, web-lint-and-test, test
2026-04-24T17:50:17.0417897Z Checks in_progress: connected-tests
2026-04-24T17:50:17.0418129Z Checks after check_name filter:
2026-04-24T17:50:17.0418800Z Checks completed: firebase-distribute, capture-failure-log / capture, lint-and-test, capture-failure-log, capture-failure-log, e2e, autofix, maybe-label, web-lint-and-test, test
2026-04-24T17:50:17.0419513Z Checks in_progress: connected-tests
2026-04-24T17:50:17.0419741Z Checks after Regexp filter:
2026-04-24T17:50:17.0420402Z Checks completed: firebase-distribute, capture-failure-log / capture, lint-and-test, capture-failure-log, capture-failure-log, e2e, autofix, maybe-label, web-lint-and-test, test
2026-04-24T17:54:20.9009818Z Checks in_progress: connected-tests
2026-04-24T17:54:20.9014334Z The requested checks aren't complete yet, will check back in 30 seconds...
2026-04-24T17:54:20.9014958Z Checks running on ref:
2026-04-24T17:54:20.9016169Z Checks completed: firebase-distribute, capture-failure-log / capture, lint-and-test, capture-failure-log, capture-failure-log, e2e, autofix, maybe-label, web-lint-and-test, test
2026-04-24T17:54:20.9017365Z Checks in_progress: connected-tests, Auto-merge
2026-04-24T17:54:20.9018002Z Checks after ignore checks filter:
2026-04-24T17:54:20.9018729Z Checks completed: firebase-distribute, capture-failure-log / capture, lint-and-test, capture-failure-log, capture-failure-log, e2e, autofix, maybe-label, web-lint-and-test, test
2026-04-24T17:54:20.9019466Z Checks in_progress: connected-tests
2026-04-24T17:54:20.9019713Z Checks after check_name filter:
2026-04-24T17:54:20.9020433Z Checks completed: firebase-distribute, capture-failure-log / capture, lint-and-test, capture-failure-log, capture-failure-log, e2e, autofix, maybe-label, web-lint-and-test, test
2026-04-24T17:54:20.9021190Z Checks in_progress: connected-tests
2026-04-24T17:54:20.9021426Z Checks after Regexp filter:
2026-04-24T17:54:20.9022144Z Checks completed: firebase-distribute, capture-failure-log / capture, lint-and-test, capture-failure-log, capture-failure-log, e2e, autofix, maybe-label, web-lint-and-test, test
2026-04-24T17:54:20.9022882Z Checks in_progress: connected-tests
2026-04-24T17:54:20.9023225Z The requested checks aren't complete yet, will check back in 30 seconds...
2026-04-24T17:54:20.9023575Z Checks running on ref:
2026-04-24T17:54:20.9024236Z Checks completed: firebase-distribute, capture-failure-log / capture, lint-and-test, capture-failure-log, capture-failure-log, e2e, autofix, maybe-label, web-lint-and-test, test
2026-04-24T17:54:20.9024986Z Checks in_progress: connected-tests, Auto-merge
2026-04-24T17:54:20.9025258Z Checks after ignore checks filter:
2026-04-24T17:54:20.9025978Z Checks completed: firebase-distribute, capture-failure-log / capture, lint-and-test, capture-failure-log, capture-failure-log, e2e, autofix, maybe-label, web-lint-and-test, test
2026-04-24T17:54:20.9026728Z Checks in_progress: connected-tests
2026-04-24T17:54:20.9026965Z Checks after check_name filter:
2026-04-24T17:54:20.9027889Z Checks completed: firebase-distribute, capture-failure-log / capture, lint-and-test, capture-failure-log, capture-failure-log, e2e, autofix, maybe-label, web-lint-and-test, test
2026-04-24T17:54:20.9028647Z Checks in_progress: connected-tests
2026-04-24T17:54:20.9028890Z Checks after Regexp filter:
2026-04-24T17:54:20.9029568Z Checks completed: firebase-distribute, capture-failure-log / capture, lint-and-test, capture-failure-log, capture-failure-log, e2e, autofix, maybe-label, web-lint-and-test, test
2026-04-24T17:54:20.9030292Z Checks in_progress: connected-tests
2026-04-24T17:54:20.9030629Z The requested checks aren't complete yet, will check back in 30 seconds...
2026-04-24T17:54:20.9030976Z Checks running on ref:
2026-04-24T17:54:20.9031644Z Checks completed: firebase-distribute, capture-failure-log / capture, lint-and-test, capture-failure-log, capture-failure-log, e2e, autofix, maybe-label, web-lint-and-test, test
2026-04-24T17:54:20.9032386Z Checks in_progress: connected-tests, Auto-merge
2026-04-24T17:54:20.9032661Z Checks after ignore checks filter:
2026-04-24T17:54:20.9033354Z Checks completed: firebase-distribute, capture-failure-log / capture, lint-and-test, capture-failure-log, capture-failure-log, e2e, autofix, maybe-label, web-lint-and-test, test
2026-04-24T17:54:20.9034074Z Checks in_progress: connected-tests
2026-04-24T17:54:20.9034312Z Checks after check_name filter:
2026-04-24T17:54:20.9034991Z Checks completed: firebase-distribute, capture-failure-log / capture, lint-and-test, capture-failure-log, capture-failure-log, e2e, autofix, maybe-label, web-lint-and-test, test
2026-04-24T17:54:20.9035721Z Checks in_progress: connected-tests
2026-04-24T17:54:20.9035946Z Checks after Regexp filter:
2026-04-24T17:54:20.9036802Z Checks completed: firebase-distribute, capture-failure-log / capture, lint-and-test, capture-failure-log, capture-failure-log, e2e, autofix, maybe-label, web-lint-and-test, test
2026-04-24T17:54:20.9037793Z Checks in_progress: connected-tests
2026-04-24T17:54:20.9038136Z The requested checks aren't complete yet, will check back in 30 seconds...
2026-04-24T17:54:20.9038488Z Checks running on ref:
2026-04-24T17:54:20.9039284Z Checks completed: firebase-distribute, capture-failure-log / capture, lint-and-test, capture-failure-log, capture-failure-log, e2e, autofix, maybe-label, web-lint-and-test, test
2026-04-24T17:54:20.9040037Z Checks in_progress: connected-tests, Auto-merge
2026-04-24T17:54:20.9040312Z Checks after ignore checks filter:
2026-04-24T17:54:20.9041004Z Checks completed: firebase-distribute, capture-failure-log / capture, lint-and-test, capture-failure-log, capture-failure-log, e2e, autofix, maybe-label, web-lint-and-test, test
2026-04-24T17:54:20.9041720Z Checks in_progress: connected-tests
2026-04-24T17:54:20.9041955Z Checks after check_name filter:
2026-04-24T17:54:20.9042632Z Checks completed: firebase-distribute, capture-failure-log / capture, lint-and-test, capture-failure-log, capture-failure-log, e2e, autofix, maybe-label, web-lint-and-test, test
2026-04-24T17:54:20.9043340Z Checks in_progress: connected-tests
2026-04-24T17:54:20.9043736Z Checks after Regexp filter:
2026-04-24T17:54:20.9044615Z Checks completed: firebase-distribute, capture-failure-log / capture, lint-and-test, capture-failure-log, capture-failure-log, e2e, autofix, maybe-label, web-lint-and-test, test
2026-04-24T17:54:20.9045333Z Checks in_progress: connected-tests
2026-04-24T17:54:20.9045665Z The requested checks aren't complete yet, will check back in 30 seconds...
2026-04-24T17:54:20.9046001Z Checks running on ref:
2026-04-24T17:54:20.9046657Z Checks completed: firebase-distribute, capture-failure-log / capture, lint-and-test, capture-failure-log, capture-failure-log, e2e, autofix, maybe-label, web-lint-and-test, test
2026-04-24T17:54:20.9047402Z Checks in_progress: connected-tests, Auto-merge
2026-04-24T17:54:20.9047904Z Checks after ignore checks filter:
2026-04-24T17:54:20.9048599Z Checks completed: firebase-distribute, capture-failure-log / capture, lint-and-test, capture-failure-log, capture-failure-log, e2e, autofix, maybe-label, web-lint-and-test, test
2026-04-24T17:54:20.9049308Z Checks in_progress: connected-tests
2026-04-24T17:54:20.9049543Z Checks after check_name filter:
2026-04-24T17:54:20.9050215Z Checks completed: firebase-distribute, capture-failure-log / capture, lint-and-test, capture-failure-log, capture-failure-log, e2e, autofix, maybe-label, web-lint-and-test, test
2026-04-24T17:54:20.9050936Z Checks in_progress: connected-tests
2026-04-24T17:54:20.9051162Z Checks after Regexp filter:
2026-04-24T17:54:20.9051823Z Checks completed: firebase-distribute, capture-failure-log / capture, lint-and-test, capture-failure-log, capture-failure-log, e2e, autofix, maybe-label, web-lint-and-test, test
2026-04-24T17:54:20.9052566Z Checks in_progress: connected-tests
2026-04-24T17:54:20.9052896Z The requested checks aren't complete yet, will check back in 30 seconds...
2026-04-24T17:54:20.9053239Z Checks running on ref:
2026-04-24T17:54:20.9053898Z Checks completed: firebase-distribute, capture-failure-log / capture, lint-and-test, capture-failure-log, capture-failure-log, e2e, autofix, maybe-label, web-lint-and-test, test
2026-04-24T17:54:20.9054648Z Checks in_progress: connected-tests, Auto-merge
2026-04-24T17:54:20.9054916Z Checks after ignore checks filter:
2026-04-24T17:54:20.9055601Z Checks completed: firebase-distribute, capture-failure-log / capture, lint-and-test, capture-failure-log, capture-failure-log, e2e, autofix, maybe-label, web-lint-and-test, test
2026-04-24T17:54:20.9056321Z Checks in_progress: connected-tests
2026-04-24T17:54:20.9056542Z Checks after check_name filter:
2026-04-24T17:54:20.9057221Z Checks completed: firebase-distribute, capture-failure-log / capture, lint-and-test, capture-failure-log, capture-failure-log, e2e, autofix, maybe-label, web-lint-and-test, test
2026-04-24T17:54:20.9058341Z Checks in_progress: connected-tests
2026-04-24T17:54:20.9058569Z Checks after Regexp filter:
2026-04-24T17:54:20.9059236Z Checks completed: firebase-distribute, capture-failure-log / capture, lint-and-test, capture-failure-log, capture-failure-log, e2e, autofix, maybe-label, web-lint-and-test, test
2026-04-24T17:54:20.9060070Z Checks in_progress: connected-tests
2026-04-24T17:54:20.9060405Z The requested checks aren't complete yet, will check back in 30 seconds...
2026-04-24T17:54:20.9060738Z Checks running on ref:
2026-04-24T17:54:20.9061393Z Checks completed: firebase-distribute, capture-failure-log / capture, lint-and-test, capture-failure-log, capture-failure-log, e2e, autofix, maybe-label, web-lint-and-test, test
2026-04-24T17:54:20.9062137Z Checks in_progress: connected-tests, Auto-merge
2026-04-24T17:54:20.9062403Z Checks after ignore checks filter:
2026-04-24T17:54:20.9063092Z Checks completed: firebase-distribute, capture-failure-log / capture, lint-and-test, capture-failure-log, capture-failure-log, e2e, autofix, maybe-label, web-lint-and-test, test
2026-04-24T17:54:20.9063810Z Checks in_progress: connected-tests
2026-04-24T17:54:20.9064044Z Checks after check_name filter:
2026-04-24T17:54:20.9064721Z Checks completed: firebase-distribute, capture-failure-log / capture, lint-and-test, capture-failure-log, capture-failure-log, e2e, autofix, maybe-label, web-lint-and-test, test
2026-04-24T17:54:20.9065438Z Checks in_progress: connected-tests
2026-04-24T17:54:20.9065666Z Checks after Regexp filter:
2026-04-24T17:54:20.9066332Z Checks completed: firebase-distribute, capture-failure-log / capture, lint-and-test, capture-failure-log, capture-failure-log, e2e, autofix, maybe-label, web-lint-and-test, test
2026-04-24T17:54:20.9067046Z Checks in_progress: connected-tests
2026-04-24T17:54:20.9067365Z The requested checks aren't complete yet, will check back in 30 seconds...
2026-04-24T17:54:20.9067931Z Checks running on ref:
2026-04-24T17:54:20.9068596Z Checks completed: firebase-distribute, capture-failure-log / capture, lint-and-test, capture-failure-log, capture-failure-log, e2e, autofix, maybe-label, web-lint-and-test, test
2026-04-24T17:54:20.9069335Z Checks in_progress: connected-tests, Auto-merge
2026-04-24T17:54:20.9069602Z Checks after ignore checks filter:
2026-04-24T17:54:20.9070291Z Checks completed: firebase-distribute, capture-failure-log / capture, lint-and-test, capture-failure-log, capture-failure-log, e2e, autofix, maybe-label, web-lint-and-test, test
2026-04-24T17:54:20.9071006Z Checks in_progress: connected-tests
2026-04-24T17:54:20.9071230Z Checks after check_name filter:
2026-04-24T17:58:24.7003649Z Checks completed: firebase-distribute, capture-failure-log / capture, lint-and-test, capture-failure-log, capture-failure-log, e2e, autofix, maybe-label, web-lint-and-test, test
2026-04-24T17:58:24.7005359Z Checks in_progress: connected-tests
2026-04-24T17:58:24.7006033Z Checks after Regexp filter:
2026-04-24T17:58:24.7007095Z Checks completed: firebase-distribute, capture-failure-log / capture, lint-and-test, capture-failure-log, capture-failure-log, e2e, autofix, maybe-label, web-lint-and-test, test
2026-04-24T17:58:24.7008377Z Checks in_progress: connected-tests
2026-04-24T17:58:24.7008827Z The requested checks aren't complete yet, will check back in 30 seconds...
2026-04-24T17:58:24.7009296Z Checks running on ref:
2026-04-24T17:58:24.7010177Z Checks completed: firebase-distribute, capture-failure-log / capture, lint-and-test, capture-failure-log, capture-failure-log, e2e, autofix, maybe-label, web-lint-and-test, test
2026-04-24T17:58:24.7011168Z Checks in_progress: connected-tests, Auto-merge
2026-04-24T17:58:24.7011526Z Checks after ignore checks filter:
2026-04-24T17:58:24.7012453Z Checks completed: firebase-distribute, capture-failure-log / capture, lint-and-test, capture-failure-log, capture-failure-log, e2e, autofix, maybe-label, web-lint-and-test, test
2026-04-24T17:58:24.7013420Z Checks in_progress: connected-tests
2026-04-24T17:58:24.7014094Z Checks after check_name filter:
2026-04-24T17:58:24.7015010Z Checks completed: firebase-distribute, capture-failure-log / capture, lint-and-test, capture-failure-log, capture-failure-log, e2e, autofix, maybe-label, web-lint-and-test, test
2026-04-24T17:58:24.7015973Z Checks in_progress: connected-tests
2026-04-24T17:58:24.7016269Z Checks after Regexp filter:
2026-04-24T17:58:24.7017250Z Checks completed: firebase-distribute, capture-failure-log / capture, lint-and-test, capture-failure-log, capture-failure-log, e2e, autofix, maybe-label, web-lint-and-test, test
2026-04-24T17:58:24.7018255Z Checks in_progress: connected-tests
2026-04-24T17:58:24.7018614Z The requested checks aren't complete yet, will check back in 30 seconds...
2026-04-24T17:58:24.7018962Z Checks running on ref:
2026-04-24T17:58:24.7019645Z Checks completed: firebase-distribute, capture-failure-log / capture, lint-and-test, capture-failure-log, capture-failure-log, e2e, autofix, maybe-label, web-lint-and-test, test
2026-04-24T17:58:24.7020402Z Checks in_progress: connected-tests, Auto-merge
2026-04-24T17:58:24.7020673Z Checks after ignore checks filter:
2026-04-24T17:58:24.7021378Z Checks completed: firebase-distribute, capture-failure-log / capture, lint-and-test, capture-failure-log, capture-failure-log, e2e, autofix, maybe-label, web-lint-and-test, test
2026-04-24T17:58:24.7022108Z Checks in_progress: connected-tests
2026-04-24T17:58:24.7022346Z Checks after check_name filter:
2026-04-24T17:58:24.7023037Z Checks completed: firebase-distribute, capture-failure-log / capture, lint-and-test, capture-failure-log, capture-failure-log, e2e, autofix, maybe-label, web-lint-and-test, test
2026-04-24T17:58:24.7023755Z Checks in_progress: connected-tests
2026-04-24T17:58:24.7023986Z Checks after Regexp filter:
2026-04-24T17:58:24.7024657Z Checks completed: firebase-distribute, capture-failure-log / capture, lint-and-test, capture-failure-log, capture-failure-log, e2e, autofix, maybe-label, web-lint-and-test, test
2026-04-24T17:58:24.7025382Z Checks in_progress: connected-tests
2026-04-24T17:58:24.7025707Z The requested checks aren't complete yet, will check back in 30 seconds...
2026-04-24T17:58:24.7026050Z Checks running on ref:
2026-04-24T17:58:24.7026716Z Checks completed: firebase-distribute, capture-failure-log / capture, lint-and-test, capture-failure-log, capture-failure-log, e2e, autofix, maybe-label, web-lint-and-test, test
2026-04-24T17:58:24.7027651Z Checks in_progress: connected-tests, Auto-merge
2026-04-24T17:58:24.7027933Z Checks after ignore checks filter:
2026-04-24T17:58:24.7028617Z Checks completed: firebase-distribute, capture-failure-log / capture, lint-and-test, capture-failure-log, capture-failure-log, e2e, autofix, maybe-label, web-lint-and-test, test
2026-04-24T17:58:24.7029328Z Checks in_progress: connected-tests
2026-04-24T17:58:24.7029556Z Checks after check_name filter:
2026-04-24T17:58:24.7030232Z Checks completed: firebase-distribute, capture-failure-log / capture, lint-and-test, capture-failure-log, capture-failure-log, e2e, autofix, maybe-label, web-lint-and-test, test
2026-04-24T17:58:24.7030948Z Checks in_progress: connected-tests
2026-04-24T17:58:24.7031170Z Checks after Regexp filter:
2026-04-24T17:58:24.7031839Z Checks completed: firebase-distribute, capture-failure-log / capture, lint-and-test, capture-failure-log, capture-failure-log, e2e, autofix, maybe-label, web-lint-and-test, test
2026-04-24T17:58:24.7032549Z Checks in_progress: connected-tests
2026-04-24T17:58:24.7032895Z The requested checks aren't complete yet, will check back in 30 seconds...
2026-04-24T17:58:24.7033237Z Checks running on ref:
2026-04-24T17:58:24.7033886Z Checks completed: firebase-distribute, capture-failure-log / capture, lint-and-test, capture-failure-log, capture-failure-log, e2e, autofix, maybe-label, web-lint-and-test, test
2026-04-24T17:58:24.7034624Z Checks in_progress: connected-tests, Auto-merge
2026-04-24T17:58:24.7034886Z Checks after ignore checks filter:
2026-04-24T17:58:24.7035574Z Checks completed: firebase-distribute, capture-failure-log / capture, lint-and-test, capture-failure-log, capture-failure-log, e2e, autofix, maybe-label, web-lint-and-test, test
2026-04-24T17:58:24.7036424Z Checks in_progress: connected-tests
2026-04-24T17:58:24.7036654Z Checks after check_name filter:
2026-04-24T17:58:24.7037656Z Checks completed: firebase-distribute, capture-failure-log / capture, lint-and-test, capture-failure-log, capture-failure-log, e2e, autofix, maybe-label, web-lint-and-test, test
2026-04-24T17:58:24.7038419Z Checks in_progress: connected-tests
2026-04-24T17:58:24.7038645Z Checks after Regexp filter:
2026-04-24T17:58:24.7039308Z Checks completed: firebase-distribute, capture-failure-log / capture, lint-and-test, capture-failure-log, capture-failure-log, e2e, autofix, maybe-label, web-lint-and-test, test
2026-04-24T17:58:24.7040018Z Checks in_progress: connected-tests
2026-04-24T17:58:24.7040345Z The requested checks aren't complete yet, will check back in 30 seconds...
2026-04-24T17:58:24.7040690Z Checks running on ref:
2026-04-24T17:58:24.7041345Z Checks completed: firebase-distribute, capture-failure-log / capture, lint-and-test, capture-failure-log, capture-failure-log, e2e, autofix, maybe-label, web-lint-and-test, test
2026-04-24T17:58:24.7042076Z Checks in_progress: connected-tests, Auto-merge
2026-04-24T17:58:24.7042346Z Checks after ignore checks filter:
2026-04-24T17:58:24.7043037Z Checks completed: firebase-distribute, capture-failure-log / capture, lint-and-test, capture-failure-log, capture-failure-log, e2e, autofix, maybe-label, web-lint-and-test, test
2026-04-24T17:58:24.7043752Z Checks in_progress: connected-tests
2026-04-24T17:58:24.7043985Z Checks after check_name filter:
2026-04-24T17:58:24.7044654Z Checks completed: firebase-distribute, capture-failure-log / capture, lint-and-test, capture-failure-log, capture-failure-log, e2e, autofix, maybe-label, web-lint-and-test, test
2026-04-24T17:58:24.7045365Z Checks in_progress: connected-tests
2026-04-24T17:58:24.7045587Z Checks after Regexp filter:
2026-04-24T17:58:24.7046255Z Checks completed: firebase-distribute, capture-failure-log / capture, lint-and-test, capture-failure-log, capture-failure-log, e2e, autofix, maybe-label, web-lint-and-test, test
2026-04-24T17:58:24.7046965Z Checks in_progress: connected-tests
2026-04-24T17:58:24.7047290Z The requested checks aren't complete yet, will check back in 30 seconds...
2026-04-24T17:58:24.7047932Z Checks running on ref:
2026-04-24T17:58:24.7048585Z Checks completed: firebase-distribute, capture-failure-log / capture, lint-and-test, capture-failure-log, capture-failure-log, e2e, autofix, maybe-label, web-lint-and-test, test
2026-04-24T17:58:24.7049322Z Checks in_progress: connected-tests, Auto-merge
2026-04-24T17:58:24.7049585Z Checks after ignore checks filter:
2026-04-24T17:58:24.7050270Z Checks completed: firebase-distribute, capture-failure-log / capture, lint-and-test, capture-failure-log, capture-failure-log, e2e, autofix, maybe-label, web-lint-and-test, test
2026-04-24T17:58:24.7050988Z Checks in_progress: connected-tests
2026-04-24T17:58:24.7051209Z Checks after check_name filter:
2026-04-24T17:58:24.7051882Z Checks completed: firebase-distribute, capture-failure-log / capture, lint-and-test, capture-failure-log, capture-failure-log, e2e, autofix, maybe-label, web-lint-and-test, test
2026-04-24T17:58:24.7052591Z Checks in_progress: connected-tests
2026-04-24T17:58:24.7052821Z Checks after Regexp filter:
2026-04-24T17:58:24.7053485Z Checks completed: firebase-distribute, capture-failure-log / capture, lint-and-test, capture-failure-log, capture-failure-log, e2e, autofix, maybe-label, web-lint-and-test, test
2026-04-24T17:58:24.7054192Z Checks in_progress: connected-tests
2026-04-24T17:58:24.7054518Z The requested checks aren't complete yet, will check back in 30 seconds...
2026-04-24T17:58:24.7054853Z Checks running on ref:
2026-04-24T17:58:24.7055502Z Checks completed: firebase-distribute, capture-failure-log / capture, lint-and-test, capture-failure-log, capture-failure-log, e2e, autofix, maybe-label, web-lint-and-test, test
2026-04-24T17:58:24.7056369Z Checks in_progress: connected-tests, Auto-merge
2026-04-24T17:58:24.7056637Z Checks after ignore checks filter:
2026-04-24T17:58:24.7057323Z Checks completed: firebase-distribute, capture-failure-log / capture, lint-and-test, capture-failure-log, capture-failure-log, e2e, autofix, maybe-label, web-lint-and-test, test
2026-04-24T17:58:24.7058415Z Checks in_progress: connected-tests
2026-04-24T17:58:24.7058650Z Checks after check_name filter:
2026-04-24T17:58:24.7059320Z Checks completed: firebase-distribute, capture-failure-log / capture, lint-and-test, capture-failure-log, capture-failure-log, e2e, autofix, maybe-label, web-lint-and-test, test
2026-04-24T17:58:24.7060030Z Checks in_progress: connected-tests
2026-04-24T17:58:24.7060255Z Checks after Regexp filter:
2026-04-24T17:58:24.7060915Z Checks completed: firebase-distribute, capture-failure-log / capture, lint-and-test, capture-failure-log, capture-failure-log, e2e, autofix, maybe-label, web-lint-and-test, test
2026-04-24T17:58:24.7061631Z Checks in_progress: connected-tests
2026-04-24T17:58:24.7061950Z The requested checks aren't complete yet, will check back in 30 seconds...
2026-04-24T17:58:24.7062289Z Checks running on ref:
2026-04-24T17:58:24.7062542Z Checks in_progress: capture-failure-log / capture, Auto-merge
2026-04-24T17:58:24.7063385Z Checks completed: firebase-distribute, capture-failure-log / capture, lint-and-test, capture-failure-log, capture-failure-log, e2e, autofix, maybe-label, connected-tests, web-lint-and-test, test
2026-04-24T17:58:24.7064162Z Checks after ignore checks filter:
2026-04-24T17:58:24.7064418Z Checks in_progress: capture-failure-log / capture
2026-04-24T17:58:55.2200243Z Checks completed: firebase-distribute, capture-failure-log / capture, lint-and-test, capture-failure-log, capture-failure-log, e2e, autofix, maybe-label, connected-tests, web-lint-and-test, test
2026-04-24T17:58:55.2201975Z Checks after check_name filter:
2026-04-24T17:58:55.2202499Z Checks in_progress: capture-failure-log / capture
2026-04-24T17:58:55.2204210Z Checks completed: firebase-distribute, capture-failure-log / capture, lint-and-test, capture-failure-log, capture-failure-log, e2e, autofix, maybe-label, connected-tests, web-lint-and-test, test
2026-04-24T17:58:55.2205830Z Checks after Regexp filter:
2026-04-24T17:58:55.2206317Z Checks in_progress: capture-failure-log / capture
2026-04-24T17:58:55.2208254Z Checks completed: firebase-distribute, capture-failure-log / capture, lint-and-test, capture-failure-log, capture-failure-log, e2e, autofix, maybe-label, connected-tests, web-lint-and-test, test
2026-04-24T17:58:55.2210085Z The requested checks aren't complete yet, will check back in 30 seconds...
2026-04-24T17:58:55.2210650Z Checks running on ref:
2026-04-24T17:58:55.2212020Z Checks completed: capture-failure-log / capture, firebase-distribute, capture-failure-log / capture, lint-and-test, capture-failure-log, capture-failure-log, e2e, autofix, maybe-label, connected-tests, web-lint-and-test, test
2026-04-24T17:58:55.2213520Z Checks in_progress: Auto-merge
2026-04-24T17:58:55.2213879Z Checks after ignore checks filter:
2026-04-24T17:58:55.2215292Z Checks completed: capture-failure-log / capture, firebase-distribute, capture-failure-log / capture, lint-and-test, capture-failure-log, capture-failure-log, e2e, autofix, maybe-label, connected-tests, web-lint-and-test, test
2026-04-24T17:58:55.2216743Z Checks after check_name filter:
2026-04-24T17:58:55.2218261Z Checks completed: capture-failure-log / capture, firebase-distribute, capture-failure-log / capture, lint-and-test, capture-failure-log, capture-failure-log, e2e, autofix, maybe-label, connected-tests, web-lint-and-test, test
2026-04-24T17:58:55.2219764Z Checks after Regexp filter:
2026-04-24T17:58:55.2221099Z Checks completed: capture-failure-log / capture, firebase-distribute, capture-failure-log / capture, lint-and-test, capture-failure-log, capture-failure-log, e2e, autofix, maybe-label, connected-tests, web-lint-and-test, test
2026-04-24T17:58:55.2222589Z Checks completed:
2026-04-24T17:58:55.2222850Z capture-failure-log / capture: completed (success)
2026-04-24T17:58:55.2223206Z firebase-distribute: completed (skipped)
2026-04-24T17:58:55.2223542Z capture-failure-log / capture: completed (success)
2026-04-24T17:58:55.2223877Z lint-and-test: completed (success)
2026-04-24T17:58:55.2224165Z capture-failure-log: completed (skipped)
2026-04-24T17:58:55.2224654Z capture-failure-log: completed (skipped)
2026-04-24T17:58:55.2224956Z e2e: completed (success)
2026-04-24T17:58:55.2225207Z autofix: completed (failure)
2026-04-24T17:58:55.2225470Z maybe-label: completed (success)
2026-04-24T17:58:55.2225748Z connected-tests: completed (failure)
2026-04-24T17:58:55.2226050Z web-lint-and-test: completed (success)
2026-04-24T17:58:55.2226341Z test: completed (success)
2026-04-24T17:58:55.2227095Z The conclusion of one or more checks were not allowed. Allowed conclusions are: success, skipped, neutral. This can be configured with the 'allowed-conclusions' param.
2026-04-24T17:58:55.2331143Z ##[error]Process completed with exit code 1.
2026-04-24T17:58:55.2454763Z Post job cleanup.
2026-04-24T17:58:55.2510987Z Cleaning up orphan processes
2026-04-24T17:58:55.2813372Z ##[warning]Node.js 20 actions are deprecated. The following actions are running on Node.js 20 and may not work as expected: actions/cache@v4. Actions will be forced to run with Node.js 24 by default starting June 2nd, 2026. Node.js 20 will be removed from the runner on September 16th, 2026. Please check if updated versions of these actions are available that support Node.js 24. To opt into Node.js 24 now, set the FORCE_JAVASCRIPT_ACTIONS_TO_NODE24=true environment variable on the runner or in your workflow file. Once Node.js 24 becomes the default, you can temporarily opt out by setting ACTIONS_ALLOW_USE_UNSECURE_NODE_VERSION=true. For more information see: https://github.blog/changelog/2025-09-19-deprecation-of-node-20-on-github-actions-runners/
