=== CI FAILURE ===
Workflow:      Auto-merge & Release
Workflow file: akarlin3/prismTask/.github/workflows/auto-merge.yml@refs/pull/686/merge
Job(s):        Auto-merge
Run ID:        24812676707
Run attempt:   1
Run URL:       https://github.com/akarlin3/prismTask/actions/runs/24812676707
Commit:        549f25ac68088c561652a598eeff7d32bf3cb523
Branch:        686/merge
Event:         pull_request
Actor:         akarlin3
Runner OS:     Linux
Timestamp:     2026-04-23T02:05:18.000Z

Failed steps:
  - Auto-merge: #3 Wait for all other CI checks to pass

=== FAILED JOB LOG ===

--- Job: Auto-merge (id 72620623497) ---
2026-04-23T02:03:35.4237603Z Current runner version: '2.333.1'
2026-04-23T02:03:35.4272394Z ##[group]Runner Image Provisioner
2026-04-23T02:03:35.4273677Z Hosted Compute Agent
2026-04-23T02:03:35.4274740Z Version: 20260213.493
2026-04-23T02:03:35.4275754Z Commit: 5c115507f6dd24b8de37d8bbe0bb4509d0cc0fa3
2026-04-23T02:03:35.4276919Z Build Date: 2026-02-13T00:28:41Z
2026-04-23T02:03:35.4278051Z Worker ID: {4c704188-24b4-4c08-80f4-30d1bf1a43fe}
2026-04-23T02:03:35.4279258Z Azure Region: northcentralus
2026-04-23T02:03:35.4280312Z ##[endgroup]
2026-04-23T02:03:35.4282706Z ##[group]Operating System
2026-04-23T02:03:35.4283804Z Ubuntu
2026-04-23T02:03:35.4284510Z 24.04.4
2026-04-23T02:03:35.4285271Z LTS
2026-04-23T02:03:35.4286156Z ##[endgroup]
2026-04-23T02:03:35.4287046Z ##[group]Runner Image
2026-04-23T02:03:35.4288038Z Image: ubuntu-24.04
2026-04-23T02:03:35.4288968Z Version: 20260413.86.1
2026-04-23T02:03:35.4290919Z Included Software: https://github.com/actions/runner-images/blob/ubuntu24/20260413.86/images/ubuntu/Ubuntu2404-Readme.md
2026-04-23T02:03:35.4294080Z Image Release: https://github.com/actions/runner-images/releases/tag/ubuntu24%2F20260413.86
2026-04-23T02:03:35.4295656Z ##[endgroup]
2026-04-23T02:03:35.4297968Z ##[group]GITHUB_TOKEN Permissions
2026-04-23T02:03:35.4300739Z Actions: read
2026-04-23T02:03:35.4301890Z Checks: read
2026-04-23T02:03:35.4302784Z Contents: write
2026-04-23T02:03:35.4303795Z Metadata: read
2026-04-23T02:03:35.4304621Z PullRequests: write
2026-04-23T02:03:35.4305586Z ##[endgroup]
2026-04-23T02:03:35.4308357Z Secret source: Actions
2026-04-23T02:03:35.4309459Z Prepare workflow directory
2026-04-23T02:03:35.4885927Z Prepare all required actions
2026-04-23T02:03:35.4928972Z Getting action download info
2026-04-23T02:03:35.8858547Z Download action repository 'lewagon/wait-on-check-action@ccfb013c15c8afb7bf2b7c028fb74dc5a068cccc' (SHA:ccfb013c15c8afb7bf2b7c028fb74dc5a068cccc)
2026-04-23T02:03:36.3065866Z Getting action download info
2026-04-23T02:03:36.4448122Z Download action repository 'ruby/setup-ruby@v1' (SHA:0cb964fd540e0a24c900370abf38a33466142735)
2026-04-23T02:03:36.8180999Z Download action repository 'actions/cache@v4' (SHA:0057852bfaa89a56745cba8c7296529d2fc39830)
2026-04-23T02:03:36.9784475Z Complete job name: Auto-merge
2026-04-23T02:03:37.0493440Z ##[group]Run set -euo pipefail
2026-04-23T02:03:37.0494588Z [36;1mset -euo pipefail[0m
2026-04-23T02:03:37.0496149Z [36;1m# Give GitHub a short grace period to schedule workflow runs for[0m
2026-04-23T02:03:37.0498183Z [36;1m# the head commit. Paths-filtered workflows (android/backend/web CI)[0m
2026-04-23T02:03:37.0500149Z [36;1m# won't run for doc-only or cross-cutting config PRs, so the[0m
2026-04-23T02:03:37.0502223Z [36;1m# wait-on-check-action step below would otherwise hang waiting for[0m
2026-04-23T02:03:37.0503908Z [36;1m# checks that will never appear.[0m
2026-04-23T02:03:37.0505001Z [36;1msleep 20[0m
2026-04-23T02:03:37.0506294Z [36;1mCOUNT=$(gh api "repos/$REPO/commits/$HEAD_SHA/check-runs" \[0m
2026-04-23T02:03:37.0508064Z [36;1m  --jq '[.check_runs[] | select(.name != "Auto-merge")] | length')[0m
2026-04-23T02:03:37.0509746Z [36;1mecho "Non-Auto-merge check runs on head: $COUNT"[0m
2026-04-23T02:03:37.0511287Z [36;1mif [ "$COUNT" -gt 0 ]; then[0m
2026-04-23T02:03:37.0512443Z [36;1m  echo "has_ci=true" >> "$GITHUB_OUTPUT"[0m
2026-04-23T02:03:37.0513591Z [36;1melse[0m
2026-04-23T02:03:37.0514509Z [36;1m  echo "has_ci=false" >> "$GITHUB_OUTPUT"[0m
2026-04-23T02:03:37.0516123Z [36;1m  echo "No CI checks on this PR — will merge without waiting."[0m
2026-04-23T02:03:37.0517472Z [36;1mfi[0m
2026-04-23T02:03:37.0544306Z shell: /usr/bin/bash -e {0}
2026-04-23T02:03:37.0545550Z env:
2026-04-23T02:03:37.0546437Z   WAIT_INTERVAL: 30
2026-04-23T02:03:37.0547742Z   GH_TOKEN: ***
2026-04-23T02:03:37.0548732Z   HEAD_SHA: c075426e957be087df31dd5486eda0acee46f579
2026-04-23T02:03:37.0550044Z   REPO: akarlin3/prismTask
2026-04-23T02:03:37.0550968Z ##[endgroup]
2026-04-23T02:03:57.4014096Z Non-Auto-merge check runs on head: 3
2026-04-23T02:03:57.4244950Z ##[group]Run lewagon/wait-on-check-action@ccfb013c15c8afb7bf2b7c028fb74dc5a068cccc
2026-04-23T02:03:57.4245446Z with:
2026-04-23T02:03:57.4245693Z   ref: c075426e957be087df31dd5486eda0acee46f579
2026-04-23T02:03:57.4246035Z   running-workflow-name: Auto-merge
2026-04-23T02:03:57.4246679Z   repo-token: ***
2026-04-23T02:03:57.4246915Z   wait-interval: 30
2026-04-23T02:03:57.4247172Z   allowed-conclusions: success,skipped
2026-04-23T02:03:57.4247456Z   verbose: true
2026-04-23T02:03:57.4247667Z env:
2026-04-23T02:03:57.4247858Z   WAIT_INTERVAL: 30
2026-04-23T02:03:57.4248080Z ##[endgroup]
2026-04-23T02:03:57.4390610Z ##[group]Run ruby/setup-ruby@v1
2026-04-23T02:03:57.4390926Z with:
2026-04-23T02:03:57.4391359Z   ruby-version: 3.2
2026-04-23T02:03:57.4391631Z   bundler-cache: false
2026-04-23T02:03:57.4392007Z   token: ***
2026-04-23T02:03:57.4392221Z env:
2026-04-23T02:03:57.4392422Z   WAIT_INTERVAL: 30
2026-04-23T02:03:57.4392640Z ##[endgroup]
2026-04-23T02:03:57.5585001Z ##[group]Modifying PATH
2026-04-23T02:03:57.5585443Z Entries added to PATH to use selected Ruby:
2026-04-23T02:03:57.5587048Z   /opt/hostedtoolcache/Ruby/3.2.11/x64/bin
2026-04-23T02:03:57.5589051Z ##[endgroup]
2026-04-23T02:03:57.5590042Z ##[group]Print Ruby version
2026-04-23T02:03:57.5626566Z [command]/opt/hostedtoolcache/Ruby/3.2.11/x64/bin/ruby --version
2026-04-23T02:03:57.6841790Z ruby 3.2.11 (2026-03-27 revision 5483bfc1ae) [x86_64-linux]
2026-04-23T02:03:57.6870029Z Took   0.13 seconds
2026-04-23T02:03:57.6870895Z ##[endgroup]
2026-04-23T02:03:57.6872315Z ##[group]Installing Bundler
2026-04-23T02:03:57.6875725Z Using Bundler shipped with ruby-3.2.11
2026-04-23T02:03:57.6876856Z Took   0.00 seconds
2026-04-23T02:03:57.6877678Z ##[endgroup]
2026-04-23T02:03:57.7510435Z ##[group]Run actions/cache@v4
2026-04-23T02:03:57.7510750Z with:
2026-04-23T02:03:57.7511511Z   path: /home/runner/work/_actions/lewagon/wait-on-check-action/ccfb013c15c8afb7bf2b7c028fb74dc5a068cccc
2026-04-23T02:03:57.7512064Z   key: Linux-gems-
2026-04-23T02:03:57.7512312Z   restore-keys: Linux-gems-
2026-04-23T02:03:57.7512577Z   enableCrossOsArchive: false
2026-04-23T02:03:57.7512849Z   fail-on-cache-miss: false
2026-04-23T02:03:57.7513092Z   lookup-only: false
2026-04-23T02:03:57.7513323Z   save-always: false
2026-04-23T02:03:57.7513538Z env:
2026-04-23T02:03:57.7577243Z   WAIT_INTERVAL: 30
2026-04-23T02:03:57.7577547Z ##[endgroup]
2026-04-23T02:03:58.0033040Z Cache not found for input keys: Linux-gems-, Linux-gems-
2026-04-23T02:03:58.0110168Z ##[group]Run bundle install --jobs 4 --retry 3
2026-04-23T02:03:58.0110510Z [36;1mbundle install --jobs 4 --retry 3[0m
2026-04-23T02:03:58.0134358Z shell: /usr/bin/bash --noprofile --norc -e -o pipefail {0}
2026-04-23T02:03:58.0134674Z env:
2026-04-23T02:03:58.0134843Z   WAIT_INTERVAL: 30
2026-04-23T02:03:58.0135025Z ##[endgroup]
2026-04-23T02:03:58.7427757Z Bundler 2.4.19 is running, but your lockfile was generated with 2.2.3. Installing Bundler 2.2.3 and restarting using that version.
2026-04-23T02:03:59.9537276Z Fetching gem metadata from https://rubygems.org/.
2026-04-23T02:03:59.9609868Z Fetching bundler 2.2.3
2026-04-23T02:04:00.0881457Z Installing bundler 2.2.3
2026-04-23T02:04:00.2740501Z Calling `DidYouMean::SPELL_CHECKERS.merge!(error_name => spell_checker)' has been deprecated. Please call `DidYouMean.correct_error(error_name, spell_checker)' instead.
2026-04-23T02:04:01.7025003Z Fetching gem metadata from https://rubygems.org/.........
2026-04-23T02:04:01.7120244Z Fetching minitest 5.18.0
2026-04-23T02:04:01.7126444Z Fetching zeitwerk 2.6.7
2026-04-23T02:04:01.7411959Z Fetching concurrent-ruby 1.2.2
2026-04-23T02:04:01.7859642Z Fetching public_suffix 4.0.7
2026-04-23T02:04:01.8325454Z Installing zeitwerk 2.6.7
2026-04-23T02:04:01.8503268Z Installing public_suffix 4.0.7
2026-04-23T02:04:01.8535055Z Installing minitest 5.18.0
2026-04-23T02:04:01.8951820Z Installing concurrent-ruby 1.2.2
2026-04-23T02:04:01.9006393Z Fetching ast 2.4.2
2026-04-23T02:04:01.9389552Z Using bundler 2.2.3
2026-04-23T02:04:01.9404649Z Fetching byebug 11.1.3
2026-04-23T02:04:01.9412781Z Installing ast 2.4.2
2026-04-23T02:04:01.9805565Z Fetching diff-lcs 1.4.4
2026-04-23T02:04:02.0083311Z Fetching faraday-net_http 2.0.3
2026-04-23T02:04:02.0391866Z Installing byebug 11.1.3 with native extensions
2026-04-23T02:04:02.0496572Z Installing faraday-net_http 2.0.3
2026-04-23T02:04:02.0511915Z Installing diff-lcs 1.4.4
2026-04-23T02:04:02.0595842Z Using ruby2_keywords 0.0.5
2026-04-23T02:04:02.0608248Z Fetching json 2.7.1
2026-04-23T02:04:02.1205638Z Installing json 2.7.1 with native extensions
2026-04-23T02:04:02.1561204Z Fetching language_server-protocol 3.17.0.3
2026-04-23T02:04:02.2214970Z Installing language_server-protocol 3.17.0.3
2026-04-23T02:04:02.2670661Z Fetching lint_roller 1.1.0
2026-04-23T02:04:02.3259112Z Installing lint_roller 1.1.0
2026-04-23T02:04:02.3462054Z Fetching parallel 1.24.0
2026-04-23T02:04:02.3983677Z Installing parallel 1.24.0
2026-04-23T02:04:02.4062598Z Fetching racc 1.7.3
2026-04-23T02:04:02.4489733Z Installing racc 1.7.3 with native extensions
2026-04-23T02:04:02.5008435Z Fetching rainbow 3.1.1
2026-04-23T02:04:02.5544050Z Installing rainbow 3.1.1
2026-04-23T02:04:02.5636461Z Fetching regexp_parser 2.8.3
2026-04-23T02:04:02.6054950Z Installing regexp_parser 2.8.3
2026-04-23T02:04:02.6276510Z Fetching rexml 3.2.6
2026-04-23T02:04:02.6820162Z Installing rexml 3.2.6
2026-04-23T02:04:02.7055139Z Fetching rspec-support 3.10.1
2026-04-23T02:04:02.7442146Z Installing rspec-support 3.10.1
2026-04-23T02:04:02.8285839Z Fetching ruby-progressbar 1.13.0
2026-04-23T02:04:02.8967198Z Installing ruby-progressbar 1.13.0
2026-04-23T02:04:02.9133869Z Fetching unicode-display_width 2.5.0
2026-04-23T02:04:02.9732168Z Installing unicode-display_width 2.5.0
2026-04-23T02:04:02.9821942Z Fetching addressable 2.8.0
2026-04-23T02:04:03.0452080Z Installing addressable 2.8.0
2026-04-23T02:04:03.0661904Z Fetching faraday 2.3.0
2026-04-23T02:04:03.1282227Z Installing faraday 2.3.0
2026-04-23T02:04:03.1572289Z Fetching i18n 1.12.0
2026-04-23T02:04:03.2203722Z Installing i18n 1.12.0
2026-04-23T02:04:03.2378220Z Fetching tzinfo 2.0.6
2026-04-23T02:04:03.2782305Z Installing tzinfo 2.0.6
2026-04-23T02:04:03.2984788Z Fetching rspec-core 3.10.1
2026-04-23T02:04:03.3672242Z Installing rspec-core 3.10.1
2026-04-23T02:04:03.3728018Z Fetching rspec-expectations 3.10.1
2026-04-23T02:04:03.4240647Z Installing rspec-expectations 3.10.1
2026-04-23T02:04:03.4309126Z Fetching rspec-mocks 3.10.1
2026-04-23T02:04:03.4701313Z Fetching faraday-retry 2.0.0
2026-04-23T02:04:03.4981900Z Installing rspec-mocks 3.10.1
2026-04-23T02:04:03.5103313Z Installing faraday-retry 2.0.0
2026-04-23T02:04:03.5260738Z Fetching sawyer 0.9.2
2026-04-23T02:04:03.5812370Z Fetching activesupport 6.1.7.3
2026-04-23T02:04:03.6292271Z Installing sawyer 0.9.2
2026-04-23T02:04:03.6418000Z Fetching parser 3.2.2.4
2026-04-23T02:04:03.7025104Z Installing activesupport 6.1.7.3
2026-04-23T02:04:03.7965549Z Installing parser 3.2.2.4
2026-04-23T02:04:03.9124870Z Fetching rspec 3.10.0
2026-04-23T02:04:03.9728185Z Installing rspec 3.10.0
2026-04-23T02:04:03.9863773Z Fetching octokit 4.25.0
2026-04-23T02:04:04.0494737Z Installing octokit 4.25.0
2026-04-23T02:04:04.0799309Z Fetching rubocop-ast 1.30.0
2026-04-23T02:04:04.1463950Z Installing rubocop-ast 1.30.0
2026-04-23T02:04:05.3597188Z Fetching rubocop 1.57.2
2026-04-23T02:04:05.4195366Z Installing rubocop 1.57.2
2026-04-23T02:04:05.5810602Z Fetching rubocop-performance 1.19.1
2026-04-23T02:04:05.5813010Z Fetching standard-custom 1.0.2
2026-04-23T02:04:05.6349839Z Installing standard-custom 1.0.2
2026-04-23T02:04:05.6421180Z Installing rubocop-performance 1.19.1
2026-04-23T02:04:05.6588348Z Fetching standard-performance 1.2.1
2026-04-23T02:04:05.6922243Z Installing standard-performance 1.2.1
2026-04-23T02:04:05.6987721Z Fetching standard 1.32.1
2026-04-23T02:04:05.7345977Z Installing standard 1.32.1
2026-04-23T02:04:05.7547475Z Bundle complete! 6 Gemfile dependencies, 40 gems now installed.
2026-04-23T02:04:05.7548424Z Use `bundle info [gemname]` to see where a bundled gem is installed.
2026-04-23T02:04:05.8055664Z ##[group]Run ruby entrypoint.rb
2026-04-23T02:04:05.8055929Z [36;1mruby entrypoint.rb[0m
2026-04-23T02:04:05.8077023Z shell: /usr/bin/bash --noprofile --norc -e -o pipefail {0}
2026-04-23T02:04:05.8077326Z env:
2026-04-23T02:04:05.8077479Z   WAIT_INTERVAL: 30
2026-04-23T02:04:05.8077679Z   ALLOWED_CONCLUSIONS: success,skipped
2026-04-23T02:04:05.8077923Z   IGNORE_CHECKS: 
2026-04-23T02:04:05.8078098Z   CHECK_NAME: 
2026-04-23T02:04:05.8078258Z   CHECK_REGEXP: 
2026-04-23T02:04:05.8078474Z   REF: c075426e957be087df31dd5486eda0acee46f579
2026-04-23T02:04:05.8078941Z   REPO_TOKEN: ***
2026-04-23T02:04:05.8079120Z   VERBOSE: true
2026-04-23T02:04:05.8079312Z   RUNNING_WORKFLOW_NAME: Auto-merge
2026-04-23T02:04:05.8079538Z   API_ENDPOINT: 
2026-04-23T02:04:05.8079712Z ##[endgroup]
2026-04-23T02:05:07.0884870Z Checks running on ref:
2026-04-23T02:05:07.0885538Z Checks in_progress: lint-and-test, Auto-merge
2026-04-23T02:05:07.0886344Z Checks completed: connected-tests, capture-failure-log, autofix
2026-04-23T02:05:07.0887038Z Checks after ignore checks filter:
2026-04-23T02:05:07.0887352Z Checks in_progress: lint-and-test
2026-04-23T02:05:07.0887781Z Checks completed: connected-tests, capture-failure-log, autofix
2026-04-23T02:05:07.0888157Z Checks after check_name filter:
2026-04-23T02:05:07.0888395Z Checks in_progress: lint-and-test
2026-04-23T02:05:07.0888733Z Checks completed: connected-tests, capture-failure-log, autofix
2026-04-23T02:05:07.0889092Z Checks after Regexp filter:
2026-04-23T02:05:07.0889334Z Checks in_progress: lint-and-test
2026-04-23T02:05:07.0889670Z Checks completed: connected-tests, capture-failure-log, autofix
2026-04-23T02:05:07.0890140Z The requested checks aren't complete yet, will check back in 30 seconds...
2026-04-23T02:05:07.0890533Z Checks running on ref:
2026-04-23T02:05:07.0890769Z Checks in_progress: lint-and-test, Auto-merge
2026-04-23T02:05:07.0891489Z Checks completed: connected-tests, capture-failure-log, autofix
2026-04-23T02:05:07.0891867Z Checks after ignore checks filter:
2026-04-23T02:05:07.0892129Z Checks in_progress: lint-and-test
2026-04-23T02:05:07.0892463Z Checks completed: connected-tests, capture-failure-log, autofix
2026-04-23T02:05:07.0892824Z Checks after check_name filter:
2026-04-23T02:05:07.0893067Z Checks in_progress: lint-and-test
2026-04-23T02:05:07.0893393Z Checks completed: connected-tests, capture-failure-log, autofix
2026-04-23T02:05:07.0893749Z Checks after Regexp filter:
2026-04-23T02:05:07.0893982Z Checks in_progress: lint-and-test
2026-04-23T02:05:07.0894316Z Checks completed: connected-tests, capture-failure-log, autofix
2026-04-23T02:05:07.0894783Z The requested checks aren't complete yet, will check back in 30 seconds...
2026-04-23T02:05:07.0895173Z Checks running on ref:
2026-04-23T02:05:07.0895708Z Checks completed: firebase-distribute, capture-failure-log, lint-and-test, connected-tests, capture-failure-log, autofix
2026-04-23T02:05:07.0896316Z Checks in_progress: Auto-merge
2026-04-23T02:05:07.0896574Z Checks after ignore checks filter:
2026-04-23T02:05:07.0897147Z Checks completed: firebase-distribute, capture-failure-log, lint-and-test, connected-tests, capture-failure-log, autofix
2026-04-23T02:05:07.0897774Z Checks after check_name filter:
2026-04-23T02:05:07.0898374Z Checks completed: firebase-distribute, capture-failure-log, lint-and-test, connected-tests, capture-failure-log, autofix
2026-04-23T02:05:07.0899037Z Checks after Regexp filter:
2026-04-23T02:05:07.0899698Z Checks completed: firebase-distribute, capture-failure-log, lint-and-test, connected-tests, capture-failure-log, autofix
2026-04-23T02:05:07.0900337Z Checks completed:
2026-04-23T02:05:07.0900575Z firebase-distribute: completed (skipped)
2026-04-23T02:05:07.0900891Z capture-failure-log: completed (success)
2026-04-23T02:05:07.0901333Z lint-and-test: completed (failure)
2026-04-23T02:05:07.0901612Z connected-tests: completed (skipped)
2026-04-23T02:05:07.0901912Z capture-failure-log: completed (skipped)
2026-04-23T02:05:07.0902705Z autofix: completed (failure)
2026-04-23T02:05:07.0903442Z The conclusion of one or more checks were not allowed. Allowed conclusions are: success, skipped. This can be configured with the 'allowed-conclusions' param.
2026-04-23T02:05:07.0965546Z ##[error]Process completed with exit code 1.
2026-04-23T02:05:07.1081921Z Post job cleanup.
2026-04-23T02:05:07.1136014Z Cleaning up orphan processes
2026-04-23T02:05:07.1423271Z ##[warning]Node.js 20 actions are deprecated. The following actions are running on Node.js 20 and may not work as expected: actions/cache@v4. Actions will be forced to run with Node.js 24 by default starting June 2nd, 2026. Node.js 20 will be removed from the runner on September 16th, 2026. Please check if updated versions of these actions are available that support Node.js 24. To opt into Node.js 24 now, set the FORCE_JAVASCRIPT_ACTIONS_TO_NODE24=true environment variable on the runner or in your workflow file. Once Node.js 24 becomes the default, you can temporarily opt out by setting ACTIONS_ALLOW_USE_UNSECURE_NODE_VERSION=true. For more information see: https://github.blog/changelog/2025-09-19-deprecation-of-node-20-on-github-actions-runners/
