=== CI FAILURE ===
Workflow:      Auto-merge & Release
Workflow file: akarlin3/prismTask/.github/workflows/auto-merge.yml@refs/pull/647/merge
Job(s):        Auto-merge
Run ID:        24767836473
Run attempt:   1
Run URL:       https://github.com/akarlin3/prismTask/actions/runs/24767836473
Commit:        0336e6bbe6f4ee0d17d219c4ae39e51ff5665195
Branch:        647/merge
Event:         pull_request
Actor:         akarlin3
Runner OS:     Linux
Timestamp:     2026-04-22T08:26:40.911Z

Failed steps:
  - Auto-merge: #3 Wait for all other CI checks to pass

=== FAILED JOB LOG ===

--- Job: Auto-merge (id 72466325794) ---
2026-04-22T08:15:53.2836721Z Current runner version: '2.333.1'
2026-04-22T08:15:53.2861355Z ##[group]Runner Image Provisioner
2026-04-22T08:15:53.2862454Z Hosted Compute Agent
2026-04-22T08:15:53.2863057Z Version: 20260415.520
2026-04-22T08:15:53.2863670Z Commit: af089020f5f67b61ccc91db6c07980876c02bf7b
2026-04-22T08:15:53.2864362Z Build Date: 2026-04-15T18:07:08Z
2026-04-22T08:15:53.2864960Z Worker ID: {2b9814bd-b5eb-4088-b57e-3812d53a6537}
2026-04-22T08:15:53.2865701Z Azure Region: eastus2
2026-04-22T08:15:53.2866199Z ##[endgroup]
2026-04-22T08:15:53.2867610Z ##[group]Operating System
2026-04-22T08:15:53.2868332Z Ubuntu
2026-04-22T08:15:53.2868768Z 24.04.4
2026-04-22T08:15:53.2869195Z LTS
2026-04-22T08:15:53.2869671Z ##[endgroup]
2026-04-22T08:15:53.2870198Z ##[group]Runner Image
2026-04-22T08:15:53.2870704Z Image: ubuntu-24.04
2026-04-22T08:15:53.2871279Z Version: 20260420.95.1
2026-04-22T08:15:53.2872618Z Included Software: https://github.com/actions/runner-images/blob/ubuntu24/20260420.95/images/ubuntu/Ubuntu2404-Readme.md
2026-04-22T08:15:53.2874133Z Image Release: https://github.com/actions/runner-images/releases/tag/ubuntu24%2F20260420.95
2026-04-22T08:15:53.2874989Z ##[endgroup]
2026-04-22T08:15:53.2876279Z ##[group]GITHUB_TOKEN Permissions
2026-04-22T08:15:53.2878134Z Actions: read
2026-04-22T08:15:53.2878644Z Checks: read
2026-04-22T08:15:53.2879250Z Contents: write
2026-04-22T08:15:53.2879772Z Metadata: read
2026-04-22T08:15:53.2880237Z PullRequests: write
2026-04-22T08:15:53.2880806Z ##[endgroup]
2026-04-22T08:15:53.2883262Z Secret source: Actions
2026-04-22T08:15:53.2884061Z Prepare workflow directory
2026-04-22T08:15:53.3287697Z Prepare all required actions
2026-04-22T08:15:53.3326042Z Getting action download info
2026-04-22T08:15:53.6730697Z Download action repository 'lewagon/wait-on-check-action@ccfb013c15c8afb7bf2b7c028fb74dc5a068cccc' (SHA:ccfb013c15c8afb7bf2b7c028fb74dc5a068cccc)
2026-04-22T08:15:54.0461529Z Getting action download info
2026-04-22T08:15:54.2259616Z Download action repository 'ruby/setup-ruby@v1' (SHA:0cb964fd540e0a24c900370abf38a33466142735)
2026-04-22T08:15:54.4709689Z Download action repository 'actions/cache@v4' (SHA:0057852bfaa89a56745cba8c7296529d2fc39830)
2026-04-22T08:15:54.6216473Z Complete job name: Auto-merge
2026-04-22T08:15:54.6892638Z ##[group]Run set -euo pipefail
2026-04-22T08:15:54.6893766Z [36;1mset -euo pipefail[0m
2026-04-22T08:15:54.6895074Z [36;1m# Give GitHub a short grace period to schedule workflow runs for[0m
2026-04-22T08:15:54.6896875Z [36;1m# the head commit. Paths-filtered workflows (android/backend/web CI)[0m
2026-04-22T08:15:54.6898623Z [36;1m# won't run for doc-only or cross-cutting config PRs, so the[0m
2026-04-22T08:15:54.6900349Z [36;1m# wait-on-check-action step below would otherwise hang waiting for[0m
2026-04-22T08:15:54.6902000Z [36;1m# checks that will never appear.[0m
2026-04-22T08:15:54.6903045Z [36;1msleep 20[0m
2026-04-22T08:15:54.6904139Z [36;1mCOUNT=$(gh api "repos/$REPO/commits/$HEAD_SHA/check-runs" \[0m
2026-04-22T08:15:54.6905784Z [36;1m  --jq '[.check_runs[] | select(.name != "Auto-merge")] | length')[0m
2026-04-22T08:15:54.6907372Z [36;1mecho "Non-Auto-merge check runs on head: $COUNT"[0m
2026-04-22T08:15:54.6908647Z [36;1mif [ "$COUNT" -gt 0 ]; then[0m
2026-04-22T08:15:54.6909713Z [36;1m  echo "has_ci=true" >> "$GITHUB_OUTPUT"[0m
2026-04-22T08:15:54.6910792Z [36;1melse[0m
2026-04-22T08:15:54.6911761Z [36;1m  echo "has_ci=false" >> "$GITHUB_OUTPUT"[0m
2026-04-22T08:15:54.6913191Z [36;1m  echo "No CI checks on this PR — will merge without waiting."[0m
2026-04-22T08:15:54.6914495Z [36;1mfi[0m
2026-04-22T08:15:54.7032811Z shell: /usr/bin/bash -e {0}
2026-04-22T08:15:54.7034054Z env:
2026-04-22T08:15:54.7034775Z   WAIT_INTERVAL: 30
2026-04-22T08:15:54.7036013Z   GH_TOKEN: ***
2026-04-22T08:15:54.7036920Z   HEAD_SHA: db6ea09d0969672a0ad9940208f4379227aa36b8
2026-04-22T08:15:54.7038069Z   REPO: akarlin3/prismTask
2026-04-22T08:15:54.7038942Z ##[endgroup]
2026-04-22T08:16:15.1470476Z Non-Auto-merge check runs on head: 1
2026-04-22T08:16:15.1700543Z ##[group]Run lewagon/wait-on-check-action@ccfb013c15c8afb7bf2b7c028fb74dc5a068cccc
2026-04-22T08:16:15.1701023Z with:
2026-04-22T08:16:15.1701273Z   ref: db6ea09d0969672a0ad9940208f4379227aa36b8
2026-04-22T08:16:15.1701871Z   running-workflow-name: Auto-merge
2026-04-22T08:16:15.1702537Z   repo-token: ***
2026-04-22T08:16:15.1702774Z   wait-interval: 30
2026-04-22T08:16:15.1703014Z   allowed-conclusions: success,skipped
2026-04-22T08:16:15.1703304Z   verbose: true
2026-04-22T08:16:15.1703508Z env:
2026-04-22T08:16:15.1703705Z   WAIT_INTERVAL: 30
2026-04-22T08:16:15.1703915Z ##[endgroup]
2026-04-22T08:16:15.1843725Z ##[group]Run ruby/setup-ruby@v1
2026-04-22T08:16:15.1844031Z with:
2026-04-22T08:16:15.1844255Z   ruby-version: 3.2
2026-04-22T08:16:15.1844523Z   bundler-cache: false
2026-04-22T08:16:15.1844909Z   token: ***
2026-04-22T08:16:15.1845112Z env:
2026-04-22T08:16:15.1845308Z   WAIT_INTERVAL: 30
2026-04-22T08:16:15.1845520Z ##[endgroup]
2026-04-22T08:16:15.3108993Z ##[group]Modifying PATH
2026-04-22T08:16:15.3109634Z Entries added to PATH to use selected Ruby:
2026-04-22T08:16:15.3110718Z   /opt/hostedtoolcache/Ruby/3.2.11/x64/bin
2026-04-22T08:16:15.3115264Z ##[endgroup]
2026-04-22T08:16:15.3116330Z ##[group]Print Ruby version
2026-04-22T08:16:15.3456405Z [command]/opt/hostedtoolcache/Ruby/3.2.11/x64/bin/ruby --version
2026-04-22T08:16:15.6159752Z ruby 3.2.11 (2026-03-27 revision 5483bfc1ae) [x86_64-linux]
2026-04-22T08:16:15.6205239Z Took   0.31 seconds
2026-04-22T08:16:15.6206040Z ##[endgroup]
2026-04-22T08:16:15.6208413Z ##[group]Installing Bundler
2026-04-22T08:16:15.6212509Z Using Bundler shipped with ruby-3.2.11
2026-04-22T08:16:15.6213702Z Took   0.00 seconds
2026-04-22T08:16:15.6214401Z ##[endgroup]
2026-04-22T08:16:15.6925212Z ##[group]Run actions/cache@v4
2026-04-22T08:16:15.6925509Z with:
2026-04-22T08:16:15.6926164Z   path: /home/runner/work/_actions/lewagon/wait-on-check-action/ccfb013c15c8afb7bf2b7c028fb74dc5a068cccc
2026-04-22T08:16:15.6926686Z   key: Linux-gems-
2026-04-22T08:16:15.6926912Z   restore-keys: Linux-gems-
2026-04-22T08:16:15.6927157Z   enableCrossOsArchive: false
2026-04-22T08:16:15.6927391Z   fail-on-cache-miss: false
2026-04-22T08:16:15.6995494Z   lookup-only: false
2026-04-22T08:16:15.6995921Z   save-always: false
2026-04-22T08:16:15.6996144Z env:
2026-04-22T08:16:15.6996315Z   WAIT_INTERVAL: 30
2026-04-22T08:16:15.6996508Z ##[endgroup]
2026-04-22T08:16:15.9257318Z Cache not found for input keys: Linux-gems-, Linux-gems-
2026-04-22T08:16:15.9343497Z ##[group]Run bundle install --jobs 4 --retry 3
2026-04-22T08:16:15.9343841Z [36;1mbundle install --jobs 4 --retry 3[0m
2026-04-22T08:16:15.9403107Z shell: /usr/bin/bash --noprofile --norc -e -o pipefail {0}
2026-04-22T08:16:15.9403432Z env:
2026-04-22T08:16:15.9403592Z   WAIT_INTERVAL: 30
2026-04-22T08:16:15.9403774Z ##[endgroup]
2026-04-22T08:16:16.8554294Z Bundler 2.4.19 is running, but your lockfile was generated with 2.2.3. Installing Bundler 2.2.3 and restarting using that version.
2026-04-22T08:16:18.1242951Z Fetching gem metadata from https://rubygems.org/.
2026-04-22T08:16:18.1316021Z Fetching bundler 2.2.3
2026-04-22T08:16:18.2811198Z Installing bundler 2.2.3
2026-04-22T08:16:18.4734004Z Calling `DidYouMean::SPELL_CHECKERS.merge!(error_name => spell_checker)' has been deprecated. Please call `DidYouMean.correct_error(error_name, spell_checker)' instead.
2026-04-22T08:16:19.7494237Z Fetching gem metadata from https://rubygems.org/.........
2026-04-22T08:16:19.7588627Z Fetching concurrent-ruby 1.2.2
2026-04-22T08:16:19.7594220Z Fetching zeitwerk 2.6.7
2026-04-22T08:16:19.7596736Z Fetching public_suffix 4.0.7
2026-04-22T08:16:19.7597815Z Fetching minitest 5.18.0
2026-04-22T08:16:19.8781544Z Installing zeitwerk 2.6.7
2026-04-22T08:16:19.9010363Z Installing public_suffix 4.0.7
2026-04-22T08:16:19.9039280Z Installing minitest 5.18.0
2026-04-22T08:16:19.9453034Z Fetching ast 2.4.2
2026-04-22T08:16:19.9738494Z Installing concurrent-ruby 1.2.2
2026-04-22T08:16:19.9869328Z Using bundler 2.2.3
2026-04-22T08:16:19.9879486Z Fetching byebug 11.1.3
2026-04-22T08:16:20.0151873Z Installing ast 2.4.2
2026-04-22T08:16:20.0293558Z Fetching diff-lcs 1.4.4
2026-04-22T08:16:20.0678591Z Fetching faraday-net_http 2.0.3
2026-04-22T08:16:20.0970478Z Installing byebug 11.1.3 with native extensions
2026-04-22T08:16:20.1259851Z Installing faraday-net_http 2.0.3
2026-04-22T08:16:20.1261403Z Installing diff-lcs 1.4.4
2026-04-22T08:16:20.1426969Z Using ruby2_keywords 0.0.5
2026-04-22T08:16:20.1434201Z Fetching json 2.7.1
2026-04-22T08:16:20.2034421Z Installing json 2.7.1 with native extensions
2026-04-22T08:16:20.2088990Z Fetching language_server-protocol 3.17.0.3
2026-04-22T08:16:20.2702759Z Installing language_server-protocol 3.17.0.3
2026-04-22T08:16:20.3182563Z Fetching lint_roller 1.1.0
2026-04-22T08:16:20.3678522Z Installing lint_roller 1.1.0
2026-04-22T08:16:20.3910566Z Fetching parallel 1.24.0
2026-04-22T08:16:20.4449314Z Installing parallel 1.24.0
2026-04-22T08:16:20.4566641Z Fetching racc 1.7.3
2026-04-22T08:16:20.5107281Z Installing racc 1.7.3 with native extensions
2026-04-22T08:16:20.5127609Z Fetching rainbow 3.1.1
2026-04-22T08:16:20.5575093Z Installing rainbow 3.1.1
2026-04-22T08:16:20.5670252Z Fetching regexp_parser 2.8.3
2026-04-22T08:16:20.6268326Z Installing regexp_parser 2.8.3
2026-04-22T08:16:20.6606351Z Fetching rexml 3.2.6
2026-04-22T08:16:20.7337641Z Installing rexml 3.2.6
2026-04-22T08:16:20.8220169Z Fetching rspec-support 3.10.1
2026-04-22T08:16:20.8756189Z Installing rspec-support 3.10.1
2026-04-22T08:16:20.8888932Z Fetching ruby-progressbar 1.13.0
2026-04-22T08:16:20.9365808Z Installing ruby-progressbar 1.13.0
2026-04-22T08:16:20.9467412Z Fetching unicode-display_width 2.5.0
2026-04-22T08:16:20.9951442Z Installing unicode-display_width 2.5.0
2026-04-22T08:16:21.0036420Z Fetching addressable 2.8.0
2026-04-22T08:16:21.0772511Z Installing addressable 2.8.0
2026-04-22T08:16:21.0982607Z Fetching faraday 2.3.0
2026-04-22T08:16:21.1722713Z Installing faraday 2.3.0
2026-04-22T08:16:21.2012542Z Fetching i18n 1.12.0
2026-04-22T08:16:21.2732759Z Installing i18n 1.12.0
2026-04-22T08:16:21.2961189Z Fetching tzinfo 2.0.6
2026-04-22T08:16:21.3692752Z Installing tzinfo 2.0.6
2026-04-22T08:16:21.3952444Z Fetching rspec-core 3.10.1
2026-04-22T08:16:21.4830174Z Installing rspec-core 3.10.1
2026-04-22T08:16:21.5243264Z Fetching rspec-expectations 3.10.1
2026-04-22T08:16:21.6064412Z Installing rspec-expectations 3.10.1
2026-04-22T08:16:21.6224914Z Fetching rspec-mocks 3.10.1
2026-04-22T08:16:21.6863815Z Fetching faraday-retry 2.0.0
2026-04-22T08:16:21.7386858Z Installing rspec-mocks 3.10.1
2026-04-22T08:16:21.7539205Z Installing faraday-retry 2.0.0
2026-04-22T08:16:21.7688651Z Fetching sawyer 0.9.2
2026-04-22T08:16:21.8163478Z Fetching activesupport 6.1.7.3
2026-04-22T08:16:21.8696377Z Installing sawyer 0.9.2
2026-04-22T08:16:21.8840023Z Fetching parser 3.2.2.4
2026-04-22T08:16:21.9516710Z Installing activesupport 6.1.7.3
2026-04-22T08:16:22.0660099Z Installing parser 3.2.2.4
2026-04-22T08:16:22.1237408Z Fetching rspec 3.10.0
2026-04-22T08:16:22.1804352Z Installing rspec 3.10.0
2026-04-22T08:16:22.1932509Z Fetching octokit 4.25.0
2026-04-22T08:16:22.2735963Z Installing octokit 4.25.0
2026-04-22T08:16:22.3250816Z Fetching rubocop-ast 1.30.0
2026-04-22T08:16:22.3828360Z Installing rubocop-ast 1.30.0
2026-04-22T08:16:23.5082728Z Fetching rubocop 1.57.2
2026-04-22T08:16:23.6000165Z Installing rubocop 1.57.2
2026-04-22T08:16:23.7713656Z Fetching standard-custom 1.0.2
2026-04-22T08:16:23.7716191Z Fetching rubocop-performance 1.19.1
2026-04-22T08:16:23.8375781Z Installing standard-custom 1.0.2
2026-04-22T08:16:23.8433369Z Installing rubocop-performance 1.19.1
2026-04-22T08:16:23.8589990Z Fetching standard-performance 1.2.1
2026-04-22T08:16:23.9023436Z Installing standard-performance 1.2.1
2026-04-22T08:16:23.9090629Z Fetching standard 1.32.1
2026-04-22T08:16:23.9571156Z Installing standard 1.32.1
2026-04-22T08:16:23.9776625Z Bundle complete! 6 Gemfile dependencies, 40 gems now installed.
2026-04-22T08:16:23.9777862Z Use `bundle info [gemname]` to see where a bundled gem is installed.
2026-04-22T08:16:24.0308299Z ##[group]Run ruby entrypoint.rb
2026-04-22T08:16:24.0308568Z [36;1mruby entrypoint.rb[0m
2026-04-22T08:16:24.0362336Z shell: /usr/bin/bash --noprofile --norc -e -o pipefail {0}
2026-04-22T08:16:24.0362650Z env:
2026-04-22T08:16:24.0362805Z   WAIT_INTERVAL: 30
2026-04-22T08:16:24.0363007Z   ALLOWED_CONCLUSIONS: success,skipped
2026-04-22T08:16:24.0363236Z   IGNORE_CHECKS: 
2026-04-22T08:16:24.0363403Z   CHECK_NAME: 
2026-04-22T08:16:24.0363562Z   CHECK_REGEXP: 
2026-04-22T08:16:24.0363759Z   REF: db6ea09d0969672a0ad9940208f4379227aa36b8
2026-04-22T08:16:24.0364224Z   REPO_TOKEN: ***
2026-04-22T08:16:24.0364403Z   VERBOSE: true
2026-04-22T08:16:24.0364589Z   RUNNING_WORKFLOW_NAME: Auto-merge
2026-04-22T08:16:24.0364813Z   API_ENDPOINT: 
2026-04-22T08:16:24.0364987Z ##[endgroup]
2026-04-22T08:25:59.7776374Z Checks running on ref:
2026-04-22T08:25:59.7776885Z Checks in_progress: autofix, Auto-merge
2026-04-22T08:25:59.7777370Z Checks after ignore checks filter:
2026-04-22T08:25:59.7777647Z Checks in_progress: autofix
2026-04-22T08:25:59.7777862Z Checks after check_name filter:
2026-04-22T08:25:59.7778073Z Checks in_progress: autofix
2026-04-22T08:25:59.7778268Z Checks after Regexp filter:
2026-04-22T08:25:59.7778465Z Checks in_progress: autofix
2026-04-22T08:25:59.7778766Z The requested check isn't complete yet, will check back in 30 seconds...
2026-04-22T08:25:59.7779115Z Checks running on ref:
2026-04-22T08:25:59.7779319Z Checks in_progress: autofix, Auto-merge
2026-04-22T08:25:59.7779559Z Checks after ignore checks filter:
2026-04-22T08:25:59.7779781Z Checks in_progress: autofix
2026-04-22T08:25:59.7779976Z Checks after check_name filter:
2026-04-22T08:25:59.7780185Z Checks in_progress: autofix
2026-04-22T08:25:59.7780381Z Checks after Regexp filter:
2026-04-22T08:25:59.7780576Z Checks in_progress: autofix
2026-04-22T08:25:59.7780863Z The requested check isn't complete yet, will check back in 30 seconds...
2026-04-22T08:25:59.7781197Z Checks running on ref:
2026-04-22T08:25:59.7781397Z Checks in_progress: autofix, Auto-merge
2026-04-22T08:25:59.7781932Z Checks after ignore checks filter:
2026-04-22T08:25:59.7782167Z Checks in_progress: autofix
2026-04-22T08:25:59.7782366Z Checks after check_name filter:
2026-04-22T08:25:59.7782576Z Checks in_progress: autofix
2026-04-22T08:25:59.7782765Z Checks after Regexp filter:
2026-04-22T08:25:59.7782959Z Checks in_progress: autofix
2026-04-22T08:25:59.7783240Z The requested check isn't complete yet, will check back in 30 seconds...
2026-04-22T08:25:59.7783567Z Checks running on ref:
2026-04-22T08:25:59.7783756Z Checks in_progress: autofix, Auto-merge
2026-04-22T08:25:59.7783993Z Checks after ignore checks filter:
2026-04-22T08:25:59.7784205Z Checks in_progress: autofix
2026-04-22T08:25:59.7784406Z Checks after check_name filter:
2026-04-22T08:25:59.7784615Z Checks in_progress: autofix
2026-04-22T08:25:59.7784820Z Checks after Regexp filter:
2026-04-22T08:25:59.7785078Z Checks in_progress: autofix
2026-04-22T08:25:59.7785367Z The requested check isn't complete yet, will check back in 30 seconds...
2026-04-22T08:25:59.7785707Z Checks running on ref:
2026-04-22T08:25:59.7785924Z Checks in_progress: lint-and-test, Auto-merge
2026-04-22T08:25:59.7786185Z Checks completed: autofix
2026-04-22T08:25:59.7786394Z Checks after ignore checks filter:
2026-04-22T08:25:59.7786619Z Checks in_progress: lint-and-test
2026-04-22T08:25:59.7786840Z Checks completed: autofix
2026-04-22T08:25:59.7787033Z Checks after check_name filter:
2026-04-22T08:25:59.7787248Z Checks in_progress: lint-and-test
2026-04-22T08:25:59.7787456Z Checks completed: autofix
2026-04-22T08:25:59.7787651Z Checks after Regexp filter:
2026-04-22T08:25:59.7787861Z Checks in_progress: lint-and-test
2026-04-22T08:25:59.7788080Z Checks completed: autofix
2026-04-22T08:25:59.7788386Z The requested checks aren't complete yet, will check back in 30 seconds...
2026-04-22T08:25:59.7788726Z Checks running on ref:
2026-04-22T08:25:59.7789286Z Checks in_progress: lint-and-test, Auto-merge
2026-04-22T08:25:59.7789659Z Checks completed: autofix
2026-04-22T08:25:59.7789858Z Checks after ignore checks filter:
2026-04-22T08:25:59.7790078Z Checks in_progress: lint-and-test
2026-04-22T08:25:59.7790290Z Checks completed: autofix
2026-04-22T08:25:59.7790479Z Checks after check_name filter:
2026-04-22T08:25:59.7790690Z Checks in_progress: lint-and-test
2026-04-22T08:25:59.7790897Z Checks completed: autofix
2026-04-22T08:25:59.7791092Z Checks after Regexp filter:
2026-04-22T08:25:59.7791293Z Checks in_progress: lint-and-test
2026-04-22T08:25:59.7791498Z Checks completed: autofix
2026-04-22T08:25:59.7792089Z The requested checks aren't complete yet, will check back in 30 seconds...
2026-04-22T08:25:59.7792430Z Checks running on ref:
2026-04-22T08:25:59.7792650Z Checks in_progress: lint-and-test, Auto-merge
2026-04-22T08:25:59.7792899Z Checks completed: autofix
2026-04-22T08:25:59.7793129Z Checks after ignore checks filter:
2026-04-22T08:25:59.7793357Z Checks in_progress: lint-and-test
2026-04-22T08:25:59.7793579Z Checks completed: autofix
2026-04-22T08:25:59.7793775Z Checks after check_name filter:
2026-04-22T08:25:59.7793987Z Checks in_progress: lint-and-test
2026-04-22T08:25:59.7794195Z Checks completed: autofix
2026-04-22T08:25:59.7794388Z Checks after Regexp filter:
2026-04-22T08:25:59.7794585Z Checks in_progress: lint-and-test
2026-04-22T08:25:59.7794796Z Checks completed: autofix
2026-04-22T08:25:59.7795081Z The requested checks aren't complete yet, will check back in 30 seconds...
2026-04-22T08:25:59.7795417Z Checks running on ref:
2026-04-22T08:25:59.7795621Z Checks in_progress: lint-and-test, Auto-merge
2026-04-22T08:25:59.7795867Z Checks completed: autofix
2026-04-22T08:25:59.7796060Z Checks after ignore checks filter:
2026-04-22T08:25:59.7796283Z Checks in_progress: lint-and-test
2026-04-22T08:25:59.7796494Z Checks completed: autofix
2026-04-22T08:25:59.7796684Z Checks after check_name filter:
2026-04-22T08:25:59.7796896Z Checks in_progress: lint-and-test
2026-04-22T08:25:59.7797107Z Checks completed: autofix
2026-04-22T08:25:59.7797305Z Checks after Regexp filter:
2026-04-22T08:25:59.7797511Z Checks in_progress: lint-and-test
2026-04-22T08:25:59.7797724Z Checks completed: autofix
2026-04-22T08:25:59.7798007Z The requested checks aren't complete yet, will check back in 30 seconds...
2026-04-22T08:25:59.7798337Z Checks running on ref:
2026-04-22T08:25:59.7798541Z Checks in_progress: lint-and-test, Auto-merge
2026-04-22T08:25:59.7798785Z Checks completed: autofix
2026-04-22T08:25:59.7798980Z Checks after ignore checks filter:
2026-04-22T08:25:59.7799198Z Checks in_progress: lint-and-test
2026-04-22T08:25:59.7799411Z Checks completed: autofix
2026-04-22T08:25:59.7799596Z Checks after check_name filter:
2026-04-22T08:25:59.7799808Z Checks in_progress: lint-and-test
2026-04-22T08:25:59.7800015Z Checks completed: autofix
2026-04-22T08:25:59.7800222Z Checks after Regexp filter:
2026-04-22T08:25:59.7800425Z Checks in_progress: lint-and-test
2026-04-22T08:25:59.7800630Z Checks completed: autofix
2026-04-22T08:25:59.7800927Z The requested checks aren't complete yet, will check back in 30 seconds...
2026-04-22T08:25:59.7801253Z Checks running on ref:
2026-04-22T08:25:59.7801459Z Checks in_progress: lint-and-test, Auto-merge
2026-04-22T08:25:59.7801822Z Checks completed: autofix
2026-04-22T08:25:59.7802020Z Checks after ignore checks filter:
2026-04-22T08:25:59.7802241Z Checks in_progress: lint-and-test
2026-04-22T08:25:59.7802448Z Checks completed: autofix
2026-04-22T08:25:59.7802644Z Checks after check_name filter:
2026-04-22T08:25:59.7802846Z Checks in_progress: lint-and-test
2026-04-22T08:25:59.7803060Z Checks completed: autofix
2026-04-22T08:25:59.7803246Z Checks after Regexp filter:
2026-04-22T08:25:59.7803447Z Checks in_progress: lint-and-test
2026-04-22T08:25:59.7803653Z Checks completed: autofix
2026-04-22T08:25:59.7803939Z The requested checks aren't complete yet, will check back in 30 seconds...
2026-04-22T08:25:59.7804262Z Checks running on ref:
2026-04-22T08:25:59.7804596Z Checks in_progress: lint-and-test, Auto-merge
2026-04-22T08:25:59.7804946Z Checks completed: autofix
2026-04-22T08:25:59.7805136Z Checks after ignore checks filter:
2026-04-22T08:25:59.7805359Z Checks in_progress: lint-and-test
2026-04-22T08:25:59.7805564Z Checks completed: autofix
2026-04-22T08:25:59.7805756Z Checks after check_name filter:
2026-04-22T08:25:59.7805960Z Checks in_progress: lint-and-test
2026-04-22T08:25:59.7806172Z Checks completed: autofix
2026-04-22T08:25:59.7806356Z Checks after Regexp filter:
2026-04-22T08:25:59.7806557Z Checks in_progress: lint-and-test
2026-04-22T08:25:59.7806765Z Checks completed: autofix
2026-04-22T08:25:59.7807056Z The requested checks aren't complete yet, will check back in 30 seconds...
2026-04-22T08:25:59.7807384Z Checks running on ref:
2026-04-22T08:25:59.7807586Z Checks in_progress: lint-and-test, Auto-merge
2026-04-22T08:25:59.7807832Z Checks completed: autofix
2026-04-22T08:25:59.7808021Z Checks after ignore checks filter:
2026-04-22T08:25:59.7808248Z Checks in_progress: lint-and-test
2026-04-22T08:25:59.7808461Z Checks completed: autofix
2026-04-22T08:25:59.7808653Z Checks after check_name filter:
2026-04-22T08:25:59.7808857Z Checks in_progress: lint-and-test
2026-04-22T08:25:59.7809069Z Checks completed: autofix
2026-04-22T08:25:59.7809254Z Checks after Regexp filter:
2026-04-22T08:25:59.7809470Z Checks in_progress: lint-and-test
2026-04-22T08:25:59.7809682Z Checks completed: autofix
2026-04-22T08:25:59.7809963Z The requested checks aren't complete yet, will check back in 30 seconds...
2026-04-22T08:25:59.7810290Z Checks running on ref:
2026-04-22T08:25:59.7810488Z Checks in_progress: lint-and-test, Auto-merge
2026-04-22T08:25:59.7810732Z Checks completed: autofix
2026-04-22T08:25:59.7810922Z Checks after ignore checks filter:
2026-04-22T08:25:59.7811144Z Checks in_progress: lint-and-test
2026-04-22T08:25:59.7811350Z Checks completed: autofix
2026-04-22T08:25:59.7811665Z Checks after check_name filter:
2026-04-22T08:25:59.7811881Z Checks in_progress: lint-and-test
2026-04-22T08:25:59.7812094Z Checks completed: autofix
2026-04-22T08:25:59.7812296Z Checks after Regexp filter:
2026-04-22T08:25:59.7812495Z Checks in_progress: lint-and-test
2026-04-22T08:25:59.7812707Z Checks completed: autofix
2026-04-22T08:25:59.7812988Z The requested checks aren't complete yet, will check back in 30 seconds...
2026-04-22T08:25:59.7813316Z Checks running on ref:
2026-04-22T08:25:59.7813514Z Checks in_progress: lint-and-test, Auto-merge
2026-04-22T08:25:59.7813761Z Checks completed: autofix
2026-04-22T08:25:59.7813952Z Checks after ignore checks filter:
2026-04-22T08:25:59.7814174Z Checks in_progress: lint-and-test
2026-04-22T08:25:59.7814386Z Checks completed: autofix
2026-04-22T08:25:59.7814573Z Checks after check_name filter:
2026-04-22T08:25:59.7814785Z Checks in_progress: lint-and-test
2026-04-22T08:25:59.7814992Z Checks completed: autofix
2026-04-22T08:25:59.7815183Z Checks after Regexp filter:
2026-04-22T08:25:59.7815380Z Checks in_progress: lint-and-test
2026-04-22T08:25:59.7815595Z Checks completed: autofix
2026-04-22T08:25:59.7815884Z The requested checks aren't complete yet, will check back in 30 seconds...
2026-04-22T08:25:59.7816211Z Checks running on ref:
2026-04-22T08:25:59.7816412Z Checks in_progress: lint-and-test, Auto-merge
2026-04-22T08:25:59.7816658Z Checks completed: autofix
2026-04-22T08:25:59.7816857Z Checks after ignore checks filter:
2026-04-22T08:25:59.7817071Z Checks in_progress: lint-and-test
2026-04-22T08:25:59.7817285Z Checks completed: autofix
2026-04-22T08:25:59.7817472Z Checks after check_name filter:
2026-04-22T08:25:59.7817681Z Checks in_progress: lint-and-test
2026-04-22T08:25:59.7817887Z Checks completed: autofix
2026-04-22T08:25:59.7818078Z Checks after Regexp filter:
2026-04-22T08:25:59.7818274Z Checks in_progress: lint-and-test
2026-04-22T08:25:59.7818486Z Checks completed: autofix
2026-04-22T08:25:59.7818775Z The requested checks aren't complete yet, will check back in 30 seconds...
2026-04-22T08:25:59.7819103Z Checks running on ref:
2026-04-22T08:25:59.7819424Z Checks in_progress: lint-and-test, Auto-merge
2026-04-22T08:25:59.7819767Z Checks completed: autofix
2026-04-22T08:25:59.7819965Z Checks after ignore checks filter:
2026-04-22T08:25:59.7820181Z Checks in_progress: lint-and-test
2026-04-22T08:25:59.7820394Z Checks completed: autofix
2026-04-22T08:25:59.7820583Z Checks after check_name filter:
2026-04-22T08:25:59.7820792Z Checks in_progress: lint-and-test
2026-04-22T08:25:59.7820999Z Checks completed: autofix
2026-04-22T08:25:59.7821194Z Checks after Regexp filter:
2026-04-22T08:25:59.7821395Z Checks in_progress: lint-and-test
2026-04-22T08:25:59.7821868Z Checks completed: autofix
2026-04-22T08:25:59.7822182Z The requested checks aren't complete yet, will check back in 30 seconds...
2026-04-22T08:25:59.7822512Z Checks running on ref:
2026-04-22T08:25:59.7822723Z Checks in_progress: lint-and-test, Auto-merge
2026-04-22T08:25:59.7822965Z Checks completed: autofix
2026-04-22T08:25:59.7823160Z Checks after ignore checks filter:
2026-04-22T08:25:59.7823389Z Checks in_progress: lint-and-test
2026-04-22T08:25:59.7823607Z Checks completed: autofix
2026-04-22T08:25:59.7823795Z Checks after check_name filter:
2026-04-22T08:25:59.7824007Z Checks in_progress: lint-and-test
2026-04-22T08:25:59.7824219Z Checks completed: autofix
2026-04-22T08:25:59.7824404Z Checks after Regexp filter:
2026-04-22T08:25:59.7824605Z Checks in_progress: lint-and-test
2026-04-22T08:25:59.7824813Z Checks completed: autofix
2026-04-22T08:25:59.7825103Z The requested checks aren't complete yet, will check back in 30 seconds...
2026-04-22T08:25:59.7825426Z Checks running on ref:
2026-04-22T08:25:59.7825633Z Checks in_progress: lint-and-test, Auto-merge
2026-04-22T08:25:59.7825873Z Checks completed: autofix
2026-04-22T08:25:59.7826107Z Checks after ignore checks filter:
2026-04-22T08:25:59.7826323Z Checks in_progress: lint-and-test
2026-04-22T08:25:59.7826537Z Checks completed: autofix
2026-04-22T08:25:59.7826729Z Checks after check_name filter:
2026-04-22T08:25:59.7826933Z Checks in_progress: lint-and-test
2026-04-22T08:25:59.7827155Z Checks completed: autofix
2026-04-22T08:25:59.7827341Z Checks after Regexp filter:
2026-04-22T08:25:59.7827546Z Checks in_progress: lint-and-test
2026-04-22T08:25:59.7827752Z Checks completed: autofix
2026-04-22T08:25:59.7828039Z The requested checks aren't complete yet, will check back in 30 seconds...
2026-04-22T08:25:59.7828362Z Checks running on ref:
2026-04-22T08:25:59.7828568Z Checks in_progress: lint-and-test, Auto-merge
2026-04-22T08:25:59.7828809Z Checks completed: autofix
2026-04-22T08:25:59.7829018Z Checks after ignore checks filter:
2026-04-22T08:25:59.7829246Z Checks in_progress: lint-and-test
2026-04-22T08:25:59.7829459Z Checks completed: autofix
2026-04-22T08:25:59.7829662Z Checks after check_name filter:
2026-04-22T08:25:59.7829886Z Checks in_progress: lint-and-test
2026-04-22T08:25:59.7830101Z Checks completed: autofix
2026-04-22T08:25:59.7830300Z Checks after Regexp filter:
2026-04-22T08:25:59.7830508Z Checks in_progress: lint-and-test
2026-04-22T08:25:59.7830728Z Checks completed: autofix
2026-04-22T08:25:59.7831025Z The requested checks aren't complete yet, will check back in 30 seconds...
2026-04-22T08:25:59.7831365Z Checks running on ref:
2026-04-22T08:25:59.7831785Z Checks completed: firebase-distribute, lint-and-test, autofix
2026-04-22T08:25:59.7832137Z Checks in_progress: capture-failure-log, Auto-merge
2026-04-22T08:25:59.7832420Z Checks after ignore checks filter:
2026-04-22T08:25:59.7832707Z Checks completed: firebase-distribute, lint-and-test, autofix
2026-04-22T08:26:30.0679554Z Checks in_progress: capture-failure-log
2026-04-22T08:26:30.0680213Z Checks after check_name filter:
2026-04-22T08:26:30.0680874Z Checks completed: firebase-distribute, lint-and-test, autofix
2026-04-22T08:26:30.0682334Z Checks in_progress: capture-failure-log
2026-04-22T08:26:30.0682889Z Checks after Regexp filter:
2026-04-22T08:26:30.0683497Z Checks completed: firebase-distribute, lint-and-test, autofix
2026-04-22T08:26:30.0684193Z Checks in_progress: capture-failure-log
2026-04-22T08:26:30.0685638Z The requested checks aren't complete yet, will check back in 30 seconds...
2026-04-22T08:26:30.0686417Z Checks running on ref:
2026-04-22T08:26:30.0687050Z Checks completed: firebase-distribute, capture-failure-log, lint-and-test, autofix
2026-04-22T08:26:30.0687678Z Checks in_progress: Auto-merge
2026-04-22T08:26:30.0687945Z Checks after ignore checks filter:
2026-04-22T08:26:30.0688399Z Checks completed: firebase-distribute, capture-failure-log, lint-and-test, autofix
2026-04-22T08:26:30.0688874Z Checks after check_name filter:
2026-04-22T08:26:30.0689310Z Checks completed: firebase-distribute, capture-failure-log, lint-and-test, autofix
2026-04-22T08:26:30.0689783Z Checks after Regexp filter:
2026-04-22T08:26:30.0690197Z Checks completed: firebase-distribute, capture-failure-log, lint-and-test, autofix
2026-04-22T08:26:30.0690661Z Checks completed:
2026-04-22T08:26:30.0690895Z firebase-distribute: completed (skipped)
2026-04-22T08:26:30.0691219Z capture-failure-log: completed (success)
2026-04-22T08:26:30.0691526Z lint-and-test: completed (failure)
2026-04-22T08:26:30.0692056Z autofix: completed (failure)
2026-04-22T08:26:30.0692796Z The conclusion of one or more checks were not allowed. Allowed conclusions are: success, skipped. This can be configured with the 'allowed-conclusions' param.
2026-04-22T08:26:30.0767558Z ##[error]Process completed with exit code 1.
2026-04-22T08:26:30.0907155Z Post job cleanup.
2026-04-22T08:26:30.0967159Z Cleaning up orphan processes
2026-04-22T08:26:30.1249924Z ##[warning]Node.js 20 actions are deprecated. The following actions are running on Node.js 20 and may not work as expected: actions/cache@v4. Actions will be forced to run with Node.js 24 by default starting June 2nd, 2026. Node.js 20 will be removed from the runner on September 16th, 2026. Please check if updated versions of these actions are available that support Node.js 24. To opt into Node.js 24 now, set the FORCE_JAVASCRIPT_ACTIONS_TO_NODE24=true environment variable on the runner or in your workflow file. Once Node.js 24 becomes the default, you can temporarily opt out by setting ACTIONS_ALLOW_USE_UNSECURE_NODE_VERSION=true. For more information see: https://github.blog/changelog/2025-09-19-deprecation-of-node-20-on-github-actions-runners/
