=== CI FAILURE ===
Workflow:      Auto-merge & Release
Workflow file: akarlin3/prismTask/.github/workflows/auto-merge.yml@refs/pull/813/merge
Job(s):        Auto-merge
Run ID:        24966950888
Run attempt:   1
Run URL:       https://github.com/akarlin3/prismTask/actions/runs/24966950888
Commit:        dcbc39d31783032d507691c1336da0b50bacff29
Branch:        813/merge
Event:         pull_request
Actor:         akarlin3
Runner OS:     Linux
Timestamp:     2026-04-26T21:09:00.972Z

Failed steps:
  - Auto-merge: #4 Wait for all other CI checks to pass

=== FAILED JOB LOG ===

--- Job: Auto-merge (id 73103288945) ---
2026-04-26T21:01:14.2240181Z Current runner version: '2.333.1'
2026-04-26T21:01:14.2264956Z ##[group]Runner Image Provisioner
2026-04-26T21:01:14.2265807Z Hosted Compute Agent
2026-04-26T21:01:14.2266334Z Version: 20260213.493
2026-04-26T21:01:14.2266986Z Commit: 5c115507f6dd24b8de37d8bbe0bb4509d0cc0fa3
2026-04-26T21:01:14.2267699Z Build Date: 2026-02-13T00:28:41Z
2026-04-26T21:01:14.2268385Z Worker ID: {0ce68f36-9427-4b7d-91ad-4eae27e388c0}
2026-04-26T21:01:14.2269117Z Azure Region: eastus
2026-04-26T21:01:14.2269635Z ##[endgroup]
2026-04-26T21:01:14.2271062Z ##[group]Operating System
2026-04-26T21:01:14.2271710Z Ubuntu
2026-04-26T21:01:14.2272157Z 24.04.4
2026-04-26T21:01:14.2272646Z LTS
2026-04-26T21:01:14.2273046Z ##[endgroup]
2026-04-26T21:01:14.2273603Z ##[group]Runner Image
2026-04-26T21:01:14.2274148Z Image: ubuntu-24.04
2026-04-26T21:01:14.2274974Z Version: 20260413.86.1
2026-04-26T21:01:14.2276431Z Included Software: https://github.com/actions/runner-images/blob/ubuntu24/20260413.86/images/ubuntu/Ubuntu2404-Readme.md
2026-04-26T21:01:14.2277874Z Image Release: https://github.com/actions/runner-images/releases/tag/ubuntu24%2F20260413.86
2026-04-26T21:01:14.2278808Z ##[endgroup]
2026-04-26T21:01:14.2280047Z ##[group]GITHUB_TOKEN Permissions
2026-04-26T21:01:14.2282112Z Actions: read
2026-04-26T21:01:14.2282625Z Checks: read
2026-04-26T21:01:14.2283133Z Contents: write
2026-04-26T21:01:14.2283746Z Metadata: read
2026-04-26T21:01:14.2284220Z PullRequests: write
2026-04-26T21:01:14.2285013Z ##[endgroup]
2026-04-26T21:01:14.2287420Z Secret source: Actions
2026-04-26T21:01:14.2288685Z Prepare workflow directory
2026-04-26T21:01:14.2851432Z Prepare all required actions
2026-04-26T21:01:14.2907201Z Getting action download info
2026-04-26T21:01:14.5954984Z Download action repository 'lewagon/wait-on-check-action@ccfb013c15c8afb7bf2b7c028fb74dc5a068cccc' (SHA:ccfb013c15c8afb7bf2b7c028fb74dc5a068cccc)
2026-04-26T21:01:15.0401954Z Getting action download info
2026-04-26T21:01:15.1619802Z Download action repository 'ruby/setup-ruby@v1' (SHA:0cb964fd540e0a24c900370abf38a33466142735)
2026-04-26T21:01:15.4014343Z Download action repository 'actions/cache@v4' (SHA:0057852bfaa89a56745cba8c7296529d2fc39830)
2026-04-26T21:01:15.8577488Z Complete job name: Auto-merge
2026-04-26T21:01:15.9281063Z ##[group]Run set -euo pipefail
2026-04-26T21:01:15.9282230Z [36;1mset -euo pipefail[0m
2026-04-26T21:01:15.9283588Z [36;1m# Audit item #5 — poll check-runs for up to 60s instead of a bare[0m
2026-04-26T21:01:15.9285626Z [36;1m# 20s sleep. On a busy runner cohort the initial 20s wasn't enough[0m
2026-04-26T21:01:15.9287472Z [36;1m# for the API to reflect queued workflow runs, which could merge[0m
2026-04-26T21:01:15.9289250Z [36;1m# PRs without waiting for CI. Bail out early as soon as ≥1 real[0m
2026-04-26T21:01:15.9290687Z [36;1m# check shows up.[0m
2026-04-26T21:01:15.9291614Z [36;1mCOUNT=0[0m
2026-04-26T21:01:15.9292447Z [36;1mfor i in $(seq 1 6); do[0m
2026-04-26T21:01:15.9293433Z [36;1m  sleep 10[0m
2026-04-26T21:01:15.9294723Z [36;1m  COUNT=$(gh api "repos/$REPO/commits/$HEAD_SHA/check-runs" \[0m
2026-04-26T21:01:15.9296468Z [36;1m    --jq '[.check_runs[] | select(.name != "Auto-merge")] | length')[0m
2026-04-26T21:01:15.9297968Z [36;1m  if [ "$COUNT" -gt 0 ]; then[0m
2026-04-26T21:01:15.9299293Z [36;1m    echo "Found $COUNT non-Auto-merge check(s) after ${i}0s"[0m
2026-04-26T21:01:15.9300626Z [36;1m    break[0m
2026-04-26T21:01:15.9301420Z [36;1m  fi[0m
2026-04-26T21:01:15.9302447Z [36;1m  echo "No non-Auto-merge checks yet (attempt $i/6)"[0m
2026-04-26T21:01:15.9303688Z [36;1mdone[0m
2026-04-26T21:01:15.9304738Z [36;1mif [ "$COUNT" -gt 0 ]; then[0m
2026-04-26T21:01:15.9306032Z [36;1m  echo "has_ci=true" >> "$GITHUB_OUTPUT"[0m
2026-04-26T21:01:15.9307160Z [36;1melse[0m
2026-04-26T21:01:15.9308051Z [36;1m  echo "has_ci=false" >> "$GITHUB_OUTPUT"[0m
2026-04-26T21:01:15.9309607Z [36;1m  echo "No CI checks on this PR after 60s — will merge without waiting."[0m
2026-04-26T21:01:15.9311047Z [36;1mfi[0m
2026-04-26T21:01:15.9337793Z shell: /usr/bin/bash -e {0}
2026-04-26T21:01:15.9339039Z env:
2026-04-26T21:01:15.9339783Z   WAIT_INTERVAL: 30
2026-04-26T21:01:15.9341023Z   GH_TOKEN: ***
2026-04-26T21:01:15.9341990Z   HEAD_SHA: e3a226a116756b946c03b338857e9b59cc20afbb
2026-04-26T21:01:15.9343189Z   REPO: akarlin3/prismTask
2026-04-26T21:01:15.9344077Z ##[endgroup]
2026-04-26T21:01:26.8402553Z Found 9 non-Auto-merge check(s) after 10s
2026-04-26T21:01:26.8526391Z ##[group]Run set -euo pipefail
2026-04-26T21:01:26.8526780Z [36;1mset -euo pipefail[0m
2026-04-26T21:01:26.8527233Z [36;1mREQUIRED=$(gh api "repos/$REPO/branches/main/protection/required_status_checks" \[0m
2026-04-26T21:01:26.8527763Z [36;1m  --jq '.contexts[]' 2>/dev/null || true)[0m
2026-04-26T21:01:26.8528102Z [36;1mif [ -z "$REQUIRED" ]; then[0m
2026-04-26T21:01:26.8528654Z [36;1m  echo "::warning::Could not query branch protection (likely a permission issue) — using hardcoded fallback list."[0m
2026-04-26T21:01:26.8529228Z [36;1m  REQUIRED="$FALLBACK_REQUIRED"[0m
2026-04-26T21:01:26.8529535Z [36;1mfi[0m
2026-04-26T21:01:26.8529842Z [36;1m# Strip Auto-merge from the required list so we don't wait on[0m
2026-04-26T21:01:26.8530306Z [36;1m# ourselves (it's listed because we ARE the running workflow).[0m
2026-04-26T21:01:26.8530831Z [36;1mREQUIRED=$(echo "$REQUIRED" | grep -vE '^\s*Auto-merge\s*$' | grep -vE '^\s*$' || true)[0m
2026-04-26T21:01:26.8531326Z [36;1mif [ -z "$REQUIRED" ]; then[0m
2026-04-26T21:01:26.8531708Z [36;1m  echo "No required checks beyond Auto-merge; skipping queue wait."[0m
2026-04-26T21:01:26.8532111Z [36;1m  exit 0[0m
2026-04-26T21:01:26.8532366Z [36;1mfi[0m
2026-04-26T21:01:26.8532642Z [36;1mecho "Waiting until these required checks queue:"[0m
2026-04-26T21:01:26.8533001Z [36;1mecho "$REQUIRED" | sed 's/^/  /'[0m
2026-04-26T21:01:26.8533383Z [36;1m# 30 attempts × 10s = 5 min ceiling. If checks haven't queued[0m
2026-04-26T21:01:26.8533860Z [36;1m# by then something is genuinely broken (workflow file invalid,[0m
2026-04-26T21:01:26.8534353Z [36;1m# path filter excluding everything, etc.) — log and proceed so[0m
2026-04-26T21:01:26.8535161Z [36;1m# wait-on-check-action can decide how to handle it.[0m
2026-04-26T21:01:26.8535540Z [36;1mfor attempt in $(seq 1 30); do[0m
2026-04-26T21:01:26.8535978Z [36;1m  CHECK_RUNS=$(gh api --paginate "repos/$REPO/commits/$HEAD_SHA/check-runs" \[0m
2026-04-26T21:01:26.8536449Z [36;1m    --jq '.check_runs[].name' | sort -u)[0m
2026-04-26T21:01:26.8536778Z [36;1m  MISSING=""[0m
2026-04-26T21:01:26.8537044Z [36;1m  while IFS= read -r req; do[0m
2026-04-26T21:01:26.8537336Z [36;1m    [ -z "$req" ] && continue[0m
2026-04-26T21:01:26.8537647Z [36;1m    req_trimmed=$(echo "$req" | xargs)[0m
2026-04-26T21:01:26.8538042Z [36;1m    if ! echo "$CHECK_RUNS" | grep -qxF "$req_trimmed"; then[0m
2026-04-26T21:01:26.8538445Z [36;1m      MISSING="$MISSING $req_trimmed"[0m
2026-04-26T21:01:26.8538743Z [36;1m    fi[0m
2026-04-26T21:01:26.8538968Z [36;1m  done <<< "$REQUIRED"[0m
2026-04-26T21:01:26.8539322Z [36;1m  if [ -z "$MISSING" ]; then[0m
2026-04-26T21:01:26.8539746Z [36;1m    echo "All required checks have queued after attempt $attempt."[0m
2026-04-26T21:01:26.8540130Z [36;1m    exit 0[0m
2026-04-26T21:01:26.8540357Z [36;1m  fi[0m
2026-04-26T21:01:26.8540653Z [36;1m  echo "Still waiting for:$MISSING (attempt $attempt/30)"[0m
2026-04-26T21:01:26.8541011Z [36;1m  sleep 10[0m
2026-04-26T21:01:26.8541239Z [36;1mdone[0m
2026-04-26T21:01:26.8541739Z [36;1mecho "::warning::Some required checks never queued after 5 min:$MISSING — proceeding to wait-on-check-action anyway."[0m
2026-04-26T21:01:26.8564705Z shell: /usr/bin/bash -e {0}
2026-04-26T21:01:26.8565034Z env:
2026-04-26T21:01:26.8565249Z   WAIT_INTERVAL: 30
2026-04-26T21:01:26.8565829Z   GH_TOKEN: ***
2026-04-26T21:01:26.8566110Z   HEAD_SHA: e3a226a116756b946c03b338857e9b59cc20afbb
2026-04-26T21:01:26.8566434Z   REPO: akarlin3/prismTask
2026-04-26T21:01:26.8566819Z   FALLBACK_REQUIRED: lint-and-test
connected-tests
test
web-lint-and-test

2026-04-26T21:01:26.8567459Z ##[endgroup]
2026-04-26T21:01:26.9811611Z Waiting until these required checks queue:
2026-04-26T21:01:26.9826520Z   {"message":"Resource not accessible by integration","documentation_url":"https://docs.github.com/rest/branches/branch-protection#get-status-checks-protection","status":"403"}
2026-04-26T21:01:27.4355564Z Still waiting for: {message:Resource not accessible by integration,documentation_url:https://docs.github.com/rest/branches/branch-protection#get-status-checks-protection,status:403} (attempt 1/30)
2026-04-26T21:01:37.7954967Z Still waiting for: {message:Resource not accessible by integration,documentation_url:https://docs.github.com/rest/branches/branch-protection#get-status-checks-protection,status:403} (attempt 2/30)
2026-04-26T21:01:48.1077683Z Still waiting for: {message:Resource not accessible by integration,documentation_url:https://docs.github.com/rest/branches/branch-protection#get-status-checks-protection,status:403} (attempt 3/30)
2026-04-26T21:01:58.4536885Z Still waiting for: {message:Resource not accessible by integration,documentation_url:https://docs.github.com/rest/branches/branch-protection#get-status-checks-protection,status:403} (attempt 4/30)
2026-04-26T21:02:08.8518521Z Still waiting for: {message:Resource not accessible by integration,documentation_url:https://docs.github.com/rest/branches/branch-protection#get-status-checks-protection,status:403} (attempt 5/30)
2026-04-26T21:02:19.2398596Z Still waiting for: {message:Resource not accessible by integration,documentation_url:https://docs.github.com/rest/branches/branch-protection#get-status-checks-protection,status:403} (attempt 6/30)
2026-04-26T21:02:29.6223251Z Still waiting for: {message:Resource not accessible by integration,documentation_url:https://docs.github.com/rest/branches/branch-protection#get-status-checks-protection,status:403} (attempt 7/30)
2026-04-26T21:02:40.0249544Z Still waiting for: {message:Resource not accessible by integration,documentation_url:https://docs.github.com/rest/branches/branch-protection#get-status-checks-protection,status:403} (attempt 8/30)
2026-04-26T21:02:50.4261739Z Still waiting for: {message:Resource not accessible by integration,documentation_url:https://docs.github.com/rest/branches/branch-protection#get-status-checks-protection,status:403} (attempt 9/30)
2026-04-26T21:03:00.7933545Z Still waiting for: {message:Resource not accessible by integration,documentation_url:https://docs.github.com/rest/branches/branch-protection#get-status-checks-protection,status:403} (attempt 10/30)
2026-04-26T21:03:11.1665928Z Still waiting for: {message:Resource not accessible by integration,documentation_url:https://docs.github.com/rest/branches/branch-protection#get-status-checks-protection,status:403} (attempt 11/30)
2026-04-26T21:03:21.5191547Z Still waiting for: {message:Resource not accessible by integration,documentation_url:https://docs.github.com/rest/branches/branch-protection#get-status-checks-protection,status:403} (attempt 12/30)
2026-04-26T21:03:31.9086033Z Still waiting for: {message:Resource not accessible by integration,documentation_url:https://docs.github.com/rest/branches/branch-protection#get-status-checks-protection,status:403} (attempt 13/30)
2026-04-26T21:03:42.2830675Z Still waiting for: {message:Resource not accessible by integration,documentation_url:https://docs.github.com/rest/branches/branch-protection#get-status-checks-protection,status:403} (attempt 14/30)
2026-04-26T21:03:52.6602552Z Still waiting for: {message:Resource not accessible by integration,documentation_url:https://docs.github.com/rest/branches/branch-protection#get-status-checks-protection,status:403} (attempt 15/30)
2026-04-26T21:04:03.0572453Z Still waiting for: {message:Resource not accessible by integration,documentation_url:https://docs.github.com/rest/branches/branch-protection#get-status-checks-protection,status:403} (attempt 16/30)
2026-04-26T21:04:13.5007410Z Still waiting for: {message:Resource not accessible by integration,documentation_url:https://docs.github.com/rest/branches/branch-protection#get-status-checks-protection,status:403} (attempt 17/30)
2026-04-26T21:04:23.8554174Z Still waiting for: {message:Resource not accessible by integration,documentation_url:https://docs.github.com/rest/branches/branch-protection#get-status-checks-protection,status:403} (attempt 18/30)
2026-04-26T21:04:34.2363513Z Still waiting for: {message:Resource not accessible by integration,documentation_url:https://docs.github.com/rest/branches/branch-protection#get-status-checks-protection,status:403} (attempt 19/30)
2026-04-26T21:04:44.6000161Z Still waiting for: {message:Resource not accessible by integration,documentation_url:https://docs.github.com/rest/branches/branch-protection#get-status-checks-protection,status:403} (attempt 20/30)
2026-04-26T21:04:54.9909672Z Still waiting for: {message:Resource not accessible by integration,documentation_url:https://docs.github.com/rest/branches/branch-protection#get-status-checks-protection,status:403} (attempt 21/30)
2026-04-26T21:05:05.3765809Z Still waiting for: {message:Resource not accessible by integration,documentation_url:https://docs.github.com/rest/branches/branch-protection#get-status-checks-protection,status:403} (attempt 22/30)
2026-04-26T21:05:15.7614060Z Still waiting for: {message:Resource not accessible by integration,documentation_url:https://docs.github.com/rest/branches/branch-protection#get-status-checks-protection,status:403} (attempt 23/30)
2026-04-26T21:05:26.1518029Z Still waiting for: {message:Resource not accessible by integration,documentation_url:https://docs.github.com/rest/branches/branch-protection#get-status-checks-protection,status:403} (attempt 24/30)
2026-04-26T21:05:36.5496636Z Still waiting for: {message:Resource not accessible by integration,documentation_url:https://docs.github.com/rest/branches/branch-protection#get-status-checks-protection,status:403} (attempt 25/30)
2026-04-26T21:05:46.9466048Z Still waiting for: {message:Resource not accessible by integration,documentation_url:https://docs.github.com/rest/branches/branch-protection#get-status-checks-protection,status:403} (attempt 26/30)
2026-04-26T21:05:57.2956173Z Still waiting for: {message:Resource not accessible by integration,documentation_url:https://docs.github.com/rest/branches/branch-protection#get-status-checks-protection,status:403} (attempt 27/30)
2026-04-26T21:06:07.6953206Z Still waiting for: {message:Resource not accessible by integration,documentation_url:https://docs.github.com/rest/branches/branch-protection#get-status-checks-protection,status:403} (attempt 28/30)
2026-04-26T21:06:18.0957533Z Still waiting for: {message:Resource not accessible by integration,documentation_url:https://docs.github.com/rest/branches/branch-protection#get-status-checks-protection,status:403} (attempt 29/30)
2026-04-26T21:06:28.5146473Z Still waiting for: {message:Resource not accessible by integration,documentation_url:https://docs.github.com/rest/branches/branch-protection#get-status-checks-protection,status:403} (attempt 30/30)
2026-04-26T21:06:38.5199399Z ##[warning]Some required checks never queued after 5 min: {message:Resource not accessible by integration,documentation_url:https://docs.github.com/rest/branches/branch-protection#get-status-checks-protection,status:403} — proceeding to wait-on-check-action anyway.
2026-04-26T21:06:38.5409560Z ##[group]Run lewagon/wait-on-check-action@ccfb013c15c8afb7bf2b7c028fb74dc5a068cccc
2026-04-26T21:06:38.5409980Z with:
2026-04-26T21:06:38.5410189Z   ref: e3a226a116756b946c03b338857e9b59cc20afbb
2026-04-26T21:06:38.5410472Z   running-workflow-name: Auto-merge
2026-04-26T21:06:38.5410906Z   repo-token: ***
2026-04-26T21:06:38.5411097Z   wait-interval: 30
2026-04-26T21:06:38.5411322Z   allowed-conclusions: success,skipped,neutral
2026-04-26T21:06:38.5411586Z   verbose: true
2026-04-26T21:06:38.5411756Z env:
2026-04-26T21:06:38.5411910Z   WAIT_INTERVAL: 30
2026-04-26T21:06:38.5412088Z ##[endgroup]
2026-04-26T21:06:38.5530785Z ##[group]Run ruby/setup-ruby@v1
2026-04-26T21:06:38.5531027Z with:
2026-04-26T21:06:38.5531414Z   ruby-version: 3.2
2026-04-26T21:06:38.5531611Z   bundler-cache: false
2026-04-26T21:06:38.5531923Z   token: ***
2026-04-26T21:06:38.5532097Z env:
2026-04-26T21:06:38.5532255Z   WAIT_INTERVAL: 30
2026-04-26T21:06:38.5532432Z ##[endgroup]
2026-04-26T21:06:38.6976570Z ##[group]Modifying PATH
2026-04-26T21:06:38.6977306Z Entries added to PATH to use selected Ruby:
2026-04-26T21:06:38.6978093Z   /opt/hostedtoolcache/Ruby/3.2.11/x64/bin
2026-04-26T21:06:38.6982516Z ##[endgroup]
2026-04-26T21:06:38.6983417Z ##[group]Print Ruby version
2026-04-26T21:06:38.7057257Z [command]/opt/hostedtoolcache/Ruby/3.2.11/x64/bin/ruby --version
2026-04-26T21:06:38.9318175Z ruby 3.2.11 (2026-03-27 revision 5483bfc1ae) [x86_64-linux]
2026-04-26T21:06:38.9356136Z Took   0.24 seconds
2026-04-26T21:06:38.9356961Z ##[endgroup]
2026-04-26T21:06:38.9359311Z ##[group]Installing Bundler
2026-04-26T21:06:38.9362785Z Using Bundler shipped with ruby-3.2.11
2026-04-26T21:06:38.9364074Z Took   0.00 seconds
2026-04-26T21:06:38.9365078Z ##[endgroup]
2026-04-26T21:06:39.0123440Z ##[group]Run actions/cache@v4
2026-04-26T21:06:39.0123746Z with:
2026-04-26T21:06:39.0124166Z   path: /home/runner/work/_actions/lewagon/wait-on-check-action/ccfb013c15c8afb7bf2b7c028fb74dc5a068cccc
2026-04-26T21:06:39.0125383Z   key: Linux-gems-
2026-04-26T21:06:39.0125598Z   restore-keys: Linux-gems-
2026-04-26T21:06:39.0125836Z   enableCrossOsArchive: false
2026-04-26T21:06:39.0126063Z   fail-on-cache-miss: false
2026-04-26T21:06:39.0126270Z   lookup-only: false
2026-04-26T21:06:39.0126450Z   save-always: false
2026-04-26T21:06:39.0126623Z env:
2026-04-26T21:06:39.0126776Z   WAIT_INTERVAL: 30
2026-04-26T21:06:39.0126954Z ##[endgroup]
2026-04-26T21:06:39.2138358Z Cache hit for: Linux-gems-
2026-04-26T21:06:39.2902001Z Received 13141 of 13141 (100.0%), 0.8 MBs/sec
2026-04-26T21:06:39.2903153Z Cache Size: ~0 MB (13141 B)
2026-04-26T21:06:39.2943116Z [command]/usr/bin/tar -xf /home/runner/work/_temp/de439d25-c7cb-4da9-998c-544263c4cebd/cache.tzst -P -C /home/runner/work/prismTask/prismTask --use-compress-program unzstd
2026-04-26T21:06:39.3004910Z Cache restored successfully
2026-04-26T21:06:39.3084291Z Cache restored from key: Linux-gems-
2026-04-26T21:06:39.3153212Z ##[group]Run bundle install --jobs 4 --retry 3
2026-04-26T21:06:39.3153566Z [36;1mbundle install --jobs 4 --retry 3[0m
2026-04-26T21:06:39.3177221Z shell: /usr/bin/bash --noprofile --norc -e -o pipefail {0}
2026-04-26T21:06:39.3177571Z env:
2026-04-26T21:06:39.3177746Z   WAIT_INTERVAL: 30
2026-04-26T21:06:39.3177943Z ##[endgroup]
2026-04-26T21:06:40.5183137Z Bundler 2.4.19 is running, but your lockfile was generated with 2.2.3. Installing Bundler 2.2.3 and restarting using that version.
2026-04-26T21:06:42.0638344Z Fetching gem metadata from https://rubygems.org/.
2026-04-26T21:06:42.0717815Z Fetching bundler 2.2.3
2026-04-26T21:06:42.2129889Z Installing bundler 2.2.3
2026-04-26T21:06:42.4087546Z Calling `DidYouMean::SPELL_CHECKERS.merge!(error_name => spell_checker)' has been deprecated. Please call `DidYouMean.correct_error(error_name, spell_checker)' instead.
2026-04-26T21:06:43.7252745Z Fetching gem metadata from https://rubygems.org/.........
2026-04-26T21:06:43.7350282Z Fetching minitest 5.18.0
2026-04-26T21:06:43.7647705Z Fetching public_suffix 4.0.7
2026-04-26T21:06:43.7650866Z Fetching concurrent-ruby 1.2.2
2026-04-26T21:06:43.7881239Z Fetching zeitwerk 2.6.7
2026-04-26T21:06:43.8642659Z Installing zeitwerk 2.6.7
2026-04-26T21:06:43.8895136Z Installing public_suffix 4.0.7
2026-04-26T21:06:43.8916702Z Installing minitest 5.18.0
2026-04-26T21:06:43.9273118Z Installing concurrent-ruby 1.2.2
2026-04-26T21:06:43.9450383Z Fetching ast 2.4.2
2026-04-26T21:06:43.9828351Z Installing ast 2.4.2
2026-04-26T21:06:43.9832817Z Using bundler 2.2.3
2026-04-26T21:06:43.9837976Z Fetching byebug 11.1.3
2026-04-26T21:06:44.0288938Z Fetching diff-lcs 1.4.4
2026-04-26T21:06:44.0573461Z Installing byebug 11.1.3 with native extensions
2026-04-26T21:06:44.0632483Z Fetching faraday-net_http 2.0.3
2026-04-26T21:06:44.1121230Z Installing diff-lcs 1.4.4
2026-04-26T21:06:44.1215145Z Installing faraday-net_http 2.0.3
2026-04-26T21:06:44.1367141Z Using ruby2_keywords 0.0.5
2026-04-26T21:06:44.1384092Z Fetching json 2.7.1
2026-04-26T21:06:44.1856633Z Installing json 2.7.1 with native extensions
2026-04-26T21:06:44.2103422Z Fetching language_server-protocol 3.17.0.3
2026-04-26T21:06:44.2598843Z Installing language_server-protocol 3.17.0.3
2026-04-26T21:06:44.3420092Z Fetching lint_roller 1.1.0
2026-04-26T21:06:44.4005394Z Installing lint_roller 1.1.0
2026-04-26T21:06:44.4186188Z Fetching parallel 1.24.0
2026-04-26T21:06:44.4692343Z Installing parallel 1.24.0
2026-04-26T21:06:44.4780344Z Fetching racc 1.7.3
2026-04-26T21:06:44.5272294Z Installing racc 1.7.3 with native extensions
2026-04-26T21:06:44.5625857Z Fetching rainbow 3.1.1
2026-04-26T21:06:44.6183228Z Installing rainbow 3.1.1
2026-04-26T21:06:44.6260072Z Fetching regexp_parser 2.8.3
2026-04-26T21:06:44.6771279Z Installing regexp_parser 2.8.3
2026-04-26T21:06:44.7040817Z Fetching rexml 3.2.6
2026-04-26T21:06:44.7497760Z Installing rexml 3.2.6
2026-04-26T21:06:44.8535876Z Fetching rspec-support 3.10.1
2026-04-26T21:06:44.8906699Z Installing rspec-support 3.10.1
2026-04-26T21:06:44.9039498Z Fetching ruby-progressbar 1.13.0
2026-04-26T21:06:44.9423972Z Installing ruby-progressbar 1.13.0
2026-04-26T21:06:44.9546916Z Fetching unicode-display_width 2.5.0
2026-04-26T21:06:45.0006480Z Installing unicode-display_width 2.5.0
2026-04-26T21:06:45.0073424Z Fetching addressable 2.8.0
2026-04-26T21:06:45.0493897Z Installing addressable 2.8.0
2026-04-26T21:06:45.0652829Z Fetching faraday 2.3.0
2026-04-26T21:06:45.1125761Z Installing faraday 2.3.0
2026-04-26T21:06:45.1475660Z Fetching i18n 1.12.0
2026-04-26T21:06:45.2279979Z Installing i18n 1.12.0
2026-04-26T21:06:45.2505603Z Fetching tzinfo 2.0.6
2026-04-26T21:06:45.3155735Z Installing tzinfo 2.0.6
2026-04-26T21:06:45.3425576Z Fetching rspec-core 3.10.1
2026-04-26T21:06:45.4105763Z Installing rspec-core 3.10.1
2026-04-26T21:06:45.4510329Z Fetching rspec-expectations 3.10.1
2026-04-26T21:06:45.5181672Z Installing rspec-expectations 3.10.1
2026-04-26T21:06:45.5448042Z Fetching rspec-mocks 3.10.1
2026-04-26T21:06:45.6078930Z Installing rspec-mocks 3.10.1
2026-04-26T21:06:45.6330493Z Fetching faraday-retry 2.0.0
2026-04-26T21:06:45.6936582Z Installing faraday-retry 2.0.0
2026-04-26T21:06:45.7048010Z Fetching sawyer 0.9.2
2026-04-26T21:06:45.7565997Z Fetching activesupport 6.1.7.3
2026-04-26T21:06:45.8020052Z Installing sawyer 0.9.2
2026-04-26T21:06:45.8224307Z Fetching rspec 3.10.0
2026-04-26T21:06:45.8712755Z Installing activesupport 6.1.7.3
2026-04-26T21:06:45.8838851Z Installing rspec 3.10.0
2026-04-26T21:06:45.8995032Z Fetching parser 3.2.2.4
2026-04-26T21:06:46.0495930Z Installing parser 3.2.2.4
2026-04-26T21:06:46.1098864Z Fetching octokit 4.25.0
2026-04-26T21:06:46.1788639Z Installing octokit 4.25.0
2026-04-26T21:06:46.2686212Z Fetching rubocop-ast 1.30.0
2026-04-26T21:06:46.3268811Z Installing rubocop-ast 1.30.0
2026-04-26T21:06:47.5399095Z Fetching rubocop 1.57.2
2026-04-26T21:06:47.6012725Z Installing rubocop 1.57.2
2026-04-26T21:06:47.7738789Z Fetching rubocop-performance 1.19.1
2026-04-26T21:06:47.7739340Z Fetching standard-custom 1.0.2
2026-04-26T21:06:47.8345871Z Installing standard-custom 1.0.2
2026-04-26T21:06:47.8355762Z Installing rubocop-performance 1.19.1
2026-04-26T21:06:47.9225175Z Fetching standard-performance 1.2.1
2026-04-26T21:06:47.9573008Z Installing standard-performance 1.2.1
2026-04-26T21:06:47.9650083Z Fetching standard 1.32.1
2026-04-26T21:06:48.0016272Z Installing standard 1.32.1
2026-04-26T21:06:48.0235100Z Bundle complete! 6 Gemfile dependencies, 40 gems now installed.
2026-04-26T21:06:48.0236136Z Use `bundle info [gemname]` to see where a bundled gem is installed.
2026-04-26T21:06:48.0796713Z ##[group]Run ruby entrypoint.rb
2026-04-26T21:06:48.0796999Z [36;1mruby entrypoint.rb[0m
2026-04-26T21:06:48.0818376Z shell: /usr/bin/bash --noprofile --norc -e -o pipefail {0}
2026-04-26T21:06:48.0818704Z env:
2026-04-26T21:06:48.0818873Z   WAIT_INTERVAL: 30
2026-04-26T21:06:48.0819280Z   ALLOWED_CONCLUSIONS: success,skipped,neutral
2026-04-26T21:06:48.0819557Z   IGNORE_CHECKS: 
2026-04-26T21:06:48.0819741Z   CHECK_NAME: 
2026-04-26T21:06:48.0819908Z   CHECK_REGEXP: 
2026-04-26T21:06:48.0820133Z   REF: e3a226a116756b946c03b338857e9b59cc20afbb
2026-04-26T21:06:48.0820746Z   REPO_TOKEN: ***
2026-04-26T21:06:48.0820953Z   VERBOSE: true
2026-04-26T21:06:48.0821156Z   RUNNING_WORKFLOW_NAME: Auto-merge
2026-04-26T21:06:48.0821394Z   API_ENDPOINT: 
2026-04-26T21:06:48.0821577Z ##[endgroup]
2026-04-26T21:08:50.5968909Z Checks running on ref:
2026-04-26T21:08:50.5970221Z Checks completed: capture-failure-log, capture-failure-log, e2e, capture-failure-log, connected-tests, autofix, test, cross-device-tests, web-lint-and-test, maybe-label
2026-04-26T21:08:50.5971612Z Checks in_progress: lint-and-test, Auto-merge
2026-04-26T21:08:50.5972165Z Checks after ignore checks filter:
2026-04-26T21:08:50.5973603Z Checks completed: capture-failure-log, capture-failure-log, e2e, capture-failure-log, connected-tests, autofix, test, cross-device-tests, web-lint-and-test, maybe-label
2026-04-26T21:08:50.5975470Z Checks in_progress: lint-and-test
2026-04-26T21:08:50.5975859Z Checks after check_name filter:
2026-04-26T21:08:50.5977043Z Checks completed: capture-failure-log, capture-failure-log, e2e, capture-failure-log, connected-tests, autofix, test, cross-device-tests, web-lint-and-test, maybe-label
2026-04-26T21:08:50.5978262Z Checks in_progress: lint-and-test
2026-04-26T21:08:50.5978648Z Checks after Regexp filter:
2026-04-26T21:08:50.5980032Z Checks completed: capture-failure-log, capture-failure-log, e2e, capture-failure-log, connected-tests, autofix, test, cross-device-tests, web-lint-and-test, maybe-label
2026-04-26T21:08:50.5981536Z Checks in_progress: lint-and-test
2026-04-26T21:08:50.5982252Z The requested checks aren't complete yet, will check back in 30 seconds...
2026-04-26T21:08:50.5982994Z Checks running on ref:
2026-04-26T21:08:50.5984347Z Checks completed: capture-failure-log, capture-failure-log, e2e, capture-failure-log, connected-tests, autofix, test, cross-device-tests, web-lint-and-test, maybe-label
2026-04-26T21:08:50.5985547Z Checks in_progress: lint-and-test, Auto-merge
2026-04-26T21:08:50.5985845Z Checks after ignore checks filter:
2026-04-26T21:08:50.5986520Z Checks completed: capture-failure-log, capture-failure-log, e2e, capture-failure-log, connected-tests, autofix, test, cross-device-tests, web-lint-and-test, maybe-label
2026-04-26T21:08:50.5987218Z Checks in_progress: lint-and-test
2026-04-26T21:08:50.5987458Z Checks after check_name filter:
2026-04-26T21:08:50.5988121Z Checks completed: capture-failure-log, capture-failure-log, e2e, capture-failure-log, connected-tests, autofix, test, cross-device-tests, web-lint-and-test, maybe-label
2026-04-26T21:08:50.5988811Z Checks in_progress: lint-and-test
2026-04-26T21:08:50.5989046Z Checks after Regexp filter:
2026-04-26T21:08:50.5989705Z Checks completed: capture-failure-log, capture-failure-log, e2e, capture-failure-log, connected-tests, autofix, test, cross-device-tests, web-lint-and-test, maybe-label
2026-04-26T21:08:50.5990398Z Checks in_progress: lint-and-test
2026-04-26T21:08:50.5990735Z The requested checks aren't complete yet, will check back in 30 seconds...
2026-04-26T21:08:50.5991489Z Checks running on ref:
2026-04-26T21:08:50.5992323Z Checks completed: capture-failure-log, capture-failure-log, e2e, capture-failure-log, connected-tests, autofix, test, cross-device-tests, web-lint-and-test, maybe-label
2026-04-26T21:08:50.5993247Z Checks in_progress: lint-and-test, Auto-merge
2026-04-26T21:08:50.5993608Z Checks after ignore checks filter:
2026-04-26T21:08:50.5994468Z Checks completed: capture-failure-log, capture-failure-log, e2e, capture-failure-log, connected-tests, autofix, test, cross-device-tests, web-lint-and-test, maybe-label
2026-04-26T21:08:50.5995600Z Checks in_progress: lint-and-test
2026-04-26T21:08:50.5995915Z Checks after check_name filter:
2026-04-26T21:08:50.5996725Z Checks completed: capture-failure-log, capture-failure-log, e2e, capture-failure-log, connected-tests, autofix, test, cross-device-tests, web-lint-and-test, maybe-label
2026-04-26T21:08:50.5997813Z Checks in_progress: lint-and-test
2026-04-26T21:08:50.5998123Z Checks after Regexp filter:
2026-04-26T21:08:50.5998956Z Checks completed: capture-failure-log, capture-failure-log, e2e, capture-failure-log, connected-tests, autofix, test, cross-device-tests, web-lint-and-test, maybe-label
2026-04-26T21:08:50.5999821Z Checks in_progress: lint-and-test
2026-04-26T21:08:50.6000226Z The requested checks aren't complete yet, will check back in 30 seconds...
2026-04-26T21:08:50.6000579Z Checks running on ref:
2026-04-26T21:08:50.6001207Z Checks completed: capture-failure-log, capture-failure-log, e2e, capture-failure-log, connected-tests, autofix, test, cross-device-tests, web-lint-and-test, maybe-label
2026-04-26T21:08:50.6001907Z Checks in_progress: lint-and-test, Auto-merge
2026-04-26T21:08:50.6002180Z Checks after ignore checks filter:
2026-04-26T21:08:50.6002841Z Checks completed: capture-failure-log, capture-failure-log, e2e, capture-failure-log, connected-tests, autofix, test, cross-device-tests, web-lint-and-test, maybe-label
2026-04-26T21:08:50.6003527Z Checks in_progress: lint-and-test
2026-04-26T21:08:50.6003848Z Checks after check_name filter:
2026-04-26T21:08:50.6005127Z Checks completed: capture-failure-log, capture-failure-log, e2e, capture-failure-log, connected-tests, autofix, test, cross-device-tests, web-lint-and-test, maybe-label
2026-04-26T21:08:50.6006255Z Checks in_progress: lint-and-test
2026-04-26T21:08:50.6006621Z Checks after Regexp filter:
2026-04-26T21:08:50.6007724Z Checks completed: capture-failure-log, capture-failure-log, e2e, capture-failure-log, connected-tests, autofix, test, cross-device-tests, web-lint-and-test, maybe-label
2026-04-26T21:08:50.6008912Z Checks in_progress: lint-and-test
2026-04-26T21:08:50.6009459Z The requested checks aren't complete yet, will check back in 30 seconds...
2026-04-26T21:08:50.6010022Z Checks running on ref:
2026-04-26T21:08:50.6011492Z Checks completed: capture-failure-log, firebase-distribute, capture-failure-log, capture-failure-log, e2e, capture-failure-log, connected-tests, autofix, lint-and-test, test, cross-device-tests, web-lint-and-test, maybe-label
2026-04-26T21:08:50.6013129Z Checks in_progress: Auto-merge
2026-04-26T21:08:50.6013514Z Checks after ignore checks filter:
2026-04-26T21:08:50.6015174Z Checks completed: capture-failure-log, firebase-distribute, capture-failure-log, capture-failure-log, e2e, capture-failure-log, connected-tests, autofix, lint-and-test, test, cross-device-tests, web-lint-and-test, maybe-label
2026-04-26T21:08:50.6016725Z Checks after check_name filter:
2026-04-26T21:08:50.6018243Z Checks completed: capture-failure-log, firebase-distribute, capture-failure-log, capture-failure-log, e2e, capture-failure-log, connected-tests, autofix, lint-and-test, test, cross-device-tests, web-lint-and-test, maybe-label
2026-04-26T21:08:50.6019828Z Checks after Regexp filter:
2026-04-26T21:08:50.6021399Z Checks completed: capture-failure-log, firebase-distribute, capture-failure-log, capture-failure-log, e2e, capture-failure-log, connected-tests, autofix, lint-and-test, test, cross-device-tests, web-lint-and-test, maybe-label
2026-04-26T21:08:50.6023156Z Checks completed:
2026-04-26T21:08:50.6023521Z capture-failure-log: completed (skipped)
2026-04-26T21:08:50.6023994Z firebase-distribute: completed (cancelled)
2026-04-26T21:08:50.6024472Z capture-failure-log: completed (skipped)
2026-04-26T21:08:50.6025241Z capture-failure-log: completed (skipped)
2026-04-26T21:08:50.6025631Z e2e: completed (success)
2026-04-26T21:08:50.6025995Z capture-failure-log: completed (skipped)
2026-04-26T21:08:50.6026406Z connected-tests: completed (skipped)
2026-04-26T21:08:50.6026825Z autofix: completed (cancelled)
2026-04-26T21:08:50.6027229Z lint-and-test: completed (cancelled)
2026-04-26T21:08:50.6027647Z test: completed (success)
2026-04-26T21:08:50.6028027Z cross-device-tests: completed (skipped)
2026-04-26T21:08:50.6028661Z web-lint-and-test: completed (success)
2026-04-26T21:08:50.6029099Z maybe-label: completed (success)
2026-04-26T21:08:50.6030255Z The conclusion of one or more checks were not allowed. Allowed conclusions are: success, skipped, neutral. This can be configured with the 'allowed-conclusions' param.
2026-04-26T21:08:50.6058364Z ##[error]Process completed with exit code 1.
2026-04-26T21:08:50.6168508Z Post job cleanup.
2026-04-26T21:08:50.6218811Z Cleaning up orphan processes
2026-04-26T21:08:50.6508999Z ##[warning]Node.js 20 actions are deprecated. The following actions are running on Node.js 20 and may not work as expected: actions/cache@v4. Actions will be forced to run with Node.js 24 by default starting June 2nd, 2026. Node.js 20 will be removed from the runner on September 16th, 2026. Please check if updated versions of these actions are available that support Node.js 24. To opt into Node.js 24 now, set the FORCE_JAVASCRIPT_ACTIONS_TO_NODE24=true environment variable on the runner or in your workflow file. Once Node.js 24 becomes the default, you can temporarily opt out by setting ACTIONS_ALLOW_USE_UNSECURE_NODE_VERSION=true. For more information see: https://github.blog/changelog/2025-09-19-deprecation-of-node-20-on-github-actions-runners/
