=== CI FAILURE ===
Workflow:      Auto-merge & Release
Workflow file: averycorp/prismTask/.github/workflows/auto-merge.yml@refs/pull/882/merge
Job(s):        Auto-merge
Run ID:        25040025661
Run attempt:   1
Run URL:       https://github.com/averycorp/prismTask/actions/runs/25040025661
Commit:        7fcc8bc3b6600798f99ec9e21efb5249e6a48dc7
Branch:        882/merge
Event:         pull_request
Actor:         akarlin3
Runner OS:     Linux
Timestamp:     2026-04-28T07:55:39.618Z

Failed steps:
  - Auto-merge: #4 Wait for all other CI checks to pass

=== FAILED JOB LOG ===

--- Job: Auto-merge (id 73340716498) ---
2026-04-28T07:33:43.9604526Z Current runner version: '2.333.1'
2026-04-28T07:33:43.9639997Z ##[group]Runner Image Provisioner
2026-04-28T07:33:43.9641157Z Hosted Compute Agent
2026-04-28T07:33:43.9641922Z Version: 20260422.526
2026-04-28T07:33:43.9642955Z Commit: e1a9e573f4d0838b3a7c1b07401aeb29ed3635a9
2026-04-28T07:33:43.9643989Z Build Date: 2026-04-22T09:31:31Z
2026-04-28T07:33:43.9644966Z Worker ID: {c8c1c8fa-6ee4-41ea-a9a4-24ac19315729}
2026-04-28T07:33:43.9646126Z Azure Region: eastus
2026-04-28T07:33:43.9646862Z ##[endgroup]
2026-04-28T07:33:43.9649141Z ##[group]Operating System
2026-04-28T07:33:43.9650094Z Ubuntu
2026-04-28T07:33:43.9650723Z 24.04.4
2026-04-28T07:33:43.9651453Z LTS
2026-04-28T07:33:43.9652100Z ##[endgroup]
2026-04-28T07:33:43.9652854Z ##[group]Runner Image
2026-04-28T07:33:43.9653721Z Image: ubuntu-24.04
2026-04-28T07:33:43.9654461Z Version: 20260426.100.1
2026-04-28T07:33:43.9656394Z Included Software: https://github.com/actions/runner-images/blob/ubuntu24/20260426.100/images/ubuntu/Ubuntu2404-Readme.md
2026-04-28T07:33:43.9659007Z Image Release: https://github.com/actions/runner-images/releases/tag/ubuntu24%2F20260426.100
2026-04-28T07:33:43.9660409Z ##[endgroup]
2026-04-28T07:33:43.9662499Z ##[group]GITHUB_TOKEN Permissions
2026-04-28T07:33:43.9665057Z Actions: read
2026-04-28T07:33:43.9665899Z Checks: read
2026-04-28T07:33:43.9666594Z Contents: write
2026-04-28T07:33:43.9667321Z Metadata: read
2026-04-28T07:33:43.9668297Z PullRequests: write
2026-04-28T07:33:43.9669123Z ##[endgroup]
2026-04-28T07:33:43.9672004Z Secret source: Actions
2026-04-28T07:33:43.9673132Z Prepare workflow directory
2026-04-28T07:33:44.0212331Z Prepare all required actions
2026-04-28T07:33:44.0265415Z Getting action download info
2026-04-28T07:33:44.3911776Z Download action repository 'lewagon/wait-on-check-action@ccfb013c15c8afb7bf2b7c028fb74dc5a068cccc' (SHA:ccfb013c15c8afb7bf2b7c028fb74dc5a068cccc)
2026-04-28T07:33:44.7620300Z Getting action download info
2026-04-28T07:33:44.9176260Z Download action repository 'ruby/setup-ruby@v1' (SHA:c4e5b1316158f92e3d49443a9d58b31d25ac0f8f)
2026-04-28T07:33:45.1537261Z Download action repository 'actions/cache@v4' (SHA:0057852bfaa89a56745cba8c7296529d2fc39830)
2026-04-28T07:33:45.3095854Z Complete job name: Auto-merge
2026-04-28T07:33:45.3757909Z ##[group]Run set -euo pipefail
2026-04-28T07:33:45.3759043Z [36;1mset -euo pipefail[0m
2026-04-28T07:33:45.3760334Z [36;1m# Audit item #5 — poll check-runs for up to 60s instead of a bare[0m
2026-04-28T07:33:45.3762064Z [36;1m# 20s sleep. On a busy runner cohort the initial 20s wasn't enough[0m
2026-04-28T07:33:45.3763762Z [36;1m# for the API to reflect queued workflow runs, which could merge[0m
2026-04-28T07:33:45.3765430Z [36;1m# PRs without waiting for CI. Bail out early as soon as ≥1 real[0m
2026-04-28T07:33:45.3766812Z [36;1m# check shows up.[0m
2026-04-28T07:33:45.3767826Z [36;1mCOUNT=0[0m
2026-04-28T07:33:45.3768618Z [36;1mfor i in $(seq 1 6); do[0m
2026-04-28T07:33:45.3769566Z [36;1m  sleep 10[0m
2026-04-28T07:33:45.3770671Z [36;1m  COUNT=$(gh api "repos/$REPO/commits/$HEAD_SHA/check-runs" \[0m
2026-04-28T07:33:45.3772337Z [36;1m    --jq '[.check_runs[] | select(.name != "Auto-merge")] | length')[0m
2026-04-28T07:33:45.3773755Z [36;1m  if [ "$COUNT" -gt 0 ]; then[0m
2026-04-28T07:33:45.3775035Z [36;1m    echo "Found $COUNT non-Auto-merge check(s) after ${i}0s"[0m
2026-04-28T07:33:45.3776302Z [36;1m    break[0m
2026-04-28T07:33:45.3777055Z [36;1m  fi[0m
2026-04-28T07:33:45.3778196Z [36;1m  echo "No non-Auto-merge checks yet (attempt $i/6)"[0m
2026-04-28T07:33:45.3779383Z [36;1mdone[0m
2026-04-28T07:33:45.3780137Z [36;1mif [ "$COUNT" -gt 0 ]; then[0m
2026-04-28T07:33:45.3781187Z [36;1m  echo "has_ci=true" >> "$GITHUB_OUTPUT"[0m
2026-04-28T07:33:45.3782253Z [36;1melse[0m
2026-04-28T07:33:45.3783093Z [36;1m  echo "has_ci=false" >> "$GITHUB_OUTPUT"[0m
2026-04-28T07:33:45.3784590Z [36;1m  echo "No CI checks on this PR after 60s — will merge without waiting."[0m
2026-04-28T07:33:45.3785965Z [36;1mfi[0m
2026-04-28T07:33:45.3890938Z shell: /usr/bin/bash -e {0}
2026-04-28T07:33:45.3892201Z env:
2026-04-28T07:33:45.3892901Z   WAIT_INTERVAL: 15
2026-04-28T07:33:45.3894115Z   GH_TOKEN: ***
2026-04-28T07:33:45.3895023Z   HEAD_SHA: 1477d6b8cae2b81d099c0e213393fb8239e1acef
2026-04-28T07:33:45.3896168Z   REPO: averycorp/prismTask
2026-04-28T07:33:45.3897024Z ##[endgroup]
2026-04-28T07:33:55.9640451Z Found 7 non-Auto-merge check(s) after 10s
2026-04-28T07:33:55.9765855Z ##[group]Run set -euo pipefail
2026-04-28T07:33:55.9766260Z [36;1mset -euo pipefail[0m
2026-04-28T07:33:55.9766725Z [36;1mREQUIRED=$(gh api "repos/$REPO/branches/main/protection/required_status_checks" \[0m
2026-04-28T07:33:55.9767235Z [36;1m  --jq '.contexts[]' 2>/dev/null || true)[0m
2026-04-28T07:33:55.9767755Z [36;1mif [ -z "$REQUIRED" ]; then[0m
2026-04-28T07:33:55.9768318Z [36;1m  echo "::warning::Could not query branch protection (likely a permission issue) — using hardcoded fallback list."[0m
2026-04-28T07:33:55.9768887Z [36;1m  REQUIRED="$FALLBACK_REQUIRED"[0m
2026-04-28T07:33:55.9769206Z [36;1mfi[0m
2026-04-28T07:33:55.9769523Z [36;1m# Strip Auto-merge from the required list so we don't wait on[0m
2026-04-28T07:33:55.9769979Z [36;1m# ourselves (it's listed because we ARE the running workflow).[0m
2026-04-28T07:33:55.9770514Z [36;1mREQUIRED=$(echo "$REQUIRED" | grep -vE '^\s*Auto-merge\s*$' | grep -vE '^\s*$' || true)[0m
2026-04-28T07:33:55.9771022Z [36;1mif [ -z "$REQUIRED" ]; then[0m
2026-04-28T07:33:55.9771424Z [36;1m  echo "No required checks beyond Auto-merge; skipping queue wait."[0m
2026-04-28T07:33:55.9771831Z [36;1m  exit 0[0m
2026-04-28T07:33:55.9772089Z [36;1mfi[0m
2026-04-28T07:33:55.9772372Z [36;1mecho "Waiting until these required checks queue:"[0m
2026-04-28T07:33:55.9772736Z [36;1mecho "$REQUIRED" | sed 's/^/  /'[0m
2026-04-28T07:33:55.9773127Z [36;1m# Audit PR #876 → CI pathway efficiency: this loop was burning[0m
2026-04-28T07:33:55.9773591Z [36;1m# ~315s/PR (PR #874 run 25035518360 + PR #873 run 25035513300)[0m
2026-04-28T07:33:55.9774049Z [36;1m# while underlying required checks were observably complete in[0m
2026-04-28T07:33:55.9774516Z [36;1m# ~30s. Mean job wall-clock was 343s with std-dev ~7s across 10[0m
2026-04-28T07:33:55.9774971Z [36;1m# runs — i.e. the loop almost always ran to its 5-minute ceiling.[0m
2026-04-28T07:33:55.9775414Z [36;1m# Two compensating mitigations + diagnostics:[0m
2026-04-28T07:33:55.9775741Z [36;1m#[0m
2026-04-28T07:33:55.9776061Z [36;1m#   (a) Cap dropped 30 → 18 attempts at 5s interval = 90s ceiling[0m
2026-04-28T07:33:55.9776494Z [36;1m#       (still > 2× the 43s race window from PR #804).[0m
2026-04-28T07:33:55.9776901Z [36;1m#   (b) Poll interval dropped 10s → 5s for faster detection.[0m
2026-04-28T07:33:55.9777361Z [36;1m#   (c) Per-iteration diagnostic prints MISSING + visible CHECK_RUNS[0m
2026-04-28T07:33:55.9778010Z [36;1m#       so future investigation can pinpoint the matching mismatch[0m
2026-04-28T07:33:55.9778514Z [36;1m#       (the immediate root-cause was not yet identified — the[0m
2026-04-28T07:33:55.9779009Z [36;1m#       MISSING list never empties even though CHECK_RUNS clearly[0m
2026-04-28T07:33:55.9779479Z [36;1m#       contains every REQUIRED name. Likely a trim/encoding edge[0m
2026-04-28T07:33:55.9780044Z [36;1m#       case in the comparison loop, but observability beats[0m
2026-04-28T07:33:55.9780465Z [36;1m#       guessing).[0m
2026-04-28T07:33:55.9780763Z [36;1mfor attempt in $(seq 1 18); do[0m
2026-04-28T07:33:55.9781207Z [36;1m  CHECK_RUNS=$(gh api --paginate "repos/$REPO/commits/$HEAD_SHA/check-runs" \[0m
2026-04-28T07:33:55.9781670Z [36;1m    --jq '.check_runs[].name' | sort -u)[0m
2026-04-28T07:33:55.9781984Z [36;1m  MISSING=""[0m
2026-04-28T07:33:55.9782233Z [36;1m  while IFS= read -r req; do[0m
2026-04-28T07:33:55.9782524Z [36;1m    [ -z "$req" ] && continue[0m
2026-04-28T07:33:55.9782820Z [36;1m    req_trimmed=$(echo "$req" | xargs)[0m
2026-04-28T07:33:55.9783187Z [36;1m    if ! echo "$CHECK_RUNS" | grep -qxF "$req_trimmed"; then[0m
2026-04-28T07:33:55.9783818Z [36;1m      MISSING="$MISSING $req_trimmed"[0m
2026-04-28T07:33:55.9784109Z [36;1m    fi[0m
2026-04-28T07:33:55.9784342Z [36;1m  done <<< "$REQUIRED"[0m
2026-04-28T07:33:55.9784616Z [36;1m  if [ -z "$MISSING" ]; then[0m
2026-04-28T07:33:55.9785063Z [36;1m    echo "All required checks have queued after attempt $attempt (~$((attempt * 5))s)."[0m
2026-04-28T07:33:55.9785693Z [36;1m    exit 0[0m
2026-04-28T07:33:55.9785934Z [36;1m  fi[0m
2026-04-28T07:33:55.9786233Z [36;1m  echo "Attempt $attempt/18 — still missing:$MISSING"[0m
2026-04-28T07:33:55.9786717Z [36;1m  echo "  Visible check-runs: $(echo "$CHECK_RUNS" | tr '\n' ',' | sed 's/,$//')"[0m
2026-04-28T07:33:55.9787122Z [36;1m  sleep 5[0m
2026-04-28T07:33:55.9787353Z [36;1mdone[0m
2026-04-28T07:33:55.9787982Z [36;1mecho "::warning::Some required checks never queued after 90s:$MISSING — proceeding to wait-on-check-action anyway."[0m
2026-04-28T07:33:55.9850299Z shell: /usr/bin/bash -e {0}
2026-04-28T07:33:55.9850612Z env:
2026-04-28T07:33:55.9850842Z   WAIT_INTERVAL: 15
2026-04-28T07:33:55.9851647Z   GH_TOKEN: ***
2026-04-28T07:33:55.9851930Z   HEAD_SHA: 1477d6b8cae2b81d099c0e213393fb8239e1acef
2026-04-28T07:33:55.9852276Z   REPO: averycorp/prismTask
2026-04-28T07:33:55.9852669Z   FALLBACK_REQUIRED: lint-and-test
connected-tests
test
web-lint-and-test

2026-04-28T07:33:55.9853094Z ##[endgroup]
2026-04-28T07:33:56.1518332Z Waiting until these required checks queue:
2026-04-28T07:33:56.1533575Z   {"message":"Resource not accessible by integration","documentation_url":"https://docs.github.com/rest/branches/branch-protection#get-status-checks-protection","status":"403"}
2026-04-28T07:33:56.5327309Z Attempt 1/18 — still missing: {message:Resource not accessible by integration,documentation_url:https://docs.github.com/rest/branches/branch-protection#get-status-checks-protection,status:403}
2026-04-28T07:33:56.5349367Z   Visible check-runs: Auto-merge,autofix,connected-tests,cross-device-tests,lint-and-test,maybe-label,test,web-lint-and-test
2026-04-28T07:34:01.9863074Z Attempt 2/18 — still missing: {message:Resource not accessible by integration,documentation_url:https://docs.github.com/rest/branches/branch-protection#get-status-checks-protection,status:403}
2026-04-28T07:34:01.9885536Z   Visible check-runs: Auto-merge,autofix,connected-tests,cross-device-tests,lint-and-test,maybe-label,test,web-lint-and-test
2026-04-28T07:34:07.4014999Z Attempt 3/18 — still missing: {message:Resource not accessible by integration,documentation_url:https://docs.github.com/rest/branches/branch-protection#get-status-checks-protection,status:403}
2026-04-28T07:34:07.4038456Z   Visible check-runs: Auto-merge,autofix,connected-tests,cross-device-tests,lint-and-test,maybe-label,test,web-lint-and-test
2026-04-28T07:34:12.8301672Z Attempt 4/18 — still missing: {message:Resource not accessible by integration,documentation_url:https://docs.github.com/rest/branches/branch-protection#get-status-checks-protection,status:403}
2026-04-28T07:34:12.8324526Z   Visible check-runs: Auto-merge,autofix,connected-tests,cross-device-tests,lint-and-test,maybe-label,test,web-lint-and-test
2026-04-28T07:34:18.2070889Z Attempt 5/18 — still missing: {message:Resource not accessible by integration,documentation_url:https://docs.github.com/rest/branches/branch-protection#get-status-checks-protection,status:403}
2026-04-28T07:34:18.2092365Z   Visible check-runs: Auto-merge,autofix,capture-failure-log,connected-tests,cross-device-tests,lint-and-test,maybe-label,test,web-lint-and-test
2026-04-28T07:34:23.6698008Z Attempt 6/18 — still missing: {message:Resource not accessible by integration,documentation_url:https://docs.github.com/rest/branches/branch-protection#get-status-checks-protection,status:403}
2026-04-28T07:34:23.6719253Z   Visible check-runs: Auto-merge,autofix,capture-failure-log,connected-tests,cross-device-tests,lint-and-test,maybe-label,test,web-lint-and-test
2026-04-28T07:34:29.1099438Z Attempt 7/18 — still missing: {message:Resource not accessible by integration,documentation_url:https://docs.github.com/rest/branches/branch-protection#get-status-checks-protection,status:403}
2026-04-28T07:34:29.1124249Z   Visible check-runs: Auto-merge,autofix,capture-failure-log,connected-tests,cross-device-tests,lint-and-test,maybe-label,test,web-lint-and-test
2026-04-28T07:34:34.5274118Z Attempt 8/18 — still missing: {message:Resource not accessible by integration,documentation_url:https://docs.github.com/rest/branches/branch-protection#get-status-checks-protection,status:403}
2026-04-28T07:34:34.5296102Z   Visible check-runs: Auto-merge,autofix,capture-failure-log,connected-tests,cross-device-tests,lint-and-test,maybe-label,test,web-lint-and-test
2026-04-28T07:34:39.8923628Z Attempt 9/18 — still missing: {message:Resource not accessible by integration,documentation_url:https://docs.github.com/rest/branches/branch-protection#get-status-checks-protection,status:403}
2026-04-28T07:34:39.8945201Z   Visible check-runs: Auto-merge,autofix,capture-failure-log,connected-tests,cross-device-tests,lint-and-test,maybe-label,test,web-lint-and-test
2026-04-28T07:34:45.2703491Z Attempt 10/18 — still missing: {message:Resource not accessible by integration,documentation_url:https://docs.github.com/rest/branches/branch-protection#get-status-checks-protection,status:403}
2026-04-28T07:34:45.2726416Z   Visible check-runs: Auto-merge,autofix,capture-failure-log,connected-tests,cross-device-tests,lint-and-test,maybe-label,test,web-lint-and-test
2026-04-28T07:34:50.7079462Z Attempt 11/18 — still missing: {message:Resource not accessible by integration,documentation_url:https://docs.github.com/rest/branches/branch-protection#get-status-checks-protection,status:403}
2026-04-28T07:34:50.7100890Z   Visible check-runs: Auto-merge,autofix,capture-failure-log,connected-tests,cross-device-tests,lint-and-test,maybe-label,test,web-lint-and-test
2026-04-28T07:34:56.1474814Z Attempt 12/18 — still missing: {message:Resource not accessible by integration,documentation_url:https://docs.github.com/rest/branches/branch-protection#get-status-checks-protection,status:403}
2026-04-28T07:34:56.1499284Z   Visible check-runs: Auto-merge,autofix,capture-failure-log,connected-tests,cross-device-tests,lint-and-test,maybe-label,test,web-lint-and-test
2026-04-28T07:35:01.5771890Z Attempt 13/18 — still missing: {message:Resource not accessible by integration,documentation_url:https://docs.github.com/rest/branches/branch-protection#get-status-checks-protection,status:403}
2026-04-28T07:35:01.5794134Z   Visible check-runs: Auto-merge,autofix,capture-failure-log,connected-tests,cross-device-tests,lint-and-test,maybe-label,test,web-lint-and-test
2026-04-28T07:35:07.0471967Z Attempt 14/18 — still missing: {message:Resource not accessible by integration,documentation_url:https://docs.github.com/rest/branches/branch-protection#get-status-checks-protection,status:403}
2026-04-28T07:35:07.0497690Z   Visible check-runs: Auto-merge,autofix,capture-failure-log,connected-tests,cross-device-tests,lint-and-test,maybe-label,test,web-lint-and-test
2026-04-28T07:35:12.5213472Z Attempt 15/18 — still missing: {message:Resource not accessible by integration,documentation_url:https://docs.github.com/rest/branches/branch-protection#get-status-checks-protection,status:403}
2026-04-28T07:35:12.5234947Z   Visible check-runs: Auto-merge,autofix,capture-failure-log,connected-tests,cross-device-tests,lint-and-test,maybe-label,test,web-lint-and-test
2026-04-28T07:35:17.9310699Z Attempt 16/18 — still missing: {message:Resource not accessible by integration,documentation_url:https://docs.github.com/rest/branches/branch-protection#get-status-checks-protection,status:403}
2026-04-28T07:35:17.9333141Z   Visible check-runs: Auto-merge,autofix,capture-failure-log,connected-tests,cross-device-tests,lint-and-test,maybe-label,test,web-lint-and-test
2026-04-28T07:35:23.3458792Z Attempt 17/18 — still missing: {message:Resource not accessible by integration,documentation_url:https://docs.github.com/rest/branches/branch-protection#get-status-checks-protection,status:403}
2026-04-28T07:35:23.3483756Z   Visible check-runs: Auto-merge,autofix,capture-failure-log,connected-tests,cross-device-tests,lint-and-test,maybe-label,test,web-lint-and-test
2026-04-28T07:35:28.8090840Z Attempt 18/18 — still missing: {message:Resource not accessible by integration,documentation_url:https://docs.github.com/rest/branches/branch-protection#get-status-checks-protection,status:403}
2026-04-28T07:35:28.8113938Z   Visible check-runs: Auto-merge,autofix,capture-failure-log,connected-tests,cross-device-tests,lint-and-test,maybe-label,test,web-lint-and-test
2026-04-28T07:35:33.8160960Z ##[warning]Some required checks never queued after 90s: {message:Resource not accessible by integration,documentation_url:https://docs.github.com/rest/branches/branch-protection#get-status-checks-protection,status:403} — proceeding to wait-on-check-action anyway.
2026-04-28T07:35:33.8378618Z ##[group]Run lewagon/wait-on-check-action@ccfb013c15c8afb7bf2b7c028fb74dc5a068cccc
2026-04-28T07:35:33.8379048Z with:
2026-04-28T07:35:33.8379270Z   ref: 1477d6b8cae2b81d099c0e213393fb8239e1acef
2026-04-28T07:35:33.8379552Z   running-workflow-name: Auto-merge
2026-04-28T07:35:33.8380036Z   repo-token: ***
2026-04-28T07:35:33.8380233Z   wait-interval: 15
2026-04-28T07:35:33.8380464Z   allowed-conclusions: success,skipped,neutral
2026-04-28T07:35:33.8380735Z   verbose: true
2026-04-28T07:35:33.8380903Z env:
2026-04-28T07:35:33.8381062Z   WAIT_INTERVAL: 15
2026-04-28T07:35:33.8381239Z ##[endgroup]
2026-04-28T07:35:33.8498716Z ##[group]Run ruby/setup-ruby@v1
2026-04-28T07:35:33.8498973Z with:
2026-04-28T07:35:33.8499155Z   ruby-version: 3.2
2026-04-28T07:35:33.8499362Z   bundler-cache: false
2026-04-28T07:35:33.8499701Z   token: ***
2026-04-28T07:35:33.8499877Z env:
2026-04-28T07:35:33.8500047Z   WAIT_INTERVAL: 15
2026-04-28T07:35:33.8500237Z ##[endgroup]
2026-04-28T07:35:33.9813721Z ##[group]Modifying PATH
2026-04-28T07:35:33.9814281Z Entries added to PATH to use selected Ruby:
2026-04-28T07:35:33.9814768Z   /opt/hostedtoolcache/Ruby/3.2.11/x64/bin
2026-04-28T07:35:33.9819347Z ##[endgroup]
2026-04-28T07:35:33.9820210Z ##[group]Print Ruby version
2026-04-28T07:35:33.9922560Z [command]/opt/hostedtoolcache/Ruby/3.2.11/x64/bin/ruby --version
2026-04-28T07:35:34.4294539Z ruby 3.2.11 (2026-03-27 revision 5483bfc1ae) [x86_64-linux]
2026-04-28T07:35:34.4349309Z Took   0.45 seconds
2026-04-28T07:35:34.4350211Z ##[endgroup]
2026-04-28T07:35:34.4352101Z ##[group]Installing Bundler
2026-04-28T07:35:34.4354752Z Using Bundler shipped with ruby-3.2.11
2026-04-28T07:35:34.4355856Z Took   0.00 seconds
2026-04-28T07:35:34.4356629Z ##[endgroup]
2026-04-28T07:35:34.5020607Z ##[group]Run actions/cache@v4
2026-04-28T07:35:34.5020881Z with:
2026-04-28T07:35:34.5021310Z   path: /home/runner/work/_actions/lewagon/wait-on-check-action/ccfb013c15c8afb7bf2b7c028fb74dc5a068cccc
2026-04-28T07:35:34.5021805Z   key: Linux-gems-
2026-04-28T07:35:34.5022013Z   restore-keys: Linux-gems-
2026-04-28T07:35:34.5022242Z   enableCrossOsArchive: false
2026-04-28T07:35:34.5022482Z   fail-on-cache-miss: false
2026-04-28T07:35:34.5022687Z   lookup-only: false
2026-04-28T07:35:34.5022869Z   save-always: false
2026-04-28T07:35:34.5023042Z env:
2026-04-28T07:35:34.5023200Z   WAIT_INTERVAL: 15
2026-04-28T07:35:34.5023382Z ##[endgroup]
2026-04-28T07:35:34.7044988Z Cache not found for input keys: Linux-gems-, Linux-gems-
2026-04-28T07:35:34.7112717Z ##[group]Run bundle install --jobs 4 --retry 3
2026-04-28T07:35:34.7113042Z [36;1mbundle install --jobs 4 --retry 3[0m
2026-04-28T07:35:34.7173525Z shell: /usr/bin/bash --noprofile --norc -e -o pipefail {0}
2026-04-28T07:35:34.7173850Z env:
2026-04-28T07:35:34.7174091Z   WAIT_INTERVAL: 15
2026-04-28T07:35:34.7174367Z ##[endgroup]
2026-04-28T07:35:36.1879640Z Bundler 2.4.19 is running, but your lockfile was generated with 2.2.3. Installing Bundler 2.2.3 and restarting using that version.
2026-04-28T07:35:38.0569289Z Fetching gem metadata from https://rubygems.org/.
2026-04-28T07:35:38.0648667Z Fetching bundler 2.2.3
2026-04-28T07:35:38.3437297Z Installing bundler 2.2.3
2026-04-28T07:35:38.5594471Z Calling `DidYouMean::SPELL_CHECKERS.merge!(error_name => spell_checker)' has been deprecated. Please call `DidYouMean.correct_error(error_name, spell_checker)' instead.
2026-04-28T07:35:39.8513000Z Fetching gem metadata from https://rubygems.org/.........
2026-04-28T07:35:39.8611066Z Fetching concurrent-ruby 1.2.2
2026-04-28T07:35:39.8678204Z Fetching public_suffix 4.0.7
2026-04-28T07:35:39.8681952Z Fetching minitest 5.18.0
2026-04-28T07:35:39.8898595Z Fetching zeitwerk 2.6.7
2026-04-28T07:35:39.9714383Z Installing zeitwerk 2.6.7
2026-04-28T07:35:39.9979041Z Installing minitest 5.18.0
2026-04-28T07:35:39.9995505Z Installing public_suffix 4.0.7
2026-04-28T07:35:40.0377954Z Fetching ast 2.4.2
2026-04-28T07:35:40.0393682Z Installing concurrent-ruby 1.2.2
2026-04-28T07:35:40.0744677Z Installing ast 2.4.2
2026-04-28T07:35:40.0882745Z Using bundler 2.2.3
2026-04-28T07:35:40.0890590Z Fetching byebug 11.1.3
2026-04-28T07:35:40.0901389Z Fetching diff-lcs 1.4.4
2026-04-28T07:35:40.1575945Z Installing diff-lcs 1.4.4
2026-04-28T07:35:40.1589823Z Fetching faraday-net_http 2.0.3
2026-04-28T07:35:40.1848770Z Installing byebug 11.1.3 with native extensions
2026-04-28T07:35:40.2094318Z Installing faraday-net_http 2.0.3
2026-04-28T07:35:40.2237873Z Using ruby2_keywords 0.0.5
2026-04-28T07:35:40.2249868Z Fetching json 2.7.1
2026-04-28T07:35:40.2728749Z Installing json 2.7.1 with native extensions
2026-04-28T07:35:40.2858500Z Fetching language_server-protocol 3.17.0.3
2026-04-28T07:35:40.3319840Z Installing language_server-protocol 3.17.0.3
2026-04-28T07:35:40.4151978Z Fetching lint_roller 1.1.0
2026-04-28T07:35:40.4675371Z Installing lint_roller 1.1.0
2026-04-28T07:35:40.4859088Z Fetching parallel 1.24.0
2026-04-28T07:35:40.5412777Z Installing parallel 1.24.0
2026-04-28T07:35:40.5514533Z Fetching racc 1.7.3
2026-04-28T07:35:40.6004830Z Installing racc 1.7.3 with native extensions
2026-04-28T07:35:40.6276578Z Fetching rainbow 3.1.1
2026-04-28T07:35:40.6621883Z Installing rainbow 3.1.1
2026-04-28T07:35:40.6696582Z Fetching regexp_parser 2.8.3
2026-04-28T07:35:40.7077893Z Installing regexp_parser 2.8.3
2026-04-28T07:35:40.7324154Z Fetching rexml 3.2.6
2026-04-28T07:35:40.7672962Z Installing rexml 3.2.6
2026-04-28T07:35:40.8693523Z Fetching rspec-support 3.10.1
2026-04-28T07:35:40.9087225Z Installing rspec-support 3.10.1
2026-04-28T07:35:40.9217146Z Fetching ruby-progressbar 1.13.0
2026-04-28T07:35:40.9586263Z Installing ruby-progressbar 1.13.0
2026-04-28T07:35:40.9689566Z Fetching unicode-display_width 2.5.0
2026-04-28T07:35:41.0015237Z Installing unicode-display_width 2.5.0
2026-04-28T07:35:41.0074916Z Fetching addressable 2.8.0
2026-04-28T07:35:41.0492793Z Installing addressable 2.8.0
2026-04-28T07:35:41.0663736Z Fetching faraday 2.3.0
2026-04-28T07:35:41.1027342Z Installing faraday 2.3.0
2026-04-28T07:35:41.1240476Z Fetching i18n 1.12.0
2026-04-28T07:35:41.1632669Z Installing i18n 1.12.0
2026-04-28T07:35:41.1818486Z Fetching tzinfo 2.0.6
2026-04-28T07:35:41.2255851Z Installing tzinfo 2.0.6
2026-04-28T07:35:41.2428147Z Fetching rspec-core 3.10.1
2026-04-28T07:35:41.2905592Z Installing rspec-core 3.10.1
2026-04-28T07:35:41.3211722Z Fetching rspec-expectations 3.10.1
2026-04-28T07:35:41.3614625Z Installing rspec-expectations 3.10.1
2026-04-28T07:35:41.3787787Z Fetching rspec-mocks 3.10.1
2026-04-28T07:35:41.4186641Z Installing rspec-mocks 3.10.1
2026-04-28T07:35:41.4342799Z Fetching faraday-retry 2.0.0
2026-04-28T07:35:41.4722428Z Installing faraday-retry 2.0.0
2026-04-28T07:35:41.4793084Z Fetching sawyer 0.9.2
2026-04-28T07:35:41.5139176Z Installing sawyer 0.9.2
2026-04-28T07:35:41.5218527Z Fetching activesupport 6.1.7.3
2026-04-28T07:35:41.5687615Z Installing activesupport 6.1.7.3
2026-04-28T07:35:41.6357740Z Fetching rspec 3.10.0
2026-04-28T07:35:41.6727292Z Installing rspec 3.10.0
2026-04-28T07:35:41.6780855Z Fetching octokit 4.25.0
2026-04-28T07:35:41.7136796Z Installing octokit 4.25.0
2026-04-28T07:35:42.6056460Z Fetching parser 3.2.2.4
2026-04-28T07:35:42.7178520Z Installing parser 3.2.2.4
2026-04-28T07:35:42.8300553Z Fetching rubocop-ast 1.30.0
2026-04-28T07:35:42.8836347Z Installing rubocop-ast 1.30.0
2026-04-28T07:35:44.0863276Z Fetching rubocop 1.57.2
2026-04-28T07:35:44.1405359Z Installing rubocop 1.57.2
2026-04-28T07:35:44.3048254Z Fetching standard-custom 1.0.2
2026-04-28T07:35:44.3048842Z Fetching rubocop-performance 1.19.1
2026-04-28T07:35:44.3614402Z Installing standard-custom 1.0.2
2026-04-28T07:35:44.3646453Z Installing rubocop-performance 1.19.1
2026-04-28T07:35:44.3830896Z Fetching standard-performance 1.2.1
2026-04-28T07:35:44.4140073Z Installing standard-performance 1.2.1
2026-04-28T07:35:44.4203908Z Fetching standard 1.32.1
2026-04-28T07:35:44.4546735Z Installing standard 1.32.1
2026-04-28T07:35:44.4739128Z Bundle complete! 6 Gemfile dependencies, 40 gems now installed.
2026-04-28T07:35:44.4740295Z Use `bundle info [gemname]` to see where a bundled gem is installed.
2026-04-28T07:35:44.5256566Z ##[group]Run ruby entrypoint.rb
2026-04-28T07:35:44.5256870Z [36;1mruby entrypoint.rb[0m
2026-04-28T07:35:44.5316128Z shell: /usr/bin/bash --noprofile --norc -e -o pipefail {0}
2026-04-28T07:35:44.5316454Z env:
2026-04-28T07:35:44.5316631Z   WAIT_INTERVAL: 15
2026-04-28T07:35:44.5316863Z   ALLOWED_CONCLUSIONS: success,skipped,neutral
2026-04-28T07:35:44.5317126Z   IGNORE_CHECKS: 
2026-04-28T07:35:44.5317305Z   CHECK_NAME: 
2026-04-28T07:35:44.5317696Z   CHECK_REGEXP: 
2026-04-28T07:35:44.5317904Z   REF: 1477d6b8cae2b81d099c0e213393fb8239e1acef
2026-04-28T07:35:44.5318559Z   REPO_TOKEN: ***
2026-04-28T07:35:44.5318753Z   VERBOSE: true
2026-04-28T07:35:44.5318946Z   RUNNING_WORKFLOW_NAME: Auto-merge
2026-04-28T07:35:44.5319185Z   API_ENDPOINT: 
2026-04-28T07:35:44.5319360Z ##[endgroup]
2026-04-28T07:38:04.2248427Z Checks running on ref:
2026-04-28T07:38:04.2250448Z Checks completed: capture-failure-log, maybe-label, test
2026-04-28T07:38:04.2251208Z Checks queued: web-lint-and-test, lint-and-test
2026-04-28T07:38:04.2251995Z Checks in_progress: autofix, cross-device-tests, connected-tests, Auto-merge
2026-04-28T07:38:04.2252729Z Checks after ignore checks filter:
2026-04-28T07:38:04.2253304Z Checks completed: capture-failure-log, maybe-label, test
2026-04-28T07:38:04.2253947Z Checks queued: web-lint-and-test, lint-and-test
2026-04-28T07:38:04.2254590Z Checks in_progress: autofix, cross-device-tests, connected-tests
2026-04-28T07:38:04.2255252Z Checks after check_name filter:
2026-04-28T07:38:04.2255812Z Checks completed: capture-failure-log, maybe-label, test
2026-04-28T07:38:04.2256462Z Checks queued: web-lint-and-test, lint-and-test
2026-04-28T07:38:04.2257129Z Checks in_progress: autofix, cross-device-tests, connected-tests
2026-04-28T07:38:04.2257964Z Checks after Regexp filter:
2026-04-28T07:38:04.2258498Z Checks completed: capture-failure-log, maybe-label, test
2026-04-28T07:38:04.2259128Z Checks queued: web-lint-and-test, lint-and-test
2026-04-28T07:38:04.2259774Z Checks in_progress: autofix, cross-device-tests, connected-tests
2026-04-28T07:38:04.2260550Z The requested checks aren't complete yet, will check back in 15 seconds...
2026-04-28T07:38:04.2261200Z Checks running on ref:
2026-04-28T07:38:04.2261578Z Checks completed: capture-failure-log, maybe-label, test
2026-04-28T07:38:04.2262009Z Checks queued: web-lint-and-test, lint-and-test
2026-04-28T07:38:04.2262495Z Checks in_progress: autofix, cross-device-tests, connected-tests, Auto-merge
2026-04-28T07:38:04.2262973Z Checks after ignore checks filter:
2026-04-28T07:38:04.2263377Z Checks completed: capture-failure-log, maybe-label, test
2026-04-28T07:38:04.2263814Z Checks queued: web-lint-and-test, lint-and-test
2026-04-28T07:38:04.2264265Z Checks in_progress: autofix, cross-device-tests, connected-tests
2026-04-28T07:38:04.2264699Z Checks after check_name filter:
2026-04-28T07:38:04.2265094Z Checks completed: capture-failure-log, maybe-label, test
2026-04-28T07:38:04.2265529Z Checks queued: web-lint-and-test, lint-and-test
2026-04-28T07:38:04.2266006Z Checks in_progress: autofix, cross-device-tests, connected-tests
2026-04-28T07:38:04.2266873Z Checks after Regexp filter:
2026-04-28T07:38:04.2267273Z Checks completed: capture-failure-log, maybe-label, test
2026-04-28T07:38:04.2267918Z Checks queued: web-lint-and-test, lint-and-test
2026-04-28T07:38:04.2268271Z Checks in_progress: autofix, cross-device-tests, connected-tests
2026-04-28T07:38:04.2268788Z The requested checks aren't complete yet, will check back in 15 seconds...
2026-04-28T07:38:04.2269253Z Checks running on ref:
2026-04-28T07:38:04.2269623Z Checks completed: capture-failure-log, maybe-label, test
2026-04-28T07:38:04.2270055Z Checks queued: web-lint-and-test, lint-and-test
2026-04-28T07:38:04.2270536Z Checks in_progress: autofix, cross-device-tests, connected-tests, Auto-merge
2026-04-28T07:38:04.2271009Z Checks after ignore checks filter:
2026-04-28T07:38:04.2271575Z Checks completed: capture-failure-log, maybe-label, test
2026-04-28T07:38:04.2272034Z Checks queued: web-lint-and-test, lint-and-test
2026-04-28T07:38:04.2272502Z Checks in_progress: autofix, cross-device-tests, connected-tests
2026-04-28T07:38:04.2272973Z Checks after check_name filter:
2026-04-28T07:38:04.2273382Z Checks completed: capture-failure-log, maybe-label, test
2026-04-28T07:38:04.2273835Z Checks queued: web-lint-and-test, lint-and-test
2026-04-28T07:38:04.2274327Z Checks in_progress: autofix, cross-device-tests, connected-tests
2026-04-28T07:38:04.2274770Z Checks after Regexp filter:
2026-04-28T07:38:04.2275173Z Checks completed: capture-failure-log, maybe-label, test
2026-04-28T07:38:04.2275618Z Checks queued: web-lint-and-test, lint-and-test
2026-04-28T07:38:04.2276072Z Checks in_progress: autofix, cross-device-tests, connected-tests
2026-04-28T07:38:04.2276608Z The requested checks aren't complete yet, will check back in 15 seconds...
2026-04-28T07:38:04.2277092Z Checks running on ref:
2026-04-28T07:38:04.2277639Z Checks completed: capture-failure-log, maybe-label, test
2026-04-28T07:38:04.2278093Z Checks queued: web-lint-and-test, lint-and-test
2026-04-28T07:38:04.2278578Z Checks in_progress: autofix, cross-device-tests, connected-tests, Auto-merge
2026-04-28T07:38:04.2279077Z Checks after ignore checks filter:
2026-04-28T07:38:04.2279496Z Checks completed: capture-failure-log, maybe-label, test
2026-04-28T07:38:04.2279936Z Checks queued: web-lint-and-test, lint-and-test
2026-04-28T07:38:04.2280393Z Checks in_progress: autofix, cross-device-tests, connected-tests
2026-04-28T07:38:04.2280837Z Checks after check_name filter:
2026-04-28T07:38:04.2281229Z Checks completed: capture-failure-log, maybe-label, test
2026-04-28T07:38:04.2281675Z Checks queued: web-lint-and-test, lint-and-test
2026-04-28T07:38:04.2282121Z Checks in_progress: autofix, cross-device-tests, connected-tests
2026-04-28T07:38:04.2282558Z Checks after Regexp filter:
2026-04-28T07:38:04.2282958Z Checks completed: capture-failure-log, maybe-label, test
2026-04-28T07:38:04.2283493Z Checks queued: web-lint-and-test, lint-and-test
2026-04-28T07:38:04.2283959Z Checks in_progress: autofix, cross-device-tests, connected-tests
2026-04-28T07:38:04.2284499Z The requested checks aren't complete yet, will check back in 15 seconds...
2026-04-28T07:38:04.2284976Z Checks running on ref:
2026-04-28T07:38:04.2285403Z Checks completed: capture-failure-log, autofix, maybe-label, test
2026-04-28T07:38:04.2285883Z Checks queued: web-lint-and-test
2026-04-28T07:38:04.2286370Z Checks in_progress: lint-and-test, cross-device-tests, connected-tests, Auto-merge
2026-04-28T07:38:04.2286892Z Checks after ignore checks filter:
2026-04-28T07:38:04.2287338Z Checks completed: capture-failure-log, autofix, maybe-label, test
2026-04-28T07:38:04.2287964Z Checks queued: web-lint-and-test
2026-04-28T07:38:04.2288407Z Checks in_progress: lint-and-test, cross-device-tests, connected-tests
2026-04-28T07:38:04.2288882Z Checks after check_name filter:
2026-04-28T07:38:04.2289318Z Checks completed: capture-failure-log, autofix, maybe-label, test
2026-04-28T07:38:04.2289773Z Checks queued: web-lint-and-test
2026-04-28T07:38:04.2290214Z Checks in_progress: lint-and-test, cross-device-tests, connected-tests
2026-04-28T07:38:04.2290990Z Checks after Regexp filter:
2026-04-28T07:38:04.2291427Z Checks completed: capture-failure-log, autofix, maybe-label, test
2026-04-28T07:38:04.2291901Z Checks queued: web-lint-and-test
2026-04-28T07:38:04.2292356Z Checks in_progress: lint-and-test, cross-device-tests, connected-tests
2026-04-28T07:38:04.2292907Z The requested checks aren't complete yet, will check back in 15 seconds...
2026-04-28T07:38:04.2293393Z Checks running on ref:
2026-04-28T07:38:04.2293819Z Checks completed: capture-failure-log, autofix, maybe-label, test
2026-04-28T07:38:04.2294287Z Checks queued: web-lint-and-test
2026-04-28T07:38:04.2294764Z Checks in_progress: lint-and-test, cross-device-tests, connected-tests, Auto-merge
2026-04-28T07:38:04.2295278Z Checks after ignore checks filter:
2026-04-28T07:38:04.2295826Z Checks completed: capture-failure-log, autofix, maybe-label, test
2026-04-28T07:38:04.2296294Z Checks queued: web-lint-and-test
2026-04-28T07:38:04.2296742Z Checks in_progress: lint-and-test, cross-device-tests, connected-tests
2026-04-28T07:38:04.2297219Z Checks after check_name filter:
2026-04-28T07:38:04.2297918Z Checks completed: capture-failure-log, autofix, maybe-label, test
2026-04-28T07:38:04.2298357Z Checks queued: web-lint-and-test
2026-04-28T07:38:04.2298774Z Checks in_progress: lint-and-test, cross-device-tests, connected-tests
2026-04-28T07:38:04.2299221Z Checks after Regexp filter:
2026-04-28T07:38:04.2299607Z Checks completed: capture-failure-log, autofix, maybe-label, test
2026-04-28T07:38:04.2300042Z Checks queued: web-lint-and-test
2026-04-28T07:38:04.2300453Z Checks in_progress: lint-and-test, cross-device-tests, connected-tests
2026-04-28T07:38:04.2300981Z The requested checks aren't complete yet, will check back in 15 seconds...
2026-04-28T07:38:04.2301436Z Checks running on ref:
2026-04-28T07:38:04.2301829Z Checks completed: capture-failure-log, autofix, maybe-label, test
2026-04-28T07:38:04.2302268Z Checks queued: web-lint-and-test
2026-04-28T07:38:04.2302739Z Checks in_progress: lint-and-test, cross-device-tests, connected-tests, Auto-merge
2026-04-28T07:38:04.2303242Z Checks after ignore checks filter:
2026-04-28T07:38:04.2303680Z Checks completed: capture-failure-log, autofix, maybe-label, test
2026-04-28T07:38:04.2304122Z Checks queued: web-lint-and-test
2026-04-28T07:38:04.2304561Z Checks in_progress: lint-and-test, cross-device-tests, connected-tests
2026-04-28T07:38:04.2305026Z Checks after check_name filter:
2026-04-28T07:38:04.2305446Z Checks completed: capture-failure-log, autofix, maybe-label, test
2026-04-28T07:38:04.2305892Z Checks queued: web-lint-and-test
2026-04-28T07:38:04.2326860Z Checks in_progress: lint-and-test, cross-device-tests, connected-tests
2026-04-28T07:38:04.2327431Z Checks after Regexp filter:
2026-04-28T07:38:04.2328060Z Checks completed: capture-failure-log, autofix, maybe-label, test
2026-04-28T07:38:04.2328451Z Checks queued: web-lint-and-test
2026-04-28T07:38:04.2328809Z Checks in_progress: lint-and-test, cross-device-tests, connected-tests
2026-04-28T07:38:04.2329313Z The requested checks aren't complete yet, will check back in 15 seconds...
2026-04-28T07:38:04.2329710Z Checks running on ref:
2026-04-28T07:38:04.2330046Z Checks completed: capture-failure-log, autofix, maybe-label, test
2026-04-28T07:38:04.2330425Z Checks queued: web-lint-and-test
2026-04-28T07:38:04.2330834Z Checks in_progress: lint-and-test, cross-device-tests, connected-tests, Auto-merge
2026-04-28T07:38:04.2331272Z Checks after ignore checks filter:
2026-04-28T07:38:04.2331632Z Checks completed: capture-failure-log, autofix, maybe-label, test
2026-04-28T07:38:04.2332001Z Checks queued: web-lint-and-test
2026-04-28T07:38:04.2332365Z Checks in_progress: lint-and-test, cross-device-tests, connected-tests
2026-04-28T07:38:04.2332754Z Checks after check_name filter:
2026-04-28T07:38:04.2333098Z Checks completed: capture-failure-log, autofix, maybe-label, test
2026-04-28T07:38:04.2333462Z Checks queued: web-lint-and-test
2026-04-28T07:38:04.2334077Z Checks in_progress: lint-and-test, cross-device-tests, connected-tests
2026-04-28T07:38:04.2334455Z Checks after Regexp filter:
2026-04-28T07:38:04.2334798Z Checks completed: capture-failure-log, autofix, maybe-label, test
2026-04-28T07:38:04.2335170Z Checks queued: web-lint-and-test
2026-04-28T07:38:04.2335537Z Checks in_progress: lint-and-test, cross-device-tests, connected-tests
2026-04-28T07:38:04.2336017Z The requested checks aren't complete yet, will check back in 15 seconds...
2026-04-28T07:38:04.2336388Z Checks running on ref:
2026-04-28T07:38:04.2336714Z Checks completed: capture-failure-log, autofix, maybe-label, test
2026-04-28T07:38:04.2337070Z Checks queued: web-lint-and-test
2026-04-28T07:38:04.2337672Z Checks in_progress: lint-and-test, cross-device-tests, connected-tests, Auto-merge
2026-04-28T07:38:04.2338208Z Checks after ignore checks filter:
2026-04-28T07:38:04.2338812Z Checks completed: capture-failure-log, autofix, maybe-label, test
2026-04-28T07:38:04.2339279Z Checks queued: web-lint-and-test
2026-04-28T07:38:04.2339725Z Checks in_progress: lint-and-test, cross-device-tests, connected-tests
2026-04-28T07:38:04.2340198Z Checks after check_name filter:
2026-04-28T07:38:04.2340651Z Checks completed: capture-failure-log, autofix, maybe-label, test
2026-04-28T07:38:04.2341127Z Checks queued: web-lint-and-test
2026-04-28T07:38:04.2341585Z Checks in_progress: lint-and-test, cross-device-tests, connected-tests
2026-04-28T07:38:04.2342068Z Checks after Regexp filter:
2026-04-28T07:38:04.2342504Z Checks completed: capture-failure-log, autofix, maybe-label, test
2026-04-28T07:38:04.2342965Z Checks queued: web-lint-and-test
2026-04-28T07:38:04.2343405Z Checks in_progress: lint-and-test, cross-device-tests, connected-tests
2026-04-28T07:38:04.2343958Z The requested checks aren't complete yet, will check back in 15 seconds...
2026-04-28T07:38:04.2344447Z Checks running on ref:
2026-04-28T07:38:04.2344874Z Checks completed: capture-failure-log, autofix, maybe-label, test
2026-04-28T07:38:04.2345330Z Checks queued: web-lint-and-test
2026-04-28T07:38:04.2345818Z Checks in_progress: lint-and-test, cross-device-tests, connected-tests, Auto-merge
2026-04-28T07:40:08.0360272Z Checks after ignore checks filter:
2026-04-28T07:40:08.0360747Z Checks completed: capture-failure-log, autofix, maybe-label, test
2026-04-28T07:40:08.0361119Z Checks queued: web-lint-and-test
2026-04-28T07:40:08.0361679Z Checks in_progress: lint-and-test, cross-device-tests, connected-tests
2026-04-28T07:40:08.0362235Z Checks after check_name filter:
2026-04-28T07:40:08.0362625Z Checks completed: capture-failure-log, autofix, maybe-label, test
2026-04-28T07:40:08.0363181Z Checks queued: web-lint-and-test
2026-04-28T07:40:08.0363646Z Checks in_progress: lint-and-test, cross-device-tests, connected-tests
2026-04-28T07:40:08.0364149Z Checks after Regexp filter:
2026-04-28T07:40:08.0364631Z Checks completed: capture-failure-log, autofix, maybe-label, test
2026-04-28T07:40:08.0365102Z Checks queued: web-lint-and-test
2026-04-28T07:40:08.0365581Z Checks in_progress: lint-and-test, cross-device-tests, connected-tests
2026-04-28T07:40:08.0366214Z The requested checks aren't complete yet, will check back in 15 seconds...
2026-04-28T07:40:08.0366704Z Checks running on ref:
2026-04-28T07:40:08.0367130Z Checks completed: capture-failure-log, autofix, maybe-label, test
2026-04-28T07:40:08.0367909Z Checks queued: web-lint-and-test
2026-04-28T07:40:08.0368489Z Checks in_progress: lint-and-test, cross-device-tests, connected-tests, Auto-merge
2026-04-28T07:40:08.0369113Z Checks after ignore checks filter:
2026-04-28T07:40:08.0369606Z Checks completed: capture-failure-log, autofix, maybe-label, test
2026-04-28T07:40:08.0370132Z Checks queued: web-lint-and-test
2026-04-28T07:40:08.0370618Z Checks in_progress: lint-and-test, cross-device-tests, connected-tests
2026-04-28T07:40:08.0370963Z Checks after check_name filter:
2026-04-28T07:40:08.0371273Z Checks completed: capture-failure-log, autofix, maybe-label, test
2026-04-28T07:40:08.0371588Z Checks queued: web-lint-and-test
2026-04-28T07:40:08.0372580Z Checks in_progress: lint-and-test, cross-device-tests, connected-tests
2026-04-28T07:40:08.0372923Z Checks after Regexp filter:
2026-04-28T07:40:08.0373213Z Checks completed: capture-failure-log, autofix, maybe-label, test
2026-04-28T07:40:08.0373531Z Checks queued: web-lint-and-test
2026-04-28T07:40:08.0373833Z Checks in_progress: lint-and-test, cross-device-tests, connected-tests
2026-04-28T07:40:08.0374255Z The requested checks aren't complete yet, will check back in 15 seconds...
2026-04-28T07:40:08.0374595Z Checks running on ref:
2026-04-28T07:40:08.0375221Z Checks completed: capture-failure-log, capture-failure-log, e2e, capture-failure-log, web-lint-and-test, autofix, cross-device-tests, maybe-label, test, connected-tests
2026-04-28T07:40:08.0375907Z Checks in_progress: lint-and-test, Auto-merge
2026-04-28T07:40:08.0376358Z Checks after ignore checks filter:
2026-04-28T07:40:08.0376985Z Checks completed: capture-failure-log, capture-failure-log, e2e, capture-failure-log, web-lint-and-test, autofix, cross-device-tests, maybe-label, test, connected-tests
2026-04-28T07:40:08.0377864Z Checks in_progress: lint-and-test
2026-04-28T07:40:08.0378093Z Checks after check_name filter:
2026-04-28T07:40:08.0378701Z Checks completed: capture-failure-log, capture-failure-log, e2e, capture-failure-log, web-lint-and-test, autofix, cross-device-tests, maybe-label, test, connected-tests
2026-04-28T07:40:08.0379340Z Checks in_progress: lint-and-test
2026-04-28T07:40:08.0379568Z Checks after Regexp filter:
2026-04-28T07:40:08.0380182Z Checks completed: capture-failure-log, capture-failure-log, e2e, capture-failure-log, web-lint-and-test, autofix, cross-device-tests, maybe-label, test, connected-tests
2026-04-28T07:40:08.0380825Z Checks in_progress: lint-and-test
2026-04-28T07:40:08.0381156Z The requested checks aren't complete yet, will check back in 15 seconds...
2026-04-28T07:40:08.0381505Z Checks running on ref:
2026-04-28T07:40:08.0382129Z Checks completed: capture-failure-log, capture-failure-log, e2e, capture-failure-log, web-lint-and-test, autofix, cross-device-tests, maybe-label, test, connected-tests
2026-04-28T07:40:08.0382806Z Checks in_progress: lint-and-test, Auto-merge
2026-04-28T07:40:08.0383076Z Checks after ignore checks filter:
2026-04-28T07:40:08.0383698Z Checks completed: capture-failure-log, capture-failure-log, e2e, capture-failure-log, web-lint-and-test, autofix, cross-device-tests, maybe-label, test, connected-tests
2026-04-28T07:40:08.0384325Z Checks in_progress: lint-and-test
2026-04-28T07:40:08.0384551Z Checks after check_name filter:
2026-04-28T07:40:08.0385157Z Checks completed: capture-failure-log, capture-failure-log, e2e, capture-failure-log, web-lint-and-test, autofix, cross-device-tests, maybe-label, test, connected-tests
2026-04-28T07:40:08.0385787Z Checks in_progress: lint-and-test
2026-04-28T07:40:08.0386031Z Checks after Regexp filter:
2026-04-28T07:40:08.0386647Z Checks completed: capture-failure-log, capture-failure-log, e2e, capture-failure-log, web-lint-and-test, autofix, cross-device-tests, maybe-label, test, connected-tests
2026-04-28T07:40:08.0387304Z Checks in_progress: lint-and-test
2026-04-28T07:40:08.0387811Z The requested checks aren't complete yet, will check back in 15 seconds...
2026-04-28T07:40:08.0388156Z Checks running on ref:
2026-04-28T07:40:08.0388753Z Checks completed: capture-failure-log, capture-failure-log, e2e, capture-failure-log, web-lint-and-test, autofix, cross-device-tests, maybe-label, test, connected-tests
2026-04-28T07:40:08.0389430Z Checks in_progress: lint-and-test, Auto-merge
2026-04-28T07:40:08.0389695Z Checks after ignore checks filter:
2026-04-28T07:40:08.0390312Z Checks completed: capture-failure-log, capture-failure-log, e2e, capture-failure-log, web-lint-and-test, autofix, cross-device-tests, maybe-label, test, connected-tests
2026-04-28T07:40:08.0390957Z Checks in_progress: lint-and-test
2026-04-28T07:40:08.0391181Z Checks after check_name filter:
2026-04-28T07:40:08.0391789Z Checks completed: capture-failure-log, capture-failure-log, e2e, capture-failure-log, web-lint-and-test, autofix, cross-device-tests, maybe-label, test, connected-tests
2026-04-28T07:40:08.0392588Z Checks in_progress: lint-and-test
2026-04-28T07:40:08.0392807Z Checks after Regexp filter:
2026-04-28T07:40:08.0393425Z Checks completed: capture-failure-log, capture-failure-log, e2e, capture-failure-log, web-lint-and-test, autofix, cross-device-tests, maybe-label, test, connected-tests
2026-04-28T07:40:08.0394071Z Checks in_progress: lint-and-test
2026-04-28T07:40:08.0394399Z The requested checks aren't complete yet, will check back in 15 seconds...
2026-04-28T07:40:08.0394741Z Checks running on ref:
2026-04-28T07:40:08.0395329Z Checks completed: capture-failure-log, capture-failure-log, e2e, capture-failure-log, web-lint-and-test, autofix, cross-device-tests, maybe-label, test, connected-tests
2026-04-28T07:40:08.0396107Z Checks in_progress: lint-and-test, Auto-merge
2026-04-28T07:40:08.0396378Z Checks after ignore checks filter:
2026-04-28T07:40:08.0397006Z Checks completed: capture-failure-log, capture-failure-log, e2e, capture-failure-log, web-lint-and-test, autofix, cross-device-tests, maybe-label, test, connected-tests
2026-04-28T07:40:08.0397809Z Checks in_progress: lint-and-test
2026-04-28T07:40:08.0398043Z Checks after check_name filter:
2026-04-28T07:40:08.0398651Z Checks completed: capture-failure-log, capture-failure-log, e2e, capture-failure-log, web-lint-and-test, autofix, cross-device-tests, maybe-label, test, connected-tests
2026-04-28T07:40:08.0399286Z Checks in_progress: lint-and-test
2026-04-28T07:40:08.0399506Z Checks after Regexp filter:
2026-04-28T07:40:08.0400105Z Checks completed: capture-failure-log, capture-failure-log, e2e, capture-failure-log, web-lint-and-test, autofix, cross-device-tests, maybe-label, test, connected-tests
2026-04-28T07:40:08.0400733Z Checks in_progress: lint-and-test
2026-04-28T07:40:08.0401047Z The requested checks aren't complete yet, will check back in 15 seconds...
2026-04-28T07:40:08.0401380Z Checks running on ref:
2026-04-28T07:40:08.0401970Z Checks completed: capture-failure-log, capture-failure-log, e2e, capture-failure-log, web-lint-and-test, autofix, cross-device-tests, maybe-label, test, connected-tests
2026-04-28T07:40:08.0402620Z Checks in_progress: lint-and-test, Auto-merge
2026-04-28T07:40:08.0402881Z Checks after ignore checks filter:
2026-04-28T07:40:08.0403493Z Checks completed: capture-failure-log, capture-failure-log, e2e, capture-failure-log, web-lint-and-test, autofix, cross-device-tests, maybe-label, test, connected-tests
2026-04-28T07:40:08.0404119Z Checks in_progress: lint-and-test
2026-04-28T07:40:08.0404338Z Checks after check_name filter:
2026-04-28T07:40:08.0404961Z Checks completed: capture-failure-log, capture-failure-log, e2e, capture-failure-log, web-lint-and-test, autofix, cross-device-tests, maybe-label, test, connected-tests
2026-04-28T07:40:08.0405629Z Checks in_progress: lint-and-test
2026-04-28T07:40:08.0405857Z Checks after Regexp filter:
2026-04-28T07:40:08.0406461Z Checks completed: capture-failure-log, capture-failure-log, e2e, capture-failure-log, web-lint-and-test, autofix, cross-device-tests, maybe-label, test, connected-tests
2026-04-28T07:40:08.0407097Z Checks in_progress: lint-and-test
2026-04-28T07:40:08.0407415Z The requested checks aren't complete yet, will check back in 15 seconds...
2026-04-28T07:40:08.0407994Z Checks running on ref:
2026-04-28T07:40:08.0408600Z Checks completed: capture-failure-log, capture-failure-log, e2e, capture-failure-log, web-lint-and-test, autofix, cross-device-tests, maybe-label, test, connected-tests
2026-04-28T07:40:08.0409277Z Checks in_progress: lint-and-test, Auto-merge
2026-04-28T07:40:08.0409541Z Checks after ignore checks filter:
2026-04-28T07:40:08.0410176Z Checks completed: capture-failure-log, capture-failure-log, e2e, capture-failure-log, web-lint-and-test, autofix, cross-device-tests, maybe-label, test, connected-tests
2026-04-28T07:40:08.0410818Z Checks in_progress: lint-and-test
2026-04-28T07:40:08.0411040Z Checks after check_name filter:
2026-04-28T07:40:08.0411813Z Checks completed: capture-failure-log, capture-failure-log, e2e, capture-failure-log, web-lint-and-test, autofix, cross-device-tests, maybe-label, test, connected-tests
2026-04-28T07:40:08.0412463Z Checks in_progress: lint-and-test
2026-04-28T07:40:08.0412688Z Checks after Regexp filter:
2026-04-28T07:40:08.0413293Z Checks completed: capture-failure-log, capture-failure-log, e2e, capture-failure-log, web-lint-and-test, autofix, cross-device-tests, maybe-label, test, connected-tests
2026-04-28T07:40:08.0413941Z Checks in_progress: lint-and-test
2026-04-28T07:40:08.0414268Z The requested checks aren't complete yet, will check back in 15 seconds...
2026-04-28T07:40:08.0414609Z Checks running on ref:
2026-04-28T07:40:08.0415311Z Checks completed: capture-failure-log, capture-failure-log, e2e, capture-failure-log, web-lint-and-test, autofix, cross-device-tests, maybe-label, test, connected-tests
2026-04-28T07:40:08.0416007Z Checks in_progress: lint-and-test, Auto-merge
2026-04-28T07:40:08.0416287Z Checks after ignore checks filter:
2026-04-28T07:40:08.0416920Z Checks completed: capture-failure-log, capture-failure-log, e2e, capture-failure-log, web-lint-and-test, autofix, cross-device-tests, maybe-label, test, connected-tests
2026-04-28T07:40:08.0417738Z Checks in_progress: lint-and-test
2026-04-28T07:40:08.0417966Z Checks after check_name filter:
2026-04-28T07:42:11.7491528Z Checks completed: capture-failure-log, capture-failure-log, e2e, capture-failure-log, web-lint-and-test, autofix, cross-device-tests, maybe-label, test, connected-tests
2026-04-28T07:42:11.7492295Z Checks in_progress: lint-and-test
2026-04-28T07:42:11.7492548Z Checks after Regexp filter:
2026-04-28T07:42:11.7493662Z Checks completed: capture-failure-log, capture-failure-log, e2e, capture-failure-log, web-lint-and-test, autofix, cross-device-tests, maybe-label, test, connected-tests
2026-04-28T07:42:11.7494541Z Checks in_progress: lint-and-test
2026-04-28T07:42:11.7494882Z The requested checks aren't complete yet, will check back in 15 seconds...
2026-04-28T07:42:11.7495237Z Checks running on ref:
2026-04-28T07:42:11.7495837Z Checks completed: capture-failure-log, capture-failure-log, e2e, capture-failure-log, web-lint-and-test, autofix, cross-device-tests, maybe-label, test, connected-tests
2026-04-28T07:42:11.7496521Z Checks in_progress: lint-and-test, Auto-merge
2026-04-28T07:42:11.7496791Z Checks after ignore checks filter:
2026-04-28T07:42:11.7497435Z Checks completed: capture-failure-log, capture-failure-log, e2e, capture-failure-log, web-lint-and-test, autofix, cross-device-tests, maybe-label, test, connected-tests
2026-04-28T07:42:11.7498406Z Checks in_progress: lint-and-test
2026-04-28T07:42:11.7498636Z Checks after check_name filter:
2026-04-28T07:42:11.7499262Z Checks completed: capture-failure-log, capture-failure-log, e2e, capture-failure-log, web-lint-and-test, autofix, cross-device-tests, maybe-label, test, connected-tests
2026-04-28T07:42:11.7499898Z Checks in_progress: lint-and-test
2026-04-28T07:42:11.7500129Z Checks after Regexp filter:
2026-04-28T07:42:11.7500734Z Checks completed: capture-failure-log, capture-failure-log, e2e, capture-failure-log, web-lint-and-test, autofix, cross-device-tests, maybe-label, test, connected-tests
2026-04-28T07:42:11.7501359Z Checks in_progress: lint-and-test
2026-04-28T07:42:11.7501682Z The requested checks aren't complete yet, will check back in 15 seconds...
2026-04-28T07:42:11.7502023Z Checks running on ref:
2026-04-28T07:42:11.7502607Z Checks completed: capture-failure-log, capture-failure-log, e2e, capture-failure-log, web-lint-and-test, autofix, cross-device-tests, maybe-label, test, connected-tests
2026-04-28T07:42:11.7503265Z Checks in_progress: lint-and-test, Auto-merge
2026-04-28T07:42:11.7503529Z Checks after ignore checks filter:
2026-04-28T07:42:11.7504141Z Checks completed: capture-failure-log, capture-failure-log, e2e, capture-failure-log, web-lint-and-test, autofix, cross-device-tests, maybe-label, test, connected-tests
2026-04-28T07:42:11.7505211Z Checks in_progress: lint-and-test
2026-04-28T07:42:11.7505430Z Checks after check_name filter:
2026-04-28T07:42:11.7506033Z Checks completed: capture-failure-log, capture-failure-log, e2e, capture-failure-log, web-lint-and-test, autofix, cross-device-tests, maybe-label, test, connected-tests
2026-04-28T07:42:11.7506679Z Checks in_progress: lint-and-test
2026-04-28T07:42:11.7506901Z Checks after Regexp filter:
2026-04-28T07:42:11.7507717Z Checks completed: capture-failure-log, capture-failure-log, e2e, capture-failure-log, web-lint-and-test, autofix, cross-device-tests, maybe-label, test, connected-tests
2026-04-28T07:42:11.7508362Z Checks in_progress: lint-and-test
2026-04-28T07:42:11.7508683Z The requested checks aren't complete yet, will check back in 15 seconds...
2026-04-28T07:42:11.7509017Z Checks running on ref:
2026-04-28T07:42:11.7509777Z Checks completed: capture-failure-log, capture-failure-log, e2e, capture-failure-log, web-lint-and-test, autofix, cross-device-tests, maybe-label, test, connected-tests
2026-04-28T07:42:11.7510462Z Checks in_progress: lint-and-test, Auto-merge
2026-04-28T07:42:11.7510730Z Checks after ignore checks filter:
2026-04-28T07:42:11.7511354Z Checks completed: capture-failure-log, capture-failure-log, e2e, capture-failure-log, web-lint-and-test, autofix, cross-device-tests, maybe-label, test, connected-tests
2026-04-28T07:42:11.7511992Z Checks in_progress: lint-and-test
2026-04-28T07:42:11.7512218Z Checks after check_name filter:
2026-04-28T07:42:11.7512828Z Checks completed: capture-failure-log, capture-failure-log, e2e, capture-failure-log, web-lint-and-test, autofix, cross-device-tests, maybe-label, test, connected-tests
2026-04-28T07:42:11.7513451Z Checks in_progress: lint-and-test
2026-04-28T07:42:11.7513674Z Checks after Regexp filter:
2026-04-28T07:42:11.7514276Z Checks completed: capture-failure-log, capture-failure-log, e2e, capture-failure-log, web-lint-and-test, autofix, cross-device-tests, maybe-label, test, connected-tests
2026-04-28T07:42:11.7514902Z Checks in_progress: lint-and-test
2026-04-28T07:42:11.7515224Z The requested checks aren't complete yet, will check back in 15 seconds...
2026-04-28T07:42:11.7515557Z Checks running on ref:
2026-04-28T07:42:11.7516134Z Checks completed: capture-failure-log, capture-failure-log, e2e, capture-failure-log, web-lint-and-test, autofix, cross-device-tests, maybe-label, test, connected-tests
2026-04-28T07:42:11.7516783Z Checks in_progress: lint-and-test, Auto-merge
2026-04-28T07:42:11.7517038Z Checks after ignore checks filter:
2026-04-28T07:42:11.7517825Z Checks completed: capture-failure-log, capture-failure-log, e2e, capture-failure-log, web-lint-and-test, autofix, cross-device-tests, maybe-label, test, connected-tests
2026-04-28T07:42:11.7518515Z Checks in_progress: lint-and-test
2026-04-28T07:42:11.7518739Z Checks after check_name filter:
2026-04-28T07:42:11.7519368Z Checks completed: capture-failure-log, capture-failure-log, e2e, capture-failure-log, web-lint-and-test, autofix, cross-device-tests, maybe-label, test, connected-tests
2026-04-28T07:42:11.7520009Z Checks in_progress: lint-and-test
2026-04-28T07:42:11.7520223Z Checks after Regexp filter:
2026-04-28T07:42:11.7520819Z Checks completed: capture-failure-log, capture-failure-log, e2e, capture-failure-log, web-lint-and-test, autofix, cross-device-tests, maybe-label, test, connected-tests
2026-04-28T07:42:11.7521453Z Checks in_progress: lint-and-test
2026-04-28T07:42:11.7521765Z The requested checks aren't complete yet, will check back in 15 seconds...
2026-04-28T07:42:11.7522100Z Checks running on ref:
2026-04-28T07:42:11.7522685Z Checks completed: capture-failure-log, capture-failure-log, e2e, capture-failure-log, web-lint-and-test, autofix, cross-device-tests, maybe-label, test, connected-tests
2026-04-28T07:42:11.7523356Z Checks in_progress: lint-and-test, Auto-merge
2026-04-28T07:42:11.7523630Z Checks after ignore checks filter:
2026-04-28T07:42:11.7524267Z Checks completed: capture-failure-log, capture-failure-log, e2e, capture-failure-log, web-lint-and-test, autofix, cross-device-tests, maybe-label, test, connected-tests
2026-04-28T07:42:11.7525070Z Checks in_progress: lint-and-test
2026-04-28T07:42:11.7525304Z Checks after check_name filter:
2026-04-28T07:42:11.7525914Z Checks completed: capture-failure-log, capture-failure-log, e2e, capture-failure-log, web-lint-and-test, autofix, cross-device-tests, maybe-label, test, connected-tests
2026-04-28T07:42:11.7526550Z Checks in_progress: lint-and-test
2026-04-28T07:42:11.7526772Z Checks after Regexp filter:
2026-04-28T07:42:11.7527367Z Checks completed: capture-failure-log, capture-failure-log, e2e, capture-failure-log, web-lint-and-test, autofix, cross-device-tests, maybe-label, test, connected-tests
2026-04-28T07:42:11.7528187Z Checks in_progress: lint-and-test
2026-04-28T07:42:11.7528508Z The requested checks aren't complete yet, will check back in 15 seconds...
2026-04-28T07:42:11.7528973Z Checks running on ref:
2026-04-28T07:42:11.7529569Z Checks completed: capture-failure-log, capture-failure-log, e2e, capture-failure-log, web-lint-and-test, autofix, cross-device-tests, maybe-label, test, connected-tests
2026-04-28T07:42:11.7530230Z Checks in_progress: lint-and-test, Auto-merge
2026-04-28T07:42:11.7530485Z Checks after ignore checks filter:
2026-04-28T07:42:11.7531100Z Checks completed: capture-failure-log, capture-failure-log, e2e, capture-failure-log, web-lint-and-test, autofix, cross-device-tests, maybe-label, test, connected-tests
2026-04-28T07:42:11.7531734Z Checks in_progress: lint-and-test
2026-04-28T07:42:11.7531950Z Checks after check_name filter:
2026-04-28T07:42:11.7532549Z Checks completed: capture-failure-log, capture-failure-log, e2e, capture-failure-log, web-lint-and-test, autofix, cross-device-tests, maybe-label, test, connected-tests
2026-04-28T07:42:11.7533178Z Checks in_progress: lint-and-test
2026-04-28T07:42:11.7533398Z Checks after Regexp filter:
2026-04-28T07:42:11.7533997Z Checks completed: capture-failure-log, capture-failure-log, e2e, capture-failure-log, web-lint-and-test, autofix, cross-device-tests, maybe-label, test, connected-tests
2026-04-28T07:42:11.7534631Z Checks in_progress: lint-and-test
2026-04-28T07:42:11.7534956Z The requested checks aren't complete yet, will check back in 15 seconds...
2026-04-28T07:42:11.7535286Z Checks running on ref:
2026-04-28T07:42:11.7535865Z Checks completed: capture-failure-log, capture-failure-log, e2e, capture-failure-log, web-lint-and-test, autofix, cross-device-tests, maybe-label, test, connected-tests
2026-04-28T07:42:11.7536514Z Checks in_progress: lint-and-test, Auto-merge
2026-04-28T07:42:11.7536768Z Checks after ignore checks filter:
2026-04-28T07:42:11.7537369Z Checks completed: capture-failure-log, capture-failure-log, e2e, capture-failure-log, web-lint-and-test, autofix, cross-device-tests, maybe-label, test, connected-tests
2026-04-28T07:42:11.7538260Z Checks in_progress: lint-and-test
2026-04-28T07:42:11.7538492Z Checks after check_name filter:
2026-04-28T07:42:11.7539094Z Checks completed: capture-failure-log, capture-failure-log, e2e, capture-failure-log, web-lint-and-test, autofix, cross-device-tests, maybe-label, test, connected-tests
2026-04-28T07:42:11.7539727Z Checks in_progress: lint-and-test
2026-04-28T07:42:11.7539937Z Checks after Regexp filter:
2026-04-28T07:42:11.7540536Z Checks completed: capture-failure-log, capture-failure-log, e2e, capture-failure-log, web-lint-and-test, autofix, cross-device-tests, maybe-label, test, connected-tests
2026-04-28T07:42:11.7541167Z Checks in_progress: lint-and-test
2026-04-28T07:42:11.7541466Z The requested checks aren't complete yet, will check back in 15 seconds...
2026-04-28T07:42:11.7541791Z Checks running on ref:
2026-04-28T07:42:11.7542382Z Checks completed: capture-failure-log, capture-failure-log, e2e, capture-failure-log, web-lint-and-test, autofix, cross-device-tests, maybe-label, test, connected-tests
2026-04-28T07:42:11.7543043Z Checks in_progress: lint-and-test, Auto-merge
2026-04-28T07:42:11.7543305Z Checks after ignore checks filter:
2026-04-28T07:42:11.7543926Z Checks completed: capture-failure-log, capture-failure-log, e2e, capture-failure-log, web-lint-and-test, autofix, cross-device-tests, maybe-label, test, connected-tests
2026-04-28T07:42:11.7544739Z Checks in_progress: lint-and-test
2026-04-28T07:42:11.7544970Z Checks after check_name filter:
2026-04-28T07:42:11.7545592Z Checks completed: capture-failure-log, capture-failure-log, e2e, capture-failure-log, web-lint-and-test, autofix, cross-device-tests, maybe-label, test, connected-tests
2026-04-28T07:42:11.7546235Z Checks in_progress: lint-and-test
2026-04-28T07:43:28.9959365Z Checks after Regexp filter:
2026-04-28T07:43:28.9960457Z Checks completed: capture-failure-log, capture-failure-log, e2e, capture-failure-log, web-lint-and-test, autofix, cross-device-tests, maybe-label, test, connected-tests
2026-04-28T07:43:28.9961587Z Checks in_progress: lint-and-test
2026-04-28T07:43:28.9962701Z The requested checks aren't complete yet, will check back in 15 seconds...
2026-04-28T07:43:28.9963283Z Checks running on ref:
2026-04-28T07:43:28.9964389Z Checks completed: capture-failure-log, capture-failure-log, e2e, capture-failure-log, web-lint-and-test, autofix, cross-device-tests, maybe-label, test, connected-tests
2026-04-28T07:43:28.9965550Z Checks in_progress: lint-and-test, Auto-merge
2026-04-28T07:43:28.9965976Z Checks after ignore checks filter:
2026-04-28T07:43:28.9966851Z Checks completed: capture-failure-log, capture-failure-log, e2e, capture-failure-log, web-lint-and-test, autofix, cross-device-tests, maybe-label, test, connected-tests
2026-04-28T07:43:28.9967790Z Checks in_progress: lint-and-test
2026-04-28T07:43:28.9968022Z Checks after check_name filter:
2026-04-28T07:43:28.9968649Z Checks completed: capture-failure-log, capture-failure-log, e2e, capture-failure-log, web-lint-and-test, autofix, cross-device-tests, maybe-label, test, connected-tests
2026-04-28T07:43:28.9969312Z Checks in_progress: lint-and-test
2026-04-28T07:43:28.9969535Z Checks after Regexp filter:
2026-04-28T07:43:28.9970156Z Checks completed: capture-failure-log, capture-failure-log, e2e, capture-failure-log, web-lint-and-test, autofix, cross-device-tests, maybe-label, test, connected-tests
2026-04-28T07:43:28.9970806Z Checks in_progress: lint-and-test
2026-04-28T07:43:28.9971125Z The requested checks aren't complete yet, will check back in 15 seconds...
2026-04-28T07:43:28.9971465Z Checks running on ref:
2026-04-28T07:43:28.9972058Z Checks completed: capture-failure-log, capture-failure-log, e2e, capture-failure-log, web-lint-and-test, autofix, cross-device-tests, maybe-label, test, connected-tests
2026-04-28T07:43:28.9972713Z Checks in_progress: lint-and-test, Auto-merge
2026-04-28T07:43:28.9972981Z Checks after ignore checks filter:
2026-04-28T07:43:28.9973619Z Checks completed: capture-failure-log, capture-failure-log, e2e, capture-failure-log, web-lint-and-test, autofix, cross-device-tests, maybe-label, test, connected-tests
2026-04-28T07:43:28.9974264Z Checks in_progress: lint-and-test
2026-04-28T07:43:28.9974498Z Checks after check_name filter:
2026-04-28T07:43:28.9975123Z Checks completed: capture-failure-log, capture-failure-log, e2e, capture-failure-log, web-lint-and-test, autofix, cross-device-tests, maybe-label, test, connected-tests
2026-04-28T07:43:28.9975761Z Checks in_progress: lint-and-test
2026-04-28T07:43:28.9975989Z Checks after Regexp filter:
2026-04-28T07:43:28.9976592Z Checks completed: capture-failure-log, capture-failure-log, e2e, capture-failure-log, web-lint-and-test, autofix, cross-device-tests, maybe-label, test, connected-tests
2026-04-28T07:43:28.9977236Z Checks in_progress: lint-and-test
2026-04-28T07:43:28.9977807Z The requested checks aren't complete yet, will check back in 15 seconds...
2026-04-28T07:43:28.9978171Z Checks running on ref:
2026-04-28T07:43:28.9978807Z Checks completed: capture-failure-log, capture-failure-log, e2e, capture-failure-log, web-lint-and-test, autofix, cross-device-tests, maybe-label, test, connected-tests
2026-04-28T07:43:28.9979477Z Checks in_progress: lint-and-test, Auto-merge
2026-04-28T07:43:28.9979944Z Checks after ignore checks filter:
2026-04-28T07:43:28.9980583Z Checks completed: capture-failure-log, capture-failure-log, e2e, capture-failure-log, web-lint-and-test, autofix, cross-device-tests, maybe-label, test, connected-tests
2026-04-28T07:43:28.9981240Z Checks in_progress: lint-and-test
2026-04-28T07:43:28.9981478Z Checks after check_name filter:
2026-04-28T07:43:28.9982101Z Checks completed: capture-failure-log, capture-failure-log, e2e, capture-failure-log, web-lint-and-test, autofix, cross-device-tests, maybe-label, test, connected-tests
2026-04-28T07:43:28.9982738Z Checks in_progress: lint-and-test
2026-04-28T07:43:28.9982960Z Checks after Regexp filter:
2026-04-28T07:43:28.9983564Z Checks completed: capture-failure-log, capture-failure-log, e2e, capture-failure-log, web-lint-and-test, autofix, cross-device-tests, maybe-label, test, connected-tests
2026-04-28T07:43:28.9984313Z Checks in_progress: lint-and-test
2026-04-28T07:43:28.9984645Z The requested checks aren't complete yet, will check back in 15 seconds...
2026-04-28T07:43:28.9985004Z Checks running on ref:
2026-04-28T07:43:28.9985606Z Checks completed: capture-failure-log, capture-failure-log, e2e, capture-failure-log, web-lint-and-test, autofix, cross-device-tests, maybe-label, test, connected-tests
2026-04-28T07:43:28.9986276Z Checks in_progress: lint-and-test, Auto-merge
2026-04-28T07:43:28.9986545Z Checks after ignore checks filter:
2026-04-28T07:43:28.9987159Z Checks completed: capture-failure-log, capture-failure-log, e2e, capture-failure-log, web-lint-and-test, autofix, cross-device-tests, maybe-label, test, connected-tests
2026-04-28T07:43:28.9987997Z Checks in_progress: lint-and-test
2026-04-28T07:43:28.9988229Z Checks after check_name filter:
2026-04-28T07:43:28.9988846Z Checks completed: capture-failure-log, capture-failure-log, e2e, capture-failure-log, web-lint-and-test, autofix, cross-device-tests, maybe-label, test, connected-tests
2026-04-28T07:43:28.9989481Z Checks in_progress: lint-and-test
2026-04-28T07:43:28.9989696Z Checks after Regexp filter:
2026-04-28T07:43:28.9990298Z Checks completed: capture-failure-log, capture-failure-log, e2e, capture-failure-log, web-lint-and-test, autofix, cross-device-tests, maybe-label, test, connected-tests
2026-04-28T07:43:28.9990931Z Checks in_progress: lint-and-test
2026-04-28T07:43:28.9991244Z The requested checks aren't complete yet, will check back in 15 seconds...
2026-04-28T07:43:28.9991577Z Checks running on ref:
2026-04-28T07:43:28.9992296Z Checks completed: capture-failure-log, capture-failure-log, capture-failure-log, e2e, capture-failure-log, web-lint-and-test, autofix, lint-and-test, cross-device-tests, maybe-label, test, connected-tests
2026-04-28T07:43:28.9993061Z Checks in_progress: Auto-merge
2026-04-28T07:43:28.9993290Z Checks after ignore checks filter:
2026-04-28T07:43:28.9994048Z Checks completed: capture-failure-log, capture-failure-log, capture-failure-log, e2e, capture-failure-log, web-lint-and-test, autofix, lint-and-test, cross-device-tests, maybe-label, test, connected-tests
2026-04-28T07:43:28.9994805Z Checks after check_name filter:
2026-04-28T07:43:28.9995539Z Checks completed: capture-failure-log, capture-failure-log, capture-failure-log, e2e, capture-failure-log, web-lint-and-test, autofix, lint-and-test, cross-device-tests, maybe-label, test, connected-tests
2026-04-28T07:43:28.9996287Z Checks after Regexp filter:
2026-04-28T07:43:28.9996992Z Checks completed: capture-failure-log, capture-failure-log, capture-failure-log, e2e, capture-failure-log, web-lint-and-test, autofix, lint-and-test, cross-device-tests, maybe-label, test, connected-tests
2026-04-28T07:43:28.9997973Z Checks completed:
2026-04-28T07:43:28.9998194Z capture-failure-log: completed (skipped)
2026-04-28T07:43:28.9998455Z capture-failure-log: completed (skipped)
2026-04-28T07:43:28.9998704Z capture-failure-log: completed (skipped)
2026-04-28T07:43:28.9998945Z e2e: completed (cancelled)
2026-04-28T07:43:28.9999167Z capture-failure-log: completed (skipped)
2026-04-28T07:43:28.9999418Z web-lint-and-test: completed (cancelled)
2026-04-28T07:43:29.0001568Z autofix: completed (success)
2026-04-28T07:43:29.0001906Z lint-and-test: completed (cancelled)
2026-04-28T07:43:29.0002279Z cross-device-tests: completed (cancelled)
2026-04-28T07:43:29.0002652Z maybe-label: completed (success)
2026-04-28T07:43:29.0002986Z test: completed (success)
2026-04-28T07:43:29.0003302Z connected-tests: completed (cancelled)
2026-04-28T07:43:29.0004364Z The conclusion of one or more checks were not allowed. Allowed conclusions are: success, skipped, neutral. This can be configured with the 'allowed-conclusions' param.
2026-04-28T07:43:29.0098745Z ##[error]Process completed with exit code 1.
2026-04-28T07:43:29.0218819Z Post job cleanup.
2026-04-28T07:43:29.0279718Z Cleaning up orphan processes
2026-04-28T07:43:29.0585517Z ##[warning]Node.js 20 actions are deprecated. The following actions are running on Node.js 20 and may not work as expected: actions/cache@v4. Actions will be forced to run with Node.js 24 by default starting June 2nd, 2026. Node.js 20 will be removed from the runner on September 16th, 2026. Please check if updated versions of these actions are available that support Node.js 24. To opt into Node.js 24 now, set the FORCE_JAVASCRIPT_ACTIONS_TO_NODE24=true environment variable on the runner or in your workflow file. Once Node.js 24 becomes the default, you can temporarily opt out by setting ACTIONS_ALLOW_USE_UNSECURE_NODE_VERSION=true. For more information see: https://github.blog/changelog/2025-09-19-deprecation-of-node-20-on-github-actions-runners/
