=== CI FAILURE ===
Workflow:      Auto-merge & Release
Workflow file: akarlin3/prismTask/.github/workflows/auto-merge.yml@refs/pull/500/merge
Job(s):        Auto-merge
Run ID:        24545194189
Run attempt:   1
Run URL:       https://github.com/akarlin3/prismTask/actions/runs/24545194189
Commit:        f8b4c34b38d1d5fdd48c1ce85c48542885c057d6
Branch:        500/merge
Event:         pull_request
Actor:         akarlin3
Runner OS:     Linux
Timestamp:     2026-04-17T02:53:43.774Z

Failed steps:
  - Auto-merge: #3 Wait for all other CI checks to pass

=== FAILED JOB LOG ===

--- Job: Auto-merge (id 71759105902) ---
2026-04-17T02:51:00.1974430Z Current runner version: '2.333.1'
2026-04-17T02:51:00.2010108Z ##[group]Runner Image Provisioner
2026-04-17T02:51:00.2011355Z Hosted Compute Agent
2026-04-17T02:51:00.2012348Z Version: 20260213.493
2026-04-17T02:51:00.2013356Z Commit: 5c115507f6dd24b8de37d8bbe0bb4509d0cc0fa3
2026-04-17T02:51:00.2014607Z Build Date: 2026-02-13T00:28:41Z
2026-04-17T02:51:00.2015799Z Worker ID: {56fb49c3-902f-41de-bb2e-df13dd3e57e2}
2026-04-17T02:51:00.2017336Z Azure Region: eastus2
2026-04-17T02:51:00.2018249Z ##[endgroup]
2026-04-17T02:51:00.2020450Z ##[group]Operating System
2026-04-17T02:51:00.2021513Z Ubuntu
2026-04-17T02:51:00.2022310Z 24.04.4
2026-04-17T02:51:00.2023184Z LTS
2026-04-17T02:51:00.2023896Z ##[endgroup]
2026-04-17T02:51:00.2024707Z ##[group]Runner Image
2026-04-17T02:51:00.2025806Z Image: ubuntu-24.04
2026-04-17T02:51:00.2027049Z Version: 20260413.86.1
2026-04-17T02:51:00.2029109Z Included Software: https://github.com/actions/runner-images/blob/ubuntu24/20260413.86/images/ubuntu/Ubuntu2404-Readme.md
2026-04-17T02:51:00.2031822Z Image Release: https://github.com/actions/runner-images/releases/tag/ubuntu24%2F20260413.86
2026-04-17T02:51:00.2033414Z ##[endgroup]
2026-04-17T02:51:00.2035665Z ##[group]GITHUB_TOKEN Permissions
2026-04-17T02:51:00.2038789Z Actions: read
2026-04-17T02:51:00.2039579Z Checks: read
2026-04-17T02:51:00.2040540Z Contents: write
2026-04-17T02:51:00.2041360Z Metadata: read
2026-04-17T02:51:00.2042133Z PullRequests: write
2026-04-17T02:51:00.2043046Z ##[endgroup]
2026-04-17T02:51:00.2046146Z Secret source: Actions
2026-04-17T02:51:00.2048149Z Prepare workflow directory
2026-04-17T02:51:00.2602703Z Prepare all required actions
2026-04-17T02:51:00.2658491Z Getting action download info
2026-04-17T02:51:00.5211499Z Download action repository 'lewagon/wait-on-check-action@ccfb013c15c8afb7bf2b7c028fb74dc5a068cccc' (SHA:ccfb013c15c8afb7bf2b7c028fb74dc5a068cccc)
2026-04-17T02:51:00.8856087Z Getting action download info
2026-04-17T02:51:01.0328992Z Download action repository 'ruby/setup-ruby@v1' (SHA:7372622e62b60b3cb750dcd2b9e32c247ffec26a)
2026-04-17T02:51:01.2536279Z Download action repository 'actions/cache@v4' (SHA:0057852bfaa89a56745cba8c7296529d2fc39830)
2026-04-17T02:51:01.4404856Z Complete job name: Auto-merge
2026-04-17T02:51:01.5014762Z ##[group]Run set -euo pipefail
2026-04-17T02:51:01.5015470Z [36;1mset -euo pipefail[0m
2026-04-17T02:51:01.5016254Z [36;1m# Give GitHub a short grace period to schedule workflow runs for[0m
2026-04-17T02:51:01.5017595Z [36;1m# the head commit. Paths-filtered workflows (android/backend/web CI)[0m
2026-04-17T02:51:01.5018653Z [36;1m# won't run for doc-only or cross-cutting config PRs, so the[0m
2026-04-17T02:51:01.5019687Z [36;1m# wait-on-check-action step below would otherwise hang waiting for[0m
2026-04-17T02:51:01.5020580Z [36;1m# checks that will never appear.[0m
2026-04-17T02:51:01.5021188Z [36;1msleep 20[0m
2026-04-17T02:51:01.5021838Z [36;1mCOUNT=$(gh api "repos/$REPO/commits/$HEAD_SHA/check-runs" \[0m
2026-04-17T02:51:01.5022842Z [36;1m  --jq '[.check_runs[] | select(.name != "Auto-merge")] | length')[0m
2026-04-17T02:51:01.5023792Z [36;1mecho "Non-Auto-merge check runs on head: $COUNT"[0m
2026-04-17T02:51:01.5024559Z [36;1mif [ "$COUNT" -gt 0 ]; then[0m
2026-04-17T02:51:01.5025210Z [36;1m  echo "has_ci=true" >> "$GITHUB_OUTPUT"[0m
2026-04-17T02:51:01.5025855Z [36;1melse[0m
2026-04-17T02:51:01.5026347Z [36;1m  echo "has_ci=false" >> "$GITHUB_OUTPUT"[0m
2026-04-17T02:51:01.5027309Z [36;1m  echo "No CI checks on this PR — will merge without waiting."[0m
2026-04-17T02:51:01.5028071Z [36;1mfi[0m
2026-04-17T02:51:01.5053053Z shell: /usr/bin/bash -e {0}
2026-04-17T02:51:01.5053877Z env:
2026-04-17T02:51:01.5054305Z   WAIT_INTERVAL: 30
2026-04-17T02:51:01.5054989Z   GH_TOKEN: ***
2026-04-17T02:51:01.5055522Z   HEAD_SHA: 53b912bf747639836eb563d11c788a62dae03e08
2026-04-17T02:51:01.5056494Z   REPO: akarlin3/prismTask
2026-04-17T02:51:01.5057219Z ##[endgroup]
2026-04-17T02:51:21.8833214Z Non-Auto-merge check runs on head: 8
2026-04-17T02:51:21.9065561Z ##[group]Run lewagon/wait-on-check-action@ccfb013c15c8afb7bf2b7c028fb74dc5a068cccc
2026-04-17T02:51:21.9066081Z with:
2026-04-17T02:51:21.9066377Z   ref: 53b912bf747639836eb563d11c788a62dae03e08
2026-04-17T02:51:21.9067068Z   running-workflow-name: Auto-merge
2026-04-17T02:51:21.9067795Z   repo-token: ***
2026-04-17T02:51:21.9068082Z   wait-interval: 30
2026-04-17T02:51:21.9068366Z   allowed-conclusions: success,skipped
2026-04-17T02:51:21.9068697Z   verbose: true
2026-04-17T02:51:21.9068930Z env:
2026-04-17T02:51:21.9069156Z   WAIT_INTERVAL: 30
2026-04-17T02:51:21.9069414Z ##[endgroup]
2026-04-17T02:51:21.9208307Z ##[group]Run ruby/setup-ruby@v1
2026-04-17T02:51:21.9208612Z with:
2026-04-17T02:51:21.9208832Z   ruby-version: 3.2
2026-04-17T02:51:21.9209095Z   bundler-cache: false
2026-04-17T02:51:21.9209485Z   token: ***
2026-04-17T02:51:21.9209691Z env:
2026-04-17T02:51:21.9209892Z   WAIT_INTERVAL: 30
2026-04-17T02:51:21.9210109Z ##[endgroup]
2026-04-17T02:51:22.0508419Z ##[group]Modifying PATH
2026-04-17T02:51:22.0509138Z Entries added to PATH to use selected Ruby:
2026-04-17T02:51:22.0509795Z   /opt/hostedtoolcache/Ruby/3.2.11/x64/bin
2026-04-17T02:51:22.0513918Z ##[endgroup]
2026-04-17T02:51:22.0514999Z ##[group]Print Ruby version
2026-04-17T02:51:22.0588374Z [command]/opt/hostedtoolcache/Ruby/3.2.11/x64/bin/ruby --version
2026-04-17T02:51:22.2217701Z ruby 3.2.11 (2026-03-27 revision 5483bfc1ae) [x86_64-linux]
2026-04-17T02:51:22.2249304Z Took   0.17 seconds
2026-04-17T02:51:22.2250568Z ##[endgroup]
2026-04-17T02:51:22.2251369Z ##[group]Installing Bundler
2026-04-17T02:51:22.2255614Z Using Bundler shipped with ruby-3.2.11
2026-04-17T02:51:22.2257056Z Took   0.00 seconds
2026-04-17T02:51:22.2257804Z ##[endgroup]
2026-04-17T02:51:22.2908265Z ##[group]Run actions/cache@v4
2026-04-17T02:51:22.2908535Z with:
2026-04-17T02:51:22.2908952Z   path: /home/runner/work/_actions/lewagon/wait-on-check-action/ccfb013c15c8afb7bf2b7c028fb74dc5a068cccc
2026-04-17T02:51:22.2909441Z   key: Linux-gems-
2026-04-17T02:51:22.2909651Z   restore-keys: Linux-gems-
2026-04-17T02:51:22.2909878Z   enableCrossOsArchive: false
2026-04-17T02:51:22.2910096Z   fail-on-cache-miss: false
2026-04-17T02:51:22.2910306Z   lookup-only: false
2026-04-17T02:51:22.2910486Z   save-always: false
2026-04-17T02:51:22.2910661Z env:
2026-04-17T02:51:22.2910812Z   WAIT_INTERVAL: 30
2026-04-17T02:51:22.2910995Z ##[endgroup]
2026-04-17T02:51:22.5074557Z Cache not found for input keys: Linux-gems-, Linux-gems-
2026-04-17T02:51:22.5151562Z ##[group]Run bundle install --jobs 4 --retry 3
2026-04-17T02:51:22.5151887Z [36;1mbundle install --jobs 4 --retry 3[0m
2026-04-17T02:51:22.5176025Z shell: /usr/bin/bash --noprofile --norc -e -o pipefail {0}
2026-04-17T02:51:22.5176352Z env:
2026-04-17T02:51:22.5176521Z   WAIT_INTERVAL: 30
2026-04-17T02:51:22.5177111Z ##[endgroup]
2026-04-17T02:51:23.4863536Z Bundler 2.4.19 is running, but your lockfile was generated with 2.2.3. Installing Bundler 2.2.3 and restarting using that version.
2026-04-17T02:51:25.1748649Z Fetching gem metadata from https://rubygems.org/.
2026-04-17T02:51:25.1825330Z Fetching bundler 2.2.3
2026-04-17T02:51:25.3574232Z Installing bundler 2.2.3
2026-04-17T02:51:25.5444787Z Calling `DidYouMean::SPELL_CHECKERS.merge!(error_name => spell_checker)' has been deprecated. Please call `DidYouMean.correct_error(error_name, spell_checker)' instead.
2026-04-17T02:51:26.8654577Z Fetching gem metadata from https://rubygems.org/.........
2026-04-17T02:51:26.8753821Z Fetching concurrent-ruby 1.2.2
2026-04-17T02:51:26.9051976Z Fetching public_suffix 4.0.7
2026-04-17T02:51:26.9054585Z Fetching minitest 5.18.0
2026-04-17T02:51:26.9059288Z Fetching zeitwerk 2.6.7
2026-04-17T02:51:26.9953016Z Installing zeitwerk 2.6.7
2026-04-17T02:51:27.0226279Z Installing minitest 5.18.0
2026-04-17T02:51:27.0281512Z Installing public_suffix 4.0.7
2026-04-17T02:51:27.0545495Z Installing concurrent-ruby 1.2.2
2026-04-17T02:51:27.0675322Z Fetching ast 2.4.2
2026-04-17T02:51:27.1060310Z Using bundler 2.2.3
2026-04-17T02:51:27.1085608Z Fetching byebug 11.1.3
2026-04-17T02:51:27.1381562Z Installing ast 2.4.2
2026-04-17T02:51:27.1531770Z Fetching diff-lcs 1.4.4
2026-04-17T02:51:27.1811954Z Fetching faraday-net_http 2.0.3
2026-04-17T02:51:27.2105363Z Installing byebug 11.1.3 with native extensions
2026-04-17T02:51:27.2410808Z Installing faraday-net_http 2.0.3
2026-04-17T02:51:27.2417011Z Installing diff-lcs 1.4.4
2026-04-17T02:51:27.2585561Z Using ruby2_keywords 0.0.5
2026-04-17T02:51:27.2600681Z Fetching json 2.7.1
2026-04-17T02:51:27.3229265Z Installing json 2.7.1 with native extensions
2026-04-17T02:51:27.3244416Z Fetching language_server-protocol 3.17.0.3
2026-04-17T02:51:27.3893102Z Installing language_server-protocol 3.17.0.3
2026-04-17T02:51:27.4282805Z Fetching lint_roller 1.1.0
2026-04-17T02:51:27.4827986Z Installing lint_roller 1.1.0
2026-04-17T02:51:27.5132993Z Fetching parallel 1.24.0
2026-04-17T02:51:27.5774694Z Installing parallel 1.24.0
2026-04-17T02:51:27.5851953Z Fetching racc 1.7.3
2026-04-17T02:51:27.6274358Z Fetching rainbow 3.1.1
2026-04-17T02:51:27.6562971Z Installing racc 1.7.3 with native extensions
2026-04-17T02:51:27.6740664Z Installing rainbow 3.1.1
2026-04-17T02:51:27.6827417Z Fetching regexp_parser 2.8.3
2026-04-17T02:51:27.7423107Z Installing regexp_parser 2.8.3
2026-04-17T02:51:27.8404401Z Fetching rexml 3.2.6
2026-04-17T02:51:27.8959283Z Installing rexml 3.2.6
2026-04-17T02:51:27.9166190Z Fetching rspec-support 3.10.1
2026-04-17T02:51:27.9732988Z Installing rspec-support 3.10.1
2026-04-17T02:51:27.9870387Z Fetching ruby-progressbar 1.13.0
2026-04-17T02:51:28.0351713Z Installing ruby-progressbar 1.13.0
2026-04-17T02:51:28.0453265Z Fetching unicode-display_width 2.5.0
2026-04-17T02:51:28.0924778Z Installing unicode-display_width 2.5.0
2026-04-17T02:51:28.0981884Z Fetching addressable 2.8.0
2026-04-17T02:51:28.1655187Z Installing addressable 2.8.0
2026-04-17T02:51:28.1811645Z Fetching faraday 2.3.0
2026-04-17T02:51:28.2344855Z Installing faraday 2.3.0
2026-04-17T02:51:28.2591143Z Fetching i18n 1.12.0
2026-04-17T02:51:28.3151276Z Installing i18n 1.12.0
2026-04-17T02:51:28.3324997Z Fetching tzinfo 2.0.6
2026-04-17T02:51:28.3898229Z Installing tzinfo 2.0.6
2026-04-17T02:51:28.4097795Z Fetching rspec-core 3.10.1
2026-04-17T02:51:28.5001045Z Installing rspec-core 3.10.1
2026-04-17T02:51:28.5416916Z Fetching rspec-expectations 3.10.1
2026-04-17T02:51:28.6182014Z Installing rspec-expectations 3.10.1
2026-04-17T02:51:28.6477579Z Fetching rspec-mocks 3.10.1
2026-04-17T02:51:28.7217006Z Installing rspec-mocks 3.10.1
2026-04-17T02:51:28.7381052Z Fetching faraday-retry 2.0.0
2026-04-17T02:51:28.7888079Z Installing faraday-retry 2.0.0
2026-04-17T02:51:28.7974879Z Fetching sawyer 0.9.2
2026-04-17T02:51:28.8690928Z Installing sawyer 0.9.2
2026-04-17T02:51:28.8827611Z Fetching activesupport 6.1.7.3
2026-04-17T02:51:28.9397789Z Fetching rspec 3.10.0
2026-04-17T02:51:28.9843576Z Installing rspec 3.10.0
2026-04-17T02:51:28.9914248Z Installing activesupport 6.1.7.3
2026-04-17T02:51:28.9984204Z Fetching octokit 4.25.0
2026-04-17T02:51:29.0605482Z Installing octokit 4.25.0
2026-04-17T02:51:29.1204292Z Fetching parser 3.2.2.4
2026-04-17T02:51:29.2585047Z Installing parser 3.2.2.4
2026-04-17T02:51:29.3676839Z Fetching rubocop-ast 1.30.0
2026-04-17T02:51:29.4209329Z Installing rubocop-ast 1.30.0
2026-04-17T02:51:30.7835534Z Fetching rubocop 1.57.2
2026-04-17T02:51:30.8948143Z Installing rubocop 1.57.2
2026-04-17T02:51:31.0480138Z Fetching rubocop-performance 1.19.1
2026-04-17T02:51:31.0482780Z Fetching standard-custom 1.0.2
2026-04-17T02:51:31.1159954Z Installing standard-custom 1.0.2
2026-04-17T02:51:31.1246103Z Installing rubocop-performance 1.19.1
2026-04-17T02:51:31.1385773Z Fetching standard-performance 1.2.1
2026-04-17T02:51:31.1852103Z Installing standard-performance 1.2.1
2026-04-17T02:51:31.1922418Z Fetching standard 1.32.1
2026-04-17T02:51:31.2481479Z Installing standard 1.32.1
2026-04-17T02:51:31.2698067Z Bundle complete! 6 Gemfile dependencies, 40 gems now installed.
2026-04-17T02:51:31.2699641Z Use `bundle info [gemname]` to see where a bundled gem is installed.
2026-04-17T02:51:31.3195541Z ##[group]Run ruby entrypoint.rb
2026-04-17T02:51:31.3195810Z [36;1mruby entrypoint.rb[0m
2026-04-17T02:51:31.3217180Z shell: /usr/bin/bash --noprofile --norc -e -o pipefail {0}
2026-04-17T02:51:31.3217501Z env:
2026-04-17T02:51:31.3217661Z   WAIT_INTERVAL: 30
2026-04-17T02:51:31.3217867Z   ALLOWED_CONCLUSIONS: success,skipped
2026-04-17T02:51:31.3218105Z   IGNORE_CHECKS: 
2026-04-17T02:51:31.3218279Z   CHECK_NAME: 
2026-04-17T02:51:31.3218435Z   CHECK_REGEXP: 
2026-04-17T02:51:31.3218632Z   REF: 53b912bf747639836eb563d11c788a62dae03e08
2026-04-17T02:51:31.3219078Z   REPO_TOKEN: ***
2026-04-17T02:51:31.3219256Z   VERBOSE: true
2026-04-17T02:51:31.3219442Z   RUNNING_WORKFLOW_NAME: Auto-merge
2026-04-17T02:51:31.3219669Z   API_ENDPOINT: 
2026-04-17T02:51:31.3219845Z ##[endgroup]
2026-04-17T02:53:33.4513306Z Checks running on ref:
2026-04-17T02:53:33.4516545Z Checks completed: Version Bump, Build & Firebase Distribute, autofix, capture-failure-log, capture-failure-log, Version Bump, Build & Firebase Distribute, lint-and-test, autofix, Auto-merge
2026-04-17T02:53:33.4519683Z Checks in_progress: lint-and-test, Auto-merge
2026-04-17T02:53:33.4520218Z Checks after ignore checks filter:
2026-04-17T02:53:33.4521445Z Checks completed: Version Bump, Build & Firebase Distribute, autofix, capture-failure-log, capture-failure-log, Version Bump, Build & Firebase Distribute, lint-and-test, autofix
2026-04-17T02:53:33.4522660Z Checks in_progress: lint-and-test
2026-04-17T02:53:33.4523217Z Checks after check_name filter:
2026-04-17T02:53:33.4524388Z Checks completed: Version Bump, Build & Firebase Distribute, autofix, capture-failure-log, capture-failure-log, Version Bump, Build & Firebase Distribute, lint-and-test, autofix
2026-04-17T02:53:33.4525615Z Checks in_progress: lint-and-test
2026-04-17T02:53:33.4526072Z Checks after Regexp filter:
2026-04-17T02:53:33.4527462Z Checks completed: Version Bump, Build & Firebase Distribute, autofix, capture-failure-log, capture-failure-log, Version Bump, Build & Firebase Distribute, lint-and-test, autofix
2026-04-17T02:53:33.4528718Z Checks in_progress: lint-and-test
2026-04-17T02:53:33.4529314Z The requested checks aren't complete yet, will check back in 30 seconds...
2026-04-17T02:53:33.4529941Z Checks running on ref:
2026-04-17T02:53:33.4531166Z Checks completed: Version Bump, Build & Firebase Distribute, autofix, capture-failure-log, capture-failure-log, Version Bump, Build & Firebase Distribute, lint-and-test, autofix, Auto-merge
2026-04-17T02:53:33.4532606Z Checks in_progress: lint-and-test, Auto-merge
2026-04-17T02:53:33.4533124Z Checks after ignore checks filter:
2026-04-17T02:53:33.4534412Z Checks completed: Version Bump, Build & Firebase Distribute, autofix, capture-failure-log, capture-failure-log, Version Bump, Build & Firebase Distribute, lint-and-test, autofix
2026-04-17T02:53:33.4535706Z Checks in_progress: lint-and-test
2026-04-17T02:53:33.4536160Z Checks after check_name filter:
2026-04-17T02:53:33.4537615Z Checks completed: Version Bump, Build & Firebase Distribute, autofix, capture-failure-log, capture-failure-log, Version Bump, Build & Firebase Distribute, lint-and-test, autofix
2026-04-17T02:53:33.4538984Z Checks in_progress: lint-and-test
2026-04-17T02:53:33.4539428Z Checks after Regexp filter:
2026-04-17T02:53:33.4540746Z Checks completed: Version Bump, Build & Firebase Distribute, autofix, capture-failure-log, capture-failure-log, Version Bump, Build & Firebase Distribute, lint-and-test, autofix
2026-04-17T02:53:33.4542396Z Checks in_progress: lint-and-test
2026-04-17T02:53:33.4543171Z The requested checks aren't complete yet, will check back in 30 seconds...
2026-04-17T02:53:33.4543962Z Checks running on ref:
2026-04-17T02:53:33.4545488Z Checks completed: Version Bump, Build & Firebase Distribute, autofix, capture-failure-log, capture-failure-log, Version Bump, Build & Firebase Distribute, lint-and-test, autofix, Auto-merge
2026-04-17T02:53:33.4547427Z Checks in_progress: lint-and-test, Auto-merge
2026-04-17T02:53:33.4548841Z Checks after ignore checks filter:
2026-04-17T02:53:33.4550408Z Checks completed: Version Bump, Build & Firebase Distribute, autofix, capture-failure-log, capture-failure-log, Version Bump, Build & Firebase Distribute, lint-and-test, autofix
2026-04-17T02:53:33.4551833Z Checks in_progress: lint-and-test
2026-04-17T02:53:33.4552235Z Checks after check_name filter:
2026-04-17T02:53:33.4553410Z Checks completed: Version Bump, Build & Firebase Distribute, autofix, capture-failure-log, capture-failure-log, Version Bump, Build & Firebase Distribute, lint-and-test, autofix
2026-04-17T02:53:33.4554711Z Checks in_progress: lint-and-test
2026-04-17T02:53:33.4555091Z Checks after Regexp filter:
2026-04-17T02:53:33.4556205Z Checks completed: Version Bump, Build & Firebase Distribute, autofix, capture-failure-log, capture-failure-log, Version Bump, Build & Firebase Distribute, lint-and-test, autofix
2026-04-17T02:53:33.4557330Z Checks in_progress: lint-and-test
2026-04-17T02:53:33.4557816Z The requested checks aren't complete yet, will check back in 30 seconds...
2026-04-17T02:53:33.4558303Z Checks running on ref:
2026-04-17T02:53:33.4559139Z Checks completed: Version Bump, Build & Firebase Distribute, autofix, capture-failure-log, capture-failure-log, Version Bump, Build & Firebase Distribute, lint-and-test, autofix, Auto-merge
2026-04-17T02:53:33.4560044Z Checks in_progress: lint-and-test, Auto-merge
2026-04-17T02:53:33.4560437Z Checks after ignore checks filter:
2026-04-17T02:53:33.4561250Z Checks completed: Version Bump, Build & Firebase Distribute, autofix, capture-failure-log, capture-failure-log, Version Bump, Build & Firebase Distribute, lint-and-test, autofix
2026-04-17T02:53:33.4562079Z Checks in_progress: lint-and-test
2026-04-17T02:53:33.4562440Z Checks after check_name filter:
2026-04-17T02:53:33.4563248Z Checks completed: Version Bump, Build & Firebase Distribute, autofix, capture-failure-log, capture-failure-log, Version Bump, Build & Firebase Distribute, lint-and-test, autofix
2026-04-17T02:53:33.4564087Z Checks in_progress: lint-and-test
2026-04-17T02:53:33.4564475Z Checks after Regexp filter:
2026-04-17T02:53:33.4565254Z Checks completed: Version Bump, Build & Firebase Distribute, autofix, capture-failure-log, capture-failure-log, Version Bump, Build & Firebase Distribute, lint-and-test, autofix
2026-04-17T02:53:33.4566069Z Checks in_progress: lint-and-test
2026-04-17T02:53:33.4566524Z The requested checks aren't complete yet, will check back in 30 seconds...
2026-04-17T02:53:33.4567213Z Checks running on ref:
2026-04-17T02:53:33.4568270Z Checks completed: firebase-distribute, capture-failure-log, Version Bump, Build & Firebase Distribute, lint-and-test, autofix, capture-failure-log, capture-failure-log, Version Bump, Build & Firebase Distribute, lint-and-test, autofix, Auto-merge
2026-04-17T02:53:33.4569394Z Checks in_progress: Auto-merge
2026-04-17T02:53:33.4569744Z Checks after ignore checks filter:
2026-04-17T02:53:33.4570761Z Checks completed: firebase-distribute, capture-failure-log, Version Bump, Build & Firebase Distribute, lint-and-test, autofix, capture-failure-log, capture-failure-log, Version Bump, Build & Firebase Distribute, lint-and-test, autofix
2026-04-17T02:53:33.4571805Z Checks after check_name filter:
2026-04-17T02:53:33.4572814Z Checks completed: firebase-distribute, capture-failure-log, Version Bump, Build & Firebase Distribute, lint-and-test, autofix, capture-failure-log, capture-failure-log, Version Bump, Build & Firebase Distribute, lint-and-test, autofix
2026-04-17T02:53:33.4573840Z Checks after Regexp filter:
2026-04-17T02:53:33.4574841Z Checks completed: firebase-distribute, capture-failure-log, Version Bump, Build & Firebase Distribute, lint-and-test, autofix, capture-failure-log, capture-failure-log, Version Bump, Build & Firebase Distribute, lint-and-test, autofix
2026-04-17T02:53:33.4575872Z Checks completed:
2026-04-17T02:53:33.4576204Z firebase-distribute: completed (skipped)
2026-04-17T02:53:33.4576774Z capture-failure-log: completed (success)
2026-04-17T02:53:33.4577364Z Version Bump, Build & Firebase Distribute: completed (skipped)
2026-04-17T02:53:33.4577917Z lint-and-test: completed (failure)
2026-04-17T02:53:33.4578296Z autofix: completed (failure)
2026-04-17T02:53:33.4578666Z capture-failure-log: completed (skipped)
2026-04-17T02:53:33.4579054Z capture-failure-log: completed (skipped)
2026-04-17T02:53:33.4579492Z Version Bump, Build & Firebase Distribute: completed (skipped)
2026-04-17T02:53:33.4579946Z lint-and-test: completed (success)
2026-04-17T02:53:33.4580308Z autofix: completed (success)
2026-04-17T02:53:33.4581036Z The conclusion of one or more checks were not allowed. Allowed conclusions are: success, skipped. This can be configured with the 'allowed-conclusions' param.
2026-04-17T02:53:33.4604583Z ##[error]Process completed with exit code 1.
2026-04-17T02:53:33.4721290Z Post job cleanup.
2026-04-17T02:53:33.4774694Z Cleaning up orphan processes
2026-04-17T02:53:33.5019042Z ##[warning]Node.js 20 actions are deprecated. The following actions are running on Node.js 20 and may not work as expected: actions/cache@v4. Actions will be forced to run with Node.js 24 by default starting June 2nd, 2026. Node.js 20 will be removed from the runner on September 16th, 2026. Please check if updated versions of these actions are available that support Node.js 24. To opt into Node.js 24 now, set the FORCE_JAVASCRIPT_ACTIONS_TO_NODE24=true environment variable on the runner or in your workflow file. Once Node.js 24 becomes the default, you can temporarily opt out by setting ACTIONS_ALLOW_USE_UNSECURE_NODE_VERSION=true. For more information see: https://github.blog/changelog/2025-09-19-deprecation-of-node-20-on-github-actions-runners/
