=== CI FAILURE ===
Workflow:      Auto-merge & Release
Workflow file: averycorp/prismTask/.github/workflows/auto-merge.yml@refs/pull/899/merge
Job(s):        Auto-merge
Run ID:        25042154065
Run attempt:   1
Run URL:       https://github.com/averycorp/prismTask/actions/runs/25042154065
Commit:        1330808ddd73d64f6308d8fb8990076a2daf4aa1
Branch:        899/merge
Event:         pull_request
Actor:         akarlin3
Runner OS:     Linux
Timestamp:     2026-04-28T08:32:03.940Z

Failed steps:
  - Auto-merge: #4 Wait for all other CI checks to pass

=== FAILED JOB LOG ===

--- Job: Auto-merge (id 73347834013) ---
2026-04-28T08:24:07.1425093Z Current runner version: '2.333.1'
2026-04-28T08:24:07.1451135Z ##[group]Runner Image Provisioner
2026-04-28T08:24:07.1451945Z Hosted Compute Agent
2026-04-28T08:24:07.1452646Z Version: 20260213.493
2026-04-28T08:24:07.1453309Z Commit: 5c115507f6dd24b8de37d8bbe0bb4509d0cc0fa3
2026-04-28T08:24:07.1453962Z Build Date: 2026-02-13T00:28:41Z
2026-04-28T08:24:07.1454715Z Worker ID: {d0de54d9-1aac-4ded-9d50-56bc78ab83bc}
2026-04-28T08:24:07.1455375Z Azure Region: centralus
2026-04-28T08:24:07.1455947Z ##[endgroup]
2026-04-28T08:24:07.1457798Z ##[group]Operating System
2026-04-28T08:24:07.1458365Z Ubuntu
2026-04-28T08:24:07.1458879Z 24.04.4
2026-04-28T08:24:07.1459429Z LTS
2026-04-28T08:24:07.1459949Z ##[endgroup]
2026-04-28T08:24:07.1460453Z ##[group]Runner Image
2026-04-28T08:24:07.1461054Z Image: ubuntu-24.04
2026-04-28T08:24:07.1461640Z Version: 20260413.86.1
2026-04-28T08:24:07.1462842Z Included Software: https://github.com/actions/runner-images/blob/ubuntu24/20260413.86/images/ubuntu/Ubuntu2404-Readme.md
2026-04-28T08:24:07.1464337Z Image Release: https://github.com/actions/runner-images/releases/tag/ubuntu24%2F20260413.86
2026-04-28T08:24:07.1465303Z ##[endgroup]
2026-04-28T08:24:07.1466913Z ##[group]GITHUB_TOKEN Permissions
2026-04-28T08:24:07.1469174Z Actions: read
2026-04-28T08:24:07.1469827Z Checks: read
2026-04-28T08:24:07.1470361Z Contents: write
2026-04-28T08:24:07.1470854Z Metadata: read
2026-04-28T08:24:07.1471439Z PullRequests: write
2026-04-28T08:24:07.1472019Z ##[endgroup]
2026-04-28T08:24:07.1474029Z Secret source: Actions
2026-04-28T08:24:07.1475030Z Prepare workflow directory
2026-04-28T08:24:07.1862022Z Prepare all required actions
2026-04-28T08:24:07.1902739Z Getting action download info
2026-04-28T08:24:07.5793266Z Download action repository 'lewagon/wait-on-check-action@ccfb013c15c8afb7bf2b7c028fb74dc5a068cccc' (SHA:ccfb013c15c8afb7bf2b7c028fb74dc5a068cccc)
2026-04-28T08:24:08.2639116Z Getting action download info
2026-04-28T08:24:08.5042713Z Download action repository 'ruby/setup-ruby@v1' (SHA:c4e5b1316158f92e3d49443a9d58b31d25ac0f8f)
2026-04-28T08:24:09.0448394Z Download action repository 'actions/cache@v4' (SHA:0057852bfaa89a56745cba8c7296529d2fc39830)
2026-04-28T08:24:09.1988656Z Complete job name: Auto-merge
2026-04-28T08:24:09.2655317Z ##[group]Run set -euo pipefail
2026-04-28T08:24:09.2656443Z [36;1mset -euo pipefail[0m
2026-04-28T08:24:09.2658071Z [36;1m# Audit item #5 — poll check-runs for up to 60s instead of a bare[0m
2026-04-28T08:24:09.2659821Z [36;1m# 20s sleep. On a busy runner cohort the initial 20s wasn't enough[0m
2026-04-28T08:24:09.2661556Z [36;1m# for the API to reflect queued workflow runs, which could merge[0m
2026-04-28T08:24:09.2663260Z [36;1m# PRs without waiting for CI. Bail out early as soon as ≥1 real[0m
2026-04-28T08:24:09.2664635Z [36;1m# check shows up.[0m
2026-04-28T08:24:09.2665524Z [36;1mCOUNT=0[0m
2026-04-28T08:24:09.2666306Z [36;1mfor i in $(seq 1 6); do[0m
2026-04-28T08:24:09.2667359Z [36;1m  sleep 10[0m
2026-04-28T08:24:09.2668475Z [36;1m  COUNT=$(gh api "repos/$REPO/commits/$HEAD_SHA/check-runs" \[0m
2026-04-28T08:24:09.2670133Z [36;1m    --jq '[.check_runs[] | select(.name != "Auto-merge")] | length')[0m
2026-04-28T08:24:09.2671570Z [36;1m  if [ "$COUNT" -gt 0 ]; then[0m
2026-04-28T08:24:09.2672839Z [36;1m    echo "Found $COUNT non-Auto-merge check(s) after ${i}0s"[0m
2026-04-28T08:24:09.2674112Z [36;1m    break[0m
2026-04-28T08:24:09.2674872Z [36;1m  fi[0m
2026-04-28T08:24:09.2675816Z [36;1m  echo "No non-Auto-merge checks yet (attempt $i/6)"[0m
2026-04-28T08:24:09.2677105Z [36;1mdone[0m
2026-04-28T08:24:09.2677878Z [36;1mif [ "$COUNT" -gt 0 ]; then[0m
2026-04-28T08:24:09.2678943Z [36;1m  echo "has_ci=true" >> "$GITHUB_OUTPUT"[0m
2026-04-28T08:24:09.2679997Z [36;1melse[0m
2026-04-28T08:24:09.2680827Z [36;1m  echo "has_ci=false" >> "$GITHUB_OUTPUT"[0m
2026-04-28T08:24:09.2682280Z [36;1m  echo "No CI checks on this PR after 60s — will merge without waiting."[0m
2026-04-28T08:24:09.2683642Z [36;1mfi[0m
2026-04-28T08:24:09.2711953Z shell: /usr/bin/bash -e {0}
2026-04-28T08:24:09.2713076Z env:
2026-04-28T08:24:09.2713801Z   WAIT_INTERVAL: 15
2026-04-28T08:24:09.2715061Z   GH_TOKEN: ***
2026-04-28T08:24:09.2715972Z   HEAD_SHA: 7055968537d58e909aa380f1aa93ccbc7aeea138
2026-04-28T08:24:09.2717315Z   REPO: averycorp/prismTask
2026-04-28T08:24:09.2718174Z ##[endgroup]
2026-04-28T08:24:19.8588577Z Found 9 non-Auto-merge check(s) after 10s
2026-04-28T08:24:19.8696886Z ##[group]Run set -euo pipefail
2026-04-28T08:24:19.8697225Z [36;1mset -euo pipefail[0m
2026-04-28T08:24:19.8697636Z [36;1mREQUIRED=$(gh api "repos/$REPO/branches/main/protection/required_status_checks" \[0m
2026-04-28T08:24:19.8698096Z [36;1m  --jq '.contexts[]' 2>/dev/null || true)[0m
2026-04-28T08:24:19.8698396Z [36;1mif [ -z "$REQUIRED" ]; then[0m
2026-04-28T08:24:19.8698897Z [36;1m  echo "::warning::Could not query branch protection (likely a permission issue) — using hardcoded fallback list."[0m
2026-04-28T08:24:19.8699418Z [36;1m  REQUIRED="$FALLBACK_REQUIRED"[0m
2026-04-28T08:24:19.8699685Z [36;1mfi[0m
2026-04-28T08:24:19.8699954Z [36;1m# Strip Auto-merge from the required list so we don't wait on[0m
2026-04-28T08:24:19.8700365Z [36;1m# ourselves (it's listed because we ARE the running workflow).[0m
2026-04-28T08:24:19.8700845Z [36;1mREQUIRED=$(echo "$REQUIRED" | grep -vE '^\s*Auto-merge\s*$' | grep -vE '^\s*$' || true)[0m
2026-04-28T08:24:19.8701276Z [36;1mif [ -z "$REQUIRED" ]; then[0m
2026-04-28T08:24:19.8701607Z [36;1m  echo "No required checks beyond Auto-merge; skipping queue wait."[0m
2026-04-28T08:24:19.8701966Z [36;1m  exit 0[0m
2026-04-28T08:24:19.8702177Z [36;1mfi[0m
2026-04-28T08:24:19.8702456Z [36;1mecho "Waiting until these required checks queue:"[0m
2026-04-28T08:24:19.8702771Z [36;1mecho "$REQUIRED" | sed 's/^/  /'[0m
2026-04-28T08:24:19.8703116Z [36;1m# Audit PR #876 → CI pathway efficiency: this loop was burning[0m
2026-04-28T08:24:19.8703528Z [36;1m# ~315s/PR (PR #874 run 25035518360 + PR #873 run 25035513300)[0m
2026-04-28T08:24:19.8703921Z [36;1m# while underlying required checks were observably complete in[0m
2026-04-28T08:24:19.8704330Z [36;1m# ~30s. Mean job wall-clock was 343s with std-dev ~7s across 10[0m
2026-04-28T08:24:19.8704736Z [36;1m# runs — i.e. the loop almost always ran to its 5-minute ceiling.[0m
2026-04-28T08:24:19.8705122Z [36;1m# Two compensating mitigations + diagnostics:[0m
2026-04-28T08:24:19.8705400Z [36;1m#[0m
2026-04-28T08:24:19.8705675Z [36;1m#   (a) Cap dropped 30 → 18 attempts at 5s interval = 90s ceiling[0m
2026-04-28T08:24:19.8706111Z [36;1m#       (still > 2× the 43s race window from PR #804).[0m
2026-04-28T08:24:19.8706500Z [36;1m#   (b) Poll interval dropped 10s → 5s for faster detection.[0m
2026-04-28T08:24:19.8707047Z [36;1m#   (c) Per-iteration diagnostic prints MISSING + visible CHECK_RUNS[0m
2026-04-28T08:24:19.8707519Z [36;1m#       so future investigation can pinpoint the matching mismatch[0m
2026-04-28T08:24:19.8707956Z [36;1m#       (the immediate root-cause was not yet identified — the[0m
2026-04-28T08:24:19.8708376Z [36;1m#       MISSING list never empties even though CHECK_RUNS clearly[0m
2026-04-28T08:24:19.8708788Z [36;1m#       contains every REQUIRED name. Likely a trim/encoding edge[0m
2026-04-28T08:24:19.8709253Z [36;1m#       case in the comparison loop, but observability beats[0m
2026-04-28T08:24:19.8709600Z [36;1m#       guessing).[0m
2026-04-28T08:24:19.8709848Z [36;1mfor attempt in $(seq 1 18); do[0m
2026-04-28T08:24:19.8710225Z [36;1m  CHECK_RUNS=$(gh api --paginate "repos/$REPO/commits/$HEAD_SHA/check-runs" \[0m
2026-04-28T08:24:19.8710632Z [36;1m    --jq '.check_runs[].name' | sort -u)[0m
2026-04-28T08:24:19.8710901Z [36;1m  MISSING=""[0m
2026-04-28T08:24:19.8711112Z [36;1m  while IFS= read -r req; do[0m
2026-04-28T08:24:19.8711359Z [36;1m    [ -z "$req" ] && continue[0m
2026-04-28T08:24:19.8711623Z [36;1m    req_trimmed=$(echo "$req" | xargs)[0m
2026-04-28T08:24:19.8711943Z [36;1m    if ! echo "$CHECK_RUNS" | grep -qxF "$req_trimmed"; then[0m
2026-04-28T08:24:19.8712466Z [36;1m      MISSING="$MISSING $req_trimmed"[0m
2026-04-28T08:24:19.8712734Z [36;1m    fi[0m
2026-04-28T08:24:19.8712928Z [36;1m  done <<< "$REQUIRED"[0m
2026-04-28T08:24:19.8713169Z [36;1m  if [ -z "$MISSING" ]; then[0m
2026-04-28T08:24:19.8713551Z [36;1m    echo "All required checks have queued after attempt $attempt (~$((attempt * 5))s)."[0m
2026-04-28T08:24:19.8714109Z [36;1m    exit 0[0m
2026-04-28T08:24:19.8714306Z [36;1m  fi[0m
2026-04-28T08:24:19.8714550Z [36;1m  echo "Attempt $attempt/18 — still missing:$MISSING"[0m
2026-04-28T08:24:19.8714981Z [36;1m  echo "  Visible check-runs: $(echo "$CHECK_RUNS" | tr '\n' ',' | sed 's/,$//')"[0m
2026-04-28T08:24:19.8715354Z [36;1m  sleep 5[0m
2026-04-28T08:24:19.8715546Z [36;1mdone[0m
2026-04-28T08:24:19.8715995Z [36;1mecho "::warning::Some required checks never queued after 90s:$MISSING — proceeding to wait-on-check-action anyway."[0m
2026-04-28T08:24:19.8738802Z shell: /usr/bin/bash -e {0}
2026-04-28T08:24:19.8739046Z env:
2026-04-28T08:24:19.8739232Z   WAIT_INTERVAL: 15
2026-04-28T08:24:19.8739683Z   GH_TOKEN: ***
2026-04-28T08:24:19.8739912Z   HEAD_SHA: 7055968537d58e909aa380f1aa93ccbc7aeea138
2026-04-28T08:24:19.8740205Z   REPO: averycorp/prismTask
2026-04-28T08:24:19.8740556Z   FALLBACK_REQUIRED: lint-and-test
connected-tests
test
web-lint-and-test

2026-04-28T08:24:19.8740921Z ##[endgroup]
2026-04-28T08:24:20.1230843Z Waiting until these required checks queue:
2026-04-28T08:24:20.1247799Z   {"message":"Resource not accessible by integration","documentation_url":"https://docs.github.com/rest/branches/branch-protection#get-status-checks-protection","status":"403"}
2026-04-28T08:24:20.6669836Z Attempt 1/18 — still missing: {message:Resource not accessible by integration,documentation_url:https://docs.github.com/rest/branches/branch-protection#get-status-checks-protection,status:403}
2026-04-28T08:24:20.6691745Z   Visible check-runs: Auto-merge,autofix,capture-failure-log,connected-tests,cross-device-tests,e2e,lint-and-test,maybe-label,test,web-lint-and-test
2026-04-28T08:24:26.2528844Z Attempt 2/18 — still missing: {message:Resource not accessible by integration,documentation_url:https://docs.github.com/rest/branches/branch-protection#get-status-checks-protection,status:403}
2026-04-28T08:24:26.2551600Z   Visible check-runs: Auto-merge,autofix,capture-failure-log,connected-tests,cross-device-tests,e2e,lint-and-test,maybe-label,test,web-lint-and-test
2026-04-28T08:24:31.8323464Z Attempt 3/18 — still missing: {message:Resource not accessible by integration,documentation_url:https://docs.github.com/rest/branches/branch-protection#get-status-checks-protection,status:403}
2026-04-28T08:24:31.8345092Z   Visible check-runs: Auto-merge,autofix,capture-failure-log,connected-tests,cross-device-tests,e2e,lint-and-test,maybe-label,test,web-lint-and-test
2026-04-28T08:24:37.4114189Z Attempt 4/18 — still missing: {message:Resource not accessible by integration,documentation_url:https://docs.github.com/rest/branches/branch-protection#get-status-checks-protection,status:403}
2026-04-28T08:24:37.4136224Z   Visible check-runs: Auto-merge,autofix,capture-failure-log,connected-tests,cross-device-tests,e2e,lint-and-test,maybe-label,test,web-lint-and-test
2026-04-28T08:24:43.0042139Z Attempt 5/18 — still missing: {message:Resource not accessible by integration,documentation_url:https://docs.github.com/rest/branches/branch-protection#get-status-checks-protection,status:403}
2026-04-28T08:24:43.0066186Z   Visible check-runs: Auto-merge,autofix,capture-failure-log,connected-tests,cross-device-tests,e2e,lint-and-test,maybe-label,test,web-lint-and-test
2026-04-28T08:24:48.5892509Z Attempt 6/18 — still missing: {message:Resource not accessible by integration,documentation_url:https://docs.github.com/rest/branches/branch-protection#get-status-checks-protection,status:403}
2026-04-28T08:24:48.5913259Z   Visible check-runs: Auto-merge,autofix,capture-failure-log,connected-tests,cross-device-tests,e2e,lint-and-test,maybe-label,test,web-lint-and-test
2026-04-28T08:24:54.2558493Z Attempt 7/18 — still missing: {message:Resource not accessible by integration,documentation_url:https://docs.github.com/rest/branches/branch-protection#get-status-checks-protection,status:403}
2026-04-28T08:24:54.2579475Z   Visible check-runs: Auto-merge,autofix,capture-failure-log,connected-tests,cross-device-tests,e2e,lint-and-test,maybe-label,test,web-lint-and-test
2026-04-28T08:24:59.7819618Z Attempt 8/18 — still missing: {message:Resource not accessible by integration,documentation_url:https://docs.github.com/rest/branches/branch-protection#get-status-checks-protection,status:403}
2026-04-28T08:24:59.7844381Z   Visible check-runs: Auto-merge,autofix,capture-failure-log,connected-tests,cross-device-tests,e2e,lint-and-test,maybe-label,test,web-lint-and-test
2026-04-28T08:25:05.4179891Z Attempt 9/18 — still missing: {message:Resource not accessible by integration,documentation_url:https://docs.github.com/rest/branches/branch-protection#get-status-checks-protection,status:403}
2026-04-28T08:25:05.4201657Z   Visible check-runs: Auto-merge,autofix,capture-failure-log,connected-tests,cross-device-tests,e2e,lint-and-test,maybe-label,test,web-lint-and-test
2026-04-28T08:25:10.9328371Z Attempt 10/18 — still missing: {message:Resource not accessible by integration,documentation_url:https://docs.github.com/rest/branches/branch-protection#get-status-checks-protection,status:403}
2026-04-28T08:25:10.9354696Z   Visible check-runs: Auto-merge,autofix,capture-failure-log,connected-tests,cross-device-tests,e2e,lint-and-test,maybe-label,test,web-lint-and-test
2026-04-28T08:25:16.4552460Z Attempt 11/18 — still missing: {message:Resource not accessible by integration,documentation_url:https://docs.github.com/rest/branches/branch-protection#get-status-checks-protection,status:403}
2026-04-28T08:25:16.4579118Z   Visible check-runs: Auto-merge,autofix,capture-failure-log,connected-tests,cross-device-tests,e2e,lint-and-test,maybe-label,test,web-lint-and-test
2026-04-28T08:25:22.0270389Z Attempt 12/18 — still missing: {message:Resource not accessible by integration,documentation_url:https://docs.github.com/rest/branches/branch-protection#get-status-checks-protection,status:403}
2026-04-28T08:25:22.0293612Z   Visible check-runs: Auto-merge,autofix,capture-failure-log,connected-tests,cross-device-tests,e2e,lint-and-test,maybe-label,test,web-lint-and-test
2026-04-28T08:25:27.6426046Z Attempt 13/18 — still missing: {message:Resource not accessible by integration,documentation_url:https://docs.github.com/rest/branches/branch-protection#get-status-checks-protection,status:403}
2026-04-28T08:25:27.6448523Z   Visible check-runs: Auto-merge,autofix,capture-failure-log,connected-tests,cross-device-tests,e2e,lint-and-test,maybe-label,test,web-lint-and-test
2026-04-28T08:25:33.2175617Z Attempt 14/18 — still missing: {message:Resource not accessible by integration,documentation_url:https://docs.github.com/rest/branches/branch-protection#get-status-checks-protection,status:403}
2026-04-28T08:25:33.2198486Z   Visible check-runs: Auto-merge,autofix,capture-failure-log,connected-tests,cross-device-tests,e2e,lint-and-test,maybe-label,test,web-lint-and-test
2026-04-28T08:25:38.7789774Z Attempt 15/18 — still missing: {message:Resource not accessible by integration,documentation_url:https://docs.github.com/rest/branches/branch-protection#get-status-checks-protection,status:403}
2026-04-28T08:25:38.7812212Z   Visible check-runs: Auto-merge,autofix,capture-failure-log,connected-tests,cross-device-tests,e2e,lint-and-test,maybe-label,test,web-lint-and-test
2026-04-28T08:25:44.3390335Z Attempt 16/18 — still missing: {message:Resource not accessible by integration,documentation_url:https://docs.github.com/rest/branches/branch-protection#get-status-checks-protection,status:403}
2026-04-28T08:25:44.3414246Z   Visible check-runs: Auto-merge,autofix,capture-failure-log,connected-tests,cross-device-tests,e2e,lint-and-test,maybe-label,test,web-lint-and-test
2026-04-28T08:25:50.2001089Z Attempt 17/18 — still missing: {message:Resource not accessible by integration,documentation_url:https://docs.github.com/rest/branches/branch-protection#get-status-checks-protection,status:403}
2026-04-28T08:25:50.2022960Z   Visible check-runs: Auto-merge,autofix,capture-failure-log,connected-tests,cross-device-tests,e2e,lint-and-test,maybe-label,test,web-lint-and-test
2026-04-28T08:25:55.7630982Z Attempt 18/18 — still missing: {message:Resource not accessible by integration,documentation_url:https://docs.github.com/rest/branches/branch-protection#get-status-checks-protection,status:403}
2026-04-28T08:25:55.7657845Z   Visible check-runs: Auto-merge,autofix,capture-failure-log,connected-tests,cross-device-tests,e2e,lint-and-test,maybe-label,test,web-lint-and-test
2026-04-28T08:26:00.7704520Z ##[warning]Some required checks never queued after 90s: {message:Resource not accessible by integration,documentation_url:https://docs.github.com/rest/branches/branch-protection#get-status-checks-protection,status:403} — proceeding to wait-on-check-action anyway.
2026-04-28T08:26:00.7913885Z ##[group]Run lewagon/wait-on-check-action@ccfb013c15c8afb7bf2b7c028fb74dc5a068cccc
2026-04-28T08:26:00.7914296Z with:
2026-04-28T08:26:00.7914517Z   ref: 7055968537d58e909aa380f1aa93ccbc7aeea138
2026-04-28T08:26:00.7914806Z   running-workflow-name: Auto-merge
2026-04-28T08:26:00.7915271Z   repo-token: ***
2026-04-28T08:26:00.7915472Z   wait-interval: 15
2026-04-28T08:26:00.7915703Z   allowed-conclusions: success,skipped,neutral
2026-04-28T08:26:00.7915968Z   verbose: true
2026-04-28T08:26:00.7916141Z env:
2026-04-28T08:26:00.7916297Z   WAIT_INTERVAL: 15
2026-04-28T08:26:00.7916474Z ##[endgroup]
2026-04-28T08:26:00.8041664Z ##[group]Run ruby/setup-ruby@v1
2026-04-28T08:26:00.8041922Z with:
2026-04-28T08:26:00.8042101Z   ruby-version: 3.2
2026-04-28T08:26:00.8042311Z   bundler-cache: false
2026-04-28T08:26:00.8042646Z   token: ***
2026-04-28T08:26:00.8042820Z env:
2026-04-28T08:26:00.8042986Z   WAIT_INTERVAL: 15
2026-04-28T08:26:00.8043170Z ##[endgroup]
2026-04-28T08:26:00.9463586Z ##[group]Modifying PATH
2026-04-28T08:26:00.9464012Z Entries added to PATH to use selected Ruby:
2026-04-28T08:26:00.9465038Z   /opt/hostedtoolcache/Ruby/3.2.11/x64/bin
2026-04-28T08:26:00.9468657Z ##[endgroup]
2026-04-28T08:26:00.9469401Z ##[group]Print Ruby version
2026-04-28T08:26:00.9535566Z [command]/opt/hostedtoolcache/Ruby/3.2.11/x64/bin/ruby --version
2026-04-28T08:26:01.0903201Z ruby 3.2.11 (2026-03-27 revision 5483bfc1ae) [x86_64-linux]
2026-04-28T08:26:01.0932735Z Took   0.15 seconds
2026-04-28T08:26:01.0933508Z ##[endgroup]
2026-04-28T08:26:01.0934838Z ##[group]Installing Bundler
2026-04-28T08:26:01.0939174Z Using Bundler shipped with ruby-3.2.11
2026-04-28T08:26:01.0940081Z Took   0.00 seconds
2026-04-28T08:26:01.0940761Z ##[endgroup]
2026-04-28T08:26:01.1575427Z ##[group]Run actions/cache@v4
2026-04-28T08:26:01.1575694Z with:
2026-04-28T08:26:01.1576135Z   path: /home/runner/work/_actions/lewagon/wait-on-check-action/ccfb013c15c8afb7bf2b7c028fb74dc5a068cccc
2026-04-28T08:26:01.1577106Z   key: Linux-gems-
2026-04-28T08:26:01.1577336Z   restore-keys: Linux-gems-
2026-04-28T08:26:01.1577584Z   enableCrossOsArchive: false
2026-04-28T08:26:01.1577838Z   fail-on-cache-miss: false
2026-04-28T08:26:01.1578076Z   lookup-only: false
2026-04-28T08:26:01.1578281Z   save-always: false
2026-04-28T08:26:01.1578474Z env:
2026-04-28T08:26:01.1578645Z   WAIT_INTERVAL: 15
2026-04-28T08:26:01.1578839Z ##[endgroup]
2026-04-28T08:26:01.4228349Z Cache not found for input keys: Linux-gems-, Linux-gems-
2026-04-28T08:26:01.4298360Z ##[group]Run bundle install --jobs 4 --retry 3
2026-04-28T08:26:01.4298689Z [36;1mbundle install --jobs 4 --retry 3[0m
2026-04-28T08:26:01.4322621Z shell: /usr/bin/bash --noprofile --norc -e -o pipefail {0}
2026-04-28T08:26:01.4322937Z env:
2026-04-28T08:26:01.4323122Z   WAIT_INTERVAL: 15
2026-04-28T08:26:01.4323314Z ##[endgroup]
2026-04-28T08:26:02.4282527Z Bundler 2.4.19 is running, but your lockfile was generated with 2.2.3. Installing Bundler 2.2.3 and restarting using that version.
2026-04-28T08:26:03.8047821Z Fetching gem metadata from https://rubygems.org/.
2026-04-28T08:26:03.8122964Z Fetching bundler 2.2.3
2026-04-28T08:26:04.0551585Z Installing bundler 2.2.3
2026-04-28T08:26:04.2385904Z Calling `DidYouMean::SPELL_CHECKERS.merge!(error_name => spell_checker)' has been deprecated. Please call `DidYouMean.correct_error(error_name, spell_checker)' instead.
2026-04-28T08:26:05.6224555Z Fetching gem metadata from https://rubygems.org/.........
2026-04-28T08:26:05.6322347Z Fetching concurrent-ruby 1.2.2
2026-04-28T08:26:05.6326850Z Fetching public_suffix 4.0.7
2026-04-28T08:26:05.6331466Z Fetching minitest 5.18.0
2026-04-28T08:26:05.6334570Z Fetching zeitwerk 2.6.7
2026-04-28T08:26:05.7593221Z Installing zeitwerk 2.6.7
2026-04-28T08:26:05.7978801Z Fetching ast 2.4.2
2026-04-28T08:26:05.8260079Z Installing minitest 5.18.0
2026-04-28T08:26:05.8274913Z Installing public_suffix 4.0.7
2026-04-28T08:26:05.8490803Z Installing concurrent-ruby 1.2.2
2026-04-28T08:26:05.8685229Z Using bundler 2.2.3
2026-04-28T08:26:05.8708508Z Fetching byebug 11.1.3
2026-04-28T08:26:05.8715997Z Installing ast 2.4.2
2026-04-28T08:26:05.9037395Z Fetching diff-lcs 1.4.4
2026-04-28T08:26:05.9297307Z Fetching faraday-net_http 2.0.3
2026-04-28T08:26:06.0111919Z Installing faraday-net_http 2.0.3
2026-04-28T08:26:06.0162834Z Installing diff-lcs 1.4.4
2026-04-28T08:26:06.0200993Z Installing byebug 11.1.3 with native extensions
2026-04-28T08:26:06.0264359Z Using ruby2_keywords 0.0.5
2026-04-28T08:26:06.0284883Z Fetching json 2.7.1
2026-04-28T08:26:06.0571566Z Fetching language_server-protocol 3.17.0.3
2026-04-28T08:26:06.1012196Z Fetching lint_roller 1.1.0
2026-04-28T08:26:06.1316823Z Installing json 2.7.1 with native extensions
2026-04-28T08:26:06.1669801Z Installing lint_roller 1.1.0
2026-04-28T08:26:06.1704669Z Installing language_server-protocol 3.17.0.3
2026-04-28T08:26:06.1957464Z Fetching parallel 1.24.0
2026-04-28T08:26:06.2813690Z Installing parallel 1.24.0
2026-04-28T08:26:06.2926284Z Fetching racc 1.7.3
2026-04-28T08:26:06.3525400Z Fetching rainbow 3.1.1
2026-04-28T08:26:06.3915798Z Installing racc 1.7.3 with native extensions
2026-04-28T08:26:06.4149832Z Installing rainbow 3.1.1
2026-04-28T08:26:06.4207033Z Fetching regexp_parser 2.8.3
2026-04-28T08:26:06.5232025Z Installing regexp_parser 2.8.3
2026-04-28T08:26:06.5433912Z Fetching rexml 3.2.6
2026-04-28T08:26:06.6360870Z Installing rexml 3.2.6
2026-04-28T08:26:06.6555552Z Fetching rspec-support 3.10.1
2026-04-28T08:26:06.7345084Z Installing rspec-support 3.10.1
2026-04-28T08:26:06.7469505Z Fetching ruby-progressbar 1.13.0
2026-04-28T08:26:06.8387819Z Installing ruby-progressbar 1.13.0
2026-04-28T08:26:06.8897905Z Fetching unicode-display_width 2.5.0
2026-04-28T08:26:07.0587587Z Installing unicode-display_width 2.5.0
2026-04-28T08:26:07.0663965Z Fetching addressable 2.8.0
2026-04-28T08:26:07.1777845Z Installing addressable 2.8.0
2026-04-28T08:26:07.1986834Z Fetching faraday 2.3.0
2026-04-28T08:26:07.2887671Z Installing faraday 2.3.0
2026-04-28T08:26:07.3086880Z Fetching i18n 1.12.0
2026-04-28T08:26:07.3603414Z Fetching tzinfo 2.0.6
2026-04-28T08:26:07.4473126Z Installing tzinfo 2.0.6
2026-04-28T08:26:07.4537872Z Installing i18n 1.12.0
2026-04-28T08:26:07.4930863Z Fetching rspec-core 3.10.1
2026-04-28T08:26:07.5327761Z Fetching rspec-expectations 3.10.1
2026-04-28T08:26:07.6387567Z Installing rspec-core 3.10.1
2026-04-28T08:26:07.6505224Z Installing rspec-expectations 3.10.1
2026-04-28T08:26:07.7018030Z Fetching rspec-mocks 3.10.1
2026-04-28T08:26:07.7463375Z Fetching parser 3.2.2.4
2026-04-28T08:26:07.8472407Z Installing rspec-mocks 3.10.1
2026-04-28T08:26:07.8665807Z Fetching faraday-retry 2.0.0
2026-04-28T08:26:07.9493300Z Installing faraday-retry 2.0.0
2026-04-28T08:26:07.9593797Z Fetching sawyer 0.9.2
2026-04-28T08:26:08.0367729Z Installing sawyer 0.9.2
2026-04-28T08:26:08.0549121Z Fetching activesupport 6.1.7.3
2026-04-28T08:26:08.1378136Z Installing parser 3.2.2.4
2026-04-28T08:26:08.2088867Z Installing activesupport 6.1.7.3
2026-04-28T08:26:08.3245956Z Fetching rspec 3.10.0
2026-04-28T08:26:08.3492637Z Fetching octokit 4.25.0
2026-04-28T08:26:08.3936224Z Fetching rubocop-ast 1.30.0
2026-04-28T08:26:08.4221249Z Installing rspec 3.10.0
2026-04-28T08:26:08.4505558Z Installing octokit 4.25.0
2026-04-28T08:26:08.4753553Z Installing rubocop-ast 1.30.0
2026-04-28T08:26:09.3052373Z Fetching rubocop 1.57.2
2026-04-28T08:26:09.4578873Z Installing rubocop 1.57.2
2026-04-28T08:26:09.6079522Z Fetching standard-custom 1.0.2
2026-04-28T08:26:09.6080009Z Fetching rubocop-performance 1.19.1
2026-04-28T08:26:09.6974214Z Installing standard-custom 1.0.2
2026-04-28T08:26:09.7156980Z Installing rubocop-performance 1.19.1
2026-04-28T08:26:09.7287854Z Fetching standard-performance 1.2.1
2026-04-28T08:26:09.7834256Z Installing standard-performance 1.2.1
2026-04-28T08:26:09.7900346Z Fetching standard 1.32.1
2026-04-28T08:26:09.8629406Z Installing standard 1.32.1
2026-04-28T08:26:09.8822084Z Bundle complete! 6 Gemfile dependencies, 40 gems now installed.
2026-04-28T08:26:09.8823084Z Use `bundle info [gemname]` to see where a bundled gem is installed.
2026-04-28T08:26:09.9377654Z ##[group]Run ruby entrypoint.rb
2026-04-28T08:26:09.9377949Z [36;1mruby entrypoint.rb[0m
2026-04-28T08:26:09.9400945Z shell: /usr/bin/bash --noprofile --norc -e -o pipefail {0}
2026-04-28T08:26:09.9401266Z env:
2026-04-28T08:26:09.9401437Z   WAIT_INTERVAL: 15
2026-04-28T08:26:09.9401663Z   ALLOWED_CONCLUSIONS: success,skipped,neutral
2026-04-28T08:26:09.9401927Z   IGNORE_CHECKS: 
2026-04-28T08:26:09.9402104Z   CHECK_NAME: 
2026-04-28T08:26:09.9402264Z   CHECK_REGEXP: 
2026-04-28T08:26:09.9402464Z   REF: 7055968537d58e909aa380f1aa93ccbc7aeea138
2026-04-28T08:26:09.9402943Z   REPO_TOKEN: ***
2026-04-28T08:26:09.9403145Z   VERBOSE: true
2026-04-28T08:26:09.9403342Z   RUNNING_WORKFLOW_NAME: Auto-merge
2026-04-28T08:26:09.9403581Z   API_ENDPOINT: 
2026-04-28T08:26:09.9403755Z ##[endgroup]
2026-04-28T08:28:15.5833386Z Checks running on ref:
2026-04-28T08:28:15.5834548Z Checks completed: capture-failure-log, capture-failure-log, e2e, capture-failure-log, cross-device-tests, connected-tests, maybe-label, web-lint-and-test, test
2026-04-28T08:28:15.5835467Z Checks in_progress: autofix, lint-and-test, Auto-merge
2026-04-28T08:28:15.5835900Z Checks after ignore checks filter:
2026-04-28T08:28:15.5837067Z Checks completed: capture-failure-log, capture-failure-log, e2e, capture-failure-log, cross-device-tests, connected-tests, maybe-label, web-lint-and-test, test
2026-04-28T08:28:15.5838116Z Checks in_progress: autofix, lint-and-test
2026-04-28T08:28:15.5838498Z Checks after check_name filter:
2026-04-28T08:28:15.5839423Z Checks completed: capture-failure-log, capture-failure-log, e2e, capture-failure-log, cross-device-tests, connected-tests, maybe-label, web-lint-and-test, test
2026-04-28T08:28:15.5840459Z Checks in_progress: autofix, lint-and-test
2026-04-28T08:28:15.5840827Z Checks after Regexp filter:
2026-04-28T08:28:15.5841771Z Checks completed: capture-failure-log, capture-failure-log, e2e, capture-failure-log, cross-device-tests, connected-tests, maybe-label, web-lint-and-test, test
2026-04-28T08:28:15.5842718Z Checks in_progress: autofix, lint-and-test
2026-04-28T08:28:15.5843237Z The requested checks aren't complete yet, will check back in 15 seconds...
2026-04-28T08:28:15.5843768Z Checks running on ref:
2026-04-28T08:28:15.5844716Z Checks completed: capture-failure-log, capture-failure-log, e2e, capture-failure-log, cross-device-tests, connected-tests, maybe-label, web-lint-and-test, test
2026-04-28T08:28:15.5845843Z Checks in_progress: autofix, lint-and-test, Auto-merge
2026-04-28T08:28:15.5846177Z Checks after ignore checks filter:
2026-04-28T08:28:15.5847030Z Checks completed: capture-failure-log, capture-failure-log, e2e, capture-failure-log, cross-device-tests, connected-tests, maybe-label, web-lint-and-test, test
2026-04-28T08:28:15.5847665Z Checks in_progress: autofix, lint-and-test
2026-04-28T08:28:15.5847910Z Checks after check_name filter:
2026-04-28T08:28:15.5848502Z Checks completed: capture-failure-log, capture-failure-log, e2e, capture-failure-log, cross-device-tests, connected-tests, maybe-label, web-lint-and-test, test
2026-04-28T08:28:15.5849565Z Checks in_progress: autofix, lint-and-test
2026-04-28T08:28:15.5849819Z Checks after Regexp filter:
2026-04-28T08:28:15.5850414Z Checks completed: capture-failure-log, capture-failure-log, e2e, capture-failure-log, cross-device-tests, connected-tests, maybe-label, web-lint-and-test, test
2026-04-28T08:28:15.5851038Z Checks in_progress: autofix, lint-and-test
2026-04-28T08:28:15.5851376Z The requested checks aren't complete yet, will check back in 15 seconds...
2026-04-28T08:28:15.5851718Z Checks running on ref:
2026-04-28T08:28:15.5852276Z Checks completed: capture-failure-log, capture-failure-log, e2e, capture-failure-log, cross-device-tests, connected-tests, maybe-label, web-lint-and-test, test
2026-04-28T08:28:15.5852916Z Checks in_progress: autofix, lint-and-test, Auto-merge
2026-04-28T08:28:15.5853205Z Checks after ignore checks filter:
2026-04-28T08:28:15.5853957Z Checks completed: capture-failure-log, capture-failure-log, e2e, capture-failure-log, cross-device-tests, connected-tests, maybe-label, web-lint-and-test, test
2026-04-28T08:28:15.5854585Z Checks in_progress: autofix, lint-and-test
2026-04-28T08:28:15.5854831Z Checks after check_name filter:
2026-04-28T08:28:15.5855405Z Checks completed: capture-failure-log, capture-failure-log, e2e, capture-failure-log, cross-device-tests, connected-tests, maybe-label, web-lint-and-test, test
2026-04-28T08:28:15.5856012Z Checks in_progress: autofix, lint-and-test
2026-04-28T08:28:15.5856251Z Checks after Regexp filter:
2026-04-28T08:28:15.5857049Z Checks completed: capture-failure-log, capture-failure-log, e2e, capture-failure-log, cross-device-tests, connected-tests, maybe-label, web-lint-and-test, test
2026-04-28T08:28:15.5857685Z Checks in_progress: autofix, lint-and-test
2026-04-28T08:28:15.5858007Z The requested checks aren't complete yet, will check back in 15 seconds...
2026-04-28T08:28:15.5858332Z Checks running on ref:
2026-04-28T08:28:15.5858899Z Checks completed: capture-failure-log, capture-failure-log, e2e, capture-failure-log, cross-device-tests, connected-tests, maybe-label, web-lint-and-test, test
2026-04-28T08:28:15.5859547Z Checks in_progress: autofix, lint-and-test, Auto-merge
2026-04-28T08:28:15.5859832Z Checks after ignore checks filter:
2026-04-28T08:28:15.5860438Z Checks completed: capture-failure-log, capture-failure-log, e2e, capture-failure-log, cross-device-tests, connected-tests, maybe-label, web-lint-and-test, test
2026-04-28T08:28:15.5861056Z Checks in_progress: autofix, lint-and-test
2026-04-28T08:28:15.5861307Z Checks after check_name filter:
2026-04-28T08:28:15.5861889Z Checks completed: capture-failure-log, capture-failure-log, e2e, capture-failure-log, cross-device-tests, connected-tests, maybe-label, web-lint-and-test, test
2026-04-28T08:28:15.5862498Z Checks in_progress: autofix, lint-and-test
2026-04-28T08:28:15.5862742Z Checks after Regexp filter:
2026-04-28T08:28:15.5863324Z Checks completed: capture-failure-log, capture-failure-log, e2e, capture-failure-log, cross-device-tests, connected-tests, maybe-label, web-lint-and-test, test
2026-04-28T08:28:15.5863933Z Checks in_progress: autofix, lint-and-test
2026-04-28T08:28:15.5864262Z The requested checks aren't complete yet, will check back in 15 seconds...
2026-04-28T08:28:15.5864607Z Checks running on ref:
2026-04-28T08:28:15.5865175Z Checks completed: capture-failure-log, capture-failure-log, e2e, capture-failure-log, cross-device-tests, connected-tests, maybe-label, web-lint-and-test, test
2026-04-28T08:28:15.5865819Z Checks in_progress: autofix, lint-and-test, Auto-merge
2026-04-28T08:28:15.5866093Z Checks after ignore checks filter:
2026-04-28T08:28:15.5866844Z Checks completed: capture-failure-log, capture-failure-log, e2e, capture-failure-log, cross-device-tests, connected-tests, maybe-label, web-lint-and-test, test
2026-04-28T08:28:15.5867461Z Checks in_progress: autofix, lint-and-test
2026-04-28T08:28:15.5867698Z Checks after check_name filter:
2026-04-28T08:28:15.5868444Z Checks completed: capture-failure-log, capture-failure-log, e2e, capture-failure-log, cross-device-tests, connected-tests, maybe-label, web-lint-and-test, test
2026-04-28T08:28:15.5869055Z Checks in_progress: autofix, lint-and-test
2026-04-28T08:28:15.5869284Z Checks after Regexp filter:
2026-04-28T08:28:15.5869850Z Checks completed: capture-failure-log, capture-failure-log, e2e, capture-failure-log, cross-device-tests, connected-tests, maybe-label, web-lint-and-test, test
2026-04-28T08:28:15.5870458Z Checks in_progress: autofix, lint-and-test
2026-04-28T08:28:15.5870778Z The requested checks aren't complete yet, will check back in 15 seconds...
2026-04-28T08:28:15.5871237Z Checks running on ref:
2026-04-28T08:28:15.5871836Z Checks completed: capture-failure-log, capture-failure-log, e2e, capture-failure-log, cross-device-tests, connected-tests, maybe-label, web-lint-and-test, test, autofix
2026-04-28T08:28:15.5872504Z Checks in_progress: lint-and-test, Auto-merge
2026-04-28T08:28:15.5873118Z Checks after ignore checks filter:
2026-04-28T08:28:15.5874175Z Checks completed: capture-failure-log, capture-failure-log, e2e, capture-failure-log, cross-device-tests, connected-tests, maybe-label, web-lint-and-test, test, autofix
2026-04-28T08:28:15.5875066Z Checks in_progress: lint-and-test
2026-04-28T08:28:15.5875296Z Checks after check_name filter:
2026-04-28T08:28:15.5875900Z Checks completed: capture-failure-log, capture-failure-log, e2e, capture-failure-log, cross-device-tests, connected-tests, maybe-label, web-lint-and-test, test, autofix
2026-04-28T08:28:15.5876533Z Checks in_progress: lint-and-test
2026-04-28T08:28:15.5876987Z Checks after Regexp filter:
2026-04-28T08:28:15.5877587Z Checks completed: capture-failure-log, capture-failure-log, e2e, capture-failure-log, cross-device-tests, connected-tests, maybe-label, web-lint-and-test, test, autofix
2026-04-28T08:28:15.5878212Z Checks in_progress: lint-and-test
2026-04-28T08:28:15.5878531Z The requested checks aren't complete yet, will check back in 15 seconds...
2026-04-28T08:28:15.5878866Z Checks running on ref:
2026-04-28T08:28:15.5879449Z Checks completed: capture-failure-log, capture-failure-log, e2e, capture-failure-log, cross-device-tests, connected-tests, maybe-label, web-lint-and-test, test, autofix
2026-04-28T08:28:15.5880116Z Checks in_progress: lint-and-test, Auto-merge
2026-04-28T08:28:15.5880385Z Checks after ignore checks filter:
2026-04-28T08:28:15.5881004Z Checks completed: capture-failure-log, capture-failure-log, e2e, capture-failure-log, cross-device-tests, connected-tests, maybe-label, web-lint-and-test, test, autofix
2026-04-28T08:28:15.5881642Z Checks in_progress: lint-and-test
2026-04-28T08:28:15.5881867Z Checks after check_name filter:
2026-04-28T08:28:15.5882481Z Checks completed: capture-failure-log, capture-failure-log, e2e, capture-failure-log, cross-device-tests, connected-tests, maybe-label, web-lint-and-test, test, autofix
2026-04-28T08:28:15.5883121Z Checks in_progress: lint-and-test
2026-04-28T08:28:15.5883352Z Checks after Regexp filter:
2026-04-28T08:28:15.5883949Z Checks completed: capture-failure-log, capture-failure-log, e2e, capture-failure-log, cross-device-tests, connected-tests, maybe-label, web-lint-and-test, test, autofix
2026-04-28T08:28:15.5884580Z Checks in_progress: lint-and-test
2026-04-28T08:28:15.5884894Z The requested checks aren't complete yet, will check back in 15 seconds...
2026-04-28T08:28:15.5885237Z Checks running on ref:
2026-04-28T08:28:15.5885827Z Checks completed: capture-failure-log, capture-failure-log, e2e, capture-failure-log, cross-device-tests, connected-tests, maybe-label, web-lint-and-test, test, autofix
2026-04-28T08:28:15.5886476Z Checks in_progress: lint-and-test, Auto-merge
2026-04-28T08:28:15.5886945Z Checks after ignore checks filter:
2026-04-28T08:28:15.5887574Z Checks completed: capture-failure-log, capture-failure-log, e2e, capture-failure-log, cross-device-tests, connected-tests, maybe-label, web-lint-and-test, test, autofix
2026-04-28T08:28:15.5888214Z Checks in_progress: lint-and-test
2026-04-28T08:28:15.5888887Z Checks after check_name filter:
2026-04-28T08:28:15.5889485Z Checks completed: capture-failure-log, capture-failure-log, e2e, capture-failure-log, cross-device-tests, connected-tests, maybe-label, web-lint-and-test, test, autofix
2026-04-28T08:28:15.5890118Z Checks in_progress: lint-and-test
2026-04-28T08:28:15.5890337Z Checks after Regexp filter:
2026-04-28T08:28:15.5890922Z Checks completed: capture-failure-log, capture-failure-log, e2e, capture-failure-log, cross-device-tests, connected-tests, maybe-label, web-lint-and-test, test, autofix
2026-04-28T08:28:15.5891546Z Checks in_progress: lint-and-test
2026-04-28T08:28:15.5891854Z The requested checks aren't complete yet, will check back in 15 seconds...
2026-04-28T08:28:15.5892179Z Checks running on ref:
2026-04-28T08:30:20.0563438Z Checks completed: capture-failure-log, capture-failure-log, e2e, capture-failure-log, cross-device-tests, connected-tests, maybe-label, web-lint-and-test, test, autofix
2026-04-28T08:30:20.0565350Z Checks in_progress: lint-and-test, Auto-merge
2026-04-28T08:30:20.0565761Z Checks after ignore checks filter:
2026-04-28T08:30:20.0567144Z Checks completed: capture-failure-log, capture-failure-log, e2e, capture-failure-log, cross-device-tests, connected-tests, maybe-label, web-lint-and-test, test, autofix
2026-04-28T08:30:20.0568309Z Checks in_progress: lint-and-test
2026-04-28T08:30:20.0568673Z Checks after check_name filter:
2026-04-28T08:30:20.0569659Z Checks completed: capture-failure-log, capture-failure-log, e2e, capture-failure-log, cross-device-tests, connected-tests, maybe-label, web-lint-and-test, test, autofix
2026-04-28T08:30:20.0570680Z Checks in_progress: lint-and-test
2026-04-28T08:30:20.0571005Z Checks after Regexp filter:
2026-04-28T08:30:20.0571916Z Checks completed: capture-failure-log, capture-failure-log, e2e, capture-failure-log, cross-device-tests, connected-tests, maybe-label, web-lint-and-test, test, autofix
2026-04-28T08:30:20.0572876Z Checks in_progress: lint-and-test
2026-04-28T08:30:20.0573380Z The requested checks aren't complete yet, will check back in 15 seconds...
2026-04-28T08:30:20.0573920Z Checks running on ref:
2026-04-28T08:30:20.0574938Z Checks completed: capture-failure-log, capture-failure-log, e2e, capture-failure-log, cross-device-tests, connected-tests, maybe-label, web-lint-and-test, test, autofix
2026-04-28T08:30:20.0575906Z Checks in_progress: lint-and-test, Auto-merge
2026-04-28T08:30:20.0576173Z Checks after ignore checks filter:
2026-04-28T08:30:20.0577090Z Checks completed: capture-failure-log, capture-failure-log, e2e, capture-failure-log, cross-device-tests, connected-tests, maybe-label, web-lint-and-test, test, autofix
2026-04-28T08:30:20.0577746Z Checks in_progress: lint-and-test
2026-04-28T08:30:20.0577970Z Checks after check_name filter:
2026-04-28T08:30:20.0578583Z Checks completed: capture-failure-log, capture-failure-log, e2e, capture-failure-log, cross-device-tests, connected-tests, maybe-label, web-lint-and-test, test, autofix
2026-04-28T08:30:20.0579226Z Checks in_progress: lint-and-test
2026-04-28T08:30:20.0579451Z Checks after Regexp filter:
2026-04-28T08:30:20.0580048Z Checks completed: capture-failure-log, capture-failure-log, e2e, capture-failure-log, cross-device-tests, connected-tests, maybe-label, web-lint-and-test, test, autofix
2026-04-28T08:30:20.0580672Z Checks in_progress: lint-and-test
2026-04-28T08:30:20.0580990Z The requested checks aren't complete yet, will check back in 15 seconds...
2026-04-28T08:30:20.0581320Z Checks running on ref:
2026-04-28T08:30:20.0581901Z Checks completed: capture-failure-log, capture-failure-log, e2e, capture-failure-log, cross-device-tests, connected-tests, maybe-label, web-lint-and-test, test, autofix
2026-04-28T08:30:20.0582553Z Checks in_progress: lint-and-test, Auto-merge
2026-04-28T08:30:20.0582821Z Checks after ignore checks filter:
2026-04-28T08:30:20.0583452Z Checks completed: capture-failure-log, capture-failure-log, e2e, capture-failure-log, cross-device-tests, connected-tests, maybe-label, web-lint-and-test, test, autofix
2026-04-28T08:30:20.0584353Z Checks in_progress: lint-and-test
2026-04-28T08:30:20.0584583Z Checks after check_name filter:
2026-04-28T08:30:20.0585198Z Checks completed: capture-failure-log, capture-failure-log, e2e, capture-failure-log, cross-device-tests, connected-tests, maybe-label, web-lint-and-test, test, autofix
2026-04-28T08:30:20.0585834Z Checks in_progress: lint-and-test
2026-04-28T08:30:20.0586052Z Checks after Regexp filter:
2026-04-28T08:30:20.0586922Z Checks completed: capture-failure-log, capture-failure-log, e2e, capture-failure-log, cross-device-tests, connected-tests, maybe-label, web-lint-and-test, test, autofix
2026-04-28T08:30:20.0587601Z Checks in_progress: lint-and-test
2026-04-28T08:30:20.0587924Z The requested checks aren't complete yet, will check back in 15 seconds...
2026-04-28T08:30:20.0588263Z Checks running on ref:
2026-04-28T08:30:20.0588990Z Checks completed: capture-failure-log, capture-failure-log, e2e, capture-failure-log, cross-device-tests, connected-tests, maybe-label, web-lint-and-test, test, autofix
2026-04-28T08:30:20.0589661Z Checks in_progress: lint-and-test, Auto-merge
2026-04-28T08:30:20.0589925Z Checks after ignore checks filter:
2026-04-28T08:30:20.0590545Z Checks completed: capture-failure-log, capture-failure-log, e2e, capture-failure-log, cross-device-tests, connected-tests, maybe-label, web-lint-and-test, test, autofix
2026-04-28T08:30:20.0591171Z Checks in_progress: lint-and-test
2026-04-28T08:30:20.0591394Z Checks after check_name filter:
2026-04-28T08:30:20.0591992Z Checks completed: capture-failure-log, capture-failure-log, e2e, capture-failure-log, cross-device-tests, connected-tests, maybe-label, web-lint-and-test, test, autofix
2026-04-28T08:30:20.0592621Z Checks in_progress: lint-and-test
2026-04-28T08:30:20.0592840Z Checks after Regexp filter:
2026-04-28T08:30:20.0593437Z Checks completed: capture-failure-log, capture-failure-log, e2e, capture-failure-log, cross-device-tests, connected-tests, maybe-label, web-lint-and-test, test, autofix
2026-04-28T08:30:20.0594070Z Checks in_progress: lint-and-test
2026-04-28T08:30:20.0594379Z The requested checks aren't complete yet, will check back in 15 seconds...
2026-04-28T08:30:20.0594700Z Checks running on ref:
2026-04-28T08:30:20.0595279Z Checks completed: capture-failure-log, capture-failure-log, e2e, capture-failure-log, cross-device-tests, connected-tests, maybe-label, web-lint-and-test, test, autofix
2026-04-28T08:30:20.0595928Z Checks in_progress: lint-and-test, Auto-merge
2026-04-28T08:30:20.0596176Z Checks after ignore checks filter:
2026-04-28T08:30:20.0596976Z Checks completed: capture-failure-log, capture-failure-log, e2e, capture-failure-log, cross-device-tests, connected-tests, maybe-label, web-lint-and-test, test, autofix
2026-04-28T08:30:20.0597617Z Checks in_progress: lint-and-test
2026-04-28T08:30:20.0597833Z Checks after check_name filter:
2026-04-28T08:30:20.0598435Z Checks completed: capture-failure-log, capture-failure-log, e2e, capture-failure-log, cross-device-tests, connected-tests, maybe-label, web-lint-and-test, test, autofix
2026-04-28T08:30:20.0599066Z Checks in_progress: lint-and-test
2026-04-28T08:30:20.0599284Z Checks after Regexp filter:
2026-04-28T08:30:20.0599873Z Checks completed: capture-failure-log, capture-failure-log, e2e, capture-failure-log, cross-device-tests, connected-tests, maybe-label, web-lint-and-test, test, autofix
2026-04-28T08:30:20.0600493Z Checks in_progress: lint-and-test
2026-04-28T08:30:20.0600798Z The requested checks aren't complete yet, will check back in 15 seconds...
2026-04-28T08:30:20.0601119Z Checks running on ref:
2026-04-28T08:30:20.0601692Z Checks completed: capture-failure-log, capture-failure-log, e2e, capture-failure-log, cross-device-tests, connected-tests, maybe-label, web-lint-and-test, test, autofix
2026-04-28T08:30:20.0602338Z Checks in_progress: lint-and-test, Auto-merge
2026-04-28T08:30:20.0602600Z Checks after ignore checks filter:
2026-04-28T08:30:20.0603246Z Checks completed: capture-failure-log, capture-failure-log, e2e, capture-failure-log, cross-device-tests, connected-tests, maybe-label, web-lint-and-test, test, autofix
2026-04-28T08:30:20.0604033Z Checks in_progress: lint-and-test
2026-04-28T08:30:20.0604262Z Checks after check_name filter:
2026-04-28T08:30:20.0604867Z Checks completed: capture-failure-log, capture-failure-log, e2e, capture-failure-log, cross-device-tests, connected-tests, maybe-label, web-lint-and-test, test, autofix
2026-04-28T08:30:20.0605529Z Checks in_progress: lint-and-test
2026-04-28T08:30:20.0605756Z Checks after Regexp filter:
2026-04-28T08:30:20.0606363Z Checks completed: capture-failure-log, capture-failure-log, e2e, capture-failure-log, cross-device-tests, connected-tests, maybe-label, web-lint-and-test, test, autofix
2026-04-28T08:30:20.0607221Z Checks in_progress: lint-and-test
2026-04-28T08:30:20.0607531Z The requested checks aren't complete yet, will check back in 15 seconds...
2026-04-28T08:30:20.0607859Z Checks running on ref:
2026-04-28T08:30:20.0608584Z Checks completed: capture-failure-log, capture-failure-log, e2e, capture-failure-log, cross-device-tests, connected-tests, maybe-label, web-lint-and-test, test, autofix
2026-04-28T08:30:20.0609252Z Checks in_progress: lint-and-test, Auto-merge
2026-04-28T08:30:20.0609517Z Checks after ignore checks filter:
2026-04-28T08:30:20.0610126Z Checks completed: capture-failure-log, capture-failure-log, e2e, capture-failure-log, cross-device-tests, connected-tests, maybe-label, web-lint-and-test, test, autofix
2026-04-28T08:30:20.0610757Z Checks in_progress: lint-and-test
2026-04-28T08:30:20.0610981Z Checks after check_name filter:
2026-04-28T08:30:20.0611575Z Checks completed: capture-failure-log, capture-failure-log, e2e, capture-failure-log, cross-device-tests, connected-tests, maybe-label, web-lint-and-test, test, autofix
2026-04-28T08:30:20.0612198Z Checks in_progress: lint-and-test
2026-04-28T08:30:20.0612416Z Checks after Regexp filter:
2026-04-28T08:30:20.0613008Z Checks completed: capture-failure-log, capture-failure-log, e2e, capture-failure-log, cross-device-tests, connected-tests, maybe-label, web-lint-and-test, test, autofix
2026-04-28T08:30:20.0613641Z Checks in_progress: lint-and-test
2026-04-28T08:30:20.0613952Z The requested checks aren't complete yet, will check back in 15 seconds...
2026-04-28T08:30:20.0614281Z Checks running on ref:
2026-04-28T08:30:20.0614858Z Checks completed: capture-failure-log, capture-failure-log, e2e, capture-failure-log, cross-device-tests, connected-tests, maybe-label, web-lint-and-test, test, autofix
2026-04-28T08:30:20.0615514Z Checks in_progress: lint-and-test, Auto-merge
2026-04-28T08:30:20.0615762Z Checks after ignore checks filter:
2026-04-28T08:30:20.0616373Z Checks completed: capture-failure-log, capture-failure-log, e2e, capture-failure-log, cross-device-tests, connected-tests, maybe-label, web-lint-and-test, test, autofix
2026-04-28T08:30:20.0617239Z Checks in_progress: lint-and-test
2026-04-28T08:30:20.0617456Z Checks after check_name filter:
2026-04-28T08:30:20.0618062Z Checks completed: capture-failure-log, capture-failure-log, e2e, capture-failure-log, cross-device-tests, connected-tests, maybe-label, web-lint-and-test, test, autofix
2026-04-28T08:30:20.0618687Z Checks in_progress: lint-and-test
2026-04-28T08:30:20.0618899Z Checks after Regexp filter:
2026-04-28T08:30:20.0619487Z Checks completed: capture-failure-log, capture-failure-log, e2e, capture-failure-log, cross-device-tests, connected-tests, maybe-label, web-lint-and-test, test, autofix
2026-04-28T08:30:20.0620109Z Checks in_progress: lint-and-test
2026-04-28T08:30:20.0620414Z The requested checks aren't complete yet, will check back in 15 seconds...
2026-04-28T08:30:20.0620741Z Checks running on ref:
2026-04-28T08:30:20.0621310Z Checks completed: capture-failure-log, capture-failure-log, e2e, capture-failure-log, cross-device-tests, connected-tests, maybe-label, web-lint-and-test, test, autofix
2026-04-28T08:30:20.0621954Z Checks in_progress: lint-and-test, Auto-merge
2026-04-28T08:31:53.4120460Z Checks after ignore checks filter:
2026-04-28T08:31:53.4122048Z Checks completed: capture-failure-log, capture-failure-log, e2e, capture-failure-log, cross-device-tests, connected-tests, maybe-label, web-lint-and-test, test, autofix
2026-04-28T08:31:53.4122895Z Checks in_progress: lint-and-test
2026-04-28T08:31:53.4123144Z Checks after check_name filter:
2026-04-28T08:31:53.4123811Z Checks completed: capture-failure-log, capture-failure-log, e2e, capture-failure-log, cross-device-tests, connected-tests, maybe-label, web-lint-and-test, test, autofix
2026-04-28T08:31:53.4124459Z Checks in_progress: lint-and-test
2026-04-28T08:31:53.4124686Z Checks after Regexp filter:
2026-04-28T08:31:53.4125309Z Checks completed: capture-failure-log, capture-failure-log, e2e, capture-failure-log, cross-device-tests, connected-tests, maybe-label, web-lint-and-test, test, autofix
2026-04-28T08:31:53.4125969Z Checks in_progress: lint-and-test
2026-04-28T08:31:53.4126310Z The requested checks aren't complete yet, will check back in 15 seconds...
2026-04-28T08:31:53.4127129Z Checks running on ref:
2026-04-28T08:31:53.4127738Z Checks completed: capture-failure-log, capture-failure-log, e2e, capture-failure-log, cross-device-tests, connected-tests, maybe-label, web-lint-and-test, test, autofix
2026-04-28T08:31:53.4128398Z Checks in_progress: lint-and-test, Auto-merge
2026-04-28T08:31:53.4128666Z Checks after ignore checks filter:
2026-04-28T08:31:53.4129277Z Checks completed: capture-failure-log, capture-failure-log, e2e, capture-failure-log, cross-device-tests, connected-tests, maybe-label, web-lint-and-test, test, autofix
2026-04-28T08:31:53.4129909Z Checks in_progress: lint-and-test
2026-04-28T08:31:53.4130132Z Checks after check_name filter:
2026-04-28T08:31:53.4130727Z Checks completed: capture-failure-log, capture-failure-log, e2e, capture-failure-log, cross-device-tests, connected-tests, maybe-label, web-lint-and-test, test, autofix
2026-04-28T08:31:53.4131348Z Checks in_progress: lint-and-test
2026-04-28T08:31:53.4131575Z Checks after Regexp filter:
2026-04-28T08:31:53.4132167Z Checks completed: capture-failure-log, capture-failure-log, e2e, capture-failure-log, cross-device-tests, connected-tests, maybe-label, web-lint-and-test, test, autofix
2026-04-28T08:31:53.4132792Z Checks in_progress: lint-and-test
2026-04-28T08:31:53.4133104Z The requested checks aren't complete yet, will check back in 15 seconds...
2026-04-28T08:31:53.4133429Z Checks running on ref:
2026-04-28T08:31:53.4134008Z Checks completed: capture-failure-log, capture-failure-log, e2e, capture-failure-log, cross-device-tests, connected-tests, maybe-label, web-lint-and-test, test, autofix
2026-04-28T08:31:53.4134653Z Checks in_progress: lint-and-test, Auto-merge
2026-04-28T08:31:53.4134899Z Checks after ignore checks filter:
2026-04-28T08:31:53.4135504Z Checks completed: capture-failure-log, capture-failure-log, e2e, capture-failure-log, cross-device-tests, connected-tests, maybe-label, web-lint-and-test, test, autofix
2026-04-28T08:31:53.4136130Z Checks in_progress: lint-and-test
2026-04-28T08:31:53.4136350Z Checks after check_name filter:
2026-04-28T08:31:53.4137132Z Checks completed: capture-failure-log, capture-failure-log, e2e, capture-failure-log, cross-device-tests, connected-tests, maybe-label, web-lint-and-test, test, autofix
2026-04-28T08:31:53.4137786Z Checks in_progress: lint-and-test
2026-04-28T08:31:53.4138017Z Checks after Regexp filter:
2026-04-28T08:31:53.4138612Z Checks completed: capture-failure-log, capture-failure-log, e2e, capture-failure-log, cross-device-tests, connected-tests, maybe-label, web-lint-and-test, test, autofix
2026-04-28T08:31:53.4139235Z Checks in_progress: lint-and-test
2026-04-28T08:31:53.4139546Z The requested checks aren't complete yet, will check back in 15 seconds...
2026-04-28T08:31:53.4139874Z Checks running on ref:
2026-04-28T08:31:53.4140452Z Checks completed: capture-failure-log, capture-failure-log, e2e, capture-failure-log, cross-device-tests, connected-tests, maybe-label, web-lint-and-test, test, autofix
2026-04-28T08:31:53.4141313Z Checks in_progress: lint-and-test, Auto-merge
2026-04-28T08:31:53.4141569Z Checks after ignore checks filter:
2026-04-28T08:31:53.4142173Z Checks completed: capture-failure-log, capture-failure-log, e2e, capture-failure-log, cross-device-tests, connected-tests, maybe-label, web-lint-and-test, test, autofix
2026-04-28T08:31:53.4142802Z Checks in_progress: lint-and-test
2026-04-28T08:31:53.4143029Z Checks after check_name filter:
2026-04-28T08:31:53.4143674Z Checks completed: capture-failure-log, capture-failure-log, e2e, capture-failure-log, cross-device-tests, connected-tests, maybe-label, web-lint-and-test, test, autofix
2026-04-28T08:31:53.4144329Z Checks in_progress: lint-and-test
2026-04-28T08:31:53.4144550Z Checks after Regexp filter:
2026-04-28T08:31:53.4145152Z Checks completed: capture-failure-log, capture-failure-log, e2e, capture-failure-log, cross-device-tests, connected-tests, maybe-label, web-lint-and-test, test, autofix
2026-04-28T08:31:53.4145785Z Checks in_progress: lint-and-test
2026-04-28T08:31:53.4146223Z The requested checks aren't complete yet, will check back in 15 seconds...
2026-04-28T08:31:53.4146567Z Checks running on ref:
2026-04-28T08:31:53.4147339Z Checks completed: capture-failure-log, capture-failure-log, e2e, capture-failure-log, cross-device-tests, connected-tests, maybe-label, web-lint-and-test, test, autofix
2026-04-28T08:31:53.4148000Z Checks in_progress: lint-and-test, Auto-merge
2026-04-28T08:31:53.4148269Z Checks after ignore checks filter:
2026-04-28T08:31:53.4148886Z Checks completed: capture-failure-log, capture-failure-log, e2e, capture-failure-log, cross-device-tests, connected-tests, maybe-label, web-lint-and-test, test, autofix
2026-04-28T08:31:53.4149513Z Checks in_progress: lint-and-test
2026-04-28T08:31:53.4149745Z Checks after check_name filter:
2026-04-28T08:31:53.4150344Z Checks completed: capture-failure-log, capture-failure-log, e2e, capture-failure-log, cross-device-tests, connected-tests, maybe-label, web-lint-and-test, test, autofix
2026-04-28T08:31:53.4150985Z Checks in_progress: lint-and-test
2026-04-28T08:31:53.4151210Z Checks after Regexp filter:
2026-04-28T08:31:53.4151798Z Checks completed: capture-failure-log, capture-failure-log, e2e, capture-failure-log, cross-device-tests, connected-tests, maybe-label, web-lint-and-test, test, autofix
2026-04-28T08:31:53.4152425Z Checks in_progress: lint-and-test
2026-04-28T08:31:53.4152744Z The requested checks aren't complete yet, will check back in 15 seconds...
2026-04-28T08:31:53.4153087Z Checks running on ref:
2026-04-28T08:31:53.4153359Z Checks in_progress: capture-failure-log / capture, Auto-merge
2026-04-28T08:31:53.4154128Z Checks completed: capture-failure-log, capture-failure-log, e2e, capture-failure-log, cross-device-tests, connected-tests, maybe-label, web-lint-and-test, test, autofix, lint-and-test
2026-04-28T08:31:53.4154829Z Checks after ignore checks filter:
2026-04-28T08:31:53.4155100Z Checks in_progress: capture-failure-log / capture
2026-04-28T08:31:53.4155815Z Checks completed: capture-failure-log, capture-failure-log, e2e, capture-failure-log, cross-device-tests, connected-tests, maybe-label, web-lint-and-test, test, autofix, lint-and-test
2026-04-28T08:31:53.4156538Z Checks after check_name filter:
2026-04-28T08:31:53.4157024Z Checks in_progress: capture-failure-log / capture
2026-04-28T08:31:53.4157928Z Checks completed: capture-failure-log, capture-failure-log, e2e, capture-failure-log, cross-device-tests, connected-tests, maybe-label, web-lint-and-test, test, autofix, lint-and-test
2026-04-28T08:31:53.4158808Z Checks after Regexp filter:
2026-04-28T08:31:53.4159111Z Checks in_progress: capture-failure-log / capture
2026-04-28T08:31:53.4160003Z Checks completed: capture-failure-log, capture-failure-log, e2e, capture-failure-log, cross-device-tests, connected-tests, maybe-label, web-lint-and-test, test, autofix, lint-and-test
2026-04-28T08:31:53.4160980Z The requested checks aren't complete yet, will check back in 15 seconds...
2026-04-28T08:31:53.4161407Z Checks running on ref:
2026-04-28T08:31:53.4162548Z Checks completed: capture-failure-log / capture, capture-failure-log, capture-failure-log, e2e, capture-failure-log, cross-device-tests, connected-tests, maybe-label, web-lint-and-test, test, autofix, lint-and-test
2026-04-28T08:31:53.4163566Z Checks in_progress: Auto-merge
2026-04-28T08:31:53.4163858Z Checks after ignore checks filter:
2026-04-28T08:31:53.4164807Z Checks completed: capture-failure-log / capture, capture-failure-log, capture-failure-log, e2e, capture-failure-log, cross-device-tests, connected-tests, maybe-label, web-lint-and-test, test, autofix, lint-and-test
2026-04-28T08:31:53.4165778Z Checks after check_name filter:
2026-04-28T08:31:53.4166900Z Checks completed: capture-failure-log / capture, capture-failure-log, capture-failure-log, e2e, capture-failure-log, cross-device-tests, connected-tests, maybe-label, web-lint-and-test, test, autofix, lint-and-test
2026-04-28T08:31:53.4167884Z Checks after Regexp filter:
2026-04-28T08:31:53.4169018Z Checks completed: capture-failure-log / capture, capture-failure-log, capture-failure-log, e2e, capture-failure-log, cross-device-tests, connected-tests, maybe-label, web-lint-and-test, test, autofix, lint-and-test
2026-04-28T08:31:53.4170049Z Checks completed:
2026-04-28T08:31:53.4170354Z capture-failure-log / capture: completed (success)
2026-04-28T08:31:53.4170750Z capture-failure-log: completed (skipped)
2026-04-28T08:31:53.4171068Z capture-failure-log: completed (skipped)
2026-04-28T08:31:53.4171394Z e2e: completed (success)
2026-04-28T08:31:53.4171672Z capture-failure-log: completed (skipped)
2026-04-28T08:31:53.4171982Z cross-device-tests: completed (skipped)
2026-04-28T08:31:53.4172325Z connected-tests: completed (skipped)
2026-04-28T08:31:53.4172628Z maybe-label: completed (success)
2026-04-28T08:31:53.4172944Z web-lint-and-test: completed (success)
2026-04-28T08:31:53.4173246Z test: completed (success)
2026-04-28T08:31:53.4173514Z autofix: completed (failure)
2026-04-28T08:31:53.4173822Z lint-and-test: completed (failure)
2026-04-28T08:31:53.4174553Z The conclusion of one or more checks were not allowed. Allowed conclusions are: success, skipped, neutral. This can be configured with the 'allowed-conclusions' param.
2026-04-28T08:31:53.4240784Z ##[error]Process completed with exit code 1.
2026-04-28T08:31:53.4349279Z Post job cleanup.
2026-04-28T08:31:53.4408990Z Cleaning up orphan processes
2026-04-28T08:31:53.4683484Z ##[warning]Node.js 20 actions are deprecated. The following actions are running on Node.js 20 and may not work as expected: actions/cache@v4. Actions will be forced to run with Node.js 24 by default starting June 2nd, 2026. Node.js 20 will be removed from the runner on September 16th, 2026. Please check if updated versions of these actions are available that support Node.js 24. To opt into Node.js 24 now, set the FORCE_JAVASCRIPT_ACTIONS_TO_NODE24=true environment variable on the runner or in your workflow file. Once Node.js 24 becomes the default, you can temporarily opt out by setting ACTIONS_ALLOW_USE_UNSECURE_NODE_VERSION=true. For more information see: https://github.blog/changelog/2025-09-19-deprecation-of-node-20-on-github-actions-runners/
