=== CI FAILURE ===
Workflow:      Auto-merge & Release
Workflow file: akarlin3/prismTask/.github/workflows/auto-merge.yml@refs/pull/652/merge
Job(s):        Auto-merge
Run ID:        24769759671
Run attempt:   1
Run URL:       https://github.com/akarlin3/prismTask/actions/runs/24769759671
Commit:        e436d955d6d9537e2d69c5fd330b2846b48fd605
Branch:        652/merge
Event:         pull_request
Actor:         akarlin3
Runner OS:     Linux
Timestamp:     2026-04-22T09:05:27.632Z

Failed steps:
  - Auto-merge: #3 Wait for all other CI checks to pass

=== FAILED JOB LOG ===

--- Job: Auto-merge (id 72472875365) ---
2026-04-22T09:01:43.8738556Z Current runner version: '2.333.1'
2026-04-22T09:01:43.8774384Z ##[group]Runner Image Provisioner
2026-04-22T09:01:43.8775901Z Hosted Compute Agent
2026-04-22T09:01:43.8776856Z Version: 20260415.520
2026-04-22T09:01:43.8777771Z Commit: af089020f5f67b61ccc91db6c07980876c02bf7b
2026-04-22T09:01:43.8778955Z Build Date: 2026-04-15T18:07:08Z
2026-04-22T09:01:43.8779978Z Worker ID: {11edf7cb-8eea-4642-9ee6-08a3fc38c50c}
2026-04-22T09:01:43.8781047Z Azure Region: eastus
2026-04-22T09:01:43.8782062Z ##[endgroup]
2026-04-22T09:01:43.8784314Z ##[group]Operating System
2026-04-22T09:01:43.8785446Z Ubuntu
2026-04-22T09:01:43.8786274Z 24.04.4
2026-04-22T09:01:43.8786994Z LTS
2026-04-22T09:01:43.8787670Z ##[endgroup]
2026-04-22T09:01:43.8788516Z ##[group]Runner Image
2026-04-22T09:01:43.8789441Z Image: ubuntu-24.04
2026-04-22T09:01:43.8790148Z Version: 20260420.95.1
2026-04-22T09:01:43.8792154Z Included Software: https://github.com/actions/runner-images/blob/ubuntu24/20260420.95/images/ubuntu/Ubuntu2404-Readme.md
2026-04-22T09:01:43.8794778Z Image Release: https://github.com/actions/runner-images/releases/tag/ubuntu24%2F20260420.95
2026-04-22T09:01:43.8796279Z ##[endgroup]
2026-04-22T09:01:43.8798250Z ##[group]GITHUB_TOKEN Permissions
2026-04-22T09:01:43.8800950Z Actions: read
2026-04-22T09:01:43.8801764Z Checks: read
2026-04-22T09:01:43.8802472Z Contents: write
2026-04-22T09:01:43.8803250Z Metadata: read
2026-04-22T09:01:43.8804058Z PullRequests: write
2026-04-22T09:01:43.8805189Z ##[endgroup]
2026-04-22T09:01:43.8808149Z Secret source: Actions
2026-04-22T09:01:43.8809133Z Prepare workflow directory
2026-04-22T09:01:43.9362728Z Prepare all required actions
2026-04-22T09:01:43.9418343Z Getting action download info
2026-04-22T09:01:44.1899011Z Download action repository 'lewagon/wait-on-check-action@ccfb013c15c8afb7bf2b7c028fb74dc5a068cccc' (SHA:ccfb013c15c8afb7bf2b7c028fb74dc5a068cccc)
2026-04-22T09:01:44.5265427Z Getting action download info
2026-04-22T09:01:44.7280556Z Download action repository 'ruby/setup-ruby@v1' (SHA:0cb964fd540e0a24c900370abf38a33466142735)
2026-04-22T09:01:44.9125205Z Download action repository 'actions/cache@v4' (SHA:0057852bfaa89a56745cba8c7296529d2fc39830)
2026-04-22T09:01:45.1004378Z Complete job name: Auto-merge
2026-04-22T09:01:45.1593273Z ##[group]Run set -euo pipefail
2026-04-22T09:01:45.1593800Z [36;1mset -euo pipefail[0m
2026-04-22T09:01:45.1594280Z [36;1m# Give GitHub a short grace period to schedule workflow runs for[0m
2026-04-22T09:01:45.1595142Z [36;1m# the head commit. Paths-filtered workflows (android/backend/web CI)[0m
2026-04-22T09:01:45.1595703Z [36;1m# won't run for doc-only or cross-cutting config PRs, so the[0m
2026-04-22T09:01:45.1596263Z [36;1m# wait-on-check-action step below would otherwise hang waiting for[0m
2026-04-22T09:01:45.1596737Z [36;1m# checks that will never appear.[0m
2026-04-22T09:01:45.1597068Z [36;1msleep 20[0m
2026-04-22T09:01:45.1597460Z [36;1mCOUNT=$(gh api "repos/$REPO/commits/$HEAD_SHA/check-runs" \[0m
2026-04-22T09:01:45.1598009Z [36;1m  --jq '[.check_runs[] | select(.name != "Auto-merge")] | length')[0m
2026-04-22T09:01:45.1598545Z [36;1mecho "Non-Auto-merge check runs on head: $COUNT"[0m
2026-04-22T09:01:45.1599010Z [36;1mif [ "$COUNT" -gt 0 ]; then[0m
2026-04-22T09:01:45.1599373Z [36;1m  echo "has_ci=true" >> "$GITHUB_OUTPUT"[0m
2026-04-22T09:01:45.1599726Z [36;1melse[0m
2026-04-22T09:01:45.1600015Z [36;1m  echo "has_ci=false" >> "$GITHUB_OUTPUT"[0m
2026-04-22T09:01:45.1600478Z [36;1m  echo "No CI checks on this PR — will merge without waiting."[0m
2026-04-22T09:01:45.1600893Z [36;1mfi[0m
2026-04-22T09:01:45.1713323Z shell: /usr/bin/bash -e {0}
2026-04-22T09:01:45.1714109Z env:
2026-04-22T09:01:45.1714402Z   WAIT_INTERVAL: 30
2026-04-22T09:01:45.1715437Z   GH_TOKEN: ***
2026-04-22T09:01:45.1715772Z   HEAD_SHA: 2f13461ab0cdddc349f974fa01e90dfb5a5aa00d
2026-04-22T09:01:45.1716161Z   REPO: akarlin3/prismTask
2026-04-22T09:01:45.1716463Z ##[endgroup]
2026-04-22T09:02:05.5124500Z Non-Auto-merge check runs on head: 1
2026-04-22T09:02:05.5350625Z ##[group]Run lewagon/wait-on-check-action@ccfb013c15c8afb7bf2b7c028fb74dc5a068cccc
2026-04-22T09:02:05.5351138Z with:
2026-04-22T09:02:05.5351425Z   ref: 2f13461ab0cdddc349f974fa01e90dfb5a5aa00d
2026-04-22T09:02:05.5351783Z   running-workflow-name: Auto-merge
2026-04-22T09:02:05.5352425Z   repo-token: ***
2026-04-22T09:02:05.5352667Z   wait-interval: 30
2026-04-22T09:02:05.5352933Z   allowed-conclusions: success,skipped
2026-04-22T09:02:05.5353228Z   verbose: true
2026-04-22T09:02:05.5353456Z env:
2026-04-22T09:02:05.5353660Z   WAIT_INTERVAL: 30
2026-04-22T09:02:05.5353893Z ##[endgroup]
2026-04-22T09:02:05.5484471Z ##[group]Run ruby/setup-ruby@v1
2026-04-22T09:02:05.5484984Z with:
2026-04-22T09:02:05.5485217Z   ruby-version: 3.2
2026-04-22T09:02:05.5485493Z   bundler-cache: false
2026-04-22T09:02:05.5485891Z   token: ***
2026-04-22T09:02:05.5486107Z env:
2026-04-22T09:02:05.5486324Z   WAIT_INTERVAL: 30
2026-04-22T09:02:05.5486550Z ##[endgroup]
2026-04-22T09:02:05.6814179Z ##[group]Modifying PATH
2026-04-22T09:02:05.6814922Z Entries added to PATH to use selected Ruby:
2026-04-22T09:02:05.6818910Z   /opt/hostedtoolcache/Ruby/3.2.11/x64/bin
2026-04-22T09:02:05.6820019Z ##[endgroup]
2026-04-22T09:02:05.6821062Z ##[group]Print Ruby version
2026-04-22T09:02:05.6942190Z [command]/opt/hostedtoolcache/Ruby/3.2.11/x64/bin/ruby --version
2026-04-22T09:02:05.9178395Z ruby 3.2.11 (2026-03-27 revision 5483bfc1ae) [x86_64-linux]
2026-04-22T09:02:05.9220250Z Took   0.24 seconds
2026-04-22T09:02:05.9221065Z ##[endgroup]
2026-04-22T09:02:05.9237316Z ##[group]Installing Bundler
2026-04-22T09:02:05.9237723Z Using Bundler shipped with ruby-3.2.11
2026-04-22T09:02:05.9238102Z Took   0.00 seconds
2026-04-22T09:02:05.9238664Z ##[endgroup]
2026-04-22T09:02:05.9877817Z ##[group]Run actions/cache@v4
2026-04-22T09:02:05.9878092Z with:
2026-04-22T09:02:05.9878520Z   path: /home/runner/work/_actions/lewagon/wait-on-check-action/ccfb013c15c8afb7bf2b7c028fb74dc5a068cccc
2026-04-22T09:02:05.9879005Z   key: Linux-gems-
2026-04-22T09:02:05.9879227Z   restore-keys: Linux-gems-
2026-04-22T09:02:05.9879466Z   enableCrossOsArchive: false
2026-04-22T09:02:05.9879693Z   fail-on-cache-miss: false
2026-04-22T09:02:05.9879902Z   lookup-only: false
2026-04-22T09:02:05.9880085Z   save-always: false
2026-04-22T09:02:05.9880265Z env:
2026-04-22T09:02:05.9880422Z   WAIT_INTERVAL: 30
2026-04-22T09:02:05.9880605Z ##[endgroup]
2026-04-22T09:02:06.2041205Z Cache not found for input keys: Linux-gems-, Linux-gems-
2026-04-22T09:02:06.2116915Z ##[group]Run bundle install --jobs 4 --retry 3
2026-04-22T09:02:06.2117254Z [36;1mbundle install --jobs 4 --retry 3[0m
2026-04-22T09:02:06.2181400Z shell: /usr/bin/bash --noprofile --norc -e -o pipefail {0}
2026-04-22T09:02:06.2181732Z env:
2026-04-22T09:02:06.2181917Z   WAIT_INTERVAL: 30
2026-04-22T09:02:06.2182112Z ##[endgroup]
2026-04-22T09:02:06.9777764Z Bundler 2.4.19 is running, but your lockfile was generated with 2.2.3. Installing Bundler 2.2.3 and restarting using that version.
2026-04-22T09:02:08.1214275Z Fetching gem metadata from https://rubygems.org/.
2026-04-22T09:02:08.1296172Z Fetching bundler 2.2.3
2026-04-22T09:02:08.2417479Z Installing bundler 2.2.3
2026-04-22T09:02:08.4298928Z Calling `DidYouMean::SPELL_CHECKERS.merge!(error_name => spell_checker)' has been deprecated. Please call `DidYouMean.correct_error(error_name, spell_checker)' instead.
2026-04-22T09:02:09.6856382Z Fetching gem metadata from https://rubygems.org/.........
2026-04-22T09:02:09.6951225Z Fetching zeitwerk 2.6.7
2026-04-22T09:02:09.6956624Z Fetching public_suffix 4.0.7
2026-04-22T09:02:09.7235579Z Fetching minitest 5.18.0
2026-04-22T09:02:09.7241331Z Fetching concurrent-ruby 1.2.2
2026-04-22T09:02:09.8011510Z Installing zeitwerk 2.6.7
2026-04-22T09:02:09.8264916Z Installing minitest 5.18.0
2026-04-22T09:02:09.8270994Z Installing public_suffix 4.0.7
2026-04-22T09:02:09.8684816Z Fetching ast 2.4.2
2026-04-22T09:02:09.8918262Z Installing concurrent-ruby 1.2.2
2026-04-22T09:02:09.8969744Z Using bundler 2.2.3
2026-04-22T09:02:09.8999136Z Fetching byebug 11.1.3
2026-04-22T09:02:09.9262035Z Installing ast 2.4.2
2026-04-22T09:02:09.9428490Z Fetching diff-lcs 1.4.4
2026-04-22T09:02:09.9664165Z Installing byebug 11.1.3 with native extensions
2026-04-22T09:02:09.9843048Z Installing diff-lcs 1.4.4
2026-04-22T09:02:09.9935948Z Fetching faraday-net_http 2.0.3
2026-04-22T09:02:10.0406256Z Installing faraday-net_http 2.0.3
2026-04-22T09:02:10.0561451Z Using ruby2_keywords 0.0.5
2026-04-22T09:02:10.0577895Z Fetching json 2.7.1
2026-04-22T09:02:10.0982269Z Installing json 2.7.1 with native extensions
2026-04-22T09:02:10.1214451Z Fetching language_server-protocol 3.17.0.3
2026-04-22T09:02:10.1670875Z Installing language_server-protocol 3.17.0.3
2026-04-22T09:02:10.2395268Z Fetching lint_roller 1.1.0
2026-04-22T09:02:10.2927265Z Installing lint_roller 1.1.0
2026-04-22T09:02:10.3110984Z Fetching parallel 1.24.0
2026-04-22T09:02:10.3591011Z Installing parallel 1.24.0
2026-04-22T09:02:10.3683028Z Fetching racc 1.7.3
2026-04-22T09:02:10.4130301Z Installing racc 1.7.3 with native extensions
2026-04-22T09:02:10.4508713Z Fetching rainbow 3.1.1
2026-04-22T09:02:10.4977079Z Installing rainbow 3.1.1
2026-04-22T09:02:10.5098088Z Fetching regexp_parser 2.8.3
2026-04-22T09:02:10.5631062Z Installing regexp_parser 2.8.3
2026-04-22T09:02:10.6783277Z Fetching rexml 3.2.6
2026-04-22T09:02:10.7176273Z Installing rexml 3.2.6
2026-04-22T09:02:10.7386018Z Fetching rspec-support 3.10.1
2026-04-22T09:02:10.7790366Z Installing rspec-support 3.10.1
2026-04-22T09:02:10.7955411Z Fetching ruby-progressbar 1.13.0
2026-04-22T09:02:10.8485710Z Installing ruby-progressbar 1.13.0
2026-04-22T09:02:10.8650511Z Fetching unicode-display_width 2.5.0
2026-04-22T09:02:10.9163612Z Installing unicode-display_width 2.5.0
2026-04-22T09:02:10.9255395Z Fetching addressable 2.8.0
2026-04-22T09:02:10.9839407Z Installing addressable 2.8.0
2026-04-22T09:02:11.0095469Z Fetching faraday 2.3.0
2026-04-22T09:02:11.0618301Z Installing faraday 2.3.0
2026-04-22T09:02:11.0905664Z Fetching i18n 1.12.0
2026-04-22T09:02:11.1435644Z Installing i18n 1.12.0
2026-04-22T09:02:11.1625212Z Fetching tzinfo 2.0.6
2026-04-22T09:02:11.2036529Z Installing tzinfo 2.0.6
2026-04-22T09:02:11.2215254Z Fetching rspec-core 3.10.1
2026-04-22T09:02:11.2825719Z Installing rspec-core 3.10.1
2026-04-22T09:02:11.2945922Z Fetching rspec-expectations 3.10.1
2026-04-22T09:02:11.3351271Z Installing rspec-expectations 3.10.1
2026-04-22T09:02:11.3587947Z Fetching rspec-mocks 3.10.1
2026-04-22T09:02:11.3963329Z Fetching faraday-retry 2.0.0
2026-04-22T09:02:11.4239581Z Installing rspec-mocks 3.10.1
2026-04-22T09:02:11.4293967Z Installing faraday-retry 2.0.0
2026-04-22T09:02:11.4401480Z Fetching sawyer 0.9.2
2026-04-22T09:02:11.4747453Z Fetching activesupport 6.1.7.3
2026-04-22T09:02:11.4981723Z Installing sawyer 0.9.2
2026-04-22T09:02:11.5084930Z Fetching parser 3.2.2.4
2026-04-22T09:02:11.5437046Z Installing activesupport 6.1.7.3
2026-04-22T09:02:11.6318584Z Installing parser 3.2.2.4
2026-04-22T09:02:11.7463226Z Fetching rspec 3.10.0
2026-04-22T09:02:11.7973039Z Installing rspec 3.10.0
2026-04-22T09:02:11.8089547Z Fetching octokit 4.25.0
2026-04-22T09:02:11.8642624Z Installing octokit 4.25.0
2026-04-22T09:02:11.9111192Z Fetching rubocop-ast 1.30.0
2026-04-22T09:02:11.9682266Z Installing rubocop-ast 1.30.0
2026-04-22T09:02:13.3028757Z Fetching rubocop 1.57.2
2026-04-22T09:02:13.3598165Z Installing rubocop 1.57.2
2026-04-22T09:02:13.5162916Z Fetching standard-custom 1.0.2
2026-04-22T09:02:13.5163578Z Fetching rubocop-performance 1.19.1
2026-04-22T09:02:13.5671214Z Installing standard-custom 1.0.2
2026-04-22T09:02:13.5731012Z Installing rubocop-performance 1.19.1
2026-04-22T09:02:13.5882453Z Fetching standard-performance 1.2.1
2026-04-22T09:02:13.6197055Z Installing standard-performance 1.2.1
2026-04-22T09:02:13.6260210Z Fetching standard 1.32.1
2026-04-22T09:02:13.6580624Z Installing standard 1.32.1
2026-04-22T09:02:13.6777155Z Bundle complete! 6 Gemfile dependencies, 40 gems now installed.
2026-04-22T09:02:13.6778106Z Use `bundle info [gemname]` to see where a bundled gem is installed.
2026-04-22T09:02:13.7333253Z ##[group]Run ruby entrypoint.rb
2026-04-22T09:02:13.7333534Z [36;1mruby entrypoint.rb[0m
2026-04-22T09:02:13.7393533Z shell: /usr/bin/bash --noprofile --norc -e -o pipefail {0}
2026-04-22T09:02:13.7393852Z env:
2026-04-22T09:02:13.7394023Z   WAIT_INTERVAL: 30
2026-04-22T09:02:13.7394238Z   ALLOWED_CONCLUSIONS: success,skipped
2026-04-22T09:02:13.7394493Z   IGNORE_CHECKS: 
2026-04-22T09:02:13.7394903Z   CHECK_NAME: 
2026-04-22T09:02:13.7395073Z   CHECK_REGEXP: 
2026-04-22T09:02:13.7395293Z   REF: 2f13461ab0cdddc349f974fa01e90dfb5a5aa00d
2026-04-22T09:02:13.7395788Z   REPO_TOKEN: ***
2026-04-22T09:02:13.7395976Z   VERBOSE: true
2026-04-22T09:02:13.7396173Z   RUNNING_WORKFLOW_NAME: Auto-merge
2026-04-22T09:02:13.7396412Z   API_ENDPOINT: 
2026-04-22T09:02:13.7396598Z ##[endgroup]
2026-04-22T09:05:15.8884284Z Checks running on ref:
2026-04-22T09:05:15.8884857Z Checks in_progress: autofix, Auto-merge
2026-04-22T09:05:15.8889214Z Checks after ignore checks filter:
2026-04-22T09:05:15.8889631Z Checks in_progress: autofix
2026-04-22T09:05:15.8889952Z Checks after check_name filter:
2026-04-22T09:05:15.8890294Z Checks in_progress: autofix
2026-04-22T09:05:15.8890594Z Checks after Regexp filter:
2026-04-22T09:05:15.8890888Z Checks in_progress: autofix
2026-04-22T09:05:15.8891346Z The requested check isn't complete yet, will check back in 30 seconds...
2026-04-22T09:05:15.8891877Z Checks running on ref:
2026-04-22T09:05:15.8892185Z Checks in_progress: autofix, Auto-merge
2026-04-22T09:05:15.8892568Z Checks after ignore checks filter:
2026-04-22T09:05:15.8892921Z Checks in_progress: autofix
2026-04-22T09:05:15.8893234Z Checks after check_name filter:
2026-04-22T09:05:15.8893556Z Checks in_progress: autofix
2026-04-22T09:05:15.8893835Z Checks after Regexp filter:
2026-04-22T09:05:15.8894125Z Checks in_progress: autofix
2026-04-22T09:05:15.8894548Z The requested check isn't complete yet, will check back in 30 seconds...
2026-04-22T09:05:15.8895265Z Checks running on ref:
2026-04-22T09:05:15.8895561Z Checks in_progress: autofix, Auto-merge
2026-04-22T09:05:15.8895929Z Checks after ignore checks filter:
2026-04-22T09:05:15.8896247Z Checks in_progress: autofix
2026-04-22T09:05:15.8896552Z Checks after check_name filter:
2026-04-22T09:05:15.8896862Z Checks in_progress: autofix
2026-04-22T09:05:15.8897145Z Checks after Regexp filter:
2026-04-22T09:05:15.8897436Z Checks in_progress: autofix
2026-04-22T09:05:15.8897864Z The requested check isn't complete yet, will check back in 30 seconds...
2026-04-22T09:05:15.8898353Z Checks running on ref:
2026-04-22T09:05:15.8898632Z Checks in_progress: autofix, Auto-merge
2026-04-22T09:05:15.8898991Z Checks after ignore checks filter:
2026-04-22T09:05:15.8899309Z Checks in_progress: autofix
2026-04-22T09:05:15.8899606Z Checks after check_name filter:
2026-04-22T09:05:15.8899906Z Checks in_progress: autofix
2026-04-22T09:05:15.8900222Z Checks after Regexp filter:
2026-04-22T09:05:15.8900644Z Checks in_progress: autofix
2026-04-22T09:05:15.8901078Z The requested check isn't complete yet, will check back in 30 seconds...
2026-04-22T09:05:15.8901581Z Checks running on ref:
2026-04-22T09:05:15.8901897Z Checks in_progress: lint-and-test, Auto-merge
2026-04-22T09:05:15.8902286Z Checks completed: autofix
2026-04-22T09:05:15.8902588Z Checks after ignore checks filter:
2026-04-22T09:05:15.8902938Z Checks in_progress: lint-and-test
2026-04-22T09:05:15.8903277Z Checks completed: autofix
2026-04-22T09:05:15.8903576Z Checks after check_name filter:
2026-04-22T09:05:15.8903932Z Checks in_progress: lint-and-test
2026-04-22T09:05:15.8904267Z Checks completed: autofix
2026-04-22T09:05:15.8904719Z Checks after Regexp filter:
2026-04-22T09:05:15.8905057Z Checks in_progress: lint-and-test
2026-04-22T09:05:15.8905422Z Checks completed: autofix
2026-04-22T09:05:15.8905954Z The requested checks aren't complete yet, will check back in 30 seconds...
2026-04-22T09:05:15.8906543Z Checks running on ref:
2026-04-22T09:05:15.8907442Z Checks completed: firebase-distribute, lint-and-test, autofix
2026-04-22T09:05:15.8908266Z Checks in_progress: capture-failure-log, Auto-merge
2026-04-22T09:05:15.8908739Z Checks after ignore checks filter:
2026-04-22T09:05:15.8909232Z Checks completed: firebase-distribute, lint-and-test, autofix
2026-04-22T09:05:15.8909807Z Checks in_progress: capture-failure-log
2026-04-22T09:05:15.8910222Z Checks after check_name filter:
2026-04-22T09:05:15.8910727Z Checks completed: firebase-distribute, lint-and-test, autofix
2026-04-22T09:05:15.8911273Z Checks in_progress: capture-failure-log
2026-04-22T09:05:15.8911629Z Checks after Regexp filter:
2026-04-22T09:05:15.8912189Z Checks completed: firebase-distribute, lint-and-test, autofix
2026-04-22T09:05:15.8912824Z Checks in_progress: capture-failure-log
2026-04-22T09:05:15.8913523Z The requested checks aren't complete yet, will check back in 30 seconds...
2026-04-22T09:05:15.8914198Z Checks running on ref:
2026-04-22T09:05:15.8915079Z Checks completed: firebase-distribute, capture-failure-log, lint-and-test, autofix
2026-04-22T09:05:15.8915840Z Checks in_progress: Auto-merge
2026-04-22T09:05:15.8916259Z Checks after ignore checks filter:
2026-04-22T09:05:15.8916967Z Checks completed: firebase-distribute, capture-failure-log, lint-and-test, autofix
2026-04-22T09:05:15.8917740Z Checks after check_name filter:
2026-04-22T09:05:15.8918390Z Checks completed: firebase-distribute, capture-failure-log, lint-and-test, autofix
2026-04-22T09:05:15.8919116Z Checks after Regexp filter:
2026-04-22T09:05:15.8919783Z Checks completed: firebase-distribute, capture-failure-log, lint-and-test, autofix
2026-04-22T09:05:15.8920503Z Checks completed:
2026-04-22T09:05:15.8920919Z firebase-distribute: completed (skipped)
2026-04-22T09:05:15.8921393Z capture-failure-log: completed (success)
2026-04-22T09:05:15.8921851Z lint-and-test: completed (failure)
2026-04-22T09:05:15.8922215Z autofix: completed (success)
2026-04-22T09:05:15.8923085Z The conclusion of one or more checks were not allowed. Allowed conclusions are: success, skipped. This can be configured with the 'allowed-conclusions' param.
2026-04-22T09:05:15.8985707Z ##[error]Process completed with exit code 1.
2026-04-22T09:05:15.9101814Z Post job cleanup.
2026-04-22T09:05:15.9163743Z Cleaning up orphan processes
2026-04-22T09:05:15.9444897Z ##[warning]Node.js 20 actions are deprecated. The following actions are running on Node.js 20 and may not work as expected: actions/cache@v4. Actions will be forced to run with Node.js 24 by default starting June 2nd, 2026. Node.js 20 will be removed from the runner on September 16th, 2026. Please check if updated versions of these actions are available that support Node.js 24. To opt into Node.js 24 now, set the FORCE_JAVASCRIPT_ACTIONS_TO_NODE24=true environment variable on the runner or in your workflow file. Once Node.js 24 becomes the default, you can temporarily opt out by setting ACTIONS_ALLOW_USE_UNSECURE_NODE_VERSION=true. For more information see: https://github.blog/changelog/2025-09-19-deprecation-of-node-20-on-github-actions-runners/
