=== CI FAILURE ===
Workflow:      Auto-merge & Release
Workflow file: akarlin3/prismTask/.github/workflows/auto-merge.yml@refs/pull/659/merge
Job(s):        Auto-merge
Run ID:        24800269304
Run attempt:   1
Run URL:       https://github.com/akarlin3/prismTask/actions/runs/24800269304
Commit:        fc9b269a8284161b2d3872e0862ddc625f5df314
Branch:        659/merge
Event:         pull_request
Actor:         akarlin3
Runner OS:     Linux
Timestamp:     2026-04-22T20:14:38.273Z

Failed steps:
  - Auto-merge: #3 Wait for all other CI checks to pass

=== FAILED JOB LOG ===

--- Job: Auto-merge (id 72580711290) ---
2026-04-22T20:12:37.0950956Z Current runner version: '2.333.1'
2026-04-22T20:12:37.0977502Z ##[group]Runner Image Provisioner
2026-04-22T20:12:37.0978451Z Hosted Compute Agent
2026-04-22T20:12:37.0978966Z Version: 20260415.520
2026-04-22T20:12:37.0979591Z Commit: af089020f5f67b61ccc91db6c07980876c02bf7b
2026-04-22T20:12:37.0980366Z Build Date: 2026-04-15T18:07:08Z
2026-04-22T20:12:37.0980974Z Worker ID: {766e1e71-1aba-4820-81e5-2b5e36ddb5a6}
2026-04-22T20:12:37.0981620Z Azure Region: westus
2026-04-22T20:12:37.0982177Z ##[endgroup]
2026-04-22T20:12:37.0983562Z ##[group]Operating System
2026-04-22T20:12:37.0984160Z Ubuntu
2026-04-22T20:12:37.0984764Z 24.04.4
2026-04-22T20:12:37.0985197Z LTS
2026-04-22T20:12:37.0985661Z ##[endgroup]
2026-04-22T20:12:37.0986371Z ##[group]Runner Image
2026-04-22T20:12:37.0986953Z Image: ubuntu-24.04
2026-04-22T20:12:37.0987499Z Version: 20260420.95.1
2026-04-22T20:12:37.0988692Z Included Software: https://github.com/actions/runner-images/blob/ubuntu24/20260420.95/images/ubuntu/Ubuntu2404-Readme.md
2026-04-22T20:12:37.0990087Z Image Release: https://github.com/actions/runner-images/releases/tag/ubuntu24%2F20260420.95
2026-04-22T20:12:37.0991042Z ##[endgroup]
2026-04-22T20:12:37.0992315Z ##[group]GITHUB_TOKEN Permissions
2026-04-22T20:12:37.0994226Z Actions: read
2026-04-22T20:12:37.0994763Z Checks: read
2026-04-22T20:12:37.0995267Z Contents: write
2026-04-22T20:12:37.0995725Z Metadata: read
2026-04-22T20:12:37.0996673Z PullRequests: write
2026-04-22T20:12:37.0997213Z ##[endgroup]
2026-04-22T20:12:37.0999466Z Secret source: Actions
2026-04-22T20:12:37.1000295Z Prepare workflow directory
2026-04-22T20:12:37.1405325Z Prepare all required actions
2026-04-22T20:12:37.1443676Z Getting action download info
2026-04-22T20:12:37.6650262Z Download action repository 'lewagon/wait-on-check-action@ccfb013c15c8afb7bf2b7c028fb74dc5a068cccc' (SHA:ccfb013c15c8afb7bf2b7c028fb74dc5a068cccc)
2026-04-22T20:12:38.6593323Z Getting action download info
2026-04-22T20:12:38.9475177Z Download action repository 'ruby/setup-ruby@v1' (SHA:0cb964fd540e0a24c900370abf38a33466142735)
2026-04-22T20:12:39.4951726Z Download action repository 'actions/cache@v4' (SHA:0057852bfaa89a56745cba8c7296529d2fc39830)
2026-04-22T20:12:39.6760430Z Complete job name: Auto-merge
2026-04-22T20:12:39.7374874Z ##[group]Run set -euo pipefail
2026-04-22T20:12:39.7375332Z [36;1mset -euo pipefail[0m
2026-04-22T20:12:39.7375760Z [36;1m# Give GitHub a short grace period to schedule workflow runs for[0m
2026-04-22T20:12:39.7376573Z [36;1m# the head commit. Paths-filtered workflows (android/backend/web CI)[0m
2026-04-22T20:12:39.7377097Z [36;1m# won't run for doc-only or cross-cutting config PRs, so the[0m
2026-04-22T20:12:39.7377598Z [36;1m# wait-on-check-action step below would otherwise hang waiting for[0m
2026-04-22T20:12:39.7378029Z [36;1m# checks that will never appear.[0m
2026-04-22T20:12:39.7378322Z [36;1msleep 20[0m
2026-04-22T20:12:39.7378651Z [36;1mCOUNT=$(gh api "repos/$REPO/commits/$HEAD_SHA/check-runs" \[0m
2026-04-22T20:12:39.7379136Z [36;1m  --jq '[.check_runs[] | select(.name != "Auto-merge")] | length')[0m
2026-04-22T20:12:39.7379609Z [36;1mecho "Non-Auto-merge check runs on head: $COUNT"[0m
2026-04-22T20:12:39.7380014Z [36;1mif [ "$COUNT" -gt 0 ]; then[0m
2026-04-22T20:12:39.7380327Z [36;1m  echo "has_ci=true" >> "$GITHUB_OUTPUT"[0m
2026-04-22T20:12:39.7380635Z [36;1melse[0m
2026-04-22T20:12:39.7380886Z [36;1m  echo "has_ci=false" >> "$GITHUB_OUTPUT"[0m
2026-04-22T20:12:39.7381295Z [36;1m  echo "No CI checks on this PR — will merge without waiting."[0m
2026-04-22T20:12:39.7381675Z [36;1mfi[0m
2026-04-22T20:12:39.7665561Z shell: /usr/bin/bash -e {0}
2026-04-22T20:12:39.7666772Z env:
2026-04-22T20:12:39.7667151Z   WAIT_INTERVAL: 30
2026-04-22T20:12:39.7667969Z   GH_TOKEN: ***
2026-04-22T20:12:39.7668409Z   HEAD_SHA: 16f9e2ffb41300dd01784ae16db0f6b9291509b1
2026-04-22T20:12:39.7668942Z   REPO: akarlin3/prismTask
2026-04-22T20:12:39.7669357Z ##[endgroup]
2026-04-22T20:13:02.4732430Z Non-Auto-merge check runs on head: 2
2026-04-22T20:13:02.4936864Z ##[group]Run lewagon/wait-on-check-action@ccfb013c15c8afb7bf2b7c028fb74dc5a068cccc
2026-04-22T20:13:02.4937375Z with:
2026-04-22T20:13:02.4937588Z   ref: 16f9e2ffb41300dd01784ae16db0f6b9291509b1
2026-04-22T20:13:02.4937870Z   running-workflow-name: Auto-merge
2026-04-22T20:13:02.4938338Z   repo-token: ***
2026-04-22T20:13:02.4938524Z   wait-interval: 30
2026-04-22T20:13:02.4938730Z   allowed-conclusions: success,skipped
2026-04-22T20:13:02.4938967Z   verbose: true
2026-04-22T20:13:02.4939133Z env:
2026-04-22T20:13:02.4939282Z   WAIT_INTERVAL: 30
2026-04-22T20:13:02.4939492Z ##[endgroup]
2026-04-22T20:13:02.5066450Z ##[group]Run ruby/setup-ruby@v1
2026-04-22T20:13:02.5066716Z with:
2026-04-22T20:13:02.5066898Z   ruby-version: 3.2
2026-04-22T20:13:02.5067142Z   bundler-cache: false
2026-04-22T20:13:02.5067463Z   token: ***
2026-04-22T20:13:02.5067627Z env:
2026-04-22T20:13:02.5067788Z   WAIT_INTERVAL: 30
2026-04-22T20:13:02.5067965Z ##[endgroup]
2026-04-22T20:13:02.6374057Z ##[group]Modifying PATH
2026-04-22T20:13:02.6374644Z Entries added to PATH to use selected Ruby:
2026-04-22T20:13:02.6375371Z   /opt/hostedtoolcache/Ruby/3.2.11/x64/bin
2026-04-22T20:13:02.6380114Z ##[endgroup]
2026-04-22T20:13:02.6381144Z ##[group]Print Ruby version
2026-04-22T20:13:02.6566512Z [command]/opt/hostedtoolcache/Ruby/3.2.11/x64/bin/ruby --version
2026-04-22T20:13:03.8608318Z ruby 3.2.11 (2026-03-27 revision 5483bfc1ae) [x86_64-linux]
2026-04-22T20:13:03.8719977Z Took   1.23 seconds
2026-04-22T20:13:03.8721061Z ##[endgroup]
2026-04-22T20:13:03.8721630Z ##[group]Installing Bundler
2026-04-22T20:13:03.8726934Z Using Bundler shipped with ruby-3.2.11
2026-04-22T20:13:03.8727934Z Took   0.00 seconds
2026-04-22T20:13:03.8729249Z ##[endgroup]
2026-04-22T20:13:03.9355181Z ##[group]Run actions/cache@v4
2026-04-22T20:13:03.9355440Z with:
2026-04-22T20:13:03.9356095Z   path: /home/runner/work/_actions/lewagon/wait-on-check-action/ccfb013c15c8afb7bf2b7c028fb74dc5a068cccc
2026-04-22T20:13:03.9422116Z   key: Linux-gems-
2026-04-22T20:13:03.9422423Z   restore-keys: Linux-gems-
2026-04-22T20:13:03.9422660Z   enableCrossOsArchive: false
2026-04-22T20:13:03.9422897Z   fail-on-cache-miss: false
2026-04-22T20:13:03.9423108Z   lookup-only: false
2026-04-22T20:13:03.9423296Z   save-always: false
2026-04-22T20:13:03.9423467Z env:
2026-04-22T20:13:03.9423648Z   WAIT_INTERVAL: 30
2026-04-22T20:13:03.9423846Z ##[endgroup]
2026-04-22T20:13:04.3721677Z Cache not found for input keys: Linux-gems-, Linux-gems-
2026-04-22T20:13:04.3790572Z ##[group]Run bundle install --jobs 4 --retry 3
2026-04-22T20:13:04.3790902Z [36;1mbundle install --jobs 4 --retry 3[0m
2026-04-22T20:13:04.3847287Z shell: /usr/bin/bash --noprofile --norc -e -o pipefail {0}
2026-04-22T20:13:04.3847669Z env:
2026-04-22T20:13:04.3847858Z   WAIT_INTERVAL: 30
2026-04-22T20:13:04.3848047Z ##[endgroup]
2026-04-22T20:13:07.5496280Z Bundler 2.4.19 is running, but your lockfile was generated with 2.2.3. Installing Bundler 2.2.3 and restarting using that version.
2026-04-22T20:13:10.3915367Z Fetching gem metadata from https://rubygems.org/.
2026-04-22T20:13:10.3990633Z Fetching bundler 2.2.3
2026-04-22T20:13:10.7239237Z Installing bundler 2.2.3
2026-04-22T20:13:11.0124143Z Calling `DidYouMean::SPELL_CHECKERS.merge!(error_name => spell_checker)' has been deprecated. Please call `DidYouMean.correct_error(error_name, spell_checker)' instead.
2026-04-22T20:13:12.3839613Z Fetching gem metadata from https://rubygems.org/.........
2026-04-22T20:13:12.3936237Z Fetching public_suffix 4.0.7
2026-04-22T20:13:12.3937459Z Fetching minitest 5.18.0
2026-04-22T20:13:12.4225367Z Fetching concurrent-ruby 1.2.2
2026-04-22T20:13:12.4231568Z Fetching zeitwerk 2.6.7
2026-04-22T20:13:12.5121246Z Installing zeitwerk 2.6.7
2026-04-22T20:13:12.5325267Z Installing minitest 5.18.0
2026-04-22T20:13:12.5409379Z Installing public_suffix 4.0.7
2026-04-22T20:13:12.5677331Z Fetching ast 2.4.2
2026-04-22T20:13:12.6034447Z Installing ast 2.4.2
2026-04-22T20:13:12.6074745Z Installing concurrent-ruby 1.2.2
2026-04-22T20:13:12.6202686Z Using bundler 2.2.3
2026-04-22T20:13:12.6211940Z Fetching byebug 11.1.3
2026-04-22T20:13:12.6529657Z Fetching diff-lcs 1.4.4
2026-04-22T20:13:12.6852213Z Installing byebug 11.1.3 with native extensions
2026-04-22T20:13:12.7076376Z Installing diff-lcs 1.4.4
2026-04-22T20:13:12.7268581Z Fetching faraday-net_http 2.0.3
2026-04-22T20:13:12.7641398Z Installing faraday-net_http 2.0.3
2026-04-22T20:13:12.7770971Z Using ruby2_keywords 0.0.5
2026-04-22T20:13:12.7781642Z Fetching json 2.7.1
2026-04-22T20:13:12.8228054Z Installing json 2.7.1 with native extensions
2026-04-22T20:13:12.8465642Z Fetching language_server-protocol 3.17.0.3
2026-04-22T20:13:12.8916992Z Installing language_server-protocol 3.17.0.3
2026-04-22T20:13:12.9563162Z Fetching lint_roller 1.1.0
2026-04-22T20:13:12.9953936Z Installing lint_roller 1.1.0
2026-04-22T20:13:13.0156865Z Fetching parallel 1.24.0
2026-04-22T20:13:13.0707356Z Installing parallel 1.24.0
2026-04-22T20:13:13.0850894Z Fetching racc 1.7.3
2026-04-22T20:13:13.1217274Z Installing racc 1.7.3 with native extensions
2026-04-22T20:13:13.1787269Z Fetching rainbow 3.1.1
2026-04-22T20:13:13.2228844Z Installing rainbow 3.1.1
2026-04-22T20:13:13.2309630Z Fetching regexp_parser 2.8.3
2026-04-22T20:13:13.2707231Z Installing regexp_parser 2.8.3
2026-04-22T20:13:13.3619440Z Fetching rexml 3.2.6
2026-04-22T20:13:13.3991248Z Installing rexml 3.2.6
2026-04-22T20:13:13.4201045Z Fetching rspec-support 3.10.1
2026-04-22T20:13:13.4530449Z Installing rspec-support 3.10.1
2026-04-22T20:13:13.4651880Z Fetching ruby-progressbar 1.13.0
2026-04-22T20:13:13.4985497Z Installing ruby-progressbar 1.13.0
2026-04-22T20:13:13.5088433Z Fetching unicode-display_width 2.5.0
2026-04-22T20:13:13.5395172Z Installing unicode-display_width 2.5.0
2026-04-22T20:13:13.5459246Z Fetching addressable 2.8.0
2026-04-22T20:13:13.5809710Z Installing addressable 2.8.0
2026-04-22T20:13:13.5951213Z Fetching faraday 2.3.0
2026-04-22T20:13:13.6326508Z Installing faraday 2.3.0
2026-04-22T20:13:13.6525580Z Fetching i18n 1.12.0
2026-04-22T20:13:13.6891720Z Installing i18n 1.12.0
2026-04-22T20:13:13.7041943Z Fetching tzinfo 2.0.6
2026-04-22T20:13:13.7423759Z Installing tzinfo 2.0.6
2026-04-22T20:13:13.7597688Z Fetching rspec-core 3.10.1
2026-04-22T20:13:13.8040078Z Installing rspec-core 3.10.1
2026-04-22T20:13:13.8318307Z Fetching rspec-expectations 3.10.1
2026-04-22T20:13:13.8701800Z Installing rspec-expectations 3.10.1
2026-04-22T20:13:13.8870680Z Fetching rspec-mocks 3.10.1
2026-04-22T20:13:13.9293245Z Installing rspec-mocks 3.10.1
2026-04-22T20:13:13.9447789Z Fetching faraday-retry 2.0.0
2026-04-22T20:13:13.9785197Z Installing faraday-retry 2.0.0
2026-04-22T20:13:13.9842863Z Fetching sawyer 0.9.2
2026-04-22T20:13:14.0161186Z Installing sawyer 0.9.2
2026-04-22T20:13:14.0245147Z Fetching activesupport 6.1.7.3
2026-04-22T20:13:14.0675582Z Installing activesupport 6.1.7.3
2026-04-22T20:13:14.1270727Z Fetching rspec 3.10.0
2026-04-22T20:13:14.1631221Z Installing rspec 3.10.0
2026-04-22T20:13:14.1680832Z Fetching octokit 4.25.0
2026-04-22T20:13:14.2054036Z Installing octokit 4.25.0
2026-04-22T20:13:21.3731361Z Fetching parser 3.2.2.4
2026-04-22T20:13:21.4698460Z Installing parser 3.2.2.4
2026-04-22T20:13:21.5816880Z Fetching rubocop-ast 1.30.0
2026-04-22T20:13:21.6224328Z Installing rubocop-ast 1.30.0
2026-04-22T20:13:22.8208442Z Fetching rubocop 1.57.2
2026-04-22T20:13:22.8997314Z Installing rubocop 1.57.2
2026-04-22T20:13:23.0570763Z Fetching rubocop-performance 1.19.1
2026-04-22T20:13:23.0571380Z Fetching standard-custom 1.0.2
2026-04-22T20:13:23.1122901Z Installing standard-custom 1.0.2
2026-04-22T20:13:23.1130134Z Installing rubocop-performance 1.19.1
2026-04-22T20:13:23.1337325Z Fetching standard-performance 1.2.1
2026-04-22T20:13:23.1655397Z Installing standard-performance 1.2.1
2026-04-22T20:13:23.1728114Z Fetching standard 1.32.1
2026-04-22T20:13:23.2052458Z Installing standard 1.32.1
2026-04-22T20:13:23.2265359Z Bundle complete! 6 Gemfile dependencies, 40 gems now installed.
2026-04-22T20:13:23.2266886Z Use `bundle info [gemname]` to see where a bundled gem is installed.
2026-04-22T20:13:23.2760597Z ##[group]Run ruby entrypoint.rb
2026-04-22T20:13:23.2760879Z [36;1mruby entrypoint.rb[0m
2026-04-22T20:13:23.2814556Z shell: /usr/bin/bash --noprofile --norc -e -o pipefail {0}
2026-04-22T20:13:23.2814899Z env:
2026-04-22T20:13:23.2815067Z   WAIT_INTERVAL: 30
2026-04-22T20:13:23.2815288Z   ALLOWED_CONCLUSIONS: success,skipped
2026-04-22T20:13:23.2815549Z   IGNORE_CHECKS: 
2026-04-22T20:13:23.2815736Z   CHECK_NAME: 
2026-04-22T20:13:23.2816088Z   CHECK_REGEXP: 
2026-04-22T20:13:23.2816312Z   REF: 16f9e2ffb41300dd01784ae16db0f6b9291509b1
2026-04-22T20:13:23.2816795Z   REPO_TOKEN: ***
2026-04-22T20:13:23.2816987Z   VERBOSE: true
2026-04-22T20:13:23.2817190Z   RUNNING_WORKFLOW_NAME: Auto-merge
2026-04-22T20:13:23.2817439Z   API_ENDPOINT: 
2026-04-22T20:13:23.2817625Z ##[endgroup]
2026-04-22T20:14:25.1720224Z Checks running on ref:
2026-04-22T20:14:25.1720772Z Checks in_progress: lint-and-test, Auto-merge
2026-04-22T20:14:25.1721333Z Checks completed: autofix
2026-04-22T20:14:25.1721813Z Checks after ignore checks filter:
2026-04-22T20:14:25.1722300Z Checks in_progress: lint-and-test
2026-04-22T20:14:25.1722749Z Checks completed: autofix
2026-04-22T20:14:25.1723169Z Checks after check_name filter:
2026-04-22T20:14:25.1723619Z Checks in_progress: lint-and-test
2026-04-22T20:14:25.1724058Z Checks completed: autofix
2026-04-22T20:14:25.1724492Z Checks after Regexp filter:
2026-04-22T20:14:25.1724767Z Checks in_progress: lint-and-test
2026-04-22T20:14:25.1725032Z Checks completed: autofix
2026-04-22T20:14:25.1725429Z The requested checks aren't complete yet, will check back in 30 seconds...
2026-04-22T20:14:25.1726092Z Checks running on ref:
2026-04-22T20:14:25.1726420Z Checks completed: firebase-distribute, lint-and-test, autofix
2026-04-22T20:14:25.1726849Z Checks in_progress: capture-failure-log, Auto-merge
2026-04-22T20:14:25.1727184Z Checks after ignore checks filter:
2026-04-22T20:14:25.1727550Z Checks completed: firebase-distribute, lint-and-test, autofix
2026-04-22T20:14:25.1727934Z Checks in_progress: capture-failure-log
2026-04-22T20:14:25.1728229Z Checks after check_name filter:
2026-04-22T20:14:25.1728571Z Checks completed: firebase-distribute, lint-and-test, autofix
2026-04-22T20:14:25.1728948Z Checks in_progress: capture-failure-log
2026-04-22T20:14:25.1729238Z Checks after Regexp filter:
2026-04-22T20:14:25.1729561Z Checks completed: firebase-distribute, lint-and-test, autofix
2026-04-22T20:14:25.1729938Z Checks in_progress: capture-failure-log
2026-04-22T20:14:25.1730345Z The requested checks aren't complete yet, will check back in 30 seconds...
2026-04-22T20:14:25.1730757Z Checks running on ref:
2026-04-22T20:14:25.1731152Z Checks completed: firebase-distribute, capture-failure-log, lint-and-test, autofix
2026-04-22T20:14:25.1731630Z Checks in_progress: Auto-merge
2026-04-22T20:14:25.1731898Z Checks after ignore checks filter:
2026-04-22T20:14:25.1732332Z Checks completed: firebase-distribute, capture-failure-log, lint-and-test, autofix
2026-04-22T20:14:25.1732808Z Checks after check_name filter:
2026-04-22T20:14:25.1733226Z Checks completed: firebase-distribute, capture-failure-log, lint-and-test, autofix
2026-04-22T20:14:25.1733965Z Checks after Regexp filter:
2026-04-22T20:14:25.1734518Z Checks completed: firebase-distribute, capture-failure-log, lint-and-test, autofix
2026-04-22T20:14:25.1734968Z Checks completed:
2026-04-22T20:14:25.1735195Z firebase-distribute: completed (skipped)
2026-04-22T20:14:25.1735468Z capture-failure-log: completed (success)
2026-04-22T20:14:25.1735726Z lint-and-test: completed (failure)
2026-04-22T20:14:25.1736126Z autofix: completed (failure)
2026-04-22T20:14:25.1736727Z The conclusion of one or more checks were not allowed. Allowed conclusions are: success, skipped. This can be configured with the 'allowed-conclusions' param.
2026-04-22T20:14:25.1800429Z ##[error]Process completed with exit code 1.
2026-04-22T20:14:25.1916982Z Post job cleanup.
2026-04-22T20:14:25.1972525Z Cleaning up orphan processes
2026-04-22T20:14:25.2225331Z ##[warning]Node.js 20 actions are deprecated. The following actions are running on Node.js 20 and may not work as expected: actions/cache@v4. Actions will be forced to run with Node.js 24 by default starting June 2nd, 2026. Node.js 20 will be removed from the runner on September 16th, 2026. Please check if updated versions of these actions are available that support Node.js 24. To opt into Node.js 24 now, set the FORCE_JAVASCRIPT_ACTIONS_TO_NODE24=true environment variable on the runner or in your workflow file. Once Node.js 24 becomes the default, you can temporarily opt out by setting ACTIONS_ALLOW_USE_UNSECURE_NODE_VERSION=true. For more information see: https://github.blog/changelog/2025-09-19-deprecation-of-node-20-on-github-actions-runners/
