=== CI FAILURE ===
Workflow:      Auto-merge & Release
Workflow file: akarlin3/prismTask/.github/workflows/auto-merge.yml@refs/pull/782/merge
Job(s):        Auto-merge
Run ID:        24945691262
Run attempt:   1
Run URL:       https://github.com/akarlin3/prismTask/actions/runs/24945691262
Commit:        e036f6032549f6ee24b5850713b3f942763c63ab
Branch:        782/merge
Event:         pull_request
Actor:         akarlin3
Runner OS:     Linux
Timestamp:     2026-04-26T02:11:11.442Z

Failed steps:
  - Auto-merge: #3 Wait for all other CI checks to pass

=== FAILED JOB LOG ===

--- Job: Auto-merge (id 73046667265) ---
2026-04-26T01:53:27.1932212Z Current runner version: '2.333.1'
2026-04-26T01:53:27.1956435Z ##[group]Runner Image Provisioner
2026-04-26T01:53:27.1957176Z Hosted Compute Agent
2026-04-26T01:53:27.1957848Z Version: 20260213.493
2026-04-26T01:53:27.1958445Z Commit: 5c115507f6dd24b8de37d8bbe0bb4509d0cc0fa3
2026-04-26T01:53:27.1959086Z Build Date: 2026-02-13T00:28:41Z
2026-04-26T01:53:27.1959819Z Worker ID: {2e62d7f4-8740-4ba8-8f8b-66956700b729}
2026-04-26T01:53:27.1960524Z Azure Region: northcentralus
2026-04-26T01:53:27.1961089Z ##[endgroup]
2026-04-26T01:53:27.1962499Z ##[group]Operating System
2026-04-26T01:53:27.1963065Z Ubuntu
2026-04-26T01:53:27.1963529Z 24.04.4
2026-04-26T01:53:27.1964446Z LTS
2026-04-26T01:53:27.1965198Z ##[endgroup]
2026-04-26T01:53:27.1965718Z ##[group]Runner Image
2026-04-26T01:53:27.1966327Z Image: ubuntu-24.04
2026-04-26T01:53:27.1966842Z Version: 20260413.86.1
2026-04-26T01:53:27.1968029Z Included Software: https://github.com/actions/runner-images/blob/ubuntu24/20260413.86/images/ubuntu/Ubuntu2404-Readme.md
2026-04-26T01:53:27.1969525Z Image Release: https://github.com/actions/runner-images/releases/tag/ubuntu24%2F20260413.86
2026-04-26T01:53:27.1970400Z ##[endgroup]
2026-04-26T01:53:27.1971741Z ##[group]GITHUB_TOKEN Permissions
2026-04-26T01:53:27.1973589Z Actions: read
2026-04-26T01:53:27.1974635Z Checks: read
2026-04-26T01:53:27.1975214Z Contents: write
2026-04-26T01:53:27.1975696Z Metadata: read
2026-04-26T01:53:27.1976272Z PullRequests: write
2026-04-26T01:53:27.1976764Z ##[endgroup]
2026-04-26T01:53:27.1978775Z Secret source: Actions
2026-04-26T01:53:27.1980018Z Prepare workflow directory
2026-04-26T01:53:27.2387253Z Prepare all required actions
2026-04-26T01:53:27.2424767Z Getting action download info
2026-04-26T01:53:27.5754189Z Download action repository 'lewagon/wait-on-check-action@ccfb013c15c8afb7bf2b7c028fb74dc5a068cccc' (SHA:ccfb013c15c8afb7bf2b7c028fb74dc5a068cccc)
2026-04-26T01:53:28.0583066Z Getting action download info
2026-04-26T01:53:28.2200992Z Download action repository 'ruby/setup-ruby@v1' (SHA:0cb964fd540e0a24c900370abf38a33466142735)
2026-04-26T01:53:28.6490978Z Download action repository 'actions/cache@v4' (SHA:0057852bfaa89a56745cba8c7296529d2fc39830)
2026-04-26T01:53:28.8553084Z Complete job name: Auto-merge
2026-04-26T01:53:28.9230493Z ##[group]Run set -euo pipefail
2026-04-26T01:53:28.9231629Z [36;1mset -euo pipefail[0m
2026-04-26T01:53:28.9232968Z [36;1m# Audit item #5 — poll check-runs for up to 60s instead of a bare[0m
2026-04-26T01:53:28.9234960Z [36;1m# 20s sleep. On a busy runner cohort the initial 20s wasn't enough[0m
2026-04-26T01:53:28.9236716Z [36;1m# for the API to reflect queued workflow runs, which could merge[0m
2026-04-26T01:53:28.9238441Z [36;1m# PRs without waiting for CI. Bail out early as soon as ≥1 real[0m
2026-04-26T01:53:28.9239847Z [36;1m# check shows up.[0m
2026-04-26T01:53:28.9240766Z [36;1mCOUNT=0[0m
2026-04-26T01:53:28.9241570Z [36;1mfor i in $(seq 1 6); do[0m
2026-04-26T01:53:28.9242537Z [36;1m  sleep 10[0m
2026-04-26T01:53:28.9243703Z [36;1m  COUNT=$(gh api "repos/$REPO/commits/$HEAD_SHA/check-runs" \[0m
2026-04-26T01:53:28.9245563Z [36;1m    --jq '[.check_runs[] | select(.name != "Auto-merge")] | length')[0m
2026-04-26T01:53:28.9247032Z [36;1m  if [ "$COUNT" -gt 0 ]; then[0m
2026-04-26T01:53:28.9248353Z [36;1m    echo "Found $COUNT non-Auto-merge check(s) after ${i}0s"[0m
2026-04-26T01:53:28.9249679Z [36;1m    break[0m
2026-04-26T01:53:28.9250692Z [36;1m  fi[0m
2026-04-26T01:53:28.9252206Z [36;1m  echo "No non-Auto-merge checks yet (attempt $i/6)"[0m
2026-04-26T01:53:28.9253817Z [36;1mdone[0m
2026-04-26T01:53:28.9254921Z [36;1mif [ "$COUNT" -gt 0 ]; then[0m
2026-04-26T01:53:28.9256316Z [36;1m  echo "has_ci=true" >> "$GITHUB_OUTPUT"[0m
2026-04-26T01:53:28.9257455Z [36;1melse[0m
2026-04-26T01:53:28.9258339Z [36;1m  echo "has_ci=false" >> "$GITHUB_OUTPUT"[0m
2026-04-26T01:53:28.9259889Z [36;1m  echo "No CI checks on this PR after 60s — will merge without waiting."[0m
2026-04-26T01:53:28.9261889Z [36;1mfi[0m
2026-04-26T01:53:28.9287808Z shell: /usr/bin/bash -e {0}
2026-04-26T01:53:28.9289038Z env:
2026-04-26T01:53:28.9289784Z   WAIT_INTERVAL: 30
2026-04-26T01:53:28.9290967Z   GH_TOKEN: ***
2026-04-26T01:53:28.9291899Z   HEAD_SHA: 03f380cdd012c5f19b6f1e490428f4c435b0032f
2026-04-26T01:53:28.9293098Z   REPO: akarlin3/prismTask
2026-04-26T01:53:28.9294264Z ##[endgroup]
2026-04-26T01:53:39.3779064Z Found 8 non-Auto-merge check(s) after 10s
2026-04-26T01:53:39.4012414Z ##[group]Run lewagon/wait-on-check-action@ccfb013c15c8afb7bf2b7c028fb74dc5a068cccc
2026-04-26T01:53:39.4012904Z with:
2026-04-26T01:53:39.4013180Z   ref: 03f380cdd012c5f19b6f1e490428f4c435b0032f
2026-04-26T01:53:39.4013513Z   running-workflow-name: Auto-merge
2026-04-26T01:53:39.4014470Z   repo-token: ***
2026-04-26T01:53:39.4014736Z   wait-interval: 30
2026-04-26T01:53:39.4015028Z   allowed-conclusions: success,skipped,neutral
2026-04-26T01:53:39.4015339Z   verbose: true
2026-04-26T01:53:39.4015560Z env:
2026-04-26T01:53:39.4015758Z   WAIT_INTERVAL: 30
2026-04-26T01:53:39.4016014Z ##[endgroup]
2026-04-26T01:53:39.4155866Z ##[group]Run ruby/setup-ruby@v1
2026-04-26T01:53:39.4156173Z with:
2026-04-26T01:53:39.4156391Z   ruby-version: 3.2
2026-04-26T01:53:39.4156657Z   bundler-cache: false
2026-04-26T01:53:39.4157042Z   token: ***
2026-04-26T01:53:39.4157257Z env:
2026-04-26T01:53:39.4157463Z   WAIT_INTERVAL: 30
2026-04-26T01:53:39.4157687Z ##[endgroup]
2026-04-26T01:53:39.5514724Z ##[group]Modifying PATH
2026-04-26T01:53:39.5515480Z Entries added to PATH to use selected Ruby:
2026-04-26T01:53:39.5516791Z   /opt/hostedtoolcache/Ruby/3.2.11/x64/bin
2026-04-26T01:53:39.5521135Z ##[endgroup]
2026-04-26T01:53:39.5522421Z ##[group]Print Ruby version
2026-04-26T01:53:39.5626749Z [command]/opt/hostedtoolcache/Ruby/3.2.11/x64/bin/ruby --version
2026-04-26T01:53:39.7121056Z ruby 3.2.11 (2026-03-27 revision 5483bfc1ae) [x86_64-linux]
2026-04-26T01:53:39.7159328Z Took   0.16 seconds
2026-04-26T01:53:39.7160150Z ##[endgroup]
2026-04-26T01:53:39.7175348Z ##[group]Installing Bundler
2026-04-26T01:53:39.7175839Z Using Bundler shipped with ruby-3.2.11
2026-04-26T01:53:39.7176294Z Took   0.00 seconds
2026-04-26T01:53:39.7176827Z ##[endgroup]
2026-04-26T01:53:39.7865088Z ##[group]Run actions/cache@v4
2026-04-26T01:53:39.7865352Z with:
2026-04-26T01:53:39.7865774Z   path: /home/runner/work/_actions/lewagon/wait-on-check-action/ccfb013c15c8afb7bf2b7c028fb74dc5a068cccc
2026-04-26T01:53:39.7866279Z   key: Linux-gems-
2026-04-26T01:53:39.7866476Z   restore-keys: Linux-gems-
2026-04-26T01:53:39.7866705Z   enableCrossOsArchive: false
2026-04-26T01:53:39.7866927Z   fail-on-cache-miss: false
2026-04-26T01:53:39.7867136Z   lookup-only: false
2026-04-26T01:53:39.7867331Z   save-always: false
2026-04-26T01:53:39.7867508Z env:
2026-04-26T01:53:39.7867668Z   WAIT_INTERVAL: 30
2026-04-26T01:53:39.7867842Z ##[endgroup]
2026-04-26T01:53:40.0279978Z Cache not found for input keys: Linux-gems-, Linux-gems-
2026-04-26T01:53:40.0355349Z ##[group]Run bundle install --jobs 4 --retry 3
2026-04-26T01:53:40.0355675Z [36;1mbundle install --jobs 4 --retry 3[0m
2026-04-26T01:53:40.0379428Z shell: /usr/bin/bash --noprofile --norc -e -o pipefail {0}
2026-04-26T01:53:40.0379752Z env:
2026-04-26T01:53:40.0379922Z   WAIT_INTERVAL: 30
2026-04-26T01:53:40.0380104Z ##[endgroup]
2026-04-26T01:53:41.2649030Z Bundler 2.4.19 is running, but your lockfile was generated with 2.2.3. Installing Bundler 2.2.3 and restarting using that version.
2026-04-26T01:53:42.7141997Z Fetching gem metadata from https://rubygems.org/.
2026-04-26T01:53:42.7234574Z Fetching bundler 2.2.3
2026-04-26T01:53:42.8951795Z Installing bundler 2.2.3
2026-04-26T01:53:43.0999906Z Calling `DidYouMean::SPELL_CHECKERS.merge!(error_name => spell_checker)' has been deprecated. Please call `DidYouMean.correct_error(error_name, spell_checker)' instead.
2026-04-26T01:53:44.3284506Z Fetching gem metadata from https://rubygems.org/.........
2026-04-26T01:53:44.3377574Z Fetching minitest 5.18.0
2026-04-26T01:53:44.3382637Z Fetching public_suffix 4.0.7
2026-04-26T01:53:44.3882182Z Fetching concurrent-ruby 1.2.2
2026-04-26T01:53:44.3891178Z Fetching zeitwerk 2.6.7
2026-04-26T01:53:44.4626051Z Installing zeitwerk 2.6.7
2026-04-26T01:53:44.4760536Z Installing minitest 5.18.0
2026-04-26T01:53:44.4809385Z Installing public_suffix 4.0.7
2026-04-26T01:53:44.5307415Z Fetching ast 2.4.2
2026-04-26T01:53:44.5541311Z Installing concurrent-ruby 1.2.2
2026-04-26T01:53:44.5668133Z Using bundler 2.2.3
2026-04-26T01:53:44.5679979Z Fetching byebug 11.1.3
2026-04-26T01:53:44.5948518Z Installing ast 2.4.2
2026-04-26T01:53:44.6138973Z Fetching diff-lcs 1.4.4
2026-04-26T01:53:44.6402626Z Installing byebug 11.1.3 with native extensions
2026-04-26T01:53:44.6499965Z Fetching faraday-net_http 2.0.3
2026-04-26T01:53:44.6833364Z Installing diff-lcs 1.4.4
2026-04-26T01:53:44.7026455Z Installing faraday-net_http 2.0.3
2026-04-26T01:53:44.7156048Z Using ruby2_keywords 0.0.5
2026-04-26T01:53:44.7177066Z Fetching json 2.7.1
2026-04-26T01:53:44.7631119Z Installing json 2.7.1 with native extensions
2026-04-26T01:53:44.7879851Z Fetching language_server-protocol 3.17.0.3
2026-04-26T01:53:44.8421539Z Installing language_server-protocol 3.17.0.3
2026-04-26T01:53:44.9185743Z Fetching lint_roller 1.1.0
2026-04-26T01:53:44.9750484Z Installing lint_roller 1.1.0
2026-04-26T01:53:44.9902342Z Fetching parallel 1.24.0
2026-04-26T01:53:45.0382366Z Installing parallel 1.24.0
2026-04-26T01:53:45.0429757Z Fetching racc 1.7.3
2026-04-26T01:53:45.0976456Z Installing racc 1.7.3 with native extensions
2026-04-26T01:53:45.1384271Z Fetching rainbow 3.1.1
2026-04-26T01:53:45.1796349Z Installing rainbow 3.1.1
2026-04-26T01:53:45.1861648Z Fetching regexp_parser 2.8.3
2026-04-26T01:53:45.2266688Z Installing regexp_parser 2.8.3
2026-04-26T01:53:45.2500784Z Fetching rexml 3.2.6
2026-04-26T01:53:45.2902443Z Installing rexml 3.2.6
2026-04-26T01:53:45.3181302Z Fetching rspec-support 3.10.1
2026-04-26T01:53:45.3985198Z Installing rspec-support 3.10.1
2026-04-26T01:53:45.4352947Z Fetching ruby-progressbar 1.13.0
2026-04-26T01:53:45.4722765Z Installing ruby-progressbar 1.13.0
2026-04-26T01:53:45.4828217Z Fetching unicode-display_width 2.5.0
2026-04-26T01:53:45.5187842Z Installing unicode-display_width 2.5.0
2026-04-26T01:53:45.5242269Z Fetching addressable 2.8.0
2026-04-26T01:53:45.5725004Z Installing addressable 2.8.0
2026-04-26T01:53:45.5849564Z Fetching faraday 2.3.0
2026-04-26T01:53:45.6235617Z Installing faraday 2.3.0
2026-04-26T01:53:45.6465297Z Fetching i18n 1.12.0
2026-04-26T01:53:45.6902180Z Installing i18n 1.12.0
2026-04-26T01:53:45.7067026Z Fetching tzinfo 2.0.6
2026-04-26T01:53:45.7453617Z Installing tzinfo 2.0.6
2026-04-26T01:53:45.7618870Z Fetching rspec-core 3.10.1
2026-04-26T01:53:45.8120420Z Installing rspec-core 3.10.1
2026-04-26T01:53:45.8533785Z Fetching rspec-expectations 3.10.1
2026-04-26T01:53:45.9205138Z Installing rspec-expectations 3.10.1
2026-04-26T01:53:45.9470942Z Fetching rspec-mocks 3.10.1
2026-04-26T01:53:46.0134314Z Installing rspec-mocks 3.10.1
2026-04-26T01:53:46.0374898Z Fetching faraday-retry 2.0.0
2026-04-26T01:53:46.0995103Z Installing faraday-retry 2.0.0
2026-04-26T01:53:46.1104607Z Fetching sawyer 0.9.2
2026-04-26T01:53:46.1645051Z Installing sawyer 0.9.2
2026-04-26T01:53:46.1754686Z Fetching activesupport 6.1.7.3
2026-04-26T01:53:46.2324528Z Installing activesupport 6.1.7.3
2026-04-26T01:53:46.3255024Z Fetching rspec 3.10.0
2026-04-26T01:53:46.3868562Z Installing rspec 3.10.0
2026-04-26T01:53:46.3948736Z Fetching octokit 4.25.0
2026-04-26T01:53:46.4414824Z Fetching parser 3.2.2.4
2026-04-26T01:53:46.5032070Z Installing octokit 4.25.0
2026-04-26T01:53:46.5824906Z Installing parser 3.2.2.4
2026-04-26T01:53:46.6965266Z Fetching rubocop-ast 1.30.0
2026-04-26T01:53:46.7565716Z Installing rubocop-ast 1.30.0
2026-04-26T01:53:48.2018441Z Fetching rubocop 1.57.2
2026-04-26T01:53:48.2634927Z Installing rubocop 1.57.2
2026-04-26T01:53:48.4339703Z Fetching standard-custom 1.0.2
2026-04-26T01:53:48.4340569Z Fetching rubocop-performance 1.19.1
2026-04-26T01:53:48.4925808Z Installing standard-custom 1.0.2
2026-04-26T01:53:48.4972680Z Installing rubocop-performance 1.19.1
2026-04-26T01:53:48.5171714Z Fetching standard-performance 1.2.1
2026-04-26T01:53:48.5609357Z Installing standard-performance 1.2.1
2026-04-26T01:53:48.5678440Z Fetching standard 1.32.1
2026-04-26T01:53:48.6026417Z Installing standard 1.32.1
2026-04-26T01:53:48.6260815Z Bundle complete! 6 Gemfile dependencies, 40 gems now installed.
2026-04-26T01:53:48.6261907Z Use `bundle info [gemname]` to see where a bundled gem is installed.
2026-04-26T01:53:48.6762272Z ##[group]Run ruby entrypoint.rb
2026-04-26T01:53:48.6762538Z [36;1mruby entrypoint.rb[0m
2026-04-26T01:53:48.6785073Z shell: /usr/bin/bash --noprofile --norc -e -o pipefail {0}
2026-04-26T01:53:48.6785392Z env:
2026-04-26T01:53:48.6785555Z   WAIT_INTERVAL: 30
2026-04-26T01:53:48.6785772Z   ALLOWED_CONCLUSIONS: success,skipped,neutral
2026-04-26T01:53:48.6786041Z   IGNORE_CHECKS: 
2026-04-26T01:53:48.6786206Z   CHECK_NAME: 
2026-04-26T01:53:48.6786372Z   CHECK_REGEXP: 
2026-04-26T01:53:48.6786571Z   REF: 03f380cdd012c5f19b6f1e490428f4c435b0032f
2026-04-26T01:53:48.6787053Z   REPO_TOKEN: ***
2026-04-26T01:53:48.6787237Z   VERBOSE: true
2026-04-26T01:53:48.6787427Z   RUNNING_WORKFLOW_NAME: Auto-merge
2026-04-26T01:53:48.6787653Z   API_ENDPOINT: 
2026-04-26T01:53:48.6787827Z ##[endgroup]
2026-04-26T01:58:22.9100564Z Checks running on ref:
2026-04-26T01:58:22.9101489Z Checks completed: capture-failure-log, e2e, web-lint-and-test, maybe-label
2026-04-26T01:58:22.9102639Z Checks in_progress: connected-tests, cross-device-tests, test, lint-and-test, autofix, Auto-merge
2026-04-26T01:58:22.9103552Z Checks after ignore checks filter:
2026-04-26T01:58:22.9104556Z Checks completed: capture-failure-log, e2e, web-lint-and-test, maybe-label
2026-04-26T01:58:22.9105644Z Checks in_progress: connected-tests, cross-device-tests, test, lint-and-test, autofix
2026-04-26T01:58:22.9106494Z Checks after check_name filter:
2026-04-26T01:58:22.9107189Z Checks completed: capture-failure-log, e2e, web-lint-and-test, maybe-label
2026-04-26T01:58:22.9108265Z Checks in_progress: connected-tests, cross-device-tests, test, lint-and-test, autofix
2026-04-26T01:58:22.9108977Z Checks after Regexp filter:
2026-04-26T01:58:22.9109416Z Checks completed: capture-failure-log, e2e, web-lint-and-test, maybe-label
2026-04-26T01:58:22.9110081Z Checks in_progress: connected-tests, cross-device-tests, test, lint-and-test, autofix
2026-04-26T01:58:22.9110747Z The requested checks aren't complete yet, will check back in 30 seconds...
2026-04-26T01:58:22.9111208Z Checks running on ref:
2026-04-26T01:58:22.9111606Z Checks completed: capture-failure-log, e2e, web-lint-and-test, maybe-label
2026-04-26T01:58:22.9112334Z Checks in_progress: connected-tests, cross-device-tests, test, lint-and-test, autofix, Auto-merge
2026-04-26T01:58:22.9112922Z Checks after ignore checks filter:
2026-04-26T01:58:22.9113371Z Checks completed: capture-failure-log, e2e, web-lint-and-test, maybe-label
2026-04-26T01:58:22.9114292Z Checks in_progress: connected-tests, cross-device-tests, test, lint-and-test, autofix
2026-04-26T01:58:22.9114829Z Checks after check_name filter:
2026-04-26T01:58:22.9115272Z Checks completed: capture-failure-log, e2e, web-lint-and-test, maybe-label
2026-04-26T01:58:22.9115945Z Checks in_progress: connected-tests, cross-device-tests, test, lint-and-test, autofix
2026-04-26T01:58:22.9116469Z Checks after Regexp filter:
2026-04-26T01:58:22.9116900Z Checks completed: capture-failure-log, e2e, web-lint-and-test, maybe-label
2026-04-26T01:58:22.9117575Z Checks in_progress: connected-tests, cross-device-tests, test, lint-and-test, autofix
2026-04-26T01:58:22.9118124Z The requested checks aren't complete yet, will check back in 30 seconds...
2026-04-26T01:58:22.9118475Z Checks running on ref:
2026-04-26T01:58:22.9118782Z Checks completed: capture-failure-log, e2e, web-lint-and-test, maybe-label
2026-04-26T01:58:22.9119330Z Checks in_progress: connected-tests, cross-device-tests, test, lint-and-test, autofix, Auto-merge
2026-04-26T01:58:22.9119777Z Checks after ignore checks filter:
2026-04-26T01:58:22.9120485Z Checks completed: capture-failure-log, e2e, web-lint-and-test, maybe-label
2026-04-26T01:58:22.9120982Z Checks in_progress: connected-tests, cross-device-tests, test, lint-and-test, autofix
2026-04-26T01:58:22.9121377Z Checks after check_name filter:
2026-04-26T01:58:22.9121718Z Checks completed: capture-failure-log, e2e, web-lint-and-test, maybe-label
2026-04-26T01:58:22.9122425Z Checks in_progress: connected-tests, cross-device-tests, test, lint-and-test, autofix
2026-04-26T01:58:22.9122825Z Checks after Regexp filter:
2026-04-26T01:58:22.9123140Z Checks completed: capture-failure-log, e2e, web-lint-and-test, maybe-label
2026-04-26T01:58:22.9123624Z Checks in_progress: connected-tests, cross-device-tests, test, lint-and-test, autofix
2026-04-26T01:58:22.9124362Z The requested checks aren't complete yet, will check back in 30 seconds...
2026-04-26T01:58:22.9124700Z Checks running on ref:
2026-04-26T01:58:22.9125002Z Checks completed: capture-failure-log, e2e, web-lint-and-test, maybe-label
2026-04-26T01:58:22.9125538Z Checks in_progress: connected-tests, cross-device-tests, test, lint-and-test, autofix, Auto-merge
2026-04-26T01:58:22.9125974Z Checks after ignore checks filter:
2026-04-26T01:58:22.9126312Z Checks completed: capture-failure-log, e2e, web-lint-and-test, maybe-label
2026-04-26T01:58:22.9126791Z Checks in_progress: connected-tests, cross-device-tests, test, lint-and-test, autofix
2026-04-26T01:58:22.9127182Z Checks after check_name filter:
2026-04-26T01:58:22.9127519Z Checks completed: capture-failure-log, e2e, web-lint-and-test, maybe-label
2026-04-26T01:58:22.9127998Z Checks in_progress: connected-tests, cross-device-tests, test, lint-and-test, autofix
2026-04-26T01:58:22.9128404Z Checks after Regexp filter:
2026-04-26T01:58:22.9128713Z Checks completed: capture-failure-log, e2e, web-lint-and-test, maybe-label
2026-04-26T01:58:22.9129195Z Checks in_progress: connected-tests, cross-device-tests, test, lint-and-test, autofix
2026-04-26T01:58:22.9129675Z The requested checks aren't complete yet, will check back in 30 seconds...
2026-04-26T01:58:22.9130009Z Checks running on ref:
2026-04-26T01:58:22.9130309Z Checks completed: capture-failure-log, e2e, web-lint-and-test, maybe-label
2026-04-26T01:58:22.9130838Z Checks in_progress: connected-tests, cross-device-tests, test, lint-and-test, autofix, Auto-merge
2026-04-26T01:58:22.9131271Z Checks after ignore checks filter:
2026-04-26T01:58:22.9131609Z Checks completed: capture-failure-log, e2e, web-lint-and-test, maybe-label
2026-04-26T01:58:22.9132098Z Checks in_progress: connected-tests, cross-device-tests, test, lint-and-test, autofix
2026-04-26T01:58:22.9132479Z Checks after check_name filter:
2026-04-26T01:58:22.9132804Z Checks completed: capture-failure-log, e2e, web-lint-and-test, maybe-label
2026-04-26T01:58:22.9133282Z Checks in_progress: connected-tests, cross-device-tests, test, lint-and-test, autofix
2026-04-26T01:58:22.9133663Z Checks after Regexp filter:
2026-04-26T01:58:22.9134210Z Checks completed: capture-failure-log, e2e, web-lint-and-test, maybe-label
2026-04-26T01:58:22.9134710Z Checks in_progress: connected-tests, cross-device-tests, test, lint-and-test, autofix
2026-04-26T01:58:22.9135189Z The requested checks aren't complete yet, will check back in 30 seconds...
2026-04-26T01:58:22.9135524Z Checks running on ref:
2026-04-26T01:58:22.9135820Z Checks completed: capture-failure-log, e2e, web-lint-and-test, maybe-label
2026-04-26T01:58:22.9136357Z Checks in_progress: connected-tests, cross-device-tests, test, lint-and-test, autofix, Auto-merge
2026-04-26T01:58:22.9136796Z Checks after ignore checks filter:
2026-04-26T01:58:22.9137129Z Checks completed: capture-failure-log, e2e, web-lint-and-test, maybe-label
2026-04-26T01:58:22.9137618Z Checks in_progress: connected-tests, cross-device-tests, test, lint-and-test, autofix
2026-04-26T01:58:22.9138001Z Checks after check_name filter:
2026-04-26T01:58:22.9138326Z Checks completed: capture-failure-log, e2e, web-lint-and-test, maybe-label
2026-04-26T01:58:22.9138811Z Checks in_progress: connected-tests, cross-device-tests, test, lint-and-test, autofix
2026-04-26T01:58:22.9139344Z Checks after Regexp filter:
2026-04-26T01:58:22.9139666Z Checks completed: capture-failure-log, e2e, web-lint-and-test, maybe-label
2026-04-26T01:58:22.9140153Z Checks in_progress: connected-tests, cross-device-tests, test, lint-and-test, autofix
2026-04-26T01:58:22.9140730Z The requested checks aren't complete yet, will check back in 30 seconds...
2026-04-26T01:58:22.9141075Z Checks running on ref:
2026-04-26T01:58:22.9141501Z Checks completed: capture-failure-log, capture-failure-log, e2e, test, web-lint-and-test, autofix, maybe-label
2026-04-26T01:58:22.9142118Z Checks in_progress: connected-tests, cross-device-tests, lint-and-test, Auto-merge
2026-04-26T01:58:22.9142502Z Checks after ignore checks filter:
2026-04-26T01:58:22.9142951Z Checks completed: capture-failure-log, capture-failure-log, e2e, test, web-lint-and-test, autofix, maybe-label
2026-04-26T01:58:22.9143528Z Checks in_progress: connected-tests, cross-device-tests, lint-and-test
2026-04-26T01:58:22.9143891Z Checks after check_name filter:
2026-04-26T01:58:22.9144581Z Checks completed: capture-failure-log, capture-failure-log, e2e, test, web-lint-and-test, autofix, maybe-label
2026-04-26T01:58:22.9145158Z Checks in_progress: connected-tests, cross-device-tests, lint-and-test
2026-04-26T01:58:22.9145494Z Checks after Regexp filter:
2026-04-26T01:58:22.9145929Z Checks completed: capture-failure-log, capture-failure-log, e2e, test, web-lint-and-test, autofix, maybe-label
2026-04-26T01:58:22.9146499Z Checks in_progress: connected-tests, cross-device-tests, lint-and-test
2026-04-26T01:58:22.9146930Z The requested checks aren't complete yet, will check back in 30 seconds...
2026-04-26T01:58:22.9147279Z Checks running on ref:
2026-04-26T01:58:22.9147696Z Checks completed: capture-failure-log, capture-failure-log, e2e, test, web-lint-and-test, autofix, maybe-label
2026-04-26T01:58:22.9148298Z Checks in_progress: connected-tests, cross-device-tests, lint-and-test, Auto-merge
2026-04-26T01:58:22.9148692Z Checks after ignore checks filter:
2026-04-26T01:58:22.9149146Z Checks completed: capture-failure-log, capture-failure-log, e2e, test, web-lint-and-test, autofix, maybe-label
2026-04-26T01:58:22.9149708Z Checks in_progress: connected-tests, cross-device-tests, lint-and-test
2026-04-26T01:58:22.9150052Z Checks after check_name filter:
2026-04-26T01:58:22.9150502Z Checks completed: capture-failure-log, capture-failure-log, e2e, test, web-lint-and-test, autofix, maybe-label
2026-04-26T01:58:22.9151068Z Checks in_progress: connected-tests, cross-device-tests, lint-and-test
2026-04-26T01:58:22.9151397Z Checks after Regexp filter:
2026-04-26T01:58:22.9151828Z Checks completed: capture-failure-log, capture-failure-log, e2e, test, web-lint-and-test, autofix, maybe-label
2026-04-26T01:58:22.9152387Z Checks in_progress: connected-tests, cross-device-tests, lint-and-test
2026-04-26T01:58:22.9152819Z The requested checks aren't complete yet, will check back in 30 seconds...
2026-04-26T01:58:22.9153160Z Checks running on ref:
2026-04-26T01:58:22.9153570Z Checks completed: capture-failure-log, capture-failure-log, e2e, test, web-lint-and-test, autofix, maybe-label
2026-04-26T01:58:22.9154463Z Checks in_progress: connected-tests, cross-device-tests, lint-and-test, Auto-merge
2026-04-26T01:58:22.9154854Z Checks after ignore checks filter:
2026-04-26T01:58:22.9155305Z Checks completed: capture-failure-log, capture-failure-log, e2e, test, web-lint-and-test, autofix, maybe-label
2026-04-26T01:58:22.9155872Z Checks in_progress: connected-tests, cross-device-tests, lint-and-test
2026-04-26T01:58:22.9156209Z Checks after check_name filter:
2026-04-26T01:58:22.9156642Z Checks completed: capture-failure-log, capture-failure-log, e2e, test, web-lint-and-test, autofix, maybe-label
2026-04-26T01:58:22.9157208Z Checks in_progress: connected-tests, cross-device-tests, lint-and-test
2026-04-26T01:58:22.9157534Z Checks after Regexp filter:
2026-04-26T01:58:22.9157965Z Checks completed: capture-failure-log, capture-failure-log, e2e, test, web-lint-and-test, autofix, maybe-label
2026-04-26T01:58:22.9158685Z Checks in_progress: connected-tests, cross-device-tests, lint-and-test
2026-04-26T01:58:22.9159115Z The requested checks aren't complete yet, will check back in 30 seconds...
2026-04-26T01:58:22.9159455Z Checks running on ref:
2026-04-26T01:58:22.9159975Z Checks completed: capture-failure-log, capture-failure-log, e2e, test, web-lint-and-test, autofix, maybe-label
2026-04-26T01:58:22.9160580Z Checks in_progress: connected-tests, cross-device-tests, lint-and-test, Auto-merge
2026-04-26T01:58:22.9160963Z Checks after ignore checks filter:
2026-04-26T02:02:26.1044403Z Checks completed: capture-failure-log, capture-failure-log, e2e, test, web-lint-and-test, autofix, maybe-label
2026-04-26T02:02:26.1045419Z Checks in_progress: connected-tests, cross-device-tests, lint-and-test
2026-04-26T02:02:26.1046040Z Checks after check_name filter:
2026-04-26T02:02:26.1046836Z Checks completed: capture-failure-log, capture-failure-log, e2e, test, web-lint-and-test, autofix, maybe-label
2026-04-26T02:02:26.1047902Z Checks in_progress: connected-tests, cross-device-tests, lint-and-test
2026-04-26T02:02:26.1048519Z Checks after Regexp filter:
2026-04-26T02:02:26.1049233Z Checks completed: capture-failure-log, capture-failure-log, e2e, test, web-lint-and-test, autofix, maybe-label
2026-04-26T02:02:26.1050192Z Checks in_progress: connected-tests, cross-device-tests, lint-and-test
2026-04-26T02:02:26.1050898Z The requested checks aren't complete yet, will check back in 30 seconds...
2026-04-26T02:02:26.1051450Z Checks running on ref:
2026-04-26T02:02:26.1052186Z Checks completed: capture-failure-log, capture-failure-log, e2e, test, web-lint-and-test, autofix, maybe-label
2026-04-26T02:02:26.1053331Z Checks in_progress: connected-tests, cross-device-tests, lint-and-test, Auto-merge
2026-04-26T02:02:26.1054293Z Checks after ignore checks filter:
2026-04-26T02:02:26.1054850Z Checks completed: capture-failure-log, capture-failure-log, e2e, test, web-lint-and-test, autofix, maybe-label
2026-04-26T02:02:26.1055445Z Checks in_progress: connected-tests, cross-device-tests, lint-and-test
2026-04-26T02:02:26.1055804Z Checks after check_name filter:
2026-04-26T02:02:26.1056281Z Checks completed: capture-failure-log, capture-failure-log, e2e, test, web-lint-and-test, autofix, maybe-label
2026-04-26T02:02:26.1056873Z Checks in_progress: connected-tests, cross-device-tests, lint-and-test
2026-04-26T02:02:26.1057224Z Checks after Regexp filter:
2026-04-26T02:02:26.1057674Z Checks completed: capture-failure-log, capture-failure-log, e2e, test, web-lint-and-test, autofix, maybe-label
2026-04-26T02:02:26.1058245Z Checks in_progress: connected-tests, cross-device-tests, lint-and-test
2026-04-26T02:02:26.1058690Z The requested checks aren't complete yet, will check back in 30 seconds...
2026-04-26T02:02:26.1059038Z Checks running on ref:
2026-04-26T02:02:26.1059466Z Checks completed: capture-failure-log, capture-failure-log, e2e, test, web-lint-and-test, autofix, maybe-label
2026-04-26T02:02:26.1060091Z Checks in_progress: connected-tests, cross-device-tests, lint-and-test, Auto-merge
2026-04-26T02:02:26.1060482Z Checks after ignore checks filter:
2026-04-26T02:02:26.1060947Z Checks completed: capture-failure-log, capture-failure-log, e2e, test, web-lint-and-test, autofix, maybe-label
2026-04-26T02:02:26.1061542Z Checks in_progress: connected-tests, cross-device-tests, lint-and-test
2026-04-26T02:02:26.1061890Z Checks after check_name filter:
2026-04-26T02:02:26.1062345Z Checks completed: capture-failure-log, capture-failure-log, e2e, test, web-lint-and-test, autofix, maybe-label
2026-04-26T02:02:26.1062930Z Checks in_progress: connected-tests, cross-device-tests, lint-and-test
2026-04-26T02:02:26.1063267Z Checks after Regexp filter:
2026-04-26T02:02:26.1063708Z Checks completed: capture-failure-log, capture-failure-log, e2e, test, web-lint-and-test, autofix, maybe-label
2026-04-26T02:02:26.1064535Z Checks in_progress: connected-tests, cross-device-tests, lint-and-test
2026-04-26T02:02:26.1065342Z The requested checks aren't complete yet, will check back in 30 seconds...
2026-04-26T02:02:26.1065688Z Checks running on ref:
2026-04-26T02:02:26.1066111Z Checks completed: capture-failure-log, capture-failure-log, e2e, test, web-lint-and-test, autofix, maybe-label
2026-04-26T02:02:26.1066880Z Checks in_progress: connected-tests, cross-device-tests, lint-and-test, Auto-merge
2026-04-26T02:02:26.1067277Z Checks after ignore checks filter:
2026-04-26T02:02:26.1067728Z Checks completed: capture-failure-log, capture-failure-log, e2e, test, web-lint-and-test, autofix, maybe-label
2026-04-26T02:02:26.1068297Z Checks in_progress: connected-tests, cross-device-tests, lint-and-test
2026-04-26T02:02:26.1068638Z Checks after check_name filter:
2026-04-26T02:02:26.1069079Z Checks completed: capture-failure-log, capture-failure-log, e2e, test, web-lint-and-test, autofix, maybe-label
2026-04-26T02:02:26.1069647Z Checks in_progress: connected-tests, cross-device-tests, lint-and-test
2026-04-26T02:02:26.1069991Z Checks after Regexp filter:
2026-04-26T02:02:26.1070425Z Checks completed: capture-failure-log, capture-failure-log, e2e, test, web-lint-and-test, autofix, maybe-label
2026-04-26T02:02:26.1070991Z Checks in_progress: connected-tests, cross-device-tests, lint-and-test
2026-04-26T02:02:26.1071433Z The requested checks aren't complete yet, will check back in 30 seconds...
2026-04-26T02:02:26.1071778Z Checks running on ref:
2026-04-26T02:02:26.1072204Z Checks completed: capture-failure-log, capture-failure-log, e2e, test, web-lint-and-test, autofix, maybe-label
2026-04-26T02:02:26.1072809Z Checks in_progress: connected-tests, cross-device-tests, lint-and-test, Auto-merge
2026-04-26T02:02:26.1073198Z Checks after ignore checks filter:
2026-04-26T02:02:26.1073656Z Checks completed: capture-failure-log, capture-failure-log, e2e, test, web-lint-and-test, autofix, maybe-label
2026-04-26T02:02:26.1074475Z Checks in_progress: connected-tests, cross-device-tests, lint-and-test
2026-04-26T02:02:26.1074817Z Checks after check_name filter:
2026-04-26T02:02:26.1075271Z Checks completed: capture-failure-log, capture-failure-log, e2e, test, web-lint-and-test, autofix, maybe-label
2026-04-26T02:02:26.1075850Z Checks in_progress: connected-tests, cross-device-tests, lint-and-test
2026-04-26T02:02:26.1076188Z Checks after Regexp filter:
2026-04-26T02:02:26.1076632Z Checks completed: capture-failure-log, capture-failure-log, e2e, test, web-lint-and-test, autofix, maybe-label
2026-04-26T02:02:26.1077195Z Checks in_progress: connected-tests, cross-device-tests, lint-and-test
2026-04-26T02:02:26.1077633Z The requested checks aren't complete yet, will check back in 30 seconds...
2026-04-26T02:02:26.1077968Z Checks running on ref:
2026-04-26T02:02:26.1078390Z Checks completed: capture-failure-log, capture-failure-log, e2e, test, web-lint-and-test, autofix, maybe-label
2026-04-26T02:02:26.1078999Z Checks in_progress: connected-tests, cross-device-tests, lint-and-test, Auto-merge
2026-04-26T02:02:26.1079387Z Checks after ignore checks filter:
2026-04-26T02:02:26.1079843Z Checks completed: capture-failure-log, capture-failure-log, e2e, test, web-lint-and-test, autofix, maybe-label
2026-04-26T02:02:26.1080409Z Checks in_progress: connected-tests, cross-device-tests, lint-and-test
2026-04-26T02:02:26.1080744Z Checks after check_name filter:
2026-04-26T02:02:26.1081189Z Checks completed: capture-failure-log, capture-failure-log, e2e, test, web-lint-and-test, autofix, maybe-label
2026-04-26T02:02:26.1081759Z Checks in_progress: connected-tests, cross-device-tests, lint-and-test
2026-04-26T02:02:26.1082088Z Checks after Regexp filter:
2026-04-26T02:02:26.1082518Z Checks completed: capture-failure-log, capture-failure-log, e2e, test, web-lint-and-test, autofix, maybe-label
2026-04-26T02:02:26.1083081Z Checks in_progress: connected-tests, cross-device-tests, lint-and-test
2026-04-26T02:02:26.1083515Z The requested checks aren't complete yet, will check back in 30 seconds...
2026-04-26T02:02:26.1083853Z Checks running on ref:
2026-04-26T02:02:26.1084662Z Checks completed: capture-failure-log, capture-failure-log, e2e, test, web-lint-and-test, autofix, maybe-label
2026-04-26T02:02:26.1085287Z Checks in_progress: connected-tests, cross-device-tests, lint-and-test, Auto-merge
2026-04-26T02:02:26.1085676Z Checks after ignore checks filter:
2026-04-26T02:02:26.1086231Z Checks completed: capture-failure-log, capture-failure-log, e2e, test, web-lint-and-test, autofix, maybe-label
2026-04-26T02:02:26.1086820Z Checks in_progress: connected-tests, cross-device-tests, lint-and-test
2026-04-26T02:02:26.1087159Z Checks after check_name filter:
2026-04-26T02:02:26.1087601Z Checks completed: capture-failure-log, capture-failure-log, e2e, test, web-lint-and-test, autofix, maybe-label
2026-04-26T02:02:26.1088170Z Checks in_progress: connected-tests, cross-device-tests, lint-and-test
2026-04-26T02:02:26.1088500Z Checks after Regexp filter:
2026-04-26T02:02:26.1088934Z Checks completed: capture-failure-log, capture-failure-log, e2e, test, web-lint-and-test, autofix, maybe-label
2026-04-26T02:02:26.1089513Z Checks in_progress: connected-tests, cross-device-tests, lint-and-test
2026-04-26T02:02:26.1089947Z The requested checks aren't complete yet, will check back in 30 seconds...
2026-04-26T02:02:26.1090288Z Checks running on ref:
2026-04-26T02:02:26.1090715Z Checks completed: capture-failure-log, capture-failure-log, e2e, test, web-lint-and-test, autofix, maybe-label
2026-04-26T02:02:26.1091319Z Checks in_progress: connected-tests, cross-device-tests, lint-and-test, Auto-merge
2026-04-26T02:02:26.1091707Z Checks after ignore checks filter:
2026-04-26T02:02:26.1092160Z Checks completed: capture-failure-log, capture-failure-log, e2e, test, web-lint-and-test, autofix, maybe-label
2026-04-26T02:02:26.1092725Z Checks in_progress: connected-tests, cross-device-tests, lint-and-test
2026-04-26T02:02:26.1093077Z Checks after check_name filter:
2026-04-26T02:02:26.1093519Z Checks completed: capture-failure-log, capture-failure-log, e2e, test, web-lint-and-test, autofix, maybe-label
2026-04-26T02:02:26.1094375Z Checks in_progress: connected-tests, cross-device-tests, lint-and-test
2026-04-26T02:02:26.1094716Z Checks after Regexp filter:
2026-04-26T02:02:26.1095144Z Checks completed: capture-failure-log, capture-failure-log, e2e, test, web-lint-and-test, autofix, maybe-label
2026-04-26T02:02:26.1095715Z Checks in_progress: connected-tests, cross-device-tests, lint-and-test
2026-04-26T02:02:26.1096148Z The requested checks aren't complete yet, will check back in 30 seconds...
2026-04-26T02:02:26.1096478Z Checks running on ref:
2026-04-26T02:02:26.1097110Z Checks completed: capture-failure-log, firebase-distribute, capture-failure-log, capture-failure-log, e2e, test, web-lint-and-test, lint-and-test, autofix, maybe-label
2026-04-26T02:02:26.1097885Z Checks in_progress: connected-tests, cross-device-tests, Auto-merge
2026-04-26T02:02:26.1098223Z Checks after ignore checks filter:
2026-04-26T02:02:26.1098889Z Checks completed: capture-failure-log, firebase-distribute, capture-failure-log, capture-failure-log, e2e, test, web-lint-and-test, lint-and-test, autofix, maybe-label
2026-04-26T02:02:26.1099627Z Checks in_progress: connected-tests, cross-device-tests
2026-04-26T02:02:26.1099926Z Checks after check_name filter:
2026-04-26T02:02:26.1100579Z Checks completed: capture-failure-log, firebase-distribute, capture-failure-log, capture-failure-log, e2e, test, web-lint-and-test, lint-and-test, autofix, maybe-label
2026-04-26T02:02:26.1101311Z Checks in_progress: connected-tests, cross-device-tests
2026-04-26T02:02:26.1101604Z Checks after Regexp filter:
2026-04-26T02:02:26.1102242Z Checks completed: capture-failure-log, firebase-distribute, capture-failure-log, capture-failure-log, e2e, test, web-lint-and-test, lint-and-test, autofix, maybe-label
2026-04-26T02:02:26.1102968Z Checks in_progress: connected-tests, cross-device-tests
2026-04-26T02:06:29.3700257Z The requested checks aren't complete yet, will check back in 30 seconds...
2026-04-26T02:06:29.3701027Z Checks running on ref:
2026-04-26T02:06:29.3706297Z Checks completed: capture-failure-log, firebase-distribute, capture-failure-log, capture-failure-log, e2e, test, web-lint-and-test, lint-and-test, autofix, maybe-label
2026-04-26T02:06:29.3707449Z Checks in_progress: connected-tests, cross-device-tests, Auto-merge
2026-04-26T02:06:29.3707887Z Checks after ignore checks filter:
2026-04-26T02:06:29.3708997Z Checks completed: capture-failure-log, firebase-distribute, capture-failure-log, capture-failure-log, e2e, test, web-lint-and-test, lint-and-test, autofix, maybe-label
2026-04-26T02:06:29.3709873Z Checks in_progress: connected-tests, cross-device-tests
2026-04-26T02:06:29.3710213Z Checks after check_name filter:
2026-04-26T02:06:29.3710969Z Checks completed: capture-failure-log, firebase-distribute, capture-failure-log, capture-failure-log, e2e, test, web-lint-and-test, lint-and-test, autofix, maybe-label
2026-04-26T02:06:29.3711821Z Checks in_progress: connected-tests, cross-device-tests
2026-04-26T02:06:29.3712163Z Checks after Regexp filter:
2026-04-26T02:06:29.3712904Z Checks completed: capture-failure-log, firebase-distribute, capture-failure-log, capture-failure-log, e2e, test, web-lint-and-test, lint-and-test, autofix, maybe-label
2026-04-26T02:06:29.3713749Z Checks in_progress: connected-tests, cross-device-tests
2026-04-26T02:06:29.3714495Z The requested checks aren't complete yet, will check back in 30 seconds...
2026-04-26T02:06:29.3714905Z Checks running on ref:
2026-04-26T02:06:29.3715642Z Checks completed: capture-failure-log, firebase-distribute, capture-failure-log, capture-failure-log, e2e, test, web-lint-and-test, lint-and-test, autofix, maybe-label
2026-04-26T02:06:29.3716542Z Checks in_progress: connected-tests, cross-device-tests, Auto-merge
2026-04-26T02:06:29.3716924Z Checks after ignore checks filter:
2026-04-26T02:06:29.3717696Z Checks completed: capture-failure-log, firebase-distribute, capture-failure-log, capture-failure-log, e2e, test, web-lint-and-test, lint-and-test, autofix, maybe-label
2026-04-26T02:06:29.3718497Z Checks in_progress: connected-tests, cross-device-tests
2026-04-26T02:06:29.3718785Z Checks after check_name filter:
2026-04-26T02:06:29.3719433Z Checks completed: capture-failure-log, firebase-distribute, capture-failure-log, capture-failure-log, e2e, test, web-lint-and-test, lint-and-test, autofix, maybe-label
2026-04-26T02:06:29.3720165Z Checks in_progress: connected-tests, cross-device-tests
2026-04-26T02:06:29.3720455Z Checks after Regexp filter:
2026-04-26T02:06:29.3721093Z Checks completed: capture-failure-log, firebase-distribute, capture-failure-log, capture-failure-log, e2e, test, web-lint-and-test, lint-and-test, autofix, maybe-label
2026-04-26T02:06:29.3721809Z Checks in_progress: connected-tests, cross-device-tests
2026-04-26T02:06:29.3722194Z The requested checks aren't complete yet, will check back in 30 seconds...
2026-04-26T02:06:29.3722536Z Checks running on ref:
2026-04-26T02:06:29.3723149Z Checks completed: capture-failure-log, firebase-distribute, capture-failure-log, capture-failure-log, e2e, test, web-lint-and-test, lint-and-test, autofix, maybe-label
2026-04-26T02:06:29.3724074Z Checks in_progress: connected-tests, cross-device-tests, Auto-merge
2026-04-26T02:06:29.3724462Z Checks after ignore checks filter:
2026-04-26T02:06:29.3725139Z Checks completed: capture-failure-log, firebase-distribute, capture-failure-log, capture-failure-log, e2e, test, web-lint-and-test, lint-and-test, autofix, maybe-label
2026-04-26T02:06:29.3725865Z Checks in_progress: connected-tests, cross-device-tests
2026-04-26T02:06:29.3726153Z Checks after check_name filter:
2026-04-26T02:06:29.3726792Z Checks completed: capture-failure-log, firebase-distribute, capture-failure-log, capture-failure-log, e2e, test, web-lint-and-test, lint-and-test, autofix, maybe-label
2026-04-26T02:06:29.3727519Z Checks in_progress: connected-tests, cross-device-tests
2026-04-26T02:06:29.3727808Z Checks after Regexp filter:
2026-04-26T02:06:29.3728435Z Checks completed: capture-failure-log, firebase-distribute, capture-failure-log, capture-failure-log, e2e, test, web-lint-and-test, lint-and-test, autofix, maybe-label
2026-04-26T02:06:29.3729310Z Checks in_progress: connected-tests, cross-device-tests
2026-04-26T02:06:29.3729697Z The requested checks aren't complete yet, will check back in 30 seconds...
2026-04-26T02:06:29.3730040Z Checks running on ref:
2026-04-26T02:06:29.3730794Z Checks completed: capture-failure-log, firebase-distribute, capture-failure-log, capture-failure-log, e2e, test, web-lint-and-test, lint-and-test, autofix, maybe-label
2026-04-26T02:06:29.3731589Z Checks in_progress: connected-tests, cross-device-tests, Auto-merge
2026-04-26T02:06:29.3731934Z Checks after ignore checks filter:
2026-04-26T02:06:29.3732605Z Checks completed: capture-failure-log, firebase-distribute, capture-failure-log, capture-failure-log, e2e, test, web-lint-and-test, lint-and-test, autofix, maybe-label
2026-04-26T02:06:29.3733329Z Checks in_progress: connected-tests, cross-device-tests
2026-04-26T02:06:29.3733623Z Checks after check_name filter:
2026-04-26T02:06:29.3734500Z Checks completed: capture-failure-log, firebase-distribute, capture-failure-log, capture-failure-log, e2e, test, web-lint-and-test, lint-and-test, autofix, maybe-label
2026-04-26T02:06:29.3735230Z Checks in_progress: connected-tests, cross-device-tests
2026-04-26T02:06:29.3735518Z Checks after Regexp filter:
2026-04-26T02:06:29.3736162Z Checks completed: capture-failure-log, firebase-distribute, capture-failure-log, capture-failure-log, e2e, test, web-lint-and-test, lint-and-test, autofix, maybe-label
2026-04-26T02:06:29.3736904Z Checks in_progress: connected-tests, cross-device-tests
2026-04-26T02:06:29.3737299Z The requested checks aren't complete yet, will check back in 30 seconds...
2026-04-26T02:06:29.3737655Z Checks running on ref:
2026-04-26T02:06:29.3738287Z Checks completed: capture-failure-log, firebase-distribute, capture-failure-log, capture-failure-log, e2e, test, web-lint-and-test, lint-and-test, autofix, maybe-label
2026-04-26T02:06:29.3739057Z Checks in_progress: connected-tests, cross-device-tests, Auto-merge
2026-04-26T02:06:29.3739394Z Checks after ignore checks filter:
2026-04-26T02:06:29.3740044Z Checks completed: capture-failure-log, firebase-distribute, capture-failure-log, capture-failure-log, e2e, test, web-lint-and-test, lint-and-test, autofix, maybe-label
2026-04-26T02:06:29.3740769Z Checks in_progress: connected-tests, cross-device-tests
2026-04-26T02:06:29.3741053Z Checks after check_name filter:
2026-04-26T02:06:29.3741696Z Checks completed: capture-failure-log, firebase-distribute, capture-failure-log, capture-failure-log, e2e, test, web-lint-and-test, lint-and-test, autofix, maybe-label
2026-04-26T02:06:29.3742414Z Checks in_progress: connected-tests, cross-device-tests
2026-04-26T02:06:29.3742698Z Checks after Regexp filter:
2026-04-26T02:06:29.3743334Z Checks completed: capture-failure-log, firebase-distribute, capture-failure-log, capture-failure-log, e2e, test, web-lint-and-test, lint-and-test, autofix, maybe-label
2026-04-26T02:06:29.3744348Z Checks in_progress: connected-tests, cross-device-tests
2026-04-26T02:06:29.3744749Z The requested checks aren't complete yet, will check back in 30 seconds...
2026-04-26T02:06:29.3745094Z Checks running on ref:
2026-04-26T02:06:29.3745804Z Checks completed: capture-failure-log, firebase-distribute, capture-failure-log, capture-failure-log, e2e, cross-device-tests, test, web-lint-and-test, lint-and-test, autofix, maybe-label
2026-04-26T02:06:29.3746587Z Checks in_progress: connected-tests, Auto-merge
2026-04-26T02:06:29.3746862Z Checks after ignore checks filter:
2026-04-26T02:06:29.3747593Z Checks completed: capture-failure-log, firebase-distribute, capture-failure-log, capture-failure-log, e2e, cross-device-tests, test, web-lint-and-test, lint-and-test, autofix, maybe-label
2026-04-26T02:06:29.3748345Z Checks in_progress: connected-tests
2026-04-26T02:06:29.3748577Z Checks after check_name filter:
2026-04-26T02:06:29.3749286Z Checks completed: capture-failure-log, firebase-distribute, capture-failure-log, capture-failure-log, e2e, cross-device-tests, test, web-lint-and-test, lint-and-test, autofix, maybe-label
2026-04-26T02:06:29.3750196Z Checks in_progress: connected-tests
2026-04-26T02:06:29.3750424Z Checks after Regexp filter:
2026-04-26T02:06:29.3751240Z Checks completed: capture-failure-log, firebase-distribute, capture-failure-log, capture-failure-log, e2e, cross-device-tests, test, web-lint-and-test, lint-and-test, autofix, maybe-label
2026-04-26T02:06:29.3752003Z Checks in_progress: connected-tests
2026-04-26T02:06:29.3752337Z The requested checks aren't complete yet, will check back in 30 seconds...
2026-04-26T02:06:29.3752673Z Checks running on ref:
2026-04-26T02:06:29.3753365Z Checks completed: capture-failure-log, firebase-distribute, capture-failure-log, capture-failure-log, e2e, cross-device-tests, test, web-lint-and-test, lint-and-test, autofix, maybe-label
2026-04-26T02:06:29.3754431Z Checks in_progress: connected-tests, Auto-merge
2026-04-26T02:06:29.3754702Z Checks after ignore checks filter:
2026-04-26T02:06:29.3755440Z Checks completed: capture-failure-log, firebase-distribute, capture-failure-log, capture-failure-log, e2e, cross-device-tests, test, web-lint-and-test, lint-and-test, autofix, maybe-label
2026-04-26T02:06:29.3756193Z Checks in_progress: connected-tests
2026-04-26T02:06:29.3756416Z Checks after check_name filter:
2026-04-26T02:06:29.3757130Z Checks completed: capture-failure-log, firebase-distribute, capture-failure-log, capture-failure-log, e2e, cross-device-tests, test, web-lint-and-test, lint-and-test, autofix, maybe-label
2026-04-26T02:06:29.3757885Z Checks in_progress: connected-tests
2026-04-26T02:06:29.3758106Z Checks after Regexp filter:
2026-04-26T02:06:29.3758808Z Checks completed: capture-failure-log, firebase-distribute, capture-failure-log, capture-failure-log, e2e, cross-device-tests, test, web-lint-and-test, lint-and-test, autofix, maybe-label
2026-04-26T02:06:29.3759585Z Checks in_progress: connected-tests
2026-04-26T02:06:29.3759907Z The requested checks aren't complete yet, will check back in 30 seconds...
2026-04-26T02:06:29.3760249Z Checks running on ref:
2026-04-26T02:06:29.3760933Z Checks completed: capture-failure-log, firebase-distribute, capture-failure-log, capture-failure-log, e2e, cross-device-tests, test, web-lint-and-test, lint-and-test, autofix, maybe-label
2026-04-26T02:06:29.3761708Z Checks in_progress: connected-tests, Auto-merge
2026-04-26T02:06:29.3761981Z Checks after ignore checks filter:
2026-04-26T02:06:29.3762701Z Checks completed: capture-failure-log, firebase-distribute, capture-failure-log, capture-failure-log, e2e, cross-device-tests, test, web-lint-and-test, lint-and-test, autofix, maybe-label
2026-04-26T02:10:02.2906327Z Checks in_progress: connected-tests
2026-04-26T02:10:02.2906882Z Checks after check_name filter:
2026-04-26T02:10:02.2908113Z Checks completed: capture-failure-log, firebase-distribute, capture-failure-log, capture-failure-log, e2e, cross-device-tests, test, web-lint-and-test, lint-and-test, autofix, maybe-label
2026-04-26T02:10:02.2909634Z Checks in_progress: connected-tests
2026-04-26T02:10:02.2909931Z Checks after Regexp filter:
2026-04-26T02:10:02.2910825Z Checks completed: capture-failure-log, firebase-distribute, capture-failure-log, capture-failure-log, e2e, cross-device-tests, test, web-lint-and-test, lint-and-test, autofix, maybe-label
2026-04-26T02:10:02.2911771Z Checks in_progress: connected-tests
2026-04-26T02:10:02.2912198Z The requested checks aren't complete yet, will check back in 30 seconds...
2026-04-26T02:10:02.2912624Z Checks running on ref:
2026-04-26T02:10:02.2913495Z Checks completed: capture-failure-log, firebase-distribute, capture-failure-log, capture-failure-log, e2e, cross-device-tests, test, web-lint-and-test, lint-and-test, autofix, maybe-label
2026-04-26T02:10:02.2914854Z Checks in_progress: connected-tests, Auto-merge
2026-04-26T02:10:02.2915197Z Checks after ignore checks filter:
2026-04-26T02:10:02.2916112Z Checks completed: capture-failure-log, firebase-distribute, capture-failure-log, capture-failure-log, e2e, cross-device-tests, test, web-lint-and-test, lint-and-test, autofix, maybe-label
2026-04-26T02:10:02.2917445Z Checks in_progress: connected-tests
2026-04-26T02:10:02.2917730Z Checks after check_name filter:
2026-04-26T02:10:02.2918774Z Checks completed: capture-failure-log, firebase-distribute, capture-failure-log, capture-failure-log, e2e, cross-device-tests, test, web-lint-and-test, lint-and-test, autofix, maybe-label
2026-04-26T02:10:02.2919718Z Checks in_progress: connected-tests
2026-04-26T02:10:02.2920002Z Checks after Regexp filter:
2026-04-26T02:10:02.2920886Z Checks completed: capture-failure-log, firebase-distribute, capture-failure-log, capture-failure-log, e2e, cross-device-tests, test, web-lint-and-test, lint-and-test, autofix, maybe-label
2026-04-26T02:10:02.2921827Z Checks in_progress: connected-tests
2026-04-26T02:10:02.2922245Z The requested checks aren't complete yet, will check back in 30 seconds...
2026-04-26T02:10:02.2922659Z Checks running on ref:
2026-04-26T02:10:02.2923356Z Checks completed: capture-failure-log, firebase-distribute, capture-failure-log, capture-failure-log, e2e, cross-device-tests, test, web-lint-and-test, lint-and-test, autofix, maybe-label
2026-04-26T02:10:02.2924327Z Checks in_progress: connected-tests, Auto-merge
2026-04-26T02:10:02.2924604Z Checks after ignore checks filter:
2026-04-26T02:10:02.2925348Z Checks completed: capture-failure-log, firebase-distribute, capture-failure-log, capture-failure-log, e2e, cross-device-tests, test, web-lint-and-test, lint-and-test, autofix, maybe-label
2026-04-26T02:10:02.2926101Z Checks in_progress: connected-tests
2026-04-26T02:10:02.2926324Z Checks after check_name filter:
2026-04-26T02:10:02.2927038Z Checks completed: capture-failure-log, firebase-distribute, capture-failure-log, capture-failure-log, e2e, cross-device-tests, test, web-lint-and-test, lint-and-test, autofix, maybe-label
2026-04-26T02:10:02.2927803Z Checks in_progress: connected-tests
2026-04-26T02:10:02.2928035Z Checks after Regexp filter:
2026-04-26T02:10:02.2928756Z Checks completed: capture-failure-log, firebase-distribute, capture-failure-log, capture-failure-log, e2e, cross-device-tests, test, web-lint-and-test, lint-and-test, autofix, maybe-label
2026-04-26T02:10:02.2929545Z Checks in_progress: connected-tests
2026-04-26T02:10:02.2929872Z The requested checks aren't complete yet, will check back in 30 seconds...
2026-04-26T02:10:02.2930221Z Checks running on ref:
2026-04-26T02:10:02.2930917Z Checks completed: capture-failure-log, firebase-distribute, capture-failure-log, capture-failure-log, e2e, cross-device-tests, test, web-lint-and-test, lint-and-test, autofix, maybe-label
2026-04-26T02:10:02.2931683Z Checks in_progress: connected-tests, Auto-merge
2026-04-26T02:10:02.2931963Z Checks after ignore checks filter:
2026-04-26T02:10:02.2932684Z Checks completed: capture-failure-log, firebase-distribute, capture-failure-log, capture-failure-log, e2e, cross-device-tests, test, web-lint-and-test, lint-and-test, autofix, maybe-label
2026-04-26T02:10:02.2933433Z Checks in_progress: connected-tests
2026-04-26T02:10:02.2933666Z Checks after check_name filter:
2026-04-26T02:10:02.2934501Z Checks completed: capture-failure-log, firebase-distribute, capture-failure-log, capture-failure-log, e2e, cross-device-tests, test, web-lint-and-test, lint-and-test, autofix, maybe-label
2026-04-26T02:10:02.2935245Z Checks in_progress: connected-tests
2026-04-26T02:10:02.2935476Z Checks after Regexp filter:
2026-04-26T02:10:02.2936172Z Checks completed: capture-failure-log, firebase-distribute, capture-failure-log, capture-failure-log, e2e, cross-device-tests, test, web-lint-and-test, lint-and-test, autofix, maybe-label
2026-04-26T02:10:02.2936916Z Checks in_progress: connected-tests
2026-04-26T02:10:02.2937244Z The requested checks aren't complete yet, will check back in 30 seconds...
2026-04-26T02:10:02.2937575Z Checks running on ref:
2026-04-26T02:10:02.2938266Z Checks completed: capture-failure-log, firebase-distribute, capture-failure-log, capture-failure-log, e2e, cross-device-tests, test, web-lint-and-test, lint-and-test, autofix, maybe-label
2026-04-26T02:10:02.2939184Z Checks in_progress: connected-tests, Auto-merge
2026-04-26T02:10:02.2939445Z Checks after ignore checks filter:
2026-04-26T02:10:02.2940271Z Checks completed: capture-failure-log, firebase-distribute, capture-failure-log, capture-failure-log, e2e, cross-device-tests, test, web-lint-and-test, lint-and-test, autofix, maybe-label
2026-04-26T02:10:02.2941032Z Checks in_progress: connected-tests
2026-04-26T02:10:02.2941257Z Checks after check_name filter:
2026-04-26T02:10:02.2941978Z Checks completed: capture-failure-log, firebase-distribute, capture-failure-log, capture-failure-log, e2e, cross-device-tests, test, web-lint-and-test, lint-and-test, autofix, maybe-label
2026-04-26T02:10:02.2942724Z Checks in_progress: connected-tests
2026-04-26T02:10:02.2942946Z Checks after Regexp filter:
2026-04-26T02:10:02.2943648Z Checks completed: capture-failure-log, firebase-distribute, capture-failure-log, capture-failure-log, e2e, cross-device-tests, test, web-lint-and-test, lint-and-test, autofix, maybe-label
2026-04-26T02:10:02.2944547Z Checks in_progress: connected-tests
2026-04-26T02:10:02.2944895Z The requested checks aren't complete yet, will check back in 30 seconds...
2026-04-26T02:10:02.2945247Z Checks running on ref:
2026-04-26T02:10:02.2945964Z Checks completed: capture-failure-log, firebase-distribute, capture-failure-log, capture-failure-log, e2e, cross-device-tests, test, web-lint-and-test, lint-and-test, autofix, maybe-label
2026-04-26T02:10:02.2946752Z Checks in_progress: connected-tests, Auto-merge
2026-04-26T02:10:02.2947029Z Checks after ignore checks filter:
2026-04-26T02:10:02.2947756Z Checks completed: capture-failure-log, firebase-distribute, capture-failure-log, capture-failure-log, e2e, cross-device-tests, test, web-lint-and-test, lint-and-test, autofix, maybe-label
2026-04-26T02:10:02.2948515Z Checks in_progress: connected-tests
2026-04-26T02:10:02.2948749Z Checks after check_name filter:
2026-04-26T02:10:02.2949465Z Checks completed: capture-failure-log, firebase-distribute, capture-failure-log, capture-failure-log, e2e, cross-device-tests, test, web-lint-and-test, lint-and-test, autofix, maybe-label
2026-04-26T02:10:02.2950218Z Checks in_progress: connected-tests
2026-04-26T02:10:02.2950447Z Checks after Regexp filter:
2026-04-26T02:10:02.2951152Z Checks completed: capture-failure-log, firebase-distribute, capture-failure-log, capture-failure-log, e2e, cross-device-tests, test, web-lint-and-test, lint-and-test, autofix, maybe-label
2026-04-26T02:10:02.2951903Z Checks in_progress: connected-tests
2026-04-26T02:10:02.2952234Z The requested checks aren't complete yet, will check back in 30 seconds...
2026-04-26T02:10:02.2952569Z Checks running on ref:
2026-04-26T02:10:02.2953261Z Checks completed: capture-failure-log, firebase-distribute, capture-failure-log, capture-failure-log, e2e, cross-device-tests, test, web-lint-and-test, lint-and-test, autofix, maybe-label
2026-04-26T02:10:02.2954371Z Checks in_progress: connected-tests, Auto-merge
2026-04-26T02:10:02.2954653Z Checks after ignore checks filter:
2026-04-26T02:10:02.2955383Z Checks completed: capture-failure-log, firebase-distribute, capture-failure-log, capture-failure-log, e2e, cross-device-tests, test, web-lint-and-test, lint-and-test, autofix, maybe-label
2026-04-26T02:10:02.2956128Z Checks in_progress: connected-tests
2026-04-26T02:10:02.2956363Z Checks after check_name filter:
2026-04-26T02:10:02.2957072Z Checks completed: capture-failure-log, firebase-distribute, capture-failure-log, capture-failure-log, e2e, cross-device-tests, test, web-lint-and-test, lint-and-test, autofix, maybe-label
2026-04-26T02:10:02.2957815Z Checks in_progress: connected-tests
2026-04-26T02:10:02.2958042Z Checks after Regexp filter:
2026-04-26T02:10:02.2958746Z Checks completed: capture-failure-log, firebase-distribute, capture-failure-log, capture-failure-log, e2e, cross-device-tests, test, web-lint-and-test, lint-and-test, autofix, maybe-label
2026-04-26T02:10:02.2959639Z Checks in_progress: connected-tests
2026-04-26T02:10:02.2959962Z The requested checks aren't complete yet, will check back in 30 seconds...
2026-04-26T02:10:02.2960302Z Checks running on ref:
2026-04-26T02:10:02.2961088Z Checks completed: capture-failure-log, firebase-distribute, capture-failure-log, capture-failure-log, e2e, cross-device-tests, test, web-lint-and-test, lint-and-test, autofix, maybe-label
2026-04-26T02:10:02.2961867Z Checks in_progress: connected-tests, Auto-merge
2026-04-26T02:10:02.2962134Z Checks after ignore checks filter:
2026-04-26T02:10:02.2962850Z Checks completed: capture-failure-log, firebase-distribute, capture-failure-log, capture-failure-log, e2e, cross-device-tests, test, web-lint-and-test, lint-and-test, autofix, maybe-label
2026-04-26T02:10:02.2963599Z Checks in_progress: connected-tests
2026-04-26T02:10:02.2963824Z Checks after check_name filter:
2026-04-26T02:10:02.2964679Z Checks completed: capture-failure-log, firebase-distribute, capture-failure-log, capture-failure-log, e2e, cross-device-tests, test, web-lint-and-test, lint-and-test, autofix, maybe-label
2026-04-26T02:10:02.2965439Z Checks in_progress: connected-tests
2026-04-26T02:10:02.2965659Z Checks after Regexp filter:
2026-04-26T02:11:03.2344382Z Checks completed: capture-failure-log, firebase-distribute, capture-failure-log, capture-failure-log, e2e, cross-device-tests, test, web-lint-and-test, lint-and-test, autofix, maybe-label
2026-04-26T02:11:03.2345839Z Checks in_progress: connected-tests
2026-04-26T02:11:03.2346429Z The requested checks aren't complete yet, will check back in 30 seconds...
2026-04-26T02:11:03.2347091Z Checks running on ref:
2026-04-26T02:11:03.2348718Z Checks completed: capture-failure-log, firebase-distribute, capture-failure-log, capture-failure-log, e2e, cross-device-tests, test, web-lint-and-test, lint-and-test, autofix, maybe-label
2026-04-26T02:11:03.2350478Z Checks in_progress: connected-tests, Auto-merge
2026-04-26T02:11:03.2351139Z Checks after ignore checks filter:
2026-04-26T02:11:03.2352939Z Checks completed: capture-failure-log, firebase-distribute, capture-failure-log, capture-failure-log, e2e, cross-device-tests, test, web-lint-and-test, lint-and-test, autofix, maybe-label
2026-04-26T02:11:03.2354926Z Checks in_progress: connected-tests
2026-04-26T02:11:03.2355362Z Checks after check_name filter:
2026-04-26T02:11:03.2357002Z Checks completed: capture-failure-log, firebase-distribute, capture-failure-log, capture-failure-log, e2e, cross-device-tests, test, web-lint-and-test, lint-and-test, autofix, maybe-label
2026-04-26T02:11:03.2358833Z Checks in_progress: connected-tests
2026-04-26T02:11:03.2359284Z Checks after Regexp filter:
2026-04-26T02:11:03.2360642Z Checks completed: capture-failure-log, firebase-distribute, capture-failure-log, capture-failure-log, e2e, cross-device-tests, test, web-lint-and-test, lint-and-test, autofix, maybe-label
2026-04-26T02:11:03.2362108Z Checks in_progress: connected-tests
2026-04-26T02:11:03.2362738Z The requested checks aren't complete yet, will check back in 30 seconds...
2026-04-26T02:11:03.2363376Z Checks running on ref:
2026-04-26T02:11:03.2365222Z Checks completed: capture-failure-log, capture-failure-log, firebase-distribute, capture-failure-log, capture-failure-log, e2e, connected-tests, cross-device-tests, test, web-lint-and-test, lint-and-test, autofix, maybe-label
2026-04-26T02:11:03.2366916Z Checks in_progress: Auto-merge
2026-04-26T02:11:03.2367316Z Checks after ignore checks filter:
2026-04-26T02:11:03.2368952Z Checks completed: capture-failure-log, capture-failure-log, firebase-distribute, capture-failure-log, capture-failure-log, e2e, connected-tests, cross-device-tests, test, web-lint-and-test, lint-and-test, autofix, maybe-label
2026-04-26T02:11:03.2370624Z Checks after check_name filter:
2026-04-26T02:11:03.2372246Z Checks completed: capture-failure-log, capture-failure-log, firebase-distribute, capture-failure-log, capture-failure-log, e2e, connected-tests, cross-device-tests, test, web-lint-and-test, lint-and-test, autofix, maybe-label
2026-04-26T02:11:03.2374662Z Checks after Regexp filter:
2026-04-26T02:11:03.2376289Z Checks completed: capture-failure-log, capture-failure-log, firebase-distribute, capture-failure-log, capture-failure-log, e2e, connected-tests, cross-device-tests, test, web-lint-and-test, lint-and-test, autofix, maybe-label
2026-04-26T02:11:03.2377973Z Checks completed:
2026-04-26T02:11:03.2378624Z capture-failure-log: completed (skipped)
2026-04-26T02:11:03.2379169Z capture-failure-log: completed (skipped)
2026-04-26T02:11:03.2379669Z firebase-distribute: completed (skipped)
2026-04-26T02:11:03.2380163Z capture-failure-log: completed (skipped)
2026-04-26T02:11:03.2380653Z capture-failure-log: completed (skipped)
2026-04-26T02:11:03.2381117Z e2e: completed (success)
2026-04-26T02:11:03.2381506Z connected-tests: completed (success)
2026-04-26T02:11:03.2381967Z cross-device-tests: completed (failure)
2026-04-26T02:11:03.2382420Z test: completed (success)
2026-04-26T02:11:03.2382815Z web-lint-and-test: completed (success)
2026-04-26T02:11:03.2383282Z lint-and-test: completed (success)
2026-04-26T02:11:03.2383713Z autofix: completed (success)
2026-04-26T02:11:03.2384396Z maybe-label: completed (success)
2026-04-26T02:11:03.2385598Z The conclusion of one or more checks were not allowed. Allowed conclusions are: success, skipped, neutral. This can be configured with the 'allowed-conclusions' param.
2026-04-26T02:11:03.2485591Z ##[error]Process completed with exit code 1.
2026-04-26T02:11:03.2609512Z Post job cleanup.
2026-04-26T02:11:03.2662431Z Cleaning up orphan processes
2026-04-26T02:11:03.2957715Z ##[warning]Node.js 20 actions are deprecated. The following actions are running on Node.js 20 and may not work as expected: actions/cache@v4. Actions will be forced to run with Node.js 24 by default starting June 2nd, 2026. Node.js 20 will be removed from the runner on September 16th, 2026. Please check if updated versions of these actions are available that support Node.js 24. To opt into Node.js 24 now, set the FORCE_JAVASCRIPT_ACTIONS_TO_NODE24=true environment variable on the runner or in your workflow file. Once Node.js 24 becomes the default, you can temporarily opt out by setting ACTIONS_ALLOW_USE_UNSECURE_NODE_VERSION=true. For more information see: https://github.blog/changelog/2025-09-19-deprecation-of-node-20-on-github-actions-runners/
