=== CI FAILURE ===
Workflow:      Auto-merge & Release
Workflow file: akarlin3/prismTask/.github/workflows/auto-merge.yml@refs/pull/841/merge
Job(s):        Auto-merge
Run ID:        24977521997
Run attempt:   1
Run URL:       https://github.com/akarlin3/prismTask/actions/runs/24977521997
Commit:        ce8174a6425d033fad7bd3fbf16a6b5fedf3c2dd
Branch:        841/merge
Event:         pull_request
Actor:         akarlin3
Runner OS:     Linux
Timestamp:     2026-04-27T05:15:00.292Z

Failed steps:
  - Auto-merge: #4 Wait for all other CI checks to pass

=== FAILED JOB LOG ===

--- Job: Auto-merge (id 73132252595) ---
2026-04-27T05:05:15.3168185Z Current runner version: '2.333.1'
2026-04-27T05:05:15.3204328Z ##[group]Runner Image Provisioner
2026-04-27T05:05:15.3205479Z Hosted Compute Agent
2026-04-27T05:05:15.3206297Z Version: 20260213.493
2026-04-27T05:05:15.3207383Z Commit: 5c115507f6dd24b8de37d8bbe0bb4509d0cc0fa3
2026-04-27T05:05:15.3208639Z Build Date: 2026-02-13T00:28:41Z
2026-04-27T05:05:15.3209718Z Worker ID: {6559161a-7cd6-4999-9bd5-c99a8e88271d}
2026-04-27T05:05:15.3210755Z Azure Region: eastus2
2026-04-27T05:05:15.3211729Z ##[endgroup]
2026-04-27T05:05:15.3214062Z ##[group]Operating System
2026-04-27T05:05:15.3215178Z Ubuntu
2026-04-27T05:05:15.3215977Z 24.04.4
2026-04-27T05:05:15.3216706Z LTS
2026-04-27T05:05:15.3217414Z ##[endgroup]
2026-04-27T05:05:15.3218212Z ##[group]Runner Image
2026-04-27T05:05:15.3219172Z Image: ubuntu-24.04
2026-04-27T05:05:15.3220034Z Version: 20260413.86.1
2026-04-27T05:05:15.3221887Z Included Software: https://github.com/actions/runner-images/blob/ubuntu24/20260413.86/images/ubuntu/Ubuntu2404-Readme.md
2026-04-27T05:05:15.3224740Z Image Release: https://github.com/actions/runner-images/releases/tag/ubuntu24%2F20260413.86
2026-04-27T05:05:15.3226241Z ##[endgroup]
2026-04-27T05:05:15.3228439Z ##[group]GITHUB_TOKEN Permissions
2026-04-27T05:05:15.3231251Z Actions: read
2026-04-27T05:05:15.3232218Z Checks: read
2026-04-27T05:05:15.3233269Z Contents: write
2026-04-27T05:05:15.3234084Z Metadata: read
2026-04-27T05:05:15.3235027Z PullRequests: write
2026-04-27T05:05:15.3235855Z ##[endgroup]
2026-04-27T05:05:15.3238698Z Secret source: Actions
2026-04-27T05:05:15.3239865Z Prepare workflow directory
2026-04-27T05:05:15.3782149Z Prepare all required actions
2026-04-27T05:05:15.3837253Z Getting action download info
2026-04-27T05:05:15.6711020Z Download action repository 'lewagon/wait-on-check-action@ccfb013c15c8afb7bf2b7c028fb74dc5a068cccc' (SHA:ccfb013c15c8afb7bf2b7c028fb74dc5a068cccc)
2026-04-27T05:05:16.0783504Z Getting action download info
2026-04-27T05:05:16.2435614Z Download action repository 'ruby/setup-ruby@v1' (SHA:c4e5b1316158f92e3d49443a9d58b31d25ac0f8f)
2026-04-27T05:05:16.5186853Z Download action repository 'actions/cache@v4' (SHA:0057852bfaa89a56745cba8c7296529d2fc39830)
2026-04-27T05:05:16.6979018Z Complete job name: Auto-merge
2026-04-27T05:05:16.7676268Z ##[group]Run set -euo pipefail
2026-04-27T05:05:16.7676952Z [36;1mset -euo pipefail[0m
2026-04-27T05:05:16.7677676Z [36;1m# Audit item #5 — poll check-runs for up to 60s instead of a bare[0m
2026-04-27T05:05:16.7678601Z [36;1m# 20s sleep. On a busy runner cohort the initial 20s wasn't enough[0m
2026-04-27T05:05:16.7679465Z [36;1m# for the API to reflect queued workflow runs, which could merge[0m
2026-04-27T05:05:16.7680332Z [36;1m# PRs without waiting for CI. Bail out early as soon as ≥1 real[0m
2026-04-27T05:05:16.7681045Z [36;1m# check shows up.[0m
2026-04-27T05:05:16.7681528Z [36;1mCOUNT=0[0m
2026-04-27T05:05:16.7681969Z [36;1mfor i in $(seq 1 6); do[0m
2026-04-27T05:05:16.7682467Z [36;1m  sleep 10[0m
2026-04-27T05:05:16.7683346Z [36;1m  COUNT=$(gh api "repos/$REPO/commits/$HEAD_SHA/check-runs" \[0m
2026-04-27T05:05:16.7684246Z [36;1m    --jq '[.check_runs[] | select(.name != "Auto-merge")] | length')[0m
2026-04-27T05:05:16.7685025Z [36;1m  if [ "$COUNT" -gt 0 ]; then[0m
2026-04-27T05:05:16.7685707Z [36;1m    echo "Found $COUNT non-Auto-merge check(s) after ${i}0s"[0m
2026-04-27T05:05:16.7686383Z [36;1m    break[0m
2026-04-27T05:05:16.7686817Z [36;1m  fi[0m
2026-04-27T05:05:16.7687344Z [36;1m  echo "No non-Auto-merge checks yet (attempt $i/6)"[0m
2026-04-27T05:05:16.7687980Z [36;1mdone[0m
2026-04-27T05:05:16.7688415Z [36;1mif [ "$COUNT" -gt 0 ]; then[0m
2026-04-27T05:05:16.7689004Z [36;1m  echo "has_ci=true" >> "$GITHUB_OUTPUT"[0m
2026-04-27T05:05:16.7689590Z [36;1melse[0m
2026-04-27T05:05:16.7690061Z [36;1m  echo "has_ci=false" >> "$GITHUB_OUTPUT"[0m
2026-04-27T05:05:16.7690853Z [36;1m  echo "No CI checks on this PR after 60s — will merge without waiting."[0m
2026-04-27T05:05:16.7691594Z [36;1mfi[0m
2026-04-27T05:05:16.7716786Z shell: /usr/bin/bash -e {0}
2026-04-27T05:05:16.7717590Z env:
2026-04-27T05:05:16.7718016Z   WAIT_INTERVAL: 30
2026-04-27T05:05:16.7718659Z   GH_TOKEN: ***
2026-04-27T05:05:16.7719201Z   HEAD_SHA: e87a092377be287697be27284fc7b30691b60afe
2026-04-27T05:05:16.7719821Z   REPO: akarlin3/prismTask
2026-04-27T05:05:16.7720286Z ##[endgroup]
2026-04-27T05:05:27.1594579Z Found 6 non-Auto-merge check(s) after 10s
2026-04-27T05:05:27.1719549Z ##[group]Run set -euo pipefail
2026-04-27T05:05:27.1719951Z [36;1mset -euo pipefail[0m
2026-04-27T05:05:27.1720416Z [36;1mREQUIRED=$(gh api "repos/$REPO/branches/main/protection/required_status_checks" \[0m
2026-04-27T05:05:27.1720923Z [36;1m  --jq '.contexts[]' 2>/dev/null || true)[0m
2026-04-27T05:05:27.1721254Z [36;1mif [ -z "$REQUIRED" ]; then[0m
2026-04-27T05:05:27.1721853Z [36;1m  echo "::warning::Could not query branch protection (likely a permission issue) — using hardcoded fallback list."[0m
2026-04-27T05:05:27.1722443Z [36;1m  REQUIRED="$FALLBACK_REQUIRED"[0m
2026-04-27T05:05:27.1723022Z [36;1mfi[0m
2026-04-27T05:05:27.1723346Z [36;1m# Strip Auto-merge from the required list so we don't wait on[0m
2026-04-27T05:05:27.1723814Z [36;1m# ourselves (it's listed because we ARE the running workflow).[0m
2026-04-27T05:05:27.1724355Z [36;1mREQUIRED=$(echo "$REQUIRED" | grep -vE '^\s*Auto-merge\s*$' | grep -vE '^\s*$' || true)[0m
2026-04-27T05:05:27.1724861Z [36;1mif [ -z "$REQUIRED" ]; then[0m
2026-04-27T05:05:27.1725253Z [36;1m  echo "No required checks beyond Auto-merge; skipping queue wait."[0m
2026-04-27T05:05:27.1725664Z [36;1m  exit 0[0m
2026-04-27T05:05:27.1725904Z [36;1mfi[0m
2026-04-27T05:05:27.1726188Z [36;1mecho "Waiting until these required checks queue:"[0m
2026-04-27T05:05:27.1726552Z [36;1mecho "$REQUIRED" | sed 's/^/  /'[0m
2026-04-27T05:05:27.1726939Z [36;1m# 30 attempts × 10s = 5 min ceiling. If checks haven't queued[0m
2026-04-27T05:05:27.1727421Z [36;1m# by then something is genuinely broken (workflow file invalid,[0m
2026-04-27T05:05:27.1727917Z [36;1m# path filter excluding everything, etc.) — log and proceed so[0m
2026-04-27T05:05:27.1728365Z [36;1m# wait-on-check-action can decide how to handle it.[0m
2026-04-27T05:05:27.1728732Z [36;1mfor attempt in $(seq 1 30); do[0m
2026-04-27T05:05:27.1729157Z [36;1m  CHECK_RUNS=$(gh api --paginate "repos/$REPO/commits/$HEAD_SHA/check-runs" \[0m
2026-04-27T05:05:27.1729639Z [36;1m    --jq '.check_runs[].name' | sort -u)[0m
2026-04-27T05:05:27.1729965Z [36;1m  MISSING=""[0m
2026-04-27T05:05:27.1730219Z [36;1m  while IFS= read -r req; do[0m
2026-04-27T05:05:27.1730516Z [36;1m    [ -z "$req" ] && continue[0m
2026-04-27T05:05:27.1730829Z [36;1m    req_trimmed=$(echo "$req" | xargs)[0m
2026-04-27T05:05:27.1731222Z [36;1m    if ! echo "$CHECK_RUNS" | grep -qxF "$req_trimmed"; then[0m
2026-04-27T05:05:27.1731634Z [36;1m      MISSING="$MISSING $req_trimmed"[0m
2026-04-27T05:05:27.1731931Z [36;1m    fi[0m
2026-04-27T05:05:27.1732154Z [36;1m  done <<< "$REQUIRED"[0m
2026-04-27T05:05:27.1732520Z [36;1m  if [ -z "$MISSING" ]; then[0m
2026-04-27T05:05:27.1733187Z [36;1m    echo "All required checks have queued after attempt $attempt."[0m
2026-04-27T05:05:27.1733578Z [36;1m    exit 0[0m
2026-04-27T05:05:27.1733808Z [36;1m  fi[0m
2026-04-27T05:05:27.1734127Z [36;1m  echo "Still waiting for:$MISSING (attempt $attempt/30)"[0m
2026-04-27T05:05:27.1734497Z [36;1m  sleep 10[0m
2026-04-27T05:05:27.1734732Z [36;1mdone[0m
2026-04-27T05:05:27.1735242Z [36;1mecho "::warning::Some required checks never queued after 5 min:$MISSING — proceeding to wait-on-check-action anyway."[0m
2026-04-27T05:05:27.1757585Z shell: /usr/bin/bash -e {0}
2026-04-27T05:05:27.1757864Z env:
2026-04-27T05:05:27.1758080Z   WAIT_INTERVAL: 30
2026-04-27T05:05:27.1758717Z   GH_TOKEN: ***
2026-04-27T05:05:27.1758999Z   HEAD_SHA: e87a092377be287697be27284fc7b30691b60afe
2026-04-27T05:05:27.1759339Z   REPO: akarlin3/prismTask
2026-04-27T05:05:27.1759730Z   FALLBACK_REQUIRED: lint-and-test
connected-tests
test
web-lint-and-test

2026-04-27T05:05:27.1760383Z ##[endgroup]
2026-04-27T05:05:27.3282206Z Waiting until these required checks queue:
2026-04-27T05:05:27.3297284Z   {"message":"Resource not accessible by integration","documentation_url":"https://docs.github.com/rest/branches/branch-protection#get-status-checks-protection","status":"403"}
2026-04-27T05:05:27.6678229Z Still waiting for: {message:Resource not accessible by integration,documentation_url:https://docs.github.com/rest/branches/branch-protection#get-status-checks-protection,status:403} (attempt 1/30)
2026-04-27T05:05:38.0261670Z Still waiting for: {message:Resource not accessible by integration,documentation_url:https://docs.github.com/rest/branches/branch-protection#get-status-checks-protection,status:403} (attempt 2/30)
2026-04-27T05:05:48.3994720Z Still waiting for: {message:Resource not accessible by integration,documentation_url:https://docs.github.com/rest/branches/branch-protection#get-status-checks-protection,status:403} (attempt 3/30)
2026-04-27T05:05:58.7727953Z Still waiting for: {message:Resource not accessible by integration,documentation_url:https://docs.github.com/rest/branches/branch-protection#get-status-checks-protection,status:403} (attempt 4/30)
2026-04-27T05:06:09.1212993Z Still waiting for: {message:Resource not accessible by integration,documentation_url:https://docs.github.com/rest/branches/branch-protection#get-status-checks-protection,status:403} (attempt 5/30)
2026-04-27T05:06:19.4858671Z Still waiting for: {message:Resource not accessible by integration,documentation_url:https://docs.github.com/rest/branches/branch-protection#get-status-checks-protection,status:403} (attempt 6/30)
2026-04-27T05:06:29.8240118Z Still waiting for: {message:Resource not accessible by integration,documentation_url:https://docs.github.com/rest/branches/branch-protection#get-status-checks-protection,status:403} (attempt 7/30)
2026-04-27T05:06:40.1700736Z Still waiting for: {message:Resource not accessible by integration,documentation_url:https://docs.github.com/rest/branches/branch-protection#get-status-checks-protection,status:403} (attempt 8/30)
2026-04-27T05:06:50.5358224Z Still waiting for: {message:Resource not accessible by integration,documentation_url:https://docs.github.com/rest/branches/branch-protection#get-status-checks-protection,status:403} (attempt 9/30)
2026-04-27T05:07:00.8543569Z Still waiting for: {message:Resource not accessible by integration,documentation_url:https://docs.github.com/rest/branches/branch-protection#get-status-checks-protection,status:403} (attempt 10/30)
2026-04-27T05:07:11.2158924Z Still waiting for: {message:Resource not accessible by integration,documentation_url:https://docs.github.com/rest/branches/branch-protection#get-status-checks-protection,status:403} (attempt 11/30)
2026-04-27T05:07:21.6204861Z Still waiting for: {message:Resource not accessible by integration,documentation_url:https://docs.github.com/rest/branches/branch-protection#get-status-checks-protection,status:403} (attempt 12/30)
2026-04-27T05:07:32.0367686Z Still waiting for: {message:Resource not accessible by integration,documentation_url:https://docs.github.com/rest/branches/branch-protection#get-status-checks-protection,status:403} (attempt 13/30)
2026-04-27T05:07:42.4344171Z Still waiting for: {message:Resource not accessible by integration,documentation_url:https://docs.github.com/rest/branches/branch-protection#get-status-checks-protection,status:403} (attempt 14/30)
2026-04-27T05:07:52.8921789Z Still waiting for: {message:Resource not accessible by integration,documentation_url:https://docs.github.com/rest/branches/branch-protection#get-status-checks-protection,status:403} (attempt 15/30)
2026-04-27T05:08:03.2947746Z Still waiting for: {message:Resource not accessible by integration,documentation_url:https://docs.github.com/rest/branches/branch-protection#get-status-checks-protection,status:403} (attempt 16/30)
2026-04-27T05:08:13.6888100Z Still waiting for: {message:Resource not accessible by integration,documentation_url:https://docs.github.com/rest/branches/branch-protection#get-status-checks-protection,status:403} (attempt 17/30)
2026-04-27T05:08:24.0584515Z Still waiting for: {message:Resource not accessible by integration,documentation_url:https://docs.github.com/rest/branches/branch-protection#get-status-checks-protection,status:403} (attempt 18/30)
2026-04-27T05:08:34.4294516Z Still waiting for: {message:Resource not accessible by integration,documentation_url:https://docs.github.com/rest/branches/branch-protection#get-status-checks-protection,status:403} (attempt 19/30)
2026-04-27T05:08:44.7856914Z Still waiting for: {message:Resource not accessible by integration,documentation_url:https://docs.github.com/rest/branches/branch-protection#get-status-checks-protection,status:403} (attempt 20/30)
2026-04-27T05:08:55.1982317Z Still waiting for: {message:Resource not accessible by integration,documentation_url:https://docs.github.com/rest/branches/branch-protection#get-status-checks-protection,status:403} (attempt 21/30)
2026-04-27T05:09:05.6375263Z Still waiting for: {message:Resource not accessible by integration,documentation_url:https://docs.github.com/rest/branches/branch-protection#get-status-checks-protection,status:403} (attempt 22/30)
2026-04-27T05:09:16.0480289Z Still waiting for: {message:Resource not accessible by integration,documentation_url:https://docs.github.com/rest/branches/branch-protection#get-status-checks-protection,status:403} (attempt 23/30)
2026-04-27T05:09:26.4735342Z Still waiting for: {message:Resource not accessible by integration,documentation_url:https://docs.github.com/rest/branches/branch-protection#get-status-checks-protection,status:403} (attempt 24/30)
2026-04-27T05:09:36.8371021Z Still waiting for: {message:Resource not accessible by integration,documentation_url:https://docs.github.com/rest/branches/branch-protection#get-status-checks-protection,status:403} (attempt 25/30)
2026-04-27T05:09:47.2219510Z Still waiting for: {message:Resource not accessible by integration,documentation_url:https://docs.github.com/rest/branches/branch-protection#get-status-checks-protection,status:403} (attempt 26/30)
2026-04-27T05:09:57.6122490Z Still waiting for: {message:Resource not accessible by integration,documentation_url:https://docs.github.com/rest/branches/branch-protection#get-status-checks-protection,status:403} (attempt 27/30)
2026-04-27T05:10:07.9828348Z Still waiting for: {message:Resource not accessible by integration,documentation_url:https://docs.github.com/rest/branches/branch-protection#get-status-checks-protection,status:403} (attempt 28/30)
2026-04-27T05:10:18.3901370Z Still waiting for: {message:Resource not accessible by integration,documentation_url:https://docs.github.com/rest/branches/branch-protection#get-status-checks-protection,status:403} (attempt 29/30)
2026-04-27T05:10:28.7675707Z Still waiting for: {message:Resource not accessible by integration,documentation_url:https://docs.github.com/rest/branches/branch-protection#get-status-checks-protection,status:403} (attempt 30/30)
2026-04-27T05:10:38.7790024Z ##[warning]Some required checks never queued after 5 min: {message:Resource not accessible by integration,documentation_url:https://docs.github.com/rest/branches/branch-protection#get-status-checks-protection,status:403} — proceeding to wait-on-check-action anyway.
2026-04-27T05:10:38.7942424Z ##[group]Run lewagon/wait-on-check-action@ccfb013c15c8afb7bf2b7c028fb74dc5a068cccc
2026-04-27T05:10:38.7943051Z with:
2026-04-27T05:10:38.7943262Z   ref: e87a092377be287697be27284fc7b30691b60afe
2026-04-27T05:10:38.7943548Z   running-workflow-name: Auto-merge
2026-04-27T05:10:38.7944000Z   repo-token: ***
2026-04-27T05:10:38.7944198Z   wait-interval: 30
2026-04-27T05:10:38.7944428Z   allowed-conclusions: success,skipped,neutral
2026-04-27T05:10:38.7944697Z   verbose: true
2026-04-27T05:10:38.7944896Z env:
2026-04-27T05:10:38.7945049Z   WAIT_INTERVAL: 30
2026-04-27T05:10:38.7945232Z ##[endgroup]
2026-04-27T05:10:38.8067814Z ##[group]Run ruby/setup-ruby@v1
2026-04-27T05:10:38.8068068Z with:
2026-04-27T05:10:38.8068477Z   ruby-version: 3.2
2026-04-27T05:10:38.8068677Z   bundler-cache: false
2026-04-27T05:10:38.8069009Z   token: ***
2026-04-27T05:10:38.8069189Z env:
2026-04-27T05:10:38.8069347Z   WAIT_INTERVAL: 30
2026-04-27T05:10:38.8069528Z ##[endgroup]
2026-04-27T05:10:38.9397353Z ##[group]Modifying PATH
2026-04-27T05:10:38.9397957Z Entries added to PATH to use selected Ruby:
2026-04-27T05:10:38.9398882Z   /opt/hostedtoolcache/Ruby/3.2.11/x64/bin
2026-04-27T05:10:38.9404739Z ##[endgroup]
2026-04-27T05:10:38.9405682Z ##[group]Print Ruby version
2026-04-27T05:10:38.9480467Z [command]/opt/hostedtoolcache/Ruby/3.2.11/x64/bin/ruby --version
2026-04-27T05:10:39.0734574Z ruby 3.2.11 (2026-03-27 revision 5483bfc1ae) [x86_64-linux]
2026-04-27T05:10:39.0765595Z Took   0.14 seconds
2026-04-27T05:10:39.0766356Z ##[endgroup]
2026-04-27T05:10:39.0768231Z ##[group]Installing Bundler
2026-04-27T05:10:39.0771653Z Using Bundler shipped with ruby-3.2.11
2026-04-27T05:10:39.0772703Z Took   0.00 seconds
2026-04-27T05:10:39.0773693Z ##[endgroup]
2026-04-27T05:10:39.1452159Z ##[group]Run actions/cache@v4
2026-04-27T05:10:39.1452418Z with:
2026-04-27T05:10:39.1453277Z   path: /home/runner/work/_actions/lewagon/wait-on-check-action/ccfb013c15c8afb7bf2b7c028fb74dc5a068cccc
2026-04-27T05:10:39.1453800Z   key: Linux-gems-
2026-04-27T05:10:39.1454005Z   restore-keys: Linux-gems-
2026-04-27T05:10:39.1454232Z   enableCrossOsArchive: false
2026-04-27T05:10:39.1454461Z   fail-on-cache-miss: false
2026-04-27T05:10:39.1454672Z   lookup-only: false
2026-04-27T05:10:39.1454860Z   save-always: false
2026-04-27T05:10:39.1455038Z env:
2026-04-27T05:10:39.1455194Z   WAIT_INTERVAL: 30
2026-04-27T05:10:39.1455376Z ##[endgroup]
2026-04-27T05:10:39.3744512Z Cache hit for: Linux-gems-
2026-04-27T05:10:39.4173360Z Received 13127 of 13127 (100.0%), 1.1 MBs/sec
2026-04-27T05:10:39.4174301Z Cache Size: ~0 MB (13127 B)
2026-04-27T05:10:39.4217720Z [command]/usr/bin/tar -xf /home/runner/work/_temp/eaba0215-30ad-496c-b4cc-67ac9e8bd925/cache.tzst -P -C /home/runner/work/prismTask/prismTask --use-compress-program unzstd
2026-04-27T05:10:39.4283017Z Cache restored successfully
2026-04-27T05:10:39.4362700Z Cache restored from key: Linux-gems-
2026-04-27T05:10:39.4438754Z ##[group]Run bundle install --jobs 4 --retry 3
2026-04-27T05:10:39.4439113Z [36;1mbundle install --jobs 4 --retry 3[0m
2026-04-27T05:10:39.4463591Z shell: /usr/bin/bash --noprofile --norc -e -o pipefail {0}
2026-04-27T05:10:39.4463930Z env:
2026-04-27T05:10:39.4464109Z   WAIT_INTERVAL: 30
2026-04-27T05:10:39.4464308Z ##[endgroup]
2026-04-27T05:10:40.2382059Z Bundler 2.4.19 is running, but your lockfile was generated with 2.2.3. Installing Bundler 2.2.3 and restarting using that version.
2026-04-27T05:10:41.5486144Z Fetching gem metadata from https://rubygems.org/.
2026-04-27T05:10:41.5563500Z Fetching bundler 2.2.3
2026-04-27T05:10:41.7277171Z Installing bundler 2.2.3
2026-04-27T05:10:41.9173686Z Calling `DidYouMean::SPELL_CHECKERS.merge!(error_name => spell_checker)' has been deprecated. Please call `DidYouMean.correct_error(error_name, spell_checker)' instead.
2026-04-27T05:10:43.2541284Z Fetching gem metadata from https://rubygems.org/.........
2026-04-27T05:10:43.2640117Z Fetching public_suffix 4.0.7
2026-04-27T05:10:43.2705973Z Fetching concurrent-ruby 1.2.2
2026-04-27T05:10:43.2931028Z Fetching minitest 5.18.0
2026-04-27T05:10:43.2935151Z Fetching zeitwerk 2.6.7
2026-04-27T05:10:43.3907067Z Installing zeitwerk 2.6.7
2026-04-27T05:10:43.4098707Z Installing minitest 5.18.0
2026-04-27T05:10:43.4201500Z Installing public_suffix 4.0.7
2026-04-27T05:10:43.4632630Z Fetching ast 2.4.2
2026-04-27T05:10:43.4640000Z Installing concurrent-ruby 1.2.2
2026-04-27T05:10:43.4977270Z Using bundler 2.2.3
2026-04-27T05:10:43.4987056Z Fetching byebug 11.1.3
2026-04-27T05:10:43.5329807Z Installing ast 2.4.2
2026-04-27T05:10:43.5509201Z Fetching diff-lcs 1.4.4
2026-04-27T05:10:43.5795090Z Fetching faraday-net_http 2.0.3
2026-04-27T05:10:43.6060387Z Installing byebug 11.1.3 with native extensions
2026-04-27T05:10:43.6428253Z Installing faraday-net_http 2.0.3
2026-04-27T05:10:43.6483424Z Installing diff-lcs 1.4.4
2026-04-27T05:10:43.6575726Z Using ruby2_keywords 0.0.5
2026-04-27T05:10:43.6591914Z Fetching json 2.7.1
2026-04-27T05:10:43.7172822Z Installing json 2.7.1 with native extensions
2026-04-27T05:10:43.7448200Z Fetching language_server-protocol 3.17.0.3
2026-04-27T05:10:43.8084867Z Installing language_server-protocol 3.17.0.3
2026-04-27T05:10:43.8332891Z Fetching lint_roller 1.1.0
2026-04-27T05:10:43.9019857Z Installing lint_roller 1.1.0
2026-04-27T05:10:43.9217529Z Fetching parallel 1.24.0
2026-04-27T05:10:43.9927319Z Installing parallel 1.24.0
2026-04-27T05:10:44.0014308Z Fetching racc 1.7.3
2026-04-27T05:10:44.0568855Z Fetching rainbow 3.1.1
2026-04-27T05:10:44.0807554Z Installing racc 1.7.3 with native extensions
2026-04-27T05:10:44.1040723Z Installing rainbow 3.1.1
2026-04-27T05:10:44.1140273Z Fetching regexp_parser 2.8.3
2026-04-27T05:10:44.1729431Z Installing regexp_parser 2.8.3
2026-04-27T05:10:44.2855129Z Fetching rexml 3.2.6
2026-04-27T05:10:44.3460899Z Installing rexml 3.2.6
2026-04-27T05:10:44.3699490Z Fetching rspec-support 3.10.1
2026-04-27T05:10:44.4301564Z Installing rspec-support 3.10.1
2026-04-27T05:10:44.4492276Z Fetching ruby-progressbar 1.13.0
2026-04-27T05:10:44.5224141Z Installing ruby-progressbar 1.13.0
2026-04-27T05:10:44.5373081Z Fetching unicode-display_width 2.5.0
2026-04-27T05:10:44.6066810Z Installing unicode-display_width 2.5.0
2026-04-27T05:10:44.6183801Z Fetching addressable 2.8.0
2026-04-27T05:10:44.6974003Z Installing addressable 2.8.0
2026-04-27T05:10:44.7194156Z Fetching faraday 2.3.0
2026-04-27T05:10:44.7961087Z Installing faraday 2.3.0
2026-04-27T05:10:44.8324631Z Fetching i18n 1.12.0
2026-04-27T05:10:44.9083980Z Installing i18n 1.12.0
2026-04-27T05:10:44.9316232Z Fetching tzinfo 2.0.6
2026-04-27T05:10:44.9923978Z Fetching rspec-core 3.10.1
2026-04-27T05:10:45.0464475Z Installing tzinfo 2.0.6
2026-04-27T05:10:45.0834349Z Fetching rspec-expectations 3.10.1
2026-04-27T05:10:45.1293973Z Installing rspec-core 3.10.1
2026-04-27T05:10:45.1662013Z Installing rspec-expectations 3.10.1
2026-04-27T05:10:45.1977978Z Fetching rspec-mocks 3.10.1
2026-04-27T05:10:45.2529950Z Fetching faraday-retry 2.0.0
2026-04-27T05:10:45.3174456Z Installing rspec-mocks 3.10.1
2026-04-27T05:10:45.3260876Z Installing faraday-retry 2.0.0
2026-04-27T05:10:45.3419385Z Fetching sawyer 0.9.2
2026-04-27T05:10:45.4043936Z Fetching parser 3.2.2.4
2026-04-27T05:10:45.4514021Z Installing sawyer 0.9.2
2026-04-27T05:10:45.4658442Z Fetching activesupport 6.1.7.3
2026-04-27T05:10:45.5476618Z Installing activesupport 6.1.7.3
2026-04-27T05:10:45.6032448Z Installing parser 3.2.2.4
2026-04-27T05:10:45.7451224Z Fetching rspec 3.10.0
2026-04-27T05:10:45.8131958Z Installing rspec 3.10.0
2026-04-27T05:10:45.8285595Z Fetching octokit 4.25.0
2026-04-27T05:10:45.8685755Z Fetching rubocop-ast 1.30.0
2026-04-27T05:10:45.9137290Z Installing octokit 4.25.0
2026-04-27T05:10:45.9286569Z Installing rubocop-ast 1.30.0
2026-04-27T05:10:47.0120779Z Fetching rubocop 1.57.2
2026-04-27T05:10:47.1056412Z Installing rubocop 1.57.2
2026-04-27T05:10:47.2730435Z Fetching standard-custom 1.0.2
2026-04-27T05:10:47.2733480Z Fetching rubocop-performance 1.19.1
2026-04-27T05:10:47.3471503Z Installing rubocop-performance 1.19.1
2026-04-27T05:10:47.3478579Z Installing standard-custom 1.0.2
2026-04-27T05:10:47.3698123Z Fetching standard-performance 1.2.1
2026-04-27T05:10:47.4147714Z Installing standard-performance 1.2.1
2026-04-27T05:10:47.4219390Z Fetching standard 1.32.1
2026-04-27T05:10:47.4744346Z Installing standard 1.32.1
2026-04-27T05:10:47.4970915Z Bundle complete! 6 Gemfile dependencies, 40 gems now installed.
2026-04-27T05:10:47.4971878Z Use `bundle info [gemname]` to see where a bundled gem is installed.
2026-04-27T05:10:47.6299698Z ##[group]Run ruby entrypoint.rb
2026-04-27T05:10:47.6299975Z [36;1mruby entrypoint.rb[0m
2026-04-27T05:10:47.6320788Z shell: /usr/bin/bash --noprofile --norc -e -o pipefail {0}
2026-04-27T05:10:47.6321104Z env:
2026-04-27T05:10:47.6321281Z   WAIT_INTERVAL: 30
2026-04-27T05:10:47.6321701Z   ALLOWED_CONCLUSIONS: success,skipped,neutral
2026-04-27T05:10:47.6321977Z   IGNORE_CHECKS: 
2026-04-27T05:10:47.6322154Z   CHECK_NAME: 
2026-04-27T05:10:47.6322330Z   CHECK_REGEXP: 
2026-04-27T05:10:47.6322549Z   REF: e87a092377be287697be27284fc7b30691b60afe
2026-04-27T05:10:47.6323315Z   REPO_TOKEN: ***
2026-04-27T05:10:47.6323518Z   VERBOSE: true
2026-04-27T05:10:47.6323717Z   RUNNING_WORKFLOW_NAME: Auto-merge
2026-04-27T05:10:47.6323967Z   API_ENDPOINT: 
2026-04-27T05:10:47.6324151Z ##[endgroup]
2026-04-27T05:14:51.7458946Z Checks running on ref:
2026-04-27T05:14:51.7460312Z Checks completed: autofix, capture-failure-log, capture-failure-log, e2e, test, web-lint-and-test, maybe-label
2026-04-27T05:14:51.7462098Z Checks in_progress: lint-and-test, connected-tests, cross-device-tests, Auto-merge
2026-04-27T05:14:51.7463460Z Checks after ignore checks filter:
2026-04-27T05:14:51.7464745Z Checks completed: autofix, capture-failure-log, capture-failure-log, e2e, test, web-lint-and-test, maybe-label
2026-04-27T05:14:51.7466412Z Checks in_progress: lint-and-test, connected-tests, cross-device-tests
2026-04-27T05:14:51.7467370Z Checks after check_name filter:
2026-04-27T05:14:51.7468673Z Checks completed: autofix, capture-failure-log, capture-failure-log, e2e, test, web-lint-and-test, maybe-label
2026-04-27T05:14:51.7470227Z Checks in_progress: lint-and-test, connected-tests, cross-device-tests
2026-04-27T05:14:51.7471091Z Checks after Regexp filter:
2026-04-27T05:14:51.7472180Z Checks completed: autofix, capture-failure-log, capture-failure-log, e2e, test, web-lint-and-test, maybe-label
2026-04-27T05:14:51.7473359Z Checks in_progress: lint-and-test, connected-tests, cross-device-tests
2026-04-27T05:14:51.7474069Z The requested checks aren't complete yet, will check back in 30 seconds...
2026-04-27T05:14:51.7474605Z Checks running on ref:
2026-04-27T05:14:51.7475260Z Checks completed: autofix, capture-failure-log, capture-failure-log, e2e, test, web-lint-and-test, maybe-label
2026-04-27T05:14:51.7476214Z Checks in_progress: lint-and-test, connected-tests, cross-device-tests, Auto-merge
2026-04-27T05:14:51.7476806Z Checks after ignore checks filter:
2026-04-27T05:14:51.7477525Z Checks completed: autofix, capture-failure-log, capture-failure-log, e2e, test, web-lint-and-test, maybe-label
2026-04-27T05:14:51.7478406Z Checks in_progress: lint-and-test, connected-tests, cross-device-tests
2026-04-27T05:14:51.7478930Z Checks after check_name filter:
2026-04-27T05:14:51.7479569Z Checks completed: autofix, capture-failure-log, capture-failure-log, e2e, test, web-lint-and-test, maybe-label
2026-04-27T05:14:51.7480175Z Checks in_progress: lint-and-test, connected-tests, cross-device-tests
2026-04-27T05:14:51.7480543Z Checks after Regexp filter:
2026-04-27T05:14:51.7481013Z Checks completed: autofix, capture-failure-log, capture-failure-log, e2e, test, web-lint-and-test, maybe-label
2026-04-27T05:14:51.7481620Z Checks in_progress: lint-and-test, connected-tests, cross-device-tests
2026-04-27T05:14:51.7482085Z The requested checks aren't complete yet, will check back in 30 seconds...
2026-04-27T05:14:51.7482461Z Checks running on ref:
2026-04-27T05:14:51.7483843Z Checks completed: capture-failure-log, autofix, capture-failure-log, capture-failure-log, e2e, connected-tests, cross-device-tests, test, web-lint-and-test, maybe-label
2026-04-27T05:14:51.7484657Z Checks in_progress: lint-and-test, Auto-merge
2026-04-27T05:14:51.7484964Z Checks after ignore checks filter:
2026-04-27T05:14:51.7485674Z Checks completed: capture-failure-log, autofix, capture-failure-log, capture-failure-log, e2e, connected-tests, cross-device-tests, test, web-lint-and-test, maybe-label
2026-04-27T05:14:51.7486413Z Checks in_progress: lint-and-test
2026-04-27T05:14:51.7486664Z Checks after check_name filter:
2026-04-27T05:14:51.7487352Z Checks completed: capture-failure-log, autofix, capture-failure-log, capture-failure-log, e2e, connected-tests, cross-device-tests, test, web-lint-and-test, maybe-label
2026-04-27T05:14:51.7488231Z Checks in_progress: lint-and-test
2026-04-27T05:14:51.7488478Z Checks after Regexp filter:
2026-04-27T05:14:51.7489177Z Checks completed: capture-failure-log, autofix, capture-failure-log, capture-failure-log, e2e, connected-tests, cross-device-tests, test, web-lint-and-test, maybe-label
2026-04-27T05:14:51.7489884Z Checks in_progress: lint-and-test
2026-04-27T05:14:51.7490232Z The requested checks aren't complete yet, will check back in 30 seconds...
2026-04-27T05:14:51.7490586Z Checks running on ref:
2026-04-27T05:14:51.7491224Z Checks completed: capture-failure-log, autofix, capture-failure-log, capture-failure-log, e2e, connected-tests, cross-device-tests, test, web-lint-and-test, maybe-label
2026-04-27T05:14:51.7491942Z Checks in_progress: lint-and-test, Auto-merge
2026-04-27T05:14:51.7492233Z Checks after ignore checks filter:
2026-04-27T05:14:51.7493164Z Checks completed: capture-failure-log, autofix, capture-failure-log, capture-failure-log, e2e, connected-tests, cross-device-tests, test, web-lint-and-test, maybe-label
2026-04-27T05:14:51.7493881Z Checks in_progress: lint-and-test
2026-04-27T05:14:51.7494124Z Checks after check_name filter:
2026-04-27T05:14:51.7494795Z Checks completed: capture-failure-log, autofix, capture-failure-log, capture-failure-log, e2e, connected-tests, cross-device-tests, test, web-lint-and-test, maybe-label
2026-04-27T05:14:51.7495496Z Checks in_progress: lint-and-test
2026-04-27T05:14:51.7495731Z Checks after Regexp filter:
2026-04-27T05:14:51.7496387Z Checks completed: capture-failure-log, autofix, capture-failure-log, capture-failure-log, e2e, connected-tests, cross-device-tests, test, web-lint-and-test, maybe-label
2026-04-27T05:14:51.7497088Z Checks in_progress: lint-and-test
2026-04-27T05:14:51.7497433Z The requested checks aren't complete yet, will check back in 30 seconds...
2026-04-27T05:14:51.7497792Z Checks running on ref:
2026-04-27T05:14:51.7498939Z Checks completed: capture-failure-log, autofix, capture-failure-log, capture-failure-log, e2e, connected-tests, cross-device-tests, test, web-lint-and-test, maybe-label
2026-04-27T05:14:51.7500049Z Checks in_progress: lint-and-test, Auto-merge
2026-04-27T05:14:51.7500336Z Checks after ignore checks filter:
2026-04-27T05:14:51.7501030Z Checks completed: capture-failure-log, autofix, capture-failure-log, capture-failure-log, e2e, connected-tests, cross-device-tests, test, web-lint-and-test, maybe-label
2026-04-27T05:14:51.7501750Z Checks in_progress: lint-and-test
2026-04-27T05:14:51.7502000Z Checks after check_name filter:
2026-04-27T05:14:51.7502675Z Checks completed: capture-failure-log, autofix, capture-failure-log, capture-failure-log, e2e, connected-tests, cross-device-tests, test, web-lint-and-test, maybe-label
2026-04-27T05:14:51.7503636Z Checks in_progress: lint-and-test
2026-04-27T05:14:51.7503883Z Checks after Regexp filter:
2026-04-27T05:14:51.7504540Z Checks completed: capture-failure-log, autofix, capture-failure-log, capture-failure-log, e2e, connected-tests, cross-device-tests, test, web-lint-and-test, maybe-label
2026-04-27T05:14:51.7505243Z Checks in_progress: lint-and-test
2026-04-27T05:14:51.7505591Z The requested checks aren't complete yet, will check back in 30 seconds...
2026-04-27T05:14:51.7506033Z Checks running on ref:
2026-04-27T05:14:51.7506852Z Checks completed: capture-failure-log, autofix, capture-failure-log, capture-failure-log, e2e, connected-tests, cross-device-tests, test, web-lint-and-test, maybe-label
2026-04-27T05:14:51.7507590Z Checks in_progress: lint-and-test, Auto-merge
2026-04-27T05:14:51.7507870Z Checks after ignore checks filter:
2026-04-27T05:14:51.7508548Z Checks completed: capture-failure-log, autofix, capture-failure-log, capture-failure-log, e2e, connected-tests, cross-device-tests, test, web-lint-and-test, maybe-label
2026-04-27T05:14:51.7509245Z Checks in_progress: lint-and-test
2026-04-27T05:14:51.7509485Z Checks after check_name filter:
2026-04-27T05:14:51.7510144Z Checks completed: capture-failure-log, autofix, capture-failure-log, capture-failure-log, e2e, connected-tests, cross-device-tests, test, web-lint-and-test, maybe-label
2026-04-27T05:14:51.7510958Z Checks in_progress: lint-and-test
2026-04-27T05:14:51.7511212Z Checks after Regexp filter:
2026-04-27T05:14:51.7511880Z Checks completed: capture-failure-log, autofix, capture-failure-log, capture-failure-log, e2e, connected-tests, cross-device-tests, test, web-lint-and-test, maybe-label
2026-04-27T05:14:51.7512580Z Checks in_progress: lint-and-test
2026-04-27T05:14:51.7513220Z The requested checks aren't complete yet, will check back in 30 seconds...
2026-04-27T05:14:51.7513584Z Checks running on ref:
2026-04-27T05:14:51.7514224Z Checks completed: capture-failure-log, autofix, capture-failure-log, capture-failure-log, e2e, connected-tests, cross-device-tests, test, web-lint-and-test, maybe-label
2026-04-27T05:14:51.7514945Z Checks in_progress: lint-and-test, Auto-merge
2026-04-27T05:14:51.7515232Z Checks after ignore checks filter:
2026-04-27T05:14:51.7515903Z Checks completed: capture-failure-log, autofix, capture-failure-log, capture-failure-log, e2e, connected-tests, cross-device-tests, test, web-lint-and-test, maybe-label
2026-04-27T05:14:51.7516618Z Checks in_progress: lint-and-test
2026-04-27T05:14:51.7516860Z Checks after check_name filter:
2026-04-27T05:14:51.7517532Z Checks completed: capture-failure-log, autofix, capture-failure-log, capture-failure-log, e2e, connected-tests, cross-device-tests, test, web-lint-and-test, maybe-label
2026-04-27T05:14:51.7518226Z Checks in_progress: lint-and-test
2026-04-27T05:14:51.7518466Z Checks after Regexp filter:
2026-04-27T05:14:51.7519124Z Checks completed: capture-failure-log, autofix, capture-failure-log, capture-failure-log, e2e, connected-tests, cross-device-tests, test, web-lint-and-test, maybe-label
2026-04-27T05:14:51.7519821Z Checks in_progress: lint-and-test
2026-04-27T05:14:51.7520160Z The requested checks aren't complete yet, will check back in 30 seconds...
2026-04-27T05:14:51.7520509Z Checks running on ref:
2026-04-27T05:14:51.7521151Z Checks completed: capture-failure-log, autofix, capture-failure-log, capture-failure-log, e2e, connected-tests, cross-device-tests, test, web-lint-and-test, maybe-label
2026-04-27T05:14:51.7521873Z Checks in_progress: lint-and-test, Auto-merge
2026-04-27T05:14:51.7522154Z Checks after ignore checks filter:
2026-04-27T05:14:51.7523109Z Checks completed: capture-failure-log, autofix, capture-failure-log, capture-failure-log, e2e, connected-tests, cross-device-tests, test, web-lint-and-test, maybe-label
2026-04-27T05:14:51.7523884Z Checks in_progress: lint-and-test
2026-04-27T05:14:51.7524124Z Checks after check_name filter:
2026-04-27T05:14:51.7524786Z Checks completed: capture-failure-log, autofix, capture-failure-log, capture-failure-log, e2e, connected-tests, cross-device-tests, test, web-lint-and-test, maybe-label
2026-04-27T05:14:51.7525483Z Checks in_progress: lint-and-test
2026-04-27T05:14:51.7525716Z Checks after Regexp filter:
2026-04-27T05:14:51.7526408Z Checks completed: capture-failure-log, autofix, capture-failure-log, capture-failure-log, e2e, connected-tests, cross-device-tests, test, web-lint-and-test, maybe-label
2026-04-27T05:14:51.7527112Z Checks in_progress: lint-and-test
2026-04-27T05:14:51.7527453Z The requested checks aren't complete yet, will check back in 30 seconds...
2026-04-27T05:14:51.7527949Z Checks running on ref:
2026-04-27T05:14:51.7528830Z Checks completed: capture-failure-log, firebase-distribute, capture-failure-log, autofix, lint-and-test, capture-failure-log, capture-failure-log, e2e, connected-tests, cross-device-tests, test, web-lint-and-test, maybe-label
2026-04-27T05:14:51.7529854Z Checks in_progress: Auto-merge
2026-04-27T05:14:51.7530096Z Checks after ignore checks filter:
2026-04-27T05:14:51.7530986Z Checks completed: capture-failure-log, firebase-distribute, capture-failure-log, autofix, lint-and-test, capture-failure-log, capture-failure-log, e2e, connected-tests, cross-device-tests, test, web-lint-and-test, maybe-label
2026-04-27T05:14:51.7531907Z Checks after check_name filter:
2026-04-27T05:14:51.7533287Z Checks completed: capture-failure-log, firebase-distribute, capture-failure-log, autofix, lint-and-test, capture-failure-log, capture-failure-log, e2e, connected-tests, cross-device-tests, test, web-lint-and-test, maybe-label
2026-04-27T05:14:51.7534221Z Checks after Regexp filter:
2026-04-27T05:14:51.7535092Z Checks completed: capture-failure-log, firebase-distribute, capture-failure-log, autofix, lint-and-test, capture-failure-log, capture-failure-log, e2e, connected-tests, cross-device-tests, test, web-lint-and-test, maybe-label
2026-04-27T05:14:51.7536046Z Checks completed:
2026-04-27T05:14:51.7536266Z capture-failure-log: completed (skipped)
2026-04-27T05:14:51.7536548Z firebase-distribute: completed (cancelled)
2026-04-27T05:14:51.7536833Z capture-failure-log: completed (skipped)
2026-04-27T05:14:51.7537100Z autofix: completed (success)
2026-04-27T05:14:51.7537343Z lint-and-test: completed (cancelled)
2026-04-27T05:14:51.7537612Z capture-failure-log: completed (skipped)
2026-04-27T05:14:51.7538096Z capture-failure-log: completed (skipped)
2026-04-27T05:14:51.7538527Z e2e: completed (success)
2026-04-27T05:14:51.7538893Z connected-tests: completed (cancelled)
2026-04-27T05:14:51.7539328Z cross-device-tests: completed (cancelled)
2026-04-27T05:14:51.7539762Z test: completed (success)
2026-04-27T05:14:51.7540127Z web-lint-and-test: completed (success)
2026-04-27T05:14:51.7540552Z maybe-label: completed (success)
2026-04-27T05:14:51.7541643Z The conclusion of one or more checks were not allowed. Allowed conclusions are: success, skipped, neutral. This can be configured with the 'allowed-conclusions' param.
2026-04-27T05:14:51.7591766Z ##[error]Process completed with exit code 1.
2026-04-27T05:14:51.7701773Z Post job cleanup.
2026-04-27T05:14:51.7758725Z Cleaning up orphan processes
2026-04-27T05:14:51.8146697Z ##[warning]Node.js 20 actions are deprecated. The following actions are running on Node.js 20 and may not work as expected: actions/cache@v4. Actions will be forced to run with Node.js 24 by default starting June 2nd, 2026. Node.js 20 will be removed from the runner on September 16th, 2026. Please check if updated versions of these actions are available that support Node.js 24. To opt into Node.js 24 now, set the FORCE_JAVASCRIPT_ACTIONS_TO_NODE24=true environment variable on the runner or in your workflow file. Once Node.js 24 becomes the default, you can temporarily opt out by setting ACTIONS_ALLOW_USE_UNSECURE_NODE_VERSION=true. For more information see: https://github.blog/changelog/2025-09-19-deprecation-of-node-20-on-github-actions-runners/
