=== CI FAILURE ===
Workflow:      Auto-merge & Release
Workflow file: akarlin3/prismTask/.github/workflows/auto-merge.yml@refs/pull/677/merge
Job(s):        Auto-merge
Run ID:        24807117875
Run attempt:   1
Run URL:       https://github.com/akarlin3/prismTask/actions/runs/24807117875
Commit:        a89a3277b530def56fac88218c3e1131cd76ad8d
Branch:        677/merge
Event:         pull_request
Actor:         akarlin3
Runner OS:     Linux
Timestamp:     2026-04-22T23:03:46.272Z

Failed steps:
  - Auto-merge: #3 Wait for all other CI checks to pass

=== FAILED JOB LOG ===

--- Job: Auto-merge (id 72603757767) ---
2026-04-22T23:02:04.5806116Z Current runner version: '2.333.1'
2026-04-22T23:02:04.5829750Z ##[group]Runner Image Provisioner
2026-04-22T23:02:04.5830833Z Hosted Compute Agent
2026-04-22T23:02:04.5831894Z Version: 20260415.520
2026-04-22T23:02:04.5832486Z Commit: af089020f5f67b61ccc91db6c07980876c02bf7b
2026-04-22T23:02:04.5833329Z Build Date: 2026-04-15T18:07:08Z
2026-04-22T23:02:04.5833960Z Worker ID: {931549b6-a235-4935-8a86-bef970b40e38}
2026-04-22T23:02:04.5834648Z Azure Region: eastus2
2026-04-22T23:02:04.5835234Z ##[endgroup]
2026-04-22T23:02:04.5836740Z ##[group]Operating System
2026-04-22T23:02:04.5837350Z Ubuntu
2026-04-22T23:02:04.5837924Z 24.04.4
2026-04-22T23:02:04.5838468Z LTS
2026-04-22T23:02:04.5839209Z ##[endgroup]
2026-04-22T23:02:04.5840113Z ##[group]Runner Image
2026-04-22T23:02:04.5840903Z Image: ubuntu-24.04
2026-04-22T23:02:04.5841993Z Version: 20260420.95.1
2026-04-22T23:02:04.5843824Z Included Software: https://github.com/actions/runner-images/blob/ubuntu24/20260420.95/images/ubuntu/Ubuntu2404-Readme.md
2026-04-22T23:02:04.5845345Z Image Release: https://github.com/actions/runner-images/releases/tag/ubuntu24%2F20260420.95
2026-04-22T23:02:04.5846331Z ##[endgroup]
2026-04-22T23:02:04.5847615Z ##[group]GITHUB_TOKEN Permissions
2026-04-22T23:02:04.5849950Z Actions: read
2026-04-22T23:02:04.5850620Z Checks: read
2026-04-22T23:02:04.5851421Z Contents: write
2026-04-22T23:02:04.5852031Z Metadata: read
2026-04-22T23:02:04.5852551Z PullRequests: write
2026-04-22T23:02:04.5853098Z ##[endgroup]
2026-04-22T23:02:04.5855099Z Secret source: Actions
2026-04-22T23:02:04.5856232Z Prepare workflow directory
2026-04-22T23:02:04.6236047Z Prepare all required actions
2026-04-22T23:02:04.6273554Z Getting action download info
2026-04-22T23:02:04.9577553Z Download action repository 'lewagon/wait-on-check-action@ccfb013c15c8afb7bf2b7c028fb74dc5a068cccc' (SHA:ccfb013c15c8afb7bf2b7c028fb74dc5a068cccc)
2026-04-22T23:02:05.2929545Z Getting action download info
2026-04-22T23:02:05.4227567Z Download action repository 'ruby/setup-ruby@v1' (SHA:0cb964fd540e0a24c900370abf38a33466142735)
2026-04-22T23:02:05.6694077Z Download action repository 'actions/cache@v4' (SHA:0057852bfaa89a56745cba8c7296529d2fc39830)
2026-04-22T23:02:05.7999536Z Complete job name: Auto-merge
2026-04-22T23:02:05.8609521Z ##[group]Run set -euo pipefail
2026-04-22T23:02:05.8610160Z [36;1mset -euo pipefail[0m
2026-04-22T23:02:05.8610857Z [36;1m# Give GitHub a short grace period to schedule workflow runs for[0m
2026-04-22T23:02:05.8612086Z [36;1m# the head commit. Paths-filtered workflows (android/backend/web CI)[0m
2026-04-22T23:02:05.8612987Z [36;1m# won't run for doc-only or cross-cutting config PRs, so the[0m
2026-04-22T23:02:05.8613856Z [36;1m# wait-on-check-action step below would otherwise hang waiting for[0m
2026-04-22T23:02:05.8614607Z [36;1m# checks that will never appear.[0m
2026-04-22T23:02:05.8615138Z [36;1msleep 20[0m
2026-04-22T23:02:05.8615707Z [36;1mCOUNT=$(gh api "repos/$REPO/commits/$HEAD_SHA/check-runs" \[0m
2026-04-22T23:02:05.8616548Z [36;1m  --jq '[.check_runs[] | select(.name != "Auto-merge")] | length')[0m
2026-04-22T23:02:05.8617354Z [36;1mecho "Non-Auto-merge check runs on head: $COUNT"[0m
2026-04-22T23:02:05.8618019Z [36;1mif [ "$COUNT" -gt 0 ]; then[0m
2026-04-22T23:02:05.8618613Z [36;1m  echo "has_ci=true" >> "$GITHUB_OUTPUT"[0m
2026-04-22T23:02:05.8619208Z [36;1melse[0m
2026-04-22T23:02:05.8619667Z [36;1m  echo "has_ci=false" >> "$GITHUB_OUTPUT"[0m
2026-04-22T23:02:05.8620397Z [36;1m  echo "No CI checks on this PR — will merge without waiting."[0m
2026-04-22T23:02:05.8621244Z [36;1mfi[0m
2026-04-22T23:02:05.8729652Z shell: /usr/bin/bash -e {0}
2026-04-22T23:02:05.8730457Z env:
2026-04-22T23:02:05.8730866Z   WAIT_INTERVAL: 30
2026-04-22T23:02:05.8731729Z   GH_TOKEN: ***
2026-04-22T23:02:05.8732243Z   HEAD_SHA: c4b25a94716b2f2ee3eabcd0859f9bdf7e726862
2026-04-22T23:02:05.8732852Z   REPO: akarlin3/prismTask
2026-04-22T23:02:05.8733323Z ##[endgroup]
2026-04-22T23:02:26.2546471Z Non-Auto-merge check runs on head: 1
2026-04-22T23:02:26.2779284Z ##[group]Run lewagon/wait-on-check-action@ccfb013c15c8afb7bf2b7c028fb74dc5a068cccc
2026-04-22T23:02:26.2779797Z with:
2026-04-22T23:02:26.2780074Z   ref: c4b25a94716b2f2ee3eabcd0859f9bdf7e726862
2026-04-22T23:02:26.2780437Z   running-workflow-name: Auto-merge
2026-04-22T23:02:26.2781348Z   repo-token: ***
2026-04-22T23:02:26.2781604Z   wait-interval: 30
2026-04-22T23:02:26.2781866Z   allowed-conclusions: success,skipped
2026-04-22T23:02:26.2782158Z   verbose: true
2026-04-22T23:02:26.2782375Z env:
2026-04-22T23:02:26.2782574Z   WAIT_INTERVAL: 30
2026-04-22T23:02:26.2782799Z ##[endgroup]
2026-04-22T23:02:26.2923205Z ##[group]Run ruby/setup-ruby@v1
2026-04-22T23:02:26.2923513Z with:
2026-04-22T23:02:26.2923737Z   ruby-version: 3.2
2026-04-22T23:02:26.2924000Z   bundler-cache: false
2026-04-22T23:02:26.2924395Z   token: ***
2026-04-22T23:02:26.2924603Z env:
2026-04-22T23:02:26.2924802Z   WAIT_INTERVAL: 30
2026-04-22T23:02:26.2925024Z ##[endgroup]
2026-04-22T23:02:26.4097901Z ##[group]Modifying PATH
2026-04-22T23:02:26.4098308Z Entries added to PATH to use selected Ruby:
2026-04-22T23:02:26.4098691Z   /opt/hostedtoolcache/Ruby/3.2.11/x64/bin
2026-04-22T23:02:26.4101617Z ##[endgroup]
2026-04-22T23:02:26.4102985Z ##[group]Print Ruby version
2026-04-22T23:02:26.4137156Z [command]/opt/hostedtoolcache/Ruby/3.2.11/x64/bin/ruby --version
2026-04-22T23:02:26.6223308Z ruby 3.2.11 (2026-03-27 revision 5483bfc1ae) [x86_64-linux]
2026-04-22T23:02:26.6266702Z Took   0.22 seconds
2026-04-22T23:02:26.6267455Z ##[endgroup]
2026-04-22T23:02:26.6269780Z ##[group]Installing Bundler
2026-04-22T23:02:26.6273871Z Using Bundler shipped with ruby-3.2.11
2026-04-22T23:02:26.6275564Z Took   0.00 seconds
2026-04-22T23:02:26.6276349Z ##[endgroup]
2026-04-22T23:02:26.6896842Z ##[group]Run actions/cache@v4
2026-04-22T23:02:26.6897106Z with:
2026-04-22T23:02:26.6897528Z   path: /home/runner/work/_actions/lewagon/wait-on-check-action/ccfb013c15c8afb7bf2b7c028fb74dc5a068cccc
2026-04-22T23:02:26.6898049Z   key: Linux-gems-
2026-04-22T23:02:26.6898268Z   restore-keys: Linux-gems-
2026-04-22T23:02:26.6898496Z   enableCrossOsArchive: false
2026-04-22T23:02:26.6898721Z   fail-on-cache-miss: false
2026-04-22T23:02:26.6898937Z   lookup-only: false
2026-04-22T23:02:26.6899120Z   save-always: false
2026-04-22T23:02:26.6899302Z env:
2026-04-22T23:02:26.6899457Z   WAIT_INTERVAL: 30
2026-04-22T23:02:26.6963746Z ##[endgroup]
2026-04-22T23:02:26.9248234Z Cache not found for input keys: Linux-gems-, Linux-gems-
2026-04-22T23:02:26.9315453Z ##[group]Run bundle install --jobs 4 --retry 3
2026-04-22T23:02:26.9315797Z [36;1mbundle install --jobs 4 --retry 3[0m
2026-04-22T23:02:26.9375013Z shell: /usr/bin/bash --noprofile --norc -e -o pipefail {0}
2026-04-22T23:02:26.9375345Z env:
2026-04-22T23:02:26.9375516Z   WAIT_INTERVAL: 30
2026-04-22T23:02:26.9375702Z ##[endgroup]
2026-04-22T23:02:27.7655534Z Bundler 2.4.19 is running, but your lockfile was generated with 2.2.3. Installing Bundler 2.2.3 and restarting using that version.
2026-04-22T23:02:28.8650862Z Fetching gem metadata from https://rubygems.org/.
2026-04-22T23:02:28.8724446Z Fetching bundler 2.2.3
2026-04-22T23:02:29.0163808Z Installing bundler 2.2.3
2026-04-22T23:02:29.2032038Z Calling `DidYouMean::SPELL_CHECKERS.merge!(error_name => spell_checker)' has been deprecated. Please call `DidYouMean.correct_error(error_name, spell_checker)' instead.
2026-04-22T23:02:30.4470944Z Fetching gem metadata from https://rubygems.org/.........
2026-04-22T23:02:30.4565776Z Fetching minitest 5.18.0
2026-04-22T23:02:30.4850907Z Fetching concurrent-ruby 1.2.2
2026-04-22T23:02:30.5071779Z Fetching public_suffix 4.0.7
2026-04-22T23:02:30.5072327Z Fetching zeitwerk 2.6.7
2026-04-22T23:02:30.5771434Z Installing zeitwerk 2.6.7
2026-04-22T23:02:30.6006392Z Installing minitest 5.18.0
2026-04-22T23:02:30.6059054Z Installing public_suffix 4.0.7
2026-04-22T23:02:30.6335575Z Fetching ast 2.4.2
2026-04-22T23:02:30.6695798Z Installing concurrent-ruby 1.2.2
2026-04-22T23:02:30.6838763Z Installing ast 2.4.2
2026-04-22T23:02:30.6949161Z Using bundler 2.2.3
2026-04-22T23:02:30.6954196Z Fetching byebug 11.1.3
2026-04-22T23:02:30.7218365Z Fetching diff-lcs 1.4.4
2026-04-22T23:02:30.7562871Z Fetching faraday-net_http 2.0.3
2026-04-22T23:02:30.8113858Z Installing byebug 11.1.3 with native extensions
2026-04-22T23:02:30.8177315Z Installing faraday-net_http 2.0.3
2026-04-22T23:02:30.8196490Z Installing diff-lcs 1.4.4
2026-04-22T23:02:30.8376780Z Using ruby2_keywords 0.0.5
2026-04-22T23:02:30.8389043Z Fetching json 2.7.1
2026-04-22T23:02:30.9019868Z Installing json 2.7.1 with native extensions
2026-04-22T23:02:30.9026093Z Fetching language_server-protocol 3.17.0.3
2026-04-22T23:02:30.9657652Z Installing language_server-protocol 3.17.0.3
2026-04-22T23:02:30.9979125Z Fetching lint_roller 1.1.0
2026-04-22T23:02:31.0788346Z Installing lint_roller 1.1.0
2026-04-22T23:02:31.0951939Z Fetching parallel 1.24.0
2026-04-22T23:02:31.1581910Z Installing parallel 1.24.0
2026-04-22T23:02:31.1681535Z Fetching racc 1.7.3
2026-04-22T23:02:31.2117450Z Fetching rainbow 3.1.1
2026-04-22T23:02:31.2498381Z Installing racc 1.7.3 with native extensions
2026-04-22T23:02:31.2697768Z Installing rainbow 3.1.1
2026-04-22T23:02:31.2795341Z Fetching regexp_parser 2.8.3
2026-04-22T23:02:31.3414840Z Installing regexp_parser 2.8.3
2026-04-22T23:02:31.3661715Z Fetching rexml 3.2.6
2026-04-22T23:02:31.4314307Z Installing rexml 3.2.6
2026-04-22T23:02:31.5240708Z Fetching rspec-support 3.10.1
2026-04-22T23:02:31.5841751Z Installing rspec-support 3.10.1
2026-04-22T23:02:31.6020219Z Fetching ruby-progressbar 1.13.0
2026-04-22T23:02:31.6741980Z Installing ruby-progressbar 1.13.0
2026-04-22T23:02:31.6876050Z Fetching unicode-display_width 2.5.0
2026-04-22T23:02:31.7556327Z Installing unicode-display_width 2.5.0
2026-04-22T23:02:31.7671726Z Fetching addressable 2.8.0
2026-04-22T23:02:31.8451916Z Installing addressable 2.8.0
2026-04-22T23:02:31.8671824Z Fetching faraday 2.3.0
2026-04-22T23:02:31.9478170Z Installing faraday 2.3.0
2026-04-22T23:02:31.9819778Z Fetching i18n 1.12.0
2026-04-22T23:02:32.0569721Z Installing i18n 1.12.0
2026-04-22T23:02:32.0772241Z Fetching tzinfo 2.0.6
2026-04-22T23:02:32.1582072Z Installing tzinfo 2.0.6
2026-04-22T23:02:32.1849621Z Fetching rspec-core 3.10.1
2026-04-22T23:02:32.2310826Z Fetching rspec-expectations 3.10.1
2026-04-22T23:02:32.3085542Z Installing rspec-expectations 3.10.1
2026-04-22T23:02:32.3353968Z Installing rspec-core 3.10.1
2026-04-22T23:02:32.3545778Z Fetching rspec-mocks 3.10.1
2026-04-22T23:02:32.4315804Z Fetching faraday-retry 2.0.0
2026-04-22T23:02:32.4752037Z Installing rspec-mocks 3.10.1
2026-04-22T23:02:32.5014971Z Installing faraday-retry 2.0.0
2026-04-22T23:02:32.5127361Z Fetching sawyer 0.9.2
2026-04-22T23:02:32.5391403Z Fetching activesupport 6.1.7.3
2026-04-22T23:02:32.6018143Z Installing sawyer 0.9.2
2026-04-22T23:02:32.6148298Z Fetching parser 3.2.2.4
2026-04-22T23:02:32.6705248Z Installing activesupport 6.1.7.3
2026-04-22T23:02:32.8048132Z Installing parser 3.2.2.4
2026-04-22T23:02:32.8324425Z Fetching rspec 3.10.0
2026-04-22T23:02:32.9062108Z Installing rspec 3.10.0
2026-04-22T23:02:32.9264964Z Fetching octokit 4.25.0
2026-04-22T23:02:33.0102285Z Installing octokit 4.25.0
2026-04-22T23:02:33.0613452Z Fetching rubocop-ast 1.30.0
2026-04-22T23:02:33.1426470Z Installing rubocop-ast 1.30.0
2026-04-22T23:02:34.0482291Z Fetching rubocop 1.57.2
2026-04-22T23:02:34.1371508Z Installing rubocop 1.57.2
2026-04-22T23:02:34.3081701Z Fetching rubocop-performance 1.19.1
2026-04-22T23:02:34.3087246Z Fetching standard-custom 1.0.2
2026-04-22T23:02:34.3737141Z Installing standard-custom 1.0.2
2026-04-22T23:02:34.3830029Z Installing rubocop-performance 1.19.1
2026-04-22T23:02:34.3967646Z Fetching standard-performance 1.2.1
2026-04-22T23:02:34.4402644Z Installing standard-performance 1.2.1
2026-04-22T23:02:34.4469042Z Fetching standard 1.32.1
2026-04-22T23:02:34.4985391Z Installing standard 1.32.1
2026-04-22T23:02:34.5185148Z Bundle complete! 6 Gemfile dependencies, 40 gems now installed.
2026-04-22T23:02:34.5186365Z Use `bundle info [gemname]` to see where a bundled gem is installed.
2026-04-22T23:02:34.5701567Z ##[group]Run ruby entrypoint.rb
2026-04-22T23:02:34.5701842Z [36;1mruby entrypoint.rb[0m
2026-04-22T23:02:34.5755055Z shell: /usr/bin/bash --noprofile --norc -e -o pipefail {0}
2026-04-22T23:02:34.5755379Z env:
2026-04-22T23:02:34.5755546Z   WAIT_INTERVAL: 30
2026-04-22T23:02:34.5755759Z   ALLOWED_CONCLUSIONS: success,skipped
2026-04-22T23:02:34.5756007Z   IGNORE_CHECKS: 
2026-04-22T23:02:34.5756187Z   CHECK_NAME: 
2026-04-22T23:02:34.5756349Z   CHECK_REGEXP: 
2026-04-22T23:02:34.5756559Z   REF: c4b25a94716b2f2ee3eabcd0859f9bdf7e726862
2026-04-22T23:02:34.5757032Z   REPO_TOKEN: ***
2026-04-22T23:02:34.5757212Z   VERBOSE: true
2026-04-22T23:02:34.5757401Z   RUNNING_WORKFLOW_NAME: Auto-merge
2026-04-22T23:02:34.5757632Z   API_ENDPOINT: 
2026-04-22T23:02:34.5757811Z ##[endgroup]
2026-04-22T23:03:35.6526288Z Checks running on ref:
2026-04-22T23:03:35.6526853Z Checks in_progress: lint-and-test, Auto-merge
2026-04-22T23:03:35.6527561Z Checks completed: autofix
2026-04-22T23:03:35.6528087Z Checks after ignore checks filter:
2026-04-22T23:03:35.6528688Z Checks in_progress: lint-and-test
2026-04-22T23:03:35.6529214Z Checks completed: autofix
2026-04-22T23:03:35.6529693Z Checks after check_name filter:
2026-04-22T23:03:35.6530192Z Checks in_progress: lint-and-test
2026-04-22T23:03:35.6530695Z Checks completed: autofix
2026-04-22T23:03:35.6531421Z Checks after Regexp filter:
2026-04-22T23:03:35.6531892Z Checks in_progress: lint-and-test
2026-04-22T23:03:35.6532342Z Checks completed: autofix
2026-04-22T23:03:35.6532884Z The requested checks aren't complete yet, will check back in 30 seconds...
2026-04-22T23:03:35.6533494Z Checks running on ref:
2026-04-22T23:03:35.6533875Z Checks in_progress: lint-and-test, Auto-merge
2026-04-22T23:03:35.6534324Z Checks completed: autofix
2026-04-22T23:03:35.6534657Z Checks after ignore checks filter:
2026-04-22T23:03:35.6534894Z Checks in_progress: lint-and-test
2026-04-22T23:03:35.6535121Z Checks completed: autofix
2026-04-22T23:03:35.6535341Z Checks after check_name filter:
2026-04-22T23:03:35.6535574Z Checks in_progress: lint-and-test
2026-04-22T23:03:35.6535802Z Checks completed: autofix
2026-04-22T23:03:35.6536003Z Checks after Regexp filter:
2026-04-22T23:03:35.6536219Z Checks in_progress: lint-and-test
2026-04-22T23:03:35.6536438Z Checks completed: autofix
2026-04-22T23:03:35.6536752Z The requested checks aren't complete yet, will check back in 30 seconds...
2026-04-22T23:03:35.6537110Z Checks running on ref:
2026-04-22T23:03:35.6537458Z Checks completed: firebase-distribute, capture-failure-log, lint-and-test, autofix
2026-04-22T23:03:35.6537867Z Checks in_progress: Auto-merge
2026-04-22T23:03:35.6538090Z Checks after ignore checks filter:
2026-04-22T23:03:35.6538471Z Checks completed: firebase-distribute, capture-failure-log, lint-and-test, autofix
2026-04-22T23:03:35.6538860Z Checks after check_name filter:
2026-04-22T23:03:35.6539221Z Checks completed: firebase-distribute, capture-failure-log, lint-and-test, autofix
2026-04-22T23:03:35.6539635Z Checks after Regexp filter:
2026-04-22T23:03:35.6540029Z Checks completed: firebase-distribute, capture-failure-log, lint-and-test, autofix
2026-04-22T23:03:35.6540410Z Checks completed:
2026-04-22T23:03:35.6540607Z firebase-distribute: completed (skipped)
2026-04-22T23:03:35.6540882Z capture-failure-log: completed (success)
2026-04-22T23:03:35.6541396Z lint-and-test: completed (failure)
2026-04-22T23:03:35.6541641Z autofix: completed (failure)
2026-04-22T23:03:35.6542255Z The conclusion of one or more checks were not allowed. Allowed conclusions are: success, skipped. This can be configured with the 'allowed-conclusions' param.
2026-04-22T23:03:35.6602706Z ##[error]Process completed with exit code 1.
2026-04-22T23:03:35.6716781Z Post job cleanup.
2026-04-22T23:03:35.6770279Z Cleaning up orphan processes
2026-04-22T23:03:35.7044460Z ##[warning]Node.js 20 actions are deprecated. The following actions are running on Node.js 20 and may not work as expected: actions/cache@v4. Actions will be forced to run with Node.js 24 by default starting June 2nd, 2026. Node.js 20 will be removed from the runner on September 16th, 2026. Please check if updated versions of these actions are available that support Node.js 24. To opt into Node.js 24 now, set the FORCE_JAVASCRIPT_ACTIONS_TO_NODE24=true environment variable on the runner or in your workflow file. Once Node.js 24 becomes the default, you can temporarily opt out by setting ACTIONS_ALLOW_USE_UNSECURE_NODE_VERSION=true. For more information see: https://github.blog/changelog/2025-09-19-deprecation-of-node-20-on-github-actions-runners/
