=== CI FAILURE ===
Workflow:      Auto-merge & Release
Workflow file: akarlin3/prismTask/.github/workflows/auto-merge.yml@refs/pull/867/merge
Job(s):        Auto-merge
Run ID:        25031829208
Run attempt:   1
Run URL:       https://github.com/akarlin3/prismTask/actions/runs/25031829208
Commit:        686fb3ffd6881098311331b4b99c21722934b1fe
Branch:        867/merge
Event:         pull_request
Actor:         akarlin3
Runner OS:     Linux
Timestamp:     2026-04-28T03:18:09.416Z

Failed steps:
  - Auto-merge: #4 Wait for all other CI checks to pass

=== FAILED JOB LOG ===

--- Job: Auto-merge (id 73314945672) ---
2026-04-28T03:12:21.3989396Z Current runner version: '2.333.1'
2026-04-28T03:12:21.4009358Z ##[group]Runner Image Provisioner
2026-04-28T03:12:21.4009972Z Hosted Compute Agent
2026-04-28T03:12:21.4010439Z Version: 20260213.493
2026-04-28T03:12:21.4010955Z Commit: 5c115507f6dd24b8de37d8bbe0bb4509d0cc0fa3
2026-04-28T03:12:21.4011496Z Build Date: 2026-02-13T00:28:41Z
2026-04-28T03:12:21.4012055Z Worker ID: {37d1311d-dec2-4a01-bb92-bb0e30fd9bd9}
2026-04-28T03:12:21.4012562Z Azure Region: northcentralus
2026-04-28T03:12:21.4013099Z ##[endgroup]
2026-04-28T03:12:21.4014134Z ##[group]Operating System
2026-04-28T03:12:21.4014537Z Ubuntu
2026-04-28T03:12:21.4015084Z 24.04.4
2026-04-28T03:12:21.4015439Z LTS
2026-04-28T03:12:21.4015829Z ##[endgroup]
2026-04-28T03:12:21.4016561Z ##[group]Runner Image
2026-04-28T03:12:21.4016980Z Image: ubuntu-24.04
2026-04-28T03:12:21.4017386Z Version: 20260413.86.1
2026-04-28T03:12:21.4018386Z Included Software: https://github.com/actions/runner-images/blob/ubuntu24/20260413.86/images/ubuntu/Ubuntu2404-Readme.md
2026-04-28T03:12:21.4019583Z Image Release: https://github.com/actions/runner-images/releases/tag/ubuntu24%2F20260413.86
2026-04-28T03:12:21.4020284Z ##[endgroup]
2026-04-28T03:12:21.4021271Z ##[group]GITHUB_TOKEN Permissions
2026-04-28T03:12:21.4023042Z Actions: read
2026-04-28T03:12:21.4023515Z Checks: read
2026-04-28T03:12:21.4023907Z Contents: write
2026-04-28T03:12:21.4024361Z Metadata: read
2026-04-28T03:12:21.4024775Z PullRequests: write
2026-04-28T03:12:21.4025161Z ##[endgroup]
2026-04-28T03:12:21.4026946Z Secret source: Actions
2026-04-28T03:12:21.4027842Z Prepare workflow directory
2026-04-28T03:12:21.4333923Z Prepare all required actions
2026-04-28T03:12:21.4365156Z Getting action download info
2026-04-28T03:12:21.7669408Z Download action repository 'lewagon/wait-on-check-action@ccfb013c15c8afb7bf2b7c028fb74dc5a068cccc' (SHA:ccfb013c15c8afb7bf2b7c028fb74dc5a068cccc)
2026-04-28T03:12:22.2558423Z Getting action download info
2026-04-28T03:12:22.4377085Z Download action repository 'ruby/setup-ruby@v1' (SHA:c4e5b1316158f92e3d49443a9d58b31d25ac0f8f)
2026-04-28T03:12:23.4045548Z Download action repository 'actions/cache@v4' (SHA:0057852bfaa89a56745cba8c7296529d2fc39830)
2026-04-28T03:12:24.4490534Z Complete job name: Auto-merge
2026-04-28T03:12:24.4944087Z ##[group]Run set -euo pipefail
2026-04-28T03:12:24.4944545Z [36;1mset -euo pipefail[0m
2026-04-28T03:12:24.4944996Z [36;1m# Audit item #5 — poll check-runs for up to 60s instead of a bare[0m
2026-04-28T03:12:24.4945576Z [36;1m# 20s sleep. On a busy runner cohort the initial 20s wasn't enough[0m
2026-04-28T03:12:24.4946189Z [36;1m# for the API to reflect queued workflow runs, which could merge[0m
2026-04-28T03:12:24.4946749Z [36;1m# PRs without waiting for CI. Bail out early as soon as ≥1 real[0m
2026-04-28T03:12:24.4947140Z [36;1m# check shows up.[0m
2026-04-28T03:12:24.4947420Z [36;1mCOUNT=0[0m
2026-04-28T03:12:24.4947657Z [36;1mfor i in $(seq 1 6); do[0m
2026-04-28T03:12:24.4947943Z [36;1m  sleep 10[0m
2026-04-28T03:12:24.4948303Z [36;1m  COUNT=$(gh api "repos/$REPO/commits/$HEAD_SHA/check-runs" \[0m
2026-04-28T03:12:24.4948838Z [36;1m    --jq '[.check_runs[] | select(.name != "Auto-merge")] | length')[0m
2026-04-28T03:12:24.4949265Z [36;1m  if [ "$COUNT" -gt 0 ]; then[0m
2026-04-28T03:12:24.4949595Z [36;1m    echo "Found $COUNT non-Auto-merge check(s) after ${i}0s"[0m
2026-04-28T03:12:24.4949947Z [36;1m    break[0m
2026-04-28T03:12:24.4950192Z [36;1m  fi[0m
2026-04-28T03:12:24.4950525Z [36;1m  echo "No non-Auto-merge checks yet (attempt $i/6)"[0m
2026-04-28T03:12:24.4950867Z [36;1mdone[0m
2026-04-28T03:12:24.4951060Z [36;1mif [ "$COUNT" -gt 0 ]; then[0m
2026-04-28T03:12:24.4951351Z [36;1m  echo "has_ci=true" >> "$GITHUB_OUTPUT"[0m
2026-04-28T03:12:24.4951643Z [36;1melse[0m
2026-04-28T03:12:24.4951892Z [36;1m  echo "has_ci=false" >> "$GITHUB_OUTPUT"[0m
2026-04-28T03:12:24.4952349Z [36;1m  echo "No CI checks on this PR after 60s — will merge without waiting."[0m
2026-04-28T03:12:24.4952745Z [36;1mfi[0m
2026-04-28T03:12:24.4973886Z shell: /usr/bin/bash -e {0}
2026-04-28T03:12:24.4974266Z env:
2026-04-28T03:12:24.4974408Z   WAIT_INTERVAL: 30
2026-04-28T03:12:24.4974769Z   GH_TOKEN: ***
2026-04-28T03:12:24.4974968Z   HEAD_SHA: c48ae6376112ed189ebc3b9c3791fa29831e433b
2026-04-28T03:12:24.4975199Z   REPO: akarlin3/prismTask
2026-04-28T03:12:24.4975374Z ##[endgroup]
2026-04-28T03:12:35.5049313Z Found 9 non-Auto-merge check(s) after 10s
2026-04-28T03:12:35.5137022Z ##[group]Run set -euo pipefail
2026-04-28T03:12:35.5137286Z [36;1mset -euo pipefail[0m
2026-04-28T03:12:35.5137596Z [36;1mREQUIRED=$(gh api "repos/$REPO/branches/main/protection/required_status_checks" \[0m
2026-04-28T03:12:35.5137960Z [36;1m  --jq '.contexts[]' 2>/dev/null || true)[0m
2026-04-28T03:12:35.5138192Z [36;1mif [ -z "$REQUIRED" ]; then[0m
2026-04-28T03:12:35.5138577Z [36;1m  echo "::warning::Could not query branch protection (likely a permission issue) — using hardcoded fallback list."[0m
2026-04-28T03:12:35.5138979Z [36;1m  REQUIRED="$FALLBACK_REQUIRED"[0m
2026-04-28T03:12:35.5139183Z [36;1mfi[0m
2026-04-28T03:12:35.5139396Z [36;1m# Strip Auto-merge from the required list so we don't wait on[0m
2026-04-28T03:12:35.5139719Z [36;1m# ourselves (it's listed because we ARE the running workflow).[0m
2026-04-28T03:12:35.5140086Z [36;1mREQUIRED=$(echo "$REQUIRED" | grep -vE '^\s*Auto-merge\s*$' | grep -vE '^\s*$' || true)[0m
2026-04-28T03:12:35.5140439Z [36;1mif [ -z "$REQUIRED" ]; then[0m
2026-04-28T03:12:35.5140710Z [36;1m  echo "No required checks beyond Auto-merge; skipping queue wait."[0m
2026-04-28T03:12:35.5140999Z [36;1m  exit 0[0m
2026-04-28T03:12:35.5141159Z [36;1mfi[0m
2026-04-28T03:12:35.5141342Z [36;1mecho "Waiting until these required checks queue:"[0m
2026-04-28T03:12:35.5141586Z [36;1mecho "$REQUIRED" | sed 's/^/  /'[0m
2026-04-28T03:12:35.5141842Z [36;1m# 30 attempts × 10s = 5 min ceiling. If checks haven't queued[0m
2026-04-28T03:12:35.5142207Z [36;1m# by then something is genuinely broken (workflow file invalid,[0m
2026-04-28T03:12:35.5142539Z [36;1m# path filter excluding everything, etc.) — log and proceed so[0m
2026-04-28T03:12:35.5142840Z [36;1m# wait-on-check-action can decide how to handle it.[0m
2026-04-28T03:12:35.5143094Z [36;1mfor attempt in $(seq 1 30); do[0m
2026-04-28T03:12:35.5143408Z [36;1m  CHECK_RUNS=$(gh api --paginate "repos/$REPO/commits/$HEAD_SHA/check-runs" \[0m
2026-04-28T03:12:35.5143756Z [36;1m    --jq '.check_runs[].name' | sort -u)[0m
2026-04-28T03:12:35.5143991Z [36;1m  MISSING=""[0m
2026-04-28T03:12:35.5144169Z [36;1m  while IFS= read -r req; do[0m
2026-04-28T03:12:35.5144364Z [36;1m    [ -z "$req" ] && continue[0m
2026-04-28T03:12:35.5144577Z [36;1m    req_trimmed=$(echo "$req" | xargs)[0m
2026-04-28T03:12:35.5144843Z [36;1m    if ! echo "$CHECK_RUNS" | grep -qxF "$req_trimmed"; then[0m
2026-04-28T03:12:35.5145133Z [36;1m      MISSING="$MISSING $req_trimmed"[0m
2026-04-28T03:12:35.5145332Z [36;1m    fi[0m
2026-04-28T03:12:35.5145477Z [36;1m  done <<< "$REQUIRED"[0m
2026-04-28T03:12:35.5145739Z [36;1m  if [ -z "$MISSING" ]; then[0m
2026-04-28T03:12:35.5146141Z [36;1m    echo "All required checks have queued after attempt $attempt."[0m
2026-04-28T03:12:35.5146402Z [36;1m    exit 0[0m
2026-04-28T03:12:35.5146561Z [36;1m  fi[0m
2026-04-28T03:12:35.5146768Z [36;1m  echo "Still waiting for:$MISSING (attempt $attempt/30)"[0m
2026-04-28T03:12:35.5147019Z [36;1m  sleep 10[0m
2026-04-28T03:12:35.5147167Z [36;1mdone[0m
2026-04-28T03:12:35.5147518Z [36;1mecho "::warning::Some required checks never queued after 5 min:$MISSING — proceeding to wait-on-check-action anyway."[0m
2026-04-28T03:12:35.5165312Z shell: /usr/bin/bash -e {0}
2026-04-28T03:12:35.5165508Z env:
2026-04-28T03:12:35.5165660Z   WAIT_INTERVAL: 30
2026-04-28T03:12:35.5166233Z   GH_TOKEN: ***
2026-04-28T03:12:35.5166417Z   HEAD_SHA: c48ae6376112ed189ebc3b9c3791fa29831e433b
2026-04-28T03:12:35.5166656Z   REPO: akarlin3/prismTask
2026-04-28T03:12:35.5166928Z   FALLBACK_REQUIRED: lint-and-test
connected-tests
test
web-lint-and-test

2026-04-28T03:12:35.5167370Z ##[endgroup]
2026-04-28T03:12:35.7160901Z Waiting until these required checks queue:
2026-04-28T03:12:35.7172716Z   {"message":"Resource not accessible by integration","documentation_url":"https://docs.github.com/rest/branches/branch-protection#get-status-checks-protection","status":"403"}
2026-04-28T03:12:36.1446295Z Still waiting for: {message:Resource not accessible by integration,documentation_url:https://docs.github.com/rest/branches/branch-protection#get-status-checks-protection,status:403} (attempt 1/30)
2026-04-28T03:12:46.5919542Z Still waiting for: {message:Resource not accessible by integration,documentation_url:https://docs.github.com/rest/branches/branch-protection#get-status-checks-protection,status:403} (attempt 2/30)
2026-04-28T03:12:57.0381947Z Still waiting for: {message:Resource not accessible by integration,documentation_url:https://docs.github.com/rest/branches/branch-protection#get-status-checks-protection,status:403} (attempt 3/30)
2026-04-28T03:13:07.4545233Z Still waiting for: {message:Resource not accessible by integration,documentation_url:https://docs.github.com/rest/branches/branch-protection#get-status-checks-protection,status:403} (attempt 4/30)
2026-04-28T03:13:17.9245854Z Still waiting for: {message:Resource not accessible by integration,documentation_url:https://docs.github.com/rest/branches/branch-protection#get-status-checks-protection,status:403} (attempt 5/30)
2026-04-28T03:13:28.3828188Z Still waiting for: {message:Resource not accessible by integration,documentation_url:https://docs.github.com/rest/branches/branch-protection#get-status-checks-protection,status:403} (attempt 6/30)
2026-04-28T03:13:38.8217763Z Still waiting for: {message:Resource not accessible by integration,documentation_url:https://docs.github.com/rest/branches/branch-protection#get-status-checks-protection,status:403} (attempt 7/30)
2026-04-28T03:13:49.2863281Z Still waiting for: {message:Resource not accessible by integration,documentation_url:https://docs.github.com/rest/branches/branch-protection#get-status-checks-protection,status:403} (attempt 8/30)
2026-04-28T03:13:59.7630862Z Still waiting for: {message:Resource not accessible by integration,documentation_url:https://docs.github.com/rest/branches/branch-protection#get-status-checks-protection,status:403} (attempt 9/30)
2026-04-28T03:14:10.1911726Z Still waiting for: {message:Resource not accessible by integration,documentation_url:https://docs.github.com/rest/branches/branch-protection#get-status-checks-protection,status:403} (attempt 10/30)
2026-04-28T03:14:20.6548887Z Still waiting for: {message:Resource not accessible by integration,documentation_url:https://docs.github.com/rest/branches/branch-protection#get-status-checks-protection,status:403} (attempt 11/30)
2026-04-28T03:14:31.1342705Z Still waiting for: {message:Resource not accessible by integration,documentation_url:https://docs.github.com/rest/branches/branch-protection#get-status-checks-protection,status:403} (attempt 12/30)
2026-04-28T03:14:41.6002568Z Still waiting for: {message:Resource not accessible by integration,documentation_url:https://docs.github.com/rest/branches/branch-protection#get-status-checks-protection,status:403} (attempt 13/30)
2026-04-28T03:14:52.0657803Z Still waiting for: {message:Resource not accessible by integration,documentation_url:https://docs.github.com/rest/branches/branch-protection#get-status-checks-protection,status:403} (attempt 14/30)
2026-04-28T03:15:02.5330524Z Still waiting for: {message:Resource not accessible by integration,documentation_url:https://docs.github.com/rest/branches/branch-protection#get-status-checks-protection,status:403} (attempt 15/30)
2026-04-28T03:15:13.0152987Z Still waiting for: {message:Resource not accessible by integration,documentation_url:https://docs.github.com/rest/branches/branch-protection#get-status-checks-protection,status:403} (attempt 16/30)
2026-04-28T03:15:23.5044104Z Still waiting for: {message:Resource not accessible by integration,documentation_url:https://docs.github.com/rest/branches/branch-protection#get-status-checks-protection,status:403} (attempt 17/30)
2026-04-28T03:15:33.9656827Z Still waiting for: {message:Resource not accessible by integration,documentation_url:https://docs.github.com/rest/branches/branch-protection#get-status-checks-protection,status:403} (attempt 18/30)
2026-04-28T03:15:44.3758590Z Still waiting for: {message:Resource not accessible by integration,documentation_url:https://docs.github.com/rest/branches/branch-protection#get-status-checks-protection,status:403} (attempt 19/30)
2026-04-28T03:15:54.8403904Z Still waiting for: {message:Resource not accessible by integration,documentation_url:https://docs.github.com/rest/branches/branch-protection#get-status-checks-protection,status:403} (attempt 20/30)
2026-04-28T03:16:05.3254083Z Still waiting for: {message:Resource not accessible by integration,documentation_url:https://docs.github.com/rest/branches/branch-protection#get-status-checks-protection,status:403} (attempt 21/30)
2026-04-28T03:16:15.8072601Z Still waiting for: {message:Resource not accessible by integration,documentation_url:https://docs.github.com/rest/branches/branch-protection#get-status-checks-protection,status:403} (attempt 22/30)
2026-04-28T03:16:26.2419535Z Still waiting for: {message:Resource not accessible by integration,documentation_url:https://docs.github.com/rest/branches/branch-protection#get-status-checks-protection,status:403} (attempt 23/30)
2026-04-28T03:16:36.7180063Z Still waiting for: {message:Resource not accessible by integration,documentation_url:https://docs.github.com/rest/branches/branch-protection#get-status-checks-protection,status:403} (attempt 24/30)
2026-04-28T03:16:47.2748278Z Still waiting for: {message:Resource not accessible by integration,documentation_url:https://docs.github.com/rest/branches/branch-protection#get-status-checks-protection,status:403} (attempt 25/30)
2026-04-28T03:16:57.6710780Z Still waiting for: {message:Resource not accessible by integration,documentation_url:https://docs.github.com/rest/branches/branch-protection#get-status-checks-protection,status:403} (attempt 26/30)
2026-04-28T03:17:08.0763056Z Still waiting for: {message:Resource not accessible by integration,documentation_url:https://docs.github.com/rest/branches/branch-protection#get-status-checks-protection,status:403} (attempt 27/30)
2026-04-28T03:17:18.5176108Z Still waiting for: {message:Resource not accessible by integration,documentation_url:https://docs.github.com/rest/branches/branch-protection#get-status-checks-protection,status:403} (attempt 28/30)
2026-04-28T03:17:28.9349778Z Still waiting for: {message:Resource not accessible by integration,documentation_url:https://docs.github.com/rest/branches/branch-protection#get-status-checks-protection,status:403} (attempt 29/30)
2026-04-28T03:17:39.3809586Z Still waiting for: {message:Resource not accessible by integration,documentation_url:https://docs.github.com/rest/branches/branch-protection#get-status-checks-protection,status:403} (attempt 30/30)
2026-04-28T03:17:49.3850554Z ##[warning]Some required checks never queued after 5 min: {message:Resource not accessible by integration,documentation_url:https://docs.github.com/rest/branches/branch-protection#get-status-checks-protection,status:403} — proceeding to wait-on-check-action anyway.
2026-04-28T03:17:49.4019834Z ##[group]Run lewagon/wait-on-check-action@ccfb013c15c8afb7bf2b7c028fb74dc5a068cccc
2026-04-28T03:17:49.4020158Z with:
2026-04-28T03:17:49.4020324Z   ref: c48ae6376112ed189ebc3b9c3791fa29831e433b
2026-04-28T03:17:49.4020548Z   running-workflow-name: Auto-merge
2026-04-28T03:17:49.4020938Z   repo-token: ***
2026-04-28T03:17:49.4021094Z   wait-interval: 30
2026-04-28T03:17:49.4021273Z   allowed-conclusions: success,skipped,neutral
2026-04-28T03:17:49.4021497Z   verbose: true
2026-04-28T03:17:49.4021634Z env:
2026-04-28T03:17:49.4021756Z   WAIT_INTERVAL: 30
2026-04-28T03:17:49.4021898Z ##[endgroup]
2026-04-28T03:17:49.4121683Z ##[group]Run ruby/setup-ruby@v1
2026-04-28T03:17:49.4121887Z with:
2026-04-28T03:17:49.4122203Z   ruby-version: 3.2
2026-04-28T03:17:49.4122362Z   bundler-cache: false
2026-04-28T03:17:49.4122628Z   token: ***
2026-04-28T03:17:49.4122765Z env:
2026-04-28T03:17:49.4122900Z   WAIT_INTERVAL: 30
2026-04-28T03:17:49.4123048Z ##[endgroup]
2026-04-28T03:17:49.5098635Z ##[group]Modifying PATH
2026-04-28T03:17:49.5098979Z Entries added to PATH to use selected Ruby:
2026-04-28T03:17:49.5099447Z   /opt/hostedtoolcache/Ruby/3.2.11/x64/bin
2026-04-28T03:17:49.5102531Z ##[endgroup]
2026-04-28T03:17:49.5103101Z ##[group]Print Ruby version
2026-04-28T03:17:49.5129713Z [command]/opt/hostedtoolcache/Ruby/3.2.11/x64/bin/ruby --version
2026-04-28T03:17:49.6553678Z ruby 3.2.11 (2026-03-27 revision 5483bfc1ae) [x86_64-linux]
2026-04-28T03:17:49.6576634Z Took   0.15 seconds
2026-04-28T03:17:49.6578762Z ##[endgroup]
2026-04-28T03:17:49.6579133Z ##[group]Installing Bundler
2026-04-28T03:17:49.6581190Z Using Bundler shipped with ruby-3.2.11
2026-04-28T03:17:49.6581961Z Took   0.00 seconds
2026-04-28T03:17:49.6582360Z ##[endgroup]
2026-04-28T03:17:49.7096173Z ##[group]Run actions/cache@v4
2026-04-28T03:17:49.7096448Z with:
2026-04-28T03:17:49.7096792Z   path: /home/runner/work/_actions/lewagon/wait-on-check-action/ccfb013c15c8afb7bf2b7c028fb74dc5a068cccc
2026-04-28T03:17:49.7097187Z   key: Linux-gems-
2026-04-28T03:17:49.7097361Z   restore-keys: Linux-gems-
2026-04-28T03:17:49.7097552Z   enableCrossOsArchive: false
2026-04-28T03:17:49.7097745Z   fail-on-cache-miss: false
2026-04-28T03:17:49.7097925Z   lookup-only: false
2026-04-28T03:17:49.7098081Z   save-always: false
2026-04-28T03:17:49.7098231Z env:
2026-04-28T03:17:49.7098368Z   WAIT_INTERVAL: 30
2026-04-28T03:17:49.7098526Z ##[endgroup]
2026-04-28T03:17:49.9118888Z Cache not found for input keys: Linux-gems-, Linux-gems-
2026-04-28T03:17:49.9176270Z ##[group]Run bundle install --jobs 4 --retry 3
2026-04-28T03:17:49.9176531Z [36;1mbundle install --jobs 4 --retry 3[0m
2026-04-28T03:17:49.9196193Z shell: /usr/bin/bash --noprofile --norc -e -o pipefail {0}
2026-04-28T03:17:49.9196462Z env:
2026-04-28T03:17:49.9196602Z   WAIT_INTERVAL: 30
2026-04-28T03:17:49.9196745Z ##[endgroup]
2026-04-28T03:17:50.8378923Z Bundler 2.4.19 is running, but your lockfile was generated with 2.2.3. Installing Bundler 2.2.3 and restarting using that version.
2026-04-28T03:17:51.9918701Z Fetching gem metadata from https://rubygems.org/.
2026-04-28T03:17:51.9976309Z Fetching bundler 2.2.3
2026-04-28T03:17:52.1162573Z Installing bundler 2.2.3
2026-04-28T03:17:52.2889882Z Calling `DidYouMean::SPELL_CHECKERS.merge!(error_name => spell_checker)' has been deprecated. Please call `DidYouMean.correct_error(error_name, spell_checker)' instead.
2026-04-28T03:17:53.4825181Z Fetching gem metadata from https://rubygems.org/.........
2026-04-28T03:17:53.5497771Z Fetching concurrent-ruby 1.2.2
2026-04-28T03:17:53.5501236Z Fetching minitest 5.18.0
2026-04-28T03:17:53.5501530Z Fetching zeitwerk 2.6.7
2026-04-28T03:17:53.5503305Z Fetching public_suffix 4.0.7
2026-04-28T03:17:53.6435603Z Installing zeitwerk 2.6.7
2026-04-28T03:17:53.6571488Z Installing minitest 5.18.0
2026-04-28T03:17:53.6576133Z Installing public_suffix 4.0.7
2026-04-28T03:17:53.6747088Z Installing concurrent-ruby 1.2.2
2026-04-28T03:17:53.6958323Z Fetching ast 2.4.2
2026-04-28T03:17:53.7197639Z Using bundler 2.2.3
2026-04-28T03:17:53.7201465Z Fetching byebug 11.1.3
2026-04-28T03:17:53.7513402Z Fetching diff-lcs 1.4.4
2026-04-28T03:17:53.7693224Z Installing ast 2.4.2
2026-04-28T03:17:53.7795734Z Installing byebug 11.1.3 with native extensions
2026-04-28T03:17:53.7852997Z Fetching faraday-net_http 2.0.3
2026-04-28T03:17:53.8182210Z Installing diff-lcs 1.4.4
2026-04-28T03:17:53.8299454Z Installing faraday-net_http 2.0.3
2026-04-28T03:17:53.8402528Z Using ruby2_keywords 0.0.5
2026-04-28T03:17:53.8408224Z Fetching json 2.7.1
2026-04-28T03:17:53.8760111Z Installing json 2.7.1 with native extensions
2026-04-28T03:17:53.8928475Z Fetching language_server-protocol 3.17.0.3
2026-04-28T03:17:53.9350863Z Installing language_server-protocol 3.17.0.3
2026-04-28T03:17:53.9804260Z Fetching lint_roller 1.1.0
2026-04-28T03:17:54.0232795Z Installing lint_roller 1.1.0
2026-04-28T03:17:54.0391158Z Fetching parallel 1.24.0
2026-04-28T03:17:54.0869244Z Installing parallel 1.24.0
2026-04-28T03:17:54.0978409Z Fetching racc 1.7.3
2026-04-28T03:17:54.1329448Z Installing racc 1.7.3 with native extensions
2026-04-28T03:17:54.1438680Z Fetching rainbow 3.1.1
2026-04-28T03:17:54.1715235Z Installing rainbow 3.1.1
2026-04-28T03:17:54.1768564Z Fetching regexp_parser 2.8.3
2026-04-28T03:17:54.2119423Z Installing regexp_parser 2.8.3
2026-04-28T03:17:54.2357868Z Fetching rexml 3.2.6
2026-04-28T03:17:54.2753592Z Installing rexml 3.2.6
2026-04-28T03:17:54.3837823Z Fetching rspec-support 3.10.1
2026-04-28T03:17:54.4183858Z Installing rspec-support 3.10.1
2026-04-28T03:17:54.4293939Z Fetching ruby-progressbar 1.13.0
2026-04-28T03:17:54.4599197Z Installing ruby-progressbar 1.13.0
2026-04-28T03:17:54.4677789Z Fetching unicode-display_width 2.5.0
2026-04-28T03:17:54.4996938Z Installing unicode-display_width 2.5.0
2026-04-28T03:17:54.5071512Z Fetching addressable 2.8.0
2026-04-28T03:17:54.5567204Z Installing addressable 2.8.0
2026-04-28T03:17:54.5726956Z Fetching faraday 2.3.0
2026-04-28T03:17:54.6216980Z Installing faraday 2.3.0
2026-04-28T03:17:54.6476926Z Fetching i18n 1.12.0
2026-04-28T03:17:54.6946851Z Installing i18n 1.12.0
2026-04-28T03:17:54.7096844Z Fetching tzinfo 2.0.6
2026-04-28T03:17:54.7567179Z Installing tzinfo 2.0.6
2026-04-28T03:17:54.7756823Z Fetching rspec-core 3.10.1
2026-04-28T03:17:54.8230747Z Installing rspec-core 3.10.1
2026-04-28T03:17:54.8524985Z Fetching rspec-expectations 3.10.1
2026-04-28T03:17:54.8727499Z Fetching rspec-mocks 3.10.1
2026-04-28T03:17:54.8996202Z Installing rspec-expectations 3.10.1
2026-04-28T03:17:54.9101119Z Installing rspec-mocks 3.10.1
2026-04-28T03:17:54.9330873Z Fetching faraday-retry 2.0.0
2026-04-28T03:17:54.9509143Z Fetching sawyer 0.9.2
2026-04-28T03:17:54.9793141Z Installing faraday-retry 2.0.0
2026-04-28T03:17:54.9832799Z Installing sawyer 0.9.2
2026-04-28T03:17:54.9918047Z Fetching activesupport 6.1.7.3
2026-04-28T03:17:55.0111808Z Fetching parser 3.2.2.4
2026-04-28T03:17:55.0473773Z Installing activesupport 6.1.7.3
2026-04-28T03:17:55.1155813Z Installing parser 3.2.2.4
2026-04-28T03:17:55.1826521Z Fetching rspec 3.10.0
2026-04-28T03:17:55.2185463Z Installing rspec 3.10.0
2026-04-28T03:17:55.2291017Z Fetching octokit 4.25.0
2026-04-28T03:17:55.2589003Z Fetching rubocop-ast 1.30.0
2026-04-28T03:17:55.2817860Z Installing octokit 4.25.0
2026-04-28T03:17:55.3095824Z Installing rubocop-ast 1.30.0
2026-04-28T03:17:56.9056744Z Fetching rubocop 1.57.2
2026-04-28T03:17:56.9626948Z Installing rubocop 1.57.2
2026-04-28T03:17:57.0936965Z Fetching standard-custom 1.0.2
2026-04-28T03:17:57.0937248Z Fetching rubocop-performance 1.19.1
2026-04-28T03:17:57.1365738Z Installing standard-custom 1.0.2
2026-04-28T03:17:57.1422569Z Installing rubocop-performance 1.19.1
2026-04-28T03:17:57.1555013Z Fetching standard-performance 1.2.1
2026-04-28T03:17:57.1847375Z Installing standard-performance 1.2.1
2026-04-28T03:17:57.1901153Z Fetching standard 1.32.1
2026-04-28T03:17:57.2220092Z Installing standard 1.32.1
2026-04-28T03:17:57.2380915Z Bundle complete! 6 Gemfile dependencies, 40 gems now installed.
2026-04-28T03:17:57.2381773Z Use `bundle info [gemname]` to see where a bundled gem is installed.
2026-04-28T03:17:57.2850601Z ##[group]Run ruby entrypoint.rb
2026-04-28T03:17:57.2850826Z [36;1mruby entrypoint.rb[0m
2026-04-28T03:17:57.2869290Z shell: /usr/bin/bash --noprofile --norc -e -o pipefail {0}
2026-04-28T03:17:57.2869540Z env:
2026-04-28T03:17:57.2869677Z   WAIT_INTERVAL: 30
2026-04-28T03:17:57.2869856Z   ALLOWED_CONCLUSIONS: success,skipped,neutral
2026-04-28T03:17:57.2870062Z   IGNORE_CHECKS: 
2026-04-28T03:17:57.2870199Z   CHECK_NAME: 
2026-04-28T03:17:57.2870335Z   CHECK_REGEXP: 
2026-04-28T03:17:57.2870498Z   REF: c48ae6376112ed189ebc3b9c3791fa29831e433b
2026-04-28T03:17:57.2871051Z   REPO_TOKEN: ***
2026-04-28T03:17:57.2871206Z   VERBOSE: true
2026-04-28T03:17:57.2871539Z   RUNNING_WORKFLOW_NAME: Auto-merge
2026-04-28T03:17:57.2871723Z   API_ENDPOINT: 
2026-04-28T03:17:57.2871867Z ##[endgroup]
2026-04-28T03:17:59.0609066Z Checks running on ref:
2026-04-28T03:17:59.0609863Z Checks completed: capture-failure-log, capture-failure-log, capture-failure-log, e2e, capture-failure-log, cross-device-tests, connected-tests, test, web-lint-and-test, maybe-label, lint-and-test, autofix
2026-04-28T03:17:59.0610488Z Checks in_progress: Auto-merge
2026-04-28T03:17:59.0610676Z Checks after ignore checks filter:
2026-04-28T03:17:59.0611262Z Checks completed: capture-failure-log, capture-failure-log, capture-failure-log, e2e, capture-failure-log, cross-device-tests, connected-tests, test, web-lint-and-test, maybe-label, lint-and-test, autofix
2026-04-28T03:17:59.0611850Z Checks after check_name filter:
2026-04-28T03:17:59.0612419Z Checks completed: capture-failure-log, capture-failure-log, capture-failure-log, e2e, capture-failure-log, cross-device-tests, connected-tests, test, web-lint-and-test, maybe-label, lint-and-test, autofix
2026-04-28T03:17:59.0613008Z Checks after Regexp filter:
2026-04-28T03:17:59.0613566Z Checks completed: capture-failure-log, capture-failure-log, capture-failure-log, e2e, capture-failure-log, cross-device-tests, connected-tests, test, web-lint-and-test, maybe-label, lint-and-test, autofix
2026-04-28T03:17:59.0614136Z Checks completed:
2026-04-28T03:17:59.0614297Z capture-failure-log: completed (skipped)
2026-04-28T03:17:59.0614566Z capture-failure-log: completed (skipped)
2026-04-28T03:17:59.0614836Z capture-failure-log: completed (skipped)
2026-04-28T03:17:59.0615073Z e2e: completed (success)
2026-04-28T03:17:59.0615248Z capture-failure-log: completed (skipped)
2026-04-28T03:17:59.0615444Z cross-device-tests: completed (skipped)
2026-04-28T03:17:59.0615727Z connected-tests: completed (skipped)
2026-04-28T03:17:59.0616204Z test: completed (cancelled)
2026-04-28T03:17:59.0616471Z web-lint-and-test: completed (success)
2026-04-28T03:17:59.0616675Z maybe-label: completed (success)
2026-04-28T03:17:59.0616867Z lint-and-test: completed (cancelled)
2026-04-28T03:17:59.0617064Z autofix: completed (cancelled)
2026-04-28T03:17:59.0617551Z The conclusion of one or more checks were not allowed. Allowed conclusions are: success, skipped, neutral. This can be configured with the 'allowed-conclusions' param.
2026-04-28T03:17:59.0675505Z ##[error]Process completed with exit code 1.
2026-04-28T03:17:59.0780357Z Post job cleanup.
2026-04-28T03:17:59.0819997Z Cleaning up orphan processes
2026-04-28T03:17:59.1048846Z ##[warning]Node.js 20 actions are deprecated. The following actions are running on Node.js 20 and may not work as expected: actions/cache@v4. Actions will be forced to run with Node.js 24 by default starting June 2nd, 2026. Node.js 20 will be removed from the runner on September 16th, 2026. Please check if updated versions of these actions are available that support Node.js 24. To opt into Node.js 24 now, set the FORCE_JAVASCRIPT_ACTIONS_TO_NODE24=true environment variable on the runner or in your workflow file. Once Node.js 24 becomes the default, you can temporarily opt out by setting ACTIONS_ALLOW_USE_UNSECURE_NODE_VERSION=true. For more information see: https://github.blog/changelog/2025-09-19-deprecation-of-node-20-on-github-actions-runners/
