=== CI FAILURE ===
Workflow:      Auto-merge & Release
Workflow file: akarlin3/prismTask/.github/workflows/auto-merge.yml@refs/pull/772/merge
Job(s):        Auto-merge
Run ID:        24925835449
Run attempt:   1
Run URL:       https://github.com/akarlin3/prismTask/actions/runs/24925835449
Commit:        f0742b416d8c958a51722b6c6be19d76c3fe29e2
Branch:        772/merge
Event:         pull_request
Actor:         akarlin3
Runner OS:     Linux
Timestamp:     2026-04-25T07:42:49.158Z

Failed steps:
  - Auto-merge: #3 Wait for all other CI checks to pass

=== FAILED JOB LOG ===

--- Job: Auto-merge (id 72995529834) ---
2026-04-25T07:35:12.6287603Z Current runner version: '2.333.1'
2026-04-25T07:35:12.6312746Z ##[group]Runner Image Provisioner
2026-04-25T07:35:12.6313524Z Hosted Compute Agent
2026-04-25T07:35:12.6314138Z Version: 20260213.493
2026-04-25T07:35:12.6315267Z Commit: 5c115507f6dd24b8de37d8bbe0bb4509d0cc0fa3
2026-04-25T07:35:12.6315960Z Build Date: 2026-02-13T00:28:41Z
2026-04-25T07:35:12.6316542Z Worker ID: {967f988c-7c5b-4b46-8052-8ee524405584}
2026-04-25T07:35:12.6317335Z Azure Region: northcentralus
2026-04-25T07:35:12.6317884Z ##[endgroup]
2026-04-25T07:35:12.6319360Z ##[group]Operating System
2026-04-25T07:35:12.6320013Z Ubuntu
2026-04-25T07:35:12.6320567Z 24.04.4
2026-04-25T07:35:12.6321001Z LTS
2026-04-25T07:35:12.6321480Z ##[endgroup]
2026-04-25T07:35:12.6321971Z ##[group]Runner Image
2026-04-25T07:35:12.6322478Z Image: ubuntu-24.04
2026-04-25T07:35:12.6323056Z Version: 20260413.86.1
2026-04-25T07:35:12.6324598Z Included Software: https://github.com/actions/runner-images/blob/ubuntu24/20260413.86/images/ubuntu/Ubuntu2404-Readme.md
2026-04-25T07:35:12.6326228Z Image Release: https://github.com/actions/runner-images/releases/tag/ubuntu24%2F20260413.86
2026-04-25T07:35:12.6327088Z ##[endgroup]
2026-04-25T07:35:12.6328356Z ##[group]GITHUB_TOKEN Permissions
2026-04-25T07:35:12.6330582Z Actions: read
2026-04-25T07:35:12.6331095Z Checks: read
2026-04-25T07:35:12.6331932Z Contents: write
2026-04-25T07:35:12.6332478Z Metadata: read
2026-04-25T07:35:12.6332949Z PullRequests: write
2026-04-25T07:35:12.6333508Z ##[endgroup]
2026-04-25T07:35:12.6335860Z Secret source: Actions
2026-04-25T07:35:12.6336860Z Prepare workflow directory
2026-04-25T07:35:12.6737443Z Prepare all required actions
2026-04-25T07:35:12.6774767Z Getting action download info
2026-04-25T07:35:13.0037949Z Download action repository 'lewagon/wait-on-check-action@ccfb013c15c8afb7bf2b7c028fb74dc5a068cccc' (SHA:ccfb013c15c8afb7bf2b7c028fb74dc5a068cccc)
2026-04-25T07:35:13.4163934Z Getting action download info
2026-04-25T07:35:13.5474985Z Download action repository 'ruby/setup-ruby@v1' (SHA:0cb964fd540e0a24c900370abf38a33466142735)
2026-04-25T07:35:13.8981688Z Download action repository 'actions/cache@v4' (SHA:0057852bfaa89a56745cba8c7296529d2fc39830)
2026-04-25T07:35:14.0354475Z Complete job name: Auto-merge
2026-04-25T07:35:14.0974681Z ##[group]Run set -euo pipefail
2026-04-25T07:35:14.0975429Z [36;1mset -euo pipefail[0m
2026-04-25T07:35:14.0976263Z [36;1m# Audit item #5 — poll check-runs for up to 60s instead of a bare[0m
2026-04-25T07:35:14.0977344Z [36;1m# 20s sleep. On a busy runner cohort the initial 20s wasn't enough[0m
2026-04-25T07:35:14.0978398Z [36;1m# for the API to reflect queued workflow runs, which could merge[0m
2026-04-25T07:35:14.0979435Z [36;1m# PRs without waiting for CI. Bail out early as soon as ≥1 real[0m
2026-04-25T07:35:14.0980276Z [36;1m# check shows up.[0m
2026-04-25T07:35:14.0980803Z [36;1mCOUNT=0[0m
2026-04-25T07:35:14.0981261Z [36;1mfor i in $(seq 1 6); do[0m
2026-04-25T07:35:14.0981830Z [36;1m  sleep 10[0m
2026-04-25T07:35:14.0982518Z [36;1m  COUNT=$(gh api "repos/$REPO/commits/$HEAD_SHA/check-runs" \[0m
2026-04-25T07:35:14.0983560Z [36;1m    --jq '[.check_runs[] | select(.name != "Auto-merge")] | length')[0m
2026-04-25T07:35:14.0984633Z [36;1m  if [ "$COUNT" -gt 0 ]; then[0m
2026-04-25T07:35:14.0985422Z [36;1m    echo "Found $COUNT non-Auto-merge check(s) after ${i}0s"[0m
2026-04-25T07:35:14.0986210Z [36;1m    break[0m
2026-04-25T07:35:14.0986661Z [36;1m  fi[0m
2026-04-25T07:35:14.0987255Z [36;1m  echo "No non-Auto-merge checks yet (attempt $i/6)"[0m
2026-04-25T07:35:14.0987996Z [36;1mdone[0m
2026-04-25T07:35:14.0988459Z [36;1mif [ "$COUNT" -gt 0 ]; then[0m
2026-04-25T07:35:14.0989112Z [36;1m  echo "has_ci=true" >> "$GITHUB_OUTPUT"[0m
2026-04-25T07:35:14.0989766Z [36;1melse[0m
2026-04-25T07:35:14.0990284Z [36;1m  echo "has_ci=false" >> "$GITHUB_OUTPUT"[0m
2026-04-25T07:35:14.0991182Z [36;1m  echo "No CI checks on this PR after 60s — will merge without waiting."[0m
2026-04-25T07:35:14.0992032Z [36;1mfi[0m
2026-04-25T07:35:14.1017007Z shell: /usr/bin/bash -e {0}
2026-04-25T07:35:14.1017878Z env:
2026-04-25T07:35:14.1018309Z   WAIT_INTERVAL: 30
2026-04-25T07:35:14.1019061Z   GH_TOKEN: ***
2026-04-25T07:35:14.1019629Z   HEAD_SHA: 26537189f813f5d4cc537766cffebbd4a70c444b
2026-04-25T07:35:14.1020325Z   REPO: akarlin3/prismTask
2026-04-25T07:35:14.1020844Z ##[endgroup]
2026-04-25T07:35:24.4992517Z Found 7 non-Auto-merge check(s) after 10s
2026-04-25T07:35:24.5225434Z ##[group]Run lewagon/wait-on-check-action@ccfb013c15c8afb7bf2b7c028fb74dc5a068cccc
2026-04-25T07:35:24.5225960Z with:
2026-04-25T07:35:24.5226209Z   ref: 26537189f813f5d4cc537766cffebbd4a70c444b
2026-04-25T07:35:24.5226547Z   running-workflow-name: Auto-merge
2026-04-25T07:35:24.5227259Z   repo-token: ***
2026-04-25T07:35:24.5227499Z   wait-interval: 30
2026-04-25T07:35:24.5227779Z   allowed-conclusions: success,skipped,neutral
2026-04-25T07:35:24.5228098Z   verbose: true
2026-04-25T07:35:24.5228314Z env:
2026-04-25T07:35:24.5228508Z   WAIT_INTERVAL: 30
2026-04-25T07:35:24.5228760Z ##[endgroup]
2026-04-25T07:35:24.5365773Z ##[group]Run ruby/setup-ruby@v1
2026-04-25T07:35:24.5366070Z with:
2026-04-25T07:35:24.5366293Z   ruby-version: 3.2
2026-04-25T07:35:24.5366551Z   bundler-cache: false
2026-04-25T07:35:24.5366940Z   token: ***
2026-04-25T07:35:24.5367149Z env:
2026-04-25T07:35:24.5367347Z   WAIT_INTERVAL: 30
2026-04-25T07:35:24.5367566Z ##[endgroup]
2026-04-25T07:35:24.6747317Z ##[group]Modifying PATH
2026-04-25T07:35:24.6748025Z Entries added to PATH to use selected Ruby:
2026-04-25T07:35:24.6753178Z   /opt/hostedtoolcache/Ruby/3.2.11/x64/bin
2026-04-25T07:35:24.6754573Z ##[endgroup]
2026-04-25T07:35:24.6755998Z ##[group]Print Ruby version
2026-04-25T07:35:24.6849223Z [command]/opt/hostedtoolcache/Ruby/3.2.11/x64/bin/ruby --version
2026-04-25T07:35:24.8157669Z ruby 3.2.11 (2026-03-27 revision 5483bfc1ae) [x86_64-linux]
2026-04-25T07:35:24.8189760Z Took   0.14 seconds
2026-04-25T07:35:24.8190857Z ##[endgroup]
2026-04-25T07:35:24.8192261Z ##[group]Installing Bundler
2026-04-25T07:35:24.8196579Z Using Bundler shipped with ruby-3.2.11
2026-04-25T07:35:24.8197266Z Took   0.00 seconds
2026-04-25T07:35:24.8198254Z ##[endgroup]
2026-04-25T07:35:24.8911622Z ##[group]Run actions/cache@v4
2026-04-25T07:35:24.8911957Z with:
2026-04-25T07:35:24.8912448Z   path: /home/runner/work/_actions/lewagon/wait-on-check-action/ccfb013c15c8afb7bf2b7c028fb74dc5a068cccc
2026-04-25T07:35:24.8912999Z   key: Linux-gems-
2026-04-25T07:35:24.8913301Z   restore-keys: Linux-gems-
2026-04-25T07:35:24.8913575Z   enableCrossOsArchive: false
2026-04-25T07:35:24.8913857Z   fail-on-cache-miss: false
2026-04-25T07:35:24.8914124Z   lookup-only: false
2026-04-25T07:35:24.8914590Z   save-always: false
2026-04-25T07:35:24.8914816Z env:
2026-04-25T07:35:24.8915027Z   WAIT_INTERVAL: 30
2026-04-25T07:35:24.8915265Z ##[endgroup]
2026-04-25T07:35:25.1277948Z Cache not found for input keys: Linux-gems-, Linux-gems-
2026-04-25T07:35:25.1419254Z ##[group]Run bundle install --jobs 4 --retry 3
2026-04-25T07:35:25.1419636Z [36;1mbundle install --jobs 4 --retry 3[0m
2026-04-25T07:35:25.1443280Z shell: /usr/bin/bash --noprofile --norc -e -o pipefail {0}
2026-04-25T07:35:25.1443652Z env:
2026-04-25T07:35:25.1443870Z   WAIT_INTERVAL: 30
2026-04-25T07:35:25.1444091Z ##[endgroup]
2026-04-25T07:35:26.0541076Z Bundler 2.4.19 is running, but your lockfile was generated with 2.2.3. Installing Bundler 2.2.3 and restarting using that version.
2026-04-25T07:35:27.3639843Z Fetching gem metadata from https://rubygems.org/.
2026-04-25T07:35:27.3724437Z Fetching bundler 2.2.3
2026-04-25T07:35:27.5175476Z Installing bundler 2.2.3
2026-04-25T07:35:27.7064084Z Calling `DidYouMean::SPELL_CHECKERS.merge!(error_name => spell_checker)' has been deprecated. Please call `DidYouMean.correct_error(error_name, spell_checker)' instead.
2026-04-25T07:35:28.9890786Z Fetching gem metadata from https://rubygems.org/.........
2026-04-25T07:35:28.9985167Z Fetching zeitwerk 2.6.7
2026-04-25T07:35:29.0287695Z Fetching concurrent-ruby 1.2.2
2026-04-25T07:35:29.0511427Z Fetching minitest 5.18.0
2026-04-25T07:35:29.0517893Z Fetching public_suffix 4.0.7
2026-04-25T07:35:29.1273558Z Installing zeitwerk 2.6.7
2026-04-25T07:35:29.1466584Z Installing public_suffix 4.0.7
2026-04-25T07:35:29.1482395Z Installing minitest 5.18.0
2026-04-25T07:35:29.1829456Z Installing concurrent-ruby 1.2.2
2026-04-25T07:35:29.1960758Z Fetching ast 2.4.2
2026-04-25T07:35:29.2333908Z Installing ast 2.4.2
2026-04-25T07:35:29.2428217Z Using bundler 2.2.3
2026-04-25T07:35:29.2439131Z Fetching byebug 11.1.3
2026-04-25T07:35:29.2745219Z Fetching diff-lcs 1.4.4
2026-04-25T07:35:29.3158217Z Fetching faraday-net_http 2.0.3
2026-04-25T07:35:29.3399363Z Installing byebug 11.1.3 with native extensions
2026-04-25T07:35:29.3499434Z Installing diff-lcs 1.4.4
2026-04-25T07:35:29.3702098Z Installing faraday-net_http 2.0.3
2026-04-25T07:35:29.3863139Z Using ruby2_keywords 0.0.5
2026-04-25T07:35:29.3874732Z Fetching json 2.7.1
2026-04-25T07:35:29.4341310Z Installing json 2.7.1 with native extensions
2026-04-25T07:35:29.4570548Z Fetching language_server-protocol 3.17.0.3
2026-04-25T07:35:29.5063652Z Installing language_server-protocol 3.17.0.3
2026-04-25T07:35:29.5968996Z Fetching lint_roller 1.1.0
2026-04-25T07:35:29.6535941Z Installing lint_roller 1.1.0
2026-04-25T07:35:29.6722298Z Fetching parallel 1.24.0
2026-04-25T07:35:29.7093143Z Installing parallel 1.24.0
2026-04-25T07:35:29.7255483Z Fetching racc 1.7.3
2026-04-25T07:35:29.7699912Z Installing racc 1.7.3 with native extensions
2026-04-25T07:35:29.8074519Z Fetching rainbow 3.1.1
2026-04-25T07:35:29.8485919Z Installing rainbow 3.1.1
2026-04-25T07:35:29.8567906Z Fetching regexp_parser 2.8.3
2026-04-25T07:35:29.9069656Z Installing regexp_parser 2.8.3
2026-04-25T07:35:29.9299599Z Fetching rexml 3.2.6
2026-04-25T07:35:29.9711401Z Installing rexml 3.2.6
2026-04-25T07:35:30.0712927Z Fetching rspec-support 3.10.1
2026-04-25T07:35:30.1143175Z Installing rspec-support 3.10.1
2026-04-25T07:35:30.1288196Z Fetching ruby-progressbar 1.13.0
2026-04-25T07:35:30.1673527Z Installing ruby-progressbar 1.13.0
2026-04-25T07:35:30.1772797Z Fetching unicode-display_width 2.5.0
2026-04-25T07:35:30.2166007Z Installing unicode-display_width 2.5.0
2026-04-25T07:35:30.2251388Z Fetching addressable 2.8.0
2026-04-25T07:35:30.2925581Z Installing addressable 2.8.0
2026-04-25T07:35:30.3155031Z Fetching faraday 2.3.0
2026-04-25T07:35:30.3765367Z Installing faraday 2.3.0
2026-04-25T07:35:30.4125226Z Fetching i18n 1.12.0
2026-04-25T07:35:30.4717803Z Installing i18n 1.12.0
2026-04-25T07:35:30.4965410Z Fetching tzinfo 2.0.6
2026-04-25T07:35:30.5555327Z Installing tzinfo 2.0.6
2026-04-25T07:35:30.5780908Z Fetching rspec-core 3.10.1
2026-04-25T07:35:30.6376298Z Installing rspec-core 3.10.1
2026-04-25T07:35:30.6663201Z Fetching rspec-expectations 3.10.1
2026-04-25T07:35:30.7095371Z Installing rspec-expectations 3.10.1
2026-04-25T07:35:30.7325078Z Fetching rspec-mocks 3.10.1
2026-04-25T07:35:30.7778845Z Installing rspec-mocks 3.10.1
2026-04-25T07:35:30.7783977Z Fetching faraday-retry 2.0.0
2026-04-25T07:35:30.8143031Z Installing faraday-retry 2.0.0
2026-04-25T07:35:30.8247879Z Fetching sawyer 0.9.2
2026-04-25T07:35:30.8534883Z Fetching activesupport 6.1.7.3
2026-04-25T07:35:30.8814117Z Installing sawyer 0.9.2
2026-04-25T07:35:30.8909545Z Fetching parser 3.2.2.4
2026-04-25T07:35:30.9231243Z Installing activesupport 6.1.7.3
2026-04-25T07:35:31.0061213Z Installing parser 3.2.2.4
2026-04-25T07:35:31.0896378Z Fetching rspec 3.10.0
2026-04-25T07:35:31.1496798Z Installing rspec 3.10.0
2026-04-25T07:35:31.1631064Z Fetching octokit 4.25.0
2026-04-25T07:35:31.2291179Z Installing octokit 4.25.0
2026-04-25T07:35:31.2823010Z Fetching rubocop-ast 1.30.0
2026-04-25T07:35:31.3446272Z Installing rubocop-ast 1.30.0
2026-04-25T07:35:32.7181929Z Fetching rubocop 1.57.2
2026-04-25T07:35:32.7750962Z Installing rubocop 1.57.2
2026-04-25T07:35:32.9411304Z Fetching rubocop-performance 1.19.1
2026-04-25T07:35:32.9411907Z Fetching standard-custom 1.0.2
2026-04-25T07:35:32.9958574Z Installing standard-custom 1.0.2
2026-04-25T07:35:33.0003329Z Installing rubocop-performance 1.19.1
2026-04-25T07:35:33.0175570Z Fetching standard-performance 1.2.1
2026-04-25T07:35:33.0510272Z Installing standard-performance 1.2.1
2026-04-25T07:35:33.0576113Z Fetching standard 1.32.1
2026-04-25T07:35:33.0906116Z Installing standard 1.32.1
2026-04-25T07:35:33.1111085Z Bundle complete! 6 Gemfile dependencies, 40 gems now installed.
2026-04-25T07:35:33.1112718Z Use `bundle info [gemname]` to see where a bundled gem is installed.
2026-04-25T07:35:33.1720939Z ##[group]Run ruby entrypoint.rb
2026-04-25T07:35:33.1721214Z [36;1mruby entrypoint.rb[0m
2026-04-25T07:35:33.1742104Z shell: /usr/bin/bash --noprofile --norc -e -o pipefail {0}
2026-04-25T07:35:33.1742418Z env:
2026-04-25T07:35:33.1742575Z   WAIT_INTERVAL: 30
2026-04-25T07:35:33.1742808Z   ALLOWED_CONCLUSIONS: success,skipped,neutral
2026-04-25T07:35:33.1743071Z   IGNORE_CHECKS: 
2026-04-25T07:35:33.1743247Z   CHECK_NAME: 
2026-04-25T07:35:33.1743410Z   CHECK_REGEXP: 
2026-04-25T07:35:33.1743616Z   REF: 26537189f813f5d4cc537766cffebbd4a70c444b
2026-04-25T07:35:33.1744111Z   REPO_TOKEN: ***
2026-04-25T07:35:33.1745273Z   VERBOSE: true
2026-04-25T07:35:33.1745482Z   RUNNING_WORKFLOW_NAME: Auto-merge
2026-04-25T07:35:33.1745716Z   API_ENDPOINT: 
2026-04-25T07:35:33.1745890Z ##[endgroup]
2026-04-25T07:39:37.3391055Z Checks running on ref:
2026-04-25T07:39:37.3391652Z Checks completed: capture-failure-log, connected-tests, maybe-label
2026-04-25T07:39:37.3392539Z Checks in_progress: test, autofix, lint-and-test, web-lint-and-test, Auto-merge
2026-04-25T07:39:37.3393190Z Checks after ignore checks filter:
2026-04-25T07:39:37.3393580Z Checks completed: capture-failure-log, connected-tests, maybe-label
2026-04-25T07:39:37.3394660Z Checks in_progress: test, autofix, lint-and-test, web-lint-and-test
2026-04-25T07:39:37.3395243Z Checks after check_name filter:
2026-04-25T07:39:37.3395803Z Checks completed: capture-failure-log, connected-tests, maybe-label
2026-04-25T07:39:37.3396527Z Checks in_progress: test, autofix, lint-and-test, web-lint-and-test
2026-04-25T07:39:37.3397094Z Checks after Regexp filter:
2026-04-25T07:39:37.3397609Z Checks completed: capture-failure-log, connected-tests, maybe-label
2026-04-25T07:39:37.3398276Z Checks in_progress: test, autofix, lint-and-test, web-lint-and-test
2026-04-25T07:39:37.3398706Z The requested checks aren't complete yet, will check back in 30 seconds...
2026-04-25T07:39:37.3399052Z Checks running on ref:
2026-04-25T07:39:37.3399429Z Checks completed: e2e, capture-failure-log, connected-tests, web-lint-and-test, maybe-label
2026-04-25T07:39:37.3399878Z Checks queued: capture-failure-log / capture
2026-04-25T07:39:37.3400200Z Checks in_progress: test, autofix, lint-and-test, Auto-merge
2026-04-25T07:39:37.3400511Z Checks after ignore checks filter:
2026-04-25T07:39:37.3400903Z Checks completed: e2e, capture-failure-log, connected-tests, web-lint-and-test, maybe-label
2026-04-25T07:39:37.3401337Z Checks queued: capture-failure-log / capture
2026-04-25T07:39:37.3401612Z Checks in_progress: test, autofix, lint-and-test
2026-04-25T07:39:37.3401887Z Checks after check_name filter:
2026-04-25T07:39:37.3402273Z Checks completed: e2e, capture-failure-log, connected-tests, web-lint-and-test, maybe-label
2026-04-25T07:39:37.3402708Z Checks queued: capture-failure-log / capture
2026-04-25T07:39:37.3402993Z Checks in_progress: test, autofix, lint-and-test
2026-04-25T07:39:37.3403251Z Checks after Regexp filter:
2026-04-25T07:39:37.3403628Z Checks completed: e2e, capture-failure-log, connected-tests, web-lint-and-test, maybe-label
2026-04-25T07:39:37.3404104Z Checks queued: capture-failure-log / capture
2026-04-25T07:39:37.3404666Z Checks in_progress: test, autofix, lint-and-test
2026-04-25T07:39:37.3405053Z The requested checks aren't complete yet, will check back in 30 seconds...
2026-04-25T07:39:37.3405401Z Checks running on ref:
2026-04-25T07:39:37.3405885Z Checks completed: e2e, capture-failure-log / capture, capture-failure-log, connected-tests, web-lint-and-test, maybe-label
2026-04-25T07:39:37.3406766Z Checks in_progress: test, autofix, lint-and-test, Auto-merge
2026-04-25T07:39:37.3407081Z Checks after ignore checks filter:
2026-04-25T07:39:37.3407586Z Checks completed: e2e, capture-failure-log / capture, capture-failure-log, connected-tests, web-lint-and-test, maybe-label
2026-04-25T07:39:37.3408134Z Checks in_progress: test, autofix, lint-and-test
2026-04-25T07:39:37.3408414Z Checks after check_name filter:
2026-04-25T07:39:37.3409045Z Checks completed: e2e, capture-failure-log / capture, capture-failure-log, connected-tests, web-lint-and-test, maybe-label
2026-04-25T07:39:37.3409593Z Checks in_progress: test, autofix, lint-and-test
2026-04-25T07:39:37.3409848Z Checks after Regexp filter:
2026-04-25T07:39:37.3410325Z Checks completed: e2e, capture-failure-log / capture, capture-failure-log, connected-tests, web-lint-and-test, maybe-label
2026-04-25T07:39:37.3410870Z Checks in_progress: test, autofix, lint-and-test
2026-04-25T07:39:37.3411224Z The requested checks aren't complete yet, will check back in 30 seconds...
2026-04-25T07:39:37.3411576Z Checks running on ref:
2026-04-25T07:39:37.3412034Z Checks completed: e2e, capture-failure-log / capture, capture-failure-log, connected-tests, web-lint-and-test, maybe-label
2026-04-25T07:39:37.3412612Z Checks in_progress: test, autofix, lint-and-test, Auto-merge
2026-04-25T07:39:37.3412913Z Checks after ignore checks filter:
2026-04-25T07:39:37.3413410Z Checks completed: e2e, capture-failure-log / capture, capture-failure-log, connected-tests, web-lint-and-test, maybe-label
2026-04-25T07:39:37.3413957Z Checks in_progress: test, autofix, lint-and-test
2026-04-25T07:39:37.3414444Z Checks after check_name filter:
2026-04-25T07:39:37.3415057Z Checks completed: e2e, capture-failure-log / capture, capture-failure-log, connected-tests, web-lint-and-test, maybe-label
2026-04-25T07:39:37.3415604Z Checks in_progress: test, autofix, lint-and-test
2026-04-25T07:39:37.3415862Z Checks after Regexp filter:
2026-04-25T07:39:37.3416330Z Checks completed: e2e, capture-failure-log / capture, capture-failure-log, connected-tests, web-lint-and-test, maybe-label
2026-04-25T07:39:37.3416882Z Checks in_progress: test, autofix, lint-and-test
2026-04-25T07:39:37.3417244Z The requested checks aren't complete yet, will check back in 30 seconds...
2026-04-25T07:39:37.3417582Z Checks running on ref:
2026-04-25T07:39:37.3418044Z Checks completed: e2e, capture-failure-log / capture, capture-failure-log, connected-tests, web-lint-and-test, maybe-label
2026-04-25T07:39:37.3418623Z Checks in_progress: test, autofix, lint-and-test, Auto-merge
2026-04-25T07:39:37.3418931Z Checks after ignore checks filter:
2026-04-25T07:39:37.3419431Z Checks completed: e2e, capture-failure-log / capture, capture-failure-log, connected-tests, web-lint-and-test, maybe-label
2026-04-25T07:39:37.3419977Z Checks in_progress: test, autofix, lint-and-test
2026-04-25T07:39:37.3420237Z Checks after check_name filter:
2026-04-25T07:39:37.3420713Z Checks completed: e2e, capture-failure-log / capture, capture-failure-log, connected-tests, web-lint-and-test, maybe-label
2026-04-25T07:39:37.3421259Z Checks in_progress: test, autofix, lint-and-test
2026-04-25T07:39:37.3421609Z Checks after Regexp filter:
2026-04-25T07:39:37.3422104Z Checks completed: e2e, capture-failure-log / capture, capture-failure-log, connected-tests, web-lint-and-test, maybe-label
2026-04-25T07:39:37.3422650Z Checks in_progress: test, autofix, lint-and-test
2026-04-25T07:39:37.3423007Z The requested checks aren't complete yet, will check back in 30 seconds...
2026-04-25T07:39:37.3423343Z Checks running on ref:
2026-04-25T07:39:37.3423841Z Checks completed: e2e, capture-failure-log / capture, capture-failure-log, connected-tests, autofix, web-lint-and-test, maybe-label
2026-04-25T07:39:37.3424708Z Checks in_progress: test, lint-and-test, Auto-merge
2026-04-25T07:39:37.3425004Z Checks after ignore checks filter:
2026-04-25T07:39:37.3425531Z Checks completed: e2e, capture-failure-log / capture, capture-failure-log, connected-tests, autofix, web-lint-and-test, maybe-label
2026-04-25T07:39:37.3426243Z Checks in_progress: test, lint-and-test
2026-04-25T07:39:37.3426482Z Checks after check_name filter:
2026-04-25T07:39:37.3426997Z Checks completed: e2e, capture-failure-log / capture, capture-failure-log, connected-tests, autofix, web-lint-and-test, maybe-label
2026-04-25T07:39:37.3427553Z Checks in_progress: test, lint-and-test
2026-04-25T07:39:37.3427785Z Checks after Regexp filter:
2026-04-25T07:39:37.3428393Z Checks completed: e2e, capture-failure-log / capture, capture-failure-log, connected-tests, autofix, web-lint-and-test, maybe-label
2026-04-25T07:39:37.3429041Z Checks in_progress: test, lint-and-test
2026-04-25T07:39:37.3429385Z The requested checks aren't complete yet, will check back in 30 seconds...
2026-04-25T07:39:37.3429719Z Checks running on ref:
2026-04-25T07:39:37.3430312Z Checks completed: capture-failure-log, e2e, capture-failure-log / capture, capture-failure-log, connected-tests, test, autofix, web-lint-and-test, maybe-label
2026-04-25T07:39:37.3430994Z Checks in_progress: lint-and-test, Auto-merge
2026-04-25T07:39:37.3431280Z Checks after ignore checks filter:
2026-04-25T07:39:37.3431899Z Checks completed: capture-failure-log, e2e, capture-failure-log / capture, capture-failure-log, connected-tests, test, autofix, web-lint-and-test, maybe-label
2026-04-25T07:39:37.3432547Z Checks in_progress: lint-and-test
2026-04-25T07:39:37.3432773Z Checks after check_name filter:
2026-04-25T07:39:37.3433379Z Checks completed: capture-failure-log, e2e, capture-failure-log / capture, capture-failure-log, connected-tests, test, autofix, web-lint-and-test, maybe-label
2026-04-25T07:39:37.3434042Z Checks in_progress: lint-and-test
2026-04-25T07:39:37.3434526Z Checks after Regexp filter:
2026-04-25T07:39:37.3435142Z Checks completed: capture-failure-log, e2e, capture-failure-log / capture, capture-failure-log, connected-tests, test, autofix, web-lint-and-test, maybe-label
2026-04-25T07:39:37.3435797Z Checks in_progress: lint-and-test
2026-04-25T07:39:37.3436119Z The requested checks aren't complete yet, will check back in 30 seconds...
2026-04-25T07:39:37.3436465Z Checks running on ref:
2026-04-25T07:39:37.3437049Z Checks completed: capture-failure-log, e2e, capture-failure-log / capture, capture-failure-log, connected-tests, test, autofix, web-lint-and-test, maybe-label
2026-04-25T07:39:37.3437715Z Checks in_progress: lint-and-test, Auto-merge
2026-04-25T07:39:37.3437980Z Checks after ignore checks filter:
2026-04-25T07:39:37.3438596Z Checks completed: capture-failure-log, e2e, capture-failure-log / capture, capture-failure-log, connected-tests, test, autofix, web-lint-and-test, maybe-label
2026-04-25T07:39:37.3439244Z Checks in_progress: lint-and-test
2026-04-25T07:39:37.3439459Z Checks after check_name filter:
2026-04-25T07:39:37.3440063Z Checks completed: capture-failure-log, e2e, capture-failure-log / capture, capture-failure-log, connected-tests, test, autofix, web-lint-and-test, maybe-label
2026-04-25T07:39:37.3440710Z Checks in_progress: lint-and-test
2026-04-25T07:39:37.3440928Z Checks after Regexp filter:
2026-04-25T07:39:37.3441525Z Checks completed: capture-failure-log, e2e, capture-failure-log / capture, capture-failure-log, connected-tests, test, autofix, web-lint-and-test, maybe-label
2026-04-25T07:39:37.3442165Z Checks in_progress: lint-and-test
2026-04-25T07:39:37.3442487Z The requested checks aren't complete yet, will check back in 30 seconds...
2026-04-25T07:39:37.3442823Z Checks running on ref:
2026-04-25T07:39:37.3443412Z Checks completed: capture-failure-log, e2e, capture-failure-log / capture, capture-failure-log, connected-tests, test, autofix, web-lint-and-test, maybe-label
2026-04-25T07:39:37.3444072Z Checks in_progress: lint-and-test, Auto-merge
2026-04-25T07:39:37.3444584Z Checks after ignore checks filter:
2026-04-25T07:39:37.3445386Z Checks completed: capture-failure-log, e2e, capture-failure-log / capture, capture-failure-log, connected-tests, test, autofix, web-lint-and-test, maybe-label
2026-04-25T07:39:37.3446042Z Checks in_progress: lint-and-test
2026-04-25T07:39:37.3446410Z Checks after check_name filter:
2026-04-25T07:39:37.3447016Z Checks completed: capture-failure-log, e2e, capture-failure-log / capture, capture-failure-log, connected-tests, test, autofix, web-lint-and-test, maybe-label
2026-04-25T07:39:37.3447664Z Checks in_progress: lint-and-test
2026-04-25T07:39:37.3447883Z Checks after Regexp filter:
2026-04-25T07:39:37.3448574Z Checks completed: capture-failure-log, e2e, capture-failure-log / capture, capture-failure-log, connected-tests, test, autofix, web-lint-and-test, maybe-label
2026-04-25T07:39:37.3449221Z Checks in_progress: lint-and-test
2026-04-25T07:42:39.7722475Z The requested checks aren't complete yet, will check back in 30 seconds...
2026-04-25T07:42:39.7723092Z Checks running on ref:
2026-04-25T07:42:39.7724049Z Checks completed: capture-failure-log, e2e, capture-failure-log / capture, capture-failure-log, connected-tests, test, autofix, web-lint-and-test, maybe-label
2026-04-25T07:42:39.7725363Z Checks in_progress: lint-and-test, Auto-merge
2026-04-25T07:42:39.7725813Z Checks after ignore checks filter:
2026-04-25T07:42:39.7726832Z Checks completed: capture-failure-log, e2e, capture-failure-log / capture, capture-failure-log, connected-tests, test, autofix, web-lint-and-test, maybe-label
2026-04-25T07:42:39.7727900Z Checks in_progress: lint-and-test
2026-04-25T07:42:39.7728260Z Checks after check_name filter:
2026-04-25T07:42:39.7729277Z Checks completed: capture-failure-log, e2e, capture-failure-log / capture, capture-failure-log, connected-tests, test, autofix, web-lint-and-test, maybe-label
2026-04-25T07:42:39.7730353Z Checks in_progress: lint-and-test
2026-04-25T07:42:39.7730750Z Checks after Regexp filter:
2026-04-25T07:42:39.7731705Z Checks completed: capture-failure-log, e2e, capture-failure-log / capture, capture-failure-log, connected-tests, test, autofix, web-lint-and-test, maybe-label
2026-04-25T07:42:39.7732731Z Checks in_progress: lint-and-test
2026-04-25T07:42:39.7733246Z The requested checks aren't complete yet, will check back in 30 seconds...
2026-04-25T07:42:39.7733786Z Checks running on ref:
2026-04-25T07:42:39.7734926Z Checks completed: capture-failure-log, e2e, capture-failure-log / capture, capture-failure-log, connected-tests, test, autofix, web-lint-and-test, maybe-label
2026-04-25T07:42:39.7736002Z Checks in_progress: lint-and-test, Auto-merge
2026-04-25T07:42:39.7736422Z Checks after ignore checks filter:
2026-04-25T07:42:39.7737440Z Checks completed: capture-failure-log, e2e, capture-failure-log / capture, capture-failure-log, connected-tests, test, autofix, web-lint-and-test, maybe-label
2026-04-25T07:42:39.7738481Z Checks in_progress: lint-and-test
2026-04-25T07:42:39.7738847Z Checks after check_name filter:
2026-04-25T07:42:39.7739848Z Checks completed: capture-failure-log, e2e, capture-failure-log / capture, capture-failure-log, connected-tests, test, autofix, web-lint-and-test, maybe-label
2026-04-25T07:42:39.7740929Z Checks in_progress: lint-and-test
2026-04-25T07:42:39.7741303Z Checks after Regexp filter:
2026-04-25T07:42:39.7742392Z Checks completed: capture-failure-log, e2e, capture-failure-log / capture, capture-failure-log, connected-tests, test, autofix, web-lint-and-test, maybe-label
2026-04-25T07:42:39.7743568Z Checks in_progress: lint-and-test
2026-04-25T07:42:39.7744316Z The requested checks aren't complete yet, will check back in 30 seconds...
2026-04-25T07:42:39.7744890Z Checks running on ref:
2026-04-25T07:42:39.7745953Z Checks completed: capture-failure-log, e2e, capture-failure-log / capture, capture-failure-log, connected-tests, test, autofix, web-lint-and-test, maybe-label
2026-04-25T07:42:39.7747110Z Checks in_progress: lint-and-test, Auto-merge
2026-04-25T07:42:39.7747555Z Checks after ignore checks filter:
2026-04-25T07:42:39.7748682Z Checks completed: capture-failure-log, e2e, capture-failure-log / capture, capture-failure-log, connected-tests, test, autofix, web-lint-and-test, maybe-label
2026-04-25T07:42:39.7749805Z Checks in_progress: lint-and-test
2026-04-25T07:42:39.7750191Z Checks after check_name filter:
2026-04-25T07:42:39.7751698Z Checks completed: capture-failure-log, e2e, capture-failure-log / capture, capture-failure-log, connected-tests, test, autofix, web-lint-and-test, maybe-label
2026-04-25T07:42:39.7752860Z Checks in_progress: lint-and-test
2026-04-25T07:42:39.7753262Z Checks after Regexp filter:
2026-04-25T07:42:39.7754791Z Checks completed: capture-failure-log, e2e, capture-failure-log / capture, capture-failure-log, connected-tests, test, autofix, web-lint-and-test, maybe-label
2026-04-25T07:42:39.7755954Z Checks in_progress: lint-and-test
2026-04-25T07:42:39.7756569Z The requested checks aren't complete yet, will check back in 30 seconds...
2026-04-25T07:42:39.7757314Z Checks running on ref:
2026-04-25T07:42:39.7758573Z Checks completed: capture-failure-log, e2e, capture-failure-log / capture, capture-failure-log, connected-tests, test, autofix, web-lint-and-test, maybe-label
2026-04-25T07:42:39.7760056Z Checks in_progress: lint-and-test, Auto-merge
2026-04-25T07:42:39.7760661Z Checks after ignore checks filter:
2026-04-25T07:42:39.7762023Z Checks completed: capture-failure-log, e2e, capture-failure-log / capture, capture-failure-log, connected-tests, test, autofix, web-lint-and-test, maybe-label
2026-04-25T07:42:39.7763473Z Checks in_progress: lint-and-test
2026-04-25T07:42:39.7763955Z Checks after check_name filter:
2026-04-25T07:42:39.7765530Z Checks completed: capture-failure-log, e2e, capture-failure-log / capture, capture-failure-log, connected-tests, test, autofix, web-lint-and-test, maybe-label
2026-04-25T07:42:39.7766981Z Checks in_progress: lint-and-test
2026-04-25T07:42:39.7767469Z Checks after Regexp filter:
2026-04-25T07:42:39.7768746Z Checks completed: capture-failure-log, e2e, capture-failure-log / capture, capture-failure-log, connected-tests, test, autofix, web-lint-and-test, maybe-label
2026-04-25T07:42:39.7770172Z Checks in_progress: lint-and-test
2026-04-25T07:42:39.7770866Z The requested checks aren't complete yet, will check back in 30 seconds...
2026-04-25T07:42:39.7771600Z Checks running on ref:
2026-04-25T07:42:39.7772953Z Checks completed: capture-failure-log, e2e, capture-failure-log / capture, capture-failure-log, connected-tests, test, autofix, web-lint-and-test, maybe-label
2026-04-25T07:42:39.7774623Z Checks in_progress: lint-and-test, Auto-merge
2026-04-25T07:42:39.7775197Z Checks after ignore checks filter:
2026-04-25T07:42:39.7776276Z Checks completed: capture-failure-log, e2e, capture-failure-log / capture, capture-failure-log, connected-tests, test, autofix, web-lint-and-test, maybe-label
2026-04-25T07:42:39.7777355Z Checks in_progress: lint-and-test
2026-04-25T07:42:39.7777709Z Checks after check_name filter:
2026-04-25T07:42:39.7778745Z Checks completed: capture-failure-log, e2e, capture-failure-log / capture, capture-failure-log, connected-tests, test, autofix, web-lint-and-test, maybe-label
2026-04-25T07:42:39.7779748Z Checks in_progress: lint-and-test
2026-04-25T07:42:39.7780102Z Checks after Regexp filter:
2026-04-25T07:42:39.7780875Z Checks completed: capture-failure-log, e2e, capture-failure-log / capture, capture-failure-log, connected-tests, test, autofix, web-lint-and-test, maybe-label
2026-04-25T07:42:39.7781556Z Checks in_progress: lint-and-test
2026-04-25T07:42:39.7781890Z The requested checks aren't complete yet, will check back in 30 seconds...
2026-04-25T07:42:39.7782243Z Checks running on ref:
2026-04-25T07:42:39.7783058Z Checks completed: capture-failure-log, firebase-distribute, capture-failure-log, e2e, capture-failure-log / capture, capture-failure-log, connected-tests, test, autofix, lint-and-test, web-lint-and-test, maybe-label
2026-04-25T07:42:39.7783926Z Checks in_progress: Auto-merge
2026-04-25T07:42:39.7784383Z Checks after ignore checks filter:
2026-04-25T07:42:39.7785299Z Checks completed: capture-failure-log, firebase-distribute, capture-failure-log, e2e, capture-failure-log / capture, capture-failure-log, connected-tests, test, autofix, lint-and-test, web-lint-and-test, maybe-label
2026-04-25T07:42:39.7786192Z Checks after check_name filter:
2026-04-25T07:42:39.7787196Z Checks completed: capture-failure-log, firebase-distribute, capture-failure-log, e2e, capture-failure-log / capture, capture-failure-log, connected-tests, test, autofix, lint-and-test, web-lint-and-test, maybe-label
2026-04-25T07:42:39.7788051Z Checks after Regexp filter:
2026-04-25T07:42:39.7788969Z Checks completed: capture-failure-log, firebase-distribute, capture-failure-log, e2e, capture-failure-log / capture, capture-failure-log, connected-tests, test, autofix, lint-and-test, web-lint-and-test, maybe-label
2026-04-25T07:42:39.7789822Z Checks completed:
2026-04-25T07:42:39.7790026Z capture-failure-log: completed (skipped)
2026-04-25T07:42:39.7790295Z firebase-distribute: completed (cancelled)
2026-04-25T07:42:39.7790565Z capture-failure-log: completed (skipped)
2026-04-25T07:42:39.7790803Z e2e: completed (skipped)
2026-04-25T07:42:39.7791046Z capture-failure-log / capture: completed (success)
2026-04-25T07:42:39.7791336Z capture-failure-log: completed (skipped)
2026-04-25T07:42:39.7791592Z connected-tests: completed (skipped)
2026-04-25T07:42:39.7791831Z test: completed (success)
2026-04-25T07:42:39.7792036Z autofix: completed (success)
2026-04-25T07:42:39.7792260Z lint-and-test: completed (cancelled)
2026-04-25T07:42:39.7792510Z web-lint-and-test: completed (failure)
2026-04-25T07:42:39.7792757Z maybe-label: completed (success)
2026-04-25T07:42:39.7793439Z The conclusion of one or more checks were not allowed. Allowed conclusions are: success, skipped, neutral. This can be configured with the 'allowed-conclusions' param.
2026-04-25T07:42:39.7839956Z ##[error]Process completed with exit code 1.
2026-04-25T07:42:39.7965583Z Post job cleanup.
2026-04-25T07:42:39.8040255Z Cleaning up orphan processes
2026-04-25T07:42:39.8329688Z ##[warning]Node.js 20 actions are deprecated. The following actions are running on Node.js 20 and may not work as expected: actions/cache@v4. Actions will be forced to run with Node.js 24 by default starting June 2nd, 2026. Node.js 20 will be removed from the runner on September 16th, 2026. Please check if updated versions of these actions are available that support Node.js 24. To opt into Node.js 24 now, set the FORCE_JAVASCRIPT_ACTIONS_TO_NODE24=true environment variable on the runner or in your workflow file. Once Node.js 24 becomes the default, you can temporarily opt out by setting ACTIONS_ALLOW_USE_UNSECURE_NODE_VERSION=true. For more information see: https://github.blog/changelog/2025-09-19-deprecation-of-node-20-on-github-actions-runners/
