=== CI FAILURE ===
Workflow:      Auto-merge & Release
Workflow file: akarlin3/prismTask/.github/workflows/auto-merge.yml@refs/pull/483/merge
Job(s):        Auto-merge
Run ID:        24540237467
Run attempt:   1
Run URL:       https://github.com/akarlin3/prismTask/actions/runs/24540237467
Commit:        b2ff78b4e3e1bcd25863ab011b6525d08a2ad8e0
Branch:        483/merge
Event:         pull_request
Actor:         akarlin3
Runner OS:     Linux
Timestamp:     2026-04-17T00:02:47.059Z

Failed steps:
  - Auto-merge: #3 Wait for all other CI checks to pass

=== FAILED JOB LOG ===

--- Job: Auto-merge (id 71744242452) ---
2026-04-16T23:55:59.6683573Z Current runner version: '2.333.1'
2026-04-16T23:55:59.6707369Z ##[group]Runner Image Provisioner
2026-04-16T23:55:59.6708407Z Hosted Compute Agent
2026-04-16T23:55:59.6709098Z Version: 20260213.493
2026-04-16T23:55:59.6709626Z Commit: 5c115507f6dd24b8de37d8bbe0bb4509d0cc0fa3
2026-04-16T23:55:59.6710325Z Build Date: 2026-02-13T00:28:41Z
2026-04-16T23:55:59.6710877Z Worker ID: {3bd68545-be79-439f-a90a-ffdcb3af66a6}
2026-04-16T23:55:59.6711505Z Azure Region: westcentralus
2026-04-16T23:55:59.6711990Z ##[endgroup]
2026-04-16T23:55:59.6713428Z ##[group]Operating System
2026-04-16T23:55:59.6713968Z Ubuntu
2026-04-16T23:55:59.6714377Z 24.04.4
2026-04-16T23:55:59.6714791Z LTS
2026-04-16T23:55:59.6715157Z ##[endgroup]
2026-04-16T23:55:59.6715588Z ##[group]Runner Image
2026-04-16T23:55:59.6716047Z Image: ubuntu-24.04
2026-04-16T23:55:59.6716515Z Version: 20260406.80.1
2026-04-16T23:55:59.6717561Z Included Software: https://github.com/actions/runner-images/blob/ubuntu24/20260406.80/images/ubuntu/Ubuntu2404-Readme.md
2026-04-16T23:55:59.6719045Z Image Release: https://github.com/actions/runner-images/releases/tag/ubuntu24%2F20260406.80
2026-04-16T23:55:59.6719830Z ##[endgroup]
2026-04-16T23:55:59.6720964Z ##[group]GITHUB_TOKEN Permissions
2026-04-16T23:55:59.6723083Z Actions: read
2026-04-16T23:55:59.6723621Z Checks: read
2026-04-16T23:55:59.6724024Z Contents: write
2026-04-16T23:55:59.6724453Z Metadata: read
2026-04-16T23:55:59.6724892Z PullRequests: write
2026-04-16T23:55:59.6725364Z ##[endgroup]
2026-04-16T23:55:59.6727333Z Secret source: Actions
2026-04-16T23:55:59.6727979Z Prepare workflow directory
2026-04-16T23:55:59.7100681Z Prepare all required actions
2026-04-16T23:55:59.7138425Z Getting action download info
2026-04-16T23:56:00.0904594Z Download action repository 'lewagon/wait-on-check-action@ccfb013c15c8afb7bf2b7c028fb74dc5a068cccc' (SHA:ccfb013c15c8afb7bf2b7c028fb74dc5a068cccc)
2026-04-16T23:56:00.6938549Z Getting action download info
2026-04-16T23:56:00.8702241Z Download action repository 'ruby/setup-ruby@v1' (SHA:7372622e62b60b3cb750dcd2b9e32c247ffec26a)
2026-04-16T23:56:01.6169744Z Download action repository 'actions/cache@v4' (SHA:0057852bfaa89a56745cba8c7296529d2fc39830)
2026-04-16T23:56:01.7489594Z Complete job name: Auto-merge
2026-04-16T23:56:01.8082766Z ##[group]Run set -euo pipefail
2026-04-16T23:56:01.8083845Z [36;1mset -euo pipefail[0m
2026-04-16T23:56:01.8084956Z [36;1m# Give GitHub a short grace period to schedule workflow runs for[0m
2026-04-16T23:56:01.8086446Z [36;1m# the head commit. Paths-filtered workflows (android/backend/web CI)[0m
2026-04-16T23:56:01.8087842Z [36;1m# won't run for doc-only or cross-cutting config PRs, so the[0m
2026-04-16T23:56:01.8089344Z [36;1m# wait-on-check-action step below would otherwise hang waiting for[0m
2026-04-16T23:56:01.8090587Z [36;1m# checks that will never appear.[0m
2026-04-16T23:56:01.8091471Z [36;1msleep 20[0m
2026-04-16T23:56:01.8092393Z [36;1mCOUNT=$(gh api "repos/$REPO/commits/$HEAD_SHA/check-runs" \[0m
2026-04-16T23:56:01.8093769Z [36;1m  --jq '[.check_runs[] | select(.name != "Auto-merge")] | length')[0m
2026-04-16T23:56:01.8095035Z [36;1mecho "Non-Auto-merge check runs on head: $COUNT"[0m
2026-04-16T23:56:01.8096166Z [36;1mif [ "$COUNT" -gt 0 ]; then[0m
2026-04-16T23:56:01.8097076Z [36;1m  echo "has_ci=true" >> "$GITHUB_OUTPUT"[0m
2026-04-16T23:56:01.8097979Z [36;1melse[0m
2026-04-16T23:56:01.8098867Z [36;1m  echo "has_ci=false" >> "$GITHUB_OUTPUT"[0m
2026-04-16T23:56:01.8100014Z [36;1m  echo "No CI checks on this PR — will merge without waiting."[0m
2026-04-16T23:56:01.8101072Z [36;1mfi[0m
2026-04-16T23:56:01.8120951Z shell: /usr/bin/bash -e {0}
2026-04-16T23:56:01.8122055Z env:
2026-04-16T23:56:01.8122788Z   WAIT_INTERVAL: 30
2026-04-16T23:56:01.8123979Z   GH_TOKEN: ***
2026-04-16T23:56:01.8124785Z   HEAD_SHA: b4062773c376758747036003cabfc55119409bf5
2026-04-16T23:56:01.8125705Z   REPO: akarlin3/prismTask
2026-04-16T23:56:01.8126534Z ##[endgroup]
2026-04-16T23:56:22.2736334Z Non-Auto-merge check runs on head: 4
2026-04-16T23:56:22.2946167Z ##[group]Run lewagon/wait-on-check-action@ccfb013c15c8afb7bf2b7c028fb74dc5a068cccc
2026-04-16T23:56:22.2946583Z with:
2026-04-16T23:56:22.2946792Z   ref: b4062773c376758747036003cabfc55119409bf5
2026-04-16T23:56:22.2947056Z   running-workflow-name: Auto-merge
2026-04-16T23:56:22.2947556Z   repo-token: ***
2026-04-16T23:56:22.2947750Z   wait-interval: 30
2026-04-16T23:56:22.2947952Z   allowed-conclusions: success,skipped
2026-04-16T23:56:22.2948350Z   verbose: true
2026-04-16T23:56:22.2948548Z env:
2026-04-16T23:56:22.2948711Z   WAIT_INTERVAL: 30
2026-04-16T23:56:22.2948882Z ##[endgroup]
2026-04-16T23:56:22.3076535Z ##[group]Run ruby/setup-ruby@v1
2026-04-16T23:56:22.3076795Z with:
2026-04-16T23:56:22.3076985Z   ruby-version: 3.2
2026-04-16T23:56:22.3077196Z   bundler-cache: false
2026-04-16T23:56:22.3077548Z   token: ***
2026-04-16T23:56:22.3077712Z env:
2026-04-16T23:56:22.3077875Z   WAIT_INTERVAL: 30
2026-04-16T23:56:22.3078047Z ##[endgroup]
2026-04-16T23:56:22.4251522Z ##[group]Modifying PATH
2026-04-16T23:56:22.4252119Z Entries added to PATH to use selected Ruby:
2026-04-16T23:56:22.4252623Z   /opt/hostedtoolcache/Ruby/3.2.11/x64/bin
2026-04-16T23:56:22.4256843Z ##[endgroup]
2026-04-16T23:56:22.4257622Z ##[group]Print Ruby version
2026-04-16T23:56:22.4294643Z [command]/opt/hostedtoolcache/Ruby/3.2.11/x64/bin/ruby --version
2026-04-16T23:56:22.5646933Z ruby 3.2.11 (2026-03-27 revision 5483bfc1ae) [x86_64-linux]
2026-04-16T23:56:22.5666338Z Took   0.14 seconds
2026-04-16T23:56:22.5667236Z ##[endgroup]
2026-04-16T23:56:22.5667893Z ##[group]Installing Bundler
2026-04-16T23:56:22.5671924Z Using Bundler shipped with ruby-3.2.11
2026-04-16T23:56:22.5672865Z Took   0.00 seconds
2026-04-16T23:56:22.5673468Z ##[endgroup]
2026-04-16T23:56:22.6231928Z ##[group]Run actions/cache@v4
2026-04-16T23:56:22.6232207Z with:
2026-04-16T23:56:22.6232609Z   path: /home/runner/work/_actions/lewagon/wait-on-check-action/ccfb013c15c8afb7bf2b7c028fb74dc5a068cccc
2026-04-16T23:56:22.6233052Z   key: Linux-gems-
2026-04-16T23:56:22.6233251Z   restore-keys: Linux-gems-
2026-04-16T23:56:22.6233472Z   enableCrossOsArchive: false
2026-04-16T23:56:22.6233691Z   fail-on-cache-miss: false
2026-04-16T23:56:22.6233898Z   lookup-only: false
2026-04-16T23:56:22.6234077Z   save-always: false
2026-04-16T23:56:22.6234256Z env:
2026-04-16T23:56:22.6234410Z   WAIT_INTERVAL: 30
2026-04-16T23:56:22.6234585Z ##[endgroup]
2026-04-16T23:56:22.9547152Z Cache not found for input keys: Linux-gems-, Linux-gems-
2026-04-16T23:56:22.9596600Z ##[group]Run bundle install --jobs 4 --retry 3
2026-04-16T23:56:22.9596939Z [36;1mbundle install --jobs 4 --retry 3[0m
2026-04-16T23:56:22.9611821Z shell: /usr/bin/bash --noprofile --norc -e -o pipefail {0}
2026-04-16T23:56:22.9612133Z env:
2026-04-16T23:56:22.9612295Z   WAIT_INTERVAL: 30
2026-04-16T23:56:22.9612487Z ##[endgroup]
2026-04-16T23:56:24.2024673Z Bundler 2.4.19 is running, but your lockfile was generated with 2.2.3. Installing Bundler 2.2.3 and restarting using that version.
2026-04-16T23:56:26.0059432Z Fetching gem metadata from https://rubygems.org/.
2026-04-16T23:56:26.0130548Z Fetching bundler 2.2.3
2026-04-16T23:56:26.2633214Z Installing bundler 2.2.3
2026-04-16T23:56:26.4474794Z Calling `DidYouMean::SPELL_CHECKERS.merge!(error_name => spell_checker)' has been deprecated. Please call `DidYouMean.correct_error(error_name, spell_checker)' instead.
2026-04-16T23:56:27.8217612Z Fetching gem metadata from https://rubygems.org/.........
2026-04-16T23:56:27.8302834Z Fetching minitest 5.18.0
2026-04-16T23:56:27.8578441Z Fetching public_suffix 4.0.7
2026-04-16T23:56:27.8802221Z Fetching concurrent-ruby 1.2.2
2026-04-16T23:56:27.9025821Z Fetching zeitwerk 2.6.7
2026-04-16T23:56:27.9767506Z Installing minitest 5.18.0
2026-04-16T23:56:27.9969494Z Installing zeitwerk 2.6.7
2026-04-16T23:56:28.0042103Z Installing public_suffix 4.0.7
2026-04-16T23:56:28.0441019Z Fetching ast 2.4.2
2026-04-16T23:56:28.0675834Z Using bundler 2.2.3
2026-04-16T23:56:28.0689352Z Fetching byebug 11.1.3
2026-04-16T23:56:28.1003567Z Installing concurrent-ruby 1.2.2
2026-04-16T23:56:28.1079719Z Fetching diff-lcs 1.4.4
2026-04-16T23:56:28.1569906Z Installing ast 2.4.2
2026-04-16T23:56:28.1772619Z Fetching faraday-net_http 2.0.3
2026-04-16T23:56:28.2081851Z Installing byebug 11.1.3 with native extensions
2026-04-16T23:56:28.2167851Z Using ruby2_keywords 0.0.5
2026-04-16T23:56:28.2178943Z Fetching json 2.7.1
2026-04-16T23:56:28.2462466Z Installing diff-lcs 1.4.4
2026-04-16T23:56:28.2766197Z Fetching language_server-protocol 3.17.0.3
2026-04-16T23:56:28.3038662Z Installing faraday-net_http 2.0.3
2026-04-16T23:56:28.3107918Z Fetching lint_roller 1.1.0
2026-04-16T23:56:28.3583587Z Installing json 2.7.1 with native extensions
2026-04-16T23:56:28.3955103Z Installing lint_roller 1.1.0
2026-04-16T23:56:28.4083467Z Installing language_server-protocol 3.17.0.3
2026-04-16T23:56:28.4200583Z Fetching parallel 1.24.0
2026-04-16T23:56:28.5136560Z Installing parallel 1.24.0
2026-04-16T23:56:28.5204371Z Fetching racc 1.7.3
2026-04-16T23:56:28.5491095Z Fetching rainbow 3.1.1
2026-04-16T23:56:28.6300183Z Installing rainbow 3.1.1
2026-04-16T23:56:28.6374933Z Installing racc 1.7.3 with native extensions
2026-04-16T23:56:28.6463033Z Fetching regexp_parser 2.8.3
2026-04-16T23:56:28.7528024Z Installing regexp_parser 2.8.3
2026-04-16T23:56:28.8253753Z Fetching rexml 3.2.6
2026-04-16T23:56:28.9404676Z Installing rexml 3.2.6
2026-04-16T23:56:28.9689260Z Fetching rspec-support 3.10.1
2026-04-16T23:56:29.0839177Z Installing rspec-support 3.10.1
2026-04-16T23:56:29.0989131Z Fetching ruby-progressbar 1.13.0
2026-04-16T23:56:29.2069295Z Installing ruby-progressbar 1.13.0
2026-04-16T23:56:29.2209036Z Fetching unicode-display_width 2.5.0
2026-04-16T23:56:29.3315925Z Installing unicode-display_width 2.5.0
2026-04-16T23:56:29.3394569Z Fetching addressable 2.8.0
2026-04-16T23:56:29.4759579Z Installing addressable 2.8.0
2026-04-16T23:56:29.4940910Z Fetching i18n 1.12.0
2026-04-16T23:56:29.6016122Z Fetching tzinfo 2.0.6
2026-04-16T23:56:29.6495541Z Installing i18n 1.12.0
2026-04-16T23:56:29.6669376Z Fetching faraday 2.3.0
2026-04-16T23:56:29.7593104Z Installing tzinfo 2.0.6
2026-04-16T23:56:29.7839879Z Fetching rspec-core 3.10.1
2026-04-16T23:56:29.8333763Z Installing faraday 2.3.0
2026-04-16T23:56:29.8585960Z Fetching rspec-expectations 3.10.1
2026-04-16T23:56:29.9760666Z Installing rspec-core 3.10.1
2026-04-16T23:56:29.9959405Z Installing rspec-expectations 3.10.1
2026-04-16T23:56:30.0408046Z Fetching rspec-mocks 3.10.1
2026-04-16T23:56:30.0899444Z Fetching parser 3.2.2.4
2026-04-16T23:56:30.2045815Z Installing rspec-mocks 3.10.1
2026-04-16T23:56:30.2290020Z Fetching activesupport 6.1.7.3
2026-04-16T23:56:30.3793612Z Installing parser 3.2.2.4
2026-04-16T23:56:30.4097082Z Installing activesupport 6.1.7.3
2026-04-16T23:56:30.4980979Z Fetching faraday-retry 2.0.0
2026-04-16T23:56:30.5527645Z Fetching sawyer 0.9.2
2026-04-16T23:56:30.5796047Z Fetching rspec 3.10.0
2026-04-16T23:56:30.6068473Z Installing faraday-retry 2.0.0
2026-04-16T23:56:30.6122761Z Fetching rubocop-ast 1.30.0
2026-04-16T23:56:30.6602519Z Installing sawyer 0.9.2
2026-04-16T23:56:30.6678361Z Fetching octokit 4.25.0
2026-04-16T23:56:30.6961436Z Installing rspec 3.10.0
2026-04-16T23:56:30.7349412Z Installing rubocop-ast 1.30.0
2026-04-16T23:56:30.7766173Z Installing octokit 4.25.0
2026-04-16T23:56:31.2577720Z Fetching rubocop 1.57.2
2026-04-16T23:56:31.4440498Z Installing rubocop 1.57.2
2026-04-16T23:56:31.5519501Z Fetching rubocop-performance 1.19.1
2026-04-16T23:56:31.5520111Z Fetching standard-custom 1.0.2
2026-04-16T23:56:31.6581951Z Installing standard-custom 1.0.2
2026-04-16T23:56:31.6724843Z Installing rubocop-performance 1.19.1
2026-04-16T23:56:31.7367754Z Fetching standard-performance 1.2.1
2026-04-16T23:56:31.8196868Z Installing standard-performance 1.2.1
2026-04-16T23:56:31.8261355Z Fetching standard 1.32.1
2026-04-16T23:56:31.9244487Z Installing standard 1.32.1
2026-04-16T23:56:31.9429149Z Bundle complete! 6 Gemfile dependencies, 40 gems now installed.
2026-04-16T23:56:31.9430175Z Use `bundle info [gemname]` to see where a bundled gem is installed.
2026-04-16T23:56:31.9967919Z ##[group]Run ruby entrypoint.rb
2026-04-16T23:56:31.9968433Z [36;1mruby entrypoint.rb[0m
2026-04-16T23:56:31.9981980Z shell: /usr/bin/bash --noprofile --norc -e -o pipefail {0}
2026-04-16T23:56:31.9982271Z env:
2026-04-16T23:56:31.9982434Z   WAIT_INTERVAL: 30
2026-04-16T23:56:31.9982635Z   ALLOWED_CONCLUSIONS: success,skipped
2026-04-16T23:56:31.9982856Z   IGNORE_CHECKS: 
2026-04-16T23:56:31.9983026Z   CHECK_NAME: 
2026-04-16T23:56:31.9983182Z   CHECK_REGEXP: 
2026-04-16T23:56:31.9983372Z   REF: b4062773c376758747036003cabfc55119409bf5
2026-04-16T23:56:31.9983808Z   REPO_TOKEN: ***
2026-04-16T23:56:31.9983971Z   VERBOSE: true
2026-04-16T23:56:31.9984153Z   RUNNING_WORKFLOW_NAME: Auto-merge
2026-04-16T23:56:31.9984365Z   API_ENDPOINT: 
2026-04-16T23:56:31.9984533Z ##[endgroup]
2026-04-17T00:02:07.4911669Z Checks running on ref:
2026-04-17T00:02:07.4912321Z Checks in_progress: autofix, lint-and-test, Auto-merge, test
2026-04-17T00:02:07.4912982Z Checks completed: Version Bump, Build & Firebase Distribute
2026-04-17T00:02:07.4913481Z Checks after ignore checks filter:
2026-04-17T00:02:07.4913874Z Checks in_progress: autofix, lint-and-test, test
2026-04-17T00:02:07.4914386Z Checks completed: Version Bump, Build & Firebase Distribute
2026-04-17T00:02:07.4914880Z Checks after check_name filter:
2026-04-17T00:02:07.4915288Z Checks in_progress: autofix, lint-and-test, test
2026-04-17T00:02:07.4915821Z Checks completed: Version Bump, Build & Firebase Distribute
2026-04-17T00:02:07.4916299Z Checks after Regexp filter:
2026-04-17T00:02:07.4916655Z Checks in_progress: autofix, lint-and-test, test
2026-04-17T00:02:07.4917182Z Checks completed: Version Bump, Build & Firebase Distribute
2026-04-17T00:02:07.4917842Z The requested checks aren't complete yet, will check back in 30 seconds...
2026-04-17T00:02:07.4918557Z Checks running on ref:
2026-04-17T00:02:07.4919003Z Checks in_progress: autofix, lint-and-test, Auto-merge, test
2026-04-17T00:02:07.4919629Z Checks completed: Version Bump, Build & Firebase Distribute
2026-04-17T00:02:07.4920137Z Checks after ignore checks filter:
2026-04-17T00:02:07.4920579Z Checks in_progress: autofix, lint-and-test, test
2026-04-17T00:02:07.4921100Z Checks completed: Version Bump, Build & Firebase Distribute
2026-04-17T00:02:07.4921615Z Checks after check_name filter:
2026-04-17T00:02:07.4922011Z Checks in_progress: autofix, lint-and-test, test
2026-04-17T00:02:07.4922568Z Checks completed: Version Bump, Build & Firebase Distribute
2026-04-17T00:02:07.4923019Z Checks after Regexp filter:
2026-04-17T00:02:07.4923405Z Checks in_progress: autofix, lint-and-test, test
2026-04-17T00:02:07.4923893Z Checks completed: Version Bump, Build & Firebase Distribute
2026-04-17T00:02:07.4924529Z The requested checks aren't complete yet, will check back in 30 seconds...
2026-04-17T00:02:07.4924987Z Checks running on ref:
2026-04-17T00:02:07.4925229Z Checks in_progress: autofix, lint-and-test, Auto-merge, test
2026-04-17T00:02:07.4925576Z Checks completed: Version Bump, Build & Firebase Distribute
2026-04-17T00:02:07.4925864Z Checks after ignore checks filter:
2026-04-17T00:02:07.4926119Z Checks in_progress: autofix, lint-and-test, test
2026-04-17T00:02:07.4926410Z Checks completed: Version Bump, Build & Firebase Distribute
2026-04-17T00:02:07.4926686Z Checks after check_name filter:
2026-04-17T00:02:07.4926952Z Checks in_progress: autofix, lint-and-test, test
2026-04-17T00:02:07.4927312Z Checks completed: Version Bump, Build & Firebase Distribute
2026-04-17T00:02:07.4927591Z Checks after Regexp filter:
2026-04-17T00:02:07.4927810Z Checks in_progress: autofix, lint-and-test, test
2026-04-17T00:02:07.4928113Z Checks completed: Version Bump, Build & Firebase Distribute
2026-04-17T00:02:07.4928689Z The requested checks aren't complete yet, will check back in 30 seconds...
2026-04-17T00:02:07.4929009Z Checks running on ref:
2026-04-17T00:02:07.4929284Z Checks completed: autofix, Version Bump, Build & Firebase Distribute
2026-04-17T00:02:07.4929935Z Checks in_progress: lint-and-test, Auto-merge, test
2026-04-17T00:02:07.4930314Z Checks after ignore checks filter:
2026-04-17T00:02:07.4930609Z Checks completed: autofix, Version Bump, Build & Firebase Distribute
2026-04-17T00:02:07.4930942Z Checks in_progress: lint-and-test, test
2026-04-17T00:02:07.4931175Z Checks after check_name filter:
2026-04-17T00:02:07.4931465Z Checks completed: autofix, Version Bump, Build & Firebase Distribute
2026-04-17T00:02:07.4931787Z Checks in_progress: lint-and-test, test
2026-04-17T00:02:07.4932027Z Checks after Regexp filter:
2026-04-17T00:02:07.4932308Z Checks completed: autofix, Version Bump, Build & Firebase Distribute
2026-04-17T00:02:07.4932619Z Checks in_progress: lint-and-test, test
2026-04-17T00:02:07.4932939Z The requested checks aren't complete yet, will check back in 30 seconds...
2026-04-17T00:02:07.4933246Z Checks running on ref:
2026-04-17T00:02:07.4933520Z Checks completed: autofix, Version Bump, Build & Firebase Distribute
2026-04-17T00:02:07.4933861Z Checks in_progress: lint-and-test, Auto-merge, test
2026-04-17T00:02:07.4934136Z Checks after ignore checks filter:
2026-04-17T00:02:07.4934437Z Checks completed: autofix, Version Bump, Build & Firebase Distribute
2026-04-17T00:02:07.4934745Z Checks in_progress: lint-and-test, test
2026-04-17T00:02:07.4934980Z Checks after check_name filter:
2026-04-17T00:02:07.4935258Z Checks completed: autofix, Version Bump, Build & Firebase Distribute
2026-04-17T00:02:07.4935570Z Checks in_progress: lint-and-test, test
2026-04-17T00:02:07.4935787Z Checks after Regexp filter:
2026-04-17T00:02:07.4936061Z Checks completed: autofix, Version Bump, Build & Firebase Distribute
2026-04-17T00:02:07.4936367Z Checks in_progress: lint-and-test, test
2026-04-17T00:02:07.4936683Z The requested checks aren't complete yet, will check back in 30 seconds...
2026-04-17T00:02:07.4936998Z Checks running on ref:
2026-04-17T00:02:07.4937351Z Checks completed: capture-failure-log, autofix, Version Bump, Build & Firebase Distribute, test
2026-04-17T00:02:07.4937784Z Checks in_progress: lint-and-test, Auto-merge
2026-04-17T00:02:07.4938031Z Checks after ignore checks filter:
2026-04-17T00:02:07.4938661Z Checks completed: capture-failure-log, autofix, Version Bump, Build & Firebase Distribute, test
2026-04-17T00:02:07.4939062Z Checks in_progress: lint-and-test
2026-04-17T00:02:07.4939289Z Checks after check_name filter:
2026-04-17T00:02:07.4939656Z Checks completed: capture-failure-log, autofix, Version Bump, Build & Firebase Distribute, test
2026-04-17T00:02:07.4940051Z Checks in_progress: lint-and-test
2026-04-17T00:02:07.4940266Z Checks after Regexp filter:
2026-04-17T00:02:07.4940617Z Checks completed: capture-failure-log, autofix, Version Bump, Build & Firebase Distribute, test
2026-04-17T00:02:07.4941018Z Checks in_progress: lint-and-test
2026-04-17T00:02:07.4941316Z The requested checks aren't complete yet, will check back in 30 seconds...
2026-04-17T00:02:07.4941644Z Checks running on ref:
2026-04-17T00:02:07.4941984Z Checks completed: capture-failure-log, autofix, Version Bump, Build & Firebase Distribute, test
2026-04-17T00:02:07.4942402Z Checks in_progress: lint-and-test, Auto-merge
2026-04-17T00:02:07.4942651Z Checks after ignore checks filter:
2026-04-17T00:02:07.4943013Z Checks completed: capture-failure-log, autofix, Version Bump, Build & Firebase Distribute, test
2026-04-17T00:02:07.4943409Z Checks in_progress: lint-and-test
2026-04-17T00:02:07.4943620Z Checks after check_name filter:
2026-04-17T00:02:07.4943978Z Checks completed: capture-failure-log, autofix, Version Bump, Build & Firebase Distribute, test
2026-04-17T00:02:07.4944361Z Checks in_progress: lint-and-test
2026-04-17T00:02:07.4944574Z Checks after Regexp filter:
2026-04-17T00:02:07.4944920Z Checks completed: capture-failure-log, autofix, Version Bump, Build & Firebase Distribute, test
2026-04-17T00:02:07.4945316Z Checks in_progress: lint-and-test
2026-04-17T00:02:07.4945621Z The requested checks aren't complete yet, will check back in 30 seconds...
2026-04-17T00:02:07.4946057Z Checks running on ref:
2026-04-17T00:02:07.4946481Z Checks completed: capture-failure-log, autofix, Version Bump, Build & Firebase Distribute, test
2026-04-17T00:02:07.4946890Z Checks in_progress: lint-and-test, Auto-merge
2026-04-17T00:02:07.4947150Z Checks after ignore checks filter:
2026-04-17T00:02:07.4947515Z Checks completed: capture-failure-log, autofix, Version Bump, Build & Firebase Distribute, test
2026-04-17T00:02:07.4947915Z Checks in_progress: lint-and-test
2026-04-17T00:02:07.4948147Z Checks after check_name filter:
2026-04-17T00:02:07.4948738Z Checks completed: capture-failure-log, autofix, Version Bump, Build & Firebase Distribute, test
2026-04-17T00:02:07.4949132Z Checks in_progress: lint-and-test
2026-04-17T00:02:07.4949360Z Checks after Regexp filter:
2026-04-17T00:02:07.4949718Z Checks completed: capture-failure-log, autofix, Version Bump, Build & Firebase Distribute, test
2026-04-17T00:02:07.4950119Z Checks in_progress: lint-and-test
2026-04-17T00:02:07.4950436Z The requested checks aren't complete yet, will check back in 30 seconds...
2026-04-17T00:02:07.4950764Z Checks running on ref:
2026-04-17T00:02:07.4951102Z Checks completed: capture-failure-log, autofix, Version Bump, Build & Firebase Distribute, test
2026-04-17T00:02:07.4951524Z Checks in_progress: lint-and-test, Auto-merge
2026-04-17T00:02:07.4951771Z Checks after ignore checks filter:
2026-04-17T00:02:07.4952143Z Checks completed: capture-failure-log, autofix, Version Bump, Build & Firebase Distribute, test
2026-04-17T00:02:07.4952542Z Checks in_progress: lint-and-test
2026-04-17T00:02:07.4952749Z Checks after check_name filter:
2026-04-17T00:02:07.4953107Z Checks completed: capture-failure-log, autofix, Version Bump, Build & Firebase Distribute, test
2026-04-17T00:02:07.4953489Z Checks in_progress: lint-and-test
2026-04-17T00:02:07.4953700Z Checks after Regexp filter:
2026-04-17T00:02:07.4954045Z Checks completed: capture-failure-log, autofix, Version Bump, Build & Firebase Distribute, test
2026-04-17T00:02:07.4954438Z Checks in_progress: lint-and-test
2026-04-17T00:02:07.4954746Z The requested checks aren't complete yet, will check back in 30 seconds...
2026-04-17T00:02:07.4955055Z Checks running on ref:
2026-04-17T00:02:07.4955397Z Checks completed: capture-failure-log, autofix, Version Bump, Build & Firebase Distribute, test
2026-04-17T00:02:07.4955797Z Checks in_progress: lint-and-test, Auto-merge
2026-04-17T00:02:07.4956044Z Checks after ignore checks filter:
2026-04-17T00:02:07.4956404Z Checks completed: capture-failure-log, autofix, Version Bump, Build & Firebase Distribute, test
2026-04-17T00:02:07.4956796Z Checks in_progress: lint-and-test
2026-04-17T00:02:07.4957005Z Checks after check_name filter:
2026-04-17T00:02:07.4957360Z Checks completed: capture-failure-log, autofix, Version Bump, Build & Firebase Distribute, test
2026-04-17T00:02:07.4957745Z Checks in_progress: lint-and-test
2026-04-17T00:02:07.4957946Z Checks after Regexp filter:
2026-04-17T00:02:07.4958433Z Checks completed: capture-failure-log, autofix, Version Bump, Build & Firebase Distribute, test
2026-04-17T00:02:07.4958819Z Checks in_progress: lint-and-test
2026-04-17T00:02:07.4959121Z The requested checks aren't complete yet, will check back in 30 seconds...
2026-04-17T00:02:07.4959431Z Checks running on ref:
2026-04-17T00:02:07.4959772Z Checks completed: capture-failure-log, autofix, Version Bump, Build & Firebase Distribute, test
2026-04-17T00:02:07.4960183Z Checks in_progress: lint-and-test, Auto-merge
2026-04-17T00:02:07.4960429Z Checks after ignore checks filter:
2026-04-17T00:02:07.4960801Z Checks completed: capture-failure-log, autofix, Version Bump, Build & Firebase Distribute, test
2026-04-17T00:02:07.4961187Z Checks in_progress: lint-and-test
2026-04-17T00:02:07.4961405Z Checks after check_name filter:
2026-04-17T00:02:07.4961759Z Checks completed: capture-failure-log, autofix, Version Bump, Build & Firebase Distribute, test
2026-04-17T00:02:07.4962154Z Checks in_progress: lint-and-test
2026-04-17T00:02:07.4962360Z Checks after Regexp filter:
2026-04-17T00:02:07.4962813Z Checks completed: capture-failure-log, autofix, Version Bump, Build & Firebase Distribute, test
2026-04-17T00:02:07.4963274Z Checks in_progress: lint-and-test
2026-04-17T00:02:07.4963584Z The requested checks aren't complete yet, will check back in 30 seconds...
2026-04-17T00:02:07.4963907Z Checks running on ref:
2026-04-17T00:02:07.4964244Z Checks completed: capture-failure-log, autofix, Version Bump, Build & Firebase Distribute, test
2026-04-17T00:02:07.4964658Z Checks in_progress: lint-and-test, Auto-merge
2026-04-17T00:02:07.4964903Z Checks after ignore checks filter:
2026-04-17T00:02:07.4965282Z Checks completed: capture-failure-log, autofix, Version Bump, Build & Firebase Distribute, test
2026-04-17T00:02:07.4965679Z Checks in_progress: lint-and-test
2026-04-17T00:02:07.4965891Z Checks after check_name filter:
2026-04-17T00:02:07.4966258Z Checks completed: capture-failure-log, autofix, Version Bump, Build & Firebase Distribute, test
2026-04-17T00:02:07.4966648Z Checks in_progress: lint-and-test
2026-04-17T00:02:07.4966870Z Checks after Regexp filter:
2026-04-17T00:02:07.4967220Z Checks completed: capture-failure-log, autofix, Version Bump, Build & Firebase Distribute, test
2026-04-17T00:02:37.9236922Z Checks in_progress: lint-and-test
2026-04-17T00:02:37.9237327Z The requested checks aren't complete yet, will check back in 30 seconds...
2026-04-17T00:02:37.9237855Z Checks running on ref:
2026-04-17T00:02:37.9239006Z Checks completed: capture-failure-log, firebase-distribute, capture-failure-log, autofix, lint-and-test, Version Bump, Build & Firebase Distribute, test
2026-04-17T00:02:37.9239745Z Checks in_progress: Auto-merge
2026-04-17T00:02:37.9240101Z Checks after ignore checks filter:
2026-04-17T00:02:37.9241089Z Checks completed: capture-failure-log, firebase-distribute, capture-failure-log, autofix, lint-and-test, Version Bump, Build & Firebase Distribute, test
2026-04-17T00:02:37.9242008Z Checks after check_name filter:
2026-04-17T00:02:37.9242967Z Checks completed: capture-failure-log, firebase-distribute, capture-failure-log, autofix, lint-and-test, Version Bump, Build & Firebase Distribute, test
2026-04-17T00:02:37.9243800Z Checks after Regexp filter:
2026-04-17T00:02:37.9244602Z Checks completed: capture-failure-log, firebase-distribute, capture-failure-log, autofix, lint-and-test, Version Bump, Build & Firebase Distribute, test
2026-04-17T00:02:37.9245429Z Checks completed:
2026-04-17T00:02:37.9245711Z capture-failure-log: completed (success)
2026-04-17T00:02:37.9246057Z firebase-distribute: completed (skipped)
2026-04-17T00:02:37.9246446Z capture-failure-log: completed (skipped)
2026-04-17T00:02:37.9246873Z autofix: completed (success)
2026-04-17T00:02:37.9247176Z lint-and-test: completed (failure)
2026-04-17T00:02:37.9247458Z Version Bump, Build & Firebase Distribute: completed (skipped)
2026-04-17T00:02:37.9247739Z test: completed (success)
2026-04-17T00:02:37.9248544Z The conclusion of one or more checks were not allowed. Allowed conclusions are: success, skipped. This can be configured with the 'allowed-conclusions' param.
2026-04-17T00:02:37.9312270Z ##[error]Process completed with exit code 1.
2026-04-17T00:02:37.9420761Z Post job cleanup.
2026-04-17T00:02:37.9478160Z Cleaning up orphan processes
2026-04-17T00:02:37.9788927Z ##[warning]Node.js 20 actions are deprecated. The following actions are running on Node.js 20 and may not work as expected: actions/cache@v4. Actions will be forced to run with Node.js 24 by default starting June 2nd, 2026. Node.js 20 will be removed from the runner on September 16th, 2026. Please check if updated versions of these actions are available that support Node.js 24. To opt into Node.js 24 now, set the FORCE_JAVASCRIPT_ACTIONS_TO_NODE24=true environment variable on the runner or in your workflow file. Once Node.js 24 becomes the default, you can temporarily opt out by setting ACTIONS_ALLOW_USE_UNSECURE_NODE_VERSION=true. For more information see: https://github.blog/changelog/2025-09-19-deprecation-of-node-20-on-github-actions-runners/
