=== CI FAILURE ===
Workflow:      Version Bump & Firebase Distribute
Workflow file: akarlin3/prismTask/.github/workflows/version-bump-and-distribute.yml@refs/heads/main
Job(s):        Version Bump, Build & Firebase Distribute
Run ID:        25016089712
Run attempt:   1
Run URL:       https://github.com/akarlin3/prismTask/actions/runs/25016089712
Commit:        be81c674c34e8fb78a009802c5ad031d1cc4d546
Branch:        main
Event:         workflow_run
Actor:         akarlin3
Runner OS:     Linux
Timestamp:     2026-04-27T19:50:25.981Z

Failed steps:
  - Version Bump, Build & Firebase Distribute: #2 Resolve PR number

=== FAILED JOB LOG ===

--- Job: Version Bump, Build & Firebase Distribute (id 73264149824) ---
2026-04-27T19:50:11.5069808Z Current runner version: '2.333.1'
2026-04-27T19:50:11.5121076Z ##[group]Runner Image Provisioner
2026-04-27T19:50:11.5121990Z Hosted Compute Agent
2026-04-27T19:50:11.5122582Z Version: 20260213.493
2026-04-27T19:50:11.5123520Z Commit: 5c115507f6dd24b8de37d8bbe0bb4509d0cc0fa3
2026-04-27T19:50:11.5124289Z Build Date: 2026-02-13T00:28:41Z
2026-04-27T19:50:11.5124990Z Worker ID: {954c468b-42b0-43c2-b81c-6852c64eb008}
2026-04-27T19:50:11.5125687Z Azure Region: westus3
2026-04-27T19:50:11.5126269Z ##[endgroup]
2026-04-27T19:50:11.5127627Z ##[group]Operating System
2026-04-27T19:50:11.5128240Z Ubuntu
2026-04-27T19:50:11.5128763Z 24.04.4
2026-04-27T19:50:11.5129259Z LTS
2026-04-27T19:50:11.5129749Z ##[endgroup]
2026-04-27T19:50:11.5130339Z ##[group]Runner Image
2026-04-27T19:50:11.5130931Z Image: ubuntu-24.04
2026-04-27T19:50:11.5131481Z Version: 20260413.86.1
2026-04-27T19:50:11.5132799Z Included Software: https://github.com/actions/runner-images/blob/ubuntu24/20260413.86/images/ubuntu/Ubuntu2404-Readme.md
2026-04-27T19:50:11.5134462Z Image Release: https://github.com/actions/runner-images/releases/tag/ubuntu24%2F20260413.86
2026-04-27T19:50:11.5135419Z ##[endgroup]
2026-04-27T19:50:11.5136650Z ##[group]GITHUB_TOKEN Permissions
2026-04-27T19:50:11.5138567Z Actions: read
2026-04-27T19:50:11.5139138Z Contents: write
2026-04-27T19:50:11.5139791Z Metadata: read
2026-04-27T19:50:11.5140331Z PullRequests: read
2026-04-27T19:50:11.5140889Z ##[endgroup]
2026-04-27T19:50:11.5143095Z Secret source: Actions
2026-04-27T19:50:11.5144019Z Prepare workflow directory
2026-04-27T19:50:11.5499513Z Prepare all required actions
2026-04-27T19:50:11.5551839Z Getting action download info
2026-04-27T19:50:12.1816484Z Download action repository 'actions/checkout@v4' (SHA:34e114876b0b11c390a56381ad16ebd13914f8d5)
2026-04-27T19:50:12.3073882Z Download action repository 'actions/setup-java@v4' (SHA:c1e323688fd81a25caa38c78aa6df2d33d3e20d9)
2026-04-27T19:50:13.5217613Z Download action repository 'gradle/actions@v4' (SHA:ed408507eac070d1f99cc633dbcf757c94c7933a)
2026-04-27T19:50:15.6688155Z Download action repository 'actions/upload-artifact@v4' (SHA:ea165f8d65b6e75b540449e92b4886f43607fa02)
2026-04-27T19:50:15.8948637Z Complete job name: Version Bump, Build & Firebase Distribute
2026-04-27T19:50:15.9591876Z ##[group]Run set -euo pipefail
2026-04-27T19:50:15.9592902Z [36;1mset -euo pipefail[0m
2026-04-27T19:50:15.9593588Z [36;1mif [ "$EVENT_NAME" = "workflow_dispatch" ]; then[0m
2026-04-27T19:50:15.9594162Z [36;1m  # Manual dispatch path — use the input if provided, otherwise[0m
2026-04-27T19:50:15.9594657Z [36;1m  # walk the latest merged PR on main and target that.[0m
2026-04-27T19:50:15.9595164Z [36;1m  if [ -n "$DISPATCH_PR" ]; then[0m
2026-04-27T19:50:15.9595597Z [36;1m    echo "pr_number=$DISPATCH_PR" >> "$GITHUB_OUTPUT"[0m
2026-04-27T19:50:15.9596050Z [36;1m    echo "found=true" >> "$GITHUB_OUTPUT"[0m
2026-04-27T19:50:15.9596547Z [36;1m    echo "Using PR #$DISPATCH_PR from dispatch input."[0m
2026-04-27T19:50:15.9596969Z [36;1m    exit 0[0m
2026-04-27T19:50:15.9597297Z [36;1m  fi[0m
2026-04-27T19:50:15.9597736Z [36;1m  PR_NUMBER=$(gh pr list --repo "$REPO" --state merged --base main \[0m
2026-04-27T19:50:15.9598436Z [36;1m    --limit 1 --json number -q '.[0].number // empty')[0m
2026-04-27T19:50:15.9598909Z [36;1m  if [ -z "$PR_NUMBER" ]; then[0m
2026-04-27T19:50:15.9599373Z [36;1m    echo "::warning::No merged PRs found on main. Cannot resolve PR; skipping."[0m
2026-04-27T19:50:15.9599924Z [36;1m    echo "found=false" >> "$GITHUB_OUTPUT"[0m
2026-04-27T19:50:15.9600370Z [36;1m    exit 0[0m
2026-04-27T19:50:15.9600632Z [36;1m  fi[0m
2026-04-27T19:50:15.9601027Z [36;1m  echo "pr_number=$PR_NUMBER" >> "$GITHUB_OUTPUT"[0m
2026-04-27T19:50:15.9601515Z [36;1m  echo "found=true" >> "$GITHUB_OUTPUT"[0m
2026-04-27T19:50:15.9602018Z [36;1m  echo "Resolved most-recent merged PR #$PR_NUMBER for dispatch run."[0m
2026-04-27T19:50:15.9602446Z [36;1m  exit 0[0m
2026-04-27T19:50:15.9602792Z [36;1mfi[0m
2026-04-27T19:50:15.9603460Z [36;1m[0m
2026-04-27T19:50:15.9603798Z [36;1m# Path 1 — fast path: pull_requests was populated.[0m
2026-04-27T19:50:15.9604425Z [36;1mPR_NUMBER=$(echo "$PR_JSON" | jq -r '.[0].number // empty')[0m
2026-04-27T19:50:15.9604899Z [36;1mif [ -n "$PR_NUMBER" ]; then[0m
2026-04-27T19:50:15.9605299Z [36;1m  echo "pr_number=$PR_NUMBER" >> "$GITHUB_OUTPUT"[0m
2026-04-27T19:50:15.9605754Z [36;1m  echo "found=true" >> "$GITHUB_OUTPUT"[0m
2026-04-27T19:50:15.9606255Z [36;1m  echo "Resolved PR #$PR_NUMBER from workflow_run payload."[0m
2026-04-27T19:50:15.9606664Z [36;1m  exit 0[0m
2026-04-27T19:50:15.9606979Z [36;1mfi[0m
2026-04-27T19:50:15.9607401Z [36;1m[0m
2026-04-27T19:50:15.9607769Z [36;1m# Path 2 — fallback: look the PR up by HEAD SHA. Works in both[0m
2026-04-27T19:50:15.9608404Z [36;1m# the pre-merge case (auto-merge.yml fires before the squash[0m
2026-04-27T19:50:15.9608930Z [36;1m# actually happens; the open PR still has this commit at its[0m
2026-04-27T19:50:15.9609417Z [36;1m# head) and the post-merge case (GitHub keeps the commit→PR[0m
2026-04-27T19:50:15.9610029Z [36;1m# mapping after squash, so we still resolve correctly even if[0m
2026-04-27T19:50:15.9610557Z [36;1m# the source branch was deleted). The downstream "Wait for PR[0m
2026-04-27T19:50:15.9611090Z [36;1m# to merge" step handles the timing — we only need the PR[0m
2026-04-27T19:50:15.9611554Z [36;1m# number here, not its merge state.[0m
2026-04-27T19:50:15.9611923Z [36;1m#[0m
2026-04-27T19:50:15.9612334Z [36;1m# Deliberately NOT falling back to "most recent merged PR" —[0m
2026-04-27T19:50:15.9612839Z [36;1m# that race-condition-bumps a previously-merged PR if[0m
2026-04-27T19:50:15.9613455Z [36;1m# workflow_run fires before the queued merge lands.[0m
2026-04-27T19:50:15.9613913Z [36;1mif [ -z "$HEAD_SHA" ]; then[0m
2026-04-27T19:50:15.9614462Z [36;1m  echo "::warning::workflow_run.head_sha is empty; cannot resolve PR. Skipping."[0m
2026-04-27T19:50:15.9614951Z [36;1m  echo "found=false" >> "$GITHUB_OUTPUT"[0m
2026-04-27T19:50:15.9615372Z [36;1m  exit 0[0m
2026-04-27T19:50:15.9615691Z [36;1mfi[0m
2026-04-27T19:50:15.9615955Z [36;1mPR_NUMBER=$(gh api \[0m
2026-04-27T19:50:15.9616576Z [36;1m  "repos/$REPO/commits/$HEAD_SHA/pulls" \[0m
2026-04-27T19:50:15.9617048Z [36;1m  -H "Accept: application/vnd.github+json" \[0m
2026-04-27T19:50:15.9617527Z [36;1m  --jq 'sort_by(.number) | reverse | .[0].number // empty')[0m
2026-04-27T19:50:15.9617955Z [36;1mif [ -z "$PR_NUMBER" ]; then[0m
2026-04-27T19:50:15.9618523Z [36;1m  echo "::warning::No PR found for commit $HEAD_SHA via commits/{sha}/pulls. Skipping."[0m
2026-04-27T19:50:15.9619125Z [36;1m  echo "found=false" >> "$GITHUB_OUTPUT"[0m
2026-04-27T19:50:15.9619550Z [36;1m  exit 0[0m
2026-04-27T19:50:15.9619810Z [36;1mfi[0m
2026-04-27T19:50:15.9620164Z [36;1mecho "pr_number=$PR_NUMBER" >> "$GITHUB_OUTPUT"[0m
2026-04-27T19:50:15.9620641Z [36;1mecho "found=true" >> "$GITHUB_OUTPUT"[0m
2026-04-27T19:50:15.9621086Z [36;1mecho "Resolved PR #$PR_NUMBER from commits/$HEAD_SHA/pulls fallback."[0m
2026-04-27T19:50:15.9647062Z shell: /usr/bin/bash -e {0}
2026-04-27T19:50:15.9647627Z env:
2026-04-27T19:50:15.9648288Z   GH_TOKEN: ***
2026-04-27T19:50:15.9648742Z   REPO: akarlin3/prismTask
2026-04-27T19:50:15.9649053Z   EVENT_NAME: workflow_run
2026-04-27T19:50:15.9649399Z   PR_JSON: []
2026-04-27T19:50:15.9726972Z   HEAD_SHA: ffe9c4de6ff6573165579026d912817fe8f17749
2026-04-27T19:50:15.9727374Z   DISPATCH_PR: 
2026-04-27T19:50:15.9727655Z ##[endgroup]
2026-04-27T19:50:17.2604274Z unexpected end of JSON input
2026-04-27T19:50:17.2621650Z ##[error]Process completed with exit code 1.
2026-04-27T19:50:17.2839489Z Cleaning up orphan processes
