=== CI FAILURE ===
Workflow:      Version Bump & Firebase Distribute
Workflow file: akarlin3/prismTask/.github/workflows/version-bump-and-distribute.yml@refs/heads/main
Job(s):        Version Bump, Build & Firebase Distribute
Run ID:        25014100797
Run attempt:   1
Run URL:       https://github.com/akarlin3/prismTask/actions/runs/25014100797
Commit:        d62471f2c6656bfd9ec4678adae696e02007ea99
Branch:        main
Event:         workflow_run
Actor:         akarlin3
Runner OS:     Linux
Timestamp:     2026-04-27T19:05:21.987Z

Failed steps:
  - Version Bump, Build & Firebase Distribute: #2 Resolve PR number

=== FAILED JOB LOG ===

--- Job: Version Bump, Build & Firebase Distribute (id 73257245824) ---
2026-04-27T19:05:04.1125338Z Current runner version: '2.333.1'
2026-04-27T19:05:04.1172733Z ##[group]Runner Image Provisioner
2026-04-27T19:05:04.1173556Z Hosted Compute Agent
2026-04-27T19:05:04.1174079Z Version: 20260213.493
2026-04-27T19:05:04.1174797Z Commit: 5c115507f6dd24b8de37d8bbe0bb4509d0cc0fa3
2026-04-27T19:05:04.1175492Z Build Date: 2026-02-13T00:28:41Z
2026-04-27T19:05:04.1176097Z Worker ID: {7c824549-638a-4f96-a2d5-b3a2804d3974}
2026-04-27T19:05:04.1176819Z Azure Region: westcentralus
2026-04-27T19:05:04.1177619Z ##[endgroup]
2026-04-27T19:05:04.1178992Z ##[group]Operating System
2026-04-27T19:05:04.1179680Z Ubuntu
2026-04-27T19:05:04.1180150Z 24.04.4
2026-04-27T19:05:04.1180595Z LTS
2026-04-27T19:05:04.1181086Z ##[endgroup]
2026-04-27T19:05:04.1181582Z ##[group]Runner Image
2026-04-27T19:05:04.1182116Z Image: ubuntu-24.04
2026-04-27T19:05:04.1182684Z Version: 20260413.86.1
2026-04-27T19:05:04.1183856Z Included Software: https://github.com/actions/runner-images/blob/ubuntu24/20260413.86/images/ubuntu/Ubuntu2404-Readme.md
2026-04-27T19:05:04.1185291Z Image Release: https://github.com/actions/runner-images/releases/tag/ubuntu24%2F20260413.86
2026-04-27T19:05:04.1186178Z ##[endgroup]
2026-04-27T19:05:04.1187960Z ##[group]GITHUB_TOKEN Permissions
2026-04-27T19:05:04.1189853Z Actions: read
2026-04-27T19:05:04.1190400Z Contents: write
2026-04-27T19:05:04.1191028Z Metadata: read
2026-04-27T19:05:04.1191511Z PullRequests: read
2026-04-27T19:05:04.1192057Z ##[endgroup]
2026-04-27T19:05:04.1194119Z Secret source: Actions
2026-04-27T19:05:04.1194780Z Prepare workflow directory
2026-04-27T19:05:04.1536140Z Prepare all required actions
2026-04-27T19:05:04.1575358Z Getting action download info
2026-04-27T19:05:04.6439955Z Download action repository 'actions/checkout@v4' (SHA:34e114876b0b11c390a56381ad16ebd13914f8d5)
2026-04-27T19:05:04.7680787Z Download action repository 'actions/setup-java@v4' (SHA:c1e323688fd81a25caa38c78aa6df2d33d3e20d9)
2026-04-27T19:05:05.8001402Z Download action repository 'gradle/actions@v4' (SHA:ed408507eac070d1f99cc633dbcf757c94c7933a)
2026-04-27T19:05:07.4414867Z Download action repository 'actions/upload-artifact@v4' (SHA:ea165f8d65b6e75b540449e92b4886f43607fa02)
2026-04-27T19:05:07.6569079Z Complete job name: Version Bump, Build & Firebase Distribute
2026-04-27T19:05:07.7223799Z ##[group]Run set -euo pipefail
2026-04-27T19:05:07.7224505Z [36;1mset -euo pipefail[0m
2026-04-27T19:05:07.7224905Z [36;1mif [ "$EVENT_NAME" = "workflow_dispatch" ]; then[0m
2026-04-27T19:05:07.7225428Z [36;1m  # Manual dispatch path — use the input if provided, otherwise[0m
2026-04-27T19:05:07.7225986Z [36;1m  # walk the latest merged PR on main and target that.[0m
2026-04-27T19:05:07.7226397Z [36;1m  if [ -n "$DISPATCH_PR" ]; then[0m
2026-04-27T19:05:07.7226826Z [36;1m    echo "pr_number=$DISPATCH_PR" >> "$GITHUB_OUTPUT"[0m
2026-04-27T19:05:07.7227652Z [36;1m    echo "found=true" >> "$GITHUB_OUTPUT"[0m
2026-04-27T19:05:07.7228131Z [36;1m    echo "Using PR #$DISPATCH_PR from dispatch input."[0m
2026-04-27T19:05:07.7228498Z [36;1m    exit 0[0m
2026-04-27T19:05:07.7229180Z [36;1m  fi[0m
2026-04-27T19:05:07.7229604Z [36;1m  PR_NUMBER=$(gh pr list --repo "$REPO" --state merged --base main \[0m
2026-04-27T19:05:07.7230216Z [36;1m    --limit 1 --json number -q '.[0].number // empty')[0m
2026-04-27T19:05:07.7230709Z [36;1m  if [ -z "$PR_NUMBER" ]; then[0m
2026-04-27T19:05:07.7231201Z [36;1m    echo "::warning::No merged PRs found on main. Cannot resolve PR; skipping."[0m
2026-04-27T19:05:07.7231676Z [36;1m    echo "found=false" >> "$GITHUB_OUTPUT"[0m
2026-04-27T19:05:07.7232104Z [36;1m    exit 0[0m
2026-04-27T19:05:07.7232412Z [36;1m  fi[0m
2026-04-27T19:05:07.7232769Z [36;1m  echo "pr_number=$PR_NUMBER" >> "$GITHUB_OUTPUT"[0m
2026-04-27T19:05:07.7233169Z [36;1m  echo "found=true" >> "$GITHUB_OUTPUT"[0m
2026-04-27T19:05:07.7233652Z [36;1m  echo "Resolved most-recent merged PR #$PR_NUMBER for dispatch run."[0m
2026-04-27T19:05:07.7234133Z [36;1m  exit 0[0m
2026-04-27T19:05:07.7234387Z [36;1mfi[0m
2026-04-27T19:05:07.7234924Z [36;1m[0m
2026-04-27T19:05:07.7235325Z [36;1m# Path 1 — fast path: pull_requests was populated.[0m
2026-04-27T19:05:07.7235872Z [36;1mPR_NUMBER=$(echo "$PR_JSON" | jq -r '.[0].number // empty')[0m
2026-04-27T19:05:07.7236299Z [36;1mif [ -n "$PR_NUMBER" ]; then[0m
2026-04-27T19:05:07.7236732Z [36;1m  echo "pr_number=$PR_NUMBER" >> "$GITHUB_OUTPUT"[0m
2026-04-27T19:05:07.7237386Z [36;1m  echo "found=true" >> "$GITHUB_OUTPUT"[0m
2026-04-27T19:05:07.7237825Z [36;1m  echo "Resolved PR #$PR_NUMBER from workflow_run payload."[0m
2026-04-27T19:05:07.7238281Z [36;1m  exit 0[0m
2026-04-27T19:05:07.7238570Z [36;1mfi[0m
2026-04-27T19:05:07.7238831Z [36;1m[0m
2026-04-27T19:05:07.7239250Z [36;1m# Path 2 — fallback: look the PR up by HEAD SHA. Works in both[0m
2026-04-27T19:05:07.7239849Z [36;1m# the pre-merge case (auto-merge.yml fires before the squash[0m
2026-04-27T19:05:07.7240369Z [36;1m# actually happens; the open PR still has this commit at its[0m
2026-04-27T19:05:07.7240947Z [36;1m# head) and the post-merge case (GitHub keeps the commit→PR[0m
2026-04-27T19:05:07.7241443Z [36;1m# mapping after squash, so we still resolve correctly even if[0m
2026-04-27T19:05:07.7241969Z [36;1m# the source branch was deleted). The downstream "Wait for PR[0m
2026-04-27T19:05:07.7242507Z [36;1m# to merge" step handles the timing — we only need the PR[0m
2026-04-27T19:05:07.7242973Z [36;1m# number here, not its merge state.[0m
2026-04-27T19:05:07.7243284Z [36;1m#[0m
2026-04-27T19:05:07.7243693Z [36;1m# Deliberately NOT falling back to "most recent merged PR" —[0m
2026-04-27T19:05:07.7244220Z [36;1m# that race-condition-bumps a previously-merged PR if[0m
2026-04-27T19:05:07.7244687Z [36;1m# workflow_run fires before the queued merge lands.[0m
2026-04-27T19:05:07.7245122Z [36;1mif [ -z "$HEAD_SHA" ]; then[0m
2026-04-27T19:05:07.7245639Z [36;1m  echo "::warning::workflow_run.head_sha is empty; cannot resolve PR. Skipping."[0m
2026-04-27T19:05:07.7246173Z [36;1m  echo "found=false" >> "$GITHUB_OUTPUT"[0m
2026-04-27T19:05:07.7246573Z [36;1m  exit 0[0m
2026-04-27T19:05:07.7246846Z [36;1mfi[0m
2026-04-27T19:05:07.7247254Z [36;1mPR_NUMBER=$(gh api \[0m
2026-04-27T19:05:07.7247900Z [36;1m  "repos/$REPO/commits/$HEAD_SHA/pulls" \[0m
2026-04-27T19:05:07.7248313Z [36;1m  -H "Accept: application/vnd.github+json" \[0m
2026-04-27T19:05:07.7248754Z [36;1m  --jq 'sort_by(.number) | reverse | .[0].number // empty')[0m
2026-04-27T19:05:07.7249242Z [36;1mif [ -z "$PR_NUMBER" ]; then[0m
2026-04-27T19:05:07.7249700Z [36;1m  echo "::warning::No PR found for commit $HEAD_SHA via commits/{sha}/pulls. Skipping."[0m
2026-04-27T19:05:07.7250226Z [36;1m  echo "found=false" >> "$GITHUB_OUTPUT"[0m
2026-04-27T19:05:07.7250688Z [36;1m  exit 0[0m
2026-04-27T19:05:07.7250957Z [36;1mfi[0m
2026-04-27T19:05:07.7251230Z [36;1mecho "pr_number=$PR_NUMBER" >> "$GITHUB_OUTPUT"[0m
2026-04-27T19:05:07.7251718Z [36;1mecho "found=true" >> "$GITHUB_OUTPUT"[0m
2026-04-27T19:05:07.7252206Z [36;1mecho "Resolved PR #$PR_NUMBER from commits/$HEAD_SHA/pulls fallback."[0m
2026-04-27T19:05:07.7276648Z shell: /usr/bin/bash -e {0}
2026-04-27T19:05:07.7277544Z env:
2026-04-27T19:05:07.7278210Z   GH_TOKEN: ***
2026-04-27T19:05:07.7278505Z   REPO: akarlin3/prismTask
2026-04-27T19:05:07.7278867Z   EVENT_NAME: workflow_run
2026-04-27T19:05:07.7348487Z   PR_JSON: []
2026-04-27T19:05:07.7349237Z   HEAD_SHA: 279dfab01b1662549ca2ff510e888adb660c873e
2026-04-27T19:05:07.7349868Z   DISPATCH_PR: 
2026-04-27T19:05:07.7350266Z ##[endgroup]
2026-04-27T19:05:08.4997501Z unexpected end of JSON input
2026-04-27T19:05:08.5016413Z ##[error]Process completed with exit code 1.
2026-04-27T19:05:08.5251273Z Cleaning up orphan processes
