=== CI FAILURE ===
Workflow:      Version Bump & Firebase Distribute
Workflow file: akarlin3/prismTask/.github/workflows/version-bump-and-distribute.yml@refs/heads/main
Job(s):        Version Bump, Build & Firebase Distribute
Run ID:        24962915539
Run attempt:   1
Run URL:       https://github.com/akarlin3/prismTask/actions/runs/24962915539
Commit:        567d0632d0ff595427560adf716aee9297152dc8
Branch:        main
Event:         workflow_run
Actor:         akarlin3
Runner OS:     Linux
Timestamp:     2026-04-26T17:41:32.627Z

Failed steps:
  - Version Bump, Build & Firebase Distribute: #6 Commit version bump

=== FAILED JOB LOG ===

--- Job: Version Bump, Build & Firebase Distribute (id 73092585429) ---
2026-04-26T17:40:21.0643932Z Current runner version: '2.333.1'
2026-04-26T17:40:21.0667214Z ##[group]Runner Image Provisioner
2026-04-26T17:40:21.0668041Z Hosted Compute Agent
2026-04-26T17:40:21.0668520Z Version: 20260213.493
2026-04-26T17:40:21.0669075Z Commit: 5c115507f6dd24b8de37d8bbe0bb4509d0cc0fa3
2026-04-26T17:40:21.0669969Z Build Date: 2026-02-13T00:28:41Z
2026-04-26T17:40:21.0670592Z Worker ID: {25ab9b86-363e-44a9-903f-b02930b84b82}
2026-04-26T17:40:21.0671219Z Azure Region: westcentralus
2026-04-26T17:40:21.0671751Z ##[endgroup]
2026-04-26T17:40:21.0673033Z ##[group]Operating System
2026-04-26T17:40:21.0673537Z Ubuntu
2026-04-26T17:40:21.0673995Z 24.04.4
2026-04-26T17:40:21.0674407Z LTS
2026-04-26T17:40:21.0674797Z ##[endgroup]
2026-04-26T17:40:21.0675269Z ##[group]Runner Image
2026-04-26T17:40:21.0675761Z Image: ubuntu-24.04
2026-04-26T17:40:21.0676198Z Version: 20260413.86.1
2026-04-26T17:40:21.0677322Z Included Software: https://github.com/actions/runner-images/blob/ubuntu24/20260413.86/images/ubuntu/Ubuntu2404-Readme.md
2026-04-26T17:40:21.0678552Z Image Release: https://github.com/actions/runner-images/releases/tag/ubuntu24%2F20260413.86
2026-04-26T17:40:21.0679380Z ##[endgroup]
2026-04-26T17:40:21.0680765Z ##[group]GITHUB_TOKEN Permissions
2026-04-26T17:40:21.0682720Z Actions: read
2026-04-26T17:40:21.0683270Z Contents: write
2026-04-26T17:40:21.0683716Z Metadata: read
2026-04-26T17:40:21.0684239Z PullRequests: read
2026-04-26T17:40:21.0684690Z ##[endgroup]
2026-04-26T17:40:21.0686665Z Secret source: Actions
2026-04-26T17:40:21.0687361Z Prepare workflow directory
2026-04-26T17:40:21.1042688Z Prepare all required actions
2026-04-26T17:40:21.1080950Z Getting action download info
2026-04-26T17:40:21.5801742Z Download action repository 'actions/checkout@v4' (SHA:34e114876b0b11c390a56381ad16ebd13914f8d5)
2026-04-26T17:40:21.6591400Z Download action repository 'actions/setup-java@v4' (SHA:c1e323688fd81a25caa38c78aa6df2d33d3e20d9)
2026-04-26T17:40:22.6972310Z Download action repository 'gradle/actions@v4' (SHA:ed408507eac070d1f99cc633dbcf757c94c7933a)
2026-04-26T17:40:24.2702705Z Download action repository 'actions/upload-artifact@v4' (SHA:ea165f8d65b6e75b540449e92b4886f43607fa02)
2026-04-26T17:40:24.4557314Z Complete job name: Version Bump, Build & Firebase Distribute
2026-04-26T17:40:24.5098939Z ##[group]Run set -euo pipefail
2026-04-26T17:40:24.5099721Z [36;1mset -euo pipefail[0m
2026-04-26T17:40:24.5100095Z [36;1mif [ "$EVENT_NAME" = "workflow_dispatch" ]; then[0m
2026-04-26T17:40:24.5100585Z [36;1m  # Manual dispatch path — use the input if provided, otherwise[0m
2026-04-26T17:40:24.5101069Z [36;1m  # walk the latest merged PR on main and target that.[0m
2026-04-26T17:40:24.5101460Z [36;1m  if [ -n "$DISPATCH_PR" ]; then[0m
2026-04-26T17:40:24.5101825Z [36;1m    echo "pr_number=$DISPATCH_PR" >> "$GITHUB_OUTPUT"[0m
2026-04-26T17:40:24.5102231Z [36;1m    echo "found=true" >> "$GITHUB_OUTPUT"[0m
2026-04-26T17:40:24.5102651Z [36;1m    echo "Using PR #$DISPATCH_PR from dispatch input."[0m
2026-04-26T17:40:24.5103000Z [36;1m    exit 0[0m
2026-04-26T17:40:24.5103288Z [36;1m  fi[0m
2026-04-26T17:40:24.5103639Z [36;1m  PR_NUMBER=$(gh pr list --repo "$REPO" --state merged --base main \[0m
2026-04-26T17:40:24.5104184Z [36;1m    --limit 1 --json number -q '.[0].number // empty')[0m
2026-04-26T17:40:24.5104574Z [36;1m  if [ -z "$PR_NUMBER" ]; then[0m
2026-04-26T17:40:24.5105032Z [36;1m    echo "::warning::No merged PRs found on main. Cannot resolve PR; skipping."[0m
2026-04-26T17:40:24.5105473Z [36;1m    echo "found=false" >> "$GITHUB_OUTPUT"[0m
2026-04-26T17:40:24.5105825Z [36;1m    exit 0[0m
2026-04-26T17:40:24.5106076Z [36;1m  fi[0m
2026-04-26T17:40:24.5106350Z [36;1m  echo "pr_number=$PR_NUMBER" >> "$GITHUB_OUTPUT"[0m
2026-04-26T17:40:24.5106766Z [36;1m  echo "found=true" >> "$GITHUB_OUTPUT"[0m
2026-04-26T17:40:24.5107202Z [36;1m  echo "Resolved most-recent merged PR #$PR_NUMBER for dispatch run."[0m
2026-04-26T17:40:24.5107586Z [36;1m  exit 0[0m
2026-04-26T17:40:24.5107848Z [36;1mfi[0m
2026-04-26T17:40:24.5108247Z [36;1m[0m
2026-04-26T17:40:24.5108558Z [36;1m# Path 1 — fast path: pull_requests was populated.[0m
2026-04-26T17:40:24.5109051Z [36;1mPR_NUMBER=$(echo "$PR_JSON" | jq -r '.[0].number // empty')[0m
2026-04-26T17:40:24.5109613Z [36;1mif [ -n "$PR_NUMBER" ]; then[0m
2026-04-26T17:40:24.5109963Z [36;1m  echo "pr_number=$PR_NUMBER" >> "$GITHUB_OUTPUT"[0m
2026-04-26T17:40:24.5110351Z [36;1m  echo "found=true" >> "$GITHUB_OUTPUT"[0m
2026-04-26T17:40:24.5110761Z [36;1m  echo "Resolved PR #$PR_NUMBER from workflow_run payload."[0m
2026-04-26T17:40:24.5111109Z [36;1m  exit 0[0m
2026-04-26T17:40:24.5111394Z [36;1mfi[0m
2026-04-26T17:40:24.5111733Z [36;1m[0m
2026-04-26T17:40:24.5112035Z [36;1m# Path 2 — fallback: look the PR up by HEAD SHA. Works in both[0m
2026-04-26T17:40:24.5112516Z [36;1m# the pre-merge case (auto-merge.yml fires before the squash[0m
2026-04-26T17:40:24.5112981Z [36;1m# actually happens; the open PR still has this commit at its[0m
2026-04-26T17:40:24.5113453Z [36;1m# head) and the post-merge case (GitHub keeps the commit→PR[0m
2026-04-26T17:40:24.5113961Z [36;1m# mapping after squash, so we still resolve correctly even if[0m
2026-04-26T17:40:24.5114431Z [36;1m# the source branch was deleted). The downstream "Wait for PR[0m
2026-04-26T17:40:24.5114875Z [36;1m# to merge" step handles the timing — we only need the PR[0m
2026-04-26T17:40:24.5115288Z [36;1m# number here, not its merge state.[0m
2026-04-26T17:40:24.5115609Z [36;1m#[0m
2026-04-26T17:40:24.5115915Z [36;1m# Deliberately NOT falling back to "most recent merged PR" —[0m
2026-04-26T17:40:24.5116412Z [36;1m# that race-condition-bumps a previously-merged PR if[0m
2026-04-26T17:40:24.5116843Z [36;1m# workflow_run fires before the queued merge lands.[0m
2026-04-26T17:40:24.5117200Z [36;1mif [ -z "$HEAD_SHA" ]; then[0m
2026-04-26T17:40:24.5117655Z [36;1m  echo "::warning::workflow_run.head_sha is empty; cannot resolve PR. Skipping."[0m
2026-04-26T17:40:24.5118133Z [36;1m  echo "found=false" >> "$GITHUB_OUTPUT"[0m
2026-04-26T17:40:24.5118468Z [36;1m  exit 0[0m
2026-04-26T17:40:24.5118731Z [36;1mfi[0m
2026-04-26T17:40:24.5118989Z [36;1mPR_NUMBER=$(gh api \[0m
2026-04-26T17:40:24.5119499Z [36;1m  "repos/$REPO/commits/$HEAD_SHA/pulls" \[0m
2026-04-26T17:40:24.5119913Z [36;1m  -H "Accept: application/vnd.github+json" \[0m
2026-04-26T17:40:24.5120349Z [36;1m  --jq 'sort_by(.number) | reverse | .[0].number // empty')[0m
2026-04-26T17:40:24.5120713Z [36;1mif [ -z "$PR_NUMBER" ]; then[0m
2026-04-26T17:40:24.5121169Z [36;1m  echo "::warning::No PR found for commit $HEAD_SHA via commits/{sha}/pulls. Skipping."[0m
2026-04-26T17:40:24.5121651Z [36;1m  echo "found=false" >> "$GITHUB_OUTPUT"[0m
2026-04-26T17:40:24.5121951Z [36;1m  exit 0[0m
2026-04-26T17:40:24.5122204Z [36;1mfi[0m
2026-04-26T17:40:24.5122522Z [36;1mecho "pr_number=$PR_NUMBER" >> "$GITHUB_OUTPUT"[0m
2026-04-26T17:40:24.5122878Z [36;1mecho "found=true" >> "$GITHUB_OUTPUT"[0m
2026-04-26T17:40:24.5123315Z [36;1mecho "Resolved PR #$PR_NUMBER from commits/$HEAD_SHA/pulls fallback."[0m
2026-04-26T17:40:24.5139924Z shell: /usr/bin/bash -e {0}
2026-04-26T17:40:24.5140540Z env:
2026-04-26T17:40:24.5141110Z   GH_TOKEN: ***
2026-04-26T17:40:24.5141480Z   REPO: akarlin3/prismTask
2026-04-26T17:40:24.5141780Z   EVENT_NAME: workflow_run
2026-04-26T17:40:24.5142031Z   PR_JSON: []
2026-04-26T17:40:24.5142347Z   HEAD_SHA: 7ce3fc15ba335848c1c40963b2078ed361f109da
2026-04-26T17:40:24.5142687Z   DISPATCH_PR: 
2026-04-26T17:40:24.5142950Z ##[endgroup]
2026-04-26T17:40:24.9613700Z Resolved PR #808 from commits/7ce3fc15ba335848c1c40963b2078ed361f109da/pulls fallback.
2026-04-26T17:40:24.9721477Z ##[group]Run set -euo pipefail
2026-04-26T17:40:24.9721904Z [36;1mset -euo pipefail[0m
2026-04-26T17:40:24.9722268Z [36;1m# gh pr merge --auto may queue the merge until required checks[0m
2026-04-26T17:40:24.9722721Z [36;1m# pass. Poll until MERGED, CLOSED, or timeout.[0m
2026-04-26T17:40:24.9723093Z [36;1mfor i in $(seq 1 60); do[0m
2026-04-26T17:40:24.9723591Z [36;1m  STATE=$(gh pr view "$PR_NUMBER" --repo "$REPO" --json state -q '.state')[0m
2026-04-26T17:40:24.9724029Z [36;1m  case "$STATE" in[0m
2026-04-26T17:40:24.9724317Z [36;1m    MERGED)[0m
2026-04-26T17:40:24.9724729Z [36;1m      MERGE_SHA=$(gh pr view "$PR_NUMBER" --repo "$REPO" --json mergeCommit -q '.mergeCommit.oid')[0m
2026-04-26T17:40:24.9725257Z [36;1m      echo "merged=true" >> "$GITHUB_OUTPUT"[0m
2026-04-26T17:40:24.9725662Z [36;1m      echo "merge_sha=$MERGE_SHA" >> "$GITHUB_OUTPUT"[0m
2026-04-26T17:40:24.9726048Z [36;1m      echo "PR merged at $MERGE_SHA"[0m
2026-04-26T17:40:24.9726464Z [36;1m      exit 0[0m
2026-04-26T17:40:24.9726753Z [36;1m      ;;[0m
2026-04-26T17:40:24.9726984Z [36;1m    CLOSED)[0m
2026-04-26T17:40:24.9727271Z [36;1m      echo "merged=false" >> "$GITHUB_OUTPUT"[0m
2026-04-26T17:40:24.9727695Z [36;1m      echo "PR closed without merging — skipping distribution."[0m
2026-04-26T17:40:24.9728111Z [36;1m      exit 0[0m
2026-04-26T17:40:24.9728373Z [36;1m      ;;[0m
2026-04-26T17:40:24.9728615Z [36;1m    *)[0m
2026-04-26T17:40:24.9728941Z [36;1m      echo "PR state=$STATE (attempt $i/60); sleeping 10s..."[0m
2026-04-26T17:40:24.9729308Z [36;1m      sleep 10[0m
2026-04-26T17:40:24.9729940Z [36;1m      ;;[0m
2026-04-26T17:40:24.9730227Z [36;1m  esac[0m
2026-04-26T17:40:24.9730464Z [36;1mdone[0m
2026-04-26T17:40:24.9730753Z [36;1mecho "merged=false" >> "$GITHUB_OUTPUT"[0m
2026-04-26T17:40:24.9731234Z [36;1mecho "::warning::PR did not reach MERGED within 10 minutes — skipping distribution."[0m
2026-04-26T17:40:24.9743979Z shell: /usr/bin/bash -e {0}
2026-04-26T17:40:24.9744330Z env:
2026-04-26T17:40:24.9744750Z   GH_TOKEN: ***
2026-04-26T17:40:24.9745051Z   PR_NUMBER: 808
2026-04-26T17:40:24.9745324Z   REPO: akarlin3/prismTask
2026-04-26T17:40:24.9745564Z ##[endgroup]
2026-04-26T17:40:25.6173825Z PR merged at 567d0632d0ff595427560adf716aee9297152dc8
2026-04-26T17:40:25.6292860Z ##[group]Run actions/checkout@v4
2026-04-26T17:40:25.6293176Z with:
2026-04-26T17:40:25.6293610Z   token: ***
2026-04-26T17:40:25.6293843Z   ref: 567d0632d0ff595427560adf716aee9297152dc8
2026-04-26T17:40:25.6294106Z   fetch-depth: 0
2026-04-26T17:40:25.6294316Z   repository: akarlin3/prismTask
2026-04-26T17:40:25.6294549Z   ssh-strict: true
2026-04-26T17:40:25.6294730Z   ssh-user: git
2026-04-26T17:40:25.6294935Z   persist-credentials: true
2026-04-26T17:40:25.6295151Z   clean: true
2026-04-26T17:40:25.6295340Z   sparse-checkout-cone-mode: true
2026-04-26T17:40:25.6295575Z   fetch-tags: false
2026-04-26T17:40:25.6295760Z   show-progress: true
2026-04-26T17:40:25.6295958Z   lfs: false
2026-04-26T17:40:25.6296136Z   submodules: false
2026-04-26T17:40:25.6296321Z   set-safe-directory: true
2026-04-26T17:40:25.6296559Z ##[endgroup]
2026-04-26T17:40:25.7262275Z Syncing repository: akarlin3/prismTask
2026-04-26T17:40:25.7263674Z ##[group]Getting Git version info
2026-04-26T17:40:25.7264143Z Working directory is '/home/runner/work/prismTask/prismTask'
2026-04-26T17:40:25.7264677Z [command]/usr/bin/git version
2026-04-26T17:40:25.7294489Z git version 2.53.0
2026-04-26T17:40:25.7317076Z ##[endgroup]
2026-04-26T17:40:25.7331876Z Temporarily overriding HOME='/home/runner/work/_temp/0c2fcbfa-b1ab-43cc-9d59-0da3630f39f2' before making global git config changes
2026-04-26T17:40:25.7333510Z Adding repository directory to the temporary git global config as a safe directory
2026-04-26T17:40:25.7338528Z [command]/usr/bin/git config --global --add safe.directory /home/runner/work/prismTask/prismTask
2026-04-26T17:40:25.7365765Z Deleting the contents of '/home/runner/work/prismTask/prismTask'
2026-04-26T17:40:25.7368633Z ##[group]Initializing the repository
2026-04-26T17:40:25.7373202Z [command]/usr/bin/git init /home/runner/work/prismTask/prismTask
2026-04-26T17:40:25.7438667Z hint: Using 'master' as the name for the initial branch. This default branch name
2026-04-26T17:40:25.7439748Z hint: will change to "main" in Git 3.0. To configure the initial branch name
2026-04-26T17:40:25.7440812Z hint: to use in all of your new repositories, which will suppress this warning,
2026-04-26T17:40:25.7441387Z hint: call:
2026-04-26T17:40:25.7441689Z hint:
2026-04-26T17:40:25.7442112Z hint: 	git config --global init.defaultBranch <name>
2026-04-26T17:40:25.7442576Z hint:
2026-04-26T17:40:25.7443033Z hint: Names commonly chosen instead of 'master' are 'main', 'trunk' and
2026-04-26T17:40:25.7443852Z hint: 'development'. The just-created branch can be renamed via this command:
2026-04-26T17:40:25.7444424Z hint:
2026-04-26T17:40:25.7444730Z hint: 	git branch -m <name>
2026-04-26T17:40:25.7445083Z hint:
2026-04-26T17:40:25.7445563Z hint: Disable this message with "git config set advice.defaultBranchName false"
2026-04-26T17:40:25.7446472Z Initialized empty Git repository in /home/runner/work/prismTask/prismTask/.git/
2026-04-26T17:40:25.7452138Z [command]/usr/bin/git remote add origin https://github.com/akarlin3/prismTask
2026-04-26T17:40:25.7475032Z ##[endgroup]
2026-04-26T17:40:25.7475656Z ##[group]Disabling automatic garbage collection
2026-04-26T17:40:25.7478944Z [command]/usr/bin/git config --local gc.auto 0
2026-04-26T17:40:25.7500717Z ##[endgroup]
2026-04-26T17:40:25.7501071Z ##[group]Setting up auth
2026-04-26T17:40:25.7508302Z [command]/usr/bin/git config --local --name-only --get-regexp core\.sshCommand
2026-04-26T17:40:25.7532968Z [command]/usr/bin/git submodule foreach --recursive sh -c "git config --local --name-only --get-regexp 'core\.sshCommand' && git config --local --unset-all 'core.sshCommand' || :"
2026-04-26T17:40:25.7752241Z [command]/usr/bin/git config --local --name-only --get-regexp http\.https\:\/\/github\.com\/\.extraheader
2026-04-26T17:40:25.7777219Z [command]/usr/bin/git submodule foreach --recursive sh -c "git config --local --name-only --get-regexp 'http\.https\:\/\/github\.com\/\.extraheader' && git config --local --unset-all 'http.https://github.com/.extraheader' || :"
2026-04-26T17:40:25.7941193Z [command]/usr/bin/git config --local --name-only --get-regexp ^includeIf\.gitdir:
2026-04-26T17:40:25.7971637Z [command]/usr/bin/git submodule foreach --recursive git config --local --show-origin --name-only --get-regexp remote.origin.url
2026-04-26T17:40:25.8136598Z [command]/usr/bin/git config --local http.https://github.com/.extraheader AUTHORIZATION: basic ***
2026-04-26T17:40:25.8163525Z ##[endgroup]
2026-04-26T17:40:25.8164200Z ##[group]Fetching the repository
2026-04-26T17:40:25.8172450Z [command]/usr/bin/git -c protocol.version=2 fetch --prune --no-recurse-submodules origin +refs/heads/*:refs/remotes/origin/* +refs/tags/*:refs/tags/*
2026-04-26T17:40:45.2240166Z From https://github.com/akarlin3/prismTask
2026-04-26T17:40:45.2240820Z  * [new branch]        ci-logs         -> origin/ci-logs
2026-04-26T17:40:45.2241319Z  * [new branch]        main            -> origin/main
2026-04-26T17:40:45.2242075Z  * [new branch]        v0.1.0-legacy   -> origin/v0.1.0-legacy
2026-04-26T17:40:45.2243958Z  * [new branch]        v0.2.0-legacy   -> origin/v0.2.0-legacy
2026-04-26T17:40:45.2244801Z  * [new branch]        v0.3.0-legacy   -> origin/v0.3.0-legacy
2026-04-26T17:40:45.2245560Z  * [new branch]        v0.4.0-legacy   -> origin/v0.4.0-legacy
2026-04-26T17:40:45.2246300Z  * [new branch]        v0.5.0-legacy   -> origin/v0.5.0-legacy
2026-04-26T17:40:45.2247035Z  * [new branch]        v0.6.0-legacy   -> origin/v0.6.0-legacy
2026-04-26T17:40:45.2247779Z  * [new branch]        v0.7.0-legacy   -> origin/v0.7.0-legacy
2026-04-26T17:40:45.2248444Z  * [new tag]           v0.1.0          -> v0.1.0
2026-04-26T17:40:45.2249051Z  * [new tag]           v0.2.0          -> v0.2.0
2026-04-26T17:40:45.2249860Z  * [new tag]           v0.3.0          -> v0.3.0
2026-04-26T17:40:45.2250517Z  * [new tag]           v0.4.0          -> v0.4.0
2026-04-26T17:40:45.2251218Z  * [new tag]           v0.5.0          -> v0.5.0
2026-04-26T17:40:45.2251892Z  * [new tag]           v0.7.0          -> v0.7.0
2026-04-26T17:40:45.2252593Z  * [new tag]           v0.7.12         -> v0.7.12
2026-04-26T17:40:45.2253276Z  * [new tag]           v0.7.13         -> v0.7.13
2026-04-26T17:40:45.2254251Z  * [new tag]           v0.7.14         -> v0.7.14
2026-04-26T17:40:45.2254921Z  * [new tag]           v0.7.15         -> v0.7.15
2026-04-26T17:40:45.2255641Z  * [new tag]           v0.7.16         -> v0.7.16
2026-04-26T17:40:45.2256309Z  * [new tag]           v0.7.17         -> v0.7.17
2026-04-26T17:40:45.2257070Z  * [new tag]           v0.7.17-build.2 -> v0.7.17-build.2
2026-04-26T17:40:45.2257788Z  * [new tag]           v0.7.17-build.3 -> v0.7.17-build.3
2026-04-26T17:40:45.2258493Z  * [new tag]           v0.7.17-build.4 -> v0.7.17-build.4
2026-04-26T17:40:45.2259209Z  * [new tag]           v0.7.17-build.5 -> v0.7.17-build.5
2026-04-26T17:40:45.2260098Z  * [new tag]           v0.7.17-build.6 -> v0.7.17-build.6
2026-04-26T17:40:45.2260804Z  * [new tag]           v0.7.17-build.7 -> v0.7.17-build.7
2026-04-26T17:40:45.2261531Z  * [new tag]           v0.7.17-build.8 -> v0.7.17-build.8
2026-04-26T17:40:45.2262476Z  * [new tag]           v0.7.17-build.9 -> v0.7.17-build.9
2026-04-26T17:40:45.2263264Z  * [new tag]           v0.7.18         -> v0.7.18
2026-04-26T17:40:45.2264167Z  * [new tag]           v0.7.18-build.2 -> v0.7.18-build.2
2026-04-26T17:40:45.2265026Z  * [new tag]           v0.7.18-build.3 -> v0.7.18-build.3
2026-04-26T17:40:45.2265710Z  * [new tag]           v0.7.18-build.4 -> v0.7.18-build.4
2026-04-26T17:40:45.2266428Z  * [new tag]           v0.7.19         -> v0.7.19
2026-04-26T17:40:45.2267119Z  * [new tag]           v0.7.19-build.2 -> v0.7.19-build.2
2026-04-26T17:40:45.2267825Z  * [new tag]           v0.7.20         -> v0.7.20
2026-04-26T17:40:45.2268526Z  * [new tag]           v0.7.20-build.2 -> v0.7.20-build.2
2026-04-26T17:40:45.2269273Z  * [new tag]           v0.7.20-build.3 -> v0.7.20-build.3
2026-04-26T17:40:45.2270189Z  * [new tag]           v0.7.20-build.4 -> v0.7.20-build.4
2026-04-26T17:40:45.2271136Z  * [new tag]           v0.8.0          -> v0.8.0
2026-04-26T17:40:45.2271874Z  * [new tag]           v0.8.0-build.2  -> v0.8.0-build.2
2026-04-26T17:40:45.2272592Z  * [new tag]           v0.8.1          -> v0.8.1
2026-04-26T17:40:45.2273262Z  * [new tag]           v0.8.10         -> v0.8.10
2026-04-26T17:40:45.2273939Z  * [new tag]           v0.8.11         -> v0.8.11
2026-04-26T17:40:45.2274612Z  * [new tag]           v0.8.12         -> v0.8.12
2026-04-26T17:40:45.2275264Z  * [new tag]           v0.8.13         -> v0.8.13
2026-04-26T17:40:45.2275938Z  * [new tag]           v0.8.14         -> v0.8.14
2026-04-26T17:40:45.2276618Z  * [new tag]           v0.8.15         -> v0.8.15
2026-04-26T17:40:45.2277291Z  * [new tag]           v0.8.2          -> v0.8.2
2026-04-26T17:40:45.2277956Z  * [new tag]           v0.8.3          -> v0.8.3
2026-04-26T17:40:45.2278655Z  * [new tag]           v0.8.4          -> v0.8.4
2026-04-26T17:40:45.2279322Z  * [new tag]           v0.8.5          -> v0.8.5
2026-04-26T17:40:45.2280236Z  * [new tag]           v0.8.6          -> v0.8.6
2026-04-26T17:40:45.2280870Z  * [new tag]           v0.8.7          -> v0.8.7
2026-04-26T17:40:45.2281521Z  * [new tag]           v0.8.8          -> v0.8.8
2026-04-26T17:40:45.2282160Z  * [new tag]           v0.8.9          -> v0.8.9
2026-04-26T17:40:45.2282819Z  * [new tag]           v0.9.1          -> v0.9.1
2026-04-26T17:40:45.2283464Z  * [new tag]           v0.9.2          -> v0.9.2
2026-04-26T17:40:45.2284129Z  * [new tag]           v1.0.1          -> v1.0.1
2026-04-26T17:40:45.2284804Z  * [new tag]           v1.0.10         -> v1.0.10
2026-04-26T17:40:45.2285489Z  * [new tag]           v1.0.11         -> v1.0.11
2026-04-26T17:40:45.2286155Z  * [new tag]           v1.0.12         -> v1.0.12
2026-04-26T17:40:45.2286832Z  * [new tag]           v1.0.13         -> v1.0.13
2026-04-26T17:40:45.2287505Z  * [new tag]           v1.0.2          -> v1.0.2
2026-04-26T17:40:45.2288282Z  * [new tag]           v1.0.3          -> v1.0.3
2026-04-26T17:40:45.2288977Z  * [new tag]           v1.0.4          -> v1.0.4
2026-04-26T17:40:45.2289816Z  * [new tag]           v1.0.5          -> v1.0.5
2026-04-26T17:40:45.2290734Z  * [new tag]           v1.0.6          -> v1.0.6
2026-04-26T17:40:45.2291500Z  * [new tag]           v1.0.7          -> v1.0.7
2026-04-26T17:40:45.2292157Z  * [new tag]           v1.0.8          -> v1.0.8
2026-04-26T17:40:45.2292763Z  * [new tag]           v1.0.9          -> v1.0.9
2026-04-26T17:40:45.2293412Z  * [new tag]           v1.1.1          -> v1.1.1
2026-04-26T17:40:45.2294063Z  * [new tag]           v1.1.1-build.2  -> v1.1.1-build.2
2026-04-26T17:40:45.2294786Z  * [new tag]           v1.1.1-build.3  -> v1.1.1-build.3
2026-04-26T17:40:45.2295445Z  * [new tag]           v1.1.1-build.4  -> v1.1.1-build.4
2026-04-26T17:40:45.2296202Z  * [new tag]           v1.1.10         -> v1.1.10
2026-04-26T17:40:45.2296923Z  * [new tag]           v1.1.11         -> v1.1.11
2026-04-26T17:40:45.2297620Z  * [new tag]           v1.1.12         -> v1.1.12
2026-04-26T17:40:45.2298321Z  * [new tag]           v1.1.2          -> v1.1.2
2026-04-26T17:40:45.2299131Z  * [new tag]           v1.1.3          -> v1.1.3
2026-04-26T17:40:45.2299949Z  * [new tag]           v1.1.4          -> v1.1.4
2026-04-26T17:40:45.2300599Z  * [new tag]           v1.1.5          -> v1.1.5
2026-04-26T17:40:45.2301293Z  * [new tag]           v1.1.6          -> v1.1.6
2026-04-26T17:40:45.2302008Z  * [new tag]           v1.1.7          -> v1.1.7
2026-04-26T17:40:45.2302693Z  * [new tag]           v1.1.8          -> v1.1.8
2026-04-26T17:40:45.2303382Z  * [new tag]           v1.1.9          -> v1.1.9
2026-04-26T17:40:45.2304056Z  * [new tag]           v1.3.0          -> v1.3.0
2026-04-26T17:40:45.2304723Z  * [new tag]           v1.3.1          -> v1.3.1
2026-04-26T17:40:45.2305382Z  * [new tag]           v1.3.10         -> v1.3.10
2026-04-26T17:40:45.2306044Z  * [new tag]           v1.3.11         -> v1.3.11
2026-04-26T17:40:45.2306755Z  * [new tag]           v1.3.11-build.2 -> v1.3.11-build.2
2026-04-26T17:40:45.2307690Z  * [new tag]           v1.3.12         -> v1.3.12
2026-04-26T17:40:45.2308390Z  * [new tag]           v1.3.13         -> v1.3.13
2026-04-26T17:40:45.2309114Z  * [new tag]           v1.3.13-build.2 -> v1.3.13-build.2
2026-04-26T17:40:45.2309988Z  * [new tag]           v1.3.14         -> v1.3.14
2026-04-26T17:40:45.2310649Z  * [new tag]           v1.3.15         -> v1.3.15
2026-04-26T17:40:45.2311287Z  * [new tag]           v1.3.16         -> v1.3.16
2026-04-26T17:40:45.2311885Z  * [new tag]           v1.3.17         -> v1.3.17
2026-04-26T17:40:45.2312522Z  * [new tag]           v1.3.18         -> v1.3.18
2026-04-26T17:40:45.2313163Z  * [new tag]           v1.3.19         -> v1.3.19
2026-04-26T17:40:45.2313912Z  * [new tag]           v1.3.2          -> v1.3.2
2026-04-26T17:40:45.2314552Z  * [new tag]           v1.3.20         -> v1.3.20
2026-04-26T17:40:45.2315184Z  * [new tag]           v1.3.21         -> v1.3.21
2026-04-26T17:40:45.2315840Z  * [new tag]           v1.3.22         -> v1.3.22
2026-04-26T17:40:45.2316502Z  * [new tag]           v1.3.23         -> v1.3.23
2026-04-26T17:40:45.2317149Z  * [new tag]           v1.3.24         -> v1.3.24
2026-04-26T17:40:45.2317818Z  * [new tag]           v1.3.25         -> v1.3.25
2026-04-26T17:40:45.2318477Z  * [new tag]           v1.3.26         -> v1.3.26
2026-04-26T17:40:45.2319136Z  * [new tag]           v1.3.27         -> v1.3.27
2026-04-26T17:40:45.2319994Z  * [new tag]           v1.3.28         -> v1.3.28
2026-04-26T17:40:45.2320641Z  * [new tag]           v1.3.29         -> v1.3.29
2026-04-26T17:40:45.2321315Z  * [new tag]           v1.3.3          -> v1.3.3
2026-04-26T17:40:45.2321973Z  * [new tag]           v1.3.30         -> v1.3.30
2026-04-26T17:40:45.2322694Z  * [new tag]           v1.3.31         -> v1.3.31
2026-04-26T17:40:45.2323352Z  * [new tag]           v1.3.32         -> v1.3.32
2026-04-26T17:40:45.2323950Z  * [new tag]           v1.3.33         -> v1.3.33
2026-04-26T17:40:45.2324553Z  * [new tag]           v1.3.34         -> v1.3.34
2026-04-26T17:40:45.2325214Z  * [new tag]           v1.3.35         -> v1.3.35
2026-04-26T17:40:45.2325877Z  * [new tag]           v1.3.36         -> v1.3.36
2026-04-26T17:40:45.2326746Z  * [new tag]           v1.3.37         -> v1.3.37
2026-04-26T17:40:45.2327402Z  * [new tag]           v1.3.38         -> v1.3.38
2026-04-26T17:40:45.2328056Z  * [new tag]           v1.3.39         -> v1.3.39
2026-04-26T17:40:45.2328725Z  * [new tag]           v1.3.4          -> v1.3.4
2026-04-26T17:40:45.2329388Z  * [new tag]           v1.3.40         -> v1.3.40
2026-04-26T17:40:45.2330272Z  * [new tag]           v1.3.41         -> v1.3.41
2026-04-26T17:40:45.2330944Z  * [new tag]           v1.3.42         -> v1.3.42
2026-04-26T17:40:45.2331617Z  * [new tag]           v1.3.43         -> v1.3.43
2026-04-26T17:40:45.2332296Z  * [new tag]           v1.3.44         -> v1.3.44
2026-04-26T17:40:45.2332938Z  * [new tag]           v1.3.45         -> v1.3.45
2026-04-26T17:40:45.2333596Z  * [new tag]           v1.3.46         -> v1.3.46
2026-04-26T17:40:45.2334271Z  * [new tag]           v1.3.47         -> v1.3.47
2026-04-26T17:40:45.2334943Z  * [new tag]           v1.3.48         -> v1.3.48
2026-04-26T17:40:45.2335711Z  * [new tag]           v1.3.49         -> v1.3.49
2026-04-26T17:40:45.2336452Z  * [new tag]           v1.3.5          -> v1.3.5
2026-04-26T17:40:45.2337191Z  * [new tag]           v1.3.5-build.2  -> v1.3.5-build.2
2026-04-26T17:40:45.2338026Z  * [new tag]           v1.3.50         -> v1.3.50
2026-04-26T17:40:45.2338690Z  * [new tag]           v1.3.51         -> v1.3.51
2026-04-26T17:40:45.2339344Z  * [new tag]           v1.3.52         -> v1.3.52
2026-04-26T17:40:45.2340257Z  * [new tag]           v1.3.53         -> v1.3.53
2026-04-26T17:40:45.2340929Z  * [new tag]           v1.3.54         -> v1.3.54
2026-04-26T17:40:45.2341559Z  * [new tag]           v1.3.55         -> v1.3.55
2026-04-26T17:40:45.2342217Z  * [new tag]           v1.3.56         -> v1.3.56
2026-04-26T17:40:45.2342859Z  * [new tag]           v1.3.57         -> v1.3.57
2026-04-26T17:40:45.2343713Z  * [new tag]           v1.3.58         -> v1.3.58
2026-04-26T17:40:45.2344395Z  * [new tag]           v1.3.59         -> v1.3.59
2026-04-26T17:40:45.2345065Z  * [new tag]           v1.3.6          -> v1.3.6
2026-04-26T17:40:45.2345744Z  * [new tag]           v1.3.60         -> v1.3.60
2026-04-26T17:40:45.2346410Z  * [new tag]           v1.3.61         -> v1.3.61
2026-04-26T17:40:45.2347086Z  * [new tag]           v1.3.62         -> v1.3.62
2026-04-26T17:40:45.2347759Z  * [new tag]           v1.3.7          -> v1.3.7
2026-04-26T17:40:45.2348443Z  * [new tag]           v1.3.8          -> v1.3.8
2026-04-26T17:40:45.2349116Z  * [new tag]           v1.3.9          -> v1.3.9
2026-04-26T17:40:45.2349930Z  * [new tag]           v1.4.40         -> v1.4.40
2026-04-26T17:40:45.2350584Z  * [new tag]           v1.5.0          -> v1.5.0
2026-04-26T17:40:45.2351220Z  * [new tag]           v1.5.2          -> v1.5.2
2026-04-26T17:40:45.2351871Z  * [new tag]           v1.5.3          -> v1.5.3
2026-04-26T17:40:45.2352530Z  * [new tag]           v1.6.0          -> v1.6.0
2026-04-26T17:40:45.2353230Z  * [new tag]           v1.7.0          -> v1.7.0
2026-04-26T17:40:45.2369213Z [command]/usr/bin/git rev-parse --verify --quiet 567d0632d0ff595427560adf716aee9297152dc8^{object}
2026-04-26T17:40:45.2390304Z 567d0632d0ff595427560adf716aee9297152dc8
2026-04-26T17:40:45.2394548Z ##[endgroup]
2026-04-26T17:40:45.2395098Z ##[group]Determining the checkout info
2026-04-26T17:40:45.2395895Z ##[endgroup]
2026-04-26T17:40:45.2402150Z [command]/usr/bin/git sparse-checkout disable
2026-04-26T17:40:45.2433210Z [command]/usr/bin/git config --local --unset-all extensions.worktreeConfig
2026-04-26T17:40:45.2455009Z ##[group]Checking out the ref
2026-04-26T17:40:45.2460011Z [command]/usr/bin/git checkout --progress --force 567d0632d0ff595427560adf716aee9297152dc8
2026-04-26T17:40:45.4694775Z Note: switching to '567d0632d0ff595427560adf716aee9297152dc8'.
2026-04-26T17:40:45.4695185Z 
2026-04-26T17:40:45.4695501Z You are in 'detached HEAD' state. You can look around, make experimental
2026-04-26T17:40:45.4697066Z changes and commit them, and you can discard any commits you make in this
2026-04-26T17:40:45.4698056Z state without impacting any branches by switching back to a branch.
2026-04-26T17:40:45.4698500Z 
2026-04-26T17:40:45.4698805Z If you want to create a new branch to retain commits you create, you may
2026-04-26T17:40:45.4699694Z do so (now or later) by using -c with the switch command. Example:
2026-04-26T17:40:45.4700037Z 
2026-04-26T17:40:45.4700137Z   git switch -c <new-branch-name>
2026-04-26T17:40:45.4700292Z 
2026-04-26T17:40:45.4700391Z Or undo this operation with:
2026-04-26T17:40:45.4700531Z 
2026-04-26T17:40:45.4700603Z   git switch -
2026-04-26T17:40:45.4700717Z 
2026-04-26T17:40:45.4700906Z Turn off this advice by setting config variable advice.detachedHead to false
2026-04-26T17:40:45.4701174Z 
2026-04-26T17:40:45.4701392Z HEAD is now at 567d0632 docs(changelog): add #807 to the auto-bump chain entry (#808)
2026-04-26T17:40:45.4713932Z ##[endgroup]
2026-04-26T17:40:45.4747785Z [command]/usr/bin/git log -1 --format=%H
2026-04-26T17:40:45.4766473Z 567d0632d0ff595427560adf716aee9297152dc8
2026-04-26T17:40:45.4854927Z ##[group]Run set -euo pipefail
2026-04-26T17:40:45.4855240Z [36;1mset -euo pipefail[0m
2026-04-26T17:40:45.4855548Z [36;1m# Switch off the detached merge-sha checkout onto a local branch[0m
2026-04-26T17:40:45.4855972Z [36;1m# tracking main so the later `git push HEAD:main` has somewhere[0m
2026-04-26T17:40:45.4856366Z [36;1m# to go. Fetch the latest main first so we bump from the tip the[0m
2026-04-26T17:40:45.4856777Z [36;1m# push will target — otherwise a concurrent PR's bump from a[0m
2026-04-26T17:40:45.4857150Z [36;1m# queued run ahead of us would get overwritten.[0m
2026-04-26T17:40:45.4857434Z [36;1mgit fetch origin main[0m
2026-04-26T17:40:45.4857675Z [36;1mgit checkout -B main origin/main[0m
2026-04-26T17:40:45.4857903Z [36;1m[0m
2026-04-26T17:40:45.4858239Z [36;1mCURRENT_CODE=$(grep -oP 'versionCode\s*=\s*\K[0-9]+' app/build.gradle.kts | head -1)[0m
2026-04-26T17:40:45.4858647Z [36;1mNEW_CODE=$(( CURRENT_CODE + 1 ))[0m
2026-04-26T17:40:45.4859069Z [36;1msed -i "s/versionCode = [0-9]*/versionCode = $NEW_CODE/" app/build.gradle.kts[0m
2026-04-26T17:40:45.4859868Z [36;1m[0m
2026-04-26T17:40:45.4860197Z [36;1mCURRENT_NAME=$(grep -oP 'versionName\s*=\s*"\K[^"]+' app/build.gradle.kts | head -1)[0m
2026-04-26T17:40:45.4860625Z [36;1mMAJOR=$(echo "$CURRENT_NAME" | cut -d. -f1)[0m
2026-04-26T17:40:45.4860926Z [36;1mMINOR=$(echo "$CURRENT_NAME" | cut -d. -f2)[0m
2026-04-26T17:40:45.4861236Z [36;1mPATCH=$(echo "$CURRENT_NAME" | cut -d. -f3)[0m
2026-04-26T17:40:45.4861523Z [36;1mNEW_PATCH=$(( PATCH + 1 ))[0m
2026-04-26T17:40:45.4861790Z [36;1mNEW_NAME="${MAJOR}.${MINOR}.${NEW_PATCH}"[0m
2026-04-26T17:40:45.4862239Z [36;1msed -i "s/versionName = \"${CURRENT_NAME}\"/versionName = \"${NEW_NAME}\"/" app/build.gradle.kts[0m
2026-04-26T17:40:45.4862653Z [36;1m[0m
2026-04-26T17:40:45.4862866Z [36;1mecho "version_name=$NEW_NAME" >> "$GITHUB_OUTPUT"[0m
2026-04-26T17:40:45.4863201Z [36;1mecho "version_code=$NEW_CODE" >> "$GITHUB_OUTPUT"[0m
2026-04-26T17:40:45.4863529Z [36;1mecho "Building v$NEW_NAME (build $NEW_CODE)"[0m
2026-04-26T17:40:45.4876149Z shell: /usr/bin/bash -e {0}
2026-04-26T17:40:45.4876376Z ##[endgroup]
2026-04-26T17:40:45.7865693Z From https://github.com/akarlin3/prismTask
2026-04-26T17:40:45.7866206Z  * branch              main       -> FETCH_HEAD
2026-04-26T17:40:45.9759877Z Switched to a new branch 'main'
2026-04-26T17:40:45.9760665Z branch 'main' set up to track 'origin/main'.
2026-04-26T17:40:45.9853753Z Building v1.7.1 (build 701)
2026-04-26T17:40:45.9899100Z ##[group]Run set -euo pipefail
2026-04-26T17:40:45.9899594Z [36;1mset -euo pipefail[0m
2026-04-26T17:40:45.9900000Z [36;1mgit config --local user.email "github-actions[bot]@users.noreply.github.com"[0m
2026-04-26T17:40:45.9900449Z [36;1mgit config --local user.name "github-actions[bot]"[0m
2026-04-26T17:40:45.9900762Z [36;1mgit add app/build.gradle.kts[0m
2026-04-26T17:40:45.9901030Z [36;1mif git diff --cached --quiet; then[0m
2026-04-26T17:40:45.9901435Z [36;1m  echo "No version bump to commit"[0m
2026-04-26T17:40:45.9901671Z [36;1m  exit 0[0m
2026-04-26T17:40:45.9901846Z [36;1mfi[0m
2026-04-26T17:40:45.9902089Z [36;1mgit commit -m "chore: bump to v1.7.1 (build 701) [skip ci]"[0m
2026-04-26T17:40:45.9902503Z [36;1m# Another PR merge can push to main while the build+Firebase upload is[0m
2026-04-26T17:40:45.9902942Z [36;1m# running, so a straight `git push` here races and silently loses the[0m
2026-04-26T17:40:45.9903438Z [36;1m# bump commit. Rebase onto the current main tip and retry on rejection.[0m
2026-04-26T17:40:45.9903788Z [36;1mfor attempt in 1 2 3 4 5; do[0m
2026-04-26T17:40:45.9904042Z [36;1m  if git push origin HEAD:main; then[0m
2026-04-26T17:40:45.9904344Z [36;1m    echo "Pushed version bump on attempt $attempt"[0m
2026-04-26T17:40:45.9904615Z [36;1m    exit 0[0m
2026-04-26T17:40:45.9904801Z [36;1m  fi[0m
2026-04-26T17:40:45.9905120Z [36;1m  echo "Push rejected on attempt $attempt; rebasing onto origin/main and retrying"[0m
2026-04-26T17:40:45.9905508Z [36;1m  git fetch origin main[0m
2026-04-26T17:40:45.9905761Z [36;1m  if ! git rebase origin/main; then[0m
2026-04-26T17:40:45.9906025Z [36;1m    git rebase --abort || true[0m
2026-04-26T17:40:45.9906368Z [36;1m    echo "::error::Rebase conflict while replaying version bump; aborting."[0m
2026-04-26T17:40:45.9906719Z [36;1m    exit 1[0m
2026-04-26T17:40:45.9906901Z [36;1m  fi[0m
2026-04-26T17:40:45.9907073Z [36;1m  sleep $((attempt * 2))[0m
2026-04-26T17:40:45.9907294Z [36;1mdone[0m
2026-04-26T17:40:45.9907542Z [36;1mecho "::error::Failed to push version bump after 5 attempts."[0m
2026-04-26T17:40:45.9907847Z [36;1mexit 1[0m
2026-04-26T17:40:45.9920343Z shell: /usr/bin/bash -e {0}
2026-04-26T17:40:45.9920584Z ##[endgroup]
2026-04-26T17:40:46.1868695Z [main efba7a77] chore: bump to v1.7.1 (build 701) [skip ci]
2026-04-26T17:40:46.1869192Z  1 file changed, 2 insertions(+), 2 deletions(-)
2026-04-26T17:40:46.9453322Z remote: error: GH006: Protected branch update failed for refs/heads/main.        
2026-04-26T17:40:46.9454181Z remote: 
2026-04-26T17:40:46.9454913Z remote: - 4 of 4 required status checks are expected.        
2026-04-26T17:40:46.9460727Z To https://github.com/akarlin3/prismTask
2026-04-26T17:40:46.9461351Z  ! [remote rejected]   HEAD -> main (protected branch hook declined)
2026-04-26T17:40:46.9462043Z error: failed to push some refs to 'https://github.com/akarlin3/prismTask'
2026-04-26T17:40:46.9471649Z Push rejected on attempt 1; rebasing onto origin/main and retrying
2026-04-26T17:40:47.2449621Z From https://github.com/akarlin3/prismTask
2026-04-26T17:40:47.2449989Z  * branch              main       -> FETCH_HEAD
2026-04-26T17:40:47.2516457Z Current branch main is up to date.
2026-04-26T17:40:49.9433549Z remote: error: GH006: Protected branch update failed for refs/heads/main.        
2026-04-26T17:40:49.9434258Z remote: 
2026-04-26T17:40:49.9434675Z remote: - 4 of 4 required status checks are expected.        
2026-04-26T17:40:49.9441839Z To https://github.com/akarlin3/prismTask
2026-04-26T17:40:49.9442557Z  ! [remote rejected]   HEAD -> main (protected branch hook declined)
2026-04-26T17:40:49.9443399Z error: failed to push some refs to 'https://github.com/akarlin3/prismTask'
2026-04-26T17:40:49.9453030Z Push rejected on attempt 2; rebasing onto origin/main and retrying
2026-04-26T17:40:50.2911713Z From https://github.com/akarlin3/prismTask
2026-04-26T17:40:50.2912273Z  * branch              main       -> FETCH_HEAD
2026-04-26T17:40:50.2992231Z Current branch main is up to date.
2026-04-26T17:40:55.0165841Z remote: error: GH006: Protected branch update failed for refs/heads/main.        
2026-04-26T17:40:55.0166732Z remote: 
2026-04-26T17:40:55.0167543Z remote: - 4 of 4 required status checks are expected.        
2026-04-26T17:40:55.0173164Z To https://github.com/akarlin3/prismTask
2026-04-26T17:40:55.0173751Z  ! [remote rejected]   HEAD -> main (protected branch hook declined)
2026-04-26T17:40:55.0174614Z error: failed to push some refs to 'https://github.com/akarlin3/prismTask'
2026-04-26T17:40:55.0186935Z Push rejected on attempt 3; rebasing onto origin/main and retrying
2026-04-26T17:40:55.3326986Z From https://github.com/akarlin3/prismTask
2026-04-26T17:40:55.3327538Z  * branch              main       -> FETCH_HEAD
2026-04-26T17:40:55.3395115Z Current branch main is up to date.
2026-04-26T17:41:02.0965572Z remote: error: GH006: Protected branch update failed for refs/heads/main.        
2026-04-26T17:41:02.0966492Z remote: 
2026-04-26T17:41:02.0967306Z remote: - 4 of 4 required status checks are expected.        
2026-04-26T17:41:02.0973146Z To https://github.com/akarlin3/prismTask
2026-04-26T17:41:02.0973764Z  ! [remote rejected]   HEAD -> main (protected branch hook declined)
2026-04-26T17:41:02.0974282Z error: failed to push some refs to 'https://github.com/akarlin3/prismTask'
2026-04-26T17:41:02.0983618Z Push rejected on attempt 4; rebasing onto origin/main and retrying
2026-04-26T17:41:02.4219944Z From https://github.com/akarlin3/prismTask
2026-04-26T17:41:02.4220375Z  * branch              main       -> FETCH_HEAD
2026-04-26T17:41:02.4287442Z Current branch main is up to date.
2026-04-26T17:41:11.1535681Z remote: error: GH006: Protected branch update failed for refs/heads/main.        
2026-04-26T17:41:11.1536253Z remote: 
2026-04-26T17:41:11.1536615Z remote: - 4 of 4 required status checks are expected.        
2026-04-26T17:41:11.1545018Z To https://github.com/akarlin3/prismTask
2026-04-26T17:41:11.1545649Z  ! [remote rejected]   HEAD -> main (protected branch hook declined)
2026-04-26T17:41:11.1546118Z error: failed to push some refs to 'https://github.com/akarlin3/prismTask'
2026-04-26T17:41:11.1555755Z Push rejected on attempt 5; rebasing onto origin/main and retrying
2026-04-26T17:41:11.4514219Z From https://github.com/akarlin3/prismTask
2026-04-26T17:41:11.4514568Z  * branch              main       -> FETCH_HEAD
2026-04-26T17:41:11.4583436Z Current branch main is up to date.
2026-04-26T17:41:21.4629715Z ##[error]Failed to push version bump after 5 attempts.
2026-04-26T17:41:21.4637630Z ##[error]Process completed with exit code 1.
2026-04-26T17:41:21.4775926Z Post job cleanup.
2026-04-26T17:41:21.5632505Z [command]/usr/bin/git version
2026-04-26T17:41:21.5664302Z git version 2.53.0
2026-04-26T17:41:21.5710752Z Temporarily overriding HOME='/home/runner/work/_temp/637e6f49-3e63-4ac2-8b3a-55d6cb73e9c8' before making global git config changes
2026-04-26T17:41:21.5712029Z Adding repository directory to the temporary git global config as a safe directory
2026-04-26T17:41:21.5716671Z [command]/usr/bin/git config --global --add safe.directory /home/runner/work/prismTask/prismTask
2026-04-26T17:41:21.5745589Z [command]/usr/bin/git config --local --name-only --get-regexp core\.sshCommand
2026-04-26T17:41:21.5772356Z [command]/usr/bin/git submodule foreach --recursive sh -c "git config --local --name-only --get-regexp 'core\.sshCommand' && git config --local --unset-all 'core.sshCommand' || :"
2026-04-26T17:41:21.5944747Z [command]/usr/bin/git config --local --name-only --get-regexp http\.https\:\/\/github\.com\/\.extraheader
2026-04-26T17:41:21.5962557Z http.https://github.com/.extraheader
2026-04-26T17:41:21.5973432Z [command]/usr/bin/git config --local --unset-all http.https://github.com/.extraheader
2026-04-26T17:41:21.5998666Z [command]/usr/bin/git submodule foreach --recursive sh -c "git config --local --name-only --get-regexp 'http\.https\:\/\/github\.com\/\.extraheader' && git config --local --unset-all 'http.https://github.com/.extraheader' || :"
2026-04-26T17:41:21.6166280Z [command]/usr/bin/git config --local --name-only --get-regexp ^includeIf\.gitdir:
2026-04-26T17:41:21.6191657Z [command]/usr/bin/git submodule foreach --recursive git config --local --show-origin --name-only --get-regexp remote.origin.url
2026-04-26T17:41:21.6454747Z Cleaning up orphan processes
2026-04-26T17:41:21.6681250Z ##[warning]Node.js 20 actions are deprecated. The following actions are running on Node.js 20 and may not work as expected: actions/checkout@v4. Actions will be forced to run with Node.js 24 by default starting June 2nd, 2026. Node.js 20 will be removed from the runner on September 16th, 2026. Please check if updated versions of these actions are available that support Node.js 24. To opt into Node.js 24 now, set the FORCE_JAVASCRIPT_ACTIONS_TO_NODE24=true environment variable on the runner or in your workflow file. Once Node.js 24 becomes the default, you can temporarily opt out by setting ACTIONS_ALLOW_USE_UNSECURE_NODE_VERSION=true. For more information see: https://github.blog/changelog/2025-09-19-deprecation-of-node-20-on-github-actions-runners/
