=== CI FAILURE ===
Workflow:      Version Bump & Firebase Distribute
Workflow file: akarlin3/prismTask/.github/workflows/version-bump-and-distribute.yml@refs/heads/main
Job(s):        Version Bump, Build & Firebase Distribute
Run ID:        24949805128
Run attempt:   1
Run URL:       https://github.com/akarlin3/prismTask/actions/runs/24949805128
Commit:        d3e8e50095749d6bdbfec29d96022b582c6e199f
Branch:        main
Event:         workflow_run
Actor:         akarlin3
Runner OS:     Linux
Timestamp:     2026-04-26T06:08:37.280Z

Failed steps:
  - Version Bump, Build & Firebase Distribute: #5 Decode signing keystore

=== FAILED JOB LOG ===

--- Job: Version Bump, Build & Firebase Distribute (id 73057795767) ---
2026-04-26T06:08:06.7560295Z Current runner version: '2.333.1'
2026-04-26T06:08:06.7611702Z ##[group]Runner Image Provisioner
2026-04-26T06:08:06.7612641Z Hosted Compute Agent
2026-04-26T06:08:06.7613191Z Version: 20260213.493
2026-04-26T06:08:06.7613808Z Commit: 5c115507f6dd24b8de37d8bbe0bb4509d0cc0fa3
2026-04-26T06:08:06.7614595Z Build Date: 2026-02-13T00:28:41Z
2026-04-26T06:08:06.7615231Z Worker ID: {9d718358-cd0b-44a8-867b-e7247a51aa8e}
2026-04-26T06:08:06.7615914Z Azure Region: eastus
2026-04-26T06:08:06.7616496Z ##[endgroup]
2026-04-26T06:08:06.7618126Z ##[group]Operating System
2026-04-26T06:08:06.7618707Z Ubuntu
2026-04-26T06:08:06.7619565Z 24.04.4
2026-04-26T06:08:06.7620066Z LTS
2026-04-26T06:08:06.7620532Z ##[endgroup]
2026-04-26T06:08:06.7621121Z ##[group]Runner Image
2026-04-26T06:08:06.7621705Z Image: ubuntu-24.04
2026-04-26T06:08:06.7622197Z Version: 20260413.86.1
2026-04-26T06:08:06.7623450Z Included Software: https://github.com/actions/runner-images/blob/ubuntu24/20260413.86/images/ubuntu/Ubuntu2404-Readme.md
2026-04-26T06:08:06.7624852Z Image Release: https://github.com/actions/runner-images/releases/tag/ubuntu24%2F20260413.86
2026-04-26T06:08:06.7625794Z ##[endgroup]
2026-04-26T06:08:06.7626972Z ##[group]GITHUB_TOKEN Permissions
2026-04-26T06:08:06.7629448Z Actions: read
2026-04-26T06:08:06.7630051Z Contents: write
2026-04-26T06:08:06.7630523Z Metadata: read
2026-04-26T06:08:06.7631209Z PullRequests: read
2026-04-26T06:08:06.7631778Z ##[endgroup]
2026-04-26T06:08:06.7633842Z Secret source: Actions
2026-04-26T06:08:06.7634985Z Prepare workflow directory
2026-04-26T06:08:06.7956856Z Prepare all required actions
2026-04-26T06:08:06.7995375Z Getting action download info
2026-04-26T06:08:07.1311909Z Download action repository 'actions/checkout@v4' (SHA:34e114876b0b11c390a56381ad16ebd13914f8d5)
2026-04-26T06:08:07.2256799Z Download action repository 'actions/setup-java@v4' (SHA:c1e323688fd81a25caa38c78aa6df2d33d3e20d9)
2026-04-26T06:08:07.5234550Z Download action repository 'gradle/actions@v4' (SHA:ed408507eac070d1f99cc633dbcf757c94c7933a)
2026-04-26T06:08:08.2173263Z Download action repository 'actions/upload-artifact@v4' (SHA:ea165f8d65b6e75b540449e92b4886f43607fa02)
2026-04-26T06:08:08.4828227Z Complete job name: Version Bump, Build & Firebase Distribute
2026-04-26T06:08:08.5651650Z ##[group]Run set -euo pipefail
2026-04-26T06:08:08.5653079Z [36;1mset -euo pipefail[0m
2026-04-26T06:08:08.5654257Z [36;1mif [ "$EVENT_NAME" = "workflow_dispatch" ]; then[0m
2026-04-26T06:08:08.5656005Z [36;1m  # Manual dispatch path — use the input if provided, otherwise[0m
2026-04-26T06:08:08.5657700Z [36;1m  # walk the latest merged PR on main and target that.[0m
2026-04-26T06:08:08.5659272Z [36;1m  if [ -n "$DISPATCH_PR" ]; then[0m
2026-04-26T06:08:08.5660688Z [36;1m    echo "pr_number=$DISPATCH_PR" >> "$GITHUB_OUTPUT"[0m
2026-04-26T06:08:08.5662127Z [36;1m    echo "found=true" >> "$GITHUB_OUTPUT"[0m
2026-04-26T06:08:08.5663500Z [36;1m    echo "Using PR #$DISPATCH_PR from dispatch input."[0m
2026-04-26T06:08:08.5664896Z [36;1m    exit 0[0m
2026-04-26T06:08:08.5665848Z [36;1m  fi[0m
2026-04-26T06:08:08.5667018Z [36;1m  PR_NUMBER=$(gh pr list --repo "$REPO" --state merged --base main \[0m
2026-04-26T06:08:08.5668878Z [36;1m    --limit 1 --json number -q '.[0].number // empty')[0m
2026-04-26T06:08:08.5670285Z [36;1m  if [ -z "$PR_NUMBER" ]; then[0m
2026-04-26T06:08:08.5671901Z [36;1m    echo "::warning::No merged PRs found on main. Cannot resolve PR; skipping."[0m
2026-04-26T06:08:08.5673625Z [36;1m    echo "found=false" >> "$GITHUB_OUTPUT"[0m
2026-04-26T06:08:08.5674775Z [36;1m    exit 0[0m
2026-04-26T06:08:08.5675708Z [36;1m  fi[0m
2026-04-26T06:08:08.5676771Z [36;1m  echo "pr_number=$PR_NUMBER" >> "$GITHUB_OUTPUT"[0m
2026-04-26T06:08:08.5678080Z [36;1m  echo "found=true" >> "$GITHUB_OUTPUT"[0m
2026-04-26T06:08:08.5679816Z [36;1m  echo "Resolved most-recent merged PR #$PR_NUMBER for dispatch run."[0m
2026-04-26T06:08:08.5681344Z [36;1m  exit 0[0m
2026-04-26T06:08:08.5682165Z [36;1mfi[0m
2026-04-26T06:08:08.5683307Z [36;1m[0m
2026-04-26T06:08:08.5684387Z [36;1m# Path 1 — fast path: pull_requests was populated.[0m
2026-04-26T06:08:08.5685996Z [36;1mPR_NUMBER=$(echo "$PR_JSON" | jq -r '.[0].number // empty')[0m
2026-04-26T06:08:08.5687451Z [36;1mif [ -n "$PR_NUMBER" ]; then[0m
2026-04-26T06:08:08.5688753Z [36;1m  echo "pr_number=$PR_NUMBER" >> "$GITHUB_OUTPUT"[0m
2026-04-26T06:08:08.5690180Z [36;1m  echo "found=true" >> "$GITHUB_OUTPUT"[0m
2026-04-26T06:08:08.5691688Z [36;1m  echo "Resolved PR #$PR_NUMBER from workflow_run payload."[0m
2026-04-26T06:08:08.5693092Z [36;1m  exit 0[0m
2026-04-26T06:08:08.5693949Z [36;1mfi[0m
2026-04-26T06:08:08.5694975Z [36;1m[0m
2026-04-26T06:08:08.5696121Z [36;1m# Path 2 — fallback: look the PR up by HEAD SHA. Works in both[0m
2026-04-26T06:08:08.5697797Z [36;1m# the pre-merge case (auto-merge.yml fires before the squash[0m
2026-04-26T06:08:08.5699738Z [36;1m# actually happens; the open PR still has this commit at its[0m
2026-04-26T06:08:08.5701538Z [36;1m# head) and the post-merge case (GitHub keeps the commit→PR[0m
2026-04-26T06:08:08.5703216Z [36;1m# mapping after squash, so we still resolve correctly even if[0m
2026-04-26T06:08:08.5704990Z [36;1m# the source branch was deleted). The downstream "Wait for PR[0m
2026-04-26T06:08:08.5706702Z [36;1m# to merge" step handles the timing — we only need the PR[0m
2026-04-26T06:08:08.5708088Z [36;1m# number here, not its merge state.[0m
2026-04-26T06:08:08.5709434Z [36;1m#[0m
2026-04-26T06:08:08.5710645Z [36;1m# Deliberately NOT falling back to "most recent merged PR" —[0m
2026-04-26T06:08:08.5712264Z [36;1m# that race-condition-bumps a previously-merged PR if[0m
2026-04-26T06:08:08.5713835Z [36;1m# workflow_run fires before the queued merge lands.[0m
2026-04-26T06:08:08.5715193Z [36;1mif [ -z "$HEAD_SHA" ]; then[0m
2026-04-26T06:08:08.5716719Z [36;1m  echo "::warning::workflow_run.head_sha is empty; cannot resolve PR. Skipping."[0m
2026-04-26T06:08:08.5718460Z [36;1m  echo "found=false" >> "$GITHUB_OUTPUT"[0m
2026-04-26T06:08:08.5719817Z [36;1m  exit 0[0m
2026-04-26T06:08:08.5720644Z [36;1mfi[0m
2026-04-26T06:08:08.5721533Z [36;1mPR_NUMBER=$(gh api \[0m
2026-04-26T06:08:08.5722936Z [36;1m  "repos/$REPO/commits/$HEAD_SHA/pulls" \[0m
2026-04-26T06:08:08.5724261Z [36;1m  -H "Accept: application/vnd.github+json" \[0m
2026-04-26T06:08:08.5725775Z [36;1m  --jq 'sort_by(.number) | reverse | .[0].number // empty')[0m
2026-04-26T06:08:08.5727203Z [36;1mif [ -z "$PR_NUMBER" ]; then[0m
2026-04-26T06:08:08.5728770Z [36;1m  echo "::warning::No PR found for commit $HEAD_SHA via commits/{sha}/pulls. Skipping."[0m
2026-04-26T06:08:08.5730701Z [36;1m  echo "found=false" >> "$GITHUB_OUTPUT"[0m
2026-04-26T06:08:08.5731906Z [36;1m  exit 0[0m
2026-04-26T06:08:08.5732739Z [36;1mfi[0m
2026-04-26T06:08:08.5733806Z [36;1mecho "pr_number=$PR_NUMBER" >> "$GITHUB_OUTPUT"[0m
2026-04-26T06:08:08.5735220Z [36;1mecho "found=true" >> "$GITHUB_OUTPUT"[0m
2026-04-26T06:08:08.5736733Z [36;1mecho "Resolved PR #$PR_NUMBER from commits/$HEAD_SHA/pulls fallback."[0m
2026-04-26T06:08:08.5768066Z shell: /usr/bin/bash -e {0}
2026-04-26T06:08:08.5769560Z env:
2026-04-26T06:08:08.5771179Z   GH_TOKEN: ***
2026-04-26T06:08:08.5772094Z   REPO: akarlin3/prismTask
2026-04-26T06:08:08.5773118Z   EVENT_NAME: workflow_run
2026-04-26T06:08:08.5774166Z   PR_JSON: []
2026-04-26T06:08:08.5775138Z   HEAD_SHA: ad59e4b271cf4fc7e3caa309cdc67672d3af4058
2026-04-26T06:08:08.5776420Z   DISPATCH_PR: 
2026-04-26T06:08:08.5777277Z ##[endgroup]
2026-04-26T06:08:08.9247220Z Resolved PR #803 from commits/ad59e4b271cf4fc7e3caa309cdc67672d3af4058/pulls fallback.
2026-04-26T06:08:08.9466917Z ##[group]Run set -euo pipefail
2026-04-26T06:08:08.9467952Z [36;1mset -euo pipefail[0m
2026-04-26T06:08:08.9469294Z [36;1m# gh pr merge --auto may queue the merge until required checks[0m
2026-04-26T06:08:08.9470732Z [36;1m# pass. Poll until MERGED, CLOSED, or timeout.[0m
2026-04-26T06:08:08.9471853Z [36;1mfor i in $(seq 1 60); do[0m
2026-04-26T06:08:08.9473326Z [36;1m  STATE=$(gh pr view "$PR_NUMBER" --repo "$REPO" --json state -q '.state')[0m
2026-04-26T06:08:08.9474682Z [36;1m  case "$STATE" in[0m
2026-04-26T06:08:08.9475522Z [36;1m    MERGED)[0m
2026-04-26T06:08:08.9476890Z [36;1m      MERGE_SHA=$(gh pr view "$PR_NUMBER" --repo "$REPO" --json mergeCommit -q '.mergeCommit.oid')[0m
2026-04-26T06:08:08.9478558Z [36;1m      echo "merged=true" >> "$GITHUB_OUTPUT"[0m
2026-04-26T06:08:08.9479893Z [36;1m      echo "merge_sha=$MERGE_SHA" >> "$GITHUB_OUTPUT"[0m
2026-04-26T06:08:08.9481077Z [36;1m      echo "PR merged at $MERGE_SHA"[0m
2026-04-26T06:08:08.9482116Z [36;1m      exit 0[0m
2026-04-26T06:08:08.9482871Z [36;1m      ;;[0m
2026-04-26T06:08:08.9483596Z [36;1m    CLOSED)[0m
2026-04-26T06:08:08.9484478Z [36;1m      echo "merged=false" >> "$GITHUB_OUTPUT"[0m
2026-04-26T06:08:08.9485829Z [36;1m      echo "PR closed without merging — skipping distribution."[0m
2026-04-26T06:08:08.9487067Z [36;1m      exit 0[0m
2026-04-26T06:08:08.9487840Z [36;1m      ;;[0m
2026-04-26T06:08:08.9488563Z [36;1m    *)[0m
2026-04-26T06:08:08.9489839Z [36;1m      echo "PR state=$STATE (attempt $i/60); sleeping 10s..."[0m
2026-04-26T06:08:08.9491038Z [36;1m      sleep 10[0m
2026-04-26T06:08:08.9491832Z [36;1m      ;;[0m
2026-04-26T06:08:08.9492551Z [36;1m  esac[0m
2026-04-26T06:08:08.9493270Z [36;1mdone[0m
2026-04-26T06:08:08.9494099Z [36;1mecho "merged=false" >> "$GITHUB_OUTPUT"[0m
2026-04-26T06:08:08.9495652Z [36;1mecho "::warning::PR did not reach MERGED within 10 minutes — skipping distribution."[0m
2026-04-26T06:08:08.9521282Z shell: /usr/bin/bash -e {0}
2026-04-26T06:08:08.9522157Z env:
2026-04-26T06:08:08.9523194Z   GH_TOKEN: ***
2026-04-26T06:08:08.9523925Z   PR_NUMBER: 803
2026-04-26T06:08:08.9524685Z   REPO: akarlin3/prismTask
2026-04-26T06:08:08.9525525Z ##[endgroup]
2026-04-26T06:08:09.3883591Z PR merged at d3e8e50095749d6bdbfec29d96022b582c6e199f
2026-04-26T06:08:09.4097918Z ##[group]Run actions/checkout@v4
2026-04-26T06:08:09.4098853Z with:
2026-04-26T06:08:09.4100334Z   token: ***
2026-04-26T06:08:09.4101100Z   ref: d3e8e50095749d6bdbfec29d96022b582c6e199f
2026-04-26T06:08:09.4102058Z   fetch-depth: 0
2026-04-26T06:08:09.4102814Z   repository: akarlin3/prismTask
2026-04-26T06:08:09.4103663Z   ssh-strict: true
2026-04-26T06:08:09.4104351Z   ssh-user: git
2026-04-26T06:08:09.4105059Z   persist-credentials: true
2026-04-26T06:08:09.4105834Z   clean: true
2026-04-26T06:08:09.4106542Z   sparse-checkout-cone-mode: true
2026-04-26T06:08:09.4107399Z   fetch-tags: false
2026-04-26T06:08:09.4108098Z   show-progress: true
2026-04-26T06:08:09.4108809Z   lfs: false
2026-04-26T06:08:09.4109681Z   submodules: false
2026-04-26T06:08:09.4110408Z   set-safe-directory: true
2026-04-26T06:08:09.4111182Z ##[endgroup]
2026-04-26T06:08:09.5196829Z Syncing repository: akarlin3/prismTask
2026-04-26T06:08:09.5199513Z ##[group]Getting Git version info
2026-04-26T06:08:09.5200785Z Working directory is '/home/runner/work/prismTask/prismTask'
2026-04-26T06:08:09.5202477Z [command]/usr/bin/git version
2026-04-26T06:08:09.5241567Z git version 2.53.0
2026-04-26T06:08:09.5267233Z ##[endgroup]
2026-04-26T06:08:09.5284265Z Temporarily overriding HOME='/home/runner/work/_temp/247f5276-cdf2-418b-9ca1-d9c3d14e9682' before making global git config changes
2026-04-26T06:08:09.5287318Z Adding repository directory to the temporary git global config as a safe directory
2026-04-26T06:08:09.5290207Z [command]/usr/bin/git config --global --add safe.directory /home/runner/work/prismTask/prismTask
2026-04-26T06:08:09.5323586Z Deleting the contents of '/home/runner/work/prismTask/prismTask'
2026-04-26T06:08:09.5327450Z ##[group]Initializing the repository
2026-04-26T06:08:09.5331756Z [command]/usr/bin/git init /home/runner/work/prismTask/prismTask
2026-04-26T06:08:09.5392171Z hint: Using 'master' as the name for the initial branch. This default branch name
2026-04-26T06:08:09.5394147Z hint: will change to "main" in Git 3.0. To configure the initial branch name
2026-04-26T06:08:09.5396026Z hint: to use in all of your new repositories, which will suppress this warning,
2026-04-26T06:08:09.5397292Z hint: call:
2026-04-26T06:08:09.5397994Z hint:
2026-04-26T06:08:09.5398917Z hint: 	git config --global init.defaultBranch <name>
2026-04-26T06:08:09.5400374Z hint:
2026-04-26T06:08:09.5401352Z hint: Names commonly chosen instead of 'master' are 'main', 'trunk' and
2026-04-26T06:08:09.5402990Z hint: 'development'. The just-created branch can be renamed via this command:
2026-04-26T06:08:09.5404267Z hint:
2026-04-26T06:08:09.5404945Z hint: 	git branch -m <name>
2026-04-26T06:08:09.5405909Z hint:
2026-04-26T06:08:09.5407022Z hint: Disable this message with "git config set advice.defaultBranchName false"
2026-04-26T06:08:09.5408827Z Initialized empty Git repository in /home/runner/work/prismTask/prismTask/.git/
2026-04-26T06:08:09.5412005Z [command]/usr/bin/git remote add origin https://github.com/akarlin3/prismTask
2026-04-26T06:08:09.5442606Z ##[endgroup]
2026-04-26T06:08:09.5443858Z ##[group]Disabling automatic garbage collection
2026-04-26T06:08:09.5446847Z [command]/usr/bin/git config --local gc.auto 0
2026-04-26T06:08:09.5484824Z ##[endgroup]
2026-04-26T06:08:09.5485997Z ##[group]Setting up auth
2026-04-26T06:08:09.5487223Z [command]/usr/bin/git config --local --name-only --get-regexp core\.sshCommand
2026-04-26T06:08:09.5517824Z [command]/usr/bin/git submodule foreach --recursive sh -c "git config --local --name-only --get-regexp 'core\.sshCommand' && git config --local --unset-all 'core.sshCommand' || :"
2026-04-26T06:08:09.5802783Z [command]/usr/bin/git config --local --name-only --get-regexp http\.https\:\/\/github\.com\/\.extraheader
2026-04-26T06:08:09.5835265Z [command]/usr/bin/git submodule foreach --recursive sh -c "git config --local --name-only --get-regexp 'http\.https\:\/\/github\.com\/\.extraheader' && git config --local --unset-all 'http.https://github.com/.extraheader' || :"
2026-04-26T06:08:09.6073183Z [command]/usr/bin/git config --local --name-only --get-regexp ^includeIf\.gitdir:
2026-04-26T06:08:09.6106264Z [command]/usr/bin/git submodule foreach --recursive git config --local --show-origin --name-only --get-regexp remote.origin.url
2026-04-26T06:08:09.6350785Z [command]/usr/bin/git config --local http.https://github.com/.extraheader AUTHORIZATION: basic ***
2026-04-26T06:08:09.6390451Z ##[endgroup]
2026-04-26T06:08:09.6392806Z ##[group]Fetching the repository
2026-04-26T06:08:09.6401731Z [command]/usr/bin/git -c protocol.version=2 fetch --prune --no-recurse-submodules origin +refs/heads/*:refs/remotes/origin/* +refs/tags/*:refs/tags/*
2026-04-26T06:08:27.9247464Z From https://github.com/akarlin3/prismTask
2026-04-26T06:08:27.9248278Z  * [new branch]        chore/version-code-700 -> origin/chore/version-code-700
2026-04-26T06:08:27.9248970Z  * [new branch]        ci-logs                -> origin/ci-logs
2026-04-26T06:08:27.9250046Z  * [new branch]        main                   -> origin/main
2026-04-26T06:08:27.9250975Z  * [new branch]        v0.1.0-legacy          -> origin/v0.1.0-legacy
2026-04-26T06:08:27.9251912Z  * [new branch]        v0.2.0-legacy          -> origin/v0.2.0-legacy
2026-04-26T06:08:27.9252677Z  * [new branch]        v0.3.0-legacy          -> origin/v0.3.0-legacy
2026-04-26T06:08:27.9253478Z  * [new branch]        v0.4.0-legacy          -> origin/v0.4.0-legacy
2026-04-26T06:08:27.9254242Z  * [new branch]        v0.5.0-legacy          -> origin/v0.5.0-legacy
2026-04-26T06:08:27.9255060Z  * [new branch]        v0.6.0-legacy          -> origin/v0.6.0-legacy
2026-04-26T06:08:27.9255826Z  * [new branch]        v0.7.0-legacy          -> origin/v0.7.0-legacy
2026-04-26T06:08:27.9256544Z  * [new tag]           v0.1.0                 -> v0.1.0
2026-04-26T06:08:27.9257196Z  * [new tag]           v0.2.0                 -> v0.2.0
2026-04-26T06:08:27.9257823Z  * [new tag]           v0.3.0                 -> v0.3.0
2026-04-26T06:08:27.9258536Z  * [new tag]           v0.4.0                 -> v0.4.0
2026-04-26T06:08:27.9259377Z  * [new tag]           v0.5.0                 -> v0.5.0
2026-04-26T06:08:27.9260459Z  * [new tag]           v0.7.0                 -> v0.7.0
2026-04-26T06:08:27.9261119Z  * [new tag]           v0.7.12                -> v0.7.12
2026-04-26T06:08:27.9261758Z  * [new tag]           v0.7.13                -> v0.7.13
2026-04-26T06:08:27.9262391Z  * [new tag]           v0.7.14                -> v0.7.14
2026-04-26T06:08:27.9263025Z  * [new tag]           v0.7.15                -> v0.7.15
2026-04-26T06:08:27.9263661Z  * [new tag]           v0.7.16                -> v0.7.16
2026-04-26T06:08:27.9264281Z  * [new tag]           v0.7.17                -> v0.7.17
2026-04-26T06:08:27.9264990Z  * [new tag]           v0.7.17-build.2        -> v0.7.17-build.2
2026-04-26T06:08:27.9265715Z  * [new tag]           v0.7.17-build.3        -> v0.7.17-build.3
2026-04-26T06:08:27.9266417Z  * [new tag]           v0.7.17-build.4        -> v0.7.17-build.4
2026-04-26T06:08:27.9267110Z  * [new tag]           v0.7.17-build.5        -> v0.7.17-build.5
2026-04-26T06:08:27.9267841Z  * [new tag]           v0.7.17-build.6        -> v0.7.17-build.6
2026-04-26T06:08:27.9268565Z  * [new tag]           v0.7.17-build.7        -> v0.7.17-build.7
2026-04-26T06:08:27.9270073Z  * [new tag]           v0.7.17-build.8        -> v0.7.17-build.8
2026-04-26T06:08:27.9270892Z  * [new tag]           v0.7.17-build.9        -> v0.7.17-build.9
2026-04-26T06:08:27.9271686Z  * [new tag]           v0.7.18                -> v0.7.18
2026-04-26T06:08:27.9272441Z  * [new tag]           v0.7.18-build.2        -> v0.7.18-build.2
2026-04-26T06:08:27.9273146Z  * [new tag]           v0.7.18-build.3        -> v0.7.18-build.3
2026-04-26T06:08:27.9273872Z  * [new tag]           v0.7.18-build.4        -> v0.7.18-build.4
2026-04-26T06:08:27.9274586Z  * [new tag]           v0.7.19                -> v0.7.19
2026-04-26T06:08:27.9275244Z  * [new tag]           v0.7.19-build.2        -> v0.7.19-build.2
2026-04-26T06:08:27.9276129Z  * [new tag]           v0.7.20                -> v0.7.20
2026-04-26T06:08:27.9276799Z  * [new tag]           v0.7.20-build.2        -> v0.7.20-build.2
2026-04-26T06:08:27.9277484Z  * [new tag]           v0.7.20-build.3        -> v0.7.20-build.3
2026-04-26T06:08:27.9278169Z  * [new tag]           v0.7.20-build.4        -> v0.7.20-build.4
2026-04-26T06:08:27.9278827Z  * [new tag]           v0.8.0                 -> v0.8.0
2026-04-26T06:08:27.9279663Z  * [new tag]           v0.8.0-build.2         -> v0.8.0-build.2
2026-04-26T06:08:27.9280329Z  * [new tag]           v0.8.1                 -> v0.8.1
2026-04-26T06:08:27.9280972Z  * [new tag]           v0.8.10                -> v0.8.10
2026-04-26T06:08:27.9281639Z  * [new tag]           v0.8.11                -> v0.8.11
2026-04-26T06:08:27.9282274Z  * [new tag]           v0.8.12                -> v0.8.12
2026-04-26T06:08:27.9282883Z  * [new tag]           v0.8.13                -> v0.8.13
2026-04-26T06:08:27.9283500Z  * [new tag]           v0.8.14                -> v0.8.14
2026-04-26T06:08:27.9284128Z  * [new tag]           v0.8.15                -> v0.8.15
2026-04-26T06:08:27.9284750Z  * [new tag]           v0.8.2                 -> v0.8.2
2026-04-26T06:08:27.9285373Z  * [new tag]           v0.8.3                 -> v0.8.3
2026-04-26T06:08:27.9285989Z  * [new tag]           v0.8.4                 -> v0.8.4
2026-04-26T06:08:27.9286601Z  * [new tag]           v0.8.5                 -> v0.8.5
2026-04-26T06:08:27.9287189Z  * [new tag]           v0.8.6                 -> v0.8.6
2026-04-26T06:08:27.9287743Z  * [new tag]           v0.8.7                 -> v0.8.7
2026-04-26T06:08:27.9288315Z  * [new tag]           v0.8.8                 -> v0.8.8
2026-04-26T06:08:27.9288874Z  * [new tag]           v0.8.9                 -> v0.8.9
2026-04-26T06:08:27.9289637Z  * [new tag]           v0.9.1                 -> v0.9.1
2026-04-26T06:08:27.9290221Z  * [new tag]           v0.9.2                 -> v0.9.2
2026-04-26T06:08:27.9290815Z  * [new tag]           v1.0.1                 -> v1.0.1
2026-04-26T06:08:27.9291462Z  * [new tag]           v1.0.10                -> v1.0.10
2026-04-26T06:08:27.9292259Z  * [new tag]           v1.0.11                -> v1.0.11
2026-04-26T06:08:27.9292864Z  * [new tag]           v1.0.12                -> v1.0.12
2026-04-26T06:08:27.9293478Z  * [new tag]           v1.0.13                -> v1.0.13
2026-04-26T06:08:27.9294210Z  * [new tag]           v1.0.2                 -> v1.0.2
2026-04-26T06:08:27.9294854Z  * [new tag]           v1.0.3                 -> v1.0.3
2026-04-26T06:08:27.9295448Z  * [new tag]           v1.0.4                 -> v1.0.4
2026-04-26T06:08:27.9296056Z  * [new tag]           v1.0.5                 -> v1.0.5
2026-04-26T06:08:27.9296668Z  * [new tag]           v1.0.6                 -> v1.0.6
2026-04-26T06:08:27.9297262Z  * [new tag]           v1.0.7                 -> v1.0.7
2026-04-26T06:08:27.9297889Z  * [new tag]           v1.0.8                 -> v1.0.8
2026-04-26T06:08:27.9298526Z  * [new tag]           v1.0.9                 -> v1.0.9
2026-04-26T06:08:27.9299326Z  * [new tag]           v1.1.1                 -> v1.1.1
2026-04-26T06:08:27.9300038Z  * [new tag]           v1.1.1-build.2         -> v1.1.1-build.2
2026-04-26T06:08:27.9300768Z  * [new tag]           v1.1.1-build.3         -> v1.1.1-build.3
2026-04-26T06:08:27.9301453Z  * [new tag]           v1.1.1-build.4         -> v1.1.1-build.4
2026-04-26T06:08:27.9302131Z  * [new tag]           v1.1.10                -> v1.1.10
2026-04-26T06:08:27.9302782Z  * [new tag]           v1.1.11                -> v1.1.11
2026-04-26T06:08:27.9303387Z  * [new tag]           v1.1.12                -> v1.1.12
2026-04-26T06:08:27.9304034Z  * [new tag]           v1.1.2                 -> v1.1.2
2026-04-26T06:08:27.9304649Z  * [new tag]           v1.1.3                 -> v1.1.3
2026-04-26T06:08:27.9305300Z  * [new tag]           v1.1.4                 -> v1.1.4
2026-04-26T06:08:27.9305884Z  * [new tag]           v1.1.5                 -> v1.1.5
2026-04-26T06:08:27.9306474Z  * [new tag]           v1.1.6                 -> v1.1.6
2026-04-26T06:08:27.9307240Z  * [new tag]           v1.1.7                 -> v1.1.7
2026-04-26T06:08:27.9307874Z  * [new tag]           v1.1.8                 -> v1.1.8
2026-04-26T06:08:27.9308477Z  * [new tag]           v1.1.9                 -> v1.1.9
2026-04-26T06:08:27.9309227Z  * [new tag]           v1.3.0                 -> v1.3.0
2026-04-26T06:08:27.9309854Z  * [new tag]           v1.3.1                 -> v1.3.1
2026-04-26T06:08:27.9310475Z  * [new tag]           v1.3.10                -> v1.3.10
2026-04-26T06:08:27.9311088Z  * [new tag]           v1.3.11                -> v1.3.11
2026-04-26T06:08:27.9311723Z  * [new tag]           v1.3.11-build.2        -> v1.3.11-build.2
2026-04-26T06:08:27.9312376Z  * [new tag]           v1.3.12                -> v1.3.12
2026-04-26T06:08:27.9312987Z  * [new tag]           v1.3.13                -> v1.3.13
2026-04-26T06:08:27.9313610Z  * [new tag]           v1.3.13-build.2        -> v1.3.13-build.2
2026-04-26T06:08:27.9314314Z  * [new tag]           v1.3.14                -> v1.3.14
2026-04-26T06:08:27.9314929Z  * [new tag]           v1.3.15                -> v1.3.15
2026-04-26T06:08:27.9315531Z  * [new tag]           v1.3.16                -> v1.3.16
2026-04-26T06:08:27.9316216Z  * [new tag]           v1.3.17                -> v1.3.17
2026-04-26T06:08:27.9316822Z  * [new tag]           v1.3.18                -> v1.3.18
2026-04-26T06:08:27.9317415Z  * [new tag]           v1.3.19                -> v1.3.19
2026-04-26T06:08:27.9318006Z  * [new tag]           v1.3.2                 -> v1.3.2
2026-04-26T06:08:27.9318608Z  * [new tag]           v1.3.20                -> v1.3.20
2026-04-26T06:08:27.9319371Z  * [new tag]           v1.3.21                -> v1.3.21
2026-04-26T06:08:27.9319975Z  * [new tag]           v1.3.22                -> v1.3.22
2026-04-26T06:08:27.9320586Z  * [new tag]           v1.3.23                -> v1.3.23
2026-04-26T06:08:27.9321186Z  * [new tag]           v1.3.24                -> v1.3.24
2026-04-26T06:08:27.9321771Z  * [new tag]           v1.3.25                -> v1.3.25
2026-04-26T06:08:27.9322373Z  * [new tag]           v1.3.26                -> v1.3.26
2026-04-26T06:08:27.9323125Z  * [new tag]           v1.3.27                -> v1.3.27
2026-04-26T06:08:27.9323710Z  * [new tag]           v1.3.28                -> v1.3.28
2026-04-26T06:08:27.9324311Z  * [new tag]           v1.3.29                -> v1.3.29
2026-04-26T06:08:27.9324922Z  * [new tag]           v1.3.3                 -> v1.3.3
2026-04-26T06:08:27.9325508Z  * [new tag]           v1.3.30                -> v1.3.30
2026-04-26T06:08:27.9326112Z  * [new tag]           v1.3.31                -> v1.3.31
2026-04-26T06:08:27.9326716Z  * [new tag]           v1.3.32                -> v1.3.32
2026-04-26T06:08:27.9327307Z  * [new tag]           v1.3.33                -> v1.3.33
2026-04-26T06:08:27.9327907Z  * [new tag]           v1.3.34                -> v1.3.34
2026-04-26T06:08:27.9328526Z  * [new tag]           v1.3.35                -> v1.3.35
2026-04-26T06:08:27.9329351Z  * [new tag]           v1.3.36                -> v1.3.36
2026-04-26T06:08:27.9329999Z  * [new tag]           v1.3.37                -> v1.3.37
2026-04-26T06:08:27.9330628Z  * [new tag]           v1.3.38                -> v1.3.38
2026-04-26T06:08:27.9331240Z  * [new tag]           v1.3.39                -> v1.3.39
2026-04-26T06:08:27.9331856Z  * [new tag]           v1.3.4                 -> v1.3.4
2026-04-26T06:08:27.9332461Z  * [new tag]           v1.3.40                -> v1.3.40
2026-04-26T06:08:27.9333057Z  * [new tag]           v1.3.41                -> v1.3.41
2026-04-26T06:08:27.9333636Z  * [new tag]           v1.3.42                -> v1.3.42
2026-04-26T06:08:27.9334228Z  * [new tag]           v1.3.43                -> v1.3.43
2026-04-26T06:08:27.9334833Z  * [new tag]           v1.3.44                -> v1.3.44
2026-04-26T06:08:27.9335423Z  * [new tag]           v1.3.45                -> v1.3.45
2026-04-26T06:08:27.9336016Z  * [new tag]           v1.3.46                -> v1.3.46
2026-04-26T06:08:27.9336756Z  * [new tag]           v1.3.47                -> v1.3.47
2026-04-26T06:08:27.9337355Z  * [new tag]           v1.3.48                -> v1.3.48
2026-04-26T06:08:27.9337967Z  * [new tag]           v1.3.49                -> v1.3.49
2026-04-26T06:08:27.9338556Z  * [new tag]           v1.3.5                 -> v1.3.5
2026-04-26T06:08:27.9339368Z  * [new tag]           v1.3.5-build.2         -> v1.3.5-build.2
2026-04-26T06:08:27.9340334Z  * [new tag]           v1.3.50                -> v1.3.50
2026-04-26T06:08:27.9340946Z  * [new tag]           v1.3.51                -> v1.3.51
2026-04-26T06:08:27.9341543Z  * [new tag]           v1.3.52                -> v1.3.52
2026-04-26T06:08:27.9342146Z  * [new tag]           v1.3.53                -> v1.3.53
2026-04-26T06:08:27.9342748Z  * [new tag]           v1.3.54                -> v1.3.54
2026-04-26T06:08:27.9343346Z  * [new tag]           v1.3.55                -> v1.3.55
2026-04-26T06:08:27.9343935Z  * [new tag]           v1.3.56                -> v1.3.56
2026-04-26T06:08:27.9344538Z  * [new tag]           v1.3.57                -> v1.3.57
2026-04-26T06:08:27.9345140Z  * [new tag]           v1.3.58                -> v1.3.58
2026-04-26T06:08:27.9345742Z  * [new tag]           v1.3.59                -> v1.3.59
2026-04-26T06:08:27.9346346Z  * [new tag]           v1.3.6                 -> v1.3.6
2026-04-26T06:08:27.9347025Z  * [new tag]           v1.3.60                -> v1.3.60
2026-04-26T06:08:27.9347621Z  * [new tag]           v1.3.61                -> v1.3.61
2026-04-26T06:08:27.9348222Z  * [new tag]           v1.3.62                -> v1.3.62
2026-04-26T06:08:27.9348811Z  * [new tag]           v1.3.7                 -> v1.3.7
2026-04-26T06:08:27.9349611Z  * [new tag]           v1.3.8                 -> v1.3.8
2026-04-26T06:08:27.9350205Z  * [new tag]           v1.3.9                 -> v1.3.9
2026-04-26T06:08:27.9350786Z  * [new tag]           v1.4.40                -> v1.4.40
2026-04-26T06:08:27.9351371Z  * [new tag]           v1.5.0                 -> v1.5.0
2026-04-26T06:08:27.9351966Z  * [new tag]           v1.5.2                 -> v1.5.2
2026-04-26T06:08:27.9352560Z  * [new tag]           v1.5.3                 -> v1.5.3
2026-04-26T06:08:27.9353313Z  * [new tag]           v1.6.0                 -> v1.6.0
2026-04-26T06:08:27.9353897Z  * [new tag]           v1.7.0                 -> v1.7.0
2026-04-26T06:08:27.9457186Z [command]/usr/bin/git rev-parse --verify --quiet d3e8e50095749d6bdbfec29d96022b582c6e199f^{object}
2026-04-26T06:08:27.9483607Z d3e8e50095749d6bdbfec29d96022b582c6e199f
2026-04-26T06:08:27.9488612Z ##[endgroup]
2026-04-26T06:08:27.9489352Z ##[group]Determining the checkout info
2026-04-26T06:08:27.9490657Z ##[endgroup]
2026-04-26T06:08:27.9495845Z [command]/usr/bin/git sparse-checkout disable
2026-04-26T06:08:27.9534072Z [command]/usr/bin/git config --local --unset-all extensions.worktreeConfig
2026-04-26T06:08:27.9562803Z ##[group]Checking out the ref
2026-04-26T06:08:27.9567570Z [command]/usr/bin/git checkout --progress --force d3e8e50095749d6bdbfec29d96022b582c6e199f
2026-04-26T06:08:28.2192926Z Note: switching to 'd3e8e50095749d6bdbfec29d96022b582c6e199f'.
2026-04-26T06:08:28.2193586Z 
2026-04-26T06:08:28.2193877Z You are in 'detached HEAD' state. You can look around, make experimental
2026-04-26T06:08:28.2194511Z changes and commit them, and you can discard any commits you make in this
2026-04-26T06:08:28.2195195Z state without impacting any branches by switching back to a branch.
2026-04-26T06:08:28.2195623Z 
2026-04-26T06:08:28.2195802Z If you want to create a new branch to retain commits you create, you may
2026-04-26T06:08:28.2196208Z do so (now or later) by using -c with the switch command. Example:
2026-04-26T06:08:28.2196443Z 
2026-04-26T06:08:28.2196548Z   git switch -c <new-branch-name>
2026-04-26T06:08:28.2196705Z 
2026-04-26T06:08:28.2196802Z Or undo this operation with:
2026-04-26T06:08:28.2196945Z 
2026-04-26T06:08:28.2197023Z   git switch -
2026-04-26T06:08:28.2197146Z 
2026-04-26T06:08:28.2197593Z Turn off this advice by setting config variable advice.detachedHead to false
2026-04-26T06:08:28.2197884Z 
2026-04-26T06:08:28.2198216Z HEAD is now at d3e8e500 fix(ci): version-bump now resolves PR via commits/{sha}/pulls fallback (#803)
2026-04-26T06:08:28.2226784Z ##[endgroup]
2026-04-26T06:08:28.2275019Z [command]/usr/bin/git log -1 --format=%H
2026-04-26T06:08:28.2298557Z d3e8e50095749d6bdbfec29d96022b582c6e199f
2026-04-26T06:08:28.2417127Z ##[group]Run set -euo pipefail
2026-04-26T06:08:28.2417440Z [36;1mset -euo pipefail[0m
2026-04-26T06:08:28.2417755Z [36;1m# HARD-FAIL on missing keystore (per PR #796 design pick 2A):[0m
2026-04-26T06:08:28.2418189Z [36;1m# release builds without a keystore would silently fall back to[0m
2026-04-26T06:08:28.2418600Z [36;1m# debug signing per app/build.gradle.kts:106. The user wants[0m
2026-04-26T06:08:28.2419225Z [36;1m# signed release builds for every merge, so surface the misconfig[0m
2026-04-26T06:08:28.2419687Z [36;1m# immediately rather than silently producing debug-signed builds.[0m
2026-04-26T06:08:28.2420041Z [36;1mif [ -z "$KEYSTORE_BASE64" ]; then[0m
2026-04-26T06:08:28.2420641Z [36;1m  echo "::error::KEYSTORE_BASE64 secret is not set. Every-merge release flow requires a signing keystore. Encode with: base64 -w 0 your-keystore.jks"[0m
2026-04-26T06:08:28.2421229Z [36;1m  exit 1[0m
2026-04-26T06:08:28.2421405Z [36;1mfi[0m
2026-04-26T06:08:28.2421703Z [36;1mif [ -z "$KEYSTORE_PASSWORD" ] || [ -z "$KEY_ALIAS" ]; then[0m
2026-04-26T06:08:28.2422183Z [36;1m  echo "::error::KEYSTORE_PASSWORD and KEY_ALIAS secrets must be set alongside KEYSTORE_BASE64."[0m
2026-04-26T06:08:28.2422596Z [36;1m  exit 1[0m
2026-04-26T06:08:28.2422771Z [36;1mfi[0m
2026-04-26T06:08:28.2423082Z [36;1mprintf '%s' "$KEYSTORE_BASE64" | tr -d '[:space:]' | base64 -d > app/release.keystore[0m
2026-04-26T06:08:28.2423547Z [36;1m# Verify the keystore + alias before any expensive Gradle work.[0m
2026-04-26T06:08:28.2424088Z [36;1mkeytool -list -keystore app/release.keystore -storepass "$KEYSTORE_PASSWORD" > /dev/null 2>&1 || {[0m
2026-04-26T06:08:28.2424704Z [36;1m  echo "::error::Keystore is invalid or corrupted. Re-encode with: base64 -w 0 your-keystore.jks"[0m
2026-04-26T06:08:28.2425313Z [36;1m  exit 1[0m
2026-04-26T06:08:28.2425499Z [36;1m}[0m
2026-04-26T06:08:28.2425934Z [36;1mkeytool -list -keystore app/release.keystore -storepass "$KEYSTORE_PASSWORD" -alias "$KEY_ALIAS" > /dev/null 2>&1 || {[0m
2026-04-26T06:08:28.2426566Z [36;1m  echo "::error::Key alias '$KEY_ALIAS' not found in keystore. Available aliases:"[0m
2026-04-26T06:08:28.2427300Z [36;1m  keytool -list -v -keystore app/release.keystore -storepass "$KEYSTORE_PASSWORD" 2>/dev/null | grep "^Alias name:" || echo "  (keystore contains no entries)"[0m
2026-04-26T06:08:28.2427879Z [36;1m  exit 1[0m
2026-04-26T06:08:28.2428062Z [36;1m}[0m
2026-04-26T06:08:28.2428265Z [36;1mecho "Keystore decoded + verified."[0m
2026-04-26T06:08:28.2450531Z shell: /usr/bin/bash -e {0}
2026-04-26T06:08:28.2450776Z env:
2026-04-26T06:08:28.2450962Z   KEYSTORE_BASE64: 
2026-04-26T06:08:28.2451166Z   KEYSTORE_PASSWORD: 
2026-04-26T06:08:28.2451368Z   KEY_ALIAS: 
2026-04-26T06:08:28.2451565Z ##[endgroup]
2026-04-26T06:08:28.2514799Z ##[error]KEYSTORE_BASE64 secret is not set. Every-merge release flow requires a signing keystore. Encode with: base64 -w 0 your-keystore.jks
2026-04-26T06:08:28.2523720Z ##[error]Process completed with exit code 1.
2026-04-26T06:08:28.2717925Z Post job cleanup.
2026-04-26T06:08:28.3682636Z [command]/usr/bin/git version
2026-04-26T06:08:28.3718383Z git version 2.53.0
2026-04-26T06:08:28.3765799Z Temporarily overriding HOME='/home/runner/work/_temp/1c4c491d-404e-46eb-a13c-930dbd66558a' before making global git config changes
2026-04-26T06:08:28.3766640Z Adding repository directory to the temporary git global config as a safe directory
2026-04-26T06:08:28.3771042Z [command]/usr/bin/git config --global --add safe.directory /home/runner/work/prismTask/prismTask
2026-04-26T06:08:28.3806967Z [command]/usr/bin/git config --local --name-only --get-regexp core\.sshCommand
2026-04-26T06:08:28.3840937Z [command]/usr/bin/git submodule foreach --recursive sh -c "git config --local --name-only --get-regexp 'core\.sshCommand' && git config --local --unset-all 'core.sshCommand' || :"
2026-04-26T06:08:28.4084924Z [command]/usr/bin/git config --local --name-only --get-regexp http\.https\:\/\/github\.com\/\.extraheader
2026-04-26T06:08:28.4109592Z http.https://github.com/.extraheader
2026-04-26T06:08:28.4122935Z [command]/usr/bin/git config --local --unset-all http.https://github.com/.extraheader
2026-04-26T06:08:28.4156166Z [command]/usr/bin/git submodule foreach --recursive sh -c "git config --local --name-only --get-regexp 'http\.https\:\/\/github\.com\/\.extraheader' && git config --local --unset-all 'http.https://github.com/.extraheader' || :"
2026-04-26T06:08:28.4396586Z [command]/usr/bin/git config --local --name-only --get-regexp ^includeIf\.gitdir:
2026-04-26T06:08:28.4429759Z [command]/usr/bin/git submodule foreach --recursive git config --local --show-origin --name-only --get-regexp remote.origin.url
2026-04-26T06:08:28.4780812Z Cleaning up orphan processes
2026-04-26T06:08:28.5063383Z ##[warning]Node.js 20 actions are deprecated. The following actions are running on Node.js 20 and may not work as expected: actions/checkout@v4. Actions will be forced to run with Node.js 24 by default starting June 2nd, 2026. Node.js 20 will be removed from the runner on September 16th, 2026. Please check if updated versions of these actions are available that support Node.js 24. To opt into Node.js 24 now, set the FORCE_JAVASCRIPT_ACTIONS_TO_NODE24=true environment variable on the runner or in your workflow file. Once Node.js 24 becomes the default, you can temporarily opt out by setting ACTIONS_ALLOW_USE_UNSECURE_NODE_VERSION=true. For more information see: https://github.blog/changelog/2025-09-19-deprecation-of-node-20-on-github-actions-runners/
