=== CI FAILURE ===
Workflow:      Android Integration CI
Workflow file: averycorp/prismTask/.github/workflows/android-integration.yml@refs/pull/1085/merge
Job(s):        connected-tests
Run ID:        25293275251
Run attempt:   1
Run URL:       https://github.com/averycorp/prismTask/actions/runs/25293275251
Commit:        71c3b49e0aa160af10ffa0a691948d52010d2f1a
Branch:        1085/merge
Event:         pull_request
Actor:         akarlin3
Runner OS:     Linux
Timestamp:     2026-05-03T23:04:09.417Z

Failed steps:
  - connected-tests: #11 Run instrumented tests against AVD + Firebase emulator

=== FAILED JOB LOG ===

--- Job: connected-tests (id 74148128560) ---
2026-05-03T22:58:26.8099167Z Current runner version: '2.334.0'
2026-05-03T22:58:26.8126667Z ##[group]Runner Image Provisioner
2026-05-03T22:58:26.8127994Z Hosted Compute Agent
2026-05-03T22:58:26.8129008Z Version: 20260213.493
2026-05-03T22:58:26.8129890Z Commit: 5c115507f6dd24b8de37d8bbe0bb4509d0cc0fa3
2026-05-03T22:58:26.8130951Z Build Date: 2026-02-13T00:28:41Z
2026-05-03T22:58:26.8131975Z Worker ID: {05d18325-1411-4531-a61b-3ec097b312cf}
2026-05-03T22:58:26.8133137Z Azure Region: centralus
2026-05-03T22:58:26.8133927Z ##[endgroup]
2026-05-03T22:58:26.8135939Z ##[group]Operating System
2026-05-03T22:58:26.8136904Z Ubuntu
2026-05-03T22:58:26.8137555Z 24.04.4
2026-05-03T22:58:26.8138638Z LTS
2026-05-03T22:58:26.8139335Z ##[endgroup]
2026-05-03T22:58:26.8140094Z ##[group]Runner Image
2026-05-03T22:58:26.8140867Z Image: ubuntu-24.04
2026-05-03T22:58:26.8141796Z Version: 20260413.86.1
2026-05-03T22:58:26.8143525Z Included Software: https://github.com/actions/runner-images/blob/ubuntu24/20260413.86/images/ubuntu/Ubuntu2404-Readme.md
2026-05-03T22:58:26.8145991Z Image Release: https://github.com/actions/runner-images/releases/tag/ubuntu24%2F20260413.86
2026-05-03T22:58:26.8147418Z ##[endgroup]
2026-05-03T22:58:26.8149782Z ##[group]GITHUB_TOKEN Permissions
2026-05-03T22:58:26.8152641Z Actions: read
2026-05-03T22:58:26.8153594Z Checks: read
2026-05-03T22:58:26.8154434Z Contents: write
2026-05-03T22:58:26.8155264Z Metadata: read
2026-05-03T22:58:26.8155972Z PullRequests: read
2026-05-03T22:58:26.8156915Z ##[endgroup]
2026-05-03T22:58:26.8160136Z Secret source: Actions
2026-05-03T22:58:26.8161587Z Prepare workflow directory
2026-05-03T22:58:26.8573338Z Prepare all required actions
2026-05-03T22:58:26.8627261Z Getting action download info
2026-05-03T22:58:27.2963775Z Download action repository 'actions/checkout@v6' (SHA:de0fac2e4500dabe0009e67214ff5f5447ce83dd)
2026-05-03T22:58:27.4142495Z Download action repository 'actions/cache@v4' (SHA:0057852bfaa89a56745cba8c7296529d2fc39830)
2026-05-03T22:58:27.5196591Z Download action repository 'actions/setup-node@v6' (SHA:48b55a011bda9f5d6aeb4c2d9c7362e8dae4041e)
2026-05-03T22:58:28.0882348Z Download action repository 'reactivecircus/android-emulator-runner@v2' (SHA:e89f39f1abbbd05b1113a29cf4db69e7540cae5a)
2026-05-03T22:58:28.4419418Z Download action repository 'actions/upload-artifact@v4' (SHA:ea165f8d65b6e75b540449e92b4886f43607fa02)
2026-05-03T22:58:28.6981129Z Complete job name: connected-tests
2026-05-03T22:58:28.7877444Z ##[group]Run actions/checkout@v6
2026-05-03T22:58:28.7879514Z with:
2026-05-03T22:58:28.7880693Z   ref: feat/timeline-class-foundation
2026-05-03T22:58:28.7882273Z   repository: averycorp/prismTask
2026-05-03T22:58:28.7884043Z   token: ***
2026-05-03T22:58:28.7885090Z   ssh-strict: true
2026-05-03T22:58:28.7886276Z   ssh-user: git
2026-05-03T22:58:28.7887467Z   persist-credentials: true
2026-05-03T22:58:28.7888867Z   clean: true
2026-05-03T22:58:28.7889962Z   sparse-checkout-cone-mode: true
2026-05-03T22:58:28.7891408Z   fetch-depth: 1
2026-05-03T22:58:28.7892513Z   fetch-tags: false
2026-05-03T22:58:28.7893710Z   show-progress: true
2026-05-03T22:58:28.7894855Z   lfs: false
2026-05-03T22:58:28.7895907Z   submodules: false
2026-05-03T22:58:28.7897073Z   set-safe-directory: true
2026-05-03T22:58:28.7899035Z env:
2026-05-03T22:58:28.7900108Z   USE_FIREBASE_EMULATOR: true
2026-05-03T22:58:28.7901450Z ##[endgroup]
2026-05-03T22:58:28.8965514Z Syncing repository: averycorp/prismTask
2026-05-03T22:58:28.8968425Z ##[group]Getting Git version info
2026-05-03T22:58:28.8969697Z Working directory is '/home/runner/work/prismTask/prismTask'
2026-05-03T22:58:28.8971510Z [command]/usr/bin/git version
2026-05-03T22:58:28.8992873Z git version 2.53.0
2026-05-03T22:58:28.9046431Z ##[endgroup]
2026-05-03T22:58:28.9060497Z Temporarily overriding HOME='/home/runner/work/_temp/18638c9b-f170-4030-b6bb-1111beb87c12' before making global git config changes
2026-05-03T22:58:28.9063288Z Adding repository directory to the temporary git global config as a safe directory
2026-05-03T22:58:28.9065721Z [command]/usr/bin/git config --global --add safe.directory /home/runner/work/prismTask/prismTask
2026-05-03T22:58:28.9098353Z Deleting the contents of '/home/runner/work/prismTask/prismTask'
2026-05-03T22:58:28.9102367Z ##[group]Initializing the repository
2026-05-03T22:58:28.9107132Z [command]/usr/bin/git init /home/runner/work/prismTask/prismTask
2026-05-03T22:58:28.9167507Z hint: Using 'master' as the name for the initial branch. This default branch name
2026-05-03T22:58:28.9170507Z hint: will change to "main" in Git 3.0. To configure the initial branch name
2026-05-03T22:58:28.9173155Z hint: to use in all of your new repositories, which will suppress this warning,
2026-05-03T22:58:28.9175619Z hint: call:
2026-05-03T22:58:28.9176700Z hint:
2026-05-03T22:58:28.9178560Z hint: 	git config --global init.defaultBranch <name>
2026-05-03T22:58:28.9180321Z hint:
2026-05-03T22:58:28.9181971Z hint: Names commonly chosen instead of 'master' are 'main', 'trunk' and
2026-05-03T22:58:28.9184725Z hint: 'development'. The just-created branch can be renamed via this command:
2026-05-03T22:58:28.9186919Z hint:
2026-05-03T22:58:28.9189062Z hint: 	git branch -m <name>
2026-05-03T22:58:28.9190416Z hint:
2026-05-03T22:58:28.9192183Z hint: Disable this message with "git config set advice.defaultBranchName false"
2026-05-03T22:58:28.9194896Z Initialized empty Git repository in /home/runner/work/prismTask/prismTask/.git/
2026-05-03T22:58:28.9199554Z [command]/usr/bin/git remote add origin https://github.com/averycorp/prismTask
2026-05-03T22:58:28.9232892Z ##[endgroup]
2026-05-03T22:58:28.9234972Z ##[group]Disabling automatic garbage collection
2026-05-03T22:58:28.9236453Z [command]/usr/bin/git config --local gc.auto 0
2026-05-03T22:58:28.9265406Z ##[endgroup]
2026-05-03T22:58:28.9266906Z ##[group]Setting up auth
2026-05-03T22:58:28.9268133Z Removing SSH command configuration
2026-05-03T22:58:28.9271500Z [command]/usr/bin/git config --local --name-only --get-regexp core\.sshCommand
2026-05-03T22:58:28.9302584Z [command]/usr/bin/git submodule foreach --recursive sh -c "git config --local --name-only --get-regexp 'core\.sshCommand' && git config --local --unset-all 'core.sshCommand' || :"
2026-05-03T22:58:28.9580642Z Removing HTTP extra header
2026-05-03T22:58:28.9586115Z [command]/usr/bin/git config --local --name-only --get-regexp http\.https\:\/\/github\.com\/\.extraheader
2026-05-03T22:58:28.9620614Z [command]/usr/bin/git submodule foreach --recursive sh -c "git config --local --name-only --get-regexp 'http\.https\:\/\/github\.com\/\.extraheader' && git config --local --unset-all 'http.https://github.com/.extraheader' || :"
2026-05-03T22:58:28.9845503Z Removing includeIf entries pointing to credentials config files
2026-05-03T22:58:28.9852221Z [command]/usr/bin/git config --local --name-only --get-regexp ^includeIf\.gitdir:
2026-05-03T22:58:28.9892834Z [command]/usr/bin/git submodule foreach --recursive git config --local --show-origin --name-only --get-regexp remote.origin.url
2026-05-03T22:58:29.0126671Z [command]/usr/bin/git config --file /home/runner/work/_temp/git-credentials-da70197d-9dc8-4de4-836a-1b539d1d960f.config http.https://github.com/.extraheader AUTHORIZATION: basic ***
2026-05-03T22:58:29.0164900Z [command]/usr/bin/git config --local includeIf.gitdir:/home/runner/work/prismTask/prismTask/.git.path /home/runner/work/_temp/git-credentials-da70197d-9dc8-4de4-836a-1b539d1d960f.config
2026-05-03T22:58:29.0196345Z [command]/usr/bin/git config --local includeIf.gitdir:/home/runner/work/prismTask/prismTask/.git/worktrees/*.path /home/runner/work/_temp/git-credentials-da70197d-9dc8-4de4-836a-1b539d1d960f.config
2026-05-03T22:58:29.0228301Z [command]/usr/bin/git config --local includeIf.gitdir:/github/workspace/.git.path /github/runner_temp/git-credentials-da70197d-9dc8-4de4-836a-1b539d1d960f.config
2026-05-03T22:58:29.0259586Z [command]/usr/bin/git config --local includeIf.gitdir:/github/workspace/.git/worktrees/*.path /github/runner_temp/git-credentials-da70197d-9dc8-4de4-836a-1b539d1d960f.config
2026-05-03T22:58:29.0296046Z ##[endgroup]
2026-05-03T22:58:29.0299074Z ##[group]Fetching the repository
2026-05-03T22:58:29.0308343Z [command]/usr/bin/git -c protocol.version=2 fetch --no-tags --prune --no-recurse-submodules --depth=1 origin +refs/heads/feat/timeline-class-foundation*:refs/remotes/origin/feat/timeline-class-foundation* +refs/tags/feat/timeline-class-foundation*:refs/tags/feat/timeline-class-foundation*
2026-05-03T22:58:32.1359210Z From https://github.com/averycorp/prismTask
2026-05-03T22:58:32.1360526Z  * [new branch]      feat/timeline-class-foundation -> origin/feat/timeline-class-foundation
2026-05-03T22:58:32.1389816Z ##[endgroup]
2026-05-03T22:58:32.1390297Z ##[group]Determining the checkout info
2026-05-03T22:58:32.1395949Z [command]/usr/bin/git branch --list --remote origin/feat/timeline-class-foundation
2026-05-03T22:58:32.1421016Z   origin/feat/timeline-class-foundation
2026-05-03T22:58:32.1424835Z ##[endgroup]
2026-05-03T22:58:32.1429689Z [command]/usr/bin/git sparse-checkout disable
2026-05-03T22:58:32.1468272Z [command]/usr/bin/git config --local --unset-all extensions.worktreeConfig
2026-05-03T22:58:32.1495688Z ##[group]Checking out the ref
2026-05-03T22:58:32.1499884Z [command]/usr/bin/git checkout --progress --force -B feat/timeline-class-foundation refs/remotes/origin/feat/timeline-class-foundation
2026-05-03T22:58:32.4133159Z Switched to a new branch 'feat/timeline-class-foundation'
2026-05-03T22:58:32.4134276Z branch 'feat/timeline-class-foundation' set up to track 'origin/feat/timeline-class-foundation'.
2026-05-03T22:58:32.4156415Z ##[endgroup]
2026-05-03T22:58:32.4196676Z [command]/usr/bin/git log -1 --format=%H
2026-05-03T22:58:32.4221204Z 24dc02a197d35fd231894dafcb54ac46bb6fc65e
2026-05-03T22:58:32.4475896Z Prepare all required actions
2026-05-03T22:58:32.4476410Z Getting action download info
2026-05-03T22:58:32.6142221Z Download action repository 'actions/setup-java@v4' (SHA:c1e323688fd81a25caa38c78aa6df2d33d3e20d9)
2026-05-03T22:58:33.2393344Z Download action repository 'gradle/actions@v4' (SHA:ed408507eac070d1f99cc633dbcf757c94c7933a)
2026-05-03T22:58:34.3102235Z ##[group]Run ./.github/actions/setup-android
2026-05-03T22:58:34.3102553Z env:
2026-05-03T22:58:34.3102747Z   USE_FIREBASE_EMULATOR: true
2026-05-03T22:58:34.3102994Z ##[endgroup]
2026-05-03T22:58:34.3255641Z ##[group]Run actions/setup-java@v4
2026-05-03T22:58:34.3255948Z with:
2026-05-03T22:58:34.3256145Z   java-version: 21
2026-05-03T22:58:34.3256367Z   distribution: temurin
2026-05-03T22:58:34.3256587Z   java-package: jdk
2026-05-03T22:58:34.3256811Z   check-latest: false
2026-05-03T22:58:34.3257044Z   server-id: github
2026-05-03T22:58:34.3257265Z   server-username: GITHUB_ACTOR
2026-05-03T22:58:34.3257576Z   server-password: GITHUB_TOKEN
2026-05-03T22:58:34.3258056Z   overwrite-settings: true
2026-05-03T22:58:34.3258287Z   job-status: success
2026-05-03T22:58:34.3258675Z   token: ***
2026-05-03T22:58:34.3258867Z env:
2026-05-03T22:58:34.3259061Z   USE_FIREBASE_EMULATOR: true
2026-05-03T22:58:34.3259295Z ##[endgroup]
2026-05-03T22:58:34.5223166Z ##[group]Installed distributions
2026-05-03T22:58:34.5518787Z Resolved Java 21.0.10+7 from tool-cache
2026-05-03T22:58:34.5519621Z Setting Java 21.0.10+7 as the default
2026-05-03T22:58:34.5531338Z Creating toolchains.xml for JDK version 21 from temurin
2026-05-03T22:58:34.5602401Z Writing to /home/runner/.m2/toolchains.xml
2026-05-03T22:58:34.5602818Z 
2026-05-03T22:58:34.5603066Z Java configuration:
2026-05-03T22:58:34.5604679Z   Distribution: temurin
2026-05-03T22:58:34.5605017Z   Version: 21.0.10+7
2026-05-03T22:58:34.5605568Z   Path: /opt/hostedtoolcache/Java_Temurin-Hotspot_jdk/21.0.10-7/x64
2026-05-03T22:58:34.5605989Z 
2026-05-03T22:58:34.5606470Z ##[endgroup]
2026-05-03T22:58:34.5625101Z Creating settings.xml with server-id: github
2026-05-03T22:58:34.5626207Z Writing to /home/runner/.m2/settings.xml
2026-05-03T22:58:34.5886847Z ##[group]Run gradle/actions/setup-gradle@v4
2026-05-03T22:58:34.5887132Z with:
2026-05-03T22:58:34.5887335Z   cache-disabled: false
2026-05-03T22:58:34.5887557Z   cache-read-only: true
2026-05-03T22:58:34.5888316Z   cache-write-only: false
2026-05-03T22:58:34.5888552Z   cache-overwrite-existing: false
2026-05-03T22:58:34.5888818Z   cache-cleanup: on-success
2026-05-03T22:58:34.5889089Z   gradle-home-cache-includes: caches
notifications

2026-05-03T22:58:34.5889394Z   add-job-summary: always
2026-05-03T22:58:34.5889633Z   add-job-summary-as-pr-comment: never
2026-05-03T22:58:34.5889905Z   dependency-graph: disabled
2026-05-03T22:58:34.5890197Z   dependency-graph-report-dir: dependency-graph-reports
2026-05-03T22:58:34.5890536Z   dependency-graph-continue-on-failure: true
2026-05-03T22:58:34.5890816Z   build-scan-publish: false
2026-05-03T22:58:34.5891046Z   validate-wrappers: true
2026-05-03T22:58:34.5891281Z   allow-snapshot-wrappers: false
2026-05-03T22:58:34.5891546Z   gradle-home-cache-strict-match: false
2026-05-03T22:58:34.5891817Z   workflow-job-context: null
2026-05-03T22:58:34.5892174Z   github-token: ***
2026-05-03T22:58:34.5892370Z env:
2026-05-03T22:58:34.5892565Z   USE_FIREBASE_EMULATOR: true
2026-05-03T22:58:34.5892910Z   JAVA_HOME: /opt/hostedtoolcache/Java_Temurin-Hotspot_jdk/21.0.10-7/x64
2026-05-03T22:58:34.5893368Z   JAVA_HOME_21_X64: /opt/hostedtoolcache/Java_Temurin-Hotspot_jdk/21.0.10-7/x64
2026-05-03T22:58:34.5893718Z ##[endgroup]
2026-05-03T22:58:35.5089604Z Merged default JDK locations into /home/runner/.m2/toolchains.xml
2026-05-03T22:58:35.5092007Z ##[group]Restore Gradle state from cache
2026-05-03T22:58:35.6742014Z Cache hit for restore-key: gradle-home-v1|Linux-X64|connected-tests[1e7216165ffdcf45b9a4b7e3077585ac]-757b4b2d55b856521cbdf8840cd19f7be36beeae
2026-05-03T22:58:36.7957062Z Received 83886080 of 112652602 (74.5%), 80.0 MBs/sec
2026-05-03T22:58:36.9168897Z Received 112652602 of 112652602 (100.0%), 95.8 MBs/sec
2026-05-03T22:58:36.9171469Z Cache Size: ~107 MB (112652602 B)
2026-05-03T22:58:36.9202362Z [command]/usr/bin/tar -xf /home/runner/work/_temp/9e926980-f57b-4404-927a-53d517f8ee79/cache.tzst -P -C /home/runner/work/prismTask/prismTask --use-compress-program unzstd
2026-05-03T22:58:37.3375671Z Cache restored successfully
2026-05-03T22:58:37.3432275Z Restored cache entry with key gradle-home-v1|Linux-X64|connected-tests[1e7216165ffdcf45b9a4b7e3077585ac]-71c3b49e0aa160af10ffa0a691948d52010d2f1a to /home/runner/.gradle/caches,/home/runner/.gradle/notifications,/home/runner/.gradle/.setup-gradle in 1833ms
2026-05-03T22:58:37.4735773Z Cache hit for: gradle-instrumented-jars-v1-70eebc017a2a17c8164eb453d1a34266
2026-05-03T22:58:37.4759912Z Cache hit for: gradle-dependencies-v1-8ed28626108de7740ac9e8e488e514c5
2026-05-03T22:58:37.4799689Z Cache hit for: gradle-kotlin-dsl-v1-e1f3b2032a4471db5ee68e5a1cb66e36
2026-05-03T22:58:37.4891539Z Cache hit for: gradle-generated-gradle-jars-v1-cb4b032a7d08b9bf1e84e9eacaebcc29
2026-05-03T22:58:37.4896025Z Cache hit for: gradle-wrapper-zips-v1-8c0de4c6bda6041d6e054bf825a89c98
2026-05-03T22:58:37.4933983Z Cache hit for: gradle-transforms-v1-fe96f5daa21dfb85c07e83ef91443e43
2026-05-03T22:58:37.5085089Z Cache hit for: gradle-groovy-dsl-v1-5e6c6b4d775e9cd16f42b895c7bbe8f7
2026-05-03T22:58:37.8346286Z Received 109867 of 109867 (100.0%), 0.7 MBs/sec
2026-05-03T22:58:37.8347021Z Cache Size: ~0 MB (109867 B)
2026-05-03T22:58:37.8877912Z [command]/usr/bin/tar -xf /home/runner/work/_temp/43750041-05f7-43c4-814f-c25878399545/cache.tzst -P -C /home/runner/work/prismTask/prismTask --use-compress-program unzstd
2026-05-03T22:58:37.9115899Z Cache restored successfully
2026-05-03T22:58:37.9118174Z Restored cache entry with key gradle-groovy-dsl-v1-5e6c6b4d775e9cd16f42b895c7bbe8f7 to /home/runner/.gradle/caches/*/groovy-dsl/*/ in 566ms
2026-05-03T22:58:37.9194186Z Received 64668 of 64668 (100.0%), 0.2 MBs/sec
2026-05-03T22:58:37.9194758Z Cache Size: ~0 MB (64668 B)
2026-05-03T22:58:37.9222786Z [command]/usr/bin/tar -xf /home/runner/work/_temp/5f38c97e-8b98-4e9d-a51f-1f3d16840b5c/cache.tzst -P -C /home/runner/work/prismTask/prismTask --use-compress-program unzstd
2026-05-03T22:58:37.9331998Z Cache restored successfully
2026-05-03T22:58:37.9333598Z Restored cache entry with key gradle-instrumented-jars-v1-70eebc017a2a17c8164eb453d1a34266 to /home/runner/.gradle/caches/jars-*/*/ in 589ms
2026-05-03T22:58:38.0818606Z Received 353883 of 353883 (100.0%), 0.8 MBs/sec
2026-05-03T22:58:38.0831434Z Cache Size: ~0 MB (353883 B)
2026-05-03T22:58:38.0911170Z [command]/usr/bin/tar -xf /home/runner/work/_temp/174938ee-9817-41e7-bcbb-f599b5ad5fa3/cache.tzst -P -C /home/runner/work/prismTask/prismTask --use-compress-program unzstd
2026-05-03T22:58:38.2490148Z Cache restored successfully
2026-05-03T22:58:38.2520970Z Restored cache entry with key gradle-kotlin-dsl-v1-e1f3b2032a4471db5ee68e5a1cb66e36 to /home/runner/.gradle/caches/*/kotlin-dsl/accessors/*/,/home/runner/.gradle/caches/*/kotlin-dsl/scripts/*/ in 901ms
2026-05-03T22:58:38.6123335Z Received 71303168 of 468990457 (15.2%), 68.0 MBs/sec
2026-05-03T22:58:38.6453406Z Received 37799100 of 41993404 (90.0%), 36.0 MBs/sec
2026-05-03T22:58:38.6788962Z Received 46137344 of 136352669 (33.8%), 44.0 MBs/sec
2026-05-03T22:58:38.7015532Z Received 33554432 of 472602602 (7.1%), 31.8 MBs/sec
2026-05-03T22:58:38.7674973Z Received 41993404 of 41993404 (100.0%), 35.7 MBs/sec
2026-05-03T22:58:38.7678908Z Cache Size: ~40 MB (41993404 B)
2026-05-03T22:58:38.8057485Z [command]/usr/bin/tar -xf /home/runner/work/_temp/3dfafc17-d90e-4bf9-a2d1-41c298f47c11/cache.tzst -P -C /home/runner/work/prismTask/prismTask --use-compress-program unzstd
2026-05-03T22:58:39.1706309Z Cache restored successfully
2026-05-03T22:58:39.1799650Z Restored cache entry with key gradle-generated-gradle-jars-v1-cb4b032a7d08b9bf1e84e9eacaebcc29 to /home/runner/.gradle/caches/9.3.1/generated-gradle-jars/gradle-api-9.3.1.jar in 1836ms
2026-05-03T22:58:39.5423300Z Received 136352669 of 136352669 (100.0%), 69.6 MBs/sec
2026-05-03T22:58:39.5424949Z Cache Size: ~130 MB (136352669 B)
2026-05-03T22:58:39.5623305Z [command]/usr/bin/tar -xf /home/runner/work/_temp/ca293fb1-d34c-4364-9451-579e70f245a0/cache.tzst -P -C /home/runner/work/prismTask/prismTask --use-compress-program unzstd
2026-05-03T22:58:39.6133588Z Received 226492416 of 468990457 (48.3%), 107.9 MBs/sec
2026-05-03T22:58:39.7074112Z Received 142606336 of 472602602 (30.2%), 67.6 MBs/sec
2026-05-03T22:58:39.7928833Z Cache restored successfully
2026-05-03T22:58:39.8013782Z Restored cache entry with key gradle-wrapper-zips-v1-8c0de4c6bda6041d6e054bf825a89c98 to /home/runner/.gradle/wrapper/dists/gradle-9.3.1-bin/23ovyewtku6u96viwx3xl3oks in 2457ms
2026-05-03T22:58:40.6162402Z Received 402653184 of 468990457 (85.9%), 127.9 MBs/sec
2026-05-03T22:58:40.7103791Z Received 339738624 of 472602602 (71.9%), 107.5 MBs/sec
2026-05-03T22:58:40.8861420Z Received 468990457 of 468990457 (100.0%), 136.7 MBs/sec
2026-05-03T22:58:40.8864420Z Cache Size: ~447 MB (468990457 B)
2026-05-03T22:58:40.8972269Z [command]/usr/bin/tar -xf /home/runner/work/_temp/f425049c-321a-4322-b5ec-486299c7ec03/cache.tzst -P -C /home/runner/work/prismTask/prismTask --use-compress-program unzstd
2026-05-03T22:58:41.3722557Z Received 472602602 of 472602602 (100.0%), 122.6 MBs/sec
2026-05-03T22:58:41.3736427Z Cache Size: ~451 MB (472602602 B)
2026-05-03T22:58:41.3765521Z [command]/usr/bin/tar -xf /home/runner/work/_temp/7369002d-a911-4495-a6eb-cfdc36b3beed/cache.tzst -P -C /home/runner/work/prismTask/prismTask --use-compress-program unzstd
2026-05-03T22:58:42.1549855Z Cache restored successfully
2026-05-03T22:58:42.4694360Z Restored cache entry with key gradle-dependencies-v1-8ed28626108de7740ac9e8e488e514c5 to /home/runner/.gradle/caches/modules-*/files-*/*/*/*/* in 5125ms
2026-05-03T22:58:46.9922841Z Cache restored successfully
2026-05-03T22:58:47.0134480Z Restored cache entry with key gradle-transforms-v1-fe96f5daa21dfb85c07e83ef91443e43 to /home/runner/.gradle/caches/transforms-4/*/,/home/runner/.gradle/caches/*/transforms/*/ in 9668ms
2026-05-03T22:58:47.0258142Z ##[endgroup]
2026-05-03T22:58:47.0674840Z ##[group]All Gradle Wrapper jars are valid
2026-05-03T22:58:47.0676477Z ✓ Found known Gradle Wrapper JAR files:
2026-05-03T22:58:47.0677567Z   b3a875ddc1f044746e1b1a55f645584505f4a10438c1afea9f15e92a7c42ec13 gradle/wrapper/gradle-wrapper.jar
2026-05-03T22:58:47.0679319Z ##[endgroup]
2026-05-03T22:58:47.0873526Z ##[group]Run chmod +x gradlew
2026-05-03T22:58:47.0873915Z [36;1mchmod +x gradlew[0m
2026-05-03T22:58:47.0900587Z shell: /usr/bin/bash --noprofile --norc -e -o pipefail {0}
2026-05-03T22:58:47.0900985Z env:
2026-05-03T22:58:47.0901224Z   USE_FIREBASE_EMULATOR: true
2026-05-03T22:58:47.0901641Z   JAVA_HOME: /opt/hostedtoolcache/Java_Temurin-Hotspot_jdk/21.0.10-7/x64
2026-05-03T22:58:47.0902174Z   JAVA_HOME_21_X64: /opt/hostedtoolcache/Java_Temurin-Hotspot_jdk/21.0.10-7/x64
2026-05-03T22:58:47.0902656Z   GRADLE_ACTION_ID: gradle/actions/setup-gradle
2026-05-03T22:58:47.0903006Z   GRADLE_USER_HOME: /home/runner/.gradle
2026-05-03T22:58:47.0903354Z   GRADLE_BUILD_ACTION_SETUP_COMPLETED: true
2026-05-03T22:58:47.0903696Z   GRADLE_BUILD_ACTION_CACHE_RESTORED: true
2026-05-03T22:58:47.0904163Z   DEVELOCITY_INJECTION_INIT_SCRIPT_NAME: gradle-actions.inject-develocity.init.gradle
2026-05-03T22:58:47.0904684Z   DEVELOCITY_INJECTION_CUSTOM_VALUE: gradle-actions
2026-05-03T22:58:47.0905039Z   GITHUB_DEPENDENCY_GRAPH_ENABLED: false
2026-05-03T22:58:47.0905342Z ##[endgroup]
2026-05-03T22:58:47.3883307Z ##[group]Run actions/cache@v4
2026-05-03T22:58:47.3883622Z with:
2026-05-03T22:58:47.3883870Z   path: app/build
2026-05-03T22:58:47.3884324Z   key: app-build-Linux-9573fae423f744f5c1703e26c3abe3913e8cece3dced6321a3902e485a97cfcd
2026-05-03T22:58:47.3884834Z   restore-keys: app-build-Linux-

2026-05-03T22:58:47.3885207Z   enableCrossOsArchive: false
2026-05-03T22:58:47.3885510Z   fail-on-cache-miss: false
2026-05-03T22:58:47.3885790Z   lookup-only: false
2026-05-03T22:58:47.3886059Z   save-always: false
2026-05-03T22:58:47.3886310Z env:
2026-05-03T22:58:47.3886541Z   USE_FIREBASE_EMULATOR: true
2026-05-03T22:58:47.3886946Z   JAVA_HOME: /opt/hostedtoolcache/Java_Temurin-Hotspot_jdk/21.0.10-7/x64
2026-05-03T22:58:47.3887485Z   JAVA_HOME_21_X64: /opt/hostedtoolcache/Java_Temurin-Hotspot_jdk/21.0.10-7/x64
2026-05-03T22:58:47.3888180Z   GRADLE_ACTION_ID: gradle/actions/setup-gradle
2026-05-03T22:58:47.3888532Z   GRADLE_USER_HOME: /home/runner/.gradle
2026-05-03T22:58:47.3888922Z   GRADLE_BUILD_ACTION_SETUP_COMPLETED: true
2026-05-03T22:58:47.3889263Z   GRADLE_BUILD_ACTION_CACHE_RESTORED: true
2026-05-03T22:58:47.3889746Z   DEVELOCITY_INJECTION_INIT_SCRIPT_NAME: gradle-actions.inject-develocity.init.gradle
2026-05-03T22:58:47.3890266Z   DEVELOCITY_INJECTION_CUSTOM_VALUE: gradle-actions
2026-05-03T22:58:47.3890626Z   GITHUB_DEPENDENCY_GRAPH_ENABLED: false
2026-05-03T22:58:47.3890932Z ##[endgroup]
2026-05-03T22:58:47.6778009Z Cache hit for: app-build-Linux-9573fae423f744f5c1703e26c3abe3913e8cece3dced6321a3902e485a97cfcd
2026-05-03T22:58:48.8446251Z Received 79691776 of 173182330 (46.0%), 76.0 MBs/sec
2026-05-03T22:58:49.3729037Z Received 173182330 of 173182330 (100.0%), 108.1 MBs/sec
2026-05-03T22:58:49.3729689Z Cache Size: ~165 MB (173182330 B)
2026-05-03T22:58:49.3825910Z [command]/usr/bin/tar -xf /home/runner/work/_temp/57aa55bc-6bd9-4258-b3a5-4ab8be105615/cache.tzst -P -C /home/runner/work/prismTask/prismTask --use-compress-program unzstd
2026-05-03T22:58:51.2956601Z Cache restored successfully
2026-05-03T22:58:51.3141732Z Cache restored from key: app-build-Linux-9573fae423f744f5c1703e26c3abe3913e8cece3dced6321a3902e485a97cfcd
2026-05-03T22:58:51.3310442Z ##[group]Run actions/setup-node@v6
2026-05-03T22:58:51.3310774Z with:
2026-05-03T22:58:51.3311023Z   node-version: 20
2026-05-03T22:58:51.3311290Z   check-latest: false
2026-05-03T22:58:51.3311675Z   token: ***
2026-05-03T22:58:51.3311949Z   package-manager-cache: true
2026-05-03T22:58:51.3312247Z env:
2026-05-03T22:58:51.3312493Z   USE_FIREBASE_EMULATOR: true
2026-05-03T22:58:51.3312897Z   JAVA_HOME: /opt/hostedtoolcache/Java_Temurin-Hotspot_jdk/21.0.10-7/x64
2026-05-03T22:58:51.3313441Z   JAVA_HOME_21_X64: /opt/hostedtoolcache/Java_Temurin-Hotspot_jdk/21.0.10-7/x64
2026-05-03T22:58:51.3313921Z   GRADLE_ACTION_ID: gradle/actions/setup-gradle
2026-05-03T22:58:51.3314477Z   GRADLE_USER_HOME: /home/runner/.gradle
2026-05-03T22:58:51.3314821Z   GRADLE_BUILD_ACTION_SETUP_COMPLETED: true
2026-05-03T22:58:51.3315172Z   GRADLE_BUILD_ACTION_CACHE_RESTORED: true
2026-05-03T22:58:51.3315656Z   DEVELOCITY_INJECTION_INIT_SCRIPT_NAME: gradle-actions.inject-develocity.init.gradle
2026-05-03T22:58:51.3316219Z   DEVELOCITY_INJECTION_CUSTOM_VALUE: gradle-actions
2026-05-03T22:58:51.3316583Z   GITHUB_DEPENDENCY_GRAPH_ENABLED: false
2026-05-03T22:58:51.3316899Z ##[endgroup]
2026-05-03T22:58:51.4869061Z Found in cache @ /opt/hostedtoolcache/node/20.20.2/x64
2026-05-03T22:58:51.4872284Z ##[group]Environment details
2026-05-03T22:58:54.3452262Z node: v20.20.2
2026-05-03T22:58:54.3452688Z npm: 10.8.2
2026-05-03T22:58:54.3452942Z yarn: 1.22.22
2026-05-03T22:58:54.3453531Z ##[endgroup]
2026-05-03T22:58:54.3599701Z ##[group]Run actions/cache@v4
2026-05-03T22:58:54.3600019Z with:
2026-05-03T22:58:54.3600413Z   path: ~/.npm
/usr/local/lib/node_modules/firebase-tools
/usr/local/bin/firebase

2026-05-03T22:58:54.3600901Z   key: firebase-tools-Linux-v15
2026-05-03T22:58:54.3601227Z   enableCrossOsArchive: false
2026-05-03T22:58:54.3601535Z   fail-on-cache-miss: false
2026-05-03T22:58:54.3601824Z   lookup-only: false
2026-05-03T22:58:54.3602090Z   save-always: false
2026-05-03T22:58:54.3602346Z env:
2026-05-03T22:58:54.3602593Z   USE_FIREBASE_EMULATOR: true
2026-05-03T22:58:54.3603006Z   JAVA_HOME: /opt/hostedtoolcache/Java_Temurin-Hotspot_jdk/21.0.10-7/x64
2026-05-03T22:58:54.3603548Z   JAVA_HOME_21_X64: /opt/hostedtoolcache/Java_Temurin-Hotspot_jdk/21.0.10-7/x64
2026-05-03T22:58:54.3604020Z   GRADLE_ACTION_ID: gradle/actions/setup-gradle
2026-05-03T22:58:54.3604369Z   GRADLE_USER_HOME: /home/runner/.gradle
2026-05-03T22:58:54.3604710Z   GRADLE_BUILD_ACTION_SETUP_COMPLETED: true
2026-05-03T22:58:54.3605191Z   GRADLE_BUILD_ACTION_CACHE_RESTORED: true
2026-05-03T22:58:54.3605687Z   DEVELOCITY_INJECTION_INIT_SCRIPT_NAME: gradle-actions.inject-develocity.init.gradle
2026-05-03T22:58:54.3606198Z   DEVELOCITY_INJECTION_CUSTOM_VALUE: gradle-actions
2026-05-03T22:58:54.3606573Z   GITHUB_DEPENDENCY_GRAPH_ENABLED: false
2026-05-03T22:58:54.3606887Z ##[endgroup]
2026-05-03T22:58:54.6527581Z Cache hit for: firebase-tools-Linux-v15
2026-05-03T22:58:55.6422014Z Received 70532888 of 70532888 (100.0%), 78.4 MBs/sec
2026-05-03T22:58:55.6423065Z Cache Size: ~67 MB (70532888 B)
2026-05-03T22:58:55.6453941Z [command]/usr/bin/tar -xf /home/runner/work/_temp/cab0d065-9c38-4291-a021-cf93bd8bb551/cache.tzst -P -C /home/runner/work/prismTask/prismTask --use-compress-program unzstd
2026-05-03T22:58:56.0234211Z Cache restored successfully
2026-05-03T22:58:56.0348004Z Cache restored from key: firebase-tools-Linux-v15
2026-05-03T22:58:56.0473099Z ##[group]Run if ! command -v firebase &> /dev/null; then
2026-05-03T22:58:56.0473598Z [36;1mif ! command -v firebase &> /dev/null; then[0m
2026-05-03T22:58:56.0474020Z [36;1m  npm install -g firebase-tools@15[0m
2026-05-03T22:58:56.0474381Z [36;1mfi[0m
2026-05-03T22:58:56.0501066Z shell: /usr/bin/bash -e {0}
2026-05-03T22:58:56.0501407Z env:
2026-05-03T22:58:56.0501666Z   USE_FIREBASE_EMULATOR: true
2026-05-03T22:58:56.0502117Z   JAVA_HOME: /opt/hostedtoolcache/Java_Temurin-Hotspot_jdk/21.0.10-7/x64
2026-05-03T22:58:56.0502679Z   JAVA_HOME_21_X64: /opt/hostedtoolcache/Java_Temurin-Hotspot_jdk/21.0.10-7/x64
2026-05-03T22:58:56.0503169Z   GRADLE_ACTION_ID: gradle/actions/setup-gradle
2026-05-03T22:58:56.0503534Z   GRADLE_USER_HOME: /home/runner/.gradle
2026-05-03T22:58:56.0503883Z   GRADLE_BUILD_ACTION_SETUP_COMPLETED: true
2026-05-03T22:58:56.0504239Z   GRADLE_BUILD_ACTION_CACHE_RESTORED: true
2026-05-03T22:58:56.0504780Z   DEVELOCITY_INJECTION_INIT_SCRIPT_NAME: gradle-actions.inject-develocity.init.gradle
2026-05-03T22:58:56.0505313Z   DEVELOCITY_INJECTION_CUSTOM_VALUE: gradle-actions
2026-05-03T22:58:56.0505689Z   GITHUB_DEPENDENCY_GRAPH_ENABLED: false
2026-05-03T22:58:56.0506021Z ##[endgroup]
2026-05-03T22:59:13.1741418Z npm warn deprecated node-domexception@1.0.0: Use your platform's native DOMException instead
2026-05-03T22:59:13.3632504Z npm warn deprecated uuid@8.3.2: uuid@10 and below is no longer supported.  For ESM codebases, update to uuid@latest.  For CommonJS codebases, use uuid@11 (but be aware this version will likely be deprecated in 2028).
2026-05-03T22:59:13.3805936Z npm warn deprecated uuid@9.0.1: uuid@10 and below is no longer supported.  For ESM codebases, update to uuid@latest.  For CommonJS codebases, use uuid@11 (but be aware this version will likely be deprecated in 2028).
2026-05-03T22:59:13.4398327Z npm warn deprecated glob@10.5.0: Old versions of glob are not supported, and contain widely publicized security vulnerabilities, which have been fixed in the current version. Please update. Support for old versions may be purchased (at exorbitant rates) by contacting i@izs.me
2026-05-03T22:59:13.4540830Z npm warn deprecated json-ptr@3.1.1: Package no longer supported. Contact Support at https://www.npmjs.com/support for more info.
2026-05-03T22:59:15.8787898Z 
2026-05-03T22:59:15.8788967Z added 705 packages in 20s
2026-05-03T22:59:15.8789343Z 
2026-05-03T22:59:15.8789631Z 91 packages are looking for funding
2026-05-03T22:59:15.8790173Z   run `npm fund` for details
2026-05-03T22:59:15.9415838Z ##[group]Run firebase --version
2026-05-03T22:59:15.9416410Z [36;1mfirebase --version[0m
2026-05-03T22:59:15.9458249Z shell: /usr/bin/bash -e {0}
2026-05-03T22:59:15.9458726Z env:
2026-05-03T22:59:15.9459108Z   USE_FIREBASE_EMULATOR: true
2026-05-03T22:59:15.9459793Z   JAVA_HOME: /opt/hostedtoolcache/Java_Temurin-Hotspot_jdk/21.0.10-7/x64
2026-05-03T22:59:15.9460706Z   JAVA_HOME_21_X64: /opt/hostedtoolcache/Java_Temurin-Hotspot_jdk/21.0.10-7/x64
2026-05-03T22:59:15.9461479Z   GRADLE_ACTION_ID: gradle/actions/setup-gradle
2026-05-03T22:59:15.9462045Z   GRADLE_USER_HOME: /home/runner/.gradle
2026-05-03T22:59:15.9462585Z   GRADLE_BUILD_ACTION_SETUP_COMPLETED: true
2026-05-03T22:59:15.9463137Z   GRADLE_BUILD_ACTION_CACHE_RESTORED: true
2026-05-03T22:59:15.9463952Z   DEVELOCITY_INJECTION_INIT_SCRIPT_NAME: gradle-actions.inject-develocity.init.gradle
2026-05-03T22:59:15.9464845Z   DEVELOCITY_INJECTION_CUSTOM_VALUE: gradle-actions
2026-05-03T22:59:15.9465590Z   GITHUB_DEPENDENCY_GRAPH_ENABLED: false
2026-05-03T22:59:15.9466113Z ##[endgroup]
2026-05-03T22:59:16.4314673Z 15.16.0
2026-05-03T22:59:16.5776164Z ##[group]Run set -euo pipefail
2026-05-03T22:59:16.5776576Z [36;1mset -euo pipefail[0m
2026-05-03T22:59:16.5776992Z [36;1mfirebase emulators:start \[0m
2026-05-03T22:59:16.5777337Z [36;1m  --only firestore,auth \[0m
2026-05-03T22:59:16.5777923Z [36;1m  --project demo-prismtask \[0m
2026-05-03T22:59:16.5778394Z [36;1m  > "$RUNNER_TEMP/firebase-emulators.log" 2>&1 &[0m
2026-05-03T22:59:16.5778877Z [36;1mecho "FIREBASE_EMULATORS_PID=$!" >> "$GITHUB_ENV"[0m
2026-05-03T22:59:16.5779360Z [36;1mecho "Waiting for emulator ports to open..."[0m
2026-05-03T22:59:16.5779790Z [36;1mfor port in 8080 9099; do[0m
2026-05-03T22:59:16.5780121Z [36;1m  timeout 120 bash -c \[0m
2026-05-03T22:59:16.5780606Z [36;1m    "until (echo > /dev/tcp/127.0.0.1/$port) 2>/dev/null; do sleep 1; done" || {[0m
2026-05-03T22:59:16.5781321Z [36;1m      echo "::error::Firebase emulator port $port did not become ready in time"[0m
2026-05-03T22:59:16.5781870Z [36;1m      cat "$RUNNER_TEMP/firebase-emulators.log" || true[0m
2026-05-03T22:59:16.5782250Z [36;1m      exit 1[0m
2026-05-03T22:59:16.5782520Z [36;1m    }[0m
2026-05-03T22:59:16.5782772Z [36;1mdone[0m
2026-05-03T22:59:16.5783231Z [36;1mecho "Firebase emulators ready (firestore=8080, auth=9099)"[0m
2026-05-03T22:59:16.5806548Z shell: /usr/bin/bash -e {0}
2026-05-03T22:59:16.5806856Z env:
2026-05-03T22:59:16.5807108Z   USE_FIREBASE_EMULATOR: true
2026-05-03T22:59:16.5807797Z   JAVA_HOME: /opt/hostedtoolcache/Java_Temurin-Hotspot_jdk/21.0.10-7/x64
2026-05-03T22:59:16.5808448Z   JAVA_HOME_21_X64: /opt/hostedtoolcache/Java_Temurin-Hotspot_jdk/21.0.10-7/x64
2026-05-03T22:59:16.5808934Z   GRADLE_ACTION_ID: gradle/actions/setup-gradle
2026-05-03T22:59:16.5809502Z   GRADLE_USER_HOME: /home/runner/.gradle
2026-05-03T22:59:16.5809856Z   GRADLE_BUILD_ACTION_SETUP_COMPLETED: true
2026-05-03T22:59:16.5810208Z   GRADLE_BUILD_ACTION_CACHE_RESTORED: true
2026-05-03T22:59:16.5810711Z   DEVELOCITY_INJECTION_INIT_SCRIPT_NAME: gradle-actions.inject-develocity.init.gradle
2026-05-03T22:59:16.5811238Z   DEVELOCITY_INJECTION_CUSTOM_VALUE: gradle-actions
2026-05-03T22:59:16.5811609Z   GITHUB_DEPENDENCY_GRAPH_ENABLED: false
2026-05-03T22:59:16.5811934Z ##[endgroup]
2026-05-03T22:59:16.5862305Z Waiting for emulator ports to open...
2026-05-03T22:59:27.6192404Z Firebase emulators ready (firestore=8080, auth=9099)
2026-05-03T22:59:27.6223857Z ##[group]Run echo 'KERNEL=="kvm", GROUP="kvm", MODE="0666", OPTIONS+="static_node=kvm"' \
2026-05-03T22:59:27.6224489Z [36;1mecho 'KERNEL=="kvm", GROUP="kvm", MODE="0666", OPTIONS+="static_node=kvm"' \[0m
2026-05-03T22:59:27.6224998Z [36;1m  | sudo tee /etc/udev/rules.d/99-kvm4all.rules[0m
2026-05-03T22:59:27.6225413Z [36;1msudo udevadm control --reload-rules[0m
2026-05-03T22:59:27.6225816Z [36;1msudo udevadm trigger --name-match=kvm[0m
2026-05-03T22:59:27.6249491Z shell: /usr/bin/bash -e {0}
2026-05-03T22:59:27.6249816Z env:
2026-05-03T22:59:27.6250084Z   USE_FIREBASE_EMULATOR: true
2026-05-03T22:59:27.6250528Z   JAVA_HOME: /opt/hostedtoolcache/Java_Temurin-Hotspot_jdk/21.0.10-7/x64
2026-05-03T22:59:27.6251090Z   JAVA_HOME_21_X64: /opt/hostedtoolcache/Java_Temurin-Hotspot_jdk/21.0.10-7/x64
2026-05-03T22:59:27.6251574Z   GRADLE_ACTION_ID: gradle/actions/setup-gradle
2026-05-03T22:59:27.6251944Z   GRADLE_USER_HOME: /home/runner/.gradle
2026-05-03T22:59:27.6252343Z   GRADLE_BUILD_ACTION_SETUP_COMPLETED: true
2026-05-03T22:59:27.6252703Z   GRADLE_BUILD_ACTION_CACHE_RESTORED: true
2026-05-03T22:59:27.6253196Z   DEVELOCITY_INJECTION_INIT_SCRIPT_NAME: gradle-actions.inject-develocity.init.gradle
2026-05-03T22:59:27.6253722Z   DEVELOCITY_INJECTION_CUSTOM_VALUE: gradle-actions
2026-05-03T22:59:27.6254097Z   GITHUB_DEPENDENCY_GRAPH_ENABLED: false
2026-05-03T22:59:27.6254445Z   FIREBASE_EMULATORS_PID: 2583
2026-05-03T22:59:27.6254756Z ##[endgroup]
2026-05-03T22:59:27.6373702Z KERNEL=="kvm", GROUP="kvm", MODE="0666", OPTIONS+="static_node=kvm"
2026-05-03T22:59:27.6785744Z ##[group]Run reactivecircus/android-emulator-runner@v2
2026-05-03T22:59:27.6786140Z with:
2026-05-03T22:59:27.6786435Z   api-level: 34
2026-05-03T22:59:27.6786707Z   target: google_apis
2026-05-03T22:59:27.6786984Z   arch: x86_64
2026-05-03T22:59:27.6787239Z   profile: pixel_6
2026-05-03T22:59:27.6787514Z   emulator-boot-timeout: 1200
2026-05-03T22:59:27.6789588Z   script: adb devices
adb shell settings put global window_animation_scale 0
adb shell settings put global transition_animation_scale 0
adb shell settings put global animator_duration_scale 0
# AVD already reaches the host emulators via 10.0.2.2 (hard-
# coded in PrismTaskApplication.configureFirebaseEmulator),
# so no `adb reverse` is needed. Confirm by pinging the
# emulator UI from inside the AVD.
adb shell "ping -c 1 10.0.2.2 || true"
./gradlew connectedDebugAndroidTest --no-daemon --continue

2026-05-03T22:59:27.6791295Z   cores: 2
2026-05-03T22:59:27.6791542Z   avd-name: test
2026-05-03T22:59:27.6791848Z   force-avd-creation: true
2026-05-03T22:59:27.6792146Z   emulator-port: 5554
2026-05-03T22:59:27.6792610Z   emulator-options: -no-window -gpu swiftshader_indirect -no-snapshot -noaudio -no-boot-anim
2026-05-03T22:59:27.6793107Z   disable-animations: true
2026-05-03T22:59:27.6793413Z   disable-spellchecker: false
2026-05-03T22:59:27.6793736Z   disable-linux-hw-accel: auto
2026-05-03T22:59:27.6794052Z   enable-hw-keyboard: false
2026-05-03T22:59:27.6794340Z   channel: stable
2026-05-03T22:59:27.6794603Z env:
2026-05-03T22:59:27.6794859Z   USE_FIREBASE_EMULATOR: true
2026-05-03T22:59:27.6795276Z   JAVA_HOME: /opt/hostedtoolcache/Java_Temurin-Hotspot_jdk/21.0.10-7/x64
2026-05-03T22:59:27.6795833Z   JAVA_HOME_21_X64: /opt/hostedtoolcache/Java_Temurin-Hotspot_jdk/21.0.10-7/x64
2026-05-03T22:59:27.6796311Z   GRADLE_ACTION_ID: gradle/actions/setup-gradle
2026-05-03T22:59:27.6796865Z   GRADLE_USER_HOME: /home/runner/.gradle
2026-05-03T22:59:27.6797226Z   GRADLE_BUILD_ACTION_SETUP_COMPLETED: true
2026-05-03T22:59:27.6797593Z   GRADLE_BUILD_ACTION_CACHE_RESTORED: true
2026-05-03T22:59:27.6798290Z   DEVELOCITY_INJECTION_INIT_SCRIPT_NAME: gradle-actions.inject-develocity.init.gradle
2026-05-03T22:59:27.6798826Z   DEVELOCITY_INJECTION_CUSTOM_VALUE: gradle-actions
2026-05-03T22:59:27.6799205Z   GITHUB_DEPENDENCY_GRAPH_ENABLED: false
2026-05-03T22:59:27.6799548Z   FIREBASE_EMULATORS_PID: 2583
2026-05-03T22:59:27.6799858Z ##[endgroup]
2026-05-03T22:59:27.7393859Z ##[group]Configure emulator
2026-05-03T22:59:27.7396347Z API level: 34
2026-05-03T22:59:27.7396894Z System image API level: 34
2026-05-03T22:59:27.7397429Z target: google_apis
2026-05-03T22:59:27.7398152Z CPU architecture: x86_64
2026-05-03T22:59:27.7398679Z Hardware profile: pixel_6
2026-05-03T22:59:27.7399149Z Cores: 2
2026-05-03T22:59:27.7399525Z RAM size: 
2026-05-03T22:59:27.7400066Z Heap size: 
2026-05-03T22:59:27.7400525Z SD card path or size: 
2026-05-03T22:59:27.7401335Z Disk size: 
2026-05-03T22:59:27.7401721Z AVD name: test
2026-05-03T22:59:27.7402173Z force avd creation: true
2026-05-03T22:59:27.7402919Z Emulator boot timeout: 1200
2026-05-03T22:59:27.7408686Z emulator port: 5554
2026-05-03T22:59:27.7409686Z emulator options: -no-window -gpu swiftshader_indirect -no-snapshot -noaudio -no-boot-anim
2026-05-03T22:59:27.7410542Z disable animations: true
2026-05-03T22:59:27.7411136Z disable spellchecker: false
2026-05-03T22:59:27.7411724Z disable Linux hardware acceleration: false
2026-05-03T22:59:27.7412360Z enable hardware keyboard: false
2026-05-03T22:59:27.7412893Z Channel: 0 (stable)
2026-05-03T22:59:27.7413302Z Script:
2026-05-03T22:59:27.7413672Z adb devices
2026-05-03T22:59:27.7414259Z adb shell settings put global window_animation_scale 0
2026-05-03T22:59:27.7415082Z adb shell settings put global transition_animation_scale 0
2026-05-03T22:59:27.7415895Z adb shell settings put global animator_duration_scale 0
2026-05-03T22:59:27.7416590Z adb shell "ping -c 1 10.0.2.2 || true"
2026-05-03T22:59:27.7417347Z ./gradlew connectedDebugAndroidTest --no-daemon --continue
2026-05-03T22:59:27.7418818Z Pre emulator launch script:
2026-05-03T22:59:27.7419704Z ##[endgroup]
2026-05-03T22:59:27.7420361Z ##[group]Install Android SDK
2026-05-03T22:59:27.7642680Z [command]/usr/bin/sh -c \yes | sdkmanager --licenses > /dev/null
2026-05-03T22:59:32.6168617Z Installing latest build tools, platform tools, and platform.
2026-05-03T22:59:32.6182977Z [command]/usr/bin/sh -c \sdkmanager --install 'build-tools;36.0.0' platform-tools 'platforms;android-34'> /dev/null
2026-05-03T22:59:34.0271837Z Installing latest emulator.
2026-05-03T22:59:34.0285099Z [command]/usr/bin/sh -c \sdkmanager --install emulator --channel=0 > /dev/null
2026-05-03T22:59:42.4762844Z Installing system images.
2026-05-03T22:59:42.4780198Z [command]/usr/bin/sh -c \sdkmanager --install 'system-images;android-34;google_apis;x86_64' --channel=0 > /dev/null
2026-05-03T23:00:10.6238323Z ##[endgroup]
2026-05-03T23:00:10.6239971Z ##[group]Create AVD
2026-05-03T23:00:10.6240843Z Creating AVD.
2026-05-03T23:00:10.6259771Z [command]/usr/bin/sh -c \echo no | avdmanager create avd --force -n test --package 'system-images;android-34;google_apis;x86_64' --device 'pixel_6'
2026-05-03T23:00:11.3089820Z Loading local repository...                                                     
2026-05-03T23:00:11.3091088Z [=========                              ] 25% Loading local repository...       
2026-05-03T23:00:11.3092172Z [=========                              ] 25% Fetch remote repository...        
2026-05-03T23:00:11.3093189Z [=======================================] 100% Fetch remote repository...       
2026-05-03T23:00:11.4736405Z Auto-selecting single ABI x86_64
2026-05-03T23:00:11.8460608Z [command]/usr/bin/sh -c \printf 'hw.cpu.ncore=2\n' >> /home/runner/.android/avd/test.avd/config.ini
2026-05-03T23:00:11.8483023Z ##[endgroup]
2026-05-03T23:00:11.8485021Z ##[group]Launch Emulator
2026-05-03T23:00:11.8485575Z Starting emulator.
2026-05-03T23:00:11.8500181Z [command]/usr/bin/sh -c \/usr/local/lib/android/sdk/emulator/emulator -port 5554 -avd test -no-window -gpu swiftshader_indirect -no-snapshot -noaudio -no-boot-anim &
2026-05-03T23:00:11.8647478Z INFO         | Android emulator version 36.5.11.0 (build_id 15261927) (CL:N/A)
2026-05-03T23:00:11.8648344Z INFO         | Graphics backend: gfxstream
2026-05-03T23:00:11.8649031Z INFO         | Found systemPath /usr/local/lib/android/sdk/system-images/android-34/google_apis/x86_64/
2026-05-03T23:00:12.3088736Z INFO         | Increasing RAM size to 2048MB
2026-05-03T23:00:12.3089396Z ##############################################################################
2026-05-03T23:00:12.3089973Z ##                        WARNING - ACTION REQUIRED                         ##
2026-05-03T23:00:12.3090572Z ##  Consider using the '-metrics-collection' flag to help improve the       ##
2026-05-03T23:00:12.3091199Z ##  emulator by sending anonymized usage data. Or use the '-no-metrics'     ##
2026-05-03T23:00:12.3091841Z ##  flag to bypass this warning and turn off the metrics collection.        ##
2026-05-03T23:00:12.3092459Z ##  In a future release this warning will turn into a one-time blocking     ##
2026-05-03T23:00:12.3093074Z ##  prompt to ask for explicit user input regarding metrics collection.     ##
2026-05-03T23:00:12.3093603Z ##                                                                          ##
2026-05-03T23:00:12.3094453Z ##  Please see '-help-metrics-collection' for more details. You can use     ##
2026-05-03T23:00:12.3095331Z ##  '-metrics-to-file' or '-metrics-to-console' flags to see what type of   ##
2026-05-03T23:00:12.3096309Z ##  data is being collected by emulator as part of usage statistics.        ##
2026-05-03T23:00:12.3097140Z ##############################################################################
2026-05-03T23:00:12.3098017Z INFO         | Guest GLES Driver: Auto (ext controls)
2026-05-03T23:00:12.3099073Z INFO         | emuglConfig_init: vulkan_mode_selected:swiftshader gles_mode_selected:swiftshader
2026-05-03T23:00:12.3100017Z INFO         | Checking system compatibility:
2026-05-03T23:00:12.3101095Z INFO         |   Checking: hasSufficientDiskSpace
2026-05-03T23:00:12.3101951Z INFO         |      Ok: Disk space requirements to run avd: `test` are met
2026-05-03T23:00:12.3102720Z INFO         |   Checking: hasSufficientHwGpu
2026-05-03T23:00:12.3103497Z INFO         |      Ok: Hardware GPU compatibility checks are not required
2026-05-03T23:00:12.3104252Z INFO         |   Checking: hasSufficientSystem
2026-05-03T23:00:12.3105037Z INFO         |      Ok: System requirements to run avd: `test` are met
2026-05-03T23:00:12.3105822Z ERROR        | Unable to connect to adb daemon on port: 5037
2026-05-03T23:00:12.3108643Z INFO         | Storing crashdata in: /tmp/android-runner/emu-crash-36.5.11.db, detection is enabled for process: 3002
2026-05-03T23:00:12.3109721Z INFO         | Initializing gfxstream backend
2026-05-03T23:00:12.3117325Z INFO         | android_startOpenglesRenderer: gpu info
2026-05-03T23:00:12.3118095Z INFO         | 
2026-05-03T23:00:12.3120552Z INFO         | initIcdPaths: ICD set to 'swiftshader', using Swiftshader ICD
2026-05-03T23:00:12.3121963Z INFO         | Setting ICD filenames for the loader = /usr/local/lib/android/sdk/emulator/lib64/vulkan/vk_swiftshader_icd.json
2026-05-03T23:00:12.3123195Z INFO         | SharedLibrary::open for [/usr/local/lib/android/sdk/emulator/qemu/linux-x86_64/lib64/vulkan/libvulkan.so]
2026-05-03T23:00:12.3124411Z INFO         | SharedLibrary::open for [/usr/local/lib/android/sdk/emulator/qemu/linux-x86_64/lib64/vulkan/libvulkan.so.1]
2026-05-03T23:00:12.3125741Z INFO         | SharedLibrary::open for [/usr/local/lib/android/sdk/emulator/lib64/vulkan/libvulkan.so]
2026-05-03T23:00:12.3126555Z INFO         | Added library: /usr/local/lib/android/sdk/emulator/lib64/vulkan/libvulkan.so
2026-05-03T23:00:12.3376946Z INFO         | Selecting Vulkan device: SwiftShader Device (Subzero), Version: 1.3.0
2026-05-03T23:00:12.3527941Z INFO         | SharedLibrary::open for [libX11]
2026-05-03T23:00:12.3528621Z WARNING      | Could not open libX11.so, try libX11.so.6
2026-05-03T23:00:12.3529413Z INFO         | SharedLibrary::open for [libX11.so.6]
2026-05-03T23:00:12.3530133Z INFO         | SharedLibrary::open for [libX11-xcb]
2026-05-03T23:00:12.3530959Z WARNING      | Could not open libX11-xcb.so, try libX11-xcb.so.1
2026-05-03T23:00:12.3531760Z INFO         | SharedLibrary::open for [libX11-xcb.so.1]
2026-05-03T23:00:12.3625321Z INFO         | Initializing VkEmulation features:
2026-05-03T23:00:12.3625943Z INFO         |     glInteropSupported: false
2026-05-03T23:00:12.3626384Z INFO         |     useDeferredCommands: true
2026-05-03T23:00:12.3626831Z INFO         |     createResourceWithRequirements: true
2026-05-03T23:00:12.3627357Z INFO         |     useVulkanComposition: false
2026-05-03T23:00:12.3628226Z INFO         |     useVulkanNativeSwapchain: false
2026-05-03T23:00:12.3628935Z INFO         |     enable guestRenderDoc: false
2026-05-03T23:00:12.3629573Z INFO         |     ASTC LDR emulation mode: Gpu
2026-05-03T23:00:12.3630261Z INFO         |     enable ETC2 emulation: true
2026-05-03T23:00:12.3630914Z INFO         |     enable Ycbcr emulation: false
2026-05-03T23:00:12.3631571Z INFO         |     guestVulkanOnly: false
2026-05-03T23:00:12.3632254Z INFO         |     useDedicatedAllocations: false
2026-05-03T23:00:12.3633437Z INFO         |     guestVulkanMaxApiVersion: 1.3.0
2026-05-03T23:00:12.3634453Z INFO         | Graphics Adapter Vendor Google (Google Inc.)
2026-05-03T23:00:12.3635758Z INFO         | Graphics Adapter Android Emulator OpenGL ES Translator (Google SwiftShader)
2026-05-03T23:00:12.3636852Z INFO         | Graphics API Version OpenGL ES 3.0 (OpenGL ES 3.0 SwiftShader 4.0.0.1)
2026-05-03T23:00:12.3640486Z INFO         | Graphics API Extensions GL_OES_EGL_sync GL_OES_EGL_image GL_OES_EGL_image_external GL_OES_depth24 GL_OES_depth32 GL_OES_element_index_uint GL_OES_texture_float GL_OES_texture_float_linear GL_OES_compressed_paletted_texture GL_OES_compressed_ETC1_RGB8_texture GL_OES_depth_texture GL_OES_texture_half_float GL_OES_texture_half_float_linear GL_OES_packed_depth_stencil GL_OES_vertex_half_float GL_OES_standard_derivatives GL_OES_texture_npot GL_OES_rgb8_rgba8 GL_EXT_color_buffer_float GL_EXT_color_buffer_half_float GL_EXT_texture_format_BGRA8888 GL_APPLE_texture_format_BGRA8888 
2026-05-03T23:00:12.3642868Z INFO         | Graphics Device Extensions N/A
2026-05-03T23:00:12.3658102Z INFO         | Disabling sparse binding feature support
2026-05-03T23:00:12.3709816Z INFO         | Sending adb public key [QAAAAA2VAPM7vra9u13t7NzeMOc5Ae1CoBNpR1eWi4MqLZlW4egfJIAGAQe6SJkl5eeIuF3hyWKcfx7eycHbv2uOSfC5aFYd7nfIWfq5E7QyDWD9FNSFV6Sd37vcQWUXhAgTQ+G3AYka6DoVgVmy3uc7hcl23ERvL7Oy0CJydMQHHMtNH9kyrrid/dkjdk1Wd/hisYns5cIYAmTf01cUzBNmLwQx1vd1id4pt0xA/9ZV4tdCux0DGgG7+dQHL3NAjR0BAq/x2qFkmlZND8KUaumyiv6kG0y+Od1JFbyKcGmJB5qYlu2ufrj5Kp7Y7bXbtDeJ6R8PlhIU7fbdTnbcGXBdre1baGOtEfw3sjH3SCHKmBT+08bXJYsS9re5Bq0hhTUeUm6XuaMembdYaef5pvVqbv06CUgaW342guGcMU4hgWLqDiua8CBqxZ/rLukSzGmnTbvngVsj/urbBiRgKQIOSEshFw3BVkTdfUyOvbsF9B8kExMDAG+ozZ9FWc/TrthBiL1CFcV5tVTPRt8Oa3K5mXbLc1bbZW4QCBCUrB28hvqq0wI5X8SPnklnxgugvTc+SELW9uOM9/Ml3N85XRJEh5qO4HnXraO4eSSqBpigckC7y2O81xlOvPwIaZ9X0UOh/e6q/UWY12De4LCQoUA0ZoK0sLw95WEgqm5kBNDbL0ljdSZwNAEAAQA= runner@unknown]
2026-05-03T23:00:12.3715891Z INFO         | Userspace boot properties:
2026-05-03T23:00:12.3716857Z INFO         |   androidboot.boot_devices=pci0000:00/0000:00:03.0 pci0000:00/0000:00:06.0
2026-05-03T23:00:12.3717958Z INFO         |   androidboot.dalvik.vm.heapsize=512m
2026-05-03T23:00:12.3718648Z INFO         |   androidboot.debug.hwui.renderer=skiagl
2026-05-03T23:00:12.3719153Z INFO         |   androidboot.debug.sf.nobootanimation=1
2026-05-03T23:00:12.3719625Z INFO         |   androidboot.hardware=ranchu
2026-05-03T23:00:12.3720081Z INFO         |   androidboot.hardware.gltransport=pipe
2026-05-03T23:00:12.3720536Z INFO         |   androidboot.hardware.vulkan=ranchu
2026-05-03T23:00:12.3721252Z INFO         |   androidboot.logcat=*:V
2026-05-03T23:00:12.3721701Z INFO         |   androidboot.opengles.version=196608
2026-05-03T23:00:12.3722106Z INFO         |   androidboot.qemu=1
2026-05-03T23:00:12.3726295Z INFO         |   androidboot.qemu.adb.pubkey=QAAAAA2VAPM7vra9u13t7NzeMOc5Ae1CoBNpR1eWi4MqLZlW4egfJIAGAQe6SJkl5eeIuF3hyWKcfx7eycHbv2uOSfC5aFYd7nfIWfq5E7QyDWD9FNSFV6Sd37vcQWUXhAgTQ+G3AYka6DoVgVmy3uc7hcl23ERvL7Oy0CJydMQHHMtNH9kyrrid/dkjdk1Wd/hisYns5cIYAmTf01cUzBNmLwQx1vd1id4pt0xA/9ZV4tdCux0DGgG7+dQHL3NAjR0BAq/x2qFkmlZND8KUaumyiv6kG0y+Od1JFbyKcGmJB5qYlu2ufrj5Kp7Y7bXbtDeJ6R8PlhIU7fbdTnbcGXBdre1baGOtEfw3sjH3SCHKmBT+08bXJYsS9re5Bq0hhTUeUm6XuaMembdYaef5pvVqbv06CUgaW342guGcMU4hgWLqDiua8CBqxZ/rLukSzGmnTbvngVsj/urbBiRgKQIOSEshFw3BVkTdfUyOvbsF9B8kExMDAG+ozZ9FWc/TrthBiL1CFcV5tVTPRt8Oa3K5mXbLc1bbZW4QCBCUrB28hvqq0wI5X8SPnklnxgugvTc+SELW9uOM9/Ml3N85XRJEh5qO4HnXraO4eSSqBpigckC7y2O81xlOvPwIaZ9X0UOh/e6q/UWY12De4LCQoUA0ZoK0sLw95WEgqm5kBNDbL0ljdSZwNAEAAQA= runner@unknown
2026-05-03T23:00:12.3730053Z INFO         |   androidboot.qemu.avd_name=test
2026-05-03T23:00:12.3730545Z INFO         |   androidboot.qemu.camera_hq_edge_processing=0
2026-05-03T23:00:12.3731074Z INFO         |   androidboot.qemu.camera_protocol_ver=1
2026-05-03T23:00:12.3731577Z INFO         |   androidboot.qemu.cpuvulkan.version=4202496
2026-05-03T23:00:12.3732130Z INFO         |   androidboot.qemu.gltransport.drawFlushInterval=800
2026-05-03T23:00:12.3732654Z INFO         |   androidboot.qemu.gltransport.name=pipe
2026-05-03T23:00:12.3733119Z INFO         |   androidboot.qemu.hwcodec.avcdec=2
2026-05-03T23:00:12.3733567Z INFO         |   androidboot.qemu.hwcodec.hevcdec=2
2026-05-03T23:00:12.3734003Z INFO         |   androidboot.qemu.hwcodec.vpxdec=2
2026-05-03T23:00:12.3734547Z INFO         |   androidboot.qemu.settings.system.screen_off_timeout=2147483647
2026-05-03T23:00:12.3735071Z INFO         |   androidboot.qemu.skin=1080x2400
2026-05-03T23:00:12.3735489Z INFO         |   androidboot.qemu.virtiowifi=1
2026-05-03T23:00:12.3735899Z INFO         |   androidboot.qemu.vsync=60
2026-05-03T23:00:12.3736335Z INFO         |   androidboot.serialno=EMULATOR36X5X11X0
2026-05-03T23:00:12.3737171Z INFO         |   androidboot.vbmeta.digest=451e57ed688ff746d2c636d52169ade253e2bc5bb30a5c3ff23679ca15d3bcd3
2026-05-03T23:00:12.3737973Z INFO         |   androidboot.vbmeta.hash_alg=sha256
2026-05-03T23:00:12.3738400Z INFO         |   androidboot.vbmeta.size=6656
2026-05-03T23:00:12.3738823Z INFO         |   androidboot.veritymode=enforcing
2026-05-03T23:00:12.3929244Z WARNING: cannnot unmap ptr 0x7f77f0001000 as it is in the protected range from 0x7f7770000000 to 0x7f77f0200000
2026-05-03T23:00:12.4090947Z INFO         | Monitoring duration of emulator setup.
2026-05-03T23:00:15.4177161Z INFO         | Activated packet streamer for bluetooth emulation
2026-05-03T23:00:15.4201748Z INFO         | Successfully initialized netsim WiFi
2026-05-03T23:00:15.4254508Z INFO         | Setting display: 0 configuration to: 1080x2400, dpi: 420x420 
2026-05-03T23:00:15.4255575Z INFO         | setDisplayActiveConfig: id:0, 1080x2400
2026-05-03T23:00:15.4256988Z INFO         | emulatorSetupEnvironment: Setting up screen background view and display layout at env:1080x2400, lcd:1080x2400
2026-05-03T23:00:15.4258108Z INFO         | emulatorSetupEnvironment: Environment scene is not required
2026-05-03T23:00:15.4324573Z USER_INFO    | Emulator is performing a full startup. This may take upto two minutes, or more.
2026-05-03T23:00:15.4327474Z WARNING      | Failed to process .ini file /home/runner/.android/emu-update-last-check.ini for reading.
2026-05-03T23:00:15.6534225Z WARNING      | Failed to process .ini file /home/runner/.android/emu-update-last-check.ini for reading.
2026-05-03T23:00:21.8570562Z [command]/usr/local/lib/android/sdk/platform-tools/adb -s emulator-5554 shell getprop sys.boot_completed
2026-05-03T23:00:21.8604716Z * daemon not running; starting now at tcp:5037
2026-05-03T23:00:21.8645389Z * daemon started successfully
2026-05-03T23:00:21.8650101Z adb: device offline
2026-05-03T23:00:21.8654583Z The process '/usr/local/lib/android/sdk/platform-tools/adb' failed with exit code 1
2026-05-03T23:00:23.8700187Z [command]/usr/local/lib/android/sdk/platform-tools/adb -s emulator-5554 shell getprop sys.boot_completed
2026-05-03T23:00:23.8737948Z adb: device offline
2026-05-03T23:00:23.8739486Z The process '/usr/local/lib/android/sdk/platform-tools/adb' failed with exit code 1
2026-05-03T23:00:25.8784771Z [command]/usr/local/lib/android/sdk/platform-tools/adb -s emulator-5554 shell getprop sys.boot_completed
2026-05-03T23:00:25.8833612Z adb: device offline
2026-05-03T23:00:25.8837326Z The process '/usr/local/lib/android/sdk/platform-tools/adb' failed with exit code 1
2026-05-03T23:00:27.8930117Z [command]/usr/local/lib/android/sdk/platform-tools/adb -s emulator-5554 shell getprop sys.boot_completed
2026-05-03T23:00:27.9700108Z 
2026-05-03T23:00:29.9739539Z [command]/usr/local/lib/android/sdk/platform-tools/adb -s emulator-5554 shell getprop sys.boot_completed
2026-05-03T23:00:30.0172825Z 
2026-05-03T23:00:32.0226427Z [command]/usr/local/lib/android/sdk/platform-tools/adb -s emulator-5554 shell getprop sys.boot_completed
2026-05-03T23:00:32.0558171Z 
2026-05-03T23:00:34.0649845Z [command]/usr/local/lib/android/sdk/platform-tools/adb -s emulator-5554 shell getprop sys.boot_completed
2026-05-03T23:00:34.0907306Z 
2026-05-03T23:00:36.0979625Z [command]/usr/local/lib/android/sdk/platform-tools/adb -s emulator-5554 shell getprop sys.boot_completed
2026-05-03T23:00:36.1180115Z 
2026-05-03T23:00:38.1220742Z [command]/usr/local/lib/android/sdk/platform-tools/adb -s emulator-5554 shell getprop sys.boot_completed
2026-05-03T23:00:38.1436532Z 
2026-05-03T23:00:40.1490580Z [command]/usr/local/lib/android/sdk/platform-tools/adb -s emulator-5554 shell getprop sys.boot_completed
2026-05-03T23:00:40.1774202Z 
2026-05-03T23:00:42.1816994Z [command]/usr/local/lib/android/sdk/platform-tools/adb -s emulator-5554 shell getprop sys.boot_completed
2026-05-03T23:00:42.2176429Z 
2026-05-03T23:00:44.2217957Z [command]/usr/local/lib/android/sdk/platform-tools/adb -s emulator-5554 shell getprop sys.boot_completed
2026-05-03T23:00:44.2458332Z 
2026-05-03T23:00:46.2499611Z [command]/usr/local/lib/android/sdk/platform-tools/adb -s emulator-5554 shell getprop sys.boot_completed
2026-05-03T23:00:46.2722442Z 
2026-05-03T23:00:48.2783963Z [command]/usr/local/lib/android/sdk/platform-tools/adb -s emulator-5554 shell getprop sys.boot_completed
2026-05-03T23:00:48.3560245Z 
2026-05-03T23:00:50.3629943Z [command]/usr/local/lib/android/sdk/platform-tools/adb -s emulator-5554 shell getprop sys.boot_completed
2026-05-03T23:00:50.3948377Z 
2026-05-03T23:00:52.0162760Z INFO         | Boot completed in 40124 ms
2026-05-03T23:00:52.0165833Z INFO         | Increasing screen off timeout, logcat buffer size to 2M.
2026-05-03T23:00:52.4029696Z [command]/usr/local/lib/android/sdk/platform-tools/adb -s emulator-5554 shell getprop sys.boot_completed
2026-05-03T23:00:52.4559404Z 1
2026-05-03T23:00:52.4588371Z Emulator booted.
2026-05-03T23:00:52.4612767Z [command]/usr/local/lib/android/sdk/platform-tools/adb -s emulator-5554 shell input keyevent 82
2026-05-03T23:00:59.1349644Z Disabling animations.
2026-05-03T23:00:59.1389162Z [command]/usr/local/lib/android/sdk/platform-tools/adb -s emulator-5554 shell settings put global window_animation_scale 0.0
2026-05-03T23:00:59.4018151Z [command]/usr/local/lib/android/sdk/platform-tools/adb -s emulator-5554 shell settings put global transition_animation_scale 0.0
2026-05-03T23:00:59.5752203Z [command]/usr/local/lib/android/sdk/platform-tools/adb -s emulator-5554 shell settings put global animator_duration_scale 0.0
2026-05-03T23:00:59.7110450Z ##[endgroup]
2026-05-03T23:00:59.7138622Z [command]/usr/bin/sh -c adb devices
2026-05-03T23:00:59.7182044Z List of devices attached
2026-05-03T23:00:59.7182616Z emulator-5554	device
2026-05-03T23:00:59.7182890Z 
2026-05-03T23:00:59.7213973Z [command]/usr/bin/sh -c adb shell settings put global window_animation_scale 0
2026-05-03T23:01:00.0060489Z [command]/usr/bin/sh -c adb shell settings put global transition_animation_scale 0
2026-05-03T23:01:00.2864389Z [command]/usr/bin/sh -c adb shell settings put global animator_duration_scale 0
2026-05-03T23:01:00.3903052Z [command]/usr/bin/sh -c adb shell "ping -c 1 10.0.2.2 || true"
2026-05-03T23:01:00.5154668Z PING 10.0.2.2 (10.0.2.2) 56(84) bytes of data.
2026-05-03T23:01:00.5155485Z 64 bytes from 10.0.2.2: icmp_seq=1 ttl=255 time=1.66 ms
2026-05-03T23:01:00.5155886Z 
2026-05-03T23:01:00.5156155Z --- 10.0.2.2 ping statistics ---
2026-05-03T23:01:00.5156833Z 1 packets transmitted, 1 received, 0% packet loss, time 0ms
2026-05-03T23:01:00.5157529Z rtt min/avg/max/mdev = 1.661/1.661/1.661/0.000 ms
2026-05-03T23:01:00.5549560Z [command]/usr/bin/sh -c ./gradlew connectedDebugAndroidTest --no-daemon --continue
2026-05-03T23:01:02.0550488Z To honour the JVM settings for this build a single-use Daemon process will be forked. For more on this, please refer to https://docs.gradle.org/9.3.1/userguide/gradle_daemon.html#sec:disabling_the_daemon in the Gradle documentation.
2026-05-03T23:01:06.8529148Z Daemon will be stopped at the end of the build 
2026-05-03T23:01:07.5507456Z Configuration on demand is an incubating feature.
2026-05-03T23:01:17.9537352Z 
2026-05-03T23:01:17.9560237Z > Configure project :app
2026-05-03T23:01:17.9580361Z WARNING: The option setting 'android.builtInKotlin=false' is deprecated.
2026-05-03T23:01:17.9633735Z The current default is 'true'.
2026-05-03T23:01:17.9635531Z It will be removed in version 10.0 of the Android Gradle plugin.
2026-05-03T23:01:17.9658973Z WARNING: The option setting 'android.newDsl=false' is deprecated.
2026-05-03T23:01:17.9686172Z The current default is 'true'.
2026-05-03T23:01:17.9687182Z It will be removed in version 10.0 of the Android Gradle plugin.
2026-05-03T23:01:17.9688591Z WARNING: The option setting 'android.dependency.excludeLibraryComponentsFromConstraints=true' is deprecated.
2026-05-03T23:01:17.9689526Z The current default is 'false'.
2026-05-03T23:01:17.9690220Z It will be removed in version 10.0 of the Android Gradle plugin.
2026-05-03T23:01:17.9691411Z Following can be set instead to achieve a similar behaviour.
2026-05-03T23:01:17.9692133Z     android.dependency.useConstraints=false
2026-05-03T23:01:30.4570585Z w: file:///home/runner/work/prismTask/prismTask/app/build.gradle.kts:13:1: 'fun Project.android(configure: Action<BaseAppModuleExtension>): Unit' is deprecated. Replaced by com.android.build.api.dsl.ApplicationExtension.
2026-05-03T23:01:30.4599442Z This class is not used for the public extensions in AGP when android.newDsl=true, which is the default in AGP 9.0, and will be removed in AGP 10.0.
2026-05-03T23:01:30.4660195Z w: file:///home/runner/work/prismTask/prismTask/app/build.gradle.kts:249:1: 'val Project.android: BaseAppModuleExtension' is deprecated. Replaced by com.android.build.api.dsl.ApplicationExtension.
2026-05-03T23:01:30.4684438Z This class is not used for the public extensions in AGP when android.newDsl=true, which is the default in AGP 9.0, and will be removed in AGP 10.0.
2026-05-03T23:01:32.7548322Z w: ⚠️ Deprecated 'org.jetbrains.kotlin.android' plugin usage
2026-05-03T23:01:32.7549829Z The 'org.jetbrains.kotlin.android' plugin in project ':app' is no longer required for Kotlin support since AGP 9.0.
2026-05-03T23:01:32.7552761Z Solution: Remove both `android.builtInKotlin=true` and `android.newDsl=false` from `gradle.properties`, then migrate to built-in Kotlin.
2026-05-03T23:01:32.7580077Z See https://kotl.in/gradle/agp-built-in-kotlin for more details.
2026-05-03T23:01:32.7612472Z 
2026-05-03T23:01:35.1508336Z 
2026-05-03T23:01:35.1561311Z > Task :app:checkKotlinGradlePluginConfigurationErrors SKIPPED
2026-05-03T23:01:35.1588637Z > Task :app:preBuild UP-TO-DATE
2026-05-03T23:01:35.1619152Z > Task :app:preDebugBuild UP-TO-DATE
2026-05-03T23:01:35.3510375Z > Task :app:generateDebugBuildConfig
2026-05-03T23:01:35.3538691Z > Task :app:generateDebugResValues FROM-CACHE
2026-05-03T23:01:35.4539142Z > Task :app:generateDebugResources FROM-CACHE
2026-05-03T23:01:35.4558795Z > Task :app:injectCrashlyticsMappingFileIdDebug
2026-05-03T23:01:35.4588684Z > Task :app:processDebugGoogleServices FROM-CACHE
2026-05-03T23:01:35.5509182Z > Task :app:packageDebugResources FROM-CACHE
2026-05-03T23:01:36.9502886Z > Task :app:processDebugNavigationResources FROM-CACHE
2026-05-03T23:01:37.2510906Z > Task :app:parseDebugLocalResources FROM-CACHE
2026-05-03T23:01:37.2538803Z > Task :app:generateDebugRFile FROM-CACHE
2026-05-03T23:01:39.1521300Z > Task :app:javaPreCompileDebug FROM-CACHE
2026-05-03T23:01:39.1588790Z > Task :app:generateDebugAssets UP-TO-DATE
2026-05-03T23:01:39.4523805Z > Task :app:mergeDebugAssets
2026-05-03T23:01:39.4530506Z > Task :app:compressDebugAssets FROM-CACHE
2026-05-03T23:01:39.4559998Z > Task :app:desugarDebugFileDependencies FROM-CACHE
2026-05-03T23:01:39.6549011Z > Task :app:mapDebugSourceSetPaths
2026-05-03T23:01:39.6608754Z > Task :app:compileDebugNavigationResources FROM-CACHE
2026-05-03T23:01:39.6620605Z > Task :app:checkDebugAarMetadata
2026-05-03T23:01:40.0511796Z > Task :app:mergeDebugResources FROM-CACHE
2026-05-03T23:01:40.0550751Z > Task :app:createDebugCompatibleScreenManifests
2026-05-03T23:01:40.1539187Z > Task :app:extractDeepLinksDebug FROM-CACHE
2026-05-03T23:01:41.0525001Z > Task :app:processDebugMainManifest
2026-05-03T23:01:41.2529194Z > Task :app:processDebugManifest
2026-05-03T23:01:41.8518970Z > Task :app:mergeDebugJniLibFolders
2026-05-03T23:01:42.0517577Z > Task :app:checkDebugDuplicateClasses
2026-05-03T23:01:42.1528901Z > Task :app:processDebugManifestForPackage
2026-05-03T23:01:42.1558892Z > Task :app:mergeDebugNativeLibs
2026-05-03T23:01:44.8549372Z > Task :app:mergeExtDexDebug FROM-CACHE
2026-05-03T23:01:44.8578814Z > Task :app:mergeLibDexDebug FROM-CACHE
2026-05-03T23:01:44.8619458Z > Task :app:validateSigningDebug
2026-05-03T23:01:44.8658571Z > Task :app:writeDebugAppMetadata
2026-05-03T23:01:44.9532575Z > Task :app:writeDebugSigningConfigVersions
2026-05-03T23:01:44.9653059Z > Task :app:preDebugAndroidTestBuild SKIPPED
2026-05-03T23:01:45.2549253Z > Task :app:processDebugResources
2026-05-03T23:01:45.3528884Z > Task :app:stripDebugDebugSymbols
2026-05-03T23:01:45.4534083Z > Task :app:processDebugAndroidTestManifest
2026-05-03T23:01:45.4598722Z > Task :app:generateDebugAndroidTestBuildConfig FROM-CACHE
2026-05-03T23:01:45.4628580Z > Task :app:generateDebugAndroidTestResValues FROM-CACHE
2026-05-03T23:01:45.4648911Z > Task :app:generateDebugAndroidTestResources FROM-CACHE
2026-05-03T23:01:45.5539368Z > Task :app:packageDebugAndroidTestResources FROM-CACHE
2026-05-03T23:01:45.5540858Z > Task :app:processDebugAndroidTestNavigationResources FROM-CACHE
2026-05-03T23:01:45.5567589Z > Task :app:parseDebugAndroidTestLocalResources FROM-CACHE
2026-05-03T23:01:45.5568643Z > Task :app:generateDebugAndroidTestRFile FROM-CACHE
2026-05-03T23:01:45.5571042Z > Task :app:javaPreCompileDebugAndroidTest FROM-CACHE
2026-05-03T23:01:45.5572075Z > Task :app:generateDebugAndroidTestAssets UP-TO-DATE
2026-05-03T23:01:45.6520097Z > Task :app:mergeDebugAndroidTestAssets
2026-05-03T23:01:45.6525176Z > Task :app:compressDebugAndroidTestAssets FROM-CACHE
2026-05-03T23:01:45.6548984Z > Task :app:desugarDebugAndroidTestFileDependencies FROM-CACHE
2026-05-03T23:01:45.6609367Z > Task :app:checkDebugAndroidTestAarMetadata
2026-05-03T23:01:45.6640473Z > Task :app:mapDebugAndroidTestSourceSetPaths
2026-05-03T23:01:45.6642885Z > Task :app:compileDebugAndroidTestNavigationResources FROM-CACHE
2026-05-03T23:01:45.8549676Z > Task :app:mergeDebugAndroidTestResources FROM-CACHE
2026-05-03T23:01:46.1513391Z > Task :app:processDebugAndroidTestResources FROM-CACHE
2026-05-03T23:01:46.2505184Z > Task :app:mergeDebugAndroidTestJniLibFolders
2026-05-03T23:01:46.2528720Z > Task :app:checkDebugAndroidTestDuplicateClasses
2026-05-03T23:01:46.3569221Z > Task :app:mergeDebugAndroidTestNativeLibs
2026-05-03T23:01:46.5514922Z > Task :app:mergeExtDexDebugAndroidTest FROM-CACHE
2026-05-03T23:01:46.6504478Z > Task :app:mergeLibDexDebugAndroidTest FROM-CACHE
2026-05-03T23:01:46.6528501Z > Task :app:validateSigningDebugAndroidTest
2026-05-03T23:01:46.6558676Z > Task :app:writeDebugAndroidTestSigningConfigVersions
2026-05-03T23:01:46.6588522Z > Task :app:stripDebugAndroidTestDebugSymbols
2026-05-03T23:02:07.2502655Z > Task :app:kspDebugKotlin
2026-05-03T23:03:12.5502302Z > Task :app:compileDebugKotlin
2026-05-03T23:03:54.9540006Z e: file:///home/runner/work/prismTask/prismTask/app/src/main/java/com/averycorp/prismtask/data/remote/mapper/SyncMapper.kt:335:21 Unresolved reference 'TaskDependencyEntity'.
2026-05-03T23:03:54.9569273Z e: file:///home/runner/work/prismTask/prismTask/app/src/main/java/com/averycorp/prismtask/data/remote/mapper/SyncMapper.kt:339:33 Unresolved reference 'id'.
2026-05-03T23:03:54.9571686Z e: file:///home/runner/work/prismTask/prismTask/app/src/main/java/com/averycorp/prismtask/data/remote/mapper/SyncMapper.kt:342:35 Unresolved reference 'createdAt'.
2026-05-03T23:03:54.9599435Z e: file:///home/runner/work/prismTask/prismTask/app/src/main/java/com/averycorp/prismtask/data/remote/mapper/SyncMapper.kt:351:8 Unresolved reference 'TaskDependencyEntity'.
2026-05-03T23:03:54.9629421Z e: file:///home/runner/work/prismTask/prismTask/app/src/main/java/com/averycorp/prismtask/data/remote/mapper/SyncMapper.kt:352:9 Unresolved reference 'TaskDependencyEntity'.
2026-05-03T23:03:54.9630756Z 
2026-05-03T23:03:54.9653822Z > Task :app:compileDebugKotlin FAILED
2026-05-03T23:03:55.0507198Z gradle/actions: Writing build results to /home/runner/work/_temp/.gradle-actions/build-results/__reactivecircus_android-emulator-runner-1777849269926.json
2026-05-03T23:03:55.0508535Z 
2026-05-03T23:03:55.0509865Z [Incubating] Problems report is available at: file:///home/runner/work/prismTask/prismTask/build/reports/problems/problems-report.html
2026-05-03T23:03:55.0510935Z 
2026-05-03T23:03:55.0511349Z FAILURE: Build failed with an exception.
2026-05-03T23:03:55.0511820Z 
2026-05-03T23:03:55.0512118Z * What went wrong:
2026-05-03T23:03:55.0512852Z Execution failed for task ':app:compileDebugKotlin'.
2026-05-03T23:03:55.0517368Z > A failure occurred while executing org.jetbrains.kotlin.compilerRunner.btapi.BuildToolsApiCompilationWork
2026-05-03T23:03:55.0520737Z    > Compilation error. See log for more details
2026-05-03T23:03:55.0521387Z 
2026-05-03T23:03:55.0521713Z * Try:
2026-05-03T23:03:55.0522435Z > Run with --stacktrace option to get the stack trace.
2026-05-03T23:03:55.0523426Z > Run with --info or --debug option to get more log output.
2026-05-03T23:03:55.0526595Z > Run with --scan to get full insights from a Build Scan (powered by Develocity).
2026-05-03T23:03:55.0527654Z > Get more help at https://help.gradle.org.
2026-05-03T23:03:55.0528371Z 
2026-05-03T23:03:55.0528696Z BUILD FAILED in 2m 54s
2026-05-03T23:03:55.0529161Z 
2026-05-03T23:03:55.0529935Z Deprecated Gradle features were used in this build, making it incompatible with Gradle 10.
2026-05-03T23:03:55.0530725Z 
2026-05-03T23:03:55.0531785Z You can use '--warning-mode all' to show the individual deprecation warnings and determine if they come from your own scripts or plugins.
2026-05-03T23:03:55.0532813Z 
2026-05-03T23:03:55.0534004Z For more on this, please refer to https://docs.gradle.org/9.3.1/userguide/command_line_interface.html#sec:command_line_warnings in the Gradle documentation.
2026-05-03T23:03:55.0535396Z 59 actionable tasks: 29 executed, 30 from cache
2026-05-03T23:03:55.4893166Z ##[error]The process '/usr/bin/sh' failed with exit code 1
2026-05-03T23:03:55.4903059Z ##[group]Terminate Emulator
2026-05-03T23:03:55.4903706Z [command]/usr/local/lib/android/sdk/platform-tools/adb -s emulator-5554 emu kill
2026-05-03T23:03:55.4930130Z OK: killing emulator, bye bye
2026-05-03T23:03:55.4930510Z OK
2026-05-03T23:03:55.4933537Z ##[endgroup]
2026-05-03T23:03:55.4959566Z INFO         | Wait for emulator (pid 3002) 20 seconds to shutdown gracefully before kill;you can set environment variable ANDROID_EMULATOR_WAIT_TIME_BEFORE_KILL(in seconds) to change the default value (20 seconds)
2026-05-03T23:03:55.4960844Z 
2026-05-03T23:03:55.5064248Z USER_INFO    | Snapshots have been disabled by the user, save request is ignored.
2026-05-03T23:03:55.5065647Z INFO         | Saving snapshot 'default_boot' using 0 ms
2026-05-03T23:03:56.5095493Z ERROR        | stop: Not implemented
2026-05-03T23:03:56.5096475Z WARNING      | Emulator client has not yet been configured.. Call configure me first!
2026-05-03T23:03:56.5657553Z WARNING      | Netsim Wifi localhost:34189 is gone due to CANCELLED
2026-05-03T23:03:57.1903777Z ##[group]Run if [ -n "${FIREBASE_EMULATORS_PID:-}" ]; then
2026-05-03T23:03:57.1904280Z [36;1mif [ -n "${FIREBASE_EMULATORS_PID:-}" ]; then[0m
2026-05-03T23:03:57.1904677Z [36;1m  kill "$FIREBASE_EMULATORS_PID" || true[0m
2026-05-03T23:03:57.1905089Z [36;1m  wait "$FIREBASE_EMULATORS_PID" 2>/dev/null || true[0m
2026-05-03T23:03:57.1905449Z [36;1mfi[0m
2026-05-03T23:03:57.2391027Z shell: /usr/bin/bash -e {0}
2026-05-03T23:03:57.2391364Z env:
2026-05-03T23:03:57.2391625Z   USE_FIREBASE_EMULATOR: true
2026-05-03T23:03:57.2392081Z   JAVA_HOME: /opt/hostedtoolcache/Java_Temurin-Hotspot_jdk/21.0.10-7/x64
2026-05-03T23:03:57.2392638Z   JAVA_HOME_21_X64: /opt/hostedtoolcache/Java_Temurin-Hotspot_jdk/21.0.10-7/x64
2026-05-03T23:03:57.2393101Z   GRADLE_ACTION_ID: gradle/actions/setup-gradle
2026-05-03T23:03:57.2393452Z   GRADLE_USER_HOME: /home/runner/.gradle
2026-05-03T23:03:57.2393792Z   GRADLE_BUILD_ACTION_SETUP_COMPLETED: true
2026-05-03T23:03:57.2394183Z   GRADLE_BUILD_ACTION_CACHE_RESTORED: true
2026-05-03T23:03:57.2394668Z   DEVELOCITY_INJECTION_INIT_SCRIPT_NAME: gradle-actions.inject-develocity.init.gradle
2026-05-03T23:03:57.2395182Z   DEVELOCITY_INJECTION_CUSTOM_VALUE: gradle-actions
2026-05-03T23:03:57.2395541Z   GITHUB_DEPENDENCY_GRAPH_ENABLED: false
2026-05-03T23:03:57.2395865Z   FIREBASE_EMULATORS_PID: 2583
2026-05-03T23:03:57.2396184Z   ANDROID_AVD_HOME: /home/runner/.android/avd
2026-05-03T23:03:57.2396509Z ##[endgroup]
2026-05-03T23:03:57.2522527Z ##[group]Run actions/upload-artifact@v4
2026-05-03T23:03:57.2523066Z with:
2026-05-03T23:03:57.2523455Z   name: firebase-emulator-log
2026-05-03T23:03:57.2523995Z   path: /home/runner/work/_temp/firebase-emulators.log
2026-05-03T23:03:57.2524528Z   retention-days: 7
2026-05-03T23:03:57.2524919Z   if-no-files-found: ignore
2026-05-03T23:03:57.2525351Z   compression-level: 6
2026-05-03T23:03:57.2525741Z   overwrite: false
2026-05-03T23:03:57.2526105Z   include-hidden-files: false
2026-05-03T23:03:57.2526398Z env:
2026-05-03T23:03:57.2526640Z   USE_FIREBASE_EMULATOR: true
2026-05-03T23:03:57.2527193Z   JAVA_HOME: /opt/hostedtoolcache/Java_Temurin-Hotspot_jdk/21.0.10-7/x64
2026-05-03T23:03:57.2528073Z   JAVA_HOME_21_X64: /opt/hostedtoolcache/Java_Temurin-Hotspot_jdk/21.0.10-7/x64
2026-05-03T23:03:57.2528816Z   GRADLE_ACTION_ID: gradle/actions/setup-gradle
2026-05-03T23:03:57.2529271Z   GRADLE_USER_HOME: /home/runner/.gradle
2026-05-03T23:03:57.2529904Z   GRADLE_BUILD_ACTION_SETUP_COMPLETED: true
2026-05-03T23:03:57.2530589Z   GRADLE_BUILD_ACTION_CACHE_RESTORED: true
2026-05-03T23:03:57.2531344Z   DEVELOCITY_INJECTION_INIT_SCRIPT_NAME: gradle-actions.inject-develocity.init.gradle
2026-05-03T23:03:57.2532175Z   DEVELOCITY_INJECTION_CUSTOM_VALUE: gradle-actions
2026-05-03T23:03:57.2532754Z   GITHUB_DEPENDENCY_GRAPH_ENABLED: false
2026-05-03T23:03:57.2533269Z   FIREBASE_EMULATORS_PID: 2583
2026-05-03T23:03:57.2533771Z   ANDROID_AVD_HOME: /home/runner/.android/avd
2026-05-03T23:03:57.2534284Z ##[endgroup]
2026-05-03T23:03:57.4734117Z With the provided path, there will be 1 file uploaded
2026-05-03T23:03:57.4738938Z Artifact name is valid!
2026-05-03T23:03:57.4740347Z Root directory input is valid!
2026-05-03T23:03:57.6480172Z Beginning upload of artifact content to blob storage
2026-05-03T23:03:57.8416343Z Uploaded bytes 1051
2026-05-03T23:03:57.8926646Z Finished uploading artifact content to blob storage!
2026-05-03T23:03:57.8929455Z SHA256 digest of uploaded artifact zip is 773c49e4aa751c86645905c13abce2f5dddb0839ed6ca4025d8702dba9df8606
2026-05-03T23:03:57.8930933Z Finalizing artifact upload
2026-05-03T23:03:58.0266167Z Artifact firebase-emulator-log.zip successfully finalized. Artifact ID 6774447347
2026-05-03T23:03:58.0267228Z Artifact firebase-emulator-log has been successfully uploaded! Final size is 1051 bytes. Artifact ID is 6774447347
2026-05-03T23:03:58.0273468Z Artifact download URL: https://github.com/averycorp/prismTask/actions/runs/25293275251/artifacts/6774447347
2026-05-03T23:03:58.0401834Z ##[group]Run actions/upload-artifact@v4
2026-05-03T23:03:58.0402185Z with:
2026-05-03T23:03:58.0402449Z   name: connected-test-results
2026-05-03T23:03:58.0402910Z   path: app/build/reports/androidTests/
app/build/outputs/androidTest-results/

2026-05-03T23:03:58.0403370Z   retention-days: 7
2026-05-03T23:03:58.0403655Z   if-no-files-found: ignore
2026-05-03T23:03:58.0403955Z   compression-level: 6
2026-05-03T23:03:58.0404232Z   overwrite: false
2026-05-03T23:03:58.0404512Z   include-hidden-files: false
2026-05-03T23:03:58.0404812Z env:
2026-05-03T23:03:58.0405080Z   USE_FIREBASE_EMULATOR: true
2026-05-03T23:03:58.0405500Z   JAVA_HOME: /opt/hostedtoolcache/Java_Temurin-Hotspot_jdk/21.0.10-7/x64
2026-05-03T23:03:58.0406055Z   JAVA_HOME_21_X64: /opt/hostedtoolcache/Java_Temurin-Hotspot_jdk/21.0.10-7/x64
2026-05-03T23:03:58.0406535Z   GRADLE_ACTION_ID: gradle/actions/setup-gradle
2026-05-03T23:03:58.0406902Z   GRADLE_USER_HOME: /home/runner/.gradle
2026-05-03T23:03:58.0407289Z   GRADLE_BUILD_ACTION_SETUP_COMPLETED: true
2026-05-03T23:03:58.0407853Z   GRADLE_BUILD_ACTION_CACHE_RESTORED: true
2026-05-03T23:03:58.0408446Z   DEVELOCITY_INJECTION_INIT_SCRIPT_NAME: gradle-actions.inject-develocity.init.gradle
2026-05-03T23:03:58.0408983Z   DEVELOCITY_INJECTION_CUSTOM_VALUE: gradle-actions
2026-05-03T23:03:58.0409359Z   GITHUB_DEPENDENCY_GRAPH_ENABLED: false
2026-05-03T23:03:58.0409699Z   FIREBASE_EMULATORS_PID: 2583
2026-05-03T23:03:58.0410034Z   ANDROID_AVD_HOME: /home/runner/.android/avd
2026-05-03T23:03:58.0410374Z ##[endgroup]
2026-05-03T23:03:58.2627354Z Multiple search paths detected. Calculating the least common ancestor of all paths
2026-05-03T23:03:58.2630635Z The least common ancestor is /home/runner/work/prismTask/prismTask/app/build. This will be the root directory of the artifact
2026-05-03T23:03:58.2631636Z With the provided path, there will be 26 files uploaded
2026-05-03T23:03:58.2636766Z Artifact name is valid!
2026-05-03T23:03:58.2638015Z Root directory input is valid!
2026-05-03T23:03:58.4366168Z Beginning upload of artifact content to blob storage
2026-05-03T23:03:58.7661808Z Uploaded bytes 67801
2026-05-03T23:03:58.8205792Z Finished uploading artifact content to blob storage!
2026-05-03T23:03:58.8209310Z SHA256 digest of uploaded artifact zip is 248703571a5f6ad66bbd7a199c50e3ebf28c701db2c36b442e2354d6c06075c9
2026-05-03T23:03:58.8210854Z Finalizing artifact upload
2026-05-03T23:03:58.9431772Z Artifact connected-test-results.zip successfully finalized. Artifact ID 6774447442
2026-05-03T23:03:58.9432718Z Artifact connected-test-results has been successfully uploaded! Final size is 67801 bytes. Artifact ID is 6774447442
2026-05-03T23:03:58.9438862Z Artifact download URL: https://github.com/averycorp/prismTask/actions/runs/25293275251/artifacts/6774447442
2026-05-03T23:03:58.9593808Z Post job cleanup.
2026-05-03T23:03:58.9705753Z Post job cleanup.
2026-05-03T23:03:59.2851387Z In post-action step
2026-05-03T23:03:59.2860421Z Cache is read-only: will not save state for use in subsequent builds.
2026-05-03T23:03:59.2866822Z Generating Job Summary
2026-05-03T23:03:59.2890093Z Completed post-action step
2026-05-03T23:03:59.3052573Z Post job cleanup.
2026-05-03T23:03:59.4845199Z Post job cleanup.
2026-05-03T23:03:59.5712406Z [command]/usr/bin/git version
2026-05-03T23:03:59.5750639Z git version 2.53.0
2026-05-03T23:03:59.5789615Z Temporarily overriding HOME='/home/runner/work/_temp/9533b763-6bfb-4a21-8393-2bc929c68318' before making global git config changes
2026-05-03T23:03:59.5791099Z Adding repository directory to the temporary git global config as a safe directory
2026-05-03T23:03:59.5795025Z [command]/usr/bin/git config --global --add safe.directory /home/runner/work/prismTask/prismTask
2026-05-03T23:03:59.5825270Z Removing SSH command configuration
2026-05-03T23:03:59.5831812Z [command]/usr/bin/git config --local --name-only --get-regexp core\.sshCommand
2026-05-03T23:03:59.5866614Z [command]/usr/bin/git submodule foreach --recursive sh -c "git config --local --name-only --get-regexp 'core\.sshCommand' && git config --local --unset-all 'core.sshCommand' || :"
2026-05-03T23:03:59.6162001Z Removing HTTP extra header
2026-05-03T23:03:59.6167552Z [command]/usr/bin/git config --local --name-only --get-regexp http\.https\:\/\/github\.com\/\.extraheader
2026-05-03T23:03:59.6202625Z [command]/usr/bin/git submodule foreach --recursive sh -c "git config --local --name-only --get-regexp 'http\.https\:\/\/github\.com\/\.extraheader' && git config --local --unset-all 'http.https://github.com/.extraheader' || :"
2026-05-03T23:03:59.6432594Z Removing includeIf entries pointing to credentials config files
2026-05-03T23:03:59.6439160Z [command]/usr/bin/git config --local --name-only --get-regexp ^includeIf\.gitdir:
2026-05-03T23:03:59.6463317Z includeif.gitdir:/home/runner/work/prismTask/prismTask/.git.path
2026-05-03T23:03:59.6464282Z includeif.gitdir:/home/runner/work/prismTask/prismTask/.git/worktrees/*.path
2026-05-03T23:03:59.6464871Z includeif.gitdir:/github/workspace/.git.path
2026-05-03T23:03:59.6465369Z includeif.gitdir:/github/workspace/.git/worktrees/*.path
2026-05-03T23:03:59.6473249Z [command]/usr/bin/git config --local --get-all includeif.gitdir:/home/runner/work/prismTask/prismTask/.git.path
2026-05-03T23:03:59.6495863Z /home/runner/work/_temp/git-credentials-da70197d-9dc8-4de4-836a-1b539d1d960f.config
2026-05-03T23:03:59.6506815Z [command]/usr/bin/git config --local --unset includeif.gitdir:/home/runner/work/prismTask/prismTask/.git.path /home/runner/work/_temp/git-credentials-da70197d-9dc8-4de4-836a-1b539d1d960f.config
2026-05-03T23:03:59.6541925Z [command]/usr/bin/git config --local --get-all includeif.gitdir:/home/runner/work/prismTask/prismTask/.git/worktrees/*.path
2026-05-03T23:03:59.6564433Z /home/runner/work/_temp/git-credentials-da70197d-9dc8-4de4-836a-1b539d1d960f.config
2026-05-03T23:03:59.6573904Z [command]/usr/bin/git config --local --unset includeif.gitdir:/home/runner/work/prismTask/prismTask/.git/worktrees/*.path /home/runner/work/_temp/git-credentials-da70197d-9dc8-4de4-836a-1b539d1d960f.config
2026-05-03T23:03:59.6605766Z [command]/usr/bin/git config --local --get-all includeif.gitdir:/github/workspace/.git.path
2026-05-03T23:03:59.6627297Z /github/runner_temp/git-credentials-da70197d-9dc8-4de4-836a-1b539d1d960f.config
2026-05-03T23:03:59.6634877Z [command]/usr/bin/git config --local --unset includeif.gitdir:/github/workspace/.git.path /github/runner_temp/git-credentials-da70197d-9dc8-4de4-836a-1b539d1d960f.config
2026-05-03T23:03:59.6665794Z [command]/usr/bin/git config --local --get-all includeif.gitdir:/github/workspace/.git/worktrees/*.path
2026-05-03T23:03:59.6687067Z /github/runner_temp/git-credentials-da70197d-9dc8-4de4-836a-1b539d1d960f.config
2026-05-03T23:03:59.6695645Z [command]/usr/bin/git config --local --unset includeif.gitdir:/github/workspace/.git/worktrees/*.path /github/runner_temp/git-credentials-da70197d-9dc8-4de4-836a-1b539d1d960f.config
2026-05-03T23:03:59.6728639Z [command]/usr/bin/git submodule foreach --recursive git config --local --show-origin --name-only --get-regexp remote.origin.url
2026-05-03T23:03:59.6955309Z Removing credentials config '/home/runner/work/_temp/git-credentials-da70197d-9dc8-4de4-836a-1b539d1d960f.config'
2026-05-03T23:03:59.7092107Z Cleaning up orphan processes
2026-05-03T23:03:59.7490812Z Terminate orphan process: pid (3127) (adb)
2026-05-03T23:03:59.7510024Z ##[warning]Node.js 20 actions are deprecated. The following actions are running on Node.js 20 and may not work as expected: actions/cache@v4, actions/setup-java@v4, actions/upload-artifact@v4, gradle/actions/setup-gradle@v4. Actions will be forced to run with Node.js 24 by default starting June 2nd, 2026. Node.js 20 will be removed from the runner on September 16th, 2026. Please check if updated versions of these actions are available that support Node.js 24. To opt into Node.js 24 now, set the FORCE_JAVASCRIPT_ACTIONS_TO_NODE24=true environment variable on the runner or in your workflow file. Once Node.js 24 becomes the default, you can temporarily opt out by setting ACTIONS_ALLOW_USE_UNSECURE_NODE_VERSION=true. For more information see: https://github.blog/changelog/2025-09-19-deprecation-of-node-20-on-github-actions-runners/
