=== CI FAILURE ===
Workflow:      Android Integration CI
Workflow file: averycorp/prismTask/.github/workflows/android-integration.yml@refs/pull/1061/merge
Job(s):        connected-tests
Run ID:        25260891920
Run attempt:   1
Run URL:       https://github.com/averycorp/prismTask/actions/runs/25260891920
Commit:        87728f44b969b289939f4347af0ac6158c55fd03
Branch:        1061/merge
Event:         pull_request
Actor:         akarlin3
Runner OS:     Linux
Timestamp:     2026-05-02T20:20:10.875Z

Failed steps:
  - connected-tests: #11 Run instrumented tests against AVD + Firebase emulator

=== FAILED JOB LOG ===

--- Job: connected-tests (id 74067873459) ---
2026-05-02T20:15:55.7069807Z Current runner version: '2.334.0'
2026-05-02T20:15:55.7096042Z ##[group]Runner Image Provisioner
2026-05-02T20:15:55.7097647Z Hosted Compute Agent
2026-05-02T20:15:55.7098226Z Version: 20260213.493
2026-05-02T20:15:55.7098766Z Commit: 5c115507f6dd24b8de37d8bbe0bb4509d0cc0fa3
2026-05-02T20:15:55.7099596Z Build Date: 2026-02-13T00:28:41Z
2026-05-02T20:15:55.7100374Z Worker ID: {d6b63dca-c98b-48a0-a875-9e91a8858f44}
2026-05-02T20:15:55.7101047Z Azure Region: eastus
2026-05-02T20:15:55.7101621Z ##[endgroup]
2026-05-02T20:15:55.7103087Z ##[group]Operating System
2026-05-02T20:15:55.7103661Z Ubuntu
2026-05-02T20:15:55.7104263Z 24.04.4
2026-05-02T20:15:55.7104734Z LTS
2026-05-02T20:15:55.7105163Z ##[endgroup]
2026-05-02T20:15:55.7105749Z ##[group]Runner Image
2026-05-02T20:15:55.7106289Z Image: ubuntu-24.04
2026-05-02T20:15:55.7106817Z Version: 20260413.86.1
2026-05-02T20:15:55.7108115Z Included Software: https://github.com/actions/runner-images/blob/ubuntu24/20260413.86/images/ubuntu/Ubuntu2404-Readme.md
2026-05-02T20:15:55.7109511Z Image Release: https://github.com/actions/runner-images/releases/tag/ubuntu24%2F20260413.86
2026-05-02T20:15:55.7110745Z ##[endgroup]
2026-05-02T20:15:55.7112032Z ##[group]GITHUB_TOKEN Permissions
2026-05-02T20:15:55.7114423Z Actions: read
2026-05-02T20:15:55.7114953Z Checks: read
2026-05-02T20:15:55.7115464Z Contents: write
2026-05-02T20:15:55.7116013Z Metadata: read
2026-05-02T20:15:55.7116512Z PullRequests: read
2026-05-02T20:15:55.7117039Z ##[endgroup]
2026-05-02T20:15:55.7119197Z Secret source: Actions
2026-05-02T20:15:55.7120430Z Prepare workflow directory
2026-05-02T20:15:55.7516793Z Prepare all required actions
2026-05-02T20:15:55.7555026Z Getting action download info
2026-05-02T20:15:56.1692935Z Download action repository 'actions/checkout@v6' (SHA:de0fac2e4500dabe0009e67214ff5f5447ce83dd)
2026-05-02T20:15:56.3045297Z Download action repository 'actions/cache@v4' (SHA:0057852bfaa89a56745cba8c7296529d2fc39830)
2026-05-02T20:15:56.4759812Z Download action repository 'actions/setup-node@v6' (SHA:48b55a011bda9f5d6aeb4c2d9c7362e8dae4041e)
2026-05-02T20:15:56.6627079Z Download action repository 'reactivecircus/android-emulator-runner@v2' (SHA:e89f39f1abbbd05b1113a29cf4db69e7540cae5a)
2026-05-02T20:15:56.8272133Z Download action repository 'actions/upload-artifact@v4' (SHA:ea165f8d65b6e75b540449e92b4886f43607fa02)
2026-05-02T20:15:57.1592746Z Complete job name: connected-tests
2026-05-02T20:15:57.2575758Z ##[group]Run actions/checkout@v6
2026-05-02T20:15:57.2576947Z with:
2026-05-02T20:15:57.2577680Z   ref: feat/work-play-relax-mode
2026-05-02T20:15:57.2578616Z   repository: averycorp/prismTask
2026-05-02T20:15:57.2579833Z   token: ***
2026-05-02T20:15:57.2580942Z   ssh-strict: true
2026-05-02T20:15:57.2581695Z   ssh-user: git
2026-05-02T20:15:57.2582435Z   persist-credentials: true
2026-05-02T20:15:57.2583267Z   clean: true
2026-05-02T20:15:57.2584023Z   sparse-checkout-cone-mode: true
2026-05-02T20:15:57.2584913Z   fetch-depth: 1
2026-05-02T20:15:57.2585633Z   fetch-tags: false
2026-05-02T20:15:57.2586402Z   show-progress: true
2026-05-02T20:15:57.2587163Z   lfs: false
2026-05-02T20:15:57.2587838Z   submodules: false
2026-05-02T20:15:57.2588581Z   set-safe-directory: true
2026-05-02T20:15:57.2589626Z env:
2026-05-02T20:15:57.2590444Z   USE_FIREBASE_EMULATOR: true
2026-05-02T20:15:57.2591269Z ##[endgroup]
2026-05-02T20:15:57.3671099Z Syncing repository: averycorp/prismTask
2026-05-02T20:15:57.3674834Z ##[group]Getting Git version info
2026-05-02T20:15:57.3676749Z Working directory is '/home/runner/work/prismTask/prismTask'
2026-05-02T20:15:57.3679560Z [command]/usr/bin/git version
2026-05-02T20:15:57.3681205Z git version 2.53.0
2026-05-02T20:15:57.3701828Z ##[endgroup]
2026-05-02T20:15:57.3717834Z Temporarily overriding HOME='/home/runner/work/_temp/3e9d853d-0eaa-4418-841b-77306fdfd7ae' before making global git config changes
2026-05-02T20:15:57.3722047Z Adding repository directory to the temporary git global config as a safe directory
2026-05-02T20:15:57.3725354Z [command]/usr/bin/git config --global --add safe.directory /home/runner/work/prismTask/prismTask
2026-05-02T20:15:57.3759470Z Deleting the contents of '/home/runner/work/prismTask/prismTask'
2026-05-02T20:15:57.3763899Z ##[group]Initializing the repository
2026-05-02T20:15:57.3768128Z [command]/usr/bin/git init /home/runner/work/prismTask/prismTask
2026-05-02T20:15:57.3833432Z hint: Using 'master' as the name for the initial branch. This default branch name
2026-05-02T20:15:57.3835867Z hint: will change to "main" in Git 3.0. To configure the initial branch name
2026-05-02T20:15:57.3837912Z hint: to use in all of your new repositories, which will suppress this warning,
2026-05-02T20:15:57.3839757Z hint: call:
2026-05-02T20:15:57.3840879Z hint:
2026-05-02T20:15:57.3842106Z hint: 	git config --global init.defaultBranch <name>
2026-05-02T20:15:57.3843540Z hint:
2026-05-02T20:15:57.3844981Z hint: Names commonly chosen instead of 'master' are 'main', 'trunk' and
2026-05-02T20:15:57.3847396Z hint: 'development'. The just-created branch can be renamed via this command:
2026-05-02T20:15:57.3848734Z hint:
2026-05-02T20:15:57.3849466Z hint: 	git branch -m <name>
2026-05-02T20:15:57.3850670Z hint:
2026-05-02T20:15:57.3851756Z hint: Disable this message with "git config set advice.defaultBranchName false"
2026-05-02T20:15:57.3853545Z Initialized empty Git repository in /home/runner/work/prismTask/prismTask/.git/
2026-05-02T20:15:57.3856426Z [command]/usr/bin/git remote add origin https://github.com/averycorp/prismTask
2026-05-02T20:15:57.3880783Z ##[endgroup]
2026-05-02T20:15:57.3882474Z ##[group]Disabling automatic garbage collection
2026-05-02T20:15:57.3884175Z [command]/usr/bin/git config --local gc.auto 0
2026-05-02T20:15:57.3918332Z ##[endgroup]
2026-05-02T20:15:57.3920038Z ##[group]Setting up auth
2026-05-02T20:15:57.3921481Z Removing SSH command configuration
2026-05-02T20:15:57.3924657Z [command]/usr/bin/git config --local --name-only --get-regexp core\.sshCommand
2026-05-02T20:15:57.3958114Z [command]/usr/bin/git submodule foreach --recursive sh -c "git config --local --name-only --get-regexp 'core\.sshCommand' && git config --local --unset-all 'core.sshCommand' || :"
2026-05-02T20:15:57.4240821Z Removing HTTP extra header
2026-05-02T20:15:57.4247938Z [command]/usr/bin/git config --local --name-only --get-regexp http\.https\:\/\/github\.com\/\.extraheader
2026-05-02T20:15:57.4282511Z [command]/usr/bin/git submodule foreach --recursive sh -c "git config --local --name-only --get-regexp 'http\.https\:\/\/github\.com\/\.extraheader' && git config --local --unset-all 'http.https://github.com/.extraheader' || :"
2026-05-02T20:15:57.4508837Z Removing includeIf entries pointing to credentials config files
2026-05-02T20:15:57.4515455Z [command]/usr/bin/git config --local --name-only --get-regexp ^includeIf\.gitdir:
2026-05-02T20:15:57.4548291Z [command]/usr/bin/git submodule foreach --recursive git config --local --show-origin --name-only --get-regexp remote.origin.url
2026-05-02T20:15:57.4783024Z [command]/usr/bin/git config --file /home/runner/work/_temp/git-credentials-36317ba0-6f1c-4fc5-9c19-1a0248d2e081.config http.https://github.com/.extraheader AUTHORIZATION: basic ***
2026-05-02T20:15:57.4822232Z [command]/usr/bin/git config --local includeIf.gitdir:/home/runner/work/prismTask/prismTask/.git.path /home/runner/work/_temp/git-credentials-36317ba0-6f1c-4fc5-9c19-1a0248d2e081.config
2026-05-02T20:15:57.4853910Z [command]/usr/bin/git config --local includeIf.gitdir:/home/runner/work/prismTask/prismTask/.git/worktrees/*.path /home/runner/work/_temp/git-credentials-36317ba0-6f1c-4fc5-9c19-1a0248d2e081.config
2026-05-02T20:15:57.4884611Z [command]/usr/bin/git config --local includeIf.gitdir:/github/workspace/.git.path /github/runner_temp/git-credentials-36317ba0-6f1c-4fc5-9c19-1a0248d2e081.config
2026-05-02T20:15:57.4916644Z [command]/usr/bin/git config --local includeIf.gitdir:/github/workspace/.git/worktrees/*.path /github/runner_temp/git-credentials-36317ba0-6f1c-4fc5-9c19-1a0248d2e081.config
2026-05-02T20:15:57.4943951Z ##[endgroup]
2026-05-02T20:15:57.4945477Z ##[group]Fetching the repository
2026-05-02T20:15:57.4953514Z [command]/usr/bin/git -c protocol.version=2 fetch --no-tags --prune --no-recurse-submodules --depth=1 origin +refs/heads/feat/work-play-relax-mode*:refs/remotes/origin/feat/work-play-relax-mode* +refs/tags/feat/work-play-relax-mode*:refs/tags/feat/work-play-relax-mode*
2026-05-02T20:16:00.0916147Z From https://github.com/averycorp/prismTask
2026-05-02T20:16:00.0917723Z  * [new branch]      feat/work-play-relax-mode -> origin/feat/work-play-relax-mode
2026-05-02T20:16:00.0947676Z ##[endgroup]
2026-05-02T20:16:00.0948281Z ##[group]Determining the checkout info
2026-05-02T20:16:00.0955603Z [command]/usr/bin/git branch --list --remote origin/feat/work-play-relax-mode
2026-05-02T20:16:00.0983509Z   origin/feat/work-play-relax-mode
2026-05-02T20:16:00.0987909Z ##[endgroup]
2026-05-02T20:16:00.0992744Z [command]/usr/bin/git sparse-checkout disable
2026-05-02T20:16:00.1035303Z [command]/usr/bin/git config --local --unset-all extensions.worktreeConfig
2026-05-02T20:16:00.1064418Z ##[group]Checking out the ref
2026-05-02T20:16:00.1069624Z [command]/usr/bin/git checkout --progress --force -B feat/work-play-relax-mode refs/remotes/origin/feat/work-play-relax-mode
2026-05-02T20:16:00.3693912Z Switched to a new branch 'feat/work-play-relax-mode'
2026-05-02T20:16:00.3716131Z branch 'feat/work-play-relax-mode' set up to track 'origin/feat/work-play-relax-mode'.
2026-05-02T20:16:00.3717968Z ##[endgroup]
2026-05-02T20:16:00.3761598Z [command]/usr/bin/git log -1 --format=%H
2026-05-02T20:16:00.3788127Z 6fe7838be5152feec5de31c14420c2b0e3de1562
2026-05-02T20:16:00.4046518Z Prepare all required actions
2026-05-02T20:16:00.4046952Z Getting action download info
2026-05-02T20:16:00.5475519Z Download action repository 'actions/setup-java@v4' (SHA:c1e323688fd81a25caa38c78aa6df2d33d3e20d9)
2026-05-02T20:16:00.7676564Z Download action repository 'gradle/actions@v4' (SHA:ed408507eac070d1f99cc633dbcf757c94c7933a)
2026-05-02T20:16:01.4194714Z ##[group]Run ./.github/actions/setup-android
2026-05-02T20:16:01.4195042Z env:
2026-05-02T20:16:01.4195244Z   USE_FIREBASE_EMULATOR: true
2026-05-02T20:16:01.4195480Z ##[endgroup]
2026-05-02T20:16:01.4369773Z ##[group]Run actions/setup-java@v4
2026-05-02T20:16:01.4370098Z with:
2026-05-02T20:16:01.4370460Z   java-version: 21
2026-05-02T20:16:01.4370678Z   distribution: temurin
2026-05-02T20:16:01.4370908Z   java-package: jdk
2026-05-02T20:16:01.4371132Z   check-latest: false
2026-05-02T20:16:01.4371391Z   server-id: github
2026-05-02T20:16:01.4371593Z   server-username: GITHUB_ACTOR
2026-05-02T20:16:01.4371936Z   server-password: GITHUB_TOKEN
2026-05-02T20:16:01.4372195Z   overwrite-settings: true
2026-05-02T20:16:01.4372426Z   job-status: success
2026-05-02T20:16:01.4372875Z   token: ***
2026-05-02T20:16:01.4373067Z env:
2026-05-02T20:16:01.4373251Z   USE_FIREBASE_EMULATOR: true
2026-05-02T20:16:01.4373488Z ##[endgroup]
2026-05-02T20:16:01.6397273Z ##[group]Installed distributions
2026-05-02T20:16:01.6624560Z Resolved Java 21.0.10+7 from tool-cache
2026-05-02T20:16:01.6625192Z Setting Java 21.0.10+7 as the default
2026-05-02T20:16:01.6638369Z Creating toolchains.xml for JDK version 21 from temurin
2026-05-02T20:16:01.6713107Z Writing to /home/runner/.m2/toolchains.xml
2026-05-02T20:16:01.6720379Z 
2026-05-02T20:16:01.6720678Z Java configuration:
2026-05-02T20:16:01.6721120Z   Distribution: temurin
2026-05-02T20:16:01.6721509Z   Version: 21.0.10+7
2026-05-02T20:16:01.6722000Z   Path: /opt/hostedtoolcache/Java_Temurin-Hotspot_jdk/21.0.10-7/x64
2026-05-02T20:16:01.6722422Z 
2026-05-02T20:16:01.6722940Z ##[endgroup]
2026-05-02T20:16:01.6741302Z Creating settings.xml with server-id: github
2026-05-02T20:16:01.6741869Z Writing to /home/runner/.m2/settings.xml
2026-05-02T20:16:01.6962312Z ##[group]Run gradle/actions/setup-gradle@v4
2026-05-02T20:16:01.6962604Z with:
2026-05-02T20:16:01.6962804Z   cache-disabled: false
2026-05-02T20:16:01.6963024Z   cache-read-only: true
2026-05-02T20:16:01.6963242Z   cache-write-only: false
2026-05-02T20:16:01.6963470Z   cache-overwrite-existing: false
2026-05-02T20:16:01.6963917Z   cache-cleanup: on-success
2026-05-02T20:16:01.6964187Z   gradle-home-cache-includes: caches
notifications

2026-05-02T20:16:01.6964490Z   add-job-summary: always
2026-05-02T20:16:01.6964722Z   add-job-summary-as-pr-comment: never
2026-05-02T20:16:01.6964994Z   dependency-graph: disabled
2026-05-02T20:16:01.6965286Z   dependency-graph-report-dir: dependency-graph-reports
2026-05-02T20:16:01.6965625Z   dependency-graph-continue-on-failure: true
2026-05-02T20:16:01.6965912Z   build-scan-publish: false
2026-05-02T20:16:01.6966147Z   validate-wrappers: true
2026-05-02T20:16:01.6966396Z   allow-snapshot-wrappers: false
2026-05-02T20:16:01.6966658Z   gradle-home-cache-strict-match: false
2026-05-02T20:16:01.6966931Z   workflow-job-context: null
2026-05-02T20:16:01.6967287Z   github-token: ***
2026-05-02T20:16:01.6967474Z env:
2026-05-02T20:16:01.6967664Z   USE_FIREBASE_EMULATOR: true
2026-05-02T20:16:01.6968001Z   JAVA_HOME: /opt/hostedtoolcache/Java_Temurin-Hotspot_jdk/21.0.10-7/x64
2026-05-02T20:16:01.6968479Z   JAVA_HOME_21_X64: /opt/hostedtoolcache/Java_Temurin-Hotspot_jdk/21.0.10-7/x64
2026-05-02T20:16:01.6968832Z ##[endgroup]
2026-05-02T20:16:02.7392668Z Merged default JDK locations into /home/runner/.m2/toolchains.xml
2026-05-02T20:16:02.7395040Z ##[group]Restore Gradle state from cache
2026-05-02T20:16:02.8178067Z Cache hit for restore-key: gradle-home-v1|Linux-X64|connected-tests[1e7216165ffdcf45b9a4b7e3077585ac]-73414deaf508cf9c6bdbec7dd91c39a180c6d673
2026-05-02T20:16:03.3443632Z Received 111703260 of 111703260 (100.0%), 225.7 MBs/sec
2026-05-02T20:16:03.3445429Z Cache Size: ~107 MB (111703260 B)
2026-05-02T20:16:03.3478464Z [command]/usr/bin/tar -xf /home/runner/work/_temp/fc0f40e9-decb-44ac-815e-85e923ef4721/cache.tzst -P -C /home/runner/work/prismTask/prismTask --use-compress-program unzstd
2026-05-02T20:16:03.7478891Z Cache restored successfully
2026-05-02T20:16:03.7536930Z Restored cache entry with key gradle-home-v1|Linux-X64|connected-tests[1e7216165ffdcf45b9a4b7e3077585ac]-87728f44b969b289939f4347af0ac6158c55fd03 to /home/runner/.gradle/caches,/home/runner/.gradle/notifications,/home/runner/.gradle/.setup-gradle in 1013ms
2026-05-02T20:16:03.8151499Z Cache hit for: gradle-generated-gradle-jars-v1-cb4b032a7d08b9bf1e84e9eacaebcc29
2026-05-02T20:16:03.8176011Z Cache hit for: gradle-transforms-v1-6ec442db90ddfad9bf2d3d5c938f4d4c
2026-05-02T20:16:03.8181120Z Cache hit for: gradle-wrapper-zips-v1-8c0de4c6bda6041d6e054bf825a89c98
2026-05-02T20:16:03.8215058Z Cache hit for: gradle-groovy-dsl-v1-c9cecdae394e2fed2e054e6c42d2bacd
2026-05-02T20:16:03.8242439Z Cache hit for: gradle-dependencies-v1-8ed28626108de7740ac9e8e488e514c5
2026-05-02T20:16:03.8245504Z Cache hit for: gradle-instrumented-jars-v1-c81e4f568a2f9efe8707de65f8528e92
2026-05-02T20:16:03.8295303Z Cache hit for: gradle-kotlin-dsl-v1-b51eb857d8f6c9fe4277fdf074fee33c
2026-05-02T20:16:04.1585705Z Received 64578 of 64578 (100.0%), 0.3 MBs/sec
2026-05-02T20:16:04.1586160Z Cache Size: ~0 MB (64578 B)
2026-05-02T20:16:04.1721738Z Received 111191 of 111191 (100.0%), 0.4 MBs/sec
2026-05-02T20:16:04.1752886Z Cache Size: ~0 MB (111191 B)
2026-05-02T20:16:04.1977355Z Received 360098 of 360098 (100.0%), 2.2 MBs/sec
2026-05-02T20:16:04.1977973Z Cache Size: ~0 MB (360098 B)
2026-05-02T20:16:04.2570415Z [command]/usr/bin/tar -xf /home/runner/work/_temp/f9365732-09bc-4a6b-a08f-7c29b46b6c68/cache.tzst -P -C /home/runner/work/prismTask/prismTask --use-compress-program unzstd
2026-05-02T20:16:04.2813596Z [command]/usr/bin/tar -xf /home/runner/work/_temp/58312bc1-d136-43ac-902c-f4c88eb207c4/cache.tzst -P -C /home/runner/work/prismTask/prismTask --use-compress-program unzstd
2026-05-02T20:16:04.3135340Z Cache restored successfully
2026-05-02T20:16:04.3176630Z Restored cache entry with key gradle-instrumented-jars-v1-c81e4f568a2f9efe8707de65f8528e92 to /home/runner/.gradle/caches/jars-*/*/ in 562ms
2026-05-02T20:16:04.3221982Z Cache restored successfully
2026-05-02T20:16:04.3264032Z Restored cache entry with key gradle-groovy-dsl-v1-c9cecdae394e2fed2e054e6c42d2bacd to /home/runner/.gradle/caches/*/groovy-dsl/*/ in 571ms
2026-05-02T20:16:04.3446806Z [command]/usr/bin/tar -xf /home/runner/work/_temp/a115c624-ad4d-4196-a5c0-abbc601eb501/cache.tzst -P -C /home/runner/work/prismTask/prismTask --use-compress-program unzstd
2026-05-02T20:16:04.5092553Z Cache restored successfully
2026-05-02T20:16:04.5172340Z Restored cache entry with key gradle-kotlin-dsl-v1-b51eb857d8f6c9fe4277fdf074fee33c to /home/runner/.gradle/caches/*/kotlin-dsl/accessors/*/,/home/runner/.gradle/caches/*/kotlin-dsl/scripts/*/ in 761ms
2026-05-02T20:16:04.8074731Z Received 41993404 of 41993404 (100.0%), 41.1 MBs/sec
2026-05-02T20:16:04.8075499Z Cache Size: ~40 MB (41993404 B)
2026-05-02T20:16:04.8614676Z Received 71303168 of 471493336 (15.1%), 67.3 MBs/sec
2026-05-02T20:16:04.8739476Z Received 109051904 of 468990457 (23.3%), 104.0 MBs/sec
2026-05-02T20:16:04.9499851Z [command]/usr/bin/tar -xf /home/runner/work/_temp/210b1f28-18ce-4c7d-9de4-3f35ed83ccbb/cache.tzst -P -C /home/runner/work/prismTask/prismTask --use-compress-program unzstd
2026-05-02T20:16:04.9658854Z Received 54525952 of 136352669 (40.0%), 51.3 MBs/sec
2026-05-02T20:16:05.3460987Z Cache restored successfully
2026-05-02T20:16:05.3975120Z Restored cache entry with key gradle-generated-gradle-jars-v1-cb4b032a7d08b9bf1e84e9eacaebcc29 to /home/runner/.gradle/caches/9.3.1/generated-gradle-jars/gradle-api-9.3.1.jar in 1642ms
2026-05-02T20:16:05.8504649Z Received 136352669 of 136352669 (100.0%), 68.5 MBs/sec
2026-05-02T20:16:05.8505700Z Cache Size: ~130 MB (136352669 B)
2026-05-02T20:16:05.8663090Z Received 213909504 of 471493336 (45.4%), 101.2 MBs/sec
2026-05-02T20:16:05.8769641Z Received 260046848 of 468990457 (55.4%), 123.8 MBs/sec
2026-05-02T20:16:05.9497935Z [command]/usr/bin/tar -xf /home/runner/work/_temp/bf46e6bc-7f6e-4220-9b8c-1f40f825b201/cache.tzst -P -C /home/runner/work/prismTask/prismTask --use-compress-program unzstd
2026-05-02T20:16:06.3409610Z Cache restored successfully
2026-05-02T20:16:06.3643160Z Restored cache entry with key gradle-wrapper-zips-v1-8c0de4c6bda6041d6e054bf825a89c98 to /home/runner/.gradle/wrapper/dists/gradle-9.3.1-bin/23ovyewtku6u96viwx3xl3oks in 2610ms
2026-05-02T20:16:06.8672849Z Received 402653184 of 471493336 (85.4%), 127.3 MBs/sec
2026-05-02T20:16:06.8793416Z Received 402653184 of 468990457 (85.9%), 127.7 MBs/sec
2026-05-02T20:16:07.2115153Z Received 468990457 of 468990457 (100.0%), 134.0 MBs/sec
2026-05-02T20:16:07.2118222Z Cache Size: ~447 MB (468990457 B)
2026-05-02T20:16:07.2384518Z Received 471493336 of 471493336 (100.0%), 132.8 MBs/sec
2026-05-02T20:16:07.2385620Z Cache Size: ~450 MB (471493336 B)
2026-05-02T20:16:07.2478085Z [command]/usr/bin/tar -xf /home/runner/work/_temp/10a45400-f80a-4331-a984-b3f3977b9bef/cache.tzst -P -C /home/runner/work/prismTask/prismTask --use-compress-program unzstd
2026-05-02T20:16:07.2534071Z [command]/usr/bin/tar -xf /home/runner/work/_temp/f1dcbd73-65f6-4997-8c95-4561de1f4a72/cache.tzst -P -C /home/runner/work/prismTask/prismTask --use-compress-program unzstd
2026-05-02T20:16:08.5426071Z Cache restored successfully
2026-05-02T20:16:08.9052042Z Restored cache entry with key gradle-dependencies-v1-8ed28626108de7740ac9e8e488e514c5 to /home/runner/.gradle/caches/modules-*/files-*/*/*/*/* in 5149ms
2026-05-02T20:16:13.3384233Z Cache restored successfully
2026-05-02T20:16:13.3600854Z Restored cache entry with key gradle-transforms-v1-6ec442db90ddfad9bf2d3d5c938f4d4c to /home/runner/.gradle/caches/transforms-4/*/,/home/runner/.gradle/caches/*/transforms/*/ in 9603ms
2026-05-02T20:16:13.3694106Z ##[endgroup]
2026-05-02T20:16:13.4136530Z ##[group]All Gradle Wrapper jars are valid
2026-05-02T20:16:13.4137772Z ✓ Found known Gradle Wrapper JAR files:
2026-05-02T20:16:13.4138770Z   b3a875ddc1f044746e1b1a55f645584505f4a10438c1afea9f15e92a7c42ec13 gradle/wrapper/gradle-wrapper.jar
2026-05-02T20:16:13.4139992Z ##[endgroup]
2026-05-02T20:16:13.4304472Z ##[group]Run chmod +x gradlew
2026-05-02T20:16:13.4304853Z [36;1mchmod +x gradlew[0m
2026-05-02T20:16:13.4331567Z shell: /usr/bin/bash --noprofile --norc -e -o pipefail {0}
2026-05-02T20:16:13.4331970Z env:
2026-05-02T20:16:13.4332218Z   USE_FIREBASE_EMULATOR: true
2026-05-02T20:16:13.4332638Z   JAVA_HOME: /opt/hostedtoolcache/Java_Temurin-Hotspot_jdk/21.0.10-7/x64
2026-05-02T20:16:13.4333183Z   JAVA_HOME_21_X64: /opt/hostedtoolcache/Java_Temurin-Hotspot_jdk/21.0.10-7/x64
2026-05-02T20:16:13.4333656Z   GRADLE_ACTION_ID: gradle/actions/setup-gradle
2026-05-02T20:16:13.4334009Z   GRADLE_USER_HOME: /home/runner/.gradle
2026-05-02T20:16:13.4334362Z   GRADLE_BUILD_ACTION_SETUP_COMPLETED: true
2026-05-02T20:16:13.4334710Z   GRADLE_BUILD_ACTION_CACHE_RESTORED: true
2026-05-02T20:16:13.4335196Z   DEVELOCITY_INJECTION_INIT_SCRIPT_NAME: gradle-actions.inject-develocity.init.gradle
2026-05-02T20:16:13.4335718Z   DEVELOCITY_INJECTION_CUSTOM_VALUE: gradle-actions
2026-05-02T20:16:13.4336072Z   GITHUB_DEPENDENCY_GRAPH_ENABLED: false
2026-05-02T20:16:13.4336377Z ##[endgroup]
2026-05-02T20:16:13.7444567Z ##[group]Run actions/cache@v4
2026-05-02T20:16:13.7444902Z with:
2026-05-02T20:16:13.7445145Z   path: app/build
2026-05-02T20:16:13.7445600Z   key: app-build-Linux-3a0100afc1519a21adfc9b5c702ea5f033f129f0a1cf02f310ff25c9582a31fc
2026-05-02T20:16:13.7446118Z   restore-keys: app-build-Linux-

2026-05-02T20:16:13.7446443Z   enableCrossOsArchive: false
2026-05-02T20:16:13.7446753Z   fail-on-cache-miss: false
2026-05-02T20:16:13.7447033Z   lookup-only: false
2026-05-02T20:16:13.7447296Z   save-always: false
2026-05-02T20:16:13.7447539Z env:
2026-05-02T20:16:13.7447774Z   USE_FIREBASE_EMULATOR: true
2026-05-02T20:16:13.7448183Z   JAVA_HOME: /opt/hostedtoolcache/Java_Temurin-Hotspot_jdk/21.0.10-7/x64
2026-05-02T20:16:13.7448726Z   JAVA_HOME_21_X64: /opt/hostedtoolcache/Java_Temurin-Hotspot_jdk/21.0.10-7/x64
2026-05-02T20:16:13.7449190Z   GRADLE_ACTION_ID: gradle/actions/setup-gradle
2026-05-02T20:16:13.7449537Z   GRADLE_USER_HOME: /home/runner/.gradle
2026-05-02T20:16:13.7449921Z   GRADLE_BUILD_ACTION_SETUP_COMPLETED: true
2026-05-02T20:16:13.7450513Z   GRADLE_BUILD_ACTION_CACHE_RESTORED: true
2026-05-02T20:16:13.7451014Z   DEVELOCITY_INJECTION_INIT_SCRIPT_NAME: gradle-actions.inject-develocity.init.gradle
2026-05-02T20:16:13.7451531Z   DEVELOCITY_INJECTION_CUSTOM_VALUE: gradle-actions
2026-05-02T20:16:13.7451898Z   GITHUB_DEPENDENCY_GRAPH_ENABLED: false
2026-05-02T20:16:13.7452212Z ##[endgroup]
2026-05-02T20:16:13.9566135Z Cache hit for: app-build-Linux-3a0100afc1519a21adfc9b5c702ea5f033f129f0a1cf02f310ff25c9582a31fc
2026-05-02T20:16:14.7502620Z Received 170388586 of 170388586 (100.0%), 214.9 MBs/sec
2026-05-02T20:16:14.7503428Z Cache Size: ~162 MB (170388586 B)
2026-05-02T20:16:14.7529867Z [command]/usr/bin/tar -xf /home/runner/work/_temp/0cf78bb8-8b1c-4e53-9e02-1298c9f97e08/cache.tzst -P -C /home/runner/work/prismTask/prismTask --use-compress-program unzstd
2026-05-02T20:16:16.6471401Z Cache restored successfully
2026-05-02T20:16:16.6632944Z Cache restored from key: app-build-Linux-3a0100afc1519a21adfc9b5c702ea5f033f129f0a1cf02f310ff25c9582a31fc
2026-05-02T20:16:16.6791085Z ##[group]Run actions/setup-node@v6
2026-05-02T20:16:16.6791432Z with:
2026-05-02T20:16:16.6791682Z   node-version: 20
2026-05-02T20:16:16.6791947Z   check-latest: false
2026-05-02T20:16:16.6792320Z   token: ***
2026-05-02T20:16:16.6792587Z   package-manager-cache: true
2026-05-02T20:16:16.6792881Z env:
2026-05-02T20:16:16.6793128Z   USE_FIREBASE_EMULATOR: true
2026-05-02T20:16:16.6793540Z   JAVA_HOME: /opt/hostedtoolcache/Java_Temurin-Hotspot_jdk/21.0.10-7/x64
2026-05-02T20:16:16.6794083Z   JAVA_HOME_21_X64: /opt/hostedtoolcache/Java_Temurin-Hotspot_jdk/21.0.10-7/x64
2026-05-02T20:16:16.6794602Z   GRADLE_ACTION_ID: gradle/actions/setup-gradle
2026-05-02T20:16:16.6794962Z   GRADLE_USER_HOME: /home/runner/.gradle
2026-05-02T20:16:16.6795302Z   GRADLE_BUILD_ACTION_SETUP_COMPLETED: true
2026-05-02T20:16:16.6795652Z   GRADLE_BUILD_ACTION_CACHE_RESTORED: true
2026-05-02T20:16:16.6796142Z   DEVELOCITY_INJECTION_INIT_SCRIPT_NAME: gradle-actions.inject-develocity.init.gradle
2026-05-02T20:16:16.6796886Z   DEVELOCITY_INJECTION_CUSTOM_VALUE: gradle-actions
2026-05-02T20:16:16.6797264Z   GITHUB_DEPENDENCY_GRAPH_ENABLED: false
2026-05-02T20:16:16.6797592Z ##[endgroup]
2026-05-02T20:16:16.8338062Z Found in cache @ /opt/hostedtoolcache/node/20.20.2/x64
2026-05-02T20:16:16.8341932Z ##[group]Environment details
2026-05-02T20:16:20.1891669Z node: v20.20.2
2026-05-02T20:16:20.1892142Z npm: 10.8.2
2026-05-02T20:16:20.1892483Z yarn: 1.22.22
2026-05-02T20:16:20.1893247Z ##[endgroup]
2026-05-02T20:16:20.2047654Z ##[group]Run actions/cache@v4
2026-05-02T20:16:20.2047980Z with:
2026-05-02T20:16:20.2048372Z   path: ~/.npm
/usr/local/lib/node_modules/firebase-tools
/usr/local/bin/firebase

2026-05-02T20:16:20.2048835Z   key: firebase-tools-Linux-v15
2026-05-02T20:16:20.2049156Z   enableCrossOsArchive: false
2026-05-02T20:16:20.2049462Z   fail-on-cache-miss: false
2026-05-02T20:16:20.2049753Z   lookup-only: false
2026-05-02T20:16:20.2050020Z   save-always: false
2026-05-02T20:16:20.2050512Z env:
2026-05-02T20:16:20.2050782Z   USE_FIREBASE_EMULATOR: true
2026-05-02T20:16:20.2051208Z   JAVA_HOME: /opt/hostedtoolcache/Java_Temurin-Hotspot_jdk/21.0.10-7/x64
2026-05-02T20:16:20.2051752Z   JAVA_HOME_21_X64: /opt/hostedtoolcache/Java_Temurin-Hotspot_jdk/21.0.10-7/x64
2026-05-02T20:16:20.2052220Z   GRADLE_ACTION_ID: gradle/actions/setup-gradle
2026-05-02T20:16:20.2052574Z   GRADLE_USER_HOME: /home/runner/.gradle
2026-05-02T20:16:20.2052911Z   GRADLE_BUILD_ACTION_SETUP_COMPLETED: true
2026-05-02T20:16:20.2053303Z   GRADLE_BUILD_ACTION_CACHE_RESTORED: true
2026-05-02T20:16:20.2053792Z   DEVELOCITY_INJECTION_INIT_SCRIPT_NAME: gradle-actions.inject-develocity.init.gradle
2026-05-02T20:16:20.2054304Z   DEVELOCITY_INJECTION_CUSTOM_VALUE: gradle-actions
2026-05-02T20:16:20.2054673Z   GITHUB_DEPENDENCY_GRAPH_ENABLED: false
2026-05-02T20:16:20.2054995Z ##[endgroup]
2026-05-02T20:16:20.4115718Z Cache hit for: firebase-tools-Linux-v15
2026-05-02T20:16:20.8695373Z Received 70532888 of 70532888 (100.0%), 162.5 MBs/sec
2026-05-02T20:16:20.8696058Z Cache Size: ~67 MB (70532888 B)
2026-05-02T20:16:20.8727942Z [command]/usr/bin/tar -xf /home/runner/work/_temp/6f7c0cfc-f99a-4205-9cdb-376455b23c4a/cache.tzst -P -C /home/runner/work/prismTask/prismTask --use-compress-program unzstd
2026-05-02T20:16:21.2769173Z Cache restored successfully
2026-05-02T20:16:21.2884030Z Cache restored from key: firebase-tools-Linux-v15
2026-05-02T20:16:21.3017396Z ##[group]Run if ! command -v firebase &> /dev/null; then
2026-05-02T20:16:21.3017881Z [36;1mif ! command -v firebase &> /dev/null; then[0m
2026-05-02T20:16:21.3018302Z [36;1m  npm install -g firebase-tools@15[0m
2026-05-02T20:16:21.3018664Z [36;1mfi[0m
2026-05-02T20:16:21.3045769Z shell: /usr/bin/bash -e {0}
2026-05-02T20:16:21.3046087Z env:
2026-05-02T20:16:21.3046342Z   USE_FIREBASE_EMULATOR: true
2026-05-02T20:16:21.3046775Z   JAVA_HOME: /opt/hostedtoolcache/Java_Temurin-Hotspot_jdk/21.0.10-7/x64
2026-05-02T20:16:21.3047332Z   JAVA_HOME_21_X64: /opt/hostedtoolcache/Java_Temurin-Hotspot_jdk/21.0.10-7/x64
2026-05-02T20:16:21.3047825Z   GRADLE_ACTION_ID: gradle/actions/setup-gradle
2026-05-02T20:16:21.3048191Z   GRADLE_USER_HOME: /home/runner/.gradle
2026-05-02T20:16:21.3048542Z   GRADLE_BUILD_ACTION_SETUP_COMPLETED: true
2026-05-02T20:16:21.3048893Z   GRADLE_BUILD_ACTION_CACHE_RESTORED: true
2026-05-02T20:16:21.3049426Z   DEVELOCITY_INJECTION_INIT_SCRIPT_NAME: gradle-actions.inject-develocity.init.gradle
2026-05-02T20:16:21.3049959Z   DEVELOCITY_INJECTION_CUSTOM_VALUE: gradle-actions
2026-05-02T20:16:21.3050550Z   GITHUB_DEPENDENCY_GRAPH_ENABLED: false
2026-05-02T20:16:21.3050879Z ##[endgroup]
2026-05-02T20:16:36.6842837Z npm warn deprecated node-domexception@1.0.0: Use your platform's native DOMException instead
2026-05-02T20:16:36.8645550Z npm warn deprecated uuid@8.3.2: uuid@10 and below is no longer supported.  For ESM codebases, update to uuid@latest.  For CommonJS codebases, use uuid@11 (but be aware this version will likely be deprecated in 2028).
2026-05-02T20:16:36.8855413Z npm warn deprecated uuid@9.0.1: uuid@10 and below is no longer supported.  For ESM codebases, update to uuid@latest.  For CommonJS codebases, use uuid@11 (but be aware this version will likely be deprecated in 2028).
2026-05-02T20:16:36.9460796Z npm warn deprecated glob@10.5.0: Old versions of glob are not supported, and contain widely publicized security vulnerabilities, which have been fixed in the current version. Please update. Support for old versions may be purchased (at exorbitant rates) by contacting i@izs.me
2026-05-02T20:16:36.9577246Z npm warn deprecated json-ptr@3.1.1: Package no longer supported. Contact Support at https://www.npmjs.com/support for more info.
2026-05-02T20:16:39.1271596Z 
2026-05-02T20:16:39.1272202Z added 705 packages in 18s
2026-05-02T20:16:39.1272474Z 
2026-05-02T20:16:39.1272679Z 91 packages are looking for funding
2026-05-02T20:16:39.1273060Z   run `npm fund` for details
2026-05-02T20:16:39.1686668Z ##[group]Run firebase --version
2026-05-02T20:16:39.1687046Z [36;1mfirebase --version[0m
2026-05-02T20:16:39.1719076Z shell: /usr/bin/bash -e {0}
2026-05-02T20:16:39.1719403Z env:
2026-05-02T20:16:39.1719672Z   USE_FIREBASE_EMULATOR: true
2026-05-02T20:16:39.1720343Z   JAVA_HOME: /opt/hostedtoolcache/Java_Temurin-Hotspot_jdk/21.0.10-7/x64
2026-05-02T20:16:39.1720917Z   JAVA_HOME_21_X64: /opt/hostedtoolcache/Java_Temurin-Hotspot_jdk/21.0.10-7/x64
2026-05-02T20:16:39.1721408Z   GRADLE_ACTION_ID: gradle/actions/setup-gradle
2026-05-02T20:16:39.1721777Z   GRADLE_USER_HOME: /home/runner/.gradle
2026-05-02T20:16:39.1722127Z   GRADLE_BUILD_ACTION_SETUP_COMPLETED: true
2026-05-02T20:16:39.1722479Z   GRADLE_BUILD_ACTION_CACHE_RESTORED: true
2026-05-02T20:16:39.1722977Z   DEVELOCITY_INJECTION_INIT_SCRIPT_NAME: gradle-actions.inject-develocity.init.gradle
2026-05-02T20:16:39.1723502Z   DEVELOCITY_INJECTION_CUSTOM_VALUE: gradle-actions
2026-05-02T20:16:39.1724003Z   GITHUB_DEPENDENCY_GRAPH_ENABLED: false
2026-05-02T20:16:39.1724333Z ##[endgroup]
2026-05-02T20:16:39.6238290Z 15.16.0
2026-05-02T20:16:39.6497626Z ##[group]Run set -euo pipefail
2026-05-02T20:16:39.6498013Z [36;1mset -euo pipefail[0m
2026-05-02T20:16:39.6498322Z [36;1mfirebase emulators:start \[0m
2026-05-02T20:16:39.6498655Z [36;1m  --only firestore,auth \[0m
2026-05-02T20:16:39.6498979Z [36;1m  --project demo-prismtask \[0m
2026-05-02T20:16:39.6499369Z [36;1m  > "$RUNNER_TEMP/firebase-emulators.log" 2>&1 &[0m
2026-05-02T20:16:39.6499815Z [36;1mecho "FIREBASE_EMULATORS_PID=$!" >> "$GITHUB_ENV"[0m
2026-05-02T20:16:39.6500510Z [36;1mecho "Waiting for emulator ports to open..."[0m
2026-05-02T20:16:39.6501032Z [36;1mfor port in 8080 9099; do[0m
2026-05-02T20:16:39.6501470Z [36;1m  timeout 120 bash -c \[0m
2026-05-02T20:16:39.6502100Z [36;1m    "until (echo > /dev/tcp/127.0.0.1/$port) 2>/dev/null; do sleep 1; done" || {[0m
2026-05-02T20:16:39.6502961Z [36;1m      echo "::error::Firebase emulator port $port did not become ready in time"[0m
2026-05-02T20:16:39.6503511Z [36;1m      cat "$RUNNER_TEMP/firebase-emulators.log" || true[0m
2026-05-02T20:16:39.6503895Z [36;1m      exit 1[0m
2026-05-02T20:16:39.6504157Z [36;1m    }[0m
2026-05-02T20:16:39.6504400Z [36;1mdone[0m
2026-05-02T20:16:39.6504742Z [36;1mecho "Firebase emulators ready (firestore=8080, auth=9099)"[0m
2026-05-02T20:16:39.6527489Z shell: /usr/bin/bash -e {0}
2026-05-02T20:16:39.6527790Z env:
2026-05-02T20:16:39.6528032Z   USE_FIREBASE_EMULATOR: true
2026-05-02T20:16:39.6528458Z   JAVA_HOME: /opt/hostedtoolcache/Java_Temurin-Hotspot_jdk/21.0.10-7/x64
2026-05-02T20:16:39.6528997Z   JAVA_HOME_21_X64: /opt/hostedtoolcache/Java_Temurin-Hotspot_jdk/21.0.10-7/x64
2026-05-02T20:16:39.6529456Z   GRADLE_ACTION_ID: gradle/actions/setup-gradle
2026-05-02T20:16:39.6529805Z   GRADLE_USER_HOME: /home/runner/.gradle
2026-05-02T20:16:39.6530377Z   GRADLE_BUILD_ACTION_SETUP_COMPLETED: true
2026-05-02T20:16:39.6530749Z   GRADLE_BUILD_ACTION_CACHE_RESTORED: true
2026-05-02T20:16:39.6531245Z   DEVELOCITY_INJECTION_INIT_SCRIPT_NAME: gradle-actions.inject-develocity.init.gradle
2026-05-02T20:16:39.6531969Z   DEVELOCITY_INJECTION_CUSTOM_VALUE: gradle-actions
2026-05-02T20:16:39.6532342Z   GITHUB_DEPENDENCY_GRAPH_ENABLED: false
2026-05-02T20:16:39.6532668Z ##[endgroup]
2026-05-02T20:16:39.6581065Z Waiting for emulator ports to open...
2026-05-02T20:16:50.6939967Z Firebase emulators ready (firestore=8080, auth=9099)
2026-05-02T20:16:50.6973141Z ##[group]Run echo 'KERNEL=="kvm", GROUP="kvm", MODE="0666", OPTIONS+="static_node=kvm"' \
2026-05-02T20:16:50.6973784Z [36;1mecho 'KERNEL=="kvm", GROUP="kvm", MODE="0666", OPTIONS+="static_node=kvm"' \[0m
2026-05-02T20:16:50.6974304Z [36;1m  | sudo tee /etc/udev/rules.d/99-kvm4all.rules[0m
2026-05-02T20:16:50.6974707Z [36;1msudo udevadm control --reload-rules[0m
2026-05-02T20:16:50.6975098Z [36;1msudo udevadm trigger --name-match=kvm[0m
2026-05-02T20:16:50.7000657Z shell: /usr/bin/bash -e {0}
2026-05-02T20:16:50.7000993Z env:
2026-05-02T20:16:50.7001247Z   USE_FIREBASE_EMULATOR: true
2026-05-02T20:16:50.7001683Z   JAVA_HOME: /opt/hostedtoolcache/Java_Temurin-Hotspot_jdk/21.0.10-7/x64
2026-05-02T20:16:50.7002254Z   JAVA_HOME_21_X64: /opt/hostedtoolcache/Java_Temurin-Hotspot_jdk/21.0.10-7/x64
2026-05-02T20:16:50.7002740Z   GRADLE_ACTION_ID: gradle/actions/setup-gradle
2026-05-02T20:16:50.7003110Z   GRADLE_USER_HOME: /home/runner/.gradle
2026-05-02T20:16:50.7003492Z   GRADLE_BUILD_ACTION_SETUP_COMPLETED: true
2026-05-02T20:16:50.7003843Z   GRADLE_BUILD_ACTION_CACHE_RESTORED: true
2026-05-02T20:16:50.7004338Z   DEVELOCITY_INJECTION_INIT_SCRIPT_NAME: gradle-actions.inject-develocity.init.gradle
2026-05-02T20:16:50.7004862Z   DEVELOCITY_INJECTION_CUSTOM_VALUE: gradle-actions
2026-05-02T20:16:50.7005236Z   GITHUB_DEPENDENCY_GRAPH_ENABLED: false
2026-05-02T20:16:50.7005578Z   FIREBASE_EMULATORS_PID: 2571
2026-05-02T20:16:50.7005883Z ##[endgroup]
2026-05-02T20:16:50.7122205Z KERNEL=="kvm", GROUP="kvm", MODE="0666", OPTIONS+="static_node=kvm"
2026-05-02T20:16:50.7539698Z ##[group]Run reactivecircus/android-emulator-runner@v2
2026-05-02T20:16:50.7540081Z with:
2026-05-02T20:16:50.7540472Z   api-level: 34
2026-05-02T20:16:50.7540738Z   target: google_apis
2026-05-02T20:16:50.7541011Z   arch: x86_64
2026-05-02T20:16:50.7541261Z   profile: pixel_6
2026-05-02T20:16:50.7541546Z   emulator-boot-timeout: 1200
2026-05-02T20:16:50.7543302Z   script: adb devices
adb shell settings put global window_animation_scale 0
adb shell settings put global transition_animation_scale 0
adb shell settings put global animator_duration_scale 0
# AVD already reaches the host emulators via 10.0.2.2 (hard-
# coded in PrismTaskApplication.configureFirebaseEmulator),
# so no `adb reverse` is needed. Confirm by pinging the
# emulator UI from inside the AVD.
adb shell "ping -c 1 10.0.2.2 || true"
./gradlew connectedDebugAndroidTest --no-daemon --continue

2026-05-02T20:16:50.7544981Z   cores: 2
2026-05-02T20:16:50.7545221Z   avd-name: test
2026-05-02T20:16:50.7545524Z   force-avd-creation: true
2026-05-02T20:16:50.7545817Z   emulator-port: 5554
2026-05-02T20:16:50.7546273Z   emulator-options: -no-window -gpu swiftshader_indirect -no-snapshot -noaudio -no-boot-anim
2026-05-02T20:16:50.7546771Z   disable-animations: true
2026-05-02T20:16:50.7547066Z   disable-spellchecker: false
2026-05-02T20:16:50.7547381Z   disable-linux-hw-accel: auto
2026-05-02T20:16:50.7547685Z   enable-hw-keyboard: false
2026-05-02T20:16:50.7547966Z   channel: stable
2026-05-02T20:16:50.7548227Z env:
2026-05-02T20:16:50.7548476Z   USE_FIREBASE_EMULATOR: true
2026-05-02T20:16:50.7548893Z   JAVA_HOME: /opt/hostedtoolcache/Java_Temurin-Hotspot_jdk/21.0.10-7/x64
2026-05-02T20:16:50.7549429Z   JAVA_HOME_21_X64: /opt/hostedtoolcache/Java_Temurin-Hotspot_jdk/21.0.10-7/x64
2026-05-02T20:16:50.7549896Z   GRADLE_ACTION_ID: gradle/actions/setup-gradle
2026-05-02T20:16:50.7550357Z   GRADLE_USER_HOME: /home/runner/.gradle
2026-05-02T20:16:50.7550706Z   GRADLE_BUILD_ACTION_SETUP_COMPLETED: true
2026-05-02T20:16:50.7551067Z   GRADLE_BUILD_ACTION_CACHE_RESTORED: true
2026-05-02T20:16:50.7551560Z   DEVELOCITY_INJECTION_INIT_SCRIPT_NAME: gradle-actions.inject-develocity.init.gradle
2026-05-02T20:16:50.7552271Z   DEVELOCITY_INJECTION_CUSTOM_VALUE: gradle-actions
2026-05-02T20:16:50.7552646Z   GITHUB_DEPENDENCY_GRAPH_ENABLED: false
2026-05-02T20:16:50.7552986Z   FIREBASE_EMULATORS_PID: 2571
2026-05-02T20:16:50.7553284Z ##[endgroup]
2026-05-02T20:16:50.8121127Z ##[group]Configure emulator
2026-05-02T20:16:50.8123494Z API level: 34
2026-05-02T20:16:50.8123981Z System image API level: 34
2026-05-02T20:16:50.8124466Z target: google_apis
2026-05-02T20:16:50.8125115Z CPU architecture: x86_64
2026-05-02T20:16:50.8125607Z Hardware profile: pixel_6
2026-05-02T20:16:50.8126040Z Cores: 2
2026-05-02T20:16:50.8126392Z RAM size: 
2026-05-02T20:16:50.8128708Z Heap size: 
2026-05-02T20:16:50.8129157Z SD card path or size: 
2026-05-02T20:16:50.8129569Z Disk size: 
2026-05-02T20:16:50.8129923Z AVD name: test
2026-05-02T20:16:50.8130525Z force avd creation: true
2026-05-02T20:16:50.8131050Z Emulator boot timeout: 1200
2026-05-02T20:16:50.8131685Z emulator port: 5554
2026-05-02T20:16:50.8132613Z emulator options: -no-window -gpu swiftshader_indirect -no-snapshot -noaudio -no-boot-anim
2026-05-02T20:16:50.8133422Z disable animations: true
2026-05-02T20:16:50.8133880Z disable spellchecker: false
2026-05-02T20:16:50.8134439Z disable Linux hardware acceleration: false
2026-05-02T20:16:50.8135052Z enable hardware keyboard: false
2026-05-02T20:16:50.8135573Z Channel: 0 (stable)
2026-05-02T20:16:50.8135973Z Script:
2026-05-02T20:16:50.8136324Z adb devices
2026-05-02T20:16:50.8136879Z adb shell settings put global window_animation_scale 0
2026-05-02T20:16:50.8137662Z adb shell settings put global transition_animation_scale 0
2026-05-02T20:16:50.8138427Z adb shell settings put global animator_duration_scale 0
2026-05-02T20:16:50.8139079Z adb shell "ping -c 1 10.0.2.2 || true"
2026-05-02T20:16:50.8139814Z ./gradlew connectedDebugAndroidTest --no-daemon --continue
2026-05-02T20:16:50.8141073Z Pre emulator launch script:
2026-05-02T20:16:50.8142021Z ##[endgroup]
2026-05-02T20:16:50.8142592Z ##[group]Install Android SDK
2026-05-02T20:16:50.8190931Z [command]/usr/bin/sh -c \yes | sdkmanager --licenses > /dev/null
2026-05-02T20:16:55.6141285Z Installing latest build tools, platform tools, and platform.
2026-05-02T20:16:55.6157262Z [command]/usr/bin/sh -c \sdkmanager --install 'build-tools;36.0.0' platform-tools 'platforms;android-34'> /dev/null
2026-05-02T20:16:56.9244340Z Installing latest emulator.
2026-05-02T20:16:56.9259435Z [command]/usr/bin/sh -c \sdkmanager --install emulator --channel=0 > /dev/null
2026-05-02T20:17:04.6813734Z Installing system images.
2026-05-02T20:17:04.6829507Z [command]/usr/bin/sh -c \sdkmanager --install 'system-images;android-34;google_apis;x86_64' --channel=0 > /dev/null
2026-05-02T20:17:45.0956362Z ##[endgroup]
2026-05-02T20:17:45.0957683Z ##[group]Create AVD
2026-05-02T20:17:45.0958349Z Creating AVD.
2026-05-02T20:17:45.0975609Z [command]/usr/bin/sh -c \echo no | avdmanager create avd --force -n test --package 'system-images;android-34;google_apis;x86_64' --device 'pixel_6'
2026-05-02T20:17:45.8175635Z Loading local repository...                                                     
2026-05-02T20:17:45.8201404Z [=========                              ] 25% Loading local repository...       
2026-05-02T20:17:45.8202460Z [=========                              ] 25% Fetch remote repository...        
2026-05-02T20:17:45.8203413Z [=======================================] 100% Fetch remote repository...       
2026-05-02T20:17:45.8874557Z Auto-selecting single ABI x86_64
2026-05-02T20:17:46.3180893Z [command]/usr/bin/sh -c \printf 'hw.cpu.ncore=2\n' >> /home/runner/.android/avd/test.avd/config.ini
2026-05-02T20:17:46.3202556Z ##[endgroup]
2026-05-02T20:17:46.3204679Z ##[group]Launch Emulator
2026-05-02T20:17:46.3206713Z Starting emulator.
2026-05-02T20:17:46.3219819Z [command]/usr/bin/sh -c \/usr/local/lib/android/sdk/emulator/emulator -port 5554 -avd test -no-window -gpu swiftshader_indirect -no-snapshot -noaudio -no-boot-anim &
2026-05-02T20:17:46.3367739Z INFO         | Android emulator version 36.5.11.0 (build_id 15261927) (CL:N/A)
2026-05-02T20:17:46.3368547Z INFO         | Graphics backend: gfxstream
2026-05-02T20:17:46.3369216Z INFO         | Found systemPath /usr/local/lib/android/sdk/system-images/android-34/google_apis/x86_64/
2026-05-02T20:17:46.7205700Z INFO         | Increasing RAM size to 2048MB
2026-05-02T20:17:46.7206490Z ##############################################################################
2026-05-02T20:17:46.7207256Z ##                        WARNING - ACTION REQUIRED                         ##
2026-05-02T20:17:46.7208103Z ##  Consider using the '-metrics-collection' flag to help improve the       ##
2026-05-02T20:17:46.7209085Z ##  emulator by sending anonymized usage data. Or use the '-no-metrics'     ##
2026-05-02T20:17:46.7210052Z ##  flag to bypass this warning and turn off the metrics collection.        ##
2026-05-02T20:17:46.7211235Z ##  In a future release this warning will turn into a one-time blocking     ##
2026-05-02T20:17:46.7212077Z ##  prompt to ask for explicit user input regarding metrics collection.     ##
2026-05-02T20:17:46.7212598Z ##                                                                          ##
2026-05-02T20:17:46.7213128Z ##  Please see '-help-metrics-collection' for more details. You can use     ##
2026-05-02T20:17:46.7215343Z ##  '-metrics-to-file' or '-metrics-to-console' flags to see what type of   ##
2026-05-02T20:17:46.7216266Z ##  data is being collected by emulator as part of usage statistics.        ##
2026-05-02T20:17:46.7217136Z ##############################################################################
2026-05-02T20:17:46.7217807Z INFO         | Guest GLES Driver: Auto (ext controls)
2026-05-02T20:17:46.7218755Z INFO         | emuglConfig_init: vulkan_mode_selected:swiftshader gles_mode_selected:swiftshader
2026-05-02T20:17:46.7219678Z INFO         | Checking system compatibility:
2026-05-02T20:17:46.7220951Z INFO         |   Checking: hasSufficientDiskSpace
2026-05-02T20:17:46.7221802Z INFO         |      Ok: Disk space requirements to run avd: `test` are met
2026-05-02T20:17:46.7222563Z INFO         |   Checking: hasSufficientHwGpu
2026-05-02T20:17:46.7223397Z INFO         |      Ok: Hardware GPU compatibility checks are not required
2026-05-02T20:17:46.7224135Z INFO         |   Checking: hasSufficientSystem
2026-05-02T20:17:46.7224883Z INFO         |      Ok: System requirements to run avd: `test` are met
2026-05-02T20:17:46.7225765Z ERROR        | Unable to connect to adb daemon on port: 5037
2026-05-02T20:17:46.7226997Z INFO         | Storing crashdata in: /tmp/android-runner/emu-crash-36.5.11.db, detection is enabled for process: 3021
2026-05-02T20:17:46.7228026Z INFO         | Initializing gfxstream backend
2026-05-02T20:17:46.7231511Z INFO         | android_startOpenglesRenderer: gpu info
2026-05-02T20:17:46.7232283Z INFO         | 
2026-05-02T20:17:46.7234408Z INFO         | initIcdPaths: ICD set to 'swiftshader', using Swiftshader ICD
2026-05-02T20:17:46.7235997Z INFO         | Setting ICD filenames for the loader = /usr/local/lib/android/sdk/emulator/lib64/vulkan/vk_swiftshader_icd.json
2026-05-02T20:17:46.7237892Z INFO         | SharedLibrary::open for [/usr/local/lib/android/sdk/emulator/qemu/linux-x86_64/lib64/vulkan/libvulkan.so]
2026-05-02T20:17:46.7239523Z INFO         | SharedLibrary::open for [/usr/local/lib/android/sdk/emulator/qemu/linux-x86_64/lib64/vulkan/libvulkan.so.1]
2026-05-02T20:17:46.7241375Z INFO         | SharedLibrary::open for [/usr/local/lib/android/sdk/emulator/lib64/vulkan/libvulkan.so]
2026-05-02T20:17:46.7242875Z INFO         | Added library: /usr/local/lib/android/sdk/emulator/lib64/vulkan/libvulkan.so
2026-05-02T20:17:46.7428217Z INFO         | Selecting Vulkan device: SwiftShader Device (Subzero), Version: 1.3.0
2026-05-02T20:17:46.7573470Z INFO         | SharedLibrary::open for [libX11]
2026-05-02T20:17:46.7574342Z WARNING      | Could not open libX11.so, try libX11.so.6
2026-05-02T20:17:46.7575080Z INFO         | SharedLibrary::open for [libX11.so.6]
2026-05-02T20:17:46.7576184Z INFO         | SharedLibrary::open for [libX11-xcb]
2026-05-02T20:17:46.7576968Z WARNING      | Could not open libX11-xcb.so, try libX11-xcb.so.1
2026-05-02T20:17:46.7577746Z INFO         | SharedLibrary::open for [libX11-xcb.so.1]
2026-05-02T20:17:46.7665242Z INFO         | Initializing VkEmulation features:
2026-05-02T20:17:46.7665919Z INFO         |     glInteropSupported: false
2026-05-02T20:17:46.7666566Z INFO         |     useDeferredCommands: true
2026-05-02T20:17:46.7667240Z INFO         |     createResourceWithRequirements: true
2026-05-02T20:17:46.7667932Z INFO         |     useVulkanComposition: false
2026-05-02T20:17:46.7668595Z INFO         |     useVulkanNativeSwapchain: false
2026-05-02T20:17:46.7669247Z INFO         |     enable guestRenderDoc: false
2026-05-02T20:17:46.7669860Z INFO         |     ASTC LDR emulation mode: Gpu
2026-05-02T20:17:46.7670725Z INFO         |     enable ETC2 emulation: true
2026-05-02T20:17:46.7671408Z INFO         |     enable Ycbcr emulation: false
2026-05-02T20:17:46.7672033Z INFO         |     guestVulkanOnly: false
2026-05-02T20:17:46.7672452Z INFO         |     useDedicatedAllocations: false
2026-05-02T20:17:46.7673058Z INFO         |     guestVulkanMaxApiVersion: 1.3.0
2026-05-02T20:17:46.7673772Z INFO         | Graphics Adapter Vendor Google (Google Inc.)
2026-05-02T20:17:46.7674744Z INFO         | Graphics Adapter Android Emulator OpenGL ES Translator (Google SwiftShader)
2026-05-02T20:17:46.7676655Z INFO         | Graphics API Version OpenGL ES 3.0 (OpenGL ES 3.0 SwiftShader 4.0.0.1)
2026-05-02T20:17:46.7681756Z INFO         | Graphics API Extensions GL_OES_EGL_sync GL_OES_EGL_image GL_OES_EGL_image_external GL_OES_depth24 GL_OES_depth32 GL_OES_element_index_uint GL_OES_texture_float GL_OES_texture_float_linear GL_OES_compressed_paletted_texture GL_OES_compressed_ETC1_RGB8_texture GL_OES_depth_texture GL_OES_texture_half_float GL_OES_texture_half_float_linear GL_OES_packed_depth_stencil GL_OES_vertex_half_float GL_OES_standard_derivatives GL_OES_texture_npot GL_OES_rgb8_rgba8 GL_EXT_color_buffer_float GL_EXT_color_buffer_half_float GL_EXT_texture_format_BGRA8888 GL_APPLE_texture_format_BGRA8888 
2026-05-02T20:17:46.7684990Z INFO         | Graphics Device Extensions N/A
2026-05-02T20:17:46.7697321Z INFO         | Disabling sparse binding feature support
2026-05-02T20:17:46.7751300Z INFO         | Sending adb public key [QAAAAHskNaxN5YYWhazDevD6D1kLbSzqkw6Witi9SZ/kBtxQwwYJB1lmJIArB/mtQnRW0kglTsLbThR+LQqj0cZQaUGOOcBT686XJaNWF5nKYsKQam+ryePm3TJzZkZpZ1RWM9tJE7HGc8yBgh4YGq+dD7fBOFYKWF7AqGeWgCxCAT/WTotIiiDNEXeJm8hmlFl4qriasaLO9VN5jhkrh6m2oxtGpUi1pK6hqxkbXr1tREr17li1b+b//2XiSF21SHN3c1AIQ0rbBFGLDm7HHrf2epC7KMT8aNCcmM5+j16qEca+Wh+oOvhxgIfzXqfq1IMlyyukiR4hHl3/ZgZhW9pcbDck3TvtRd0nO4A56xP3jG+4qzNgDZBQEnT+Ib+Em8yyM1k1XkUsKo5knherxQERpd7QJbnl6GDDOlHju9733B4M2WeNQKEHo9D9DT1oGlfi0g3MMxSOWoJ0xLMOnG1pvIwIuvY+wzK/j/m3PWHJKDEs1FUSoXLymVprr1HjI8YB/KGuMToXlMeo+cekWV/YQAgRqHTW90tzYo0F4aYHvMPt3nRELicBkYSf0Z85YAbwCyn/aiDsNTW3FKkpy1kDaH7gQYG+uSi3EO7KH/IgzMlOosgpNHnm0i98JxYZrH8MJmqTwz90Ct1s6I/LMAntaAkDQ9T8EamZr2BskCoybO1Jc2WZdwEAAQA= runner@unknown]
2026-05-02T20:17:46.7757074Z INFO         | Userspace boot properties:
2026-05-02T20:17:46.7758089Z INFO         |   androidboot.boot_devices=pci0000:00/0000:00:03.0 pci0000:00/0000:00:06.0
2026-05-02T20:17:46.7758935Z INFO         |   androidboot.dalvik.vm.heapsize=512m
2026-05-02T20:17:46.7759478Z INFO         |   androidboot.debug.hwui.renderer=skiagl
2026-05-02T20:17:46.7759964Z INFO         |   androidboot.debug.sf.nobootanimation=1
2026-05-02T20:17:46.7760592Z INFO         |   androidboot.hardware=ranchu
2026-05-02T20:17:46.7761037Z INFO         |   androidboot.hardware.gltransport=pipe
2026-05-02T20:17:46.7761516Z INFO         |   androidboot.hardware.vulkan=ranchu
2026-05-02T20:17:46.7761930Z INFO         |   androidboot.logcat=*:V
2026-05-02T20:17:46.7762365Z INFO         |   androidboot.opengles.version=196608
2026-05-02T20:17:46.7762772Z INFO         |   androidboot.qemu=1
2026-05-02T20:17:46.7766769Z INFO         |   androidboot.qemu.adb.pubkey=QAAAAHskNaxN5YYWhazDevD6D1kLbSzqkw6Witi9SZ/kBtxQwwYJB1lmJIArB/mtQnRW0kglTsLbThR+LQqj0cZQaUGOOcBT686XJaNWF5nKYsKQam+ryePm3TJzZkZpZ1RWM9tJE7HGc8yBgh4YGq+dD7fBOFYKWF7AqGeWgCxCAT/WTotIiiDNEXeJm8hmlFl4qriasaLO9VN5jhkrh6m2oxtGpUi1pK6hqxkbXr1tREr17li1b+b//2XiSF21SHN3c1AIQ0rbBFGLDm7HHrf2epC7KMT8aNCcmM5+j16qEca+Wh+oOvhxgIfzXqfq1IMlyyukiR4hHl3/ZgZhW9pcbDck3TvtRd0nO4A56xP3jG+4qzNgDZBQEnT+Ib+Em8yyM1k1XkUsKo5knherxQERpd7QJbnl6GDDOlHju9733B4M2WeNQKEHo9D9DT1oGlfi0g3MMxSOWoJ0xLMOnG1pvIwIuvY+wzK/j/m3PWHJKDEs1FUSoXLymVprr1HjI8YB/KGuMToXlMeo+cekWV/YQAgRqHTW90tzYo0F4aYHvMPt3nRELicBkYSf0Z85YAbwCyn/aiDsNTW3FKkpy1kDaH7gQYG+uSi3EO7KH/IgzMlOosgpNHnm0i98JxYZrH8MJmqTwz90Ct1s6I/LMAntaAkDQ9T8EamZr2BskCoybO1Jc2WZdwEAAQA= runner@unknown
2026-05-02T20:17:46.7770945Z INFO         |   androidboot.qemu.avd_name=test
2026-05-02T20:17:46.7771448Z INFO         |   androidboot.qemu.camera_hq_edge_processing=0
2026-05-02T20:17:46.7771940Z INFO         |   androidboot.qemu.camera_protocol_ver=1
2026-05-02T20:17:46.7772416Z INFO         |   androidboot.qemu.cpuvulkan.version=4202496
2026-05-02T20:17:46.7772958Z INFO         |   androidboot.qemu.gltransport.drawFlushInterval=800
2026-05-02T20:17:46.7773469Z INFO         |   androidboot.qemu.gltransport.name=pipe
2026-05-02T20:17:46.7773921Z INFO         |   androidboot.qemu.hwcodec.avcdec=2
2026-05-02T20:17:46.7774368Z INFO         |   androidboot.qemu.hwcodec.hevcdec=2
2026-05-02T20:17:46.7774815Z INFO         |   androidboot.qemu.hwcodec.vpxdec=2
2026-05-02T20:17:46.7775358Z INFO         |   androidboot.qemu.settings.system.screen_off_timeout=2147483647
2026-05-02T20:17:46.7775879Z INFO         |   androidboot.qemu.skin=1080x2400
2026-05-02T20:17:46.7776294Z INFO         |   androidboot.qemu.virtiowifi=1
2026-05-02T20:17:46.7776692Z INFO         |   androidboot.qemu.vsync=60
2026-05-02T20:17:46.7777121Z INFO         |   androidboot.serialno=EMULATOR36X5X11X0
2026-05-02T20:17:46.7777942Z INFO         |   androidboot.vbmeta.digest=451e57ed688ff746d2c636d52169ade253e2bc5bb30a5c3ff23679ca15d3bcd3
2026-05-02T20:17:46.7778590Z INFO         |   androidboot.vbmeta.hash_alg=sha256
2026-05-02T20:17:46.7779023Z INFO         |   androidboot.vbmeta.size=6656
2026-05-02T20:17:46.7779444Z INFO         |   androidboot.veritymode=enforcing
2026-05-02T20:17:46.7917308Z WARNING: cannnot unmap ptr 0x7f4385001000 as it is in the protected range from 0x7f4305000000 to 0x7f4385200000
2026-05-02T20:17:46.8075589Z INFO         | Monitoring duration of emulator setup.
2026-05-02T20:17:49.8213793Z INFO         | Activated packet streamer for bluetooth emulation
2026-05-02T20:17:49.8237061Z INFO         | Successfully initialized netsim WiFi
2026-05-02T20:17:49.8292904Z INFO         | Setting display: 0 configuration to: 1080x2400, dpi: 420x420 
2026-05-02T20:17:49.8293775Z INFO         | setDisplayActiveConfig: id:0, 1080x2400
2026-05-02T20:17:49.8294615Z INFO         | emulatorSetupEnvironment: Setting up screen background view and display layout at env:1080x2400, lcd:1080x2400
2026-05-02T20:17:49.8295553Z INFO         | emulatorSetupEnvironment: Environment scene is not required
2026-05-02T20:17:49.8364893Z USER_INFO    | Emulator is performing a full startup. This may take upto two minutes, or more.
2026-05-02T20:17:49.8366630Z WARNING      | Failed to process .ini file /home/runner/.android/emu-update-last-check.ini for reading.
2026-05-02T20:17:49.9246979Z WARNING      | Failed to process .ini file /home/runner/.android/emu-update-last-check.ini for reading.
2026-05-02T20:17:56.3272248Z [command]/usr/local/lib/android/sdk/platform-tools/adb -s emulator-5554 shell getprop sys.boot_completed
2026-05-02T20:17:56.3340623Z * daemon not running; starting now at tcp:5037
2026-05-02T20:17:56.3364463Z * daemon started successfully
2026-05-02T20:17:56.3365905Z adb: device offline
2026-05-02T20:17:56.3368930Z The process '/usr/local/lib/android/sdk/platform-tools/adb' failed with exit code 1
2026-05-02T20:17:58.3402751Z [command]/usr/local/lib/android/sdk/platform-tools/adb -s emulator-5554 shell getprop sys.boot_completed
2026-05-02T20:17:58.3446465Z adb: device offline
2026-05-02T20:17:58.3461715Z The process '/usr/local/lib/android/sdk/platform-tools/adb' failed with exit code 1
2026-05-02T20:18:00.3475945Z [command]/usr/local/lib/android/sdk/platform-tools/adb -s emulator-5554 shell getprop sys.boot_completed
2026-05-02T20:18:00.3512908Z adb: device offline
2026-05-02T20:18:00.3518483Z The process '/usr/local/lib/android/sdk/platform-tools/adb' failed with exit code 1
2026-05-02T20:18:02.3592263Z [command]/usr/local/lib/android/sdk/platform-tools/adb -s emulator-5554 shell getprop sys.boot_completed
2026-05-02T20:18:02.3837332Z 
2026-05-02T20:18:04.3908219Z [command]/usr/local/lib/android/sdk/platform-tools/adb -s emulator-5554 shell getprop sys.boot_completed
2026-05-02T20:18:04.4120980Z 
2026-05-02T20:18:06.4172334Z [command]/usr/local/lib/android/sdk/platform-tools/adb -s emulator-5554 shell getprop sys.boot_completed
2026-05-02T20:18:06.4455711Z 
2026-05-02T20:18:08.4581670Z [command]/usr/local/lib/android/sdk/platform-tools/adb -s emulator-5554 shell getprop sys.boot_completed
2026-05-02T20:18:08.5077988Z 
2026-05-02T20:18:10.5142092Z [command]/usr/local/lib/android/sdk/platform-tools/adb -s emulator-5554 shell getprop sys.boot_completed
2026-05-02T20:18:10.5473958Z 
2026-05-02T20:18:12.5512033Z [command]/usr/local/lib/android/sdk/platform-tools/adb -s emulator-5554 shell getprop sys.boot_completed
2026-05-02T20:18:12.5781152Z 
2026-05-02T20:18:14.5839347Z [command]/usr/local/lib/android/sdk/platform-tools/adb -s emulator-5554 shell getprop sys.boot_completed
2026-05-02T20:18:14.6102677Z 
2026-05-02T20:18:16.6163942Z [command]/usr/local/lib/android/sdk/platform-tools/adb -s emulator-5554 shell getprop sys.boot_completed
2026-05-02T20:18:16.6390079Z 
2026-05-02T20:18:18.6435648Z [command]/usr/local/lib/android/sdk/platform-tools/adb -s emulator-5554 shell getprop sys.boot_completed
2026-05-02T20:18:18.6800749Z 
2026-05-02T20:18:20.6843832Z [command]/usr/local/lib/android/sdk/platform-tools/adb -s emulator-5554 shell getprop sys.boot_completed
2026-05-02T20:18:20.7045673Z 
2026-05-02T20:18:22.7122545Z [command]/usr/local/lib/android/sdk/platform-tools/adb -s emulator-5554 shell getprop sys.boot_completed
2026-05-02T20:18:22.7621321Z 
2026-05-02T20:18:24.7668680Z [command]/usr/local/lib/android/sdk/platform-tools/adb -s emulator-5554 shell getprop sys.boot_completed
2026-05-02T20:18:24.7948577Z 
2026-05-02T20:18:26.8032389Z [command]/usr/local/lib/android/sdk/platform-tools/adb -s emulator-5554 shell getprop sys.boot_completed
2026-05-02T20:18:26.8441624Z 1
2026-05-02T20:18:26.8502699Z Emulator booted.
2026-05-02T20:18:26.8551570Z [command]/usr/local/lib/android/sdk/platform-tools/adb -s emulator-5554 shell input keyevent 82
2026-05-02T20:18:27.0313889Z Disabling animations.
2026-05-02T20:18:27.0380042Z [command]/usr/local/lib/android/sdk/platform-tools/adb -s emulator-5554 shell settings put global window_animation_scale 0.0
2026-05-02T20:18:27.1993271Z [command]/usr/local/lib/android/sdk/platform-tools/adb -s emulator-5554 shell settings put global transition_animation_scale 0.0
2026-05-02T20:18:27.2439826Z INFO         | Boot completed in 40879 ms
2026-05-02T20:18:27.2442015Z INFO         | Increasing screen off timeout, logcat buffer size to 2M.
2026-05-02T20:18:27.2748985Z [command]/usr/local/lib/android/sdk/platform-tools/adb -s emulator-5554 shell settings put global animator_duration_scale 0.0
2026-05-02T20:18:27.3775111Z ##[endgroup]
2026-05-02T20:18:27.3799155Z [command]/usr/bin/sh -c adb devices
2026-05-02T20:18:27.3853408Z List of devices attached
2026-05-02T20:18:27.3859744Z emulator-5554	device
2026-05-02T20:18:27.3860754Z 
2026-05-02T20:18:27.3882022Z [command]/usr/bin/sh -c adb shell settings put global window_animation_scale 0
2026-05-02T20:18:27.4516053Z [command]/usr/bin/sh -c adb shell settings put global transition_animation_scale 0
2026-05-02T20:18:27.6085994Z [command]/usr/bin/sh -c adb shell settings put global animator_duration_scale 0
2026-05-02T20:18:27.7031857Z [command]/usr/bin/sh -c adb shell "ping -c 1 10.0.2.2 || true"
2026-05-02T20:18:27.7821354Z connect: Network is unreachable
2026-05-02T20:18:27.7941422Z [command]/usr/bin/sh -c ./gradlew connectedDebugAndroidTest --no-daemon --continue
2026-05-02T20:18:29.3262329Z To honour the JVM settings for this build a single-use Daemon process will be forked. For more on this, please refer to https://docs.gradle.org/9.3.1/userguide/gradle_daemon.html#sec:disabling_the_daemon in the Gradle documentation.
2026-05-02T20:18:33.5236605Z Daemon will be stopped at the end of the build 
2026-05-02T20:18:34.1241771Z Configuration on demand is an incubating feature.
2026-05-02T20:18:45.2283347Z 
2026-05-02T20:18:45.2325785Z > Configure project :app
2026-05-02T20:18:45.2351801Z WARNING: The option setting 'android.builtInKotlin=false' is deprecated.
2026-05-02T20:18:45.2380974Z The current default is 'true'.
2026-05-02T20:18:45.2411175Z It will be removed in version 10.0 of the Android Gradle plugin.
2026-05-02T20:18:45.2442423Z WARNING: The option setting 'android.newDsl=false' is deprecated.
2026-05-02T20:18:45.2443365Z The current default is 'true'.
2026-05-02T20:18:45.2471238Z It will be removed in version 10.0 of the Android Gradle plugin.
2026-05-02T20:18:45.2485201Z WARNING: The option setting 'android.dependency.excludeLibraryComponentsFromConstraints=true' is deprecated.
2026-05-02T20:18:45.2486599Z The current default is 'false'.
2026-05-02T20:18:45.2487514Z It will be removed in version 10.0 of the Android Gradle plugin.
2026-05-02T20:18:45.2488475Z Following can be set instead to achieve a similar behaviour.
2026-05-02T20:18:45.2489327Z     android.dependency.useConstraints=false
2026-05-02T20:18:49.1252718Z w: ⚠️ Deprecated 'org.jetbrains.kotlin.android' plugin usage
2026-05-02T20:18:49.1282226Z The 'org.jetbrains.kotlin.android' plugin in project ':app' is no longer required for Kotlin support since AGP 9.0.
2026-05-02T20:18:49.1302721Z Solution: Remove both `android.builtInKotlin=true` and `android.newDsl=false` from `gradle.properties`, then migrate to built-in Kotlin.
2026-05-02T20:18:49.1314922Z See https://kotl.in/gradle/agp-built-in-kotlin for more details.
2026-05-02T20:18:49.1340531Z 
2026-05-02T20:18:51.5261189Z 
2026-05-02T20:18:51.5276067Z > Task :app:checkKotlinGradlePluginConfigurationErrors SKIPPED
2026-05-02T20:18:51.5303984Z > Task :app:preBuild UP-TO-DATE
2026-05-02T20:18:51.5311047Z > Task :app:preDebugBuild UP-TO-DATE
2026-05-02T20:18:51.6275736Z > Task :app:generateDebugBuildConfig FROM-CACHE
2026-05-02T20:18:51.6301187Z > Task :app:generateDebugResValues FROM-CACHE
2026-05-02T20:18:51.7238096Z > Task :app:generateDebugResources FROM-CACHE
2026-05-02T20:18:51.8243925Z > Task :app:injectCrashlyticsMappingFileIdDebug
2026-05-02T20:18:51.8281117Z > Task :app:processDebugGoogleServices FROM-CACHE
2026-05-02T20:18:52.0243345Z > Task :app:packageDebugResources FROM-CACHE
2026-05-02T20:18:53.2266875Z > Task :app:processDebugNavigationResources FROM-CACHE
2026-05-02T20:18:53.6266796Z > Task :app:parseDebugLocalResources FROM-CACHE
2026-05-02T20:18:53.6281204Z > Task :app:generateDebugRFile FROM-CACHE
2026-05-02T20:18:55.8270665Z > Task :app:javaPreCompileDebug FROM-CACHE
2026-05-02T20:18:55.8301435Z > Task :app:generateDebugAssets UP-TO-DATE
2026-05-02T20:18:56.1253042Z > Task :app:mergeDebugAssets
2026-05-02T20:18:56.2285306Z > Task :app:compressDebugAssets FROM-CACHE
2026-05-02T20:18:56.2289885Z > Task :app:desugarDebugFileDependencies FROM-CACHE
2026-05-02T20:18:56.4266921Z > Task :app:mapDebugSourceSetPaths
2026-05-02T20:18:56.4298487Z > Task :app:compileDebugNavigationResources FROM-CACHE
2026-05-02T20:18:56.4381364Z > Task :app:checkDebugAarMetadata
2026-05-02T20:18:56.8251996Z > Task :app:mergeDebugResources FROM-CACHE
2026-05-02T20:18:56.9259790Z > Task :app:createDebugCompatibleScreenManifests
2026-05-02T20:18:56.9291604Z > Task :app:extractDeepLinksDebug FROM-CACHE
2026-05-02T20:18:57.2267988Z > Task :app:processDebugMainManifest FROM-CACHE
2026-05-02T20:18:57.2291518Z > Task :app:processDebugManifest FROM-CACHE
2026-05-02T20:18:57.3281760Z > Task :app:processDebugManifestForPackage FROM-CACHE
2026-05-02T20:18:57.8241906Z > Task :app:processDebugResources FROM-CACHE
2026-05-02T20:18:58.3240086Z > Task :app:mergeDebugJniLibFolders
2026-05-02T20:18:58.5239577Z > Task :app:checkDebugDuplicateClasses
2026-05-02T20:18:58.6246760Z > Task :app:mergeDebugNativeLibs
2026-05-02T20:19:00.2271699Z > Task :app:mergeExtDexDebug FROM-CACHE
2026-05-02T20:19:00.2301308Z > Task :app:mergeLibDexDebug FROM-CACHE
2026-05-02T20:19:00.2326011Z > Task :app:validateSigningDebug
2026-05-02T20:19:00.2340804Z > Task :app:writeDebugAppMetadata
2026-05-02T20:19:00.3241644Z > Task :app:writeDebugSigningConfigVersions
2026-05-02T20:19:00.3269406Z > Task :app:preDebugAndroidTestBuild SKIPPED
2026-05-02T20:19:00.6271602Z > Task :app:stripDebugDebugSymbols
2026-05-02T20:19:00.9257549Z > Task :app:processDebugAndroidTestManifest
2026-05-02T20:19:00.9271344Z > Task :app:generateDebugAndroidTestBuildConfig FROM-CACHE
2026-05-02T20:19:00.9297823Z > Task :app:generateDebugAndroidTestResValues FROM-CACHE
2026-05-02T20:19:00.9321416Z > Task :app:generateDebugAndroidTestResources FROM-CACHE
2026-05-02T20:19:00.9352305Z > Task :app:packageDebugAndroidTestResources FROM-CACHE
2026-05-02T20:19:00.9384526Z > Task :app:processDebugAndroidTestNavigationResources FROM-CACHE
2026-05-02T20:19:00.9393685Z > Task :app:parseDebugAndroidTestLocalResources FROM-CACHE
2026-05-02T20:19:00.9411792Z > Task :app:generateDebugAndroidTestRFile FROM-CACHE
2026-05-02T20:19:01.0265335Z > Task :app:javaPreCompileDebugAndroidTest FROM-CACHE
2026-05-02T20:19:01.0293549Z > Task :app:generateDebugAndroidTestAssets UP-TO-DATE
2026-05-02T20:19:01.0310933Z > Task :app:mergeDebugAndroidTestAssets
2026-05-02T20:19:01.0333101Z > Task :app:compressDebugAndroidTestAssets FROM-CACHE
2026-05-02T20:19:01.0359623Z > Task :app:desugarDebugAndroidTestFileDependencies FROM-CACHE
2026-05-02T20:19:01.1246253Z > Task :app:mapDebugAndroidTestSourceSetPaths
2026-05-02T20:19:01.1277944Z > Task :app:checkDebugAndroidTestAarMetadata
2026-05-02T20:19:01.1312163Z > Task :app:compileDebugAndroidTestNavigationResources FROM-CACHE
2026-05-02T20:19:01.3257596Z > Task :app:mergeDebugAndroidTestResources FROM-CACHE
2026-05-02T20:19:01.4260623Z > Task :app:processDebugAndroidTestResources FROM-CACHE
2026-05-02T20:19:01.5256874Z > Task :app:mergeDebugAndroidTestJniLibFolders
2026-05-02T20:19:01.6302133Z > Task :app:checkDebugAndroidTestDuplicateClasses
2026-05-02T20:19:01.7281945Z > Task :app:mergeDebugAndroidTestNativeLibs
2026-05-02T20:19:02.1238070Z > Task :app:mergeExtDexDebugAndroidTest FROM-CACHE
2026-05-02T20:19:02.1271309Z > Task :app:mergeLibDexDebugAndroidTest FROM-CACHE
2026-05-02T20:19:02.1302807Z > Task :app:validateSigningDebugAndroidTest
2026-05-02T20:19:02.1331031Z > Task :app:writeDebugAndroidTestSigningConfigVersions
2026-05-02T20:19:02.2245732Z > Task :app:stripDebugAndroidTestDebugSymbols
2026-05-02T20:19:23.6235934Z > Task :app:kspDebugKotlin
2026-05-02T20:19:54.3275953Z e: [ksp] MultibindingAnnotationsProcessingStep was unable to process 'bindNotify(com.averycorp.prismtask.domain.automation.handlers.NotifyActionHandler)' because 'ApplyBatchActionHandler' could not be resolved.
2026-05-02T20:19:54.3326941Z 
2026-05-02T20:19:54.3369934Z Dependency trace:
2026-05-02T20:19:54.3400919Z     => element (CLASS): com.averycorp.prismtask.di.AutomationModule
2026-05-02T20:19:54.3429274Z     => element (METHOD): bindApplyBatch(ApplyBatchActionHandler)
2026-05-02T20:19:54.3489049Z     => element (PARAMETER): impl
2026-05-02T20:19:54.3521428Z     => type (ERROR parameter type): ApplyBatchActionHandler
2026-05-02T20:19:54.3544052Z 
2026-05-02T20:19:54.3582176Z If type 'ApplyBatchActionHandler' is a generated type, check above for compilation errors that may have prevented the type from being generated. Otherwise, ensure that type 'ApplyBatchActionHandler' is on your classpath.
2026-05-02T20:19:54.3608295Z e: [ksp] MultibindingAnnotationsProcessingStep was unable to process 'bindMutateTask(com.averycorp.prismtask.domain.automation.handlers.MutateTaskActionHandler)' because 'ApplyBatchActionHandler' could not be resolved.
2026-05-02T20:19:54.3631507Z 
2026-05-02T20:19:54.3670771Z Dependency trace:
2026-05-02T20:19:54.3671758Z     => element (CLASS): com.averycorp.prismtask.di.AutomationModule
2026-05-02T20:19:54.3672667Z     => element (METHOD): bindApplyBatch(ApplyBatchActionHandler)
2026-05-02T20:19:54.3700904Z     => element (PARAMETER): impl
2026-05-02T20:19:54.3756508Z     => type (ERROR parameter type): ApplyBatchActionHandler
2026-05-02T20:19:54.3780587Z 
2026-05-02T20:19:54.3803016Z If type 'ApplyBatchActionHandler' is a generated type, check above for compilation errors that may have prevented the type from being generated. Otherwise, ensure that type 'ApplyBatchActionHandler' is on your classpath.
2026-05-02T20:19:54.3832431Z e: [ksp] MultibindingAnnotationsProcessingStep was unable to process 'bindMutateHabit(com.averycorp.prismtask.domain.automation.handlers.MutateHabitActionHandler)' because 'ApplyBatchActionHandler' could not be resolved.
2026-05-02T20:19:54.3855975Z 
2026-05-02T20:19:54.3891238Z Dependency trace:
2026-05-02T20:19:54.3916888Z     => element (CLASS): com.averycorp.prismtask.di.AutomationModule
2026-05-02T20:19:54.3930825Z     => element (METHOD): bindApplyBatch(ApplyBatchActionHandler)
2026-05-02T20:19:54.3950878Z     => element (PARAMETER): impl
2026-05-02T20:19:54.3964440Z     => type (ERROR parameter type): ApplyBatchActionHandler
2026-05-02T20:19:54.3999917Z 
2026-05-02T20:19:54.4025498Z If type 'ApplyBatchActionHandler' is a generated type, check above for compilation errors that may have prevented the type from being generated. Otherwise, ensure that type 'ApplyBatchActionHandler' is on your classpath.
2026-05-02T20:19:54.4043033Z e: [ksp] MultibindingAnnotationsProcessingStep was unable to process 'bindMutateMedication(com.averycorp.prismtask.domain.automation.handlers.MutateMedicationActionHandler)' because 'ApplyBatchActionHandler' could not be resolved.
2026-05-02T20:19:54.4070732Z 
2026-05-02T20:19:54.4120905Z Dependency trace:
2026-05-02T20:19:54.4121693Z     => element (CLASS): com.averycorp.prismtask.di.AutomationModule
2026-05-02T20:19:54.4122586Z     => element (METHOD): bindApplyBatch(ApplyBatchActionHandler)
2026-05-02T20:19:54.4123320Z     => element (PARAMETER): impl
2026-05-02T20:19:54.4131169Z     => type (ERROR parameter type): ApplyBatchActionHandler
2026-05-02T20:19:54.4131946Z 
2026-05-02T20:19:54.4133913Z If type 'ApplyBatchActionHandler' is a generated type, check above for compilation errors that may have prevented the type from being generated. Otherwise, ensure that type 'ApplyBatchActionHandler' is on your classpath.
2026-05-02T20:19:54.4137518Z e: [ksp] MultibindingAnnotationsProcessingStep was unable to process 'bindScheduleTimer(com.averycorp.prismtask.domain.automation.handlers.ScheduleTimerActionHandler)' because 'ApplyBatchActionHandler' could not be resolved.
2026-05-02T20:19:54.4139508Z 
2026-05-02T20:19:54.4139942Z Dependency trace:
2026-05-02T20:19:54.4140966Z     => element (CLASS): com.averycorp.prismtask.di.AutomationModule
2026-05-02T20:19:54.4142102Z     => element (METHOD): bindApplyBatch(ApplyBatchActionHandler)
2026-05-02T20:19:54.4142987Z     => element (PARAMETER): impl
2026-05-02T20:19:54.4143844Z     => type (ERROR parameter type): ApplyBatchActionHandler
2026-05-02T20:19:54.4144482Z 
2026-05-02T20:19:54.4146307Z If type 'ApplyBatchActionHandler' is a generated type, check above for compilation errors that may have prevented the type from being generated. Otherwise, ensure that type 'ApplyBatchActionHandler' is on your classpath.
2026-05-02T20:19:54.4149185Z e: [ksp] MultibindingAnnotationsProcessingStep was unable to process 'bindApplyBatch(ApplyBatchActionHandler)' because 'ApplyBatchActionHandler' could not be resolved.
2026-05-02T20:19:54.4151279Z 
2026-05-02T20:19:54.4151675Z Dependency trace:
2026-05-02T20:19:54.4153269Z     => element (CLASS): com.averycorp.prismtask.di.AutomationModule
2026-05-02T20:19:54.4154362Z     => element (METHOD): bindApplyBatch(ApplyBatchActionHandler)
2026-05-02T20:19:54.4155602Z     => element (PARAMETER): impl
2026-05-02T20:19:54.4156509Z     => type (ERROR parameter type): ApplyBatchActionHandler
2026-05-02T20:19:54.4157149Z 
2026-05-02T20:19:54.4158910Z If type 'ApplyBatchActionHandler' is a generated type, check above for compilation errors that may have prevented the type from being generated. Otherwise, ensure that type 'ApplyBatchActionHandler' is on your classpath.
2026-05-02T20:19:54.4162072Z e: [ksp] MultibindingAnnotationsProcessingStep was unable to process 'bindAiComplete(AiCompleteActionHandler)' because 'ApplyBatchActionHandler' could not be resolved.
2026-05-02T20:19:54.4163395Z 
2026-05-02T20:19:54.4163754Z Dependency trace:
2026-05-02T20:19:54.4164602Z     => element (CLASS): com.averycorp.prismtask.di.AutomationModule
2026-05-02T20:19:54.4165674Z     => element (METHOD): bindApplyBatch(ApplyBatchActionHandler)
2026-05-02T20:19:54.4166567Z     => element (PARAMETER): impl
2026-05-02T20:19:54.4167422Z     => type (ERROR parameter type): ApplyBatchActionHandler
2026-05-02T20:19:54.4168050Z 
2026-05-02T20:19:54.4169820Z If type 'ApplyBatchActionHandler' is a generated type, check above for compilation errors that may have prevented the type from being generated. Otherwise, ensure that type 'ApplyBatchActionHandler' is on your classpath.
2026-05-02T20:19:54.4172839Z e: [ksp] MultibindingAnnotationsProcessingStep was unable to process 'bindAiSummarize(AiSummarizeActionHandler)' because 'ApplyBatchActionHandler' could not be resolved.
2026-05-02T20:19:54.4174373Z 
2026-05-02T20:19:54.4174775Z Dependency trace:
2026-05-02T20:19:54.4175615Z     => element (CLASS): com.averycorp.prismtask.di.AutomationModule
2026-05-02T20:19:54.4176753Z     => element (METHOD): bindApplyBatch(ApplyBatchActionHandler)
2026-05-02T20:19:54.4177646Z     => element (PARAMETER): impl
2026-05-02T20:19:54.4178768Z     => type (ERROR parameter type): ApplyBatchActionHandler
2026-05-02T20:19:54.4179406Z 
2026-05-02T20:19:54.4181374Z If type 'ApplyBatchActionHandler' is a generated type, check above for compilation errors that may have prevented the type from being generated. Otherwise, ensure that type 'ApplyBatchActionHandler' is on your classpath.
2026-05-02T20:19:54.4184675Z e: [ksp] MultibindingAnnotationsProcessingStep was unable to process 'bindLog(com.averycorp.prismtask.domain.automation.handlers.LogActionHandler)' because 'ApplyBatchActionHandler' could not be resolved.
2026-05-02T20:19:54.4186407Z 
2026-05-02T20:19:54.4186894Z Dependency trace:
2026-05-02T20:19:54.4187816Z     => element (CLASS): com.averycorp.prismtask.di.AutomationModule
2026-05-02T20:19:54.4188909Z     => element (METHOD): bindApplyBatch(ApplyBatchActionHandler)
2026-05-02T20:19:54.4189784Z     => element (PARAMETER): impl
2026-05-02T20:19:54.4190788Z     => type (ERROR parameter type): ApplyBatchActionHandler
2026-05-02T20:19:54.4191413Z 
2026-05-02T20:19:54.4193222Z If type 'ApplyBatchActionHandler' is a generated type, check above for compilation errors that may have prevented the type from being generated. Otherwise, ensure that type 'ApplyBatchActionHandler' is on your classpath.
2026-05-02T20:19:54.4195925Z e: [ksp] ModuleProcessingStep was unable to process 'com.averycorp.prismtask.di.AutomationModule' because 'ApplyBatchActionHandler' could not be resolved.
2026-05-02T20:19:54.4197352Z 
2026-05-02T20:19:54.4197740Z Dependency trace:
2026-05-02T20:19:54.4198570Z     => element (CLASS): com.averycorp.prismtask.di.AutomationModule
2026-05-02T20:19:54.4199569Z     => element (METHOD): bindApplyBatch(ApplyBatchActionHandler)
2026-05-02T20:19:54.4200591Z     => element (PARAMETER): impl
2026-05-02T20:19:54.4201408Z     => type (ERROR parameter type): ApplyBatchActionHandler
2026-05-02T20:19:54.4202013Z 
2026-05-02T20:19:54.4203732Z If type 'ApplyBatchActionHandler' is a generated type, check above for compilation errors that may have prevented the type from being generated. Otherwise, ensure that type 'ApplyBatchActionHandler' is on your classpath.
2026-05-02T20:19:54.4292093Z e: [ksp] BindingMethodProcessingStep was unable to process 'bindNotify(com.averycorp.prismtask.domain.automation.handlers.NotifyActionHandler)' because 'ApplyBatchActionHandler' could not be resolved.
2026-05-02T20:19:54.4320926Z 
2026-05-02T20:19:54.4371558Z Dependency trace:
2026-05-02T20:19:54.4391684Z     => element (CLASS): com.averycorp.prismtask.di.AutomationModule
2026-05-02T20:19:54.4401100Z     => element (METHOD): bindApplyBatch(ApplyBatchActionHandler)
2026-05-02T20:19:54.4412466Z     => element (PARAMETER): impl
2026-05-02T20:19:54.4461313Z     => type (ERROR parameter type): ApplyBatchActionHandler
2026-05-02T20:19:54.4481501Z 
2026-05-02T20:19:54.4522330Z If type 'ApplyBatchActionHandler' is a generated type, check above for compilation errors that may have prevented the type from being generated. Otherwise, ensure that type 'ApplyBatchActionHandler' is on your classpath.
2026-05-02T20:19:54.4542686Z e: [ksp] BindingMethodProcessingStep was unable to process 'bindMutateTask(com.averycorp.prismtask.domain.automation.handlers.MutateTaskActionHandler)' because 'ApplyBatchActionHandler' could not be resolved.
2026-05-02T20:19:54.4580832Z 
2026-05-02T20:19:54.4581491Z Dependency trace:
2026-05-02T20:19:54.4582212Z     => element (CLASS): com.averycorp.prismtask.di.AutomationModule
2026-05-02T20:19:54.4583120Z     => element (METHOD): bindApplyBatch(ApplyBatchActionHandler)
2026-05-02T20:19:54.4583819Z     => element (PARAMETER): impl
2026-05-02T20:19:54.4584496Z     => type (ERROR parameter type): ApplyBatchActionHandler
2026-05-02T20:19:54.4610454Z 
2026-05-02T20:19:54.4642584Z If type 'ApplyBatchActionHandler' is a generated type, check above for compilation errors that may have prevented the type from being generated. Otherwise, ensure that type 'ApplyBatchActionHandler' is on your classpath.
2026-05-02T20:19:54.4664933Z e: [ksp] BindingMethodProcessingStep was unable to process 'bindMutateHabit(com.averycorp.prismtask.domain.automation.handlers.MutateHabitActionHandler)' because 'ApplyBatchActionHandler' could not be resolved.
2026-05-02T20:19:54.4671035Z 
2026-05-02T20:19:54.4701358Z Dependency trace:
2026-05-02T20:19:54.4721551Z     => element (CLASS): com.averycorp.prismtask.di.AutomationModule
2026-05-02T20:19:54.4751091Z     => element (METHOD): bindApplyBatch(ApplyBatchActionHandler)
2026-05-02T20:19:54.4780742Z     => element (PARAMETER): impl
2026-05-02T20:19:54.4790994Z     => type (ERROR parameter type): ApplyBatchActionHandler
2026-05-02T20:19:54.4810637Z 
2026-05-02T20:19:54.4842227Z If type 'ApplyBatchActionHandler' is a generated type, check above for compilation errors that may have prevented the type from being generated. Otherwise, ensure that type 'ApplyBatchActionHandler' is on your classpath.
2026-05-02T20:19:54.4872276Z e: [ksp] BindingMethodProcessingStep was unable to process 'bindMutateMedication(com.averycorp.prismtask.domain.automation.handlers.MutateMedicationActionHandler)' because 'ApplyBatchActionHandler' could not be resolved.
2026-05-02T20:19:54.4905396Z 
2026-05-02T20:19:54.4913234Z Dependency trace:
2026-05-02T20:19:54.4944154Z     => element (CLASS): com.averycorp.prismtask.di.AutomationModule
2026-05-02T20:19:54.4971426Z     => element (METHOD): bindApplyBatch(ApplyBatchActionHandler)
2026-05-02T20:19:54.4995397Z     => element (PARAMETER): impl
2026-05-02T20:19:54.5015824Z     => type (ERROR parameter type): ApplyBatchActionHandler
2026-05-02T20:19:54.5046446Z 
2026-05-02T20:19:54.5078416Z If type 'ApplyBatchActionHandler' is a generated type, check above for compilation errors that may have prevented the type from being generated. Otherwise, ensure that type 'ApplyBatchActionHandler' is on your classpath.
2026-05-02T20:19:54.5092231Z e: [ksp] BindingMethodProcessingStep was unable to process 'bindScheduleTimer(com.averycorp.prismtask.domain.automation.handlers.ScheduleTimerActionHandler)' because 'ApplyBatchActionHandler' could not be resolved.
2026-05-02T20:19:54.5103129Z 
2026-05-02T20:19:54.5140026Z Dependency trace:
2026-05-02T20:19:54.5170383Z     => element (CLASS): com.averycorp.prismtask.di.AutomationModule
2026-05-02T20:19:54.5212445Z     => element (METHOD): bindApplyBatch(ApplyBatchActionHandler)
2026-05-02T20:19:54.5213507Z     => element (PARAMETER): impl
2026-05-02T20:19:54.5214194Z     => type (ERROR parameter type): ApplyBatchActionHandler
2026-05-02T20:19:54.5214645Z 
2026-05-02T20:19:54.5216305Z If type 'ApplyBatchActionHandler' is a generated type, check above for compilation errors that may have prevented the type from being generated. Otherwise, ensure that type 'ApplyBatchActionHandler' is on your classpath.
2026-05-02T20:19:54.5218926Z e: [ksp] BindingMethodProcessingStep was unable to process 'bindApplyBatch(ApplyBatchActionHandler)' because 'ApplyBatchActionHandler' could not be resolved.
2026-05-02T20:19:54.5219992Z 
2026-05-02T20:19:54.5220346Z Dependency trace:
2026-05-02T20:19:54.5224833Z     => element (CLASS): com.averycorp.prismtask.di.AutomationModule
2026-05-02T20:19:54.5225783Z     => element (METHOD): bindApplyBatch(ApplyBatchActionHandler)
2026-05-02T20:19:54.5226492Z     => element (PARAMETER): impl
2026-05-02T20:19:54.5227156Z     => type (ERROR parameter type): ApplyBatchActionHandler
2026-05-02T20:19:54.5227597Z 
2026-05-02T20:19:54.5229213Z If type 'ApplyBatchActionHandler' is a generated type, check above for compilation errors that may have prevented the type from being generated. Otherwise, ensure that type 'ApplyBatchActionHandler' is on your classpath.
2026-05-02T20:19:54.5237517Z e: [ksp] BindingMethodProcessingStep was unable to process 'bindAiComplete(AiCompleteActionHandler)' because 'ApplyBatchActionHandler' could not be resolved.
2026-05-02T20:19:54.5238475Z 
2026-05-02T20:19:54.5238686Z Dependency trace:
2026-05-02T20:19:54.5239355Z     => element (CLASS): com.averycorp.prismtask.di.AutomationModule
2026-05-02T20:19:54.5240454Z     => element (METHOD): bindApplyBatch(ApplyBatchActionHandler)
2026-05-02T20:19:54.5241619Z     => element (PARAMETER): impl
2026-05-02T20:19:54.5242276Z     => type (ERROR parameter type): ApplyBatchActionHandler
2026-05-02T20:19:54.5242730Z 
2026-05-02T20:19:54.5244360Z If type 'ApplyBatchActionHandler' is a generated type, check above for compilation errors that may have prevented the type from being generated. Otherwise, ensure that type 'ApplyBatchActionHandler' is on your classpath.
2026-05-02T20:19:54.5246938Z e: [ksp] BindingMethodProcessingStep was unable to process 'bindAiSummarize(AiSummarizeActionHandler)' because 'ApplyBatchActionHandler' could not be resolved.
2026-05-02T20:19:54.5248013Z 
2026-05-02T20:19:54.5248217Z Dependency trace:
2026-05-02T20:19:54.5248878Z     => element (CLASS): com.averycorp.prismtask.di.AutomationModule
2026-05-02T20:19:54.5249767Z     => element (METHOD): bindApplyBatch(ApplyBatchActionHandler)
2026-05-02T20:19:54.5271384Z     => element (PARAMETER): impl
2026-05-02T20:19:54.5272001Z     => type (ERROR parameter type): ApplyBatchActionHandler
2026-05-02T20:19:54.5272415Z 
2026-05-02T20:19:54.5273921Z If type 'ApplyBatchActionHandler' is a generated type, check above for compilation errors that may have prevented the type from being generated. Otherwise, ensure that type 'ApplyBatchActionHandler' is on your classpath.
2026-05-02T20:19:54.5276701Z e: [ksp] BindingMethodProcessingStep was unable to process 'bindLog(com.averycorp.prismtask.domain.automation.handlers.LogActionHandler)' because 'ApplyBatchActionHandler' could not be resolved.
2026-05-02T20:19:54.5277988Z 
2026-05-02T20:19:54.5278199Z Dependency trace:
2026-05-02T20:19:54.5278861Z     => element (CLASS): com.averycorp.prismtask.di.AutomationModule
2026-05-02T20:19:54.5279763Z     => element (METHOD): bindApplyBatch(ApplyBatchActionHandler)
2026-05-02T20:19:54.5281484Z     => element (PARAMETER): impl
2026-05-02T20:19:54.5282167Z     => type (ERROR parameter type): ApplyBatchActionHandler
2026-05-02T20:19:54.5282611Z 
2026-05-02T20:19:54.5284198Z If type 'ApplyBatchActionHandler' is a generated type, check above for compilation errors that may have prevented the type from being generated. Otherwise, ensure that type 'ApplyBatchActionHandler' is on your classpath.
2026-05-02T20:19:54.8237034Z 
2026-05-02T20:19:54.8271503Z > Task :app:kspDebugKotlin FAILED
2026-05-02T20:19:54.9243795Z gradle/actions: Writing build results to /home/runner/work/_temp/.gradle-actions/build-results/__reactivecircus_android-emulator-runner-1777753116495.json
2026-05-02T20:19:55.0253490Z 
2026-05-02T20:19:55.0255244Z [Incubating] Problems report is available at: file:///home/runner/work/prismTask/prismTask/build/reports/problems/problems-report.html
2026-05-02T20:19:55.0256176Z 
2026-05-02T20:19:55.0256803Z Deprecated Gradle features were used in this build, making it incompatible with Gradle 10.
2026-05-02T20:19:55.0257414Z 
2026-05-02T20:19:55.0258426Z You can use '--warning-mode all' to show the individual deprecation warnings and determine if they come from your own scripts or plugins.
2026-05-02T20:19:55.0259225Z 
2026-05-02T20:19:55.0260537Z For more on this, please refer to https://docs.gradle.org/9.3.1/userguide/command_line_interface.html#sec:command_line_warnings in the Gradle documentation.
2026-05-02T20:19:55.0261697Z 58 actionable tasks: 23 executed, 35 from cache
2026-05-02T20:19:55.0262088Z 
2026-05-02T20:19:55.0262354Z FAILURE: Build failed with an exception.
2026-05-02T20:19:55.0262689Z 
2026-05-02T20:19:55.0263029Z * What went wrong:
2026-05-02T20:19:55.0263582Z Execution failed for task ':app:kspDebugKotlin'.
2026-05-02T20:19:55.0264546Z > A failure occurred while executing com.google.devtools.ksp.gradle.KspAAWorkerAction
2026-05-02T20:19:55.0265465Z    > KSP failed with exit code: PROCESSING_ERROR
2026-05-02T20:19:55.0265812Z 
2026-05-02T20:19:55.0265967Z * Try:
2026-05-02T20:19:55.0266490Z > Run with --stacktrace option to get the stack trace.
2026-05-02T20:19:55.0267244Z > Run with --info or --debug option to get more log output.
2026-05-02T20:19:55.0268484Z > Run with --scan to get full insights from a Build Scan (powered by Develocity).
2026-05-02T20:19:55.0269316Z > Get more help at https://help.gradle.org.
2026-05-02T20:19:55.0269667Z 
2026-05-02T20:19:55.0269866Z BUILD FAILED in 1m 27s
2026-05-02T20:19:55.4946796Z ##[error]The process '/usr/bin/sh' failed with exit code 1
2026-05-02T20:19:55.4958942Z ##[group]Terminate Emulator
2026-05-02T20:19:55.4960434Z [command]/usr/local/lib/android/sdk/platform-tools/adb -s emulator-5554 emu kill
2026-05-02T20:19:55.4993393Z OK: killing emulator, bye bye
2026-05-02T20:19:55.5002206Z OK
2026-05-02T20:19:55.5003915Z INFO         | Wait for emulator (pid 3021) 20 seconds to shutdown gracefully before kill;you can set environment variable ANDROID_EMULATOR_WAIT_TIME_BEFORE_KILL(in seconds) to change the default value (20 seconds)
2026-05-02T20:19:55.5005034Z 
2026-05-02T20:19:55.5005520Z ##[endgroup]
2026-05-02T20:19:55.5109525Z USER_INFO    | Snapshots have been disabled by the user, save request is ignored.
2026-05-02T20:19:55.5111581Z INFO         | Saving snapshot 'default_boot' using 0 ms
2026-05-02T20:19:55.8596639Z ERROR        | stop: Not implemented
2026-05-02T20:19:55.8597557Z WARNING      | Emulator client has not yet been configured.. Call configure me first!
2026-05-02T20:19:55.9225222Z WARNING      | Netsim Wifi localhost:38213 is gone due to CANCELLED
2026-05-02T20:19:55.9250674Z libc++abi: terminating
2026-05-02T20:19:55.9293274Z [3030:3030:20260502,201955.929104:WARNING process_reader_linux.cc:146] no stack mapping
2026-05-02T20:19:55.9332659Z [3030:3030:20260502,201955.933041:ERROR file_io_posix.cc:145] open /sys/devices/system/cpu/cpu0/cpufreq/scaling_cur_freq: No such file or directory (2)
2026-05-02T20:19:55.9334539Z [3030:3030:20260502,201955.933064:ERROR file_io_posix.cc:145] open /sys/devices/system/cpu/cpu0/cpufreq/scaling_max_freq: No such file or directory (2)
2026-05-02T20:19:59.8372948Z ##[group]Run if [ -n "${FIREBASE_EMULATORS_PID:-}" ]; then
2026-05-02T20:19:59.8373456Z [36;1mif [ -n "${FIREBASE_EMULATORS_PID:-}" ]; then[0m
2026-05-02T20:19:59.8373854Z [36;1m  kill "$FIREBASE_EMULATORS_PID" || true[0m
2026-05-02T20:19:59.8374271Z [36;1m  wait "$FIREBASE_EMULATORS_PID" 2>/dev/null || true[0m
2026-05-02T20:19:59.8374833Z [36;1mfi[0m
2026-05-02T20:19:59.8421090Z shell: /usr/bin/bash -e {0}
2026-05-02T20:19:59.8421419Z env:
2026-05-02T20:19:59.8421670Z   USE_FIREBASE_EMULATOR: true
2026-05-02T20:19:59.8422095Z   JAVA_HOME: /opt/hostedtoolcache/Java_Temurin-Hotspot_jdk/21.0.10-7/x64
2026-05-02T20:19:59.8422659Z   JAVA_HOME_21_X64: /opt/hostedtoolcache/Java_Temurin-Hotspot_jdk/21.0.10-7/x64
2026-05-02T20:19:59.8423121Z   GRADLE_ACTION_ID: gradle/actions/setup-gradle
2026-05-02T20:19:59.8423476Z   GRADLE_USER_HOME: /home/runner/.gradle
2026-05-02T20:19:59.8423817Z   GRADLE_BUILD_ACTION_SETUP_COMPLETED: true
2026-05-02T20:19:59.8424214Z   GRADLE_BUILD_ACTION_CACHE_RESTORED: true
2026-05-02T20:19:59.8424708Z   DEVELOCITY_INJECTION_INIT_SCRIPT_NAME: gradle-actions.inject-develocity.init.gradle
2026-05-02T20:19:59.8425229Z   DEVELOCITY_INJECTION_CUSTOM_VALUE: gradle-actions
2026-05-02T20:19:59.8425601Z   GITHUB_DEPENDENCY_GRAPH_ENABLED: false
2026-05-02T20:19:59.8425933Z   FIREBASE_EMULATORS_PID: 2571
2026-05-02T20:19:59.8426269Z   ANDROID_AVD_HOME: /home/runner/.android/avd
2026-05-02T20:19:59.8426604Z ##[endgroup]
2026-05-02T20:19:59.8647392Z ##[group]Run actions/upload-artifact@v4
2026-05-02T20:19:59.8647896Z with:
2026-05-02T20:19:59.8648264Z   name: firebase-emulator-log
2026-05-02T20:19:59.8648800Z   path: /home/runner/work/_temp/firebase-emulators.log
2026-05-02T20:19:59.8649354Z   retention-days: 7
2026-05-02T20:19:59.8649755Z   if-no-files-found: ignore
2026-05-02T20:19:59.8650383Z   compression-level: 6
2026-05-02T20:19:59.8650807Z   overwrite: false
2026-05-02T20:19:59.8651214Z   include-hidden-files: false
2026-05-02T20:19:59.8651662Z env:
2026-05-02T20:19:59.8652018Z   USE_FIREBASE_EMULATOR: true
2026-05-02T20:19:59.8652634Z   JAVA_HOME: /opt/hostedtoolcache/Java_Temurin-Hotspot_jdk/21.0.10-7/x64
2026-05-02T20:19:59.8653456Z   JAVA_HOME_21_X64: /opt/hostedtoolcache/Java_Temurin-Hotspot_jdk/21.0.10-7/x64
2026-05-02T20:19:59.8654176Z   GRADLE_ACTION_ID: gradle/actions/setup-gradle
2026-05-02T20:19:59.8654729Z   GRADLE_USER_HOME: /home/runner/.gradle
2026-05-02T20:19:59.8655285Z   GRADLE_BUILD_ACTION_SETUP_COMPLETED: true
2026-05-02T20:19:59.8655800Z   GRADLE_BUILD_ACTION_CACHE_RESTORED: true
2026-05-02T20:19:59.8656564Z   DEVELOCITY_INJECTION_INIT_SCRIPT_NAME: gradle-actions.inject-develocity.init.gradle
2026-05-02T20:19:59.8657376Z   DEVELOCITY_INJECTION_CUSTOM_VALUE: gradle-actions
2026-05-02T20:19:59.8657946Z   GITHUB_DEPENDENCY_GRAPH_ENABLED: false
2026-05-02T20:19:59.8658454Z   FIREBASE_EMULATORS_PID: 2571
2026-05-02T20:19:59.8658944Z   ANDROID_AVD_HOME: /home/runner/.android/avd
2026-05-02T20:19:59.8659442Z ##[endgroup]
2026-05-02T20:20:00.1131541Z With the provided path, there will be 1 file uploaded
2026-05-02T20:20:00.1132184Z Artifact name is valid!
2026-05-02T20:20:00.1132555Z Root directory input is valid!
2026-05-02T20:20:00.2262347Z Beginning upload of artifact content to blob storage
2026-05-02T20:20:00.2806007Z Uploaded bytes 1051
2026-05-02T20:20:00.2956770Z Finished uploading artifact content to blob storage!
2026-05-02T20:20:00.2960366Z SHA256 digest of uploaded artifact zip is f8d8a72f1b2c7c56c8739d307a9fd57fda48bfcc4398dad16b38d0199523eea8
2026-05-02T20:20:00.2961487Z Finalizing artifact upload
2026-05-02T20:20:00.4153905Z Artifact firebase-emulator-log.zip successfully finalized. Artifact ID 6765531518
2026-05-02T20:20:00.4155330Z Artifact firebase-emulator-log has been successfully uploaded! Final size is 1051 bytes. Artifact ID is 6765531518
2026-05-02T20:20:00.4162395Z Artifact download URL: https://github.com/averycorp/prismTask/actions/runs/25260891920/artifacts/6765531518
2026-05-02T20:20:00.4287635Z ##[group]Run actions/upload-artifact@v4
2026-05-02T20:20:00.4287985Z with:
2026-05-02T20:20:00.4288246Z   name: connected-test-results
2026-05-02T20:20:00.4288708Z   path: app/build/reports/androidTests/
app/build/outputs/androidTest-results/

2026-05-02T20:20:00.4289169Z   retention-days: 7
2026-05-02T20:20:00.4289448Z   if-no-files-found: ignore
2026-05-02T20:20:00.4289940Z   compression-level: 6
2026-05-02T20:20:00.4290511Z   overwrite: false
2026-05-02T20:20:00.4290838Z   include-hidden-files: false
2026-05-02T20:20:00.4291140Z env:
2026-05-02T20:20:00.4291387Z   USE_FIREBASE_EMULATOR: true
2026-05-02T20:20:00.4291847Z   JAVA_HOME: /opt/hostedtoolcache/Java_Temurin-Hotspot_jdk/21.0.10-7/x64
2026-05-02T20:20:00.4292394Z   JAVA_HOME_21_X64: /opt/hostedtoolcache/Java_Temurin-Hotspot_jdk/21.0.10-7/x64
2026-05-02T20:20:00.4292863Z   GRADLE_ACTION_ID: gradle/actions/setup-gradle
2026-05-02T20:20:00.4293228Z   GRADLE_USER_HOME: /home/runner/.gradle
2026-05-02T20:20:00.4293618Z   GRADLE_BUILD_ACTION_SETUP_COMPLETED: true
2026-05-02T20:20:00.4293979Z   GRADLE_BUILD_ACTION_CACHE_RESTORED: true
2026-05-02T20:20:00.4294479Z   DEVELOCITY_INJECTION_INIT_SCRIPT_NAME: gradle-actions.inject-develocity.init.gradle
2026-05-02T20:20:00.4295004Z   DEVELOCITY_INJECTION_CUSTOM_VALUE: gradle-actions
2026-05-02T20:20:00.4295378Z   GITHUB_DEPENDENCY_GRAPH_ENABLED: false
2026-05-02T20:20:00.4295739Z   FIREBASE_EMULATORS_PID: 2571
2026-05-02T20:20:00.4296071Z   ANDROID_AVD_HOME: /home/runner/.android/avd
2026-05-02T20:20:00.4296410Z ##[endgroup]
2026-05-02T20:20:00.6577329Z Multiple search paths detected. Calculating the least common ancestor of all paths
2026-05-02T20:20:00.6580037Z The least common ancestor is /home/runner/work/prismTask/prismTask/app/build. This will be the root directory of the artifact
2026-05-02T20:20:00.6581299Z With the provided path, there will be 26 files uploaded
2026-05-02T20:20:00.6586210Z Artifact name is valid!
2026-05-02T20:20:00.6587620Z Root directory input is valid!
2026-05-02T20:20:00.7776119Z Beginning upload of artifact content to blob storage
2026-05-02T20:20:00.8737950Z Uploaded bytes 73503
2026-05-02T20:20:00.8911596Z Finished uploading artifact content to blob storage!
2026-05-02T20:20:00.8914726Z SHA256 digest of uploaded artifact zip is 77ccff06fbccb8be1bb4709261f8ae04a102f8bbbf8c93d3f9c173f43cb617a3
2026-05-02T20:20:00.8916783Z Finalizing artifact upload
2026-05-02T20:20:01.0099272Z Artifact connected-test-results.zip successfully finalized. Artifact ID 6765531583
2026-05-02T20:20:01.0100985Z Artifact connected-test-results has been successfully uploaded! Final size is 73503 bytes. Artifact ID is 6765531583
2026-05-02T20:20:01.0107554Z Artifact download URL: https://github.com/averycorp/prismTask/actions/runs/25260891920/artifacts/6765531583
2026-05-02T20:20:01.0263104Z Post job cleanup.
2026-05-02T20:20:01.0377067Z Post job cleanup.
2026-05-02T20:20:01.3446654Z In post-action step
2026-05-02T20:20:01.3455900Z Cache is read-only: will not save state for use in subsequent builds.
2026-05-02T20:20:01.3462408Z Generating Job Summary
2026-05-02T20:20:01.3498398Z Completed post-action step
2026-05-02T20:20:01.3680513Z Post job cleanup.
2026-05-02T20:20:01.5496168Z Post job cleanup.
2026-05-02T20:20:01.6463619Z [command]/usr/bin/git version
2026-05-02T20:20:01.6521047Z git version 2.53.0
2026-05-02T20:20:01.6581532Z Temporarily overriding HOME='/home/runner/work/_temp/b21ff683-e046-4900-8bde-4f3e303215c7' before making global git config changes
2026-05-02T20:20:01.6582915Z Adding repository directory to the temporary git global config as a safe directory
2026-05-02T20:20:01.6586868Z [command]/usr/bin/git config --global --add safe.directory /home/runner/work/prismTask/prismTask
2026-05-02T20:20:01.6621431Z Removing SSH command configuration
2026-05-02T20:20:01.6626795Z [command]/usr/bin/git config --local --name-only --get-regexp core\.sshCommand
2026-05-02T20:20:01.6664754Z [command]/usr/bin/git submodule foreach --recursive sh -c "git config --local --name-only --get-regexp 'core\.sshCommand' && git config --local --unset-all 'core.sshCommand' || :"
2026-05-02T20:20:01.6927907Z Removing HTTP extra header
2026-05-02T20:20:01.6933642Z [command]/usr/bin/git config --local --name-only --get-regexp http\.https\:\/\/github\.com\/\.extraheader
2026-05-02T20:20:01.6968340Z [command]/usr/bin/git submodule foreach --recursive sh -c "git config --local --name-only --get-regexp 'http\.https\:\/\/github\.com\/\.extraheader' && git config --local --unset-all 'http.https://github.com/.extraheader' || :"
2026-05-02T20:20:01.7204995Z Removing includeIf entries pointing to credentials config files
2026-05-02T20:20:01.7211476Z [command]/usr/bin/git config --local --name-only --get-regexp ^includeIf\.gitdir:
2026-05-02T20:20:01.7235911Z includeif.gitdir:/home/runner/work/prismTask/prismTask/.git.path
2026-05-02T20:20:01.7236801Z includeif.gitdir:/home/runner/work/prismTask/prismTask/.git/worktrees/*.path
2026-05-02T20:20:01.7244770Z includeif.gitdir:/github/workspace/.git.path
2026-05-02T20:20:01.7251223Z includeif.gitdir:/github/workspace/.git/worktrees/*.path
2026-05-02T20:20:01.7252882Z [command]/usr/bin/git config --local --get-all includeif.gitdir:/home/runner/work/prismTask/prismTask/.git.path
2026-05-02T20:20:01.7268864Z /home/runner/work/_temp/git-credentials-36317ba0-6f1c-4fc5-9c19-1a0248d2e081.config
2026-05-02T20:20:01.7280351Z [command]/usr/bin/git config --local --unset includeif.gitdir:/home/runner/work/prismTask/prismTask/.git.path /home/runner/work/_temp/git-credentials-36317ba0-6f1c-4fc5-9c19-1a0248d2e081.config
2026-05-02T20:20:01.7315956Z [command]/usr/bin/git config --local --get-all includeif.gitdir:/home/runner/work/prismTask/prismTask/.git/worktrees/*.path
2026-05-02T20:20:01.7338622Z /home/runner/work/_temp/git-credentials-36317ba0-6f1c-4fc5-9c19-1a0248d2e081.config
2026-05-02T20:20:01.7347876Z [command]/usr/bin/git config --local --unset includeif.gitdir:/home/runner/work/prismTask/prismTask/.git/worktrees/*.path /home/runner/work/_temp/git-credentials-36317ba0-6f1c-4fc5-9c19-1a0248d2e081.config
2026-05-02T20:20:01.7380301Z [command]/usr/bin/git config --local --get-all includeif.gitdir:/github/workspace/.git.path
2026-05-02T20:20:01.7402015Z /github/runner_temp/git-credentials-36317ba0-6f1c-4fc5-9c19-1a0248d2e081.config
2026-05-02T20:20:01.7410797Z [command]/usr/bin/git config --local --unset includeif.gitdir:/github/workspace/.git.path /github/runner_temp/git-credentials-36317ba0-6f1c-4fc5-9c19-1a0248d2e081.config
2026-05-02T20:20:01.7442722Z [command]/usr/bin/git config --local --get-all includeif.gitdir:/github/workspace/.git/worktrees/*.path
2026-05-02T20:20:01.7464715Z /github/runner_temp/git-credentials-36317ba0-6f1c-4fc5-9c19-1a0248d2e081.config
2026-05-02T20:20:01.7473996Z [command]/usr/bin/git config --local --unset includeif.gitdir:/github/workspace/.git/worktrees/*.path /github/runner_temp/git-credentials-36317ba0-6f1c-4fc5-9c19-1a0248d2e081.config
2026-05-02T20:20:01.7509628Z [command]/usr/bin/git submodule foreach --recursive git config --local --show-origin --name-only --get-regexp remote.origin.url
2026-05-02T20:20:01.7740955Z Removing credentials config '/home/runner/work/_temp/git-credentials-36317ba0-6f1c-4fc5-9c19-1a0248d2e081.config'
2026-05-02T20:20:01.7891255Z Cleaning up orphan processes
2026-05-02T20:20:01.8186248Z Terminate orphan process: pid (3149) (adb)
2026-05-02T20:20:01.8224183Z ##[warning]Node.js 20 actions are deprecated. The following actions are running on Node.js 20 and may not work as expected: actions/cache@v4, actions/setup-java@v4, actions/upload-artifact@v4, gradle/actions/setup-gradle@v4. Actions will be forced to run with Node.js 24 by default starting June 2nd, 2026. Node.js 20 will be removed from the runner on September 16th, 2026. Please check if updated versions of these actions are available that support Node.js 24. To opt into Node.js 24 now, set the FORCE_JAVASCRIPT_ACTIONS_TO_NODE24=true environment variable on the runner or in your workflow file. Once Node.js 24 becomes the default, you can temporarily opt out by setting ACTIONS_ALLOW_USE_UNSECURE_NODE_VERSION=true. For more information see: https://github.blog/changelog/2025-09-19-deprecation-of-node-20-on-github-actions-runners/
