=== CI FAILURE ===
Workflow:      Android Integration CI
Workflow file: averycorp/prismTask/.github/workflows/android-integration.yml@refs/pull/934/merge
Job(s):        cross-device-tests, connected-tests
Run ID:        25092303588
Run attempt:   1
Run URL:       https://github.com/averycorp/prismTask/actions/runs/25092303588
Commit:        dc4f69afeae60b2c3a6583625060dc8c8ed10021
Branch:        934/merge
Event:         pull_request
Actor:         akarlin3
Runner OS:     Linux
Timestamp:     2026-04-29T05:22:20.943Z

Failed steps:
  - cross-device-tests: #2 Run actions/checkout@v4
  - connected-tests: #2 Run actions/checkout@v4

=== FAILED JOB LOG ===

--- Job: cross-device-tests (id 73520950517) ---
2026-04-29T05:21:29.0420254Z Current runner version: '2.334.0'
2026-04-29T05:21:29.0444180Z ##[group]Runner Image Provisioner
2026-04-29T05:21:29.0444852Z Hosted Compute Agent
2026-04-29T05:21:29.0445420Z Version: 20260213.493
2026-04-29T05:21:29.0445917Z Commit: 5c115507f6dd24b8de37d8bbe0bb4509d0cc0fa3
2026-04-29T05:21:29.0446522Z Build Date: 2026-02-13T00:28:41Z
2026-04-29T05:21:29.0447130Z Worker ID: {ec0a5a74-8981-4073-89a2-0539eb88ba2b}
2026-04-29T05:21:29.0447732Z Azure Region: westus3
2026-04-29T05:21:29.0448199Z ##[endgroup]
2026-04-29T05:21:29.0449399Z ##[group]Operating System
2026-04-29T05:21:29.0449927Z Ubuntu
2026-04-29T05:21:29.0450316Z 24.04.4
2026-04-29T05:21:29.0450786Z LTS
2026-04-29T05:21:29.0451148Z ##[endgroup]
2026-04-29T05:21:29.0451583Z ##[group]Runner Image
2026-04-29T05:21:29.0452417Z Image: ubuntu-24.04
2026-04-29T05:21:29.0452881Z Version: 20260413.86.1
2026-04-29T05:21:29.0453925Z Included Software: https://github.com/actions/runner-images/blob/ubuntu24/20260413.86/images/ubuntu/Ubuntu2404-Readme.md
2026-04-29T05:21:29.0455224Z Image Release: https://github.com/actions/runner-images/releases/tag/ubuntu24%2F20260413.86
2026-04-29T05:21:29.0456001Z ##[endgroup]
2026-04-29T05:21:29.0457118Z ##[group]GITHUB_TOKEN Permissions
2026-04-29T05:21:29.0459034Z Actions: read
2026-04-29T05:21:29.0459566Z Checks: read
2026-04-29T05:21:29.0459980Z Contents: write
2026-04-29T05:21:29.0460422Z Metadata: read
2026-04-29T05:21:29.0460832Z PullRequests: read
2026-04-29T05:21:29.0461329Z ##[endgroup]
2026-04-29T05:21:29.0463556Z Secret source: Actions
2026-04-29T05:21:29.0464173Z Prepare workflow directory
2026-04-29T05:21:29.0882184Z Prepare all required actions
2026-04-29T05:21:29.0919394Z Getting action download info
2026-04-29T05:21:29.5589843Z Download action repository 'actions/checkout@v4' (SHA:34e114876b0b11c390a56381ad16ebd13914f8d5)
2026-04-29T05:21:29.6558523Z Download action repository 'actions/cache@v4' (SHA:0057852bfaa89a56745cba8c7296529d2fc39830)
2026-04-29T05:21:29.7354844Z Download action repository 'actions/setup-node@v4' (SHA:49933ea5288caeca8642d1e84afbd3f7d6820020)
2026-04-29T05:21:29.8054360Z Download action repository 'reactivecircus/android-emulator-runner@v2' (SHA:e89f39f1abbbd05b1113a29cf4db69e7540cae5a)
2026-04-29T05:21:30.6790925Z Download action repository 'actions/upload-artifact@v4' (SHA:ea165f8d65b6e75b540449e92b4886f43607fa02)
2026-04-29T05:21:30.8892422Z Complete job name: cross-device-tests
2026-04-29T05:21:30.9624158Z ##[group]Run actions/checkout@v4
2026-04-29T05:21:30.9625073Z with:
2026-04-29T05:21:30.9625566Z   ref: fix/medication-pull-dedup
2026-04-29T05:21:30.9626128Z   repository: averycorp/prismTask
2026-04-29T05:21:30.9626934Z   token: ***
2026-04-29T05:21:30.9627376Z   ssh-strict: true
2026-04-29T05:21:30.9627814Z   ssh-user: git
2026-04-29T05:21:30.9628284Z   persist-credentials: true
2026-04-29T05:21:30.9628787Z   clean: true
2026-04-29T05:21:30.9629247Z   sparse-checkout-cone-mode: true
2026-04-29T05:21:30.9629815Z   fetch-depth: 1
2026-04-29T05:21:30.9630264Z   fetch-tags: false
2026-04-29T05:21:30.9630767Z   show-progress: true
2026-04-29T05:21:30.9631251Z   lfs: false
2026-04-29T05:21:30.9631818Z   submodules: false
2026-04-29T05:21:30.9632278Z   set-safe-directory: true
2026-04-29T05:21:30.9633020Z env:
2026-04-29T05:21:30.9633466Z   USE_FIREBASE_EMULATOR: true
2026-04-29T05:21:30.9634016Z ##[endgroup]
2026-04-29T05:21:31.0724453Z Syncing repository: averycorp/prismTask
2026-04-29T05:21:31.0727031Z ##[group]Getting Git version info
2026-04-29T05:21:31.0728436Z Working directory is '/home/runner/work/prismTask/prismTask'
2026-04-29T05:21:31.0730681Z [command]/usr/bin/git version
2026-04-29T05:21:31.0757375Z git version 2.53.0
2026-04-29T05:21:31.0781939Z ##[endgroup]
2026-04-29T05:21:31.0797231Z Temporarily overriding HOME='/home/runner/work/_temp/1d24dda0-c410-411a-bd52-65353222a37d' before making global git config changes
2026-04-29T05:21:31.0800970Z Adding repository directory to the temporary git global config as a safe directory
2026-04-29T05:21:31.0805112Z [command]/usr/bin/git config --global --add safe.directory /home/runner/work/prismTask/prismTask
2026-04-29T05:21:31.0834950Z Deleting the contents of '/home/runner/work/prismTask/prismTask'
2026-04-29T05:21:31.0838003Z ##[group]Initializing the repository
2026-04-29T05:21:31.0841928Z [command]/usr/bin/git init /home/runner/work/prismTask/prismTask
2026-04-29T05:21:31.0924137Z hint: Using 'master' as the name for the initial branch. This default branch name
2026-04-29T05:21:31.0925371Z hint: will change to "main" in Git 3.0. To configure the initial branch name
2026-04-29T05:21:31.0926528Z hint: to use in all of your new repositories, which will suppress this warning,
2026-04-29T05:21:31.0927497Z hint: call:
2026-04-29T05:21:31.0928082Z hint:
2026-04-29T05:21:31.0928752Z hint: 	git config --global init.defaultBranch <name>
2026-04-29T05:21:31.0929519Z hint:
2026-04-29T05:21:31.0930269Z hint: Names commonly chosen instead of 'master' are 'main', 'trunk' and
2026-04-29T05:21:31.0931360Z hint: 'development'. The just-created branch can be renamed via this command:
2026-04-29T05:21:31.0932554Z hint:
2026-04-29T05:21:31.0933165Z hint: 	git branch -m <name>
2026-04-29T05:21:31.0933800Z hint:
2026-04-29T05:21:31.0934615Z hint: Disable this message with "git config set advice.defaultBranchName false"
2026-04-29T05:21:31.0935940Z Initialized empty Git repository in /home/runner/work/prismTask/prismTask/.git/
2026-04-29T05:21:31.0939323Z [command]/usr/bin/git remote add origin https://github.com/averycorp/prismTask
2026-04-29T05:21:31.0967113Z ##[endgroup]
2026-04-29T05:21:31.0967968Z ##[group]Disabling automatic garbage collection
2026-04-29T05:21:31.0973085Z [command]/usr/bin/git config --local gc.auto 0
2026-04-29T05:21:31.1000496Z ##[endgroup]
2026-04-29T05:21:31.1001307Z ##[group]Setting up auth
2026-04-29T05:21:31.1010480Z [command]/usr/bin/git config --local --name-only --get-regexp core\.sshCommand
2026-04-29T05:21:31.1038965Z [command]/usr/bin/git submodule foreach --recursive sh -c "git config --local --name-only --get-regexp 'core\.sshCommand' && git config --local --unset-all 'core.sshCommand' || :"
2026-04-29T05:21:31.1297288Z [command]/usr/bin/git config --local --name-only --get-regexp http\.https\:\/\/github\.com\/\.extraheader
2026-04-29T05:21:31.1334725Z [command]/usr/bin/git submodule foreach --recursive sh -c "git config --local --name-only --get-regexp 'http\.https\:\/\/github\.com\/\.extraheader' && git config --local --unset-all 'http.https://github.com/.extraheader' || :"
2026-04-29T05:21:31.1527043Z [command]/usr/bin/git config --local --name-only --get-regexp ^includeIf\.gitdir:
2026-04-29T05:21:31.1553147Z [command]/usr/bin/git submodule foreach --recursive git config --local --show-origin --name-only --get-regexp remote.origin.url
2026-04-29T05:21:31.1723920Z [command]/usr/bin/git config --local http.https://github.com/.extraheader AUTHORIZATION: basic ***
2026-04-29T05:21:31.1751483Z ##[endgroup]
2026-04-29T05:21:31.1758782Z ##[group]Fetching the repository
2026-04-29T05:21:31.1761076Z [command]/usr/bin/git -c protocol.version=2 fetch --no-tags --prune --no-recurse-submodules --depth=1 origin +refs/heads/fix/medication-pull-dedup*:refs/remotes/origin/fix/medication-pull-dedup* +refs/tags/fix/medication-pull-dedup*:refs/tags/fix/medication-pull-dedup*
2026-04-29T05:21:31.5061790Z The process '/usr/bin/git' failed with exit code 1
2026-04-29T05:21:31.5062681Z Waiting 20 seconds before trying again
2026-04-29T05:21:51.5164071Z [command]/usr/bin/git -c protocol.version=2 fetch --no-tags --prune --no-recurse-submodules --depth=1 origin +refs/heads/fix/medication-pull-dedup*:refs/remotes/origin/fix/medication-pull-dedup* +refs/tags/fix/medication-pull-dedup*:refs/tags/fix/medication-pull-dedup*
2026-04-29T05:21:51.8568166Z The process '/usr/bin/git' failed with exit code 1
2026-04-29T05:21:51.8568989Z Waiting 14 seconds before trying again
2026-04-29T05:22:05.8620409Z [command]/usr/bin/git -c protocol.version=2 fetch --no-tags --prune --no-recurse-submodules --depth=1 origin +refs/heads/fix/medication-pull-dedup*:refs/remotes/origin/fix/medication-pull-dedup* +refs/tags/fix/medication-pull-dedup*:refs/tags/fix/medication-pull-dedup*
2026-04-29T05:22:06.2030484Z ##[error]The process '/usr/bin/git' failed with exit code 1
2026-04-29T05:22:06.2197747Z ##[group]Run if [ -n "${FIREBASE_EMULATORS_PID:-}" ]; then
2026-04-29T05:22:06.2198331Z [36;1mif [ -n "${FIREBASE_EMULATORS_PID:-}" ]; then[0m
2026-04-29T05:22:06.2198736Z [36;1m  kill "$FIREBASE_EMULATORS_PID" || true[0m
2026-04-29T05:22:06.2199143Z [36;1m  wait "$FIREBASE_EMULATORS_PID" 2>/dev/null || true[0m
2026-04-29T05:22:06.2199505Z [36;1mfi[0m
2026-04-29T05:22:06.2216961Z shell: /usr/bin/bash -e {0}
2026-04-29T05:22:06.2217271Z env:
2026-04-29T05:22:06.2217491Z   USE_FIREBASE_EMULATOR: true
2026-04-29T05:22:06.2217751Z ##[endgroup]
2026-04-29T05:22:06.2337616Z ##[group]Run actions/upload-artifact@v4
2026-04-29T05:22:06.2337947Z with:
2026-04-29T05:22:06.2338170Z   name: cross-device-test-results
2026-04-29T05:22:06.2338578Z   path: app/build/reports/androidTests/
app/build/outputs/androidTest-results/

2026-04-29T05:22:06.2339000Z   retention-days: 7
2026-04-29T05:22:06.2339224Z   if-no-files-found: ignore
2026-04-29T05:22:06.2339473Z   compression-level: 6
2026-04-29T05:22:06.2339706Z   overwrite: false
2026-04-29T05:22:06.2339927Z   include-hidden-files: false
2026-04-29T05:22:06.2340162Z env:
2026-04-29T05:22:06.2340366Z   USE_FIREBASE_EMULATOR: true
2026-04-29T05:22:06.2340602Z ##[endgroup]
2026-04-29T05:22:06.4390307Z Multiple search paths detected. Calculating the least common ancestor of all paths
2026-04-29T05:22:06.4392195Z The least common ancestor is /home/runner/work/prismTask/prismTask/app/build. This will be the root directory of the artifact
2026-04-29T05:22:06.4392967Z No files were found with the provided path: app/build/reports/androidTests/
2026-04-29T05:22:06.4393490Z app/build/outputs/androidTest-results/. No artifacts will be uploaded.
2026-04-29T05:22:06.4526438Z Post job cleanup.
2026-04-29T05:22:06.5442466Z [command]/usr/bin/git version
2026-04-29T05:22:06.5482490Z git version 2.53.0
2026-04-29T05:22:06.5520016Z Temporarily overriding HOME='/home/runner/work/_temp/aa4677e7-82d2-4fa9-b7b6-2366f7443898' before making global git config changes
2026-04-29T05:22:06.5524860Z Adding repository directory to the temporary git global config as a safe directory
2026-04-29T05:22:06.5525505Z [command]/usr/bin/git config --global --add safe.directory /home/runner/work/prismTask/prismTask
2026-04-29T05:22:06.5554833Z [command]/usr/bin/git config --local --name-only --get-regexp core\.sshCommand
2026-04-29T05:22:06.5581044Z [command]/usr/bin/git submodule foreach --recursive sh -c "git config --local --name-only --get-regexp 'core\.sshCommand' && git config --local --unset-all 'core.sshCommand' || :"
2026-04-29T05:22:06.5756094Z [command]/usr/bin/git config --local --name-only --get-regexp http\.https\:\/\/github\.com\/\.extraheader
2026-04-29T05:22:06.5772855Z http.https://github.com/.extraheader
2026-04-29T05:22:06.5783127Z [command]/usr/bin/git config --local --unset-all http.https://github.com/.extraheader
2026-04-29T05:22:06.5808227Z [command]/usr/bin/git submodule foreach --recursive sh -c "git config --local --name-only --get-regexp 'http\.https\:\/\/github\.com\/\.extraheader' && git config --local --unset-all 'http.https://github.com/.extraheader' || :"
2026-04-29T05:22:06.5979887Z [command]/usr/bin/git config --local --name-only --get-regexp ^includeIf\.gitdir:
2026-04-29T05:22:06.6005592Z [command]/usr/bin/git submodule foreach --recursive git config --local --show-origin --name-only --get-regexp remote.origin.url
2026-04-29T05:22:06.6279413Z Cleaning up orphan processes
2026-04-29T05:22:06.6605008Z ##[warning]Node.js 20 actions are deprecated. The following actions are running on Node.js 20 and may not work as expected: actions/checkout@v4, actions/upload-artifact@v4. Actions will be forced to run with Node.js 24 by default starting June 2nd, 2026. Node.js 20 will be removed from the runner on September 16th, 2026. Please check if updated versions of these actions are available that support Node.js 24. To opt into Node.js 24 now, set the FORCE_JAVASCRIPT_ACTIONS_TO_NODE24=true environment variable on the runner or in your workflow file. Once Node.js 24 becomes the default, you can temporarily opt out by setting ACTIONS_ALLOW_USE_UNSECURE_NODE_VERSION=true. For more information see: https://github.blog/changelog/2025-09-19-deprecation-of-node-20-on-github-actions-runners/


--- Job: connected-tests (id 73520950538) ---
2026-04-29T05:21:29.2413091Z Current runner version: '2.334.0'
2026-04-29T05:21:29.2436877Z ##[group]Runner Image Provisioner
2026-04-29T05:21:29.2437624Z Hosted Compute Agent
2026-04-29T05:21:29.2438364Z Version: 20260213.493
2026-04-29T05:21:29.2438861Z Commit: 5c115507f6dd24b8de37d8bbe0bb4509d0cc0fa3
2026-04-29T05:21:29.2439567Z Build Date: 2026-02-13T00:28:41Z
2026-04-29T05:21:29.2440175Z Worker ID: {8dd74009-7037-4918-af2f-fec59e7c8d7f}
2026-04-29T05:21:29.2440761Z Azure Region: westus3
2026-04-29T05:21:29.2441250Z ##[endgroup]
2026-04-29T05:21:29.2442600Z ##[group]Operating System
2026-04-29T05:21:29.2443140Z Ubuntu
2026-04-29T05:21:29.2443558Z 24.04.4
2026-04-29T05:21:29.2444033Z LTS
2026-04-29T05:21:29.2444428Z ##[endgroup]
2026-04-29T05:21:29.2444859Z ##[group]Runner Image
2026-04-29T05:21:29.2445378Z Image: ubuntu-24.04
2026-04-29T05:21:29.2445904Z Version: 20260413.86.1
2026-04-29T05:21:29.2447076Z Included Software: https://github.com/actions/runner-images/blob/ubuntu24/20260413.86/images/ubuntu/Ubuntu2404-Readme.md
2026-04-29T05:21:29.2448550Z Image Release: https://github.com/actions/runner-images/releases/tag/ubuntu24%2F20260413.86
2026-04-29T05:21:29.2449338Z ##[endgroup]
2026-04-29T05:21:29.2450526Z ##[group]GITHUB_TOKEN Permissions
2026-04-29T05:21:29.2452513Z Actions: read
2026-04-29T05:21:29.2453027Z Checks: read
2026-04-29T05:21:29.2453533Z Contents: write
2026-04-29T05:21:29.2453983Z Metadata: read
2026-04-29T05:21:29.2454395Z PullRequests: read
2026-04-29T05:21:29.2454869Z ##[endgroup]
2026-04-29T05:21:29.2457024Z Secret source: Actions
2026-04-29T05:21:29.2457613Z Prepare workflow directory
2026-04-29T05:21:29.2839948Z Prepare all required actions
2026-04-29T05:21:29.2880477Z Getting action download info
2026-04-29T05:21:29.8124573Z Download action repository 'actions/checkout@v4' (SHA:34e114876b0b11c390a56381ad16ebd13914f8d5)
2026-04-29T05:21:29.9515864Z Download action repository 'actions/cache@v4' (SHA:0057852bfaa89a56745cba8c7296529d2fc39830)
2026-04-29T05:21:30.1093113Z Download action repository 'actions/setup-node@v4' (SHA:49933ea5288caeca8642d1e84afbd3f7d6820020)
2026-04-29T05:21:30.1815645Z Download action repository 'reactivecircus/android-emulator-runner@v2' (SHA:e89f39f1abbbd05b1113a29cf4db69e7540cae5a)
2026-04-29T05:21:31.1055647Z Download action repository 'actions/upload-artifact@v4' (SHA:ea165f8d65b6e75b540449e92b4886f43607fa02)
2026-04-29T05:21:31.3579698Z Complete job name: connected-tests
2026-04-29T05:21:31.4452214Z ##[group]Run actions/checkout@v4
2026-04-29T05:21:31.4453452Z with:
2026-04-29T05:21:31.4454183Z   ref: fix/medication-pull-dedup
2026-04-29T05:21:31.4455138Z   repository: averycorp/prismTask
2026-04-29T05:21:31.4456380Z   token: ***
2026-04-29T05:21:31.4457094Z   ssh-strict: true
2026-04-29T05:21:31.4457847Z   ssh-user: git
2026-04-29T05:21:31.4458749Z   persist-credentials: true
2026-04-29T05:21:31.4459585Z   clean: true
2026-04-29T05:21:31.4460347Z   sparse-checkout-cone-mode: true
2026-04-29T05:21:31.4461254Z   fetch-depth: 1
2026-04-29T05:21:31.4461980Z   fetch-tags: false
2026-04-29T05:21:31.4462774Z   show-progress: true
2026-04-29T05:21:31.4463517Z   lfs: false
2026-04-29T05:21:31.4464201Z   submodules: false
2026-04-29T05:21:31.4464967Z   set-safe-directory: true
2026-04-29T05:21:31.4466038Z env:
2026-04-29T05:21:31.4466719Z   USE_FIREBASE_EMULATOR: true
2026-04-29T05:21:31.4467549Z ##[endgroup]
2026-04-29T05:21:31.5582108Z Syncing repository: averycorp/prismTask
2026-04-29T05:21:31.5586593Z ##[group]Getting Git version info
2026-04-29T05:21:31.5588865Z Working directory is '/home/runner/work/prismTask/prismTask'
2026-04-29T05:21:31.5591083Z [command]/usr/bin/git version
2026-04-29T05:21:31.5601605Z git version 2.53.0
2026-04-29T05:21:31.5627005Z ##[endgroup]
2026-04-29T05:21:31.5642075Z Temporarily overriding HOME='/home/runner/work/_temp/bd52f95a-e99d-498e-ad57-0fc5285aeaa9' before making global git config changes
2026-04-29T05:21:31.5644472Z Adding repository directory to the temporary git global config as a safe directory
2026-04-29T05:21:31.5648285Z [command]/usr/bin/git config --global --add safe.directory /home/runner/work/prismTask/prismTask
2026-04-29T05:21:31.5678450Z Deleting the contents of '/home/runner/work/prismTask/prismTask'
2026-04-29T05:21:31.5681854Z ##[group]Initializing the repository
2026-04-29T05:21:31.5687528Z [command]/usr/bin/git init /home/runner/work/prismTask/prismTask
2026-04-29T05:21:31.5761856Z hint: Using 'master' as the name for the initial branch. This default branch name
2026-04-29T05:21:31.5763609Z hint: will change to "main" in Git 3.0. To configure the initial branch name
2026-04-29T05:21:31.5765926Z hint: to use in all of your new repositories, which will suppress this warning,
2026-04-29T05:21:31.5767318Z hint: call:
2026-04-29T05:21:31.5768156Z hint:
2026-04-29T05:21:31.5769291Z hint: 	git config --global init.defaultBranch <name>
2026-04-29T05:21:31.5770323Z hint:
2026-04-29T05:21:31.5771477Z hint: Names commonly chosen instead of 'master' are 'main', 'trunk' and
2026-04-29T05:21:31.5773291Z hint: 'development'. The just-created branch can be renamed via this command:
2026-04-29T05:21:31.5774570Z hint:
2026-04-29T05:21:31.5775249Z hint: 	git branch -m <name>
2026-04-29T05:21:31.5776035Z hint:
2026-04-29T05:21:31.5777123Z hint: Disable this message with "git config set advice.defaultBranchName false"
2026-04-29T05:21:31.5779249Z Initialized empty Git repository in /home/runner/work/prismTask/prismTask/.git/
2026-04-29T05:21:31.5782157Z [command]/usr/bin/git remote add origin https://github.com/averycorp/prismTask
2026-04-29T05:21:31.5801591Z ##[endgroup]
2026-04-29T05:21:31.5802852Z ##[group]Disabling automatic garbage collection
2026-04-29T05:21:31.5805738Z [command]/usr/bin/git config --local gc.auto 0
2026-04-29T05:21:31.5832541Z ##[endgroup]
2026-04-29T05:21:31.5833771Z ##[group]Setting up auth
2026-04-29T05:21:31.5838703Z [command]/usr/bin/git config --local --name-only --get-regexp core\.sshCommand
2026-04-29T05:21:31.5864656Z [command]/usr/bin/git submodule foreach --recursive sh -c "git config --local --name-only --get-regexp 'core\.sshCommand' && git config --local --unset-all 'core.sshCommand' || :"
2026-04-29T05:21:31.6098757Z [command]/usr/bin/git config --local --name-only --get-regexp http\.https\:\/\/github\.com\/\.extraheader
2026-04-29T05:21:31.6126901Z [command]/usr/bin/git submodule foreach --recursive sh -c "git config --local --name-only --get-regexp 'http\.https\:\/\/github\.com\/\.extraheader' && git config --local --unset-all 'http.https://github.com/.extraheader' || :"
2026-04-29T05:21:31.6313426Z [command]/usr/bin/git config --local --name-only --get-regexp ^includeIf\.gitdir:
2026-04-29T05:21:31.6341264Z [command]/usr/bin/git submodule foreach --recursive git config --local --show-origin --name-only --get-regexp remote.origin.url
2026-04-29T05:21:31.6521272Z [command]/usr/bin/git config --local http.https://github.com/.extraheader AUTHORIZATION: basic ***
2026-04-29T05:21:31.6552077Z ##[endgroup]
2026-04-29T05:21:31.6554375Z ##[group]Fetching the repository
2026-04-29T05:21:31.6565442Z [command]/usr/bin/git -c protocol.version=2 fetch --no-tags --prune --no-recurse-submodules --depth=1 origin +refs/heads/fix/medication-pull-dedup*:refs/remotes/origin/fix/medication-pull-dedup* +refs/tags/fix/medication-pull-dedup*:refs/tags/fix/medication-pull-dedup*
2026-04-29T05:21:32.0309442Z The process '/usr/bin/git' failed with exit code 1
2026-04-29T05:21:32.0311427Z Waiting 20 seconds before trying again
2026-04-29T05:21:52.0315369Z [command]/usr/bin/git -c protocol.version=2 fetch --no-tags --prune --no-recurse-submodules --depth=1 origin +refs/heads/fix/medication-pull-dedup*:refs/remotes/origin/fix/medication-pull-dedup* +refs/tags/fix/medication-pull-dedup*:refs/tags/fix/medication-pull-dedup*
2026-04-29T05:21:52.4237508Z The process '/usr/bin/git' failed with exit code 1
2026-04-29T05:21:52.4238375Z Waiting 14 seconds before trying again
2026-04-29T05:22:06.4280406Z [command]/usr/bin/git -c protocol.version=2 fetch --no-tags --prune --no-recurse-submodules --depth=1 origin +refs/heads/fix/medication-pull-dedup*:refs/remotes/origin/fix/medication-pull-dedup* +refs/tags/fix/medication-pull-dedup*:refs/tags/fix/medication-pull-dedup*
2026-04-29T05:22:06.8190601Z ##[error]The process '/usr/bin/git' failed with exit code 1
2026-04-29T05:22:06.8347790Z ##[group]Run if [ -n "${FIREBASE_EMULATORS_PID:-}" ]; then
2026-04-29T05:22:06.8348599Z [36;1mif [ -n "${FIREBASE_EMULATORS_PID:-}" ]; then[0m
2026-04-29T05:22:06.8349118Z [36;1m  kill "$FIREBASE_EMULATORS_PID" || true[0m
2026-04-29T05:22:06.8349560Z [36;1m  wait "$FIREBASE_EMULATORS_PID" 2>/dev/null || true[0m
2026-04-29T05:22:06.8349846Z [36;1mfi[0m
2026-04-29T05:22:06.8366297Z shell: /usr/bin/bash -e {0}
2026-04-29T05:22:06.8366566Z env:
2026-04-29T05:22:06.8366755Z   USE_FIREBASE_EMULATOR: true
2026-04-29T05:22:06.8366973Z ##[endgroup]
2026-04-29T05:22:06.8503511Z ##[group]Run actions/upload-artifact@v4
2026-04-29T05:22:06.8503812Z with:
2026-04-29T05:22:06.8503995Z   name: firebase-emulator-log
2026-04-29T05:22:06.8504284Z   path: /home/runner/work/_temp/firebase-emulators.log
2026-04-29T05:22:06.8504585Z   retention-days: 7
2026-04-29T05:22:06.8504782Z   if-no-files-found: ignore
2026-04-29T05:22:06.8504987Z   compression-level: 6
2026-04-29T05:22:06.8505188Z   overwrite: false
2026-04-29T05:22:06.8505375Z   include-hidden-files: false
2026-04-29T05:22:06.8505581Z env:
2026-04-29T05:22:06.8505747Z   USE_FIREBASE_EMULATOR: true
2026-04-29T05:22:06.8505944Z ##[endgroup]
2026-04-29T05:22:07.0519383Z No files were found with the provided path: /home/runner/work/_temp/firebase-emulators.log. No artifacts will be uploaded.
2026-04-29T05:22:07.0641212Z ##[group]Run actions/upload-artifact@v4
2026-04-29T05:22:07.0641484Z with:
2026-04-29T05:22:07.0641692Z   name: connected-test-results
2026-04-29T05:22:07.0642095Z   path: app/build/reports/androidTests/
app/build/outputs/androidTest-results/

2026-04-29T05:22:07.0642481Z   retention-days: 7
2026-04-29T05:22:07.0642685Z   if-no-files-found: ignore
2026-04-29T05:22:07.0642900Z   compression-level: 6
2026-04-29T05:22:07.0643099Z   overwrite: false
2026-04-29T05:22:07.0643310Z   include-hidden-files: false
2026-04-29T05:22:07.0643521Z env:
2026-04-29T05:22:07.0643682Z   USE_FIREBASE_EMULATOR: true
2026-04-29T05:22:07.0643882Z ##[endgroup]
2026-04-29T05:22:07.2710280Z Multiple search paths detected. Calculating the least common ancestor of all paths
2026-04-29T05:22:07.2712713Z The least common ancestor is /home/runner/work/prismTask/prismTask/app/build. This will be the root directory of the artifact
2026-04-29T05:22:07.2714206Z No files were found with the provided path: app/build/reports/androidTests/
2026-04-29T05:22:07.2715399Z app/build/outputs/androidTest-results/. No artifacts will be uploaded.
2026-04-29T05:22:07.2834719Z Post job cleanup.
2026-04-29T05:22:07.3780454Z [command]/usr/bin/git version
2026-04-29T05:22:07.3825528Z git version 2.53.0
2026-04-29T05:22:07.3864780Z Temporarily overriding HOME='/home/runner/work/_temp/9b94409c-8b3c-41a4-b27d-e11ce5a4c00c' before making global git config changes
2026-04-29T05:22:07.3865768Z Adding repository directory to the temporary git global config as a safe directory
2026-04-29T05:22:07.3870320Z [command]/usr/bin/git config --global --add safe.directory /home/runner/work/prismTask/prismTask
2026-04-29T05:22:07.3900594Z [command]/usr/bin/git config --local --name-only --get-regexp core\.sshCommand
2026-04-29T05:22:07.3929148Z [command]/usr/bin/git submodule foreach --recursive sh -c "git config --local --name-only --get-regexp 'core\.sshCommand' && git config --local --unset-all 'core.sshCommand' || :"
2026-04-29T05:22:07.4106916Z [command]/usr/bin/git config --local --name-only --get-regexp http\.https\:\/\/github\.com\/\.extraheader
2026-04-29T05:22:07.4126093Z http.https://github.com/.extraheader
2026-04-29T05:22:07.4137138Z [command]/usr/bin/git config --local --unset-all http.https://github.com/.extraheader
2026-04-29T05:22:07.4164702Z [command]/usr/bin/git submodule foreach --recursive sh -c "git config --local --name-only --get-regexp 'http\.https\:\/\/github\.com\/\.extraheader' && git config --local --unset-all 'http.https://github.com/.extraheader' || :"
2026-04-29T05:22:07.4343046Z [command]/usr/bin/git config --local --name-only --get-regexp ^includeIf\.gitdir:
2026-04-29T05:22:07.4370176Z [command]/usr/bin/git submodule foreach --recursive git config --local --show-origin --name-only --get-regexp remote.origin.url
2026-04-29T05:22:07.4734292Z Cleaning up orphan processes
2026-04-29T05:22:07.4945231Z ##[warning]Node.js 20 actions are deprecated. The following actions are running on Node.js 20 and may not work as expected: actions/checkout@v4, actions/upload-artifact@v4. Actions will be forced to run with Node.js 24 by default starting June 2nd, 2026. Node.js 20 will be removed from the runner on September 16th, 2026. Please check if updated versions of these actions are available that support Node.js 24. To opt into Node.js 24 now, set the FORCE_JAVASCRIPT_ACTIONS_TO_NODE24=true environment variable on the runner or in your workflow file. Once Node.js 24 becomes the default, you can temporarily opt out by setting ACTIONS_ALLOW_USE_UNSECURE_NODE_VERSION=true. For more information see: https://github.blog/changelog/2025-09-19-deprecation-of-node-20-on-github-actions-runners/
