=== CI FAILURE ===
Workflow:      Android Integration CI
Workflow file: akarlin3/prismTask/.github/workflows/android-integration.yml@refs/pull/882/merge
Job(s):        connected-tests
Run ID:        25036634760
Run attempt:   1
Run URL:       https://github.com/akarlin3/prismTask/actions/runs/25036634760
Commit:        a1eda3f12217977ae9459a6189d31b9eb19932df
Branch:        882/merge
Event:         pull_request
Actor:         akarlin3
Runner OS:     Linux
Timestamp:     2026-04-28T06:03:10.569Z

Failed steps:
  - connected-tests: #9 Run instrumented tests against AVD + Firebase emulator

=== FAILED JOB LOG ===

--- Job: connected-tests (id 73329734393) ---
2026-04-28T06:00:40.0566738Z Current runner version: '2.333.1'
2026-04-28T06:00:40.0599598Z ##[group]Runner Image Provisioner
2026-04-28T06:00:40.0600812Z Hosted Compute Agent
2026-04-28T06:00:40.0601603Z Version: 20260422.526
2026-04-28T06:00:40.0602569Z Commit: e1a9e573f4d0838b3a7c1b07401aeb29ed3635a9
2026-04-28T06:00:40.0603929Z Build Date: 2026-04-22T09:31:31Z
2026-04-28T06:00:40.0604863Z Worker ID: {0f7d605e-6719-4ef1-a27a-1548060a9f18}
2026-04-28T06:00:40.0606083Z Azure Region: eastus
2026-04-28T06:00:40.0606815Z ##[endgroup]
2026-04-28T06:00:40.0608625Z ##[group]Operating System
2026-04-28T06:00:40.0609616Z Ubuntu
2026-04-28T06:00:40.0610250Z 24.04.4
2026-04-28T06:00:40.0610905Z LTS
2026-04-28T06:00:40.0611712Z ##[endgroup]
2026-04-28T06:00:40.0612461Z ##[group]Runner Image
2026-04-28T06:00:40.0613584Z Image: ubuntu-24.04
2026-04-28T06:00:40.0614455Z Version: 20260426.100.1
2026-04-28T06:00:40.0616230Z Included Software: https://github.com/actions/runner-images/blob/ubuntu24/20260426.100/images/ubuntu/Ubuntu2404-Readme.md
2026-04-28T06:00:40.0618894Z Image Release: https://github.com/actions/runner-images/releases/tag/ubuntu24%2F20260426.100
2026-04-28T06:00:40.0620247Z ##[endgroup]
2026-04-28T06:00:40.0622257Z ##[group]GITHUB_TOKEN Permissions
2026-04-28T06:00:40.0625233Z Actions: read
2026-04-28T06:00:40.0625926Z Checks: read
2026-04-28T06:00:40.0626818Z Contents: write
2026-04-28T06:00:40.0627575Z Metadata: read
2026-04-28T06:00:40.0628260Z PullRequests: read
2026-04-28T06:00:40.0629105Z ##[endgroup]
2026-04-28T06:00:40.0632154Z Secret source: Actions
2026-04-28T06:00:40.0633677Z Prepare workflow directory
2026-04-28T06:00:40.1154365Z Prepare all required actions
2026-04-28T06:00:40.1207072Z Getting action download info
2026-04-28T06:00:40.5271361Z Download action repository 'actions/checkout@v4' (SHA:34e114876b0b11c390a56381ad16ebd13914f8d5)
2026-04-28T06:00:40.6142313Z Download action repository 'actions/cache@v4' (SHA:0057852bfaa89a56745cba8c7296529d2fc39830)
2026-04-28T06:00:40.7217186Z Download action repository 'actions/setup-node@v4' (SHA:49933ea5288caeca8642d1e84afbd3f7d6820020)
2026-04-28T06:00:40.8075187Z Download action repository 'reactivecircus/android-emulator-runner@v2' (SHA:e89f39f1abbbd05b1113a29cf4db69e7540cae5a)
2026-04-28T06:00:41.0097838Z Download action repository 'actions/upload-artifact@v4' (SHA:ea165f8d65b6e75b540449e92b4886f43607fa02)
2026-04-28T06:00:41.2315255Z Complete job name: connected-tests
2026-04-28T06:00:41.3043281Z ##[group]Run actions/checkout@v4
2026-04-28T06:00:41.3044184Z with:
2026-04-28T06:00:41.3044622Z   ref: feat/edge-case-sync-fuzz-setup
2026-04-28T06:00:41.3045191Z   repository: akarlin3/prismTask
2026-04-28T06:00:41.3045905Z   token: ***
2026-04-28T06:00:41.3046314Z   ssh-strict: true
2026-04-28T06:00:41.3046725Z   ssh-user: git
2026-04-28T06:00:41.3047150Z   persist-credentials: true
2026-04-28T06:00:41.3047612Z   clean: true
2026-04-28T06:00:41.3048041Z   sparse-checkout-cone-mode: true
2026-04-28T06:00:41.3048529Z   fetch-depth: 1
2026-04-28T06:00:41.3048925Z   fetch-tags: false
2026-04-28T06:00:41.3049371Z   show-progress: true
2026-04-28T06:00:41.3049799Z   lfs: false
2026-04-28T06:00:41.3050185Z   submodules: false
2026-04-28T06:00:41.3050592Z   set-safe-directory: true
2026-04-28T06:00:41.3051211Z env:
2026-04-28T06:00:41.3051595Z   USE_FIREBASE_EMULATOR: true
2026-04-28T06:00:41.3052062Z ##[endgroup]
2026-04-28T06:00:41.4225288Z Syncing repository: akarlin3/prismTask
2026-04-28T06:00:41.4227206Z ##[group]Getting Git version info
2026-04-28T06:00:41.4228001Z Working directory is '/home/runner/work/prismTask/prismTask'
2026-04-28T06:00:41.4229027Z [command]/usr/bin/git version
2026-04-28T06:00:41.4229540Z git version 2.54.0
2026-04-28T06:00:41.4231054Z ##[endgroup]
2026-04-28T06:00:41.4236802Z Temporarily overriding HOME='/home/runner/work/_temp/19786011-a1e6-4a3c-8bda-ff7a91ea5859' before making global git config changes
2026-04-28T06:00:41.4238306Z Adding repository directory to the temporary git global config as a safe directory
2026-04-28T06:00:41.4241858Z [command]/usr/bin/git config --global --add safe.directory /home/runner/work/prismTask/prismTask
2026-04-28T06:00:41.4281568Z Deleting the contents of '/home/runner/work/prismTask/prismTask'
2026-04-28T06:00:41.4284797Z ##[group]Initializing the repository
2026-04-28T06:00:41.4288652Z [command]/usr/bin/git init /home/runner/work/prismTask/prismTask
2026-04-28T06:00:41.4356321Z hint: Using 'master' as the name for the initial branch. This default branch name
2026-04-28T06:00:41.4359676Z hint: will change to "main" in Git 3.0. To configure the initial branch name
2026-04-28T06:00:41.4361195Z hint: to use in all of your new repositories, which will suppress this warning,
2026-04-28T06:00:41.4361928Z hint: call:
2026-04-28T06:00:41.4362304Z hint:
2026-04-28T06:00:41.4363154Z hint: 	git config --global init.defaultBranch <name>
2026-04-28T06:00:41.4363780Z hint:
2026-04-28T06:00:41.4364350Z hint: Names commonly chosen instead of 'master' are 'main', 'trunk' and
2026-04-28T06:00:41.4365786Z hint: 'development'. The just-created branch can be renamed via this command:
2026-04-28T06:00:41.4366603Z hint:
2026-04-28T06:00:41.4366998Z hint: 	git branch -m <name>
2026-04-28T06:00:41.4367459Z hint:
2026-04-28T06:00:41.4368161Z hint: Disable this message with "git config set advice.defaultBranchName false"
2026-04-28T06:00:41.4369255Z Initialized empty Git repository in /home/runner/work/prismTask/prismTask/.git/
2026-04-28T06:00:41.4371345Z [command]/usr/bin/git remote add origin https://github.com/akarlin3/prismTask
2026-04-28T06:00:41.4408482Z ##[endgroup]
2026-04-28T06:00:41.4409223Z ##[group]Disabling automatic garbage collection
2026-04-28T06:00:41.4412213Z [command]/usr/bin/git config --local gc.auto 0
2026-04-28T06:00:41.4441794Z ##[endgroup]
2026-04-28T06:00:41.4443047Z ##[group]Setting up auth
2026-04-28T06:00:41.4448286Z [command]/usr/bin/git config --local --name-only --get-regexp core\.sshCommand
2026-04-28T06:00:41.4479649Z [command]/usr/bin/git submodule foreach --recursive sh -c "git config --local --name-only --get-regexp 'core\.sshCommand' && git config --local --unset-all 'core.sshCommand' || :"
2026-04-28T06:00:41.4784973Z [command]/usr/bin/git config --local --name-only --get-regexp http\.https\:\/\/github\.com\/\.extraheader
2026-04-28T06:00:41.4818442Z [command]/usr/bin/git submodule foreach --recursive sh -c "git config --local --name-only --get-regexp 'http\.https\:\/\/github\.com\/\.extraheader' && git config --local --unset-all 'http.https://github.com/.extraheader' || :"
2026-04-28T06:00:41.5045002Z [command]/usr/bin/git config --local --name-only --get-regexp ^includeIf\.gitdir:
2026-04-28T06:00:41.5075943Z [command]/usr/bin/git submodule foreach --recursive git config --local --show-origin --name-only --get-regexp remote.origin.url
2026-04-28T06:00:41.5311123Z [command]/usr/bin/git config --local http.https://github.com/.extraheader AUTHORIZATION: basic ***
2026-04-28T06:00:41.5345584Z ##[endgroup]
2026-04-28T06:00:41.5346504Z ##[group]Fetching the repository
2026-04-28T06:00:41.5354816Z [command]/usr/bin/git -c protocol.version=2 fetch --no-tags --prune --no-recurse-submodules --depth=1 origin +refs/heads/feat/edge-case-sync-fuzz-setup*:refs/remotes/origin/feat/edge-case-sync-fuzz-setup* +refs/tags/feat/edge-case-sync-fuzz-setup*:refs/tags/feat/edge-case-sync-fuzz-setup*
2026-04-28T06:00:43.8869819Z From https://github.com/akarlin3/prismTask
2026-04-28T06:00:43.8871682Z  * [new branch]      feat/edge-case-sync-fuzz-setup -> origin/feat/edge-case-sync-fuzz-setup
2026-04-28T06:00:43.8903390Z ##[endgroup]
2026-04-28T06:00:43.8903893Z ##[group]Determining the checkout info
2026-04-28T06:00:43.8910559Z [command]/usr/bin/git branch --list --remote origin/feat/edge-case-sync-fuzz-setup
2026-04-28T06:00:43.8937228Z   origin/feat/edge-case-sync-fuzz-setup
2026-04-28T06:00:43.8941072Z ##[endgroup]
2026-04-28T06:00:43.8945630Z [command]/usr/bin/git sparse-checkout disable
2026-04-28T06:00:43.8985894Z [command]/usr/bin/git config --local --unset-all extensions.worktreeConfig
2026-04-28T06:00:43.9012524Z ##[group]Checking out the ref
2026-04-28T06:00:43.9017986Z [command]/usr/bin/git checkout --progress --force -B feat/edge-case-sync-fuzz-setup refs/remotes/origin/feat/edge-case-sync-fuzz-setup
2026-04-28T06:00:44.1393424Z Switched to a new branch 'feat/edge-case-sync-fuzz-setup'
2026-04-28T06:00:44.1394648Z branch 'feat/edge-case-sync-fuzz-setup' set up to track 'origin/feat/edge-case-sync-fuzz-setup'.
2026-04-28T06:00:44.1417430Z ##[endgroup]
2026-04-28T06:00:44.1461584Z [command]/usr/bin/git log -1 --format=%H
2026-04-28T06:00:44.1486288Z 3ec54db187fd21a2b0d58965ae7954b4d240afe2
2026-04-28T06:00:44.1734938Z Prepare all required actions
2026-04-28T06:00:44.1735435Z Getting action download info
2026-04-28T06:00:44.3189392Z Download action repository 'actions/setup-java@v4' (SHA:c1e323688fd81a25caa38c78aa6df2d33d3e20d9)
2026-04-28T06:00:44.6251866Z Download action repository 'gradle/actions@v4' (SHA:ed408507eac070d1f99cc633dbcf757c94c7933a)
2026-04-28T06:00:45.3455943Z ##[group]Run ./.github/actions/setup-android
2026-04-28T06:00:45.3456243Z env:
2026-04-28T06:00:45.3456468Z   USE_FIREBASE_EMULATOR: true
2026-04-28T06:00:45.3456711Z ##[endgroup]
2026-04-28T06:00:45.3605472Z ##[group]Run actions/setup-java@v4
2026-04-28T06:00:45.3605751Z with:
2026-04-28T06:00:45.3605943Z   java-version: 21
2026-04-28T06:00:45.3606147Z   distribution: temurin
2026-04-28T06:00:45.3606370Z   java-package: jdk
2026-04-28T06:00:45.3606594Z   check-latest: false
2026-04-28T06:00:45.3606842Z   server-id: github
2026-04-28T06:00:45.3607047Z   server-username: GITHUB_ACTOR
2026-04-28T06:00:45.3607347Z   server-password: GITHUB_TOKEN
2026-04-28T06:00:45.3607587Z   overwrite-settings: true
2026-04-28T06:00:45.3607816Z   job-status: success
2026-04-28T06:00:45.3608166Z   token: ***
2026-04-28T06:00:45.3608359Z env:
2026-04-28T06:00:45.3608542Z   USE_FIREBASE_EMULATOR: true
2026-04-28T06:00:45.3608779Z ##[endgroup]
2026-04-28T06:00:45.5608215Z ##[group]Installed distributions
2026-04-28T06:00:45.5659422Z Resolved Java 21.0.11+10 from tool-cache
2026-04-28T06:00:45.5660557Z Setting Java 21.0.11+10 as the default
2026-04-28T06:00:45.5672380Z Creating toolchains.xml for JDK version 21 from temurin
2026-04-28T06:00:45.5745986Z Writing to /home/runner/.m2/toolchains.xml
2026-04-28T06:00:45.5746396Z 
2026-04-28T06:00:45.5746593Z Java configuration:
2026-04-28T06:00:45.5747932Z   Distribution: temurin
2026-04-28T06:00:45.5748317Z   Version: 21.0.11+10
2026-04-28T06:00:45.5749023Z   Path: /opt/hostedtoolcache/Java_Temurin-Hotspot_jdk/21.0.11-10/x64
2026-04-28T06:00:45.5749498Z 
2026-04-28T06:00:45.5750079Z ##[endgroup]
2026-04-28T06:00:45.5766911Z Creating settings.xml with server-id: github
2026-04-28T06:00:45.5770637Z Writing to /home/runner/.m2/settings.xml
2026-04-28T06:00:45.6043487Z ##[group]Run gradle/actions/setup-gradle@v4
2026-04-28T06:00:45.6043782Z with:
2026-04-28T06:00:45.6043976Z   cache-disabled: false
2026-04-28T06:00:45.6044203Z   cache-read-only: true
2026-04-28T06:00:45.6044420Z   cache-write-only: false
2026-04-28T06:00:45.6044659Z   cache-overwrite-existing: false
2026-04-28T06:00:45.6044941Z   cache-cleanup: on-success
2026-04-28T06:00:45.6045215Z   gradle-home-cache-includes: caches
notifications

2026-04-28T06:00:45.6045523Z   add-job-summary: always
2026-04-28T06:00:45.6045761Z   add-job-summary-as-pr-comment: never
2026-04-28T06:00:45.6046036Z   dependency-graph: disabled
2026-04-28T06:00:45.6046324Z   dependency-graph-report-dir: dependency-graph-reports
2026-04-28T06:00:45.6046675Z   dependency-graph-continue-on-failure: true
2026-04-28T06:00:45.6046959Z   build-scan-publish: false
2026-04-28T06:00:45.6047213Z   validate-wrappers: true
2026-04-28T06:00:45.6047464Z   allow-snapshot-wrappers: false
2026-04-28T06:00:45.6047732Z   gradle-home-cache-strict-match: false
2026-04-28T06:00:45.6048008Z   workflow-job-context: null
2026-04-28T06:00:45.6048362Z   github-token: ***
2026-04-28T06:00:45.6048556Z env:
2026-04-28T06:00:45.6048742Z   USE_FIREBASE_EMULATOR: true
2026-04-28T06:00:45.6049083Z   JAVA_HOME: /opt/hostedtoolcache/Java_Temurin-Hotspot_jdk/21.0.11-10/x64
2026-04-28T06:00:45.6049745Z   JAVA_HOME_21_X64: /opt/hostedtoolcache/Java_Temurin-Hotspot_jdk/21.0.11-10/x64
2026-04-28T06:00:45.6050108Z ##[endgroup]
2026-04-28T06:00:47.3897353Z Merged default JDK locations into /home/runner/.m2/toolchains.xml
2026-04-28T06:00:47.3905467Z ##[group]Restore Gradle state from cache
2026-04-28T06:00:47.5039056Z Cache hit for restore-key: gradle-home-v1|Linux-X64|connected-tests[1e7216165ffdcf45b9a4b7e3077585ac]-7f15af8d87a142863db2d8d9daf1172d74a0ee76
2026-04-28T06:00:48.0200319Z Received 115319478 of 115319478 (100.0%), 228.2 MBs/sec
2026-04-28T06:00:48.0202006Z Cache Size: ~110 MB (115319478 B)
2026-04-28T06:00:48.0236783Z [command]/usr/bin/tar -xf /home/runner/work/_temp/5dd28337-811b-464f-b75e-0124d71b7d62/cache.tzst -P -C /home/runner/work/prismTask/prismTask --use-compress-program unzstd
2026-04-28T06:00:48.4657952Z Cache restored successfully
2026-04-28T06:00:48.4716709Z Restored cache entry with key gradle-home-v1|Linux-X64|connected-tests[1e7216165ffdcf45b9a4b7e3077585ac]-a1eda3f12217977ae9459a6189d31b9eb19932df to /home/runner/.gradle/caches,/home/runner/.gradle/notifications,/home/runner/.gradle/.setup-gradle in 1081ms
2026-04-28T06:00:48.5308254Z Cache hit for: gradle-dependencies-v1-e0fc4029e4470cca68ede5c2db44de20
2026-04-28T06:00:48.5339942Z Cache hit for: gradle-transforms-v1-7ba930041c6072aa6a8f99eaae2640a1
2026-04-28T06:00:48.5345129Z Cache hit for: gradle-wrapper-zips-v1-8c0de4c6bda6041d6e054bf825a89c98
2026-04-28T06:00:48.5396809Z Cache hit for: gradle-kotlin-dsl-v1-9325288b2f893cc01647885d432800ca
2026-04-28T06:00:48.5433779Z Cache hit for: gradle-instrumented-jars-v1-352cfde65d5a3a85fb91180eb6628bea
2026-04-28T06:00:48.5474497Z Cache hit for: gradle-groovy-dsl-v1-791f1373a7a58012696cb750d18387ce
2026-04-28T06:00:48.5496502Z Cache hit for: gradle-generated-gradle-jars-v1-cb4b032a7d08b9bf1e84e9eacaebcc29
2026-04-28T06:00:48.5648389Z Received 65049 of 65049 (100.0%), 4.4 MBs/sec
2026-04-28T06:00:48.5648900Z Cache Size: ~0 MB (65049 B)
2026-04-28T06:00:48.7443215Z Received 121830 of 121830 (100.0%), 1.1 MBs/sec
2026-04-28T06:00:48.7443896Z Cache Size: ~0 MB (121830 B)
2026-04-28T06:00:48.7600638Z Received 545971 of 545971 (100.0%), 2.7 MBs/sec
2026-04-28T06:00:48.7601234Z Cache Size: ~1 MB (545971 B)
2026-04-28T06:00:48.8215813Z [command]/usr/bin/tar -xf /home/runner/work/_temp/f71698d6-d340-4932-b2e6-b9e0ad6afe2d/cache.tzst -P -C /home/runner/work/prismTask/prismTask --use-compress-program unzstd
2026-04-28T06:00:48.8336731Z Cache restored successfully
2026-04-28T06:00:48.8348069Z Restored cache entry with key gradle-instrumented-jars-v1-352cfde65d5a3a85fb91180eb6628bea to /home/runner/.gradle/caches/jars-*/*/ in 361ms
2026-04-28T06:00:48.8369153Z [command]/usr/bin/tar -xf /home/runner/work/_temp/67089da5-2238-4cb8-b807-de200e7566ac/cache.tzst -P -C /home/runner/work/prismTask/prismTask --use-compress-program unzstd
2026-04-28T06:00:48.8694772Z [command]/usr/bin/tar -xf /home/runner/work/_temp/18fbcea0-c79f-4a49-b600-c909813b55e2/cache.tzst -P -C /home/runner/work/prismTask/prismTask --use-compress-program unzstd
2026-04-28T06:00:48.9064339Z Cache restored successfully
2026-04-28T06:00:48.9151736Z Restored cache entry with key gradle-groovy-dsl-v1-791f1373a7a58012696cb750d18387ce to /home/runner/.gradle/caches/*/groovy-dsl/*/ in 439ms
2026-04-28T06:00:49.1094456Z Cache restored successfully
2026-04-28T06:00:49.1158593Z Restored cache entry with key gradle-kotlin-dsl-v1-9325288b2f893cc01647885d432800ca to /home/runner/.gradle/caches/*/kotlin-dsl/accessors/*/,/home/runner/.gradle/caches/*/kotlin-dsl/scripts/*/ in 642ms
2026-04-28T06:00:49.3089821Z Received 41993404 of 41993404 (100.0%), 62.0 MBs/sec
2026-04-28T06:00:49.3094585Z Cache Size: ~40 MB (41993404 B)
2026-04-28T06:00:49.4483886Z [command]/usr/bin/tar -xf /home/runner/work/_temp/d01638a9-cb4a-401b-80ab-1979ad33571f/cache.tzst -P -C /home/runner/work/prismTask/prismTask --use-compress-program unzstd
2026-04-28T06:00:49.5783616Z Received 75497472 of 453712297 (16.6%), 72.0 MBs/sec
2026-04-28T06:00:49.5977392Z Received 100663296 of 513576504 (19.6%), 95.5 MBs/sec
2026-04-28T06:00:49.6149717Z Received 71303168 of 136352669 (52.3%), 67.7 MBs/sec
2026-04-28T06:00:49.7892506Z Cache restored successfully
2026-04-28T06:00:49.7981919Z Restored cache entry with key gradle-generated-gradle-jars-v1-cb4b032a7d08b9bf1e84e9eacaebcc29 to /home/runner/.gradle/caches/9.3.1/generated-gradle-jars/gradle-api-9.3.1.jar in 1326ms
2026-04-28T06:00:50.0278239Z Received 136352669 of 136352669 (100.0%), 91.8 MBs/sec
2026-04-28T06:00:50.0282439Z Cache Size: ~130 MB (136352669 B)
2026-04-28T06:00:50.0694760Z [command]/usr/bin/tar -xf /home/runner/work/_temp/815566ea-c8fe-4f5c-b1fd-a6c8d6231422/cache.tzst -P -C /home/runner/work/prismTask/prismTask --use-compress-program unzstd
2026-04-28T06:00:50.3629931Z Cache restored successfully
2026-04-28T06:00:50.3714189Z Restored cache entry with key gradle-wrapper-zips-v1-8c0de4c6bda6041d6e054bf825a89c98 to /home/runner/.gradle/wrapper/dists/gradle-9.3.1-bin/23ovyewtku6u96viwx3xl3oks in 1899ms
2026-04-28T06:00:50.5797532Z Received 255852544 of 453712297 (56.4%), 121.8 MBs/sec
2026-04-28T06:00:50.5985462Z Received 268435456 of 513576504 (52.3%), 127.6 MBs/sec
2026-04-28T06:00:51.4789731Z Received 513576504 of 513576504 (100.0%), 169.7 MBs/sec
2026-04-28T06:00:51.4792151Z Cache Size: ~490 MB (513576504 B)
2026-04-28T06:00:51.5302639Z [command]/usr/bin/tar -xf /home/runner/work/_temp/e6027ce6-72d7-4783-913c-8b410dd02e5d/cache.tzst -P -C /home/runner/work/prismTask/prismTask --use-compress-program unzstd
2026-04-28T06:00:51.5816508Z Received 402653184 of 453712297 (88.7%), 127.7 MBs/sec
2026-04-28T06:00:51.7437356Z Received 453712297 of 453712297 (100.0%), 136.6 MBs/sec
2026-04-28T06:00:51.7438043Z Cache Size: ~433 MB (453712297 B)
2026-04-28T06:00:51.7599322Z [command]/usr/bin/tar -xf /home/runner/work/_temp/4ec56f34-6527-4090-8259-88afc2d344e5/cache.tzst -P -C /home/runner/work/prismTask/prismTask --use-compress-program unzstd
2026-04-28T06:00:53.5300939Z Cache restored successfully
2026-04-28T06:00:53.5598533Z Restored cache entry with key gradle-dependencies-v1-e0fc4029e4470cca68ede5c2db44de20 to /home/runner/.gradle/caches/modules-*/files-*/*/*/*/* in 5087ms
2026-04-28T06:00:58.5559833Z Cache restored successfully
2026-04-28T06:00:58.5795934Z Restored cache entry with key gradle-transforms-v1-7ba930041c6072aa6a8f99eaae2640a1 to /home/runner/.gradle/caches/transforms-4/*/,/home/runner/.gradle/caches/*/transforms/*/ in 10105ms
2026-04-28T06:00:58.5870709Z ##[endgroup]
2026-04-28T06:00:58.6182210Z ##[group]All Gradle Wrapper jars are valid
2026-04-28T06:00:58.6183686Z ✓ Found known Gradle Wrapper JAR files:
2026-04-28T06:00:58.6184553Z   b3a875ddc1f044746e1b1a55f645584505f4a10438c1afea9f15e92a7c42ec13 gradle/wrapper/gradle-wrapper.jar
2026-04-28T06:00:58.6185743Z ##[endgroup]
2026-04-28T06:00:58.6338396Z ##[group]Run chmod +x gradlew
2026-04-28T06:00:58.6338783Z [36;1mchmod +x gradlew[0m
2026-04-28T06:00:58.6444565Z shell: /usr/bin/bash --noprofile --norc -e -o pipefail {0}
2026-04-28T06:00:58.6444983Z env:
2026-04-28T06:00:58.6445250Z   USE_FIREBASE_EMULATOR: true
2026-04-28T06:00:58.6445682Z   JAVA_HOME: /opt/hostedtoolcache/Java_Temurin-Hotspot_jdk/21.0.11-10/x64
2026-04-28T06:00:58.6446240Z   JAVA_HOME_21_X64: /opt/hostedtoolcache/Java_Temurin-Hotspot_jdk/21.0.11-10/x64
2026-04-28T06:00:58.6446707Z   GRADLE_ACTION_ID: gradle/actions/setup-gradle
2026-04-28T06:00:58.6447064Z   GRADLE_USER_HOME: /home/runner/.gradle
2026-04-28T06:00:58.6447399Z   GRADLE_BUILD_ACTION_SETUP_COMPLETED: true
2026-04-28T06:00:58.6447760Z   GRADLE_BUILD_ACTION_CACHE_RESTORED: true
2026-04-28T06:00:58.6448247Z   DEVELOCITY_INJECTION_INIT_SCRIPT_NAME: gradle-actions.inject-develocity.init.gradle
2026-04-28T06:00:58.6448771Z   DEVELOCITY_INJECTION_CUSTOM_VALUE: gradle-actions
2026-04-28T06:00:58.6449137Z   GITHUB_DEPENDENCY_GRAPH_ENABLED: false
2026-04-28T06:00:58.6449445Z ##[endgroup]
2026-04-28T06:00:58.8891255Z ##[group]Run actions/cache@v4
2026-04-28T06:00:58.8891579Z with:
2026-04-28T06:00:58.8891817Z   path: app/build
2026-04-28T06:00:58.8892514Z   key: app-build-Linux-90f4916b392bfc51f15ab3187d8ef67d3fe9c7c5e5496df4c6858e112753dedb
2026-04-28T06:00:58.8893365Z   restore-keys: app-build-Linux-

2026-04-28T06:00:58.8893699Z   enableCrossOsArchive: false
2026-04-28T06:00:58.8894000Z   fail-on-cache-miss: false
2026-04-28T06:00:58.8894282Z   lookup-only: false
2026-04-28T06:00:58.8894543Z   save-always: false
2026-04-28T06:00:58.8894787Z env:
2026-04-28T06:00:58.8895025Z   USE_FIREBASE_EMULATOR: true
2026-04-28T06:00:58.8895435Z   JAVA_HOME: /opt/hostedtoolcache/Java_Temurin-Hotspot_jdk/21.0.11-10/x64
2026-04-28T06:00:58.8895971Z   JAVA_HOME_21_X64: /opt/hostedtoolcache/Java_Temurin-Hotspot_jdk/21.0.11-10/x64
2026-04-28T06:00:58.8896434Z   GRADLE_ACTION_ID: gradle/actions/setup-gradle
2026-04-28T06:00:58.8896793Z   GRADLE_USER_HOME: /home/runner/.gradle
2026-04-28T06:00:58.8897180Z   GRADLE_BUILD_ACTION_SETUP_COMPLETED: true
2026-04-28T06:00:58.8897531Z   GRADLE_BUILD_ACTION_CACHE_RESTORED: true
2026-04-28T06:00:58.8898016Z   DEVELOCITY_INJECTION_INIT_SCRIPT_NAME: gradle-actions.inject-develocity.init.gradle
2026-04-28T06:00:58.8898547Z   DEVELOCITY_INJECTION_CUSTOM_VALUE: gradle-actions
2026-04-28T06:00:58.8898911Z   GITHUB_DEPENDENCY_GRAPH_ENABLED: false
2026-04-28T06:00:58.8899219Z ##[endgroup]
2026-04-28T06:00:59.0939215Z Cache hit for restore-key: app-build-Linux-ebf54983683a40271f0ea2e22e2d66ce9d2e47d6e4cf31f80fabc6f5fce21b6f
2026-04-28T06:00:59.4084005Z Received 57765224 of 57765224 (100.0%), 194.0 MBs/sec
2026-04-28T06:00:59.4084924Z Cache Size: ~55 MB (57765224 B)
2026-04-28T06:00:59.4114442Z [command]/usr/bin/tar -xf /home/runner/work/_temp/7d2d778f-33f5-4ac6-a850-e612925bb718/cache.tzst -P -C /home/runner/work/prismTask/prismTask --use-compress-program unzstd
2026-04-28T06:01:00.3738145Z Cache restored successfully
2026-04-28T06:01:00.3847311Z Cache restored from key: app-build-Linux-ebf54983683a40271f0ea2e22e2d66ce9d2e47d6e4cf31f80fabc6f5fce21b6f
2026-04-28T06:01:00.4001522Z ##[group]Run actions/setup-node@v4
2026-04-28T06:01:00.4001865Z with:
2026-04-28T06:01:00.4002130Z   node-version: 20
2026-04-28T06:01:00.4002403Z   always-auth: false
2026-04-28T06:01:00.4002678Z   check-latest: false
2026-04-28T06:01:00.4003293Z   token: ***
2026-04-28T06:01:00.4003537Z env:
2026-04-28T06:01:00.4003783Z   USE_FIREBASE_EMULATOR: true
2026-04-28T06:01:00.4004231Z   JAVA_HOME: /opt/hostedtoolcache/Java_Temurin-Hotspot_jdk/21.0.11-10/x64
2026-04-28T06:01:00.4004783Z   JAVA_HOME_21_X64: /opt/hostedtoolcache/Java_Temurin-Hotspot_jdk/21.0.11-10/x64
2026-04-28T06:01:00.4005255Z   GRADLE_ACTION_ID: gradle/actions/setup-gradle
2026-04-28T06:01:00.4005613Z   GRADLE_USER_HOME: /home/runner/.gradle
2026-04-28T06:01:00.4005956Z   GRADLE_BUILD_ACTION_SETUP_COMPLETED: true
2026-04-28T06:01:00.4006305Z   GRADLE_BUILD_ACTION_CACHE_RESTORED: true
2026-04-28T06:01:00.4006801Z   DEVELOCITY_INJECTION_INIT_SCRIPT_NAME: gradle-actions.inject-develocity.init.gradle
2026-04-28T06:01:00.4007358Z   DEVELOCITY_INJECTION_CUSTOM_VALUE: gradle-actions
2026-04-28T06:01:00.4007733Z   GITHUB_DEPENDENCY_GRAPH_ENABLED: false
2026-04-28T06:01:00.4008063Z ##[endgroup]
2026-04-28T06:01:00.5736767Z Found in cache @ /opt/hostedtoolcache/node/20.20.2/x64
2026-04-28T06:01:00.5742435Z ##[group]Environment details
2026-04-28T06:01:00.8748022Z node: v20.20.2
2026-04-28T06:01:00.8748458Z npm: 10.8.2
2026-04-28T06:01:00.8748811Z yarn: 1.22.22
2026-04-28T06:01:00.8749533Z ##[endgroup]
2026-04-28T06:01:00.8844638Z ##[group]Run npm install -g firebase-tools@latest
2026-04-28T06:01:00.8845129Z [36;1mnpm install -g firebase-tools@latest[0m
2026-04-28T06:01:00.8907205Z shell: /usr/bin/bash -e {0}
2026-04-28T06:01:00.8907509Z env:
2026-04-28T06:01:00.8907767Z   USE_FIREBASE_EMULATOR: true
2026-04-28T06:01:00.8908202Z   JAVA_HOME: /opt/hostedtoolcache/Java_Temurin-Hotspot_jdk/21.0.11-10/x64
2026-04-28T06:01:00.8908767Z   JAVA_HOME_21_X64: /opt/hostedtoolcache/Java_Temurin-Hotspot_jdk/21.0.11-10/x64
2026-04-28T06:01:00.8909240Z   GRADLE_ACTION_ID: gradle/actions/setup-gradle
2026-04-28T06:01:00.8909603Z   GRADLE_USER_HOME: /home/runner/.gradle
2026-04-28T06:01:00.8910126Z   GRADLE_BUILD_ACTION_SETUP_COMPLETED: true
2026-04-28T06:01:00.8910482Z   GRADLE_BUILD_ACTION_CACHE_RESTORED: true
2026-04-28T06:01:00.8910980Z   DEVELOCITY_INJECTION_INIT_SCRIPT_NAME: gradle-actions.inject-develocity.init.gradle
2026-04-28T06:01:00.8911509Z   DEVELOCITY_INJECTION_CUSTOM_VALUE: gradle-actions
2026-04-28T06:01:00.8911934Z   GITHUB_DEPENDENCY_GRAPH_ENABLED: false
2026-04-28T06:01:00.8912257Z ##[endgroup]
2026-04-28T06:01:14.3537529Z npm warn deprecated node-domexception@1.0.0: Use your platform's native DOMException instead
2026-04-28T06:01:16.6404656Z npm warn deprecated json-ptr@3.1.1: Package no longer supported. Contact Support at https://www.npmjs.com/support for more info.
2026-04-28T06:01:16.7648710Z npm warn deprecated glob@10.5.0: Old versions of glob are not supported, and contain widely publicized security vulnerabilities, which have been fixed in the current version. Please update. Support for old versions may be purchased (at exorbitant rates) by contacting i@izs.me
2026-04-28T06:01:19.5397403Z 
2026-04-28T06:01:19.5398094Z added 704 packages in 19s
2026-04-28T06:01:19.5398471Z 
2026-04-28T06:01:19.5398779Z 91 packages are looking for funding
2026-04-28T06:01:19.5399548Z   run `npm fund` for details
2026-04-28T06:01:19.5733890Z ##[group]Run set -euo pipefail
2026-04-28T06:01:19.5734349Z [36;1mset -euo pipefail[0m
2026-04-28T06:01:19.5734686Z [36;1mfirebase emulators:start \[0m
2026-04-28T06:01:19.5735028Z [36;1m  --only firestore,auth \[0m
2026-04-28T06:01:19.5735373Z [36;1m  --project demo-prismtask \[0m
2026-04-28T06:01:19.5735792Z [36;1m  > "$RUNNER_TEMP/firebase-emulators.log" 2>&1 &[0m
2026-04-28T06:01:19.5736256Z [36;1mecho "FIREBASE_EMULATORS_PID=$!" >> "$GITHUB_ENV"[0m
2026-04-28T06:01:19.5736686Z [36;1mecho "Waiting for emulator ports to open..."[0m
2026-04-28T06:01:19.5737056Z [36;1mfor port in 8080 9099; do[0m
2026-04-28T06:01:19.5737377Z [36;1m  timeout 120 bash -c \[0m
2026-04-28T06:01:19.5737851Z [36;1m    "until (echo > /dev/tcp/127.0.0.1/$port) 2>/dev/null; do sleep 1; done" || {[0m
2026-04-28T06:01:19.5738463Z [36;1m      echo "::error::Firebase emulator port $port did not become ready in time"[0m
2026-04-28T06:01:19.5739147Z [36;1m      cat "$RUNNER_TEMP/firebase-emulators.log" || true[0m
2026-04-28T06:01:19.5739558Z [36;1m      exit 1[0m
2026-04-28T06:01:19.5739821Z [36;1m    }[0m
2026-04-28T06:01:19.5740067Z [36;1mdone[0m
2026-04-28T06:01:19.5740419Z [36;1mecho "Firebase emulators ready (firestore=8080, auth=9099)"[0m
2026-04-28T06:01:19.5801679Z shell: /usr/bin/bash -e {0}
2026-04-28T06:01:19.5801988Z env:
2026-04-28T06:01:19.5802243Z   USE_FIREBASE_EMULATOR: true
2026-04-28T06:01:19.5802682Z   JAVA_HOME: /opt/hostedtoolcache/Java_Temurin-Hotspot_jdk/21.0.11-10/x64
2026-04-28T06:01:19.5803492Z   JAVA_HOME_21_X64: /opt/hostedtoolcache/Java_Temurin-Hotspot_jdk/21.0.11-10/x64
2026-04-28T06:01:19.5803980Z   GRADLE_ACTION_ID: gradle/actions/setup-gradle
2026-04-28T06:01:19.5804357Z   GRADLE_USER_HOME: /home/runner/.gradle
2026-04-28T06:01:19.5804702Z   GRADLE_BUILD_ACTION_SETUP_COMPLETED: true
2026-04-28T06:01:19.5805050Z   GRADLE_BUILD_ACTION_CACHE_RESTORED: true
2026-04-28T06:01:19.5805564Z   DEVELOCITY_INJECTION_INIT_SCRIPT_NAME: gradle-actions.inject-develocity.init.gradle
2026-04-28T06:01:19.5806102Z   DEVELOCITY_INJECTION_CUSTOM_VALUE: gradle-actions
2026-04-28T06:01:19.5806479Z   GITHUB_DEPENDENCY_GRAPH_ENABLED: false
2026-04-28T06:01:19.5806801Z ##[endgroup]
2026-04-28T06:01:19.5890243Z Waiting for emulator ports to open...
2026-04-28T06:01:29.6202063Z Firebase emulators ready (firestore=8080, auth=9099)
2026-04-28T06:01:29.6233880Z ##[group]Run echo 'KERNEL=="kvm", GROUP="kvm", MODE="0666", OPTIONS+="static_node=kvm"' \
2026-04-28T06:01:29.6234754Z [36;1mecho 'KERNEL=="kvm", GROUP="kvm", MODE="0666", OPTIONS+="static_node=kvm"' \[0m
2026-04-28T06:01:29.6235439Z [36;1m  | sudo tee /etc/udev/rules.d/99-kvm4all.rules[0m
2026-04-28T06:01:29.6235850Z [36;1msudo udevadm control --reload-rules[0m
2026-04-28T06:01:29.6236395Z [36;1msudo udevadm trigger --name-match=kvm[0m
2026-04-28T06:01:29.6301411Z shell: /usr/bin/bash -e {0}
2026-04-28T06:01:29.6301734Z env:
2026-04-28T06:01:29.6301983Z   USE_FIREBASE_EMULATOR: true
2026-04-28T06:01:29.6302501Z   JAVA_HOME: /opt/hostedtoolcache/Java_Temurin-Hotspot_jdk/21.0.11-10/x64
2026-04-28T06:01:29.6303569Z   JAVA_HOME_21_X64: /opt/hostedtoolcache/Java_Temurin-Hotspot_jdk/21.0.11-10/x64
2026-04-28T06:01:29.6304061Z   GRADLE_ACTION_ID: gradle/actions/setup-gradle
2026-04-28T06:01:29.6304436Z   GRADLE_USER_HOME: /home/runner/.gradle
2026-04-28T06:01:29.6304833Z   GRADLE_BUILD_ACTION_SETUP_COMPLETED: true
2026-04-28T06:01:29.6305207Z   GRADLE_BUILD_ACTION_CACHE_RESTORED: true
2026-04-28T06:01:29.6305710Z   DEVELOCITY_INJECTION_INIT_SCRIPT_NAME: gradle-actions.inject-develocity.init.gradle
2026-04-28T06:01:29.6306253Z   DEVELOCITY_INJECTION_CUSTOM_VALUE: gradle-actions
2026-04-28T06:01:29.6306784Z   GITHUB_DEPENDENCY_GRAPH_ENABLED: false
2026-04-28T06:01:29.6307136Z   FIREBASE_EMULATORS_PID: 2583
2026-04-28T06:01:29.6307437Z ##[endgroup]
2026-04-28T06:01:29.6480727Z KERNEL=="kvm", GROUP="kvm", MODE="0666", OPTIONS+="static_node=kvm"
2026-04-28T06:01:29.7014794Z ##[group]Run reactivecircus/android-emulator-runner@v2
2026-04-28T06:01:29.7015226Z with:
2026-04-28T06:01:29.7015481Z   api-level: 34
2026-04-28T06:01:29.7015744Z   target: google_apis
2026-04-28T06:01:29.7016014Z   arch: x86_64
2026-04-28T06:01:29.7016264Z   profile: pixel_6
2026-04-28T06:01:29.7016540Z   emulator-boot-timeout: 1200
2026-04-28T06:01:29.7018322Z   script: adb devices
adb shell settings put global window_animation_scale 0
adb shell settings put global transition_animation_scale 0
adb shell settings put global animator_duration_scale 0
# AVD already reaches the host emulators via 10.0.2.2 (hard-
# coded in PrismTaskApplication.configureFirebaseEmulator),
# so no `adb reverse` is needed. Confirm by pinging the
# emulator UI from inside the AVD.
adb shell "ping -c 1 10.0.2.2 || true"
./gradlew connectedDebugAndroidTest --no-daemon --continue

2026-04-28T06:01:29.7020050Z   cores: 2
2026-04-28T06:01:29.7020289Z   avd-name: test
2026-04-28T06:01:29.7020581Z   force-avd-creation: true
2026-04-28T06:01:29.7020867Z   emulator-port: 5554
2026-04-28T06:01:29.7021324Z   emulator-options: -no-window -gpu swiftshader_indirect -no-snapshot -noaudio -no-boot-anim
2026-04-28T06:01:29.7021822Z   disable-animations: true
2026-04-28T06:01:29.7022113Z   disable-spellchecker: false
2026-04-28T06:01:29.7022430Z   disable-linux-hw-accel: auto
2026-04-28T06:01:29.7023906Z   enable-hw-keyboard: false
2026-04-28T06:01:29.7024222Z   channel: stable
2026-04-28T06:01:29.7024480Z env:
2026-04-28T06:01:29.7024715Z   USE_FIREBASE_EMULATOR: true
2026-04-28T06:01:29.7025121Z   JAVA_HOME: /opt/hostedtoolcache/Java_Temurin-Hotspot_jdk/21.0.11-10/x64
2026-04-28T06:01:29.7025662Z   JAVA_HOME_21_X64: /opt/hostedtoolcache/Java_Temurin-Hotspot_jdk/21.0.11-10/x64
2026-04-28T06:01:29.7026122Z   GRADLE_ACTION_ID: gradle/actions/setup-gradle
2026-04-28T06:01:29.7026494Z   GRADLE_USER_HOME: /home/runner/.gradle
2026-04-28T06:01:29.7026844Z   GRADLE_BUILD_ACTION_SETUP_COMPLETED: true
2026-04-28T06:01:29.7027204Z   GRADLE_BUILD_ACTION_CACHE_RESTORED: true
2026-04-28T06:01:29.7027700Z   DEVELOCITY_INJECTION_INIT_SCRIPT_NAME: gradle-actions.inject-develocity.init.gradle
2026-04-28T06:01:29.7028225Z   DEVELOCITY_INJECTION_CUSTOM_VALUE: gradle-actions
2026-04-28T06:01:29.7028585Z   GITHUB_DEPENDENCY_GRAPH_ENABLED: false
2026-04-28T06:01:29.7028916Z   FIREBASE_EMULATORS_PID: 2583
2026-04-28T06:01:29.7029209Z ##[endgroup]
2026-04-28T06:01:29.7899687Z ##[group]Configure emulator
2026-04-28T06:01:29.7925999Z API level: 34
2026-04-28T06:01:29.7934437Z System image API level: 34
2026-04-28T06:01:29.7935219Z target: google_apis
2026-04-28T06:01:29.7935930Z CPU architecture: x86_64
2026-04-28T06:01:29.7936576Z Hardware profile: pixel_6
2026-04-28T06:01:29.7937188Z Cores: 2
2026-04-28T06:01:29.7937650Z RAM size: 
2026-04-28T06:01:29.7938460Z Heap size: 
2026-04-28T06:01:29.7938974Z SD card path or size: 
2026-04-28T06:01:29.7939540Z Disk size: 
2026-04-28T06:01:29.7940011Z AVD name: test
2026-04-28T06:01:29.7940601Z force avd creation: true
2026-04-28T06:01:29.7941309Z Emulator boot timeout: 1200
2026-04-28T06:01:29.7941973Z emulator port: 5554
2026-04-28T06:01:29.7943208Z emulator options: -no-window -gpu swiftshader_indirect -no-snapshot -noaudio -no-boot-anim
2026-04-28T06:01:29.7944309Z disable animations: true
2026-04-28T06:01:29.7944947Z disable spellchecker: false
2026-04-28T06:01:29.7945722Z disable Linux hardware acceleration: false
2026-04-28T06:01:29.7946466Z enable hardware keyboard: false
2026-04-28T06:01:29.7947102Z Channel: 0 (stable)
2026-04-28T06:01:29.7947669Z Script:
2026-04-28T06:01:29.7948267Z adb devices
2026-04-28T06:01:29.7948967Z adb shell settings put global window_animation_scale 0
2026-04-28T06:01:29.7949955Z adb shell settings put global transition_animation_scale 0
2026-04-28T06:01:29.7950888Z adb shell settings put global animator_duration_scale 0
2026-04-28T06:01:29.7951777Z adb shell "ping -c 1 10.0.2.2 || true"
2026-04-28T06:01:29.7952681Z ./gradlew connectedDebugAndroidTest --no-daemon --continue
2026-04-28T06:01:29.7957430Z Pre emulator launch script:
2026-04-28T06:01:29.7958517Z ##[endgroup]
2026-04-28T06:01:29.7959405Z ##[group]Install Android SDK
2026-04-28T06:01:29.8023258Z [command]/usr/bin/sh -c \yes | sdkmanager --licenses > /dev/null
2026-04-28T06:01:38.8744303Z Installing latest build tools, platform tools, and platform.
2026-04-28T06:01:38.8758222Z [command]/usr/bin/sh -c \sdkmanager --install 'build-tools;36.0.0' platform-tools 'platforms;android-34'> /dev/null
2026-04-28T06:01:40.3007329Z Installing latest emulator.
2026-04-28T06:01:40.3021988Z [command]/usr/bin/sh -c \sdkmanager --install emulator --channel=0 > /dev/null
2026-04-28T06:01:48.5390532Z Installing system images.
2026-04-28T06:01:48.5406591Z [command]/usr/bin/sh -c \sdkmanager --install 'system-images;android-34;google_apis;x86_64' --channel=0 > /dev/null
2026-04-28T06:02:16.0052493Z ##[endgroup]
2026-04-28T06:02:16.0054020Z ##[group]Create AVD
2026-04-28T06:02:16.0054652Z Creating AVD.
2026-04-28T06:02:16.0072554Z [command]/usr/bin/sh -c \echo no | avdmanager create avd --force -n test --package 'system-images;android-34;google_apis;x86_64' --device 'pixel_6'
2026-04-28T06:02:16.7326340Z Loading local repository...                                                     
2026-04-28T06:02:16.7327484Z [=========                              ] 25% Loading local repository...       
2026-04-28T06:02:16.7328762Z [=========                              ] 25% Fetch remote repository...        
2026-04-28T06:02:16.7334300Z [=======================================] 100% Fetch remote repository...       
2026-04-28T06:02:16.8052433Z Auto-selecting single ABI x86_64
2026-04-28T06:02:17.2418569Z [command]/usr/bin/sh -c \printf 'hw.cpu.ncore=2\n' >> /home/runner/.android/avd/test.avd/config.ini
2026-04-28T06:02:17.2441019Z ##[endgroup]
2026-04-28T06:02:17.2443712Z ##[group]Launch Emulator
2026-04-28T06:02:17.2444250Z Starting emulator.
2026-04-28T06:02:17.2459714Z [command]/usr/bin/sh -c \/usr/local/lib/android/sdk/emulator/emulator -port 5554 -avd test -no-window -gpu swiftshader_indirect -no-snapshot -noaudio -no-boot-anim &
2026-04-28T06:02:17.2605861Z INFO         | Android emulator version 36.5.11.0 (build_id 15261927) (CL:N/A)
2026-04-28T06:02:17.2606557Z INFO         | Graphics backend: gfxstream
2026-04-28T06:02:17.2607239Z INFO         | Found systemPath /usr/local/lib/android/sdk/system-images/android-34/google_apis/x86_64/
2026-04-28T06:02:18.3144082Z INFO         | Increasing RAM size to 2048MB
2026-04-28T06:02:18.3144908Z ##############################################################################
2026-04-28T06:02:18.3145704Z ##                        WARNING - ACTION REQUIRED                         ##
2026-04-28T06:02:18.3146680Z ##  Consider using the '-metrics-collection' flag to help improve the       ##
2026-04-28T06:02:18.3147731Z ##  emulator by sending anonymized usage data. Or use the '-no-metrics'     ##
2026-04-28T06:02:18.3149228Z ##  flag to bypass this warning and turn off the metrics collection.        ##
2026-04-28T06:02:18.3150346Z ##  In a future release this warning will turn into a one-time blocking     ##
2026-04-28T06:02:18.3151320Z ##  prompt to ask for explicit user input regarding metrics collection.     ##
2026-04-28T06:02:18.3152170Z ##                                                                          ##
2026-04-28T06:02:18.3153227Z ##  Please see '-help-metrics-collection' for more details. You can use     ##
2026-04-28T06:02:18.3154456Z ##  '-metrics-to-file' or '-metrics-to-console' flags to see what type of   ##
2026-04-28T06:02:18.3155442Z ##  data is being collected by emulator as part of usage statistics.        ##
2026-04-28T06:02:18.3156295Z ##############################################################################
2026-04-28T06:02:18.3156988Z INFO         | Guest GLES Driver: Auto (ext controls)
2026-04-28T06:02:18.3157973Z INFO         | emuglConfig_init: vulkan_mode_selected:swiftshader gles_mode_selected:swiftshader
2026-04-28T06:02:18.3158882Z INFO         | Checking system compatibility:
2026-04-28T06:02:18.3159985Z INFO         |   Checking: hasSufficientDiskSpace
2026-04-28T06:02:18.3160899Z INFO         |      Ok: Disk space requirements to run avd: `test` are met
2026-04-28T06:02:18.3161655Z INFO         |   Checking: hasSufficientHwGpu
2026-04-28T06:02:18.3162466Z INFO         |      Ok: Hardware GPU compatibility checks are not required
2026-04-28T06:02:18.3163457Z INFO         |   Checking: hasSufficientSystem
2026-04-28T06:02:18.3164229Z INFO         |      Ok: System requirements to run avd: `test` are met
2026-04-28T06:02:18.3165071Z ERROR        | Unable to connect to adb daemon on port: 5037
2026-04-28T06:02:18.3166375Z INFO         | Storing crashdata in: /tmp/android-runner/emu-crash-36.5.11.db, detection is enabled for process: 2998
2026-04-28T06:02:18.3167423Z INFO         | Initializing gfxstream backend
2026-04-28T06:02:18.3168150Z INFO         | android_startOpenglesRenderer: gpu info
2026-04-28T06:02:18.3168791Z INFO         | 
2026-04-28T06:02:18.3169595Z INFO         | initIcdPaths: ICD set to 'swiftshader', using Swiftshader ICD
2026-04-28T06:02:18.3170998Z INFO         | Setting ICD filenames for the loader = /usr/local/lib/android/sdk/emulator/lib64/vulkan/vk_swiftshader_icd.json
2026-04-28T06:02:18.3172555Z INFO         | SharedLibrary::open for [/usr/local/lib/android/sdk/emulator/qemu/linux-x86_64/lib64/vulkan/libvulkan.so]
2026-04-28T06:02:18.3173852Z INFO         | SharedLibrary::open for [/usr/local/lib/android/sdk/emulator/qemu/linux-x86_64/lib64/vulkan/libvulkan.so.1]
2026-04-28T06:02:18.3174830Z INFO         | SharedLibrary::open for [/usr/local/lib/android/sdk/emulator/lib64/vulkan/libvulkan.so]
2026-04-28T06:02:18.3175826Z INFO         | Added library: /usr/local/lib/android/sdk/emulator/lib64/vulkan/libvulkan.so
2026-04-28T06:02:18.3211271Z INFO         | Selecting Vulkan device: SwiftShader Device (Subzero), Version: 1.3.0
2026-04-28T06:02:18.3357525Z INFO         | SharedLibrary::open for [libX11]
2026-04-28T06:02:18.3358382Z WARNING      | Could not open libX11.so, try libX11.so.6
2026-04-28T06:02:18.3358888Z INFO         | SharedLibrary::open for [libX11.so.6]
2026-04-28T06:02:18.3359334Z INFO         | SharedLibrary::open for [libX11-xcb]
2026-04-28T06:02:18.3359826Z WARNING      | Could not open libX11-xcb.so, try libX11-xcb.so.1
2026-04-28T06:02:18.3360337Z INFO         | SharedLibrary::open for [libX11-xcb.so.1]
2026-04-28T06:02:18.3409574Z INFO         | Initializing VkEmulation features:
2026-04-28T06:02:18.3410306Z INFO         |     glInteropSupported: false
2026-04-28T06:02:18.3410752Z INFO         |     useDeferredCommands: true
2026-04-28T06:02:18.3411260Z INFO         |     createResourceWithRequirements: true
2026-04-28T06:02:18.3411944Z INFO         |     useVulkanComposition: false
2026-04-28T06:02:18.3412578Z INFO         |     useVulkanNativeSwapchain: false
2026-04-28T06:02:18.3413836Z INFO         |     enable guestRenderDoc: false
2026-04-28T06:02:18.3414479Z INFO         |     ASTC LDR emulation mode: Gpu
2026-04-28T06:02:18.3415124Z INFO         |     enable ETC2 emulation: true
2026-04-28T06:02:18.3415659Z INFO         |     enable Ycbcr emulation: false
2026-04-28T06:02:18.3416051Z INFO         |     guestVulkanOnly: false
2026-04-28T06:02:18.3416457Z INFO         |     useDedicatedAllocations: false
2026-04-28T06:02:18.3416879Z INFO         |     guestVulkanMaxApiVersion: 1.3.0
2026-04-28T06:02:18.3417360Z INFO         | Graphics Adapter Vendor Google (Google Inc.)
2026-04-28T06:02:18.3417988Z INFO         | Graphics Adapter Android Emulator OpenGL ES Translator (Google SwiftShader)
2026-04-28T06:02:18.3418694Z INFO         | Graphics API Version OpenGL ES 3.0 (OpenGL ES 3.0 SwiftShader 4.0.0.1)
2026-04-28T06:02:18.3421759Z INFO         | Graphics API Extensions GL_OES_EGL_sync GL_OES_EGL_image GL_OES_EGL_image_external GL_OES_depth24 GL_OES_depth32 GL_OES_element_index_uint GL_OES_texture_float GL_OES_texture_float_linear GL_OES_compressed_paletted_texture GL_OES_compressed_ETC1_RGB8_texture GL_OES_depth_texture GL_OES_texture_half_float GL_OES_texture_half_float_linear GL_OES_packed_depth_stencil GL_OES_vertex_half_float GL_OES_standard_derivatives GL_OES_texture_npot GL_OES_rgb8_rgba8 GL_EXT_color_buffer_float GL_EXT_color_buffer_half_float GL_EXT_texture_format_BGRA8888 GL_APPLE_texture_format_BGRA8888 
2026-04-28T06:02:18.3424127Z INFO         | Graphics Device Extensions N/A
2026-04-28T06:02:18.3424623Z INFO         | Disabling sparse binding feature support
2026-04-28T06:02:18.3486012Z INFO         | Sending adb public key [QAAAAP+JISgBioXu1d4hXCfU/3YRgDlSTh4dorVxpRMxnkhKrRn4aJzWf1uVSKNec4v0HQ2BUITobN96LfN+GaLe6exAIFmWcZxYB80Q0Q4mAu9RWxnEg6+Nli7CSmv01KQxowKt1ilJHETOGoLsPXJB93l08VVrXLxcZL3SJ1cWPX2B6r2qfHzk82T2SGvLmT48dAeUD/eX++l8HP5rnuM7WHlPrK///SLzFQHRQCNJfX/pV71hwsxkwX9hMGucdEy/35V+ODa/DsX0pwVjRlzjOg911j0t/HXvAF3J37VwC4DxbPzET5F01hSCCbkpgAkni3tb/sZ5IrrB5gLKxBlrlt8VALbTEWlKsAOgdR117GLxtlDmAu1OM6Q2Fzlj+I86rBQbm3VsbylZjS9jyEmTcmIE/U87RN2sr049nM08R6qffxJy/H92A53Y4rxwoo6eWJFAaf5vp+rISh7ozay5YjU9Xb0CJ36YGe1e1S7358U2nD3gnRefw91tbUE/KnIAT8heRNfpsB0U+YbeAiKNThCaNA5tJ7LxYUI7YRO3tFy0cylrLYsyek3T5BO0r7vZ6cBjssfrQbBcYE70rioEmGhuL928gcplfXL90OBxzI6O5M3pTn4uxGr0yijH4PrC+QM4Uq/21pN7rBfI70K6dUwj5OpX9LQ1s1AGLkZBKgd13WOfsgEAAQA= runner@unknown]
2026-04-28T06:02:18.3492578Z INFO         | Userspace boot properties:
2026-04-28T06:02:18.3493981Z INFO         |   androidboot.boot_devices=pci0000:00/0000:00:03.0 pci0000:00/0000:00:06.0
2026-04-28T06:02:18.3494901Z INFO         |   androidboot.dalvik.vm.heapsize=512m
2026-04-28T06:02:18.3495638Z INFO         |   androidboot.debug.hwui.renderer=skiagl
2026-04-28T06:02:18.3496413Z INFO         |   androidboot.debug.sf.nobootanimation=1
2026-04-28T06:02:18.3497089Z INFO         |   androidboot.hardware=ranchu
2026-04-28T06:02:18.3497767Z INFO         |   androidboot.hardware.gltransport=pipe
2026-04-28T06:02:18.3498471Z INFO         |   androidboot.hardware.vulkan=ranchu
2026-04-28T06:02:18.3499104Z INFO         |   androidboot.logcat=*:V
2026-04-28T06:02:18.3499780Z INFO         |   androidboot.opengles.version=196608
2026-04-28T06:02:18.3500379Z INFO         |   androidboot.qemu=1
2026-04-28T06:02:18.3507958Z INFO         |   androidboot.qemu.adb.pubkey=QAAAAP+JISgBioXu1d4hXCfU/3YRgDlSTh4dorVxpRMxnkhKrRn4aJzWf1uVSKNec4v0HQ2BUITobN96LfN+GaLe6exAIFmWcZxYB80Q0Q4mAu9RWxnEg6+Nli7CSmv01KQxowKt1ilJHETOGoLsPXJB93l08VVrXLxcZL3SJ1cWPX2B6r2qfHzk82T2SGvLmT48dAeUD/eX++l8HP5rnuM7WHlPrK///SLzFQHRQCNJfX/pV71hwsxkwX9hMGucdEy/35V+ODa/DsX0pwVjRlzjOg911j0t/HXvAF3J37VwC4DxbPzET5F01hSCCbkpgAkni3tb/sZ5IrrB5gLKxBlrlt8VALbTEWlKsAOgdR117GLxtlDmAu1OM6Q2Fzlj+I86rBQbm3VsbylZjS9jyEmTcmIE/U87RN2sr049nM08R6qffxJy/H92A53Y4rxwoo6eWJFAaf5vp+rISh7ozay5YjU9Xb0CJ36YGe1e1S7358U2nD3gnRefw91tbUE/KnIAT8heRNfpsB0U+YbeAiKNThCaNA5tJ7LxYUI7YRO3tFy0cylrLYsyek3T5BO0r7vZ6cBjssfrQbBcYE70rioEmGhuL928gcplfXL90OBxzI6O5M3pTn4uxGr0yijH4PrC+QM4Uq/21pN7rBfI70K6dUwj5OpX9LQ1s1AGLkZBKgd13WOfsgEAAQA= runner@unknown
2026-04-28T06:02:18.3514689Z INFO         |   androidboot.qemu.avd_name=test
2026-04-28T06:02:18.3515489Z INFO         |   androidboot.qemu.camera_hq_edge_processing=0
2026-04-28T06:02:18.3516269Z INFO         |   androidboot.qemu.camera_protocol_ver=1
2026-04-28T06:02:18.3517014Z INFO         |   androidboot.qemu.cpuvulkan.version=4202496
2026-04-28T06:02:18.3517836Z INFO         |   androidboot.qemu.gltransport.drawFlushInterval=800
2026-04-28T06:02:18.3518611Z INFO         |   androidboot.qemu.gltransport.name=pipe
2026-04-28T06:02:18.3519318Z INFO         |   androidboot.qemu.hwcodec.avcdec=2
2026-04-28T06:02:18.3520019Z INFO         |   androidboot.qemu.hwcodec.hevcdec=2
2026-04-28T06:02:18.3520754Z INFO         |   androidboot.qemu.hwcodec.vpxdec=2
2026-04-28T06:02:18.3521671Z INFO         |   androidboot.qemu.settings.system.screen_off_timeout=2147483647
2026-04-28T06:02:18.3522441Z INFO         |   androidboot.qemu.skin=1080x2400
2026-04-28T06:02:18.3523224Z INFO         |   androidboot.qemu.virtiowifi=1
2026-04-28T06:02:18.3523841Z INFO         |   androidboot.qemu.vsync=60
2026-04-28T06:02:18.3524509Z INFO         |   androidboot.serialno=EMULATOR36X5X11X0
2026-04-28T06:02:18.3525840Z INFO         |   androidboot.vbmeta.digest=451e57ed688ff746d2c636d52169ade253e2bc5bb30a5c3ff23679ca15d3bcd3
2026-04-28T06:02:18.3526786Z INFO         |   androidboot.vbmeta.hash_alg=sha256
2026-04-28T06:02:18.3527473Z INFO         |   androidboot.vbmeta.size=6656
2026-04-28T06:02:18.3528078Z INFO         |   androidboot.veritymode=enforcing
2026-04-28T06:02:18.3694044Z WARNING: cannnot unmap ptr 0x7f9f25a01000 as it is in the protected range from 0x7f9ea5a00000 to 0x7f9f25c00000
2026-04-28T06:02:18.3841089Z INFO         | Monitoring duration of emulator setup.
2026-04-28T06:02:21.3967764Z INFO         | Activated packet streamer for bluetooth emulation
2026-04-28T06:02:21.3993777Z INFO         | Successfully initialized netsim WiFi
2026-04-28T06:02:21.4048637Z INFO         | Setting display: 0 configuration to: 1080x2400, dpi: 420x420 
2026-04-28T06:02:21.4049621Z INFO         | setDisplayActiveConfig: id:0, 1080x2400
2026-04-28T06:02:21.4050953Z INFO         | emulatorSetupEnvironment: Setting up screen background view and display layout at env:1080x2400, lcd:1080x2400
2026-04-28T06:02:21.4052391Z INFO         | emulatorSetupEnvironment: Environment scene is not required
2026-04-28T06:02:21.4122954Z USER_INFO    | Emulator is performing a full startup. This may take upto two minutes, or more.
2026-04-28T06:02:21.4145442Z WARNING      | Failed to process .ini file /home/runner/.android/emu-update-last-check.ini for reading.
2026-04-28T06:02:21.6620197Z WARNING      | Failed to process .ini file /home/runner/.android/emu-update-last-check.ini for reading.
2026-04-28T06:02:27.2516565Z [command]/usr/local/lib/android/sdk/platform-tools/adb -s emulator-5554 shell getprop sys.boot_completed
2026-04-28T06:02:27.2552012Z * daemon not running; starting now at tcp:5037
2026-04-28T06:02:27.4951130Z * daemon started successfully
2026-04-28T06:02:27.4957314Z adb: device offline
2026-04-28T06:02:27.4966450Z The process '/usr/local/lib/android/sdk/platform-tools/adb' failed with exit code 1
2026-04-28T06:02:29.5004764Z [command]/usr/local/lib/android/sdk/platform-tools/adb -s emulator-5554 shell getprop sys.boot_completed
2026-04-28T06:02:29.5038161Z adb: device offline
2026-04-28T06:02:29.5044868Z The process '/usr/local/lib/android/sdk/platform-tools/adb' failed with exit code 1
2026-04-28T06:02:31.5085392Z [command]/usr/local/lib/android/sdk/platform-tools/adb -s emulator-5554 shell getprop sys.boot_completed
2026-04-28T06:02:31.5124666Z adb: device offline
2026-04-28T06:02:31.5131066Z The process '/usr/local/lib/android/sdk/platform-tools/adb' failed with exit code 1
2026-04-28T06:02:33.5194787Z [command]/usr/local/lib/android/sdk/platform-tools/adb -s emulator-5554 shell getprop sys.boot_completed
2026-04-28T06:02:33.5882278Z 
2026-04-28T06:02:35.6215445Z [command]/usr/local/lib/android/sdk/platform-tools/adb -s emulator-5554 shell getprop sys.boot_completed
2026-04-28T06:02:35.7142106Z 
2026-04-28T06:02:37.7204901Z [command]/usr/local/lib/android/sdk/platform-tools/adb -s emulator-5554 shell getprop sys.boot_completed
2026-04-28T06:02:37.7481758Z 
2026-04-28T06:02:39.7524673Z [command]/usr/local/lib/android/sdk/platform-tools/adb -s emulator-5554 shell getprop sys.boot_completed
2026-04-28T06:02:39.7692043Z 
2026-04-28T06:02:41.7763409Z [command]/usr/local/lib/android/sdk/platform-tools/adb -s emulator-5554 shell getprop sys.boot_completed
2026-04-28T06:02:41.7961581Z 
2026-04-28T06:02:43.8018575Z [command]/usr/local/lib/android/sdk/platform-tools/adb -s emulator-5554 shell getprop sys.boot_completed
2026-04-28T06:02:43.8259406Z 
2026-04-28T06:02:45.8328771Z [command]/usr/local/lib/android/sdk/platform-tools/adb -s emulator-5554 shell getprop sys.boot_completed
2026-04-28T06:02:45.8612353Z 
2026-04-28T06:02:47.8657945Z [command]/usr/local/lib/android/sdk/platform-tools/adb -s emulator-5554 shell getprop sys.boot_completed
2026-04-28T06:02:47.8973108Z 
2026-04-28T06:02:49.9004885Z [command]/usr/local/lib/android/sdk/platform-tools/adb -s emulator-5554 shell getprop sys.boot_completed
2026-04-28T06:02:49.9427224Z 
2026-04-28T06:02:51.9470849Z [command]/usr/local/lib/android/sdk/platform-tools/adb -s emulator-5554 shell getprop sys.boot_completed
2026-04-28T06:02:51.9772937Z 
2026-04-28T06:02:53.9822332Z [command]/usr/local/lib/android/sdk/platform-tools/adb -s emulator-5554 shell getprop sys.boot_completed
2026-04-28T06:02:54.0048302Z 
2026-04-28T06:02:56.0107549Z [command]/usr/local/lib/android/sdk/platform-tools/adb -s emulator-5554 shell getprop sys.boot_completed
2026-04-28T06:02:56.0470165Z 
2026-04-28T06:02:58.0535557Z [command]/usr/local/lib/android/sdk/platform-tools/adb -s emulator-5554 shell getprop sys.boot_completed
2026-04-28T06:02:58.1065157Z 
2026-04-28T06:02:59.4120489Z INFO         | Boot completed in 42124 ms
2026-04-28T06:02:59.4124536Z INFO         | Increasing screen off timeout, logcat buffer size to 2M.
2026-04-28T06:03:00.1195390Z [command]/usr/local/lib/android/sdk/platform-tools/adb -s emulator-5554 shell getprop sys.boot_completed
2026-04-28T06:03:00.3390610Z 1
2026-04-28T06:03:00.3396092Z Emulator booted.
2026-04-28T06:03:00.3433800Z [command]/usr/local/lib/android/sdk/platform-tools/adb -s emulator-5554 shell input keyevent 82
2026-04-28T06:03:00.3512695Z error: fork failed: Out of memory
2026-04-28T06:03:00.3521824Z ##[endgroup]
2026-04-28T06:03:00.3523595Z ##[group]Terminate Emulator
2026-04-28T06:03:00.3555137Z [command]/usr/local/lib/android/sdk/platform-tools/adb -s emulator-5554 emu kill
2026-04-28T06:03:00.3603480Z OK: killing emulator, bye bye
2026-04-28T06:03:00.3604142Z OK
2026-04-28T06:03:00.3605960Z ##[endgroup]
2026-04-28T06:03:00.3637517Z ##[error]The process '/usr/local/lib/android/sdk/platform-tools/adb' failed with exit code 126
2026-04-28T06:03:00.3648409Z INFO         | Wait for emulator (pid 2998) 20 seconds to shutdown gracefully before kill;you can set environment variable ANDROID_EMULATOR_WAIT_TIME_BEFORE_KILL(in seconds) to change the default value (20 seconds)
2026-04-28T06:03:00.3650072Z 
2026-04-28T06:03:00.3728137Z USER_INFO    | Snapshots have been disabled by the user, save request is ignored.
2026-04-28T06:03:00.3729725Z INFO         | Saving snapshot 'default_boot' using 0 ms
2026-04-28T06:03:00.3930181Z ERROR        | stop: Not implemented
2026-04-28T06:03:00.3931552Z WARNING      | Emulator client has not yet been configured.. Call configure me first!
2026-04-28T06:03:00.4476783Z WARNING      | Netsim Wifi localhost:35191 is gone due to CANCELLED
2026-04-28T06:03:00.5973579Z ##[group]Run if [ -n "${FIREBASE_EMULATORS_PID:-}" ]; then
2026-04-28T06:03:00.5974111Z [36;1mif [ -n "${FIREBASE_EMULATORS_PID:-}" ]; then[0m
2026-04-28T06:03:00.5974505Z [36;1m  kill "$FIREBASE_EMULATORS_PID" || true[0m
2026-04-28T06:03:00.5974918Z [36;1m  wait "$FIREBASE_EMULATORS_PID" 2>/dev/null || true[0m
2026-04-28T06:03:00.5975282Z [36;1mfi[0m
2026-04-28T06:03:00.6093120Z shell: /usr/bin/bash -e {0}
2026-04-28T06:03:00.6093663Z env:
2026-04-28T06:03:00.6093917Z   USE_FIREBASE_EMULATOR: true
2026-04-28T06:03:00.6094349Z   JAVA_HOME: /opt/hostedtoolcache/Java_Temurin-Hotspot_jdk/21.0.11-10/x64
2026-04-28T06:03:00.6094905Z   JAVA_HOME_21_X64: /opt/hostedtoolcache/Java_Temurin-Hotspot_jdk/21.0.11-10/x64
2026-04-28T06:03:00.6095373Z   GRADLE_ACTION_ID: gradle/actions/setup-gradle
2026-04-28T06:03:00.6095737Z   GRADLE_USER_HOME: /home/runner/.gradle
2026-04-28T06:03:00.6096072Z   GRADLE_BUILD_ACTION_SETUP_COMPLETED: true
2026-04-28T06:03:00.6096463Z   GRADLE_BUILD_ACTION_CACHE_RESTORED: true
2026-04-28T06:03:00.6096963Z   DEVELOCITY_INJECTION_INIT_SCRIPT_NAME: gradle-actions.inject-develocity.init.gradle
2026-04-28T06:03:00.6097493Z   DEVELOCITY_INJECTION_CUSTOM_VALUE: gradle-actions
2026-04-28T06:03:00.6097870Z   GITHUB_DEPENDENCY_GRAPH_ENABLED: false
2026-04-28T06:03:00.6098204Z   FIREBASE_EMULATORS_PID: 2583
2026-04-28T06:03:00.6098531Z   ANDROID_AVD_HOME: /home/runner/.android/avd
2026-04-28T06:03:00.6098869Z ##[endgroup]
2026-04-28T06:03:00.6243021Z ##[group]Run actions/upload-artifact@v4
2026-04-28T06:03:00.6243574Z with:
2026-04-28T06:03:00.6243943Z   name: firebase-emulator-log
2026-04-28T06:03:00.6244509Z   path: /home/runner/work/_temp/firebase-emulators.log
2026-04-28T06:03:00.6245067Z   retention-days: 7
2026-04-28T06:03:00.6245476Z   if-no-files-found: ignore
2026-04-28T06:03:00.6245902Z   compression-level: 6
2026-04-28T06:03:00.6246281Z   overwrite: false
2026-04-28T06:03:00.6246671Z   include-hidden-files: false
2026-04-28T06:03:00.6247099Z env:
2026-04-28T06:03:00.6247450Z   USE_FIREBASE_EMULATOR: true
2026-04-28T06:03:00.6248074Z   JAVA_HOME: /opt/hostedtoolcache/Java_Temurin-Hotspot_jdk/21.0.11-10/x64
2026-04-28T06:03:00.6248931Z   JAVA_HOME_21_X64: /opt/hostedtoolcache/Java_Temurin-Hotspot_jdk/21.0.11-10/x64
2026-04-28T06:03:00.6249689Z   GRADLE_ACTION_ID: gradle/actions/setup-gradle
2026-04-28T06:03:00.6250252Z   GRADLE_USER_HOME: /home/runner/.gradle
2026-04-28T06:03:00.6250862Z   GRADLE_BUILD_ACTION_SETUP_COMPLETED: true
2026-04-28T06:03:00.6258833Z   GRADLE_BUILD_ACTION_CACHE_RESTORED: true
2026-04-28T06:03:00.6259679Z   DEVELOCITY_INJECTION_INIT_SCRIPT_NAME: gradle-actions.inject-develocity.init.gradle
2026-04-28T06:03:00.6260554Z   DEVELOCITY_INJECTION_CUSTOM_VALUE: gradle-actions
2026-04-28T06:03:00.6262110Z   GITHUB_DEPENDENCY_GRAPH_ENABLED: false
2026-04-28T06:03:00.6262636Z   FIREBASE_EMULATORS_PID: 2583
2026-04-28T06:03:00.6263341Z   ANDROID_AVD_HOME: /home/runner/.android/avd
2026-04-28T06:03:00.6263849Z ##[endgroup]
2026-04-28T06:03:00.8579876Z With the provided path, there will be 1 file uploaded
2026-04-28T06:03:00.8585135Z Artifact name is valid!
2026-04-28T06:03:00.8586364Z Root directory input is valid!
2026-04-28T06:03:00.9809660Z Beginning upload of artifact content to blob storage
2026-04-28T06:03:01.0525051Z Uploaded bytes 1051
2026-04-28T06:03:01.0738194Z Finished uploading artifact content to blob storage!
2026-04-28T06:03:01.0742334Z SHA256 digest of uploaded artifact zip is d8f40588d6b3a2dee5f93bb4873d604e9813554ce248b91a981319a30f9d16fe
2026-04-28T06:03:01.0745508Z Finalizing artifact upload
2026-04-28T06:03:01.2021658Z Artifact firebase-emulator-log.zip successfully finalized. Artifact ID 6677291854
2026-04-28T06:03:01.2023471Z Artifact firebase-emulator-log has been successfully uploaded! Final size is 1051 bytes. Artifact ID is 6677291854
2026-04-28T06:03:01.2028655Z Artifact download URL: https://github.com/akarlin3/prismTask/actions/runs/25036634760/artifacts/6677291854
2026-04-28T06:03:01.2176140Z ##[group]Run actions/upload-artifact@v4
2026-04-28T06:03:01.2176672Z with:
2026-04-28T06:03:01.2177030Z   name: connected-test-results
2026-04-28T06:03:01.2177744Z   path: app/build/reports/androidTests/
app/build/outputs/androidTest-results/

2026-04-28T06:03:01.2178467Z   retention-days: 7
2026-04-28T06:03:01.2178856Z   if-no-files-found: ignore
2026-04-28T06:03:01.2179309Z   compression-level: 6
2026-04-28T06:03:01.2179734Z   overwrite: false
2026-04-28T06:03:01.2180410Z   include-hidden-files: false
2026-04-28T06:03:01.2180865Z env:
2026-04-28T06:03:01.2181209Z   USE_FIREBASE_EMULATOR: true
2026-04-28T06:03:01.2181850Z   JAVA_HOME: /opt/hostedtoolcache/Java_Temurin-Hotspot_jdk/21.0.11-10/x64
2026-04-28T06:03:01.2182719Z   JAVA_HOME_21_X64: /opt/hostedtoolcache/Java_Temurin-Hotspot_jdk/21.0.11-10/x64
2026-04-28T06:03:01.2183728Z   GRADLE_ACTION_ID: gradle/actions/setup-gradle
2026-04-28T06:03:01.2184325Z   GRADLE_USER_HOME: /home/runner/.gradle
2026-04-28T06:03:01.2184942Z   GRADLE_BUILD_ACTION_SETUP_COMPLETED: true
2026-04-28T06:03:01.2185504Z   GRADLE_BUILD_ACTION_CACHE_RESTORED: true
2026-04-28T06:03:01.2186321Z   DEVELOCITY_INJECTION_INIT_SCRIPT_NAME: gradle-actions.inject-develocity.init.gradle
2026-04-28T06:03:01.2187209Z   DEVELOCITY_INJECTION_CUSTOM_VALUE: gradle-actions
2026-04-28T06:03:01.2187816Z   GITHUB_DEPENDENCY_GRAPH_ENABLED: false
2026-04-28T06:03:01.2188350Z   FIREBASE_EMULATORS_PID: 2583
2026-04-28T06:03:01.2188869Z   ANDROID_AVD_HOME: /home/runner/.android/avd
2026-04-28T06:03:01.2189414Z ##[endgroup]
2026-04-28T06:03:01.4354529Z Multiple search paths detected. Calculating the least common ancestor of all paths
2026-04-28T06:03:01.4356157Z The least common ancestor is /home/runner/work/prismTask/prismTask/app/build. This will be the root directory of the artifact
2026-04-28T06:03:01.4357071Z No files were found with the provided path: app/build/reports/androidTests/
2026-04-28T06:03:01.4357800Z app/build/outputs/androidTest-results/. No artifacts will be uploaded.
2026-04-28T06:03:01.4479957Z Post job cleanup.
2026-04-28T06:03:01.4575294Z Post job cleanup.
2026-04-28T06:03:01.7716461Z In post-action step
2026-04-28T06:03:01.7722969Z Cache is read-only: will not save state for use in subsequent builds.
2026-04-28T06:03:01.7728578Z Generating Job Summary
2026-04-28T06:03:01.7749126Z Completed post-action step
2026-04-28T06:03:01.7917039Z Post job cleanup.
2026-04-28T06:03:01.9757558Z Post job cleanup.
2026-04-28T06:03:02.0745393Z [command]/usr/bin/git version
2026-04-28T06:03:02.0790015Z git version 2.54.0
2026-04-28T06:03:02.0830898Z Temporarily overriding HOME='/home/runner/work/_temp/c48792ac-4171-44f9-a221-0a63c97f274d' before making global git config changes
2026-04-28T06:03:02.0832109Z Adding repository directory to the temporary git global config as a safe directory
2026-04-28T06:03:02.0836512Z [command]/usr/bin/git config --global --add safe.directory /home/runner/work/prismTask/prismTask
2026-04-28T06:03:02.0873640Z [command]/usr/bin/git config --local --name-only --get-regexp core\.sshCommand
2026-04-28T06:03:02.0907338Z [command]/usr/bin/git submodule foreach --recursive sh -c "git config --local --name-only --get-regexp 'core\.sshCommand' && git config --local --unset-all 'core.sshCommand' || :"
2026-04-28T06:03:02.1168932Z [command]/usr/bin/git config --local --name-only --get-regexp http\.https\:\/\/github\.com\/\.extraheader
2026-04-28T06:03:02.1193866Z http.https://github.com/.extraheader
2026-04-28T06:03:02.1206363Z [command]/usr/bin/git config --local --unset-all http.https://github.com/.extraheader
2026-04-28T06:03:02.1238476Z [command]/usr/bin/git submodule foreach --recursive sh -c "git config --local --name-only --get-regexp 'http\.https\:\/\/github\.com\/\.extraheader' && git config --local --unset-all 'http.https://github.com/.extraheader' || :"
2026-04-28T06:03:02.1475005Z [command]/usr/bin/git config --local --name-only --get-regexp ^includeIf\.gitdir:
2026-04-28T06:03:02.1506664Z [command]/usr/bin/git submodule foreach --recursive git config --local --show-origin --name-only --get-regexp remote.origin.url
2026-04-28T06:03:02.1878263Z Cleaning up orphan processes
2026-04-28T06:03:02.2256968Z Terminate orphan process: pid (3122) (adb)
2026-04-28T06:03:02.2286049Z ##[warning]Node.js 20 actions are deprecated. The following actions are running on Node.js 20 and may not work as expected: actions/cache@v4, actions/checkout@v4, actions/setup-java@v4, actions/setup-node@v4, actions/upload-artifact@v4, gradle/actions/setup-gradle@v4. Actions will be forced to run with Node.js 24 by default starting June 2nd, 2026. Node.js 20 will be removed from the runner on September 16th, 2026. Please check if updated versions of these actions are available that support Node.js 24. To opt into Node.js 24 now, set the FORCE_JAVASCRIPT_ACTIONS_TO_NODE24=true environment variable on the runner or in your workflow file. Once Node.js 24 becomes the default, you can temporarily opt out by setting ACTIONS_ALLOW_USE_UNSECURE_NODE_VERSION=true. For more information see: https://github.blog/changelog/2025-09-19-deprecation-of-node-20-on-github-actions-runners/
