=== CI FAILURE ===
Workflow:      Android Integration CI
Workflow file: averycorp/prismTask/.github/workflows/android-integration.yml@refs/heads/main
Job(s):        connected-tests
Run ID:        25201968891
Run attempt:   1
Run URL:       https://github.com/averycorp/prismTask/actions/runs/25201968891
Commit:        af4868000a91dd2507e89a57af7d93a30a2ac489
Branch:        main
Event:         push
Actor:         akarlin3
Runner OS:     Linux
Timestamp:     2026-05-01T04:23:26.133Z

Failed steps:
  - connected-tests: #11 Run instrumented tests against AVD + Firebase emulator

=== FAILED JOB LOG ===

--- Job: connected-tests (id 73894680767) ---
2026-05-01T04:17:24.2291922Z Current runner version: '2.334.0'
2026-05-01T04:17:24.2325855Z ##[group]Runner Image Provisioner
2026-05-01T04:17:24.2327167Z Hosted Compute Agent
2026-05-01T04:17:24.2327914Z Version: 20260213.493
2026-05-01T04:17:24.2328869Z Commit: 5c115507f6dd24b8de37d8bbe0bb4509d0cc0fa3
2026-05-01T04:17:24.2329968Z Build Date: 2026-02-13T00:28:41Z
2026-05-01T04:17:24.2330932Z Worker ID: {3f828754-2186-4289-b74e-4d0ade98afda}
2026-05-01T04:17:24.2332051Z Azure Region: eastus
2026-05-01T04:17:24.2332805Z ##[endgroup]
2026-05-01T04:17:24.2335097Z ##[group]Operating System
2026-05-01T04:17:24.2336680Z Ubuntu
2026-05-01T04:17:24.2337571Z 24.04.4
2026-05-01T04:17:24.2338291Z LTS
2026-05-01T04:17:24.2338972Z ##[endgroup]
2026-05-01T04:17:24.2339792Z ##[group]Runner Image
2026-05-01T04:17:24.2340670Z Image: ubuntu-24.04
2026-05-01T04:17:24.2341454Z Version: 20260413.86.1
2026-05-01T04:17:24.2343457Z Included Software: https://github.com/actions/runner-images/blob/ubuntu24/20260413.86/images/ubuntu/Ubuntu2404-Readme.md
2026-05-01T04:17:24.2345840Z Image Release: https://github.com/actions/runner-images/releases/tag/ubuntu24%2F20260413.86
2026-05-01T04:17:24.2347671Z ##[endgroup]
2026-05-01T04:17:24.2349665Z ##[group]GITHUB_TOKEN Permissions
2026-05-01T04:17:24.2352661Z Actions: read
2026-05-01T04:17:24.2353392Z Checks: read
2026-05-01T04:17:24.2354202Z Contents: write
2026-05-01T04:17:24.2354959Z Metadata: read
2026-05-01T04:17:24.2355771Z PullRequests: read
2026-05-01T04:17:24.2356758Z ##[endgroup]
2026-05-01T04:17:24.2359383Z Secret source: Actions
2026-05-01T04:17:24.2360759Z Prepare workflow directory
2026-05-01T04:17:24.2884912Z Prepare all required actions
2026-05-01T04:17:24.2937562Z Getting action download info
2026-05-01T04:17:24.6775326Z Download action repository 'actions/checkout@v6' (SHA:de0fac2e4500dabe0009e67214ff5f5447ce83dd)
2026-05-01T04:17:24.8179217Z Download action repository 'actions/cache@v4' (SHA:0057852bfaa89a56745cba8c7296529d2fc39830)
2026-05-01T04:17:24.9155735Z Download action repository 'actions/setup-node@v6' (SHA:48b55a011bda9f5d6aeb4c2d9c7362e8dae4041e)
2026-05-01T04:17:25.1756871Z Download action repository 'reactivecircus/android-emulator-runner@v2' (SHA:e89f39f1abbbd05b1113a29cf4db69e7540cae5a)
2026-05-01T04:17:25.4239512Z Download action repository 'actions/upload-artifact@v4' (SHA:ea165f8d65b6e75b540449e92b4886f43607fa02)
2026-05-01T04:17:25.6830195Z Complete job name: connected-tests
2026-05-01T04:17:25.7705026Z ##[group]Run actions/checkout@v6
2026-05-01T04:17:25.7706415Z with:
2026-05-01T04:17:25.7707099Z   ref: refs/heads/main
2026-05-01T04:17:25.7707927Z   repository: averycorp/prismTask
2026-05-01T04:17:25.7709090Z   token: ***
2026-05-01T04:17:25.7709792Z   ssh-strict: true
2026-05-01T04:17:25.7710513Z   ssh-user: git
2026-05-01T04:17:25.7711264Z   persist-credentials: true
2026-05-01T04:17:25.7712098Z   clean: true
2026-05-01T04:17:25.7712854Z   sparse-checkout-cone-mode: true
2026-05-01T04:17:25.7713759Z   fetch-depth: 1
2026-05-01T04:17:25.7714481Z   fetch-tags: false
2026-05-01T04:17:25.7715262Z   show-progress: true
2026-05-01T04:17:25.7716016Z   lfs: false
2026-05-01T04:17:25.7716828Z   submodules: false
2026-05-01T04:17:25.7717579Z   set-safe-directory: true
2026-05-01T04:17:25.7718604Z env:
2026-05-01T04:17:25.7719272Z   USE_FIREBASE_EMULATOR: true
2026-05-01T04:17:25.7720111Z ##[endgroup]
2026-05-01T04:17:25.8810908Z Syncing repository: averycorp/prismTask
2026-05-01T04:17:25.8813818Z ##[group]Getting Git version info
2026-05-01T04:17:25.8815093Z Working directory is '/home/runner/work/prismTask/prismTask'
2026-05-01T04:17:25.8817299Z [command]/usr/bin/git version
2026-05-01T04:17:25.8818575Z git version 2.53.0
2026-05-01T04:17:25.8822285Z ##[endgroup]
2026-05-01T04:17:25.8830048Z Temporarily overriding HOME='/home/runner/work/_temp/c8529f2f-0ee7-412a-a672-d936dfd6adce' before making global git config changes
2026-05-01T04:17:25.8833420Z Adding repository directory to the temporary git global config as a safe directory
2026-05-01T04:17:25.8836650Z [command]/usr/bin/git config --global --add safe.directory /home/runner/work/prismTask/prismTask
2026-05-01T04:17:25.8842029Z Deleting the contents of '/home/runner/work/prismTask/prismTask'
2026-05-01T04:17:25.8843854Z ##[group]Initializing the repository
2026-05-01T04:17:25.8845057Z [command]/usr/bin/git init /home/runner/work/prismTask/prismTask
2026-05-01T04:17:25.8895093Z hint: Using 'master' as the name for the initial branch. This default branch name
2026-05-01T04:17:25.8898098Z hint: will change to "main" in Git 3.0. To configure the initial branch name
2026-05-01T04:17:25.8900930Z hint: to use in all of your new repositories, which will suppress this warning,
2026-05-01T04:17:25.8903078Z hint: call:
2026-05-01T04:17:25.8904062Z hint:
2026-05-01T04:17:25.8905337Z hint: 	git config --global init.defaultBranch <name>
2026-05-01T04:17:25.8907223Z hint:
2026-05-01T04:17:25.8908765Z hint: Names commonly chosen instead of 'master' are 'main', 'trunk' and
2026-05-01T04:17:25.8911292Z hint: 'development'. The just-created branch can be renamed via this command:
2026-05-01T04:17:25.8913393Z hint:
2026-05-01T04:17:25.8914578Z hint: 	git branch -m <name>
2026-05-01T04:17:25.8915724Z hint:
2026-05-01T04:17:25.8917488Z hint: Disable this message with "git config set advice.defaultBranchName false"
2026-05-01T04:17:25.8919663Z Initialized empty Git repository in /home/runner/work/prismTask/prismTask/.git/
2026-05-01T04:17:25.8923802Z [command]/usr/bin/git remote add origin https://github.com/averycorp/prismTask
2026-05-01T04:17:25.8973452Z ##[endgroup]
2026-05-01T04:17:25.8975405Z ##[group]Disabling automatic garbage collection
2026-05-01T04:17:25.8977482Z [command]/usr/bin/git config --local gc.auto 0
2026-05-01T04:17:25.9007661Z ##[endgroup]
2026-05-01T04:17:25.9009523Z ##[group]Setting up auth
2026-05-01T04:17:25.9010909Z Removing SSH command configuration
2026-05-01T04:17:25.9015314Z [command]/usr/bin/git config --local --name-only --get-regexp core\.sshCommand
2026-05-01T04:17:25.9048946Z [command]/usr/bin/git submodule foreach --recursive sh -c "git config --local --name-only --get-regexp 'core\.sshCommand' && git config --local --unset-all 'core.sshCommand' || :"
2026-05-01T04:17:25.9332999Z Removing HTTP extra header
2026-05-01T04:17:25.9339479Z [command]/usr/bin/git config --local --name-only --get-regexp http\.https\:\/\/github\.com\/\.extraheader
2026-05-01T04:17:25.9371680Z [command]/usr/bin/git submodule foreach --recursive sh -c "git config --local --name-only --get-regexp 'http\.https\:\/\/github\.com\/\.extraheader' && git config --local --unset-all 'http.https://github.com/.extraheader' || :"
2026-05-01T04:17:25.9596908Z Removing includeIf entries pointing to credentials config files
2026-05-01T04:17:25.9602278Z [command]/usr/bin/git config --local --name-only --get-regexp ^includeIf\.gitdir:
2026-05-01T04:17:25.9634460Z [command]/usr/bin/git submodule foreach --recursive git config --local --show-origin --name-only --get-regexp remote.origin.url
2026-05-01T04:17:25.9865157Z [command]/usr/bin/git config --file /home/runner/work/_temp/git-credentials-915a45f3-b2f2-4625-99f6-a1d7ce29f361.config http.https://github.com/.extraheader AUTHORIZATION: basic ***
2026-05-01T04:17:25.9902237Z [command]/usr/bin/git config --local includeIf.gitdir:/home/runner/work/prismTask/prismTask/.git.path /home/runner/work/_temp/git-credentials-915a45f3-b2f2-4625-99f6-a1d7ce29f361.config
2026-05-01T04:17:25.9933051Z [command]/usr/bin/git config --local includeIf.gitdir:/home/runner/work/prismTask/prismTask/.git/worktrees/*.path /home/runner/work/_temp/git-credentials-915a45f3-b2f2-4625-99f6-a1d7ce29f361.config
2026-05-01T04:17:25.9964531Z [command]/usr/bin/git config --local includeIf.gitdir:/github/workspace/.git.path /github/runner_temp/git-credentials-915a45f3-b2f2-4625-99f6-a1d7ce29f361.config
2026-05-01T04:17:25.9994595Z [command]/usr/bin/git config --local includeIf.gitdir:/github/workspace/.git/worktrees/*.path /github/runner_temp/git-credentials-915a45f3-b2f2-4625-99f6-a1d7ce29f361.config
2026-05-01T04:17:26.0021648Z ##[endgroup]
2026-05-01T04:17:26.0022897Z ##[group]Fetching the repository
2026-05-01T04:17:26.0030263Z [command]/usr/bin/git -c protocol.version=2 fetch --no-tags --prune --no-recurse-submodules --depth=1 origin +refs/heads/main:refs/remotes/origin/main
2026-05-01T04:17:28.4667397Z From https://github.com/averycorp/prismTask
2026-05-01T04:17:28.4668799Z  * [new branch]      main       -> origin/main
2026-05-01T04:17:28.4697217Z ##[endgroup]
2026-05-01T04:17:28.4697812Z ##[group]Determining the checkout info
2026-05-01T04:17:28.4698618Z ##[endgroup]
2026-05-01T04:17:28.4704755Z [command]/usr/bin/git sparse-checkout disable
2026-05-01T04:17:28.4744201Z [command]/usr/bin/git config --local --unset-all extensions.worktreeConfig
2026-05-01T04:17:28.4773043Z ##[group]Checking out the ref
2026-05-01T04:17:28.4775497Z [command]/usr/bin/git checkout --progress --force -B main refs/remotes/origin/main
2026-05-01T04:17:28.7300706Z Switched to a new branch 'main'
2026-05-01T04:17:28.7301160Z branch 'main' set up to track 'origin/main'.
2026-05-01T04:17:28.7323572Z ##[endgroup]
2026-05-01T04:17:28.7364103Z [command]/usr/bin/git log -1 --format=%H
2026-05-01T04:17:28.7390227Z af4868000a91dd2507e89a57af7d93a30a2ac489
2026-05-01T04:17:28.7649587Z Prepare all required actions
2026-05-01T04:17:28.7650091Z Getting action download info
2026-05-01T04:17:28.9235803Z Download action repository 'actions/setup-java@v4' (SHA:c1e323688fd81a25caa38c78aa6df2d33d3e20d9)
2026-05-01T04:17:29.1953588Z Download action repository 'gradle/actions@v4' (SHA:ed408507eac070d1f99cc633dbcf757c94c7933a)
2026-05-01T04:17:29.9914425Z ##[group]Run ./.github/actions/setup-android
2026-05-01T04:17:29.9914729Z env:
2026-05-01T04:17:29.9914931Z   USE_FIREBASE_EMULATOR: true
2026-05-01T04:17:29.9915156Z ##[endgroup]
2026-05-01T04:17:30.0067755Z ##[group]Run actions/setup-java@v4
2026-05-01T04:17:30.0068076Z with:
2026-05-01T04:17:30.0068268Z   java-version: 21
2026-05-01T04:17:30.0068497Z   distribution: temurin
2026-05-01T04:17:30.0068717Z   java-package: jdk
2026-05-01T04:17:30.0068926Z   check-latest: false
2026-05-01T04:17:30.0069142Z   server-id: github
2026-05-01T04:17:30.0069365Z   server-username: GITHUB_ACTOR
2026-05-01T04:17:30.0069713Z   server-password: GITHUB_TOKEN
2026-05-01T04:17:30.0069942Z   overwrite-settings: true
2026-05-01T04:17:30.0070163Z   job-status: success
2026-05-01T04:17:30.0070592Z   token: ***
2026-05-01T04:17:30.0070779Z env:
2026-05-01T04:17:30.0070972Z   USE_FIREBASE_EMULATOR: true
2026-05-01T04:17:30.0071198Z ##[endgroup]
2026-05-01T04:17:30.2061182Z ##[group]Installed distributions
2026-05-01T04:17:30.2517609Z Resolved Java 21.0.10+7 from tool-cache
2026-05-01T04:17:30.2518593Z Setting Java 21.0.10+7 as the default
2026-05-01T04:17:30.2536615Z Creating toolchains.xml for JDK version 21 from temurin
2026-05-01T04:17:30.2642467Z Writing to /home/runner/.m2/toolchains.xml
2026-05-01T04:17:30.2642843Z 
2026-05-01T04:17:30.2642980Z Java configuration:
2026-05-01T04:17:30.2644160Z   Distribution: temurin
2026-05-01T04:17:30.2644488Z   Version: 21.0.10+7
2026-05-01T04:17:30.2645215Z   Path: /opt/hostedtoolcache/Java_Temurin-Hotspot_jdk/21.0.10-7/x64
2026-05-01T04:17:30.2645709Z 
2026-05-01T04:17:30.2646313Z ##[endgroup]
2026-05-01T04:17:30.2665438Z Creating settings.xml with server-id: github
2026-05-01T04:17:30.2670809Z Writing to /home/runner/.m2/settings.xml
2026-05-01T04:17:30.2910972Z ##[group]Run gradle/actions/setup-gradle@v4
2026-05-01T04:17:30.2911258Z with:
2026-05-01T04:17:30.2911471Z   cache-disabled: false
2026-05-01T04:17:30.2911708Z   cache-read-only: false
2026-05-01T04:17:30.2911937Z   cache-write-only: false
2026-05-01T04:17:30.2912186Z   cache-overwrite-existing: false
2026-05-01T04:17:30.2912440Z   cache-cleanup: on-success
2026-05-01T04:17:30.2912729Z   gradle-home-cache-includes: caches
notifications

2026-05-01T04:17:30.2913039Z   add-job-summary: always
2026-05-01T04:17:30.2913275Z   add-job-summary-as-pr-comment: never
2026-05-01T04:17:30.2913547Z   dependency-graph: disabled
2026-05-01T04:17:30.2913834Z   dependency-graph-report-dir: dependency-graph-reports
2026-05-01T04:17:30.2914371Z   dependency-graph-continue-on-failure: true
2026-05-01T04:17:30.2914650Z   build-scan-publish: false
2026-05-01T04:17:30.2914903Z   validate-wrappers: true
2026-05-01T04:17:30.2915149Z   allow-snapshot-wrappers: false
2026-05-01T04:17:30.2915409Z   gradle-home-cache-strict-match: false
2026-05-01T04:17:30.2915683Z   workflow-job-context: null
2026-05-01T04:17:30.2916049Z   github-token: ***
2026-05-01T04:17:30.2916394Z env:
2026-05-01T04:17:30.2916577Z   USE_FIREBASE_EMULATOR: true
2026-05-01T04:17:30.2916922Z   JAVA_HOME: /opt/hostedtoolcache/Java_Temurin-Hotspot_jdk/21.0.10-7/x64
2026-05-01T04:17:30.2917383Z   JAVA_HOME_21_X64: /opt/hostedtoolcache/Java_Temurin-Hotspot_jdk/21.0.10-7/x64
2026-05-01T04:17:30.2917736Z ##[endgroup]
2026-05-01T04:17:31.3294580Z Merged default JDK locations into /home/runner/.m2/toolchains.xml
2026-05-01T04:17:31.3296290Z Preparing cache for cleanup.
2026-05-01T04:17:31.3300319Z ##[group]Restore Gradle state from cache
2026-05-01T04:17:31.4058965Z Cache hit for restore-key: gradle-home-v1|Linux-X64|connected-tests[1e7216165ffdcf45b9a4b7e3077585ac]-3c1cf5d124884a27a114ed556253f4a45ccbe8bc
2026-05-01T04:17:32.4637429Z Received 264241152 of 477744431 (55.3%), 251.5 MBs/sec
2026-05-01T04:17:33.1829916Z Received 477744431 of 477744431 (100.0%), 264.7 MBs/sec
2026-05-01T04:17:33.1833366Z Cache Size: ~456 MB (477744431 B)
2026-05-01T04:17:33.1975212Z [command]/usr/bin/tar -xf /home/runner/work/_temp/d6de49cd-7bc2-492d-8e0b-6ac3ca0ac18d/cache.tzst -P -C /home/runner/work/prismTask/prismTask --use-compress-program unzstd
2026-05-01T04:17:34.2724926Z Cache restored successfully
2026-05-01T04:17:34.2956927Z Restored cache entry with key gradle-home-v1|Linux-X64|connected-tests[1e7216165ffdcf45b9a4b7e3077585ac]-af4868000a91dd2507e89a57af7d93a30a2ac489 to /home/runner/.gradle/caches,/home/runner/.gradle/notifications,/home/runner/.gradle/.setup-gradle in 2964ms
2026-05-01T04:17:34.3654234Z Cache hit for: gradle-kotlin-dsl-v1-524eb7d1010ad5525f6efb5462fb78b3
2026-05-01T04:17:34.3805400Z Cache hit for: gradle-instrumented-jars-v1-62e76be28695546f60603d1924197427
2026-05-01T04:17:34.3834478Z Cache hit for: gradle-wrapper-zips-v1-8c0de4c6bda6041d6e054bf825a89c98
2026-05-01T04:17:34.3837438Z Cache hit for: gradle-dependencies-v1-0029c16dd734445b0f6fda768e688d80
2026-05-01T04:17:34.3953461Z Cache hit for: gradle-generated-gradle-jars-v1-cb4b032a7d08b9bf1e84e9eacaebcc29
2026-05-01T04:17:34.3994563Z Cache hit for: gradle-groovy-dsl-v1-fdfa13b40a0ac1b1a4c74266393b1fea
2026-05-01T04:17:34.4330711Z Cache hit for: gradle-transforms-v1-f856fbf9a6428007c3491bc32f9b649c
2026-05-01T04:17:34.6289552Z Received 117806 of 117806 (100.0%), 0.9 MBs/sec
2026-05-01T04:17:34.6291291Z Cache Size: ~0 MB (117806 B)
2026-05-01T04:17:34.6955912Z Received 64348 of 64348 (100.0%), 0.3 MBs/sec
2026-05-01T04:17:34.6957481Z Cache Size: ~0 MB (64348 B)
2026-05-01T04:17:34.7505410Z Received 308807 of 308807 (100.0%), 0.9 MBs/sec
2026-05-01T04:17:34.7513740Z Cache Size: ~0 MB (308807 B)
2026-05-01T04:17:34.8114891Z [command]/usr/bin/tar -xf /home/runner/work/_temp/c88d033a-4392-4ffc-832e-f84dfa28b29a/cache.tzst -P -C /home/runner/work/prismTask/prismTask --use-compress-program unzstd
2026-05-01T04:17:34.8488616Z [command]/usr/bin/tar -xf /home/runner/work/_temp/60dc510f-6a6e-4fb9-8cd3-611ec2994872/cache.tzst -P -C /home/runner/work/prismTask/prismTask --use-compress-program unzstd
2026-05-01T04:17:34.8737381Z Cache restored successfully
2026-05-01T04:17:34.8739115Z [command]/usr/bin/tar -xf /home/runner/work/_temp/2f9f7fc4-ce21-47c4-aee8-6aa580373af9/cache.tzst -P -C /home/runner/work/prismTask/prismTask --use-compress-program unzstd
2026-05-01T04:17:34.8776766Z Restored cache entry with key gradle-groovy-dsl-v1-fdfa13b40a0ac1b1a4c74266393b1fea to /home/runner/.gradle/caches/*/groovy-dsl/*/ in 579ms
2026-05-01T04:17:34.8875724Z Cache restored successfully
2026-05-01T04:17:34.9034253Z Restored cache entry with key gradle-instrumented-jars-v1-62e76be28695546f60603d1924197427 to /home/runner/.gradle/caches/jars-*/*/ in 605ms
2026-05-01T04:17:35.0373448Z Cache restored successfully
2026-05-01T04:17:35.0446287Z Restored cache entry with key gradle-kotlin-dsl-v1-524eb7d1010ad5525f6efb5462fb78b3 to /home/runner/.gradle/caches/*/kotlin-dsl/accessors/*/,/home/runner/.gradle/caches/*/kotlin-dsl/scripts/*/ in 746ms
2026-05-01T04:17:35.1647021Z Received 41993404 of 41993404 (100.0%), 52.8 MBs/sec
2026-05-01T04:17:35.1647981Z Cache Size: ~40 MB (41993404 B)
2026-05-01T04:17:35.2878554Z [command]/usr/bin/tar -xf /home/runner/work/_temp/ab7b0302-7b07-408a-a715-ce4ba57ee76b/cache.tzst -P -C /home/runner/work/prismTask/prismTask --use-compress-program unzstd
2026-05-01T04:17:35.4579152Z Received 88080384 of 485999997 (18.1%), 83.7 MBs/sec
2026-05-01T04:17:35.4927423Z Received 41943040 of 136352669 (30.8%), 39.7 MBs/sec
2026-05-01T04:17:35.5585674Z Received 83886080 of 466510431 (18.0%), 79.4 MBs/sec
2026-05-01T04:17:35.7411115Z Cache restored successfully
2026-05-01T04:17:35.7470867Z Restored cache entry with key gradle-generated-gradle-jars-v1-cb4b032a7d08b9bf1e84e9eacaebcc29 to /home/runner/.gradle/caches/9.3.1/generated-gradle-jars/gradle-api-9.3.1.jar in 1450ms
2026-05-01T04:17:36.4563467Z Received 218103808 of 485999997 (44.9%), 103.8 MBs/sec
2026-05-01T04:17:36.5097210Z Received 134217728 of 136352669 (98.4%), 63.2 MBs/sec
2026-05-01T04:17:36.5120570Z Received 136352669 of 136352669 (100.0%), 64.1 MBs/sec
2026-05-01T04:17:36.5123506Z Cache Size: ~130 MB (136352669 B)
2026-05-01T04:17:36.5768826Z Received 243269632 of 466510431 (52.1%), 114.5 MBs/sec
2026-05-01T04:17:36.9269298Z [command]/usr/bin/tar -xf /home/runner/work/_temp/1c0b229b-a4e8-4448-83a3-3522db8a679b/cache.tzst -P -C /home/runner/work/prismTask/prismTask --use-compress-program unzstd
2026-05-01T04:17:37.3038579Z Cache restored successfully
2026-05-01T04:17:37.3284093Z Restored cache entry with key gradle-wrapper-zips-v1-8c0de4c6bda6041d6e054bf825a89c98 to /home/runner/.gradle/wrapper/dists/gradle-9.3.1-bin/23ovyewtku6u96viwx3xl3oks in 3031ms
2026-05-01T04:17:37.4606354Z Received 398458880 of 485999997 (82.0%), 126.3 MBs/sec
2026-05-01T04:17:37.5924463Z Received 419430400 of 466510431 (89.9%), 131.5 MBs/sec
2026-05-01T04:17:37.8296259Z Received 466510431 of 466510431 (100.0%), 135.7 MBs/sec
2026-05-01T04:17:37.8299454Z Cache Size: ~445 MB (466510431 B)
2026-05-01T04:17:37.8466926Z [command]/usr/bin/tar -xf /home/runner/work/_temp/b5922969-646e-4c69-8a1b-0020a635d2a9/cache.tzst -P -C /home/runner/work/prismTask/prismTask --use-compress-program unzstd
2026-05-01T04:17:37.9391942Z Received 485999997 of 485999997 (100.0%), 133.0 MBs/sec
2026-05-01T04:17:37.9393098Z Cache Size: ~463 MB (485999997 B)
2026-05-01T04:17:37.9413861Z [command]/usr/bin/tar -xf /home/runner/work/_temp/82893900-f74a-4da1-a7e7-482fa24fc2bd/cache.tzst -P -C /home/runner/work/prismTask/prismTask --use-compress-program unzstd
2026-05-01T04:17:39.9030997Z Cache restored successfully
2026-05-01T04:17:40.5196394Z Restored cache entry with key gradle-dependencies-v1-0029c16dd734445b0f6fda768e688d80 to /home/runner/.gradle/caches/modules-*/files-*/*/*/*/* in 6221ms
2026-05-01T04:17:44.0043377Z Cache restored successfully
2026-05-01T04:17:44.0253255Z Restored cache entry with key gradle-transforms-v1-f856fbf9a6428007c3491bc32f9b649c to /home/runner/.gradle/caches/transforms-4/*/,/home/runner/.gradle/caches/*/transforms/*/ in 9726ms
2026-05-01T04:17:44.0504913Z ##[endgroup]
2026-05-01T04:17:44.0880349Z ##[group]All Gradle Wrapper jars are valid
2026-05-01T04:17:44.0881553Z ✓ Found known Gradle Wrapper JAR files:
2026-05-01T04:17:44.0882420Z   b3a875ddc1f044746e1b1a55f645584505f4a10438c1afea9f15e92a7c42ec13 gradle/wrapper/gradle-wrapper.jar
2026-05-01T04:17:44.0883506Z ##[endgroup]
2026-05-01T04:17:44.1042057Z ##[group]Run chmod +x gradlew
2026-05-01T04:17:44.1042520Z [36;1mchmod +x gradlew[0m
2026-05-01T04:17:44.1070826Z shell: /usr/bin/bash --noprofile --norc -e -o pipefail {0}
2026-05-01T04:17:44.1071221Z env:
2026-05-01T04:17:44.1071459Z   USE_FIREBASE_EMULATOR: true
2026-05-01T04:17:44.1071883Z   JAVA_HOME: /opt/hostedtoolcache/Java_Temurin-Hotspot_jdk/21.0.10-7/x64
2026-05-01T04:17:44.1072712Z   JAVA_HOME_21_X64: /opt/hostedtoolcache/Java_Temurin-Hotspot_jdk/21.0.10-7/x64
2026-05-01T04:17:44.1073187Z   GRADLE_ACTION_ID: gradle/actions/setup-gradle
2026-05-01T04:17:44.1073525Z   GRADLE_USER_HOME: /home/runner/.gradle
2026-05-01T04:17:44.1073864Z   GRADLE_BUILD_ACTION_SETUP_COMPLETED: true
2026-05-01T04:17:44.1074216Z   GRADLE_BUILD_ACTION_CACHE_RESTORED: true
2026-05-01T04:17:44.1074687Z   DEVELOCITY_INJECTION_INIT_SCRIPT_NAME: gradle-actions.inject-develocity.init.gradle
2026-05-01T04:17:44.1075201Z   DEVELOCITY_INJECTION_CUSTOM_VALUE: gradle-actions
2026-05-01T04:17:44.1075564Z   GITHUB_DEPENDENCY_GRAPH_ENABLED: false
2026-05-01T04:17:44.1075866Z ##[endgroup]
2026-05-01T04:17:44.3572831Z ##[group]Run actions/cache@v4
2026-05-01T04:17:44.3573158Z with:
2026-05-01T04:17:44.3573390Z   path: app/build
2026-05-01T04:17:44.3573851Z   key: app-build-Linux-f9b15f17b0c80ee5d82bab6f5b3a21fba9265a99ddfa996deeb8ce1dc4c34df8
2026-05-01T04:17:44.3574388Z   restore-keys: app-build-Linux-

2026-05-01T04:17:44.3574703Z   enableCrossOsArchive: false
2026-05-01T04:17:44.3575001Z   fail-on-cache-miss: false
2026-05-01T04:17:44.3575284Z   lookup-only: false
2026-05-01T04:17:44.3575542Z   save-always: false
2026-05-01T04:17:44.3575785Z env:
2026-05-01T04:17:44.3576017Z   USE_FIREBASE_EMULATOR: true
2026-05-01T04:17:44.3576923Z   JAVA_HOME: /opt/hostedtoolcache/Java_Temurin-Hotspot_jdk/21.0.10-7/x64
2026-05-01T04:17:44.3577449Z   JAVA_HOME_21_X64: /opt/hostedtoolcache/Java_Temurin-Hotspot_jdk/21.0.10-7/x64
2026-05-01T04:17:44.3577909Z   GRADLE_ACTION_ID: gradle/actions/setup-gradle
2026-05-01T04:17:44.3578273Z   GRADLE_USER_HOME: /home/runner/.gradle
2026-05-01T04:17:44.3578682Z   GRADLE_BUILD_ACTION_SETUP_COMPLETED: true
2026-05-01T04:17:44.3579043Z   GRADLE_BUILD_ACTION_CACHE_RESTORED: true
2026-05-01T04:17:44.3579523Z   DEVELOCITY_INJECTION_INIT_SCRIPT_NAME: gradle-actions.inject-develocity.init.gradle
2026-05-01T04:17:44.3580038Z   DEVELOCITY_INJECTION_CUSTOM_VALUE: gradle-actions
2026-05-01T04:17:44.3580407Z   GITHUB_DEPENDENCY_GRAPH_ENABLED: false
2026-05-01T04:17:44.3580718Z ##[endgroup]
2026-05-01T04:17:44.5633974Z Cache hit for restore-key: app-build-Linux-89bc8c8fc0c325861939dfa790aab27bcd682410d5676cf7e5038115818b4bb4
2026-05-01T04:17:45.4735027Z Received 168588512 of 168588512 (100.0%), 187.6 MBs/sec
2026-05-01T04:17:45.4735660Z Cache Size: ~161 MB (168588512 B)
2026-05-01T04:17:45.4764131Z [command]/usr/bin/tar -xf /home/runner/work/_temp/b5a37f75-1deb-43be-98aa-33d91594e34f/cache.tzst -P -C /home/runner/work/prismTask/prismTask --use-compress-program unzstd
2026-05-01T04:17:47.3221490Z Cache restored successfully
2026-05-01T04:17:47.3381681Z Cache restored from key: app-build-Linux-89bc8c8fc0c325861939dfa790aab27bcd682410d5676cf7e5038115818b4bb4
2026-05-01T04:17:47.3544634Z ##[group]Run actions/setup-node@v6
2026-05-01T04:17:47.3544964Z with:
2026-05-01T04:17:47.3545201Z   node-version: 20
2026-05-01T04:17:47.3545473Z   check-latest: false
2026-05-01T04:17:47.3545889Z   token: ***
2026-05-01T04:17:47.3546418Z   package-manager-cache: true
2026-05-01T04:17:47.3546890Z env:
2026-05-01T04:17:47.3547156Z   USE_FIREBASE_EMULATOR: true
2026-05-01T04:17:47.3547559Z   JAVA_HOME: /opt/hostedtoolcache/Java_Temurin-Hotspot_jdk/21.0.10-7/x64
2026-05-01T04:17:47.3548113Z   JAVA_HOME_21_X64: /opt/hostedtoolcache/Java_Temurin-Hotspot_jdk/21.0.10-7/x64
2026-05-01T04:17:47.3548582Z   GRADLE_ACTION_ID: gradle/actions/setup-gradle
2026-05-01T04:17:47.3548946Z   GRADLE_USER_HOME: /home/runner/.gradle
2026-05-01T04:17:47.3549287Z   GRADLE_BUILD_ACTION_SETUP_COMPLETED: true
2026-05-01T04:17:47.3549632Z   GRADLE_BUILD_ACTION_CACHE_RESTORED: true
2026-05-01T04:17:47.3550123Z   DEVELOCITY_INJECTION_INIT_SCRIPT_NAME: gradle-actions.inject-develocity.init.gradle
2026-05-01T04:17:47.3550681Z   DEVELOCITY_INJECTION_CUSTOM_VALUE: gradle-actions
2026-05-01T04:17:47.3551049Z   GITHUB_DEPENDENCY_GRAPH_ENABLED: false
2026-05-01T04:17:47.3551359Z ##[endgroup]
2026-05-01T04:17:47.5325811Z Found in cache @ /opt/hostedtoolcache/node/20.20.2/x64
2026-05-01T04:17:47.5330110Z ##[group]Environment details
2026-05-01T04:17:48.5785094Z node: v20.20.2
2026-05-01T04:17:48.5785538Z npm: 10.8.2
2026-05-01T04:17:48.5785846Z yarn: 1.22.22
2026-05-01T04:17:48.5786701Z ##[endgroup]
2026-05-01T04:17:48.5923576Z ##[group]Run actions/cache@v4
2026-05-01T04:17:48.5923895Z with:
2026-05-01T04:17:48.5924278Z   path: ~/.npm
/usr/local/lib/node_modules/firebase-tools
/usr/local/bin/firebase

2026-05-01T04:17:48.5924741Z   key: firebase-tools-Linux-v15
2026-05-01T04:17:48.5925055Z   enableCrossOsArchive: false
2026-05-01T04:17:48.5925359Z   fail-on-cache-miss: false
2026-05-01T04:17:48.5925647Z   lookup-only: false
2026-05-01T04:17:48.5925913Z   save-always: false
2026-05-01T04:17:48.5926457Z env:
2026-05-01T04:17:48.5926698Z   USE_FIREBASE_EMULATOR: true
2026-05-01T04:17:48.5927119Z   JAVA_HOME: /opt/hostedtoolcache/Java_Temurin-Hotspot_jdk/21.0.10-7/x64
2026-05-01T04:17:48.5927668Z   JAVA_HOME_21_X64: /opt/hostedtoolcache/Java_Temurin-Hotspot_jdk/21.0.10-7/x64
2026-05-01T04:17:48.5928168Z   GRADLE_ACTION_ID: gradle/actions/setup-gradle
2026-05-01T04:17:48.5928522Z   GRADLE_USER_HOME: /home/runner/.gradle
2026-05-01T04:17:48.5928862Z   GRADLE_BUILD_ACTION_SETUP_COMPLETED: true
2026-05-01T04:17:48.5929244Z   GRADLE_BUILD_ACTION_CACHE_RESTORED: true
2026-05-01T04:17:48.5929735Z   DEVELOCITY_INJECTION_INIT_SCRIPT_NAME: gradle-actions.inject-develocity.init.gradle
2026-05-01T04:17:48.5930251Z   DEVELOCITY_INJECTION_CUSTOM_VALUE: gradle-actions
2026-05-01T04:17:48.5930616Z   GITHUB_DEPENDENCY_GRAPH_ENABLED: false
2026-05-01T04:17:48.5930934Z ##[endgroup]
2026-05-01T04:17:48.7958565Z Cache hit for: firebase-tools-Linux-v15
2026-05-01T04:17:49.1660458Z Received 70532888 of 70532888 (100.0%), 202.6 MBs/sec
2026-05-01T04:17:49.1661629Z Cache Size: ~67 MB (70532888 B)
2026-05-01T04:17:49.1693533Z [command]/usr/bin/tar -xf /home/runner/work/_temp/d8a55350-79e2-4ec5-9658-1e9440222866/cache.tzst -P -C /home/runner/work/prismTask/prismTask --use-compress-program unzstd
2026-05-01T04:17:49.5684138Z Cache restored successfully
2026-05-01T04:17:49.5797887Z Cache restored from key: firebase-tools-Linux-v15
2026-05-01T04:17:49.5923490Z ##[group]Run if ! command -v firebase &> /dev/null; then
2026-05-01T04:17:49.5923982Z [36;1mif ! command -v firebase &> /dev/null; then[0m
2026-05-01T04:17:49.5924400Z [36;1m  npm install -g firebase-tools@15[0m
2026-05-01T04:17:49.5924756Z [36;1mfi[0m
2026-05-01T04:17:49.5952003Z shell: /usr/bin/bash -e {0}
2026-05-01T04:17:49.5952318Z env:
2026-05-01T04:17:49.5952570Z   USE_FIREBASE_EMULATOR: true
2026-05-01T04:17:49.5953004Z   JAVA_HOME: /opt/hostedtoolcache/Java_Temurin-Hotspot_jdk/21.0.10-7/x64
2026-05-01T04:17:49.5953560Z   JAVA_HOME_21_X64: /opt/hostedtoolcache/Java_Temurin-Hotspot_jdk/21.0.10-7/x64
2026-05-01T04:17:49.5954036Z   GRADLE_ACTION_ID: gradle/actions/setup-gradle
2026-05-01T04:17:49.5954388Z   GRADLE_USER_HOME: /home/runner/.gradle
2026-05-01T04:17:49.5954739Z   GRADLE_BUILD_ACTION_SETUP_COMPLETED: true
2026-05-01T04:17:49.5955114Z   GRADLE_BUILD_ACTION_CACHE_RESTORED: true
2026-05-01T04:17:49.5955649Z   DEVELOCITY_INJECTION_INIT_SCRIPT_NAME: gradle-actions.inject-develocity.init.gradle
2026-05-01T04:17:49.5956397Z   DEVELOCITY_INJECTION_CUSTOM_VALUE: gradle-actions
2026-05-01T04:17:49.5956825Z   GITHUB_DEPENDENCY_GRAPH_ENABLED: false
2026-05-01T04:17:49.5957150Z ##[endgroup]
2026-05-01T04:18:02.2768192Z npm warn deprecated node-domexception@1.0.0: Use your platform's native DOMException instead
2026-05-01T04:18:02.4610371Z npm warn deprecated uuid@8.3.2: uuid@10 and below is no longer supported.  For ESM codebases, update to uuid@latest.  For CommonJS codebases, use uuid@11 (but be aware this version will likely be deprecated in 2028).
2026-05-01T04:18:02.4796299Z npm warn deprecated uuid@9.0.1: uuid@10 and below is no longer supported.  For ESM codebases, update to uuid@latest.  For CommonJS codebases, use uuid@11 (but be aware this version will likely be deprecated in 2028).
2026-05-01T04:18:02.5387999Z npm warn deprecated glob@10.5.0: Old versions of glob are not supported, and contain widely publicized security vulnerabilities, which have been fixed in the current version. Please update. Support for old versions may be purchased (at exorbitant rates) by contacting i@izs.me
2026-05-01T04:18:02.5523300Z npm warn deprecated json-ptr@3.1.1: Package no longer supported. Contact Support at https://www.npmjs.com/support for more info.
2026-05-01T04:18:04.8470027Z 
2026-05-01T04:18:04.8470739Z added 705 packages in 15s
2026-05-01T04:18:04.8471110Z 
2026-05-01T04:18:04.8471401Z 91 packages are looking for funding
2026-05-01T04:18:04.8471939Z   run `npm fund` for details
2026-05-01T04:18:04.8941413Z ##[group]Run firebase --version
2026-05-01T04:18:04.8941794Z [36;1mfirebase --version[0m
2026-05-01T04:18:04.8972843Z shell: /usr/bin/bash -e {0}
2026-05-01T04:18:04.8973154Z env:
2026-05-01T04:18:04.8973413Z   USE_FIREBASE_EMULATOR: true
2026-05-01T04:18:04.8973844Z   JAVA_HOME: /opt/hostedtoolcache/Java_Temurin-Hotspot_jdk/21.0.10-7/x64
2026-05-01T04:18:04.8974419Z   JAVA_HOME_21_X64: /opt/hostedtoolcache/Java_Temurin-Hotspot_jdk/21.0.10-7/x64
2026-05-01T04:18:04.8974890Z   GRADLE_ACTION_ID: gradle/actions/setup-gradle
2026-05-01T04:18:04.8975247Z   GRADLE_USER_HOME: /home/runner/.gradle
2026-05-01T04:18:04.8975601Z   GRADLE_BUILD_ACTION_SETUP_COMPLETED: true
2026-05-01T04:18:04.8975959Z   GRADLE_BUILD_ACTION_CACHE_RESTORED: true
2026-05-01T04:18:04.8976749Z   DEVELOCITY_INJECTION_INIT_SCRIPT_NAME: gradle-actions.inject-develocity.init.gradle
2026-05-01T04:18:04.8977278Z   DEVELOCITY_INJECTION_CUSTOM_VALUE: gradle-actions
2026-05-01T04:18:04.8977758Z   GITHUB_DEPENDENCY_GRAPH_ENABLED: false
2026-05-01T04:18:04.8978087Z ##[endgroup]
2026-05-01T04:18:05.3557736Z 15.16.0
2026-05-01T04:18:05.4573512Z ##[group]Run set -euo pipefail
2026-05-01T04:18:05.4573917Z [36;1mset -euo pipefail[0m
2026-05-01T04:18:05.4574239Z [36;1mfirebase emulators:start \[0m
2026-05-01T04:18:05.4574576Z [36;1m  --only firestore,auth \[0m
2026-05-01T04:18:05.4574918Z [36;1m  --project demo-prismtask \[0m
2026-05-01T04:18:05.4575317Z [36;1m  > "$RUNNER_TEMP/firebase-emulators.log" 2>&1 &[0m
2026-05-01T04:18:05.4575771Z [36;1mecho "FIREBASE_EMULATORS_PID=$!" >> "$GITHUB_ENV"[0m
2026-05-01T04:18:05.4576478Z [36;1mecho "Waiting for emulator ports to open..."[0m
2026-05-01T04:18:05.4576847Z [36;1mfor port in 8080 9099; do[0m
2026-05-01T04:18:05.4577173Z [36;1m  timeout 120 bash -c \[0m
2026-05-01T04:18:05.4577622Z [36;1m    "until (echo > /dev/tcp/127.0.0.1/$port) 2>/dev/null; do sleep 1; done" || {[0m
2026-05-01T04:18:05.4578236Z [36;1m      echo "::error::Firebase emulator port $port did not become ready in time"[0m
2026-05-01T04:18:05.4578804Z [36;1m      cat "$RUNNER_TEMP/firebase-emulators.log" || true[0m
2026-05-01T04:18:05.4579205Z [36;1m      exit 1[0m
2026-05-01T04:18:05.4579472Z [36;1m    }[0m
2026-05-01T04:18:05.4579721Z [36;1mdone[0m
2026-05-01T04:18:05.4580076Z [36;1mecho "Firebase emulators ready (firestore=8080, auth=9099)"[0m
2026-05-01T04:18:05.4603085Z shell: /usr/bin/bash -e {0}
2026-05-01T04:18:05.4603394Z env:
2026-05-01T04:18:05.4603642Z   USE_FIREBASE_EMULATOR: true
2026-05-01T04:18:05.4604072Z   JAVA_HOME: /opt/hostedtoolcache/Java_Temurin-Hotspot_jdk/21.0.10-7/x64
2026-05-01T04:18:05.4604614Z   JAVA_HOME_21_X64: /opt/hostedtoolcache/Java_Temurin-Hotspot_jdk/21.0.10-7/x64
2026-05-01T04:18:05.4605083Z   GRADLE_ACTION_ID: gradle/actions/setup-gradle
2026-05-01T04:18:05.4605432Z   GRADLE_USER_HOME: /home/runner/.gradle
2026-05-01T04:18:05.4605774Z   GRADLE_BUILD_ACTION_SETUP_COMPLETED: true
2026-05-01T04:18:05.4606302Z   GRADLE_BUILD_ACTION_CACHE_RESTORED: true
2026-05-01T04:18:05.4606862Z   DEVELOCITY_INJECTION_INIT_SCRIPT_NAME: gradle-actions.inject-develocity.init.gradle
2026-05-01T04:18:05.4607391Z   DEVELOCITY_INJECTION_CUSTOM_VALUE: gradle-actions
2026-05-01T04:18:05.4607759Z   GITHUB_DEPENDENCY_GRAPH_ENABLED: false
2026-05-01T04:18:05.4608080Z ##[endgroup]
2026-05-01T04:18:05.4678032Z Waiting for emulator ports to open...
2026-05-01T04:18:16.4994581Z Firebase emulators ready (firestore=8080, auth=9099)
2026-05-01T04:18:16.5035592Z ##[group]Run echo 'KERNEL=="kvm", GROUP="kvm", MODE="0666", OPTIONS+="static_node=kvm"' \
2026-05-01T04:18:16.5036843Z [36;1mecho 'KERNEL=="kvm", GROUP="kvm", MODE="0666", OPTIONS+="static_node=kvm"' \[0m
2026-05-01T04:18:16.5037645Z [36;1m  | sudo tee /etc/udev/rules.d/99-kvm4all.rules[0m
2026-05-01T04:18:16.5038258Z [36;1msudo udevadm control --reload-rules[0m
2026-05-01T04:18:16.5038849Z [36;1msudo udevadm trigger --name-match=kvm[0m
2026-05-01T04:18:16.5069109Z shell: /usr/bin/bash -e {0}
2026-05-01T04:18:16.5069461Z env:
2026-05-01T04:18:16.5069715Z   USE_FIREBASE_EMULATOR: true
2026-05-01T04:18:16.5070155Z   JAVA_HOME: /opt/hostedtoolcache/Java_Temurin-Hotspot_jdk/21.0.10-7/x64
2026-05-01T04:18:16.5070707Z   JAVA_HOME_21_X64: /opt/hostedtoolcache/Java_Temurin-Hotspot_jdk/21.0.10-7/x64
2026-05-01T04:18:16.5071375Z   GRADLE_ACTION_ID: gradle/actions/setup-gradle
2026-05-01T04:18:16.5071873Z   GRADLE_USER_HOME: /home/runner/.gradle
2026-05-01T04:18:16.5072368Z   GRADLE_BUILD_ACTION_SETUP_COMPLETED: true
2026-05-01T04:18:16.5072807Z   GRADLE_BUILD_ACTION_CACHE_RESTORED: true
2026-05-01T04:18:16.5073296Z   DEVELOCITY_INJECTION_INIT_SCRIPT_NAME: gradle-actions.inject-develocity.init.gradle
2026-05-01T04:18:16.5073815Z   DEVELOCITY_INJECTION_CUSTOM_VALUE: gradle-actions
2026-05-01T04:18:16.5074307Z   GITHUB_DEPENDENCY_GRAPH_ENABLED: false
2026-05-01T04:18:16.5074649Z   FIREBASE_EMULATORS_PID: 2543
2026-05-01T04:18:16.5074971Z ##[endgroup]
2026-05-01T04:18:16.5225815Z KERNEL=="kvm", GROUP="kvm", MODE="0666", OPTIONS+="static_node=kvm"
2026-05-01T04:18:16.5668181Z ##[group]Run reactivecircus/android-emulator-runner@v2
2026-05-01T04:18:16.5668741Z with:
2026-05-01T04:18:16.5669207Z   api-level: 34
2026-05-01T04:18:16.5669650Z   target: google_apis
2026-05-01T04:18:16.5670099Z   arch: x86_64
2026-05-01T04:18:16.5670524Z   profile: pixel_6
2026-05-01T04:18:16.5671034Z   emulator-boot-timeout: 1200
2026-05-01T04:18:16.5672951Z   script: adb devices
adb shell settings put global window_animation_scale 0
adb shell settings put global transition_animation_scale 0
adb shell settings put global animator_duration_scale 0
# AVD already reaches the host emulators via 10.0.2.2 (hard-
# coded in PrismTaskApplication.configureFirebaseEmulator),
# so no `adb reverse` is needed. Confirm by pinging the
# emulator UI from inside the AVD.
adb shell "ping -c 1 10.0.2.2 || true"
./gradlew connectedDebugAndroidTest --no-daemon --continue

2026-05-01T04:18:16.5674834Z   cores: 2
2026-05-01T04:18:16.5675245Z   avd-name: test
2026-05-01T04:18:16.5675858Z   force-avd-creation: true
2026-05-01T04:18:16.5676568Z   emulator-port: 5554
2026-05-01T04:18:16.5677241Z   emulator-options: -no-window -gpu swiftshader_indirect -no-snapshot -noaudio -no-boot-anim
2026-05-01T04:18:16.5677927Z   disable-animations: true
2026-05-01T04:18:16.5678454Z   disable-spellchecker: false
2026-05-01T04:18:16.5678934Z   disable-linux-hw-accel: auto
2026-05-01T04:18:16.5679443Z   enable-hw-keyboard: false
2026-05-01T04:18:16.5679920Z   channel: stable
2026-05-01T04:18:16.5680378Z env:
2026-05-01T04:18:16.5680782Z   USE_FIREBASE_EMULATOR: true
2026-05-01T04:18:16.5681408Z   JAVA_HOME: /opt/hostedtoolcache/Java_Temurin-Hotspot_jdk/21.0.10-7/x64
2026-05-01T04:18:16.5682138Z   JAVA_HOME_21_X64: /opt/hostedtoolcache/Java_Temurin-Hotspot_jdk/21.0.10-7/x64
2026-05-01T04:18:16.5682810Z   GRADLE_ACTION_ID: gradle/actions/setup-gradle
2026-05-01T04:18:16.5683318Z   GRADLE_USER_HOME: /home/runner/.gradle
2026-05-01T04:18:16.5683858Z   GRADLE_BUILD_ACTION_SETUP_COMPLETED: true
2026-05-01T04:18:16.5684407Z   GRADLE_BUILD_ACTION_CACHE_RESTORED: true
2026-05-01T04:18:16.5685101Z   DEVELOCITY_INJECTION_INIT_SCRIPT_NAME: gradle-actions.inject-develocity.init.gradle
2026-05-01T04:18:16.5685802Z   DEVELOCITY_INJECTION_CUSTOM_VALUE: gradle-actions
2026-05-01T04:18:16.5686851Z   GITHUB_DEPENDENCY_GRAPH_ENABLED: false
2026-05-01T04:18:16.5687577Z   FIREBASE_EMULATORS_PID: 2543
2026-05-01T04:18:16.5688087Z ##[endgroup]
2026-05-01T04:18:16.6304385Z ##[group]Configure emulator
2026-05-01T04:18:16.6306821Z API level: 34
2026-05-01T04:18:16.6307376Z System image API level: 34
2026-05-01T04:18:16.6307852Z target: google_apis
2026-05-01T04:18:16.6308384Z CPU architecture: x86_64
2026-05-01T04:18:16.6308887Z Hardware profile: pixel_6
2026-05-01T04:18:16.6309336Z Cores: 2
2026-05-01T04:18:16.6309707Z RAM size: 
2026-05-01T04:18:16.6311584Z Heap size: 
2026-05-01T04:18:16.6312126Z SD card path or size: 
2026-05-01T04:18:16.6312586Z Disk size: 
2026-05-01T04:18:16.6313138Z AVD name: test
2026-05-01T04:18:16.6313744Z force avd creation: true
2026-05-01T04:18:16.6314627Z Emulator boot timeout: 1200
2026-05-01T04:18:16.6315310Z emulator port: 5554
2026-05-01T04:18:16.6316434Z emulator options: -no-window -gpu swiftshader_indirect -no-snapshot -noaudio -no-boot-anim
2026-05-01T04:18:16.6317467Z disable animations: true
2026-05-01T04:18:16.6318077Z disable spellchecker: false
2026-05-01T04:18:16.6318781Z disable Linux hardware acceleration: false
2026-05-01T04:18:16.6319464Z enable hardware keyboard: false
2026-05-01T04:18:16.6320039Z Channel: 0 (stable)
2026-05-01T04:18:16.6320513Z Script:
2026-05-01T04:18:16.6320907Z adb devices
2026-05-01T04:18:16.6321533Z adb shell settings put global window_animation_scale 0
2026-05-01T04:18:16.6322535Z adb shell settings put global transition_animation_scale 0
2026-05-01T04:18:16.6323324Z adb shell settings put global animator_duration_scale 0
2026-05-01T04:18:16.6323794Z adb shell "ping -c 1 10.0.2.2 || true"
2026-05-01T04:18:16.6324274Z ./gradlew connectedDebugAndroidTest --no-daemon --continue
2026-05-01T04:18:16.6325043Z Pre emulator launch script:
2026-05-01T04:18:16.6325590Z ##[endgroup]
2026-05-01T04:18:16.6326016Z ##[group]Install Android SDK
2026-05-01T04:18:16.6583547Z [command]/usr/bin/sh -c \yes | sdkmanager --licenses > /dev/null
2026-05-01T04:18:23.4631451Z Installing latest build tools, platform tools, and platform.
2026-05-01T04:18:23.4647494Z [command]/usr/bin/sh -c \sdkmanager --install 'build-tools;36.0.0' platform-tools 'platforms;android-34'> /dev/null
2026-05-01T04:18:24.8885444Z Installing latest emulator.
2026-05-01T04:18:24.8899331Z [command]/usr/bin/sh -c \sdkmanager --install emulator --channel=0 > /dev/null
2026-05-01T04:18:32.7530123Z Installing system images.
2026-05-01T04:18:32.7543557Z [command]/usr/bin/sh -c \sdkmanager --install 'system-images;android-34;google_apis;x86_64' --channel=0 > /dev/null
2026-05-01T04:19:02.4542516Z ##[endgroup]
2026-05-01T04:19:02.4544110Z ##[group]Create AVD
2026-05-01T04:19:02.4544931Z Creating AVD.
2026-05-01T04:19:02.4561905Z [command]/usr/bin/sh -c \echo no | avdmanager create avd --force -n test --package 'system-images;android-34;google_apis;x86_64' --device 'pixel_6'
2026-05-01T04:19:03.1673797Z Loading local repository...                                                     
2026-05-01T04:19:03.1674769Z [=========                              ] 25% Loading local repository...       
2026-05-01T04:19:03.1675686Z [=========                              ] 25% Fetch remote repository...        
2026-05-01T04:19:03.1676752Z [=======================================] 100% Fetch remote repository...       
2026-05-01T04:19:03.3394716Z Auto-selecting single ABI x86_64
2026-05-01T04:19:03.7767431Z [command]/usr/bin/sh -c \printf 'hw.cpu.ncore=2\n' >> /home/runner/.android/avd/test.avd/config.ini
2026-05-01T04:19:03.7789915Z ##[endgroup]
2026-05-01T04:19:03.7792231Z ##[group]Launch Emulator
2026-05-01T04:19:03.7792670Z Starting emulator.
2026-05-01T04:19:03.7815847Z [command]/usr/bin/sh -c \/usr/local/lib/android/sdk/emulator/emulator -port 5554 -avd test -no-window -gpu swiftshader_indirect -no-snapshot -noaudio -no-boot-anim &
2026-05-01T04:19:03.7965952Z INFO         | Android emulator version 36.5.11.0 (build_id 15261927) (CL:N/A)
2026-05-01T04:19:03.7966835Z INFO         | Graphics backend: gfxstream
2026-05-01T04:19:03.7967505Z INFO         | Found systemPath /usr/local/lib/android/sdk/system-images/android-34/google_apis/x86_64/
2026-05-01T04:19:04.5535031Z INFO         | Increasing RAM size to 2048MB
2026-05-01T04:19:04.5535871Z ##############################################################################
2026-05-01T04:19:04.5536892Z ##                        WARNING - ACTION REQUIRED                         ##
2026-05-01T04:19:04.5537823Z ##  Consider using the '-metrics-collection' flag to help improve the       ##
2026-05-01T04:19:04.5538787Z ##  emulator by sending anonymized usage data. Or use the '-no-metrics'     ##
2026-05-01T04:19:04.5539777Z ##  flag to bypass this warning and turn off the metrics collection.        ##
2026-05-01T04:19:04.5540761Z ##  In a future release this warning will turn into a one-time blocking     ##
2026-05-01T04:19:04.5541782Z ##  prompt to ask for explicit user input regarding metrics collection.     ##
2026-05-01T04:19:04.5542715Z ##                                                                          ##
2026-05-01T04:19:04.5545316Z ##  Please see '-help-metrics-collection' for more details. You can use     ##
2026-05-01T04:19:04.5546018Z ##  '-metrics-to-file' or '-metrics-to-console' flags to see what type of   ##
2026-05-01T04:19:04.5546884Z ##  data is being collected by emulator as part of usage statistics.        ##
2026-05-01T04:19:04.5547459Z ##############################################################################
2026-05-01T04:19:04.5547931Z INFO         | Guest GLES Driver: Auto (ext controls)
2026-05-01T04:19:04.5548859Z INFO         | emuglConfig_init: vulkan_mode_selected:swiftshader gles_mode_selected:swiftshader
2026-05-01T04:19:04.5549762Z INFO         | Checking system compatibility:
2026-05-01T04:19:04.5550796Z INFO         |   Checking: hasSufficientDiskSpace
2026-05-01T04:19:04.5551605Z INFO         |      Ok: Disk space requirements to run avd: `test` are met
2026-05-01T04:19:04.5552335Z INFO         |   Checking: hasSufficientHwGpu
2026-05-01T04:19:04.5553113Z INFO         |      Ok: Hardware GPU compatibility checks are not required
2026-05-01T04:19:04.5553859Z INFO         |   Checking: hasSufficientSystem
2026-05-01T04:19:04.5554632Z INFO         |      Ok: System requirements to run avd: `test` are met
2026-05-01T04:19:04.5555462Z ERROR        | Unable to connect to adb daemon on port: 5037
2026-05-01T04:19:04.5556866Z INFO         | Storing crashdata in: /tmp/android-runner/emu-crash-36.5.11.db, detection is enabled for process: 2958
2026-05-01T04:19:04.5557850Z INFO         | Initializing gfxstream backend
2026-05-01T04:19:04.5558556Z INFO         | android_startOpenglesRenderer: gpu info
2026-05-01T04:19:04.5559102Z INFO         | 
2026-05-01T04:19:04.5559801Z INFO         | initIcdPaths: ICD set to 'swiftshader', using Swiftshader ICD
2026-05-01T04:19:04.5561094Z INFO         | Setting ICD filenames for the loader = /usr/local/lib/android/sdk/emulator/lib64/vulkan/vk_swiftshader_icd.json
2026-05-01T04:19:04.5562633Z INFO         | SharedLibrary::open for [/usr/local/lib/android/sdk/emulator/qemu/linux-x86_64/lib64/vulkan/libvulkan.so]
2026-05-01T04:19:04.5564146Z INFO         | SharedLibrary::open for [/usr/local/lib/android/sdk/emulator/qemu/linux-x86_64/lib64/vulkan/libvulkan.so.1]
2026-05-01T04:19:04.5565494Z INFO         | SharedLibrary::open for [/usr/local/lib/android/sdk/emulator/lib64/vulkan/libvulkan.so]
2026-05-01T04:19:04.5566667Z INFO         | Added library: /usr/local/lib/android/sdk/emulator/lib64/vulkan/libvulkan.so
2026-05-01T04:19:04.5851998Z INFO         | Selecting Vulkan device: SwiftShader Device (Subzero), Version: 1.3.0
2026-05-01T04:19:04.5995839Z INFO         | SharedLibrary::open for [libX11]
2026-05-01T04:19:04.5996909Z WARNING      | Could not open libX11.so, try libX11.so.6
2026-05-01T04:19:04.5997422Z INFO         | SharedLibrary::open for [libX11.so.6]
2026-05-01T04:19:04.5997871Z INFO         | SharedLibrary::open for [libX11-xcb]
2026-05-01T04:19:04.5998378Z WARNING      | Could not open libX11-xcb.so, try libX11-xcb.so.1
2026-05-01T04:19:04.5998879Z INFO         | SharedLibrary::open for [libX11-xcb.so.1]
2026-05-01T04:19:04.6095616Z INFO         | Initializing VkEmulation features:
2026-05-01T04:19:04.6096691Z INFO         |     glInteropSupported: false
2026-05-01T04:19:04.6097402Z INFO         |     useDeferredCommands: true
2026-05-01T04:19:04.6098025Z INFO         |     createResourceWithRequirements: true
2026-05-01T04:19:04.6098565Z INFO         |     useVulkanComposition: false
2026-05-01T04:19:04.6099231Z INFO         |     useVulkanNativeSwapchain: false
2026-05-01T04:19:04.6099914Z INFO         |     enable guestRenderDoc: false
2026-05-01T04:19:04.6100492Z INFO         |     ASTC LDR emulation mode: Gpu
2026-05-01T04:19:04.6101138Z INFO         |     enable ETC2 emulation: true
2026-05-01T04:19:04.6101776Z INFO         |     enable Ycbcr emulation: false
2026-05-01T04:19:04.6102431Z INFO         |     guestVulkanOnly: false
2026-05-01T04:19:04.6103107Z INFO         |     useDedicatedAllocations: false
2026-05-01T04:19:04.6103834Z INFO         |     guestVulkanMaxApiVersion: 1.3.0
2026-05-01T04:19:04.6104652Z INFO         | Graphics Adapter Vendor Google (Google Inc.)
2026-05-01T04:19:04.6105718Z INFO         | Graphics Adapter Android Emulator OpenGL ES Translator (Google SwiftShader)
2026-05-01T04:19:04.6107167Z INFO         | Graphics API Version OpenGL ES 3.0 (OpenGL ES 3.0 SwiftShader 4.0.0.1)
2026-05-01T04:19:04.6110635Z INFO         | Graphics API Extensions GL_OES_EGL_sync GL_OES_EGL_image GL_OES_EGL_image_external GL_OES_depth24 GL_OES_depth32 GL_OES_element_index_uint GL_OES_texture_float GL_OES_texture_float_linear GL_OES_compressed_paletted_texture GL_OES_compressed_ETC1_RGB8_texture GL_OES_depth_texture GL_OES_texture_half_float GL_OES_texture_half_float_linear GL_OES_packed_depth_stencil GL_OES_vertex_half_float GL_OES_standard_derivatives GL_OES_texture_npot GL_OES_rgb8_rgba8 GL_EXT_color_buffer_float GL_EXT_color_buffer_half_float GL_EXT_texture_format_BGRA8888 GL_APPLE_texture_format_BGRA8888 
2026-05-01T04:19:04.6112748Z INFO         | Graphics Device Extensions N/A
2026-05-01T04:19:04.6113218Z INFO         | Disabling sparse binding feature support
2026-05-01T04:19:04.6176906Z INFO         | Sending adb public key [QAAAAEtRa3mdT6uaLVd/NeCffMgMeawPfWD8K2bVp+SbnWTZ8OspNMTeQ/goN+lEkzoLzr3SPHm6zmXWS6dEv9PT+6S3a5JX2LfVlYoEeM6f/CvCfF8lluxWi0W4Ajm0abKuGX+hTgBjPZu4ADL4BxRH2XP2RSmEdlJcR6BVFgURF4w2XoyZV3BBN6tvkYiE9n4Et12IIq3W9+VJ3a9ES9HSp/x0y2Hy8JxrVCSfJFgigiSwQ1vH/5L7ItJV4srRIdxi3QJQfuRVdGAaF2k/JdTqC9aBhlH+MM7Jqdn751OPrseB0LsbTBg+8Ders5Sb37kE7kMfJHl4TQk8Qi9ndj/iHOX22323ndjYxGKPa2f9WrqsbabCt9V+2VxGWdL75/FCWzE3fYpv0yNlUN/tsyV12bB1uKIT7Zwoo1lUFqUeVM80jSlb7TV9aDG7mfWUhuUFox+wPlmd0SoHNrWSBPyQzZWqoju73T/ijVhFDMaQS4osVqCJukIheJthUYnYmwvogBe1BsgQoAzTOvTS6Z70Ltw9G+oXHcoUgOqvlXgZVhTCYqfky83fBuLbDgViSjQ5CHHqqrRR09wCEYhNuZi1bY1kDljIH0AEtrGGPN3MuUMgz1nosU+xf/OFBOiEvebI5UdfwsicTFb6uNtrTXRNoaLv/JiJxjZZH3Gsy9GxcR6+V+RptQEAAQA= runner@unknown]
2026-05-01T04:19:04.6182688Z INFO         | Userspace boot properties:
2026-05-01T04:19:04.6183639Z INFO         |   androidboot.boot_devices=pci0000:00/0000:00:03.0 pci0000:00/0000:00:06.0
2026-05-01T04:19:04.6184529Z INFO         |   androidboot.dalvik.vm.heapsize=512m
2026-05-01T04:19:04.6185173Z INFO         |   androidboot.debug.hwui.renderer=skiagl
2026-05-01T04:19:04.6185888Z INFO         |   androidboot.debug.sf.nobootanimation=1
2026-05-01T04:19:04.6186730Z INFO         |   androidboot.hardware=ranchu
2026-05-01T04:19:04.6187430Z INFO         |   androidboot.hardware.gltransport=pipe
2026-05-01T04:19:04.6188115Z INFO         |   androidboot.hardware.vulkan=ranchu
2026-05-01T04:19:04.6188728Z INFO         |   androidboot.logcat=*:V
2026-05-01T04:19:04.6189378Z INFO         |   androidboot.opengles.version=196608
2026-05-01T04:19:04.6190034Z INFO         |   androidboot.qemu=1
2026-05-01T04:19:04.6196943Z INFO         |   androidboot.qemu.adb.pubkey=QAAAAEtRa3mdT6uaLVd/NeCffMgMeawPfWD8K2bVp+SbnWTZ8OspNMTeQ/goN+lEkzoLzr3SPHm6zmXWS6dEv9PT+6S3a5JX2LfVlYoEeM6f/CvCfF8lluxWi0W4Ajm0abKuGX+hTgBjPZu4ADL4BxRH2XP2RSmEdlJcR6BVFgURF4w2XoyZV3BBN6tvkYiE9n4Et12IIq3W9+VJ3a9ES9HSp/x0y2Hy8JxrVCSfJFgigiSwQ1vH/5L7ItJV4srRIdxi3QJQfuRVdGAaF2k/JdTqC9aBhlH+MM7Jqdn751OPrseB0LsbTBg+8Ders5Sb37kE7kMfJHl4TQk8Qi9ndj/iHOX22323ndjYxGKPa2f9WrqsbabCt9V+2VxGWdL75/FCWzE3fYpv0yNlUN/tsyV12bB1uKIT7Zwoo1lUFqUeVM80jSlb7TV9aDG7mfWUhuUFox+wPlmd0SoHNrWSBPyQzZWqoju73T/ijVhFDMaQS4osVqCJukIheJthUYnYmwvogBe1BsgQoAzTOvTS6Z70Ltw9G+oXHcoUgOqvlXgZVhTCYqfky83fBuLbDgViSjQ5CHHqqrRR09wCEYhNuZi1bY1kDljIH0AEtrGGPN3MuUMgz1nosU+xf/OFBOiEvebI5UdfwsicTFb6uNtrTXRNoaLv/JiJxjZZH3Gsy9GxcR6+V+RptQEAAQA= runner@unknown
2026-05-01T04:19:04.6203253Z INFO         |   androidboot.qemu.avd_name=test
2026-05-01T04:19:04.6204010Z INFO         |   androidboot.qemu.camera_hq_edge_processing=0
2026-05-01T04:19:04.6204788Z INFO         |   androidboot.qemu.camera_protocol_ver=1
2026-05-01T04:19:04.6205554Z INFO         |   androidboot.qemu.cpuvulkan.version=4202496
2026-05-01T04:19:04.6206589Z INFO         |   androidboot.qemu.gltransport.drawFlushInterval=800
2026-05-01T04:19:04.6207406Z INFO         |   androidboot.qemu.gltransport.name=pipe
2026-05-01T04:19:04.6208137Z INFO         |   androidboot.qemu.hwcodec.avcdec=2
2026-05-01T04:19:04.6208850Z INFO         |   androidboot.qemu.hwcodec.hevcdec=2
2026-05-01T04:19:04.6209553Z INFO         |   androidboot.qemu.hwcodec.vpxdec=2
2026-05-01T04:19:04.6210412Z INFO         |   androidboot.qemu.settings.system.screen_off_timeout=2147483647
2026-05-01T04:19:04.6211198Z INFO         |   androidboot.qemu.skin=1080x2400
2026-05-01T04:19:04.6211811Z INFO         |   androidboot.qemu.virtiowifi=1
2026-05-01T04:19:04.6212421Z INFO         |   androidboot.qemu.vsync=60
2026-05-01T04:19:04.6213089Z INFO         |   androidboot.serialno=EMULATOR36X5X11X0
2026-05-01T04:19:04.6214422Z INFO         |   androidboot.vbmeta.digest=451e57ed688ff746d2c636d52169ade253e2bc5bb30a5c3ff23679ca15d3bcd3
2026-05-01T04:19:04.6215398Z INFO         |   androidboot.vbmeta.hash_alg=sha256
2026-05-01T04:19:04.6215989Z INFO         |   androidboot.vbmeta.size=6656
2026-05-01T04:19:04.6216791Z INFO         |   androidboot.veritymode=enforcing
2026-05-01T04:19:04.6382839Z WARNING: cannnot unmap ptr 0x7fc3db601000 as it is in the protected range from 0x7fc35b600000 to 0x7fc3db800000
2026-05-01T04:19:04.6579053Z INFO         | Monitoring duration of emulator setup.
2026-05-01T04:19:07.6689298Z INFO         | Activated packet streamer for bluetooth emulation
2026-05-01T04:19:07.6690585Z INFO         | Successfully initialized netsim WiFi
2026-05-01T04:19:07.6749001Z INFO         | Setting display: 0 configuration to: 1080x2400, dpi: 420x420 
2026-05-01T04:19:07.6750023Z INFO         | setDisplayActiveConfig: id:0, 1080x2400
2026-05-01T04:19:07.6751442Z INFO         | emulatorSetupEnvironment: Setting up screen background view and display layout at env:1080x2400, lcd:1080x2400
2026-05-01T04:19:07.6752784Z INFO         | emulatorSetupEnvironment: Environment scene is not required
2026-05-01T04:19:07.6823940Z USER_INFO    | Emulator is performing a full startup. This may take upto two minutes, or more.
2026-05-01T04:19:07.6831985Z WARNING      | Failed to process .ini file /home/runner/.android/emu-update-last-check.ini for reading.
2026-05-01T04:19:07.7652361Z WARNING      | Failed to process .ini file /home/runner/.android/emu-update-last-check.ini for reading.
2026-05-01T04:19:13.7868770Z [command]/usr/local/lib/android/sdk/platform-tools/adb -s emulator-5554 shell getprop sys.boot_completed
2026-05-01T04:19:13.7911645Z * daemon not running; starting now at tcp:5037
2026-05-01T04:19:13.7948033Z * daemon started successfully
2026-05-01T04:19:13.7957558Z adb: device offline
2026-05-01T04:19:13.7962708Z The process '/usr/local/lib/android/sdk/platform-tools/adb' failed with exit code 1
2026-05-01T04:19:15.8028162Z [command]/usr/local/lib/android/sdk/platform-tools/adb -s emulator-5554 shell getprop sys.boot_completed
2026-05-01T04:19:15.8042275Z adb: device offline
2026-05-01T04:19:15.8049914Z The process '/usr/local/lib/android/sdk/platform-tools/adb' failed with exit code 1
2026-05-01T04:19:17.8071664Z [command]/usr/local/lib/android/sdk/platform-tools/adb -s emulator-5554 shell getprop sys.boot_completed
2026-05-01T04:19:17.8122927Z adb: device offline
2026-05-01T04:19:17.8131861Z The process '/usr/local/lib/android/sdk/platform-tools/adb' failed with exit code 1
2026-05-01T04:19:19.8208005Z [command]/usr/local/lib/android/sdk/platform-tools/adb -s emulator-5554 shell getprop sys.boot_completed
2026-05-01T04:19:19.8866456Z 
2026-05-01T04:19:21.8998242Z [command]/usr/local/lib/android/sdk/platform-tools/adb -s emulator-5554 shell getprop sys.boot_completed
2026-05-01T04:19:21.9503140Z 
2026-05-01T04:19:23.9580460Z [command]/usr/local/lib/android/sdk/platform-tools/adb -s emulator-5554 shell getprop sys.boot_completed
2026-05-01T04:19:23.9872503Z 
2026-05-01T04:19:25.9934389Z [command]/usr/local/lib/android/sdk/platform-tools/adb -s emulator-5554 shell getprop sys.boot_completed
2026-05-01T04:19:26.0153464Z 
2026-05-01T04:19:28.0223675Z [command]/usr/local/lib/android/sdk/platform-tools/adb -s emulator-5554 shell getprop sys.boot_completed
2026-05-01T04:19:28.0614719Z 
2026-05-01T04:19:30.0643592Z [command]/usr/local/lib/android/sdk/platform-tools/adb -s emulator-5554 shell getprop sys.boot_completed
2026-05-01T04:19:30.0820349Z 
2026-05-01T04:19:32.0875684Z [command]/usr/local/lib/android/sdk/platform-tools/adb -s emulator-5554 shell getprop sys.boot_completed
2026-05-01T04:19:32.1178799Z 
2026-05-01T04:19:34.1220871Z [command]/usr/local/lib/android/sdk/platform-tools/adb -s emulator-5554 shell getprop sys.boot_completed
2026-05-01T04:19:34.1485132Z 
2026-05-01T04:19:36.1526327Z [command]/usr/local/lib/android/sdk/platform-tools/adb -s emulator-5554 shell getprop sys.boot_completed
2026-05-01T04:19:36.1681141Z 
2026-05-01T04:19:38.1725091Z [command]/usr/local/lib/android/sdk/platform-tools/adb -s emulator-5554 shell getprop sys.boot_completed
2026-05-01T04:19:38.1920391Z 
2026-05-01T04:19:40.1966981Z [command]/usr/local/lib/android/sdk/platform-tools/adb -s emulator-5554 shell getprop sys.boot_completed
2026-05-01T04:19:40.2289107Z 
2026-05-01T04:19:42.2335698Z [command]/usr/local/lib/android/sdk/platform-tools/adb -s emulator-5554 shell getprop sys.boot_completed
2026-05-01T04:19:42.2676765Z 
2026-05-01T04:19:44.2758463Z [command]/usr/local/lib/android/sdk/platform-tools/adb -s emulator-5554 shell getprop sys.boot_completed
2026-05-01T04:19:44.3017051Z 
2026-05-01T04:19:45.8642354Z INFO         | Boot completed in 42039 ms
2026-05-01T04:19:45.8649995Z INFO         | Increasing screen off timeout, logcat buffer size to 2M.
2026-05-01T04:19:46.3154309Z [command]/usr/local/lib/android/sdk/platform-tools/adb -s emulator-5554 shell getprop sys.boot_completed
2026-05-01T04:19:46.3714027Z 1
2026-05-01T04:19:46.3750291Z Emulator booted.
2026-05-01T04:19:46.3822153Z [command]/usr/local/lib/android/sdk/platform-tools/adb -s emulator-5554 shell input keyevent 82
2026-05-01T04:19:55.9378720Z Disabling animations.
2026-05-01T04:19:55.9418359Z [command]/usr/local/lib/android/sdk/platform-tools/adb -s emulator-5554 shell settings put global window_animation_scale 0.0
2026-05-01T04:19:56.3938292Z [command]/usr/local/lib/android/sdk/platform-tools/adb -s emulator-5554 shell settings put global transition_animation_scale 0.0
2026-05-01T04:19:56.5067550Z [command]/usr/local/lib/android/sdk/platform-tools/adb -s emulator-5554 shell settings put global animator_duration_scale 0.0
2026-05-01T04:19:57.5112290Z ##[endgroup]
2026-05-01T04:19:57.5139955Z [command]/usr/bin/sh -c adb devices
2026-05-01T04:19:57.5209945Z List of devices attached
2026-05-01T04:19:57.5210855Z emulator-5554	device
2026-05-01T04:19:57.5220821Z 
2026-05-01T04:19:57.5240262Z [command]/usr/bin/sh -c adb shell settings put global window_animation_scale 0
2026-05-01T04:19:57.6224580Z [command]/usr/bin/sh -c adb shell settings put global transition_animation_scale 0
2026-05-01T04:19:57.9428512Z [command]/usr/bin/sh -c adb shell settings put global animator_duration_scale 0
2026-05-01T04:19:58.0613083Z [command]/usr/bin/sh -c adb shell "ping -c 1 10.0.2.2 || true"
2026-05-01T04:19:58.1239143Z connect: Network is unreachable
2026-05-01T04:19:58.1280815Z [command]/usr/bin/sh -c ./gradlew connectedDebugAndroidTest --no-daemon --continue
2026-05-01T04:19:59.5538680Z To honour the JVM settings for this build a single-use Daemon process will be forked. For more on this, please refer to https://docs.gradle.org/9.3.1/userguide/gradle_daemon.html#sec:disabling_the_daemon in the Gradle documentation.
2026-05-01T04:20:04.0501804Z Daemon will be stopped at the end of the build 
2026-05-01T04:20:04.6481297Z Configuration on demand is an incubating feature.
2026-05-01T04:20:14.1476967Z 
2026-05-01T04:20:14.1507337Z > Configure project :app
2026-05-01T04:20:14.1557582Z WARNING: The option setting 'android.builtInKotlin=false' is deprecated.
2026-05-01T04:20:14.1607102Z The current default is 'true'.
2026-05-01T04:20:14.1630921Z It will be removed in version 10.0 of the Android Gradle plugin.
2026-05-01T04:20:14.1657174Z WARNING: The option setting 'android.newDsl=false' is deprecated.
2026-05-01T04:20:14.1680709Z The current default is 'true'.
2026-05-01T04:20:14.1707241Z It will be removed in version 10.0 of the Android Gradle plugin.
2026-05-01T04:20:14.1708554Z WARNING: The option setting 'android.dependency.excludeLibraryComponentsFromConstraints=true' is deprecated.
2026-05-01T04:20:14.1729139Z The current default is 'false'.
2026-05-01T04:20:14.1762567Z It will be removed in version 10.0 of the Android Gradle plugin.
2026-05-01T04:20:14.1783190Z Following can be set instead to achieve a similar behaviour.
2026-05-01T04:20:14.1803242Z     android.dependency.useConstraints=false
2026-05-01T04:20:27.3489210Z w: file:///home/runner/work/prismTask/prismTask/app/build.gradle.kts:13:1: 'fun Project.android(configure: Action<BaseAppModuleExtension>): Unit' is deprecated. Replaced by com.android.build.api.dsl.ApplicationExtension.
2026-05-01T04:20:27.3517991Z This class is not used for the public extensions in AGP when android.newDsl=true, which is the default in AGP 9.0, and will be removed in AGP 10.0.
2026-05-01T04:20:27.3548316Z w: file:///home/runner/work/prismTask/prismTask/app/build.gradle.kts:249:1: 'val Project.android: BaseAppModuleExtension' is deprecated. Replaced by com.android.build.api.dsl.ApplicationExtension.
2026-05-01T04:20:27.3584746Z This class is not used for the public extensions in AGP when android.newDsl=true, which is the default in AGP 9.0, and will be removed in AGP 10.0.
2026-05-01T04:20:29.6505468Z w: ⚠️ Deprecated 'org.jetbrains.kotlin.android' plugin usage
2026-05-01T04:20:29.6547230Z The 'org.jetbrains.kotlin.android' plugin in project ':app' is no longer required for Kotlin support since AGP 9.0.
2026-05-01T04:20:29.6548922Z Solution: Remove both `android.builtInKotlin=true` and `android.newDsl=false` from `gradle.properties`, then migrate to built-in Kotlin.
2026-05-01T04:20:29.6572215Z See https://kotl.in/gradle/agp-built-in-kotlin for more details.
2026-05-01T04:20:29.6601840Z 
2026-05-01T04:20:32.4481497Z 
2026-05-01T04:20:32.4530220Z > Task :app:checkKotlinGradlePluginConfigurationErrors SKIPPED
2026-05-01T04:20:32.4588551Z > Task :app:preBuild UP-TO-DATE
2026-05-01T04:20:32.4653427Z > Task :app:preDebugBuild UP-TO-DATE
2026-05-01T04:20:32.5497770Z > Task :app:generateDebugBuildConfig
2026-05-01T04:20:32.6506559Z > Task :app:generateDebugResValues FROM-CACHE
2026-05-01T04:20:32.6525543Z > Task :app:generateDebugResources
2026-05-01T04:20:32.7481052Z > Task :app:injectCrashlyticsMappingFileIdDebug
2026-05-01T04:20:32.7508121Z > Task :app:processDebugGoogleServices FROM-CACHE
2026-05-01T04:20:33.2490944Z > Task :app:packageDebugResources
2026-05-01T04:20:34.4480336Z > Task :app:processDebugNavigationResources
2026-05-01T04:20:35.0507708Z > Task :app:javaPreCompileDebug FROM-CACHE
2026-05-01T04:20:35.0532791Z > Task :app:generateDebugAssets UP-TO-DATE
2026-05-01T04:20:35.2521595Z > Task :app:parseDebugLocalResources
2026-05-01T04:20:35.2639987Z > Task :app:mergeDebugAssets
2026-05-01T04:20:35.2817121Z > Task :app:compressDebugAssets FROM-CACHE
2026-05-01T04:20:35.3489767Z > Task :app:desugarDebugFileDependencies FROM-CACHE
2026-05-01T04:20:35.5483387Z > Task :app:generateDebugRFile
2026-05-01T04:20:35.5540879Z > Task :app:checkDebugAarMetadata
2026-05-01T04:20:37.5479341Z > Task :app:mapDebugSourceSetPaths
2026-05-01T04:20:37.5547697Z > Task :app:compileDebugNavigationResources FROM-CACHE
2026-05-01T04:20:40.4481500Z > Task :app:createDebugCompatibleScreenManifests
2026-05-01T04:20:40.4530963Z > Task :app:extractDeepLinksDebug FROM-CACHE
2026-05-01T04:20:42.2537596Z > Task :app:processDebugMainManifest
2026-05-01T04:20:42.5487850Z > Task :app:processDebugManifest
2026-05-01T04:20:42.8495358Z > Task :app:mergeDebugResources
2026-05-01T04:20:43.0494249Z > Task :app:processDebugManifestForPackage
2026-05-01T04:20:43.5515619Z > Task :app:checkDebugDuplicateClasses
2026-05-01T04:20:46.6500433Z > Task :app:mergeExtDexDebug FROM-CACHE
2026-05-01T04:20:46.6527524Z > Task :app:processDebugResources
2026-05-01T04:20:46.6560751Z > Task :app:mergeLibDexDebug FROM-CACHE
2026-05-01T04:20:46.6566920Z > Task :app:mergeDebugJniLibFolders
2026-05-01T04:20:46.9497671Z > Task :app:validateSigningDebug
2026-05-01T04:20:46.9562106Z > Task :app:mergeDebugNativeLibs
2026-05-01T04:20:46.9591223Z > Task :app:writeDebugAppMetadata
2026-05-01T04:20:47.0494421Z > Task :app:writeDebugSigningConfigVersions
2026-05-01T04:20:47.0525427Z > Task :app:preDebugAndroidTestBuild SKIPPED
2026-05-01T04:20:47.9483249Z > Task :app:stripDebugDebugSymbols
2026-05-01T04:20:49.6497841Z > Task :app:processDebugAndroidTestManifest
2026-05-01T04:20:49.6517410Z > Task :app:generateDebugAndroidTestBuildConfig FROM-CACHE
2026-05-01T04:20:49.6545403Z > Task :app:generateDebugAndroidTestResValues FROM-CACHE
2026-05-01T04:20:49.6575196Z > Task :app:generateDebugAndroidTestResources FROM-CACHE
2026-05-01T04:20:49.6590371Z > Task :app:packageDebugAndroidTestResources FROM-CACHE
2026-05-01T04:20:49.7530308Z > Task :app:processDebugAndroidTestNavigationResources FROM-CACHE
2026-05-01T04:20:49.7557301Z > Task :app:parseDebugAndroidTestLocalResources FROM-CACHE
2026-05-01T04:20:49.7580940Z > Task :app:generateDebugAndroidTestRFile FROM-CACHE
2026-05-01T04:20:49.7593274Z > Task :app:javaPreCompileDebugAndroidTest FROM-CACHE
2026-05-01T04:20:49.7617177Z > Task :app:generateDebugAndroidTestAssets UP-TO-DATE
2026-05-01T04:20:49.8511052Z > Task :app:mergeDebugAndroidTestAssets
2026-05-01T04:20:49.8537402Z > Task :app:compressDebugAndroidTestAssets FROM-CACHE
2026-05-01T04:20:49.8567939Z > Task :app:desugarDebugAndroidTestFileDependencies FROM-CACHE
2026-05-01T04:20:49.9509310Z > Task :app:checkDebugAndroidTestAarMetadata
2026-05-01T04:20:49.9530925Z > Task :app:mapDebugAndroidTestSourceSetPaths
2026-05-01T04:20:49.9557615Z > Task :app:compileDebugAndroidTestNavigationResources FROM-CACHE
2026-05-01T04:20:50.1483097Z > Task :app:mergeDebugAndroidTestResources FROM-CACHE
2026-05-01T04:20:50.2528704Z > Task :app:processDebugAndroidTestResources FROM-CACHE
2026-05-01T04:20:50.4486915Z > Task :app:mergeDebugAndroidTestJniLibFolders
2026-05-01T04:20:50.4518042Z > Task :app:checkDebugAndroidTestDuplicateClasses
2026-05-01T04:20:50.5495756Z > Task :app:mergeDebugAndroidTestNativeLibs
2026-05-01T04:20:56.4476902Z > Task :app:mergeLibDexDebugAndroidTest FROM-CACHE
2026-05-01T04:20:56.4478280Z > Task :app:validateSigningDebugAndroidTest
2026-05-01T04:20:56.4479273Z > Task :app:writeDebugAndroidTestSigningConfigVersions
2026-05-01T04:20:56.5476005Z > Task :app:stripDebugAndroidTestDebugSymbols
2026-05-01T04:21:04.0487403Z > Task :app:mergeExtDexDebugAndroidTest
2026-05-01T04:21:05.5477064Z > Task :app:kspDebugKotlin
2026-05-01T04:22:16.3494824Z > Task :app:compileDebugKotlin
2026-05-01T04:22:53.9481452Z e: file:///home/runner/work/prismTask/prismTask/app/src/main/java/com/averycorp/prismtask/ui/screens/tasklist/components/TaskListItemScopes.kt:453:17 Unresolved reference 'drawRoundRect'.
2026-05-01T04:22:53.9546382Z e: file:///home/runner/work/prismTask/prismTask/app/src/main/java/com/averycorp/prismtask/ui/screens/tasklist/components/TaskListItemScopes.kt:456:54 Unresolved reference 'toPx'.
2026-05-01T04:22:53.9573827Z e: file:///home/runner/work/prismTask/prismTask/app/src/main/java/com/averycorp/prismtask/ui/screens/tasklist/components/TaskListItemScopes.kt:456:67 Unresolved reference 'toPx'.
2026-05-01T04:22:53.9610460Z e: file:///home/runner/work/prismTask/prismTask/app/src/main/java/com/averycorp/prismtask/ui/screens/tasklist/components/TaskListItemScopes.kt:460:13 Suspend function 'suspend fun PointerInputScope.detectTapGestures(onDoubleTap: ((Offset) -> Unit)? = ..., onLongPress: ((Offset) -> Unit)? = ..., onPress: suspend PressGestureScope.(Offset) -> Unit = ..., onTap: ((Offset) -> Unit)? = ...): Unit' can only be called from a coroutine or another suspend function.
2026-05-01T04:22:53.9632294Z e: file:///home/runner/work/prismTask/prismTask/app/src/main/java/com/averycorp/prismtask/ui/screens/tasklist/components/TaskListItemScopes.kt:460:13 Unresolved reference. None of the following candidates is applicable because of a receiver type mismatch:
2026-05-01T04:22:53.9672622Z suspend fun PointerInputScope.detectTapGestures(onDoubleTap: ((Offset) -> Unit)? = ..., onLongPress: ((Offset) -> Unit)? = ..., onPress: suspend PressGestureScope.(Offset) -> Unit = ..., onTap: ((Offset) -> Unit)? = ...): Unit
2026-05-01T04:22:53.9681634Z e: file:///home/runner/work/prismTask/prismTask/app/src/main/java/com/averycorp/prismtask/ui/screens/tasklist/components/TaskListItemScopes.kt:462:21 Unresolved reference 'startTransfer'.
2026-05-01T04:22:53.9707430Z 
2026-05-01T04:22:53.9727692Z > Task :app:compileDebugKotlin FAILED
2026-05-01T04:22:54.0487763Z gradle/actions: Writing build results to /home/runner/work/_temp/.gradle-actions/build-results/__reactivecircus_android-emulator-runner-1777609207838.json
2026-05-01T04:22:54.0488937Z 
2026-05-01T04:22:54.0498167Z [Incubating] Problems report is available at: file:///home/runner/work/prismTask/prismTask/build/reports/problems/problems-report.html
2026-05-01T04:22:54.0499311Z 
2026-05-01T04:22:54.0499780Z FAILURE: Build failed with an exception.
2026-05-01T04:22:54.0500330Z 
2026-05-01T04:22:54.0500804Z * What went wrong:
2026-05-01T04:22:54.0501698Z Execution failed for task ':app:compileDebugKotlin'.
2026-05-01T04:22:54.0503115Z > A failure occurred while executing org.jetbrains.kotlin.compilerRunner.btapi.BuildToolsApiCompilationWork
2026-05-01T04:22:54.0504363Z    > Compilation error. See log for more details
2026-05-01T04:22:54.0504916Z 
2026-05-01T04:22:54.0514510Z * Try:
2026-05-01T04:22:54.0515416Z > Run with --stacktrace option to get the stack trace.
2026-05-01T04:22:54.0516601Z > Run with --info or --debug option to get more log output.
2026-05-01T04:22:54.0517736Z > Run with --scan to get full insights from a Build Scan (powered by Develocity).
2026-05-01T04:22:54.0518715Z > Get more help at https://help.gradle.org.
2026-05-01T04:22:54.0519229Z 
2026-05-01T04:22:54.0519578Z BUILD FAILED in 2m 55s
2026-05-01T04:22:54.0519977Z 
2026-05-01T04:22:54.0520757Z Deprecated Gradle features were used in this build, making it incompatible with Gradle 10.
2026-05-01T04:22:54.0521557Z 
2026-05-01T04:22:54.0522641Z You can use '--warning-mode all' to show the individual deprecation warnings and determine if they come from your own scripts or plugins.
2026-05-01T04:22:54.0523646Z 
2026-05-01T04:22:54.0524856Z For more on this, please refer to https://docs.gradle.org/9.3.1/userguide/command_line_interface.html#sec:command_line_warnings in the Gradle documentation.
2026-05-01T04:22:54.0526400Z 59 actionable tasks: 36 executed, 23 from cache
2026-05-01T04:22:54.5132027Z ##[error]The process '/usr/bin/sh' failed with exit code 1
2026-05-01T04:22:54.5143199Z ##[group]Terminate Emulator
2026-05-01T04:22:54.5143879Z [command]/usr/local/lib/android/sdk/platform-tools/adb -s emulator-5554 emu kill
2026-05-01T04:22:54.5183017Z OK: killing emulator, bye bye
2026-05-01T04:22:54.5183668Z OK
2026-05-01T04:22:54.5185630Z INFO         | Wait for emulator (pid 2958) 20 seconds to shutdown gracefully before kill;you can set environment variable ANDROID_EMULATOR_WAIT_TIME_BEFORE_KILL(in seconds) to change the default value (20 seconds)
2026-05-01T04:22:54.5187466Z 
2026-05-01T04:22:54.5188125Z ##[endgroup]
2026-05-01T04:22:54.5292003Z USER_INFO    | Snapshots have been disabled by the user, save request is ignored.
2026-05-01T04:22:54.5297746Z INFO         | Saving snapshot 'default_boot' using 0 ms
2026-05-01T04:22:54.7731560Z ERROR        | stop: Not implemented
2026-05-01T04:22:54.7732489Z WARNING      | Emulator client has not yet been configured.. Call configure me first!
2026-05-01T04:22:54.8298729Z WARNING      | Netsim Wifi localhost:35031 is gone due to CANCELLED
2026-05-01T04:22:55.2654500Z ##[group]Run if [ -n "${FIREBASE_EMULATORS_PID:-}" ]; then
2026-05-01T04:22:55.2654975Z [36;1mif [ -n "${FIREBASE_EMULATORS_PID:-}" ]; then[0m
2026-05-01T04:22:55.2655364Z [36;1m  kill "$FIREBASE_EMULATORS_PID" || true[0m
2026-05-01T04:22:55.2655774Z [36;1m  wait "$FIREBASE_EMULATORS_PID" 2>/dev/null || true[0m
2026-05-01T04:22:55.2656410Z [36;1mfi[0m
2026-05-01T04:22:55.2775566Z shell: /usr/bin/bash -e {0}
2026-05-01T04:22:55.2775883Z env:
2026-05-01T04:22:55.2776311Z   USE_FIREBASE_EMULATOR: true
2026-05-01T04:22:55.2776746Z   JAVA_HOME: /opt/hostedtoolcache/Java_Temurin-Hotspot_jdk/21.0.10-7/x64
2026-05-01T04:22:55.2777292Z   JAVA_HOME_21_X64: /opt/hostedtoolcache/Java_Temurin-Hotspot_jdk/21.0.10-7/x64
2026-05-01T04:22:55.2777755Z   GRADLE_ACTION_ID: gradle/actions/setup-gradle
2026-05-01T04:22:55.2778115Z   GRADLE_USER_HOME: /home/runner/.gradle
2026-05-01T04:22:55.2778455Z   GRADLE_BUILD_ACTION_SETUP_COMPLETED: true
2026-05-01T04:22:55.2778843Z   GRADLE_BUILD_ACTION_CACHE_RESTORED: true
2026-05-01T04:22:55.2779332Z   DEVELOCITY_INJECTION_INIT_SCRIPT_NAME: gradle-actions.inject-develocity.init.gradle
2026-05-01T04:22:55.2779845Z   DEVELOCITY_INJECTION_CUSTOM_VALUE: gradle-actions
2026-05-01T04:22:55.2780207Z   GITHUB_DEPENDENCY_GRAPH_ENABLED: false
2026-05-01T04:22:55.2780534Z   FIREBASE_EMULATORS_PID: 2543
2026-05-01T04:22:55.2780862Z   ANDROID_AVD_HOME: /home/runner/.android/avd
2026-05-01T04:22:55.2781198Z ##[endgroup]
2026-05-01T04:22:55.2874938Z ##[group]Run actions/upload-artifact@v4
2026-05-01T04:22:55.2875404Z with:
2026-05-01T04:22:55.2875664Z   name: firebase-emulator-log
2026-05-01T04:22:55.2876030Z   path: /home/runner/work/_temp/firebase-emulators.log
2026-05-01T04:22:55.2876727Z   retention-days: 7
2026-05-01T04:22:55.2877040Z   if-no-files-found: ignore
2026-05-01T04:22:55.2877333Z   compression-level: 6
2026-05-01T04:22:55.2877604Z   overwrite: false
2026-05-01T04:22:55.2877875Z   include-hidden-files: false
2026-05-01T04:22:55.2878170Z env:
2026-05-01T04:22:55.2878419Z   USE_FIREBASE_EMULATOR: true
2026-05-01T04:22:55.2878834Z   JAVA_HOME: /opt/hostedtoolcache/Java_Temurin-Hotspot_jdk/21.0.10-7/x64
2026-05-01T04:22:55.2879373Z   JAVA_HOME_21_X64: /opt/hostedtoolcache/Java_Temurin-Hotspot_jdk/21.0.10-7/x64
2026-05-01T04:22:55.2879852Z   GRADLE_ACTION_ID: gradle/actions/setup-gradle
2026-05-01T04:22:55.2880213Z   GRADLE_USER_HOME: /home/runner/.gradle
2026-05-01T04:22:55.2880618Z   GRADLE_BUILD_ACTION_SETUP_COMPLETED: true
2026-05-01T04:22:55.2880975Z   GRADLE_BUILD_ACTION_CACHE_RESTORED: true
2026-05-01T04:22:55.2881467Z   DEVELOCITY_INJECTION_INIT_SCRIPT_NAME: gradle-actions.inject-develocity.init.gradle
2026-05-01T04:22:55.2881997Z   DEVELOCITY_INJECTION_CUSTOM_VALUE: gradle-actions
2026-05-01T04:22:55.2882372Z   GITHUB_DEPENDENCY_GRAPH_ENABLED: false
2026-05-01T04:22:55.2882712Z   FIREBASE_EMULATORS_PID: 2543
2026-05-01T04:22:55.2883047Z   ANDROID_AVD_HOME: /home/runner/.android/avd
2026-05-01T04:22:55.2883375Z ##[endgroup]
2026-05-01T04:22:55.5151075Z With the provided path, there will be 1 file uploaded
2026-05-01T04:22:55.5155410Z Artifact name is valid!
2026-05-01T04:22:55.5156621Z Root directory input is valid!
2026-05-01T04:22:55.6710639Z Beginning upload of artifact content to blob storage
2026-05-01T04:22:55.7196945Z Uploaded bytes 1051
2026-05-01T04:22:55.7331184Z Finished uploading artifact content to blob storage!
2026-05-01T04:22:55.7334686Z SHA256 digest of uploaded artifact zip is 32e9937c7cf445ab40c17f89e84cd3d5e4d81dc72b825fd89df78e4f7836d598
2026-05-01T04:22:55.7336627Z Finalizing artifact upload
2026-05-01T04:22:55.8588709Z Artifact firebase-emulator-log.zip successfully finalized. Artifact ID 6745037167
2026-05-01T04:22:55.8590110Z Artifact firebase-emulator-log has been successfully uploaded! Final size is 1051 bytes. Artifact ID is 6745037167
2026-05-01T04:22:55.8597412Z Artifact download URL: https://github.com/averycorp/prismTask/actions/runs/25201968891/artifacts/6745037167
2026-05-01T04:22:55.8735240Z ##[group]Run actions/upload-artifact@v4
2026-05-01T04:22:55.8735597Z with:
2026-05-01T04:22:55.8735853Z   name: connected-test-results
2026-05-01T04:22:55.8736609Z   path: app/build/reports/androidTests/
app/build/outputs/androidTest-results/

2026-05-01T04:22:55.8737069Z   retention-days: 7
2026-05-01T04:22:55.8737343Z   if-no-files-found: ignore
2026-05-01T04:22:55.8737634Z   compression-level: 6
2026-05-01T04:22:55.8737904Z   overwrite: false
2026-05-01T04:22:55.8738190Z   include-hidden-files: false
2026-05-01T04:22:55.8738483Z env:
2026-05-01T04:22:55.8738727Z   USE_FIREBASE_EMULATOR: true
2026-05-01T04:22:55.8739136Z   JAVA_HOME: /opt/hostedtoolcache/Java_Temurin-Hotspot_jdk/21.0.10-7/x64
2026-05-01T04:22:55.8739666Z   JAVA_HOME_21_X64: /opt/hostedtoolcache/Java_Temurin-Hotspot_jdk/21.0.10-7/x64
2026-05-01T04:22:55.8740130Z   GRADLE_ACTION_ID: gradle/actions/setup-gradle
2026-05-01T04:22:55.8740476Z   GRADLE_USER_HOME: /home/runner/.gradle
2026-05-01T04:22:55.8740851Z   GRADLE_BUILD_ACTION_SETUP_COMPLETED: true
2026-05-01T04:22:55.8741204Z   GRADLE_BUILD_ACTION_CACHE_RESTORED: true
2026-05-01T04:22:55.8741693Z   DEVELOCITY_INJECTION_INIT_SCRIPT_NAME: gradle-actions.inject-develocity.init.gradle
2026-05-01T04:22:55.8742213Z   DEVELOCITY_INJECTION_CUSTOM_VALUE: gradle-actions
2026-05-01T04:22:55.8742575Z   GITHUB_DEPENDENCY_GRAPH_ENABLED: false
2026-05-01T04:22:55.8742900Z   FIREBASE_EMULATORS_PID: 2543
2026-05-01T04:22:55.8743224Z   ANDROID_AVD_HOME: /home/runner/.android/avd
2026-05-01T04:22:55.8743558Z ##[endgroup]
2026-05-01T04:22:56.1199228Z Multiple search paths detected. Calculating the least common ancestor of all paths
2026-05-01T04:22:56.1201556Z The least common ancestor is /home/runner/work/prismTask/prismTask/app/build. This will be the root directory of the artifact
2026-05-01T04:22:56.1202792Z With the provided path, there will be 26 files uploaded
2026-05-01T04:22:56.1206732Z Artifact name is valid!
2026-05-01T04:22:56.1207932Z Root directory input is valid!
2026-05-01T04:22:56.2339149Z Beginning upload of artifact content to blob storage
2026-05-01T04:22:56.3266737Z Uploaded bytes 65238
2026-05-01T04:22:56.3408440Z Finished uploading artifact content to blob storage!
2026-05-01T04:22:56.3411585Z SHA256 digest of uploaded artifact zip is 246be6e245c4769ecf6dc1c6283779b22e5ad170911d27ea2ecc51ec3306bf98
2026-05-01T04:22:56.3413107Z Finalizing artifact upload
2026-05-01T04:22:56.4478834Z Artifact connected-test-results.zip successfully finalized. Artifact ID 6745037257
2026-05-01T04:22:56.4480330Z Artifact connected-test-results has been successfully uploaded! Final size is 65238 bytes. Artifact ID is 6745037257
2026-05-01T04:22:56.4487416Z Artifact download URL: https://github.com/averycorp/prismTask/actions/runs/25201968891/artifacts/6745037257
2026-05-01T04:22:56.4657860Z Post job cleanup.
2026-05-01T04:22:56.4782426Z Post job cleanup.
2026-05-01T04:22:56.7941736Z In post-action step
2026-05-01T04:22:56.7952681Z ##[group]Stopping Gradle daemons
2026-05-01T04:22:56.7954237Z Stopping Gradle daemons for /home/runner/.gradle/wrapper/dists/gradle-9.3.1-bin/23ovyewtku6u96viwx3xl3oks/gradle-9.3.1
2026-05-01T04:22:56.7973787Z [command]/home/runner/.gradle/wrapper/dists/gradle-9.3.1-bin/23ovyewtku6u96viwx3xl3oks/gradle-9.3.1/bin/gradle --stop
2026-05-01T04:22:57.3794278Z No Gradle daemons are running.
2026-05-01T04:22:57.3890936Z ##[endgroup]
2026-05-01T04:22:57.3892249Z Not performing cache-cleanup due to build failure
2026-05-01T04:22:57.3893619Z ##[group]Caching Gradle state
2026-05-01T04:22:57.9842788Z [command]/usr/bin/tar --posix -cf cache.tzst --exclude cache.tzst -P -C /home/runner/work/prismTask/prismTask --files-from manifest.txt --use-compress-program zstdmt
2026-05-01T04:22:58.5178030Z [command]/usr/bin/tar --posix -cf cache.tzst --exclude cache.tzst -P -C /home/runner/work/prismTask/prismTask --files-from manifest.txt --use-compress-program zstdmt
2026-05-01T04:22:58.6501821Z Sent 317366 of 317366 (100.0%), 3.0 MBs/sec
2026-05-01T04:22:58.7359766Z Saved cache entry with key gradle-kotlin-dsl-v1-b9f5524fe2770a62723c5988dd383faf from /home/runner/.gradle/caches/*/kotlin-dsl/accessors/*/,/home/runner/.gradle/caches/*/kotlin-dsl/scripts/*/ in 849ms
2026-05-01T04:23:00.7850711Z Sent 16301726 of 486063774 (3.4%), 15.5 MBs/sec
2026-05-01T04:23:01.3360910Z Sent 486063774 of 486063774 (100.0%), 298.9 MBs/sec
2026-05-01T04:23:01.4802099Z Saved cache entry with key gradle-dependencies-v1-8d153367ae3ef493663d49ddf6d728b4 from /home/runner/.gradle/caches/modules-*/files-*/*/*/*/* in 3650ms
2026-05-01T04:23:03.4263419Z [command]/usr/bin/tar --posix -cf cache.tzst --exclude cache.tzst -P -C /home/runner/work/prismTask/prismTask --files-from manifest.txt --use-compress-program zstdmt
2026-05-01T04:23:10.9345992Z Sent 266011800 of 467338392 (56.9%), 253.4 MBs/sec
2026-05-01T04:23:11.3953296Z Sent 467338392 of 467338392 (100.0%), 304.8 MBs/sec
2026-05-01T04:23:11.5130689Z Saved cache entry with key gradle-transforms-v1-5e4141bee127e6737e9d907a04ce839d from /home/runner/.gradle/caches/transforms-4/*/,/home/runner/.gradle/caches/*/transforms/*/ in 10328ms
2026-05-01T04:23:13.7778298Z [command]/usr/bin/tar --posix -cf cache.tzst --exclude cache.tzst -P -C /home/runner/work/prismTask/prismTask --files-from manifest.txt --use-compress-program zstdmt
2026-05-01T04:23:16.0503367Z Sent 152329881 of 487874201 (31.2%), 145.3 MBs/sec
2026-05-01T04:23:16.4516963Z Sent 487874201 of 487874201 (100.0%), 332.1 MBs/sec
2026-05-01T04:23:16.5929593Z Saved cache entry with key gradle-home-v1|Linux-X64|connected-tests[1e7216165ffdcf45b9a4b7e3077585ac]-af4868000a91dd2507e89a57af7d93a30a2ac489 from /home/runner/.gradle/caches,/home/runner/.gradle/notifications,/home/runner/.gradle/.setup-gradle in 2824ms
2026-05-01T04:23:16.5931888Z ##[endgroup]
2026-05-01T04:23:16.5936819Z Generating Job Summary
2026-05-01T04:23:16.5952953Z Completed post-action step
2026-05-01T04:23:16.6171491Z Post job cleanup.
2026-05-01T04:23:16.7990199Z Post job cleanup.
2026-05-01T04:23:16.8888921Z [command]/usr/bin/git version
2026-05-01T04:23:16.8927311Z git version 2.53.0
2026-05-01T04:23:16.8964070Z Temporarily overriding HOME='/home/runner/work/_temp/a50fb722-8c17-419c-a2ad-263e1046f8d3' before making global git config changes
2026-05-01T04:23:16.8965059Z Adding repository directory to the temporary git global config as a safe directory
2026-05-01T04:23:16.8968966Z [command]/usr/bin/git config --global --add safe.directory /home/runner/work/prismTask/prismTask
2026-05-01T04:23:16.8999626Z Removing SSH command configuration
2026-05-01T04:23:16.9006293Z [command]/usr/bin/git config --local --name-only --get-regexp core\.sshCommand
2026-05-01T04:23:16.9040863Z [command]/usr/bin/git submodule foreach --recursive sh -c "git config --local --name-only --get-regexp 'core\.sshCommand' && git config --local --unset-all 'core.sshCommand' || :"
2026-05-01T04:23:16.9329002Z Removing HTTP extra header
2026-05-01T04:23:16.9334000Z [command]/usr/bin/git config --local --name-only --get-regexp http\.https\:\/\/github\.com\/\.extraheader
2026-05-01T04:23:16.9367854Z [command]/usr/bin/git submodule foreach --recursive sh -c "git config --local --name-only --get-regexp 'http\.https\:\/\/github\.com\/\.extraheader' && git config --local --unset-all 'http.https://github.com/.extraheader' || :"
2026-05-01T04:23:16.9597597Z Removing includeIf entries pointing to credentials config files
2026-05-01T04:23:16.9603971Z [command]/usr/bin/git config --local --name-only --get-regexp ^includeIf\.gitdir:
2026-05-01T04:23:16.9629093Z includeif.gitdir:/home/runner/work/prismTask/prismTask/.git.path
2026-05-01T04:23:16.9630548Z includeif.gitdir:/home/runner/work/prismTask/prismTask/.git/worktrees/*.path
2026-05-01T04:23:16.9631153Z includeif.gitdir:/github/workspace/.git.path
2026-05-01T04:23:16.9631683Z includeif.gitdir:/github/workspace/.git/worktrees/*.path
2026-05-01T04:23:16.9638695Z [command]/usr/bin/git config --local --get-all includeif.gitdir:/home/runner/work/prismTask/prismTask/.git.path
2026-05-01T04:23:16.9662409Z /home/runner/work/_temp/git-credentials-915a45f3-b2f2-4625-99f6-a1d7ce29f361.config
2026-05-01T04:23:16.9672849Z [command]/usr/bin/git config --local --unset includeif.gitdir:/home/runner/work/prismTask/prismTask/.git.path /home/runner/work/_temp/git-credentials-915a45f3-b2f2-4625-99f6-a1d7ce29f361.config
2026-05-01T04:23:16.9709521Z [command]/usr/bin/git config --local --get-all includeif.gitdir:/home/runner/work/prismTask/prismTask/.git/worktrees/*.path
2026-05-01T04:23:16.9732397Z /home/runner/work/_temp/git-credentials-915a45f3-b2f2-4625-99f6-a1d7ce29f361.config
2026-05-01T04:23:16.9741254Z [command]/usr/bin/git config --local --unset includeif.gitdir:/home/runner/work/prismTask/prismTask/.git/worktrees/*.path /home/runner/work/_temp/git-credentials-915a45f3-b2f2-4625-99f6-a1d7ce29f361.config
2026-05-01T04:23:16.9773671Z [command]/usr/bin/git config --local --get-all includeif.gitdir:/github/workspace/.git.path
2026-05-01T04:23:16.9795040Z /github/runner_temp/git-credentials-915a45f3-b2f2-4625-99f6-a1d7ce29f361.config
2026-05-01T04:23:16.9802924Z [command]/usr/bin/git config --local --unset includeif.gitdir:/github/workspace/.git.path /github/runner_temp/git-credentials-915a45f3-b2f2-4625-99f6-a1d7ce29f361.config
2026-05-01T04:23:16.9834026Z [command]/usr/bin/git config --local --get-all includeif.gitdir:/github/workspace/.git/worktrees/*.path
2026-05-01T04:23:16.9855017Z /github/runner_temp/git-credentials-915a45f3-b2f2-4625-99f6-a1d7ce29f361.config
2026-05-01T04:23:16.9863871Z [command]/usr/bin/git config --local --unset includeif.gitdir:/github/workspace/.git/worktrees/*.path /github/runner_temp/git-credentials-915a45f3-b2f2-4625-99f6-a1d7ce29f361.config
2026-05-01T04:23:16.9895987Z [command]/usr/bin/git submodule foreach --recursive git config --local --show-origin --name-only --get-regexp remote.origin.url
2026-05-01T04:23:17.0124085Z Removing credentials config '/home/runner/work/_temp/git-credentials-915a45f3-b2f2-4625-99f6-a1d7ce29f361.config'
2026-05-01T04:23:17.0283802Z Cleaning up orphan processes
2026-05-01T04:23:17.0664839Z Terminate orphan process: pid (3082) (adb)
2026-05-01T04:23:17.0709389Z ##[warning]Node.js 20 actions are deprecated. The following actions are running on Node.js 20 and may not work as expected: actions/cache@v4, actions/setup-java@v4, actions/upload-artifact@v4, gradle/actions/setup-gradle@v4. Actions will be forced to run with Node.js 24 by default starting June 2nd, 2026. Node.js 20 will be removed from the runner on September 16th, 2026. Please check if updated versions of these actions are available that support Node.js 24. To opt into Node.js 24 now, set the FORCE_JAVASCRIPT_ACTIONS_TO_NODE24=true environment variable on the runner or in your workflow file. Once Node.js 24 becomes the default, you can temporarily opt out by setting ACTIONS_ALLOW_USE_UNSECURE_NODE_VERSION=true. For more information see: https://github.blog/changelog/2025-09-19-deprecation-of-node-20-on-github-actions-runners/
