=== CI FAILURE ===
Workflow:      Android CI
Workflow file: akarlin3/prismTask/.github/workflows/android-ci.yml@refs/heads/main
Job(s):        lint-and-test
Run ID:        24597427815
Run attempt:   1
Run URL:       https://github.com/akarlin3/prismTask/actions/runs/24597427815
Commit:        023ff5604e7b3bd75ff524e713c8957d4fe14b00
Branch:        main
Event:         push
Actor:         akarlin3
Runner OS:     Linux
Timestamp:     2026-04-18T05:06:31.544Z

Failed steps:
  - lint-and-test: #4 ktlint check | #5 detekt | #8 Verify unit-test results (XML)

=== FAILED JOB LOG ===

--- Job: lint-and-test (id 71930076298) ---
2026-04-18T05:01:04.9985977Z Current runner version: '2.333.1'
2026-04-18T05:01:05.0005045Z ##[group]Runner Image Provisioner
2026-04-18T05:01:05.0005702Z Hosted Compute Agent
2026-04-18T05:01:05.0006089Z Version: 20260213.493
2026-04-18T05:01:05.0006646Z Commit: 5c115507f6dd24b8de37d8bbe0bb4509d0cc0fa3
2026-04-18T05:01:05.0007165Z Build Date: 2026-02-13T00:28:41Z
2026-04-18T05:01:05.0007667Z Worker ID: {174f1637-3492-4562-91be-f117601af736}
2026-04-18T05:01:05.0008245Z Azure Region: westcentralus
2026-04-18T05:01:05.0008741Z ##[endgroup]
2026-04-18T05:01:05.0009694Z ##[group]Operating System
2026-04-18T05:01:05.0010213Z Ubuntu
2026-04-18T05:01:05.0010840Z 24.04.4
2026-04-18T05:01:05.0011213Z LTS
2026-04-18T05:01:05.0011634Z ##[endgroup]
2026-04-18T05:01:05.0012046Z ##[group]Runner Image
2026-04-18T05:01:05.0012492Z Image: ubuntu-24.04
2026-04-18T05:01:05.0012888Z Version: 20260413.86.1
2026-04-18T05:01:05.0013843Z Included Software: https://github.com/actions/runner-images/blob/ubuntu24/20260413.86/images/ubuntu/Ubuntu2404-Readme.md
2026-04-18T05:01:05.0015039Z Image Release: https://github.com/actions/runner-images/releases/tag/ubuntu24%2F20260413.86
2026-04-18T05:01:05.0015741Z ##[endgroup]
2026-04-18T05:01:05.0016715Z ##[group]GITHUB_TOKEN Permissions
2026-04-18T05:01:05.0018406Z Actions: read
2026-04-18T05:01:05.0018854Z Checks: read
2026-04-18T05:01:05.0019487Z Contents: write
2026-04-18T05:01:05.0019985Z Metadata: read
2026-04-18T05:01:05.0020654Z PullRequests: read
2026-04-18T05:01:05.0021021Z ##[endgroup]
2026-04-18T05:01:05.0022946Z Secret source: Actions
2026-04-18T05:01:05.0023450Z Prepare workflow directory
2026-04-18T05:01:05.0418185Z Prepare all required actions
2026-04-18T05:01:05.0448713Z Getting action download info
2026-04-18T05:01:05.4076908Z Download action repository 'actions/checkout@v4' (SHA:34e114876b0b11c390a56381ad16ebd13914f8d5)
2026-04-18T05:01:05.6983255Z Download action repository 'actions/github-script@v7' (SHA:f28e40c7f34bde8b3046d885e986cb6290c5673b)
2026-04-18T05:01:06.4334768Z Download action repository 'actions/upload-artifact@v4' (SHA:ea165f8d65b6e75b540449e92b4886f43607fa02)
2026-04-18T05:01:06.6545011Z Complete job name: lint-and-test
2026-04-18T05:01:06.7226286Z ##[group]Run actions/checkout@v4
2026-04-18T05:01:06.7227288Z with:
2026-04-18T05:01:06.7227867Z   ref: refs/heads/main
2026-04-18T05:01:06.7228570Z   repository: akarlin3/prismTask
2026-04-18T05:01:06.7229527Z   token: ***
2026-04-18T05:01:06.7230121Z   ssh-strict: true
2026-04-18T05:01:06.7230909Z   ssh-user: git
2026-04-18T05:01:06.7231546Z   persist-credentials: true
2026-04-18T05:01:06.7232254Z   clean: true
2026-04-18T05:01:06.7232885Z   sparse-checkout-cone-mode: true
2026-04-18T05:01:06.7233656Z   fetch-depth: 1
2026-04-18T05:01:06.7234283Z   fetch-tags: false
2026-04-18T05:01:06.7234917Z   show-progress: true
2026-04-18T05:01:06.7235555Z   lfs: false
2026-04-18T05:01:06.7236139Z   submodules: false
2026-04-18T05:01:06.7236774Z   set-safe-directory: true
2026-04-18T05:01:06.7237619Z ##[endgroup]
2026-04-18T05:01:06.8125105Z Syncing repository: akarlin3/prismTask
2026-04-18T05:01:06.8127129Z ##[group]Getting Git version info
2026-04-18T05:01:06.8128185Z Working directory is '/home/runner/work/prismTask/prismTask'
2026-04-18T05:01:06.8129653Z [command]/usr/bin/git version
2026-04-18T05:01:06.8146357Z git version 2.53.0
2026-04-18T05:01:06.8166151Z ##[endgroup]
2026-04-18T05:01:06.8184317Z Temporarily overriding HOME='/home/runner/work/_temp/8a9888d1-4b26-424b-a21b-442e8bd50e83' before making global git config changes
2026-04-18T05:01:06.8187547Z Adding repository directory to the temporary git global config as a safe directory
2026-04-18T05:01:06.8190230Z [command]/usr/bin/git config --global --add safe.directory /home/runner/work/prismTask/prismTask
2026-04-18T05:01:06.8215994Z Deleting the contents of '/home/runner/work/prismTask/prismTask'
2026-04-18T05:01:06.8219000Z ##[group]Initializing the repository
2026-04-18T05:01:06.8222652Z [command]/usr/bin/git init /home/runner/work/prismTask/prismTask
2026-04-18T05:01:06.8300543Z hint: Using 'master' as the name for the initial branch. This default branch name
2026-04-18T05:01:06.8302426Z hint: will change to "main" in Git 3.0. To configure the initial branch name
2026-04-18T05:01:06.8303807Z hint: to use in all of your new repositories, which will suppress this warning,
2026-04-18T05:01:06.8305233Z hint: call:
2026-04-18T05:01:06.8305810Z hint:
2026-04-18T05:01:06.8306526Z hint: 	git config --global init.defaultBranch <name>
2026-04-18T05:01:06.8307504Z hint:
2026-04-18T05:01:06.8308333Z hint: Names commonly chosen instead of 'master' are 'main', 'trunk' and
2026-04-18T05:01:06.8310005Z hint: 'development'. The just-created branch can be renamed via this command:
2026-04-18T05:01:06.8311334Z hint:
2026-04-18T05:01:06.8311929Z hint: 	git branch -m <name>
2026-04-18T05:01:06.8312629Z hint:
2026-04-18T05:01:06.8313657Z hint: Disable this message with "git config set advice.defaultBranchName false"
2026-04-18T05:01:06.8315147Z Initialized empty Git repository in /home/runner/work/prismTask/prismTask/.git/
2026-04-18T05:01:06.8317503Z [command]/usr/bin/git remote add origin https://github.com/akarlin3/prismTask
2026-04-18T05:01:06.8334992Z ##[endgroup]
2026-04-18T05:01:06.8336459Z ##[group]Disabling automatic garbage collection
2026-04-18T05:01:06.8337601Z [command]/usr/bin/git config --local gc.auto 0
2026-04-18T05:01:06.8360811Z ##[endgroup]
2026-04-18T05:01:06.8361796Z ##[group]Setting up auth
2026-04-18T05:01:06.8365578Z [command]/usr/bin/git config --local --name-only --get-regexp core\.sshCommand
2026-04-18T05:01:06.8389097Z [command]/usr/bin/git submodule foreach --recursive sh -c "git config --local --name-only --get-regexp 'core\.sshCommand' && git config --local --unset-all 'core.sshCommand' || :"
2026-04-18T05:01:06.8625106Z [command]/usr/bin/git config --local --name-only --get-regexp http\.https\:\/\/github\.com\/\.extraheader
2026-04-18T05:01:06.8650380Z [command]/usr/bin/git submodule foreach --recursive sh -c "git config --local --name-only --get-regexp 'http\.https\:\/\/github\.com\/\.extraheader' && git config --local --unset-all 'http.https://github.com/.extraheader' || :"
2026-04-18T05:01:06.8829468Z [command]/usr/bin/git config --local --name-only --get-regexp ^includeIf\.gitdir:
2026-04-18T05:01:06.8853636Z [command]/usr/bin/git submodule foreach --recursive git config --local --show-origin --name-only --get-regexp remote.origin.url
2026-04-18T05:01:06.9032902Z [command]/usr/bin/git config --local http.https://github.com/.extraheader AUTHORIZATION: basic ***
2026-04-18T05:01:06.9059308Z ##[endgroup]
2026-04-18T05:01:06.9060657Z ##[group]Fetching the repository
2026-04-18T05:01:06.9065882Z [command]/usr/bin/git -c protocol.version=2 fetch --no-tags --prune --no-recurse-submodules --depth=1 origin +refs/heads/main:refs/remotes/origin/main
2026-04-18T05:01:10.0881145Z From https://github.com/akarlin3/prismTask
2026-04-18T05:01:10.0881829Z  * [new branch]      main       -> origin/main
2026-04-18T05:01:10.0903837Z ##[endgroup]
2026-04-18T05:01:10.0904257Z ##[group]Determining the checkout info
2026-04-18T05:01:10.0905709Z ##[endgroup]
2026-04-18T05:01:10.0909920Z [command]/usr/bin/git sparse-checkout disable
2026-04-18T05:01:10.0939260Z [command]/usr/bin/git config --local --unset-all extensions.worktreeConfig
2026-04-18T05:01:10.0959810Z ##[group]Checking out the ref
2026-04-18T05:01:10.0962826Z [command]/usr/bin/git checkout --progress --force -B main refs/remotes/origin/main
2026-04-18T05:01:10.2082208Z Switched to a new branch 'main'
2026-04-18T05:01:10.2082626Z branch 'main' set up to track 'origin/main'.
2026-04-18T05:01:10.2097287Z ##[endgroup]
2026-04-18T05:01:10.2129163Z [command]/usr/bin/git log -1 --format=%H
2026-04-18T05:01:10.2147847Z 023ff5604e7b3bd75ff524e713c8957d4fe14b00
2026-04-18T05:01:10.2337131Z Prepare all required actions
2026-04-18T05:01:10.2337533Z Getting action download info
2026-04-18T05:01:10.4021924Z Download action repository 'actions/setup-java@v4' (SHA:c1e323688fd81a25caa38c78aa6df2d33d3e20d9)
2026-04-18T05:01:11.4596821Z Download action repository 'gradle/actions@v4' (SHA:ed408507eac070d1f99cc633dbcf757c94c7933a)
2026-04-18T05:01:13.6077914Z ##[group]Run ./.github/actions/setup-android
2026-04-18T05:01:13.6078166Z ##[endgroup]
2026-04-18T05:01:13.6188940Z ##[group]Run actions/setup-java@v4
2026-04-18T05:01:13.6189144Z with:
2026-04-18T05:01:13.6189293Z   java-version: 21
2026-04-18T05:01:13.6189456Z   distribution: temurin
2026-04-18T05:01:13.6189626Z   java-package: jdk
2026-04-18T05:01:13.6189786Z   check-latest: false
2026-04-18T05:01:13.6189945Z   server-id: github
2026-04-18T05:01:13.6190095Z   server-username: GITHUB_ACTOR
2026-04-18T05:01:13.6190469Z   server-password: GITHUB_TOKEN
2026-04-18T05:01:13.6190674Z   overwrite-settings: true
2026-04-18T05:01:13.6190920Z   job-status: success
2026-04-18T05:01:13.6191171Z   token: ***
2026-04-18T05:01:13.6191325Z ##[endgroup]
2026-04-18T05:01:13.7687369Z ##[group]Installed distributions
2026-04-18T05:01:13.7920678Z Resolved Java 21.0.10+7 from tool-cache
2026-04-18T05:01:13.7921739Z Setting Java 21.0.10+7 as the default
2026-04-18T05:01:13.7930832Z Creating toolchains.xml for JDK version 21 from temurin
2026-04-18T05:01:13.7990029Z Writing to /home/runner/.m2/toolchains.xml
2026-04-18T05:01:13.7990476Z 
2026-04-18T05:01:13.7990592Z Java configuration:
2026-04-18T05:01:13.7992127Z   Distribution: temurin
2026-04-18T05:01:13.7992425Z   Version: 21.0.10+7
2026-04-18T05:01:13.7992996Z   Path: /opt/hostedtoolcache/Java_Temurin-Hotspot_jdk/21.0.10-7/x64
2026-04-18T05:01:13.7993459Z 
2026-04-18T05:01:13.7993956Z ##[endgroup]
2026-04-18T05:01:13.8005494Z Creating settings.xml with server-id: github
2026-04-18T05:01:13.8007849Z Writing to /home/runner/.m2/settings.xml
2026-04-18T05:01:13.8167628Z ##[group]Run gradle/actions/setup-gradle@v4
2026-04-18T05:01:13.8167847Z with:
2026-04-18T05:01:13.8168000Z   cache-disabled: false
2026-04-18T05:01:13.8168170Z   cache-read-only: false
2026-04-18T05:01:13.8168349Z   cache-write-only: false
2026-04-18T05:01:13.8168527Z   cache-overwrite-existing: false
2026-04-18T05:01:13.8168723Z   cache-cleanup: on-success
2026-04-18T05:01:13.8168952Z   gradle-home-cache-includes: caches
notifications

2026-04-18T05:01:13.8169182Z   add-job-summary: always
2026-04-18T05:01:13.8169371Z   add-job-summary-as-pr-comment: never
2026-04-18T05:01:13.8169579Z   dependency-graph: disabled
2026-04-18T05:01:13.8169812Z   dependency-graph-report-dir: dependency-graph-reports
2026-04-18T05:01:13.8170079Z   dependency-graph-continue-on-failure: true
2026-04-18T05:01:13.8170486Z   build-scan-publish: false
2026-04-18T05:01:13.8170682Z   validate-wrappers: true
2026-04-18T05:01:13.8170870Z   allow-snapshot-wrappers: false
2026-04-18T05:01:13.8171075Z   gradle-home-cache-strict-match: false
2026-04-18T05:01:13.8171281Z   workflow-job-context: null
2026-04-18T05:01:13.8171596Z   github-token: ***
2026-04-18T05:01:13.8171753Z env:
2026-04-18T05:01:13.8171980Z   JAVA_HOME: /opt/hostedtoolcache/Java_Temurin-Hotspot_jdk/21.0.10-7/x64
2026-04-18T05:01:13.8172342Z   JAVA_HOME_21_X64: /opt/hostedtoolcache/Java_Temurin-Hotspot_jdk/21.0.10-7/x64
2026-04-18T05:01:13.8172621Z ##[endgroup]
2026-04-18T05:01:14.1774010Z Merged default JDK locations into /home/runner/.m2/toolchains.xml
2026-04-18T05:01:14.1775078Z Preparing cache for cleanup.
2026-04-18T05:01:14.1777879Z ##[group]Restore Gradle state from cache
2026-04-18T05:01:14.4258477Z Cache hit for restore-key: gradle-home-v1|Linux-X64|lint-and-test[5df42585ae8f8da228c604b8b4e8707c]-c849804b39fc41de009baad9513a1eb52a2baa92
2026-04-18T05:01:15.6314786Z Received 37748736 of 283300244 (13.3%), 36.0 MBs/sec
2026-04-18T05:01:16.6310798Z Received 209715200 of 283300244 (74.0%), 100.0 MBs/sec
2026-04-18T05:01:17.0436929Z Received 283300244 of 283300244 (100.0%), 112.0 MBs/sec
2026-04-18T05:01:17.0439653Z Cache Size: ~270 MB (283300244 B)
2026-04-18T05:01:17.0534603Z [command]/usr/bin/tar -xf /home/runner/work/_temp/c6edcc4e-bdfe-49fe-bcb4-61cbfc32bbb5/cache.tzst -P -C /home/runner/work/prismTask/prismTask --use-compress-program unzstd
2026-04-18T05:01:17.5074684Z Cache restored successfully
2026-04-18T05:01:17.5183537Z Restored cache entry with key gradle-home-v1|Linux-X64|lint-and-test[5df42585ae8f8da228c604b8b4e8707c]-023ff5604e7b3bd75ff524e713c8957d4fe14b00 to /home/runner/.gradle/caches,/home/runner/.gradle/notifications,/home/runner/.gradle/.setup-gradle in 3340ms
2026-04-18T05:01:17.7103973Z Cache hit for: gradle-groovy-dsl-v1-28b9a41f693ba754e53f6f5a3dfc445c
2026-04-18T05:01:17.7171515Z Cache hit for: gradle-wrapper-zips-v1-8c0de4c6bda6041d6e054bf825a89c98
2026-04-18T05:01:17.7189777Z Cache hit for: gradle-dependencies-v1-117fbe653ac5533442942123eb8053be
2026-04-18T05:01:17.7219638Z Cache hit for: gradle-instrumented-jars-v1-da27189608cc64b8ccdc1e8234084779
2026-04-18T05:01:17.7238409Z Cache hit for: gradle-transforms-v1-da33882e61a427e9528acc68c8af33f6
2026-04-18T05:01:17.7255652Z Cache hit for: gradle-generated-gradle-jars-v1-cb4b032a7d08b9bf1e84e9eacaebcc29
2026-04-18T05:01:17.7269682Z Cache hit for: gradle-kotlin-dsl-v1-a981e33370ed52ee64490665622c7e40
2026-04-18T05:01:18.2737069Z Received 60531 of 60531 (100.0%), 0.2 MBs/sec
2026-04-18T05:01:18.2738223Z Cache Size: ~0 MB (60531 B)
2026-04-18T05:01:18.2777179Z [command]/usr/bin/tar -xf /home/runner/work/_temp/720a471a-6af8-4c84-8ea8-add49544a687/cache.tzst -P -C /home/runner/work/prismTask/prismTask --use-compress-program unzstd
2026-04-18T05:01:18.3007063Z Cache restored successfully
2026-04-18T05:01:18.3115904Z Restored cache entry with key gradle-instrumented-jars-v1-da27189608cc64b8ccdc1e8234084779 to /home/runner/.gradle/caches/jars-*/*/ in 791ms
2026-04-18T05:01:18.3167223Z Received 183977 of 183977 (100.0%), 0.5 MBs/sec
2026-04-18T05:01:18.3167677Z Cache Size: ~0 MB (183977 B)
2026-04-18T05:01:18.3182766Z [command]/usr/bin/tar -xf /home/runner/work/_temp/3cd81fa3-19cc-4853-a04d-294a36b8864c/cache.tzst -P -C /home/runner/work/prismTask/prismTask --use-compress-program unzstd
2026-04-18T05:01:18.3392238Z Received 91211 of 91211 (100.0%), 0.2 MBs/sec
2026-04-18T05:01:18.3392664Z Cache Size: ~0 MB (91211 B)
2026-04-18T05:01:18.3411443Z [command]/usr/bin/tar -xf /home/runner/work/_temp/951b9206-69fb-400f-8a17-75dca931f635/cache.tzst -P -C /home/runner/work/prismTask/prismTask --use-compress-program unzstd
2026-04-18T05:01:18.4943571Z Cache restored successfully
2026-04-18T05:01:18.5129198Z Cache restored successfully
2026-04-18T05:01:18.5141643Z Restored cache entry with key gradle-kotlin-dsl-v1-a981e33370ed52ee64490665622c7e40 to /home/runner/.gradle/caches/*/kotlin-dsl/accessors/*/,/home/runner/.gradle/caches/*/kotlin-dsl/scripts/*/ in 993ms
2026-04-18T05:01:18.5142843Z Restored cache entry with key gradle-groovy-dsl-v1-28b9a41f693ba754e53f6f5a3dfc445c to /home/runner/.gradle/caches/*/groovy-dsl/*/ in 992ms
2026-04-18T05:01:18.7510128Z Received 136352669 of 136352669 (100.0%), 132.2 MBs/sec
2026-04-18T05:01:18.7511203Z Cache Size: ~130 MB (136352669 B)
2026-04-18T05:01:18.7548290Z [command]/usr/bin/tar -xf /home/runner/work/_temp/d9e96196-a47e-4c01-9fa6-308d21379206/cache.tzst -P -C /home/runner/work/prismTask/prismTask --use-compress-program unzstd
2026-04-18T05:01:18.9333450Z Received 21021884 of 41993404 (50.1%), 20.0 MBs/sec
2026-04-18T05:01:18.9622217Z Received 12582912 of 834528743 (1.5%), 12.0 MBs/sec
2026-04-18T05:01:18.9699812Z Received 12582912 of 237743233 (5.3%), 12.0 MBs/sec
2026-04-18T05:01:18.9743334Z Cache restored successfully
2026-04-18T05:01:18.9799488Z Restored cache entry with key gradle-wrapper-zips-v1-8c0de4c6bda6041d6e054bf825a89c98 to /home/runner/.gradle/wrapper/dists/gradle-9.3.1-bin/23ovyewtku6u96viwx3xl3oks in 1460ms
2026-04-18T05:01:19.9340427Z Received 37799100 of 41993404 (90.0%), 18.0 MBs/sec
2026-04-18T05:01:19.9623653Z Received 155189248 of 834528743 (18.6%), 73.8 MBs/sec
2026-04-18T05:01:19.9703913Z Received 142606336 of 237743233 (60.0%), 67.9 MBs/sec
2026-04-18T05:01:20.4143214Z Received 237743233 of 237743233 (100.0%), 92.7 MBs/sec
2026-04-18T05:01:20.4143696Z Cache Size: ~227 MB (237743233 B)
2026-04-18T05:01:20.4365772Z [command]/usr/bin/tar -xf /home/runner/work/_temp/1ef5fabc-4d4a-4389-b1b6-9898c3c4d284/cache.tzst -P -C /home/runner/work/prismTask/prismTask --use-compress-program unzstd
2026-04-18T05:01:20.9336723Z Received 37799100 of 41993404 (90.0%), 12.0 MBs/sec
2026-04-18T05:01:20.9631039Z Received 335544320 of 834528743 (40.2%), 106.5 MBs/sec
2026-04-18T05:01:21.3029774Z Received 41993404 of 41993404 (100.0%), 11.9 MBs/sec
2026-04-18T05:01:21.3031444Z Cache Size: ~40 MB (41993404 B)
2026-04-18T05:01:21.3431973Z [command]/usr/bin/tar -xf /home/runner/work/_temp/7b6946ff-22b9-4e3b-8459-a1433bdae9e8/cache.tzst -P -C /home/runner/work/prismTask/prismTask --use-compress-program unzstd
2026-04-18T05:01:21.6544985Z Cache restored successfully
2026-04-18T05:01:21.6569968Z Restored cache entry with key gradle-generated-gradle-jars-v1-cb4b032a7d08b9bf1e84e9eacaebcc29 to /home/runner/.gradle/caches/9.3.1/generated-gradle-jars/gradle-api-9.3.1.jar in 4138ms
2026-04-18T05:01:21.9632078Z Received 440401920 of 834528743 (52.8%), 104.8 MBs/sec
2026-04-18T05:01:24.3821299Z Received 536870912 of 834528743 (64.3%), 79.7 MBs/sec
2026-04-18T05:01:26.9971814Z Received 671088640 of 834528743 (80.4%), 70.8 MBs/sec
2026-04-18T05:01:27.6071013Z Cache restored successfully
2026-04-18T05:01:27.6165465Z Restored cache entry with key gradle-transforms-v1-da33882e61a427e9528acc68c8af33f6 to /home/runner/.gradle/caches/transforms-4/*/,/home/runner/.gradle/caches/*/transforms/*/ in 10095ms
2026-04-18T05:01:27.9959672Z Received 805306368 of 834528743 (96.5%), 76.5 MBs/sec
2026-04-18T05:01:28.1056287Z Received 834528743 of 834528743 (100.0%), 78.4 MBs/sec
2026-04-18T05:01:28.1058241Z Cache Size: ~796 MB (834528743 B)
2026-04-18T05:01:28.1086126Z [command]/usr/bin/tar -xf /home/runner/work/_temp/9a61f843-0b94-4ceb-bfc1-76c84bff7e27/cache.tzst -P -C /home/runner/work/prismTask/prismTask --use-compress-program unzstd
2026-04-18T05:01:33.2069748Z Cache restored successfully
2026-04-18T05:01:33.2374258Z Restored cache entry with key gradle-dependencies-v1-117fbe653ac5533442942123eb8053be to /home/runner/.gradle/caches/modules-*/files-*/*/*/*/* in 15717ms
2026-04-18T05:01:33.2922140Z ##[endgroup]
2026-04-18T05:01:33.3128746Z ##[group]All Gradle Wrapper jars are valid
2026-04-18T05:01:33.3129601Z ✓ Found known Gradle Wrapper JAR files:
2026-04-18T05:01:33.3130070Z   b3a875ddc1f044746e1b1a55f645584505f4a10438c1afea9f15e92a7c42ec13 gradle/wrapper/gradle-wrapper.jar
2026-04-18T05:01:33.3130870Z ##[endgroup]
2026-04-18T05:01:33.3613112Z ##[group]Run chmod +x gradlew
2026-04-18T05:01:33.3613437Z [36;1mchmod +x gradlew[0m
2026-04-18T05:01:33.3634303Z shell: /usr/bin/bash --noprofile --norc -e -o pipefail {0}
2026-04-18T05:01:33.3634619Z env:
2026-04-18T05:01:33.3634900Z   JAVA_HOME: /opt/hostedtoolcache/Java_Temurin-Hotspot_jdk/21.0.10-7/x64
2026-04-18T05:01:33.3635330Z   JAVA_HOME_21_X64: /opt/hostedtoolcache/Java_Temurin-Hotspot_jdk/21.0.10-7/x64
2026-04-18T05:01:33.3635691Z   GRADLE_ACTION_ID: gradle/actions/setup-gradle
2026-04-18T05:01:33.3635970Z   GRADLE_USER_HOME: /home/runner/.gradle
2026-04-18T05:01:33.3636227Z   GRADLE_BUILD_ACTION_SETUP_COMPLETED: true
2026-04-18T05:01:33.3636505Z   GRADLE_BUILD_ACTION_CACHE_RESTORED: true
2026-04-18T05:01:33.3636875Z   DEVELOCITY_INJECTION_INIT_SCRIPT_NAME: gradle-actions.inject-develocity.init.gradle
2026-04-18T05:01:33.3637269Z   DEVELOCITY_INJECTION_CUSTOM_VALUE: gradle-actions
2026-04-18T05:01:33.3637551Z   GITHUB_DEPENDENCY_GRAPH_ENABLED: false
2026-04-18T05:01:33.3637798Z ##[endgroup]
2026-04-18T05:01:33.3938157Z ##[group]Run ./gradlew ktlintCheck --continue
2026-04-18T05:01:33.3938475Z [36;1m./gradlew ktlintCheck --continue[0m
2026-04-18T05:01:33.3955503Z shell: /usr/bin/bash -e {0}
2026-04-18T05:01:33.3955745Z env:
2026-04-18T05:01:33.3956032Z   JAVA_HOME: /opt/hostedtoolcache/Java_Temurin-Hotspot_jdk/21.0.10-7/x64
2026-04-18T05:01:33.3956453Z   JAVA_HOME_21_X64: /opt/hostedtoolcache/Java_Temurin-Hotspot_jdk/21.0.10-7/x64
2026-04-18T05:01:33.3956816Z   GRADLE_ACTION_ID: gradle/actions/setup-gradle
2026-04-18T05:01:33.3957095Z   GRADLE_USER_HOME: /home/runner/.gradle
2026-04-18T05:01:33.3957373Z   GRADLE_BUILD_ACTION_SETUP_COMPLETED: true
2026-04-18T05:01:33.3957798Z   GRADLE_BUILD_ACTION_CACHE_RESTORED: true
2026-04-18T05:01:33.3958272Z   DEVELOCITY_INJECTION_INIT_SCRIPT_NAME: gradle-actions.inject-develocity.init.gradle
2026-04-18T05:01:33.3958757Z   DEVELOCITY_INJECTION_CUSTOM_VALUE: gradle-actions
2026-04-18T05:01:33.3959055Z   GITHUB_DEPENDENCY_GRAPH_ENABLED: false
2026-04-18T05:01:33.3959337Z ##[endgroup]
2026-04-18T05:01:34.6961874Z Starting a Gradle Daemon (subsequent builds will be faster)
2026-04-18T05:01:36.8938485Z Configuration on demand is an incubating feature.
2026-04-18T05:01:41.7953730Z 
2026-04-18T05:01:41.7995593Z > Configure project :app
2026-04-18T05:01:41.7996584Z WARNING: The option setting 'android.builtInKotlin=false' is deprecated.
2026-04-18T05:01:41.7997477Z The current default is 'true'.
2026-04-18T05:01:41.7998108Z It will be removed in version 10.0 of the Android Gradle plugin.
2026-04-18T05:01:41.7998865Z WARNING: The option setting 'android.newDsl=false' is deprecated.
2026-04-18T05:01:41.8000621Z The current default is 'true'.
2026-04-18T05:01:41.8001300Z It will be removed in version 10.0 of the Android Gradle plugin.
2026-04-18T05:01:41.8002315Z WARNING: The option setting 'android.dependency.excludeLibraryComponentsFromConstraints=true' is deprecated.
2026-04-18T05:01:41.8003215Z The current default is 'false'.
2026-04-18T05:01:41.8003851Z It will be removed in version 10.0 of the Android Gradle plugin.
2026-04-18T05:01:41.8004581Z Following can be set instead to achieve a similar behaviour.
2026-04-18T05:01:41.8005244Z     android.dependency.useConstraints=false
2026-04-18T05:01:46.6935012Z w: file:///home/runner/work/prismTask/prismTask/app/build.gradle.kts:17:1: 'fun Project.android(configure: Action<BaseAppModuleExtension>): Unit' is deprecated. Replaced by com.android.build.api.dsl.ApplicationExtension.
2026-04-18T05:01:46.6936979Z This class is not used for the public extensions in AGP when android.newDsl=true, which is the default in AGP 9.0, and will be removed in AGP 10.0.
2026-04-18T05:01:46.6938790Z w: file:///home/runner/work/prismTask/prismTask/app/build.gradle.kts:209:1: 'val Project.android: BaseAppModuleExtension' is deprecated. Replaced by com.android.build.api.dsl.ApplicationExtension.
2026-04-18T05:01:46.6942784Z This class is not used for the public extensions in AGP when android.newDsl=true, which is the default in AGP 9.0, and will be removed in AGP 10.0.
2026-04-18T05:01:47.6933582Z w: ⚠️ Deprecated 'org.jetbrains.kotlin.android' plugin usage
2026-04-18T05:01:47.6934766Z The 'org.jetbrains.kotlin.android' plugin in project ':app' is no longer required for Kotlin support since AGP 9.0.
2026-04-18T05:01:47.6936456Z Solution: Remove both `android.builtInKotlin=true` and `android.newDsl=false` from `gradle.properties`, then migrate to built-in Kotlin.
2026-04-18T05:01:47.6937672Z See https://kotl.in/gradle/agp-built-in-kotlin for more details.
2026-04-18T05:01:47.6938201Z 
2026-04-18T05:01:47.9950569Z 
2026-04-18T05:01:47.9991082Z > Task :app:loadKtlintReporters FROM-CACHE
2026-04-18T05:01:47.9992023Z > Task :app:runKtlintCheckOverAndroidTestDebugSourceSet NO-SOURCE
2026-04-18T05:01:48.0011074Z > Task :app:ktlintAndroidTestDebugSourceSetCheck SKIPPED
2026-04-18T05:01:48.0011941Z > Task :app:runKtlintCheckOverAndroidTestReleaseSourceSet NO-SOURCE
2026-04-18T05:01:48.0012951Z > Task :app:ktlintAndroidTestReleaseSourceSetCheck SKIPPED
2026-04-18T05:01:48.0014148Z > Task :app:runKtlintCheckOverAndroidTestSourceSet FROM-CACHE
2026-04-18T05:01:48.0014906Z > Task :app:ktlintAndroidTestSourceSetCheck FROM-CACHE
2026-04-18T05:01:48.0015564Z > Task :app:runKtlintCheckOverDebugSourceSet NO-SOURCE
2026-04-18T05:01:48.0016226Z > Task :app:ktlintDebugSourceSetCheck SKIPPED
2026-04-18T05:01:48.1975405Z > Task :app:runKtlintCheckOverReleaseSourceSet NO-SOURCE
2026-04-18T05:01:48.2010906Z > Task :app:ktlintReleaseSourceSetCheck SKIPPED
2026-04-18T05:01:48.2039058Z > Task :app:runKtlintCheckOverTestDebugSourceSet NO-SOURCE
2026-04-18T05:01:48.2054953Z > Task :app:ktlintTestDebugSourceSetCheck SKIPPED
2026-04-18T05:01:48.2110994Z > Task :app:runKtlintCheckOverTestFixturesDebugSourceSet NO-SOURCE
2026-04-18T05:01:48.2111814Z > Task :app:ktlintTestFixturesDebugSourceSetCheck SKIPPED
2026-04-18T05:01:48.2140990Z > Task :app:runKtlintCheckOverTestFixturesReleaseSourceSet NO-SOURCE
2026-04-18T05:01:48.2170839Z > Task :app:ktlintTestFixturesReleaseSourceSetCheck SKIPPED
2026-04-18T05:01:48.2180846Z > Task :app:runKtlintCheckOverTestFixturesSourceSet NO-SOURCE
2026-04-18T05:01:48.2181463Z > Task :app:ktlintTestFixturesSourceSetCheck SKIPPED
2026-04-18T05:01:48.2182032Z > Task :app:runKtlintCheckOverTestReleaseSourceSet NO-SOURCE
2026-04-18T05:01:48.2182579Z > Task :app:ktlintTestReleaseSourceSetCheck SKIPPED
2026-04-18T05:01:48.2183129Z > Task :app:runKtlintCheckOverTestSourceSet FROM-CACHE
2026-04-18T05:01:48.2200607Z > Task :app:ktlintTestSourceSetCheck FROM-CACHE
2026-04-18T05:01:49.9937255Z > Task :app:runKtlintCheckOverKotlinScripts
2026-04-18T05:01:49.9937969Z > Task :app:ktlintKotlinScriptCheck FROM-CACHE
2026-04-18T05:02:05.2934783Z > Task :app:runKtlintCheckOverMainSourceSet
2026-04-18T05:02:05.3932547Z 
2026-04-18T05:02:05.3933155Z > Task :app:ktlintMainSourceSetCheck FAILED
2026-04-18T05:02:05.3934329Z /home/runner/work/prismTask/prismTask/app/src/main/java/com/averycorp/prismtask/ui/screens/selfcare/SelfCareScreen.kt:328:1 Exceeded max line length (140) (cannot be auto-corrected)
2026-04-18T05:02:05.3937364Z gradle/actions: Writing build results to /home/runner/work/_temp/.gradle-actions/build-results/__run-1776488497909.json
2026-04-18T05:02:05.4931431Z 
2026-04-18T05:02:05.4931758Z 
2026-04-18T05:02:05.4932666Z [Incubating] Problems report is available at: file:///home/runner/work/prismTask/prismTask/build/reports/problems/problems-report.html
2026-04-18T05:02:05.4934247Z FAILURE: Build failed with an exception.
2026-04-18T05:02:05.4934537Z 
2026-04-18T05:02:05.4937494Z * What went wrong:
2026-04-18T05:02:05.4942674Z 
2026-04-18T05:02:05.4943155Z Execution failed for task ':app:ktlintMainSourceSetCheck'.
2026-04-18T05:02:05.4943890Z Deprecated Gradle features were used in this build, making it incompatible with Gradle 10.
2026-04-18T05:02:05.4944550Z 
2026-04-18T05:02:05.4945228Z You can use '--warning-mode all' to show the individual deprecation warnings and determine if they come from your own scripts or plugins.
2026-04-18T05:02:05.4946032Z 
2026-04-18T05:02:05.4946875Z For more on this, please refer to https://docs.gradle.org/9.3.1/userguide/command_line_interface.html#sec:command_line_warnings in the Gradle documentation.
2026-04-18T05:02:05.4947942Z 9 actionable tasks: 3 executed, 6 from cache
2026-04-18T05:02:05.4951025Z > A failure occurred while executing org.jlleitschuh.gradle.ktlint.worker.ConsoleReportWorkAction
2026-04-18T05:02:05.4951748Z    > KtLint found code style violations. Please see the following reports:
2026-04-18T05:02:05.4952578Z      - /home/runner/work/prismTask/prismTask/app/build/reports/ktlint/ktlintMainSourceSetCheck/ktlintMainSourceSetCheck.txt
2026-04-18T05:02:05.4953170Z 
2026-04-18T05:02:05.4953286Z * Try:
2026-04-18T05:02:05.4953618Z > Run with --stacktrace option to get the stack trace.
2026-04-18T05:02:05.4954115Z > Run with --info or --debug option to get more log output.
2026-04-18T05:02:05.4954695Z > Run with --scan to get full insights from a Build Scan (powered by Develocity).
2026-04-18T05:02:05.4955527Z > Get more help at https://help.gradle.org.
2026-04-18T05:02:05.4955806Z 
2026-04-18T05:02:05.4955923Z BUILD FAILED in 32s
2026-04-18T05:02:06.9472186Z ##[error]Process completed with exit code 1.
2026-04-18T05:02:06.9510148Z ##[group]Run ./gradlew detekt --continue
2026-04-18T05:02:06.9510752Z [36;1m./gradlew detekt --continue[0m
2026-04-18T05:02:06.9529015Z shell: /usr/bin/bash -e {0}
2026-04-18T05:02:06.9529257Z env:
2026-04-18T05:02:06.9529545Z   JAVA_HOME: /opt/hostedtoolcache/Java_Temurin-Hotspot_jdk/21.0.10-7/x64
2026-04-18T05:02:06.9529975Z   JAVA_HOME_21_X64: /opt/hostedtoolcache/Java_Temurin-Hotspot_jdk/21.0.10-7/x64
2026-04-18T05:02:06.9530694Z   GRADLE_ACTION_ID: gradle/actions/setup-gradle
2026-04-18T05:02:06.9530973Z   GRADLE_USER_HOME: /home/runner/.gradle
2026-04-18T05:02:06.9531238Z   GRADLE_BUILD_ACTION_SETUP_COMPLETED: true
2026-04-18T05:02:06.9531507Z   GRADLE_BUILD_ACTION_CACHE_RESTORED: true
2026-04-18T05:02:06.9531876Z   DEVELOCITY_INJECTION_INIT_SCRIPT_NAME: gradle-actions.inject-develocity.init.gradle
2026-04-18T05:02:06.9532276Z   DEVELOCITY_INJECTION_CUSTOM_VALUE: gradle-actions
2026-04-18T05:02:06.9532555Z   GITHUB_DEPENDENCY_GRAPH_ENABLED: false
2026-04-18T05:02:06.9532833Z ##[endgroup]
2026-04-18T05:02:07.5061507Z Configuration on demand is an incubating feature.
2026-04-18T05:02:07.8043335Z 
2026-04-18T05:02:07.8071269Z > Configure project :app
2026-04-18T05:02:07.8101042Z WARNING: The option setting 'android.builtInKotlin=false' is deprecated.
2026-04-18T05:02:07.8101803Z The current default is 'true'.
2026-04-18T05:02:07.8113265Z It will be removed in version 10.0 of the Android Gradle plugin.
2026-04-18T05:02:07.8114241Z WARNING: The option setting 'android.newDsl=false' is deprecated.
2026-04-18T05:02:07.8114975Z The current default is 'true'.
2026-04-18T05:02:07.8115593Z It will be removed in version 10.0 of the Android Gradle plugin.
2026-04-18T05:02:07.8118149Z WARNING: The option setting 'android.dependency.excludeLibraryComponentsFromConstraints=true' is deprecated.
2026-04-18T05:02:07.8119102Z The current default is 'false'.
2026-04-18T05:02:07.8119733Z It will be removed in version 10.0 of the Android Gradle plugin.
2026-04-18T05:02:07.8120647Z Following can be set instead to achieve a similar behaviour.
2026-04-18T05:02:07.8121327Z     android.dependency.useConstraints=false
2026-04-18T05:02:07.8122315Z w: ⚠️ Deprecated 'org.jetbrains.kotlin.android' plugin usage
2026-04-18T05:02:07.8123289Z The 'org.jetbrains.kotlin.android' plugin in project ':app' is no longer required for Kotlin support since AGP 9.0.
2026-04-18T05:02:07.8124546Z Solution: Remove both `android.builtInKotlin=true` and `android.newDsl=false` from `gradle.properties`, then migrate to built-in Kotlin.
2026-04-18T05:02:07.8125647Z See https://kotl.in/gradle/agp-built-in-kotlin for more details.
2026-04-18T05:02:07.8126161Z 
2026-04-18T05:02:30.7071005Z 
2026-04-18T05:02:30.7075460Z > Task :app:detekt FAILED
2026-04-18T05:02:30.7076783Z /home/runner/work/prismTask/prismTask/app/src/main/java/com/averycorp/prismtask/ui/screens/selfcare/SelfCareScreen.kt:328:1: Exceeded max line length (140) [MaximumLineLength]
2026-04-18T05:02:30.7077855Z 
2026-04-18T05:02:30.7078459Z gradle/actions: Writing build results to /home/runner/work/_temp/.gradle-actions/build-results/__run_2-1776488527480.json
2026-04-18T05:02:30.7079158Z 
2026-04-18T05:02:30.7079873Z [Incubating] Problems report is available at: file:///home/runner/work/prismTask/prismTask/build/reports/problems/problems-report.html
2026-04-18T05:02:30.7080830Z 
2026-04-18T05:02:30.7081310Z Deprecated Gradle features were used in this build, making it incompatible with Gradle 10.
2026-04-18T05:02:30.7081897Z 
2026-04-18T05:02:30.7082566Z You can use '--warning-mode all' to show the individual deprecation warnings and determine if they come from your own scripts or plugins.
2026-04-18T05:02:30.7083321Z 
2026-04-18T05:02:30.7084114Z For more on this, please refer to https://docs.gradle.org/9.3.1/userguide/command_line_interface.html#sec:command_line_warnings in the Gradle documentation.
2026-04-18T05:02:30.7085072Z 1 actionable task: 1 executed
2026-04-18T05:02:30.7090760Z 
2026-04-18T05:02:30.7100999Z FAILURE: Build failed with an exception.
2026-04-18T05:02:30.7101506Z 
2026-04-18T05:02:30.7101603Z * What went wrong:
2026-04-18T05:02:30.7101838Z Execution failed for task ':app:detekt'.
2026-04-18T05:02:30.7102104Z > Analysis failed with 1 weighted issues.
2026-04-18T05:02:30.7102280Z 
2026-04-18T05:02:30.7102358Z * Try:
2026-04-18T05:02:30.7102585Z > Run with --stacktrace option to get the stack trace.
2026-04-18T05:02:30.7102921Z > Run with --info or --debug option to get more log output.
2026-04-18T05:02:30.7105090Z > Run with --scan to get full insights from a Build Scan (powered by Develocity).
2026-04-18T05:02:30.7105586Z > Get more help at https://help.gradle.org.
2026-04-18T05:02:30.7105823Z 
2026-04-18T05:02:30.7105940Z BUILD FAILED in 23s
2026-04-18T05:02:30.7309962Z ##[error]Process completed with exit code 1.
2026-04-18T05:02:30.7332648Z ##[group]Run ./gradlew lint --continue
2026-04-18T05:02:30.7332960Z [36;1m./gradlew lint --continue[0m
2026-04-18T05:02:30.7351298Z shell: /usr/bin/bash -e {0}
2026-04-18T05:02:30.7351533Z env:
2026-04-18T05:02:30.7351827Z   JAVA_HOME: /opt/hostedtoolcache/Java_Temurin-Hotspot_jdk/21.0.10-7/x64
2026-04-18T05:02:30.7352261Z   JAVA_HOME_21_X64: /opt/hostedtoolcache/Java_Temurin-Hotspot_jdk/21.0.10-7/x64
2026-04-18T05:02:30.7352621Z   GRADLE_ACTION_ID: gradle/actions/setup-gradle
2026-04-18T05:02:30.7352895Z   GRADLE_USER_HOME: /home/runner/.gradle
2026-04-18T05:02:30.7353163Z   GRADLE_BUILD_ACTION_SETUP_COMPLETED: true
2026-04-18T05:02:30.7353427Z   GRADLE_BUILD_ACTION_CACHE_RESTORED: true
2026-04-18T05:02:30.7353827Z   DEVELOCITY_INJECTION_INIT_SCRIPT_NAME: gradle-actions.inject-develocity.init.gradle
2026-04-18T05:02:30.7354236Z   DEVELOCITY_INJECTION_CUSTOM_VALUE: gradle-actions
2026-04-18T05:02:30.7354519Z   GITHUB_DEPENDENCY_GRAPH_ENABLED: false
2026-04-18T05:02:30.7354809Z ##[endgroup]
2026-04-18T05:02:31.2798961Z Configuration on demand is an incubating feature.
2026-04-18T05:02:31.5784154Z 
2026-04-18T05:02:31.5801076Z > Configure project :app
2026-04-18T05:02:31.5830974Z WARNING: The option setting 'android.builtInKotlin=false' is deprecated.
2026-04-18T05:02:31.5831886Z The current default is 'true'.
2026-04-18T05:02:31.5849776Z It will be removed in version 10.0 of the Android Gradle plugin.
2026-04-18T05:02:31.5850783Z WARNING: The option setting 'android.newDsl=false' is deprecated.
2026-04-18T05:02:31.5851548Z The current default is 'true'.
2026-04-18T05:02:31.5852248Z It will be removed in version 10.0 of the Android Gradle plugin.
2026-04-18T05:02:31.5853446Z WARNING: The option setting 'android.dependency.excludeLibraryComponentsFromConstraints=true' is deprecated.
2026-04-18T05:02:31.5854531Z The current default is 'false'.
2026-04-18T05:02:31.5855243Z It will be removed in version 10.0 of the Android Gradle plugin.
2026-04-18T05:02:31.5856279Z Following can be set instead to achieve a similar behaviour.
2026-04-18T05:02:31.5871346Z     android.dependency.useConstraints=false
2026-04-18T05:02:31.5872351Z w: ⚠️ Deprecated 'org.jetbrains.kotlin.android' plugin usage
2026-04-18T05:02:31.5873260Z The 'org.jetbrains.kotlin.android' plugin in project ':app' is no longer required for Kotlin support since AGP 9.0.
2026-04-18T05:02:31.5874433Z Solution: Remove both `android.builtInKotlin=true` and `android.newDsl=false` from `gradle.properties`, then migrate to built-in Kotlin.
2026-04-18T05:02:31.5875515Z See https://kotl.in/gradle/agp-built-in-kotlin for more details.
2026-04-18T05:02:31.5876020Z 
2026-04-18T05:02:32.2784091Z 
2026-04-18T05:02:32.2788538Z > Task :app:checkKotlinGradlePluginConfigurationErrors SKIPPED
2026-04-18T05:02:32.2789334Z > Task :app:preBuild UP-TO-DATE
2026-04-18T05:02:32.2789990Z > Task :app:preDebugBuild UP-TO-DATE
2026-04-18T05:02:32.2790646Z > Task :app:generateDebugBuildConfig
2026-04-18T05:02:32.2791199Z > Task :app:generateDebugResValues FROM-CACHE
2026-04-18T05:02:32.2791732Z > Task :app:generateDebugResources FROM-CACHE
2026-04-18T05:02:32.2792303Z > Task :app:injectCrashlyticsMappingFileIdDebug
2026-04-18T05:02:32.2792845Z > Task :app:processDebugGoogleServices FROM-CACHE
2026-04-18T05:02:32.2793379Z > Task :app:packageDebugResources FROM-CACHE
2026-04-18T05:02:32.6778032Z > Task :app:processDebugNavigationResources FROM-CACHE
2026-04-18T05:02:32.9793866Z > Task :app:parseDebugLocalResources FROM-CACHE
2026-04-18T05:02:32.9821408Z > Task :app:generateDebugRFile FROM-CACHE
2026-04-18T05:02:33.3785177Z > Task :app:javaPreCompileDebug FROM-CACHE
2026-04-18T05:02:33.4811075Z > Task :app:mapDebugSourceSetPaths
2026-04-18T05:02:33.4863717Z > Task :app:compileDebugNavigationResources FROM-CACHE
2026-04-18T05:02:33.4891421Z > Task :app:checkDebugAarMetadata
2026-04-18T05:02:33.6811602Z > Task :app:mergeDebugResources FROM-CACHE
2026-04-18T05:02:33.6812542Z > Task :app:createDebugCompatibleScreenManifests
2026-04-18T05:02:33.6841271Z > Task :app:extractDeepLinksDebug FROM-CACHE
2026-04-18T05:02:34.1781609Z > Task :app:processDebugMainManifest
2026-04-18T05:02:34.2784819Z > Task :app:processDebugManifest
2026-04-18T05:02:34.2810991Z > Task :app:preDebugAndroidTestBuild SKIPPED
2026-04-18T05:02:34.2840948Z > Task :app:generateDebugAndroidTestResValues FROM-CACHE
2026-04-18T05:02:34.2871120Z > Task :app:extractProguardFiles
2026-04-18T05:02:34.2901265Z > Task :app:preDebugUnitTestBuild UP-TO-DATE
2026-04-18T05:02:34.2940980Z > Task :app:processDebugManifestForPackage
2026-04-18T05:02:35.1798494Z > Task :app:processDebugResources
2026-04-18T05:02:54.8776946Z > Task :app:kspDebugKotlin
2026-04-18T05:03:24.8797254Z > Task :app:compileDebugKotlin
2026-04-18T05:04:00.6810230Z w: file:///home/runner/work/prismTask/prismTask/app/src/main/java/com/averycorp/prismtask/data/billing/BillingManager.kt:57:5 This annotation is currently applied to the value parameter only, but in the future it will also be applied to field.
2026-04-18T05:04:00.6842218Z - To opt in to applying to both value parameter and field, add '-Xannotation-default-target=param-property' to your compiler arguments.
2026-04-18T05:04:00.6870884Z - To keep applying to the value parameter only, use the '@param:' annotation target.
2026-04-18T05:04:00.6930547Z 
2026-04-18T05:04:00.6961049Z See https://youtrack.jetbrains.com/issue/KT-73255 for more details.
2026-04-18T05:04:00.6997925Z w: file:///home/runner/work/prismTask/prismTask/app/src/main/java/com/averycorp/prismtask/data/calendar/CalendarManager.kt:6:8 'class GoogleSignIn : Any' is deprecated. Deprecated in Java.
2026-04-18T05:04:00.7031757Z w: file:///home/runner/work/prismTask/prismTask/app/src/main/java/com/averycorp/prismtask/data/calendar/CalendarManager.kt:7:8 'class GoogleSignInOptions : AbstractSafeParcelable, Api.ApiOptions.Optional, ReflectedParcelable' is deprecated. Deprecated in Java.
2026-04-18T05:04:00.7034340Z w: file:///home/runner/work/prismTask/prismTask/app/src/main/java/com/averycorp/prismtask/data/calendar/CalendarManager.kt:44:5 This annotation is currently applied to the value parameter only, but in the future it will also be applied to field.
2026-04-18T05:04:00.7061267Z - To opt in to applying to both value parameter and field, add '-Xannotation-default-target=param-property' to your compiler arguments.
2026-04-18T05:04:00.7091014Z - To keep applying to the value parameter only, use the '@param:' annotation target.
2026-04-18T05:04:00.7120455Z 
2026-04-18T05:04:00.7120983Z See https://youtrack.jetbrains.com/issue/KT-73255 for more details.
2026-04-18T05:04:00.7162751Z w: file:///home/runner/work/prismTask/prismTask/app/src/main/java/com/averycorp/prismtask/data/calendar/CalendarManager.kt:58:23 'class GoogleSignIn : Any' is deprecated. Deprecated in Java.
2026-04-18T05:04:00.7181678Z w: file:///home/runner/work/prismTask/prismTask/app/src/main/java/com/averycorp/prismtask/data/calendar/CalendarManager.kt:69:85 'class GoogleSignInClient : GoogleApi<GoogleSignInOptions!>' is deprecated. Deprecated in Java.
2026-04-18T05:04:00.7211929Z w: file:///home/runner/work/prismTask/prismTask/app/src/main/java/com/averycorp/prismtask/data/calendar/CalendarManager.kt:70:19 'class GoogleSignInOptions : AbstractSafeParcelable, Api.ApiOptions.Optional, ReflectedParcelable' is deprecated. Deprecated in Java.
2026-04-18T05:04:00.7241801Z w: file:///home/runner/work/prismTask/prismTask/app/src/main/java/com/averycorp/prismtask/data/calendar/CalendarManager.kt:70:47 'class GoogleSignInOptions : AbstractSafeParcelable, Api.ApiOptions.Optional, ReflectedParcelable' is deprecated. Deprecated in Java.
2026-04-18T05:04:00.7271294Z w: file:///home/runner/work/prismTask/prismTask/app/src/main/java/com/averycorp/prismtask/data/calendar/CalendarManager.kt:74:16 'class GoogleSignIn : Any' is deprecated. Deprecated in Java.
2026-04-18T05:04:00.7273662Z w: file:///home/runner/work/prismTask/prismTask/app/src/main/java/com/averycorp/prismtask/data/calendar/CalendarManager.kt:85:28 'class GoogleSignIn : Any' is deprecated. Deprecated in Java.
2026-04-18T05:04:00.7301693Z w: file:///home/runner/work/prismTask/prismTask/app/src/main/java/com/averycorp/prismtask/data/calendar/CalendarManager.kt:121:24 'class GoogleSignIn : Any' is deprecated. Deprecated in Java.
2026-04-18T05:04:00.7331440Z w: file:///home/runner/work/prismTask/prismTask/app/src/main/java/com/averycorp/prismtask/data/calendar/CalendarManager.kt:156:23 'class GoogleSignIn : Any' is deprecated. Deprecated in Java.
2026-04-18T05:04:00.7361501Z w: file:///home/runner/work/prismTask/prismTask/app/src/main/java/com/averycorp/prismtask/data/calendar/CalendarManager.kt:224:23 'class GoogleSignIn : Any' is deprecated. Deprecated in Java.
2026-04-18T05:04:00.7391735Z w: file:///home/runner/work/prismTask/prismTask/app/src/main/java/com/averycorp/prismtask/data/calendar/DefaultCalendarPushDispatcher.kt:28:5 This annotation is currently applied to the value parameter only, but in the future it will also be applied to field.
2026-04-18T05:04:00.7421188Z - To opt in to applying to both value parameter and field, add '-Xannotation-default-target=param-property' to your compiler arguments.
2026-04-18T05:04:00.7422401Z - To keep applying to the value parameter only, use the '@param:' annotation target.
2026-04-18T05:04:00.7450652Z 
2026-04-18T05:04:00.7480853Z See https://youtrack.jetbrains.com/issue/KT-73255 for more details.
2026-04-18T05:04:00.7511782Z w: file:///home/runner/work/prismTask/prismTask/app/src/main/java/com/averycorp/prismtask/data/preferences/A11yPreferences.kt:22:5 This annotation is currently applied to the value parameter only, but in the future it will also be applied to field.
2026-04-18T05:04:00.7513753Z - To opt in to applying to both value parameter and field, add '-Xannotation-default-target=param-property' to your compiler arguments.
2026-04-18T05:04:00.7541078Z - To keep applying to the value parameter only, use the '@param:' annotation target.
2026-04-18T05:04:00.7570533Z 
2026-04-18T05:04:00.7600896Z See https://youtrack.jetbrains.com/issue/KT-73255 for more details.
2026-04-18T05:04:00.7602635Z w: file:///home/runner/work/prismTask/prismTask/app/src/main/java/com/averycorp/prismtask/data/preferences/ArchivePreferences.kt:21:5 This annotation is currently applied to the value parameter only, but in the future it will also be applied to field.
2026-04-18T05:04:00.7631340Z - To opt in to applying to both value parameter and field, add '-Xannotation-default-target=param-property' to your compiler arguments.
2026-04-18T05:04:00.7660884Z - To keep applying to the value parameter only, use the '@param:' annotation target.
2026-04-18T05:04:00.7690544Z 
2026-04-18T05:04:00.7691092Z See https://youtrack.jetbrains.com/issue/KT-73255 for more details.
2026-04-18T05:04:00.7721816Z w: file:///home/runner/work/prismTask/prismTask/app/src/main/java/com/averycorp/prismtask/data/preferences/AuthTokenPreferences.kt:30:5 This annotation is currently applied to the value parameter only, but in the future it will also be applied to field.
2026-04-18T05:04:00.7751136Z - To opt in to applying to both value parameter and field, add '-Xannotation-default-target=param-property' to your compiler arguments.
2026-04-18T05:04:00.7780831Z - To keep applying to the value parameter only, use the '@param:' annotation target.
2026-04-18T05:04:00.7781422Z 
2026-04-18T05:04:00.7785482Z See https://youtrack.jetbrains.com/issue/KT-73255 for more details.
2026-04-18T05:04:00.7787123Z w: file:///home/runner/work/prismTask/prismTask/app/src/main/java/com/averycorp/prismtask/data/preferences/BackendSyncPreferences.kt:29:5 This annotation is currently applied to the value parameter only, but in the future it will also be applied to field.
2026-04-18T05:04:00.7788983Z - To opt in to applying to both value parameter and field, add '-Xannotation-default-target=param-property' to your compiler arguments.
2026-04-18T05:04:00.7790772Z - To keep applying to the value parameter only, use the '@param:' annotation target.
2026-04-18T05:04:00.7791349Z 
2026-04-18T05:04:00.7791745Z See https://youtrack.jetbrains.com/issue/KT-73255 for more details.
2026-04-18T05:04:00.7793507Z w: file:///home/runner/work/prismTask/prismTask/app/src/main/java/com/averycorp/prismtask/data/preferences/CoachingPreferences.kt:30:5 This annotation is currently applied to the value parameter only, but in the future it will also be applied to field.
2026-04-18T05:04:00.7795430Z - To opt in to applying to both value parameter and field, add '-Xannotation-default-target=param-property' to your compiler arguments.
2026-04-18T05:04:00.7796564Z - To keep applying to the value parameter only, use the '@param:' annotation target.
2026-04-18T05:04:00.7797119Z 
2026-04-18T05:04:00.7797509Z See https://youtrack.jetbrains.com/issue/KT-73255 for more details.
2026-04-18T05:04:00.7799065Z w: file:///home/runner/work/prismTask/prismTask/app/src/main/java/com/averycorp/prismtask/data/preferences/DailyEssentialsPreferences.kt:28:5 This annotation is currently applied to the value parameter only, but in the future it will also be applied to field.
2026-04-18T05:04:00.7801170Z - To opt in to applying to both value parameter and field, add '-Xannotation-default-target=param-property' to your compiler arguments.
2026-04-18T05:04:00.7802250Z - To keep applying to the value parameter only, use the '@param:' annotation target.
2026-04-18T05:04:00.7802815Z 
2026-04-18T05:04:00.7803203Z See https://youtrack.jetbrains.com/issue/KT-73255 for more details.
2026-04-18T05:04:00.7804802Z w: file:///home/runner/work/prismTask/prismTask/app/src/main/java/com/averycorp/prismtask/data/preferences/DashboardPreferences.kt:22:5 This annotation is currently applied to the value parameter only, but in the future it will also be applied to field.
2026-04-18T05:04:00.7806678Z - To opt in to applying to both value parameter and field, add '-Xannotation-default-target=param-property' to your compiler arguments.
2026-04-18T05:04:00.7807787Z - To keep applying to the value parameter only, use the '@param:' annotation target.
2026-04-18T05:04:00.7808355Z 
2026-04-18T05:04:00.7808748Z See https://youtrack.jetbrains.com/issue/KT-73255 for more details.
2026-04-18T05:04:00.7810493Z w: file:///home/runner/work/prismTask/prismTask/app/src/main/java/com/averycorp/prismtask/data/preferences/HabitListPreferences.kt:31:5 This annotation is currently applied to the value parameter only, but in the future it will also be applied to field.
2026-04-18T05:04:00.7812332Z - To opt in to applying to both value parameter and field, add '-Xannotation-default-target=param-property' to your compiler arguments.
2026-04-18T05:04:00.7813413Z - To keep applying to the value parameter only, use the '@param:' annotation target.
2026-04-18T05:04:00.7813973Z 
2026-04-18T05:04:00.7814370Z See https://youtrack.jetbrains.com/issue/KT-73255 for more details.
2026-04-18T05:04:00.7815927Z w: file:///home/runner/work/prismTask/prismTask/app/src/main/java/com/averycorp/prismtask/data/preferences/LeisurePreferences.kt:83:5 This annotation is currently applied to the value parameter only, but in the future it will also be applied to field.
2026-04-18T05:04:00.7817777Z - To opt in to applying to both value parameter and field, add '-Xannotation-default-target=param-property' to your compiler arguments.
2026-04-18T05:04:00.7818832Z - To keep applying to the value parameter only, use the '@param:' annotation target.
2026-04-18T05:04:00.7819376Z 
2026-04-18T05:04:00.7819797Z See https://youtrack.jetbrains.com/issue/KT-73255 for more details.
2026-04-18T05:04:00.7821495Z w: file:///home/runner/work/prismTask/prismTask/app/src/main/java/com/averycorp/prismtask/data/preferences/MedicationPreferences.kt:26:5 This annotation is currently applied to the value parameter only, but in the future it will also be applied to field.
2026-04-18T05:04:00.7823323Z - To opt in to applying to both value parameter and field, add '-Xannotation-default-target=param-property' to your compiler arguments.
2026-04-18T05:04:00.7824632Z - To keep applying to the value parameter only, use the '@param:' annotation target.
2026-04-18T05:04:00.7825184Z 
2026-04-18T05:04:00.7825719Z See https://youtrack.jetbrains.com/issue/KT-73255 for more details.
2026-04-18T05:04:00.7827289Z w: file:///home/runner/work/prismTask/prismTask/app/src/main/java/com/averycorp/prismtask/data/preferences/MorningCheckInPreferences.kt:32:5 This annotation is currently applied to the value parameter only, but in the future it will also be applied to field.
2026-04-18T05:04:00.7829121Z - To opt in to applying to both value parameter and field, add '-Xannotation-default-target=param-property' to your compiler arguments.
2026-04-18T05:04:00.7830548Z - To keep applying to the value parameter only, use the '@param:' annotation target.
2026-04-18T05:04:00.7831149Z 
2026-04-18T05:04:00.7831535Z See https://youtrack.jetbrains.com/issue/KT-73255 for more details.
2026-04-18T05:04:00.7833113Z w: file:///home/runner/work/prismTask/prismTask/app/src/main/java/com/averycorp/prismtask/data/preferences/OnboardingPreferences.kt:22:5 This annotation is currently applied to the value parameter only, but in the future it will also be applied to field.
2026-04-18T05:04:00.7834934Z - To opt in to applying to both value parameter and field, add '-Xannotation-default-target=param-property' to your compiler arguments.
2026-04-18T05:04:00.7835979Z - To keep applying to the value parameter only, use the '@param:' annotation target.
2026-04-18T05:04:00.7836489Z 
2026-04-18T05:04:00.7836855Z See https://youtrack.jetbrains.com/issue/KT-73255 for more details.
2026-04-18T05:04:00.7838303Z w: file:///home/runner/work/prismTask/prismTask/app/src/main/java/com/averycorp/prismtask/data/preferences/ProStatusPreferences.kt:22:5 This annotation is currently applied to the value parameter only, but in the future it will also be applied to field.
2026-04-18T05:04:00.7840177Z - To opt in to applying to both value parameter and field, add '-Xannotation-default-target=param-property' to your compiler arguments.
2026-04-18T05:04:00.7841448Z - To keep applying to the value parameter only, use the '@param:' annotation target.
2026-04-18T05:04:00.7841998Z 
2026-04-18T05:04:00.7842388Z See https://youtrack.jetbrains.com/issue/KT-73255 for more details.
2026-04-18T05:04:00.7843914Z w: file:///home/runner/work/prismTask/prismTask/app/src/main/java/com/averycorp/prismtask/data/preferences/ShakePreferences.kt:28:5 This annotation is currently applied to the value parameter only, but in the future it will also be applied to field.
2026-04-18T05:04:00.7845793Z - To opt in to applying to both value parameter and field, add '-Xannotation-default-target=param-property' to your compiler arguments.
2026-04-18T05:04:00.7846885Z - To keep applying to the value parameter only, use the '@param:' annotation target.
2026-04-18T05:04:00.7847440Z 
2026-04-18T05:04:00.7847828Z See https://youtrack.jetbrains.com/issue/KT-73255 for more details.
2026-04-18T05:04:00.7849339Z w: file:///home/runner/work/prismTask/prismTask/app/src/main/java/com/averycorp/prismtask/data/preferences/TabPreferences.kt:22:5 This annotation is currently applied to the value parameter only, but in the future it will also be applied to field.
2026-04-18T05:04:00.7851397Z - To opt in to applying to both value parameter and field, add '-Xannotation-default-target=param-property' to your compiler arguments.
2026-04-18T05:04:00.7852478Z - To keep applying to the value parameter only, use the '@param:' annotation target.
2026-04-18T05:04:00.7853041Z 
2026-04-18T05:04:00.7853451Z See https://youtrack.jetbrains.com/issue/KT-73255 for more details.
2026-04-18T05:04:00.7855056Z w: file:///home/runner/work/prismTask/prismTask/app/src/main/java/com/averycorp/prismtask/data/preferences/TaskBehaviorPreferences.kt:32:5 This annotation is currently applied to the value parameter only, but in the future it will also be applied to field.
2026-04-18T05:04:00.7856991Z - To opt in to applying to both value parameter and field, add '-Xannotation-default-target=param-property' to your compiler arguments.
2026-04-18T05:04:00.7858341Z - To keep applying to the value parameter only, use the '@param:' annotation target.
2026-04-18T05:04:00.7858900Z 
2026-04-18T05:04:00.7859460Z See https://youtrack.jetbrains.com/issue/KT-73255 for more details.
2026-04-18T05:04:00.7861246Z w: file:///home/runner/work/prismTask/prismTask/app/src/main/java/com/averycorp/prismtask/data/preferences/TemplatePreferences.kt:31:5 This annotation is currently applied to the value parameter only, but in the future it will also be applied to field.
2026-04-18T05:04:00.7863139Z - To opt in to applying to both value parameter and field, add '-Xannotation-default-target=param-property' to your compiler arguments.
2026-04-18T05:04:00.7864248Z - To keep applying to the value parameter only, use the '@param:' annotation target.
2026-04-18T05:04:00.7864820Z 
2026-04-18T05:04:00.7865217Z See https://youtrack.jetbrains.com/issue/KT-73255 for more details.
2026-04-18T05:04:00.7866793Z w: file:///home/runner/work/prismTask/prismTask/app/src/main/java/com/averycorp/prismtask/data/preferences/ThemePreferences.kt:22:5 This annotation is currently applied to the value parameter only, but in the future it will also be applied to field.
2026-04-18T05:04:00.7868699Z - To opt in to applying to both value parameter and field, add '-Xannotation-default-target=param-property' to your compiler arguments.
2026-04-18T05:04:00.7869787Z - To keep applying to the value parameter only, use the '@param:' annotation target.
2026-04-18T05:04:00.7870519Z 
2026-04-18T05:04:00.7870914Z See https://youtrack.jetbrains.com/issue/KT-73255 for more details.
2026-04-18T05:04:00.7872473Z w: file:///home/runner/work/prismTask/prismTask/app/src/main/java/com/averycorp/prismtask/data/preferences/TimerPreferences.kt:23:5 This annotation is currently applied to the value parameter only, but in the future it will also be applied to field.
2026-04-18T05:04:00.7874339Z - To opt in to applying to both value parameter and field, add '-Xannotation-default-target=param-property' to your compiler arguments.
2026-04-18T05:04:00.7875422Z - To keep applying to the value parameter only, use the '@param:' annotation target.
2026-04-18T05:04:00.7876050Z 
2026-04-18T05:04:00.7876442Z See https://youtrack.jetbrains.com/issue/KT-73255 for more details.
2026-04-18T05:04:00.7878014Z w: file:///home/runner/work/prismTask/prismTask/app/src/main/java/com/averycorp/prismtask/data/preferences/VoicePreferences.kt:22:5 This annotation is currently applied to the value parameter only, but in the future it will also be applied to field.
2026-04-18T05:04:00.7879858Z - To opt in to applying to both value parameter and field, add '-Xannotation-default-target=param-property' to your compiler arguments.
2026-04-18T05:04:00.7881070Z - To keep applying to the value parameter only, use the '@param:' annotation target.
2026-04-18T05:04:00.7881632Z 
2026-04-18T05:04:00.7882024Z See https://youtrack.jetbrains.com/issue/KT-73255 for more details.
2026-04-18T05:04:00.7883533Z w: file:///home/runner/work/prismTask/prismTask/app/src/main/java/com/averycorp/prismtask/data/remote/AuthManager.kt:30:5 This annotation is currently applied to the value parameter only, but in the future it will also be applied to field.
2026-04-18T05:04:00.7885343Z - To opt in to applying to both value parameter and field, add '-Xannotation-default-target=param-property' to your compiler arguments.
2026-04-18T05:04:00.7886430Z - To keep applying to the value parameter only, use the '@param:' annotation target.
2026-04-18T05:04:00.7886987Z 
2026-04-18T05:04:00.7887369Z See https://youtrack.jetbrains.com/issue/KT-73255 for more details.
2026-04-18T05:04:00.7888664Z w: file:///home/runner/work/prismTask/prismTask/app/src/main/java/com/averycorp/prismtask/data/remote/GoogleDriveService.kt:4:8 'class GoogleSignIn : Any' is deprecated. Deprecated in Java.
2026-04-18T05:04:00.7890932Z w: file:///home/runner/work/prismTask/prismTask/app/src/main/java/com/averycorp/prismtask/data/remote/GoogleDriveService.kt:23:5 This annotation is currently applied to the value parameter only, but in the future it will also be applied to field.
2026-04-18T05:04:00.7893164Z - To opt in to applying to both value parameter and field, add '-Xannotation-default-target=param-property' to your compiler arguments.
2026-04-18T05:04:00.7894256Z - To keep applying to the value parameter only, use the '@param:' annotation target.
2026-04-18T05:04:00.7894810Z 
2026-04-18T05:04:00.7895196Z See https://youtrack.jetbrains.com/issue/KT-73255 for more details.
2026-04-18T05:04:00.7896485Z w: file:///home/runner/work/prismTask/prismTask/app/src/main/java/com/averycorp/prismtask/data/remote/GoogleDriveService.kt:33:23 'class GoogleSignIn : Any' is deprecated. Deprecated in Java.
2026-04-18T05:04:00.7898341Z w: file:///home/runner/work/prismTask/prismTask/app/src/main/java/com/averycorp/prismtask/data/remote/GoogleDriveService.kt:143:34 'class GoogleSignIn : Any' is deprecated. Deprecated in Java.
2026-04-18T05:04:00.7900640Z w: file:///home/runner/work/prismTask/prismTask/app/src/main/java/com/averycorp/prismtask/data/repository/CustomSoundRepository.kt:34:5 This annotation is currently applied to the value parameter only, but in the future it will also be applied to field.
2026-04-18T05:04:00.7902571Z - To opt in to applying to both value parameter and field, add '-Xannotation-default-target=param-property' to your compiler arguments.
2026-04-18T05:04:00.7903687Z - To keep applying to the value parameter only, use the '@param:' annotation target.
2026-04-18T05:04:00.7904261Z 
2026-04-18T05:04:00.7904691Z See https://youtrack.jetbrains.com/issue/KT-73255 for more details.
2026-04-18T05:04:00.7906084Z w: file:///home/runner/work/prismTask/prismTask/app/src/main/java/com/averycorp/prismtask/domain/usecase/NaturalLanguageParser.kt:300:48 Unnecessary safe call on a non-null receiver of type 'LocalDate'.
2026-04-18T05:04:00.7908267Z w: file:///home/runner/work/prismTask/prismTask/app/src/main/java/com/averycorp/prismtask/domain/usecase/ShakeDetector.kt:20:5 This annotation is currently applied to the value parameter only, but in the future it will also be applied to field.
2026-04-18T05:04:00.7910115Z - To opt in to applying to both value parameter and field, add '-Xannotation-default-target=param-property' to your compiler arguments.
2026-04-18T05:04:00.7911364Z - To keep applying to the value parameter only, use the '@param:' annotation target.
2026-04-18T05:04:00.7911932Z 
2026-04-18T05:04:00.7912311Z See https://youtrack.jetbrains.com/issue/KT-73255 for more details.
2026-04-18T05:04:00.7913878Z w: file:///home/runner/work/prismTask/prismTask/app/src/main/java/com/averycorp/prismtask/domain/usecase/TextToSpeechManager.kt:20:5 This annotation is currently applied to the value parameter only, but in the future it will also be applied to field.
2026-04-18T05:04:00.7915768Z - To opt in to applying to both value parameter and field, add '-Xannotation-default-target=param-property' to your compiler arguments.
2026-04-18T05:04:00.7916873Z - To keep applying to the value parameter only, use the '@param:' annotation target.
2026-04-18T05:04:00.7917426Z 
2026-04-18T05:04:00.7917811Z See https://youtrack.jetbrains.com/issue/KT-73255 for more details.
2026-04-18T05:04:00.7919357Z w: file:///home/runner/work/prismTask/prismTask/app/src/main/java/com/averycorp/prismtask/domain/usecase/VoiceInputManager.kt:35:5 This annotation is currently applied to the value parameter only, but in the future it will also be applied to field.
2026-04-18T05:04:00.7921379Z - To opt in to applying to both value parameter and field, add '-Xannotation-default-target=param-property' to your compiler arguments.
2026-04-18T05:04:00.7922484Z - To keep applying to the value parameter only, use the '@param:' annotation target.
2026-04-18T05:04:00.7923044Z 
2026-04-18T05:04:00.7923432Z See https://youtrack.jetbrains.com/issue/KT-73255 for more details.
2026-04-18T05:04:00.7925000Z w: file:///home/runner/work/prismTask/prismTask/app/src/main/java/com/averycorp/prismtask/notifications/EscalationScheduler.kt:29:5 This annotation is currently applied to the value parameter only, but in the future it will also be applied to field.
2026-04-18T05:04:00.7927277Z - To opt in to applying to both value parameter and field, add '-Xannotation-default-target=param-property' to your compiler arguments.
2026-04-18T05:04:00.7928385Z - To keep applying to the value parameter only, use the '@param:' annotation target.
2026-04-18T05:04:00.7928949Z 
2026-04-18T05:04:00.7929353Z See https://youtrack.jetbrains.com/issue/KT-73255 for more details.
2026-04-18T05:04:00.7931100Z w: file:///home/runner/work/prismTask/prismTask/app/src/main/java/com/averycorp/prismtask/notifications/MedicationReminderScheduler.kt:32:5 This annotation is currently applied to the value parameter only, but in the future it will also be applied to field.
2026-04-18T05:04:00.7933073Z - To opt in to applying to both value parameter and field, add '-Xannotation-default-target=param-property' to your compiler arguments.
2026-04-18T05:04:00.7934208Z - To keep applying to the value parameter only, use the '@param:' annotation target.
2026-04-18T05:04:00.7934766Z 
2026-04-18T05:04:00.7935168Z See https://youtrack.jetbrains.com/issue/KT-73255 for more details.
2026-04-18T05:04:00.7936806Z w: file:///home/runner/work/prismTask/prismTask/app/src/main/java/com/averycorp/prismtask/notifications/NotificationTester.kt:28:5 This annotation is currently applied to the value parameter only, but in the future it will also be applied to field.
2026-04-18T05:04:00.7938706Z - To opt in to applying to both value parameter and field, add '-Xannotation-default-target=param-property' to your compiler arguments.
2026-04-18T05:04:00.7939776Z - To keep applying to the value parameter only, use the '@param:' annotation target.
2026-04-18T05:04:00.7940460Z 
2026-04-18T05:04:00.7940855Z See https://youtrack.jetbrains.com/issue/KT-73255 for more details.
2026-04-18T05:04:00.7942429Z w: file:///home/runner/work/prismTask/prismTask/app/src/main/java/com/averycorp/prismtask/notifications/ReminderScheduler.kt:21:5 This annotation is currently applied to the value parameter only, but in the future it will also be applied to field.
2026-04-18T05:04:00.7944319Z - To opt in to applying to both value parameter and field, add '-Xannotation-default-target=param-property' to your compiler arguments.
2026-04-18T05:04:00.7945425Z - To keep applying to the value parameter only, use the '@param:' annotation target.
2026-04-18T05:04:00.7945992Z 
2026-04-18T05:04:00.7946381Z See https://youtrack.jetbrains.com/issue/KT-73255 for more details.
2026-04-18T05:04:00.7948046Z w: file:///home/runner/work/prismTask/prismTask/app/src/main/java/com/averycorp/prismtask/ui/screens/feedback/BugReportViewModel.kt:50:5 This annotation is currently applied to the value parameter only, but in the future it will also be applied to field.
2026-04-18T05:04:00.7949893Z - To opt in to applying to both value parameter and field, add '-Xannotation-default-target=param-property' to your compiler arguments.
2026-04-18T05:04:00.7951121Z - To keep applying to the value parameter only, use the '@param:' annotation target.
2026-04-18T05:04:00.7951693Z 
2026-04-18T05:04:00.7952084Z See https://youtrack.jetbrains.com/issue/KT-73255 for more details.
2026-04-18T05:04:00.7953450Z w: file:///home/runner/work/prismTask/prismTask/app/src/main/java/com/averycorp/prismtask/ui/screens/habits/HabitListViewModel.kt:162:32 Unchecked cast of 'Any?' to 'List<SelfCareStepEntity>'.
2026-04-18T05:04:00.7955395Z w: file:///home/runner/work/prismTask/prismTask/app/src/main/java/com/averycorp/prismtask/ui/screens/habits/HabitListViewModel.kt:163:32 Unchecked cast of 'Any?' to 'List<SelfCareStepEntity>'.
2026-04-18T05:04:00.7957302Z w: file:///home/runner/work/prismTask/prismTask/app/src/main/java/com/averycorp/prismtask/ui/screens/habits/HabitListViewModel.kt:164:34 Unchecked cast of 'Any?' to 'List<SelfCareStepEntity>'.
2026-04-18T05:04:00.7959205Z w: file:///home/runner/work/prismTask/prismTask/app/src/main/java/com/averycorp/prismtask/ui/screens/habits/HabitListViewModel.kt:171:34 Unchecked cast of 'Any?' to 'List<SelfCareStepEntity>'.
2026-04-18T05:04:00.7961911Z w: file:///home/runner/work/prismTask/prismTask/app/src/main/java/com/averycorp/prismtask/ui/screens/pomodoro/SmartPomodoroViewModel.kt:82:5 This annotation is currently applied to the value parameter only, but in the future it will also be applied to field.
2026-04-18T05:04:00.7963852Z - To opt in to applying to both value parameter and field, add '-Xannotation-default-target=param-property' to your compiler arguments.
2026-04-18T05:04:00.7964942Z - To keep applying to the value parameter only, use the '@param:' annotation target.
2026-04-18T05:04:00.7965496Z 
2026-04-18T05:04:00.7965882Z See https://youtrack.jetbrains.com/issue/KT-73255 for more details.
2026-04-18T05:04:00.7967486Z w: file:///home/runner/work/prismTask/prismTask/app/src/main/java/com/averycorp/prismtask/ui/screens/schoolwork/SyllabusViewModel.kt:30:5 This annotation is currently applied to the value parameter only, but in the future it will also be applied to field.
2026-04-18T05:04:00.7969417Z - To opt in to applying to both value parameter and field, add '-Xannotation-default-target=param-property' to your compiler arguments.
2026-04-18T05:04:00.7970644Z - To keep applying to the value parameter only, use the '@param:' annotation target.
2026-04-18T05:04:00.7971213Z 
2026-04-18T05:04:00.7971597Z See https://youtrack.jetbrains.com/issue/KT-73255 for more details.
2026-04-18T05:04:00.7973181Z w: file:///home/runner/work/prismTask/prismTask/app/src/main/java/com/averycorp/prismtask/ui/screens/settings/SettingsViewModel.kt:70:5 This annotation is currently applied to the value parameter only, but in the future it will also be applied to field.
2026-04-18T05:04:00.7975027Z - To opt in to applying to both value parameter and field, add '-Xannotation-default-target=param-property' to your compiler arguments.
2026-04-18T05:04:00.7976169Z - To keep applying to the value parameter only, use the '@param:' annotation target.
2026-04-18T05:04:00.7976732Z 
2026-04-18T05:04:00.7977115Z See https://youtrack.jetbrains.com/issue/KT-73255 for more details.
2026-04-18T05:04:00.7978865Z w: file:///home/runner/work/prismTask/prismTask/app/src/main/java/com/averycorp/prismtask/ui/screens/tasklist/TaskListScreen.kt:468:55 'val Icons.Filled.FormatListBulleted: ImageVector' is deprecated. Use the AutoMirrored version at Icons.AutoMirrored.Filled.FormatListBulleted.
2026-04-18T05:04:00.7981646Z w: file:///home/runner/work/prismTask/prismTask/app/src/main/java/com/averycorp/prismtask/ui/screens/templates/TemplatePickerSheet.kt:236:35 'val Icons.Filled.OpenInNew: ImageVector' is deprecated. Use the AutoMirrored version at Icons.AutoMirrored.Filled.OpenInNew.
2026-04-18T05:04:00.7984106Z w: file:///home/runner/work/prismTask/prismTask/app/src/main/java/com/averycorp/prismtask/ui/screens/timer/TimerViewModel.kt:43:5 This annotation is currently applied to the value parameter only, but in the future it will also be applied to field.
2026-04-18T05:04:00.7985946Z - To opt in to applying to both value parameter and field, add '-Xannotation-default-target=param-property' to your compiler arguments.
2026-04-18T05:04:00.7987025Z - To keep applying to the value parameter only, use the '@param:' annotation target.
2026-04-18T05:04:00.7987577Z 
2026-04-18T05:04:00.7987958Z See https://youtrack.jetbrains.com/issue/KT-73255 for more details.
2026-04-18T05:04:00.7989939Z w: file:///home/runner/work/prismTask/prismTask/app/src/main/java/com/averycorp/prismtask/ui/screens/today/TodayScreen.kt:832:9 'fun AlertDialog(onDismissRequest: () -> Unit, modifier: Modifier = ..., properties: DialogProperties = ..., content: ComposableFunction0<Unit>): Unit' is deprecated. Use BasicAlertDialog instead.
2026-04-18T05:04:00.7992801Z w: file:///home/runner/work/prismTask/prismTask/app/src/main/java/com/averycorp/prismtask/widget/WidgetUpdateManager.kt:26:5 This annotation is currently applied to the value parameter only, but in the future it will also be applied to field.
2026-04-18T05:04:00.7994873Z - To opt in to applying to both value parameter and field, add '-Xannotation-default-target=param-property' to your compiler arguments.
2026-04-18T05:04:00.7995960Z - To keep applying to the value parameter only, use the '@param:' annotation target.
2026-04-18T05:04:00.7996730Z 
2026-04-18T05:04:00.7997149Z See https://youtrack.jetbrains.com/issue/KT-73255 for more details.
2026-04-18T05:04:00.7998578Z w: file:///home/runner/work/prismTask/prismTask/app/src/main/java/com/averycorp/prismtask/workers/CalendarSyncScheduler.kt:33:5 This annotation is currently applied to the value parameter only, but in the future it will also be applied to field.
2026-04-18T05:04:00.8000584Z - To opt in to applying to both value parameter and field, add '-Xannotation-default-target=param-property' to your compiler arguments.
2026-04-18T05:04:00.8001668Z - To keep applying to the value parameter only, use the '@param:' annotation target.
2026-04-18T05:04:00.8002235Z 
2026-04-18T05:04:00.8002650Z See https://youtrack.jetbrains.com/issue/KT-73255 for more details.
2026-04-18T05:04:07.6777140Z 
2026-04-18T05:04:07.6791314Z > Task :app:compileDebugJavaWithJavac
2026-04-18T05:04:07.6807058Z > Task :app:hiltSyncDebug
2026-04-18T05:04:08.1777742Z > Task :app:hiltAggregateDepsDebug FROM-CACHE
2026-04-18T05:04:10.7826050Z > Task :app:hiltJavaCompileDebug
2026-04-18T05:04:11.0778047Z > Task :app:bundleDebugClassesToCompileJar
2026-04-18T05:04:11.3817803Z > Task :app:generateDebugLintReportModel
2026-04-18T05:04:11.5784058Z > Task :app:generateDebugAndroidTestLintModel
2026-04-18T05:04:12.0821318Z > Task :app:generateDebugUnitTestLintModel
2026-04-18T05:04:37.3801480Z > Task :app:lintAnalyzeDebugAndroidTest
2026-04-18T05:04:42.0786291Z > Task :app:lintAnalyzeDebug
2026-04-18T05:04:42.1787688Z > Task :app:lintAnalyzeDebugUnitTest
2026-04-18T05:06:06.6787962Z 
2026-04-18T05:06:06.6791128Z > Task :app:lintReportDebug
2026-04-18T05:06:06.6792154Z Wrote HTML report to file:///home/runner/work/prismTask/prismTask/app/build/reports/lint-results-debug.html
2026-04-18T05:06:06.6793026Z 
2026-04-18T05:06:06.6793279Z > Task :app:lintDebug
2026-04-18T05:06:06.6793710Z > Task :app:lint
2026-04-18T05:06:06.6794468Z gradle/actions: Writing build results to /home/runner/work/_temp/.gradle-actions/build-results/__run_3-1776488551246.json
2026-04-18T05:06:06.6795154Z 
2026-04-18T05:06:06.6795814Z [Incubating] Problems report is available at: file:///home/runner/work/prismTask/prismTask/build/reports/problems/problems-report.html
2026-04-18T05:06:06.6796588Z 
2026-04-18T05:06:06.6797049Z Deprecated Gradle features were used in this build, making it incompatible with Gradle 10.
2026-04-18T05:06:06.6797628Z 
2026-04-18T05:06:06.6798275Z You can use '--warning-mode all' to show the individual deprecation warnings and determine if they come from your own scripts or plugins.
2026-04-18T05:06:06.6799036Z 
2026-04-18T05:06:06.6799779Z For more on this, please refer to https://docs.gradle.org/9.3.1/userguide/command_line_interface.html#sec:command_line_warnings in the Gradle documentation.
2026-04-18T05:06:06.6800767Z 
2026-04-18T05:06:06.6801019Z BUILD SUCCESSFUL in 3m 35s
2026-04-18T05:06:06.6801494Z 36 actionable tasks: 23 executed, 13 from cache
2026-04-18T05:06:06.7373263Z ##[group]Run set -euo pipefail
2026-04-18T05:06:06.7373714Z [36;1mset -euo pipefail[0m
2026-04-18T05:06:06.7374084Z [36;1mshopt -s globstar nullglob[0m
2026-04-18T05:06:06.7374508Z [36;1mxmls=(app/build/test-results/**/*.xml)[0m
2026-04-18T05:06:06.7374930Z [36;1mif [ ${#xmls[@]} -eq 0 ]; then[0m
2026-04-18T05:06:06.7375569Z [36;1m  echo "::error::No JUnit XML results found under app/build/test-results/. Did the test task run?"[0m
2026-04-18T05:06:06.7376192Z [36;1m  exit 1[0m
2026-04-18T05:06:06.7376476Z [36;1mfi[0m
2026-04-18T05:06:06.7376739Z [36;1mfailed=0[0m
2026-04-18T05:06:06.7377035Z [36;1mfor f in "${xmls[@]}"; do[0m
2026-04-18T05:06:06.7377587Z [36;1m  fails=$(grep -oE 'failures="[0-9]+"' "$f" | head -n1 | grep -oE '[0-9]+' || echo 0)[0m
2026-04-18T05:06:06.7378513Z [36;1m  errs=$(grep -oE 'errors="[0-9]+"' "$f" | head -n1 | grep -oE '[0-9]+' || echo 0)[0m
2026-04-18T05:06:06.7379172Z [36;1m  if [ "${fails:-0}" -gt 0 ] || [ "${errs:-0}" -gt 0 ]; then[0m
2026-04-18T05:06:06.7379747Z [36;1m    echo "::error file=${f}::${fails} failure(s), ${errs} error(s) in ${f}"[0m
2026-04-18T05:06:06.7380523Z [36;1m    failed=$((failed + fails + errs))[0m
2026-04-18T05:06:06.7380909Z [36;1m  fi[0m
2026-04-18T05:06:06.7381181Z [36;1mdone[0m
2026-04-18T05:06:06.7381461Z [36;1mif [ "$failed" -gt 0 ]; then[0m
2026-04-18T05:06:06.7382149Z [36;1m  echo "::error::${failed} unit-test failure(s)/error(s) detected. See annotations and the test-results artifact."[0m
2026-04-18T05:06:06.7382833Z [36;1m  exit 1[0m
2026-04-18T05:06:06.7383111Z [36;1mfi[0m
2026-04-18T05:06:06.7383456Z [36;1mecho "All ${#xmls[@]} JUnit XML reports clean."[0m
2026-04-18T05:06:06.7413366Z shell: /usr/bin/bash --noprofile --norc -e -o pipefail {0}
2026-04-18T05:06:06.7413820Z env:
2026-04-18T05:06:06.7414233Z   JAVA_HOME: /opt/hostedtoolcache/Java_Temurin-Hotspot_jdk/21.0.10-7/x64
2026-04-18T05:06:06.7414872Z   JAVA_HOME_21_X64: /opt/hostedtoolcache/Java_Temurin-Hotspot_jdk/21.0.10-7/x64
2026-04-18T05:06:06.7415427Z   GRADLE_ACTION_ID: gradle/actions/setup-gradle
2026-04-18T05:06:06.7415847Z   GRADLE_USER_HOME: /home/runner/.gradle
2026-04-18T05:06:06.7416245Z   GRADLE_BUILD_ACTION_SETUP_COMPLETED: true
2026-04-18T05:06:06.7416639Z   GRADLE_BUILD_ACTION_CACHE_RESTORED: true
2026-04-18T05:06:06.7417236Z   DEVELOCITY_INJECTION_INIT_SCRIPT_NAME: gradle-actions.inject-develocity.init.gradle
2026-04-18T05:06:06.7417892Z   DEVELOCITY_INJECTION_CUSTOM_VALUE: gradle-actions
2026-04-18T05:06:06.7418351Z   GITHUB_DEPENDENCY_GRAPH_ENABLED: false
2026-04-18T05:06:06.7418728Z ##[endgroup]
2026-04-18T05:06:06.7572427Z ##[error]No JUnit XML results found under app/build/test-results/. Did the test task run?
2026-04-18T05:06:06.7574721Z ##[error]Process completed with exit code 1.
2026-04-18T05:06:06.7634798Z ##[group]Run actions/upload-artifact@v4
2026-04-18T05:06:06.7635196Z with:
2026-04-18T05:06:06.7635532Z   name: lint-report
2026-04-18T05:06:06.7635892Z   path: app/build/reports/lint-results-debug.html
2026-04-18T05:06:06.7636317Z   retention-days: 7
2026-04-18T05:06:06.7636618Z   if-no-files-found: warn
2026-04-18T05:06:06.7636952Z   compression-level: 6
2026-04-18T05:06:06.7637259Z   overwrite: false
2026-04-18T05:06:06.7637560Z   include-hidden-files: false
2026-04-18T05:06:06.7637898Z env:
2026-04-18T05:06:06.7638309Z   JAVA_HOME: /opt/hostedtoolcache/Java_Temurin-Hotspot_jdk/21.0.10-7/x64
2026-04-18T05:06:06.7638952Z   JAVA_HOME_21_X64: /opt/hostedtoolcache/Java_Temurin-Hotspot_jdk/21.0.10-7/x64
2026-04-18T05:06:06.7639525Z   GRADLE_ACTION_ID: gradle/actions/setup-gradle
2026-04-18T05:06:06.7639956Z   GRADLE_USER_HOME: /home/runner/.gradle
2026-04-18T05:06:06.7640514Z   GRADLE_BUILD_ACTION_SETUP_COMPLETED: true
2026-04-18T05:06:06.7640937Z   GRADLE_BUILD_ACTION_CACHE_RESTORED: true
2026-04-18T05:06:06.7641518Z   DEVELOCITY_INJECTION_INIT_SCRIPT_NAME: gradle-actions.inject-develocity.init.gradle
2026-04-18T05:06:06.7642159Z   DEVELOCITY_INJECTION_CUSTOM_VALUE: gradle-actions
2026-04-18T05:06:06.7642596Z   GITHUB_DEPENDENCY_GRAPH_ENABLED: false
2026-04-18T05:06:06.7642966Z ##[endgroup]
2026-04-18T05:06:06.9627803Z With the provided path, there will be 1 file uploaded
2026-04-18T05:06:06.9631823Z Artifact name is valid!
2026-04-18T05:06:06.9632625Z Root directory input is valid!
2026-04-18T05:06:07.2082421Z Beginning upload of artifact content to blob storage
2026-04-18T05:06:07.5214183Z Uploaded bytes 43499
2026-04-18T05:06:07.5776651Z Finished uploading artifact content to blob storage!
2026-04-18T05:06:07.5779290Z SHA256 digest of uploaded artifact zip is e8c4beabd1d1ef363be811bf7e9a4ff3564dd34fbac5db8d9e2874bffbfb55df
2026-04-18T05:06:07.5780658Z Finalizing artifact upload
2026-04-18T05:06:07.7389090Z Artifact lint-report.zip successfully finalized. Artifact ID 6508801386
2026-04-18T05:06:07.7390546Z Artifact lint-report has been successfully uploaded! Final size is 43499 bytes. Artifact ID is 6508801386
2026-04-18T05:06:07.7396522Z Artifact download URL: https://github.com/akarlin3/prismTask/actions/runs/24597427815/artifacts/6508801386
2026-04-18T05:06:07.7507772Z ##[group]Run actions/upload-artifact@v4
2026-04-18T05:06:07.7508117Z with:
2026-04-18T05:06:07.7508538Z   name: detekt-report
2026-04-18T05:06:07.7508879Z   path: app/build/reports/detekt/
2026-04-18T05:06:07.7509313Z   retention-days: 7
2026-04-18T05:06:07.7509650Z   if-no-files-found: warn
2026-04-18T05:06:07.7510084Z   compression-level: 6
2026-04-18T05:06:07.7510729Z   overwrite: false
2026-04-18T05:06:07.7511127Z   include-hidden-files: false
2026-04-18T05:06:07.7511490Z env:
2026-04-18T05:06:07.7512012Z   JAVA_HOME: /opt/hostedtoolcache/Java_Temurin-Hotspot_jdk/21.0.10-7/x64
2026-04-18T05:06:07.7512578Z   JAVA_HOME_21_X64: /opt/hostedtoolcache/Java_Temurin-Hotspot_jdk/21.0.10-7/x64
2026-04-18T05:06:07.7513167Z   GRADLE_ACTION_ID: gradle/actions/setup-gradle
2026-04-18T05:06:07.7513544Z   GRADLE_USER_HOME: /home/runner/.gradle
2026-04-18T05:06:07.7514000Z   GRADLE_BUILD_ACTION_SETUP_COMPLETED: true
2026-04-18T05:06:07.7514400Z   GRADLE_BUILD_ACTION_CACHE_RESTORED: true
2026-04-18T05:06:07.7515028Z   DEVELOCITY_INJECTION_INIT_SCRIPT_NAME: gradle-actions.inject-develocity.init.gradle
2026-04-18T05:06:07.7515545Z   DEVELOCITY_INJECTION_CUSTOM_VALUE: gradle-actions
2026-04-18T05:06:07.7516029Z   GITHUB_DEPENDENCY_GRAPH_ENABLED: false
2026-04-18T05:06:07.7516366Z ##[endgroup]
2026-04-18T05:06:07.9161341Z With the provided path, there will be 2 files uploaded
2026-04-18T05:06:07.9165557Z Artifact name is valid!
2026-04-18T05:06:07.9166431Z Root directory input is valid!
2026-04-18T05:06:08.1566276Z Beginning upload of artifact content to blob storage
2026-04-18T05:06:08.3731341Z Uploaded bytes 4960
2026-04-18T05:06:08.4293184Z Finished uploading artifact content to blob storage!
2026-04-18T05:06:08.4294665Z SHA256 digest of uploaded artifact zip is 8c66a18dea4d0597a81ca869fa3fbed3f67509ff232036cc786c444b43a04aa0
2026-04-18T05:06:08.4295955Z Finalizing artifact upload
2026-04-18T05:06:08.5924985Z Artifact detekt-report.zip successfully finalized. Artifact ID 6508801458
2026-04-18T05:06:08.5925845Z Artifact detekt-report has been successfully uploaded! Final size is 4960 bytes. Artifact ID is 6508801458
2026-04-18T05:06:08.5931399Z Artifact download URL: https://github.com/akarlin3/prismTask/actions/runs/24597427815/artifacts/6508801458
2026-04-18T05:06:08.6026344Z ##[group]Run actions/upload-artifact@v4
2026-04-18T05:06:08.6026616Z with:
2026-04-18T05:06:08.6026810Z   name: test-results
2026-04-18T05:06:08.6027033Z   path: app/build/test-results/
2026-04-18T05:06:08.6027279Z   retention-days: 7
2026-04-18T05:06:08.6027493Z   if-no-files-found: warn
2026-04-18T05:06:08.6027719Z   compression-level: 6
2026-04-18T05:06:08.6027936Z   overwrite: false
2026-04-18T05:06:08.6028145Z   include-hidden-files: false
2026-04-18T05:06:08.6028395Z env:
2026-04-18T05:06:08.6028673Z   JAVA_HOME: /opt/hostedtoolcache/Java_Temurin-Hotspot_jdk/21.0.10-7/x64
2026-04-18T05:06:08.6029088Z   JAVA_HOME_21_X64: /opt/hostedtoolcache/Java_Temurin-Hotspot_jdk/21.0.10-7/x64
2026-04-18T05:06:08.6029450Z   GRADLE_ACTION_ID: gradle/actions/setup-gradle
2026-04-18T05:06:08.6029737Z   GRADLE_USER_HOME: /home/runner/.gradle
2026-04-18T05:06:08.6030010Z   GRADLE_BUILD_ACTION_SETUP_COMPLETED: true
2026-04-18T05:06:08.6030981Z   GRADLE_BUILD_ACTION_CACHE_RESTORED: true
2026-04-18T05:06:08.6031408Z   DEVELOCITY_INJECTION_INIT_SCRIPT_NAME: gradle-actions.inject-develocity.init.gradle
2026-04-18T05:06:08.6031820Z   DEVELOCITY_INJECTION_CUSTOM_VALUE: gradle-actions
2026-04-18T05:06:08.6032112Z   GITHUB_DEPENDENCY_GRAPH_ENABLED: false
2026-04-18T05:06:08.6032362Z ##[endgroup]
2026-04-18T05:06:08.7651817Z ##[warning]No files were found with the provided path: app/build/test-results/. No artifacts will be uploaded.
2026-04-18T05:06:08.7756553Z Post job cleanup.
2026-04-18T05:06:08.7843104Z Post job cleanup.
2026-04-18T05:06:09.0183544Z In post-action step
2026-04-18T05:06:09.0192629Z ##[group]Stopping Gradle daemons
2026-04-18T05:06:09.0193597Z Stopping Gradle daemons for /home/runner/.gradle/wrapper/dists/gradle-9.3.1-bin/23ovyewtku6u96viwx3xl3oks/gradle-9.3.1
2026-04-18T05:06:09.0206946Z [command]/home/runner/.gradle/wrapper/dists/gradle-9.3.1-bin/23ovyewtku6u96viwx3xl3oks/gradle-9.3.1/bin/gradle --stop
2026-04-18T05:06:09.5307077Z Stopping Daemon(s)
2026-04-18T05:06:09.5307699Z 1 Daemon stopped
2026-04-18T05:06:09.5481812Z ##[endgroup]
2026-04-18T05:06:09.5511148Z Not performing cache-cleanup due to build failure
2026-04-18T05:06:09.5521442Z ##[group]Caching Gradle state
2026-04-18T05:06:10.3859539Z [command]/usr/bin/tar --posix -cf cache.tzst --exclude cache.tzst -P -C /home/runner/work/prismTask/prismTask --files-from manifest.txt --use-compress-program zstdmt
2026-04-18T05:06:11.0491988Z Sent 189998 of 189998 (100.0%), 0.5 MBs/sec
2026-04-18T05:06:11.2728113Z Saved cache entry with key gradle-kotlin-dsl-v1-c76506497fe9974462b4427cf5adfa06 from /home/runner/.gradle/caches/*/kotlin-dsl/accessors/*/,/home/runner/.gradle/caches/*/kotlin-dsl/scripts/*/ in 938ms
2026-04-18T05:06:11.6583564Z [command]/usr/bin/tar --posix -cf cache.tzst --exclude cache.tzst -P -C /home/runner/work/prismTask/prismTask --files-from manifest.txt --use-compress-program zstdmt
2026-04-18T05:06:14.3651380Z Sent 0 of 237724618 (0.0%), 0.0 MBs/sec
2026-04-18T05:06:14.9991692Z Sent 237724618 of 237724618 (100.0%), 138.7 MBs/sec
2026-04-18T05:06:15.2451425Z Saved cache entry with key gradle-transforms-v1-d58b0bbfe7ce7a7ea857c3cf476ef779 from /home/runner/.gradle/caches/transforms-4/*/,/home/runner/.gradle/caches/*/transforms/*/ in 4333ms
2026-04-18T05:06:16.0819633Z [command]/usr/bin/tar --posix -cf cache.tzst --exclude cache.tzst -P -C /home/runner/work/prismTask/prismTask --files-from manifest.txt --use-compress-program zstdmt
2026-04-18T05:06:17.6903917Z Sent 25753770 of 294189226 (8.8%), 24.6 MBs/sec
2026-04-18T05:06:18.3412979Z Sent 294189226 of 294189226 (100.0%), 169.9 MBs/sec
2026-04-18T05:06:18.5823871Z Saved cache entry with key gradle-home-v1|Linux-X64|lint-and-test[5df42585ae8f8da228c604b8b4e8707c]-023ff5604e7b3bd75ff524e713c8957d4fe14b00 from /home/runner/.gradle/caches,/home/runner/.gradle/notifications,/home/runner/.gradle/.setup-gradle in 2507ms
2026-04-18T05:06:18.5825092Z ##[endgroup]
2026-04-18T05:06:18.5829963Z Generating Job Summary
2026-04-18T05:06:18.5842224Z Completed post-action step
2026-04-18T05:06:18.6018702Z Post job cleanup.
2026-04-18T05:06:18.7386021Z Post job cleanup.
2026-04-18T05:06:18.8122369Z [command]/usr/bin/git version
2026-04-18T05:06:18.8151019Z git version 2.53.0
2026-04-18T05:06:18.8182890Z Temporarily overriding HOME='/home/runner/work/_temp/16f9e0b0-0866-4771-bc5c-bd7400c2b4b1' before making global git config changes
2026-04-18T05:06:18.8183952Z Adding repository directory to the temporary git global config as a safe directory
2026-04-18T05:06:18.8193809Z [command]/usr/bin/git config --global --add safe.directory /home/runner/work/prismTask/prismTask
2026-04-18T05:06:18.8221849Z [command]/usr/bin/git config --local --name-only --get-regexp core\.sshCommand
2026-04-18T05:06:18.8247518Z [command]/usr/bin/git submodule foreach --recursive sh -c "git config --local --name-only --get-regexp 'core\.sshCommand' && git config --local --unset-all 'core.sshCommand' || :"
2026-04-18T05:06:18.8438724Z [command]/usr/bin/git config --local --name-only --get-regexp http\.https\:\/\/github\.com\/\.extraheader
2026-04-18T05:06:18.8455851Z http.https://github.com/.extraheader
2026-04-18T05:06:18.8465246Z [command]/usr/bin/git config --local --unset-all http.https://github.com/.extraheader
2026-04-18T05:06:18.8491441Z [command]/usr/bin/git submodule foreach --recursive sh -c "git config --local --name-only --get-regexp 'http\.https\:\/\/github\.com\/\.extraheader' && git config --local --unset-all 'http.https://github.com/.extraheader' || :"
2026-04-18T05:06:18.8672418Z [command]/usr/bin/git config --local --name-only --get-regexp ^includeIf\.gitdir:
2026-04-18T05:06:18.8697399Z [command]/usr/bin/git submodule foreach --recursive git config --local --show-origin --name-only --get-regexp remote.origin.url
2026-04-18T05:06:18.8981422Z Cleaning up orphan processes
2026-04-18T05:06:18.9187737Z ##[warning]Node.js 20 actions are deprecated. The following actions are running on Node.js 20 and may not work as expected: actions/checkout@v4, actions/setup-java@v4, actions/upload-artifact@v4, gradle/actions/setup-gradle@v4. Actions will be forced to run with Node.js 24 by default starting June 2nd, 2026. Node.js 20 will be removed from the runner on September 16th, 2026. Please check if updated versions of these actions are available that support Node.js 24. To opt into Node.js 24 now, set the FORCE_JAVASCRIPT_ACTIONS_TO_NODE24=true environment variable on the runner or in your workflow file. Once Node.js 24 becomes the default, you can temporarily opt out by setting ACTIONS_ALLOW_USE_UNSECURE_NODE_VERSION=true. For more information see: https://github.blog/changelog/2025-09-19-deprecation-of-node-20-on-github-actions-runners/
