=== CI FAILURE ===
Workflow:      Android CI
Workflow file: averycorp/prismTask/.github/workflows/android-ci.yml@refs/pull/980/merge
Job(s):        lint-and-test
Run ID:        25153015009
Run attempt:   1
Run URL:       https://github.com/averycorp/prismTask/actions/runs/25153015009
Commit:        c71bdf34d380de2feda9a1995338da91734380de
Branch:        980/merge
Event:         pull_request
Actor:         akarlin3
Runner OS:     Linux
Timestamp:     2026-04-30T07:32:03.466Z

Failed steps:
  - lint-and-test: #9 Android lint — PR (lintDebug only) | #11 Compile androidTest sources (type-check only) | #14 Post failure details to PR

=== FAILED JOB LOG ===

--- Job: lint-and-test (id 73727866902) ---
2026-04-30T07:27:28.9830058Z Current runner version: '2.334.0'
2026-04-30T07:27:28.9856523Z ##[group]Runner Image Provisioner
2026-04-30T07:27:28.9857374Z Hosted Compute Agent
2026-04-30T07:27:28.9857892Z Version: 20260213.493
2026-04-30T07:27:28.9858550Z Commit: 5c115507f6dd24b8de37d8bbe0bb4509d0cc0fa3
2026-04-30T07:27:28.9859295Z Build Date: 2026-02-13T00:28:41Z
2026-04-30T07:27:28.9859998Z Worker ID: {78027e71-a289-4907-8f92-1dba58c1c613}
2026-04-30T07:27:28.9860904Z Azure Region: centralus
2026-04-30T07:27:28.9861457Z ##[endgroup]
2026-04-30T07:27:28.9863193Z ##[group]Operating System
2026-04-30T07:27:28.9863753Z Ubuntu
2026-04-30T07:27:28.9864361Z 24.04.4
2026-04-30T07:27:28.9864836Z LTS
2026-04-30T07:27:28.9865321Z ##[endgroup]
2026-04-30T07:27:28.9865916Z ##[group]Runner Image
2026-04-30T07:27:28.9866451Z Image: ubuntu-24.04
2026-04-30T07:27:28.9866965Z Version: 20260413.86.1
2026-04-30T07:27:28.9868268Z Included Software: https://github.com/actions/runner-images/blob/ubuntu24/20260413.86/images/ubuntu/Ubuntu2404-Readme.md
2026-04-30T07:27:28.9869653Z Image Release: https://github.com/actions/runner-images/releases/tag/ubuntu24%2F20260413.86
2026-04-30T07:27:28.9871045Z ##[endgroup]
2026-04-30T07:27:28.9872342Z ##[group]GITHUB_TOKEN Permissions
2026-04-30T07:27:28.9874643Z Actions: read
2026-04-30T07:27:28.9875190Z Checks: read
2026-04-30T07:27:28.9875717Z Contents: write
2026-04-30T07:27:28.9876237Z Metadata: read
2026-04-30T07:27:28.9876785Z PullRequests: read
2026-04-30T07:27:28.9877327Z ##[endgroup]
2026-04-30T07:27:28.9879497Z Secret source: Actions
2026-04-30T07:27:28.9880662Z Prepare workflow directory
2026-04-30T07:27:29.0305715Z Prepare all required actions
2026-04-30T07:27:29.0359570Z Getting action download info
2026-04-30T07:27:29.4833346Z Download action repository 'actions/checkout@v4' (SHA:34e114876b0b11c390a56381ad16ebd13914f8d5)
2026-04-30T07:27:29.5834382Z Download action repository 'dorny/paths-filter@v4' (SHA:fbd0ab8f3e69293af611ebaee6363fc25e6d187d)
2026-04-30T07:27:30.0645982Z Download action repository 'actions/cache@v4' (SHA:0057852bfaa89a56745cba8c7296529d2fc39830)
2026-04-30T07:27:30.1654179Z Download action repository 'actions/github-script@v7' (SHA:f28e40c7f34bde8b3046d885e986cb6290c5673b)
2026-04-30T07:27:30.6616654Z Download action repository 'actions/upload-artifact@v4' (SHA:ea165f8d65b6e75b540449e92b4886f43607fa02)
2026-04-30T07:27:30.9224786Z Complete job name: lint-and-test
2026-04-30T07:27:31.0184191Z ##[group]Run actions/checkout@v4
2026-04-30T07:27:31.0185411Z with:
2026-04-30T07:27:31.0186195Z   ref: 8273a0d855c4a0d725a64ff74d80e0cdc67952c0
2026-04-30T07:27:31.0187272Z   repository: averycorp/prismTask
2026-04-30T07:27:31.0188514Z   token: ***
2026-04-30T07:27:31.0189230Z   ssh-strict: true
2026-04-30T07:27:31.0189992Z   ssh-user: git
2026-04-30T07:27:31.0190952Z   persist-credentials: true
2026-04-30T07:27:31.0191793Z   clean: true
2026-04-30T07:27:31.0192564Z   sparse-checkout-cone-mode: true
2026-04-30T07:27:31.0193487Z   fetch-depth: 1
2026-04-30T07:27:31.0194217Z   fetch-tags: false
2026-04-30T07:27:31.0195001Z   show-progress: true
2026-04-30T07:27:31.0195756Z   lfs: false
2026-04-30T07:27:31.0196449Z   submodules: false
2026-04-30T07:27:31.0197219Z   set-safe-directory: true
2026-04-30T07:27:31.0198255Z ##[endgroup]
2026-04-30T07:27:31.1458111Z Syncing repository: averycorp/prismTask
2026-04-30T07:27:31.1461137Z ##[group]Getting Git version info
2026-04-30T07:27:31.1462863Z Working directory is '/home/runner/work/prismTask/prismTask'
2026-04-30T07:27:31.1465183Z [command]/usr/bin/git version
2026-04-30T07:27:31.1487145Z git version 2.53.0
2026-04-30T07:27:31.1513129Z ##[endgroup]
2026-04-30T07:27:31.1529734Z Temporarily overriding HOME='/home/runner/work/_temp/90d2319f-4293-465f-b1c3-26b0556a89b2' before making global git config changes
2026-04-30T07:27:31.1534052Z Adding repository directory to the temporary git global config as a safe directory
2026-04-30T07:27:31.1537382Z [command]/usr/bin/git config --global --add safe.directory /home/runner/work/prismTask/prismTask
2026-04-30T07:27:31.1571916Z Deleting the contents of '/home/runner/work/prismTask/prismTask'
2026-04-30T07:27:31.1576621Z ##[group]Initializing the repository
2026-04-30T07:27:31.1581667Z [command]/usr/bin/git init /home/runner/work/prismTask/prismTask
2026-04-30T07:27:31.1642840Z hint: Using 'master' as the name for the initial branch. This default branch name
2026-04-30T07:27:31.1645131Z hint: will change to "main" in Git 3.0. To configure the initial branch name
2026-04-30T07:27:31.1646839Z hint: to use in all of your new repositories, which will suppress this warning,
2026-04-30T07:27:31.1648250Z hint: call:
2026-04-30T07:27:31.1649146Z hint:
2026-04-30T07:27:31.1650026Z hint: 	git config --global init.defaultBranch <name>
2026-04-30T07:27:31.1651359Z hint:
2026-04-30T07:27:31.1652555Z hint: Names commonly chosen instead of 'master' are 'main', 'trunk' and
2026-04-30T07:27:31.1654430Z hint: 'development'. The just-created branch can be renamed via this command:
2026-04-30T07:27:31.1656063Z hint:
2026-04-30T07:27:31.1656766Z hint: 	git branch -m <name>
2026-04-30T07:27:31.1657615Z hint:
2026-04-30T07:27:31.1658709Z hint: Disable this message with "git config set advice.defaultBranchName false"
2026-04-30T07:27:31.1660938Z Initialized empty Git repository in /home/runner/work/prismTask/prismTask/.git/
2026-04-30T07:27:31.1663964Z [command]/usr/bin/git remote add origin https://github.com/averycorp/prismTask
2026-04-30T07:27:31.1690822Z ##[endgroup]
2026-04-30T07:27:31.1692847Z ##[group]Disabling automatic garbage collection
2026-04-30T07:27:31.1694801Z [command]/usr/bin/git config --local gc.auto 0
2026-04-30T07:27:31.1726280Z ##[endgroup]
2026-04-30T07:27:31.1728167Z ##[group]Setting up auth
2026-04-30T07:27:31.1734169Z [command]/usr/bin/git config --local --name-only --get-regexp core\.sshCommand
2026-04-30T07:27:31.1768465Z [command]/usr/bin/git submodule foreach --recursive sh -c "git config --local --name-only --get-regexp 'core\.sshCommand' && git config --local --unset-all 'core.sshCommand' || :"
2026-04-30T07:27:31.2055195Z [command]/usr/bin/git config --local --name-only --get-regexp http\.https\:\/\/github\.com\/\.extraheader
2026-04-30T07:27:31.2087812Z [command]/usr/bin/git submodule foreach --recursive sh -c "git config --local --name-only --get-regexp 'http\.https\:\/\/github\.com\/\.extraheader' && git config --local --unset-all 'http.https://github.com/.extraheader' || :"
2026-04-30T07:27:31.2338962Z [command]/usr/bin/git config --local --name-only --get-regexp ^includeIf\.gitdir:
2026-04-30T07:27:31.2372493Z [command]/usr/bin/git submodule foreach --recursive git config --local --show-origin --name-only --get-regexp remote.origin.url
2026-04-30T07:27:31.2615845Z [command]/usr/bin/git config --local http.https://github.com/.extraheader AUTHORIZATION: basic ***
2026-04-30T07:27:31.2653230Z ##[endgroup]
2026-04-30T07:27:31.2654540Z ##[group]Fetching the repository
2026-04-30T07:27:31.2662330Z [command]/usr/bin/git -c protocol.version=2 fetch --no-tags --prune --no-recurse-submodules --depth=1 origin 8273a0d855c4a0d725a64ff74d80e0cdc67952c0
2026-04-30T07:27:34.0654091Z From https://github.com/averycorp/prismTask
2026-04-30T07:27:34.0655052Z  * branch            8273a0d855c4a0d725a64ff74d80e0cdc67952c0 -> FETCH_HEAD
2026-04-30T07:27:34.0682829Z ##[endgroup]
2026-04-30T07:27:34.0685123Z ##[group]Determining the checkout info
2026-04-30T07:27:34.0686161Z ##[endgroup]
2026-04-30T07:27:34.0691715Z [command]/usr/bin/git sparse-checkout disable
2026-04-30T07:27:34.0736745Z [command]/usr/bin/git config --local --unset-all extensions.worktreeConfig
2026-04-30T07:27:34.0770069Z ##[group]Checking out the ref
2026-04-30T07:27:34.0775352Z [command]/usr/bin/git checkout --progress --force 8273a0d855c4a0d725a64ff74d80e0cdc67952c0
2026-04-30T07:27:34.3277539Z Note: switching to '8273a0d855c4a0d725a64ff74d80e0cdc67952c0'.
2026-04-30T07:27:34.3278042Z 
2026-04-30T07:27:34.3278320Z You are in 'detached HEAD' state. You can look around, make experimental
2026-04-30T07:27:34.3278977Z changes and commit them, and you can discard any commits you make in this
2026-04-30T07:27:34.3280177Z state without impacting any branches by switching back to a branch.
2026-04-30T07:27:34.3280806Z 
2026-04-30T07:27:34.3281154Z If you want to create a new branch to retain commits you create, you may
2026-04-30T07:27:34.3281770Z do so (now or later) by using -c with the switch command. Example:
2026-04-30T07:27:34.3282117Z 
2026-04-30T07:27:34.3282290Z   git switch -c <new-branch-name>
2026-04-30T07:27:34.3284116Z 
2026-04-30T07:27:34.3284336Z Or undo this operation with:
2026-04-30T07:27:34.3284617Z 
2026-04-30T07:27:34.3284757Z   git switch -
2026-04-30T07:27:34.3284964Z 
2026-04-30T07:27:34.3285285Z Turn off this advice by setting config variable advice.detachedHead to false
2026-04-30T07:27:34.3285719Z 
2026-04-30T07:27:34.3286071Z HEAD is now at 8273a0d feat(reminders): slot-driven CLOCK reminders + app-launch reschedule
2026-04-30T07:27:34.3305462Z ##[endgroup]
2026-04-30T07:27:34.3348046Z [command]/usr/bin/git log -1 --format=%H
2026-04-30T07:27:34.3372098Z 8273a0d855c4a0d725a64ff74d80e0cdc67952c0
2026-04-30T07:27:34.3578135Z ##[group]Run dorny/paths-filter@v4
2026-04-30T07:27:34.3578414Z with:
2026-04-30T07:27:34.3579113Z   filters: android:
  - 'app/**'
  - 'gradlew'
  - 'gradlew.bat'
  - 'gradle/**'
  - 'build.gradle.kts'
  - 'settings.gradle.kts'
  - '.github/workflows/android-ci.yml'
  - '.github/actions/setup-android/**'

2026-04-30T07:27:34.3579953Z   token: ***
2026-04-30T07:27:34.3580157Z   list-files: none
2026-04-30T07:27:34.3580710Z   initial-fetch-depth: 100
2026-04-30T07:27:34.3580961Z   predicate-quantifier: some
2026-04-30T07:27:34.3581221Z ##[endgroup]
2026-04-30T07:27:34.4417490Z ##[group]Fetching list of changed files for PR#980 from Github API
2026-04-30T07:27:34.4425224Z Invoking listFiles(pull_number: 980, per_page: 100)
2026-04-30T07:27:34.7753962Z Received 8 items
2026-04-30T07:27:34.7754659Z [modified] app/src/main/java/com/averycorp/prismtask/PrismTaskApplication.kt
2026-04-30T07:27:34.7755523Z [modified] app/src/main/java/com/averycorp/prismtask/notifications/BootReceiver.kt
2026-04-30T07:27:34.7756567Z [added] app/src/main/java/com/averycorp/prismtask/notifications/MedicationClockRescheduler.kt
2026-04-30T07:27:34.7757555Z [modified] app/src/main/java/com/averycorp/prismtask/notifications/MedicationReminderReceiver.kt
2026-04-30T07:27:34.7758660Z [modified] app/src/main/java/com/averycorp/prismtask/notifications/NotificationHelper.kt
2026-04-30T07:27:34.7759844Z [modified] app/src/main/java/com/averycorp/prismtask/ui/screens/settings/sections/medication/MedicationReminderModeSettingsViewModel.kt
2026-04-30T07:27:34.7761307Z [added] app/src/test/java/com/averycorp/prismtask/notifications/MedicationClockReschedulerTest.kt
2026-04-30T07:27:34.7762419Z [modified] app/src/test/java/com/averycorp/prismtask/notifications/MedicationReminderReceiverDispatchTest.kt
2026-04-30T07:27:34.7763696Z ##[endgroup]
2026-04-30T07:27:34.7763990Z Detected 8 changed files
2026-04-30T07:27:34.7764344Z Results:
2026-04-30T07:27:34.7764970Z ##[group]Filter android = true
2026-04-30T07:27:34.7765346Z Matching files:
2026-04-30T07:27:34.7765850Z app/src/main/java/com/averycorp/prismtask/PrismTaskApplication.kt [modified]
2026-04-30T07:27:34.7766589Z app/src/main/java/com/averycorp/prismtask/notifications/BootReceiver.kt [modified]
2026-04-30T07:27:34.7767396Z app/src/main/java/com/averycorp/prismtask/notifications/MedicationClockRescheduler.kt [added]
2026-04-30T07:27:34.7768390Z app/src/main/java/com/averycorp/prismtask/notifications/MedicationReminderReceiver.kt [modified]
2026-04-30T07:27:34.7769365Z app/src/main/java/com/averycorp/prismtask/notifications/NotificationHelper.kt [modified]
2026-04-30T07:27:34.7770805Z app/src/main/java/com/averycorp/prismtask/ui/screens/settings/sections/medication/MedicationReminderModeSettingsViewModel.kt [modified]
2026-04-30T07:27:34.7771930Z app/src/test/java/com/averycorp/prismtask/notifications/MedicationClockReschedulerTest.kt [added]
2026-04-30T07:27:34.7772967Z app/src/test/java/com/averycorp/prismtask/notifications/MedicationReminderReceiverDispatchTest.kt [modified]
2026-04-30T07:27:34.7774298Z ##[endgroup]
2026-04-30T07:27:34.7774627Z Changes output set to ["android"]
2026-04-30T07:27:34.8168723Z Prepare all required actions
2026-04-30T07:27:34.8169133Z Getting action download info
2026-04-30T07:27:35.0607026Z Download action repository 'actions/setup-java@v4' (SHA:c1e323688fd81a25caa38c78aa6df2d33d3e20d9)
2026-04-30T07:27:35.7863454Z Download action repository 'gradle/actions@v4' (SHA:ed408507eac070d1f99cc633dbcf757c94c7933a)
2026-04-30T07:27:37.0461710Z ##[group]Run ./.github/actions/setup-android
2026-04-30T07:27:37.0462013Z ##[endgroup]
2026-04-30T07:27:37.0631516Z ##[group]Run actions/setup-java@v4
2026-04-30T07:27:37.0631772Z with:
2026-04-30T07:27:37.0631948Z   java-version: 21
2026-04-30T07:27:37.0632152Z   distribution: temurin
2026-04-30T07:27:37.0632366Z   java-package: jdk
2026-04-30T07:27:37.0632557Z   check-latest: false
2026-04-30T07:27:37.0632762Z   server-id: github
2026-04-30T07:27:37.0632954Z   server-username: GITHUB_ACTOR
2026-04-30T07:27:37.0633211Z   server-password: GITHUB_TOKEN
2026-04-30T07:27:37.0633436Z   overwrite-settings: true
2026-04-30T07:27:37.0633699Z   job-status: success
2026-04-30T07:27:37.0634003Z   token: ***
2026-04-30T07:27:37.0634195Z ##[endgroup]
2026-04-30T07:27:37.2733480Z ##[group]Installed distributions
2026-04-30T07:27:37.2786659Z Resolved Java 21.0.10+7 from tool-cache
2026-04-30T07:27:37.2787240Z Setting Java 21.0.10+7 as the default
2026-04-30T07:27:37.2799571Z Creating toolchains.xml for JDK version 21 from temurin
2026-04-30T07:27:37.2872595Z Writing to /home/runner/.m2/toolchains.xml
2026-04-30T07:27:37.2873073Z 
2026-04-30T07:27:37.2873360Z Java configuration:
2026-04-30T07:27:37.2874123Z   Distribution: temurin
2026-04-30T07:27:37.2874665Z   Version: 21.0.10+7
2026-04-30T07:27:37.2875281Z   Path: /opt/hostedtoolcache/Java_Temurin-Hotspot_jdk/21.0.10-7/x64
2026-04-30T07:27:37.2875788Z 
2026-04-30T07:27:37.2876448Z ##[endgroup]
2026-04-30T07:27:37.2892568Z Creating settings.xml with server-id: github
2026-04-30T07:27:37.2897795Z Writing to /home/runner/.m2/settings.xml
2026-04-30T07:27:37.3084864Z ##[group]Run gradle/actions/setup-gradle@v4
2026-04-30T07:27:37.3085148Z with:
2026-04-30T07:27:37.3085334Z   cache-disabled: false
2026-04-30T07:27:37.3085552Z   cache-read-only: true
2026-04-30T07:27:37.3085754Z   cache-write-only: false
2026-04-30T07:27:37.3085986Z   cache-overwrite-existing: false
2026-04-30T07:27:37.3086233Z   cache-cleanup: on-success
2026-04-30T07:27:37.3086508Z   gradle-home-cache-includes: caches
notifications

2026-04-30T07:27:37.3086800Z   add-job-summary: always
2026-04-30T07:27:37.3087034Z   add-job-summary-as-pr-comment: never
2026-04-30T07:27:37.3087309Z   dependency-graph: disabled
2026-04-30T07:27:37.3087597Z   dependency-graph-report-dir: dependency-graph-reports
2026-04-30T07:27:37.3087945Z   dependency-graph-continue-on-failure: true
2026-04-30T07:27:37.3088224Z   build-scan-publish: false
2026-04-30T07:27:37.3088456Z   validate-wrappers: true
2026-04-30T07:27:37.3088686Z   allow-snapshot-wrappers: false
2026-04-30T07:27:37.3088948Z   gradle-home-cache-strict-match: false
2026-04-30T07:27:37.3089220Z   workflow-job-context: null
2026-04-30T07:27:37.3089632Z   github-token: ***
2026-04-30T07:27:37.3089846Z env:
2026-04-30T07:27:37.3090132Z   JAVA_HOME: /opt/hostedtoolcache/Java_Temurin-Hotspot_jdk/21.0.10-7/x64
2026-04-30T07:27:37.3090934Z   JAVA_HOME_21_X64: /opt/hostedtoolcache/Java_Temurin-Hotspot_jdk/21.0.10-7/x64
2026-04-30T07:27:37.3091295Z ##[endgroup]
2026-04-30T07:27:37.7549855Z Merged default JDK locations into /home/runner/.m2/toolchains.xml
2026-04-30T07:27:37.7552971Z ##[group]Restore Gradle state from cache
2026-04-30T07:27:37.9085591Z Cache hit for restore-key: gradle-home-v1|Linux-X64|lint-and-test[5df42585ae8f8da228c604b8b4e8707c]-edc54fb33bc36c12bacf97a10e50a47979cffa07
2026-04-30T07:27:38.7744404Z Received 56284191 of 56284191 (100.0%), 72.4 MBs/sec
2026-04-30T07:27:38.7746269Z Cache Size: ~54 MB (56284191 B)
2026-04-30T07:27:38.7781967Z [command]/usr/bin/tar -xf /home/runner/work/_temp/91c8fad4-8de8-4e16-a62e-0ee57f49709c/cache.tzst -P -C /home/runner/work/prismTask/prismTask --use-compress-program unzstd
2026-04-30T07:27:39.0987537Z Cache restored successfully
2026-04-30T07:27:39.1023278Z Restored cache entry with key gradle-home-v1|Linux-X64|lint-and-test[5df42585ae8f8da228c604b8b4e8707c]-c71bdf34d380de2feda9a1995338da91734380de to /home/runner/.gradle/caches,/home/runner/.gradle/notifications,/home/runner/.gradle/.setup-gradle in 1346ms
2026-04-30T07:27:39.2713072Z Cache hit for: gradle-kotlin-dsl-v1-52f4344047a9d62d558ca4532aa85bdc
2026-04-30T07:27:39.2753664Z Cache hit for: gradle-dependencies-v1-fe646239d4e76e6b8ff58839ea8802a6
2026-04-30T07:27:39.2757152Z Cache hit for: gradle-wrapper-zips-v1-8c0de4c6bda6041d6e054bf825a89c98
2026-04-30T07:27:39.2779644Z Cache hit for: gradle-generated-gradle-jars-v1-cb4b032a7d08b9bf1e84e9eacaebcc29
2026-04-30T07:27:39.2871750Z Cache hit for: gradle-groovy-dsl-v1-93b99164365dedbb273eb8505a23259a
2026-04-30T07:27:39.2875536Z Cache hit for: gradle-transforms-v1-46ecd88252e1fe5b09e3afa1d0ce6648
2026-04-30T07:27:39.2922663Z Cache hit for: gradle-instrumented-jars-v1-2c017bc7142ed8c6de553ca1234bf492
2026-04-30T07:27:39.7205747Z Received 110332 of 110332 (100.0%), 0.4 MBs/sec
2026-04-30T07:27:39.7206417Z Cache Size: ~0 MB (110332 B)
2026-04-30T07:27:39.7237790Z [command]/usr/bin/tar -xf /home/runner/work/_temp/e99b27eb-0adb-4b32-aa86-6007546b3b3d/cache.tzst -P -C /home/runner/work/prismTask/prismTask --use-compress-program unzstd
2026-04-30T07:27:39.7577225Z Cache restored successfully
2026-04-30T07:27:39.7580102Z Restored cache entry with key gradle-groovy-dsl-v1-93b99164365dedbb273eb8505a23259a to /home/runner/.gradle/caches/*/groovy-dsl/*/ in 653ms
2026-04-30T07:27:39.7706632Z Received 64188 of 64188 (100.0%), 0.2 MBs/sec
2026-04-30T07:27:39.7707250Z Cache Size: ~0 MB (64188 B)
2026-04-30T07:27:39.7739040Z [command]/usr/bin/tar -xf /home/runner/work/_temp/3e0e4dc8-f45e-4d87-ab01-1d2fb93443d6/cache.tzst -P -C /home/runner/work/prismTask/prismTask --use-compress-program unzstd
2026-04-30T07:27:39.7878935Z Cache restored successfully
2026-04-30T07:27:39.7882811Z Restored cache entry with key gradle-instrumented-jars-v1-2c017bc7142ed8c6de553ca1234bf492 to /home/runner/.gradle/caches/jars-*/*/ in 685ms
2026-04-30T07:27:39.8683317Z Received 611125 of 611125 (100.0%), 1.3 MBs/sec
2026-04-30T07:27:39.8716226Z Cache Size: ~1 MB (611125 B)
2026-04-30T07:27:39.8899925Z [command]/usr/bin/tar -xf /home/runner/work/_temp/76fbb37e-9b66-44ce-b597-8403e5a66d78/cache.tzst -P -C /home/runner/work/prismTask/prismTask --use-compress-program unzstd
2026-04-30T07:27:40.1498647Z Cache restored successfully
2026-04-30T07:27:40.1501453Z Restored cache entry with key gradle-kotlin-dsl-v1-52f4344047a9d62d558ca4532aa85bdc to /home/runner/.gradle/caches/*/kotlin-dsl/accessors/*/,/home/runner/.gradle/caches/*/kotlin-dsl/scripts/*/ in 1045ms
2026-04-30T07:27:40.4074871Z Received 79691776 of 475796573 (16.7%), 75.7 MBs/sec
2026-04-30T07:27:40.4293507Z Received 33604796 of 41993404 (80.0%), 32.0 MBs/sec
2026-04-30T07:27:40.4524052Z Received 46137344 of 829821422 (5.6%), 43.8 MBs/sec
2026-04-30T07:27:40.4647764Z Received 33554432 of 136352669 (24.6%), 32.0 MBs/sec
2026-04-30T07:27:40.5098116Z Received 41993404 of 41993404 (100.0%), 37.1 MBs/sec
2026-04-30T07:27:40.5098714Z Cache Size: ~40 MB (41993404 B)
2026-04-30T07:27:40.5597048Z [command]/usr/bin/tar -xf /home/runner/work/_temp/a4e44a5d-9a82-4461-87cd-1fc27287c63f/cache.tzst -P -C /home/runner/work/prismTask/prismTask --use-compress-program unzstd
2026-04-30T07:27:40.9442046Z Cache restored successfully
2026-04-30T07:27:40.9702680Z Restored cache entry with key gradle-generated-gradle-jars-v1-cb4b032a7d08b9bf1e84e9eacaebcc29 to /home/runner/.gradle/caches/9.3.1/generated-gradle-jars/gradle-api-9.3.1.jar in 1865ms
2026-04-30T07:27:41.3998810Z Received 136352669 of 136352669 (100.0%), 67.2 MBs/sec
2026-04-30T07:27:41.3999332Z Cache Size: ~130 MB (136352669 B)
2026-04-30T07:27:41.4057536Z [command]/usr/bin/tar -xf /home/runner/work/_temp/7c0dd783-97d8-4bda-8de7-a970f9dfe384/cache.tzst -P -C /home/runner/work/prismTask/prismTask --use-compress-program unzstd
2026-04-30T07:27:41.4105615Z Received 213909504 of 475796573 (45.0%), 101.6 MBs/sec
2026-04-30T07:27:41.4574434Z Received 171966464 of 829821422 (20.7%), 81.7 MBs/sec
2026-04-30T07:27:41.7251070Z Cache restored successfully
2026-04-30T07:27:41.7454521Z Restored cache entry with key gradle-wrapper-zips-v1-8c0de4c6bda6041d6e054bf825a89c98 to /home/runner/.gradle/wrapper/dists/gradle-9.3.1-bin/23ovyewtku6u96viwx3xl3oks in 2642ms
2026-04-30T07:27:42.4108706Z Received 398458880 of 475796573 (83.7%), 126.4 MBs/sec
2026-04-30T07:27:42.4756700Z Received 352321536 of 829821422 (42.5%), 111.0 MBs/sec
2026-04-30T07:27:42.9128347Z Received 475796573 of 475796573 (100.0%), 129.3 MBs/sec
2026-04-30T07:27:42.9131061Z Cache Size: ~454 MB (475796573 B)
2026-04-30T07:27:42.9445346Z [command]/usr/bin/tar -xf /home/runner/work/_temp/009595c0-5f8f-4677-bc1b-1d18da5f9299/cache.tzst -P -C /home/runner/work/prismTask/prismTask --use-compress-program unzstd
2026-04-30T07:27:43.4771025Z Received 541065216 of 829821422 (65.2%), 128.1 MBs/sec
2026-04-30T07:27:44.4801534Z Received 704643072 of 829821422 (84.9%), 133.6 MBs/sec
2026-04-30T07:27:45.2411450Z Received 829821422 of 829821422 (100.0%), 136.7 MBs/sec
2026-04-30T07:27:45.2412116Z Cache Size: ~791 MB (829821422 B)
2026-04-30T07:27:45.2662749Z [command]/usr/bin/tar -xf /home/runner/work/_temp/8a4be310-0599-4bcf-89f1-0bf767018d44/cache.tzst -P -C /home/runner/work/prismTask/prismTask --use-compress-program unzstd
2026-04-30T07:27:48.0778857Z Cache restored successfully
2026-04-30T07:27:48.1353889Z Restored cache entry with key gradle-dependencies-v1-fe646239d4e76e6b8ff58839ea8802a6 to /home/runner/.gradle/caches/modules-*/files-*/*/*/*/* in 9031ms
2026-04-30T07:27:49.5553436Z Cache restored successfully
2026-04-30T07:27:49.5778813Z Restored cache entry with key gradle-transforms-v1-46ecd88252e1fe5b09e3afa1d0ce6648 to /home/runner/.gradle/caches/transforms-4/*/,/home/runner/.gradle/caches/*/transforms/*/ in 10473ms
2026-04-30T07:27:49.6227920Z ##[endgroup]
2026-04-30T07:27:49.6580737Z ##[group]All Gradle Wrapper jars are valid
2026-04-30T07:27:49.6581873Z ✓ Found known Gradle Wrapper JAR files:
2026-04-30T07:27:49.6582544Z   b3a875ddc1f044746e1b1a55f645584505f4a10438c1afea9f15e92a7c42ec13 gradle/wrapper/gradle-wrapper.jar
2026-04-30T07:27:49.6583337Z ##[endgroup]
2026-04-30T07:27:49.6800721Z ##[group]Run chmod +x gradlew
2026-04-30T07:27:49.6801141Z [36;1mchmod +x gradlew[0m
2026-04-30T07:27:49.6827741Z shell: /usr/bin/bash --noprofile --norc -e -o pipefail {0}
2026-04-30T07:27:49.6828152Z env:
2026-04-30T07:27:49.6828522Z   JAVA_HOME: /opt/hostedtoolcache/Java_Temurin-Hotspot_jdk/21.0.10-7/x64
2026-04-30T07:27:49.6829065Z   JAVA_HOME_21_X64: /opt/hostedtoolcache/Java_Temurin-Hotspot_jdk/21.0.10-7/x64
2026-04-30T07:27:49.6829553Z   GRADLE_ACTION_ID: gradle/actions/setup-gradle
2026-04-30T07:27:49.6829913Z   GRADLE_USER_HOME: /home/runner/.gradle
2026-04-30T07:27:49.6830542Z   GRADLE_BUILD_ACTION_SETUP_COMPLETED: true
2026-04-30T07:27:49.6830915Z   GRADLE_BUILD_ACTION_CACHE_RESTORED: true
2026-04-30T07:27:49.6831406Z   DEVELOCITY_INJECTION_INIT_SCRIPT_NAME: gradle-actions.inject-develocity.init.gradle
2026-04-30T07:27:49.6831928Z   DEVELOCITY_INJECTION_CUSTOM_VALUE: gradle-actions
2026-04-30T07:27:49.6832299Z   GITHUB_DEPENDENCY_GRAPH_ENABLED: false
2026-04-30T07:27:49.6832614Z ##[endgroup]
2026-04-30T07:27:50.0408946Z ##[group]Run actions/cache@v4
2026-04-30T07:27:50.0409264Z with:
2026-04-30T07:27:50.0409500Z   path: app/build
2026-04-30T07:27:50.0409952Z   key: app-build-Linux-24f181f888b45a4cf3dc2ae5a600f7222e80a4ecbd9b9210be8df4dd8ded1cbe
2026-04-30T07:27:50.0410847Z   restore-keys: app-build-Linux-

2026-04-30T07:27:50.0411217Z   enableCrossOsArchive: false
2026-04-30T07:27:50.0411523Z   fail-on-cache-miss: false
2026-04-30T07:27:50.0411805Z   lookup-only: false
2026-04-30T07:27:50.0412056Z   save-always: false
2026-04-30T07:27:50.0412302Z env:
2026-04-30T07:27:50.0412930Z   JAVA_HOME: /opt/hostedtoolcache/Java_Temurin-Hotspot_jdk/21.0.10-7/x64
2026-04-30T07:27:50.0413461Z   JAVA_HOME_21_X64: /opt/hostedtoolcache/Java_Temurin-Hotspot_jdk/21.0.10-7/x64
2026-04-30T07:27:50.0413919Z   GRADLE_ACTION_ID: gradle/actions/setup-gradle
2026-04-30T07:27:50.0414277Z   GRADLE_USER_HOME: /home/runner/.gradle
2026-04-30T07:27:50.0414616Z   GRADLE_BUILD_ACTION_SETUP_COMPLETED: true
2026-04-30T07:27:50.0415020Z   GRADLE_BUILD_ACTION_CACHE_RESTORED: true
2026-04-30T07:27:50.0415544Z   DEVELOCITY_INJECTION_INIT_SCRIPT_NAME: gradle-actions.inject-develocity.init.gradle
2026-04-30T07:27:50.0416066Z   DEVELOCITY_INJECTION_CUSTOM_VALUE: gradle-actions
2026-04-30T07:27:50.0416432Z   GITHUB_DEPENDENCY_GRAPH_ENABLED: false
2026-04-30T07:27:50.0416746Z ##[endgroup]
2026-04-30T07:27:50.3673873Z Cache hit for restore-key: app-build-Linux-8da34cf16ea55a63e7d294f3aeb88d255c87bd8f20969ca70d95d49fc126d449
2026-04-30T07:27:51.5322909Z Received 92274688 of 157216832 (58.7%), 87.8 MBs/sec
2026-04-30T07:27:52.5328063Z Received 153022528 of 157216832 (97.3%), 72.9 MBs/sec
2026-04-30T07:27:52.5873975Z Received 157216832 of 157216832 (100.0%), 72.9 MBs/sec
2026-04-30T07:27:52.5874602Z Cache Size: ~150 MB (157216832 B)
2026-04-30T07:27:52.5924305Z [command]/usr/bin/tar -xf /home/runner/work/_temp/7a502188-e837-4dc1-98b4-3473bdf01d94/cache.tzst -P -C /home/runner/work/prismTask/prismTask --use-compress-program unzstd
2026-04-30T07:27:54.3869956Z Cache restored successfully
2026-04-30T07:27:54.4027903Z Cache restored from key: app-build-Linux-8da34cf16ea55a63e7d294f3aeb88d255c87bd8f20969ca70d95d49fc126d449
2026-04-30T07:27:54.4150927Z ##[group]Run ./gradlew detekt --continue
2026-04-30T07:27:54.4151372Z [36;1m./gradlew detekt --continue[0m
2026-04-30T07:27:54.4174304Z shell: /usr/bin/bash -e {0}
2026-04-30T07:27:54.4174611Z env:
2026-04-30T07:27:54.4174973Z   JAVA_HOME: /opt/hostedtoolcache/Java_Temurin-Hotspot_jdk/21.0.10-7/x64
2026-04-30T07:27:54.4175524Z   JAVA_HOME_21_X64: /opt/hostedtoolcache/Java_Temurin-Hotspot_jdk/21.0.10-7/x64
2026-04-30T07:27:54.4176019Z   GRADLE_ACTION_ID: gradle/actions/setup-gradle
2026-04-30T07:27:54.4176375Z   GRADLE_USER_HOME: /home/runner/.gradle
2026-04-30T07:27:54.4176716Z   GRADLE_BUILD_ACTION_SETUP_COMPLETED: true
2026-04-30T07:27:54.4177071Z   GRADLE_BUILD_ACTION_CACHE_RESTORED: true
2026-04-30T07:27:54.4177567Z   DEVELOCITY_INJECTION_INIT_SCRIPT_NAME: gradle-actions.inject-develocity.init.gradle
2026-04-30T07:27:54.4178093Z   DEVELOCITY_INJECTION_CUSTOM_VALUE: gradle-actions
2026-04-30T07:27:54.4178464Z   GITHUB_DEPENDENCY_GRAPH_ENABLED: false
2026-04-30T07:27:54.4178819Z ##[endgroup]
2026-04-30T07:27:55.2552138Z Starting a Gradle Daemon (subsequent builds will be faster)
2026-04-30T07:27:59.0531184Z Configuration on demand is an incubating feature.
2026-04-30T07:28:13.2563293Z 
2026-04-30T07:28:13.2592398Z > Configure project :app
2026-04-30T07:28:13.2593433Z WARNING: The option setting 'android.builtInKotlin=false' is deprecated.
2026-04-30T07:28:13.2594455Z The current default is 'true'.
2026-04-30T07:28:13.2595095Z It will be removed in version 10.0 of the Android Gradle plugin.
2026-04-30T07:28:13.2595637Z WARNING: The option setting 'android.newDsl=false' is deprecated.
2026-04-30T07:28:13.2596062Z The current default is 'true'.
2026-04-30T07:28:13.2596484Z It will be removed in version 10.0 of the Android Gradle plugin.
2026-04-30T07:28:13.2597173Z WARNING: The option setting 'android.dependency.excludeLibraryComponentsFromConstraints=true' is deprecated.
2026-04-30T07:28:13.2597765Z The current default is 'false'.
2026-04-30T07:28:13.2598170Z It will be removed in version 10.0 of the Android Gradle plugin.
2026-04-30T07:28:13.2598664Z Following can be set instead to achieve a similar behaviour.
2026-04-30T07:28:13.2599102Z     android.dependency.useConstraints=false
2026-04-30T07:28:16.8528932Z w: file:///home/runner/work/prismTask/prismTask/app/build.gradle.kts:13:1: 'fun Project.android(configure: Action<BaseAppModuleExtension>): Unit' is deprecated. Replaced by com.android.build.api.dsl.ApplicationExtension.
2026-04-30T07:28:16.8532097Z This class is not used for the public extensions in AGP when android.newDsl=true, which is the default in AGP 9.0, and will be removed in AGP 10.0.
2026-04-30T07:28:16.8534209Z w: file:///home/runner/work/prismTask/prismTask/app/build.gradle.kts:229:1: 'val Project.android: BaseAppModuleExtension' is deprecated. Replaced by com.android.build.api.dsl.ApplicationExtension.
2026-04-30T07:28:16.8536169Z This class is not used for the public extensions in AGP when android.newDsl=true, which is the default in AGP 9.0, and will be removed in AGP 10.0.
2026-04-30T07:28:18.0528997Z w: ⚠️ Deprecated 'org.jetbrains.kotlin.android' plugin usage
2026-04-30T07:28:18.0530578Z The 'org.jetbrains.kotlin.android' plugin in project ':app' is no longer required for Kotlin support since AGP 9.0.
2026-04-30T07:28:18.0537790Z Solution: Remove both `android.builtInKotlin=true` and `android.newDsl=false` from `gradle.properties`, then migrate to built-in Kotlin.
2026-04-30T07:28:18.0543187Z See https://kotl.in/gradle/agp-built-in-kotlin for more details.
2026-04-30T07:28:18.0543802Z 
2026-04-30T07:28:19.4521014Z 
2026-04-30T07:28:19.4522253Z > Task :detekt-rules:checkKotlinGradlePluginConfigurationErrors SKIPPED
2026-04-30T07:28:23.8521312Z > Task :detekt-rules:processResources
2026-04-30T07:28:30.0539985Z > Task :detekt-rules:compileKotlin
2026-04-30T07:28:30.0543283Z > Task :detekt-rules:compileJava NO-SOURCE
2026-04-30T07:28:30.0545367Z > Task :detekt-rules:classes
2026-04-30T07:28:30.0547637Z > Task :detekt-rules:jar
2026-04-30T07:29:00.0521638Z > Task :app:detekt
2026-04-30T07:29:11.0521896Z gradle/actions: Writing build results to /home/runner/work/_temp/.gradle-actions/build-results/__run_3-1777534080558.json
2026-04-30T07:29:11.0523056Z 
2026-04-30T07:29:11.0524000Z [Incubating] Problems report is available at: file:///home/runner/work/prismTask/prismTask/build/reports/problems/problems-report.html
2026-04-30T07:29:11.0524990Z 
2026-04-30T07:29:11.0525595Z Deprecated Gradle features were used in this build, making it incompatible with Gradle 10.
2026-04-30T07:29:11.0526348Z 
2026-04-30T07:29:11.0527141Z You can use '--warning-mode all' to show the individual deprecation warnings and determine if they come from your own scripts or plugins.
2026-04-30T07:29:11.0528082Z 
2026-04-30T07:29:11.0528996Z For more on this, please refer to https://docs.gradle.org/9.3.1/userguide/command_line_interface.html#sec:command_line_warnings in the Gradle documentation.
2026-04-30T07:29:11.0530108Z 
2026-04-30T07:29:11.0539539Z BUILD SUCCESSFUL in 1m 16s
2026-04-30T07:29:11.0540645Z 4 actionable tasks: 4 executed
2026-04-30T07:29:11.4016486Z ##[group]Run ./gradlew lintDebug --continue
2026-04-30T07:29:11.4016902Z [36;1m./gradlew lintDebug --continue[0m
2026-04-30T07:29:11.4039963Z shell: /usr/bin/bash -e {0}
2026-04-30T07:29:11.4040266Z env:
2026-04-30T07:29:11.4040852Z   JAVA_HOME: /opt/hostedtoolcache/Java_Temurin-Hotspot_jdk/21.0.10-7/x64
2026-04-30T07:29:11.4041426Z   JAVA_HOME_21_X64: /opt/hostedtoolcache/Java_Temurin-Hotspot_jdk/21.0.10-7/x64
2026-04-30T07:29:11.4041920Z   GRADLE_ACTION_ID: gradle/actions/setup-gradle
2026-04-30T07:29:11.4042278Z   GRADLE_USER_HOME: /home/runner/.gradle
2026-04-30T07:29:11.4042618Z   GRADLE_BUILD_ACTION_SETUP_COMPLETED: true
2026-04-30T07:29:11.4042960Z   GRADLE_BUILD_ACTION_CACHE_RESTORED: true
2026-04-30T07:29:11.4043450Z   DEVELOCITY_INJECTION_INIT_SCRIPT_NAME: gradle-actions.inject-develocity.init.gradle
2026-04-30T07:29:11.4043969Z   DEVELOCITY_INJECTION_CUSTOM_VALUE: gradle-actions
2026-04-30T07:29:11.4044334Z   GITHUB_DEPENDENCY_GRAPH_ENABLED: false
2026-04-30T07:29:11.4044691Z ##[endgroup]
2026-04-30T07:29:12.1847259Z Configuration on demand is an incubating feature.
2026-04-30T07:29:12.5821052Z 
2026-04-30T07:29:12.5841597Z > Configure project :app
2026-04-30T07:29:12.5900638Z WARNING: The option setting 'android.builtInKotlin=false' is deprecated.
2026-04-30T07:29:12.5901731Z The current default is 'true'.
2026-04-30T07:29:12.5902581Z It will be removed in version 10.0 of the Android Gradle plugin.
2026-04-30T07:29:12.5903105Z WARNING: The option setting 'android.newDsl=false' is deprecated.
2026-04-30T07:29:12.5903518Z The current default is 'true'.
2026-04-30T07:29:12.5903903Z It will be removed in version 10.0 of the Android Gradle plugin.
2026-04-30T07:29:12.5904565Z WARNING: The option setting 'android.dependency.excludeLibraryComponentsFromConstraints=true' is deprecated.
2026-04-30T07:29:12.5905159Z The current default is 'false'.
2026-04-30T07:29:12.5905534Z It will be removed in version 10.0 of the Android Gradle plugin.
2026-04-30T07:29:12.5906001Z Following can be set instead to achieve a similar behaviour.
2026-04-30T07:29:12.5906410Z     android.dependency.useConstraints=false
2026-04-30T07:29:12.5907218Z w: ⚠️ Deprecated 'org.jetbrains.kotlin.android' plugin usage
2026-04-30T07:29:12.5907880Z The 'org.jetbrains.kotlin.android' plugin in project ':app' is no longer required for Kotlin support since AGP 9.0.
2026-04-30T07:29:12.5908762Z Solution: Remove both `android.builtInKotlin=true` and `android.newDsl=false` from `gradle.properties`, then migrate to built-in Kotlin.
2026-04-30T07:29:12.5909498Z See https://kotl.in/gradle/agp-built-in-kotlin for more details.
2026-04-30T07:29:12.5909790Z 
2026-04-30T07:29:13.5841081Z 
2026-04-30T07:29:13.5842003Z > Task :app:checkKotlinGradlePluginConfigurationErrors SKIPPED
2026-04-30T07:29:13.5852901Z > Task :app:preBuild UP-TO-DATE
2026-04-30T07:29:13.5853510Z > Task :app:preDebugBuild UP-TO-DATE
2026-04-30T07:29:13.5854062Z > Task :app:generateDebugBuildConfig
2026-04-30T07:29:13.5854615Z > Task :app:generateDebugResValues
2026-04-30T07:29:13.6815606Z > Task :app:generateDebugResources
2026-04-30T07:29:13.6816228Z > Task :app:injectCrashlyticsMappingFileIdDebug
2026-04-30T07:29:13.6816642Z > Task :app:processDebugGoogleServices
2026-04-30T07:29:13.9833949Z > Task :app:packageDebugResources
2026-04-30T07:29:43.9845121Z > Task :app:processDebugNavigationResources
2026-04-30T07:29:44.9812444Z > Task :app:parseDebugLocalResources
2026-04-30T07:29:45.3819999Z > Task :app:javaPreCompileDebug
2026-04-30T07:29:45.4818433Z > Task :app:generateDebugRFile
2026-04-30T07:29:45.5815729Z > Task :app:checkDebugAarMetadata
2026-04-30T07:29:49.4819984Z > Task :app:mapDebugSourceSetPaths
2026-04-30T07:29:49.5842835Z > Task :app:compileDebugNavigationResources
2026-04-30T07:29:50.7813432Z > Task :app:createDebugCompatibleScreenManifests
2026-04-30T07:29:50.7851209Z > Task :app:extractDeepLinksDebug
2026-04-30T07:29:52.4812212Z > Task :app:processDebugMainManifest
2026-04-30T07:29:52.6812752Z > Task :app:mergeDebugResources
2026-04-30T07:29:52.6819839Z > Task :app:processDebugManifest
2026-04-30T07:29:52.6821007Z > Task :app:preDebugAndroidTestBuild SKIPPED
2026-04-30T07:29:52.6821873Z > Task :app:generateDebugAndroidTestResValues FROM-CACHE
2026-04-30T07:29:52.7827662Z > Task :app:extractProguardFiles
2026-04-30T07:29:52.7853229Z > Task :app:preDebugUnitTestBuild UP-TO-DATE
2026-04-30T07:29:52.7871363Z > Task :app:processDebugManifestForPackage
2026-04-30T07:29:55.3813250Z > Task :app:processDebugResources
2026-04-30T07:30:15.5812104Z > Task :app:kspDebugKotlin
2026-04-30T07:30:56.4812684Z > Task :app:compileDebugKotlin
2026-04-30T07:31:15.5833480Z e: file:///home/runner/work/prismTask/prismTask/app/src/main/java/com/averycorp/prismtask/ui/screens/tasklist/components/TaskListItemScopes.kt:453:17 Unresolved reference 'drawRoundRect'.
2026-04-30T07:31:15.5834641Z 
2026-04-30T07:31:15.5838034Z e: file:///home/runner/work/prismTask/prismTask/app/src/main/java/com/averycorp/prismtask/ui/screens/tasklist/components/TaskListItemScopes.kt:456:54 Unresolved reference 'toPx'.
2026-04-30T07:31:15.5839268Z > Task :app:compileDebugKotlin FAILED
2026-04-30T07:31:15.5841347Z e: file:///home/runner/work/prismTask/prismTask/app/src/main/java/com/averycorp/prismtask/ui/screens/tasklist/components/TaskListItemScopes.kt:456:67 Unresolved reference 'toPx'.
2026-04-30T07:31:15.5843095Z gradle/actions: Writing build results to /home/runner/work/_temp/.gradle-actions/build-results/__run_4-1777534152120.json
2026-04-30T07:31:15.5846366Z e: file:///home/runner/work/prismTask/prismTask/app/src/main/java/com/averycorp/prismtask/ui/screens/tasklist/components/TaskListItemScopes.kt:460:13 Suspend function 'suspend fun PointerInputScope.detectTapGestures(onDoubleTap: ((Offset) -> Unit)? = ..., onLongPress: ((Offset) -> Unit)? = ..., onPress: suspend PressGestureScope.(Offset) -> Unit = ..., onTap: ((Offset) -> Unit)? = ...): Unit' can only be called from a coroutine or another suspend function.
2026-04-30T07:31:15.5848974Z e: file:///home/runner/work/prismTask/prismTask/app/src/main/java/com/averycorp/prismtask/ui/screens/tasklist/components/TaskListItemScopes.kt:460:13 Unresolved reference. None of the following candidates is applicable because of a receiver type mismatch:
2026-04-30T07:31:15.5851198Z suspend fun PointerInputScope.detectTapGestures(onDoubleTap: ((Offset) -> Unit)? = ..., onLongPress: ((Offset) -> Unit)? = ..., onPress: suspend PressGestureScope.(Offset) -> Unit = ..., onTap: ((Offset) -> Unit)? = ...): Unit
2026-04-30T07:31:15.5853372Z e: file:///home/runner/work/prismTask/prismTask/app/src/main/java/com/averycorp/prismtask/ui/screens/tasklist/components/TaskListItemScopes.kt:462:21 Unresolved reference 'startTransfer'.
2026-04-30T07:31:15.5854641Z 
2026-04-30T07:31:15.5854958Z FAILURE: Build failed with an exception.
2026-04-30T07:31:15.5855385Z 
2026-04-30T07:31:15.5888101Z * What went wrong:
2026-04-30T07:31:15.5888561Z Execution failed for task ':app:compileDebugKotlin'.
2026-04-30T07:31:15.5889241Z > A failure occurred while executing org.jetbrains.kotlin.compilerRunner.btapi.BuildToolsApiCompilationWork
2026-04-30T07:31:15.5889876Z    > Compilation error. See log for more details
2026-04-30T07:31:15.5890107Z 
2026-04-30T07:31:15.5890447Z * Try:
2026-04-30T07:31:15.5890880Z > Run with --stacktrace option to get the stack trace.
2026-04-30T07:31:15.5891440Z > Run with --info or --debug option to get more log output.
2026-04-30T07:31:15.5892122Z > Run with --scan to get full insights from a Build Scan (powered by Develocity).
2026-04-30T07:31:15.5892758Z > Get more help at https://help.gradle.org.
2026-04-30T07:31:15.5893073Z 
2026-04-30T07:31:15.5893223Z BUILD FAILED in 2m 4s
2026-04-30T07:31:15.5893435Z 
2026-04-30T07:31:15.5894049Z [Incubating] Problems report is available at: file:///home/runner/work/prismTask/prismTask/build/reports/problems/problems-report.html
2026-04-30T07:31:15.5894785Z 
2026-04-30T07:31:15.5895072Z Deprecated Gradle features were used in this build, making it incompatible with Gradle 10.
2026-04-30T07:31:15.5895435Z 
2026-04-30T07:31:15.5896172Z You can use '--warning-mode all' to show the individual deprecation warnings and determine if they come from your own scripts or plugins.
2026-04-30T07:31:15.5896676Z 
2026-04-30T07:31:15.5897167Z For more on this, please refer to https://docs.gradle.org/9.3.1/userguide/command_line_interface.html#sec:command_line_warnings in the Gradle documentation.
2026-04-30T07:31:15.5897865Z 24 actionable tasks: 23 executed, 1 from cache
2026-04-30T07:31:15.6666397Z ##[error]Process completed with exit code 1.
2026-04-30T07:31:15.6742927Z ##[group]Run ./gradlew compileDebugAndroidTestKotlin --continue
2026-04-30T07:31:15.6743740Z [36;1m./gradlew compileDebugAndroidTestKotlin --continue[0m
2026-04-30T07:31:15.6773815Z shell: /usr/bin/bash -e {0}
2026-04-30T07:31:15.6774246Z env:
2026-04-30T07:31:15.6774798Z   JAVA_HOME: /opt/hostedtoolcache/Java_Temurin-Hotspot_jdk/21.0.10-7/x64
2026-04-30T07:31:15.6775660Z   JAVA_HOME_21_X64: /opt/hostedtoolcache/Java_Temurin-Hotspot_jdk/21.0.10-7/x64
2026-04-30T07:31:15.6776400Z   GRADLE_ACTION_ID: gradle/actions/setup-gradle
2026-04-30T07:31:15.6776944Z   GRADLE_USER_HOME: /home/runner/.gradle
2026-04-30T07:31:15.6777469Z   GRADLE_BUILD_ACTION_SETUP_COMPLETED: true
2026-04-30T07:31:15.6778005Z   GRADLE_BUILD_ACTION_CACHE_RESTORED: true
2026-04-30T07:31:15.6778755Z   DEVELOCITY_INJECTION_INIT_SCRIPT_NAME: gradle-actions.inject-develocity.init.gradle
2026-04-30T07:31:15.6779815Z   DEVELOCITY_INJECTION_CUSTOM_VALUE: gradle-actions
2026-04-30T07:31:15.6780959Z   GITHUB_DEPENDENCY_GRAPH_ENABLED: false
2026-04-30T07:31:15.6781383Z ##[endgroup]
2026-04-30T07:31:16.4561767Z Configuration on demand is an incubating feature.
2026-04-30T07:31:16.6530690Z 
2026-04-30T07:31:16.6590975Z > Configure project :app
2026-04-30T07:31:16.6592047Z WARNING: The option setting 'android.builtInKotlin=false' is deprecated.
2026-04-30T07:31:16.6593691Z The current default is 'true'.
2026-04-30T07:31:16.6594259Z It will be removed in version 10.0 of the Android Gradle plugin.
2026-04-30T07:31:16.6594968Z WARNING: The option setting 'android.newDsl=false' is deprecated.
2026-04-30T07:31:16.6595658Z The current default is 'true'.
2026-04-30T07:31:16.6596200Z It will be removed in version 10.0 of the Android Gradle plugin.
2026-04-30T07:31:16.6597220Z WARNING: The option setting 'android.dependency.excludeLibraryComponentsFromConstraints=true' is deprecated.
2026-04-30T07:31:16.6598145Z The current default is 'false'.
2026-04-30T07:31:16.6598698Z It will be removed in version 10.0 of the Android Gradle plugin.
2026-04-30T07:31:16.6599387Z Following can be set instead to achieve a similar behaviour.
2026-04-30T07:31:16.6600013Z     android.dependency.useConstraints=false
2026-04-30T07:31:16.6633226Z w: ⚠️ Deprecated 'org.jetbrains.kotlin.android' plugin usage
2026-04-30T07:31:16.6639541Z The 'org.jetbrains.kotlin.android' plugin in project ':app' is no longer required for Kotlin support since AGP 9.0.
2026-04-30T07:31:16.6661838Z Solution: Remove both `android.builtInKotlin=true` and `android.newDsl=false` from `gradle.properties`, then migrate to built-in Kotlin.
2026-04-30T07:31:16.6663041Z See https://kotl.in/gradle/agp-built-in-kotlin for more details.
2026-04-30T07:31:16.6663516Z 
2026-04-30T07:31:16.7543225Z 
2026-04-30T07:31:16.7544336Z > Task :app:checkKotlinGradlePluginConfigurationErrors SKIPPED
2026-04-30T07:31:16.7545532Z > Task :app:preBuild UP-TO-DATE
2026-04-30T07:31:16.7546337Z > Task :app:preDebugBuild UP-TO-DATE
2026-04-30T07:31:16.7547136Z > Task :app:generateDebugBuildConfig UP-TO-DATE
2026-04-30T07:31:16.7547947Z > Task :app:generateDebugResValues UP-TO-DATE
2026-04-30T07:31:16.7548698Z > Task :app:generateDebugResources UP-TO-DATE
2026-04-30T07:31:16.7549513Z > Task :app:injectCrashlyticsMappingFileIdDebug UP-TO-DATE
2026-04-30T07:31:16.7550581Z > Task :app:processDebugGoogleServices UP-TO-DATE
2026-04-30T07:31:16.7551416Z > Task :app:packageDebugResources UP-TO-DATE
2026-04-30T07:31:16.9535335Z > Task :app:processDebugNavigationResources UP-TO-DATE
2026-04-30T07:31:16.9543948Z > Task :app:parseDebugLocalResources UP-TO-DATE
2026-04-30T07:31:16.9544873Z > Task :app:generateDebugRFile UP-TO-DATE
2026-04-30T07:31:16.9545594Z > Task :app:kspDebugKotlin UP-TO-DATE
2026-04-30T07:31:17.1541905Z > Task :app:javaPreCompileDebug UP-TO-DATE
2026-04-30T07:31:17.1611479Z > Task :app:checkDebugAarMetadata UP-TO-DATE
2026-04-30T07:31:17.1641487Z > Task :app:mapDebugSourceSetPaths UP-TO-DATE
2026-04-30T07:31:17.1669887Z > Task :app:compileDebugNavigationResources UP-TO-DATE
2026-04-30T07:31:17.1671395Z > Task :app:mergeDebugResources UP-TO-DATE
2026-04-30T07:31:17.1672085Z > Task :app:createDebugCompatibleScreenManifests UP-TO-DATE
2026-04-30T07:31:17.1672716Z > Task :app:extractDeepLinksDebug UP-TO-DATE
2026-04-30T07:31:17.2538989Z > Task :app:processDebugMainManifest UP-TO-DATE
2026-04-30T07:31:17.2547839Z > Task :app:processDebugManifest UP-TO-DATE
2026-04-30T07:31:17.2548830Z > Task :app:processDebugManifestForPackage UP-TO-DATE
2026-04-30T07:31:17.2549678Z > Task :app:processDebugResources UP-TO-DATE
2026-04-30T07:31:17.2550651Z > Task :app:preDebugAndroidTestBuild SKIPPED
2026-04-30T07:31:19.8551890Z > Task :app:processDebugAndroidTestManifest
2026-04-30T07:31:19.8581681Z > Task :app:generateDebugAndroidTestBuildConfig
2026-04-30T07:31:19.8601272Z > Task :app:generateDebugAndroidTestResValues UP-TO-DATE
2026-04-30T07:31:19.8631145Z > Task :app:generateDebugAndroidTestResources
2026-04-30T07:31:19.8647010Z > Task :app:packageDebugAndroidTestResources
2026-04-30T07:31:19.8663662Z > Task :app:processDebugAndroidTestNavigationResources
2026-04-30T07:31:19.8693268Z > Task :app:parseDebugAndroidTestLocalResources
2026-04-30T07:31:19.9547135Z > Task :app:generateDebugAndroidTestRFile
2026-04-30T07:31:41.9561304Z 
2026-04-30T07:31:41.9567893Z e: file:///home/runner/work/prismTask/prismTask/app/src/main/java/com/averycorp/prismtask/ui/screens/tasklist/components/TaskListItemScopes.kt:453:17 Unresolved reference 'drawRoundRect'.
2026-04-30T07:31:41.9569397Z > Task :app:compileDebugKotlin FAILED
2026-04-30T07:31:41.9601971Z e: file:///home/runner/work/prismTask/prismTask/app/src/main/java/com/averycorp/prismtask/ui/screens/tasklist/components/TaskListItemScopes.kt:456:54 Unresolved reference 'toPx'.
2026-04-30T07:31:41.9603789Z gradle/actions: Writing build results to /home/runner/work/_temp/.gradle-actions/build-results/__run_6-1777534276387.json
2026-04-30T07:31:41.9632007Z e: file:///home/runner/work/prismTask/prismTask/app/src/main/java/com/averycorp/prismtask/ui/screens/tasklist/components/TaskListItemScopes.kt:456:67 Unresolved reference 'toPx'.
2026-04-30T07:31:41.9633239Z 
2026-04-30T07:31:41.9652695Z e: file:///home/runner/work/prismTask/prismTask/app/src/main/java/com/averycorp/prismtask/ui/screens/tasklist/components/TaskListItemScopes.kt:460:13 Suspend function 'suspend fun PointerInputScope.detectTapGestures(onDoubleTap: ((Offset) -> Unit)? = ..., onLongPress: ((Offset) -> Unit)? = ..., onPress: suspend PressGestureScope.(Offset) -> Unit = ..., onTap: ((Offset) -> Unit)? = ...): Unit' can only be called from a coroutine or another suspend function.
2026-04-30T07:31:41.9655888Z [Incubating] Problems report is available at: file:///home/runner/work/prismTask/prismTask/build/reports/problems/problems-report.html
2026-04-30T07:31:41.9672272Z e: file:///home/runner/work/prismTask/prismTask/app/src/main/java/com/averycorp/prismtask/ui/screens/tasklist/components/TaskListItemScopes.kt:460:13 Unresolved reference. None of the following candidates is applicable because of a receiver type mismatch:
2026-04-30T07:31:41.9674029Z 
2026-04-30T07:31:41.9701704Z suspend fun PointerInputScope.detectTapGestures(onDoubleTap: ((Offset) -> Unit)? = ..., onLongPress: ((Offset) -> Unit)? = ..., onPress: suspend PressGestureScope.(Offset) -> Unit = ..., onTap: ((Offset) -> Unit)? = ...): Unit
2026-04-30T07:31:41.9703148Z Deprecated Gradle features were used in this build, making it incompatible with Gradle 10.
2026-04-30T07:31:41.9731908Z e: file:///home/runner/work/prismTask/prismTask/app/src/main/java/com/averycorp/prismtask/ui/screens/tasklist/components/TaskListItemScopes.kt:462:21 Unresolved reference 'startTransfer'.
2026-04-30T07:31:41.9733191Z 
2026-04-30T07:31:41.9760678Z 
2026-04-30T07:31:41.9761461Z You can use '--warning-mode all' to show the individual deprecation warnings and determine if they come from your own scripts or plugins.
2026-04-30T07:31:41.9790872Z FAILURE: Build failed with an exception.
2026-04-30T07:31:41.9791304Z 
2026-04-30T07:31:41.9820776Z 
2026-04-30T07:31:41.9821993Z For more on this, please refer to https://docs.gradle.org/9.3.1/userguide/command_line_interface.html#sec:command_line_warnings in the Gradle documentation.
2026-04-30T07:31:41.9866077Z * What went wrong:
2026-04-30T07:31:41.9866560Z 30 actionable tasks: 8 executed, 22 up-to-date
2026-04-30T07:31:41.9883783Z Execution failed for task ':app:compileDebugKotlin'.
2026-04-30T07:31:41.9931389Z > A failure occurred while executing org.jetbrains.kotlin.compilerRunner.btapi.BuildToolsApiCompilationWork
2026-04-30T07:31:41.9934466Z    > Compilation error. See log for more details
2026-04-30T07:31:41.9960744Z 
2026-04-30T07:31:41.9990860Z * Try:
2026-04-30T07:31:42.0021027Z > Run with --stacktrace option to get the stack trace.
2026-04-30T07:31:42.0021959Z > Run with --info or --debug option to get more log output.
2026-04-30T07:31:42.0023784Z > Run with --scan to get full insights from a Build Scan (powered by Develocity).
2026-04-30T07:31:42.0051083Z > Get more help at https://help.gradle.org.
2026-04-30T07:31:42.0062070Z 
2026-04-30T07:31:42.0062428Z BUILD FAILED in 26s
2026-04-30T07:31:42.1084208Z ##[error]Process completed with exit code 1.
2026-04-30T07:31:42.1135239Z ##[group]Run set -euo pipefail
2026-04-30T07:31:42.1135794Z [36;1mset -euo pipefail[0m
2026-04-30T07:31:42.1136250Z [36;1mshopt -s globstar nullglob[0m
2026-04-30T07:31:42.1136773Z [36;1mxmls=(app/build/test-results/**/*.xml)[0m
2026-04-30T07:31:42.1137280Z [36;1mif [ ${#xmls[@]} -eq 0 ]; then[0m
2026-04-30T07:31:42.1138109Z [36;1m  echo "::error::No JUnit XML results found under app/build/test-results/. Did the test task run?"[0m
2026-04-30T07:31:42.1138907Z [36;1m  exit 1[0m
2026-04-30T07:31:42.1139282Z [36;1mfi[0m
2026-04-30T07:31:42.1139627Z [36;1mfailed=0[0m
2026-04-30T07:31:42.1140016Z [36;1mfor f in "${xmls[@]}"; do[0m
2026-04-30T07:31:42.1140938Z [36;1m  fails=$(grep -oE 'failures="[0-9]+"' "$f" | head -n1 | grep -oE '[0-9]+' || echo 0)[0m
2026-04-30T07:31:42.1141864Z [36;1m  errs=$(grep -oE 'errors="[0-9]+"' "$f" | head -n1 | grep -oE '[0-9]+' || echo 0)[0m
2026-04-30T07:31:42.1142734Z [36;1m  if [ "${fails:-0}" -gt 0 ] || [ "${errs:-0}" -gt 0 ]; then[0m
2026-04-30T07:31:42.1143488Z [36;1m    echo "::error file=${f}::${fails} failure(s), ${errs} error(s) in ${f}"[0m
2026-04-30T07:31:42.1144184Z [36;1m    failed=$((failed + fails + errs))[0m
2026-04-30T07:31:42.1144686Z [36;1m  fi[0m
2026-04-30T07:31:42.1145046Z [36;1mdone[0m
2026-04-30T07:31:42.1145413Z [36;1mif [ "$failed" -gt 0 ]; then[0m
2026-04-30T07:31:42.1146317Z [36;1m  echo "::error::${failed} unit-test failure(s)/error(s) detected. See annotations and the test-results artifact."[0m
2026-04-30T07:31:42.1147174Z [36;1m  exit 1[0m
2026-04-30T07:31:42.1147549Z [36;1mfi[0m
2026-04-30T07:31:42.1147981Z [36;1mecho "All ${#xmls[@]} JUnit XML reports clean."[0m
2026-04-30T07:31:42.1179930Z shell: /usr/bin/bash --noprofile --norc -e -o pipefail {0}
2026-04-30T07:31:42.1180796Z env:
2026-04-30T07:31:42.1181340Z   JAVA_HOME: /opt/hostedtoolcache/Java_Temurin-Hotspot_jdk/21.0.10-7/x64
2026-04-30T07:31:42.1182179Z   JAVA_HOME_21_X64: /opt/hostedtoolcache/Java_Temurin-Hotspot_jdk/21.0.10-7/x64
2026-04-30T07:31:42.1182890Z   GRADLE_ACTION_ID: gradle/actions/setup-gradle
2026-04-30T07:31:42.1183432Z   GRADLE_USER_HOME: /home/runner/.gradle
2026-04-30T07:31:42.1183942Z   GRADLE_BUILD_ACTION_SETUP_COMPLETED: true
2026-04-30T07:31:42.1184452Z   GRADLE_BUILD_ACTION_CACHE_RESTORED: true
2026-04-30T07:31:42.1185189Z   DEVELOCITY_INJECTION_INIT_SCRIPT_NAME: gradle-actions.inject-develocity.init.gradle
2026-04-30T07:31:42.1185970Z   DEVELOCITY_INJECTION_CUSTOM_VALUE: gradle-actions
2026-04-30T07:31:42.1186534Z   GITHUB_DEPENDENCY_GRAPH_ENABLED: false
2026-04-30T07:31:42.1187011Z ##[endgroup]
2026-04-30T07:31:42.9994088Z All 180 JUnit XML reports clean.
2026-04-30T07:31:43.0066876Z ##[group]Run actions/github-script@v7
2026-04-30T07:31:43.0067214Z with:
2026-04-30T07:31:43.0069782Z   script: const fs = require('fs');
let body = '### CI Unit Test Failure\n\n';
try {
  const raw = fs.readFileSync('unit-test-output.log', 'utf8');
  const lines = raw.split('\n');
  const errorLines = lines.filter(l =>
    /\be:\b|FAILED|Compilation error|Unresolved reference|not abstract|does not implement/.test(l)
  );
  const tail = lines.slice(-30).join('\n');
  const errors = errorLines.length > 0
    ? errorLines.join('\n')
    : 'No specific error lines matched. Last 30 lines shown.';
  body += '**Error lines:**\n```\n' + errors.slice(0, 2000) + '\n```\n';
  body += '\n**Build tail:**\n```\n' + tail.slice(0, 2000) + '\n```';
} catch (e) {
  body += 'Could not read unit-test-output.log: ' + e.message;
}
await github.rest.issues.createComment({
  owner: context.repo.owner,
  repo: context.repo.repo,
  issue_number: context.issue.number,
  body
});

2026-04-30T07:31:43.0072853Z   github-token: ***
2026-04-30T07:31:43.0073123Z   debug: false
2026-04-30T07:31:43.0073392Z   user-agent: actions/github-script
2026-04-30T07:31:43.0073926Z   result-encoding: json
2026-04-30T07:31:43.0074194Z   retries: 0
2026-04-30T07:31:43.0074472Z   retry-exempt-status-codes: 400,401,403,404,422
2026-04-30T07:31:43.0074809Z env:
2026-04-30T07:31:43.0075155Z   JAVA_HOME: /opt/hostedtoolcache/Java_Temurin-Hotspot_jdk/21.0.10-7/x64
2026-04-30T07:31:43.0075680Z   JAVA_HOME_21_X64: /opt/hostedtoolcache/Java_Temurin-Hotspot_jdk/21.0.10-7/x64
2026-04-30T07:31:43.0076137Z   GRADLE_ACTION_ID: gradle/actions/setup-gradle
2026-04-30T07:31:43.0076491Z   GRADLE_USER_HOME: /home/runner/.gradle
2026-04-30T07:31:43.0076821Z   GRADLE_BUILD_ACTION_SETUP_COMPLETED: true
2026-04-30T07:31:43.0077161Z   GRADLE_BUILD_ACTION_CACHE_RESTORED: true
2026-04-30T07:31:43.0077641Z   DEVELOCITY_INJECTION_INIT_SCRIPT_NAME: gradle-actions.inject-develocity.init.gradle
2026-04-30T07:31:43.0078164Z   DEVELOCITY_INJECTION_CUSTOM_VALUE: gradle-actions
2026-04-30T07:31:43.0078523Z   GITHUB_DEPENDENCY_GRAPH_ENABLED: false
2026-04-30T07:31:43.0078832Z ##[endgroup]
2026-04-30T07:31:43.3567984Z RequestError [HttpError]: Resource not accessible by integration
2026-04-30T07:31:43.3568869Z     at /home/runner/work/_actions/actions/github-script/v7/dist/index.js:9537:21
2026-04-30T07:31:43.3569838Z     at process.processTicksAndRejections (node:internal/process/task_queues:95:5)
2026-04-30T07:31:43.3571248Z     at async eval (eval at callAsyncFunction (/home/runner/work/_actions/actions/github-script/v7/dist/index.js:36187:16), <anonymous>:20:1)
2026-04-30T07:31:43.3572546Z     at async main (/home/runner/work/_actions/actions/github-script/v7/dist/index.js:36285:20) {
2026-04-30T07:31:43.3573290Z   status: 403,
2026-04-30T07:31:43.3573658Z   response: {
2026-04-30T07:31:43.3574253Z     url: 'https://api.github.com/repos/averycorp/prismTask/issues/980/comments',
2026-04-30T07:31:43.3574928Z     status: 403,
2026-04-30T07:31:43.3575291Z     headers: {
2026-04-30T07:31:43.3575720Z       'access-control-allow-origin': '*',
2026-04-30T07:31:43.3577944Z       'access-control-expose-headers': 'ETag, Link, Location, Retry-After, X-GitHub-OTP, X-RateLimit-Limit, X-RateLimit-Remaining, X-RateLimit-Used, X-RateLimit-Resource, X-RateLimit-Reset, X-OAuth-Scopes, X-Accepted-OAuth-Scopes, X-Poll-Interval, X-GitHub-Media-Type, X-GitHub-SSO, X-GitHub-Request-Id, Deprecation, Sunset',
2026-04-30T07:31:43.3580079Z       'content-encoding': 'gzip',
2026-04-30T07:31:43.3580820Z       'content-security-policy': "default-src 'none'",
2026-04-30T07:31:43.3581452Z       'content-type': 'application/json; charset=utf-8',
2026-04-30T07:31:43.3582007Z       date: 'Thu, 30 Apr 2026 07:31:43 GMT',
2026-04-30T07:31:43.3582737Z       'referrer-policy': 'origin-when-cross-origin, strict-origin-when-cross-origin',
2026-04-30T07:31:43.3583469Z       server: 'github.com',
2026-04-30T07:31:43.3584151Z       'strict-transport-security': 'max-age=31536000; includeSubdomains; preload',
2026-04-30T07:31:43.3585364Z       'transfer-encoding': 'chunked',
2026-04-30T07:31:43.3585945Z       vary: 'Accept-Encoding, Accept, X-Requested-With',
2026-04-30T07:31:43.3586686Z       'x-accepted-github-permissions': 'issues=write; pull_requests=write',
2026-04-30T07:31:43.3587379Z       'x-content-type-options': 'nosniff',
2026-04-30T07:31:43.3587897Z       'x-frame-options': 'deny',
2026-04-30T07:31:43.3588428Z       'x-github-api-version-selected': '2022-11-28',
2026-04-30T07:31:43.3589047Z       'x-github-media-type': 'github.v3; format=json',
2026-04-30T07:31:43.3589717Z       'x-github-request-id': '8C30:2D959E:248D6BE:8FE8C0F:69F3055F',
2026-04-30T07:31:43.3590547Z       'x-ratelimit-limit': '5000',
2026-04-30T07:31:43.3602999Z       'x-ratelimit-remaining': '2276',
2026-04-30T07:31:43.3603527Z       'x-ratelimit-reset': '1777535170',
2026-04-30T07:31:43.3604019Z       'x-ratelimit-resource': 'core',
2026-04-30T07:31:43.3604506Z       'x-ratelimit-used': '2724',
2026-04-30T07:31:43.3604986Z       'x-xss-protection': '0'
2026-04-30T07:31:43.3605414Z     },
2026-04-30T07:31:43.3605751Z     data: {
2026-04-30T07:31:43.3606453Z       message: 'Resource not accessible by integration',
2026-04-30T07:31:43.3607322Z       documentation_url: 'https://docs.github.com/rest/issues/comments#create-an-issue-comment',
2026-04-30T07:31:43.3608112Z       status: '403'
2026-04-30T07:31:43.3608490Z     }
2026-04-30T07:31:43.3608811Z   },
2026-04-30T07:31:43.3609138Z   request: {
2026-04-30T07:31:43.3609496Z     method: 'POST',
2026-04-30T07:31:43.3610113Z     url: 'https://api.github.com/repos/averycorp/prismTask/issues/980/comments',
2026-04-30T07:31:43.3610958Z     headers: {
2026-04-30T07:31:43.3611456Z       accept: 'application/vnd.github.v3+json',
2026-04-30T07:31:43.3612301Z       'user-agent': 'actions/github-script octokit-core.js/5.0.1 Node.js/20.20.2 (linux; x64)',
2026-04-30T07:31:43.3613100Z       authorization: 'token [REDACTED]',
2026-04-30T07:31:43.3613678Z       'content-type': 'application/json; charset=utf-8'
2026-04-30T07:31:43.3614228Z     },
2026-04-30T07:31:43.3615154Z     body: `{"body":"### CI Unit Test Failure\\n\\nCould not read unit-test-output.log: ENOENT: no such file or directory, open 'unit-test-output.log'"}`,
2026-04-30T07:31:43.3616194Z     request: {
2026-04-30T07:31:43.3616573Z       agent: [Agent],
2026-04-30T07:31:43.3616986Z       fetch: [Function: proxyFetch],
2026-04-30T07:31:43.3617486Z       hook: [Function: bound bound register]
2026-04-30T07:31:43.3617952Z     }
2026-04-30T07:31:43.3618268Z   }
2026-04-30T07:31:43.3618590Z }
2026-04-30T07:31:43.3630937Z ##[error]Unhandled error: HttpError: Resource not accessible by integration
2026-04-30T07:31:43.4328601Z ##[group]Run actions/upload-artifact@v4
2026-04-30T07:31:43.4328953Z with:
2026-04-30T07:31:43.4329190Z   name: lint-report
2026-04-30T07:31:43.4329491Z   path: app/build/reports/lint-results-debug.html
2026-04-30T07:31:43.4329837Z   retention-days: 7
2026-04-30T07:31:43.4330089Z   if-no-files-found: warn
2026-04-30T07:31:43.4330574Z   compression-level: 6
2026-04-30T07:31:43.4330836Z   overwrite: false
2026-04-30T07:31:43.4331099Z   include-hidden-files: false
2026-04-30T07:31:43.4331400Z env:
2026-04-30T07:31:43.4331740Z   JAVA_HOME: /opt/hostedtoolcache/Java_Temurin-Hotspot_jdk/21.0.10-7/x64
2026-04-30T07:31:43.4332270Z   JAVA_HOME_21_X64: /opt/hostedtoolcache/Java_Temurin-Hotspot_jdk/21.0.10-7/x64
2026-04-30T07:31:43.4332725Z   GRADLE_ACTION_ID: gradle/actions/setup-gradle
2026-04-30T07:31:43.4333069Z   GRADLE_USER_HOME: /home/runner/.gradle
2026-04-30T07:31:43.4333405Z   GRADLE_BUILD_ACTION_SETUP_COMPLETED: true
2026-04-30T07:31:43.4333772Z   GRADLE_BUILD_ACTION_CACHE_RESTORED: true
2026-04-30T07:31:43.4334251Z   DEVELOCITY_INJECTION_INIT_SCRIPT_NAME: gradle-actions.inject-develocity.init.gradle
2026-04-30T07:31:43.4334756Z   DEVELOCITY_INJECTION_CUSTOM_VALUE: gradle-actions
2026-04-30T07:31:43.4335113Z   GITHUB_DEPENDENCY_GRAPH_ENABLED: false
2026-04-30T07:31:43.4335417Z ##[endgroup]
2026-04-30T07:31:43.6516132Z With the provided path, there will be 1 file uploaded
2026-04-30T07:31:43.6520957Z Artifact name is valid!
2026-04-30T07:31:43.6522242Z Root directory input is valid!
2026-04-30T07:31:43.8715592Z Beginning upload of artifact content to blob storage
2026-04-30T07:31:44.0482432Z Uploaded bytes 40297
2026-04-30T07:31:44.0843605Z Finished uploading artifact content to blob storage!
2026-04-30T07:31:44.0846775Z SHA256 digest of uploaded artifact zip is 4ee875b81a3d57cacdbd5303f5af00e370188e167390b48477289c15badcea6d
2026-04-30T07:31:44.0848717Z Finalizing artifact upload
2026-04-30T07:31:44.2231727Z Artifact lint-report.zip successfully finalized. Artifact ID 6724945377
2026-04-30T07:31:44.2232804Z Artifact lint-report has been successfully uploaded! Final size is 40297 bytes. Artifact ID is 6724945377
2026-04-30T07:31:44.2240052Z Artifact download URL: https://github.com/averycorp/prismTask/actions/runs/25153015009/artifacts/6724945377
2026-04-30T07:31:44.2365075Z ##[group]Run actions/upload-artifact@v4
2026-04-30T07:31:44.2365415Z with:
2026-04-30T07:31:44.2365660Z   name: detekt-report
2026-04-30T07:31:44.2365941Z   path: app/build/reports/detekt/
2026-04-30T07:31:44.2366451Z   retention-days: 7
2026-04-30T07:31:44.2366716Z   if-no-files-found: warn
2026-04-30T07:31:44.2366998Z   compression-level: 6
2026-04-30T07:31:44.2367268Z   overwrite: false
2026-04-30T07:31:44.2367532Z   include-hidden-files: false
2026-04-30T07:31:44.2367821Z env:
2026-04-30T07:31:44.2368169Z   JAVA_HOME: /opt/hostedtoolcache/Java_Temurin-Hotspot_jdk/21.0.10-7/x64
2026-04-30T07:31:44.2368714Z   JAVA_HOME_21_X64: /opt/hostedtoolcache/Java_Temurin-Hotspot_jdk/21.0.10-7/x64
2026-04-30T07:31:44.2369180Z   GRADLE_ACTION_ID: gradle/actions/setup-gradle
2026-04-30T07:31:44.2369528Z   GRADLE_USER_HOME: /home/runner/.gradle
2026-04-30T07:31:44.2369866Z   GRADLE_BUILD_ACTION_SETUP_COMPLETED: true
2026-04-30T07:31:44.2370207Z   GRADLE_BUILD_ACTION_CACHE_RESTORED: true
2026-04-30T07:31:44.2371045Z   DEVELOCITY_INJECTION_INIT_SCRIPT_NAME: gradle-actions.inject-develocity.init.gradle
2026-04-30T07:31:44.2371565Z   DEVELOCITY_INJECTION_CUSTOM_VALUE: gradle-actions
2026-04-30T07:31:44.2371929Z   GITHUB_DEPENDENCY_GRAPH_ENABLED: false
2026-04-30T07:31:44.2372257Z ##[endgroup]
2026-04-30T07:31:44.4547859Z With the provided path, there will be 2 files uploaded
2026-04-30T07:31:44.4552716Z Artifact name is valid!
2026-04-30T07:31:44.4553874Z Root directory input is valid!
2026-04-30T07:31:44.6499375Z Beginning upload of artifact content to blob storage
2026-04-30T07:31:44.7869726Z Uploaded bytes 4196
2026-04-30T07:31:44.8234393Z Finished uploading artifact content to blob storage!
2026-04-30T07:31:44.8237631Z SHA256 digest of uploaded artifact zip is 120b37ecc191c47736bbd4c7de9363eac9548c1fb71fe52ea51322121cacc100
2026-04-30T07:31:44.8238912Z Finalizing artifact upload
2026-04-30T07:31:44.9648985Z Artifact detekt-report.zip successfully finalized. Artifact ID 6724945565
2026-04-30T07:31:44.9650079Z Artifact detekt-report has been successfully uploaded! Final size is 4196 bytes. Artifact ID is 6724945565
2026-04-30T07:31:44.9656857Z Artifact download URL: https://github.com/averycorp/prismTask/actions/runs/25153015009/artifacts/6724945565
2026-04-30T07:31:44.9780728Z ##[group]Run actions/upload-artifact@v4
2026-04-30T07:31:44.9781090Z with:
2026-04-30T07:31:44.9781339Z   name: test-results
2026-04-30T07:31:44.9781628Z   path: app/build/test-results/
2026-04-30T07:31:44.9781936Z   retention-days: 7
2026-04-30T07:31:44.9782211Z   if-no-files-found: warn
2026-04-30T07:31:44.9782504Z   compression-level: 6
2026-04-30T07:31:44.9782776Z   overwrite: false
2026-04-30T07:31:44.9783050Z   include-hidden-files: false
2026-04-30T07:31:44.9783345Z env:
2026-04-30T07:31:44.9783709Z   JAVA_HOME: /opt/hostedtoolcache/Java_Temurin-Hotspot_jdk/21.0.10-7/x64
2026-04-30T07:31:44.9784250Z   JAVA_HOME_21_X64: /opt/hostedtoolcache/Java_Temurin-Hotspot_jdk/21.0.10-7/x64
2026-04-30T07:31:44.9784739Z   GRADLE_ACTION_ID: gradle/actions/setup-gradle
2026-04-30T07:31:44.9785110Z   GRADLE_USER_HOME: /home/runner/.gradle
2026-04-30T07:31:44.9785458Z   GRADLE_BUILD_ACTION_SETUP_COMPLETED: true
2026-04-30T07:31:44.9785841Z   GRADLE_BUILD_ACTION_CACHE_RESTORED: true
2026-04-30T07:31:44.9786384Z   DEVELOCITY_INJECTION_INIT_SCRIPT_NAME: gradle-actions.inject-develocity.init.gradle
2026-04-30T07:31:44.9786915Z   DEVELOCITY_INJECTION_CUSTOM_VALUE: gradle-actions
2026-04-30T07:31:44.9787291Z   GITHUB_DEPENDENCY_GRAPH_ENABLED: false
2026-04-30T07:31:44.9787621Z ##[endgroup]
2026-04-30T07:31:45.2186981Z With the provided path, there will be 182 files uploaded
2026-04-30T07:31:45.2192008Z Artifact name is valid!
2026-04-30T07:31:45.2193057Z Root directory input is valid!
2026-04-30T07:31:45.4239515Z Beginning upload of artifact content to blob storage
2026-04-30T07:31:45.7887383Z Uploaded bytes 185679
2026-04-30T07:31:45.8239686Z Finished uploading artifact content to blob storage!
2026-04-30T07:31:45.8242079Z SHA256 digest of uploaded artifact zip is a049179e314e78a77b040e0037a056ff564d7185a52671312be775951e994ac3
2026-04-30T07:31:45.8243956Z Finalizing artifact upload
2026-04-30T07:31:45.9922862Z Artifact test-results.zip successfully finalized. Artifact ID 6724945840
2026-04-30T07:31:45.9924405Z Artifact test-results has been successfully uploaded! Final size is 185679 bytes. Artifact ID is 6724945840
2026-04-30T07:31:45.9931840Z Artifact download URL: https://github.com/averycorp/prismTask/actions/runs/25153015009/artifacts/6724945840
2026-04-30T07:31:46.0077925Z Post job cleanup.
2026-04-30T07:31:46.0171239Z Post job cleanup.
2026-04-30T07:31:46.3301212Z In post-action step
2026-04-30T07:31:46.3310932Z Cache is read-only: will not save state for use in subsequent builds.
2026-04-30T07:31:46.3318362Z Generating Job Summary
2026-04-30T07:31:46.3343072Z Completed post-action step
2026-04-30T07:31:46.3507875Z Post job cleanup.
2026-04-30T07:31:46.5330787Z Post job cleanup.
2026-04-30T07:31:46.6373259Z [command]/usr/bin/git version
2026-04-30T07:31:46.6419185Z git version 2.53.0
2026-04-30T07:31:46.6463018Z Temporarily overriding HOME='/home/runner/work/_temp/0b581040-ec2c-4d69-866f-d3d9c26488d8' before making global git config changes
2026-04-30T07:31:46.6464518Z Adding repository directory to the temporary git global config as a safe directory
2026-04-30T07:31:46.6470753Z [command]/usr/bin/git config --global --add safe.directory /home/runner/work/prismTask/prismTask
2026-04-30T07:31:46.6512039Z [command]/usr/bin/git config --local --name-only --get-regexp core\.sshCommand
2026-04-30T07:31:46.6547868Z [command]/usr/bin/git submodule foreach --recursive sh -c "git config --local --name-only --get-regexp 'core\.sshCommand' && git config --local --unset-all 'core.sshCommand' || :"
2026-04-30T07:31:46.6795852Z [command]/usr/bin/git config --local --name-only --get-regexp http\.https\:\/\/github\.com\/\.extraheader
2026-04-30T07:31:46.6820274Z http.https://github.com/.extraheader
2026-04-30T07:31:46.6834147Z [command]/usr/bin/git config --local --unset-all http.https://github.com/.extraheader
2026-04-30T07:31:46.6867133Z [command]/usr/bin/git submodule foreach --recursive sh -c "git config --local --name-only --get-regexp 'http\.https\:\/\/github\.com\/\.extraheader' && git config --local --unset-all 'http.https://github.com/.extraheader' || :"
2026-04-30T07:31:46.7109444Z [command]/usr/bin/git config --local --name-only --get-regexp ^includeIf\.gitdir:
2026-04-30T07:31:46.7144607Z [command]/usr/bin/git submodule foreach --recursive git config --local --show-origin --name-only --get-regexp remote.origin.url
2026-04-30T07:31:46.7507576Z Cleaning up orphan processes
2026-04-30T07:31:46.7861059Z Terminate orphan process: pid (2566) (java)
2026-04-30T07:31:46.7919263Z Terminate orphan process: pid (2739) (java)
2026-04-30T07:31:46.7938276Z ##[warning]Node.js 20 actions are deprecated. The following actions are running on Node.js 20 and may not work as expected: actions/cache@v4, actions/checkout@v4, actions/github-script@v7, actions/setup-java@v4, actions/upload-artifact@v4, gradle/actions/setup-gradle@v4. Actions will be forced to run with Node.js 24 by default starting June 2nd, 2026. Node.js 20 will be removed from the runner on September 16th, 2026. Please check if updated versions of these actions are available that support Node.js 24. To opt into Node.js 24 now, set the FORCE_JAVASCRIPT_ACTIONS_TO_NODE24=true environment variable on the runner or in your workflow file. Once Node.js 24 becomes the default, you can temporarily opt out by setting ACTIONS_ALLOW_USE_UNSECURE_NODE_VERSION=true. For more information see: https://github.blog/changelog/2025-09-19-deprecation-of-node-20-on-github-actions-runners/
