=== CI FAILURE ===
Workflow:      Android CI
Workflow file: averycorp/prismTask/.github/workflows/android-ci.yml@refs/heads/gh-readonly-queue/main/pr-914-6fe20c12a1d94c0250b8a758593ddac79d652309
Job(s):        lint-and-test
Run ID:        25072509013
Run attempt:   1
Run URL:       https://github.com/averycorp/prismTask/actions/runs/25072509013
Commit:        0b625c31190c2e5acf0d7184a36a978b1289b3bc
Branch:        gh-readonly-queue/main/pr-914-6fe20c12a1d94c0250b8a758593ddac79d652309
Event:         merge_group
Actor:         akarlin3
Runner OS:     Linux
Timestamp:     2026-04-28T19:14:47.935Z

Failed steps:
  - lint-and-test: #7 ktlint check (push events only)

=== FAILED JOB LOG ===

--- Job: lint-and-test (id 73456361988) ---
2026-04-28T19:11:26.1702706Z Current runner version: '2.334.0'
2026-04-28T19:11:26.1726654Z ##[group]Runner Image Provisioner
2026-04-28T19:11:26.1727446Z Hosted Compute Agent
2026-04-28T19:11:26.1727936Z Version: 20260422.526
2026-04-28T19:11:26.1728618Z Commit: e1a9e573f4d0838b3a7c1b07401aeb29ed3635a9
2026-04-28T19:11:26.1729525Z Build Date: 2026-04-22T09:31:31Z
2026-04-28T19:11:26.1730126Z Worker ID: {b2c89671-c2c2-40d1-9eb1-0c27125c1063}
2026-04-28T19:11:26.1730909Z Azure Region: westus3
2026-04-28T19:11:26.1731414Z ##[endgroup]
2026-04-28T19:11:26.1733116Z ##[group]Operating System
2026-04-28T19:11:26.1733780Z Ubuntu
2026-04-28T19:11:26.1734257Z 24.04.4
2026-04-28T19:11:26.1734668Z LTS
2026-04-28T19:11:26.1735218Z ##[endgroup]
2026-04-28T19:11:26.1735678Z ##[group]Runner Image
2026-04-28T19:11:26.1736229Z Image: ubuntu-24.04
2026-04-28T19:11:26.1737104Z Version: 20260426.100.1
2026-04-28T19:11:26.1738248Z Included Software: https://github.com/actions/runner-images/blob/ubuntu24/20260426.100/images/ubuntu/Ubuntu2404-Readme.md
2026-04-28T19:11:26.1740192Z Image Release: https://github.com/actions/runner-images/releases/tag/ubuntu24%2F20260426.100
2026-04-28T19:11:26.1741108Z ##[endgroup]
2026-04-28T19:11:26.1742349Z ##[group]GITHUB_TOKEN Permissions
2026-04-28T19:11:26.1744457Z Actions: read
2026-04-28T19:11:26.1745000Z Checks: read
2026-04-28T19:11:26.1745561Z Contents: write
2026-04-28T19:11:26.1746044Z Metadata: read
2026-04-28T19:11:26.1746559Z PullRequests: read
2026-04-28T19:11:26.1747095Z ##[endgroup]
2026-04-28T19:11:26.1749408Z Secret source: Actions
2026-04-28T19:11:26.1750389Z Prepare workflow directory
2026-04-28T19:11:26.2318080Z Prepare all required actions
2026-04-28T19:11:26.2355453Z Getting action download info
2026-04-28T19:11:26.8064937Z Download action repository 'actions/checkout@v4' (SHA:34e114876b0b11c390a56381ad16ebd13914f8d5)
2026-04-28T19:11:26.9231016Z Download action repository 'dorny/paths-filter@v3' (SHA:d1c1ffe0248fe513906c8e24db8ea791d46f8590)
2026-04-28T19:11:27.8120895Z Download action repository 'actions/cache@v4' (SHA:0057852bfaa89a56745cba8c7296529d2fc39830)
2026-04-28T19:11:27.9052887Z Download action repository 'actions/github-script@v7' (SHA:f28e40c7f34bde8b3046d885e986cb6290c5673b)
2026-04-28T19:11:28.8040427Z Download action repository 'actions/upload-artifact@v4' (SHA:ea165f8d65b6e75b540449e92b4886f43607fa02)
2026-04-28T19:11:29.0668147Z Complete job name: lint-and-test
2026-04-28T19:11:29.1617613Z ##[group]Run actions/checkout@v4
2026-04-28T19:11:29.1618856Z with:
2026-04-28T19:11:29.1620317Z   ref: refs/heads/gh-readonly-queue/main/pr-914-6fe20c12a1d94c0250b8a758593ddac79d652309
2026-04-28T19:11:29.1621882Z   repository: averycorp/prismTask
2026-04-28T19:11:29.1623019Z   token: ***
2026-04-28T19:11:29.1623710Z   ssh-strict: true
2026-04-28T19:11:29.1624414Z   ssh-user: git
2026-04-28T19:11:29.1625133Z   persist-credentials: true
2026-04-28T19:11:29.1625963Z   clean: true
2026-04-28T19:11:29.1626694Z   sparse-checkout-cone-mode: true
2026-04-28T19:11:29.1627580Z   fetch-depth: 1
2026-04-28T19:11:29.1628299Z   fetch-tags: false
2026-04-28T19:11:29.1629155Z   show-progress: true
2026-04-28T19:11:29.1629921Z   lfs: false
2026-04-28T19:11:29.1630568Z   submodules: false
2026-04-28T19:11:29.1631283Z   set-safe-directory: true
2026-04-28T19:11:29.1632359Z ##[endgroup]
2026-04-28T19:11:29.2763672Z Syncing repository: averycorp/prismTask
2026-04-28T19:11:29.2766193Z ##[group]Getting Git version info
2026-04-28T19:11:29.2767432Z Working directory is '/home/runner/work/prismTask/prismTask'
2026-04-28T19:11:29.2769832Z [command]/usr/bin/git version
2026-04-28T19:11:29.2887417Z git version 2.54.0
2026-04-28T19:11:29.2913304Z ##[endgroup]
2026-04-28T19:11:29.2927665Z Temporarily overriding HOME='/home/runner/work/_temp/489049c3-fc66-46d0-bee5-515e5ccc2e78' before making global git config changes
2026-04-28T19:11:29.2931073Z Adding repository directory to the temporary git global config as a safe directory
2026-04-28T19:11:29.2940763Z [command]/usr/bin/git config --global --add safe.directory /home/runner/work/prismTask/prismTask
2026-04-28T19:11:29.2984748Z Deleting the contents of '/home/runner/work/prismTask/prismTask'
2026-04-28T19:11:29.2988494Z ##[group]Initializing the repository
2026-04-28T19:11:29.2992764Z [command]/usr/bin/git init /home/runner/work/prismTask/prismTask
2026-04-28T19:11:29.3093642Z hint: Using 'master' as the name for the initial branch. This default branch name
2026-04-28T19:11:29.3096528Z hint: will change to "main" in Git 3.0. To configure the initial branch name
2026-04-28T19:11:29.3099794Z hint: to use in all of your new repositories, which will suppress this warning,
2026-04-28T19:11:29.3101352Z hint: call:
2026-04-28T19:11:29.3102002Z hint:
2026-04-28T19:11:29.3102824Z hint: 	git config --global init.defaultBranch <name>
2026-04-28T19:11:29.3103896Z hint:
2026-04-28T19:11:29.3105161Z hint: Names commonly chosen instead of 'master' are 'main', 'trunk' and
2026-04-28T19:11:29.3106876Z hint: 'development'. The just-created branch can be renamed via this command:
2026-04-28T19:11:29.3108198Z hint:
2026-04-28T19:11:29.3108892Z hint: 	git branch -m <name>
2026-04-28T19:11:29.3110283Z hint:
2026-04-28T19:11:29.3111383Z hint: Disable this message with "git config set advice.defaultBranchName false"
2026-04-28T19:11:29.3113277Z Initialized empty Git repository in /home/runner/work/prismTask/prismTask/.git/
2026-04-28T19:11:29.3116591Z [command]/usr/bin/git remote add origin https://github.com/averycorp/prismTask
2026-04-28T19:11:29.3152335Z ##[endgroup]
2026-04-28T19:11:29.3153573Z ##[group]Disabling automatic garbage collection
2026-04-28T19:11:29.3155879Z [command]/usr/bin/git config --local gc.auto 0
2026-04-28T19:11:29.3183299Z ##[endgroup]
2026-04-28T19:11:29.3184458Z ##[group]Setting up auth
2026-04-28T19:11:29.3190124Z [command]/usr/bin/git config --local --name-only --get-regexp core\.sshCommand
2026-04-28T19:11:29.3221705Z [command]/usr/bin/git submodule foreach --recursive sh -c "git config --local --name-only --get-regexp 'core\.sshCommand' && git config --local --unset-all 'core.sshCommand' || :"
2026-04-28T19:11:29.3627498Z [command]/usr/bin/git config --local --name-only --get-regexp http\.https\:\/\/github\.com\/\.extraheader
2026-04-28T19:11:29.3637443Z [command]/usr/bin/git submodule foreach --recursive sh -c "git config --local --name-only --get-regexp 'http\.https\:\/\/github\.com\/\.extraheader' && git config --local --unset-all 'http.https://github.com/.extraheader' || :"
2026-04-28T19:11:29.3808331Z [command]/usr/bin/git config --local --name-only --get-regexp ^includeIf\.gitdir:
2026-04-28T19:11:29.3846513Z [command]/usr/bin/git submodule foreach --recursive git config --local --show-origin --name-only --get-regexp remote.origin.url
2026-04-28T19:11:29.4066634Z [command]/usr/bin/git config --local http.https://github.com/.extraheader AUTHORIZATION: basic ***
2026-04-28T19:11:29.4099708Z ##[endgroup]
2026-04-28T19:11:29.4101012Z ##[group]Fetching the repository
2026-04-28T19:11:29.4109960Z [command]/usr/bin/git -c protocol.version=2 fetch --no-tags --prune --no-recurse-submodules --depth=1 origin +refs/heads/gh-readonly-queue/main/pr-914-6fe20c12a1d94c0250b8a758593ddac79d652309:refs/remotes/origin/gh-readonly-queue/main/pr-914-6fe20c12a1d94c0250b8a758593ddac79d652309
2026-04-28T19:11:33.3176533Z From https://github.com/averycorp/prismTask
2026-04-28T19:11:33.3177693Z  * [new branch]      gh-readonly-queue/main/pr-914-6fe20c12a1d94c0250b8a758593ddac79d652309 -> origin/gh-readonly-queue/main/pr-914-6fe20c12a1d94c0250b8a758593ddac79d652309
2026-04-28T19:11:33.3215607Z ##[endgroup]
2026-04-28T19:11:33.3216087Z ##[group]Determining the checkout info
2026-04-28T19:11:33.3218309Z ##[endgroup]
2026-04-28T19:11:33.3224341Z [command]/usr/bin/git sparse-checkout disable
2026-04-28T19:11:33.3267492Z [command]/usr/bin/git config --local --unset-all extensions.worktreeConfig
2026-04-28T19:11:33.3292803Z ##[group]Checking out the ref
2026-04-28T19:11:33.3299902Z [command]/usr/bin/git checkout --progress --force -B gh-readonly-queue/main/pr-914-6fe20c12a1d94c0250b8a758593ddac79d652309 refs/remotes/origin/gh-readonly-queue/main/pr-914-6fe20c12a1d94c0250b8a758593ddac79d652309
2026-04-28T19:11:33.5696364Z Switched to a new branch 'gh-readonly-queue/main/pr-914-6fe20c12a1d94c0250b8a758593ddac79d652309'
2026-04-28T19:11:33.5698437Z branch 'gh-readonly-queue/main/pr-914-6fe20c12a1d94c0250b8a758593ddac79d652309' set up to track 'origin/gh-readonly-queue/main/pr-914-6fe20c12a1d94c0250b8a758593ddac79d652309'.
2026-04-28T19:11:33.5720623Z ##[endgroup]
2026-04-28T19:11:33.5761153Z [command]/usr/bin/git log -1 --format=%H
2026-04-28T19:11:33.5782633Z 0b625c31190c2e5acf0d7184a36a978b1289b3bc
2026-04-28T19:11:33.5973349Z ##[group]Run dorny/paths-filter@v3
2026-04-28T19:11:33.5973650Z with:
2026-04-28T19:11:33.5974333Z   filters: android:
  - 'app/**'
  - 'gradlew'
  - 'gradlew.bat'
  - 'gradle/**'
  - 'build.gradle.kts'
  - 'settings.gradle.kts'
  - '.github/workflows/android-ci.yml'
  - '.github/actions/setup-android/**'

2026-04-28T19:11:33.5975173Z   token: ***
2026-04-28T19:11:33.5975359Z   list-files: none
2026-04-28T19:11:33.5975567Z   initial-fetch-depth: 100
2026-04-28T19:11:33.5975796Z   predicate-quantifier: some
2026-04-28T19:11:33.5976008Z ##[endgroup]
2026-04-28T19:11:33.6922171Z ##[group]Get current git ref
2026-04-28T19:11:33.6963591Z [command]/usr/bin/git branch --show-current
2026-04-28T19:11:33.6998672Z gh-readonly-queue/main/pr-914-6fe20c12a1d94c0250b8a758593ddac79d652309
2026-04-28T19:11:33.7021813Z ##[endgroup]
2026-04-28T19:11:33.7022953Z Changes will be detected between main and gh-readonly-queue/main/pr-914-6fe20c12a1d94c0250b8a758593ddac79d652309
2026-04-28T19:11:33.7025363Z ##[group]Searching for merge-base main...gh-readonly-queue/main/pr-914-6fe20c12a1d94c0250b8a758593ddac79d652309
2026-04-28T19:11:33.7037083Z [command]/usr/bin/git show-ref main
2026-04-28T19:11:33.7085362Z [command]/usr/bin/git show-ref gh-readonly-queue/main/pr-914-6fe20c12a1d94c0250b8a758593ddac79d652309
2026-04-28T19:11:33.7110452Z 0b625c31190c2e5acf0d7184a36a978b1289b3bc refs/heads/gh-readonly-queue/main/pr-914-6fe20c12a1d94c0250b8a758593ddac79d652309
2026-04-28T19:11:33.7112521Z 0b625c31190c2e5acf0d7184a36a978b1289b3bc refs/remotes/origin/gh-readonly-queue/main/pr-914-6fe20c12a1d94c0250b8a758593ddac79d652309
2026-04-28T19:11:33.7140207Z [command]/usr/bin/git fetch --no-tags --depth=100 origin main gh-readonly-queue/main/pr-914-6fe20c12a1d94c0250b8a758593ddac79d652309
2026-04-28T19:11:34.6096227Z From https://github.com/averycorp/prismTask
2026-04-28T19:11:34.6096851Z  * branch            main       -> FETCH_HEAD
2026-04-28T19:11:34.6097958Z  * branch            gh-readonly-queue/main/pr-914-6fe20c12a1d94c0250b8a758593ddac79d652309 -> FETCH_HEAD
2026-04-28T19:11:34.6099176Z  * [new branch]      main       -> origin/main
2026-04-28T19:11:34.6153490Z [command]/usr/bin/git show-ref main
2026-04-28T19:11:34.6179534Z 6fe20c12a1d94c0250b8a758593ddac79d652309 refs/remotes/origin/main
2026-04-28T19:11:34.6200479Z [command]/usr/bin/git rev-list --count --all
2026-04-28T19:11:34.6236219Z 101
2026-04-28T19:11:34.6255385Z [command]/usr/bin/git merge-base refs/remotes/origin/main refs/remotes/origin/gh-readonly-queue/main/pr-914-6fe20c12a1d94c0250b8a758593ddac79d652309
2026-04-28T19:11:34.6287007Z 6fe20c12a1d94c0250b8a758593ddac79d652309
2026-04-28T19:11:34.6289936Z ##[endgroup]
2026-04-28T19:11:34.6293580Z ##[group]Change detection refs/remotes/origin/main...refs/remotes/origin/gh-readonly-queue/main/pr-914-6fe20c12a1d94c0250b8a758593ddac79d652309
2026-04-28T19:11:34.6321937Z [command]/usr/bin/git diff --no-renames --name-status -z refs/remotes/origin/main...refs/remotes/origin/gh-readonly-queue/main/pr-914-6fe20c12a1d94c0250b8a758593ddac79d652309
2026-04-28T19:11:34.6381119Z M app/src/androidTest/java/com/averycorp/prismtask/smoke/TestDatabaseModule.kt M app/src/androidTest/java/com/averycorp/prismtask/sync/fuzz/Fuzz06MedicationConcurrentEditTest.kt 
2026-04-28T19:11:34.6400034Z ##[endgroup]
2026-04-28T19:11:34.6401487Z Detected 2 changed files
2026-04-28T19:11:34.6401859Z Results:
2026-04-28T19:11:34.6402428Z ##[group]Filter android = true
2026-04-28T19:11:34.6403245Z Matching files:
2026-04-28T19:11:34.6403992Z app/src/androidTest/java/com/averycorp/prismtask/smoke/TestDatabaseModule.kt [modified]
2026-04-28T19:11:34.6405448Z app/src/androidTest/java/com/averycorp/prismtask/sync/fuzz/Fuzz06MedicationConcurrentEditTest.kt [modified]
2026-04-28T19:11:34.6406784Z ##[endgroup]
2026-04-28T19:11:34.6407158Z Changes output set to ["android"]
2026-04-28T19:11:34.6597875Z Prepare all required actions
2026-04-28T19:11:34.6598313Z Getting action download info
2026-04-28T19:11:34.8776992Z Download action repository 'actions/setup-java@v4' (SHA:c1e323688fd81a25caa38c78aa6df2d33d3e20d9)
2026-04-28T19:11:36.1241906Z Download action repository 'gradle/actions@v4' (SHA:ed408507eac070d1f99cc633dbcf757c94c7933a)
2026-04-28T19:11:38.0093605Z ##[group]Run ./.github/actions/setup-android
2026-04-28T19:11:38.0093887Z ##[endgroup]
2026-04-28T19:11:38.0203052Z ##[group]Run actions/setup-java@v4
2026-04-28T19:11:38.0203282Z with:
2026-04-28T19:11:38.0203439Z   java-version: 21
2026-04-28T19:11:38.0203638Z   distribution: temurin
2026-04-28T19:11:38.0203835Z   java-package: jdk
2026-04-28T19:11:38.0204030Z   check-latest: false
2026-04-28T19:11:38.0204213Z   server-id: github
2026-04-28T19:11:38.0204406Z   server-username: GITHUB_ACTOR
2026-04-28T19:11:38.0204636Z   server-password: GITHUB_TOKEN
2026-04-28T19:11:38.0204854Z   overwrite-settings: true
2026-04-28T19:11:38.0205090Z   job-status: success
2026-04-28T19:11:38.0205385Z   token: ***
2026-04-28T19:11:38.0205553Z ##[endgroup]
2026-04-28T19:11:38.2258914Z ##[group]Installed distributions
2026-04-28T19:11:38.2319728Z Resolved Java 21.0.11+10 from tool-cache
2026-04-28T19:11:38.2320737Z Setting Java 21.0.11+10 as the default
2026-04-28T19:11:38.2335443Z Creating toolchains.xml for JDK version 21 from temurin
2026-04-28T19:11:38.2415866Z Writing to /home/runner/.m2/toolchains.xml
2026-04-28T19:11:38.2416503Z 
2026-04-28T19:11:38.2416945Z Java configuration:
2026-04-28T19:11:38.2417813Z   Distribution: temurin
2026-04-28T19:11:38.2418237Z   Version: 21.0.11+10
2026-04-28T19:11:38.2419553Z   Path: /opt/hostedtoolcache/Java_Temurin-Hotspot_jdk/21.0.11-10/x64
2026-04-28T19:11:38.2420084Z 
2026-04-28T19:11:38.2420523Z ##[endgroup]
2026-04-28T19:11:38.2437315Z Creating settings.xml with server-id: github
2026-04-28T19:11:38.2449191Z Writing to /home/runner/.m2/settings.xml
2026-04-28T19:11:38.2621649Z ##[group]Run gradle/actions/setup-gradle@v4
2026-04-28T19:11:38.2621910Z with:
2026-04-28T19:11:38.2622077Z   cache-disabled: false
2026-04-28T19:11:38.2622280Z   cache-read-only: true
2026-04-28T19:11:38.2622469Z   cache-write-only: false
2026-04-28T19:11:38.2622691Z   cache-overwrite-existing: false
2026-04-28T19:11:38.2622921Z   cache-cleanup: on-success
2026-04-28T19:11:38.2623177Z   gradle-home-cache-includes: caches
notifications

2026-04-28T19:11:38.2623468Z   add-job-summary: always
2026-04-28T19:11:38.2623686Z   add-job-summary-as-pr-comment: never
2026-04-28T19:11:38.2623944Z   dependency-graph: disabled
2026-04-28T19:11:38.2624227Z   dependency-graph-report-dir: dependency-graph-reports
2026-04-28T19:11:38.2624559Z   dependency-graph-continue-on-failure: true
2026-04-28T19:11:38.2624824Z   build-scan-publish: false
2026-04-28T19:11:38.2625044Z   validate-wrappers: true
2026-04-28T19:11:38.2625283Z   allow-snapshot-wrappers: false
2026-04-28T19:11:38.2625534Z   gradle-home-cache-strict-match: false
2026-04-28T19:11:38.2625790Z   workflow-job-context: null
2026-04-28T19:11:38.2626152Z   github-token: ***
2026-04-28T19:11:38.2626335Z env:
2026-04-28T19:11:38.2626615Z   JAVA_HOME: /opt/hostedtoolcache/Java_Temurin-Hotspot_jdk/21.0.11-10/x64
2026-04-28T19:11:38.2627074Z   JAVA_HOME_21_X64: /opt/hostedtoolcache/Java_Temurin-Hotspot_jdk/21.0.11-10/x64
2026-04-28T19:11:38.2627418Z ##[endgroup]
2026-04-28T19:11:38.7838416Z Merged default JDK locations into /home/runner/.m2/toolchains.xml
2026-04-28T19:11:38.7842182Z ##[group]Restore Gradle state from cache
2026-04-28T19:11:39.0221647Z Cache hit for restore-key: gradle-home-v1|Linux-X64|lint-and-test[5df42585ae8f8da228c604b8b4e8707c]-8051b9ad6b825ba1249dd020d806de9b101d4311
2026-04-28T19:11:40.2485136Z Received 16777216 of 128579843 (13.0%), 16.0 MBs/sec
2026-04-28T19:11:40.9097931Z Received 128579843 of 128579843 (100.0%), 73.8 MBs/sec
2026-04-28T19:11:40.9101081Z Cache Size: ~123 MB (128579843 B)
2026-04-28T19:11:40.9138381Z [command]/usr/bin/tar -xf /home/runner/work/_temp/407b0b93-86eb-42ee-9cbc-1a1a5d6dcde2/cache.tzst -P -C /home/runner/work/prismTask/prismTask --use-compress-program unzstd
2026-04-28T19:11:41.3839270Z Cache restored successfully
2026-04-28T19:11:41.3905618Z Restored cache entry with key gradle-home-v1|Linux-X64|lint-and-test[5df42585ae8f8da228c604b8b4e8707c]-0b625c31190c2e5acf0d7184a36a978b1289b3bc to /home/runner/.gradle/caches,/home/runner/.gradle/notifications,/home/runner/.gradle/.setup-gradle in 2605ms
2026-04-28T19:11:41.6451847Z Cache hit for: gradle-groovy-dsl-v1-34f2ec9cb8013cf6c81829165e1d7219
2026-04-28T19:11:41.6518546Z Cache hit for: gradle-generated-gradle-jars-v1-cb4b032a7d08b9bf1e84e9eacaebcc29
2026-04-28T19:11:41.6524755Z Cache hit for: gradle-dependencies-v1-fe646239d4e76e6b8ff58839ea8802a6
2026-04-28T19:11:41.6633411Z Cache hit for: gradle-kotlin-dsl-v1-7e119fd7fe83ea220d91a1d84498140b
2026-04-28T19:11:41.6804868Z Cache hit for: gradle-wrapper-zips-v1-8c0de4c6bda6041d6e054bf825a89c98
2026-04-28T19:11:41.6826143Z Cache hit for: gradle-instrumented-jars-v1-f4b682b7bcc7340645afc7b1f4a49588
2026-04-28T19:11:41.6872827Z Cache hit for: gradle-transforms-v1-056536cdefbd318c09dff7e2b77f7606
2026-04-28T19:11:42.2697467Z Received 64205 of 64205 (100.0%), 0.2 MBs/sec
2026-04-28T19:11:42.2734878Z Cache Size: ~0 MB (64205 B)
2026-04-28T19:11:42.2737840Z Received 121430 of 121430 (100.0%), 0.3 MBs/sec
2026-04-28T19:11:42.2738750Z Cache Size: ~0 MB (121430 B)
2026-04-28T19:11:42.2741075Z [command]/usr/bin/tar -xf /home/runner/work/_temp/e1b0d4d9-a72a-4277-a98e-1faa38c3ced2/cache.tzst -P -C /home/runner/work/prismTask/prismTask --use-compress-program unzstd
2026-04-28T19:11:42.2829776Z [command]/usr/bin/tar -xf /home/runner/work/_temp/1d390a54-a7b6-496d-8a08-f62a85aed446/cache.tzst -P -C /home/runner/work/prismTask/prismTask --use-compress-program unzstd
2026-04-28T19:11:42.2875728Z Cache restored successfully
2026-04-28T19:11:42.2879603Z Restored cache entry with key gradle-instrumented-jars-v1-f4b682b7bcc7340645afc7b1f4a49588 to /home/runner/.gradle/caches/jars-*/*/ in 895ms
2026-04-28T19:11:42.3163779Z Cache restored successfully
2026-04-28T19:11:42.3200182Z Restored cache entry with key gradle-groovy-dsl-v1-34f2ec9cb8013cf6c81829165e1d7219 to /home/runner/.gradle/caches/*/groovy-dsl/*/ in 926ms
2026-04-28T19:11:42.5239206Z Received 571513 of 571513 (100.0%), 0.9 MBs/sec
2026-04-28T19:11:42.5239902Z Cache Size: ~1 MB (571513 B)
2026-04-28T19:11:42.5259878Z [command]/usr/bin/tar -xf /home/runner/work/_temp/118bf271-060d-4c84-9a52-55bb3b855124/cache.tzst -P -C /home/runner/work/prismTask/prismTask --use-compress-program unzstd
2026-04-28T19:11:42.7959994Z Cache restored successfully
2026-04-28T19:11:42.7990891Z Restored cache entry with key gradle-kotlin-dsl-v1-7e119fd7fe83ea220d91a1d84498140b to /home/runner/.gradle/caches/*/kotlin-dsl/accessors/*/,/home/runner/.gradle/caches/*/kotlin-dsl/scripts/*/ in 1404ms
2026-04-28T19:11:42.8554313Z Received 16827580 of 41993404 (40.1%), 16.0 MBs/sec
2026-04-28T19:11:42.8964189Z Received 16777216 of 829821422 (2.0%), 16.0 MBs/sec
2026-04-28T19:11:42.9347801Z Received 12582912 of 136352669 (9.2%), 12.0 MBs/sec
2026-04-28T19:11:42.9548995Z Received 16777216 of 460796946 (3.6%), 16.0 MBs/sec
2026-04-28T19:11:43.1438564Z Received 41993404 of 41993404 (100.0%), 31.1 MBs/sec
2026-04-28T19:11:43.1440725Z Cache Size: ~40 MB (41993404 B)
2026-04-28T19:11:43.1829421Z [command]/usr/bin/tar -xf /home/runner/work/_temp/0ad81751-2077-4371-bfcb-43e868804108/cache.tzst -P -C /home/runner/work/prismTask/prismTask --use-compress-program unzstd
2026-04-28T19:11:43.5757099Z Cache restored successfully
2026-04-28T19:11:43.5845059Z Restored cache entry with key gradle-generated-gradle-jars-v1-cb4b032a7d08b9bf1e84e9eacaebcc29 to /home/runner/.gradle/caches/9.3.1/generated-gradle-jars/gradle-api-9.3.1.jar in 2193ms
2026-04-28T19:11:43.8981459Z Received 117440512 of 829821422 (14.2%), 56.0 MBs/sec
2026-04-28T19:11:43.9473990Z Received 130023424 of 136352669 (95.4%), 61.6 MBs/sec
2026-04-28T19:11:43.9895695Z Received 134217728 of 460796946 (29.1%), 62.9 MBs/sec
2026-04-28T19:11:44.1600051Z Received 136352669 of 136352669 (100.0%), 58.4 MBs/sec
2026-04-28T19:11:44.1629632Z Cache Size: ~130 MB (136352669 B)
2026-04-28T19:11:44.2210946Z [command]/usr/bin/tar -xf /home/runner/work/_temp/b844937c-c0fa-4e55-a2b7-84f9fd6f1af5/cache.tzst -P -C /home/runner/work/prismTask/prismTask --use-compress-program unzstd
2026-04-28T19:11:44.5182313Z Cache restored successfully
2026-04-28T19:11:44.5263535Z Restored cache entry with key gradle-wrapper-zips-v1-8c0de4c6bda6041d6e054bf825a89c98 to /home/runner/.gradle/wrapper/dists/gradle-9.3.1-bin/23ovyewtku6u96viwx3xl3oks in 3135ms
2026-04-28T19:11:44.9090228Z Received 230686720 of 829821422 (27.8%), 73.0 MBs/sec
2026-04-28T19:11:44.9898315Z Received 268435456 of 460796946 (58.3%), 84.3 MBs/sec
2026-04-28T19:11:45.9093965Z Received 377487360 of 829821422 (45.5%), 89.7 MBs/sec
2026-04-28T19:11:46.0299896Z Received 398458880 of 460796946 (86.5%), 93.3 MBs/sec
2026-04-28T19:11:46.9096719Z Received 536870912 of 829821422 (64.7%), 102.1 MBs/sec
2026-04-28T19:11:47.0277619Z Received 456602642 of 460796946 (99.1%), 85.8 MBs/sec
2026-04-28T19:11:47.2335764Z Received 460796946 of 460796946 (100.0%), 83.2 MBs/sec
2026-04-28T19:11:47.2339700Z Cache Size: ~439 MB (460796946 B)
2026-04-28T19:11:47.2371560Z [command]/usr/bin/tar -xf /home/runner/work/_temp/87da4e5a-b795-4092-a47a-e75b7d84371a/cache.tzst -P -C /home/runner/work/prismTask/prismTask --use-compress-program unzstd
2026-04-28T19:11:47.9100168Z Received 717225984 of 829821422 (86.4%), 113.8 MBs/sec
2026-04-28T19:11:48.5151208Z Received 829821422 of 829821422 (100.0%), 119.6 MBs/sec
2026-04-28T19:11:48.5175063Z Cache Size: ~791 MB (829821422 B)
2026-04-28T19:11:48.5246689Z [command]/usr/bin/tar -xf /home/runner/work/_temp/f7900283-db39-43e9-9e29-156a3372f402/cache.tzst -P -C /home/runner/work/prismTask/prismTask --use-compress-program unzstd
2026-04-28T19:11:51.1233232Z Cache restored successfully
2026-04-28T19:11:51.2465329Z Restored cache entry with key gradle-dependencies-v1-fe646239d4e76e6b8ff58839ea8802a6 to /home/runner/.gradle/caches/modules-*/files-*/*/*/*/* in 9855ms
2026-04-28T19:11:54.9217957Z Cache restored successfully
2026-04-28T19:11:54.9440234Z Restored cache entry with key gradle-transforms-v1-056536cdefbd318c09dff7e2b77f7606 to /home/runner/.gradle/caches/transforms-4/*/,/home/runner/.gradle/caches/*/transforms/*/ in 13548ms
2026-04-28T19:11:54.9530533Z ##[endgroup]
2026-04-28T19:11:54.9939271Z ##[group]All Gradle Wrapper jars are valid
2026-04-28T19:11:54.9940612Z ✓ Found known Gradle Wrapper JAR files:
2026-04-28T19:11:54.9941763Z   b3a875ddc1f044746e1b1a55f645584505f4a10438c1afea9f15e92a7c42ec13 gradle/wrapper/gradle-wrapper.jar
2026-04-28T19:11:54.9942547Z ##[endgroup]
2026-04-28T19:11:55.1189461Z ##[group]Run chmod +x gradlew
2026-04-28T19:11:55.1189861Z [36;1mchmod +x gradlew[0m
2026-04-28T19:11:55.1300476Z shell: /usr/bin/bash --noprofile --norc -e -o pipefail {0}
2026-04-28T19:11:55.1300879Z env:
2026-04-28T19:11:55.1301296Z   JAVA_HOME: /opt/hostedtoolcache/Java_Temurin-Hotspot_jdk/21.0.11-10/x64
2026-04-28T19:11:55.1301943Z   JAVA_HOME_21_X64: /opt/hostedtoolcache/Java_Temurin-Hotspot_jdk/21.0.11-10/x64
2026-04-28T19:11:55.1302477Z   GRADLE_ACTION_ID: gradle/actions/setup-gradle
2026-04-28T19:11:55.1302874Z   GRADLE_USER_HOME: /home/runner/.gradle
2026-04-28T19:11:55.1303249Z   GRADLE_BUILD_ACTION_SETUP_COMPLETED: true
2026-04-28T19:11:55.1303624Z   GRADLE_BUILD_ACTION_CACHE_RESTORED: true
2026-04-28T19:11:55.1304187Z   DEVELOCITY_INJECTION_INIT_SCRIPT_NAME: gradle-actions.inject-develocity.init.gradle
2026-04-28T19:11:55.1304790Z   DEVELOCITY_INJECTION_CUSTOM_VALUE: gradle-actions
2026-04-28T19:11:55.1305407Z   GITHUB_DEPENDENCY_GRAPH_ENABLED: false
2026-04-28T19:11:55.1305748Z ##[endgroup]
2026-04-28T19:11:55.4438333Z ##[group]Run actions/cache@v4
2026-04-28T19:11:55.4438800Z with:
2026-04-28T19:11:55.4439390Z   path: app/build
2026-04-28T19:11:55.4440128Z   key: app-build-Linux-60f88d44dcf49cb52f506dd927e66ae62ee5a47d0db6c0c05b311f5e47cb64f0
2026-04-28T19:11:55.4441005Z   restore-keys: app-build-Linux-

2026-04-28T19:11:55.4441502Z   enableCrossOsArchive: false
2026-04-28T19:11:55.4441969Z   fail-on-cache-miss: false
2026-04-28T19:11:55.4442407Z   lookup-only: false
2026-04-28T19:11:55.4442797Z   save-always: false
2026-04-28T19:11:55.4443170Z env:
2026-04-28T19:11:55.4443714Z   JAVA_HOME: /opt/hostedtoolcache/Java_Temurin-Hotspot_jdk/21.0.11-10/x64
2026-04-28T19:11:55.4444605Z   JAVA_HOME_21_X64: /opt/hostedtoolcache/Java_Temurin-Hotspot_jdk/21.0.11-10/x64
2026-04-28T19:11:55.4445376Z   GRADLE_ACTION_ID: gradle/actions/setup-gradle
2026-04-28T19:11:55.4445941Z   GRADLE_USER_HOME: /home/runner/.gradle
2026-04-28T19:11:55.4446487Z   GRADLE_BUILD_ACTION_SETUP_COMPLETED: true
2026-04-28T19:11:55.4447077Z   GRADLE_BUILD_ACTION_CACHE_RESTORED: true
2026-04-28T19:11:55.4447883Z   DEVELOCITY_INJECTION_INIT_SCRIPT_NAME: gradle-actions.inject-develocity.init.gradle
2026-04-28T19:11:55.4448753Z   DEVELOCITY_INJECTION_CUSTOM_VALUE: gradle-actions
2026-04-28T19:11:55.4449557Z   GITHUB_DEPENDENCY_GRAPH_ENABLED: false
2026-04-28T19:11:55.4450053Z ##[endgroup]
2026-04-28T19:11:55.8368752Z Cache hit for: app-build-Linux-60f88d44dcf49cb52f506dd927e66ae62ee5a47d0db6c0c05b311f5e47cb64f0
2026-04-28T19:11:57.1070619Z Received 8388608 of 156131945 (5.4%), 8.0 MBs/sec
2026-04-28T19:11:58.1079404Z Received 134217728 of 156131945 (86.0%), 64.0 MBs/sec
2026-04-28T19:11:58.2812783Z Received 156131945 of 156131945 (100.0%), 68.5 MBs/sec
2026-04-28T19:11:58.2815902Z Cache Size: ~149 MB (156131945 B)
2026-04-28T19:11:58.2877722Z [command]/usr/bin/tar -xf /home/runner/work/_temp/f86d9f58-7a5f-4fe2-9fd5-1551a9d7f015/cache.tzst -P -C /home/runner/work/prismTask/prismTask --use-compress-program unzstd
2026-04-28T19:12:00.3360895Z Cache restored successfully
2026-04-28T19:12:00.3511902Z Cache restored from key: app-build-Linux-60f88d44dcf49cb52f506dd927e66ae62ee5a47d0db6c0c05b311f5e47cb64f0
2026-04-28T19:12:00.3613340Z ##[group]Run ./gradlew ktlintCheck --continue
2026-04-28T19:12:00.3613768Z [36;1m./gradlew ktlintCheck --continue[0m
2026-04-28T19:12:00.3668890Z shell: /usr/bin/bash -e {0}
2026-04-28T19:12:00.3669501Z env:
2026-04-28T19:12:00.3669847Z   JAVA_HOME: /opt/hostedtoolcache/Java_Temurin-Hotspot_jdk/21.0.11-10/x64
2026-04-28T19:12:00.3670396Z   JAVA_HOME_21_X64: /opt/hostedtoolcache/Java_Temurin-Hotspot_jdk/21.0.11-10/x64
2026-04-28T19:12:00.3670866Z   GRADLE_ACTION_ID: gradle/actions/setup-gradle
2026-04-28T19:12:00.3671205Z   GRADLE_USER_HOME: /home/runner/.gradle
2026-04-28T19:12:00.3671526Z   GRADLE_BUILD_ACTION_SETUP_COMPLETED: true
2026-04-28T19:12:00.3671859Z   GRADLE_BUILD_ACTION_CACHE_RESTORED: true
2026-04-28T19:12:00.3672341Z   DEVELOCITY_INJECTION_INIT_SCRIPT_NAME: gradle-actions.inject-develocity.init.gradle
2026-04-28T19:12:00.3672850Z   DEVELOCITY_INJECTION_CUSTOM_VALUE: gradle-actions
2026-04-28T19:12:00.3673205Z   GITHUB_DEPENDENCY_GRAPH_ENABLED: false
2026-04-28T19:12:00.3673553Z ##[endgroup]
2026-04-28T19:12:03.5746806Z Starting a Gradle Daemon (subsequent builds will be faster)
2026-04-28T19:12:06.1763369Z Configuration on demand is an incubating feature.
2026-04-28T19:12:12.6765120Z 
2026-04-28T19:12:12.6802046Z > Configure project :app
2026-04-28T19:12:12.6810862Z WARNING: The option setting 'android.builtInKotlin=false' is deprecated.
2026-04-28T19:12:12.6811944Z The current default is 'true'.
2026-04-28T19:12:12.6812874Z It will be removed in version 10.0 of the Android Gradle plugin.
2026-04-28T19:12:12.6814014Z WARNING: The option setting 'android.newDsl=false' is deprecated.
2026-04-28T19:12:12.6815010Z The current default is 'true'.
2026-04-28T19:12:12.6818148Z It will be removed in version 10.0 of the Android Gradle plugin.
2026-04-28T19:12:12.6820489Z WARNING: The option setting 'android.dependency.excludeLibraryComponentsFromConstraints=true' is deprecated.
2026-04-28T19:12:12.6821846Z The current default is 'false'.
2026-04-28T19:12:12.6822748Z It will be removed in version 10.0 of the Android Gradle plugin.
2026-04-28T19:12:12.6823816Z Following can be set instead to achieve a similar behaviour.
2026-04-28T19:12:12.6824773Z     android.dependency.useConstraints=false
2026-04-28T19:12:14.4751262Z w: ⚠️ Deprecated 'org.jetbrains.kotlin.android' plugin usage
2026-04-28T19:12:14.4758580Z The 'org.jetbrains.kotlin.android' plugin in project ':app' is no longer required for Kotlin support since AGP 9.0.
2026-04-28T19:12:14.4760609Z Solution: Remove both `android.builtInKotlin=true` and `android.newDsl=false` from `gradle.properties`, then migrate to built-in Kotlin.
2026-04-28T19:12:14.4762127Z See https://kotl.in/gradle/agp-built-in-kotlin for more details.
2026-04-28T19:12:14.4762851Z 
2026-04-28T19:12:14.9751078Z 
2026-04-28T19:12:14.9752094Z > Task :app:loadKtlintReporters FROM-CACHE
2026-04-28T19:12:15.0751875Z > Task :app:runKtlintCheckOverAndroidTestDebugSourceSet NO-SOURCE
2026-04-28T19:12:15.0810046Z > Task :app:ktlintAndroidTestDebugSourceSetCheck SKIPPED
2026-04-28T19:12:15.0870198Z > Task :app:runKtlintCheckOverAndroidTestReleaseSourceSet NO-SOURCE
2026-04-28T19:12:15.0910216Z > Task :app:ktlintAndroidTestReleaseSourceSetCheck SKIPPED
2026-04-28T19:12:15.0910943Z > Task :app:runKtlintCheckOverDebugSourceSet FROM-CACHE
2026-04-28T19:12:15.2771994Z > Task :app:ktlintDebugSourceSetCheck FROM-CACHE
2026-04-28T19:12:15.2789830Z > Task :app:runKtlintCheckOverKotlinScripts FROM-CACHE
2026-04-28T19:12:15.2819671Z > Task :app:ktlintKotlinScriptCheck FROM-CACHE
2026-04-28T19:12:15.4765670Z > Task :app:runKtlintCheckOverMainSourceSet FROM-CACHE
2026-04-28T19:12:15.5804509Z > Task :app:runKtlintCheckOverReleaseSourceSet FROM-CACHE
2026-04-28T19:12:15.5832706Z > Task :app:ktlintReleaseSourceSetCheck FROM-CACHE
2026-04-28T19:12:15.5879977Z > Task :app:runKtlintCheckOverTestDebugSourceSet NO-SOURCE
2026-04-28T19:12:15.5909774Z > Task :app:ktlintTestDebugSourceSetCheck SKIPPED
2026-04-28T19:12:15.5946978Z > Task :app:runKtlintCheckOverTestFixturesDebugSourceSet NO-SOURCE
2026-04-28T19:12:15.5989430Z > Task :app:ktlintTestFixturesDebugSourceSetCheck SKIPPED
2026-04-28T19:12:15.5999998Z > Task :app:runKtlintCheckOverTestFixturesReleaseSourceSet NO-SOURCE
2026-04-28T19:12:15.6038450Z > Task :app:ktlintTestFixturesReleaseSourceSetCheck SKIPPED
2026-04-28T19:12:15.6060411Z > Task :app:runKtlintCheckOverTestFixturesSourceSet NO-SOURCE
2026-04-28T19:12:15.6099750Z > Task :app:ktlintTestFixturesSourceSetCheck SKIPPED
2026-04-28T19:12:15.6125009Z > Task :app:runKtlintCheckOverTestReleaseSourceSet NO-SOURCE
2026-04-28T19:12:15.6199738Z > Task :app:ktlintTestReleaseSourceSetCheck SKIPPED
2026-04-28T19:12:15.6751631Z > Task :app:runKtlintCheckOverTestSourceSet FROM-CACHE
2026-04-28T19:12:15.6752544Z 
2026-04-28T19:12:15.6753282Z > Task :app:ktlintMainSourceSetCheck FAILED
2026-04-28T19:12:15.6761069Z /home/runner/work/prismTask/prismTask/app/src/main/java/com/averycorp/prismtask/domain/model/ProductivityRange.kt:12:31 Unnecessary trailing comma before "}"
2026-04-28T19:12:15.6763909Z /home/runner/work/prismTask/prismTask/app/src/main/java/com/averycorp/prismtask/ui/screens/analytics/ProductivityScoreSection.kt:55:34 Unnecessary trailing comma before ")"
2026-04-28T19:12:15.6766592Z /home/runner/work/prismTask/prismTask/app/src/main/java/com/averycorp/prismtask/ui/screens/analytics/ProductivityScoreSection.kt:59:57 Unnecessary trailing comma before ")"
2026-04-28T19:12:15.6769656Z /home/runner/work/prismTask/prismTask/app/src/main/java/com/averycorp/prismtask/ui/screens/analytics/ProductivityScoreSection.kt:67:32 Unnecessary trailing comma before ")"
2026-04-28T19:12:15.6772368Z /home/runner/work/prismTask/prismTask/app/src/main/java/com/averycorp/prismtask/ui/screens/analytics/ProductivityScoreSection.kt:74:70 Unnecessary trailing comma before ")"
2026-04-28T19:12:15.6775261Z /home/runner/work/prismTask/prismTask/app/src/main/java/com/averycorp/prismtask/ui/screens/analytics/ProductivityScoreSection.kt:81:66 Unnecessary trailing comma before ")"
2026-04-28T19:12:15.6777819Z /home/runner/work/prismTask/prismTask/app/src/main/java/com/averycorp/prismtask/ui/screens/analytics/ProductivityScoreSection.kt:96:55 Unnecessary trailing comma before ")"
2026-04-28T19:12:15.6780910Z /home/runner/work/prismTask/prismTask/app/src/main/java/com/averycorp/prismtask/ui/screens/analytics/ProductivityScoreSection.kt:102:49 Unnecessary trailing comma before ")"
2026-04-28T19:12:15.6783691Z /home/runner/work/prismTask/prismTask/app/src/main/java/com/averycorp/prismtask/ui/screens/analytics/ProductivityScoreSection.kt:107:67 Unnecessary trailing comma before ")"
2026-04-28T19:12:15.6786528Z /home/runner/work/prismTask/prismTask/app/src/main/java/com/averycorp/prismtask/ui/screens/analytics/ProductivityScoreSection.kt:122:21 Unnecessary trailing comma before ")"
2026-04-28T19:12:15.6789808Z /home/runner/work/prismTask/prismTask/app/src/main/java/com/averycorp/prismtask/ui/screens/analytics/ProductivityScoreSection.kt:130:44 Unnecessary trailing comma before ")"
2026-04-28T19:12:15.6792650Z /home/runner/work/prismTask/prismTask/app/src/main/java/com/averycorp/prismtask/ui/screens/analytics/ProductivityScoreSection.kt:136:54 Unnecessary trailing comma before ")"
2026-04-28T19:12:15.6795493Z /home/runner/work/prismTask/prismTask/app/src/main/java/com/averycorp/prismtask/ui/screens/analytics/ProductivityScoreSection.kt:145:18 Unnecessary trailing comma before ")"
2026-04-28T19:12:15.6798367Z /home/runner/work/prismTask/prismTask/app/src/main/java/com/averycorp/prismtask/ui/screens/analytics/ProductivityScoreSection.kt:155:77 Unnecessary trailing comma before ")"
2026-04-28T19:12:15.6801530Z /home/runner/work/prismTask/prismTask/app/src/main/java/com/averycorp/prismtask/ui/screens/analytics/ProductivityScoreSection.kt:156:18 Unnecessary trailing comma before ")"
2026-04-28T19:12:15.6805247Z /home/runner/work/prismTask/prismTask/app/src/main/java/com/averycorp/prismtask/ui/screens/analytics/ProductivityScoreSection.kt:166:34 Unnecessary trailing comma before ")"
2026-04-28T19:12:15.6808459Z /home/runner/work/prismTask/prismTask/app/src/main/java/com/averycorp/prismtask/ui/screens/analytics/ProductivityScoreSection.kt:194:85 Unnecessary trailing comma before ")"
2026-04-28T19:12:15.6812088Z /home/runner/work/prismTask/prismTask/app/src/main/java/com/averycorp/prismtask/ui/screens/analytics/ProductivityScoreSection.kt:195:14 Unnecessary trailing comma before ")"
2026-04-28T19:12:15.6814964Z /home/runner/work/prismTask/prismTask/app/src/main/java/com/averycorp/prismtask/ui/screens/analytics/ProductivityScoreSection.kt:200:71 Unnecessary trailing comma before ")"
2026-04-28T19:12:15.6817704Z /home/runner/work/prismTask/prismTask/app/src/main/java/com/averycorp/prismtask/ui/screens/analytics/ProductivityScoreSection.kt:222:41 Unnecessary trailing comma before ")"
2026-04-28T19:12:15.6820694Z /home/runner/work/prismTask/prismTask/app/src/main/java/com/averycorp/prismtask/ui/screens/analytics/ProductivityScoreSection.kt:231:41 Unnecessary trailing comma before ")"
2026-04-28T19:12:15.6823362Z /home/runner/work/prismTask/prismTask/app/src/main/java/com/averycorp/prismtask/ui/screens/analytics/ProductivityScoreSection.kt:243:34 Unnecessary trailing comma before ")"
2026-04-28T19:12:15.6826006Z /home/runner/work/prismTask/prismTask/app/src/main/java/com/averycorp/prismtask/ui/screens/analytics/ProductivityScoreSection.kt:247:50 Unnecessary trailing comma before ")"
2026-04-28T19:12:15.6828594Z /home/runner/work/prismTask/prismTask/app/src/main/java/com/averycorp/prismtask/ui/screens/analytics/ProductivityScoreSection.kt:253:29 Unnecessary trailing comma before ")"
2026-04-28T19:12:15.6831443Z /home/runner/work/prismTask/prismTask/app/src/main/java/com/averycorp/prismtask/ui/screens/analytics/ProductivityScoreSection.kt:258:60 Unnecessary trailing comma before ")"
2026-04-28T19:12:15.6834241Z /home/runner/work/prismTask/prismTask/app/src/main/java/com/averycorp/prismtask/ui/screens/analytics/TaskAnalyticsScreen.kt:126:45 Unnecessary trailing comma before ")"
2026-04-28T19:12:15.6835675Z 
2026-04-28T19:12:15.6836123Z > Task :app:ktlintTestSourceSetCheck FROM-CACHE
2026-04-28T19:12:21.2742984Z > Task :app:runKtlintCheckOverAndroidTestSourceSet
2026-04-28T19:12:21.2744758Z 
2026-04-28T19:12:21.2745099Z > Task :app:ktlintAndroidTestSourceSetCheck FAILED
2026-04-28T19:12:21.2747086Z /home/runner/work/prismTask/prismTask/app/src/androidTest/java/com/averycorp/prismtask/sync/fuzz/Fuzz06MedicationConcurrentEditTest.kt:43:66 Unnecessary trailing comma before ")"
2026-04-28T19:12:21.3743346Z gradle/actions: Writing build results to /home/runner/work/_temp/.gradle-actions/build-results/__run_2-1777403528024.json
2026-04-28T19:12:21.3746089Z 
2026-04-28T19:12:21.3751489Z 
2026-04-28T19:12:21.3753740Z [Incubating] Problems report is available at: file:///home/runner/work/prismTask/prismTask/build/reports/problems/problems-report.html
2026-04-28T19:12:21.3762877Z FAILURE: Build completed with 2 failures.
2026-04-28T19:12:21.3763342Z 
2026-04-28T19:12:21.3773149Z 
2026-04-28T19:12:21.3783791Z Deprecated Gradle features were used in this build, making it incompatible with Gradle 10.
2026-04-28T19:12:21.3784802Z 
2026-04-28T19:12:21.3785899Z You can use '--warning-mode all' to show the individual deprecation warnings and determine if they come from your own scripts or plugins.
2026-04-28T19:12:21.3787101Z 
2026-04-28T19:12:21.3788231Z For more on this, please refer to https://docs.gradle.org/9.3.1/userguide/command_line_interface.html#sec:command_line_warnings in the Gradle documentation.
2026-04-28T19:12:21.3790023Z 13 actionable tasks: 3 executed, 10 from cache
2026-04-28T19:12:21.3799327Z 1: Task failed with an exception.
2026-04-28T19:12:21.3801182Z -----------
2026-04-28T19:12:21.3801738Z * What went wrong:
2026-04-28T19:12:21.3802316Z Execution failed for task ':app:ktlintMainSourceSetCheck'.
2026-04-28T19:12:21.3803374Z > A failure occurred while executing org.jlleitschuh.gradle.ktlint.worker.ConsoleReportWorkAction
2026-04-28T19:12:21.3804482Z    > KtLint found code style violations. Please see the following reports:
2026-04-28T19:12:21.3806162Z      - /home/runner/work/prismTask/prismTask/app/build/reports/ktlint/ktlintMainSourceSetCheck/ktlintMainSourceSetCheck.txt
2026-04-28T19:12:21.3807064Z 
2026-04-28T19:12:21.3807229Z * Try:
2026-04-28T19:12:21.3807702Z > Run with --stacktrace option to get the stack trace.
2026-04-28T19:12:21.3808256Z > Run with --info or --debug option to get more log output.
2026-04-28T19:12:21.3808746Z > Run with --scan to get full insights from a Build Scan (powered by Develocity).
2026-04-28T19:12:21.3809848Z > Get more help at https://help.gradle.org.
2026-04-28T19:12:21.3810531Z ==============================================================================
2026-04-28T19:12:21.3811010Z 
2026-04-28T19:12:21.3811222Z 2: Task failed with an exception.
2026-04-28T19:12:21.3811763Z -----------
2026-04-28T19:12:21.3812185Z * What went wrong:
2026-04-28T19:12:21.3812840Z Execution failed for task ':app:ktlintAndroidTestSourceSetCheck'.
2026-04-28T19:12:21.3814039Z > A failure occurred while executing org.jlleitschuh.gradle.ktlint.worker.ConsoleReportWorkAction
2026-04-28T19:12:21.3815246Z    > KtLint found code style violations. Please see the following reports:
2026-04-28T19:12:21.3816720Z      - /home/runner/work/prismTask/prismTask/app/build/reports/ktlint/ktlintAndroidTestSourceSetCheck/ktlintAndroidTestSourceSetCheck.txt
2026-04-28T19:12:21.3817791Z 
2026-04-28T19:12:21.3817958Z * Try:
2026-04-28T19:12:21.3818456Z > Run with --stacktrace option to get the stack trace.
2026-04-28T19:12:21.3819432Z > Run with --info or --debug option to get more log output.
2026-04-28T19:12:21.3820316Z > Run with --scan to get full insights from a Build Scan (powered by Develocity).
2026-04-28T19:12:21.3821158Z > Get more help at https://help.gradle.org.
2026-04-28T19:12:21.3821812Z ==============================================================================
2026-04-28T19:12:21.3822514Z 
2026-04-28T19:12:21.3822686Z BUILD FAILED in 20s
2026-04-28T19:12:21.8147449Z ##[error]Process completed with exit code 1.
2026-04-28T19:12:21.8197762Z ##[group]Run ./gradlew detekt --continue
2026-04-28T19:12:21.8198134Z [36;1m./gradlew detekt --continue[0m
2026-04-28T19:12:21.8251961Z shell: /usr/bin/bash -e {0}
2026-04-28T19:12:21.8252243Z env:
2026-04-28T19:12:21.8252591Z   JAVA_HOME: /opt/hostedtoolcache/Java_Temurin-Hotspot_jdk/21.0.11-10/x64
2026-04-28T19:12:21.8253124Z   JAVA_HOME_21_X64: /opt/hostedtoolcache/Java_Temurin-Hotspot_jdk/21.0.11-10/x64
2026-04-28T19:12:21.8253583Z   GRADLE_ACTION_ID: gradle/actions/setup-gradle
2026-04-28T19:12:21.8253921Z   GRADLE_USER_HOME: /home/runner/.gradle
2026-04-28T19:12:21.8254244Z   GRADLE_BUILD_ACTION_SETUP_COMPLETED: true
2026-04-28T19:12:21.8254565Z   GRADLE_BUILD_ACTION_CACHE_RESTORED: true
2026-04-28T19:12:21.8255030Z   DEVELOCITY_INJECTION_INIT_SCRIPT_NAME: gradle-actions.inject-develocity.init.gradle
2026-04-28T19:12:21.8255553Z   DEVELOCITY_INJECTION_CUSTOM_VALUE: gradle-actions
2026-04-28T19:12:21.8255899Z   GITHUB_DEPENDENCY_GRAPH_ENABLED: false
2026-04-28T19:12:21.8256222Z ##[endgroup]
2026-04-28T19:12:22.5846890Z Configuration on demand is an incubating feature.
2026-04-28T19:12:22.9850609Z 
2026-04-28T19:12:22.9877953Z > Configure project :app
2026-04-28T19:12:22.9909922Z WARNING: The option setting 'android.builtInKotlin=false' is deprecated.
2026-04-28T19:12:22.9927047Z The current default is 'true'.
2026-04-28T19:12:22.9939943Z It will be removed in version 10.0 of the Android Gradle plugin.
2026-04-28T19:12:22.9969837Z WARNING: The option setting 'android.newDsl=false' is deprecated.
2026-04-28T19:12:22.9979886Z The current default is 'true'.
2026-04-28T19:12:22.9980776Z It will be removed in version 10.0 of the Android Gradle plugin.
2026-04-28T19:12:22.9982107Z WARNING: The option setting 'android.dependency.excludeLibraryComponentsFromConstraints=true' is deprecated.
2026-04-28T19:12:22.9983390Z The current default is 'false'.
2026-04-28T19:12:22.9984174Z It will be removed in version 10.0 of the Android Gradle plugin.
2026-04-28T19:12:22.9985120Z Following can be set instead to achieve a similar behaviour.
2026-04-28T19:12:22.9985972Z     android.dependency.useConstraints=false
2026-04-28T19:12:22.9987126Z w: ⚠️ Deprecated 'org.jetbrains.kotlin.android' plugin usage
2026-04-28T19:12:22.9988415Z The 'org.jetbrains.kotlin.android' plugin in project ':app' is no longer required for Kotlin support since AGP 9.0.
2026-04-28T19:12:22.9990351Z Solution: Remove both `android.builtInKotlin=true` and `android.newDsl=false` from `gradle.properties`, then migrate to built-in Kotlin.
2026-04-28T19:12:22.9991918Z See https://kotl.in/gradle/agp-built-in-kotlin for more details.
2026-04-28T19:12:22.9992585Z 
2026-04-28T19:12:23.9851431Z 
2026-04-28T19:12:23.9890111Z > Task :detekt-rules:checkKotlinGradlePluginConfigurationErrors SKIPPED
2026-04-28T19:12:24.0850959Z > Task :detekt-rules:compileKotlin FROM-CACHE
2026-04-28T19:12:24.0873808Z > Task :detekt-rules:compileJava NO-SOURCE
2026-04-28T19:12:24.0877752Z > Task :detekt-rules:processResources
2026-04-28T19:12:24.0882156Z > Task :detekt-rules:classes
2026-04-28T19:12:24.1832799Z > Task :detekt-rules:jar
2026-04-28T19:12:54.0826306Z > Task :app:detekt
2026-04-28T19:13:05.7826408Z gradle/actions: Writing build results to /home/runner/work/_temp/.gradle-actions/build-results/__run_3-1777403542503.json
2026-04-28T19:13:05.7827574Z 
2026-04-28T19:13:05.7828802Z [Incubating] Problems report is available at: file:///home/runner/work/prismTask/prismTask/build/reports/problems/problems-report.html
2026-04-28T19:13:05.7830282Z 
2026-04-28T19:13:05.7830974Z Deprecated Gradle features were used in this build, making it incompatible with Gradle 10.
2026-04-28T19:13:05.7832216Z 
2026-04-28T19:13:05.7833224Z You can use '--warning-mode all' to show the individual deprecation warnings and determine if they come from your own scripts or plugins.
2026-04-28T19:13:05.7834826Z 
2026-04-28T19:13:05.7836322Z For more on this, please refer to https://docs.gradle.org/9.3.1/userguide/command_line_interface.html#sec:command_line_warnings in the Gradle documentation.
2026-04-28T19:13:05.7837726Z 
2026-04-28T19:13:05.7838095Z BUILD SUCCESSFUL in 43s
2026-04-28T19:13:05.7838805Z 4 actionable tasks: 3 executed, 1 from cache
2026-04-28T19:13:05.8123434Z ##[group]Run ./gradlew lint --continue
2026-04-28T19:13:05.8124075Z [36;1m./gradlew lint --continue[0m
2026-04-28T19:13:05.8200548Z shell: /usr/bin/bash -e {0}
2026-04-28T19:13:05.8201021Z env:
2026-04-28T19:13:05.8201600Z   JAVA_HOME: /opt/hostedtoolcache/Java_Temurin-Hotspot_jdk/21.0.11-10/x64
2026-04-28T19:13:05.8202522Z   JAVA_HOME_21_X64: /opt/hostedtoolcache/Java_Temurin-Hotspot_jdk/21.0.11-10/x64
2026-04-28T19:13:05.8203319Z   GRADLE_ACTION_ID: gradle/actions/setup-gradle
2026-04-28T19:13:05.8203893Z   GRADLE_USER_HOME: /home/runner/.gradle
2026-04-28T19:13:05.8204445Z   GRADLE_BUILD_ACTION_SETUP_COMPLETED: true
2026-04-28T19:13:05.8205028Z   GRADLE_BUILD_ACTION_CACHE_RESTORED: true
2026-04-28T19:13:05.8205853Z   DEVELOCITY_INJECTION_INIT_SCRIPT_NAME: gradle-actions.inject-develocity.init.gradle
2026-04-28T19:13:05.8206736Z   DEVELOCITY_INJECTION_CUSTOM_VALUE: gradle-actions
2026-04-28T19:13:05.8207324Z   GITHUB_DEPENDENCY_GRAPH_ENABLED: false
2026-04-28T19:13:05.8207855Z ##[endgroup]
2026-04-28T19:13:06.6060049Z Configuration on demand is an incubating feature.
2026-04-28T19:13:06.9060073Z 
2026-04-28T19:13:06.9077469Z > Configure project :app
2026-04-28T19:13:06.9097300Z WARNING: The option setting 'android.builtInKotlin=false' is deprecated.
2026-04-28T19:13:06.9098266Z The current default is 'true'.
2026-04-28T19:13:06.9099393Z It will be removed in version 10.0 of the Android Gradle plugin.
2026-04-28T19:13:06.9100607Z WARNING: The option setting 'android.newDsl=false' is deprecated.
2026-04-28T19:13:06.9101474Z The current default is 'true'.
2026-04-28T19:13:06.9102216Z It will be removed in version 10.0 of the Android Gradle plugin.
2026-04-28T19:13:06.9105966Z WARNING: The option setting 'android.dependency.excludeLibraryComponentsFromConstraints=true' is deprecated.
2026-04-28T19:13:06.9107500Z The current default is 'false'.
2026-04-28T19:13:06.9113068Z It will be removed in version 10.0 of the Android Gradle plugin.
2026-04-28T19:13:06.9114084Z Following can be set instead to achieve a similar behaviour.
2026-04-28T19:13:06.9114951Z     android.dependency.useConstraints=false
2026-04-28T19:13:06.9116173Z w: ⚠️ Deprecated 'org.jetbrains.kotlin.android' plugin usage
2026-04-28T19:13:06.9117436Z The 'org.jetbrains.kotlin.android' plugin in project ':app' is no longer required for Kotlin support since AGP 9.0.
2026-04-28T19:13:06.9119484Z Solution: Remove both `android.builtInKotlin=true` and `android.newDsl=false` from `gradle.properties`, then migrate to built-in Kotlin.
2026-04-28T19:13:06.9121291Z See https://kotl.in/gradle/agp-built-in-kotlin for more details.
2026-04-28T19:13:06.9122014Z 
2026-04-28T19:13:07.9030676Z 
2026-04-28T19:13:07.9031715Z > Task :app:checkKotlinGradlePluginConfigurationErrors SKIPPED
2026-04-28T19:13:07.9033794Z > Task :app:preBuild UP-TO-DATE
2026-04-28T19:13:07.9070895Z > Task :app:preDebugBuild UP-TO-DATE
2026-04-28T19:13:07.9071918Z > Task :app:generateDebugBuildConfig FROM-CACHE
2026-04-28T19:13:07.9072952Z > Task :app:generateDebugResValues FROM-CACHE
2026-04-28T19:13:08.0030598Z > Task :app:generateDebugResources FROM-CACHE
2026-04-28T19:13:08.0031902Z > Task :app:injectCrashlyticsMappingFileIdDebug
2026-04-28T19:13:08.0032890Z > Task :app:processDebugGoogleServices FROM-CACHE
2026-04-28T19:13:08.0039839Z > Task :app:packageDebugResources FROM-CACHE
2026-04-28T19:13:08.6020017Z > Task :app:processDebugNavigationResources FROM-CACHE
2026-04-28T19:13:09.5020059Z > Task :app:parseDebugLocalResources FROM-CACHE
2026-04-28T19:13:09.5020996Z > Task :app:generateDebugRFile FROM-CACHE
2026-04-28T19:13:10.0019733Z > Task :app:kspDebugKotlin FROM-CACHE
2026-04-28T19:13:11.5026013Z > Task :app:compileDebugKotlin FROM-CACHE
2026-04-28T19:13:11.5027047Z > Task :app:javaPreCompileDebug FROM-CACHE
2026-04-28T19:13:13.6025248Z > Task :app:compileDebugJavaWithJavac FROM-CACHE
2026-04-28T19:13:13.6026898Z > Task :app:hiltSyncDebug UP-TO-DATE
2026-04-28T19:13:13.8041384Z > Task :app:hiltAggregateDepsDebug FROM-CACHE
2026-04-28T19:13:14.0040748Z > Task :app:hiltJavaCompileDebug FROM-CACHE
2026-04-28T19:13:14.1021322Z > Task :app:mapDebugSourceSetPaths
2026-04-28T19:13:14.2021160Z > Task :app:compileDebugNavigationResources FROM-CACHE
2026-04-28T19:13:14.2026102Z > Task :app:checkDebugAarMetadata
2026-04-28T19:13:14.3020456Z > Task :app:mergeDebugResources FROM-CACHE
2026-04-28T19:13:14.3021457Z > Task :app:createDebugCompatibleScreenManifests
2026-04-28T19:13:14.3022632Z > Task :app:extractDeepLinksDebug FROM-CACHE
2026-04-28T19:13:14.4026726Z > Task :app:processDebugMainManifest FROM-CACHE
2026-04-28T19:13:14.4031222Z > Task :app:processDebugManifest FROM-CACHE
2026-04-28T19:13:14.5021527Z > Task :app:processDebugManifestForPackage FROM-CACHE
2026-04-28T19:13:14.7030042Z > Task :app:processDebugResources FROM-CACHE
2026-04-28T19:13:14.8046258Z > Task :app:preDebugAndroidTestBuild SKIPPED
2026-04-28T19:13:14.8099634Z > Task :app:generateDebugAndroidTestResValues FROM-CACHE
2026-04-28T19:13:14.8189610Z > Task :app:extractProguardFiles
2026-04-28T19:13:15.2021002Z > Task :app:bundleDebugClassesToCompileJar
2026-04-28T19:13:15.5020656Z > Task :app:generateDebugLintReportModel
2026-04-28T19:13:16.1019704Z > Task :app:generateDebugAndroidTestLintModel
2026-04-28T19:13:16.1020606Z > Task :app:preDebugUnitTestBuild UP-TO-DATE
2026-04-28T19:13:16.3020040Z > Task :app:generateDebugUnitTestLintModel
2026-04-28T19:13:16.4025142Z > Task :app:lintAnalyzeDebug FROM-CACHE
2026-04-28T19:13:16.5022463Z > Task :app:lintAnalyzeDebugUnitTest FROM-CACHE
2026-04-28T19:13:46.4020534Z > Task :app:lintAnalyzeDebugAndroidTest
2026-04-28T19:13:51.1027454Z 
2026-04-28T19:13:51.1037989Z > Task :app:lintReportDebug
2026-04-28T19:13:51.1039537Z Wrote HTML report to file:///home/runner/work/prismTask/prismTask/app/build/reports/lint-results-debug.html
2026-04-28T19:13:51.1040513Z 
2026-04-28T19:13:51.1040832Z > Task :app:lintDebug
2026-04-28T19:13:51.1041413Z > Task :app:lint
2026-04-28T19:13:51.1042462Z gradle/actions: Writing build results to /home/runner/work/_temp/.gradle-actions/build-results/__run_5-1777403586517.json
2026-04-28T19:13:51.1043430Z 
2026-04-28T19:13:51.1044324Z [Incubating] Problems report is available at: file:///home/runner/work/prismTask/prismTask/build/reports/problems/problems-report.html
2026-04-28T19:13:51.1048814Z 
2026-04-28T19:13:51.1049755Z Deprecated Gradle features were used in this build, making it incompatible with Gradle 10.
2026-04-28T19:13:51.1050592Z 
2026-04-28T19:13:51.1051478Z You can use '--warning-mode all' to show the individual deprecation warnings and determine if they come from your own scripts or plugins.
2026-04-28T19:13:51.1052517Z 
2026-04-28T19:13:51.1053532Z For more on this, please refer to https://docs.gradle.org/9.3.1/userguide/command_line_interface.html#sec:command_line_warnings in the Gradle documentation.
2026-04-28T19:13:51.1054701Z 
2026-04-28T19:13:51.1055008Z BUILD SUCCESSFUL in 45s
2026-04-28T19:13:51.1055631Z 36 actionable tasks: 12 executed, 24 from cache
2026-04-28T19:13:51.1853063Z ##[group]Run ./gradlew compileDebugAndroidTestKotlin --continue
2026-04-28T19:13:51.1853932Z [36;1m./gradlew compileDebugAndroidTestKotlin --continue[0m
2026-04-28T19:13:51.1966748Z shell: /usr/bin/bash -e {0}
2026-04-28T19:13:51.1967222Z env:
2026-04-28T19:13:51.1967772Z   JAVA_HOME: /opt/hostedtoolcache/Java_Temurin-Hotspot_jdk/21.0.11-10/x64
2026-04-28T19:13:51.1968678Z   JAVA_HOME_21_X64: /opt/hostedtoolcache/Java_Temurin-Hotspot_jdk/21.0.11-10/x64
2026-04-28T19:13:51.1969710Z   GRADLE_ACTION_ID: gradle/actions/setup-gradle
2026-04-28T19:13:51.1970266Z   GRADLE_USER_HOME: /home/runner/.gradle
2026-04-28T19:13:51.1970786Z   GRADLE_BUILD_ACTION_SETUP_COMPLETED: true
2026-04-28T19:13:51.1971709Z   GRADLE_BUILD_ACTION_CACHE_RESTORED: true
2026-04-28T19:13:51.1972524Z   DEVELOCITY_INJECTION_INIT_SCRIPT_NAME: gradle-actions.inject-develocity.init.gradle
2026-04-28T19:13:51.1973384Z   DEVELOCITY_INJECTION_CUSTOM_VALUE: gradle-actions
2026-04-28T19:13:51.1974019Z   GITHUB_DEPENDENCY_GRAPH_ENABLED: false
2026-04-28T19:13:51.1974498Z ##[endgroup]
2026-04-28T19:13:52.0116218Z Configuration on demand is an incubating feature.
2026-04-28T19:13:52.8081013Z 
2026-04-28T19:13:52.8107487Z > Configure project :app
2026-04-28T19:13:52.8132657Z WARNING: The option setting 'android.builtInKotlin=false' is deprecated.
2026-04-28T19:13:52.8169961Z The current default is 'true'.
2026-04-28T19:13:52.8171064Z It will be removed in version 10.0 of the Android Gradle plugin.
2026-04-28T19:13:52.8190120Z WARNING: The option setting 'android.newDsl=false' is deprecated.
2026-04-28T19:13:52.8229675Z The current default is 'true'.
2026-04-28T19:13:52.8235066Z It will be removed in version 10.0 of the Android Gradle plugin.
2026-04-28T19:13:52.8262615Z WARNING: The option setting 'android.dependency.excludeLibraryComponentsFromConstraints=true' is deprecated.
2026-04-28T19:13:52.8289638Z The current default is 'false'.
2026-04-28T19:13:52.8319694Z It will be removed in version 10.0 of the Android Gradle plugin.
2026-04-28T19:13:52.8329734Z Following can be set instead to achieve a similar behaviour.
2026-04-28T19:13:52.8359236Z     android.dependency.useConstraints=false
2026-04-28T19:13:52.8390276Z w: ⚠️ Deprecated 'org.jetbrains.kotlin.android' plugin usage
2026-04-28T19:13:52.8391743Z The 'org.jetbrains.kotlin.android' plugin in project ':app' is no longer required for Kotlin support since AGP 9.0.
2026-04-28T19:13:52.8393592Z Solution: Remove both `android.builtInKotlin=true` and `android.newDsl=false` from `gradle.properties`, then migrate to built-in Kotlin.
2026-04-28T19:13:52.8395147Z See https://kotl.in/gradle/agp-built-in-kotlin for more details.
2026-04-28T19:13:52.8395885Z 
2026-04-28T19:13:53.0079920Z 
2026-04-28T19:13:53.0080951Z > Task :app:checkKotlinGradlePluginConfigurationErrors SKIPPED
2026-04-28T19:13:53.0082078Z > Task :app:preBuild UP-TO-DATE
2026-04-28T19:13:53.0082772Z > Task :app:preDebugBuild UP-TO-DATE
2026-04-28T19:13:53.1074748Z > Task :app:generateDebugBuildConfig UP-TO-DATE
2026-04-28T19:13:53.1099840Z > Task :app:generateDebugResValues UP-TO-DATE
2026-04-28T19:13:53.1129743Z > Task :app:generateDebugResources UP-TO-DATE
2026-04-28T19:13:53.1159810Z > Task :app:injectCrashlyticsMappingFileIdDebug UP-TO-DATE
2026-04-28T19:13:53.1160818Z > Task :app:processDebugGoogleServices UP-TO-DATE
2026-04-28T19:13:53.1189800Z > Task :app:packageDebugResources UP-TO-DATE
2026-04-28T19:13:54.0075529Z > Task :app:processDebugNavigationResources UP-TO-DATE
2026-04-28T19:13:54.0114801Z > Task :app:parseDebugLocalResources UP-TO-DATE
2026-04-28T19:13:54.0120035Z > Task :app:generateDebugRFile UP-TO-DATE
2026-04-28T19:13:54.2075296Z > Task :app:kspDebugKotlin UP-TO-DATE
2026-04-28T19:13:54.3093787Z > Task :app:compileDebugKotlin UP-TO-DATE
2026-04-28T19:13:54.3100174Z > Task :app:javaPreCompileDebug UP-TO-DATE
2026-04-28T19:13:54.3101029Z > Task :app:compileDebugJavaWithJavac UP-TO-DATE
2026-04-28T19:13:54.3101916Z > Task :app:hiltSyncDebug UP-TO-DATE
2026-04-28T19:13:54.3103249Z > Task :app:hiltAggregateDepsDebug UP-TO-DATE
2026-04-28T19:13:54.4089837Z > Task :app:hiltJavaCompileDebug UP-TO-DATE
2026-04-28T19:13:54.4090730Z > Task :app:checkDebugAarMetadata UP-TO-DATE
2026-04-28T19:13:54.4091536Z > Task :app:mapDebugSourceSetPaths UP-TO-DATE
2026-04-28T19:13:54.4092393Z > Task :app:compileDebugNavigationResources UP-TO-DATE
2026-04-28T19:13:54.4093154Z > Task :app:mergeDebugResources UP-TO-DATE
2026-04-28T19:13:54.4093962Z > Task :app:createDebugCompatibleScreenManifests UP-TO-DATE
2026-04-28T19:13:54.4094782Z > Task :app:extractDeepLinksDebug UP-TO-DATE
2026-04-28T19:13:54.4095523Z > Task :app:processDebugMainManifest UP-TO-DATE
2026-04-28T19:13:54.4096272Z > Task :app:processDebugManifest UP-TO-DATE
2026-04-28T19:13:54.4097524Z > Task :app:processDebugManifestForPackage UP-TO-DATE
2026-04-28T19:13:54.5090183Z > Task :app:processDebugResources UP-TO-DATE
2026-04-28T19:13:54.5112301Z > Task :app:bundleDebugClassesToCompileJar UP-TO-DATE
2026-04-28T19:13:54.5160224Z > Task :app:preDebugAndroidTestBuild SKIPPED
2026-04-28T19:13:54.7074682Z > Task :app:processDebugAndroidTestManifest
2026-04-28T19:13:54.7110067Z > Task :app:generateDebugAndroidTestBuildConfig FROM-CACHE
2026-04-28T19:13:54.7120985Z > Task :app:generateDebugAndroidTestResValues UP-TO-DATE
2026-04-28T19:13:54.7125058Z > Task :app:generateDebugAndroidTestResources FROM-CACHE
2026-04-28T19:13:54.7151665Z > Task :app:packageDebugAndroidTestResources FROM-CACHE
2026-04-28T19:13:54.7160358Z > Task :app:processDebugAndroidTestNavigationResources FROM-CACHE
2026-04-28T19:13:54.7161423Z > Task :app:parseDebugAndroidTestLocalResources FROM-CACHE
2026-04-28T19:13:54.7162491Z > Task :app:generateDebugAndroidTestRFile FROM-CACHE
2026-04-28T19:14:07.8080194Z > Task :app:kspDebugAndroidTestKotlin
2026-04-28T19:14:31.8077004Z 
2026-04-28T19:14:31.8077887Z > Task :app:compileDebugAndroidTestKotlin
2026-04-28T19:14:31.8111945Z w: file:///home/runner/work/prismTask/prismTask/app/src/androidTest/java/com/averycorp/prismtask/BuiltInTaskTemplateBackfillerEmulatorTest.kt:71:22 'fun setPersistenceEnabled(p0: Boolean): FirebaseFirestoreSettings.Builder' is deprecated. Deprecated in Java.
2026-04-28T19:14:31.8120275Z w: file:///home/runner/work/prismTask/prismTask/app/src/androidTest/java/com/averycorp/prismtask/CloudIdOrphanHealerEmulatorTest.kt:77:22 'fun setPersistenceEnabled(p0: Boolean): FirebaseFirestoreSettings.Builder' is deprecated. Deprecated in Java.
2026-04-28T19:14:31.8141219Z w: file:///home/runner/work/prismTask/prismTask/app/src/androidTest/java/com/averycorp/prismtask/FirebaseEmulatorSmokeTest.kt:64:22 'fun setPersistenceEnabled(p0: Boolean): FirebaseFirestoreSettings.Builder' is deprecated. Deprecated in Java.
2026-04-28T19:14:31.8171172Z w: file:///home/runner/work/prismTask/prismTask/app/src/androidTest/java/com/averycorp/prismtask/HiltTestRunner.kt:72:22 'fun setPersistenceEnabled(p0: Boolean): FirebaseFirestoreSettings.Builder' is deprecated. Deprecated in Java.
2026-04-28T19:14:31.8181370Z w: file:///home/runner/work/prismTask/prismTask/app/src/androidTest/java/com/averycorp/prismtask/smoke/RecurrenceSmokeTest.kt:75:52 Unnecessary non-null assertion (!!) on a non-null receiver of type 'Long'.
2026-04-28T19:14:31.8184625Z w: file:///home/runner/work/prismTask/prismTask/app/src/androidTest/java/com/averycorp/prismtask/sync/SyncTestHarness.kt:274:26 'fun setPersistenceEnabled(p0: Boolean): FirebaseFirestoreSettings.Builder' is deprecated. Deprecated in Java.
2026-04-28T19:14:32.8790640Z gradle/actions: Writing build results to /home/runner/work/_temp/.gradle-actions/build-results/__run_6-1777403632026.json
2026-04-28T19:14:32.8851594Z 
2026-04-28T19:14:32.8880284Z [Incubating] Problems report is available at: file:///home/runner/work/prismTask/prismTask/build/reports/problems/problems-report.html
2026-04-28T19:14:32.8909366Z 
2026-04-28T19:14:32.8921830Z Deprecated Gradle features were used in this build, making it incompatible with Gradle 10.
2026-04-28T19:14:32.8969301Z 
2026-04-28T19:14:32.8980918Z You can use '--warning-mode all' to show the individual deprecation warnings and determine if they come from your own scripts or plugins.
2026-04-28T19:14:32.8985710Z 
2026-04-28T19:14:32.8986801Z For more on this, please refer to https://docs.gradle.org/9.3.1/userguide/command_line_interface.html#sec:command_line_warnings in the Gradle documentation.
2026-04-28T19:14:32.8988088Z 
2026-04-28T19:14:32.8988475Z BUILD SUCCESSFUL in 41s
2026-04-28T19:14:32.8989511Z 36 actionable tasks: 3 executed, 6 from cache, 27 up-to-date
2026-04-28T19:14:32.9047028Z ##[group]Run set -euo pipefail
2026-04-28T19:14:32.9047653Z [36;1mset -euo pipefail[0m
2026-04-28T19:14:32.9048166Z [36;1mshopt -s globstar nullglob[0m
2026-04-28T19:14:32.9048747Z [36;1mxmls=(app/build/test-results/**/*.xml)[0m
2026-04-28T19:14:32.9050059Z [36;1mif [ ${#xmls[@]} -eq 0 ]; then[0m
2026-04-28T19:14:32.9050947Z [36;1m  echo "::error::No JUnit XML results found under app/build/test-results/. Did the test task run?"[0m
2026-04-28T19:14:32.9051838Z [36;1m  exit 1[0m
2026-04-28T19:14:32.9052234Z [36;1mfi[0m
2026-04-28T19:14:32.9052607Z [36;1mfailed=0[0m
2026-04-28T19:14:32.9053007Z [36;1mfor f in "${xmls[@]}"; do[0m
2026-04-28T19:14:32.9053760Z [36;1m  fails=$(grep -oE 'failures="[0-9]+"' "$f" | head -n1 | grep -oE '[0-9]+' || echo 0)[0m
2026-04-28T19:14:32.9054735Z [36;1m  errs=$(grep -oE 'errors="[0-9]+"' "$f" | head -n1 | grep -oE '[0-9]+' || echo 0)[0m
2026-04-28T19:14:32.9055632Z [36;1m  if [ "${fails:-0}" -gt 0 ] || [ "${errs:-0}" -gt 0 ]; then[0m
2026-04-28T19:14:32.9056451Z [36;1m    echo "::error file=${f}::${fails} failure(s), ${errs} error(s) in ${f}"[0m
2026-04-28T19:14:32.9057186Z [36;1m    failed=$((failed + fails + errs))[0m
2026-04-28T19:14:32.9057710Z [36;1m  fi[0m
2026-04-28T19:14:32.9058087Z [36;1mdone[0m
2026-04-28T19:14:32.9058477Z [36;1mif [ "$failed" -gt 0 ]; then[0m
2026-04-28T19:14:32.9059701Z [36;1m  echo "::error::${failed} unit-test failure(s)/error(s) detected. See annotations and the test-results artifact."[0m
2026-04-28T19:14:32.9060678Z [36;1m  exit 1[0m
2026-04-28T19:14:32.9061050Z [36;1mfi[0m
2026-04-28T19:14:32.9061524Z [36;1mecho "All ${#xmls[@]} JUnit XML reports clean."[0m
2026-04-28T19:14:32.9137175Z shell: /usr/bin/bash --noprofile --norc -e -o pipefail {0}
2026-04-28T19:14:32.9137773Z env:
2026-04-28T19:14:32.9138318Z   JAVA_HOME: /opt/hostedtoolcache/Java_Temurin-Hotspot_jdk/21.0.11-10/x64
2026-04-28T19:14:32.9139441Z   JAVA_HOME_21_X64: /opt/hostedtoolcache/Java_Temurin-Hotspot_jdk/21.0.11-10/x64
2026-04-28T19:14:32.9140228Z   GRADLE_ACTION_ID: gradle/actions/setup-gradle
2026-04-28T19:14:32.9140814Z   GRADLE_USER_HOME: /home/runner/.gradle
2026-04-28T19:14:32.9141359Z   GRADLE_BUILD_ACTION_SETUP_COMPLETED: true
2026-04-28T19:14:32.9141920Z   GRADLE_BUILD_ACTION_CACHE_RESTORED: true
2026-04-28T19:14:32.9142749Z   DEVELOCITY_INJECTION_INIT_SCRIPT_NAME: gradle-actions.inject-develocity.init.gradle
2026-04-28T19:14:32.9143674Z   DEVELOCITY_INJECTION_CUSTOM_VALUE: gradle-actions
2026-04-28T19:14:32.9144290Z   GITHUB_DEPENDENCY_GRAPH_ENABLED: false
2026-04-28T19:14:32.9144810Z ##[endgroup]
2026-04-28T19:14:33.7265066Z All 170 JUnit XML reports clean.
2026-04-28T19:14:33.7322898Z ##[group]Run actions/upload-artifact@v4
2026-04-28T19:14:33.7323222Z with:
2026-04-28T19:14:33.7323442Z   name: lint-report
2026-04-28T19:14:33.7323729Z   path: app/build/reports/lint-results-debug.html
2026-04-28T19:14:33.7324057Z   retention-days: 7
2026-04-28T19:14:33.7324297Z   if-no-files-found: warn
2026-04-28T19:14:33.7324559Z   compression-level: 6
2026-04-28T19:14:33.7324802Z   overwrite: false
2026-04-28T19:14:33.7325043Z   include-hidden-files: false
2026-04-28T19:14:33.7325307Z env:
2026-04-28T19:14:33.7325624Z   JAVA_HOME: /opt/hostedtoolcache/Java_Temurin-Hotspot_jdk/21.0.11-10/x64
2026-04-28T19:14:33.7326156Z   JAVA_HOME_21_X64: /opt/hostedtoolcache/Java_Temurin-Hotspot_jdk/21.0.11-10/x64
2026-04-28T19:14:33.7326600Z   GRADLE_ACTION_ID: gradle/actions/setup-gradle
2026-04-28T19:14:33.7326931Z   GRADLE_USER_HOME: /home/runner/.gradle
2026-04-28T19:14:33.7327248Z   GRADLE_BUILD_ACTION_SETUP_COMPLETED: true
2026-04-28T19:14:33.7327589Z   GRADLE_BUILD_ACTION_CACHE_RESTORED: true
2026-04-28T19:14:33.7328054Z   DEVELOCITY_INJECTION_INIT_SCRIPT_NAME: gradle-actions.inject-develocity.init.gradle
2026-04-28T19:14:33.7328552Z   DEVELOCITY_INJECTION_CUSTOM_VALUE: gradle-actions
2026-04-28T19:14:33.7328888Z   GITHUB_DEPENDENCY_GRAPH_ENABLED: false
2026-04-28T19:14:33.7329753Z ##[endgroup]
2026-04-28T19:14:33.9481759Z With the provided path, there will be 1 file uploaded
2026-04-28T19:14:33.9487188Z Artifact name is valid!
2026-04-28T19:14:33.9488480Z Root directory input is valid!
2026-04-28T19:14:34.3084177Z Beginning upload of artifact content to blob storage
2026-04-28T19:14:34.6535223Z Uploaded bytes 39884
2026-04-28T19:14:34.7211046Z Finished uploading artifact content to blob storage!
2026-04-28T19:14:34.7214786Z SHA256 digest of uploaded artifact zip is a312be4808bb0b78714ed3482fde3bce0d1eabcf50ac424f664f711ebd026f49
2026-04-28T19:14:34.7216325Z Finalizing artifact upload
2026-04-28T19:14:34.9051974Z Artifact lint-report.zip successfully finalized. Artifact ID 6692684412
2026-04-28T19:14:34.9053164Z Artifact lint-report has been successfully uploaded! Final size is 39884 bytes. Artifact ID is 6692684412
2026-04-28T19:14:34.9060177Z Artifact download URL: https://github.com/averycorp/prismTask/actions/runs/25072509013/artifacts/6692684412
2026-04-28T19:14:34.9206560Z ##[group]Run actions/upload-artifact@v4
2026-04-28T19:14:34.9207138Z with:
2026-04-28T19:14:34.9207520Z   name: detekt-report
2026-04-28T19:14:34.9207979Z   path: app/build/reports/detekt/
2026-04-28T19:14:34.9208492Z   retention-days: 7
2026-04-28T19:14:34.9208929Z   if-no-files-found: warn
2026-04-28T19:14:34.9209745Z   compression-level: 6
2026-04-28T19:14:34.9210209Z   overwrite: false
2026-04-28T19:14:34.9210667Z   include-hidden-files: false
2026-04-28T19:14:34.9211169Z env:
2026-04-28T19:14:34.9211757Z   JAVA_HOME: /opt/hostedtoolcache/Java_Temurin-Hotspot_jdk/21.0.11-10/x64
2026-04-28T19:14:34.9212710Z   JAVA_HOME_21_X64: /opt/hostedtoolcache/Java_Temurin-Hotspot_jdk/21.0.11-10/x64
2026-04-28T19:14:34.9213540Z   GRADLE_ACTION_ID: gradle/actions/setup-gradle
2026-04-28T19:14:34.9214151Z   GRADLE_USER_HOME: /home/runner/.gradle
2026-04-28T19:14:34.9214723Z   GRADLE_BUILD_ACTION_SETUP_COMPLETED: true
2026-04-28T19:14:34.9215310Z   GRADLE_BUILD_ACTION_CACHE_RESTORED: true
2026-04-28T19:14:34.9216189Z   DEVELOCITY_INJECTION_INIT_SCRIPT_NAME: gradle-actions.inject-develocity.init.gradle
2026-04-28T19:14:34.9217165Z   DEVELOCITY_INJECTION_CUSTOM_VALUE: gradle-actions
2026-04-28T19:14:34.9217801Z   GITHUB_DEPENDENCY_GRAPH_ENABLED: false
2026-04-28T19:14:34.9218333Z ##[endgroup]
2026-04-28T19:14:35.1400601Z With the provided path, there will be 2 files uploaded
2026-04-28T19:14:35.1405388Z Artifact name is valid!
2026-04-28T19:14:35.1407181Z Root directory input is valid!
2026-04-28T19:14:35.4131328Z Beginning upload of artifact content to blob storage
2026-04-28T19:14:35.6596173Z Uploaded bytes 4194
2026-04-28T19:14:35.7232937Z Finished uploading artifact content to blob storage!
2026-04-28T19:14:35.7236243Z SHA256 digest of uploaded artifact zip is 9b6fdd1ec1bb476e2ab401cdc2e95e26a66801d46f9dcce46c5f5bc3b7d9b17e
2026-04-28T19:14:35.7238344Z Finalizing artifact upload
2026-04-28T19:14:35.8960415Z Artifact detekt-report.zip successfully finalized. Artifact ID 6692684684
2026-04-28T19:14:35.8962015Z Artifact detekt-report has been successfully uploaded! Final size is 4194 bytes. Artifact ID is 6692684684
2026-04-28T19:14:35.8969399Z Artifact download URL: https://github.com/averycorp/prismTask/actions/runs/25072509013/artifacts/6692684684
2026-04-28T19:14:35.9125358Z ##[group]Run actions/upload-artifact@v4
2026-04-28T19:14:35.9125971Z with:
2026-04-28T19:14:35.9126375Z   name: test-results
2026-04-28T19:14:35.9126853Z   path: app/build/test-results/
2026-04-28T19:14:35.9127374Z   retention-days: 7
2026-04-28T19:14:35.9127841Z   if-no-files-found: warn
2026-04-28T19:14:35.9128326Z   compression-level: 6
2026-04-28T19:14:35.9128785Z   overwrite: false
2026-04-28T19:14:35.9129532Z   include-hidden-files: false
2026-04-28T19:14:35.9130035Z env:
2026-04-28T19:14:35.9130634Z   JAVA_HOME: /opt/hostedtoolcache/Java_Temurin-Hotspot_jdk/21.0.11-10/x64
2026-04-28T19:14:35.9131643Z   JAVA_HOME_21_X64: /opt/hostedtoolcache/Java_Temurin-Hotspot_jdk/21.0.11-10/x64
2026-04-28T19:14:35.9132498Z   GRADLE_ACTION_ID: gradle/actions/setup-gradle
2026-04-28T19:14:35.9133148Z   GRADLE_USER_HOME: /home/runner/.gradle
2026-04-28T19:14:35.9133770Z   GRADLE_BUILD_ACTION_SETUP_COMPLETED: true
2026-04-28T19:14:35.9134413Z   GRADLE_BUILD_ACTION_CACHE_RESTORED: true
2026-04-28T19:14:35.9135362Z   DEVELOCITY_INJECTION_INIT_SCRIPT_NAME: gradle-actions.inject-develocity.init.gradle
2026-04-28T19:14:35.9136719Z   DEVELOCITY_INJECTION_CUSTOM_VALUE: gradle-actions
2026-04-28T19:14:35.9137406Z   GITHUB_DEPENDENCY_GRAPH_ENABLED: false
2026-04-28T19:14:35.9137989Z ##[endgroup]
2026-04-28T19:14:36.1667986Z With the provided path, there will be 172 files uploaded
2026-04-28T19:14:36.1674858Z Artifact name is valid!
2026-04-28T19:14:36.1675545Z Root directory input is valid!
2026-04-28T19:14:36.4560571Z Beginning upload of artifact content to blob storage
2026-04-28T19:14:37.0014329Z Uploaded bytes 174617
2026-04-28T19:14:37.0616118Z Finished uploading artifact content to blob storage!
2026-04-28T19:14:37.0619352Z SHA256 digest of uploaded artifact zip is 739902ec95e2452be7ef156b84ece29488632e32818e902e8b4babbaf5159e57
2026-04-28T19:14:37.0621018Z Finalizing artifact upload
2026-04-28T19:14:37.3501337Z Artifact test-results.zip successfully finalized. Artifact ID 6692685115
2026-04-28T19:14:37.3503068Z Artifact test-results has been successfully uploaded! Final size is 174617 bytes. Artifact ID is 6692685115
2026-04-28T19:14:37.3511440Z Artifact download URL: https://github.com/averycorp/prismTask/actions/runs/25072509013/artifacts/6692685115
2026-04-28T19:14:37.3649980Z Post job cleanup.
2026-04-28T19:14:37.3742619Z Post job cleanup.
2026-04-28T19:14:37.6875158Z In post-action step
2026-04-28T19:14:37.6886867Z Cache is read-only: will not save state for use in subsequent builds.
2026-04-28T19:14:37.6894901Z Generating Job Summary
2026-04-28T19:14:37.6918487Z Completed post-action step
2026-04-28T19:14:37.7081430Z Post job cleanup.
2026-04-28T19:14:37.8898184Z Post job cleanup.
2026-04-28T19:14:37.9865291Z [command]/usr/bin/git version
2026-04-28T19:14:37.9902937Z git version 2.54.0
2026-04-28T19:14:37.9946682Z Temporarily overriding HOME='/home/runner/work/_temp/65a0b1fa-c28d-404d-8b88-2a6d5bbcf4ab' before making global git config changes
2026-04-28T19:14:37.9948207Z Adding repository directory to the temporary git global config as a safe directory
2026-04-28T19:14:37.9952427Z [command]/usr/bin/git config --global --add safe.directory /home/runner/work/prismTask/prismTask
2026-04-28T19:14:37.9987659Z [command]/usr/bin/git config --local --name-only --get-regexp core\.sshCommand
2026-04-28T19:14:38.0019738Z [command]/usr/bin/git submodule foreach --recursive sh -c "git config --local --name-only --get-regexp 'core\.sshCommand' && git config --local --unset-all 'core.sshCommand' || :"
2026-04-28T19:14:38.0243322Z [command]/usr/bin/git config --local --name-only --get-regexp http\.https\:\/\/github\.com\/\.extraheader
2026-04-28T19:14:38.0267877Z http.https://github.com/.extraheader
2026-04-28T19:14:38.0279954Z [command]/usr/bin/git config --local --unset-all http.https://github.com/.extraheader
2026-04-28T19:14:38.0310165Z [command]/usr/bin/git submodule foreach --recursive sh -c "git config --local --name-only --get-regexp 'http\.https\:\/\/github\.com\/\.extraheader' && git config --local --unset-all 'http.https://github.com/.extraheader' || :"
2026-04-28T19:14:38.0530386Z [command]/usr/bin/git config --local --name-only --get-regexp ^includeIf\.gitdir:
2026-04-28T19:14:38.0562472Z [command]/usr/bin/git submodule foreach --recursive git config --local --show-origin --name-only --get-regexp remote.origin.url
2026-04-28T19:14:38.0893555Z Cleaning up orphan processes
2026-04-28T19:14:38.1318705Z Terminate orphan process: pid (2548) (java)
2026-04-28T19:14:38.1346898Z Terminate orphan process: pid (3067) (java)
2026-04-28T19:14:38.1360969Z ##[warning]Node.js 20 actions are deprecated. The following actions are running on Node.js 20 and may not work as expected: actions/cache@v4, actions/checkout@v4, actions/setup-java@v4, actions/upload-artifact@v4, dorny/paths-filter@v3, gradle/actions/setup-gradle@v4. Actions will be forced to run with Node.js 24 by default starting June 2nd, 2026. Node.js 20 will be removed from the runner on September 16th, 2026. Please check if updated versions of these actions are available that support Node.js 24. To opt into Node.js 24 now, set the FORCE_JAVASCRIPT_ACTIONS_TO_NODE24=true environment variable on the runner or in your workflow file. Once Node.js 24 becomes the default, you can temporarily opt out by setting ACTIONS_ALLOW_USE_UNSECURE_NODE_VERSION=true. For more information see: https://github.blog/changelog/2025-09-19-deprecation-of-node-20-on-github-actions-runners/
