=== CI FAILURE ===
Workflow:      Android CI
Workflow file: akarlin3/prismTask/.github/workflows/android-ci.yml@refs/heads/main
Job(s):        lint-and-test
Run ID:        24766348978
Run attempt:   1
Run URL:       https://github.com/akarlin3/prismTask/actions/runs/24766348978
Commit:        eb53066b22fb215bd412776e2d2aeb98e7536aab
Branch:        main
Event:         push
Actor:         akarlin3
Runner OS:     Linux
Timestamp:     2026-04-22T07:50:20.623Z

Failed steps:
  - lint-and-test: #4 ktlint check | #5 detekt | #8 Verify unit-test results (XML)

=== FAILED JOB LOG ===

--- Job: lint-and-test (id 72462080118) ---
2026-04-22T07:43:36.7931240Z Current runner version: '2.333.1'
2026-04-22T07:43:36.7967312Z ##[group]Runner Image Provisioner
2026-04-22T07:43:36.7968472Z Hosted Compute Agent
2026-04-22T07:43:36.7969322Z Version: 20260415.520
2026-04-22T07:43:36.7970327Z Commit: af089020f5f67b61ccc91db6c07980876c02bf7b
2026-04-22T07:43:36.7971395Z Build Date: 2026-04-15T18:07:08Z
2026-04-22T07:43:36.7972324Z Worker ID: {6d932bdb-8737-42f0-ab9c-1c0e4c41b3b9}
2026-04-22T07:43:36.7973475Z Azure Region: eastus2
2026-04-22T07:43:36.7974334Z ##[endgroup]
2026-04-22T07:43:36.7976960Z ##[group]Operating System
2026-04-22T07:43:36.7977977Z Ubuntu
2026-04-22T07:43:36.7978664Z 24.04.4
2026-04-22T07:43:36.7979777Z LTS
2026-04-22T07:43:36.7980438Z ##[endgroup]
2026-04-22T07:43:36.7981231Z ##[group]Runner Image
2026-04-22T07:43:36.7981989Z Image: ubuntu-24.04
2026-04-22T07:43:36.7982833Z Version: 20260420.95.1
2026-04-22T07:43:36.7984652Z Included Software: https://github.com/actions/runner-images/blob/ubuntu24/20260420.95/images/ubuntu/Ubuntu2404-Readme.md
2026-04-22T07:43:36.7987312Z Image Release: https://github.com/actions/runner-images/releases/tag/ubuntu24%2F20260420.95
2026-04-22T07:43:36.7988813Z ##[endgroup]
2026-04-22T07:43:36.7990924Z ##[group]GITHUB_TOKEN Permissions
2026-04-22T07:43:36.7993784Z Actions: read
2026-04-22T07:43:36.7994761Z Checks: read
2026-04-22T07:43:36.7995552Z Contents: write
2026-04-22T07:43:36.7996535Z Metadata: read
2026-04-22T07:43:36.7997388Z PullRequests: read
2026-04-22T07:43:36.7998185Z ##[endgroup]
2026-04-22T07:43:36.8001078Z Secret source: Actions
2026-04-22T07:43:36.8002524Z Prepare workflow directory
2026-04-22T07:43:36.8467214Z Prepare all required actions
2026-04-22T07:43:36.8522612Z Getting action download info
2026-04-22T07:43:37.1579860Z Download action repository 'actions/checkout@v4' (SHA:34e114876b0b11c390a56381ad16ebd13914f8d5)
2026-04-22T07:43:37.2762744Z Download action repository 'actions/github-script@v7' (SHA:f28e40c7f34bde8b3046d885e986cb6290c5673b)
2026-04-22T07:43:37.5633141Z Download action repository 'actions/upload-artifact@v4' (SHA:ea165f8d65b6e75b540449e92b4886f43607fa02)
2026-04-22T07:43:37.8195291Z Complete job name: lint-and-test
2026-04-22T07:43:37.8900326Z ##[group]Run actions/checkout@v4
2026-04-22T07:43:37.8901068Z with:
2026-04-22T07:43:37.8901424Z   ref: refs/heads/main
2026-04-22T07:43:37.8901862Z   repository: akarlin3/prismTask
2026-04-22T07:43:37.8902502Z   token: ***
2026-04-22T07:43:37.8902880Z   ssh-strict: true
2026-04-22T07:43:37.8903264Z   ssh-user: git
2026-04-22T07:43:37.8903644Z   persist-credentials: true
2026-04-22T07:43:37.8904076Z   clean: true
2026-04-22T07:43:37.8904451Z   sparse-checkout-cone-mode: true
2026-04-22T07:43:37.8904897Z   fetch-depth: 1
2026-04-22T07:43:37.8905254Z   fetch-tags: false
2026-04-22T07:43:37.8905623Z   show-progress: true
2026-04-22T07:43:37.8906229Z   lfs: false
2026-04-22T07:43:37.8906583Z   submodules: false
2026-04-22T07:43:37.8906967Z   set-safe-directory: true
2026-04-22T07:43:37.8907572Z ##[endgroup]
2026-04-22T07:43:38.0016312Z Syncing repository: akarlin3/prismTask
2026-04-22T07:43:38.0018282Z ##[group]Getting Git version info
2026-04-22T07:43:38.0019020Z Working directory is '/home/runner/work/prismTask/prismTask'
2026-04-22T07:43:38.0019916Z [command]/usr/bin/git version
2026-04-22T07:43:38.0068736Z git version 2.53.0
2026-04-22T07:43:38.0096488Z ##[endgroup]
2026-04-22T07:43:38.0116513Z Temporarily overriding HOME='/home/runner/work/_temp/5235d608-6cf1-492f-9caf-222517d01fff' before making global git config changes
2026-04-22T07:43:38.0117854Z Adding repository directory to the temporary git global config as a safe directory
2026-04-22T07:43:38.0121315Z [command]/usr/bin/git config --global --add safe.directory /home/runner/work/prismTask/prismTask
2026-04-22T07:43:38.0170387Z Deleting the contents of '/home/runner/work/prismTask/prismTask'
2026-04-22T07:43:38.0173818Z ##[group]Initializing the repository
2026-04-22T07:43:38.0177987Z [command]/usr/bin/git init /home/runner/work/prismTask/prismTask
2026-04-22T07:43:38.0276963Z hint: Using 'master' as the name for the initial branch. This default branch name
2026-04-22T07:43:38.0278907Z hint: will change to "main" in Git 3.0. To configure the initial branch name
2026-04-22T07:43:38.0280274Z hint: to use in all of your new repositories, which will suppress this warning,
2026-04-22T07:43:38.0281346Z hint: call:
2026-04-22T07:43:38.0281890Z hint:
2026-04-22T07:43:38.0282587Z hint: 	git config --global init.defaultBranch <name>
2026-04-22T07:43:38.0283464Z hint:
2026-04-22T07:43:38.0284285Z hint: Names commonly chosen instead of 'master' are 'main', 'trunk' and
2026-04-22T07:43:38.0285676Z hint: 'development'. The just-created branch can be renamed via this command:
2026-04-22T07:43:38.0286977Z hint:
2026-04-22T07:43:38.0287520Z hint: 	git branch -m <name>
2026-04-22T07:43:38.0288163Z hint:
2026-04-22T07:43:38.0289039Z hint: Disable this message with "git config set advice.defaultBranchName false"
2026-04-22T07:43:38.0290600Z Initialized empty Git repository in /home/runner/work/prismTask/prismTask/.git/
2026-04-22T07:43:38.0292961Z [command]/usr/bin/git remote add origin https://github.com/akarlin3/prismTask
2026-04-22T07:43:38.0333810Z ##[endgroup]
2026-04-22T07:43:38.0335101Z ##[group]Disabling automatic garbage collection
2026-04-22T07:43:38.0339015Z [command]/usr/bin/git config --local gc.auto 0
2026-04-22T07:43:38.0367896Z ##[endgroup]
2026-04-22T07:43:38.0368875Z ##[group]Setting up auth
2026-04-22T07:43:38.0375212Z [command]/usr/bin/git config --local --name-only --get-regexp core\.sshCommand
2026-04-22T07:43:38.0406398Z [command]/usr/bin/git submodule foreach --recursive sh -c "git config --local --name-only --get-regexp 'core\.sshCommand' && git config --local --unset-all 'core.sshCommand' || :"
2026-04-22T07:43:38.0750070Z [command]/usr/bin/git config --local --name-only --get-regexp http\.https\:\/\/github\.com\/\.extraheader
2026-04-22T07:43:38.0779010Z [command]/usr/bin/git submodule foreach --recursive sh -c "git config --local --name-only --get-regexp 'http\.https\:\/\/github\.com\/\.extraheader' && git config --local --unset-all 'http.https://github.com/.extraheader' || :"
2026-04-22T07:43:38.1007616Z [command]/usr/bin/git config --local --name-only --get-regexp ^includeIf\.gitdir:
2026-04-22T07:43:38.1039494Z [command]/usr/bin/git submodule foreach --recursive git config --local --show-origin --name-only --get-regexp remote.origin.url
2026-04-22T07:43:38.1272575Z [command]/usr/bin/git config --local http.https://github.com/.extraheader AUTHORIZATION: basic ***
2026-04-22T07:43:38.1307421Z ##[endgroup]
2026-04-22T07:43:38.1308466Z ##[group]Fetching the repository
2026-04-22T07:43:38.1316871Z [command]/usr/bin/git -c protocol.version=2 fetch --no-tags --prune --no-recurse-submodules --depth=1 origin +refs/heads/main:refs/remotes/origin/main
2026-04-22T07:43:40.5983512Z From https://github.com/akarlin3/prismTask
2026-04-22T07:43:40.5984336Z  * [new branch]      main       -> origin/main
2026-04-22T07:43:40.6023322Z ##[endgroup]
2026-04-22T07:43:40.6023834Z ##[group]Determining the checkout info
2026-04-22T07:43:40.6025225Z ##[endgroup]
2026-04-22T07:43:40.6030886Z [command]/usr/bin/git sparse-checkout disable
2026-04-22T07:43:40.6084199Z [command]/usr/bin/git config --local --unset-all extensions.worktreeConfig
2026-04-22T07:43:40.6111674Z ##[group]Checking out the ref
2026-04-22T07:43:40.6116407Z [command]/usr/bin/git checkout --progress --force -B main refs/remotes/origin/main
2026-04-22T07:43:40.8710065Z Switched to a new branch 'main'
2026-04-22T07:43:40.8711738Z branch 'main' set up to track 'origin/main'.
2026-04-22T07:43:40.8736866Z ##[endgroup]
2026-04-22T07:43:40.8779564Z [command]/usr/bin/git log -1 --format=%H
2026-04-22T07:43:40.8803511Z eb53066b22fb215bd412776e2d2aeb98e7536aab
2026-04-22T07:43:40.9053108Z Prepare all required actions
2026-04-22T07:43:40.9053593Z Getting action download info
2026-04-22T07:43:41.0731769Z Download action repository 'actions/setup-java@v4' (SHA:c1e323688fd81a25caa38c78aa6df2d33d3e20d9)
2026-04-22T07:43:41.4312504Z Download action repository 'gradle/actions@v4' (SHA:ed408507eac070d1f99cc633dbcf757c94c7933a)
2026-04-22T07:43:42.2221044Z ##[group]Run ./.github/actions/setup-android
2026-04-22T07:43:42.2221348Z ##[endgroup]
2026-04-22T07:43:42.2364590Z ##[group]Run actions/setup-java@v4
2026-04-22T07:43:42.2364846Z with:
2026-04-22T07:43:42.2365027Z   java-version: 21
2026-04-22T07:43:42.2365226Z   distribution: temurin
2026-04-22T07:43:42.2365437Z   java-package: jdk
2026-04-22T07:43:42.2365629Z   check-latest: false
2026-04-22T07:43:42.2366137Z   server-id: github
2026-04-22T07:43:42.2366411Z   server-username: GITHUB_ACTOR
2026-04-22T07:43:42.2366653Z   server-password: GITHUB_TOKEN
2026-04-22T07:43:42.2366903Z   overwrite-settings: true
2026-04-22T07:43:42.2367196Z   job-status: success
2026-04-22T07:43:42.2367527Z   token: ***
2026-04-22T07:43:42.2367730Z ##[endgroup]
2026-04-22T07:43:42.4289503Z ##[group]Installed distributions
2026-04-22T07:43:42.4425714Z Resolved Java 21.0.10+7 from tool-cache
2026-04-22T07:43:42.4427063Z Setting Java 21.0.10+7 as the default
2026-04-22T07:43:42.4439548Z Creating toolchains.xml for JDK version 21 from temurin
2026-04-22T07:43:42.4511373Z Writing to /home/runner/.m2/toolchains.xml
2026-04-22T07:43:42.4511761Z 
2026-04-22T07:43:42.4512124Z Java configuration:
2026-04-22T07:43:42.4513323Z   Distribution: temurin
2026-04-22T07:43:42.4513661Z   Version: 21.0.10+7
2026-04-22T07:43:42.4514165Z   Path: /opt/hostedtoolcache/Java_Temurin-Hotspot_jdk/21.0.10-7/x64
2026-04-22T07:43:42.4514602Z 
2026-04-22T07:43:42.4515274Z ##[endgroup]
2026-04-22T07:43:42.4532337Z Creating settings.xml with server-id: github
2026-04-22T07:43:42.4536578Z Writing to /home/runner/.m2/settings.xml
2026-04-22T07:43:42.4763369Z ##[group]Run gradle/actions/setup-gradle@v4
2026-04-22T07:43:42.4763646Z with:
2026-04-22T07:43:42.4763840Z   cache-disabled: false
2026-04-22T07:43:42.4764053Z   cache-read-only: false
2026-04-22T07:43:42.4764272Z   cache-write-only: false
2026-04-22T07:43:42.4764491Z   cache-overwrite-existing: false
2026-04-22T07:43:42.4764738Z   cache-cleanup: on-success
2026-04-22T07:43:42.4765020Z   gradle-home-cache-includes: caches
notifications

2026-04-22T07:43:42.4765309Z   add-job-summary: always
2026-04-22T07:43:42.4765537Z   add-job-summary-as-pr-comment: never
2026-04-22T07:43:42.4765976Z   dependency-graph: disabled
2026-04-22T07:43:42.4766267Z   dependency-graph-report-dir: dependency-graph-reports
2026-04-22T07:43:42.4766619Z   dependency-graph-continue-on-failure: true
2026-04-22T07:43:42.4766896Z   build-scan-publish: false
2026-04-22T07:43:42.4767111Z   validate-wrappers: true
2026-04-22T07:43:42.4767333Z   allow-snapshot-wrappers: false
2026-04-22T07:43:42.4767587Z   gradle-home-cache-strict-match: false
2026-04-22T07:43:42.4767857Z   workflow-job-context: null
2026-04-22T07:43:42.4768217Z   github-token: ***
2026-04-22T07:43:42.4768409Z env:
2026-04-22T07:43:42.4768689Z   JAVA_HOME: /opt/hostedtoolcache/Java_Temurin-Hotspot_jdk/21.0.10-7/x64
2026-04-22T07:43:42.4769136Z   JAVA_HOME_21_X64: /opt/hostedtoolcache/Java_Temurin-Hotspot_jdk/21.0.10-7/x64
2026-04-22T07:43:42.4769491Z ##[endgroup]
2026-04-22T07:43:42.9422555Z Merged default JDK locations into /home/runner/.m2/toolchains.xml
2026-04-22T07:43:42.9424379Z Preparing cache for cleanup.
2026-04-22T07:43:42.9427860Z ##[group]Restore Gradle state from cache
2026-04-22T07:43:43.0652430Z Cache hit for restore-key: gradle-home-v1|Linux-X64|lint-and-test[5df42585ae8f8da228c604b8b4e8707c]-1969c2b8199f82f7cce73f318c3e4c23e37207bd
2026-04-22T07:43:43.3511547Z Received 42468031 of 42468031 (100.0%), 172.3 MBs/sec
2026-04-22T07:43:43.3513694Z Cache Size: ~41 MB (42468031 B)
2026-04-22T07:43:43.3545554Z [command]/usr/bin/tar -xf /home/runner/work/_temp/cd8f6b34-4e75-489b-9bd3-2af134c01e8a/cache.tzst -P -C /home/runner/work/prismTask/prismTask --use-compress-program unzstd
2026-04-22T07:43:43.6132020Z Cache restored successfully
2026-04-22T07:43:43.6163928Z Restored cache entry with key gradle-home-v1|Linux-X64|lint-and-test[5df42585ae8f8da228c604b8b4e8707c]-eb53066b22fb215bd412776e2d2aeb98e7536aab to /home/runner/.gradle/caches,/home/runner/.gradle/notifications,/home/runner/.gradle/.setup-gradle in 673ms
2026-04-22T07:43:43.6879245Z Cache hit for: gradle-dependencies-v1-d57337428bdbada266fea49a4c30737b
2026-04-22T07:43:43.6966589Z Cache hit for: gradle-generated-gradle-jars-v1-cb4b032a7d08b9bf1e84e9eacaebcc29
2026-04-22T07:43:43.6971393Z Cache hit for: gradle-wrapper-zips-v1-8c0de4c6bda6041d6e054bf825a89c98
2026-04-22T07:43:43.7027452Z Cache hit for: gradle-instrumented-jars-v1-aebffe90fed38bafaf54c910bdbdf1f0
2026-04-22T07:43:43.7033693Z Cache hit for: gradle-kotlin-dsl-v1-feabb54dbcee18deb450b5f703f81445
2026-04-22T07:43:43.7117339Z Cache hit for: gradle-groovy-dsl-v1-5de601f7e6b388d9f08714e30d8a8172
2026-04-22T07:43:43.7410072Z Cache hit for: gradle-transforms-v1-ccf26d66210887714f7c75a117c3def0
2026-04-22T07:43:43.9602295Z Received 64140 of 64140 (100.0%), 0.4 MBs/sec
2026-04-22T07:43:43.9602894Z Cache Size: ~0 MB (64140 B)
2026-04-22T07:43:44.1039923Z Received 113679 of 113679 (100.0%), 0.5 MBs/sec
2026-04-22T07:43:44.1040692Z Cache Size: ~0 MB (113679 B)
2026-04-22T07:43:44.2148914Z Received 381155 of 381155 (100.0%), 1.0 MBs/sec
2026-04-22T07:43:44.2149473Z Cache Size: ~0 MB (381155 B)
2026-04-22T07:43:44.3414241Z [command]/usr/bin/tar -xf /home/runner/work/_temp/f131e0f7-98e2-4d13-9f4a-d82cce185d60/cache.tzst -P -C /home/runner/work/prismTask/prismTask --use-compress-program unzstd
2026-04-22T07:43:44.4151555Z Cache restored successfully
2026-04-22T07:43:44.4167275Z Restored cache entry with key gradle-instrumented-jars-v1-aebffe90fed38bafaf54c910bdbdf1f0 to /home/runner/.gradle/caches/jars-*/*/ in 799ms
2026-04-22T07:43:44.4899652Z [command]/usr/bin/tar -xf /home/runner/work/_temp/eb04e8da-ee68-47a6-bdbe-b7d8562fba55/cache.tzst -P -C /home/runner/work/prismTask/prismTask --use-compress-program unzstd
2026-04-22T07:43:44.6134424Z Cache restored successfully
2026-04-22T07:43:44.6150262Z Restored cache entry with key gradle-groovy-dsl-v1-5de601f7e6b388d9f08714e30d8a8172 to /home/runner/.gradle/caches/*/groovy-dsl/*/ in 996ms
2026-04-22T07:43:44.6770865Z [command]/usr/bin/tar -xf /home/runner/work/_temp/ccc8589e-b67c-4f49-b2b5-ca435b3c1f36/cache.tzst -P -C /home/runner/work/prismTask/prismTask --use-compress-program unzstd
2026-04-22T07:43:44.7254170Z Received 75497472 of 835383148 (9.0%), 71.2 MBs/sec
2026-04-22T07:43:44.7798605Z Received 67108864 of 136352669 (49.2%), 62.3 MBs/sec
2026-04-22T07:43:44.7802522Z Received 33604796 of 41993404 (80.0%), 31.7 MBs/sec
2026-04-22T07:43:44.9085470Z Cache restored successfully
2026-04-22T07:43:44.9086689Z Received 41943040 of 439746222 (9.5%), 38.9 MBs/sec
2026-04-22T07:43:44.9090627Z Restored cache entry with key gradle-kotlin-dsl-v1-feabb54dbcee18deb450b5f703f81445 to /home/runner/.gradle/caches/*/kotlin-dsl/accessors/*/,/home/runner/.gradle/caches/*/kotlin-dsl/scripts/*/ in 1290ms
2026-04-22T07:43:44.9935150Z Received 41993404 of 41993404 (100.0%), 32.7 MBs/sec
2026-04-22T07:43:44.9938136Z Cache Size: ~40 MB (41993404 B)
2026-04-22T07:43:45.2448553Z Received 136352669 of 136352669 (100.0%), 87.1 MBs/sec
2026-04-22T07:43:45.2450868Z Cache Size: ~130 MB (136352669 B)
2026-04-22T07:43:45.3058792Z [command]/usr/bin/tar -xf /home/runner/work/_temp/514e3996-f623-4394-8113-5786efe8d53a/cache.tzst -P -C /home/runner/work/prismTask/prismTask --use-compress-program unzstd
2026-04-22T07:43:45.4842235Z [command]/usr/bin/tar -xf /home/runner/work/_temp/761c3d8e-cbbf-480a-bb10-e8c623f314b7/cache.tzst -P -C /home/runner/work/prismTask/prismTask --use-compress-program unzstd
2026-04-22T07:43:45.7630076Z Received 192937984 of 835383148 (23.1%), 89.9 MBs/sec
2026-04-22T07:43:45.8441919Z Cache restored successfully
2026-04-22T07:43:45.8695435Z Restored cache entry with key gradle-generated-gradle-jars-v1-cb4b032a7d08b9bf1e84e9eacaebcc29 to /home/runner/.gradle/caches/9.3.1/generated-gradle-jars/gradle-api-9.3.1.jar in 2248ms
2026-04-22T07:43:45.8893000Z Cache restored successfully
2026-04-22T07:43:45.9166304Z Received 159383552 of 439746222 (36.2%), 74.7 MBs/sec
2026-04-22T07:43:45.9167829Z Restored cache entry with key gradle-wrapper-zips-v1-8c0de4c6bda6041d6e054bf825a89c98 to /home/runner/.gradle/wrapper/dists/gradle-9.3.1-bin/23ovyewtku6u96viwx3xl3oks in 2299ms
2026-04-22T07:43:46.7758476Z Received 385875968 of 835383148 (46.2%), 120.2 MBs/sec
2026-04-22T07:43:46.9304343Z Received 348127232 of 439746222 (79.2%), 108.9 MBs/sec
2026-04-22T07:43:47.4135411Z Received 439746222 of 439746222 (100.0%), 118.7 MBs/sec
2026-04-22T07:43:47.4138526Z Cache Size: ~419 MB (439746222 B)
2026-04-22T07:43:47.4944431Z [command]/usr/bin/tar -xf /home/runner/work/_temp/02a3e754-5e04-4c83-a9de-b24a40014699/cache.tzst -P -C /home/runner/work/prismTask/prismTask --use-compress-program unzstd
2026-04-22T07:43:47.7941524Z Received 570425344 of 835383148 (68.3%), 133.4 MBs/sec
2026-04-22T07:43:48.7941078Z Received 814411628 of 835383148 (97.5%), 152.9 MBs/sec
2026-04-22T07:43:48.9037984Z Received 835383148 of 835383148 (100.0%), 153.5 MBs/sec
2026-04-22T07:43:48.9040440Z Cache Size: ~797 MB (835383148 B)
2026-04-22T07:43:48.9087211Z [command]/usr/bin/tar -xf /home/runner/work/_temp/dbcd2741-fb0b-40ee-97b8-718d798b7fed/cache.tzst -P -C /home/runner/work/prismTask/prismTask --use-compress-program unzstd
2026-04-22T07:43:51.5091072Z Cache restored successfully
2026-04-22T07:43:51.5571277Z Restored cache entry with key gradle-dependencies-v1-d57337428bdbada266fea49a4c30737b to /home/runner/.gradle/caches/modules-*/files-*/*/*/*/* in 7939ms
2026-04-22T07:43:53.5294716Z Cache restored successfully
2026-04-22T07:43:53.5513673Z Restored cache entry with key gradle-transforms-v1-ccf26d66210887714f7c75a117c3def0 to /home/runner/.gradle/caches/transforms-4/*/,/home/runner/.gradle/caches/*/transforms/*/ in 9932ms
2026-04-22T07:43:53.5591703Z ##[endgroup]
2026-04-22T07:43:53.5916597Z ##[group]All Gradle Wrapper jars are valid
2026-04-22T07:43:53.5917755Z ✓ Found known Gradle Wrapper JAR files:
2026-04-22T07:43:53.5918615Z   b3a875ddc1f044746e1b1a55f645584505f4a10438c1afea9f15e92a7c42ec13 gradle/wrapper/gradle-wrapper.jar
2026-04-22T07:43:53.5919781Z ##[endgroup]
2026-04-22T07:43:53.6116227Z ##[group]Run chmod +x gradlew
2026-04-22T07:43:53.6116588Z [36;1mchmod +x gradlew[0m
2026-04-22T07:43:53.6230554Z shell: /usr/bin/bash --noprofile --norc -e -o pipefail {0}
2026-04-22T07:43:53.6230948Z env:
2026-04-22T07:43:53.6231299Z   JAVA_HOME: /opt/hostedtoolcache/Java_Temurin-Hotspot_jdk/21.0.10-7/x64
2026-04-22T07:43:53.6231829Z   JAVA_HOME_21_X64: /opt/hostedtoolcache/Java_Temurin-Hotspot_jdk/21.0.10-7/x64
2026-04-22T07:43:53.6232270Z   GRADLE_ACTION_ID: gradle/actions/setup-gradle
2026-04-22T07:43:53.6232595Z   GRADLE_USER_HOME: /home/runner/.gradle
2026-04-22T07:43:53.6232909Z   GRADLE_BUILD_ACTION_SETUP_COMPLETED: true
2026-04-22T07:43:53.6233249Z   GRADLE_BUILD_ACTION_CACHE_RESTORED: true
2026-04-22T07:43:53.6233711Z   DEVELOCITY_INJECTION_INIT_SCRIPT_NAME: gradle-actions.inject-develocity.init.gradle
2026-04-22T07:43:53.6234201Z   DEVELOCITY_INJECTION_CUSTOM_VALUE: gradle-actions
2026-04-22T07:43:53.6234556Z   GITHUB_DEPENDENCY_GRAPH_ENABLED: false
2026-04-22T07:43:53.6234858Z ##[endgroup]
2026-04-22T07:43:53.6390794Z ##[group]Run ./gradlew ktlintCheck --continue
2026-04-22T07:43:53.6391181Z [36;1m./gradlew ktlintCheck --continue[0m
2026-04-22T07:43:53.6445491Z shell: /usr/bin/bash -e {0}
2026-04-22T07:43:53.6445928Z env:
2026-04-22T07:43:53.6446267Z   JAVA_HOME: /opt/hostedtoolcache/Java_Temurin-Hotspot_jdk/21.0.10-7/x64
2026-04-22T07:43:53.6446802Z   JAVA_HOME_21_X64: /opt/hostedtoolcache/Java_Temurin-Hotspot_jdk/21.0.10-7/x64
2026-04-22T07:43:53.6447247Z   GRADLE_ACTION_ID: gradle/actions/setup-gradle
2026-04-22T07:43:53.6447581Z   GRADLE_USER_HOME: /home/runner/.gradle
2026-04-22T07:43:53.6447898Z   GRADLE_BUILD_ACTION_SETUP_COMPLETED: true
2026-04-22T07:43:53.6448222Z   GRADLE_BUILD_ACTION_CACHE_RESTORED: true
2026-04-22T07:43:53.6448687Z   DEVELOCITY_INJECTION_INIT_SCRIPT_NAME: gradle-actions.inject-develocity.init.gradle
2026-04-22T07:43:53.6449189Z   DEVELOCITY_INJECTION_CUSTOM_VALUE: gradle-actions
2026-04-22T07:43:53.6449534Z   GITHUB_DEPENDENCY_GRAPH_ENABLED: false
2026-04-22T07:43:53.6450065Z ##[endgroup]
2026-04-22T07:43:55.1045488Z Starting a Gradle Daemon (subsequent builds will be faster)
2026-04-22T07:43:57.2049741Z Configuration on demand is an incubating feature.
2026-04-22T07:44:04.7039504Z 
2026-04-22T07:44:04.7060002Z > Configure project :app
2026-04-22T07:44:04.7098363Z WARNING: The option setting 'android.builtInKotlin=false' is deprecated.
2026-04-22T07:44:04.7100011Z The current default is 'true'.
2026-04-22T07:44:04.7100783Z It will be removed in version 10.0 of the Android Gradle plugin.
2026-04-22T07:44:04.7101713Z WARNING: The option setting 'android.newDsl=false' is deprecated.
2026-04-22T07:44:04.7102495Z The current default is 'true'.
2026-04-22T07:44:04.7103229Z It will be removed in version 10.0 of the Android Gradle plugin.
2026-04-22T07:44:04.7104464Z WARNING: The option setting 'android.dependency.excludeLibraryComponentsFromConstraints=true' is deprecated.
2026-04-22T07:44:04.7105580Z The current default is 'false'.
2026-04-22T07:44:04.7106675Z It will be removed in version 10.0 of the Android Gradle plugin.
2026-04-22T07:44:04.7107551Z Following can be set instead to achieve a similar behaviour.
2026-04-22T07:44:04.7108387Z     android.dependency.useConstraints=false
2026-04-22T07:44:06.3053839Z w: ⚠️ Deprecated 'org.jetbrains.kotlin.android' plugin usage
2026-04-22T07:44:06.3055652Z The 'org.jetbrains.kotlin.android' plugin in project ':app' is no longer required for Kotlin support since AGP 9.0.
2026-04-22T07:44:06.3057586Z Solution: Remove both `android.builtInKotlin=true` and `android.newDsl=false` from `gradle.properties`, then migrate to built-in Kotlin.
2026-04-22T07:44:06.3059026Z See https://kotl.in/gradle/agp-built-in-kotlin for more details.
2026-04-22T07:44:06.3059768Z 
2026-04-22T07:44:06.9039290Z 
2026-04-22T07:44:06.9050453Z > Task :app:loadKtlintReporters FROM-CACHE
2026-04-22T07:44:06.9051436Z > Task :app:runKtlintCheckOverAndroidTestDebugSourceSet NO-SOURCE
2026-04-22T07:44:06.9052357Z > Task :app:ktlintAndroidTestDebugSourceSetCheck SKIPPED
2026-04-22T07:44:06.9053297Z > Task :app:runKtlintCheckOverAndroidTestReleaseSourceSet NO-SOURCE
2026-04-22T07:44:06.9054170Z > Task :app:ktlintAndroidTestReleaseSourceSetCheck SKIPPED
2026-04-22T07:44:06.9054998Z > Task :app:runKtlintCheckOverAndroidTestSourceSet FROM-CACHE
2026-04-22T07:44:06.9055988Z > Task :app:ktlintAndroidTestSourceSetCheck FROM-CACHE
2026-04-22T07:44:06.9059948Z > Task :app:runKtlintCheckOverDebugSourceSet FROM-CACHE
2026-04-22T07:44:07.0052530Z > Task :app:ktlintDebugSourceSetCheck FROM-CACHE
2026-04-22T07:44:07.0053586Z > Task :app:runKtlintCheckOverKotlinScripts FROM-CACHE
2026-04-22T07:44:07.0054534Z > Task :app:ktlintKotlinScriptCheck FROM-CACHE
2026-04-22T07:44:07.2052782Z > Task :app:runKtlintCheckOverReleaseSourceSet FROM-CACHE
2026-04-22T07:44:07.2087149Z > Task :app:ktlintReleaseSourceSetCheck FROM-CACHE
2026-04-22T07:44:07.2088124Z > Task :app:runKtlintCheckOverTestDebugSourceSet NO-SOURCE
2026-04-22T07:44:07.2088945Z > Task :app:ktlintTestDebugSourceSetCheck SKIPPED
2026-04-22T07:44:07.2090221Z > Task :app:runKtlintCheckOverTestFixturesDebugSourceSet NO-SOURCE
2026-04-22T07:44:07.2090991Z > Task :app:ktlintTestFixturesDebugSourceSetCheck SKIPPED
2026-04-22T07:44:07.2091766Z > Task :app:runKtlintCheckOverTestFixturesReleaseSourceSet NO-SOURCE
2026-04-22T07:44:07.2092535Z > Task :app:ktlintTestFixturesReleaseSourceSetCheck SKIPPED
2026-04-22T07:44:07.2093263Z > Task :app:runKtlintCheckOverTestFixturesSourceSet NO-SOURCE
2026-04-22T07:44:07.2093939Z > Task :app:ktlintTestFixturesSourceSetCheck SKIPPED
2026-04-22T07:44:07.2094611Z > Task :app:runKtlintCheckOverTestReleaseSourceSet NO-SOURCE
2026-04-22T07:44:07.2095096Z > Task :app:ktlintTestReleaseSourceSetCheck SKIPPED
2026-04-22T07:44:18.6075113Z > Task :app:runKtlintCheckOverTestSourceSet
2026-04-22T07:44:18.7076423Z 
2026-04-22T07:44:18.7106892Z > Task :app:ktlintTestSourceSetCheck FAILED
2026-04-22T07:44:18.7166849Z /home/runner/work/prismTask/prismTask/app/src/test/java/com/averycorp/prismtask/data/repository/MedicationRepositoryTest.kt:156:22 Argument should be on a separate line (unless all arguments can fit a single line)
2026-04-22T07:44:18.7170337Z /home/runner/work/prismTask/prismTask/app/src/test/java/com/averycorp/prismtask/data/repository/MedicationRepositoryTest.kt:156:40 Argument should be on a separate line (unless all arguments can fit a single line)
2026-04-22T07:44:18.7197669Z /home/runner/work/prismTask/prismTask/app/src/test/java/com/averycorp/prismtask/data/repository/MedicationRepositoryTest.kt:157:27 Argument should be on a separate line (unless all arguments can fit a single line)
2026-04-22T07:44:18.7227540Z /home/runner/work/prismTask/prismTask/app/src/test/java/com/averycorp/prismtask/data/repository/MedicationRepositoryTest.kt:170:22 Argument should be on a separate line (unless all arguments can fit a single line)
2026-04-22T07:44:18.7257559Z /home/runner/work/prismTask/prismTask/app/src/test/java/com/averycorp/prismtask/data/repository/MedicationRepositoryTest.kt:170:40 Argument should be on a separate line (unless all arguments can fit a single line)
2026-04-22T07:44:18.7287323Z /home/runner/work/prismTask/prismTask/app/src/test/java/com/averycorp/prismtask/data/repository/MedicationRepositoryTest.kt:171:27 Argument should be on a separate line (unless all arguments can fit a single line)
2026-04-22T07:44:32.5039807Z 
2026-04-22T07:44:32.5040867Z > Task :app:runKtlintCheckOverMainSourceSet
2026-04-22T07:44:32.5041791Z > Task :app:ktlintMainSourceSetCheck FROM-CACHE
2026-04-22T07:44:32.5043046Z gradle/actions: Writing build results to /home/runner/work/_temp/.gradle-actions/build-results/__run-1776843838929.json
2026-04-22T07:44:32.6038813Z 
2026-04-22T07:44:32.6039975Z [Incubating] Problems report is available at: file:///home/runner/work/prismTask/prismTask/build/reports/problems/problems-report.html
2026-04-22T07:44:32.6046849Z 
2026-04-22T07:44:32.6046928Z 
2026-04-22T07:44:32.6047292Z FAILURE: Build failed with an exception.
2026-04-22T07:44:32.6047678Z 
2026-04-22T07:44:32.6048122Z Deprecated Gradle features were used in this build, making it incompatible with Gradle 10.
2026-04-22T07:44:32.6049214Z 
2026-04-22T07:44:32.6050146Z You can use '--warning-mode all' to show the individual deprecation warnings and determine if they come from your own scripts or plugins.
2026-04-22T07:44:32.6050959Z 
2026-04-22T07:44:32.6051792Z For more on this, please refer to https://docs.gradle.org/9.3.1/userguide/command_line_interface.html#sec:command_line_warnings in the Gradle documentation.
2026-04-22T07:44:32.6052885Z * What went wrong:
2026-04-22T07:44:32.6053367Z Execution failed for task ':app:ktlintTestSourceSetCheck'.
2026-04-22T07:44:32.6054301Z > A failure occurred while executing org.jlleitschuh.gradle.ktlint.worker.ConsoleReportWorkAction
2026-04-22T07:44:32.6055282Z    > KtLint found code style violations. Please see the following reports:
2026-04-22T07:44:32.6056579Z      - /home/runner/work/prismTask/prismTask/app/build/reports/ktlint/ktlintTestSourceSetCheck/ktlintTestSourceSetCheck.txt
2026-04-22T07:44:32.6057766Z 
2026-04-22T07:44:32.6057916Z * Try:
2026-04-22T07:44:32.6058322Z > Run with --stacktrace option to get the stack trace.
2026-04-22T07:44:32.6058915Z > Run with --info or --debug option to get more log output.
2026-04-22T07:44:32.6059665Z > Run with --scan to get full insights from a Build Scan (powered by Develocity).
2026-04-22T07:44:32.6060426Z > Get more help at https://help.gradle.org.
2026-04-22T07:44:32.6060753Z 
2026-04-22T07:44:32.6060906Z BUILD FAILED in 38s
2026-04-22T07:44:32.6061322Z 13 actionable tasks: 3 executed, 10 from cache
2026-04-22T07:44:33.0285358Z ##[error]Process completed with exit code 1.
2026-04-22T07:44:33.0333346Z ##[group]Run ./gradlew detekt --continue
2026-04-22T07:44:33.0333721Z [36;1m./gradlew detekt --continue[0m
2026-04-22T07:44:33.0392719Z shell: /usr/bin/bash -e {0}
2026-04-22T07:44:33.0393006Z env:
2026-04-22T07:44:33.0393346Z   JAVA_HOME: /opt/hostedtoolcache/Java_Temurin-Hotspot_jdk/21.0.10-7/x64
2026-04-22T07:44:33.0394068Z   JAVA_HOME_21_X64: /opt/hostedtoolcache/Java_Temurin-Hotspot_jdk/21.0.10-7/x64
2026-04-22T07:44:33.0394515Z   GRADLE_ACTION_ID: gradle/actions/setup-gradle
2026-04-22T07:44:33.0394843Z   GRADLE_USER_HOME: /home/runner/.gradle
2026-04-22T07:44:33.0395159Z   GRADLE_BUILD_ACTION_SETUP_COMPLETED: true
2026-04-22T07:44:33.0395478Z   GRADLE_BUILD_ACTION_CACHE_RESTORED: true
2026-04-22T07:44:33.0396137Z   DEVELOCITY_INJECTION_INIT_SCRIPT_NAME: gradle-actions.inject-develocity.init.gradle
2026-04-22T07:44:33.0396637Z   DEVELOCITY_INJECTION_CUSTOM_VALUE: gradle-actions
2026-04-22T07:44:33.0396973Z   GITHUB_DEPENDENCY_GRAPH_ENABLED: false
2026-04-22T07:44:33.0397309Z ##[endgroup]
2026-04-22T07:44:33.8117100Z Configuration on demand is an incubating feature.
2026-04-22T07:44:34.2080426Z 
2026-04-22T07:44:34.2121217Z > Configure project :app
2026-04-22T07:44:34.2143527Z WARNING: The option setting 'android.builtInKotlin=false' is deprecated.
2026-04-22T07:44:34.2149514Z The current default is 'true'.
2026-04-22T07:44:34.2150318Z It will be removed in version 10.0 of the Android Gradle plugin.
2026-04-22T07:44:34.2151350Z WARNING: The option setting 'android.newDsl=false' is deprecated.
2026-04-22T07:44:34.2152177Z The current default is 'true'.
2026-04-22T07:44:34.2152917Z It will be removed in version 10.0 of the Android Gradle plugin.
2026-04-22T07:44:34.2154157Z WARNING: The option setting 'android.dependency.excludeLibraryComponentsFromConstraints=true' is deprecated.
2026-04-22T07:44:34.2155294Z The current default is 'false'.
2026-04-22T07:44:34.2156282Z It will be removed in version 10.0 of the Android Gradle plugin.
2026-04-22T07:44:34.2157184Z Following can be set instead to achieve a similar behaviour.
2026-04-22T07:44:34.2157992Z     android.dependency.useConstraints=false
2026-04-22T07:44:34.2159139Z w: ⚠️ Deprecated 'org.jetbrains.kotlin.android' plugin usage
2026-04-22T07:44:34.2160372Z The 'org.jetbrains.kotlin.android' plugin in project ':app' is no longer required for Kotlin support since AGP 9.0.
2026-04-22T07:44:34.2162006Z Solution: Remove both `android.builtInKotlin=true` and `android.newDsl=false` from `gradle.properties`, then migrate to built-in Kotlin.
2026-04-22T07:44:34.2163381Z See https://kotl.in/gradle/agp-built-in-kotlin for more details.
2026-04-22T07:44:34.2164022Z 
2026-04-22T07:44:35.0073256Z 
2026-04-22T07:44:35.0086983Z > Task :detekt-rules:checkKotlinGradlePluginConfigurationErrors SKIPPED
2026-04-22T07:44:35.1072144Z > Task :detekt-rules:compileKotlin FROM-CACHE
2026-04-22T07:44:35.1097291Z > Task :detekt-rules:compileJava NO-SOURCE
2026-04-22T07:44:35.1098069Z > Task :detekt-rules:processResources
2026-04-22T07:44:35.1098883Z > Task :detekt-rules:classes
2026-04-22T07:44:35.2072342Z > Task :detekt-rules:jar
2026-04-22T07:45:05.2096821Z > Task :app:detekt
2026-04-22T07:45:08.8071032Z /home/runner/work/prismTask/prismTask/app/src/test/java/com/averycorp/prismtask/data/repository/MedicationRepositoryTest.kt:156:22: Argument should be on a separate line (unless all arguments can fit a single line) [ArgumentListWrapping]
2026-04-22T07:45:08.8106653Z 
2026-04-22T07:45:08.8108287Z /home/runner/work/prismTask/prismTask/app/src/test/java/com/averycorp/prismtask/data/repository/MedicationRepositoryTest.kt:156:52: Argument should be on a separate line (unless all arguments can fit a single line) [ArgumentListWrapping]
2026-04-22T07:45:08.8110109Z FAILURE: Build failed with an exception.
2026-04-22T07:45:08.8114295Z 
2026-04-22T07:45:08.8114762Z * What went wrong:
2026-04-22T07:45:08.8115203Z Execution failed for task ':app:detekt'.
2026-04-22T07:45:08.8115709Z > Analysis failed with 6 weighted issues.
2026-04-22T07:45:08.8116237Z 
2026-04-22T07:45:08.8116775Z * Try:
2026-04-22T07:45:08.8117205Z > Run with --stacktrace option to get the stack trace.
2026-04-22T07:45:08.8117829Z > Run with --info or --debug option to get more log output.
2026-04-22T07:45:08.8118562Z > Run with --scan to get full insights from a Build Scan (powered by Develocity).
2026-04-22T07:45:08.8119266Z > Get more help at https://help.gradle.org.
2026-04-22T07:45:08.8119977Z 
2026-04-22T07:45:08.8120129Z BUILD FAILED in 35s
2026-04-22T07:45:08.8131162Z /home/runner/work/prismTask/prismTask/app/src/test/java/com/averycorp/prismtask/data/repository/MedicationRepositoryTest.kt:157:51: Argument should be on a separate line (unless all arguments can fit a single line) [ArgumentListWrapping]
2026-04-22T07:45:08.8134437Z /home/runner/work/prismTask/prismTask/app/src/test/java/com/averycorp/prismtask/data/repository/MedicationRepositoryTest.kt:170:58: Argument should be on a separate line (unless all arguments can fit a single line) [ArgumentListWrapping]
2026-04-22T07:45:08.8137867Z /home/runner/work/prismTask/prismTask/app/src/test/java/com/averycorp/prismtask/data/repository/MedicationRepositoryTest.kt:171:28: Argument should be on a separate line (unless all arguments can fit a single line) [ArgumentListWrapping]
2026-04-22T07:45:08.8140934Z /home/runner/work/prismTask/prismTask/app/src/test/java/com/averycorp/prismtask/data/repository/MedicationRepositoryTest.kt:172:30: Argument should be on a separate line (unless all arguments can fit a single line) [ArgumentListWrapping]
2026-04-22T07:45:08.8142672Z 
2026-04-22T07:45:08.8142826Z 
2026-04-22T07:45:08.8143145Z > Task :app:detekt FAILED
2026-04-22T07:45:08.8144228Z gradle/actions: Writing build results to /home/runner/work/_temp/.gradle-actions/build-results/__run_2-1776843873734.json
2026-04-22T07:45:08.8145219Z 
2026-04-22T07:45:08.8146300Z [Incubating] Problems report is available at: file:///home/runner/work/prismTask/prismTask/build/reports/problems/problems-report.html
2026-04-22T07:45:08.8147413Z 
2026-04-22T07:45:08.8148019Z Deprecated Gradle features were used in this build, making it incompatible with Gradle 10.
2026-04-22T07:45:08.8148852Z 
2026-04-22T07:45:08.8149701Z You can use '--warning-mode all' to show the individual deprecation warnings and determine if they come from your own scripts or plugins.
2026-04-22T07:45:08.8150762Z 
2026-04-22T07:45:08.8151744Z For more on this, please refer to https://docs.gradle.org/9.3.1/userguide/command_line_interface.html#sec:command_line_warnings in the Gradle documentation.
2026-04-22T07:45:08.8153196Z 4 actionable tasks: 3 executed, 1 from cache
2026-04-22T07:45:08.8664553Z ##[error]Process completed with exit code 1.
2026-04-22T07:45:08.8701830Z ##[group]Run ./gradlew lint --continue
2026-04-22T07:45:08.8702212Z [36;1m./gradlew lint --continue[0m
2026-04-22T07:45:08.8761099Z shell: /usr/bin/bash -e {0}
2026-04-22T07:45:08.8761382Z env:
2026-04-22T07:45:08.8761716Z   JAVA_HOME: /opt/hostedtoolcache/Java_Temurin-Hotspot_jdk/21.0.10-7/x64
2026-04-22T07:45:08.8762239Z   JAVA_HOME_21_X64: /opt/hostedtoolcache/Java_Temurin-Hotspot_jdk/21.0.10-7/x64
2026-04-22T07:45:08.8762679Z   GRADLE_ACTION_ID: gradle/actions/setup-gradle
2026-04-22T07:45:08.8763008Z   GRADLE_USER_HOME: /home/runner/.gradle
2026-04-22T07:45:08.8763321Z   GRADLE_BUILD_ACTION_SETUP_COMPLETED: true
2026-04-22T07:45:08.8763637Z   GRADLE_BUILD_ACTION_CACHE_RESTORED: true
2026-04-22T07:45:08.8764118Z   DEVELOCITY_INJECTION_INIT_SCRIPT_NAME: gradle-actions.inject-develocity.init.gradle
2026-04-22T07:45:08.8764614Z   DEVELOCITY_INJECTION_CUSTOM_VALUE: gradle-actions
2026-04-22T07:45:08.8764948Z   GITHUB_DEPENDENCY_GRAPH_ENABLED: false
2026-04-22T07:45:08.8765297Z ##[endgroup]
2026-04-22T07:45:09.6448953Z Configuration on demand is an incubating feature.
2026-04-22T07:45:09.9497247Z 
2026-04-22T07:45:09.9550266Z > Configure project :app
2026-04-22T07:45:09.9556548Z WARNING: The option setting 'android.builtInKotlin=false' is deprecated.
2026-04-22T07:45:09.9557463Z The current default is 'true'.
2026-04-22T07:45:09.9558256Z It will be removed in version 10.0 of the Android Gradle plugin.
2026-04-22T07:45:09.9559201Z WARNING: The option setting 'android.newDsl=false' is deprecated.
2026-04-22T07:45:09.9559982Z The current default is 'true'.
2026-04-22T07:45:09.9560713Z It will be removed in version 10.0 of the Android Gradle plugin.
2026-04-22T07:45:09.9563303Z WARNING: The option setting 'android.dependency.excludeLibraryComponentsFromConstraints=true' is deprecated.
2026-04-22T07:45:09.9567401Z The current default is 'false'.
2026-04-22T07:45:09.9568181Z It will be removed in version 10.0 of the Android Gradle plugin.
2026-04-22T07:45:09.9569117Z Following can be set instead to achieve a similar behaviour.
2026-04-22T07:45:09.9569929Z     android.dependency.useConstraints=false
2026-04-22T07:45:09.9571062Z w: ⚠️ Deprecated 'org.jetbrains.kotlin.android' plugin usage
2026-04-22T07:45:09.9582082Z The 'org.jetbrains.kotlin.android' plugin in project ':app' is no longer required for Kotlin support since AGP 9.0.
2026-04-22T07:45:09.9583848Z Solution: Remove both `android.builtInKotlin=true` and `android.newDsl=false` from `gradle.properties`, then migrate to built-in Kotlin.
2026-04-22T07:45:09.9585263Z See https://kotl.in/gradle/agp-built-in-kotlin for more details.
2026-04-22T07:45:09.9586136Z 
2026-04-22T07:45:10.9426285Z 
2026-04-22T07:45:10.9455269Z > Task :app:checkKotlinGradlePluginConfigurationErrors SKIPPED
2026-04-22T07:45:10.9495302Z > Task :app:preBuild UP-TO-DATE
2026-04-22T07:45:10.9507000Z > Task :app:preDebugBuild UP-TO-DATE
2026-04-22T07:45:10.9507893Z > Task :app:generateDebugBuildConfig FROM-CACHE
2026-04-22T07:45:10.9508800Z > Task :app:generateDebugResValues FROM-CACHE
2026-04-22T07:45:10.9509552Z > Task :app:generateDebugResources FROM-CACHE
2026-04-22T07:45:10.9510303Z > Task :app:injectCrashlyticsMappingFileIdDebug
2026-04-22T07:45:11.0428031Z > Task :app:processDebugGoogleServices FROM-CACHE
2026-04-22T07:45:11.0444409Z > Task :app:packageDebugResources FROM-CACHE
2026-04-22T07:45:11.4427229Z > Task :app:processDebugNavigationResources FROM-CACHE
2026-04-22T07:45:12.1452112Z > Task :app:parseDebugLocalResources FROM-CACHE
2026-04-22T07:45:12.1467719Z > Task :app:generateDebugRFile FROM-CACHE
2026-04-22T07:45:12.7433174Z > Task :app:javaPreCompileDebug FROM-CACHE
2026-04-22T07:45:12.9433384Z > Task :app:checkDebugAarMetadata
2026-04-22T07:45:12.9479845Z > Task :app:mapDebugSourceSetPaths
2026-04-22T07:45:12.9506847Z > Task :app:compileDebugNavigationResources FROM-CACHE
2026-04-22T07:45:13.1441915Z > Task :app:mergeDebugResources FROM-CACHE
2026-04-22T07:45:13.1443310Z > Task :app:createDebugCompatibleScreenManifests
2026-04-22T07:45:13.1444692Z > Task :app:extractDeepLinksDebug FROM-CACHE
2026-04-22T07:45:13.3477594Z > Task :app:processDebugMainManifest FROM-CACHE
2026-04-22T07:45:13.3537304Z > Task :app:processDebugManifest FROM-CACHE
2026-04-22T07:45:13.3566879Z > Task :app:processDebugManifestForPackage FROM-CACHE
2026-04-22T07:45:13.5431222Z > Task :app:processDebugResources FROM-CACHE
2026-04-22T07:45:13.5449502Z > Task :app:preDebugAndroidTestBuild SKIPPED
2026-04-22T07:45:13.6423272Z > Task :app:generateDebugAndroidTestResValues FROM-CACHE
2026-04-22T07:45:13.6433433Z > Task :app:extractProguardFiles
2026-04-22T07:45:13.6446857Z > Task :app:preDebugUnitTestBuild UP-TO-DATE
2026-04-22T07:45:42.1423122Z > Task :app:kspDebugKotlin
2026-04-22T07:46:13.4422314Z > Task :app:compileDebugKotlin
2026-04-22T07:47:17.3488865Z w: file:///home/runner/work/prismTask/prismTask/app/build/generated/ksp/debug/kotlin/com/averycorp/prismtask/data/local/dao/HabitCompletionDao_Impl.kt:120:23 This declaration overrides a deprecated member but is not marked as deprecated itself. Add the '@Deprecated' annotation or suppress the diagnostic.
2026-04-22T07:47:17.3492944Z w: file:///home/runner/work/prismTask/prismTask/app/build/generated/ksp/debug/kotlin/com/averycorp/prismtask/data/local/dao/HabitCompletionDao_Impl.kt:317:23 This declaration overrides a deprecated member but is not marked as deprecated itself. Add the '@Deprecated' annotation or suppress the diagnostic.
2026-04-22T07:47:17.3528392Z w: file:///home/runner/work/prismTask/prismTask/app/build/generated/ksp/debug/kotlin/com/averycorp/prismtask/data/local/dao/HabitCompletionDao_Impl.kt:365:31 This declaration overrides a deprecated member but is not marked as deprecated itself. Add the '@Deprecated' annotation or suppress the diagnostic.
2026-04-22T07:47:17.3558013Z w: file:///home/runner/work/prismTask/prismTask/app/build/generated/ksp/debug/kotlin/com/averycorp/prismtask/data/local/dao/HabitCompletionDao_Impl.kt:413:31 This declaration overrides a deprecated member but is not marked as deprecated itself. Add the '@Deprecated' annotation or suppress the diagnostic.
2026-04-22T07:47:17.3587968Z w: file:///home/runner/work/prismTask/prismTask/app/build/generated/ksp/debug/kotlin/com/averycorp/prismtask/data/local/dao/HabitCompletionDao_Impl.kt:461:31 This declaration overrides a deprecated member but is not marked as deprecated itself. Add the '@Deprecated' annotation or suppress the diagnostic.
2026-04-22T07:47:17.3617820Z w: file:///home/runner/work/prismTask/prismTask/app/build/generated/ksp/debug/kotlin/com/averycorp/prismtask/data/local/dao/HabitCompletionDao_Impl.kt:882:31 This declaration overrides a deprecated member but is not marked as deprecated itself. Add the '@Deprecated' annotation or suppress the diagnostic.
2026-04-22T07:47:17.3621483Z w: file:///home/runner/work/prismTask/prismTask/app/build/generated/ksp/debug/kotlin/com/averycorp/prismtask/data/local/dao/HabitCompletionDao_Impl.kt:914:31 This declaration overrides a deprecated member but is not marked as deprecated itself. Add the '@Deprecated' annotation or suppress the diagnostic.
2026-04-22T07:47:17.3657553Z w: file:///home/runner/work/prismTask/prismTask/app/src/main/java/com/averycorp/prismtask/PrismTaskApplication.kt:149:22 'fun setPersistenceEnabled(p0: Boolean): FirebaseFirestoreSettings.Builder' is deprecated. Deprecated in Java.
2026-04-22T07:47:17.3687479Z w: file:///home/runner/work/prismTask/prismTask/app/src/main/java/com/averycorp/prismtask/data/billing/BillingManager.kt:57:5 This annotation is currently applied to the value parameter only, but in the future it will also be applied to field.
2026-04-22T07:47:17.3717101Z - To opt in to applying to both value parameter and field, add '-Xannotation-default-target=param-property' to your compiler arguments.
2026-04-22T07:47:17.3746500Z - To keep applying to the value parameter only, use the '@param:' annotation target.
2026-04-22T07:47:17.3776159Z 
2026-04-22T07:47:17.3816834Z See https://youtrack.jetbrains.com/issue/KT-73255 for more details.
2026-04-22T07:47:17.3847743Z w: file:///home/runner/work/prismTask/prismTask/app/src/main/java/com/averycorp/prismtask/data/calendar/CalendarManager.kt:6:8 'class GoogleSignIn : Any' is deprecated. Deprecated in Java.
2026-04-22T07:47:17.3871085Z w: file:///home/runner/work/prismTask/prismTask/app/src/main/java/com/averycorp/prismtask/data/calendar/CalendarManager.kt:7:8 'class GoogleSignInOptions : AbstractSafeParcelable, Api.ApiOptions.Optional, ReflectedParcelable' is deprecated. Deprecated in Java.
2026-04-22T07:47:17.3887407Z w: file:///home/runner/work/prismTask/prismTask/app/src/main/java/com/averycorp/prismtask/data/calendar/CalendarManager.kt:44:5 This annotation is currently applied to the value parameter only, but in the future it will also be applied to field.
2026-04-22T07:47:17.3916923Z - To opt in to applying to both value parameter and field, add '-Xannotation-default-target=param-property' to your compiler arguments.
2026-04-22T07:47:17.3936412Z - To keep applying to the value parameter only, use the '@param:' annotation target.
2026-04-22T07:47:17.3996228Z 
2026-04-22T07:47:17.4026758Z See https://youtrack.jetbrains.com/issue/KT-73255 for more details.
2026-04-22T07:47:17.4057322Z w: file:///home/runner/work/prismTask/prismTask/app/src/main/java/com/averycorp/prismtask/data/calendar/CalendarManager.kt:58:23 'class GoogleSignIn : Any' is deprecated. Deprecated in Java.
2026-04-22T07:47:17.4530626Z w: file:///home/runner/work/prismTask/prismTask/app/src/main/java/com/averycorp/prismtask/data/calendar/CalendarManager.kt:69:85 'class GoogleSignInClient : GoogleApi<GoogleSignInOptions!>' is deprecated. Deprecated in Java.
2026-04-22T07:47:17.4576424Z w: file:///home/runner/work/prismTask/prismTask/app/src/main/java/com/averycorp/prismtask/data/calendar/CalendarManager.kt:70:19 'class GoogleSignInOptions : AbstractSafeParcelable, Api.ApiOptions.Optional, ReflectedParcelable' is deprecated. Deprecated in Java.
2026-04-22T07:47:17.4609877Z w: file:///home/runner/work/prismTask/prismTask/app/src/main/java/com/averycorp/prismtask/data/calendar/CalendarManager.kt:70:47 'class GoogleSignInOptions : AbstractSafeParcelable, Api.ApiOptions.Optional, ReflectedParcelable' is deprecated. Deprecated in Java.
2026-04-22T07:47:17.4625306Z w: file:///home/runner/work/prismTask/prismTask/app/src/main/java/com/averycorp/prismtask/data/calendar/CalendarManager.kt:74:16 'class GoogleSignIn : Any' is deprecated. Deprecated in Java.
2026-04-22T07:47:17.4633685Z w: file:///home/runner/work/prismTask/prismTask/app/src/main/java/com/averycorp/prismtask/data/calendar/CalendarManager.kt:85:28 'class GoogleSignIn : Any' is deprecated. Deprecated in Java.
2026-04-22T07:47:17.4677754Z w: file:///home/runner/work/prismTask/prismTask/app/src/main/java/com/averycorp/prismtask/data/calendar/CalendarManager.kt:121:24 'class GoogleSignIn : Any' is deprecated. Deprecated in Java.
2026-04-22T07:47:17.4700992Z w: file:///home/runner/work/prismTask/prismTask/app/src/main/java/com/averycorp/prismtask/data/calendar/CalendarManager.kt:156:23 'class GoogleSignIn : Any' is deprecated. Deprecated in Java.
2026-04-22T07:47:17.4707418Z w: file:///home/runner/work/prismTask/prismTask/app/src/main/java/com/averycorp/prismtask/data/calendar/CalendarManager.kt:224:23 'class GoogleSignIn : Any' is deprecated. Deprecated in Java.
2026-04-22T07:47:17.4737875Z w: file:///home/runner/work/prismTask/prismTask/app/src/main/java/com/averycorp/prismtask/data/calendar/DefaultCalendarPushDispatcher.kt:28:5 This annotation is currently applied to the value parameter only, but in the future it will also be applied to field.
2026-04-22T07:47:17.4740369Z - To opt in to applying to both value parameter and field, add '-Xannotation-default-target=param-property' to your compiler arguments.
2026-04-22T07:47:17.4741794Z - To keep applying to the value parameter only, use the '@param:' annotation target.
2026-04-22T07:47:17.4742531Z 
2026-04-22T07:47:17.4743018Z See https://youtrack.jetbrains.com/issue/KT-73255 for more details.
2026-04-22T07:47:17.4745227Z w: file:///home/runner/work/prismTask/prismTask/app/src/main/java/com/averycorp/prismtask/data/preferences/A11yPreferences.kt:22:5 This annotation is currently applied to the value parameter only, but in the future it will also be applied to field.
2026-04-22T07:47:17.4747520Z - To opt in to applying to both value parameter and field, add '-Xannotation-default-target=param-property' to your compiler arguments.
2026-04-22T07:47:17.4748728Z - To keep applying to the value parameter only, use the '@param:' annotation target.
2026-04-22T07:47:17.4749357Z 
2026-04-22T07:47:17.4749780Z See https://youtrack.jetbrains.com/issue/KT-73255 for more details.
2026-04-22T07:47:17.4751728Z w: file:///home/runner/work/prismTask/prismTask/app/src/main/java/com/averycorp/prismtask/data/preferences/ArchivePreferences.kt:21:5 This annotation is currently applied to the value parameter only, but in the future it will also be applied to field.
2026-04-22T07:47:17.4754148Z - To opt in to applying to both value parameter and field, add '-Xannotation-default-target=param-property' to your compiler arguments.
2026-04-22T07:47:17.4755648Z - To keep applying to the value parameter only, use the '@param:' annotation target.
2026-04-22T07:47:17.4756522Z 
2026-04-22T07:47:17.4757011Z See https://youtrack.jetbrains.com/issue/KT-73255 for more details.
2026-04-22T07:47:17.4759850Z w: file:///home/runner/work/prismTask/prismTask/app/src/main/java/com/averycorp/prismtask/data/preferences/AuthTokenPreferences.kt:30:5 This annotation is currently applied to the value parameter only, but in the future it will also be applied to field.
2026-04-22T07:47:17.4762545Z - To opt in to applying to both value parameter and field, add '-Xannotation-default-target=param-property' to your compiler arguments.
2026-04-22T07:47:17.4774167Z - To keep applying to the value parameter only, use the '@param:' annotation target.
2026-04-22T07:47:17.4775282Z 
2026-04-22T07:47:17.4776007Z See https://youtrack.jetbrains.com/issue/KT-73255 for more details.
2026-04-22T07:47:17.4778239Z w: file:///home/runner/work/prismTask/prismTask/app/src/main/java/com/averycorp/prismtask/data/preferences/BackendSyncPreferences.kt:29:5 This annotation is currently applied to the value parameter only, but in the future it will also be applied to field.
2026-04-22T07:47:17.4780522Z - To opt in to applying to both value parameter and field, add '-Xannotation-default-target=param-property' to your compiler arguments.
2026-04-22T07:47:17.4781904Z - To keep applying to the value parameter only, use the '@param:' annotation target.
2026-04-22T07:47:17.4782549Z 
2026-04-22T07:47:17.4782972Z See https://youtrack.jetbrains.com/issue/KT-73255 for more details.
2026-04-22T07:47:17.4784985Z w: file:///home/runner/work/prismTask/prismTask/app/src/main/java/com/averycorp/prismtask/data/preferences/BuiltInSyncPreferences.kt:25:5 This annotation is currently applied to the value parameter only, but in the future it will also be applied to field.
2026-04-22T07:47:17.4787617Z - To opt in to applying to both value parameter and field, add '-Xannotation-default-target=param-property' to your compiler arguments.
2026-04-22T07:47:17.4788985Z - To keep applying to the value parameter only, use the '@param:' annotation target.
2026-04-22T07:47:17.4789689Z 
2026-04-22T07:47:17.4790154Z See https://youtrack.jetbrains.com/issue/KT-73255 for more details.
2026-04-22T07:47:17.4792153Z w: file:///home/runner/work/prismTask/prismTask/app/src/main/java/com/averycorp/prismtask/data/preferences/CoachingPreferences.kt:30:5 This annotation is currently applied to the value parameter only, but in the future it will also be applied to field.
2026-04-22T07:47:17.4794511Z - To opt in to applying to both value parameter and field, add '-Xannotation-default-target=param-property' to your compiler arguments.
2026-04-22T07:47:17.4796051Z - To keep applying to the value parameter only, use the '@param:' annotation target.
2026-04-22T07:47:17.4796774Z 
2026-04-22T07:47:17.4797266Z See https://youtrack.jetbrains.com/issue/KT-73255 for more details.
2026-04-22T07:47:17.4799541Z w: file:///home/runner/work/prismTask/prismTask/app/src/main/java/com/averycorp/prismtask/data/preferences/DailyEssentialsPreferences.kt:28:5 This annotation is currently applied to the value parameter only, but in the future it will also be applied to field.
2026-04-22T07:47:17.4802000Z - To opt in to applying to both value parameter and field, add '-Xannotation-default-target=param-property' to your compiler arguments.
2026-04-22T07:47:17.4803360Z - To keep applying to the value parameter only, use the '@param:' annotation target.
2026-04-22T07:47:17.4804079Z 
2026-04-22T07:47:17.4804540Z See https://youtrack.jetbrains.com/issue/KT-73255 for more details.
2026-04-22T07:47:17.4806784Z w: file:///home/runner/work/prismTask/prismTask/app/src/main/java/com/averycorp/prismtask/data/preferences/DashboardPreferences.kt:22:5 This annotation is currently applied to the value parameter only, but in the future it will also be applied to field.
2026-04-22T07:47:17.4809267Z - To opt in to applying to both value parameter and field, add '-Xannotation-default-target=param-property' to your compiler arguments.
2026-04-22T07:47:17.4810656Z - To keep applying to the value parameter only, use the '@param:' annotation target.
2026-04-22T07:47:17.4811367Z 
2026-04-22T07:47:17.4811841Z See https://youtrack.jetbrains.com/issue/KT-73255 for more details.
2026-04-22T07:47:17.4813924Z w: file:///home/runner/work/prismTask/prismTask/app/src/main/java/com/averycorp/prismtask/data/preferences/HabitListPreferences.kt:31:5 This annotation is currently applied to the value parameter only, but in the future it will also be applied to field.
2026-04-22T07:47:17.4816514Z - To opt in to applying to both value parameter and field, add '-Xannotation-default-target=param-property' to your compiler arguments.
2026-04-22T07:47:17.4818195Z - To keep applying to the value parameter only, use the '@param:' annotation target.
2026-04-22T07:47:17.4819006Z 
2026-04-22T07:47:17.4819484Z See https://youtrack.jetbrains.com/issue/KT-73255 for more details.
2026-04-22T07:47:17.4821540Z w: file:///home/runner/work/prismTask/prismTask/app/src/main/java/com/averycorp/prismtask/data/preferences/LeisurePreferences.kt:83:5 This annotation is currently applied to the value parameter only, but in the future it will also be applied to field.
2026-04-22T07:47:17.4823954Z - To opt in to applying to both value parameter and field, add '-Xannotation-default-target=param-property' to your compiler arguments.
2026-04-22T07:47:17.4825327Z - To keep applying to the value parameter only, use the '@param:' annotation target.
2026-04-22T07:47:17.4826163Z 
2026-04-22T07:47:17.4826637Z See https://youtrack.jetbrains.com/issue/KT-73255 for more details.
2026-04-22T07:47:17.4828753Z w: file:///home/runner/work/prismTask/prismTask/app/src/main/java/com/averycorp/prismtask/data/preferences/MedicationMigrationPreferences.kt:29:5 This annotation is currently applied to the value parameter only, but in the future it will also be applied to field.
2026-04-22T07:47:17.4831249Z - To opt in to applying to both value parameter and field, add '-Xannotation-default-target=param-property' to your compiler arguments.
2026-04-22T07:47:17.4832614Z - To keep applying to the value parameter only, use the '@param:' annotation target.
2026-04-22T07:47:17.4833303Z 
2026-04-22T07:47:17.4833841Z See https://youtrack.jetbrains.com/issue/KT-73255 for more details.
2026-04-22T07:47:17.4836034Z w: file:///home/runner/work/prismTask/prismTask/app/src/main/java/com/averycorp/prismtask/data/preferences/MedicationPreferences.kt:26:5 This annotation is currently applied to the value parameter only, but in the future it will also be applied to field.
2026-04-22T07:47:17.4838437Z - To opt in to applying to both value parameter and field, add '-Xannotation-default-target=param-property' to your compiler arguments.
2026-04-22T07:47:17.4839796Z - To keep applying to the value parameter only, use the '@param:' annotation target.
2026-04-22T07:47:17.4840478Z 
2026-04-22T07:47:17.4840903Z See https://youtrack.jetbrains.com/issue/KT-73255 for more details.
2026-04-22T07:47:17.4843093Z w: file:///home/runner/work/prismTask/prismTask/app/src/main/java/com/averycorp/prismtask/data/preferences/MorningCheckInPreferences.kt:32:5 This annotation is currently applied to the value parameter only, but in the future it will also be applied to field.
2026-04-22T07:47:17.4845740Z - To opt in to applying to both value parameter and field, add '-Xannotation-default-target=param-property' to your compiler arguments.
2026-04-22T07:47:17.4850522Z - To keep applying to the value parameter only, use the '@param:' annotation target.
2026-04-22T07:47:17.4851292Z 
2026-04-22T07:47:17.4851795Z See https://youtrack.jetbrains.com/issue/KT-73255 for more details.
2026-04-22T07:47:17.4853846Z w: file:///home/runner/work/prismTask/prismTask/app/src/main/java/com/averycorp/prismtask/data/preferences/OnboardingPreferences.kt:22:5 This annotation is currently applied to the value parameter only, but in the future it will also be applied to field.
2026-04-22T07:47:17.4856602Z - To opt in to applying to both value parameter and field, add '-Xannotation-default-target=param-property' to your compiler arguments.
2026-04-22T07:47:17.4857995Z - To keep applying to the value parameter only, use the '@param:' annotation target.
2026-04-22T07:47:17.4859082Z 
2026-04-22T07:47:17.4859601Z See https://youtrack.jetbrains.com/issue/KT-73255 for more details.
2026-04-22T07:47:17.4861660Z w: file:///home/runner/work/prismTask/prismTask/app/src/main/java/com/averycorp/prismtask/data/preferences/ProStatusPreferences.kt:22:5 This annotation is currently applied to the value parameter only, but in the future it will also be applied to field.
2026-04-22T07:47:17.4864088Z - To opt in to applying to both value parameter and field, add '-Xannotation-default-target=param-property' to your compiler arguments.
2026-04-22T07:47:17.4865748Z - To keep applying to the value parameter only, use the '@param:' annotation target.
2026-04-22T07:47:17.4866628Z 
2026-04-22T07:47:17.4867115Z See https://youtrack.jetbrains.com/issue/KT-73255 for more details.
2026-04-22T07:47:17.4869120Z w: file:///home/runner/work/prismTask/prismTask/app/src/main/java/com/averycorp/prismtask/data/preferences/ShakePreferences.kt:28:5 This annotation is currently applied to the value parameter only, but in the future it will also be applied to field.
2026-04-22T07:47:17.4871459Z - To opt in to applying to both value parameter and field, add '-Xannotation-default-target=param-property' to your compiler arguments.
2026-04-22T07:47:17.4872819Z - To keep applying to the value parameter only, use the '@param:' annotation target.
2026-04-22T07:47:17.4873518Z 
2026-04-22T07:47:17.4873992Z See https://youtrack.jetbrains.com/issue/KT-73255 for more details.
2026-04-22T07:47:17.4876129Z w: file:///home/runner/work/prismTask/prismTask/app/src/main/java/com/averycorp/prismtask/data/preferences/TabPreferences.kt:22:5 This annotation is currently applied to the value parameter only, but in the future it will also be applied to field.
2026-04-22T07:47:17.4878517Z - To opt in to applying to both value parameter and field, add '-Xannotation-default-target=param-property' to your compiler arguments.
2026-04-22T07:47:17.4879883Z - To keep applying to the value parameter only, use the '@param:' annotation target.
2026-04-22T07:47:17.4880581Z 
2026-04-22T07:47:17.4881051Z See https://youtrack.jetbrains.com/issue/KT-73255 for more details.
2026-04-22T07:47:17.4883109Z w: file:///home/runner/work/prismTask/prismTask/app/src/main/java/com/averycorp/prismtask/data/preferences/TaskBehaviorPreferences.kt:58:5 This annotation is currently applied to the value parameter only, but in the future it will also be applied to field.
2026-04-22T07:47:17.4885593Z - To opt in to applying to both value parameter and field, add '-Xannotation-default-target=param-property' to your compiler arguments.
2026-04-22T07:47:17.4887097Z - To keep applying to the value parameter only, use the '@param:' annotation target.
2026-04-22T07:47:17.4887796Z 
2026-04-22T07:47:17.4888482Z See https://youtrack.jetbrains.com/issue/KT-73255 for more details.
2026-04-22T07:47:17.4890658Z w: file:///home/runner/work/prismTask/prismTask/app/src/main/java/com/averycorp/prismtask/data/preferences/TemplatePreferences.kt:31:5 This annotation is currently applied to the value parameter only, but in the future it will also be applied to field.
2026-04-22T07:47:17.4893064Z - To opt in to applying to both value parameter and field, add '-Xannotation-default-target=param-property' to your compiler arguments.
2026-04-22T07:47:17.4894426Z - To keep applying to the value parameter only, use the '@param:' annotation target.
2026-04-22T07:47:17.4895117Z 
2026-04-22T07:47:17.4895577Z See https://youtrack.jetbrains.com/issue/KT-73255 for more details.
2026-04-22T07:47:17.4897743Z w: file:///home/runner/work/prismTask/prismTask/app/src/main/java/com/averycorp/prismtask/data/preferences/ThemePreferences.kt:27:5 This annotation is currently applied to the value parameter only, but in the future it will also be applied to field.
2026-04-22T07:47:17.4900105Z - To opt in to applying to both value parameter and field, add '-Xannotation-default-target=param-property' to your compiler arguments.
2026-04-22T07:47:17.4901419Z - To keep applying to the value parameter only, use the '@param:' annotation target.
2026-04-22T07:47:17.4902116Z 
2026-04-22T07:47:17.4902594Z See https://youtrack.jetbrains.com/issue/KT-73255 for more details.
2026-04-22T07:47:17.4904594Z w: file:///home/runner/work/prismTask/prismTask/app/src/main/java/com/averycorp/prismtask/data/preferences/TimerPreferences.kt:23:5 This annotation is currently applied to the value parameter only, but in the future it will also be applied to field.
2026-04-22T07:47:17.4907086Z - To opt in to applying to both value parameter and field, add '-Xannotation-default-target=param-property' to your compiler arguments.
2026-04-22T07:47:17.4908679Z - To keep applying to the value parameter only, use the '@param:' annotation target.
2026-04-22T07:47:17.4909363Z 
2026-04-22T07:47:17.4909838Z See https://youtrack.jetbrains.com/issue/KT-73255 for more details.
2026-04-22T07:47:17.4911835Z w: file:///home/runner/work/prismTask/prismTask/app/src/main/java/com/averycorp/prismtask/data/preferences/VoicePreferences.kt:22:5 This annotation is currently applied to the value parameter only, but in the future it will also be applied to field.
2026-04-22T07:47:17.4914189Z - To opt in to applying to both value parameter and field, add '-Xannotation-default-target=param-property' to your compiler arguments.
2026-04-22T07:47:17.4915530Z - To keep applying to the value parameter only, use the '@param:' annotation target.
2026-04-22T07:47:17.4916305Z 
2026-04-22T07:47:17.4916704Z See https://youtrack.jetbrains.com/issue/KT-73255 for more details.
2026-04-22T07:47:17.4918678Z w: file:///home/runner/work/prismTask/prismTask/app/src/main/java/com/averycorp/prismtask/data/remote/AuthManager.kt:30:5 This annotation is currently applied to the value parameter only, but in the future it will also be applied to field.
2026-04-22T07:47:17.4921095Z - To opt in to applying to both value parameter and field, add '-Xannotation-default-target=param-property' to your compiler arguments.
2026-04-22T07:47:17.4922426Z - To keep applying to the value parameter only, use the '@param:' annotation target.
2026-04-22T07:47:17.4923097Z 
2026-04-22T07:47:17.4923547Z See https://youtrack.jetbrains.com/issue/KT-73255 for more details.
2026-04-22T07:47:17.4925147Z w: file:///home/runner/work/prismTask/prismTask/app/src/main/java/com/averycorp/prismtask/data/remote/GoogleDriveService.kt:4:8 'class GoogleSignIn : Any' is deprecated. Deprecated in Java.
2026-04-22T07:47:17.4927934Z w: file:///home/runner/work/prismTask/prismTask/app/src/main/java/com/averycorp/prismtask/data/remote/GoogleDriveService.kt:23:5 This annotation is currently applied to the value parameter only, but in the future it will also be applied to field.
2026-04-22T07:47:17.4930312Z - To opt in to applying to both value parameter and field, add '-Xannotation-default-target=param-property' to your compiler arguments.
2026-04-22T07:47:17.4931833Z - To keep applying to the value parameter only, use the '@param:' annotation target.
2026-04-22T07:47:17.4932494Z 
2026-04-22T07:47:17.4932939Z See https://youtrack.jetbrains.com/issue/KT-73255 for more details.
2026-04-22T07:47:17.4934531Z w: file:///home/runner/work/prismTask/prismTask/app/src/main/java/com/averycorp/prismtask/data/remote/GoogleDriveService.kt:33:23 'class GoogleSignIn : Any' is deprecated. Deprecated in Java.
2026-04-22T07:47:17.4936934Z w: file:///home/runner/work/prismTask/prismTask/app/src/main/java/com/averycorp/prismtask/data/remote/GoogleDriveService.kt:143:34 'class GoogleSignIn : Any' is deprecated. Deprecated in Java.
2026-04-22T07:47:17.4940572Z w: file:///home/runner/work/prismTask/prismTask/app/src/main/java/com/averycorp/prismtask/data/remote/SortPreferencesSyncService.kt:58:18 This declaration is in a preview state and can be changed in a backwards-incompatible manner with a best-effort migration. Its usage should be marked with '@kotlinx.coroutines.FlowPreview' or '@OptIn(kotlinx.coroutines.FlowPreview::class)' if you accept the drawback of relying on preview API
2026-04-22T07:47:17.4945443Z w: file:///home/runner/work/prismTask/prismTask/app/src/main/java/com/averycorp/prismtask/data/remote/SyncService.kt:1736:18 This declaration is in a preview state and can be changed in a backwards-incompatible manner with a best-effort migration. Its usage should be marked with '@kotlinx.coroutines.FlowPreview' or '@OptIn(kotlinx.coroutines.FlowPreview::class)' if you accept the drawback of relying on preview API
2026-04-22T07:47:17.4950519Z w: file:///home/runner/work/prismTask/prismTask/app/src/main/java/com/averycorp/prismtask/data/remote/ThemePreferencesSyncService.kt:58:18 This declaration is in a preview state and can be changed in a backwards-incompatible manner with a best-effort migration. Its usage should be marked with '@kotlinx.coroutines.FlowPreview' or '@OptIn(kotlinx.coroutines.FlowPreview::class)' if you accept the drawback of relying on preview API
2026-04-22T07:47:17.4961469Z w: file:///home/runner/work/prismTask/prismTask/app/src/main/java/com/averycorp/prismtask/data/repository/CustomSoundRepository.kt:34:5 This annotation is currently applied to the value parameter only, but in the future it will also be applied to field.
2026-04-22T07:47:17.4964006Z - To opt in to applying to both value parameter and field, add '-Xannotation-default-target=param-property' to your compiler arguments.
2026-04-22T07:47:17.4965453Z - To keep applying to the value parameter only, use the '@param:' annotation target.
2026-04-22T07:47:17.4966346Z 
2026-04-22T07:47:17.4966845Z See https://youtrack.jetbrains.com/issue/KT-73255 for more details.
2026-04-22T07:47:17.4968682Z w: file:///home/runner/work/prismTask/prismTask/app/src/main/java/com/averycorp/prismtask/domain/usecase/NaturalLanguageParser.kt:349:48 Unnecessary safe call on a non-null receiver of type 'LocalDate'.
2026-04-22T07:47:17.4971610Z w: file:///home/runner/work/prismTask/prismTask/app/src/main/java/com/averycorp/prismtask/domain/usecase/ShakeDetector.kt:20:5 This annotation is currently applied to the value parameter only, but in the future it will also be applied to field.
2026-04-22T07:47:17.4973991Z - To opt in to applying to both value parameter and field, add '-Xannotation-default-target=param-property' to your compiler arguments.
2026-04-22T07:47:17.4975386Z - To keep applying to the value parameter only, use the '@param:' annotation target.
2026-04-22T07:47:17.4976246Z 
2026-04-22T07:47:17.4976729Z See https://youtrack.jetbrains.com/issue/KT-73255 for more details.
2026-04-22T07:47:17.4978739Z w: file:///home/runner/work/prismTask/prismTask/app/src/main/java/com/averycorp/prismtask/domain/usecase/TextToSpeechManager.kt:20:5 This annotation is currently applied to the value parameter only, but in the future it will also be applied to field.
2026-04-22T07:47:17.4981136Z - To opt in to applying to both value parameter and field, add '-Xannotation-default-target=param-property' to your compiler arguments.
2026-04-22T07:47:17.4982794Z - To keep applying to the value parameter only, use the '@param:' annotation target.
2026-04-22T07:47:17.4983513Z 
2026-04-22T07:47:17.4983994Z See https://youtrack.jetbrains.com/issue/KT-73255 for more details.
2026-04-22T07:47:17.4986054Z w: file:///home/runner/work/prismTask/prismTask/app/src/main/java/com/averycorp/prismtask/domain/usecase/VoiceInputManager.kt:35:5 This annotation is currently applied to the value parameter only, but in the future it will also be applied to field.
2026-04-22T07:47:17.4988339Z - To opt in to applying to both value parameter and field, add '-Xannotation-default-target=param-property' to your compiler arguments.
2026-04-22T07:47:17.4989620Z - To keep applying to the value parameter only, use the '@param:' annotation target.
2026-04-22T07:47:17.4990347Z 
2026-04-22T07:47:17.4990846Z See https://youtrack.jetbrains.com/issue/KT-73255 for more details.
2026-04-22T07:47:17.4992967Z w: file:///home/runner/work/prismTask/prismTask/app/src/main/java/com/averycorp/prismtask/notifications/EscalationScheduler.kt:29:5 This annotation is currently applied to the value parameter only, but in the future it will also be applied to field.
2026-04-22T07:47:17.4995462Z - To opt in to applying to both value parameter and field, add '-Xannotation-default-target=param-property' to your compiler arguments.
2026-04-22T07:47:17.4997116Z - To keep applying to the value parameter only, use the '@param:' annotation target.
2026-04-22T07:47:17.4998018Z 
2026-04-22T07:47:17.4998526Z See https://youtrack.jetbrains.com/issue/KT-73255 for more details.
2026-04-22T07:47:17.5000680Z w: file:///home/runner/work/prismTask/prismTask/app/src/main/java/com/averycorp/prismtask/notifications/HabitReminderScheduler.kt:46:5 This annotation is currently applied to the value parameter only, but in the future it will also be applied to field.
2026-04-22T07:47:17.5003209Z - To opt in to applying to both value parameter and field, add '-Xannotation-default-target=param-property' to your compiler arguments.
2026-04-22T07:47:17.5004667Z - To keep applying to the value parameter only, use the '@param:' annotation target.
2026-04-22T07:47:17.5005383Z 
2026-04-22T07:47:17.5006001Z See https://youtrack.jetbrains.com/issue/KT-73255 for more details.
2026-04-22T07:47:17.5008026Z w: file:///home/runner/work/prismTask/prismTask/app/src/main/java/com/averycorp/prismtask/notifications/MedicationReminderScheduler.kt:43:5 This annotation is currently applied to the value parameter only, but in the future it will also be applied to field.
2026-04-22T07:47:17.5010609Z - To opt in to applying to both value parameter and field, add '-Xannotation-default-target=param-property' to your compiler arguments.
2026-04-22T07:47:17.5012130Z - To keep applying to the value parameter only, use the '@param:' annotation target.
2026-04-22T07:47:17.5012905Z 
2026-04-22T07:47:17.5013385Z See https://youtrack.jetbrains.com/issue/KT-73255 for more details.
2026-04-22T07:47:17.5015466Z w: file:///home/runner/work/prismTask/prismTask/app/src/main/java/com/averycorp/prismtask/notifications/NotificationTester.kt:28:5 This annotation is currently applied to the value parameter only, but in the future it will also be applied to field.
2026-04-22T07:47:17.5018081Z - To opt in to applying to both value parameter and field, add '-Xannotation-default-target=param-property' to your compiler arguments.
2026-04-22T07:47:17.5019533Z - To keep applying to the value parameter only, use the '@param:' annotation target.
2026-04-22T07:47:17.5020310Z 
2026-04-22T07:47:17.5020788Z See https://youtrack.jetbrains.com/issue/KT-73255 for more details.
2026-04-22T07:47:17.5023199Z w: file:///home/runner/work/prismTask/prismTask/app/src/main/java/com/averycorp/prismtask/notifications/NotificationWorkerScheduler.kt:39:5 This annotation is currently applied to the value parameter only, but in the future it will also be applied to field.
2026-04-22T07:47:17.5026762Z - To opt in to applying to both value parameter and field, add '-Xannotation-default-target=param-property' to your compiler arguments.
2026-04-22T07:47:17.5028434Z - To keep applying to the value parameter only, use the '@param:' annotation target.
2026-04-22T07:47:17.5029385Z 
2026-04-22T07:47:17.5029954Z See https://youtrack.jetbrains.com/issue/KT-73255 for more details.
2026-04-22T07:47:17.5032105Z w: file:///home/runner/work/prismTask/prismTask/app/src/main/java/com/averycorp/prismtask/notifications/ReminderScheduler.kt:21:5 This annotation is currently applied to the value parameter only, but in the future it will also be applied to field.
2026-04-22T07:47:17.5034743Z - To opt in to applying to both value parameter and field, add '-Xannotation-default-target=param-property' to your compiler arguments.
2026-04-22T07:47:17.5036472Z - To keep applying to the value parameter only, use the '@param:' annotation target.
2026-04-22T07:47:17.5037366Z 
2026-04-22T07:47:17.5037969Z See https://youtrack.jetbrains.com/issue/KT-73255 for more details.
2026-04-22T07:47:17.5040271Z w: file:///home/runner/work/prismTask/prismTask/app/src/main/java/com/averycorp/prismtask/ui/components/sync/SyncDebugPanel.kt:139:13 'fun Divider(modifier: Modifier = ..., thickness: Dp = ..., color: Color = ...): Unit' is deprecated. Renamed to HorizontalDivider.
2026-04-22T07:47:17.5043785Z w: file:///home/runner/work/prismTask/prismTask/app/src/main/java/com/averycorp/prismtask/ui/components/sync/SyncDetailsSheet.kt:74:13 'fun Divider(modifier: Modifier = ..., thickness: Dp = ..., color: Color = ...): Unit' is deprecated. Renamed to HorizontalDivider.
2026-04-22T07:47:17.5047426Z w: file:///home/runner/work/prismTask/prismTask/app/src/main/java/com/averycorp/prismtask/ui/screens/feedback/BugReportViewModel.kt:50:5 This annotation is currently applied to the value parameter only, but in the future it will also be applied to field.
2026-04-22T07:47:17.5050396Z - To opt in to applying to both value parameter and field, add '-Xannotation-default-target=param-property' to your compiler arguments.
2026-04-22T07:47:17.5051944Z - To keep applying to the value parameter only, use the '@param:' annotation target.
2026-04-22T07:47:17.5052737Z 
2026-04-22T07:47:17.5053419Z See https://youtrack.jetbrains.com/issue/KT-73255 for more details.
2026-04-22T07:47:17.5055470Z w: file:///home/runner/work/prismTask/prismTask/app/src/main/java/com/averycorp/prismtask/ui/screens/habits/HabitListViewModel.kt:162:32 Unchecked cast of 'Any?' to 'List<SelfCareStepEntity>'.
2026-04-22T07:47:17.5058422Z w: file:///home/runner/work/prismTask/prismTask/app/src/main/java/com/averycorp/prismtask/ui/screens/habits/HabitListViewModel.kt:163:32 Unchecked cast of 'Any?' to 'List<SelfCareStepEntity>'.
2026-04-22T07:47:17.5061506Z w: file:///home/runner/work/prismTask/prismTask/app/src/main/java/com/averycorp/prismtask/ui/screens/habits/HabitListViewModel.kt:164:34 Unchecked cast of 'Any?' to 'List<SelfCareStepEntity>'.
2026-04-22T07:47:17.5064356Z w: file:///home/runner/work/prismTask/prismTask/app/src/main/java/com/averycorp/prismtask/ui/screens/habits/HabitListViewModel.kt:171:34 Unchecked cast of 'Any?' to 'List<SelfCareStepEntity>'.
2026-04-22T07:47:17.5067660Z w: file:///home/runner/work/prismTask/prismTask/app/src/main/java/com/averycorp/prismtask/ui/screens/pomodoro/SmartPomodoroViewModel.kt:102:5 This annotation is currently applied to the value parameter only, but in the future it will also be applied to field.
2026-04-22T07:47:17.5070423Z - To opt in to applying to both value parameter and field, add '-Xannotation-default-target=param-property' to your compiler arguments.
2026-04-22T07:47:17.5072054Z - To keep applying to the value parameter only, use the '@param:' annotation target.
2026-04-22T07:47:17.5072871Z 
2026-04-22T07:47:17.5073556Z See https://youtrack.jetbrains.com/issue/KT-73255 for more details.
2026-04-22T07:47:17.5076275Z w: file:///home/runner/work/prismTask/prismTask/app/src/main/java/com/averycorp/prismtask/ui/screens/schoolwork/SyllabusViewModel.kt:30:5 This annotation is currently applied to the value parameter only, but in the future it will also be applied to field.
2026-04-22T07:47:17.5079041Z - To opt in to applying to both value parameter and field, add '-Xannotation-default-target=param-property' to your compiler arguments.
2026-04-22T07:47:17.5080543Z - To keep applying to the value parameter only, use the '@param:' annotation target.
2026-04-22T07:47:17.5081373Z 
2026-04-22T07:47:17.5082015Z See https://youtrack.jetbrains.com/issue/KT-73255 for more details.
2026-04-22T07:47:17.5084438Z w: file:///home/runner/work/prismTask/prismTask/app/src/main/java/com/averycorp/prismtask/ui/screens/settings/SettingsViewModel.kt:70:5 This annotation is currently applied to the value parameter only, but in the future it will also be applied to field.
2026-04-22T07:47:17.5087406Z - To opt in to applying to both value parameter and field, add '-Xannotation-default-target=param-property' to your compiler arguments.
2026-04-22T07:47:17.5089036Z - To keep applying to the value parameter only, use the '@param:' annotation target.
2026-04-22T07:47:17.5089846Z 
2026-04-22T07:47:17.5090477Z See https://youtrack.jetbrains.com/issue/KT-73255 for more details.
2026-04-22T07:47:17.5093034Z w: file:///home/runner/work/prismTask/prismTask/app/src/main/java/com/averycorp/prismtask/ui/screens/tasklist/TaskListScreen.kt:485:55 'val Icons.Filled.FormatListBulleted: ImageVector' is deprecated. Use the AutoMirrored version at Icons.AutoMirrored.Filled.FormatListBulleted.
2026-04-22T07:47:17.5096934Z w: file:///home/runner/work/prismTask/prismTask/app/src/main/java/com/averycorp/prismtask/ui/screens/templates/TemplatePickerSheet.kt:238:35 'val Icons.Filled.OpenInNew: ImageVector' is deprecated. Use the AutoMirrored version at Icons.AutoMirrored.Filled.OpenInNew.
2026-04-22T07:47:17.5100512Z w: file:///home/runner/work/prismTask/prismTask/app/src/main/java/com/averycorp/prismtask/ui/screens/timer/TimerViewModel.kt:43:5 This annotation is currently applied to the value parameter only, but in the future it will also be applied to field.
2026-04-22T07:47:17.5103445Z - To opt in to applying to both value parameter and field, add '-Xannotation-default-target=param-property' to your compiler arguments.
2026-04-22T07:47:17.5105004Z - To keep applying to the value parameter only, use the '@param:' annotation target.
2026-04-22T07:47:17.5105993Z 
2026-04-22T07:47:17.5106555Z See https://youtrack.jetbrains.com/issue/KT-73255 for more details.
2026-04-22T07:47:17.5109333Z w: file:///home/runner/work/prismTask/prismTask/app/src/main/java/com/averycorp/prismtask/ui/screens/today/TodayScreen.kt:839:9 'fun AlertDialog(onDismissRequest: () -> Unit, modifier: Modifier = ..., properties: DialogProperties = ..., content: ComposableFunction0<Unit>): Unit' is deprecated. Use BasicAlertDialog instead.
2026-04-22T07:47:17.5112835Z w: file:///home/runner/work/prismTask/prismTask/app/src/main/java/com/averycorp/prismtask/ui/screens/today/components/TodayProgressHeader.kt:185:68 Redundant call of conversion method.
2026-04-22T07:47:17.5115446Z w: file:///home/runner/work/prismTask/prismTask/app/src/main/java/com/averycorp/prismtask/ui/screens/today/components/TodayProgressHeader.kt:186:68 Redundant call of conversion method.
2026-04-22T07:47:17.5118254Z w: file:///home/runner/work/prismTask/prismTask/app/src/main/java/com/averycorp/prismtask/ui/screens/today/components/TodayProgressHeader.kt:187:68 Redundant call of conversion method.
2026-04-22T07:47:17.5120798Z w: file:///home/runner/work/prismTask/prismTask/app/src/main/java/com/averycorp/prismtask/ui/screens/today/components/TodayProgressHeader.kt:188:68 Redundant call of conversion method.
2026-04-22T07:47:17.5123921Z w: file:///home/runner/work/prismTask/prismTask/app/src/main/java/com/averycorp/prismtask/widget/WidgetUpdateManager.kt:27:5 This annotation is currently applied to the value parameter only, but in the future it will also be applied to field.
2026-04-22T07:47:17.5126826Z - To opt in to applying to both value parameter and field, add '-Xannotation-default-target=param-property' to your compiler arguments.
2026-04-22T07:47:17.5128570Z - To keep applying to the value parameter only, use the '@param:' annotation target.
2026-04-22T07:47:17.5129497Z 
2026-04-22T07:47:17.5130075Z See https://youtrack.jetbrains.com/issue/KT-73255 for more details.
2026-04-22T07:47:17.5132429Z w: file:///home/runner/work/prismTask/prismTask/app/src/main/java/com/averycorp/prismtask/workers/CalendarSyncScheduler.kt:33:5 This annotation is currently applied to the value parameter only, but in the future it will also be applied to field.
2026-04-22T07:47:17.5135078Z - To opt in to applying to both value parameter and field, add '-Xannotation-default-target=param-property' to your compiler arguments.
2026-04-22T07:47:17.5136865Z - To keep applying to the value parameter only, use the '@param:' annotation target.
2026-04-22T07:47:17.5137742Z 
2026-04-22T07:47:17.5138344Z See https://youtrack.jetbrains.com/issue/KT-73255 for more details.
2026-04-22T07:47:26.7433747Z 
2026-04-22T07:47:26.7457174Z > Task :app:compileDebugJavaWithJavac
2026-04-22T07:47:26.7487288Z > Task :app:hiltSyncDebug
2026-04-22T07:47:27.5447739Z > Task :app:hiltAggregateDepsDebug FROM-CACHE
2026-04-22T07:47:31.9437313Z > Task :app:hiltJavaCompileDebug
2026-04-22T07:47:32.4432017Z > Task :app:bundleDebugClassesToCompileJar
2026-04-22T07:47:32.7447355Z > Task :app:generateDebugLintReportModel
2026-04-22T07:47:33.1422450Z > Task :app:generateDebugAndroidTestLintModel
2026-04-22T07:47:33.2467309Z > Task :app:generateDebugUnitTestLintModel
2026-04-22T07:48:03.2467367Z > Task :app:lintAnalyzeDebug
2026-04-22T07:48:03.4424645Z > Task :app:lintAnalyzeDebugAndroidTest
2026-04-22T07:48:03.4478067Z > Task :app:lintAnalyzeDebugUnitTest
2026-04-22T07:49:54.3420639Z 
2026-04-22T07:49:54.3421367Z > Task :app:lintReportDebug
2026-04-22T07:49:54.3424422Z Wrote HTML report to file:///home/runner/work/prismTask/prismTask/app/build/reports/lint-results-debug.html
2026-04-22T07:49:54.3425377Z 
2026-04-22T07:49:54.3425640Z > Task :app:lintDebug
2026-04-22T07:49:54.3426530Z > Task :app:lint
2026-04-22T07:49:54.3427735Z gradle/actions: Writing build results to /home/runner/work/_temp/.gradle-actions/build-results/__run_3-1776843909573.json
2026-04-22T07:49:54.3428583Z 
2026-04-22T07:49:54.3429511Z [Incubating] Problems report is available at: file:///home/runner/work/prismTask/prismTask/build/reports/problems/problems-report.html
2026-04-22T07:49:54.3430477Z 
2026-04-22T07:49:54.3431016Z Deprecated Gradle features were used in this build, making it incompatible with Gradle 10.
2026-04-22T07:49:54.3431703Z 
2026-04-22T07:49:54.3432517Z You can use '--warning-mode all' to show the individual deprecation warnings and determine if they come from your own scripts or plugins.
2026-04-22T07:49:54.3433481Z 
2026-04-22T07:49:54.3434313Z For more on this, please refer to https://docs.gradle.org/9.3.1/userguide/command_line_interface.html#sec:command_line_warnings in the Gradle documentation.
2026-04-22T07:49:54.3435368Z 
2026-04-22T07:49:54.3435624Z BUILD SUCCESSFUL in 4m 45s
2026-04-22T07:49:54.3436623Z 36 actionable tasks: 18 executed, 18 from cache
2026-04-22T07:49:54.3656198Z ##[group]Run set -euo pipefail
2026-04-22T07:49:54.3656755Z [36;1mset -euo pipefail[0m
2026-04-22T07:49:54.3657199Z [36;1mshopt -s globstar nullglob[0m
2026-04-22T07:49:54.3657729Z [36;1mxmls=(app/build/test-results/**/*.xml)[0m
2026-04-22T07:49:54.3658253Z [36;1mif [ ${#xmls[@]} -eq 0 ]; then[0m
2026-04-22T07:49:54.3659066Z [36;1m  echo "::error::No JUnit XML results found under app/build/test-results/. Did the test task run?"[0m
2026-04-22T07:49:54.3659881Z [36;1m  exit 1[0m
2026-04-22T07:49:54.3660225Z [36;1mfi[0m
2026-04-22T07:49:54.3660542Z [36;1mfailed=0[0m
2026-04-22T07:49:54.3660897Z [36;1mfor f in "${xmls[@]}"; do[0m
2026-04-22T07:49:54.3661589Z [36;1m  fails=$(grep -oE 'failures="[0-9]+"' "$f" | head -n1 | grep -oE '[0-9]+' || echo 0)[0m
2026-04-22T07:49:54.3662508Z [36;1m  errs=$(grep -oE 'errors="[0-9]+"' "$f" | head -n1 | grep -oE '[0-9]+' || echo 0)[0m
2026-04-22T07:49:54.3663330Z [36;1m  if [ "${fails:-0}" -gt 0 ] || [ "${errs:-0}" -gt 0 ]; then[0m
2026-04-22T07:49:54.3664065Z [36;1m    echo "::error file=${f}::${fails} failure(s), ${errs} error(s) in ${f}"[0m
2026-04-22T07:49:54.3664746Z [36;1m    failed=$((failed + fails + errs))[0m
2026-04-22T07:49:54.3665220Z [36;1m  fi[0m
2026-04-22T07:49:54.3665545Z [36;1mdone[0m
2026-04-22T07:49:54.3666116Z [36;1mif [ "$failed" -gt 0 ]; then[0m
2026-04-22T07:49:54.3667004Z [36;1m  echo "::error::${failed} unit-test failure(s)/error(s) detected. See annotations and the test-results artifact."[0m
2026-04-22T07:49:54.3667870Z [36;1m  exit 1[0m
2026-04-22T07:49:54.3668201Z [36;1mfi[0m
2026-04-22T07:49:54.3668617Z [36;1mecho "All ${#xmls[@]} JUnit XML reports clean."[0m
2026-04-22T07:49:54.3751679Z shell: /usr/bin/bash --noprofile --norc -e -o pipefail {0}
2026-04-22T07:49:54.3752317Z env:
2026-04-22T07:49:54.3752831Z   JAVA_HOME: /opt/hostedtoolcache/Java_Temurin-Hotspot_jdk/21.0.10-7/x64
2026-04-22T07:49:54.3753786Z   JAVA_HOME_21_X64: /opt/hostedtoolcache/Java_Temurin-Hotspot_jdk/21.0.10-7/x64
2026-04-22T07:49:54.3754517Z   GRADLE_ACTION_ID: gradle/actions/setup-gradle
2026-04-22T07:49:54.3755040Z   GRADLE_USER_HOME: /home/runner/.gradle
2026-04-22T07:49:54.3755545Z   GRADLE_BUILD_ACTION_SETUP_COMPLETED: true
2026-04-22T07:49:54.3756287Z   GRADLE_BUILD_ACTION_CACHE_RESTORED: true
2026-04-22T07:49:54.3757028Z   DEVELOCITY_INJECTION_INIT_SCRIPT_NAME: gradle-actions.inject-develocity.init.gradle
2026-04-22T07:49:54.3757847Z   DEVELOCITY_INJECTION_CUSTOM_VALUE: gradle-actions
2026-04-22T07:49:54.3758395Z   GITHUB_DEPENDENCY_GRAPH_ENABLED: false
2026-04-22T07:49:54.3758839Z ##[endgroup]
2026-04-22T07:49:54.3883049Z ##[error]No JUnit XML results found under app/build/test-results/. Did the test task run?
2026-04-22T07:49:54.3886100Z ##[error]Process completed with exit code 1.
2026-04-22T07:49:54.3976190Z ##[group]Run actions/upload-artifact@v4
2026-04-22T07:49:54.3976686Z with:
2026-04-22T07:49:54.3977013Z   name: lint-report
2026-04-22T07:49:54.3977453Z   path: app/build/reports/lint-results-debug.html
2026-04-22T07:49:54.3977981Z   retention-days: 7
2026-04-22T07:49:54.3978344Z   if-no-files-found: warn
2026-04-22T07:49:54.3978747Z   compression-level: 6
2026-04-22T07:49:54.3979128Z   overwrite: false
2026-04-22T07:49:54.3979492Z   include-hidden-files: false
2026-04-22T07:49:54.3979899Z env:
2026-04-22T07:49:54.3980411Z   JAVA_HOME: /opt/hostedtoolcache/Java_Temurin-Hotspot_jdk/21.0.10-7/x64
2026-04-22T07:49:54.3981249Z   JAVA_HOME_21_X64: /opt/hostedtoolcache/Java_Temurin-Hotspot_jdk/21.0.10-7/x64
2026-04-22T07:49:54.3981969Z   GRADLE_ACTION_ID: gradle/actions/setup-gradle
2026-04-22T07:49:54.3982492Z   GRADLE_USER_HOME: /home/runner/.gradle
2026-04-22T07:49:54.3982984Z   GRADLE_BUILD_ACTION_SETUP_COMPLETED: true
2026-04-22T07:49:54.3983564Z   GRADLE_BUILD_ACTION_CACHE_RESTORED: true
2026-04-22T07:49:54.3984338Z   DEVELOCITY_INJECTION_INIT_SCRIPT_NAME: gradle-actions.inject-develocity.init.gradle
2026-04-22T07:49:54.3985181Z   DEVELOCITY_INJECTION_CUSTOM_VALUE: gradle-actions
2026-04-22T07:49:54.3985716Z   GITHUB_DEPENDENCY_GRAPH_ENABLED: false
2026-04-22T07:49:54.3986395Z ##[endgroup]
2026-04-22T07:49:54.6098408Z With the provided path, there will be 1 file uploaded
2026-04-22T07:49:54.6103354Z Artifact name is valid!
2026-04-22T07:49:54.6104371Z Root directory input is valid!
2026-04-22T07:49:54.7423639Z Beginning upload of artifact content to blob storage
2026-04-22T07:49:54.8156390Z Uploaded bytes 39354
2026-04-22T07:49:54.8340915Z Finished uploading artifact content to blob storage!
2026-04-22T07:49:54.8344367Z SHA256 digest of uploaded artifact zip is 334bf143ad1e41d36b40fbc0a47d0c87d0cf1eef121f2bc4aaa1dd3177bcdcdb
2026-04-22T07:49:54.8347259Z Finalizing artifact upload
2026-04-22T07:49:54.9879979Z Artifact lint-report.zip successfully finalized. Artifact ID 6573077397
2026-04-22T07:49:54.9881246Z Artifact lint-report has been successfully uploaded! Final size is 39354 bytes. Artifact ID is 6573077397
2026-04-22T07:49:54.9889149Z Artifact download URL: https://github.com/akarlin3/prismTask/actions/runs/24766348978/artifacts/6573077397
2026-04-22T07:49:55.0013766Z ##[group]Run actions/upload-artifact@v4
2026-04-22T07:49:55.0014090Z with:
2026-04-22T07:49:55.0014312Z   name: detekt-report
2026-04-22T07:49:55.0014577Z   path: app/build/reports/detekt/
2026-04-22T07:49:55.0014866Z   retention-days: 7
2026-04-22T07:49:55.0015132Z   if-no-files-found: warn
2026-04-22T07:49:55.0015392Z   compression-level: 6
2026-04-22T07:49:55.0015638Z   overwrite: false
2026-04-22T07:49:55.0016124Z   include-hidden-files: false
2026-04-22T07:49:55.0016400Z env:
2026-04-22T07:49:55.0016732Z   JAVA_HOME: /opt/hostedtoolcache/Java_Temurin-Hotspot_jdk/21.0.10-7/x64
2026-04-22T07:49:55.0017255Z   JAVA_HOME_21_X64: /opt/hostedtoolcache/Java_Temurin-Hotspot_jdk/21.0.10-7/x64
2026-04-22T07:49:55.0017718Z   GRADLE_ACTION_ID: gradle/actions/setup-gradle
2026-04-22T07:49:55.0018047Z   GRADLE_USER_HOME: /home/runner/.gradle
2026-04-22T07:49:55.0018365Z   GRADLE_BUILD_ACTION_SETUP_COMPLETED: true
2026-04-22T07:49:55.0018688Z   GRADLE_BUILD_ACTION_CACHE_RESTORED: true
2026-04-22T07:49:55.0019185Z   DEVELOCITY_INJECTION_INIT_SCRIPT_NAME: gradle-actions.inject-develocity.init.gradle
2026-04-22T07:49:55.0019690Z   DEVELOCITY_INJECTION_CUSTOM_VALUE: gradle-actions
2026-04-22T07:49:55.0020033Z   GITHUB_DEPENDENCY_GRAPH_ENABLED: false
2026-04-22T07:49:55.0020322Z ##[endgroup]
2026-04-22T07:49:55.2240452Z With the provided path, there will be 2 files uploaded
2026-04-22T07:49:55.2244189Z Artifact name is valid!
2026-04-22T07:49:55.2245325Z Root directory input is valid!
2026-04-22T07:49:55.3603838Z Beginning upload of artifact content to blob storage
2026-04-22T07:49:55.4254289Z Uploaded bytes 5644
2026-04-22T07:49:55.4431709Z Finished uploading artifact content to blob storage!
2026-04-22T07:49:55.4435193Z SHA256 digest of uploaded artifact zip is fe251cf2058ebfdf8912d4e1dce2dd687a04f71afb009e2587e655bcb50a9ed2
2026-04-22T07:49:55.4436850Z Finalizing artifact upload
2026-04-22T07:49:55.5935122Z Artifact detekt-report.zip successfully finalized. Artifact ID 6573077536
2026-04-22T07:49:55.5936435Z Artifact detekt-report has been successfully uploaded! Final size is 5644 bytes. Artifact ID is 6573077536
2026-04-22T07:49:55.5943020Z Artifact download URL: https://github.com/akarlin3/prismTask/actions/runs/24766348978/artifacts/6573077536
2026-04-22T07:49:55.6064131Z ##[group]Run actions/upload-artifact@v4
2026-04-22T07:49:55.6064485Z with:
2026-04-22T07:49:55.6064721Z   name: test-results
2026-04-22T07:49:55.6064998Z   path: app/build/test-results/
2026-04-22T07:49:55.6065296Z   retention-days: 7
2026-04-22T07:49:55.6065557Z   if-no-files-found: warn
2026-04-22T07:49:55.6066108Z   compression-level: 6
2026-04-22T07:49:55.6066392Z   overwrite: false
2026-04-22T07:49:55.6066685Z   include-hidden-files: false
2026-04-22T07:49:55.6066970Z env:
2026-04-22T07:49:55.6067306Z   JAVA_HOME: /opt/hostedtoolcache/Java_Temurin-Hotspot_jdk/21.0.10-7/x64
2026-04-22T07:49:55.6067837Z   JAVA_HOME_21_X64: /opt/hostedtoolcache/Java_Temurin-Hotspot_jdk/21.0.10-7/x64
2026-04-22T07:49:55.6068297Z   GRADLE_ACTION_ID: gradle/actions/setup-gradle
2026-04-22T07:49:55.6068640Z   GRADLE_USER_HOME: /home/runner/.gradle
2026-04-22T07:49:55.6068973Z   GRADLE_BUILD_ACTION_SETUP_COMPLETED: true
2026-04-22T07:49:55.6069312Z   GRADLE_BUILD_ACTION_CACHE_RESTORED: true
2026-04-22T07:49:55.6069839Z   DEVELOCITY_INJECTION_INIT_SCRIPT_NAME: gradle-actions.inject-develocity.init.gradle
2026-04-22T07:49:55.6070359Z   DEVELOCITY_INJECTION_CUSTOM_VALUE: gradle-actions
2026-04-22T07:49:55.6070719Z   GITHUB_DEPENDENCY_GRAPH_ENABLED: false
2026-04-22T07:49:55.6071033Z ##[endgroup]
2026-04-22T07:49:55.8143450Z ##[warning]No files were found with the provided path: app/build/test-results/. No artifacts will be uploaded.
2026-04-22T07:49:55.8276880Z Post job cleanup.
2026-04-22T07:49:55.8384641Z Post job cleanup.
2026-04-22T07:49:56.1395051Z In post-action step
2026-04-22T07:49:56.1407309Z ##[group]Stopping Gradle daemons
2026-04-22T07:49:56.1408593Z Stopping Gradle daemons for /home/runner/.gradle/wrapper/dists/gradle-9.3.1-bin/23ovyewtku6u96viwx3xl3oks/gradle-9.3.1
2026-04-22T07:49:56.1427489Z [command]/home/runner/.gradle/wrapper/dists/gradle-9.3.1-bin/23ovyewtku6u96viwx3xl3oks/gradle-9.3.1/bin/gradle --stop
2026-04-22T07:49:56.7317560Z Stopping Daemon(s)
2026-04-22T07:49:56.7319755Z 1 Daemon stopped
2026-04-22T07:49:56.7404783Z ##[endgroup]
2026-04-22T07:49:56.7406316Z Not performing cache-cleanup due to build failure
2026-04-22T07:49:56.7407304Z ##[group]Caching Gradle state
2026-04-22T07:50:00.5299213Z [command]/usr/bin/tar --posix -cf cache.tzst --exclude cache.tzst -P -C /home/runner/work/prismTask/prismTask --files-from manifest.txt --use-compress-program zstdmt
2026-04-22T07:50:05.1549057Z Sent 372611340 of 439720204 (84.7%), 355.0 MBs/sec
2026-04-22T07:50:05.1789194Z Sent 439720204 of 439720204 (100.0%), 409.1 MBs/sec
2026-04-22T07:50:05.3237862Z Saved cache entry with key gradle-transforms-v1-98628dbead152c962f98c5a1e1753ecd from /home/runner/.gradle/caches/transforms-4/*/,/home/runner/.gradle/caches/*/transforms/*/ in 6600ms
2026-04-22T07:50:07.4779124Z [command]/usr/bin/tar --posix -cf cache.tzst --exclude cache.tzst -P -C /home/runner/work/prismTask/prismTask --files-from manifest.txt --use-compress-program zstdmt
2026-04-22T07:50:08.7141300Z Sent 53837936 of 53837936 (100.0%), 57.4 MBs/sec
2026-04-22T07:50:08.8256857Z Saved cache entry with key gradle-home-v1|Linux-X64|lint-and-test[5df42585ae8f8da228c604b8b4e8707c]-eb53066b22fb215bd412776e2d2aeb98e7536aab from /home/runner/.gradle/caches,/home/runner/.gradle/notifications,/home/runner/.gradle/.setup-gradle in 1357ms
2026-04-22T07:50:08.8259208Z ##[endgroup]
2026-04-22T07:50:08.8264365Z Generating Job Summary
2026-04-22T07:50:08.8278760Z Completed post-action step
2026-04-22T07:50:08.8520476Z Post job cleanup.
2026-04-22T07:50:09.0272385Z Post job cleanup.
2026-04-22T07:50:09.1284178Z [command]/usr/bin/git version
2026-04-22T07:50:09.1320329Z git version 2.53.0
2026-04-22T07:50:09.1361378Z Temporarily overriding HOME='/home/runner/work/_temp/c056184f-4251-4d64-8a12-018b6a53aab5' before making global git config changes
2026-04-22T07:50:09.1362738Z Adding repository directory to the temporary git global config as a safe directory
2026-04-22T07:50:09.1375926Z [command]/usr/bin/git config --global --add safe.directory /home/runner/work/prismTask/prismTask
2026-04-22T07:50:09.1410686Z [command]/usr/bin/git config --local --name-only --get-regexp core\.sshCommand
2026-04-22T07:50:09.1442835Z [command]/usr/bin/git submodule foreach --recursive sh -c "git config --local --name-only --get-regexp 'core\.sshCommand' && git config --local --unset-all 'core.sshCommand' || :"
2026-04-22T07:50:09.1688048Z [command]/usr/bin/git config --local --name-only --get-regexp http\.https\:\/\/github\.com\/\.extraheader
2026-04-22T07:50:09.1709834Z http.https://github.com/.extraheader
2026-04-22T07:50:09.1722014Z [command]/usr/bin/git config --local --unset-all http.https://github.com/.extraheader
2026-04-22T07:50:09.1753119Z [command]/usr/bin/git submodule foreach --recursive sh -c "git config --local --name-only --get-regexp 'http\.https\:\/\/github\.com\/\.extraheader' && git config --local --unset-all 'http.https://github.com/.extraheader' || :"
2026-04-22T07:50:09.1990043Z [command]/usr/bin/git config --local --name-only --get-regexp ^includeIf\.gitdir:
2026-04-22T07:50:09.2021149Z [command]/usr/bin/git submodule foreach --recursive git config --local --show-origin --name-only --get-regexp remote.origin.url
2026-04-22T07:50:09.2370387Z Cleaning up orphan processes
2026-04-22T07:50:09.2642322Z ##[warning]Node.js 20 actions are deprecated. The following actions are running on Node.js 20 and may not work as expected: actions/checkout@v4, actions/setup-java@v4, actions/upload-artifact@v4, gradle/actions/setup-gradle@v4. Actions will be forced to run with Node.js 24 by default starting June 2nd, 2026. Node.js 20 will be removed from the runner on September 16th, 2026. Please check if updated versions of these actions are available that support Node.js 24. To opt into Node.js 24 now, set the FORCE_JAVASCRIPT_ACTIONS_TO_NODE24=true environment variable on the runner or in your workflow file. Once Node.js 24 becomes the default, you can temporarily opt out by setting ACTIONS_ALLOW_USE_UNSECURE_NODE_VERSION=true. For more information see: https://github.blog/changelog/2025-09-19-deprecation-of-node-20-on-github-actions-runners/
