=== CI FAILURE ===
Workflow:      Android CI
Workflow file: averycorp/prismTask/.github/workflows/android-ci.yml@refs/pull/916/merge
Job(s):        autofix
Run ID:        25073158974
Run attempt:   1
Run URL:       https://github.com/averycorp/prismTask/actions/runs/25073158974
Commit:        2ae00b1f09540015da51a5416e4a55e188d97e1c
Branch:        916/merge
Event:         pull_request
Actor:         akarlin3
Runner OS:     Linux
Timestamp:     2026-04-28T19:29:42.638Z

Failed steps:
  - autofix: #9 Commit formatting fixes

=== FAILED JOB LOG ===

--- Job: autofix (id 73458667282) ---
2026-04-28T19:26:14.8473584Z Current runner version: '2.334.0'
2026-04-28T19:26:14.8497007Z ##[group]Runner Image Provisioner
2026-04-28T19:26:14.8498002Z Hosted Compute Agent
2026-04-28T19:26:14.8498551Z Version: 20260422.526
2026-04-28T19:26:14.8499220Z Commit: e1a9e573f4d0838b3a7c1b07401aeb29ed3635a9
2026-04-28T19:26:14.8499920Z Build Date: 2026-04-22T09:31:31Z
2026-04-28T19:26:14.8500563Z Worker ID: {5de2a57a-ed01-4d40-b81f-7ae6a2dd3a77}
2026-04-28T19:26:14.8501230Z Azure Region: westus3
2026-04-28T19:26:14.8501774Z ##[endgroup]
2026-04-28T19:26:14.8503170Z ##[group]Operating System
2026-04-28T19:26:14.8503804Z Ubuntu
2026-04-28T19:26:14.8504281Z 24.04.4
2026-04-28T19:26:14.8504697Z LTS
2026-04-28T19:26:14.8505178Z ##[endgroup]
2026-04-28T19:26:14.8505689Z ##[group]Runner Image
2026-04-28T19:26:14.8506200Z Image: ubuntu-24.04
2026-04-28T19:26:14.8506813Z Version: 20260426.100.1
2026-04-28T19:26:14.8508228Z Included Software: https://github.com/actions/runner-images/blob/ubuntu24/20260426.100/images/ubuntu/Ubuntu2404-Readme.md
2026-04-28T19:26:14.8509732Z Image Release: https://github.com/actions/runner-images/releases/tag/ubuntu24%2F20260426.100
2026-04-28T19:26:14.8510599Z ##[endgroup]
2026-04-28T19:26:14.8511836Z ##[group]GITHUB_TOKEN Permissions
2026-04-28T19:26:14.8513942Z Actions: read
2026-04-28T19:26:14.8514483Z Checks: read
2026-04-28T19:26:14.8515046Z Contents: write
2026-04-28T19:26:14.8515525Z Metadata: read
2026-04-28T19:26:14.8516054Z PullRequests: read
2026-04-28T19:26:14.8516512Z ##[endgroup]
2026-04-28T19:26:14.8518813Z Secret source: Actions
2026-04-28T19:26:14.8519505Z Prepare workflow directory
2026-04-28T19:26:14.8851183Z Prepare all required actions
2026-04-28T19:26:14.8889718Z Getting action download info
2026-04-28T19:26:15.4194296Z Download action repository 'actions/checkout@v4' (SHA:34e114876b0b11c390a56381ad16ebd13914f8d5)
2026-04-28T19:26:15.5594339Z Download action repository 'dorny/paths-filter@v3' (SHA:d1c1ffe0248fe513906c8e24db8ea791d46f8590)
2026-04-28T19:26:16.3736518Z Download action repository 'actions/cache@v4' (SHA:0057852bfaa89a56745cba8c7296529d2fc39830)
2026-04-28T19:26:16.7043323Z Complete job name: autofix
2026-04-28T19:26:16.7944473Z ##[group]Run actions/checkout@v4
2026-04-28T19:26:16.7945814Z with:
2026-04-28T19:26:16.7947906Z   token: ***
2026-04-28T19:26:16.7948758Z   ref: chore/fix-autofix-pat-fallback
2026-04-28T19:26:16.7949794Z   fetch-depth: 0
2026-04-28T19:26:16.7950623Z   repository: averycorp/prismTask
2026-04-28T19:26:16.7951608Z   ssh-strict: true
2026-04-28T19:26:16.7952388Z   ssh-user: git
2026-04-28T19:26:16.7953207Z   persist-credentials: true
2026-04-28T19:26:16.7954108Z   clean: true
2026-04-28T19:26:16.7954912Z   sparse-checkout-cone-mode: true
2026-04-28T19:26:16.7955916Z   fetch-tags: false
2026-04-28T19:26:16.7956729Z   show-progress: true
2026-04-28T19:26:16.7957782Z   lfs: false
2026-04-28T19:26:16.7958555Z   submodules: false
2026-04-28T19:26:16.7959366Z   set-safe-directory: true
2026-04-28T19:26:16.7960558Z ##[endgroup]
2026-04-28T19:26:16.9138151Z Syncing repository: averycorp/prismTask
2026-04-28T19:26:16.9142376Z ##[group]Getting Git version info
2026-04-28T19:26:16.9144752Z Working directory is '/home/runner/work/prismTask/prismTask'
2026-04-28T19:26:16.9148360Z [command]/usr/bin/git version
2026-04-28T19:26:16.9195458Z git version 2.54.0
2026-04-28T19:26:16.9224568Z ##[endgroup]
2026-04-28T19:26:16.9240800Z Temporarily overriding HOME='/home/runner/work/_temp/41a72aa3-c2d2-4253-9a03-8e7885aa9a4a' before making global git config changes
2026-04-28T19:26:16.9246000Z Adding repository directory to the temporary git global config as a safe directory
2026-04-28T19:26:16.9250910Z [command]/usr/bin/git config --global --add safe.directory /home/runner/work/prismTask/prismTask
2026-04-28T19:26:16.9298031Z Deleting the contents of '/home/runner/work/prismTask/prismTask'
2026-04-28T19:26:16.9301931Z ##[group]Initializing the repository
2026-04-28T19:26:16.9305624Z [command]/usr/bin/git init /home/runner/work/prismTask/prismTask
2026-04-28T19:26:16.9422782Z hint: Using 'master' as the name for the initial branch. This default branch name
2026-04-28T19:26:16.9426598Z hint: will change to "main" in Git 3.0. To configure the initial branch name
2026-04-28T19:26:16.9430498Z hint: to use in all of your new repositories, which will suppress this warning,
2026-04-28T19:26:16.9433482Z hint: call:
2026-04-28T19:26:16.9434960Z hint:
2026-04-28T19:26:16.9443808Z hint: 	git config --global init.defaultBranch <name>
2026-04-28T19:26:16.9446852Z hint:
2026-04-28T19:26:16.9460465Z hint: Names commonly chosen instead of 'master' are 'main', 'trunk' and
2026-04-28T19:26:16.9465499Z hint: 'development'. The just-created branch can be renamed via this command:
2026-04-28T19:26:16.9468855Z hint:
2026-04-28T19:26:16.9470170Z hint: 	git branch -m <name>
2026-04-28T19:26:16.9471665Z hint:
2026-04-28T19:26:16.9473448Z hint: Disable this message with "git config set advice.defaultBranchName false"
2026-04-28T19:26:16.9477126Z Initialized empty Git repository in /home/runner/work/prismTask/prismTask/.git/
2026-04-28T19:26:16.9484863Z [command]/usr/bin/git remote add origin https://github.com/averycorp/prismTask
2026-04-28T19:26:16.9492963Z ##[endgroup]
2026-04-28T19:26:16.9495576Z ##[group]Disabling automatic garbage collection
2026-04-28T19:26:16.9497751Z [command]/usr/bin/git config --local gc.auto 0
2026-04-28T19:26:16.9530731Z ##[endgroup]
2026-04-28T19:26:16.9532083Z ##[group]Setting up auth
2026-04-28T19:26:16.9537275Z [command]/usr/bin/git config --local --name-only --get-regexp core\.sshCommand
2026-04-28T19:26:16.9572532Z [command]/usr/bin/git submodule foreach --recursive sh -c "git config --local --name-only --get-regexp 'core\.sshCommand' && git config --local --unset-all 'core.sshCommand' || :"
2026-04-28T19:26:16.9936090Z [command]/usr/bin/git config --local --name-only --get-regexp http\.https\:\/\/github\.com\/\.extraheader
2026-04-28T19:26:16.9969023Z [command]/usr/bin/git submodule foreach --recursive sh -c "git config --local --name-only --get-regexp 'http\.https\:\/\/github\.com\/\.extraheader' && git config --local --unset-all 'http.https://github.com/.extraheader' || :"
2026-04-28T19:26:17.0181550Z [command]/usr/bin/git config --local --name-only --get-regexp ^includeIf\.gitdir:
2026-04-28T19:26:17.0213930Z [command]/usr/bin/git submodule foreach --recursive git config --local --show-origin --name-only --get-regexp remote.origin.url
2026-04-28T19:26:17.0433098Z [command]/usr/bin/git config --local http.https://github.com/.extraheader AUTHORIZATION: basic ***
2026-04-28T19:26:17.0466288Z ##[endgroup]
2026-04-28T19:26:17.0468953Z ##[group]Fetching the repository
2026-04-28T19:26:17.0479529Z [command]/usr/bin/git -c protocol.version=2 fetch --prune --no-recurse-submodules origin +refs/heads/*:refs/remotes/origin/* +refs/tags/*:refs/tags/*
2026-04-28T19:26:37.2480116Z From https://github.com/averycorp/prismTask
2026-04-28T19:26:37.2481897Z  * [new branch]        chore/fix-autofix-pat-fallback -> origin/chore/fix-autofix-pat-fallback
2026-04-28T19:26:37.2483248Z  * [new branch]        ci-logs         -> origin/ci-logs
2026-04-28T19:26:37.2484502Z  * [new branch]        feat/task-timing-firestore-sync -> origin/feat/task-timing-firestore-sync
2026-04-28T19:26:37.2485764Z  * [new branch]        feat/time-tracking-aggregator -> origin/feat/time-tracking-aggregator
2026-04-28T19:26:37.2486754Z  * [new branch]        main            -> origin/main
2026-04-28T19:26:37.2487759Z  * [new branch]        v0.1.0-legacy   -> origin/v0.1.0-legacy
2026-04-28T19:26:37.2488585Z  * [new branch]        v0.2.0-legacy   -> origin/v0.2.0-legacy
2026-04-28T19:26:37.2489348Z  * [new branch]        v0.3.0-legacy   -> origin/v0.3.0-legacy
2026-04-28T19:26:37.2490134Z  * [new branch]        v0.4.0-legacy   -> origin/v0.4.0-legacy
2026-04-28T19:26:37.2490854Z  * [new branch]        v0.5.0-legacy   -> origin/v0.5.0-legacy
2026-04-28T19:26:37.2491614Z  * [new branch]        v0.6.0-legacy   -> origin/v0.6.0-legacy
2026-04-28T19:26:37.2492312Z  * [new branch]        v0.7.0-legacy   -> origin/v0.7.0-legacy
2026-04-28T19:26:37.2492928Z  * [new tag]           v0.1.0          -> v0.1.0
2026-04-28T19:26:37.2493959Z  * [new tag]           v0.2.0          -> v0.2.0
2026-04-28T19:26:37.2494503Z  * [new tag]           v0.3.0          -> v0.3.0
2026-04-28T19:26:37.2494843Z  * [new tag]           v0.4.0          -> v0.4.0
2026-04-28T19:26:37.2495163Z  * [new tag]           v0.5.0          -> v0.5.0
2026-04-28T19:26:37.2495490Z  * [new tag]           v0.7.0          -> v0.7.0
2026-04-28T19:26:37.2495829Z  * [new tag]           v0.7.12         -> v0.7.12
2026-04-28T19:26:37.2496163Z  * [new tag]           v0.7.13         -> v0.7.13
2026-04-28T19:26:37.2496490Z  * [new tag]           v0.7.14         -> v0.7.14
2026-04-28T19:26:37.2496849Z  * [new tag]           v0.7.15         -> v0.7.15
2026-04-28T19:26:37.2497172Z  * [new tag]           v0.7.16         -> v0.7.16
2026-04-28T19:26:37.2497835Z  * [new tag]           v0.7.17         -> v0.7.17
2026-04-28T19:26:37.2498195Z  * [new tag]           v0.7.17-build.2 -> v0.7.17-build.2
2026-04-28T19:26:37.2498574Z  * [new tag]           v0.7.17-build.3 -> v0.7.17-build.3
2026-04-28T19:26:37.2498932Z  * [new tag]           v0.7.17-build.4 -> v0.7.17-build.4
2026-04-28T19:26:37.2499287Z  * [new tag]           v0.7.17-build.5 -> v0.7.17-build.5
2026-04-28T19:26:37.2499715Z  * [new tag]           v0.7.17-build.6 -> v0.7.17-build.6
2026-04-28T19:26:37.2500104Z  * [new tag]           v0.7.17-build.7 -> v0.7.17-build.7
2026-04-28T19:26:37.2500449Z  * [new tag]           v0.7.17-build.8 -> v0.7.17-build.8
2026-04-28T19:26:37.2500793Z  * [new tag]           v0.7.17-build.9 -> v0.7.17-build.9
2026-04-28T19:26:37.2501124Z  * [new tag]           v0.7.18         -> v0.7.18
2026-04-28T19:26:37.2501458Z  * [new tag]           v0.7.18-build.2 -> v0.7.18-build.2
2026-04-28T19:26:37.2501803Z  * [new tag]           v0.7.18-build.3 -> v0.7.18-build.3
2026-04-28T19:26:37.2502144Z  * [new tag]           v0.7.18-build.4 -> v0.7.18-build.4
2026-04-28T19:26:37.2502471Z  * [new tag]           v0.7.19         -> v0.7.19
2026-04-28T19:26:37.2502810Z  * [new tag]           v0.7.19-build.2 -> v0.7.19-build.2
2026-04-28T19:26:37.2503322Z  * [new tag]           v0.7.20         -> v0.7.20
2026-04-28T19:26:37.2503666Z  * [new tag]           v0.7.20-build.2 -> v0.7.20-build.2
2026-04-28T19:26:37.2504003Z  * [new tag]           v0.7.20-build.3 -> v0.7.20-build.3
2026-04-28T19:26:37.2504341Z  * [new tag]           v0.7.20-build.4 -> v0.7.20-build.4
2026-04-28T19:26:37.2504666Z  * [new tag]           v0.8.0          -> v0.8.0
2026-04-28T19:26:37.2505003Z  * [new tag]           v0.8.0-build.2  -> v0.8.0-build.2
2026-04-28T19:26:37.2505333Z  * [new tag]           v0.8.1          -> v0.8.1
2026-04-28T19:26:37.2505644Z  * [new tag]           v0.8.10         -> v0.8.10
2026-04-28T19:26:37.2505962Z  * [new tag]           v0.8.11         -> v0.8.11
2026-04-28T19:26:37.2506277Z  * [new tag]           v0.8.12         -> v0.8.12
2026-04-28T19:26:37.2506592Z  * [new tag]           v0.8.13         -> v0.8.13
2026-04-28T19:26:37.2506902Z  * [new tag]           v0.8.14         -> v0.8.14
2026-04-28T19:26:37.2507253Z  * [new tag]           v0.8.15         -> v0.8.15
2026-04-28T19:26:37.2507833Z  * [new tag]           v0.8.2          -> v0.8.2
2026-04-28T19:26:37.2508150Z  * [new tag]           v0.8.3          -> v0.8.3
2026-04-28T19:26:37.2508462Z  * [new tag]           v0.8.4          -> v0.8.4
2026-04-28T19:26:37.2508776Z  * [new tag]           v0.8.5          -> v0.8.5
2026-04-28T19:26:37.2509082Z  * [new tag]           v0.8.6          -> v0.8.6
2026-04-28T19:26:37.2509394Z  * [new tag]           v0.8.7          -> v0.8.7
2026-04-28T19:26:37.2509705Z  * [new tag]           v0.8.8          -> v0.8.8
2026-04-28T19:26:37.2510008Z  * [new tag]           v0.8.9          -> v0.8.9
2026-04-28T19:26:37.2510328Z  * [new tag]           v0.9.1          -> v0.9.1
2026-04-28T19:26:37.2510637Z  * [new tag]           v0.9.2          -> v0.9.2
2026-04-28T19:26:37.2510953Z  * [new tag]           v1.0.1          -> v1.0.1
2026-04-28T19:26:37.2511289Z  * [new tag]           v1.0.10         -> v1.0.10
2026-04-28T19:26:37.2511756Z  * [new tag]           v1.0.11         -> v1.0.11
2026-04-28T19:26:37.2512105Z  * [new tag]           v1.0.12         -> v1.0.12
2026-04-28T19:26:37.2512461Z  * [new tag]           v1.0.13         -> v1.0.13
2026-04-28T19:26:37.2512781Z  * [new tag]           v1.0.2          -> v1.0.2
2026-04-28T19:26:37.2513097Z  * [new tag]           v1.0.3          -> v1.0.3
2026-04-28T19:26:37.2513411Z  * [new tag]           v1.0.4          -> v1.0.4
2026-04-28T19:26:37.2513720Z  * [new tag]           v1.0.5          -> v1.0.5
2026-04-28T19:26:37.2514037Z  * [new tag]           v1.0.6          -> v1.0.6
2026-04-28T19:26:37.2514349Z  * [new tag]           v1.0.7          -> v1.0.7
2026-04-28T19:26:37.2514653Z  * [new tag]           v1.0.8          -> v1.0.8
2026-04-28T19:26:37.2514961Z  * [new tag]           v1.0.9          -> v1.0.9
2026-04-28T19:26:37.2515274Z  * [new tag]           v1.1.1          -> v1.1.1
2026-04-28T19:26:37.2515609Z  * [new tag]           v1.1.1-build.2  -> v1.1.1-build.2
2026-04-28T19:26:37.2515974Z  * [new tag]           v1.1.1-build.3  -> v1.1.1-build.3
2026-04-28T19:26:37.2516334Z  * [new tag]           v1.1.1-build.4  -> v1.1.1-build.4
2026-04-28T19:26:37.2516696Z  * [new tag]           v1.1.10         -> v1.1.10
2026-04-28T19:26:37.2517058Z  * [new tag]           v1.1.11         -> v1.1.11
2026-04-28T19:26:37.2517667Z  * [new tag]           v1.1.12         -> v1.1.12
2026-04-28T19:26:37.2518034Z  * [new tag]           v1.1.2          -> v1.1.2
2026-04-28T19:26:37.2518380Z  * [new tag]           v1.1.3          -> v1.1.3
2026-04-28T19:26:37.2518723Z  * [new tag]           v1.1.4          -> v1.1.4
2026-04-28T19:26:37.2519063Z  * [new tag]           v1.1.5          -> v1.1.5
2026-04-28T19:26:37.2519402Z  * [new tag]           v1.1.6          -> v1.1.6
2026-04-28T19:26:37.2519745Z  * [new tag]           v1.1.7          -> v1.1.7
2026-04-28T19:26:37.2520091Z  * [new tag]           v1.1.8          -> v1.1.8
2026-04-28T19:26:37.2520431Z  * [new tag]           v1.1.9          -> v1.1.9
2026-04-28T19:26:37.2520784Z  * [new tag]           v1.3.0          -> v1.3.0
2026-04-28T19:26:37.2521277Z  * [new tag]           v1.3.1          -> v1.3.1
2026-04-28T19:26:37.2521635Z  * [new tag]           v1.3.10         -> v1.3.10
2026-04-28T19:26:37.2521994Z  * [new tag]           v1.3.11         -> v1.3.11
2026-04-28T19:26:37.2522373Z  * [new tag]           v1.3.11-build.2 -> v1.3.11-build.2
2026-04-28T19:26:37.2522739Z  * [new tag]           v1.3.12         -> v1.3.12
2026-04-28T19:26:37.2523092Z  * [new tag]           v1.3.13         -> v1.3.13
2026-04-28T19:26:37.2523464Z  * [new tag]           v1.3.13-build.2 -> v1.3.13-build.2
2026-04-28T19:26:37.2523828Z  * [new tag]           v1.3.14         -> v1.3.14
2026-04-28T19:26:37.2524178Z  * [new tag]           v1.3.15         -> v1.3.15
2026-04-28T19:26:37.2524526Z  * [new tag]           v1.3.16         -> v1.3.16
2026-04-28T19:26:37.2524872Z  * [new tag]           v1.3.17         -> v1.3.17
2026-04-28T19:26:37.2525212Z  * [new tag]           v1.3.18         -> v1.3.18
2026-04-28T19:26:37.2525571Z  * [new tag]           v1.3.19         -> v1.3.19
2026-04-28T19:26:37.2525922Z  * [new tag]           v1.3.2          -> v1.3.2
2026-04-28T19:26:37.2526265Z  * [new tag]           v1.3.20         -> v1.3.20
2026-04-28T19:26:37.2526611Z  * [new tag]           v1.3.21         -> v1.3.21
2026-04-28T19:26:37.2526961Z  * [new tag]           v1.3.22         -> v1.3.22
2026-04-28T19:26:37.2527304Z  * [new tag]           v1.3.23         -> v1.3.23
2026-04-28T19:26:37.2527868Z  * [new tag]           v1.3.24         -> v1.3.24
2026-04-28T19:26:37.2528217Z  * [new tag]           v1.3.25         -> v1.3.25
2026-04-28T19:26:37.2528567Z  * [new tag]           v1.3.26         -> v1.3.26
2026-04-28T19:26:37.2528933Z  * [new tag]           v1.3.27         -> v1.3.27
2026-04-28T19:26:37.2529286Z  * [new tag]           v1.3.28         -> v1.3.28
2026-04-28T19:26:37.2529627Z  * [new tag]           v1.3.29         -> v1.3.29
2026-04-28T19:26:37.2529978Z  * [new tag]           v1.3.3          -> v1.3.3
2026-04-28T19:26:37.2530489Z  * [new tag]           v1.3.30         -> v1.3.30
2026-04-28T19:26:37.2530840Z  * [new tag]           v1.3.31         -> v1.3.31
2026-04-28T19:26:37.2531182Z  * [new tag]           v1.3.32         -> v1.3.32
2026-04-28T19:26:37.2531577Z  * [new tag]           v1.3.33         -> v1.3.33
2026-04-28T19:26:37.2531930Z  * [new tag]           v1.3.34         -> v1.3.34
2026-04-28T19:26:37.2532271Z  * [new tag]           v1.3.35         -> v1.3.35
2026-04-28T19:26:37.2532620Z  * [new tag]           v1.3.36         -> v1.3.36
2026-04-28T19:26:37.2533012Z  * [new tag]           v1.3.37         -> v1.3.37
2026-04-28T19:26:37.2533367Z  * [new tag]           v1.3.38         -> v1.3.38
2026-04-28T19:26:37.2533708Z  * [new tag]           v1.3.39         -> v1.3.39
2026-04-28T19:26:37.2534054Z  * [new tag]           v1.3.4          -> v1.3.4
2026-04-28T19:26:37.2534409Z  * [new tag]           v1.3.40         -> v1.3.40
2026-04-28T19:26:37.2534752Z  * [new tag]           v1.3.41         -> v1.3.41
2026-04-28T19:26:37.2535115Z  * [new tag]           v1.3.42         -> v1.3.42
2026-04-28T19:26:37.2535460Z  * [new tag]           v1.3.43         -> v1.3.43
2026-04-28T19:26:37.2535801Z  * [new tag]           v1.3.44         -> v1.3.44
2026-04-28T19:26:37.2536149Z  * [new tag]           v1.3.45         -> v1.3.45
2026-04-28T19:26:37.2536497Z  * [new tag]           v1.3.46         -> v1.3.46
2026-04-28T19:26:37.2536839Z  * [new tag]           v1.3.47         -> v1.3.47
2026-04-28T19:26:37.2537181Z  * [new tag]           v1.3.48         -> v1.3.48
2026-04-28T19:26:37.2537774Z  * [new tag]           v1.3.49         -> v1.3.49
2026-04-28T19:26:37.2602575Z  * [new tag]           v1.3.5          -> v1.3.5
2026-04-28T19:26:37.2603126Z  * [new tag]           v1.3.5-build.2  -> v1.3.5-build.2
2026-04-28T19:26:37.2603579Z  * [new tag]           v1.3.50         -> v1.3.50
2026-04-28T19:26:37.2603998Z  * [new tag]           v1.3.51         -> v1.3.51
2026-04-28T19:26:37.2604421Z  * [new tag]           v1.3.52         -> v1.3.52
2026-04-28T19:26:37.2605027Z  * [new tag]           v1.3.53         -> v1.3.53
2026-04-28T19:26:37.2605404Z  * [new tag]           v1.3.54         -> v1.3.54
2026-04-28T19:26:37.2605773Z  * [new tag]           v1.3.55         -> v1.3.55
2026-04-28T19:26:37.2606133Z  * [new tag]           v1.3.56         -> v1.3.56
2026-04-28T19:26:37.2606481Z  * [new tag]           v1.3.57         -> v1.3.57
2026-04-28T19:26:37.2606831Z  * [new tag]           v1.3.58         -> v1.3.58
2026-04-28T19:26:37.2607177Z  * [new tag]           v1.3.59         -> v1.3.59
2026-04-28T19:26:37.2607674Z  * [new tag]           v1.3.6          -> v1.3.6
2026-04-28T19:26:37.2608031Z  * [new tag]           v1.3.60         -> v1.3.60
2026-04-28T19:26:37.2608374Z  * [new tag]           v1.3.61         -> v1.3.61
2026-04-28T19:26:37.2608719Z  * [new tag]           v1.3.62         -> v1.3.62
2026-04-28T19:26:37.2609065Z  * [new tag]           v1.3.7          -> v1.3.7
2026-04-28T19:26:37.2609447Z  * [new tag]           v1.3.8          -> v1.3.8
2026-04-28T19:26:37.2609796Z  * [new tag]           v1.3.9          -> v1.3.9
2026-04-28T19:26:37.2610147Z  * [new tag]           v1.4.40         -> v1.4.40
2026-04-28T19:26:37.2610502Z  * [new tag]           v1.5.0          -> v1.5.0
2026-04-28T19:26:37.2610849Z  * [new tag]           v1.5.2          -> v1.5.2
2026-04-28T19:26:37.2611186Z  * [new tag]           v1.5.3          -> v1.5.3
2026-04-28T19:26:37.2611533Z  * [new tag]           v1.6.0          -> v1.6.0
2026-04-28T19:26:37.2611883Z  * [new tag]           v1.7.0          -> v1.7.0
2026-04-28T19:26:37.2612226Z  * [new tag]           v1.7.37         -> v1.7.37
2026-04-28T19:26:37.2612576Z  * [new tag]           v1.7.38         -> v1.7.38
2026-04-28T19:26:37.2612919Z  * [new tag]           v1.7.39         -> v1.7.39
2026-04-28T19:26:37.2613262Z  * [new tag]           v1.7.40         -> v1.7.40
2026-04-28T19:26:37.2613608Z  * [new tag]           v1.7.41         -> v1.7.41
2026-04-28T19:26:37.2613952Z  * [new tag]           v1.7.42         -> v1.7.42
2026-04-28T19:26:37.2614446Z  * [new tag]           v1.7.43         -> v1.7.43
2026-04-28T19:26:37.2614794Z  * [new tag]           v1.7.44         -> v1.7.44
2026-04-28T19:26:37.2615134Z  * [new tag]           v1.7.45         -> v1.7.45
2026-04-28T19:26:37.2615468Z  * [new tag]           v1.7.46         -> v1.7.46
2026-04-28T19:26:37.2615811Z  * [new tag]           v1.7.47         -> v1.7.47
2026-04-28T19:26:37.2616154Z  * [new tag]           v1.7.48         -> v1.7.48
2026-04-28T19:26:37.2616498Z  * [new tag]           v1.7.49         -> v1.7.49
2026-04-28T19:26:37.2616834Z  * [new tag]           v1.7.50         -> v1.7.50
2026-04-28T19:26:37.2617178Z  * [new tag]           v1.7.51         -> v1.7.51
2026-04-28T19:26:37.2617753Z  * [new tag]           v1.7.52         -> v1.7.52
2026-04-28T19:26:37.2618103Z  * [new tag]           v1.7.53         -> v1.7.53
2026-04-28T19:26:37.2618447Z  * [new tag]           v1.7.54         -> v1.7.54
2026-04-28T19:26:37.2618789Z  * [new tag]           v1.7.55         -> v1.7.55
2026-04-28T19:26:37.2619142Z  * [new tag]           v1.7.56         -> v1.7.56
2026-04-28T19:26:37.2619488Z  * [new tag]           v1.7.57         -> v1.7.57
2026-04-28T19:26:37.2619835Z  * [new tag]           v1.7.58         -> v1.7.58
2026-04-28T19:26:37.2620175Z  * [new tag]           v1.7.59         -> v1.7.59
2026-04-28T19:26:37.2620527Z  * [new tag]           v1.7.60         -> v1.7.60
2026-04-28T19:26:37.2620871Z  * [new tag]           v1.7.61         -> v1.7.61
2026-04-28T19:26:37.2621212Z  * [new tag]           v1.7.62         -> v1.7.62
2026-04-28T19:26:37.2621556Z  * [new tag]           v1.7.63         -> v1.7.63
2026-04-28T19:26:37.2621899Z  * [new tag]           v1.7.64         -> v1.7.64
2026-04-28T19:26:37.2622244Z  * [new tag]           v1.7.65         -> v1.7.65
2026-04-28T19:26:37.2622584Z  * [new tag]           v1.7.66         -> v1.7.66
2026-04-28T19:26:37.2622973Z  * [new tag]           v1.7.67         -> v1.7.67
2026-04-28T19:26:37.2623355Z  * [new tag]           v1.7.68         -> v1.7.68
2026-04-28T19:26:37.2623913Z  * [new tag]           v1.7.69         -> v1.7.69
2026-04-28T19:26:37.2624296Z  * [new tag]           v1.7.70         -> v1.7.70
2026-04-28T19:26:37.2624636Z  * [new tag]           v1.7.71         -> v1.7.71
2026-04-28T19:26:37.2624982Z  * [new tag]           v1.7.72         -> v1.7.72
2026-04-28T19:26:37.2625329Z  * [new tag]           v1.7.73         -> v1.7.73
2026-04-28T19:26:37.2625667Z  * [new tag]           v1.7.74         -> v1.7.74
2026-04-28T19:26:37.2626012Z  * [new tag]           v1.7.75         -> v1.7.75
2026-04-28T19:26:37.2626359Z  * [new tag]           v1.7.76         -> v1.7.76
2026-04-28T19:26:37.2626694Z  * [new tag]           v1.7.77         -> v1.7.77
2026-04-28T19:26:37.2627037Z  * [new tag]           v1.7.78         -> v1.7.78
2026-04-28T19:26:37.2627512Z  * [new tag]           v1.7.79         -> v1.7.79
2026-04-28T19:26:37.2627857Z  * [new tag]           v1.7.80         -> v1.7.80
2026-04-28T19:26:37.2628211Z  * [new tag]           v1.7.81         -> v1.7.81
2026-04-28T19:26:37.2628561Z  * [new tag]           v1.7.82         -> v1.7.82
2026-04-28T19:26:37.2628901Z  * [new tag]           v1.7.83         -> v1.7.83
2026-04-28T19:26:37.2742264Z ##[endgroup]
2026-04-28T19:26:37.2743045Z ##[group]Determining the checkout info
2026-04-28T19:26:37.2748014Z [command]/usr/bin/git branch --list --remote origin/chore/fix-autofix-pat-fallback
2026-04-28T19:26:37.2776025Z   origin/chore/fix-autofix-pat-fallback
2026-04-28T19:26:37.2782136Z ##[endgroup]
2026-04-28T19:26:37.2786829Z [command]/usr/bin/git sparse-checkout disable
2026-04-28T19:26:37.2832203Z [command]/usr/bin/git config --local --unset-all extensions.worktreeConfig
2026-04-28T19:26:37.2859275Z ##[group]Checking out the ref
2026-04-28T19:26:37.2864021Z [command]/usr/bin/git checkout --progress --force -B chore/fix-autofix-pat-fallback refs/remotes/origin/chore/fix-autofix-pat-fallback
2026-04-28T19:26:37.5358186Z Switched to a new branch 'chore/fix-autofix-pat-fallback'
2026-04-28T19:26:37.5360070Z branch 'chore/fix-autofix-pat-fallback' set up to track 'origin/chore/fix-autofix-pat-fallback'.
2026-04-28T19:26:37.5390762Z ##[endgroup]
2026-04-28T19:26:37.5440298Z [command]/usr/bin/git log -1 --format=%H
2026-04-28T19:26:37.5464371Z 8d415a2bc99be4837507993fe6fa3b9174b423bd
2026-04-28T19:26:37.5662081Z ##[group]Run dorny/paths-filter@v3
2026-04-28T19:26:37.5662409Z with:
2026-04-28T19:26:37.5663147Z   filters: android:
  - 'app/**'
  - 'gradlew'
  - 'gradlew.bat'
  - 'gradle/**'
  - 'build.gradle.kts'
  - 'settings.gradle.kts'
  - '.github/workflows/android-ci.yml'
  - '.github/actions/setup-android/**'

2026-04-28T19:26:37.5664078Z   token: ***
2026-04-28T19:26:37.5664300Z   list-files: none
2026-04-28T19:26:37.5664533Z   initial-fetch-depth: 100
2026-04-28T19:26:37.5664808Z   predicate-quantifier: some
2026-04-28T19:26:37.5665069Z ##[endgroup]
2026-04-28T19:26:37.6593756Z ##[group]Fetching list of changed files for PR#916 from Github API
2026-04-28T19:26:37.6604008Z Invoking listFiles(pull_number: 916, per_page: 100)
2026-04-28T19:26:38.0864780Z Received 1 items
2026-04-28T19:26:38.0865361Z [modified] .github/workflows/android-ci.yml
2026-04-28T19:26:38.0866337Z ##[endgroup]
2026-04-28T19:26:38.0866679Z Detected 1 changed files
2026-04-28T19:26:38.0870163Z Results:
2026-04-28T19:26:38.0870898Z ##[group]Filter android = true
2026-04-28T19:26:38.0871454Z Matching files:
2026-04-28T19:26:38.0871903Z .github/workflows/android-ci.yml [modified]
2026-04-28T19:26:38.0881877Z ##[endgroup]
2026-04-28T19:26:38.0882486Z Changes output set to ["android"]
2026-04-28T19:26:38.1651531Z Prepare all required actions
2026-04-28T19:26:38.1651998Z Getting action download info
2026-04-28T19:26:38.3910828Z Download action repository 'actions/setup-java@v4' (SHA:c1e323688fd81a25caa38c78aa6df2d33d3e20d9)
2026-04-28T19:26:39.6217756Z Download action repository 'gradle/actions@v4' (SHA:ed408507eac070d1f99cc633dbcf757c94c7933a)
2026-04-28T19:26:41.6032635Z ##[group]Run ./.github/actions/setup-android
2026-04-28T19:26:41.6032954Z ##[endgroup]
2026-04-28T19:26:41.6167027Z ##[group]Run actions/setup-java@v4
2026-04-28T19:26:41.6167282Z with:
2026-04-28T19:26:41.6167671Z   java-version: 21
2026-04-28T19:26:41.6167870Z   distribution: temurin
2026-04-28T19:26:41.6168089Z   java-package: jdk
2026-04-28T19:26:41.6168294Z   check-latest: false
2026-04-28T19:26:41.6168492Z   server-id: github
2026-04-28T19:26:41.6168703Z   server-username: GITHUB_ACTOR
2026-04-28T19:26:41.6168955Z   server-password: GITHUB_TOKEN
2026-04-28T19:26:41.6169192Z   overwrite-settings: true
2026-04-28T19:26:41.6169461Z   job-status: success
2026-04-28T19:26:41.6169798Z   token: ***
2026-04-28T19:26:41.6169977Z ##[endgroup]
2026-04-28T19:26:41.8379600Z ##[group]Installed distributions
2026-04-28T19:26:41.8744400Z Resolved Java 21.0.11+10 from tool-cache
2026-04-28T19:26:41.8745493Z Setting Java 21.0.11+10 as the default
2026-04-28T19:26:41.8758952Z Creating toolchains.xml for JDK version 21 from temurin
2026-04-28T19:26:41.8834889Z Writing to /home/runner/.m2/toolchains.xml
2026-04-28T19:26:41.8835361Z 
2026-04-28T19:26:41.8835555Z Java configuration:
2026-04-28T19:26:41.8837119Z   Distribution: temurin
2026-04-28T19:26:41.8837932Z   Version: 21.0.11+10
2026-04-28T19:26:41.8838901Z   Path: /opt/hostedtoolcache/Java_Temurin-Hotspot_jdk/21.0.11-10/x64
2026-04-28T19:26:41.8839603Z 
2026-04-28T19:26:41.8840199Z ##[endgroup]
2026-04-28T19:26:41.8855347Z Creating settings.xml with server-id: github
2026-04-28T19:26:41.8863149Z Writing to /home/runner/.m2/settings.xml
2026-04-28T19:26:41.9055671Z ##[group]Run gradle/actions/setup-gradle@v4
2026-04-28T19:26:41.9055945Z with:
2026-04-28T19:26:41.9056128Z   cache-disabled: false
2026-04-28T19:26:41.9056338Z   cache-read-only: true
2026-04-28T19:26:41.9056541Z   cache-write-only: false
2026-04-28T19:26:41.9056773Z   cache-overwrite-existing: false
2026-04-28T19:26:41.9057021Z   cache-cleanup: on-success
2026-04-28T19:26:41.9057283Z   gradle-home-cache-includes: caches
notifications

2026-04-28T19:26:41.9058232Z   add-job-summary: always
2026-04-28T19:26:41.9058485Z   add-job-summary-as-pr-comment: never
2026-04-28T19:26:41.9058749Z   dependency-graph: disabled
2026-04-28T19:26:41.9059046Z   dependency-graph-report-dir: dependency-graph-reports
2026-04-28T19:26:41.9059392Z   dependency-graph-continue-on-failure: true
2026-04-28T19:26:41.9059676Z   build-scan-publish: false
2026-04-28T19:26:41.9059907Z   validate-wrappers: true
2026-04-28T19:26:41.9060139Z   allow-snapshot-wrappers: false
2026-04-28T19:26:41.9060399Z   gradle-home-cache-strict-match: false
2026-04-28T19:26:41.9060667Z   workflow-job-context: null
2026-04-28T19:26:41.9061037Z   github-token: ***
2026-04-28T19:26:41.9061245Z env:
2026-04-28T19:26:41.9061529Z   JAVA_HOME: /opt/hostedtoolcache/Java_Temurin-Hotspot_jdk/21.0.11-10/x64
2026-04-28T19:26:41.9061997Z   JAVA_HOME_21_X64: /opt/hostedtoolcache/Java_Temurin-Hotspot_jdk/21.0.11-10/x64
2026-04-28T19:26:41.9062357Z ##[endgroup]
2026-04-28T19:26:44.3511425Z Merged default JDK locations into /home/runner/.m2/toolchains.xml
2026-04-28T19:26:44.3514211Z ##[group]Restore Gradle state from cache
2026-04-28T19:26:44.6171667Z Cache hit for restore-key: gradle-home-v1|Linux-X64|cross-device-tests[1e7216165ffdcf45b9a4b7e3077585ac]-c03ca3fc35b5c619a5d268435132e6d85c494392
2026-04-28T19:26:45.8488535Z Received 20971520 of 93052586 (22.5%), 20.0 MBs/sec
2026-04-28T19:26:46.3960615Z Received 93052586 of 93052586 (100.0%), 57.3 MBs/sec
2026-04-28T19:26:46.3964480Z Cache Size: ~89 MB (93052586 B)
2026-04-28T19:26:46.4084254Z [command]/usr/bin/tar -xf /home/runner/work/_temp/33cbd76c-6590-4e17-a280-ea155e0034ca/cache.tzst -P -C /home/runner/work/prismTask/prismTask --use-compress-program unzstd
2026-04-28T19:26:46.7356733Z Cache restored successfully
2026-04-28T19:26:46.7401907Z Restored cache entry with key gradle-home-v1|Linux-X64|autofix[5df42585ae8f8da228c604b8b4e8707c]-2ae00b1f09540015da51a5416e4a55e188d97e1c to /home/runner/.gradle/caches,/home/runner/.gradle/notifications,/home/runner/.gradle/.setup-gradle in 2387ms
2026-04-28T19:26:46.9687881Z Cache hit for: gradle-transforms-v1-59530f88f84df12a66e5d01c1635eb26
2026-04-28T19:26:46.9751487Z Cache hit for: gradle-groovy-dsl-v1-a2be308ca050944a7526b1df38768e4f
2026-04-28T19:26:46.9755955Z Cache hit for: gradle-generated-gradle-jars-v1-cb4b032a7d08b9bf1e84e9eacaebcc29
2026-04-28T19:26:46.9880374Z Cache hit for: gradle-kotlin-dsl-v1-be32afd08d5a4da1da20fa31be95faf1
2026-04-28T19:26:46.9917092Z Cache hit for: gradle-wrapper-zips-v1-8c0de4c6bda6041d6e054bf825a89c98
2026-04-28T19:26:47.0008192Z Cache hit for: gradle-dependencies-v1-e0fc4029e4470cca68ede5c2db44de20
2026-04-28T19:26:47.0053785Z Cache hit for: gradle-instrumented-jars-v1-467f547261b68313cff30b50be0be940
2026-04-28T19:26:47.5709698Z Received 110183 of 110183 (100.0%), 0.3 MBs/sec
2026-04-28T19:26:47.5711509Z Cache Size: ~0 MB (110183 B)
2026-04-28T19:26:47.5743218Z [command]/usr/bin/tar -xf /home/runner/work/_temp/c4902d10-8a77-4e2d-8065-a024f09337d7/cache.tzst -P -C /home/runner/work/prismTask/prismTask --use-compress-program unzstd
2026-04-28T19:26:47.5986613Z Cache restored successfully
2026-04-28T19:26:47.5988280Z Restored cache entry with key gradle-groovy-dsl-v1-a2be308ca050944a7526b1df38768e4f to /home/runner/.gradle/caches/*/groovy-dsl/*/ in 855ms
2026-04-28T19:26:47.6403701Z Received 131579 of 131579 (100.0%), 0.3 MBs/sec
2026-04-28T19:26:47.6404239Z Cache Size: ~0 MB (131579 B)
2026-04-28T19:26:47.6472551Z Received 64885 of 64885 (100.0%), 0.2 MBs/sec
2026-04-28T19:26:47.6497689Z Cache Size: ~0 MB (64885 B)
2026-04-28T19:26:47.6558207Z [command]/usr/bin/tar -xf /home/runner/work/_temp/0ca734e6-cc2e-49d6-9e23-d2576327a19b/cache.tzst -P -C /home/runner/work/prismTask/prismTask --use-compress-program unzstd
2026-04-28T19:26:47.6624875Z [command]/usr/bin/tar -xf /home/runner/work/_temp/d8711cca-8cc7-43d8-9539-661cf7753f27/cache.tzst -P -C /home/runner/work/prismTask/prismTask --use-compress-program unzstd
2026-04-28T19:26:47.6939073Z Cache restored successfully
2026-04-28T19:26:47.6940307Z Restored cache entry with key gradle-instrumented-jars-v1-467f547261b68313cff30b50be0be940 to /home/runner/.gradle/caches/jars-*/*/ in 950ms
2026-04-28T19:26:47.7232469Z Cache restored successfully
2026-04-28T19:26:47.7234845Z Restored cache entry with key gradle-kotlin-dsl-v1-be32afd08d5a4da1da20fa31be95faf1 to /home/runner/.gradle/caches/*/kotlin-dsl/accessors/*/,/home/runner/.gradle/caches/*/kotlin-dsl/scripts/*/ in 980ms
2026-04-28T19:26:48.2002070Z Received 16777216 of 136352669 (12.3%), 16.0 MBs/sec
2026-04-28T19:26:48.2210656Z Received 20971520 of 259980602 (8.1%), 20.0 MBs/sec
2026-04-28T19:26:48.2383611Z Received 16777216 of 453712297 (3.7%), 16.0 MBs/sec
2026-04-28T19:26:48.2589032Z Received 12582912 of 41993404 (30.0%), 12.0 MBs/sec
2026-04-28T19:26:48.5160956Z Received 41993404 of 41993404 (100.0%), 31.9 MBs/sec
2026-04-28T19:26:48.5163605Z Cache Size: ~40 MB (41993404 B)
2026-04-28T19:26:48.5949207Z [command]/usr/bin/tar -xf /home/runner/work/_temp/a2000640-f364-4df4-a74e-e908eeab600d/cache.tzst -P -C /home/runner/work/prismTask/prismTask --use-compress-program unzstd
2026-04-28T19:26:48.9329026Z Cache restored successfully
2026-04-28T19:26:48.9392336Z Restored cache entry with key gradle-generated-gradle-jars-v1-cb4b032a7d08b9bf1e84e9eacaebcc29 to /home/runner/.gradle/caches/9.3.1/generated-gradle-jars/gradle-api-9.3.1.jar in 2197ms
2026-04-28T19:26:49.2024925Z Received 109051904 of 136352669 (80.0%), 52.0 MBs/sec
2026-04-28T19:26:49.2214731Z Received 134217728 of 259980602 (51.6%), 64.0 MBs/sec
2026-04-28T19:26:49.2386636Z Received 117440512 of 453712297 (25.9%), 56.0 MBs/sec
2026-04-28T19:26:49.6803156Z Received 136352669 of 136352669 (100.0%), 52.5 MBs/sec
2026-04-28T19:26:49.6803600Z Cache Size: ~130 MB (136352669 B)
2026-04-28T19:26:49.6931693Z [command]/usr/bin/tar -xf /home/runner/work/_temp/b82d56e3-1285-41b5-a6f6-e5dd2425693a/cache.tzst -P -C /home/runner/work/prismTask/prismTask --use-compress-program unzstd
2026-04-28T19:26:49.9511037Z Cache restored successfully
2026-04-28T19:26:49.9638009Z Restored cache entry with key gradle-wrapper-zips-v1-8c0de4c6bda6041d6e054bf825a89c98 to /home/runner/.gradle/wrapper/dists/gradle-9.3.1-bin/23ovyewtku6u96viwx3xl3oks in 3220ms
2026-04-28T19:26:50.2212515Z Received 255786298 of 259980602 (98.4%), 81.3 MBs/sec
2026-04-28T19:26:50.2381961Z Received 243269632 of 453712297 (53.6%), 77.3 MBs/sec
2026-04-28T19:26:50.3323328Z Received 259980602 of 259980602 (100.0%), 79.7 MBs/sec
2026-04-28T19:26:50.3324011Z Cache Size: ~248 MB (259980602 B)
2026-04-28T19:26:50.3561386Z [command]/usr/bin/tar -xf /home/runner/work/_temp/a6df81b2-dbfb-4743-ba59-7d72a4a6a9cc/cache.tzst -P -C /home/runner/work/prismTask/prismTask --use-compress-program unzstd
2026-04-28T19:26:51.2407842Z Received 381681664 of 453712297 (84.1%), 91.0 MBs/sec
2026-04-28T19:26:51.8526824Z Received 453712297 of 453712297 (100.0%), 93.8 MBs/sec
2026-04-28T19:26:51.8541162Z Cache Size: ~433 MB (453712297 B)
2026-04-28T19:26:51.8572505Z [command]/usr/bin/tar -xf /home/runner/work/_temp/d48cf051-406d-4a7b-8cca-a480bec5533d/cache.tzst -P -C /home/runner/work/prismTask/prismTask --use-compress-program unzstd
2026-04-28T19:26:53.4328904Z Cache restored successfully
2026-04-28T19:26:53.4563260Z Restored cache entry with key gradle-dependencies-v1-e0fc4029e4470cca68ede5c2db44de20 to /home/runner/.gradle/caches/modules-*/files-*/*/*/*/* in 6714ms
2026-04-28T19:26:53.7658372Z Cache restored successfully
2026-04-28T19:26:53.9131902Z Restored cache entry with key gradle-transforms-v1-59530f88f84df12a66e5d01c1635eb26 to /home/runner/.gradle/caches/transforms-4/*/,/home/runner/.gradle/caches/*/transforms/*/ in 7169ms
2026-04-28T19:26:53.9210631Z ##[endgroup]
2026-04-28T19:26:53.9575721Z ##[group]All Gradle Wrapper jars are valid
2026-04-28T19:26:53.9577211Z ✓ Found known Gradle Wrapper JAR files:
2026-04-28T19:26:53.9578447Z   b3a875ddc1f044746e1b1a55f645584505f4a10438c1afea9f15e92a7c42ec13 gradle/wrapper/gradle-wrapper.jar
2026-04-28T19:26:53.9580080Z ##[endgroup]
2026-04-28T19:26:53.9742750Z ##[group]Run chmod +x gradlew
2026-04-28T19:26:53.9743361Z [36;1mchmod +x gradlew[0m
2026-04-28T19:26:53.9867265Z shell: /usr/bin/bash --noprofile --norc -e -o pipefail {0}
2026-04-28T19:26:53.9868142Z env:
2026-04-28T19:26:53.9868518Z   JAVA_HOME: /opt/hostedtoolcache/Java_Temurin-Hotspot_jdk/21.0.11-10/x64
2026-04-28T19:26:53.9869090Z   JAVA_HOME_21_X64: /opt/hostedtoolcache/Java_Temurin-Hotspot_jdk/21.0.11-10/x64
2026-04-28T19:26:53.9869584Z   GRADLE_ACTION_ID: gradle/actions/setup-gradle
2026-04-28T19:26:53.9869947Z   GRADLE_USER_HOME: /home/runner/.gradle
2026-04-28T19:26:53.9870310Z   GRADLE_BUILD_ACTION_SETUP_COMPLETED: true
2026-04-28T19:26:53.9870656Z   GRADLE_BUILD_ACTION_CACHE_RESTORED: true
2026-04-28T19:26:53.9871158Z   DEVELOCITY_INJECTION_INIT_SCRIPT_NAME: gradle-actions.inject-develocity.init.gradle
2026-04-28T19:26:53.9871700Z   DEVELOCITY_INJECTION_CUSTOM_VALUE: gradle-actions
2026-04-28T19:26:53.9872071Z   GITHUB_DEPENDENCY_GRAPH_ENABLED: false
2026-04-28T19:26:53.9872390Z ##[endgroup]
2026-04-28T19:26:54.2783058Z ##[group]Run actions/cache@v4
2026-04-28T19:26:54.2783405Z with:
2026-04-28T19:26:54.2783634Z   path: app/build
2026-04-28T19:26:54.2784084Z   key: app-build-Linux-60f88d44dcf49cb52f506dd927e66ae62ee5a47d0db6c0c05b311f5e47cb64f0
2026-04-28T19:26:54.2784616Z   restore-keys: app-build-Linux-

2026-04-28T19:26:54.2784934Z   enableCrossOsArchive: false
2026-04-28T19:26:54.2785230Z   fail-on-cache-miss: false
2026-04-28T19:26:54.2785510Z   lookup-only: false
2026-04-28T19:26:54.2785761Z   save-always: false
2026-04-28T19:26:54.2786007Z env:
2026-04-28T19:26:54.2786350Z   JAVA_HOME: /opt/hostedtoolcache/Java_Temurin-Hotspot_jdk/21.0.11-10/x64
2026-04-28T19:26:54.2786891Z   JAVA_HOME_21_X64: /opt/hostedtoolcache/Java_Temurin-Hotspot_jdk/21.0.11-10/x64
2026-04-28T19:26:54.2787581Z   GRADLE_ACTION_ID: gradle/actions/setup-gradle
2026-04-28T19:26:54.2787961Z   GRADLE_USER_HOME: /home/runner/.gradle
2026-04-28T19:26:54.2788295Z   GRADLE_BUILD_ACTION_SETUP_COMPLETED: true
2026-04-28T19:26:54.2788666Z   GRADLE_BUILD_ACTION_CACHE_RESTORED: true
2026-04-28T19:26:54.2789149Z   DEVELOCITY_INJECTION_INIT_SCRIPT_NAME: gradle-actions.inject-develocity.init.gradle
2026-04-28T19:26:54.2789657Z   DEVELOCITY_INJECTION_CUSTOM_VALUE: gradle-actions
2026-04-28T19:26:54.2790007Z   GITHUB_DEPENDENCY_GRAPH_ENABLED: false
2026-04-28T19:26:54.2790306Z ##[endgroup]
2026-04-28T19:26:54.6342995Z Cache hit for: app-build-Linux-60f88d44dcf49cb52f506dd927e66ae62ee5a47d0db6c0c05b311f5e47cb64f0
2026-04-28T19:26:55.8836427Z Received 8388608 of 156131945 (5.4%), 8.0 MBs/sec
2026-04-28T19:26:56.8844699Z Received 135160425 of 156131945 (86.6%), 64.4 MBs/sec
2026-04-28T19:26:57.0685757Z Received 156131945 of 156131945 (100.0%), 68.2 MBs/sec
2026-04-28T19:26:57.0688803Z Cache Size: ~149 MB (156131945 B)
2026-04-28T19:26:57.0733779Z [command]/usr/bin/tar -xf /home/runner/work/_temp/4e02d2f9-f359-48b2-8851-12d9d827d119/cache.tzst -P -C /home/runner/work/prismTask/prismTask --use-compress-program unzstd
2026-04-28T19:26:59.3804149Z Cache restored successfully
2026-04-28T19:26:59.3954049Z Cache restored from key: app-build-Linux-60f88d44dcf49cb52f506dd927e66ae62ee5a47d0db6c0c05b311f5e47cb64f0
2026-04-28T19:26:59.4082023Z ##[group]Run ./gradlew ktlintFormat --continue
2026-04-28T19:26:59.4082763Z [36;1m./gradlew ktlintFormat --continue[0m
2026-04-28T19:26:59.4137069Z shell: /usr/bin/bash -e {0}
2026-04-28T19:26:59.4137579Z env:
2026-04-28T19:26:59.4137959Z   JAVA_HOME: /opt/hostedtoolcache/Java_Temurin-Hotspot_jdk/21.0.11-10/x64
2026-04-28T19:26:59.4138522Z   JAVA_HOME_21_X64: /opt/hostedtoolcache/Java_Temurin-Hotspot_jdk/21.0.11-10/x64
2026-04-28T19:26:59.4139001Z   GRADLE_ACTION_ID: gradle/actions/setup-gradle
2026-04-28T19:26:59.4139360Z   GRADLE_USER_HOME: /home/runner/.gradle
2026-04-28T19:26:59.4139686Z   GRADLE_BUILD_ACTION_SETUP_COMPLETED: true
2026-04-28T19:26:59.4140028Z   GRADLE_BUILD_ACTION_CACHE_RESTORED: true
2026-04-28T19:26:59.4140519Z   DEVELOCITY_INJECTION_INIT_SCRIPT_NAME: gradle-actions.inject-develocity.init.gradle
2026-04-28T19:26:59.4141048Z   DEVELOCITY_INJECTION_CUSTOM_VALUE: gradle-actions
2026-04-28T19:26:59.4141597Z   GITHUB_DEPENDENCY_GRAPH_ENABLED: false
2026-04-28T19:26:59.4141953Z ##[endgroup]
2026-04-28T19:27:01.8857104Z Starting a Gradle Daemon (subsequent builds will be faster)
2026-04-28T19:27:06.8854218Z Configuration on demand is an incubating feature.
2026-04-28T19:27:13.1849045Z 
2026-04-28T19:27:13.1898205Z > Configure project :app
2026-04-28T19:27:13.1899350Z WARNING: The option setting 'android.builtInKotlin=false' is deprecated.
2026-04-28T19:27:13.1900346Z The current default is 'true'.
2026-04-28T19:27:13.1901208Z It will be removed in version 10.0 of the Android Gradle plugin.
2026-04-28T19:27:13.1902265Z WARNING: The option setting 'android.newDsl=false' is deprecated.
2026-04-28T19:27:13.1903133Z The current default is 'true'.
2026-04-28T19:27:13.1903953Z It will be removed in version 10.0 of the Android Gradle plugin.
2026-04-28T19:27:13.1905346Z WARNING: The option setting 'android.dependency.excludeLibraryComponentsFromConstraints=true' is deprecated.
2026-04-28T19:27:13.1906689Z The current default is 'false'.
2026-04-28T19:27:13.1907761Z It will be removed in version 10.0 of the Android Gradle plugin.
2026-04-28T19:27:13.1908747Z Following can be set instead to achieve a similar behaviour.
2026-04-28T19:27:13.1909677Z     android.dependency.useConstraints=false
2026-04-28T19:27:14.8851730Z w: ⚠️ Deprecated 'org.jetbrains.kotlin.android' plugin usage
2026-04-28T19:27:14.8853396Z The 'org.jetbrains.kotlin.android' plugin in project ':app' is no longer required for Kotlin support since AGP 9.0.
2026-04-28T19:27:14.8855426Z Solution: Remove both `android.builtInKotlin=true` and `android.newDsl=false` from `gradle.properties`, then migrate to built-in Kotlin.
2026-04-28T19:27:14.8857127Z See https://kotl.in/gradle/agp-built-in-kotlin for more details.
2026-04-28T19:27:14.8858157Z 
2026-04-28T19:27:24.1848223Z 
2026-04-28T19:27:24.1851059Z > Task :app:loadKtlintReporters
2026-04-28T19:27:25.9853007Z > Task :app:runKtlintFormatOverKotlinScripts
2026-04-28T19:27:26.0900864Z > Task :app:runKtlintFormatOverAndroidTestDebugSourceSet NO-SOURCE
2026-04-28T19:27:26.0968505Z > Task :app:ktlintAndroidTestDebugSourceSetFormat SKIPPED
2026-04-28T19:27:26.1004521Z > Task :app:runKtlintFormatOverAndroidTestReleaseSourceSet NO-SOURCE
2026-04-28T19:27:26.1076270Z > Task :app:ktlintAndroidTestReleaseSourceSetFormat SKIPPED
2026-04-28T19:27:26.1952382Z > Task :app:ktlintKotlinScriptFormat
2026-04-28T19:27:30.3888506Z > Task :app:runKtlintFormatOverDebugSourceSet
2026-04-28T19:27:30.5868425Z > Task :app:ktlintDebugSourceSetFormat
2026-04-28T19:27:30.5928683Z > Task :app:runKtlintFormatOverTestDebugSourceSet NO-SOURCE
2026-04-28T19:27:30.5968101Z > Task :app:ktlintTestDebugSourceSetFormat SKIPPED
2026-04-28T19:27:30.6028403Z > Task :app:runKtlintFormatOverTestFixturesDebugSourceSet NO-SOURCE
2026-04-28T19:27:30.6073409Z > Task :app:ktlintTestFixturesDebugSourceSetFormat SKIPPED
2026-04-28T19:27:30.6138418Z > Task :app:runKtlintFormatOverTestFixturesReleaseSourceSet NO-SOURCE
2026-04-28T19:27:30.6198376Z > Task :app:ktlintTestFixturesReleaseSourceSetFormat SKIPPED
2026-04-28T19:27:30.6282121Z > Task :app:runKtlintFormatOverTestFixturesSourceSet NO-SOURCE
2026-04-28T19:27:30.6358270Z > Task :app:ktlintTestFixturesSourceSetFormat SKIPPED
2026-04-28T19:27:30.6932621Z > Task :app:runKtlintFormatOverTestReleaseSourceSet NO-SOURCE
2026-04-28T19:27:30.7017780Z > Task :app:ktlintTestReleaseSourceSetFormat SKIPPED
2026-04-28T19:27:30.8871710Z > Task :app:runKtlintFormatOverReleaseSourceSet
2026-04-28T19:27:31.1938586Z > Task :app:ktlintReleaseSourceSetFormat
2026-04-28T19:27:36.8879827Z > Task :app:runKtlintFormatOverAndroidTestSourceSet
2026-04-28T19:27:36.9888524Z > Task :app:ktlintAndroidTestSourceSetFormat
2026-04-28T19:27:44.0848923Z > Task :app:runKtlintFormatOverTestSourceSet
2026-04-28T19:27:44.0850996Z > Task :app:ktlintTestSourceSetFormat
2026-04-28T19:27:56.1848694Z > Task :app:runKtlintFormatOverMainSourceSet
2026-04-28T19:27:58.8850257Z > Task :app:ktlintMainSourceSetFormat
2026-04-28T19:27:58.8851519Z > Task :app:ktlintFormat
2026-04-28T19:27:58.9849605Z gradle/actions: Writing build results to /home/runner/work/_temp/.gradle-actions/build-results/ktlint_format-1777404428698.json
2026-04-28T19:27:58.9850855Z 
2026-04-28T19:27:58.9852056Z [Incubating] Problems report is available at: file:///home/runner/work/prismTask/prismTask/build/reports/problems/problems-report.html
2026-04-28T19:27:58.9853582Z 
2026-04-28T19:27:58.9854109Z Deprecated Gradle features were used in this build, making it incompatible with Gradle 10.
2026-04-28T19:27:58.9854736Z 
2026-04-28T19:27:58.9855457Z You can use '--warning-mode all' to show the individual deprecation warnings and determine if they come from your own scripts or plugins.
2026-04-28T19:27:58.9856328Z 
2026-04-28T19:27:58.9857227Z For more on this, please refer to https://docs.gradle.org/9.3.1/userguide/command_line_interface.html#sec:command_line_warnings in the Gradle documentation.
2026-04-28T19:27:58.9858526Z 
2026-04-28T19:27:58.9858751Z BUILD SUCCESSFUL in 59s
2026-04-28T19:27:58.9859109Z 13 actionable tasks: 13 executed
2026-04-28T19:27:59.3516537Z ##[group]Run ./gradlew detekt --auto-correct --continue
2026-04-28T19:27:59.3517025Z [36;1m./gradlew detekt --auto-correct --continue[0m
2026-04-28T19:27:59.3571091Z shell: /usr/bin/bash -e {0}
2026-04-28T19:27:59.3571392Z env:
2026-04-28T19:27:59.3571750Z   JAVA_HOME: /opt/hostedtoolcache/Java_Temurin-Hotspot_jdk/21.0.11-10/x64
2026-04-28T19:27:59.3572302Z   JAVA_HOME_21_X64: /opt/hostedtoolcache/Java_Temurin-Hotspot_jdk/21.0.11-10/x64
2026-04-28T19:27:59.3572786Z   GRADLE_ACTION_ID: gradle/actions/setup-gradle
2026-04-28T19:27:59.3573131Z   GRADLE_USER_HOME: /home/runner/.gradle
2026-04-28T19:27:59.3573463Z   GRADLE_BUILD_ACTION_SETUP_COMPLETED: true
2026-04-28T19:27:59.3573802Z   GRADLE_BUILD_ACTION_CACHE_RESTORED: true
2026-04-28T19:27:59.3574279Z   DEVELOCITY_INJECTION_INIT_SCRIPT_NAME: gradle-actions.inject-develocity.init.gradle
2026-04-28T19:27:59.3574794Z   DEVELOCITY_INJECTION_CUSTOM_VALUE: gradle-actions
2026-04-28T19:27:59.3575193Z   GITHUB_DEPENDENCY_GRAPH_ENABLED: false
2026-04-28T19:27:59.3575501Z ##[endgroup]
2026-04-28T19:28:00.1356048Z Configuration on demand is an incubating feature.
2026-04-28T19:28:00.5398262Z 
2026-04-28T19:28:00.5408748Z > Configure project :app
2026-04-28T19:28:00.5445234Z WARNING: The option setting 'android.builtInKotlin=false' is deprecated.
2026-04-28T19:28:00.5473225Z The current default is 'true'.
2026-04-28T19:28:00.5498572Z It will be removed in version 10.0 of the Android Gradle plugin.
2026-04-28T19:28:00.5528494Z WARNING: The option setting 'android.newDsl=false' is deprecated.
2026-04-28T19:28:00.5545257Z The current default is 'true'.
2026-04-28T19:28:00.5573531Z It will be removed in version 10.0 of the Android Gradle plugin.
2026-04-28T19:28:00.5598685Z WARNING: The option setting 'android.dependency.excludeLibraryComponentsFromConstraints=true' is deprecated.
2026-04-28T19:28:00.5628076Z The current default is 'false'.
2026-04-28T19:28:00.5658132Z It will be removed in version 10.0 of the Android Gradle plugin.
2026-04-28T19:28:00.5659260Z Following can be set instead to achieve a similar behaviour.
2026-04-28T19:28:00.5683688Z     android.dependency.useConstraints=false
2026-04-28T19:28:00.5695153Z w: ⚠️ Deprecated 'org.jetbrains.kotlin.android' plugin usage
2026-04-28T19:28:00.5696476Z The 'org.jetbrains.kotlin.android' plugin in project ':app' is no longer required for Kotlin support since AGP 9.0.
2026-04-28T19:28:00.5698407Z Solution: Remove both `android.builtInKotlin=true` and `android.newDsl=false` from `gradle.properties`, then migrate to built-in Kotlin.
2026-04-28T19:28:00.5699945Z See https://kotl.in/gradle/agp-built-in-kotlin for more details.
2026-04-28T19:28:00.5700698Z 
2026-04-28T19:28:01.5343877Z 
2026-04-28T19:28:01.5344746Z > Task :detekt-rules:checkKotlinGradlePluginConfigurationErrors SKIPPED
2026-04-28T19:28:07.1330240Z > Task :detekt-rules:processResources
2026-04-28T19:28:13.1341200Z > Task :detekt-rules:compileKotlin
2026-04-28T19:28:13.1350660Z > Task :detekt-rules:compileJava NO-SOURCE
2026-04-28T19:28:13.1351535Z > Task :detekt-rules:classes
2026-04-28T19:28:13.1352202Z > Task :detekt-rules:jar
2026-04-28T19:28:43.1330719Z > Task :app:detekt
2026-04-28T19:28:55.0118991Z gradle/actions: Writing build results to /home/runner/work/_temp/.gradle-actions/build-results/detekt_autocorrect-1777404480050.json
2026-04-28T19:28:55.0136014Z 
2026-04-28T19:28:55.0138246Z [Incubating] Problems report is available at: file:///home/runner/work/prismTask/prismTask/build/reports/problems/problems-report.html
2026-04-28T19:28:55.0139247Z 
2026-04-28T19:28:55.0139646Z Deprecated Gradle features were used in this build, making it incompatible with Gradle 10.
2026-04-28T19:28:55.0140049Z 
2026-04-28T19:28:55.0140504Z You can use '--warning-mode all' to show the individual deprecation warnings and determine if they come from your own scripts or plugins.
2026-04-28T19:28:55.0141035Z 
2026-04-28T19:28:55.0141861Z For more on this, please refer to https://docs.gradle.org/9.3.1/userguide/command_line_interface.html#sec:command_line_warnings in the Gradle documentation.
2026-04-28T19:28:55.0142499Z 
2026-04-28T19:28:55.0142612Z BUILD SUCCESSFUL in 55s
2026-04-28T19:28:55.0142889Z 4 actionable tasks: 4 executed
2026-04-28T19:28:55.0273405Z ##[group]Run git config user.name "github-actions[bot]"
2026-04-28T19:28:55.0273909Z [36;1mgit config user.name "github-actions[bot]"[0m
2026-04-28T19:28:55.0274398Z [36;1mgit config user.email "github-actions[bot]@users.noreply.github.com"[0m
2026-04-28T19:28:55.0274852Z [36;1mif git diff --quiet; then[0m
2026-04-28T19:28:55.0275231Z [36;1m  echo "✓ No formatting fixes; nothing to commit."[0m
2026-04-28T19:28:55.0275605Z [36;1m  exit 0[0m
2026-04-28T19:28:55.0275843Z [36;1mfi[0m
2026-04-28T19:28:55.0276068Z [36;1mgit add -A[0m
2026-04-28T19:28:55.0276344Z [36;1mgit commit -m "style: auto-format"[0m
2026-04-28T19:28:55.0276713Z [36;1mif git push 2>push.err; then[0m
2026-04-28T19:28:55.0277308Z [36;1m  echo "✓ Pushed with checkout-time token (AUTOFIX_PAT when configured — downstream workflows will fire)."[0m
2026-04-28T19:28:55.0278517Z [36;1m  exit 0[0m
2026-04-28T19:28:55.0278766Z [36;1mfi[0m
2026-04-28T19:28:55.0278998Z [36;1mcat push.err[0m
2026-04-28T19:28:55.0279375Z [36;1mif grep -qE '(403|denied|Permission)' push.err; then[0m
2026-04-28T19:28:55.0280702Z [36;1m  echo "::warning title=AUTOFIX_PAT push denied (403)::Falling back to GITHUB_TOKEN. AUTOFIX_PAT likely lacks Contents:Write on this repo (common after a repo transfer to a new org owner — fine-grained PATs need re-approval). Rotate AUTOFIX_PAT against the current owner to restore downstream-workflow triggering."[0m
2026-04-28T19:28:55.0281941Z [36;1melse[0m
2026-04-28T19:28:55.0282433Z [36;1m  echo "::warning title=Initial autofix push failed::Falling back to GITHUB_TOKEN. See push.err output above."[0m
2026-04-28T19:28:55.0282981Z [36;1mfi[0m
2026-04-28T19:28:55.0283424Z [36;1mgit remote set-url origin "https://x-access-token:${GITHUB_TOKEN}@github.com/${REPO}.git"[0m
2026-04-28T19:28:55.0284009Z [36;1mif git push; then[0m
2026-04-28T19:28:55.0285153Z [36;1m  echo "::warning title=Pushed via GITHUB_TOKEN fallback::Downstream check workflows do NOT auto-trigger from GITHUB_TOKEN pushes. If branch protection blocks merge on stale required checks, push an empty commit (or rotate AUTOFIX_PAT) to retrigger."[0m
2026-04-28T19:28:55.0286376Z [36;1m  exit 0[0m
2026-04-28T19:28:55.0286790Z [36;1mfi[0m
2026-04-28T19:28:55.0300481Z [36;1mecho "::error title=Both push attempts failed::Neither AUTOFIX_PAT nor GITHUB_TOKEN could push the auto-format commit. Format locally (./gradlew ktlintFormat detekt --auto-correct) and push manually."[0m
2026-04-28T19:28:55.0301980Z [36;1mexit 1[0m
2026-04-28T19:28:55.0355828Z shell: /usr/bin/bash -e {0}
2026-04-28T19:28:55.0356143Z env:
2026-04-28T19:28:55.0356511Z   JAVA_HOME: /opt/hostedtoolcache/Java_Temurin-Hotspot_jdk/21.0.11-10/x64
2026-04-28T19:28:55.0357081Z   JAVA_HOME_21_X64: /opt/hostedtoolcache/Java_Temurin-Hotspot_jdk/21.0.11-10/x64
2026-04-28T19:28:55.0358050Z   GRADLE_ACTION_ID: gradle/actions/setup-gradle
2026-04-28T19:28:55.0358407Z   GRADLE_USER_HOME: /home/runner/.gradle
2026-04-28T19:28:55.0358751Z   GRADLE_BUILD_ACTION_SETUP_COMPLETED: true
2026-04-28T19:28:55.0359093Z   GRADLE_BUILD_ACTION_CACHE_RESTORED: true
2026-04-28T19:28:55.0359582Z   DEVELOCITY_INJECTION_INIT_SCRIPT_NAME: gradle-actions.inject-develocity.init.gradle
2026-04-28T19:28:55.0360104Z   DEVELOCITY_INJECTION_CUSTOM_VALUE: gradle-actions
2026-04-28T19:28:55.0360461Z   GITHUB_DEPENDENCY_GRAPH_ENABLED: false
2026-04-28T19:28:55.0360969Z   GITHUB_TOKEN: ***
2026-04-28T19:28:55.0361240Z   REPO: averycorp/prismTask
2026-04-28T19:28:55.0361517Z ##[endgroup]
2026-04-28T19:28:55.4404339Z [chore/fix-autofix-pat-fallback e2a83089] style: auto-format
2026-04-28T19:28:55.4405170Z  4 files changed, 27 insertions(+), 27 deletions(-)
2026-04-28T19:28:55.6866948Z remote: Permission to averycorp/prismTask.git denied to akarlin3.
2026-04-28T19:28:55.6868069Z fatal: unable to access 'https://github.com/averycorp/prismTask/': The requested URL returned error: 403
2026-04-28T19:28:55.6903077Z ##[warning]Falling back to GITHUB_TOKEN. AUTOFIX_PAT likely lacks Contents:Write on this repo (common after a repo transfer to a new org owner — fine-grained PATs need re-approval). Rotate AUTOFIX_PAT against the current owner to restore downstream-workflow triggering.
2026-04-28T19:28:55.9631119Z remote: Permission to averycorp/prismTask.git denied to akarlin3.
2026-04-28T19:28:55.9632414Z fatal: unable to access 'https://github.com/averycorp/prismTask.git/': The requested URL returned error: 403
2026-04-28T19:28:55.9651314Z ##[error]Neither AUTOFIX_PAT nor GITHUB_TOKEN could push the auto-format commit. Format locally (./gradlew ktlintFormat detekt --auto-correct) and push manually.
2026-04-28T19:28:55.9654422Z ##[error]Process completed with exit code 1.
2026-04-28T19:28:55.9697885Z ##[group]Run ./gradlew ktlintCheck --continue
2026-04-28T19:28:55.9698334Z [36;1m./gradlew ktlintCheck --continue[0m
2026-04-28T19:28:55.9751384Z shell: /usr/bin/bash -e {0}
2026-04-28T19:28:55.9751677Z env:
2026-04-28T19:28:55.9752039Z   JAVA_HOME: /opt/hostedtoolcache/Java_Temurin-Hotspot_jdk/21.0.11-10/x64
2026-04-28T19:28:55.9752604Z   JAVA_HOME_21_X64: /opt/hostedtoolcache/Java_Temurin-Hotspot_jdk/21.0.11-10/x64
2026-04-28T19:28:55.9753069Z   GRADLE_ACTION_ID: gradle/actions/setup-gradle
2026-04-28T19:28:55.9753416Z   GRADLE_USER_HOME: /home/runner/.gradle
2026-04-28T19:28:55.9753743Z   GRADLE_BUILD_ACTION_SETUP_COMPLETED: true
2026-04-28T19:28:55.9754065Z   GRADLE_BUILD_ACTION_CACHE_RESTORED: true
2026-04-28T19:28:55.9754539Z   DEVELOCITY_INJECTION_INIT_SCRIPT_NAME: gradle-actions.inject-develocity.init.gradle
2026-04-28T19:28:55.9755055Z   DEVELOCITY_INJECTION_CUSTOM_VALUE: gradle-actions
2026-04-28T19:28:55.9755406Z   GITHUB_DEPENDENCY_GRAPH_ENABLED: false
2026-04-28T19:28:55.9755746Z ##[endgroup]
2026-04-28T19:28:56.7408840Z Configuration on demand is an incubating feature.
2026-04-28T19:28:57.0396939Z 
2026-04-28T19:28:57.0408417Z > Configure project :app
2026-04-28T19:28:57.0418190Z WARNING: The option setting 'android.builtInKotlin=false' is deprecated.
2026-04-28T19:28:57.0451683Z The current default is 'true'.
2026-04-28T19:28:57.0453552Z It will be removed in version 10.0 of the Android Gradle plugin.
2026-04-28T19:28:57.0454638Z WARNING: The option setting 'android.newDsl=false' is deprecated.
2026-04-28T19:28:57.0455577Z The current default is 'true'.
2026-04-28T19:28:57.0456407Z It will be removed in version 10.0 of the Android Gradle plugin.
2026-04-28T19:28:57.0458035Z WARNING: The option setting 'android.dependency.excludeLibraryComponentsFromConstraints=true' is deprecated.
2026-04-28T19:28:57.0459296Z The current default is 'false'.
2026-04-28T19:28:57.0460127Z It will be removed in version 10.0 of the Android Gradle plugin.
2026-04-28T19:28:57.0461146Z Following can be set instead to achieve a similar behaviour.
2026-04-28T19:28:57.0462388Z     android.dependency.useConstraints=false
2026-04-28T19:28:57.0463612Z w: ⚠️ Deprecated 'org.jetbrains.kotlin.android' plugin usage
2026-04-28T19:28:57.0464922Z The 'org.jetbrains.kotlin.android' plugin in project ':app' is no longer required for Kotlin support since AGP 9.0.
2026-04-28T19:28:57.0466664Z Solution: Remove both `android.builtInKotlin=true` and `android.newDsl=false` from `gradle.properties`, then migrate to built-in Kotlin.
2026-04-28T19:28:57.0468520Z See https://kotl.in/gradle/agp-built-in-kotlin for more details.
2026-04-28T19:28:57.0469211Z 
2026-04-28T19:28:57.1375635Z 
2026-04-28T19:28:57.1400837Z > Task :app:loadKtlintReporters UP-TO-DATE
2026-04-28T19:28:57.1402019Z > Task :app:runKtlintCheckOverAndroidTestDebugSourceSet NO-SOURCE
2026-04-28T19:28:57.1409703Z > Task :app:ktlintAndroidTestDebugSourceSetCheck SKIPPED
2026-04-28T19:28:57.1410967Z > Task :app:runKtlintCheckOverAndroidTestReleaseSourceSet NO-SOURCE
2026-04-28T19:28:57.1411996Z > Task :app:ktlintAndroidTestReleaseSourceSetCheck SKIPPED
2026-04-28T19:29:00.9394021Z > Task :app:runKtlintCheckOverDebugSourceSet
2026-04-28T19:29:01.1385821Z > Task :app:ktlintDebugSourceSetCheck
2026-04-28T19:29:01.3428615Z > Task :app:runKtlintCheckOverReleaseSourceSet
2026-04-28T19:29:01.5368446Z > Task :app:ktlintReleaseSourceSetCheck
2026-04-28T19:29:01.5451211Z > Task :app:runKtlintCheckOverTestDebugSourceSet NO-SOURCE
2026-04-28T19:29:01.5484118Z > Task :app:ktlintTestDebugSourceSetCheck SKIPPED
2026-04-28T19:29:01.5489919Z > Task :app:runKtlintCheckOverTestFixturesDebugSourceSet NO-SOURCE
2026-04-28T19:29:01.5493977Z > Task :app:ktlintTestFixturesDebugSourceSetCheck SKIPPED
2026-04-28T19:29:01.5495247Z > Task :app:runKtlintCheckOverTestFixturesReleaseSourceSet NO-SOURCE
2026-04-28T19:29:01.5496398Z > Task :app:ktlintTestFixturesReleaseSourceSetCheck SKIPPED
2026-04-28T19:29:01.5497792Z > Task :app:runKtlintCheckOverTestFixturesSourceSet NO-SOURCE
2026-04-28T19:29:01.5528109Z > Task :app:ktlintTestFixturesSourceSetCheck SKIPPED
2026-04-28T19:29:01.5566431Z > Task :app:runKtlintCheckOverTestReleaseSourceSet NO-SOURCE
2026-04-28T19:29:01.5608058Z > Task :app:ktlintTestReleaseSourceSetCheck SKIPPED
2026-04-28T19:29:02.2402973Z > Task :app:runKtlintCheckOverKotlinScripts
2026-04-28T19:29:02.3384440Z > Task :app:ktlintKotlinScriptCheck
2026-04-28T19:29:10.9378683Z > Task :app:runKtlintCheckOverAndroidTestSourceSet
2026-04-28T19:29:11.0378429Z > Task :app:ktlintAndroidTestSourceSetCheck
2026-04-28T19:29:15.5357790Z > Task :app:runKtlintCheckOverTestSourceSet
2026-04-28T19:29:15.5358846Z > Task :app:ktlintTestSourceSetCheck
2026-04-28T19:29:27.1356467Z > Task :app:runKtlintCheckOverMainSourceSet
2026-04-28T19:29:30.5358153Z > Task :app:ktlintMainSourceSetCheck
2026-04-28T19:29:30.5359183Z > Task :app:ktlintCheck
2026-04-28T19:29:30.5360389Z gradle/actions: Writing build results to /home/runner/work/_temp/.gradle-actions/build-results/__run_3-1777404536638.json
2026-04-28T19:29:30.5361532Z 
2026-04-28T19:29:30.5362736Z [Incubating] Problems report is available at: file:///home/runner/work/prismTask/prismTask/build/reports/problems/problems-report.html
2026-04-28T19:29:30.5363900Z 
2026-04-28T19:29:30.5366907Z Deprecated Gradle features were used in this build, making it incompatible with Gradle 10.
2026-04-28T19:29:30.5368110Z 
2026-04-28T19:29:30.5369096Z You can use '--warning-mode all' to show the individual deprecation warnings and determine if they come from your own scripts or plugins.
2026-04-28T19:29:30.5370335Z 
2026-04-28T19:29:30.5371443Z For more on this, please refer to https://docs.gradle.org/9.3.1/userguide/command_line_interface.html#sec:command_line_warnings in the Gradle documentation.
2026-04-28T19:29:30.5372437Z 
2026-04-28T19:29:30.5372867Z BUILD SUCCESSFUL in 34s
2026-04-28T19:29:30.5373550Z 13 actionable tasks: 12 executed, 1 up-to-date
2026-04-28T19:29:30.6502319Z Post job cleanup.
2026-04-28T19:29:30.6597830Z Post job cleanup.
2026-04-28T19:29:30.9731439Z In post-action step
2026-04-28T19:29:30.9742199Z Cache is read-only: will not save state for use in subsequent builds.
2026-04-28T19:29:30.9749606Z Generating Job Summary
2026-04-28T19:29:30.9772382Z Completed post-action step
2026-04-28T19:29:30.9935358Z Post job cleanup.
2026-04-28T19:29:31.1769604Z Post job cleanup.
2026-04-28T19:29:31.2748418Z [command]/usr/bin/git version
2026-04-28T19:29:31.2797883Z git version 2.54.0
2026-04-28T19:29:31.2840711Z Temporarily overriding HOME='/home/runner/work/_temp/cc6c8f50-b18c-4b77-8406-2a49da0fdf9e' before making global git config changes
2026-04-28T19:29:31.2842312Z Adding repository directory to the temporary git global config as a safe directory
2026-04-28T19:29:31.2845546Z [command]/usr/bin/git config --global --add safe.directory /home/runner/work/prismTask/prismTask
2026-04-28T19:29:31.2887053Z [command]/usr/bin/git config --local --name-only --get-regexp core\.sshCommand
2026-04-28T19:29:31.2926970Z [command]/usr/bin/git submodule foreach --recursive sh -c "git config --local --name-only --get-regexp 'core\.sshCommand' && git config --local --unset-all 'core.sshCommand' || :"
2026-04-28T19:29:31.3172030Z [command]/usr/bin/git config --local --name-only --get-regexp http\.https\:\/\/github\.com\/\.extraheader
2026-04-28T19:29:31.3197114Z http.https://github.com/.extraheader
2026-04-28T19:29:31.3212134Z [command]/usr/bin/git config --local --unset-all http.https://github.com/.extraheader
2026-04-28T19:29:31.3240938Z [command]/usr/bin/git submodule foreach --recursive sh -c "git config --local --name-only --get-regexp 'http\.https\:\/\/github\.com\/\.extraheader' && git config --local --unset-all 'http.https://github.com/.extraheader' || :"
2026-04-28T19:29:31.3456405Z [command]/usr/bin/git config --local --name-only --get-regexp ^includeIf\.gitdir:
2026-04-28T19:29:31.3485398Z [command]/usr/bin/git submodule foreach --recursive git config --local --show-origin --name-only --get-regexp remote.origin.url
2026-04-28T19:29:31.3816115Z Cleaning up orphan processes
2026-04-28T19:29:31.4162837Z Terminate orphan process: pid (2618) (java)
2026-04-28T19:29:31.4190111Z Terminate orphan process: pid (3049) (java)
2026-04-28T19:29:31.4202451Z ##[warning]Node.js 20 actions are deprecated. The following actions are running on Node.js 20 and may not work as expected: actions/cache@v4, actions/checkout@v4, actions/setup-java@v4, dorny/paths-filter@v3, gradle/actions/setup-gradle@v4. Actions will be forced to run with Node.js 24 by default starting June 2nd, 2026. Node.js 20 will be removed from the runner on September 16th, 2026. Please check if updated versions of these actions are available that support Node.js 24. To opt into Node.js 24 now, set the FORCE_JAVASCRIPT_ACTIONS_TO_NODE24=true environment variable on the runner or in your workflow file. Once Node.js 24 becomes the default, you can temporarily opt out by setting ACTIONS_ALLOW_USE_UNSECURE_NODE_VERSION=true. For more information see: https://github.blog/changelog/2025-09-19-deprecation-of-node-20-on-github-actions-runners/
