=== CI FAILURE ===
Workflow:      Android CI
Workflow file: averycorp/prismTask/.github/workflows/android-ci.yml@refs/pull/908/merge
Job(s):        autofix
Run ID:        25070663753
Run attempt:   1
Run URL:       https://github.com/averycorp/prismTask/actions/runs/25070663753
Commit:        2014d69cbc97b1ca380f9cd4023d438e667dc27f
Branch:        908/merge
Event:         pull_request
Actor:         akarlin3
Runner OS:     Linux
Timestamp:     2026-04-28T18:41:57.461Z

Failed steps:
  - autofix: #9 Commit formatting fixes

=== FAILED JOB LOG ===

--- Job: autofix (id 73450144693) ---
2026-04-28T18:32:28.3651005Z Current runner version: '2.334.0'
2026-04-28T18:32:28.3676933Z ##[group]Runner Image Provisioner
2026-04-28T18:32:28.3677825Z Hosted Compute Agent
2026-04-28T18:32:28.3678402Z Version: 20260422.526
2026-04-28T18:32:28.3679046Z Commit: e1a9e573f4d0838b3a7c1b07401aeb29ed3635a9
2026-04-28T18:32:28.3679773Z Build Date: 2026-04-22T09:31:31Z
2026-04-28T18:32:28.3680508Z Worker ID: {66cdf46e-7674-451d-b72f-a393c9018679}
2026-04-28T18:32:28.3681189Z Azure Region: centralus
2026-04-28T18:32:28.3681767Z ##[endgroup]
2026-04-28T18:32:28.3683682Z ##[group]Operating System
2026-04-28T18:32:28.3684443Z Ubuntu
2026-04-28T18:32:28.3684975Z 24.04.4
2026-04-28T18:32:28.3685402Z LTS
2026-04-28T18:32:28.3685890Z ##[endgroup]
2026-04-28T18:32:28.3686831Z ##[group]Runner Image
2026-04-28T18:32:28.3687404Z Image: ubuntu-24.04
2026-04-28T18:32:28.3687968Z Version: 20260426.100.1
2026-04-28T18:32:28.3689234Z Included Software: https://github.com/actions/runner-images/blob/ubuntu24/20260426.100/images/ubuntu/Ubuntu2404-Readme.md
2026-04-28T18:32:28.3690780Z Image Release: https://github.com/actions/runner-images/releases/tag/ubuntu24%2F20260426.100
2026-04-28T18:32:28.3691677Z ##[endgroup]
2026-04-28T18:32:28.3692911Z ##[group]GITHUB_TOKEN Permissions
2026-04-28T18:32:28.3695227Z Actions: read
2026-04-28T18:32:28.3695888Z Checks: read
2026-04-28T18:32:28.3696729Z Contents: write
2026-04-28T18:32:28.3697231Z Metadata: read
2026-04-28T18:32:28.3697736Z PullRequests: read
2026-04-28T18:32:28.3698197Z ##[endgroup]
2026-04-28T18:32:28.3700542Z Secret source: Actions
2026-04-28T18:32:28.3701519Z Prepare workflow directory
2026-04-28T18:32:28.4050697Z Prepare all required actions
2026-04-28T18:32:28.4090583Z Getting action download info
2026-04-28T18:32:28.8879682Z Download action repository 'actions/checkout@v4' (SHA:34e114876b0b11c390a56381ad16ebd13914f8d5)
2026-04-28T18:32:29.0144250Z Download action repository 'dorny/paths-filter@v3' (SHA:d1c1ffe0248fe513906c8e24db8ea791d46f8590)
2026-04-28T18:32:29.4537587Z Download action repository 'actions/cache@v4' (SHA:0057852bfaa89a56745cba8c7296529d2fc39830)
2026-04-28T18:32:29.8395761Z Complete job name: autofix
2026-04-28T18:32:29.9294112Z ##[group]Run actions/checkout@v4
2026-04-28T18:32:29.9295393Z with:
2026-04-28T18:32:29.9297445Z   token: ***
2026-04-28T18:32:29.9298210Z   ref: feat/time-tracking-aggregator
2026-04-28T18:32:29.9299161Z   fetch-depth: 0
2026-04-28T18:32:29.9299928Z   repository: averycorp/prismTask
2026-04-28T18:32:29.9300824Z   ssh-strict: true
2026-04-28T18:32:29.9301541Z   ssh-user: git
2026-04-28T18:32:29.9302292Z   persist-credentials: true
2026-04-28T18:32:29.9303128Z   clean: true
2026-04-28T18:32:29.9303886Z   sparse-checkout-cone-mode: true
2026-04-28T18:32:29.9304816Z   fetch-tags: false
2026-04-28T18:32:29.9305564Z   show-progress: true
2026-04-28T18:32:29.9306458Z   lfs: false
2026-04-28T18:32:29.9307150Z   submodules: false
2026-04-28T18:32:29.9307910Z   set-safe-directory: true
2026-04-28T18:32:29.9309022Z ##[endgroup]
2026-04-28T18:32:30.0418688Z Syncing repository: averycorp/prismTask
2026-04-28T18:32:30.0421524Z ##[group]Getting Git version info
2026-04-28T18:32:30.0422901Z Working directory is '/home/runner/work/prismTask/prismTask'
2026-04-28T18:32:30.0424878Z [command]/usr/bin/git version
2026-04-28T18:32:30.0517084Z git version 2.54.0
2026-04-28T18:32:30.0543547Z ##[endgroup]
2026-04-28T18:32:30.0558974Z Temporarily overriding HOME='/home/runner/work/_temp/f237d0f5-7992-41c6-9c11-ef0f670baa53' before making global git config changes
2026-04-28T18:32:30.0563121Z Adding repository directory to the temporary git global config as a safe directory
2026-04-28T18:32:30.0565546Z [command]/usr/bin/git config --global --add safe.directory /home/runner/work/prismTask/prismTask
2026-04-28T18:32:30.0619817Z Deleting the contents of '/home/runner/work/prismTask/prismTask'
2026-04-28T18:32:30.0623731Z ##[group]Initializing the repository
2026-04-28T18:32:30.0627422Z [command]/usr/bin/git init /home/runner/work/prismTask/prismTask
2026-04-28T18:32:30.0751772Z hint: Using 'master' as the name for the initial branch. This default branch name
2026-04-28T18:32:30.0754071Z hint: will change to "main" in Git 3.0. To configure the initial branch name
2026-04-28T18:32:30.0756044Z hint: to use in all of your new repositories, which will suppress this warning,
2026-04-28T18:32:30.0757896Z hint: call:
2026-04-28T18:32:30.0759387Z hint:
2026-04-28T18:32:30.0760991Z hint: 	git config --global init.defaultBranch <name>
2026-04-28T18:32:30.0763040Z hint:
2026-04-28T18:32:30.0764974Z hint: Names commonly chosen instead of 'master' are 'main', 'trunk' and
2026-04-28T18:32:30.0768442Z hint: 'development'. The just-created branch can be renamed via this command:
2026-04-28T18:32:30.0770938Z hint:
2026-04-28T18:32:30.0772222Z hint: 	git branch -m <name>
2026-04-28T18:32:30.0773797Z hint:
2026-04-28T18:32:30.0775816Z hint: Disable this message with "git config set advice.defaultBranchName false"
2026-04-28T18:32:30.0780000Z Initialized empty Git repository in /home/runner/work/prismTask/prismTask/.git/
2026-04-28T18:32:30.0783497Z [command]/usr/bin/git remote add origin https://github.com/averycorp/prismTask
2026-04-28T18:32:30.0819989Z ##[endgroup]
2026-04-28T18:32:30.0822462Z ##[group]Disabling automatic garbage collection
2026-04-28T18:32:30.0824642Z [command]/usr/bin/git config --local gc.auto 0
2026-04-28T18:32:30.0854045Z ##[endgroup]
2026-04-28T18:32:30.0856595Z ##[group]Setting up auth
2026-04-28T18:32:30.0861986Z [command]/usr/bin/git config --local --name-only --get-regexp core\.sshCommand
2026-04-28T18:32:30.0898091Z [command]/usr/bin/git submodule foreach --recursive sh -c "git config --local --name-only --get-regexp 'core\.sshCommand' && git config --local --unset-all 'core.sshCommand' || :"
2026-04-28T18:32:30.1269087Z [command]/usr/bin/git config --local --name-only --get-regexp http\.https\:\/\/github\.com\/\.extraheader
2026-04-28T18:32:30.1301234Z [command]/usr/bin/git submodule foreach --recursive sh -c "git config --local --name-only --get-regexp 'http\.https\:\/\/github\.com\/\.extraheader' && git config --local --unset-all 'http.https://github.com/.extraheader' || :"
2026-04-28T18:32:30.1534768Z [command]/usr/bin/git config --local --name-only --get-regexp ^includeIf\.gitdir:
2026-04-28T18:32:30.1567384Z [command]/usr/bin/git submodule foreach --recursive git config --local --show-origin --name-only --get-regexp remote.origin.url
2026-04-28T18:32:30.1788462Z [command]/usr/bin/git config --local http.https://github.com/.extraheader AUTHORIZATION: basic ***
2026-04-28T18:32:30.1827188Z ##[endgroup]
2026-04-28T18:32:30.1829337Z ##[group]Fetching the repository
2026-04-28T18:32:30.1836635Z [command]/usr/bin/git -c protocol.version=2 fetch --prune --no-recurse-submodules origin +refs/heads/*:refs/remotes/origin/* +refs/tags/*:refs/tags/*
2026-04-28T18:32:49.8324041Z From https://github.com/averycorp/prismTask
2026-04-28T18:32:49.8324962Z  * [new branch]        ci-logs         -> origin/ci-logs
2026-04-28T18:32:49.8326360Z  * [new branch]        feat/task-timing-firestore-sync -> origin/feat/task-timing-firestore-sync
2026-04-28T18:32:49.8327452Z  * [new branch]        feat/time-tracking-aggregator -> origin/feat/time-tracking-aggregator
2026-04-28T18:32:49.8328071Z  * [new branch]        main            -> origin/main
2026-04-28T18:32:49.8328562Z  * [new branch]        v0.1.0-legacy   -> origin/v0.1.0-legacy
2026-04-28T18:32:49.8329346Z  * [new branch]        v0.2.0-legacy   -> origin/v0.2.0-legacy
2026-04-28T18:32:49.8330059Z  * [new branch]        v0.3.0-legacy   -> origin/v0.3.0-legacy
2026-04-28T18:32:49.8330736Z  * [new branch]        v0.4.0-legacy   -> origin/v0.4.0-legacy
2026-04-28T18:32:49.8331306Z  * [new branch]        v0.5.0-legacy   -> origin/v0.5.0-legacy
2026-04-28T18:32:49.8331770Z  * [new branch]        v0.6.0-legacy   -> origin/v0.6.0-legacy
2026-04-28T18:32:49.8332227Z  * [new branch]        v0.7.0-legacy   -> origin/v0.7.0-legacy
2026-04-28T18:32:49.8332654Z  * [new tag]           v0.1.0          -> v0.1.0
2026-04-28T18:32:49.8333071Z  * [new tag]           v0.2.0          -> v0.2.0
2026-04-28T18:32:49.8333828Z  * [new tag]           v0.3.0          -> v0.3.0
2026-04-28T18:32:49.8334243Z  * [new tag]           v0.4.0          -> v0.4.0
2026-04-28T18:32:49.8334600Z  * [new tag]           v0.5.0          -> v0.5.0
2026-04-28T18:32:49.8334958Z  * [new tag]           v0.7.0          -> v0.7.0
2026-04-28T18:32:49.8335320Z  * [new tag]           v0.7.12         -> v0.7.12
2026-04-28T18:32:49.8335690Z  * [new tag]           v0.7.13         -> v0.7.13
2026-04-28T18:32:49.8336055Z  * [new tag]           v0.7.14         -> v0.7.14
2026-04-28T18:32:49.8336779Z  * [new tag]           v0.7.15         -> v0.7.15
2026-04-28T18:32:49.8337101Z  * [new tag]           v0.7.16         -> v0.7.16
2026-04-28T18:32:49.8337428Z  * [new tag]           v0.7.17         -> v0.7.17
2026-04-28T18:32:49.8337781Z  * [new tag]           v0.7.17-build.2 -> v0.7.17-build.2
2026-04-28T18:32:49.8338165Z  * [new tag]           v0.7.17-build.3 -> v0.7.17-build.3
2026-04-28T18:32:49.8338556Z  * [new tag]           v0.7.17-build.4 -> v0.7.17-build.4
2026-04-28T18:32:49.8338977Z  * [new tag]           v0.7.17-build.5 -> v0.7.17-build.5
2026-04-28T18:32:49.8339354Z  * [new tag]           v0.7.17-build.6 -> v0.7.17-build.6
2026-04-28T18:32:49.8339796Z  * [new tag]           v0.7.17-build.7 -> v0.7.17-build.7
2026-04-28T18:32:49.8340354Z  * [new tag]           v0.7.17-build.8 -> v0.7.17-build.8
2026-04-28T18:32:49.8340708Z  * [new tag]           v0.7.17-build.9 -> v0.7.17-build.9
2026-04-28T18:32:49.8341058Z  * [new tag]           v0.7.18         -> v0.7.18
2026-04-28T18:32:49.8341399Z  * [new tag]           v0.7.18-build.2 -> v0.7.18-build.2
2026-04-28T18:32:49.8341747Z  * [new tag]           v0.7.18-build.3 -> v0.7.18-build.3
2026-04-28T18:32:49.8342098Z  * [new tag]           v0.7.18-build.4 -> v0.7.18-build.4
2026-04-28T18:32:49.8342435Z  * [new tag]           v0.7.19         -> v0.7.19
2026-04-28T18:32:49.8342778Z  * [new tag]           v0.7.19-build.2 -> v0.7.19-build.2
2026-04-28T18:32:49.8343117Z  * [new tag]           v0.7.20         -> v0.7.20
2026-04-28T18:32:49.8343470Z  * [new tag]           v0.7.20-build.2 -> v0.7.20-build.2
2026-04-28T18:32:49.8344000Z  * [new tag]           v0.7.20-build.3 -> v0.7.20-build.3
2026-04-28T18:32:49.8344368Z  * [new tag]           v0.7.20-build.4 -> v0.7.20-build.4
2026-04-28T18:32:49.8344711Z  * [new tag]           v0.8.0          -> v0.8.0
2026-04-28T18:32:49.8345050Z  * [new tag]           v0.8.0-build.2  -> v0.8.0-build.2
2026-04-28T18:32:49.8345392Z  * [new tag]           v0.8.1          -> v0.8.1
2026-04-28T18:32:49.8345729Z  * [new tag]           v0.8.10         -> v0.8.10
2026-04-28T18:32:49.8346053Z  * [new tag]           v0.8.11         -> v0.8.11
2026-04-28T18:32:49.8346803Z  * [new tag]           v0.8.12         -> v0.8.12
2026-04-28T18:32:49.8347132Z  * [new tag]           v0.8.13         -> v0.8.13
2026-04-28T18:32:49.8347452Z  * [new tag]           v0.8.14         -> v0.8.14
2026-04-28T18:32:49.8347774Z  * [new tag]           v0.8.15         -> v0.8.15
2026-04-28T18:32:49.8348114Z  * [new tag]           v0.8.2          -> v0.8.2
2026-04-28T18:32:49.8348457Z  * [new tag]           v0.8.3          -> v0.8.3
2026-04-28T18:32:49.8348785Z  * [new tag]           v0.8.4          -> v0.8.4
2026-04-28T18:32:49.8349108Z  * [new tag]           v0.8.5          -> v0.8.5
2026-04-28T18:32:49.8349430Z  * [new tag]           v0.8.6          -> v0.8.6
2026-04-28T18:32:49.8349747Z  * [new tag]           v0.8.7          -> v0.8.7
2026-04-28T18:32:49.8350071Z  * [new tag]           v0.8.8          -> v0.8.8
2026-04-28T18:32:49.8350394Z  * [new tag]           v0.8.9          -> v0.8.9
2026-04-28T18:32:49.8350706Z  * [new tag]           v0.9.1          -> v0.9.1
2026-04-28T18:32:49.8351033Z  * [new tag]           v0.9.2          -> v0.9.2
2026-04-28T18:32:49.8351358Z  * [new tag]           v1.0.1          -> v1.0.1
2026-04-28T18:32:49.8351688Z  * [new tag]           v1.0.10         -> v1.0.10
2026-04-28T18:32:49.8352020Z  * [new tag]           v1.0.11         -> v1.0.11
2026-04-28T18:32:49.8352345Z  * [new tag]           v1.0.12         -> v1.0.12
2026-04-28T18:32:49.8352914Z  * [new tag]           v1.0.13         -> v1.0.13
2026-04-28T18:32:49.8353278Z  * [new tag]           v1.0.2          -> v1.0.2
2026-04-28T18:32:49.8353604Z  * [new tag]           v1.0.3          -> v1.0.3
2026-04-28T18:32:49.8353924Z  * [new tag]           v1.0.4          -> v1.0.4
2026-04-28T18:32:49.8354239Z  * [new tag]           v1.0.5          -> v1.0.5
2026-04-28T18:32:49.8354555Z  * [new tag]           v1.0.6          -> v1.0.6
2026-04-28T18:32:49.8354882Z  * [new tag]           v1.0.7          -> v1.0.7
2026-04-28T18:32:49.8355198Z  * [new tag]           v1.0.8          -> v1.0.8
2026-04-28T18:32:49.8355525Z  * [new tag]           v1.0.9          -> v1.0.9
2026-04-28T18:32:49.8355853Z  * [new tag]           v1.1.1          -> v1.1.1
2026-04-28T18:32:49.8356512Z  * [new tag]           v1.1.1-build.2  -> v1.1.1-build.2
2026-04-28T18:32:49.8356951Z  * [new tag]           v1.1.1-build.3  -> v1.1.1-build.3
2026-04-28T18:32:49.8357342Z  * [new tag]           v1.1.1-build.4  -> v1.1.1-build.4
2026-04-28T18:32:49.8357690Z  * [new tag]           v1.1.10         -> v1.1.10
2026-04-28T18:32:49.8358032Z  * [new tag]           v1.1.11         -> v1.1.11
2026-04-28T18:32:49.8358399Z  * [new tag]           v1.1.12         -> v1.1.12
2026-04-28T18:32:49.8358761Z  * [new tag]           v1.1.2          -> v1.1.2
2026-04-28T18:32:49.8359110Z  * [new tag]           v1.1.3          -> v1.1.3
2026-04-28T18:32:49.8359461Z  * [new tag]           v1.1.4          -> v1.1.4
2026-04-28T18:32:49.8359814Z  * [new tag]           v1.1.5          -> v1.1.5
2026-04-28T18:32:49.8360162Z  * [new tag]           v1.1.6          -> v1.1.6
2026-04-28T18:32:49.8360513Z  * [new tag]           v1.1.7          -> v1.1.7
2026-04-28T18:32:49.8360867Z  * [new tag]           v1.1.8          -> v1.1.8
2026-04-28T18:32:49.8361218Z  * [new tag]           v1.1.9          -> v1.1.9
2026-04-28T18:32:49.8361567Z  * [new tag]           v1.3.0          -> v1.3.0
2026-04-28T18:32:49.8361921Z  * [new tag]           v1.3.1          -> v1.3.1
2026-04-28T18:32:49.8362423Z  * [new tag]           v1.3.10         -> v1.3.10
2026-04-28T18:32:49.8362792Z  * [new tag]           v1.3.11         -> v1.3.11
2026-04-28T18:32:49.8363176Z  * [new tag]           v1.3.11-build.2 -> v1.3.11-build.2
2026-04-28T18:32:49.8363552Z  * [new tag]           v1.3.12         -> v1.3.12
2026-04-28T18:32:49.8363906Z  * [new tag]           v1.3.13         -> v1.3.13
2026-04-28T18:32:49.8364292Z  * [new tag]           v1.3.13-build.2 -> v1.3.13-build.2
2026-04-28T18:32:49.8364665Z  * [new tag]           v1.3.14         -> v1.3.14
2026-04-28T18:32:49.8365020Z  * [new tag]           v1.3.15         -> v1.3.15
2026-04-28T18:32:49.8365378Z  * [new tag]           v1.3.16         -> v1.3.16
2026-04-28T18:32:49.8365732Z  * [new tag]           v1.3.17         -> v1.3.17
2026-04-28T18:32:49.8366086Z  * [new tag]           v1.3.18         -> v1.3.18
2026-04-28T18:32:49.8366702Z  * [new tag]           v1.3.19         -> v1.3.19
2026-04-28T18:32:49.8367075Z  * [new tag]           v1.3.2          -> v1.3.2
2026-04-28T18:32:49.8367432Z  * [new tag]           v1.3.20         -> v1.3.20
2026-04-28T18:32:49.8367788Z  * [new tag]           v1.3.21         -> v1.3.21
2026-04-28T18:32:49.8368152Z  * [new tag]           v1.3.22         -> v1.3.22
2026-04-28T18:32:49.8368517Z  * [new tag]           v1.3.23         -> v1.3.23
2026-04-28T18:32:49.8368873Z  * [new tag]           v1.3.24         -> v1.3.24
2026-04-28T18:32:49.8369230Z  * [new tag]           v1.3.25         -> v1.3.25
2026-04-28T18:32:49.8369590Z  * [new tag]           v1.3.26         -> v1.3.26
2026-04-28T18:32:49.8369942Z  * [new tag]           v1.3.27         -> v1.3.27
2026-04-28T18:32:49.8370300Z  * [new tag]           v1.3.28         -> v1.3.28
2026-04-28T18:32:49.8370661Z  * [new tag]           v1.3.29         -> v1.3.29
2026-04-28T18:32:49.8371015Z  * [new tag]           v1.3.3          -> v1.3.3
2026-04-28T18:32:49.8371377Z  * [new tag]           v1.3.30         -> v1.3.30
2026-04-28T18:32:49.8371880Z  * [new tag]           v1.3.31         -> v1.3.31
2026-04-28T18:32:49.8372242Z  * [new tag]           v1.3.32         -> v1.3.32
2026-04-28T18:32:49.8372599Z  * [new tag]           v1.3.33         -> v1.3.33
2026-04-28T18:32:49.8372961Z  * [new tag]           v1.3.34         -> v1.3.34
2026-04-28T18:32:49.8373312Z  * [new tag]           v1.3.35         -> v1.3.35
2026-04-28T18:32:49.8373672Z  * [new tag]           v1.3.36         -> v1.3.36
2026-04-28T18:32:49.8374031Z  * [new tag]           v1.3.37         -> v1.3.37
2026-04-28T18:32:49.8374388Z  * [new tag]           v1.3.38         -> v1.3.38
2026-04-28T18:32:49.8374738Z  * [new tag]           v1.3.39         -> v1.3.39
2026-04-28T18:32:49.8375097Z  * [new tag]           v1.3.4          -> v1.3.4
2026-04-28T18:32:49.8375457Z  * [new tag]           v1.3.40         -> v1.3.40
2026-04-28T18:32:49.8375817Z  * [new tag]           v1.3.41         -> v1.3.41
2026-04-28T18:32:49.8376459Z  * [new tag]           v1.3.42         -> v1.3.42
2026-04-28T18:32:49.8376868Z  * [new tag]           v1.3.43         -> v1.3.43
2026-04-28T18:32:49.8377231Z  * [new tag]           v1.3.44         -> v1.3.44
2026-04-28T18:32:49.8443095Z  * [new tag]           v1.3.45         -> v1.3.45
2026-04-28T18:32:49.8443824Z  * [new tag]           v1.3.46         -> v1.3.46
2026-04-28T18:32:49.8444517Z  * [new tag]           v1.3.47         -> v1.3.47
2026-04-28T18:32:49.8445242Z  * [new tag]           v1.3.48         -> v1.3.48
2026-04-28T18:32:49.8445915Z  * [new tag]           v1.3.49         -> v1.3.49
2026-04-28T18:32:49.8446735Z  * [new tag]           v1.3.5          -> v1.3.5
2026-04-28T18:32:49.8447354Z  * [new tag]           v1.3.5-build.2  -> v1.3.5-build.2
2026-04-28T18:32:49.8447965Z  * [new tag]           v1.3.50         -> v1.3.50
2026-04-28T18:32:49.8448523Z  * [new tag]           v1.3.51         -> v1.3.51
2026-04-28T18:32:49.8449069Z  * [new tag]           v1.3.52         -> v1.3.52
2026-04-28T18:32:49.8449739Z  * [new tag]           v1.3.53         -> v1.3.53
2026-04-28T18:32:49.8450362Z  * [new tag]           v1.3.54         -> v1.3.54
2026-04-28T18:32:49.8451199Z  * [new tag]           v1.3.55         -> v1.3.55
2026-04-28T18:32:49.8451908Z  * [new tag]           v1.3.56         -> v1.3.56
2026-04-28T18:32:49.8452547Z  * [new tag]           v1.3.57         -> v1.3.57
2026-04-28T18:32:49.8453171Z  * [new tag]           v1.3.58         -> v1.3.58
2026-04-28T18:32:49.8453791Z  * [new tag]           v1.3.59         -> v1.3.59
2026-04-28T18:32:49.8454419Z  * [new tag]           v1.3.6          -> v1.3.6
2026-04-28T18:32:49.8455029Z  * [new tag]           v1.3.60         -> v1.3.60
2026-04-28T18:32:49.8455649Z  * [new tag]           v1.3.61         -> v1.3.61
2026-04-28T18:32:49.8456534Z  * [new tag]           v1.3.62         -> v1.3.62
2026-04-28T18:32:49.8457158Z  * [new tag]           v1.3.7          -> v1.3.7
2026-04-28T18:32:49.8457781Z  * [new tag]           v1.3.8          -> v1.3.8
2026-04-28T18:32:49.8458380Z  * [new tag]           v1.3.9          -> v1.3.9
2026-04-28T18:32:49.8459008Z  * [new tag]           v1.4.40         -> v1.4.40
2026-04-28T18:32:49.8459625Z  * [new tag]           v1.5.0          -> v1.5.0
2026-04-28T18:32:49.8460257Z  * [new tag]           v1.5.2          -> v1.5.2
2026-04-28T18:32:49.8460873Z  * [new tag]           v1.5.3          -> v1.5.3
2026-04-28T18:32:49.8461474Z  * [new tag]           v1.6.0          -> v1.6.0
2026-04-28T18:32:49.8462072Z  * [new tag]           v1.7.0          -> v1.7.0
2026-04-28T18:32:49.8462739Z  * [new tag]           v1.7.37         -> v1.7.37
2026-04-28T18:32:49.8463369Z  * [new tag]           v1.7.38         -> v1.7.38
2026-04-28T18:32:49.8464012Z  * [new tag]           v1.7.39         -> v1.7.39
2026-04-28T18:32:49.8464625Z  * [new tag]           v1.7.40         -> v1.7.40
2026-04-28T18:32:49.8465323Z  * [new tag]           v1.7.41         -> v1.7.41
2026-04-28T18:32:49.8465730Z  * [new tag]           v1.7.42         -> v1.7.42
2026-04-28T18:32:49.8466113Z  * [new tag]           v1.7.43         -> v1.7.43
2026-04-28T18:32:49.8467111Z  * [new tag]           v1.7.44         -> v1.7.44
2026-04-28T18:32:49.8467490Z  * [new tag]           v1.7.45         -> v1.7.45
2026-04-28T18:32:49.8467856Z  * [new tag]           v1.7.46         -> v1.7.46
2026-04-28T18:32:49.8468215Z  * [new tag]           v1.7.47         -> v1.7.47
2026-04-28T18:32:49.8468573Z  * [new tag]           v1.7.48         -> v1.7.48
2026-04-28T18:32:49.8468934Z  * [new tag]           v1.7.49         -> v1.7.49
2026-04-28T18:32:49.8469288Z  * [new tag]           v1.7.50         -> v1.7.50
2026-04-28T18:32:49.8469639Z  * [new tag]           v1.7.51         -> v1.7.51
2026-04-28T18:32:49.8469994Z  * [new tag]           v1.7.52         -> v1.7.52
2026-04-28T18:32:49.8470352Z  * [new tag]           v1.7.53         -> v1.7.53
2026-04-28T18:32:49.8470709Z  * [new tag]           v1.7.54         -> v1.7.54
2026-04-28T18:32:49.8471075Z  * [new tag]           v1.7.55         -> v1.7.55
2026-04-28T18:32:49.8471446Z  * [new tag]           v1.7.56         -> v1.7.56
2026-04-28T18:32:49.8471811Z  * [new tag]           v1.7.57         -> v1.7.57
2026-04-28T18:32:49.8472176Z  * [new tag]           v1.7.58         -> v1.7.58
2026-04-28T18:32:49.8472535Z  * [new tag]           v1.7.59         -> v1.7.59
2026-04-28T18:32:49.8472881Z  * [new tag]           v1.7.60         -> v1.7.60
2026-04-28T18:32:49.8473239Z  * [new tag]           v1.7.61         -> v1.7.61
2026-04-28T18:32:49.8473607Z  * [new tag]           v1.7.62         -> v1.7.62
2026-04-28T18:32:49.8473965Z  * [new tag]           v1.7.63         -> v1.7.63
2026-04-28T18:32:49.8474317Z  * [new tag]           v1.7.64         -> v1.7.64
2026-04-28T18:32:49.8474673Z  * [new tag]           v1.7.65         -> v1.7.65
2026-04-28T18:32:49.8475031Z  * [new tag]           v1.7.66         -> v1.7.66
2026-04-28T18:32:49.8475382Z  * [new tag]           v1.7.67         -> v1.7.67
2026-04-28T18:32:49.8475755Z  * [new tag]           v1.7.68         -> v1.7.68
2026-04-28T18:32:49.8476388Z  * [new tag]           v1.7.69         -> v1.7.69
2026-04-28T18:32:49.8476802Z  * [new tag]           v1.7.70         -> v1.7.70
2026-04-28T18:32:49.8477314Z  * [new tag]           v1.7.71         -> v1.7.71
2026-04-28T18:32:49.8477684Z  * [new tag]           v1.7.72         -> v1.7.72
2026-04-28T18:32:49.8478052Z  * [new tag]           v1.7.73         -> v1.7.73
2026-04-28T18:32:49.8478412Z  * [new tag]           v1.7.74         -> v1.7.74
2026-04-28T18:32:49.8478765Z  * [new tag]           v1.7.75         -> v1.7.75
2026-04-28T18:32:49.8479120Z  * [new tag]           v1.7.76         -> v1.7.76
2026-04-28T18:32:49.8479476Z  * [new tag]           v1.7.77         -> v1.7.77
2026-04-28T18:32:49.8479831Z  * [new tag]           v1.7.78         -> v1.7.78
2026-04-28T18:32:49.8480187Z  * [new tag]           v1.7.79         -> v1.7.79
2026-04-28T18:32:49.8480546Z  * [new tag]           v1.7.80         -> v1.7.80
2026-04-28T18:32:49.8480899Z  * [new tag]           v1.7.81         -> v1.7.81
2026-04-28T18:32:49.8481266Z  * [new tag]           v1.7.82         -> v1.7.82
2026-04-28T18:32:49.8481629Z  * [new tag]           v1.7.83         -> v1.7.83
2026-04-28T18:32:49.8574274Z ##[endgroup]
2026-04-28T18:32:49.8575096Z ##[group]Determining the checkout info
2026-04-28T18:32:49.8583498Z [command]/usr/bin/git branch --list --remote origin/feat/time-tracking-aggregator
2026-04-28T18:32:49.8612117Z   origin/feat/time-tracking-aggregator
2026-04-28T18:32:49.8617451Z ##[endgroup]
2026-04-28T18:32:49.8623373Z [command]/usr/bin/git sparse-checkout disable
2026-04-28T18:32:49.8670139Z [command]/usr/bin/git config --local --unset-all extensions.worktreeConfig
2026-04-28T18:32:49.8699847Z ##[group]Checking out the ref
2026-04-28T18:32:49.8705475Z [command]/usr/bin/git checkout --progress --force -B feat/time-tracking-aggregator refs/remotes/origin/feat/time-tracking-aggregator
2026-04-28T18:32:50.1210857Z Switched to a new branch 'feat/time-tracking-aggregator'
2026-04-28T18:32:50.1212744Z branch 'feat/time-tracking-aggregator' set up to track 'origin/feat/time-tracking-aggregator'.
2026-04-28T18:32:50.1242077Z ##[endgroup]
2026-04-28T18:32:50.1288528Z [command]/usr/bin/git log -1 --format=%H
2026-04-28T18:32:50.1316594Z 15468e322d3d89fddbe75601b0eb194b089d6c31
2026-04-28T18:32:50.1517912Z ##[group]Run dorny/paths-filter@v3
2026-04-28T18:32:50.1518200Z with:
2026-04-28T18:32:50.1518910Z   filters: android:
  - 'app/**'
  - 'gradlew'
  - 'gradlew.bat'
  - 'gradle/**'
  - 'build.gradle.kts'
  - 'settings.gradle.kts'
  - '.github/workflows/android-ci.yml'
  - '.github/actions/setup-android/**'

2026-04-28T18:32:50.1519793Z   token: ***
2026-04-28T18:32:50.1520001Z   list-files: none
2026-04-28T18:32:50.1520219Z   initial-fetch-depth: 100
2026-04-28T18:32:50.1520474Z   predicate-quantifier: some
2026-04-28T18:32:50.1520716Z ##[endgroup]
2026-04-28T18:32:50.2469699Z ##[group]Fetching list of changed files for PR#908 from Github API
2026-04-28T18:32:50.2479339Z Invoking listFiles(pull_number: 908, per_page: 100)
2026-04-28T18:32:50.6390801Z Received 8 items
2026-04-28T18:32:50.6391600Z [modified] CHANGELOG.md
2026-04-28T18:32:50.6392629Z [modified] app/src/androidTest/java/com/averycorp/prismtask/smoke/TestDatabaseModule.kt
2026-04-28T18:32:50.6393987Z [added] app/src/main/java/com/averycorp/prismtask/domain/model/TimeTracking.kt
2026-04-28T18:32:50.6395380Z [added] app/src/main/java/com/averycorp/prismtask/domain/usecase/TimeTrackingAggregator.kt
2026-04-28T18:32:50.6397072Z [modified] app/src/main/java/com/averycorp/prismtask/ui/screens/analytics/TaskAnalyticsScreen.kt
2026-04-28T18:32:50.6398545Z [modified] app/src/main/java/com/averycorp/prismtask/ui/screens/analytics/TaskAnalyticsViewModel.kt
2026-04-28T18:32:50.6400004Z [added] app/src/main/java/com/averycorp/prismtask/ui/screens/analytics/TimeTrackingSection.kt
2026-04-28T18:32:50.6401577Z [added] app/src/test/java/com/averycorp/prismtask/domain/usecase/TimeTrackingAggregatorTest.kt
2026-04-28T18:32:50.6403104Z ##[endgroup]
2026-04-28T18:32:50.6407177Z Detected 8 changed files
2026-04-28T18:32:50.6408094Z Results:
2026-04-28T18:32:50.6408791Z ##[group]Filter android = true
2026-04-28T18:32:50.6409219Z Matching files:
2026-04-28T18:32:50.6409929Z app/src/androidTest/java/com/averycorp/prismtask/smoke/TestDatabaseModule.kt [modified]
2026-04-28T18:32:50.6410966Z app/src/main/java/com/averycorp/prismtask/domain/model/TimeTracking.kt [added]
2026-04-28T18:32:50.6412009Z app/src/main/java/com/averycorp/prismtask/domain/usecase/TimeTrackingAggregator.kt [added]
2026-04-28T18:32:50.6413164Z app/src/main/java/com/averycorp/prismtask/ui/screens/analytics/TaskAnalyticsScreen.kt [modified]
2026-04-28T18:32:50.6414422Z app/src/main/java/com/averycorp/prismtask/ui/screens/analytics/TaskAnalyticsViewModel.kt [modified]
2026-04-28T18:32:50.6415639Z app/src/main/java/com/averycorp/prismtask/ui/screens/analytics/TimeTrackingSection.kt [added]
2026-04-28T18:32:50.6417108Z app/src/test/java/com/averycorp/prismtask/domain/usecase/TimeTrackingAggregatorTest.kt [added]
2026-04-28T18:32:50.6418818Z ##[endgroup]
2026-04-28T18:32:50.6419184Z Changes output set to ["android"]
2026-04-28T18:32:50.7185362Z Prepare all required actions
2026-04-28T18:32:50.7185990Z Getting action download info
2026-04-28T18:32:50.9309984Z Download action repository 'actions/setup-java@v4' (SHA:c1e323688fd81a25caa38c78aa6df2d33d3e20d9)
2026-04-28T18:32:51.7026776Z Download action repository 'gradle/actions@v4' (SHA:ed408507eac070d1f99cc633dbcf757c94c7933a)
2026-04-28T18:32:52.9033018Z ##[group]Run ./.github/actions/setup-android
2026-04-28T18:32:52.9033307Z ##[endgroup]
2026-04-28T18:32:52.9173673Z ##[group]Run actions/setup-java@v4
2026-04-28T18:32:52.9173925Z with:
2026-04-28T18:32:52.9174098Z   java-version: 21
2026-04-28T18:32:52.9174285Z   distribution: temurin
2026-04-28T18:32:52.9174489Z   java-package: jdk
2026-04-28T18:32:52.9174687Z   check-latest: false
2026-04-28T18:32:52.9174875Z   server-id: github
2026-04-28T18:32:52.9175071Z   server-username: GITHUB_ACTOR
2026-04-28T18:32:52.9175310Z   server-password: GITHUB_TOKEN
2026-04-28T18:32:52.9175540Z   overwrite-settings: true
2026-04-28T18:32:52.9175960Z   job-status: success
2026-04-28T18:32:52.9176661Z   token: ***
2026-04-28T18:32:52.9176856Z ##[endgroup]
2026-04-28T18:32:53.1227196Z ##[group]Installed distributions
2026-04-28T18:32:53.1314894Z Resolved Java 21.0.11+10 from tool-cache
2026-04-28T18:32:53.1315446Z Setting Java 21.0.11+10 as the default
2026-04-28T18:32:53.1330433Z Creating toolchains.xml for JDK version 21 from temurin
2026-04-28T18:32:53.1413309Z Writing to /home/runner/.m2/toolchains.xml
2026-04-28T18:32:53.1413969Z 
2026-04-28T18:32:53.1414175Z Java configuration:
2026-04-28T18:32:53.1415559Z   Distribution: temurin
2026-04-28T18:32:53.1416147Z   Version: 21.0.11+10
2026-04-28T18:32:53.1417541Z   Path: /opt/hostedtoolcache/Java_Temurin-Hotspot_jdk/21.0.11-10/x64
2026-04-28T18:32:53.1418233Z 
2026-04-28T18:32:53.1418987Z ##[endgroup]
2026-04-28T18:32:53.1435041Z Creating settings.xml with server-id: github
2026-04-28T18:32:53.1442860Z Writing to /home/runner/.m2/settings.xml
2026-04-28T18:32:53.1621720Z ##[group]Run gradle/actions/setup-gradle@v4
2026-04-28T18:32:53.1621990Z with:
2026-04-28T18:32:53.1622169Z   cache-disabled: false
2026-04-28T18:32:53.1622381Z   cache-read-only: true
2026-04-28T18:32:53.1622582Z   cache-write-only: false
2026-04-28T18:32:53.1622815Z   cache-overwrite-existing: false
2026-04-28T18:32:53.1623060Z   cache-cleanup: on-success
2026-04-28T18:32:53.1623325Z   gradle-home-cache-includes: caches
notifications

2026-04-28T18:32:53.1623624Z   add-job-summary: always
2026-04-28T18:32:53.1623861Z   add-job-summary-as-pr-comment: never
2026-04-28T18:32:53.1624127Z   dependency-graph: disabled
2026-04-28T18:32:53.1624412Z   dependency-graph-report-dir: dependency-graph-reports
2026-04-28T18:32:53.1624755Z   dependency-graph-continue-on-failure: true
2026-04-28T18:32:53.1625035Z   build-scan-publish: false
2026-04-28T18:32:53.1625259Z   validate-wrappers: true
2026-04-28T18:32:53.1625488Z   allow-snapshot-wrappers: false
2026-04-28T18:32:53.1625747Z   gradle-home-cache-strict-match: false
2026-04-28T18:32:53.1626016Z   workflow-job-context: null
2026-04-28T18:32:53.1626622Z   github-token: ***
2026-04-28T18:32:53.1626824Z env:
2026-04-28T18:32:53.1627109Z   JAVA_HOME: /opt/hostedtoolcache/Java_Temurin-Hotspot_jdk/21.0.11-10/x64
2026-04-28T18:32:53.1627584Z   JAVA_HOME_21_X64: /opt/hostedtoolcache/Java_Temurin-Hotspot_jdk/21.0.11-10/x64
2026-04-28T18:32:53.1627946Z ##[endgroup]
2026-04-28T18:32:53.6871063Z Merged default JDK locations into /home/runner/.m2/toolchains.xml
2026-04-28T18:32:53.6874656Z ##[group]Restore Gradle state from cache
2026-04-28T18:32:53.8569857Z Cache hit for restore-key: gradle-home-v1|Linux-X64|lint-and-test[5df42585ae8f8da228c604b8b4e8707c]-8051b9ad6b825ba1249dd020d806de9b101d4311
2026-04-28T18:32:55.0071723Z Received 104857600 of 128579843 (81.6%), 100.0 MBs/sec
2026-04-28T18:32:55.1978864Z Received 128579843 of 128579843 (100.0%), 103.0 MBs/sec
2026-04-28T18:32:55.1981586Z Cache Size: ~123 MB (128579843 B)
2026-04-28T18:32:55.2017665Z [command]/usr/bin/tar -xf /home/runner/work/_temp/2a9e8d16-dc2c-439a-894f-8c7e355d8ca7/cache.tzst -P -C /home/runner/work/prismTask/prismTask --use-compress-program unzstd
2026-04-28T18:32:55.5903658Z Cache restored successfully
2026-04-28T18:32:55.5964530Z Restored cache entry with key gradle-home-v1|Linux-X64|autofix[5df42585ae8f8da228c604b8b4e8707c]-2014d69cbc97b1ca380f9cd4023d438e667dc27f to /home/runner/.gradle/caches,/home/runner/.gradle/notifications,/home/runner/.gradle/.setup-gradle in 1908ms
2026-04-28T18:32:55.7363410Z Cache hit for: gradle-transforms-v1-056536cdefbd318c09dff7e2b77f7606
2026-04-28T18:32:55.7391966Z Cache hit for: gradle-dependencies-v1-fe646239d4e76e6b8ff58839ea8802a6
2026-04-28T18:32:55.7429443Z Cache hit for: gradle-wrapper-zips-v1-8c0de4c6bda6041d6e054bf825a89c98
2026-04-28T18:32:55.7459817Z Cache hit for: gradle-generated-gradle-jars-v1-cb4b032a7d08b9bf1e84e9eacaebcc29
2026-04-28T18:32:55.7463397Z Cache hit for: gradle-kotlin-dsl-v1-7e119fd7fe83ea220d91a1d84498140b
2026-04-28T18:32:55.7532526Z Cache hit for: gradle-instrumented-jars-v1-f4b682b7bcc7340645afc7b1f4a49588
2026-04-28T18:32:55.7634744Z Cache hit for: gradle-groovy-dsl-v1-34f2ec9cb8013cf6c81829165e1d7219
2026-04-28T18:32:56.1974764Z Received 64205 of 64205 (100.0%), 0.3 MBs/sec
2026-04-28T18:32:56.1975485Z Cache Size: ~0 MB (64205 B)
2026-04-28T18:32:56.1992590Z Received 121430 of 121430 (100.0%), 0.4 MBs/sec
2026-04-28T18:32:56.1993202Z Cache Size: ~0 MB (121430 B)
2026-04-28T18:32:56.2002925Z [command]/usr/bin/tar -xf /home/runner/work/_temp/f8b85d4a-95c1-4942-bbfc-e5c14131005d/cache.tzst -P -C /home/runner/work/prismTask/prismTask --use-compress-program unzstd
2026-04-28T18:32:56.2113438Z [command]/usr/bin/tar -xf /home/runner/work/_temp/86811e37-d72c-4b22-a7f1-a7e4e0901288/cache.tzst -P -C /home/runner/work/prismTask/prismTask --use-compress-program unzstd
2026-04-28T18:32:56.2163309Z Cache restored successfully
2026-04-28T18:32:56.2188029Z Restored cache entry with key gradle-instrumented-jars-v1-f4b682b7bcc7340645afc7b1f4a49588 to /home/runner/.gradle/caches/jars-*/*/ in 618ms
2026-04-28T18:32:56.2461738Z Cache restored successfully
2026-04-28T18:32:56.2465062Z Restored cache entry with key gradle-groovy-dsl-v1-34f2ec9cb8013cf6c81829165e1d7219 to /home/runner/.gradle/caches/*/groovy-dsl/*/ in 648ms
2026-04-28T18:32:56.3462928Z Received 571513 of 571513 (100.0%), 1.2 MBs/sec
2026-04-28T18:32:56.3506904Z Cache Size: ~1 MB (571513 B)
2026-04-28T18:32:56.3574458Z [command]/usr/bin/tar -xf /home/runner/work/_temp/c02c086a-cf72-4237-81b9-7fbabeac8af7/cache.tzst -P -C /home/runner/work/prismTask/prismTask --use-compress-program unzstd
2026-04-28T18:32:56.6623867Z Cache restored successfully
2026-04-28T18:32:56.6638676Z Restored cache entry with key gradle-kotlin-dsl-v1-7e119fd7fe83ea220d91a1d84498140b to /home/runner/.gradle/caches/*/kotlin-dsl/accessors/*/,/home/runner/.gradle/caches/*/kotlin-dsl/scripts/*/ in 1065ms
2026-04-28T18:32:56.8897511Z Received 33604796 of 41993404 (80.0%), 32.0 MBs/sec
2026-04-28T18:32:56.9242126Z Received 58720256 of 829821422 (7.1%), 56.0 MBs/sec
2026-04-28T18:32:56.9436322Z Received 37748736 of 136352669 (27.7%), 36.0 MBs/sec
2026-04-28T18:32:56.9634368Z Received 37748736 of 460796946 (8.2%), 36.0 MBs/sec
2026-04-28T18:32:56.9847660Z Received 41993404 of 41993404 (100.0%), 36.4 MBs/sec
2026-04-28T18:32:56.9850777Z Cache Size: ~40 MB (41993404 B)
2026-04-28T18:32:57.1401916Z [command]/usr/bin/tar -xf /home/runner/work/_temp/23c68647-b1f0-4748-a69f-4a26aa3a7835/cache.tzst -P -C /home/runner/work/prismTask/prismTask --use-compress-program unzstd
2026-04-28T18:32:57.4965817Z Cache restored successfully
2026-04-28T18:32:57.5489615Z Restored cache entry with key gradle-generated-gradle-jars-v1-cb4b032a7d08b9bf1e84e9eacaebcc29 to /home/runner/.gradle/caches/9.3.1/generated-gradle-jars/gradle-api-9.3.1.jar in 1951ms
2026-04-28T18:32:57.9249250Z Received 180355072 of 829821422 (21.7%), 86.0 MBs/sec
2026-04-28T18:32:57.9507605Z Received 134217728 of 136352669 (98.4%), 63.9 MBs/sec
2026-04-28T18:32:57.9756591Z Received 146800640 of 460796946 (31.9%), 69.6 MBs/sec
2026-04-28T18:32:58.2779739Z Received 136352669 of 136352669 (100.0%), 55.7 MBs/sec
2026-04-28T18:32:58.2781504Z Cache Size: ~130 MB (136352669 B)
2026-04-28T18:32:58.2905028Z [command]/usr/bin/tar -xf /home/runner/work/_temp/fd221432-4e30-413a-82c9-79852ce25f35/cache.tzst -P -C /home/runner/work/prismTask/prismTask --use-compress-program unzstd
2026-04-28T18:32:58.6032231Z Cache restored successfully
2026-04-28T18:32:58.6346856Z Restored cache entry with key gradle-wrapper-zips-v1-8c0de4c6bda6041d6e054bf825a89c98 to /home/runner/.gradle/wrapper/dists/gradle-9.3.1-bin/23ovyewtku6u96viwx3xl3oks in 3037ms
2026-04-28T18:32:58.9293886Z Received 339738624 of 829821422 (40.9%), 107.8 MBs/sec
2026-04-28T18:32:58.9784937Z Received 289406976 of 460796946 (62.8%), 91.6 MBs/sec
2026-04-28T18:32:59.9292332Z Received 532676608 of 829821422 (64.2%), 126.8 MBs/sec
2026-04-28T18:32:59.9891928Z Received 427819008 of 460796946 (92.8%), 101.4 MBs/sec
2026-04-28T18:33:00.1963819Z Received 460796946 of 460796946 (100.0%), 103.8 MBs/sec
2026-04-28T18:33:00.1966821Z Cache Size: ~439 MB (460796946 B)
2026-04-28T18:33:00.2116535Z [command]/usr/bin/tar -xf /home/runner/work/_temp/ec996315-8c39-479b-99a4-9e3e708fe833/cache.tzst -P -C /home/runner/work/prismTask/prismTask --use-compress-program unzstd
2026-04-28T18:33:00.9325749Z Received 700448768 of 829821422 (84.4%), 133.5 MBs/sec
2026-04-28T18:33:01.6091958Z Received 829821422 of 829821422 (100.0%), 139.2 MBs/sec
2026-04-28T18:33:01.6095155Z Cache Size: ~791 MB (829821422 B)
2026-04-28T18:33:01.6238965Z [command]/usr/bin/tar -xf /home/runner/work/_temp/1e89d2d0-e4aa-4382-ae19-90df9f7918d3/cache.tzst -P -C /home/runner/work/prismTask/prismTask --use-compress-program unzstd
2026-04-28T18:33:04.1825070Z Cache restored successfully
2026-04-28T18:33:04.2307309Z Restored cache entry with key gradle-dependencies-v1-fe646239d4e76e6b8ff58839ea8802a6 to /home/runner/.gradle/caches/modules-*/files-*/*/*/*/* in 8633ms
2026-04-28T18:33:07.8629581Z Cache restored successfully
2026-04-28T18:33:07.8821814Z Restored cache entry with key gradle-transforms-v1-056536cdefbd318c09dff7e2b77f7606 to /home/runner/.gradle/caches/transforms-4/*/,/home/runner/.gradle/caches/*/transforms/*/ in 12282ms
2026-04-28T18:33:07.8908533Z ##[endgroup]
2026-04-28T18:33:07.9262861Z ##[group]All Gradle Wrapper jars are valid
2026-04-28T18:33:07.9263996Z ✓ Found known Gradle Wrapper JAR files:
2026-04-28T18:33:07.9264584Z   b3a875ddc1f044746e1b1a55f645584505f4a10438c1afea9f15e92a7c42ec13 gradle/wrapper/gradle-wrapper.jar
2026-04-28T18:33:07.9265313Z ##[endgroup]
2026-04-28T18:33:07.9421582Z ##[group]Run chmod +x gradlew
2026-04-28T18:33:07.9421962Z [36;1mchmod +x gradlew[0m
2026-04-28T18:33:08.2109855Z shell: /usr/bin/bash --noprofile --norc -e -o pipefail {0}
2026-04-28T18:33:08.2110313Z env:
2026-04-28T18:33:08.2110702Z   JAVA_HOME: /opt/hostedtoolcache/Java_Temurin-Hotspot_jdk/21.0.11-10/x64
2026-04-28T18:33:08.2111315Z   JAVA_HOME_21_X64: /opt/hostedtoolcache/Java_Temurin-Hotspot_jdk/21.0.11-10/x64
2026-04-28T18:33:08.2111870Z   GRADLE_ACTION_ID: gradle/actions/setup-gradle
2026-04-28T18:33:08.2112251Z   GRADLE_USER_HOME: /home/runner/.gradle
2026-04-28T18:33:08.2112614Z   GRADLE_BUILD_ACTION_SETUP_COMPLETED: true
2026-04-28T18:33:08.2112986Z   GRADLE_BUILD_ACTION_CACHE_RESTORED: true
2026-04-28T18:33:08.2113519Z   DEVELOCITY_INJECTION_INIT_SCRIPT_NAME: gradle-actions.inject-develocity.init.gradle
2026-04-28T18:33:08.2114099Z   DEVELOCITY_INJECTION_CUSTOM_VALUE: gradle-actions
2026-04-28T18:33:08.2114490Z   GITHUB_DEPENDENCY_GRAPH_ENABLED: false
2026-04-28T18:33:08.2114825Z ##[endgroup]
2026-04-28T18:33:08.4921124Z ##[group]Run actions/cache@v4
2026-04-28T18:33:08.4921443Z with:
2026-04-28T18:33:08.4921670Z   path: app/build
2026-04-28T18:33:08.4922113Z   key: app-build-Linux-60f88d44dcf49cb52f506dd927e66ae62ee5a47d0db6c0c05b311f5e47cb64f0
2026-04-28T18:33:08.4922634Z   restore-keys: app-build-Linux-

2026-04-28T18:33:08.4922951Z   enableCrossOsArchive: false
2026-04-28T18:33:08.4923243Z   fail-on-cache-miss: false
2026-04-28T18:33:08.4923525Z   lookup-only: false
2026-04-28T18:33:08.4923773Z   save-always: false
2026-04-28T18:33:08.4924009Z env:
2026-04-28T18:33:08.4924344Z   JAVA_HOME: /opt/hostedtoolcache/Java_Temurin-Hotspot_jdk/21.0.11-10/x64
2026-04-28T18:33:08.4924881Z   JAVA_HOME_21_X64: /opt/hostedtoolcache/Java_Temurin-Hotspot_jdk/21.0.11-10/x64
2026-04-28T18:33:08.4925341Z   GRADLE_ACTION_ID: gradle/actions/setup-gradle
2026-04-28T18:33:08.4925676Z   GRADLE_USER_HOME: /home/runner/.gradle
2026-04-28T18:33:08.4926002Z   GRADLE_BUILD_ACTION_SETUP_COMPLETED: true
2026-04-28T18:33:08.4926723Z   GRADLE_BUILD_ACTION_CACHE_RESTORED: true
2026-04-28T18:33:08.4927206Z   DEVELOCITY_INJECTION_INIT_SCRIPT_NAME: gradle-actions.inject-develocity.init.gradle
2026-04-28T18:33:08.4927717Z   DEVELOCITY_INJECTION_CUSTOM_VALUE: gradle-actions
2026-04-28T18:33:08.4928073Z   GITHUB_DEPENDENCY_GRAPH_ENABLED: false
2026-04-28T18:33:08.4928387Z ##[endgroup]
2026-04-28T18:33:08.7745887Z Cache hit for: app-build-Linux-60f88d44dcf49cb52f506dd927e66ae62ee5a47d0db6c0c05b311f5e47cb64f0
2026-04-28T18:33:09.9520646Z Received 79691776 of 156131945 (51.0%), 75.9 MBs/sec
2026-04-28T18:33:10.7836950Z Received 156131945 of 156131945 (100.0%), 81.2 MBs/sec
2026-04-28T18:33:10.7837923Z Cache Size: ~149 MB (156131945 B)
2026-04-28T18:33:10.7867273Z [command]/usr/bin/tar -xf /home/runner/work/_temp/3c7cad46-715d-4c99-b3fd-160966a84e67/cache.tzst -P -C /home/runner/work/prismTask/prismTask --use-compress-program unzstd
2026-04-28T18:33:12.9707199Z Cache restored successfully
2026-04-28T18:33:12.9850880Z Cache restored from key: app-build-Linux-60f88d44dcf49cb52f506dd927e66ae62ee5a47d0db6c0c05b311f5e47cb64f0
2026-04-28T18:33:12.9959882Z ##[group]Run ./gradlew ktlintFormat --continue
2026-04-28T18:33:12.9960329Z [36;1m./gradlew ktlintFormat --continue[0m
2026-04-28T18:33:13.0014824Z shell: /usr/bin/bash -e {0}
2026-04-28T18:33:13.0015123Z env:
2026-04-28T18:33:13.0015488Z   JAVA_HOME: /opt/hostedtoolcache/Java_Temurin-Hotspot_jdk/21.0.11-10/x64
2026-04-28T18:33:13.0016065Z   JAVA_HOME_21_X64: /opt/hostedtoolcache/Java_Temurin-Hotspot_jdk/21.0.11-10/x64
2026-04-28T18:33:13.0016688Z   GRADLE_ACTION_ID: gradle/actions/setup-gradle
2026-04-28T18:33:13.0017043Z   GRADLE_USER_HOME: /home/runner/.gradle
2026-04-28T18:33:13.0017367Z   GRADLE_BUILD_ACTION_SETUP_COMPLETED: true
2026-04-28T18:33:13.0017706Z   GRADLE_BUILD_ACTION_CACHE_RESTORED: true
2026-04-28T18:33:13.0018181Z   DEVELOCITY_INJECTION_INIT_SCRIPT_NAME: gradle-actions.inject-develocity.init.gradle
2026-04-28T18:33:13.0018705Z   DEVELOCITY_INJECTION_CUSTOM_VALUE: gradle-actions
2026-04-28T18:33:13.0019068Z   GITHUB_DEPENDENCY_GRAPH_ENABLED: false
2026-04-28T18:33:13.0019441Z ##[endgroup]
2026-04-28T18:33:14.8309626Z Starting a Gradle Daemon (subsequent builds will be faster)
2026-04-28T18:33:17.0291485Z Configuration on demand is an incubating feature.
2026-04-28T18:33:23.2299995Z 
2026-04-28T18:33:23.2337824Z > Configure project :app
2026-04-28T18:33:23.2339233Z WARNING: The option setting 'android.builtInKotlin=false' is deprecated.
2026-04-28T18:33:23.2340408Z The current default is 'true'.
2026-04-28T18:33:23.2341342Z It will be removed in version 10.0 of the Android Gradle plugin.
2026-04-28T18:33:23.2342466Z WARNING: The option setting 'android.newDsl=false' is deprecated.
2026-04-28T18:33:23.2343417Z The current default is 'true'.
2026-04-28T18:33:23.2344340Z It will be removed in version 10.0 of the Android Gradle plugin.
2026-04-28T18:33:23.2345761Z WARNING: The option setting 'android.dependency.excludeLibraryComponentsFromConstraints=true' is deprecated.
2026-04-28T18:33:23.2347375Z The current default is 'false'.
2026-04-28T18:33:23.2348350Z It will be removed in version 10.0 of the Android Gradle plugin.
2026-04-28T18:33:23.2349504Z Following can be set instead to achieve a similar behaviour.
2026-04-28T18:33:23.2350588Z     android.dependency.useConstraints=false
2026-04-28T18:33:24.9285943Z w: ⚠️ Deprecated 'org.jetbrains.kotlin.android' plugin usage
2026-04-28T18:33:24.9287419Z The 'org.jetbrains.kotlin.android' plugin in project ':app' is no longer required for Kotlin support since AGP 9.0.
2026-04-28T18:33:24.9289340Z Solution: Remove both `android.builtInKotlin=true` and `android.newDsl=false` from `gradle.properties`, then migrate to built-in Kotlin.
2026-04-28T18:33:24.9290744Z See https://kotl.in/gradle/agp-built-in-kotlin for more details.
2026-04-28T18:33:24.9291278Z 
2026-04-28T18:33:25.4283717Z 
2026-04-28T18:33:25.4286927Z > Task :app:loadKtlintReporters FROM-CACHE
2026-04-28T18:33:27.3308925Z > Task :app:runKtlintFormatOverKotlinScripts
2026-04-28T18:33:27.3337561Z > Task :app:runKtlintFormatOverAndroidTestDebugSourceSet NO-SOURCE
2026-04-28T18:33:27.3338875Z > Task :app:ktlintAndroidTestDebugSourceSetFormat SKIPPED
2026-04-28T18:33:27.3341057Z > Task :app:runKtlintFormatOverAndroidTestReleaseSourceSet NO-SOURCE
2026-04-28T18:33:27.3342167Z > Task :app:ktlintAndroidTestReleaseSourceSetFormat SKIPPED
2026-04-28T18:33:27.5324609Z > Task :app:ktlintKotlinScriptFormat
2026-04-28T18:33:31.8347325Z > Task :app:runKtlintFormatOverReleaseSourceSet
2026-04-28T18:33:32.1309794Z > Task :app:ktlintReleaseSourceSetFormat
2026-04-28T18:33:32.1337026Z > Task :app:runKtlintFormatOverTestDebugSourceSet NO-SOURCE
2026-04-28T18:33:32.1348998Z > Task :app:ktlintTestDebugSourceSetFormat SKIPPED
2026-04-28T18:33:32.1367083Z > Task :app:runKtlintFormatOverTestFixturesDebugSourceSet NO-SOURCE
2026-04-28T18:33:32.1397023Z > Task :app:ktlintTestFixturesDebugSourceSetFormat SKIPPED
2026-04-28T18:33:32.1419036Z > Task :app:runKtlintFormatOverDebugSourceSet
2026-04-28T18:33:32.1447707Z > Task :app:runKtlintFormatOverTestFixturesReleaseSourceSet NO-SOURCE
2026-04-28T18:33:32.2347908Z > Task :app:ktlintTestFixturesReleaseSourceSetFormat SKIPPED
2026-04-28T18:33:32.2381582Z > Task :app:runKtlintFormatOverTestFixturesSourceSet NO-SOURCE
2026-04-28T18:33:32.2430163Z > Task :app:ktlintTestFixturesSourceSetFormat SKIPPED
2026-04-28T18:33:32.2451339Z > Task :app:runKtlintFormatOverTestReleaseSourceSet NO-SOURCE
2026-04-28T18:33:32.2497154Z > Task :app:ktlintTestReleaseSourceSetFormat SKIPPED
2026-04-28T18:33:32.4331861Z > Task :app:ktlintDebugSourceSetFormat
2026-04-28T18:33:38.1339029Z > Task :app:runKtlintFormatOverAndroidTestSourceSet
2026-04-28T18:33:38.2347487Z > Task :app:ktlintAndroidTestSourceSetFormat
2026-04-28T18:33:44.5284546Z > Task :app:runKtlintFormatOverTestSourceSet
2026-04-28T18:33:44.5287156Z > Task :app:ktlintTestSourceSetFormat
2026-04-28T18:33:57.4284020Z > Task :app:runKtlintFormatOverMainSourceSet
2026-04-28T18:33:59.5299658Z > Task :app:ktlintMainSourceSetFormat
2026-04-28T18:33:59.5300622Z > Task :app:ktlintFormat
2026-04-28T18:33:59.5303871Z gradle/actions: Writing build results to /home/runner/work/_temp/.gradle-actions/build-results/ktlint_format-1777401198640.json
2026-04-28T18:33:59.5305129Z 
2026-04-28T18:33:59.5306446Z [Incubating] Problems report is available at: file:///home/runner/work/prismTask/prismTask/build/reports/problems/problems-report.html
2026-04-28T18:33:59.5307677Z 
2026-04-28T18:33:59.5308372Z Deprecated Gradle features were used in this build, making it incompatible with Gradle 10.
2026-04-28T18:33:59.5323165Z 
2026-04-28T18:33:59.5324197Z You can use '--warning-mode all' to show the individual deprecation warnings and determine if they come from your own scripts or plugins.
2026-04-28T18:33:59.5325410Z 
2026-04-28T18:33:59.5326838Z For more on this, please refer to https://docs.gradle.org/9.3.1/userguide/command_line_interface.html#sec:command_line_warnings in the Gradle documentation.
2026-04-28T18:33:59.5328163Z 
2026-04-28T18:33:59.5328537Z BUILD SUCCESSFUL in 46s
2026-04-28T18:33:59.5329270Z 13 actionable tasks: 12 executed, 1 from cache
2026-04-28T18:33:59.9779930Z ##[group]Run ./gradlew detekt --auto-correct --continue
2026-04-28T18:33:59.9780407Z [36;1m./gradlew detekt --auto-correct --continue[0m
2026-04-28T18:33:59.9834534Z shell: /usr/bin/bash -e {0}
2026-04-28T18:33:59.9834826Z env:
2026-04-28T18:33:59.9835177Z   JAVA_HOME: /opt/hostedtoolcache/Java_Temurin-Hotspot_jdk/21.0.11-10/x64
2026-04-28T18:33:59.9835734Z   JAVA_HOME_21_X64: /opt/hostedtoolcache/Java_Temurin-Hotspot_jdk/21.0.11-10/x64
2026-04-28T18:33:59.9836552Z   GRADLE_ACTION_ID: gradle/actions/setup-gradle
2026-04-28T18:33:59.9836934Z   GRADLE_USER_HOME: /home/runner/.gradle
2026-04-28T18:33:59.9837288Z   GRADLE_BUILD_ACTION_SETUP_COMPLETED: true
2026-04-28T18:33:59.9837631Z   GRADLE_BUILD_ACTION_CACHE_RESTORED: true
2026-04-28T18:33:59.9838114Z   DEVELOCITY_INJECTION_INIT_SCRIPT_NAME: gradle-actions.inject-develocity.init.gradle
2026-04-28T18:33:59.9838638Z   DEVELOCITY_INJECTION_CUSTOM_VALUE: gradle-actions
2026-04-28T18:33:59.9839037Z   GITHUB_DEPENDENCY_GRAPH_ENABLED: false
2026-04-28T18:33:59.9839349Z ##[endgroup]
2026-04-28T18:34:00.7577505Z Configuration on demand is an incubating feature.
2026-04-28T18:34:01.1556866Z 
2026-04-28T18:34:01.1575183Z > Configure project :app
2026-04-28T18:34:01.1576427Z WARNING: The option setting 'android.builtInKotlin=false' is deprecated.
2026-04-28T18:34:01.1577522Z The current default is 'true'.
2026-04-28T18:34:01.1578958Z It will be removed in version 10.0 of the Android Gradle plugin.
2026-04-28T18:34:01.1582485Z WARNING: The option setting 'android.newDsl=false' is deprecated.
2026-04-28T18:34:01.1583299Z The current default is 'true'.
2026-04-28T18:34:01.1584055Z It will be removed in version 10.0 of the Android Gradle plugin.
2026-04-28T18:34:01.1585277Z WARNING: The option setting 'android.dependency.excludeLibraryComponentsFromConstraints=true' is deprecated.
2026-04-28T18:34:01.1598566Z The current default is 'false'.
2026-04-28T18:34:01.1599501Z It will be removed in version 10.0 of the Android Gradle plugin.
2026-04-28T18:34:01.1627320Z Following can be set instead to achieve a similar behaviour.
2026-04-28T18:34:01.1637837Z     android.dependency.useConstraints=false
2026-04-28T18:34:01.1667468Z w: ⚠️ Deprecated 'org.jetbrains.kotlin.android' plugin usage
2026-04-28T18:34:01.1679576Z The 'org.jetbrains.kotlin.android' plugin in project ':app' is no longer required for Kotlin support since AGP 9.0.
2026-04-28T18:34:01.1681595Z Solution: Remove both `android.builtInKotlin=true` and `android.newDsl=false` from `gradle.properties`, then migrate to built-in Kotlin.
2026-04-28T18:34:01.1683292Z See https://kotl.in/gradle/agp-built-in-kotlin for more details.
2026-04-28T18:34:01.1684062Z 
2026-04-28T18:34:01.7531869Z 
2026-04-28T18:34:01.7558107Z > Task :detekt-rules:checkKotlinGradlePluginConfigurationErrors SKIPPED
2026-04-28T18:34:01.8537311Z > Task :detekt-rules:compileKotlin FROM-CACHE
2026-04-28T18:34:01.8538272Z > Task :detekt-rules:compileJava NO-SOURCE
2026-04-28T18:34:01.8538772Z > Task :detekt-rules:processResources
2026-04-28T18:34:01.8539262Z > Task :detekt-rules:classes
2026-04-28T18:34:01.9533636Z > Task :detekt-rules:jar
2026-04-28T18:34:31.9567128Z > Task :app:detekt
2026-04-28T18:34:45.0511817Z gradle/actions: Writing build results to /home/runner/work/_temp/.gradle-actions/build-results/detekt_autocorrect-1777401240677.json
2026-04-28T18:34:45.0546840Z 
2026-04-28T18:34:45.0551841Z [Incubating] Problems report is available at: file:///home/runner/work/prismTask/prismTask/build/reports/problems/problems-report.html
2026-04-28T18:34:45.0553024Z 
2026-04-28T18:34:45.0553655Z Deprecated Gradle features were used in this build, making it incompatible with Gradle 10.
2026-04-28T18:34:45.0554443Z 
2026-04-28T18:34:45.0555300Z You can use '--warning-mode all' to show the individual deprecation warnings and determine if they come from your own scripts or plugins.
2026-04-28T18:34:45.0556636Z 
2026-04-28T18:34:45.0558067Z For more on this, please refer to https://docs.gradle.org/9.3.1/userguide/command_line_interface.html#sec:command_line_warnings in the Gradle documentation.
2026-04-28T18:34:45.0559251Z 
2026-04-28T18:34:45.0559538Z BUILD SUCCESSFUL in 44s
2026-04-28T18:34:45.0560244Z 4 actionable tasks: 3 executed, 1 from cache
2026-04-28T18:34:45.0690009Z ##[group]Run git config user.name "github-actions[bot]"
2026-04-28T18:34:45.0690820Z [36;1mgit config user.name "github-actions[bot]"[0m
2026-04-28T18:34:45.0691730Z [36;1mgit config user.email "github-actions[bot]@users.noreply.github.com"[0m
2026-04-28T18:34:45.0692781Z [36;1mgit diff --quiet || (git add -A && git commit -m "style: auto-format" && git push)[0m
2026-04-28T18:34:45.0771208Z shell: /usr/bin/bash -e {0}
2026-04-28T18:34:45.0771712Z env:
2026-04-28T18:34:45.0772295Z   JAVA_HOME: /opt/hostedtoolcache/Java_Temurin-Hotspot_jdk/21.0.11-10/x64
2026-04-28T18:34:45.0773239Z   JAVA_HOME_21_X64: /opt/hostedtoolcache/Java_Temurin-Hotspot_jdk/21.0.11-10/x64
2026-04-28T18:34:45.0774059Z   GRADLE_ACTION_ID: gradle/actions/setup-gradle
2026-04-28T18:34:45.0774679Z   GRADLE_USER_HOME: /home/runner/.gradle
2026-04-28T18:34:45.0775470Z   GRADLE_BUILD_ACTION_SETUP_COMPLETED: true
2026-04-28T18:34:45.0776398Z   GRADLE_BUILD_ACTION_CACHE_RESTORED: true
2026-04-28T18:34:45.0777946Z   DEVELOCITY_INJECTION_INIT_SCRIPT_NAME: gradle-actions.inject-develocity.init.gradle
2026-04-28T18:34:45.0797823Z   DEVELOCITY_INJECTION_CUSTOM_VALUE: gradle-actions
2026-04-28T18:34:45.0798802Z   GITHUB_DEPENDENCY_GRAPH_ENABLED: false
2026-04-28T18:34:45.0799325Z ##[endgroup]
2026-04-28T18:34:45.2492221Z [feat/time-tracking-aggregator d0857de5] style: auto-format
2026-04-28T18:34:45.2493040Z  2 files changed, 25 insertions(+), 25 deletions(-)
2026-04-28T18:34:45.4257743Z remote: Permission to averycorp/prismTask.git denied to akarlin3.
2026-04-28T18:34:45.4258832Z fatal: unable to access 'https://github.com/averycorp/prismTask/': The requested URL returned error: 403
2026-04-28T18:34:45.4288796Z ##[error]Process completed with exit code 128.
2026-04-28T18:34:45.4337291Z ##[group]Run ./gradlew ktlintCheck --continue
2026-04-28T18:34:45.4337699Z [36;1m./gradlew ktlintCheck --continue[0m
2026-04-28T18:34:45.4391612Z shell: /usr/bin/bash -e {0}
2026-04-28T18:34:45.4391915Z env:
2026-04-28T18:34:45.4392269Z   JAVA_HOME: /opt/hostedtoolcache/Java_Temurin-Hotspot_jdk/21.0.11-10/x64
2026-04-28T18:34:45.4392811Z   JAVA_HOME_21_X64: /opt/hostedtoolcache/Java_Temurin-Hotspot_jdk/21.0.11-10/x64
2026-04-28T18:34:45.4393290Z   GRADLE_ACTION_ID: gradle/actions/setup-gradle
2026-04-28T18:34:45.4393640Z   GRADLE_USER_HOME: /home/runner/.gradle
2026-04-28T18:34:45.4393966Z   GRADLE_BUILD_ACTION_SETUP_COMPLETED: true
2026-04-28T18:34:45.4394296Z   GRADLE_BUILD_ACTION_CACHE_RESTORED: true
2026-04-28T18:34:45.4394779Z   DEVELOCITY_INJECTION_INIT_SCRIPT_NAME: gradle-actions.inject-develocity.init.gradle
2026-04-28T18:34:45.4395329Z   DEVELOCITY_INJECTION_CUSTOM_VALUE: gradle-actions
2026-04-28T18:34:45.4395695Z   GITHUB_DEPENDENCY_GRAPH_ENABLED: false
2026-04-28T18:34:45.4396046Z ##[endgroup]
2026-04-28T18:34:46.2262896Z Configuration on demand is an incubating feature.
2026-04-28T18:34:46.5227506Z 
2026-04-28T18:34:46.5257458Z > Configure project :app
2026-04-28T18:34:46.5287399Z WARNING: The option setting 'android.builtInKotlin=false' is deprecated.
2026-04-28T18:34:46.5316657Z The current default is 'true'.
2026-04-28T18:34:46.5317279Z It will be removed in version 10.0 of the Android Gradle plugin.
2026-04-28T18:34:46.5327096Z WARNING: The option setting 'android.newDsl=false' is deprecated.
2026-04-28T18:34:46.5327933Z The current default is 'true'.
2026-04-28T18:34:46.5328707Z It will be removed in version 10.0 of the Android Gradle plugin.
2026-04-28T18:34:46.5330001Z WARNING: The option setting 'android.dependency.excludeLibraryComponentsFromConstraints=true' is deprecated.
2026-04-28T18:34:46.5331178Z The current default is 'false'.
2026-04-28T18:34:46.5331940Z It will be removed in version 10.0 of the Android Gradle plugin.
2026-04-28T18:34:46.5332882Z Following can be set instead to achieve a similar behaviour.
2026-04-28T18:34:46.5333712Z     android.dependency.useConstraints=false
2026-04-28T18:34:46.5334906Z w: ⚠️ Deprecated 'org.jetbrains.kotlin.android' plugin usage
2026-04-28T18:34:46.5336372Z The 'org.jetbrains.kotlin.android' plugin in project ':app' is no longer required for Kotlin support since AGP 9.0.
2026-04-28T18:34:46.5338126Z Solution: Remove both `android.builtInKotlin=true` and `android.newDsl=false` from `gradle.properties`, then migrate to built-in Kotlin.
2026-04-28T18:34:46.5339579Z See https://kotl.in/gradle/agp-built-in-kotlin for more details.
2026-04-28T18:34:46.5340198Z 
2026-04-28T18:34:46.6250625Z 
2026-04-28T18:34:46.6266642Z > Task :app:loadKtlintReporters UP-TO-DATE
2026-04-28T18:34:46.6267480Z > Task :app:runKtlintCheckOverAndroidTestDebugSourceSet NO-SOURCE
2026-04-28T18:34:46.6268342Z > Task :app:ktlintAndroidTestDebugSourceSetCheck SKIPPED
2026-04-28T18:34:46.6269193Z > Task :app:runKtlintCheckOverAndroidTestReleaseSourceSet NO-SOURCE
2026-04-28T18:34:46.6270037Z > Task :app:ktlintAndroidTestReleaseSourceSetCheck SKIPPED
2026-04-28T18:34:46.7242830Z > Task :app:runKtlintCheckOverDebugSourceSet FROM-CACHE
2026-04-28T18:34:46.7303892Z > Task :app:ktlintDebugSourceSetCheck FROM-CACHE
2026-04-28T18:34:46.7335327Z > Task :app:runKtlintCheckOverKotlinScripts FROM-CACHE
2026-04-28T18:34:46.7336102Z > Task :app:ktlintKotlinScriptCheck FROM-CACHE
2026-04-28T18:34:46.8232607Z > Task :app:runKtlintCheckOverReleaseSourceSet FROM-CACHE
2026-04-28T18:34:46.8249557Z > Task :app:ktlintReleaseSourceSetCheck FROM-CACHE
2026-04-28T18:34:46.8277270Z > Task :app:runKtlintCheckOverTestDebugSourceSet NO-SOURCE
2026-04-28T18:34:46.8297467Z > Task :app:ktlintTestDebugSourceSetCheck SKIPPED
2026-04-28T18:34:46.8317283Z > Task :app:runKtlintCheckOverTestFixturesDebugSourceSet NO-SOURCE
2026-04-28T18:34:46.8347263Z > Task :app:ktlintTestFixturesDebugSourceSetCheck SKIPPED
2026-04-28T18:34:46.8375147Z > Task :app:runKtlintCheckOverTestFixturesReleaseSourceSet NO-SOURCE
2026-04-28T18:34:46.8406945Z > Task :app:ktlintTestFixturesReleaseSourceSetCheck SKIPPED
2026-04-28T18:34:46.8407856Z > Task :app:runKtlintCheckOverTestFixturesSourceSet NO-SOURCE
2026-04-28T18:34:46.8437020Z > Task :app:ktlintTestFixturesSourceSetCheck SKIPPED
2026-04-28T18:34:46.8456957Z > Task :app:runKtlintCheckOverTestReleaseSourceSet NO-SOURCE
2026-04-28T18:34:46.8467116Z > Task :app:ktlintTestReleaseSourceSetCheck SKIPPED
2026-04-28T18:35:00.6247522Z > Task :app:runKtlintCheckOverAndroidTestSourceSet
2026-04-28T18:35:00.7242998Z > Task :app:ktlintAndroidTestSourceSetCheck FROM-CACHE
2026-04-28T18:35:05.3247412Z > Task :app:runKtlintCheckOverTestSourceSet
2026-04-28T18:35:05.3287417Z > Task :app:ktlintTestSourceSetCheck
2026-04-28T18:35:16.7228044Z > Task :app:runKtlintCheckOverMainSourceSet
2026-04-28T18:35:18.5228364Z > Task :app:ktlintMainSourceSetCheck
2026-04-28T18:35:18.5256921Z > Task :app:ktlintCheck
2026-04-28T18:35:18.5258006Z gradle/actions: Writing build results to /home/runner/work/_temp/.gradle-actions/build-results/__run_3-1777401286139.json
2026-04-28T18:35:18.5258866Z 
2026-04-28T18:35:18.5259696Z [Incubating] Problems report is available at: file:///home/runner/work/prismTask/prismTask/build/reports/problems/problems-report.html
2026-04-28T18:35:18.5260751Z 
2026-04-28T18:35:18.5261247Z Deprecated Gradle features were used in this build, making it incompatible with Gradle 10.
2026-04-28T18:35:18.5261958Z 
2026-04-28T18:35:18.5262722Z You can use '--warning-mode all' to show the individual deprecation warnings and determine if they come from your own scripts or plugins.
2026-04-28T18:35:18.5263632Z 
2026-04-28T18:35:18.5264502Z For more on this, please refer to https://docs.gradle.org/9.3.1/userguide/command_line_interface.html#sec:command_line_warnings in the Gradle documentation.
2026-04-28T18:35:18.5265513Z 
2026-04-28T18:35:18.5265693Z BUILD SUCCESSFUL in 33s
2026-04-28T18:35:18.6077528Z 13 actionable tasks: 5 executed, 7 from cache, 1 up-to-date
2026-04-28T18:35:18.6226849Z Post job cleanup.
2026-04-28T18:35:18.6322563Z Post job cleanup.
2026-04-28T18:35:18.9481342Z In post-action step
2026-04-28T18:35:18.9492379Z Cache is read-only: will not save state for use in subsequent builds.
2026-04-28T18:35:18.9500589Z Generating Job Summary
2026-04-28T18:35:18.9535721Z Completed post-action step
2026-04-28T18:35:18.9699836Z Post job cleanup.
2026-04-28T18:35:19.1523503Z Post job cleanup.
2026-04-28T18:35:19.2603363Z [command]/usr/bin/git version
2026-04-28T18:35:19.2650080Z git version 2.54.0
2026-04-28T18:35:19.2692841Z Temporarily overriding HOME='/home/runner/work/_temp/40f2659d-ffe8-4c89-af02-e3b37778ba65' before making global git config changes
2026-04-28T18:35:19.2693858Z Adding repository directory to the temporary git global config as a safe directory
2026-04-28T18:35:19.2698865Z [command]/usr/bin/git config --global --add safe.directory /home/runner/work/prismTask/prismTask
2026-04-28T18:35:19.2732811Z [command]/usr/bin/git config --local --name-only --get-regexp core\.sshCommand
2026-04-28T18:35:19.2765280Z [command]/usr/bin/git submodule foreach --recursive sh -c "git config --local --name-only --get-regexp 'core\.sshCommand' && git config --local --unset-all 'core.sshCommand' || :"
2026-04-28T18:35:19.2994535Z [command]/usr/bin/git config --local --name-only --get-regexp http\.https\:\/\/github\.com\/\.extraheader
2026-04-28T18:35:19.3019799Z http.https://github.com/.extraheader
2026-04-28T18:35:19.3032448Z [command]/usr/bin/git config --local --unset-all http.https://github.com/.extraheader
2026-04-28T18:35:19.3062517Z [command]/usr/bin/git submodule foreach --recursive sh -c "git config --local --name-only --get-regexp 'http\.https\:\/\/github\.com\/\.extraheader' && git config --local --unset-all 'http.https://github.com/.extraheader' || :"
2026-04-28T18:35:19.3284154Z [command]/usr/bin/git config --local --name-only --get-regexp ^includeIf\.gitdir:
2026-04-28T18:35:19.3315863Z [command]/usr/bin/git submodule foreach --recursive git config --local --show-origin --name-only --get-regexp remote.origin.url
2026-04-28T18:35:19.3644994Z Cleaning up orphan processes
2026-04-28T18:35:19.4079841Z Terminate orphan process: pid (2512) (java)
2026-04-28T18:35:19.4099456Z ##[warning]Node.js 20 actions are deprecated. The following actions are running on Node.js 20 and may not work as expected: actions/cache@v4, actions/checkout@v4, actions/setup-java@v4, dorny/paths-filter@v3, gradle/actions/setup-gradle@v4. Actions will be forced to run with Node.js 24 by default starting June 2nd, 2026. Node.js 20 will be removed from the runner on September 16th, 2026. Please check if updated versions of these actions are available that support Node.js 24. To opt into Node.js 24 now, set the FORCE_JAVASCRIPT_ACTIONS_TO_NODE24=true environment variable on the runner or in your workflow file. Once Node.js 24 becomes the default, you can temporarily opt out by setting ACTIONS_ALLOW_USE_UNSECURE_NODE_VERSION=true. For more information see: https://github.blog/changelog/2025-09-19-deprecation-of-node-20-on-github-actions-runners/
