=== CI FAILURE ===
Workflow:      Android CI
Workflow file: averycorp/prismTask/.github/workflows/android-ci.yml@refs/pull/949/merge
Job(s):        lint-and-test
Run ID:        25138320528
Run attempt:   1
Run URL:       https://github.com/averycorp/prismTask/actions/runs/25138320528
Commit:        eab9b5321ff39de4b67594aa35769646d9ba58fe
Branch:        949/merge
Event:         pull_request
Actor:         akarlin3
Runner OS:     Linux
Timestamp:     2026-04-29T23:05:47.508Z

Failed steps:
  - lint-and-test: #8 detekt | #9 Android lint — PR (lintDebug only) | #11 Compile androidTest sources (type-check only) | #14 Post failure details to PR

=== FAILED JOB LOG ===

--- Job: lint-and-test (id 73682006959) ---
2026-04-29T23:01:52.2705918Z Current runner version: '2.334.0'
2026-04-29T23:01:52.2742097Z ##[group]Runner Image Provisioner
2026-04-29T23:01:52.2742889Z Hosted Compute Agent
2026-04-29T23:01:52.2743529Z Version: 20260213.493
2026-04-29T23:01:52.2744092Z Commit: 5c115507f6dd24b8de37d8bbe0bb4509d0cc0fa3
2026-04-29T23:01:52.2744791Z Build Date: 2026-02-13T00:28:41Z
2026-04-29T23:01:52.2745475Z Worker ID: {feee7433-2f36-458a-8793-aebdcf526982}
2026-04-29T23:01:52.2746179Z Azure Region: northcentralus
2026-04-29T23:01:52.2746764Z ##[endgroup]
2026-04-29T23:01:52.2748709Z ##[group]Operating System
2026-04-29T23:01:52.2749333Z Ubuntu
2026-04-29T23:01:52.2749783Z 24.04.4
2026-04-29T23:01:52.2750342Z LTS
2026-04-29T23:01:52.2750756Z ##[endgroup]
2026-04-29T23:01:52.2751303Z ##[group]Runner Image
2026-04-29T23:01:52.2752221Z Image: ubuntu-24.04
2026-04-29T23:01:52.2752768Z Version: 20260413.86.1
2026-04-29T23:01:52.2753913Z Included Software: https://github.com/actions/runner-images/blob/ubuntu24/20260413.86/images/ubuntu/Ubuntu2404-Readme.md
2026-04-29T23:01:52.2755393Z Image Release: https://github.com/actions/runner-images/releases/tag/ubuntu24%2F20260413.86
2026-04-29T23:01:52.2756333Z ##[endgroup]
2026-04-29T23:01:52.2757606Z ##[group]GITHUB_TOKEN Permissions
2026-04-29T23:01:52.2759721Z Actions: read
2026-04-29T23:01:52.2760334Z Checks: read
2026-04-29T23:01:52.2760833Z Contents: write
2026-04-29T23:01:52.2761382Z Metadata: read
2026-04-29T23:01:52.2762179Z PullRequests: read
2026-04-29T23:01:52.2762793Z ##[endgroup]
2026-04-29T23:01:52.2764777Z Secret source: Actions
2026-04-29T23:01:52.2765836Z Prepare workflow directory
2026-04-29T23:01:52.3109463Z Prepare all required actions
2026-04-29T23:01:52.3148325Z Getting action download info
2026-04-29T23:01:52.7686517Z Download action repository 'actions/checkout@v4' (SHA:34e114876b0b11c390a56381ad16ebd13914f8d5)
2026-04-29T23:01:52.9027418Z Download action repository 'dorny/paths-filter@v3' (SHA:d1c1ffe0248fe513906c8e24db8ea791d46f8590)
2026-04-29T23:01:53.2938427Z Download action repository 'actions/cache@v4' (SHA:0057852bfaa89a56745cba8c7296529d2fc39830)
2026-04-29T23:01:53.3858341Z Download action repository 'actions/github-script@v7' (SHA:f28e40c7f34bde8b3046d885e986cb6290c5673b)
2026-04-29T23:01:53.7924747Z Download action repository 'actions/upload-artifact@v4' (SHA:ea165f8d65b6e75b540449e92b4886f43607fa02)
2026-04-29T23:01:54.0553522Z Complete job name: lint-and-test
2026-04-29T23:01:54.1513635Z ##[group]Run actions/checkout@v4
2026-04-29T23:01:54.1515239Z with:
2026-04-29T23:01:54.1516081Z   ref: 0ae1d5325e9ac7428ed9c1f5675df9e64e30e22d
2026-04-29T23:01:54.1517205Z   repository: averycorp/prismTask
2026-04-29T23:01:54.1518379Z   token: ***
2026-04-29T23:01:54.1519115Z   ssh-strict: true
2026-04-29T23:01:54.1519874Z   ssh-user: git
2026-04-29T23:01:54.1520643Z   persist-credentials: true
2026-04-29T23:01:54.1521487Z   clean: true
2026-04-29T23:01:54.1522560Z   sparse-checkout-cone-mode: true
2026-04-29T23:01:54.1523509Z   fetch-depth: 1
2026-04-29T23:01:54.1524259Z   fetch-tags: false
2026-04-29T23:01:54.1525056Z   show-progress: true
2026-04-29T23:01:54.1525827Z   lfs: false
2026-04-29T23:01:54.1526534Z   submodules: false
2026-04-29T23:01:54.1527318Z   set-safe-directory: true
2026-04-29T23:01:54.1528515Z ##[endgroup]
2026-04-29T23:01:54.2727206Z Syncing repository: averycorp/prismTask
2026-04-29T23:01:54.2731068Z ##[group]Getting Git version info
2026-04-29T23:01:54.2733556Z Working directory is '/home/runner/work/prismTask/prismTask'
2026-04-29T23:01:54.2735769Z [command]/usr/bin/git version
2026-04-29T23:01:54.2813095Z git version 2.53.0
2026-04-29T23:01:54.2826913Z ##[endgroup]
2026-04-29T23:01:54.2835923Z Temporarily overriding HOME='/home/runner/work/_temp/8a4469ca-6d4c-46f5-b9d6-a5855fbd79df' before making global git config changes
2026-04-29T23:01:54.2841230Z Adding repository directory to the temporary git global config as a safe directory
2026-04-29T23:01:54.2846068Z [command]/usr/bin/git config --global --add safe.directory /home/runner/work/prismTask/prismTask
2026-04-29T23:01:54.2872512Z Deleting the contents of '/home/runner/work/prismTask/prismTask'
2026-04-29T23:01:54.2876360Z ##[group]Initializing the repository
2026-04-29T23:01:54.2879713Z [command]/usr/bin/git init /home/runner/work/prismTask/prismTask
2026-04-29T23:01:54.2978531Z hint: Using 'master' as the name for the initial branch. This default branch name
2026-04-29T23:01:54.2982450Z hint: will change to "main" in Git 3.0. To configure the initial branch name
2026-04-29T23:01:54.2985898Z hint: to use in all of your new repositories, which will suppress this warning,
2026-04-29T23:01:54.2988731Z hint: call:
2026-04-29T23:01:54.2990304Z hint:
2026-04-29T23:01:54.2992431Z hint: 	git config --global init.defaultBranch <name>
2026-04-29T23:01:54.2995044Z hint:
2026-04-29T23:01:54.2997248Z hint: Names commonly chosen instead of 'master' are 'main', 'trunk' and
2026-04-29T23:01:54.3000704Z hint: 'development'. The just-created branch can be renamed via this command:
2026-04-29T23:01:54.3003792Z hint:
2026-04-29T23:01:54.3005495Z hint: 	git branch -m <name>
2026-04-29T23:01:54.3007371Z hint:
2026-04-29T23:01:54.3009969Z hint: Disable this message with "git config set advice.defaultBranchName false"
2026-04-29T23:01:54.3014154Z Initialized empty Git repository in /home/runner/work/prismTask/prismTask/.git/
2026-04-29T23:01:54.3020420Z [command]/usr/bin/git remote add origin https://github.com/averycorp/prismTask
2026-04-29T23:01:54.3026636Z ##[endgroup]
2026-04-29T23:01:54.3029246Z ##[group]Disabling automatic garbage collection
2026-04-29T23:01:54.3032101Z [command]/usr/bin/git config --local gc.auto 0
2026-04-29T23:01:54.3057541Z ##[endgroup]
2026-04-29T23:01:54.3060092Z ##[group]Setting up auth
2026-04-29T23:01:54.3063006Z [command]/usr/bin/git config --local --name-only --get-regexp core\.sshCommand
2026-04-29T23:01:54.3093992Z [command]/usr/bin/git submodule foreach --recursive sh -c "git config --local --name-only --get-regexp 'core\.sshCommand' && git config --local --unset-all 'core.sshCommand' || :"
2026-04-29T23:01:54.3405470Z [command]/usr/bin/git config --local --name-only --get-regexp http\.https\:\/\/github\.com\/\.extraheader
2026-04-29T23:01:54.3438747Z [command]/usr/bin/git submodule foreach --recursive sh -c "git config --local --name-only --get-regexp 'http\.https\:\/\/github\.com\/\.extraheader' && git config --local --unset-all 'http.https://github.com/.extraheader' || :"
2026-04-29T23:01:54.3663856Z [command]/usr/bin/git config --local --name-only --get-regexp ^includeIf\.gitdir:
2026-04-29T23:01:54.3695478Z [command]/usr/bin/git submodule foreach --recursive git config --local --show-origin --name-only --get-regexp remote.origin.url
2026-04-29T23:01:54.3927133Z [command]/usr/bin/git config --local http.https://github.com/.extraheader AUTHORIZATION: basic ***
2026-04-29T23:01:54.3961051Z ##[endgroup]
2026-04-29T23:01:54.3963695Z ##[group]Fetching the repository
2026-04-29T23:01:54.3972302Z [command]/usr/bin/git -c protocol.version=2 fetch --no-tags --prune --no-recurse-submodules --depth=1 origin 0ae1d5325e9ac7428ed9c1f5675df9e64e30e22d
2026-04-29T23:01:57.0941355Z From https://github.com/averycorp/prismTask
2026-04-29T23:01:57.0943175Z  * branch            0ae1d5325e9ac7428ed9c1f5675df9e64e30e22d -> FETCH_HEAD
2026-04-29T23:01:57.0964962Z ##[endgroup]
2026-04-29T23:01:57.0965685Z ##[group]Determining the checkout info
2026-04-29T23:01:57.0968072Z ##[endgroup]
2026-04-29T23:01:57.0973249Z [command]/usr/bin/git sparse-checkout disable
2026-04-29T23:01:57.1008482Z [command]/usr/bin/git config --local --unset-all extensions.worktreeConfig
2026-04-29T23:01:57.1033968Z ##[group]Checking out the ref
2026-04-29T23:01:57.1037656Z [command]/usr/bin/git checkout --progress --force 0ae1d5325e9ac7428ed9c1f5675df9e64e30e22d
2026-04-29T23:01:57.3367357Z Note: switching to '0ae1d5325e9ac7428ed9c1f5675df9e64e30e22d'.
2026-04-29T23:01:57.3367851Z 
2026-04-29T23:01:57.3368355Z You are in 'detached HEAD' state. You can look around, make experimental
2026-04-29T23:01:57.3369329Z changes and commit them, and you can discard any commits you make in this
2026-04-29T23:01:57.3370803Z state without impacting any branches by switching back to a branch.
2026-04-29T23:01:57.3371394Z 
2026-04-29T23:01:57.3372082Z If you want to create a new branch to retain commits you create, you may
2026-04-29T23:01:57.3372962Z do so (now or later) by using -c with the switch command. Example:
2026-04-29T23:01:57.3373452Z 
2026-04-29T23:01:57.3373694Z   git switch -c <new-branch-name>
2026-04-29T23:01:57.3374031Z 
2026-04-29T23:01:57.3374233Z Or undo this operation with:
2026-04-29T23:01:57.3374565Z 
2026-04-29T23:01:57.3374738Z   git switch -
2026-04-29T23:01:57.3374991Z 
2026-04-29T23:01:57.3375405Z Turn off this advice by setting config variable advice.detachedHead to false
2026-04-29T23:01:57.3376045Z 
2026-04-29T23:01:57.3376558Z HEAD is now at 0ae1d53 feat(widget): atmospherics + 6 proposed widgets + theme override + ship
2026-04-29T23:01:57.3390430Z ##[endgroup]
2026-04-29T23:01:57.3428919Z [command]/usr/bin/git log -1 --format=%H
2026-04-29T23:01:57.3451976Z 0ae1d5325e9ac7428ed9c1f5675df9e64e30e22d
2026-04-29T23:01:57.3668192Z ##[group]Run dorny/paths-filter@v3
2026-04-29T23:01:57.3668530Z with:
2026-04-29T23:01:57.3669307Z   filters: android:
  - 'app/**'
  - 'gradlew'
  - 'gradlew.bat'
  - 'gradle/**'
  - 'build.gradle.kts'
  - 'settings.gradle.kts'
  - '.github/workflows/android-ci.yml'
  - '.github/actions/setup-android/**'

2026-04-29T23:01:57.3670255Z   token: ***
2026-04-29T23:01:57.3670486Z   list-files: none
2026-04-29T23:01:57.3670736Z   initial-fetch-depth: 100
2026-04-29T23:01:57.3671462Z   predicate-quantifier: some
2026-04-29T23:01:57.3672258Z ##[endgroup]
2026-04-29T23:01:57.4637892Z ##[group]Fetching list of changed files for PR#949 from Github API
2026-04-29T23:01:57.4647322Z Invoking listFiles(pull_number: 949, per_page: 100)
2026-04-29T23:01:57.8302564Z Received 34 items
2026-04-29T23:01:57.8303257Z [modified] app/build.gradle.kts
2026-04-29T23:01:57.8304605Z [modified] app/src/main/AndroidManifest.xml
2026-04-29T23:01:57.8306007Z [modified] app/src/main/java/com/averycorp/prismtask/data/preferences/ThemePreferences.kt
2026-04-29T23:01:57.8307766Z [modified] app/src/main/java/com/averycorp/prismtask/ui/screens/settings/SettingsScreen.kt
2026-04-29T23:01:57.8309543Z [added] app/src/main/java/com/averycorp/prismtask/ui/screens/settings/sections/WidgetThemeSection.kt
2026-04-29T23:01:57.8311071Z [modified] app/src/main/java/com/averycorp/prismtask/ui/theme/ThemeViewModel.kt
2026-04-29T23:01:57.8312659Z [modified] app/src/main/java/com/averycorp/prismtask/widget/CalendarWidget.kt
2026-04-29T23:01:57.8313993Z [added] app/src/main/java/com/averycorp/prismtask/widget/EisenhowerWidget.kt
2026-04-29T23:01:57.8315366Z [added] app/src/main/java/com/averycorp/prismtask/widget/FocusWidget.kt
2026-04-29T23:01:57.8316650Z [modified] app/src/main/java/com/averycorp/prismtask/widget/HabitStreakWidget.kt
2026-04-29T23:01:57.8317923Z [added] app/src/main/java/com/averycorp/prismtask/widget/InboxWidget.kt
2026-04-29T23:01:57.8319272Z [added] app/src/main/java/com/averycorp/prismtask/widget/MedicationWidget.kt
2026-04-29T23:01:57.8320648Z [modified] app/src/main/java/com/averycorp/prismtask/widget/ProductivityWidget.kt
2026-04-29T23:01:57.8322187Z [modified] app/src/main/java/com/averycorp/prismtask/widget/ProjectWidget.kt
2026-04-29T23:01:57.8323509Z [added] app/src/main/java/com/averycorp/prismtask/widget/StatsSparklineWidget.kt
2026-04-29T23:01:57.8324714Z [added] app/src/main/java/com/averycorp/prismtask/widget/StreakCalendarWidget.kt
2026-04-29T23:01:57.8325895Z [modified] app/src/main/java/com/averycorp/prismtask/widget/TimerWidget.kt
2026-04-29T23:01:57.8327014Z [modified] app/src/main/java/com/averycorp/prismtask/widget/TodayWidget.kt
2026-04-29T23:01:57.8328139Z [modified] app/src/main/java/com/averycorp/prismtask/widget/UpcomingWidget.kt
2026-04-29T23:01:57.8329341Z [modified] app/src/main/java/com/averycorp/prismtask/widget/WidgetTheme.kt
2026-04-29T23:01:57.8330544Z [modified] app/src/main/java/com/averycorp/prismtask/widget/WidgetUpdateManager.kt
2026-04-29T23:01:57.8332306Z [added] app/src/main/res/drawable-nodpi/scanline_cyan.png
2026-04-29T23:01:57.8333249Z [added] app/src/main/res/drawable-nodpi/scanline_green.png
2026-04-29T23:01:57.8334192Z [added] app/src/main/res/drawable/widget_bg_cyberpunk.xml
2026-04-29T23:01:57.8344401Z [added] app/src/main/res/drawable/widget_bg_matrix.xml
2026-04-29T23:01:57.8345857Z [added] app/src/main/res/drawable/widget_bg_synthwave.xml
2026-04-29T23:01:57.8346543Z [added] app/src/main/res/drawable/widget_bg_void.xml
2026-04-29T23:01:57.8347103Z [modified] app/src/main/res/values/strings.xml
2026-04-29T23:01:57.8347709Z [added] app/src/main/res/xml/eisenhower_widget_info.xml
2026-04-29T23:01:57.8348282Z [added] app/src/main/res/xml/focus_widget_info.xml
2026-04-29T23:01:57.8348832Z [added] app/src/main/res/xml/inbox_widget_info.xml
2026-04-29T23:01:57.8349373Z [added] app/src/main/res/xml/medication_widget_info.xml
2026-04-29T23:01:57.8349988Z [added] app/src/main/res/xml/stats_sparkline_widget_info.xml
2026-04-29T23:01:57.8350917Z [added] app/src/main/res/xml/streak_calendar_widget_info.xml
2026-04-29T23:01:57.8352186Z ##[endgroup]
2026-04-29T23:01:57.8352501Z Detected 34 changed files
2026-04-29T23:01:57.8352857Z Results:
2026-04-29T23:01:57.8353455Z ##[group]Filter android = true
2026-04-29T23:01:57.8353851Z Matching files:
2026-04-29T23:01:57.8354197Z app/build.gradle.kts [modified]
2026-04-29T23:01:57.8354639Z app/src/main/AndroidManifest.xml [modified]
2026-04-29T23:01:57.8355395Z app/src/main/java/com/averycorp/prismtask/data/preferences/ThemePreferences.kt [modified]
2026-04-29T23:01:57.8356463Z app/src/main/java/com/averycorp/prismtask/ui/screens/settings/SettingsScreen.kt [modified]
2026-04-29T23:01:57.8357569Z app/src/main/java/com/averycorp/prismtask/ui/screens/settings/sections/WidgetThemeSection.kt [added]
2026-04-29T23:01:57.8358656Z app/src/main/java/com/averycorp/prismtask/ui/theme/ThemeViewModel.kt [modified]
2026-04-29T23:01:57.8359538Z app/src/main/java/com/averycorp/prismtask/widget/CalendarWidget.kt [modified]
2026-04-29T23:01:57.8360431Z app/src/main/java/com/averycorp/prismtask/widget/EisenhowerWidget.kt [added]
2026-04-29T23:01:57.8361322Z app/src/main/java/com/averycorp/prismtask/widget/FocusWidget.kt [added]
2026-04-29T23:01:57.8362351Z app/src/main/java/com/averycorp/prismtask/widget/HabitStreakWidget.kt [modified]
2026-04-29T23:01:57.8363226Z app/src/main/java/com/averycorp/prismtask/widget/InboxWidget.kt [added]
2026-04-29T23:01:57.8364072Z app/src/main/java/com/averycorp/prismtask/widget/MedicationWidget.kt [added]
2026-04-29T23:01:57.8364956Z app/src/main/java/com/averycorp/prismtask/widget/ProductivityWidget.kt [modified]
2026-04-29T23:01:57.8365819Z app/src/main/java/com/averycorp/prismtask/widget/ProjectWidget.kt [modified]
2026-04-29T23:01:57.8366711Z app/src/main/java/com/averycorp/prismtask/widget/StatsSparklineWidget.kt [added]
2026-04-29T23:01:57.8367656Z app/src/main/java/com/averycorp/prismtask/widget/StreakCalendarWidget.kt [added]
2026-04-29T23:01:57.8368577Z app/src/main/java/com/averycorp/prismtask/widget/TimerWidget.kt [modified]
2026-04-29T23:01:57.8369443Z app/src/main/java/com/averycorp/prismtask/widget/TodayWidget.kt [modified]
2026-04-29T23:01:57.8370314Z app/src/main/java/com/averycorp/prismtask/widget/UpcomingWidget.kt [modified]
2026-04-29T23:01:57.8371170Z app/src/main/java/com/averycorp/prismtask/widget/WidgetTheme.kt [modified]
2026-04-29T23:01:57.8372320Z app/src/main/java/com/averycorp/prismtask/widget/WidgetUpdateManager.kt [modified]
2026-04-29T23:01:57.8373178Z app/src/main/res/drawable-nodpi/scanline_cyan.png [added]
2026-04-29T23:01:57.8373866Z app/src/main/res/drawable-nodpi/scanline_green.png [added]
2026-04-29T23:01:57.8374521Z app/src/main/res/drawable/widget_bg_cyberpunk.xml [added]
2026-04-29T23:01:57.8375124Z app/src/main/res/drawable/widget_bg_matrix.xml [added]
2026-04-29T23:01:57.8375823Z app/src/main/res/drawable/widget_bg_synthwave.xml [added]
2026-04-29T23:01:57.8376448Z app/src/main/res/drawable/widget_bg_void.xml [added]
2026-04-29T23:01:57.8377003Z app/src/main/res/values/strings.xml [modified]
2026-04-29T23:01:57.8377836Z app/src/main/res/xml/eisenhower_widget_info.xml [added]
2026-04-29T23:01:57.8378426Z app/src/main/res/xml/focus_widget_info.xml [added]
2026-04-29T23:01:57.8378985Z app/src/main/res/xml/inbox_widget_info.xml [added]
2026-04-29T23:01:57.8379568Z app/src/main/res/xml/medication_widget_info.xml [added]
2026-04-29T23:01:57.8380202Z app/src/main/res/xml/stats_sparkline_widget_info.xml [added]
2026-04-29T23:01:57.8380855Z app/src/main/res/xml/streak_calendar_widget_info.xml [added]
2026-04-29T23:01:57.8381881Z ##[endgroup]
2026-04-29T23:01:57.8382209Z Changes output set to ["android"]
2026-04-29T23:01:57.9122566Z Prepare all required actions
2026-04-29T23:01:57.9123039Z Getting action download info
2026-04-29T23:01:58.5913549Z Download action repository 'actions/setup-java@v4' (SHA:c1e323688fd81a25caa38c78aa6df2d33d3e20d9)
2026-04-29T23:01:59.1853403Z Download action repository 'gradle/actions@v4' (SHA:ed408507eac070d1f99cc633dbcf757c94c7933a)
2026-04-29T23:02:00.1967374Z ##[group]Run ./.github/actions/setup-android
2026-04-29T23:02:00.1967670Z ##[endgroup]
2026-04-29T23:02:00.2081239Z ##[group]Run actions/setup-java@v4
2026-04-29T23:02:00.2081492Z with:
2026-04-29T23:02:00.2081877Z   java-version: 21
2026-04-29T23:02:00.2082085Z   distribution: temurin
2026-04-29T23:02:00.2082302Z   java-package: jdk
2026-04-29T23:02:00.2082510Z   check-latest: false
2026-04-29T23:02:00.2082710Z   server-id: github
2026-04-29T23:02:00.2082925Z   server-username: GITHUB_ACTOR
2026-04-29T23:02:00.2083174Z   server-password: GITHUB_TOKEN
2026-04-29T23:02:00.2083417Z   overwrite-settings: true
2026-04-29T23:02:00.2083675Z   job-status: success
2026-04-29T23:02:00.2083975Z   token: ***
2026-04-29T23:02:00.2084169Z ##[endgroup]
2026-04-29T23:02:00.4226202Z ##[group]Installed distributions
2026-04-29T23:02:00.4579423Z Resolved Java 21.0.10+7 from tool-cache
2026-04-29T23:02:00.4580246Z Setting Java 21.0.10+7 as the default
2026-04-29T23:02:00.4598022Z Creating toolchains.xml for JDK version 21 from temurin
2026-04-29T23:02:00.4676803Z Writing to /home/runner/.m2/toolchains.xml
2026-04-29T23:02:00.4677607Z 
2026-04-29T23:02:00.4678023Z Java configuration:
2026-04-29T23:02:00.4679158Z   Distribution: temurin
2026-04-29T23:02:00.4679560Z   Version: 21.0.10+7
2026-04-29T23:02:00.4680399Z   Path: /opt/hostedtoolcache/Java_Temurin-Hotspot_jdk/21.0.10-7/x64
2026-04-29T23:02:00.4681066Z 
2026-04-29T23:02:00.4681952Z ##[endgroup]
2026-04-29T23:02:00.4700201Z Creating settings.xml with server-id: github
2026-04-29T23:02:00.4707455Z Writing to /home/runner/.m2/settings.xml
2026-04-29T23:02:00.4886937Z ##[group]Run gradle/actions/setup-gradle@v4
2026-04-29T23:02:00.4887215Z with:
2026-04-29T23:02:00.4887393Z   cache-disabled: false
2026-04-29T23:02:00.4887609Z   cache-read-only: true
2026-04-29T23:02:00.4887816Z   cache-write-only: false
2026-04-29T23:02:00.4888040Z   cache-overwrite-existing: false
2026-04-29T23:02:00.4888283Z   cache-cleanup: on-success
2026-04-29T23:02:00.4888543Z   gradle-home-cache-includes: caches
notifications

2026-04-29T23:02:00.4888851Z   add-job-summary: always
2026-04-29T23:02:00.4889087Z   add-job-summary-as-pr-comment: never
2026-04-29T23:02:00.4889357Z   dependency-graph: disabled
2026-04-29T23:02:00.4889645Z   dependency-graph-report-dir: dependency-graph-reports
2026-04-29T23:02:00.4889994Z   dependency-graph-continue-on-failure: true
2026-04-29T23:02:00.4890276Z   build-scan-publish: false
2026-04-29T23:02:00.4890495Z   validate-wrappers: true
2026-04-29T23:02:00.4890723Z   allow-snapshot-wrappers: false
2026-04-29T23:02:00.4890972Z   gradle-home-cache-strict-match: false
2026-04-29T23:02:00.4891238Z   workflow-job-context: null
2026-04-29T23:02:00.4891879Z   github-token: ***
2026-04-29T23:02:00.4892126Z env:
2026-04-29T23:02:00.4892424Z   JAVA_HOME: /opt/hostedtoolcache/Java_Temurin-Hotspot_jdk/21.0.10-7/x64
2026-04-29T23:02:00.4892900Z   JAVA_HOME_21_X64: /opt/hostedtoolcache/Java_Temurin-Hotspot_jdk/21.0.10-7/x64
2026-04-29T23:02:00.4893261Z ##[endgroup]
2026-04-29T23:02:01.4166758Z Merged default JDK locations into /home/runner/.m2/toolchains.xml
2026-04-29T23:02:01.4169675Z ##[group]Restore Gradle state from cache
2026-04-29T23:02:01.5412812Z Cache hit for restore-key: gradle-home-v1|Linux-X64|lint-and-test[5df42585ae8f8da228c604b8b4e8707c]-d67234da7d6afb0eabaddd8b5213347c489f21f3
2026-04-29T23:02:02.4187621Z Received 55865484 of 55865484 (100.0%), 71.0 MBs/sec
2026-04-29T23:02:02.4190583Z Cache Size: ~53 MB (55865484 B)
2026-04-29T23:02:02.4225200Z [command]/usr/bin/tar -xf /home/runner/work/_temp/0f092cbf-8642-4cad-90a2-35869389630b/cache.tzst -P -C /home/runner/work/prismTask/prismTask --use-compress-program unzstd
2026-04-29T23:02:02.7411870Z Cache restored successfully
2026-04-29T23:02:02.7441375Z Restored cache entry with key gradle-home-v1|Linux-X64|lint-and-test[5df42585ae8f8da228c604b8b4e8707c]-eab9b5321ff39de4b67594aa35769646d9ba58fe to /home/runner/.gradle/caches,/home/runner/.gradle/notifications,/home/runner/.gradle/.setup-gradle in 1326ms
2026-04-29T23:02:02.8523289Z Cache hit for: gradle-groovy-dsl-v1-ecbdd01a81d470d2a85bb5beac040e51
2026-04-29T23:02:02.8592043Z Cache hit for: gradle-instrumented-jars-v1-1a608c0cb780b17f110b70f96a968e29
2026-04-29T23:02:02.8614778Z Cache hit for: gradle-wrapper-zips-v1-8c0de4c6bda6041d6e054bf825a89c98
2026-04-29T23:02:02.8638072Z Cache hit for: gradle-kotlin-dsl-v1-1ee23638351472a34544c900e714589c
2026-04-29T23:02:02.8645171Z Cache hit for: gradle-dependencies-v1-fe646239d4e76e6b8ff58839ea8802a6
2026-04-29T23:02:02.8682928Z Cache hit for: gradle-transforms-v1-625cd3d837030151221c00609e7e2656
2026-04-29T23:02:02.8687374Z Cache hit for: gradle-generated-gradle-jars-v1-cb4b032a7d08b9bf1e84e9eacaebcc29
2026-04-29T23:02:02.9520796Z Received 592206 of 592206 (100.0%), 10.1 MBs/sec
2026-04-29T23:02:02.9521767Z Cache Size: ~1 MB (592206 B)
2026-04-29T23:02:02.9651407Z [command]/usr/bin/tar -xf /home/runner/work/_temp/3367f2df-dfb3-4116-bfa5-8ce08968399e/cache.tzst -P -C /home/runner/work/prismTask/prismTask --use-compress-program unzstd
2026-04-29T23:02:03.2274965Z Received 64423 of 64423 (100.0%), 0.2 MBs/sec
2026-04-29T23:02:03.2275763Z Cache Size: ~0 MB (64423 B)
2026-04-29T23:02:03.2296119Z Received 109486 of 109486 (100.0%), 0.4 MBs/sec
2026-04-29T23:02:03.2297036Z Cache Size: ~0 MB (109486 B)
2026-04-29T23:02:03.2388842Z [command]/usr/bin/tar -xf /home/runner/work/_temp/beab74a1-d87d-42fa-960b-4e5ac80daab9/cache.tzst -P -C /home/runner/work/prismTask/prismTask --use-compress-program unzstd
2026-04-29T23:02:03.2438304Z [command]/usr/bin/tar -xf /home/runner/work/_temp/fb600ea5-172c-4797-9c96-9cbf44897a8e/cache.tzst -P -C /home/runner/work/prismTask/prismTask --use-compress-program unzstd
2026-04-29T23:02:03.2848622Z Cache restored successfully
2026-04-29T23:02:03.2858809Z Restored cache entry with key gradle-instrumented-jars-v1-1a608c0cb780b17f110b70f96a968e29 to /home/runner/.gradle/caches/jars-*/*/ in 540ms
2026-04-29T23:02:03.3145233Z Cache restored successfully
2026-04-29T23:02:03.3204708Z Restored cache entry with key gradle-groovy-dsl-v1-ecbdd01a81d470d2a85bb5beac040e51 to /home/runner/.gradle/caches/*/groovy-dsl/*/ in 568ms
2026-04-29T23:02:03.3731061Z Cache restored successfully
2026-04-29T23:02:03.3734161Z Restored cache entry with key gradle-kotlin-dsl-v1-1ee23638351472a34544c900e714589c to /home/runner/.gradle/caches/*/kotlin-dsl/accessors/*/,/home/runner/.gradle/caches/*/kotlin-dsl/scripts/*/ in 627ms
2026-04-29T23:02:03.9329792Z Received 41993404 of 41993404 (100.0%), 43.9 MBs/sec
2026-04-29T23:02:03.9333428Z Cache Size: ~40 MB (41993404 B)
2026-04-29T23:02:03.9720334Z Received 50331648 of 136352669 (36.9%), 47.9 MBs/sec
2026-04-29T23:02:03.9763428Z [command]/usr/bin/tar -xf /home/runner/work/_temp/2519c861-3ce5-465d-a74b-1d7c08983532/cache.tzst -P -C /home/runner/work/prismTask/prismTask --use-compress-program unzstd
2026-04-29T23:02:04.0420651Z Received 62914560 of 829821422 (7.6%), 57.5 MBs/sec
2026-04-29T23:02:04.0912417Z Received 41943040 of 474103542 (8.8%), 38.2 MBs/sec
2026-04-29T23:02:04.3458179Z Cache restored successfully
2026-04-29T23:02:04.3616766Z Restored cache entry with key gradle-generated-gradle-jars-v1-cb4b032a7d08b9bf1e84e9eacaebcc29 to /home/runner/.gradle/caches/9.3.1/generated-gradle-jars/gradle-api-9.3.1.jar in 1617ms
2026-04-29T23:02:04.8263273Z Received 136352669 of 136352669 (100.0%), 70.0 MBs/sec
2026-04-29T23:02:04.8263852Z Cache Size: ~130 MB (136352669 B)
2026-04-29T23:02:04.8287374Z [command]/usr/bin/tar -xf /home/runner/work/_temp/288cead3-2e4e-426f-b002-3c2745a90c81/cache.tzst -P -C /home/runner/work/prismTask/prismTask --use-compress-program unzstd
2026-04-29T23:02:05.0417262Z Received 209715200 of 829821422 (25.3%), 97.9 MBs/sec
2026-04-29T23:02:05.0943288Z Received 130023424 of 474103542 (27.4%), 60.5 MBs/sec
2026-04-29T23:02:05.1189051Z Cache restored successfully
2026-04-29T23:02:05.1597401Z Restored cache entry with key gradle-wrapper-zips-v1-8c0de4c6bda6041d6e054bf825a89c98 to /home/runner/.gradle/wrapper/dists/gradle-9.3.1-bin/23ovyewtku6u96viwx3xl3oks in 2414ms
2026-04-29T23:02:06.0513962Z Received 385875968 of 829821422 (46.5%), 120.5 MBs/sec
2026-04-29T23:02:06.1130681Z Received 268435456 of 474103542 (56.6%), 83.4 MBs/sec
2026-04-29T23:02:07.0628579Z Received 570425344 of 829821422 (68.7%), 133.9 MBs/sec
2026-04-29T23:02:07.1162927Z Received 432013312 of 474103542 (91.1%), 101.2 MBs/sec
2026-04-29T23:02:07.3775378Z Received 474103542 of 474103542 (100.0%), 104.3 MBs/sec
2026-04-29T23:02:07.3778407Z Cache Size: ~452 MB (474103542 B)
2026-04-29T23:02:07.3935400Z [command]/usr/bin/tar -xf /home/runner/work/_temp/a69d87c9-0ed4-4da7-a9d8-c3639394249c/cache.tzst -P -C /home/runner/work/prismTask/prismTask --use-compress-program unzstd
2026-04-29T23:02:08.0747566Z Received 771751936 of 829821422 (93.0%), 145.0 MBs/sec
2026-04-29T23:02:08.6692896Z Received 829821422 of 829821422 (100.0%), 139.6 MBs/sec
2026-04-29T23:02:08.6693575Z Cache Size: ~791 MB (829821422 B)
2026-04-29T23:02:08.6733205Z [command]/usr/bin/tar -xf /home/runner/work/_temp/47a75ff3-15fc-4e04-aff9-0d3d10201f19/cache.tzst -P -C /home/runner/work/prismTask/prismTask --use-compress-program unzstd
2026-04-29T23:02:10.8932019Z Cache restored successfully
2026-04-29T23:02:11.0286819Z Restored cache entry with key gradle-dependencies-v1-fe646239d4e76e6b8ff58839ea8802a6 to /home/runner/.gradle/caches/modules-*/files-*/*/*/*/* in 8283ms
2026-04-29T23:02:14.2374622Z Cache restored successfully
2026-04-29T23:02:14.2587149Z Restored cache entry with key gradle-transforms-v1-625cd3d837030151221c00609e7e2656 to /home/runner/.gradle/caches/transforms-4/*/,/home/runner/.gradle/caches/*/transforms/*/ in 11512ms
2026-04-29T23:02:14.2902808Z ##[endgroup]
2026-04-29T23:02:14.3329008Z ##[group]All Gradle Wrapper jars are valid
2026-04-29T23:02:14.3330632Z ✓ Found known Gradle Wrapper JAR files:
2026-04-29T23:02:14.3331874Z   b3a875ddc1f044746e1b1a55f645584505f4a10438c1afea9f15e92a7c42ec13 gradle/wrapper/gradle-wrapper.jar
2026-04-29T23:02:14.3332655Z ##[endgroup]
2026-04-29T23:02:14.3658538Z ##[group]Run chmod +x gradlew
2026-04-29T23:02:14.3658957Z [36;1mchmod +x gradlew[0m
2026-04-29T23:02:14.3683570Z shell: /usr/bin/bash --noprofile --norc -e -o pipefail {0}
2026-04-29T23:02:14.3683973Z env:
2026-04-29T23:02:14.3684344Z   JAVA_HOME: /opt/hostedtoolcache/Java_Temurin-Hotspot_jdk/21.0.10-7/x64
2026-04-29T23:02:14.3684903Z   JAVA_HOME_21_X64: /opt/hostedtoolcache/Java_Temurin-Hotspot_jdk/21.0.10-7/x64
2026-04-29T23:02:14.3685626Z   GRADLE_ACTION_ID: gradle/actions/setup-gradle
2026-04-29T23:02:14.3686143Z   GRADLE_USER_HOME: /home/runner/.gradle
2026-04-29T23:02:14.3686564Z   GRADLE_BUILD_ACTION_SETUP_COMPLETED: true
2026-04-29T23:02:14.3687158Z   GRADLE_BUILD_ACTION_CACHE_RESTORED: true
2026-04-29T23:02:14.3687774Z   DEVELOCITY_INJECTION_INIT_SCRIPT_NAME: gradle-actions.inject-develocity.init.gradle
2026-04-29T23:02:14.3688500Z   DEVELOCITY_INJECTION_CUSTOM_VALUE: gradle-actions
2026-04-29T23:02:14.3688967Z   GITHUB_DEPENDENCY_GRAPH_ENABLED: false
2026-04-29T23:02:14.3689501Z ##[endgroup]
2026-04-29T23:02:14.7395312Z ##[group]Run actions/cache@v4
2026-04-29T23:02:14.7396114Z with:
2026-04-29T23:02:14.7396528Z   path: app/build
2026-04-29T23:02:14.7397279Z   key: app-build-Linux-aea3a7720c1351442f84ee05ac99435432751fb95479c8d66d2ca8c67630500b
2026-04-29T23:02:14.7398235Z   restore-keys: app-build-Linux-

2026-04-29T23:02:14.7398778Z   enableCrossOsArchive: false
2026-04-29T23:02:14.7399285Z   fail-on-cache-miss: false
2026-04-29T23:02:14.7399771Z   lookup-only: false
2026-04-29T23:02:14.7400256Z   save-always: false
2026-04-29T23:02:14.7400659Z env:
2026-04-29T23:02:14.7401237Z   JAVA_HOME: /opt/hostedtoolcache/Java_Temurin-Hotspot_jdk/21.0.10-7/x64
2026-04-29T23:02:14.7402427Z   JAVA_HOME_21_X64: /opt/hostedtoolcache/Java_Temurin-Hotspot_jdk/21.0.10-7/x64
2026-04-29T23:02:14.7403232Z   GRADLE_ACTION_ID: gradle/actions/setup-gradle
2026-04-29T23:02:14.7403847Z   GRADLE_USER_HOME: /home/runner/.gradle
2026-04-29T23:02:14.7404479Z   GRADLE_BUILD_ACTION_SETUP_COMPLETED: true
2026-04-29T23:02:14.7405150Z   GRADLE_BUILD_ACTION_CACHE_RESTORED: true
2026-04-29T23:02:14.7405973Z   DEVELOCITY_INJECTION_INIT_SCRIPT_NAME: gradle-actions.inject-develocity.init.gradle
2026-04-29T23:02:14.7406786Z   DEVELOCITY_INJECTION_CUSTOM_VALUE: gradle-actions
2026-04-29T23:02:14.7407358Z   GITHUB_DEPENDENCY_GRAPH_ENABLED: false
2026-04-29T23:02:14.7407842Z ##[endgroup]
2026-04-29T23:02:15.1023557Z Cache hit for restore-key: app-build-Linux-5381048ab7ac88a5660f34dad52026bae7be991c0a746917147f272bba708a4b
2026-04-29T23:02:16.2255772Z Received 134217728 of 157660866 (85.1%), 127.6 MBs/sec
2026-04-29T23:02:16.3471769Z Received 157660866 of 157660866 (100.0%), 133.8 MBs/sec
2026-04-29T23:02:16.3473075Z Cache Size: ~150 MB (157660866 B)
2026-04-29T23:02:16.3575494Z [command]/usr/bin/tar -xf /home/runner/work/_temp/01fc6028-f663-478d-8a5a-6a1888d654d3/cache.tzst -P -C /home/runner/work/prismTask/prismTask --use-compress-program unzstd
2026-04-29T23:02:18.3371192Z Cache restored successfully
2026-04-29T23:02:18.3525467Z Cache restored from key: app-build-Linux-5381048ab7ac88a5660f34dad52026bae7be991c0a746917147f272bba708a4b
2026-04-29T23:02:18.3648942Z ##[group]Run ./gradlew detekt --continue
2026-04-29T23:02:18.3649395Z [36;1m./gradlew detekt --continue[0m
2026-04-29T23:02:18.3671027Z shell: /usr/bin/bash -e {0}
2026-04-29T23:02:18.3671352Z env:
2026-04-29T23:02:18.3672038Z   JAVA_HOME: /opt/hostedtoolcache/Java_Temurin-Hotspot_jdk/21.0.10-7/x64
2026-04-29T23:02:18.3672629Z   JAVA_HOME_21_X64: /opt/hostedtoolcache/Java_Temurin-Hotspot_jdk/21.0.10-7/x64
2026-04-29T23:02:18.3673121Z   GRADLE_ACTION_ID: gradle/actions/setup-gradle
2026-04-29T23:02:18.3673500Z   GRADLE_USER_HOME: /home/runner/.gradle
2026-04-29T23:02:18.3673855Z   GRADLE_BUILD_ACTION_SETUP_COMPLETED: true
2026-04-29T23:02:18.3674214Z   GRADLE_BUILD_ACTION_CACHE_RESTORED: true
2026-04-29T23:02:18.3674725Z   DEVELOCITY_INJECTION_INIT_SCRIPT_NAME: gradle-actions.inject-develocity.init.gradle
2026-04-29T23:02:18.3675279Z   DEVELOCITY_INJECTION_CUSTOM_VALUE: gradle-actions
2026-04-29T23:02:18.3675657Z   GITHUB_DEPENDENCY_GRAPH_ENABLED: false
2026-04-29T23:02:18.3676047Z ##[endgroup]
2026-04-29T23:02:20.0685099Z Starting a Gradle Daemon (subsequent builds will be faster)
2026-04-29T23:02:24.0703234Z Configuration on demand is an incubating feature.
2026-04-29T23:02:30.4692448Z 
2026-04-29T23:02:30.4702801Z > Configure project :app
2026-04-29T23:02:30.4703859Z WARNING: The option setting 'android.builtInKotlin=false' is deprecated.
2026-04-29T23:02:30.4704805Z The current default is 'true'.
2026-04-29T23:02:30.4705568Z It will be removed in version 10.0 of the Android Gradle plugin.
2026-04-29T23:02:30.4706623Z WARNING: The option setting 'android.newDsl=false' is deprecated.
2026-04-29T23:02:30.4707448Z The current default is 'true'.
2026-04-29T23:02:30.4708260Z It will be removed in version 10.0 of the Android Gradle plugin.
2026-04-29T23:02:30.4709566Z WARNING: The option setting 'android.dependency.excludeLibraryComponentsFromConstraints=true' is deprecated.
2026-04-29T23:02:30.4710829Z The current default is 'false'.
2026-04-29T23:02:30.4712405Z It will be removed in version 10.0 of the Android Gradle plugin.
2026-04-29T23:02:30.4713393Z Following can be set instead to achieve a similar behaviour.
2026-04-29T23:02:30.4714231Z     android.dependency.useConstraints=false
2026-04-29T23:02:37.5683401Z w: file:///home/runner/work/prismTask/prismTask/app/build.gradle.kts:13:1: 'fun Project.android(configure: Action<BaseAppModuleExtension>): Unit' is deprecated. Replaced by com.android.build.api.dsl.ApplicationExtension.
2026-04-29T23:02:37.5695321Z This class is not used for the public extensions in AGP when android.newDsl=true, which is the default in AGP 9.0, and will be removed in AGP 10.0.
2026-04-29T23:02:37.5701232Z w: file:///home/runner/work/prismTask/prismTask/app/build.gradle.kts:229:1: 'val Project.android: BaseAppModuleExtension' is deprecated. Replaced by com.android.build.api.dsl.ApplicationExtension.
2026-04-29T23:02:37.5712724Z This class is not used for the public extensions in AGP when android.newDsl=true, which is the default in AGP 9.0, and will be removed in AGP 10.0.
2026-04-29T23:02:38.8692875Z w: ⚠️ Deprecated 'org.jetbrains.kotlin.android' plugin usage
2026-04-29T23:02:38.8717078Z The 'org.jetbrains.kotlin.android' plugin in project ':app' is no longer required for Kotlin support since AGP 9.0.
2026-04-29T23:02:38.8719168Z Solution: Remove both `android.builtInKotlin=true` and `android.newDsl=false` from `gradle.properties`, then migrate to built-in Kotlin.
2026-04-29T23:02:38.8721062Z See https://kotl.in/gradle/agp-built-in-kotlin for more details.
2026-04-29T23:02:38.8722701Z 
2026-04-29T23:02:39.9682199Z 
2026-04-29T23:02:39.9686550Z > Task :detekt-rules:checkKotlinGradlePluginConfigurationErrors SKIPPED
2026-04-29T23:02:40.1683399Z > Task :detekt-rules:compileKotlin FROM-CACHE
2026-04-29T23:02:40.2685288Z > Task :detekt-rules:compileJava NO-SOURCE
2026-04-29T23:02:40.2690496Z > Task :detekt-rules:processResources
2026-04-29T23:02:40.2692429Z > Task :detekt-rules:classes
2026-04-29T23:02:40.2701806Z > Task :detekt-rules:jar
2026-04-29T23:03:10.2683352Z > Task :app:detekt
2026-04-29T23:03:24.1691376Z /home/runner/work/prismTask/prismTask/app/src/main/java/com/averycorp/prismtask/widget/WidgetTheme.kt:108:23: Unnecessary long whitespace [NoMultipleSpaces]
2026-04-29T23:03:24.1730801Z /home/runner/work/prismTask/prismTask/app/src/main/java/com/averycorp/prismtask/widget/WidgetTheme.kt:109:18: Unnecessary long whitespace [NoMultipleSpaces]
2026-04-29T23:03:24.1753754Z /home/runner/work/prismTask/prismTask/app/src/main/java/com/averycorp/prismtask/widget/InboxWidget.kt:76:55: Missing spacing after "," [SpacingAroundComma]
2026-04-29T23:03:24.1758617Z /home/runner/work/prismTask/prismTask/app/src/main/java/com/averycorp/prismtask/widget/InboxWidget.kt:71:48: Unnecessary long whitespace [NoMultipleSpaces]
2026-04-29T23:03:24.1760645Z /home/runner/work/prismTask/prismTask/app/src/main/java/com/averycorp/prismtask/widget/InboxWidget.kt:71:66: Unnecessary long whitespace [NoMultipleSpaces]
2026-04-29T23:03:24.1763237Z /home/runner/work/prismTask/prismTask/app/src/main/java/com/averycorp/prismtask/widget/InboxWidget.kt:72:63: Unnecessary long whitespace [NoMultipleSpaces]
2026-04-29T23:03:24.1765181Z /home/runner/work/prismTask/prismTask/app/src/main/java/com/averycorp/prismtask/widget/InboxWidget.kt:73:28: Unnecessary long whitespace [NoMultipleSpaces]
2026-04-29T23:03:24.1766921Z /home/runner/work/prismTask/prismTask/app/src/main/java/com/averycorp/prismtask/widget/InboxWidget.kt:73:34: Unnecessary long whitespace [NoMultipleSpaces]
2026-04-29T23:03:24.1768920Z /home/runner/work/prismTask/prismTask/app/src/main/java/com/averycorp/prismtask/widget/InboxWidget.kt:74:21: Unnecessary long whitespace [NoMultipleSpaces]
2026-04-29T23:03:24.1770892Z /home/runner/work/prismTask/prismTask/app/src/main/java/com/averycorp/prismtask/widget/InboxWidget.kt:74:27: Unnecessary long whitespace [NoMultipleSpaces]
2026-04-29T23:03:24.1773192Z /home/runner/work/prismTask/prismTask/app/src/main/java/com/averycorp/prismtask/widget/InboxWidget.kt:74:36: Unnecessary long whitespace [NoMultipleSpaces]
2026-04-29T23:03:24.1775839Z /home/runner/work/prismTask/prismTask/app/src/main/java/com/averycorp/prismtask/widget/InboxWidget.kt:75:9: Unnecessary long whitespace [NoMultipleSpaces]
2026-04-29T23:03:24.1777905Z /home/runner/work/prismTask/prismTask/app/src/main/java/com/averycorp/prismtask/widget/InboxWidget.kt:75:26: Unnecessary long whitespace [NoMultipleSpaces]
2026-04-29T23:03:24.1780266Z /home/runner/work/prismTask/prismTask/app/src/main/java/com/averycorp/prismtask/widget/InboxWidget.kt:76:24: Unnecessary long whitespace [NoMultipleSpaces]
2026-04-29T23:03:24.1782481Z /home/runner/work/prismTask/prismTask/app/src/main/java/com/averycorp/prismtask/widget/FocusWidget.kt:26:1: Unused import [NoUnusedImports]
2026-04-29T23:03:24.1784511Z /home/runner/work/prismTask/prismTask/app/src/main/java/com/averycorp/prismtask/widget/EisenhowerWidget.kt:75:26: Unnecessary long whitespace [NoMultipleSpaces]
2026-04-29T23:03:24.1786636Z /home/runner/work/prismTask/prismTask/app/src/main/java/com/averycorp/prismtask/widget/EisenhowerWidget.kt:78:22: Unnecessary long whitespace [NoMultipleSpaces]
2026-04-29T23:03:24.1788642Z /home/runner/work/prismTask/prismTask/app/src/main/java/com/averycorp/prismtask/widget/MedicationWidget.kt:88:28: Unnecessary long whitespace [NoMultipleSpaces]
2026-04-29T23:03:24.1790755Z /home/runner/work/prismTask/prismTask/app/src/main/java/com/averycorp/prismtask/widget/MedicationWidget.kt:88:39: Unnecessary long whitespace [NoMultipleSpaces]
2026-04-29T23:03:24.1813928Z /home/runner/work/prismTask/prismTask/app/src/main/java/com/averycorp/prismtask/widget/MedicationWidget.kt:88:57: Unnecessary long whitespace [NoMultipleSpaces]
2026-04-29T23:03:24.1815905Z /home/runner/work/prismTask/prismTask/app/src/main/java/com/averycorp/prismtask/widget/MedicationWidget.kt:89:34: Unnecessary long whitespace [NoMultipleSpaces]
2026-04-29T23:03:24.1818614Z /home/runner/work/prismTask/prismTask/app/src/main/java/com/averycorp/prismtask/widget/MedicationWidget.kt:90:20: Unnecessary long whitespace [NoMultipleSpaces]
2026-04-29T23:03:24.1820872Z /home/runner/work/prismTask/prismTask/app/src/main/java/com/averycorp/prismtask/widget/MedicationWidget.kt:90:31: Unnecessary long whitespace [NoMultipleSpaces]
2026-04-29T23:03:24.1823364Z /home/runner/work/prismTask/prismTask/app/src/main/java/com/averycorp/prismtask/widget/MedicationWidget.kt:90:50: Unnecessary long whitespace [NoMultipleSpaces]
2026-04-29T23:03:24.1825561Z /home/runner/work/prismTask/prismTask/app/src/main/java/com/averycorp/prismtask/widget/MedicationWidget.kt:91:12: Unnecessary long whitespace [NoMultipleSpaces]
2026-04-29T23:03:24.1853644Z /home/runner/work/prismTask/prismTask/app/src/main/java/com/averycorp/prismtask/widget/MedicationWidget.kt:91:41: Unnecessary long whitespace [NoMultipleSpaces]
2026-04-29T23:03:24.1855869Z /home/runner/work/prismTask/prismTask/app/src/main/java/com/averycorp/prismtask/widget/MedicationWidget.kt:226:97: Unnecessary long whitespace [NoMultipleSpaces]
2026-04-29T23:03:24.1857343Z /home/runner/work/prismTask/prismTask/app/src/main/java/com/averycorp/prismtask/widget/MedicationWidget.kt:228:42: Unnecessary long whitespace [NoMultipleSpaces]
2026-04-29T23:03:24.1858513Z /home/runner/work/prismTask/prismTask/app/src/main/java/com/averycorp/prismtask/widget/MedicationWidget.kt:229:40: Unnecessary long whitespace [NoMultipleSpaces]
2026-04-29T23:03:24.1860020Z /home/runner/work/prismTask/prismTask/app/src/main/java/com/averycorp/prismtask/data/preferences/ThemePreferences.kt:43:9: Declarations and declarations with comments should have an empty space between. [SpacingBetweenDeclarationsWithComments]
2026-04-29T23:03:24.1860985Z 
2026-04-29T23:03:24.2710517Z 
2026-04-29T23:03:24.2722433Z 
2026-04-29T23:03:24.2732630Z FAILURE: Build failed with an exception.
2026-04-29T23:03:24.2733648Z > Task :app:detekt FAILED
2026-04-29T23:03:24.2762057Z 
2026-04-29T23:03:24.2762828Z gradle/actions: Writing build results to /home/runner/work/_temp/.gradle-actions/build-results/__run_3-1777503745703.json
2026-04-29T23:03:24.2764399Z * What went wrong:
2026-04-29T23:03:24.2764886Z 
2026-04-29T23:03:24.2792230Z Execution failed for task ':app:detekt'.
2026-04-29T23:03:24.2793683Z [Incubating] Problems report is available at: file:///home/runner/work/prismTask/prismTask/build/reports/problems/problems-report.html
2026-04-29T23:03:24.2802294Z > Analysis failed with 30 weighted issues.
2026-04-29T23:03:24.2821929Z 
2026-04-29T23:03:24.2852147Z 
2026-04-29T23:03:24.2852706Z Deprecated Gradle features were used in this build, making it incompatible with Gradle 10.
2026-04-29T23:03:24.2862112Z * Try:
2026-04-29T23:03:24.2862366Z 
2026-04-29T23:03:24.2863827Z You can use '--warning-mode all' to show the individual deprecation warnings and determine if they come from your own scripts or plugins.
2026-04-29T23:03:24.2865086Z > Run with --stacktrace option to get the stack trace.
2026-04-29T23:03:24.2870657Z > Run with --info or --debug option to get more log output.
2026-04-29T23:03:24.2871243Z > Run with --scan to get full insights from a Build Scan (powered by Develocity).
2026-04-29T23:03:24.2872296Z > Get more help at https://help.gradle.org.
2026-04-29T23:03:24.2872701Z 
2026-04-29T23:03:24.2872886Z BUILD FAILED in 1m 5s
2026-04-29T23:03:24.2873167Z 
2026-04-29T23:03:24.2874056Z For more on this, please refer to https://docs.gradle.org/9.3.1/userguide/command_line_interface.html#sec:command_line_warnings in the Gradle documentation.
2026-04-29T23:03:24.2875308Z 4 actionable tasks: 3 executed, 1 from cache
2026-04-29T23:03:24.6944108Z ##[error]Process completed with exit code 1.
2026-04-29T23:03:24.6995652Z ##[group]Run ./gradlew lintDebug --continue
2026-04-29T23:03:24.6996065Z [36;1m./gradlew lintDebug --continue[0m
2026-04-29T23:03:24.7017160Z shell: /usr/bin/bash -e {0}
2026-04-29T23:03:24.7017455Z env:
2026-04-29T23:03:24.7017816Z   JAVA_HOME: /opt/hostedtoolcache/Java_Temurin-Hotspot_jdk/21.0.10-7/x64
2026-04-29T23:03:24.7018366Z   JAVA_HOME_21_X64: /opt/hostedtoolcache/Java_Temurin-Hotspot_jdk/21.0.10-7/x64
2026-04-29T23:03:24.7018859Z   GRADLE_ACTION_ID: gradle/actions/setup-gradle
2026-04-29T23:03:24.7019216Z   GRADLE_USER_HOME: /home/runner/.gradle
2026-04-29T23:03:24.7019546Z   GRADLE_BUILD_ACTION_SETUP_COMPLETED: true
2026-04-29T23:03:24.7019890Z   GRADLE_BUILD_ACTION_CACHE_RESTORED: true
2026-04-29T23:03:24.7020385Z   DEVELOCITY_INJECTION_INIT_SCRIPT_NAME: gradle-actions.inject-develocity.init.gradle
2026-04-29T23:03:24.7020919Z   DEVELOCITY_INJECTION_CUSTOM_VALUE: gradle-actions
2026-04-29T23:03:24.7021284Z   GITHUB_DEPENDENCY_GRAPH_ENABLED: false
2026-04-29T23:03:24.7021863Z ##[endgroup]
2026-04-29T23:03:25.4690266Z Configuration on demand is an incubating feature.
2026-04-29T23:03:25.8679638Z 
2026-04-29T23:03:25.8722572Z > Configure project :app
2026-04-29T23:03:25.8752647Z WARNING: The option setting 'android.builtInKotlin=false' is deprecated.
2026-04-29T23:03:25.8753515Z The current default is 'true'.
2026-04-29T23:03:25.8792539Z It will be removed in version 10.0 of the Android Gradle plugin.
2026-04-29T23:03:25.8795659Z WARNING: The option setting 'android.newDsl=false' is deprecated.
2026-04-29T23:03:25.8796545Z The current default is 'true'.
2026-04-29T23:03:25.8808746Z It will be removed in version 10.0 of the Android Gradle plugin.
2026-04-29T23:03:25.8810311Z WARNING: The option setting 'android.dependency.excludeLibraryComponentsFromConstraints=true' is deprecated.
2026-04-29T23:03:25.8811914Z The current default is 'false'.
2026-04-29T23:03:25.8818285Z It will be removed in version 10.0 of the Android Gradle plugin.
2026-04-29T23:03:25.8819397Z Following can be set instead to achieve a similar behaviour.
2026-04-29T23:03:25.8820389Z     android.dependency.useConstraints=false
2026-04-29T23:03:25.8821888Z w: ⚠️ Deprecated 'org.jetbrains.kotlin.android' plugin usage
2026-04-29T23:03:25.8823510Z The 'org.jetbrains.kotlin.android' plugin in project ':app' is no longer required for Kotlin support since AGP 9.0.
2026-04-29T23:03:25.8825810Z Solution: Remove both `android.builtInKotlin=true` and `android.newDsl=false` from `gradle.properties`, then migrate to built-in Kotlin.
2026-04-29T23:03:25.8836480Z See https://kotl.in/gradle/agp-built-in-kotlin for more details.
2026-04-29T23:03:25.8837380Z 
2026-04-29T23:03:26.8666121Z 
2026-04-29T23:03:26.8667933Z > Task :app:checkKotlinGradlePluginConfigurationErrors SKIPPED
2026-04-29T23:03:26.8686901Z > Task :app:preBuild UP-TO-DATE
2026-04-29T23:03:26.8687466Z > Task :app:preDebugBuild UP-TO-DATE
2026-04-29T23:03:26.9662847Z > Task :app:generateDebugBuildConfig
2026-04-29T23:03:26.9663963Z > Task :app:generateDebugResValues FROM-CACHE
2026-04-29T23:03:26.9664891Z > Task :app:generateDebugResources
2026-04-29T23:03:26.9665572Z > Task :app:injectCrashlyticsMappingFileIdDebug
2026-04-29T23:03:26.9666269Z > Task :app:processDebugGoogleServices FROM-CACHE
2026-04-29T23:03:27.2676514Z > Task :app:packageDebugResources
2026-04-29T23:03:27.8666473Z > Task :app:processDebugNavigationResources
2026-04-29T23:03:28.2693330Z > Task :app:javaPreCompileDebug FROM-CACHE
2026-04-29T23:03:28.3715619Z > Task :app:parseDebugLocalResources
2026-04-29T23:03:28.4662546Z > Task :app:mapDebugSourceSetPaths
2026-04-29T23:03:28.4693750Z > Task :app:compileDebugNavigationResources FROM-CACHE
2026-04-29T23:03:28.4723419Z > Task :app:checkDebugAarMetadata
2026-04-29T23:03:28.4724259Z > Task :app:generateDebugRFile
2026-04-29T23:03:31.0663244Z > Task :app:mergeDebugResources
2026-04-29T23:03:31.5664779Z > Task :app:createDebugCompatibleScreenManifests
2026-04-29T23:03:31.5693460Z > Task :app:extractDeepLinksDebug FROM-CACHE
2026-04-29T23:03:31.9673303Z > Task :app:processDebugMainManifest
2026-04-29T23:03:32.1692807Z > Task :app:processDebugManifest
2026-04-29T23:03:32.1693950Z > Task :app:preDebugAndroidTestBuild SKIPPED
2026-04-29T23:03:32.1722352Z > Task :app:generateDebugAndroidTestResValues FROM-CACHE
2026-04-29T23:03:32.1723055Z > Task :app:extractProguardFiles
2026-04-29T23:03:32.1723638Z > Task :app:preDebugUnitTestBuild UP-TO-DATE
2026-04-29T23:03:32.1724268Z > Task :app:processDebugManifestForPackage
2026-04-29T23:03:33.4675328Z > Task :app:processDebugResources
2026-04-29T23:03:59.8668007Z > Task :app:kspDebugKotlin
2026-04-29T23:04:36.8675547Z > Task :app:compileDebugKotlin
2026-04-29T23:05:02.7663401Z e: file:///home/runner/work/prismTask/prismTask/app/src/main/java/com/averycorp/prismtask/widget/MedicationWidget.kt:146:38 Unresolved reference 'defaultWeight'.
2026-04-29T23:05:02.7664768Z 
2026-04-29T23:05:02.7683405Z 
2026-04-29T23:05:02.7683675Z > Task :app:compileDebugKotlin FAILED
2026-04-29T23:05:02.7689370Z FAILURE: Build failed with an exception.
2026-04-29T23:05:02.7690177Z 
2026-04-29T23:05:02.7692982Z * What went wrong:
2026-04-29T23:05:02.7702518Z Execution failed for task ':app:compileDebugKotlin'.
2026-04-29T23:05:02.7703715Z gradle/actions: Writing build results to /home/runner/work/_temp/.gradle-actions/build-results/__run_4-1777503805403.json
2026-04-29T23:05:02.7725562Z > A failure occurred while executing org.jetbrains.kotlin.compilerRunner.btapi.BuildToolsApiCompilationWork
2026-04-29T23:05:02.7726970Z    > Compilation error. See log for more details
2026-04-29T23:05:02.7727553Z 
2026-04-29T23:05:02.7727869Z * Try:
2026-04-29T23:05:02.7728527Z > Run with --stacktrace option to get the stack trace.
2026-04-29T23:05:02.7729532Z > Run with --info or --debug option to get more log output.
2026-04-29T23:05:02.7730567Z > Run with --scan to get full insights from a Build Scan (powered by Develocity).
2026-04-29T23:05:02.7735440Z 
2026-04-29T23:05:02.7736978Z [Incubating] Problems report is available at: file:///home/runner/work/prismTask/prismTask/build/reports/problems/problems-report.html
2026-04-29T23:05:02.7749664Z 
2026-04-29T23:05:02.7750418Z > Get more help at https://help.gradle.org.
2026-04-29T23:05:02.7751111Z 
2026-04-29T23:05:02.7751480Z BUILD FAILED in 1m 38s
2026-04-29T23:05:02.7761097Z Deprecated Gradle features were used in this build, making it incompatible with Gradle 10.
2026-04-29T23:05:02.7762347Z 
2026-04-29T23:05:02.7763321Z You can use '--warning-mode all' to show the individual deprecation warnings and determine if they come from your own scripts or plugins.
2026-04-29T23:05:02.7764862Z 
2026-04-29T23:05:02.7765990Z For more on this, please refer to https://docs.gradle.org/9.3.1/userguide/command_line_interface.html#sec:command_line_warnings in the Gradle documentation.
2026-04-29T23:05:02.7767531Z 24 actionable tasks: 18 executed, 6 from cache
2026-04-29T23:05:02.8967458Z ##[error]Process completed with exit code 1.
2026-04-29T23:05:02.9025190Z ##[group]Run ./gradlew compileDebugAndroidTestKotlin --continue
2026-04-29T23:05:02.9025822Z [36;1m./gradlew compileDebugAndroidTestKotlin --continue[0m
2026-04-29T23:05:02.9047104Z shell: /usr/bin/bash -e {0}
2026-04-29T23:05:02.9047394Z env:
2026-04-29T23:05:02.9047753Z   JAVA_HOME: /opt/hostedtoolcache/Java_Temurin-Hotspot_jdk/21.0.10-7/x64
2026-04-29T23:05:02.9048309Z   JAVA_HOME_21_X64: /opt/hostedtoolcache/Java_Temurin-Hotspot_jdk/21.0.10-7/x64
2026-04-29T23:05:02.9048777Z   GRADLE_ACTION_ID: gradle/actions/setup-gradle
2026-04-29T23:05:02.9049167Z   GRADLE_USER_HOME: /home/runner/.gradle
2026-04-29T23:05:02.9049502Z   GRADLE_BUILD_ACTION_SETUP_COMPLETED: true
2026-04-29T23:05:02.9049829Z   GRADLE_BUILD_ACTION_CACHE_RESTORED: true
2026-04-29T23:05:02.9050311Z   DEVELOCITY_INJECTION_INIT_SCRIPT_NAME: gradle-actions.inject-develocity.init.gradle
2026-04-29T23:05:02.9050829Z   DEVELOCITY_INJECTION_CUSTOM_VALUE: gradle-actions
2026-04-29T23:05:02.9051220Z   GITHUB_DEPENDENCY_GRAPH_ENABLED: false
2026-04-29T23:05:02.9051799Z ##[endgroup]
2026-04-29T23:05:03.6899948Z Configuration on demand is an incubating feature.
2026-04-29T23:05:04.1854973Z 
2026-04-29T23:05:04.1873220Z > Configure project :app
2026-04-29T23:05:04.1922915Z WARNING: The option setting 'android.builtInKotlin=false' is deprecated.
2026-04-29T23:05:04.1923764Z The current default is 'true'.
2026-04-29T23:05:04.1961810Z It will be removed in version 10.0 of the Android Gradle plugin.
2026-04-29T23:05:04.1976956Z WARNING: The option setting 'android.newDsl=false' is deprecated.
2026-04-29T23:05:04.1980146Z The current default is 'true'.
2026-04-29T23:05:04.2000580Z It will be removed in version 10.0 of the Android Gradle plugin.
2026-04-29T23:05:04.2012825Z WARNING: The option setting 'android.dependency.excludeLibraryComponentsFromConstraints=true' is deprecated.
2026-04-29T23:05:04.2013941Z The current default is 'false'.
2026-04-29T23:05:04.2014621Z It will be removed in version 10.0 of the Android Gradle plugin.
2026-04-29T23:05:04.2015458Z Following can be set instead to achieve a similar behaviour.
2026-04-29T23:05:04.2016175Z     android.dependency.useConstraints=false
2026-04-29T23:05:04.2017238Z w: ⚠️ Deprecated 'org.jetbrains.kotlin.android' plugin usage
2026-04-29T23:05:04.2018397Z The 'org.jetbrains.kotlin.android' plugin in project ':app' is no longer required for Kotlin support since AGP 9.0.
2026-04-29T23:05:04.2019979Z Solution: Remove both `android.builtInKotlin=true` and `android.newDsl=false` from `gradle.properties`, then migrate to built-in Kotlin.
2026-04-29T23:05:04.2021389Z See https://kotl.in/gradle/agp-built-in-kotlin for more details.
2026-04-29T23:05:04.2022142Z 
2026-04-29T23:05:04.3831128Z 
2026-04-29T23:05:04.3863279Z > Task :app:checkKotlinGradlePluginConfigurationErrors SKIPPED
2026-04-29T23:05:04.3892954Z > Task :app:preBuild UP-TO-DATE
2026-04-29T23:05:04.3898679Z > Task :app:preDebugBuild UP-TO-DATE
2026-04-29T23:05:04.3899833Z > Task :app:generateDebugBuildConfig UP-TO-DATE
2026-04-29T23:05:04.3922891Z > Task :app:generateDebugResValues UP-TO-DATE
2026-04-29T23:05:04.3937849Z > Task :app:generateDebugResources UP-TO-DATE
2026-04-29T23:05:04.4834044Z > Task :app:injectCrashlyticsMappingFileIdDebug UP-TO-DATE
2026-04-29T23:05:04.4862562Z > Task :app:processDebugGoogleServices UP-TO-DATE
2026-04-29T23:05:04.4864351Z > Task :app:packageDebugResources UP-TO-DATE
2026-04-29T23:05:05.0832772Z > Task :app:processDebugNavigationResources UP-TO-DATE
2026-04-29T23:05:05.0862452Z > Task :app:parseDebugLocalResources UP-TO-DATE
2026-04-29T23:05:05.0892233Z > Task :app:generateDebugRFile UP-TO-DATE
2026-04-29T23:05:05.1832713Z > Task :app:kspDebugKotlin UP-TO-DATE
2026-04-29T23:05:05.3852825Z > Task :app:javaPreCompileDebug UP-TO-DATE
2026-04-29T23:05:05.3892587Z > Task :app:checkDebugAarMetadata UP-TO-DATE
2026-04-29T23:05:05.3922676Z > Task :app:mapDebugSourceSetPaths UP-TO-DATE
2026-04-29T23:05:05.3952554Z > Task :app:compileDebugNavigationResources UP-TO-DATE
2026-04-29T23:05:05.4893365Z > Task :app:mergeDebugResources UP-TO-DATE
2026-04-29T23:05:05.4931861Z > Task :app:createDebugCompatibleScreenManifests UP-TO-DATE
2026-04-29T23:05:05.4933146Z > Task :app:extractDeepLinksDebug UP-TO-DATE
2026-04-29T23:05:05.4934090Z > Task :app:processDebugMainManifest UP-TO-DATE
2026-04-29T23:05:05.4935008Z > Task :app:processDebugManifest UP-TO-DATE
2026-04-29T23:05:05.4935930Z > Task :app:processDebugManifestForPackage UP-TO-DATE
2026-04-29T23:05:05.5872764Z > Task :app:processDebugResources UP-TO-DATE
2026-04-29T23:05:05.5892289Z > Task :app:preDebugAndroidTestBuild SKIPPED
2026-04-29T23:05:05.8853259Z > Task :app:processDebugAndroidTestManifest
2026-04-29T23:05:05.8903503Z > Task :app:generateDebugAndroidTestBuildConfig
2026-04-29T23:05:05.8956504Z > Task :app:generateDebugAndroidTestResValues UP-TO-DATE
2026-04-29T23:05:05.9032698Z > Task :app:generateDebugAndroidTestResources FROM-CACHE
2026-04-29T23:05:05.9068049Z > Task :app:packageDebugAndroidTestResources FROM-CACHE
2026-04-29T23:05:05.9873420Z > Task :app:processDebugAndroidTestNavigationResources FROM-CACHE
2026-04-29T23:05:05.9882468Z > Task :app:parseDebugAndroidTestLocalResources FROM-CACHE
2026-04-29T23:05:05.9912249Z > Task :app:generateDebugAndroidTestRFile FROM-CACHE
2026-04-29T23:05:32.1831344Z 
2026-04-29T23:05:32.1832740Z > Task :app:compileDebugKotlin FAILED
2026-04-29T23:05:32.1834281Z e: file:///home/runner/work/prismTask/prismTask/app/src/main/java/com/averycorp/prismtask/widget/MedicationWidget.kt:146:38 Unresolved reference 'defaultWeight'.
2026-04-29T23:05:32.1837907Z gradle/actions: Writing build results to /home/runner/work/_temp/.gradle-actions/build-results/__run_6-1777503903623.json
2026-04-29T23:05:32.1839035Z 
2026-04-29T23:05:32.1840000Z [Incubating] Problems report is available at: file:///home/runner/work/prismTask/prismTask/build/reports/problems/problems-report.html
2026-04-29T23:05:32.1845110Z 
2026-04-29T23:05:32.1847990Z Deprecated Gradle features were used in this build, making it incompatible with Gradle 10.
2026-04-29T23:05:32.1849688Z 
2026-04-29T23:05:32.1862628Z You can use '--warning-mode all' to show the individual deprecation warnings and determine if they come from your own scripts or plugins.
2026-04-29T23:05:32.1863798Z 
2026-04-29T23:05:32.1878132Z FAILURE: Build failed with an exception.
2026-04-29T23:05:32.1878540Z 
2026-04-29T23:05:32.1878766Z 
2026-04-29T23:05:32.1879712Z For more on this, please refer to https://docs.gradle.org/9.3.1/userguide/command_line_interface.html#sec:command_line_warnings in the Gradle documentation.
2026-04-29T23:05:32.1881209Z * What went wrong:
2026-04-29T23:05:32.1882018Z 30 actionable tasks: 3 executed, 5 from cache, 22 up-to-date
2026-04-29T23:05:32.1883003Z Execution failed for task ':app:compileDebugKotlin'.
2026-04-29T23:05:32.1892495Z > A failure occurred while executing org.jetbrains.kotlin.compilerRunner.btapi.BuildToolsApiCompilationWork
2026-04-29T23:05:32.1910114Z    > Compilation error. See log for more details
2026-04-29T23:05:32.1931536Z 
2026-04-29T23:05:32.1951854Z * Try:
2026-04-29T23:05:32.1952783Z > Run with --stacktrace option to get the stack trace.
2026-04-29T23:05:32.1973868Z > Run with --info or --debug option to get more log output.
2026-04-29T23:05:32.1974897Z > Run with --scan to get full insights from a Build Scan (powered by Develocity).
2026-04-29T23:05:32.1975704Z > Get more help at https://help.gradle.org.
2026-04-29T23:05:32.1976087Z 
2026-04-29T23:05:32.1976269Z BUILD FAILED in 29s
2026-04-29T23:05:32.2804442Z ##[error]Process completed with exit code 1.
2026-04-29T23:05:32.2839127Z ##[group]Run set -euo pipefail
2026-04-29T23:05:32.2839697Z [36;1mset -euo pipefail[0m
2026-04-29T23:05:32.2839997Z [36;1mshopt -s globstar nullglob[0m
2026-04-29T23:05:32.2840354Z [36;1mxmls=(app/build/test-results/**/*.xml)[0m
2026-04-29T23:05:32.2840696Z [36;1mif [ ${#xmls[@]} -eq 0 ]; then[0m
2026-04-29T23:05:32.2841214Z [36;1m  echo "::error::No JUnit XML results found under app/build/test-results/. Did the test task run?"[0m
2026-04-29T23:05:32.2842080Z [36;1m  exit 1[0m
2026-04-29T23:05:32.2842325Z [36;1mfi[0m
2026-04-29T23:05:32.2842564Z [36;1mfailed=0[0m
2026-04-29T23:05:32.2842810Z [36;1mfor f in "${xmls[@]}"; do[0m
2026-04-29T23:05:32.2843267Z [36;1m  fails=$(grep -oE 'failures="[0-9]+"' "$f" | head -n1 | grep -oE '[0-9]+' || echo 0)[0m
2026-04-29T23:05:32.2843826Z [36;1m  errs=$(grep -oE 'errors="[0-9]+"' "$f" | head -n1 | grep -oE '[0-9]+' || echo 0)[0m
2026-04-29T23:05:32.2844373Z [36;1m  if [ "${fails:-0}" -gt 0 ] || [ "${errs:-0}" -gt 0 ]; then[0m
2026-04-29T23:05:32.2844838Z [36;1m    echo "::error file=${f}::${fails} failure(s), ${errs} error(s) in ${f}"[0m
2026-04-29T23:05:32.2845277Z [36;1m    failed=$((failed + fails + errs))[0m
2026-04-29T23:05:32.2845587Z [36;1m  fi[0m
2026-04-29T23:05:32.2845810Z [36;1mdone[0m
2026-04-29T23:05:32.2846046Z [36;1mif [ "$failed" -gt 0 ]; then[0m
2026-04-29T23:05:32.2846621Z [36;1m  echo "::error::${failed} unit-test failure(s)/error(s) detected. See annotations and the test-results artifact."[0m
2026-04-29T23:05:32.2847156Z [36;1m  exit 1[0m
2026-04-29T23:05:32.2847387Z [36;1mfi[0m
2026-04-29T23:05:32.2847667Z [36;1mecho "All ${#xmls[@]} JUnit XML reports clean."[0m
2026-04-29T23:05:32.2869095Z shell: /usr/bin/bash --noprofile --norc -e -o pipefail {0}
2026-04-29T23:05:32.2869470Z env:
2026-04-29T23:05:32.2869821Z   JAVA_HOME: /opt/hostedtoolcache/Java_Temurin-Hotspot_jdk/21.0.10-7/x64
2026-04-29T23:05:32.2870369Z   JAVA_HOME_21_X64: /opt/hostedtoolcache/Java_Temurin-Hotspot_jdk/21.0.10-7/x64
2026-04-29T23:05:32.2870835Z   GRADLE_ACTION_ID: gradle/actions/setup-gradle
2026-04-29T23:05:32.2871219Z   GRADLE_USER_HOME: /home/runner/.gradle
2026-04-29T23:05:32.2871830Z   GRADLE_BUILD_ACTION_SETUP_COMPLETED: true
2026-04-29T23:05:32.2872203Z   GRADLE_BUILD_ACTION_CACHE_RESTORED: true
2026-04-29T23:05:32.2872695Z   DEVELOCITY_INJECTION_INIT_SCRIPT_NAME: gradle-actions.inject-develocity.init.gradle
2026-04-29T23:05:32.2873222Z   DEVELOCITY_INJECTION_CUSTOM_VALUE: gradle-actions
2026-04-29T23:05:32.2873573Z   GITHUB_DEPENDENCY_GRAPH_ENABLED: false
2026-04-29T23:05:32.2873883Z ##[endgroup]
2026-04-29T23:05:33.1542140Z All 180 JUnit XML reports clean.
2026-04-29T23:05:33.1605586Z ##[group]Run actions/github-script@v7
2026-04-29T23:05:33.1605948Z with:
2026-04-29T23:05:33.1608620Z   script: const fs = require('fs');
let body = '### CI Unit Test Failure\n\n';
try {
  const raw = fs.readFileSync('unit-test-output.log', 'utf8');
  const lines = raw.split('\n');
  const errorLines = lines.filter(l =>
    /\be:\b|FAILED|Compilation error|Unresolved reference|not abstract|does not implement/.test(l)
  );
  const tail = lines.slice(-30).join('\n');
  const errors = errorLines.length > 0
    ? errorLines.join('\n')
    : 'No specific error lines matched. Last 30 lines shown.';
  body += '**Error lines:**\n```\n' + errors.slice(0, 2000) + '\n```\n';
  body += '\n**Build tail:**\n```\n' + tail.slice(0, 2000) + '\n```';
} catch (e) {
  body += 'Could not read unit-test-output.log: ' + e.message;
}
await github.rest.issues.createComment({
  owner: context.repo.owner,
  repo: context.repo.repo,
  issue_number: context.issue.number,
  body
});

2026-04-29T23:05:33.1611509Z   github-token: ***
2026-04-29T23:05:33.1611970Z   debug: false
2026-04-29T23:05:33.1612238Z   user-agent: actions/github-script
2026-04-29T23:05:33.1612562Z   result-encoding: json
2026-04-29T23:05:33.1612829Z   retries: 0
2026-04-29T23:05:33.1613100Z   retry-exempt-status-codes: 400,401,403,404,422
2026-04-29T23:05:33.1613439Z env:
2026-04-29T23:05:33.1613776Z   JAVA_HOME: /opt/hostedtoolcache/Java_Temurin-Hotspot_jdk/21.0.10-7/x64
2026-04-29T23:05:33.1614507Z   JAVA_HOME_21_X64: /opt/hostedtoolcache/Java_Temurin-Hotspot_jdk/21.0.10-7/x64
2026-04-29T23:05:33.1614976Z   GRADLE_ACTION_ID: gradle/actions/setup-gradle
2026-04-29T23:05:33.1615331Z   GRADLE_USER_HOME: /home/runner/.gradle
2026-04-29T23:05:33.1615658Z   GRADLE_BUILD_ACTION_SETUP_COMPLETED: true
2026-04-29T23:05:33.1615999Z   GRADLE_BUILD_ACTION_CACHE_RESTORED: true
2026-04-29T23:05:33.1616486Z   DEVELOCITY_INJECTION_INIT_SCRIPT_NAME: gradle-actions.inject-develocity.init.gradle
2026-04-29T23:05:33.1617161Z   DEVELOCITY_INJECTION_CUSTOM_VALUE: gradle-actions
2026-04-29T23:05:33.1634397Z   GITHUB_DEPENDENCY_GRAPH_ENABLED: false
2026-04-29T23:05:33.1634745Z ##[endgroup]
2026-04-29T23:05:33.5225903Z RequestError [HttpError]: Resource not accessible by integration
2026-04-29T23:05:33.5227001Z     at /home/runner/work/_actions/actions/github-script/v7/dist/index.js:9537:21
2026-04-29T23:05:33.5228128Z     at process.processTicksAndRejections (node:internal/process/task_queues:95:5)
2026-04-29T23:05:33.5229668Z     at async eval (eval at callAsyncFunction (/home/runner/work/_actions/actions/github-script/v7/dist/index.js:36187:16), <anonymous>:20:1)
2026-04-29T23:05:33.5231140Z     at async main (/home/runner/work/_actions/actions/github-script/v7/dist/index.js:36285:20) {
2026-04-29T23:05:33.5232247Z   status: 403,
2026-04-29T23:05:33.5232644Z   response: {
2026-04-29T23:05:33.5233122Z     url: 'https://api.github.com/repos/averycorp/prismTask/issues/949/comments',
2026-04-29T23:05:33.5233585Z     status: 403,
2026-04-29T23:05:33.5233830Z     headers: {
2026-04-29T23:05:33.5234109Z       'access-control-allow-origin': '*',
2026-04-29T23:05:33.5235451Z       'access-control-expose-headers': 'ETag, Link, Location, Retry-After, X-GitHub-OTP, X-RateLimit-Limit, X-RateLimit-Remaining, X-RateLimit-Used, X-RateLimit-Resource, X-RateLimit-Reset, X-OAuth-Scopes, X-Accepted-OAuth-Scopes, X-Poll-Interval, X-GitHub-Media-Type, X-GitHub-SSO, X-GitHub-Request-Id, Deprecation, Sunset',
2026-04-29T23:05:33.5236787Z       'content-encoding': 'gzip',
2026-04-29T23:05:33.5237138Z       'content-security-policy': "default-src 'none'",
2026-04-29T23:05:33.5237540Z       'content-type': 'application/json; charset=utf-8',
2026-04-29T23:05:33.5237904Z       date: 'Wed, 29 Apr 2026 23:05:33 GMT',
2026-04-29T23:05:33.5238366Z       'referrer-policy': 'origin-when-cross-origin, strict-origin-when-cross-origin',
2026-04-29T23:05:33.5238835Z       server: 'github.com',
2026-04-29T23:05:33.5239249Z       'strict-transport-security': 'max-age=31536000; includeSubdomains; preload',
2026-04-29T23:05:33.5240255Z       'transfer-encoding': 'chunked',
2026-04-29T23:05:33.5240626Z       vary: 'Accept-Encoding, Accept, X-Requested-With',
2026-04-29T23:05:33.5241097Z       'x-accepted-github-permissions': 'issues=write; pull_requests=write',
2026-04-29T23:05:33.5241542Z       'x-content-type-options': 'nosniff',
2026-04-29T23:05:33.5242238Z       'x-frame-options': 'deny',
2026-04-29T23:05:33.5242598Z       'x-github-api-version-selected': '2022-11-28',
2026-04-29T23:05:33.5242992Z       'x-github-media-type': 'github.v3; format=json',
2026-04-29T23:05:33.5243420Z       'x-github-request-id': 'C000:28DB0D:22CF5F2:8934247:69F28EBD',
2026-04-29T23:05:33.5243810Z       'x-ratelimit-limit': '5000',
2026-04-29T23:05:33.5244120Z       'x-ratelimit-remaining': '4904',
2026-04-29T23:05:33.5244439Z       'x-ratelimit-reset': '1777506155',
2026-04-29T23:05:33.5244754Z       'x-ratelimit-resource': 'core',
2026-04-29T23:05:33.5245064Z       'x-ratelimit-used': '96',
2026-04-29T23:05:33.5245366Z       'x-xss-protection': '0'
2026-04-29T23:05:33.5245640Z     },
2026-04-29T23:05:33.5245847Z     data: {
2026-04-29T23:05:33.5246120Z       message: 'Resource not accessible by integration',
2026-04-29T23:05:33.5246663Z       documentation_url: 'https://docs.github.com/rest/issues/comments#create-an-issue-comment',
2026-04-29T23:05:33.5247165Z       status: '403'
2026-04-29T23:05:33.5247400Z     }
2026-04-29T23:05:33.5247810Z   },
2026-04-29T23:05:33.5248011Z   request: {
2026-04-29T23:05:33.5248238Z     method: 'POST',
2026-04-29T23:05:33.5248619Z     url: 'https://api.github.com/repos/averycorp/prismTask/issues/949/comments',
2026-04-29T23:05:33.5249042Z     headers: {
2026-04-29T23:05:33.5249313Z       accept: 'application/vnd.github.v3+json',
2026-04-29T23:05:33.5249822Z       'user-agent': 'actions/github-script octokit-core.js/5.0.1 Node.js/20.20.2 (linux; x64)',
2026-04-29T23:05:33.5250308Z       authorization: 'token [REDACTED]',
2026-04-29T23:05:33.5250667Z       'content-type': 'application/json; charset=utf-8'
2026-04-29T23:05:33.5251030Z     },
2026-04-29T23:05:33.5251869Z     body: `{"body":"### CI Unit Test Failure\\n\\nCould not read unit-test-output.log: ENOENT: no such file or directory, open 'unit-test-output.log'"}`,
2026-04-29T23:05:33.5252522Z     request: {
2026-04-29T23:05:33.5252756Z       agent: [Agent],
2026-04-29T23:05:33.5253018Z       fetch: [Function: proxyFetch],
2026-04-29T23:05:33.5253346Z       hook: [Function: bound bound register]
2026-04-29T23:05:33.5253647Z     }
2026-04-29T23:05:33.5253849Z   }
2026-04-29T23:05:33.5254063Z }
2026-04-29T23:05:33.5264943Z ##[error]Unhandled error: HttpError: Resource not accessible by integration
2026-04-29T23:05:33.5956195Z ##[group]Run actions/upload-artifact@v4
2026-04-29T23:05:33.5956548Z with:
2026-04-29T23:05:33.5956778Z   name: lint-report
2026-04-29T23:05:33.5957082Z   path: app/build/reports/lint-results-debug.html
2026-04-29T23:05:33.5957428Z   retention-days: 7
2026-04-29T23:05:33.5957677Z   if-no-files-found: warn
2026-04-29T23:05:33.5957949Z   compression-level: 6
2026-04-29T23:05:33.5958257Z   overwrite: false
2026-04-29T23:05:33.5958511Z   include-hidden-files: false
2026-04-29T23:05:33.5958784Z env:
2026-04-29T23:05:33.5959112Z   JAVA_HOME: /opt/hostedtoolcache/Java_Temurin-Hotspot_jdk/21.0.10-7/x64
2026-04-29T23:05:33.5959643Z   JAVA_HOME_21_X64: /opt/hostedtoolcache/Java_Temurin-Hotspot_jdk/21.0.10-7/x64
2026-04-29T23:05:33.5960115Z   GRADLE_ACTION_ID: gradle/actions/setup-gradle
2026-04-29T23:05:33.5960457Z   GRADLE_USER_HOME: /home/runner/.gradle
2026-04-29T23:05:33.5960789Z   GRADLE_BUILD_ACTION_SETUP_COMPLETED: true
2026-04-29T23:05:33.5961163Z   GRADLE_BUILD_ACTION_CACHE_RESTORED: true
2026-04-29T23:05:33.5962146Z   DEVELOCITY_INJECTION_INIT_SCRIPT_NAME: gradle-actions.inject-develocity.init.gradle
2026-04-29T23:05:33.5962816Z   DEVELOCITY_INJECTION_CUSTOM_VALUE: gradle-actions
2026-04-29T23:05:33.5963177Z   GITHUB_DEPENDENCY_GRAPH_ENABLED: false
2026-04-29T23:05:33.5963482Z ##[endgroup]
2026-04-29T23:05:33.8194160Z With the provided path, there will be 1 file uploaded
2026-04-29T23:05:33.8199660Z Artifact name is valid!
2026-04-29T23:05:33.8200991Z Root directory input is valid!
2026-04-29T23:05:33.9915674Z Beginning upload of artifact content to blob storage
2026-04-29T23:05:34.1407008Z Uploaded bytes 39885
2026-04-29T23:05:34.1732385Z Finished uploading artifact content to blob storage!
2026-04-29T23:05:34.1736181Z SHA256 digest of uploaded artifact zip is 57f59419a75468bf335a0b0d8320e9661f6315a8fa512b301cb7cd7d223253d3
2026-04-29T23:05:34.1737754Z Finalizing artifact upload
2026-04-29T23:05:34.3033173Z Artifact lint-report.zip successfully finalized. Artifact ID 6719538636
2026-04-29T23:05:34.3034349Z Artifact lint-report has been successfully uploaded! Final size is 39885 bytes. Artifact ID is 6719538636
2026-04-29T23:05:34.3042774Z Artifact download URL: https://github.com/averycorp/prismTask/actions/runs/25138320528/artifacts/6719538636
2026-04-29T23:05:34.3165859Z ##[group]Run actions/upload-artifact@v4
2026-04-29T23:05:34.3166207Z with:
2026-04-29T23:05:34.3166447Z   name: detekt-report
2026-04-29T23:05:34.3166723Z   path: app/build/reports/detekt/
2026-04-29T23:05:34.3167028Z   retention-days: 7
2026-04-29T23:05:34.3167290Z   if-no-files-found: warn
2026-04-29T23:05:34.3167568Z   compression-level: 6
2026-04-29T23:05:34.3167828Z   overwrite: false
2026-04-29T23:05:34.3168087Z   include-hidden-files: false
2026-04-29T23:05:34.3168546Z env:
2026-04-29T23:05:34.3168891Z   JAVA_HOME: /opt/hostedtoolcache/Java_Temurin-Hotspot_jdk/21.0.10-7/x64
2026-04-29T23:05:34.3169432Z   JAVA_HOME_21_X64: /opt/hostedtoolcache/Java_Temurin-Hotspot_jdk/21.0.10-7/x64
2026-04-29T23:05:34.3169896Z   GRADLE_ACTION_ID: gradle/actions/setup-gradle
2026-04-29T23:05:34.3170246Z   GRADLE_USER_HOME: /home/runner/.gradle
2026-04-29T23:05:34.3170582Z   GRADLE_BUILD_ACTION_SETUP_COMPLETED: true
2026-04-29T23:05:34.3170922Z   GRADLE_BUILD_ACTION_CACHE_RESTORED: true
2026-04-29T23:05:34.3171433Z   DEVELOCITY_INJECTION_INIT_SCRIPT_NAME: gradle-actions.inject-develocity.init.gradle
2026-04-29T23:05:34.3172367Z   DEVELOCITY_INJECTION_CUSTOM_VALUE: gradle-actions
2026-04-29T23:05:34.3172737Z   GITHUB_DEPENDENCY_GRAPH_ENABLED: false
2026-04-29T23:05:34.3173052Z ##[endgroup]
2026-04-29T23:05:34.5483134Z With the provided path, there will be 2 files uploaded
2026-04-29T23:05:34.5487623Z Artifact name is valid!
2026-04-29T23:05:34.5489298Z Root directory input is valid!
2026-04-29T23:05:34.7144957Z Beginning upload of artifact content to blob storage
2026-04-29T23:05:34.8288269Z Uploaded bytes 7956
2026-04-29T23:05:34.8592930Z Finished uploading artifact content to blob storage!
2026-04-29T23:05:34.8596224Z SHA256 digest of uploaded artifact zip is 01cd15796de0d7d3b45b686bcedfe1689c1f4d361600c099398534db3c5c24dc
2026-04-29T23:05:34.8597772Z Finalizing artifact upload
2026-04-29T23:05:34.9990875Z Artifact detekt-report.zip successfully finalized. Artifact ID 6719538794
2026-04-29T23:05:34.9993145Z Artifact detekt-report has been successfully uploaded! Final size is 7956 bytes. Artifact ID is 6719538794
2026-04-29T23:05:35.0001055Z Artifact download URL: https://github.com/averycorp/prismTask/actions/runs/25138320528/artifacts/6719538794
2026-04-29T23:05:35.0129188Z ##[group]Run actions/upload-artifact@v4
2026-04-29T23:05:35.0129542Z with:
2026-04-29T23:05:35.0129820Z   name: test-results
2026-04-29T23:05:35.0130104Z   path: app/build/test-results/
2026-04-29T23:05:35.0130422Z   retention-days: 7
2026-04-29T23:05:35.0130691Z   if-no-files-found: warn
2026-04-29T23:05:35.0130978Z   compression-level: 6
2026-04-29T23:05:35.0131292Z   overwrite: false
2026-04-29T23:05:35.0131842Z   include-hidden-files: false
2026-04-29T23:05:35.0132259Z env:
2026-04-29T23:05:35.0132623Z   JAVA_HOME: /opt/hostedtoolcache/Java_Temurin-Hotspot_jdk/21.0.10-7/x64
2026-04-29T23:05:35.0133173Z   JAVA_HOME_21_X64: /opt/hostedtoolcache/Java_Temurin-Hotspot_jdk/21.0.10-7/x64
2026-04-29T23:05:35.0133644Z   GRADLE_ACTION_ID: gradle/actions/setup-gradle
2026-04-29T23:05:35.0134084Z   GRADLE_USER_HOME: /home/runner/.gradle
2026-04-29T23:05:35.0151262Z   GRADLE_BUILD_ACTION_SETUP_COMPLETED: true
2026-04-29T23:05:35.0151911Z   GRADLE_BUILD_ACTION_CACHE_RESTORED: true
2026-04-29T23:05:35.0152602Z   DEVELOCITY_INJECTION_INIT_SCRIPT_NAME: gradle-actions.inject-develocity.init.gradle
2026-04-29T23:05:35.0153144Z   DEVELOCITY_INJECTION_CUSTOM_VALUE: gradle-actions
2026-04-29T23:05:35.0153521Z   GITHUB_DEPENDENCY_GRAPH_ENABLED: false
2026-04-29T23:05:35.0153853Z ##[endgroup]
2026-04-29T23:05:35.2718916Z With the provided path, there will be 182 files uploaded
2026-04-29T23:05:35.2724185Z Artifact name is valid!
2026-04-29T23:05:35.2725416Z Root directory input is valid!
2026-04-29T23:05:35.4369067Z Beginning upload of artifact content to blob storage
2026-04-29T23:05:35.7868160Z Uploaded bytes 185720
2026-04-29T23:05:35.8191769Z Finished uploading artifact content to blob storage!
2026-04-29T23:05:35.8195302Z SHA256 digest of uploaded artifact zip is 63ad2794ab84c602d7c89df7e8db168b675c0f0d76d8b0fb4ffd8dda0c7130d5
2026-04-29T23:05:35.8197435Z Finalizing artifact upload
2026-04-29T23:05:35.9488370Z Artifact test-results.zip successfully finalized. Artifact ID 6719538999
2026-04-29T23:05:35.9490044Z Artifact test-results has been successfully uploaded! Final size is 185720 bytes. Artifact ID is 6719538999
2026-04-29T23:05:35.9498238Z Artifact download URL: https://github.com/averycorp/prismTask/actions/runs/25138320528/artifacts/6719538999
2026-04-29T23:05:35.9646214Z Post job cleanup.
2026-04-29T23:05:35.9740998Z Post job cleanup.
2026-04-29T23:05:36.3075969Z In post-action step
2026-04-29T23:05:36.3086602Z Cache is read-only: will not save state for use in subsequent builds.
2026-04-29T23:05:36.3094419Z Generating Job Summary
2026-04-29T23:05:36.3118772Z Completed post-action step
2026-04-29T23:05:36.3288435Z Post job cleanup.
2026-04-29T23:05:36.5098270Z Post job cleanup.
2026-04-29T23:05:36.6133923Z [command]/usr/bin/git version
2026-04-29T23:05:36.6177980Z git version 2.53.0
2026-04-29T23:05:36.6220889Z Temporarily overriding HOME='/home/runner/work/_temp/fe5816b7-659c-46d7-9e16-8426fc47afb8' before making global git config changes
2026-04-29T23:05:36.6222606Z Adding repository directory to the temporary git global config as a safe directory
2026-04-29T23:05:36.6226777Z [command]/usr/bin/git config --global --add safe.directory /home/runner/work/prismTask/prismTask
2026-04-29T23:05:36.6260120Z [command]/usr/bin/git config --local --name-only --get-regexp core\.sshCommand
2026-04-29T23:05:36.6292292Z [command]/usr/bin/git submodule foreach --recursive sh -c "git config --local --name-only --get-regexp 'core\.sshCommand' && git config --local --unset-all 'core.sshCommand' || :"
2026-04-29T23:05:36.6516443Z [command]/usr/bin/git config --local --name-only --get-regexp http\.https\:\/\/github\.com\/\.extraheader
2026-04-29T23:05:36.6538605Z http.https://github.com/.extraheader
2026-04-29T23:05:36.6551299Z [command]/usr/bin/git config --local --unset-all http.https://github.com/.extraheader
2026-04-29T23:05:36.6582755Z [command]/usr/bin/git submodule foreach --recursive sh -c "git config --local --name-only --get-regexp 'http\.https\:\/\/github\.com\/\.extraheader' && git config --local --unset-all 'http.https://github.com/.extraheader' || :"
2026-04-29T23:05:36.6806000Z [command]/usr/bin/git config --local --name-only --get-regexp ^includeIf\.gitdir:
2026-04-29T23:05:36.6837328Z [command]/usr/bin/git submodule foreach --recursive git config --local --show-origin --name-only --get-regexp remote.origin.url
2026-04-29T23:05:36.7195141Z Cleaning up orphan processes
2026-04-29T23:05:36.7541079Z Terminate orphan process: pid (2575) (java)
2026-04-29T23:05:36.7569478Z Terminate orphan process: pid (2886) (java)
2026-04-29T23:05:36.7588348Z ##[warning]Node.js 20 actions are deprecated. The following actions are running on Node.js 20 and may not work as expected: actions/cache@v4, actions/checkout@v4, actions/github-script@v7, actions/setup-java@v4, actions/upload-artifact@v4, dorny/paths-filter@v3, gradle/actions/setup-gradle@v4. Actions will be forced to run with Node.js 24 by default starting June 2nd, 2026. Node.js 20 will be removed from the runner on September 16th, 2026. Please check if updated versions of these actions are available that support Node.js 24. To opt into Node.js 24 now, set the FORCE_JAVASCRIPT_ACTIONS_TO_NODE24=true environment variable on the runner or in your workflow file. Once Node.js 24 becomes the default, you can temporarily opt out by setting ACTIONS_ALLOW_USE_UNSECURE_NODE_VERSION=true. For more information see: https://github.blog/changelog/2025-09-19-deprecation-of-node-20-on-github-actions-runners/
