=== CI FAILURE ===
Workflow:      Android CI
Workflow file: akarlin3/prismTask/.github/workflows/android-ci.yml@refs/pull/620/merge
Job(s):        lint-and-test
Run ID:        24760621717
Run attempt:   1
Run URL:       https://github.com/akarlin3/prismTask/actions/runs/24760621717
Commit:        ab04597d57cb6a0c377e0f2225a0896b8a61bdf0
Branch:        620/merge
Event:         pull_request
Actor:         akarlin3
Runner OS:     Linux
Timestamp:     2026-04-22T04:46:53.140Z

Failed steps:
  - lint-and-test: #2 Run actions/checkout@v4 | #5 detekt | #6 Android lint | #8 Verify unit-test results (XML) | #9 Post failure details to PR

=== FAILED JOB LOG ===

--- Job: lint-and-test (id 72443449351) ---
2026-04-22T04:46:08.6044894Z Current runner version: '2.333.1'
2026-04-22T04:46:08.6070457Z ##[group]Runner Image Provisioner
2026-04-22T04:46:08.6071255Z Hosted Compute Agent
2026-04-22T04:46:08.6071771Z Version: 20260213.493
2026-04-22T04:46:08.6072386Z Commit: 5c115507f6dd24b8de37d8bbe0bb4509d0cc0fa3
2026-04-22T04:46:08.6072999Z Build Date: 2026-02-13T00:28:41Z
2026-04-22T04:46:08.6073627Z Worker ID: {3161c2ff-365d-4bcd-83b0-b7bd71b1cb84}
2026-04-22T04:46:08.6074236Z Azure Region: westcentralus
2026-04-22T04:46:08.6074813Z ##[endgroup]
2026-04-22T04:46:08.6076062Z ##[group]Operating System
2026-04-22T04:46:08.6076636Z Ubuntu
2026-04-22T04:46:08.6077051Z 24.04.4
2026-04-22T04:46:08.6077767Z LTS
2026-04-22T04:46:08.6078148Z ##[endgroup]
2026-04-22T04:46:08.6078684Z ##[group]Runner Image
2026-04-22T04:46:08.6079191Z Image: ubuntu-24.04
2026-04-22T04:46:08.6079608Z Version: 20260413.86.1
2026-04-22T04:46:08.6080758Z Included Software: https://github.com/actions/runner-images/blob/ubuntu24/20260413.86/images/ubuntu/Ubuntu2404-Readme.md
2026-04-22T04:46:08.6082041Z Image Release: https://github.com/actions/runner-images/releases/tag/ubuntu24%2F20260413.86
2026-04-22T04:46:08.6082838Z ##[endgroup]
2026-04-22T04:46:08.6083956Z ##[group]GITHUB_TOKEN Permissions
2026-04-22T04:46:08.6085910Z Actions: read
2026-04-22T04:46:08.6086392Z Checks: read
2026-04-22T04:46:08.6086810Z Contents: write
2026-04-22T04:46:08.6087584Z Metadata: read
2026-04-22T04:46:08.6088064Z PullRequests: read
2026-04-22T04:46:08.6088539Z ##[endgroup]
2026-04-22T04:46:08.6090601Z Secret source: Actions
2026-04-22T04:46:08.6091199Z Prepare workflow directory
2026-04-22T04:46:08.6410336Z Prepare all required actions
2026-04-22T04:46:08.6449842Z Getting action download info
2026-04-22T04:46:09.0974923Z Download action repository 'actions/checkout@v4' (SHA:34e114876b0b11c390a56381ad16ebd13914f8d5)
2026-04-22T04:46:09.1919260Z Download action repository 'actions/github-script@v7' (SHA:f28e40c7f34bde8b3046d885e986cb6290c5673b)
2026-04-22T04:46:09.8547058Z Download action repository 'actions/upload-artifact@v4' (SHA:ea165f8d65b6e75b540449e92b4886f43607fa02)
2026-04-22T04:46:10.0504965Z Complete job name: lint-and-test
2026-04-22T04:46:10.1372634Z ##[group]Run actions/checkout@v4
2026-04-22T04:46:10.1373505Z with:
2026-04-22T04:46:10.1374046Z   ref: fix/ci-habit-visibility-resolver-uses-real-time
2026-04-22T04:46:10.1374723Z   repository: akarlin3/prismTask
2026-04-22T04:46:10.1375487Z   token: ***
2026-04-22T04:46:10.1375912Z   ssh-strict: true
2026-04-22T04:46:10.1376342Z   ssh-user: git
2026-04-22T04:46:10.1376796Z   persist-credentials: true
2026-04-22T04:46:10.1377288Z   clean: true
2026-04-22T04:46:10.1377880Z   sparse-checkout-cone-mode: true
2026-04-22T04:46:10.1378424Z   fetch-depth: 1
2026-04-22T04:46:10.1378841Z   fetch-tags: false
2026-04-22T04:46:10.1379316Z   show-progress: true
2026-04-22T04:46:10.1379772Z   lfs: false
2026-04-22T04:46:10.1380177Z   submodules: false
2026-04-22T04:46:10.1380621Z   set-safe-directory: true
2026-04-22T04:46:10.1381338Z ##[endgroup]
2026-04-22T04:46:10.2479421Z Syncing repository: akarlin3/prismTask
2026-04-22T04:46:10.2481381Z ##[group]Getting Git version info
2026-04-22T04:46:10.2482291Z Working directory is '/home/runner/work/prismTask/prismTask'
2026-04-22T04:46:10.2483422Z [command]/usr/bin/git version
2026-04-22T04:46:10.2508203Z git version 2.53.0
2026-04-22T04:46:10.2531242Z ##[endgroup]
2026-04-22T04:46:10.2544581Z Temporarily overriding HOME='/home/runner/work/_temp/d59a5ef8-6d28-4635-a6f2-7381470b9292' before making global git config changes
2026-04-22T04:46:10.2546029Z Adding repository directory to the temporary git global config as a safe directory
2026-04-22T04:46:10.2549775Z [command]/usr/bin/git config --global --add safe.directory /home/runner/work/prismTask/prismTask
2026-04-22T04:46:10.2578651Z Deleting the contents of '/home/runner/work/prismTask/prismTask'
2026-04-22T04:46:10.2582141Z ##[group]Initializing the repository
2026-04-22T04:46:10.2586181Z [command]/usr/bin/git init /home/runner/work/prismTask/prismTask
2026-04-22T04:46:10.2657666Z hint: Using 'master' as the name for the initial branch. This default branch name
2026-04-22T04:46:10.2659217Z hint: will change to "main" in Git 3.0. To configure the initial branch name
2026-04-22T04:46:10.2660175Z hint: to use in all of your new repositories, which will suppress this warning,
2026-04-22T04:46:10.2661408Z hint: call:
2026-04-22T04:46:10.2661811Z hint:
2026-04-22T04:46:10.2662344Z hint: 	git config --global init.defaultBranch <name>
2026-04-22T04:46:10.2662968Z hint:
2026-04-22T04:46:10.2663559Z hint: Names commonly chosen instead of 'master' are 'main', 'trunk' and
2026-04-22T04:46:10.2664959Z hint: 'development'. The just-created branch can be renamed via this command:
2026-04-22T04:46:10.2665708Z hint:
2026-04-22T04:46:10.2666146Z hint: 	git branch -m <name>
2026-04-22T04:46:10.2666633Z hint:
2026-04-22T04:46:10.2667597Z hint: Disable this message with "git config set advice.defaultBranchName false"
2026-04-22T04:46:10.2668898Z Initialized empty Git repository in /home/runner/work/prismTask/prismTask/.git/
2026-04-22T04:46:10.2671059Z [command]/usr/bin/git remote add origin https://github.com/akarlin3/prismTask
2026-04-22T04:46:10.2697844Z ##[endgroup]
2026-04-22T04:46:10.2698760Z ##[group]Disabling automatic garbage collection
2026-04-22T04:46:10.2701283Z [command]/usr/bin/git config --local gc.auto 0
2026-04-22T04:46:10.2724604Z ##[endgroup]
2026-04-22T04:46:10.2725339Z ##[group]Setting up auth
2026-04-22T04:46:10.2730649Z [command]/usr/bin/git config --local --name-only --get-regexp core\.sshCommand
2026-04-22T04:46:10.2754931Z [command]/usr/bin/git submodule foreach --recursive sh -c "git config --local --name-only --get-regexp 'core\.sshCommand' && git config --local --unset-all 'core.sshCommand' || :"
2026-04-22T04:46:10.2989639Z [command]/usr/bin/git config --local --name-only --get-regexp http\.https\:\/\/github\.com\/\.extraheader
2026-04-22T04:46:10.3014312Z [command]/usr/bin/git submodule foreach --recursive sh -c "git config --local --name-only --get-regexp 'http\.https\:\/\/github\.com\/\.extraheader' && git config --local --unset-all 'http.https://github.com/.extraheader' || :"
2026-04-22T04:46:10.3187077Z [command]/usr/bin/git config --local --name-only --get-regexp ^includeIf\.gitdir:
2026-04-22T04:46:10.3213422Z [command]/usr/bin/git submodule foreach --recursive git config --local --show-origin --name-only --get-regexp remote.origin.url
2026-04-22T04:46:10.3385025Z [command]/usr/bin/git config --local http.https://github.com/.extraheader AUTHORIZATION: basic ***
2026-04-22T04:46:10.3413735Z ##[endgroup]
2026-04-22T04:46:10.3414580Z ##[group]Fetching the repository
2026-04-22T04:46:10.3422989Z [command]/usr/bin/git -c protocol.version=2 fetch --no-tags --prune --no-recurse-submodules --depth=1 origin +refs/heads/fix/ci-habit-visibility-resolver-uses-real-time*:refs/remotes/origin/fix/ci-habit-visibility-resolver-uses-real-time* +refs/tags/fix/ci-habit-visibility-resolver-uses-real-time*:refs/tags/fix/ci-habit-visibility-resolver-uses-real-time*
2026-04-22T04:46:10.6444899Z The process '/usr/bin/git' failed with exit code 1
2026-04-22T04:46:10.6446916Z Waiting 18 seconds before trying again
2026-04-22T04:46:28.6541417Z [command]/usr/bin/git -c protocol.version=2 fetch --no-tags --prune --no-recurse-submodules --depth=1 origin +refs/heads/fix/ci-habit-visibility-resolver-uses-real-time*:refs/remotes/origin/fix/ci-habit-visibility-resolver-uses-real-time* +refs/tags/fix/ci-habit-visibility-resolver-uses-real-time*:refs/tags/fix/ci-habit-visibility-resolver-uses-real-time*
2026-04-22T04:46:28.9744814Z The process '/usr/bin/git' failed with exit code 1
2026-04-22T04:46:28.9745679Z Waiting 11 seconds before trying again
2026-04-22T04:46:39.9760078Z [command]/usr/bin/git -c protocol.version=2 fetch --no-tags --prune --no-recurse-submodules --depth=1 origin +refs/heads/fix/ci-habit-visibility-resolver-uses-real-time*:refs/remotes/origin/fix/ci-habit-visibility-resolver-uses-real-time* +refs/tags/fix/ci-habit-visibility-resolver-uses-real-time*:refs/tags/fix/ci-habit-visibility-resolver-uses-real-time*
2026-04-22T04:46:40.3005878Z ##[error]The process '/usr/bin/git' failed with exit code 1
2026-04-22T04:46:40.3149310Z ##[group]Run ./gradlew detekt --continue
2026-04-22T04:46:40.3149814Z [36;1m./gradlew detekt --continue[0m
2026-04-22T04:46:40.3169451Z shell: /usr/bin/bash -e {0}
2026-04-22T04:46:40.3169785Z ##[endgroup]
2026-04-22T04:46:40.3230990Z /home/runner/work/_temp/1ac868f1-5e06-469f-91fb-6b3b5afeb43b.sh: line 1: ./gradlew: No such file or directory
2026-04-22T04:46:40.3237568Z ##[error]Process completed with exit code 127.
2026-04-22T04:46:40.3272485Z ##[group]Run ./gradlew lint --continue
2026-04-22T04:46:40.3272846Z [36;1m./gradlew lint --continue[0m
2026-04-22T04:46:40.3286836Z shell: /usr/bin/bash -e {0}
2026-04-22T04:46:40.3287148Z ##[endgroup]
2026-04-22T04:46:40.3323579Z /home/runner/work/_temp/50e29470-098c-4ff4-82a7-4f50696189ce.sh: line 1: ./gradlew: No such file or directory
2026-04-22T04:46:40.3327141Z ##[error]Process completed with exit code 127.
2026-04-22T04:46:40.3364354Z ##[group]Run set -euo pipefail
2026-04-22T04:46:40.3364704Z [36;1mset -euo pipefail[0m
2026-04-22T04:46:40.3364976Z [36;1mshopt -s globstar nullglob[0m
2026-04-22T04:46:40.3365325Z [36;1mxmls=(app/build/test-results/**/*.xml)[0m
2026-04-22T04:46:40.3365652Z [36;1mif [ ${#xmls[@]} -eq 0 ]; then[0m
2026-04-22T04:46:40.3366113Z [36;1m  echo "::error::No JUnit XML results found under app/build/test-results/. Did the test task run?"[0m
2026-04-22T04:46:40.3366567Z [36;1m  exit 1[0m
2026-04-22T04:46:40.3366778Z [36;1mfi[0m
2026-04-22T04:46:40.3367032Z [36;1mfailed=0[0m
2026-04-22T04:46:40.3367264Z [36;1mfor f in "${xmls[@]}"; do[0m
2026-04-22T04:46:40.3367978Z [36;1m  fails=$(grep -oE 'failures="[0-9]+"' "$f" | head -n1 | grep -oE '[0-9]+' || echo 0)[0m
2026-04-22T04:46:40.3368491Z [36;1m  errs=$(grep -oE 'errors="[0-9]+"' "$f" | head -n1 | grep -oE '[0-9]+' || echo 0)[0m
2026-04-22T04:46:40.3369019Z [36;1m  if [ "${fails:-0}" -gt 0 ] || [ "${errs:-0}" -gt 0 ]; then[0m
2026-04-22T04:46:40.3369518Z [36;1m    echo "::error file=${f}::${fails} failure(s), ${errs} error(s) in ${f}"[0m
2026-04-22T04:46:40.3369923Z [36;1m    failed=$((failed + fails + errs))[0m
2026-04-22T04:46:40.3370206Z [36;1m  fi[0m
2026-04-22T04:46:40.3370427Z [36;1mdone[0m
2026-04-22T04:46:40.3370645Z [36;1mif [ "$failed" -gt 0 ]; then[0m
2026-04-22T04:46:40.3371155Z [36;1m  echo "::error::${failed} unit-test failure(s)/error(s) detected. See annotations and the test-results artifact."[0m
2026-04-22T04:46:40.3371655Z [36;1m  exit 1[0m
2026-04-22T04:46:40.3371862Z [36;1mfi[0m
2026-04-22T04:46:40.3372131Z [36;1mecho "All ${#xmls[@]} JUnit XML reports clean."[0m
2026-04-22T04:46:40.3388584Z shell: /usr/bin/bash --noprofile --norc -e -o pipefail {0}
2026-04-22T04:46:40.3388973Z ##[endgroup]
2026-04-22T04:46:40.3423494Z ##[error]No JUnit XML results found under app/build/test-results/. Did the test task run?
2026-04-22T04:46:40.3425736Z ##[error]Process completed with exit code 1.
2026-04-22T04:46:40.3518609Z ##[group]Run actions/github-script@v7
2026-04-22T04:46:40.3518945Z with:
2026-04-22T04:46:40.3521471Z   script: const fs = require('fs');
let body = '### CI Unit Test Failure\n\n';
try {
  const raw = fs.readFileSync('unit-test-output.log', 'utf8');
  const lines = raw.split('\n');
  const errorLines = lines.filter(l =>
    /\be:\b|FAILED|Compilation error|Unresolved reference|not abstract|does not implement/.test(l)
  );
  const tail = lines.slice(-30).join('\n');
  const errors = errorLines.length > 0
    ? errorLines.join('\n')
    : 'No specific error lines matched. Last 30 lines shown.';
  body += '**Error lines:**\n```\n' + errors.slice(0, 2000) + '\n```\n';
  body += '\n**Build tail:**\n```\n' + tail.slice(0, 2000) + '\n```';
} catch (e) {
  body += 'Could not read unit-test-output.log: ' + e.message;
}
await github.rest.issues.createComment({
  owner: context.repo.owner,
  repo: context.repo.repo,
  issue_number: context.issue.number,
  body
});

2026-04-22T04:46:40.3524273Z   github-token: ***
2026-04-22T04:46:40.3524650Z   debug: false
2026-04-22T04:46:40.3524902Z   user-agent: actions/github-script
2026-04-22T04:46:40.3525187Z   result-encoding: json
2026-04-22T04:46:40.3525433Z   retries: 0
2026-04-22T04:46:40.3525683Z   retry-exempt-status-codes: 400,401,403,404,422
2026-04-22T04:46:40.3525996Z ##[endgroup]
2026-04-22T04:46:40.7348523Z RequestError [HttpError]: Resource not accessible by integration
2026-04-22T04:46:40.7349805Z     at /home/runner/work/_actions/actions/github-script/v7/dist/index.js:9537:21
2026-04-22T04:46:40.7351158Z     at process.processTicksAndRejections (node:internal/process/task_queues:95:5)
2026-04-22T04:46:40.7352846Z     at async eval (eval at callAsyncFunction (/home/runner/work/_actions/actions/github-script/v7/dist/index.js:36187:16), <anonymous>:20:1)
2026-04-22T04:46:40.7355685Z ##[error]Unhandled error: HttpError: Resource not accessible by integration
2026-04-22T04:46:40.7359517Z     at async main (/home/runner/work/_actions/actions/github-script/v7/dist/index.js:36285:20) {
2026-04-22T04:46:40.7360424Z   status: 403,
2026-04-22T04:46:40.7360725Z   response: {
2026-04-22T04:46:40.7361370Z     url: 'https://api.github.com/repos/akarlin3/prismTask/issues/620/comments',
2026-04-22T04:46:40.7362050Z     status: 403,
2026-04-22T04:46:40.7362374Z     headers: {
2026-04-22T04:46:40.7362745Z       'access-control-allow-origin': '*',
2026-04-22T04:46:40.7365279Z       'access-control-expose-headers': 'ETag, Link, Location, Retry-After, X-GitHub-OTP, X-RateLimit-Limit, X-RateLimit-Remaining, X-RateLimit-Used, X-RateLimit-Resource, X-RateLimit-Reset, X-OAuth-Scopes, X-Accepted-OAuth-Scopes, X-Poll-Interval, X-GitHub-Media-Type, X-GitHub-SSO, X-GitHub-Request-Id, Deprecation, Sunset',
2026-04-22T04:46:40.7368058Z       'content-encoding': 'gzip',
2026-04-22T04:46:40.7368587Z       'content-security-policy': "default-src 'none'",
2026-04-22T04:46:40.7369294Z       'content-type': 'application/json; charset=utf-8',
2026-04-22T04:46:40.7369875Z       date: 'Wed, 22 Apr 2026 04:46:40 GMT',
2026-04-22T04:46:40.7370691Z       'referrer-policy': 'origin-when-cross-origin, strict-origin-when-cross-origin',
2026-04-22T04:46:40.7371472Z       server: 'github.com',
2026-04-22T04:46:40.7372148Z       'strict-transport-security': 'max-age=31536000; includeSubdomains; preload',
2026-04-22T04:46:40.7372899Z       'transfer-encoding': 'chunked',
2026-04-22T04:46:40.7373458Z       vary: 'Accept-Encoding, Accept, X-Requested-With',
2026-04-22T04:46:40.7374238Z       'x-accepted-github-permissions': 'issues=write; pull_requests=write',
2026-04-22T04:46:40.7374955Z       'x-content-type-options': 'nosniff',
2026-04-22T04:46:40.7375444Z       'x-frame-options': 'deny',
2026-04-22T04:46:40.7375944Z       'x-github-api-version-selected': '2022-11-28',
2026-04-22T04:46:40.7376540Z       'x-github-media-type': 'github.v3; format=json',
2026-04-22T04:46:40.7377189Z       'x-github-request-id': '0C40:95494:650328:19594CD:69E852B0',
2026-04-22T04:46:40.7378395Z       'x-ratelimit-limit': '5000',
2026-04-22T04:46:40.7378895Z       'x-ratelimit-remaining': '4976',
2026-04-22T04:46:40.7379374Z       'x-ratelimit-reset': '1776835631',
2026-04-22T04:46:40.7379860Z       'x-ratelimit-resource': 'core',
2026-04-22T04:46:40.7380365Z       'x-ratelimit-used': '24',
2026-04-22T04:46:40.7380806Z       'x-xss-protection': '0'
2026-04-22T04:46:40.7381178Z     },
2026-04-22T04:46:40.7381464Z     data: {
2026-04-22T04:46:40.7381860Z       message: 'Resource not accessible by integration',
2026-04-22T04:46:40.7382777Z       documentation_url: 'https://docs.github.com/rest/issues/comments#create-an-issue-comment',
2026-04-22T04:46:40.7383599Z       status: '403'
2026-04-22T04:46:40.7383909Z     }
2026-04-22T04:46:40.7384172Z   },
2026-04-22T04:46:40.7384450Z   request: {
2026-04-22T04:46:40.7384764Z     method: 'POST',
2026-04-22T04:46:40.7385344Z     url: 'https://api.github.com/repos/akarlin3/prismTask/issues/620/comments',
2026-04-22T04:46:40.7386041Z     headers: {
2026-04-22T04:46:40.7386444Z       accept: 'application/vnd.github.v3+json',
2026-04-22T04:46:40.7387733Z       'user-agent': 'actions/github-script octokit-core.js/5.0.1 Node.js/20.20.1 (linux; x64)',
2026-04-22T04:46:40.7388531Z       authorization: 'token [REDACTED]',
2026-04-22T04:46:40.7389123Z       'content-type': 'application/json; charset=utf-8'
2026-04-22T04:46:40.7389629Z     },
2026-04-22T04:46:40.7390646Z     body: `{"body":"### CI Unit Test Failure\\n\\nCould not read unit-test-output.log: ENOENT: no such file or directory, open 'unit-test-output.log'"}`,
2026-04-22T04:46:40.7391777Z     request: {
2026-04-22T04:46:40.7392108Z       agent: [Agent],
2026-04-22T04:46:40.7392511Z       fetch: [Function: proxyFetch],
2026-04-22T04:46:40.7393006Z       hook: [Function: bound bound register]
2026-04-22T04:46:40.7393451Z     }
2026-04-22T04:46:40.7393716Z   }
2026-04-22T04:46:40.7393990Z }
2026-04-22T04:46:40.7947176Z ##[group]Run actions/upload-artifact@v4
2026-04-22T04:46:40.7947630Z with:
2026-04-22T04:46:40.7947825Z   name: lint-report
2026-04-22T04:46:40.7948075Z   path: app/build/reports/lint-results-debug.html
2026-04-22T04:46:40.7948355Z   retention-days: 7
2026-04-22T04:46:40.7948555Z   if-no-files-found: warn
2026-04-22T04:46:40.7948759Z   compression-level: 6
2026-04-22T04:46:40.7949052Z   overwrite: false
2026-04-22T04:46:40.7949266Z   include-hidden-files: false
2026-04-22T04:46:40.7949496Z ##[endgroup]
2026-04-22T04:46:41.0013266Z ##[warning]No files were found with the provided path: app/build/reports/lint-results-debug.html. No artifacts will be uploaded.
2026-04-22T04:46:41.0148005Z ##[group]Run actions/upload-artifact@v4
2026-04-22T04:46:41.0148277Z with:
2026-04-22T04:46:41.0148460Z   name: detekt-report
2026-04-22T04:46:41.0148669Z   path: app/build/reports/detekt/
2026-04-22T04:46:41.0148903Z   retention-days: 7
2026-04-22T04:46:41.0149105Z   if-no-files-found: warn
2026-04-22T04:46:41.0149314Z   compression-level: 6
2026-04-22T04:46:41.0149512Z   overwrite: false
2026-04-22T04:46:41.0149702Z   include-hidden-files: false
2026-04-22T04:46:41.0149946Z ##[endgroup]
2026-04-22T04:46:41.2274596Z ##[warning]No files were found with the provided path: app/build/reports/detekt/. No artifacts will be uploaded.
2026-04-22T04:46:41.2446015Z ##[group]Run actions/upload-artifact@v4
2026-04-22T04:46:41.2446975Z with:
2026-04-22T04:46:41.2447272Z   name: test-results
2026-04-22T04:46:41.2447875Z   path: app/build/test-results/
2026-04-22T04:46:41.2448275Z   retention-days: 7
2026-04-22T04:46:41.2448606Z   if-no-files-found: warn
2026-04-22T04:46:41.2448949Z   compression-level: 6
2026-04-22T04:46:41.2449288Z   overwrite: false
2026-04-22T04:46:41.2449802Z   include-hidden-files: false
2026-04-22T04:46:41.2450186Z ##[endgroup]
2026-04-22T04:46:41.4612731Z ##[warning]No files were found with the provided path: app/build/test-results/. No artifacts will be uploaded.
2026-04-22T04:46:41.4768677Z Post job cleanup.
2026-04-22T04:46:41.5673823Z [command]/usr/bin/git version
2026-04-22T04:46:41.5714951Z git version 2.53.0
2026-04-22T04:46:41.5753670Z Temporarily overriding HOME='/home/runner/work/_temp/d8ad59e6-94b7-444a-907d-307198a7a89a' before making global git config changes
2026-04-22T04:46:41.5754396Z Adding repository directory to the temporary git global config as a safe directory
2026-04-22T04:46:41.5758613Z [command]/usr/bin/git config --global --add safe.directory /home/runner/work/prismTask/prismTask
2026-04-22T04:46:41.5787128Z [command]/usr/bin/git config --local --name-only --get-regexp core\.sshCommand
2026-04-22T04:46:41.5813486Z [command]/usr/bin/git submodule foreach --recursive sh -c "git config --local --name-only --get-regexp 'core\.sshCommand' && git config --local --unset-all 'core.sshCommand' || :"
2026-04-22T04:46:41.5999327Z [command]/usr/bin/git config --local --name-only --get-regexp http\.https\:\/\/github\.com\/\.extraheader
2026-04-22T04:46:41.6016568Z http.https://github.com/.extraheader
2026-04-22T04:46:41.6027680Z [command]/usr/bin/git config --local --unset-all http.https://github.com/.extraheader
2026-04-22T04:46:41.6053043Z [command]/usr/bin/git submodule foreach --recursive sh -c "git config --local --name-only --get-regexp 'http\.https\:\/\/github\.com\/\.extraheader' && git config --local --unset-all 'http.https://github.com/.extraheader' || :"
2026-04-22T04:46:41.6219693Z [command]/usr/bin/git config --local --name-only --get-regexp ^includeIf\.gitdir:
2026-04-22T04:46:41.6245119Z [command]/usr/bin/git submodule foreach --recursive git config --local --show-origin --name-only --get-regexp remote.origin.url
2026-04-22T04:46:41.6529058Z Cleaning up orphan processes
2026-04-22T04:46:41.6750606Z ##[warning]Node.js 20 actions are deprecated. The following actions are running on Node.js 20 and may not work as expected: actions/checkout@v4, actions/github-script@v7, actions/upload-artifact@v4. Actions will be forced to run with Node.js 24 by default starting June 2nd, 2026. Node.js 20 will be removed from the runner on September 16th, 2026. Please check if updated versions of these actions are available that support Node.js 24. To opt into Node.js 24 now, set the FORCE_JAVASCRIPT_ACTIONS_TO_NODE24=true environment variable on the runner or in your workflow file. Once Node.js 24 becomes the default, you can temporarily opt out by setting ACTIONS_ALLOW_USE_UNSECURE_NODE_VERSION=true. For more information see: https://github.blog/changelog/2025-09-19-deprecation-of-node-20-on-github-actions-runners/
