=== CI FAILURE ===
Workflow:      Android CI
Workflow file: averycorp/prismTask/.github/workflows/android-ci.yml@refs/pull/967/merge
Job(s):        lint-and-test
Run ID:        25149354139
Run attempt:   1
Run URL:       https://github.com/averycorp/prismTask/actions/runs/25149354139
Commit:        cc9edc7af48a89d8a085beab7ac80db6505fd9d3
Branch:        967/merge
Event:         pull_request
Actor:         dependabot[bot]
Runner OS:     Linux
Timestamp:     2026-04-30T05:45:31.580Z

Failed steps:
  - lint-and-test: #9 Android lint — PR (lintDebug only) | #11 Compile androidTest sources (type-check only) | #14 Post failure details to PR

=== FAILED JOB LOG ===

--- Job: lint-and-test (id 73716133702) ---
2026-04-30T05:39:34.8866801Z Current runner version: '2.334.0'
2026-04-30T05:39:34.8891078Z ##[group]Runner Image Provisioner
2026-04-30T05:39:34.8891861Z Hosted Compute Agent
2026-04-30T05:39:34.8892491Z Version: 20260213.493
2026-04-30T05:39:34.8893139Z Commit: 5c115507f6dd24b8de37d8bbe0bb4509d0cc0fa3
2026-04-30T05:39:34.8893868Z Build Date: 2026-02-13T00:28:41Z
2026-04-30T05:39:34.8894568Z Worker ID: {7409e792-5053-444e-91e0-e66f43fd1bbd}
2026-04-30T05:39:34.8895238Z Azure Region: centralus
2026-04-30T05:39:34.8895800Z ##[endgroup]
2026-04-30T05:39:34.8897009Z ##[group]Operating System
2026-04-30T05:39:34.8897711Z Ubuntu
2026-04-30T05:39:34.8898164Z 24.04.4
2026-04-30T05:39:34.8898903Z LTS
2026-04-30T05:39:34.8899446Z ##[endgroup]
2026-04-30T05:39:34.8899910Z ##[group]Runner Image
2026-04-30T05:39:34.8900452Z Image: ubuntu-24.04
2026-04-30T05:39:34.8900993Z Version: 20260413.86.1
2026-04-30T05:39:34.8902238Z Included Software: https://github.com/actions/runner-images/blob/ubuntu24/20260413.86/images/ubuntu/Ubuntu2404-Readme.md
2026-04-30T05:39:34.8903692Z Image Release: https://github.com/actions/runner-images/releases/tag/ubuntu24%2F20260413.86
2026-04-30T05:39:34.8904568Z ##[endgroup]
2026-04-30T05:39:34.8905813Z ##[group]GITHUB_TOKEN Permissions
2026-04-30T05:39:34.8907694Z Actions: read
2026-04-30T05:39:34.8908283Z Checks: read
2026-04-30T05:39:34.8909152Z Contents: write
2026-04-30T05:39:34.8909681Z Metadata: read
2026-04-30T05:39:34.8910202Z PullRequests: read
2026-04-30T05:39:34.8910713Z ##[endgroup]
2026-04-30T05:39:34.8912836Z Secret source: Dependabot
2026-04-30T05:39:34.8913497Z Prepare workflow directory
2026-04-30T05:39:34.9249152Z Prepare all required actions
2026-04-30T05:39:34.9286607Z Getting action download info
2026-04-30T05:39:35.3851093Z Download action repository 'actions/checkout@v4' (SHA:34e114876b0b11c390a56381ad16ebd13914f8d5)
2026-04-30T05:39:35.5033104Z Download action repository 'dorny/paths-filter@v3' (SHA:d1c1ffe0248fe513906c8e24db8ea791d46f8590)
2026-04-30T05:39:36.0147609Z Download action repository 'actions/cache@v4' (SHA:0057852bfaa89a56745cba8c7296529d2fc39830)
2026-04-30T05:39:36.1112863Z Download action repository 'actions/github-script@v7' (SHA:f28e40c7f34bde8b3046d885e986cb6290c5673b)
2026-04-30T05:39:36.6210273Z Download action repository 'actions/upload-artifact@v4' (SHA:ea165f8d65b6e75b540449e92b4886f43607fa02)
2026-04-30T05:39:36.8993081Z Complete job name: lint-and-test
2026-04-30T05:39:37.0014204Z ##[group]Run actions/checkout@v4
2026-04-30T05:39:37.0015420Z with:
2026-04-30T05:39:37.0016195Z   ref: 0bb0017f60fed7511ac1443f686482f3e99bd4f3
2026-04-30T05:39:37.0017288Z   repository: averycorp/prismTask
2026-04-30T05:39:37.0018786Z   token: ***
2026-04-30T05:39:37.0019502Z   ssh-strict: true
2026-04-30T05:39:37.0020250Z   ssh-user: git
2026-04-30T05:39:37.0021005Z   persist-credentials: true
2026-04-30T05:39:37.0021853Z   clean: true
2026-04-30T05:39:37.0022609Z   sparse-checkout-cone-mode: true
2026-04-30T05:39:37.0023529Z   fetch-depth: 1
2026-04-30T05:39:37.0024266Z   fetch-tags: false
2026-04-30T05:39:37.0025048Z   show-progress: true
2026-04-30T05:39:37.0025807Z   lfs: false
2026-04-30T05:39:37.0026502Z   submodules: false
2026-04-30T05:39:37.0027278Z   set-safe-directory: true
2026-04-30T05:39:37.0028642Z ##[endgroup]
2026-04-30T05:39:37.1247053Z Syncing repository: averycorp/prismTask
2026-04-30T05:39:37.1250079Z ##[group]Getting Git version info
2026-04-30T05:39:37.1251464Z Working directory is '/home/runner/work/prismTask/prismTask'
2026-04-30T05:39:37.1253283Z [command]/usr/bin/git version
2026-04-30T05:39:37.3434755Z git version 2.53.0
2026-04-30T05:39:37.3459148Z ##[endgroup]
2026-04-30T05:39:37.3473796Z Temporarily overriding HOME='/home/runner/work/_temp/a6f2c9e7-b472-4be6-9d7c-077e9b3e9109' before making global git config changes
2026-04-30T05:39:37.3476448Z Adding repository directory to the temporary git global config as a safe directory
2026-04-30T05:39:37.3479083Z [command]/usr/bin/git config --global --add safe.directory /home/runner/work/prismTask/prismTask
2026-04-30T05:39:37.3512266Z Deleting the contents of '/home/runner/work/prismTask/prismTask'
2026-04-30T05:39:37.3516051Z ##[group]Initializing the repository
2026-04-30T05:39:37.3519878Z [command]/usr/bin/git init /home/runner/work/prismTask/prismTask
2026-04-30T05:39:37.3577274Z hint: Using 'master' as the name for the initial branch. This default branch name
2026-04-30T05:39:37.3579730Z hint: will change to "main" in Git 3.0. To configure the initial branch name
2026-04-30T05:39:37.3581441Z hint: to use in all of your new repositories, which will suppress this warning,
2026-04-30T05:39:37.3582914Z hint: call:
2026-04-30T05:39:37.3583692Z hint:
2026-04-30T05:39:37.3584586Z hint: 	git config --global init.defaultBranch <name>
2026-04-30T05:39:37.3585684Z hint:
2026-04-30T05:39:37.3586785Z hint: Names commonly chosen instead of 'master' are 'main', 'trunk' and
2026-04-30T05:39:37.3588789Z hint: 'development'. The just-created branch can be renamed via this command:
2026-04-30T05:39:37.3590513Z hint:
2026-04-30T05:39:37.3591230Z hint: 	git branch -m <name>
2026-04-30T05:39:37.3592084Z hint:
2026-04-30T05:39:37.3593194Z hint: Disable this message with "git config set advice.defaultBranchName false"
2026-04-30T05:39:37.3595224Z Initialized empty Git repository in /home/runner/work/prismTask/prismTask/.git/
2026-04-30T05:39:37.3598158Z [command]/usr/bin/git remote add origin https://github.com/averycorp/prismTask
2026-04-30T05:39:37.3622424Z ##[endgroup]
2026-04-30T05:39:37.3623824Z ##[group]Disabling automatic garbage collection
2026-04-30T05:39:37.3625802Z [command]/usr/bin/git config --local gc.auto 0
2026-04-30T05:39:37.3655343Z ##[endgroup]
2026-04-30T05:39:37.3656541Z ##[group]Setting up auth
2026-04-30T05:39:37.3661690Z [command]/usr/bin/git config --local --name-only --get-regexp core\.sshCommand
2026-04-30T05:39:37.3693229Z [command]/usr/bin/git submodule foreach --recursive sh -c "git config --local --name-only --get-regexp 'core\.sshCommand' && git config --local --unset-all 'core.sshCommand' || :"
2026-04-30T05:39:37.4029301Z [command]/usr/bin/git config --local --name-only --get-regexp http\.https\:\/\/github\.com\/\.extraheader
2026-04-30T05:39:37.4062171Z [command]/usr/bin/git submodule foreach --recursive sh -c "git config --local --name-only --get-regexp 'http\.https\:\/\/github\.com\/\.extraheader' && git config --local --unset-all 'http.https://github.com/.extraheader' || :"
2026-04-30T05:39:37.4305601Z [command]/usr/bin/git config --local --name-only --get-regexp ^includeIf\.gitdir:
2026-04-30T05:39:37.4337528Z [command]/usr/bin/git submodule foreach --recursive git config --local --show-origin --name-only --get-regexp remote.origin.url
2026-04-30T05:39:37.4579482Z [command]/usr/bin/git config --local http.https://github.com/.extraheader AUTHORIZATION: basic ***
2026-04-30T05:39:37.4614564Z ##[endgroup]
2026-04-30T05:39:37.4622401Z ##[group]Fetching the repository
2026-04-30T05:39:37.4624622Z [command]/usr/bin/git -c protocol.version=2 fetch --no-tags --prune --no-recurse-submodules --depth=1 origin 0bb0017f60fed7511ac1443f686482f3e99bd4f3
2026-04-30T05:39:40.2500780Z From https://github.com/averycorp/prismTask
2026-04-30T05:39:40.2501547Z  * branch            0bb0017f60fed7511ac1443f686482f3e99bd4f3 -> FETCH_HEAD
2026-04-30T05:39:40.2527267Z ##[endgroup]
2026-04-30T05:39:40.2527803Z ##[group]Determining the checkout info
2026-04-30T05:39:40.2530290Z ##[endgroup]
2026-04-30T05:39:40.2537058Z [command]/usr/bin/git sparse-checkout disable
2026-04-30T05:39:40.2584841Z [command]/usr/bin/git config --local --unset-all extensions.worktreeConfig
2026-04-30T05:39:40.2605455Z ##[group]Checking out the ref
2026-04-30T05:39:40.2610177Z [command]/usr/bin/git checkout --progress --force 0bb0017f60fed7511ac1443f686482f3e99bd4f3
2026-04-30T05:39:40.5336740Z Note: switching to '0bb0017f60fed7511ac1443f686482f3e99bd4f3'.
2026-04-30T05:39:40.5337248Z 
2026-04-30T05:39:40.5337557Z You are in 'detached HEAD' state. You can look around, make experimental
2026-04-30T05:39:40.5338269Z changes and commit them, and you can discard any commits you make in this
2026-04-30T05:39:40.5339619Z state without impacting any branches by switching back to a branch.
2026-04-30T05:39:40.5340038Z 
2026-04-30T05:39:40.5340417Z If you want to create a new branch to retain commits you create, you may
2026-04-30T05:39:40.5340995Z do so (now or later) by using -c with the switch command. Example:
2026-04-30T05:39:40.5341432Z 
2026-04-30T05:39:40.5341621Z   git switch -c <new-branch-name>
2026-04-30T05:39:40.5341868Z 
2026-04-30T05:39:40.5342015Z Or undo this operation with:
2026-04-30T05:39:40.5342269Z 
2026-04-30T05:39:40.5342392Z   git switch -
2026-04-30T05:39:40.5342607Z 
2026-04-30T05:39:40.5342931Z Turn off this advice by setting config variable advice.detachedHead to false
2026-04-30T05:39:40.5343369Z 
2026-04-30T05:39:40.5343699Z HEAD is now at 0bb0017 chore(deps): bump androidx.hilt:hilt-compiler from 1.2.0 to 1.3.0
2026-04-30T05:39:40.5363480Z ##[endgroup]
2026-04-30T05:39:40.5412419Z [command]/usr/bin/git log -1 --format=%H
2026-04-30T05:39:40.5437807Z 0bb0017f60fed7511ac1443f686482f3e99bd4f3
2026-04-30T05:39:40.5644742Z ##[group]Run dorny/paths-filter@v3
2026-04-30T05:39:40.5645011Z with:
2026-04-30T05:39:40.5645694Z   filters: android:
  - 'app/**'
  - 'gradlew'
  - 'gradlew.bat'
  - 'gradle/**'
  - 'build.gradle.kts'
  - 'settings.gradle.kts'
  - '.github/workflows/android-ci.yml'
  - '.github/actions/setup-android/**'

2026-04-30T05:39:40.5646548Z   token: ***
2026-04-30T05:39:40.5646748Z   list-files: none
2026-04-30T05:39:40.5646969Z   initial-fetch-depth: 100
2026-04-30T05:39:40.5647212Z   predicate-quantifier: some
2026-04-30T05:39:40.5647484Z ##[endgroup]
2026-04-30T05:39:40.6584952Z ##[group]Fetching list of changed files for PR#967 from Github API
2026-04-30T05:39:40.6593869Z Invoking listFiles(pull_number: 967, per_page: 100)
2026-04-30T05:39:40.9895292Z Received 1 items
2026-04-30T05:39:40.9895729Z [modified] app/build.gradle.kts
2026-04-30T05:39:40.9896620Z ##[endgroup]
2026-04-30T05:39:40.9896910Z Detected 1 changed files
2026-04-30T05:39:40.9902308Z Results:
2026-04-30T05:39:40.9903015Z ##[group]Filter android = true
2026-04-30T05:39:40.9903350Z Matching files:
2026-04-30T05:39:40.9903615Z app/build.gradle.kts [modified]
2026-04-30T05:39:40.9908298Z ##[endgroup]
2026-04-30T05:39:40.9909523Z Changes output set to ["android"]
2026-04-30T05:39:41.0717947Z Prepare all required actions
2026-04-30T05:39:41.0718565Z Getting action download info
2026-04-30T05:39:41.2551993Z Download action repository 'actions/setup-java@v4' (SHA:c1e323688fd81a25caa38c78aa6df2d33d3e20d9)
2026-04-30T05:39:41.9863431Z Download action repository 'gradle/actions@v4' (SHA:ed408507eac070d1f99cc633dbcf757c94c7933a)
2026-04-30T05:39:43.1242173Z ##[group]Run ./.github/actions/setup-android
2026-04-30T05:39:43.1242472Z ##[endgroup]
2026-04-30T05:39:43.1379484Z ##[group]Run actions/setup-java@v4
2026-04-30T05:39:43.1379728Z with:
2026-04-30T05:39:43.1379899Z   java-version: 21
2026-04-30T05:39:43.1380091Z   distribution: temurin
2026-04-30T05:39:43.1380297Z   java-package: jdk
2026-04-30T05:39:43.1380502Z   check-latest: false
2026-04-30T05:39:43.1380701Z   server-id: github
2026-04-30T05:39:43.1380887Z   server-username: GITHUB_ACTOR
2026-04-30T05:39:43.1381127Z   server-password: GITHUB_TOKEN
2026-04-30T05:39:43.1381354Z   overwrite-settings: true
2026-04-30T05:39:43.1381615Z   job-status: success
2026-04-30T05:39:43.1381903Z   token: ***
2026-04-30T05:39:43.1382083Z ##[endgroup]
2026-04-30T05:39:43.3418773Z ##[group]Installed distributions
2026-04-30T05:39:43.3470792Z Resolved Java 21.0.10+7 from tool-cache
2026-04-30T05:39:43.3471445Z Setting Java 21.0.10+7 as the default
2026-04-30T05:39:43.3483645Z Creating toolchains.xml for JDK version 21 from temurin
2026-04-30T05:39:43.3555232Z Writing to /home/runner/.m2/toolchains.xml
2026-04-30T05:39:43.3555622Z 
2026-04-30T05:39:43.3556129Z Java configuration:
2026-04-30T05:39:43.3557488Z   Distribution: temurin
2026-04-30T05:39:43.3557838Z   Version: 21.0.10+7
2026-04-30T05:39:43.3558579Z   Path: /opt/hostedtoolcache/Java_Temurin-Hotspot_jdk/21.0.10-7/x64
2026-04-30T05:39:43.3559366Z 
2026-04-30T05:39:43.3559765Z ##[endgroup]
2026-04-30T05:39:43.3573878Z Creating settings.xml with server-id: github
2026-04-30T05:39:43.3580094Z Writing to /home/runner/.m2/settings.xml
2026-04-30T05:39:43.3749023Z ##[group]Run gradle/actions/setup-gradle@v4
2026-04-30T05:39:43.3749293Z with:
2026-04-30T05:39:43.3749470Z   cache-disabled: false
2026-04-30T05:39:43.3749687Z   cache-read-only: true
2026-04-30T05:39:43.3749892Z   cache-write-only: false
2026-04-30T05:39:43.3750124Z   cache-overwrite-existing: false
2026-04-30T05:39:43.3750367Z   cache-cleanup: on-success
2026-04-30T05:39:43.3750639Z   gradle-home-cache-includes: caches
notifications

2026-04-30T05:39:43.3750927Z   add-job-summary: always
2026-04-30T05:39:43.3751151Z   add-job-summary-as-pr-comment: never
2026-04-30T05:39:43.3751426Z   dependency-graph: disabled
2026-04-30T05:39:43.3751714Z   dependency-graph-report-dir: dependency-graph-reports
2026-04-30T05:39:43.3752060Z   dependency-graph-continue-on-failure: true
2026-04-30T05:39:43.3752346Z   build-scan-publish: false
2026-04-30T05:39:43.3752584Z   validate-wrappers: true
2026-04-30T05:39:43.3752810Z   allow-snapshot-wrappers: false
2026-04-30T05:39:43.3753069Z   gradle-home-cache-strict-match: false
2026-04-30T05:39:43.3753328Z   workflow-job-context: null
2026-04-30T05:39:43.3753681Z   github-token: ***
2026-04-30T05:39:43.3753880Z env:
2026-04-30T05:39:43.3754155Z   JAVA_HOME: /opt/hostedtoolcache/Java_Temurin-Hotspot_jdk/21.0.10-7/x64
2026-04-30T05:39:43.3754775Z   JAVA_HOME_21_X64: /opt/hostedtoolcache/Java_Temurin-Hotspot_jdk/21.0.10-7/x64
2026-04-30T05:39:43.3755172Z ##[endgroup]
2026-04-30T05:39:44.3541162Z Merged default JDK locations into /home/runner/.m2/toolchains.xml
2026-04-30T05:39:44.3544478Z ##[group]Restore Gradle state from cache
2026-04-30T05:39:44.4972886Z Cache hit for restore-key: gradle-home-v1|Linux-X64|lint-and-test[5df42585ae8f8da228c604b8b4e8707c]-edc54fb33bc36c12bacf97a10e50a47979cffa07
2026-04-30T05:39:45.4000436Z Received 56284191 of 56284191 (100.0%), 70.5 MBs/sec
2026-04-30T05:39:45.4005391Z Cache Size: ~54 MB (56284191 B)
2026-04-30T05:39:45.4041771Z [command]/usr/bin/tar -xf /home/runner/work/_temp/935c14d5-469e-4fbe-9c07-236ef7a308cf/cache.tzst -P -C /home/runner/work/prismTask/prismTask --use-compress-program unzstd
2026-04-30T05:39:45.7357262Z Cache restored successfully
2026-04-30T05:39:45.7389328Z Restored cache entry with key gradle-home-v1|Linux-X64|lint-and-test[5df42585ae8f8da228c604b8b4e8707c]-cc9edc7af48a89d8a085beab7ac80db6505fd9d3 to /home/runner/.gradle/caches,/home/runner/.gradle/notifications,/home/runner/.gradle/.setup-gradle in 1383ms
2026-04-30T05:39:45.8766067Z Cache hit for: gradle-groovy-dsl-v1-93b99164365dedbb273eb8505a23259a
2026-04-30T05:39:45.8771056Z Cache hit for: gradle-transforms-v1-46ecd88252e1fe5b09e3afa1d0ce6648
2026-04-30T05:39:45.8820709Z Cache hit for: gradle-instrumented-jars-v1-2c017bc7142ed8c6de553ca1234bf492
2026-04-30T05:39:45.8832998Z Cache hit for: gradle-kotlin-dsl-v1-52f4344047a9d62d558ca4532aa85bdc
2026-04-30T05:39:45.8837112Z Cache hit for: gradle-wrapper-zips-v1-8c0de4c6bda6041d6e054bf825a89c98
2026-04-30T05:39:45.8895835Z Cache hit for: gradle-dependencies-v1-fe646239d4e76e6b8ff58839ea8802a6
2026-04-30T05:39:45.8931615Z Cache hit for: gradle-generated-gradle-jars-v1-cb4b032a7d08b9bf1e84e9eacaebcc29
2026-04-30T05:39:46.3546250Z Received 110332 of 110332 (100.0%), 0.4 MBs/sec
2026-04-30T05:39:46.3547633Z Cache Size: ~0 MB (110332 B)
2026-04-30T05:39:46.3729776Z [command]/usr/bin/tar -xf /home/runner/work/_temp/835ff196-25ce-4861-8698-3ff02720d108/cache.tzst -P -C /home/runner/work/prismTask/prismTask --use-compress-program unzstd
2026-04-30T05:39:46.3985364Z Cache restored successfully
2026-04-30T05:39:46.3988820Z Restored cache entry with key gradle-groovy-dsl-v1-93b99164365dedbb273eb8505a23259a to /home/runner/.gradle/caches/*/groovy-dsl/*/ in 658ms
2026-04-30T05:39:46.4421778Z Received 64188 of 64188 (100.0%), 0.2 MBs/sec
2026-04-30T05:39:46.4422320Z Cache Size: ~0 MB (64188 B)
2026-04-30T05:39:46.4465895Z Received 611125 of 611125 (100.0%), 1.4 MBs/sec
2026-04-30T05:39:46.4466471Z Cache Size: ~1 MB (611125 B)
2026-04-30T05:39:46.4500703Z [command]/usr/bin/tar -xf /home/runner/work/_temp/d077ee7d-a8ec-493e-bedd-3ff5c0245c44/cache.tzst -P -C /home/runner/work/prismTask/prismTask --use-compress-program unzstd
2026-04-30T05:39:46.4630174Z [command]/usr/bin/tar -xf /home/runner/work/_temp/f696762a-50a2-4051-9c24-b82ee093fcb6/cache.tzst -P -C /home/runner/work/prismTask/prismTask --use-compress-program unzstd
2026-04-30T05:39:46.4868756Z Cache restored successfully
2026-04-30T05:39:46.4901007Z Restored cache entry with key gradle-instrumented-jars-v1-2c017bc7142ed8c6de553ca1234bf492 to /home/runner/.gradle/caches/jars-*/*/ in 749ms
2026-04-30T05:39:46.7232748Z Cache restored successfully
2026-04-30T05:39:46.7240817Z Restored cache entry with key gradle-kotlin-dsl-v1-52f4344047a9d62d558ca4532aa85bdc to /home/runner/.gradle/caches/*/kotlin-dsl/accessors/*/,/home/runner/.gradle/caches/*/kotlin-dsl/scripts/*/ in 983ms
2026-04-30T05:39:47.0086938Z Received 41993404 of 41993404 (100.0%), 42.0 MBs/sec
2026-04-30T05:39:47.0092246Z Cache Size: ~40 MB (41993404 B)
2026-04-30T05:39:47.0371475Z Received 71303168 of 475796573 (15.0%), 67.9 MBs/sec
2026-04-30T05:39:47.0699677Z Received 50331648 of 136352669 (36.9%), 48.0 MBs/sec
2026-04-30T05:39:47.0749694Z [command]/usr/bin/tar -xf /home/runner/work/_temp/1de8685a-e3b7-493d-8fc5-f604474bf717/cache.tzst -P -C /home/runner/work/prismTask/prismTask --use-compress-program unzstd
2026-04-30T05:39:47.1015002Z Received 37748736 of 829821422 (4.5%), 35.5 MBs/sec
2026-04-30T05:39:47.4082074Z Cache restored successfully
2026-04-30T05:39:47.4119926Z Restored cache entry with key gradle-generated-gradle-jars-v1-cb4b032a7d08b9bf1e84e9eacaebcc29 to /home/runner/.gradle/caches/9.3.1/generated-gradle-jars/gradle-api-9.3.1.jar in 1672ms
2026-04-30T05:39:47.8713501Z Received 136352669 of 136352669 (100.0%), 72.1 MBs/sec
2026-04-30T05:39:47.8715687Z Cache Size: ~130 MB (136352669 B)
2026-04-30T05:39:47.8743134Z [command]/usr/bin/tar -xf /home/runner/work/_temp/9950d50a-d8ff-4e26-afdd-7d6b1d1509da/cache.tzst -P -C /home/runner/work/prismTask/prismTask --use-compress-program unzstd
2026-04-30T05:39:48.0676989Z Received 226492416 of 475796573 (47.6%), 106.3 MBs/sec
2026-04-30T05:39:48.0993174Z Received 155189248 of 829821422 (18.7%), 73.5 MBs/sec
2026-04-30T05:39:48.2186878Z Cache restored successfully
2026-04-30T05:39:48.2278687Z Restored cache entry with key gradle-wrapper-zips-v1-8c0de4c6bda6041d6e054bf825a89c98 to /home/runner/.gradle/wrapper/dists/gradle-9.3.1-bin/23ovyewtku6u96viwx3xl3oks in 2488ms
2026-04-30T05:39:49.0675752Z Received 415236096 of 475796573 (87.3%), 130.6 MBs/sec
2026-04-30T05:39:49.0993243Z Received 339738624 of 829821422 (40.9%), 107.5 MBs/sec
2026-04-30T05:39:49.3054907Z Received 475796573 of 475796573 (100.0%), 138.8 MBs/sec
2026-04-30T05:39:49.3057898Z Cache Size: ~454 MB (475796573 B)
2026-04-30T05:39:49.3334499Z [command]/usr/bin/tar -xf /home/runner/work/_temp/f36460e9-6d37-425e-a58e-9fd8e7626f59/cache.tzst -P -C /home/runner/work/prismTask/prismTask --use-compress-program unzstd
2026-04-30T05:39:50.1160087Z Received 536870912 of 829821422 (64.7%), 127.5 MBs/sec
2026-04-30T05:39:51.1079756Z Received 708837376 of 829821422 (85.4%), 134.6 MBs/sec
2026-04-30T05:39:51.8179759Z Received 829821422 of 829821422 (100.0%), 138.2 MBs/sec
2026-04-30T05:39:51.8229247Z Cache Size: ~791 MB (829821422 B)
2026-04-30T05:39:51.8336098Z [command]/usr/bin/tar -xf /home/runner/work/_temp/602e8e32-6a50-4324-b061-bfb51182003d/cache.tzst -P -C /home/runner/work/prismTask/prismTask --use-compress-program unzstd
2026-04-30T05:39:54.2647264Z Cache restored successfully
2026-04-30T05:39:54.3182844Z Restored cache entry with key gradle-dependencies-v1-fe646239d4e76e6b8ff58839ea8802a6 to /home/runner/.gradle/caches/modules-*/files-*/*/*/*/* in 8577ms
2026-04-30T05:39:56.8594962Z Cache restored successfully
2026-04-30T05:39:56.8816248Z Restored cache entry with key gradle-transforms-v1-46ecd88252e1fe5b09e3afa1d0ce6648 to /home/runner/.gradle/caches/transforms-4/*/,/home/runner/.gradle/caches/*/transforms/*/ in 11140ms
2026-04-30T05:39:56.8968122Z ##[endgroup]
2026-04-30T05:39:56.9305464Z ##[group]All Gradle Wrapper jars are valid
2026-04-30T05:39:56.9306671Z ✓ Found known Gradle Wrapper JAR files:
2026-04-30T05:39:56.9307503Z   b3a875ddc1f044746e1b1a55f645584505f4a10438c1afea9f15e92a7c42ec13 gradle/wrapper/gradle-wrapper.jar
2026-04-30T05:39:56.9308267Z ##[endgroup]
2026-04-30T05:39:56.9995628Z ##[group]Run chmod +x gradlew
2026-04-30T05:39:56.9996021Z [36;1mchmod +x gradlew[0m
2026-04-30T05:39:57.0022564Z shell: /usr/bin/bash --noprofile --norc -e -o pipefail {0}
2026-04-30T05:39:57.0022957Z env:
2026-04-30T05:39:57.0023307Z   JAVA_HOME: /opt/hostedtoolcache/Java_Temurin-Hotspot_jdk/21.0.10-7/x64
2026-04-30T05:39:57.0023852Z   JAVA_HOME_21_X64: /opt/hostedtoolcache/Java_Temurin-Hotspot_jdk/21.0.10-7/x64
2026-04-30T05:39:57.0024310Z   GRADLE_ACTION_ID: gradle/actions/setup-gradle
2026-04-30T05:39:57.0024681Z   GRADLE_USER_HOME: /home/runner/.gradle
2026-04-30T05:39:57.0025000Z   GRADLE_BUILD_ACTION_SETUP_COMPLETED: true
2026-04-30T05:39:57.0025331Z   GRADLE_BUILD_ACTION_CACHE_RESTORED: true
2026-04-30T05:39:57.0025812Z   DEVELOCITY_INJECTION_INIT_SCRIPT_NAME: gradle-actions.inject-develocity.init.gradle
2026-04-30T05:39:57.0026305Z   DEVELOCITY_INJECTION_CUSTOM_VALUE: gradle-actions
2026-04-30T05:39:57.0026652Z   GITHUB_DEPENDENCY_GRAPH_ENABLED: false
2026-04-30T05:39:57.0026952Z ##[endgroup]
2026-04-30T05:39:57.6610192Z ##[group]Run actions/cache@v4
2026-04-30T05:39:57.6610502Z with:
2026-04-30T05:39:57.6610725Z   path: app/build
2026-04-30T05:39:57.6611164Z   key: app-build-Linux-e08782221f07827bdc58c30f87105bd482766cbebe4ee1a9bff45c56192fbbed
2026-04-30T05:39:57.6611665Z   restore-keys: app-build-Linux-

2026-04-30T05:39:57.6611969Z   enableCrossOsArchive: false
2026-04-30T05:39:57.6612261Z   fail-on-cache-miss: false
2026-04-30T05:39:57.6612526Z   lookup-only: false
2026-04-30T05:39:57.6612784Z   save-always: false
2026-04-30T05:39:57.6613011Z env:
2026-04-30T05:39:57.6613344Z   JAVA_HOME: /opt/hostedtoolcache/Java_Temurin-Hotspot_jdk/21.0.10-7/x64
2026-04-30T05:39:57.6613863Z   JAVA_HOME_21_X64: /opt/hostedtoolcache/Java_Temurin-Hotspot_jdk/21.0.10-7/x64
2026-04-30T05:39:57.6614305Z   GRADLE_ACTION_ID: gradle/actions/setup-gradle
2026-04-30T05:39:57.6614635Z   GRADLE_USER_HOME: /home/runner/.gradle
2026-04-30T05:39:57.6614954Z   GRADLE_BUILD_ACTION_SETUP_COMPLETED: true
2026-04-30T05:39:57.6615328Z   GRADLE_BUILD_ACTION_CACHE_RESTORED: true
2026-04-30T05:39:57.6615791Z   DEVELOCITY_INJECTION_INIT_SCRIPT_NAME: gradle-actions.inject-develocity.init.gradle
2026-04-30T05:39:57.6616297Z   DEVELOCITY_INJECTION_CUSTOM_VALUE: gradle-actions
2026-04-30T05:39:57.6616645Z   GITHUB_DEPENDENCY_GRAPH_ENABLED: false
2026-04-30T05:39:57.6616940Z ##[endgroup]
2026-04-30T05:39:57.9380182Z Cache hit for restore-key: app-build-Linux-791adadc28d7cc03cc3c3f1ce48783b3c5583680f9ea212a46e848ba42466635
2026-04-30T05:39:59.0826149Z Received 113246208 of 157225216 (72.0%), 108.0 MBs/sec
2026-04-30T05:39:59.3275381Z Received 157225216 of 157225216 (100.0%), 120.4 MBs/sec
2026-04-30T05:39:59.3276180Z Cache Size: ~150 MB (157225216 B)
2026-04-30T05:39:59.3339350Z [command]/usr/bin/tar -xf /home/runner/work/_temp/9289af3c-62e3-47cf-9fa8-3546b802474e/cache.tzst -P -C /home/runner/work/prismTask/prismTask --use-compress-program unzstd
2026-04-30T05:40:01.1176783Z Cache restored successfully
2026-04-30T05:40:01.1331116Z Cache restored from key: app-build-Linux-791adadc28d7cc03cc3c3f1ce48783b3c5583680f9ea212a46e848ba42466635
2026-04-30T05:40:01.1440539Z ##[group]Run ./gradlew detekt --continue
2026-04-30T05:40:01.1440945Z [36;1m./gradlew detekt --continue[0m
2026-04-30T05:40:01.1463499Z shell: /usr/bin/bash -e {0}
2026-04-30T05:40:01.1463794Z env:
2026-04-30T05:40:01.1464147Z   JAVA_HOME: /opt/hostedtoolcache/Java_Temurin-Hotspot_jdk/21.0.10-7/x64
2026-04-30T05:40:01.1464680Z   JAVA_HOME_21_X64: /opt/hostedtoolcache/Java_Temurin-Hotspot_jdk/21.0.10-7/x64
2026-04-30T05:40:01.1465323Z   GRADLE_ACTION_ID: gradle/actions/setup-gradle
2026-04-30T05:40:01.1465674Z   GRADLE_USER_HOME: /home/runner/.gradle
2026-04-30T05:40:01.1466006Z   GRADLE_BUILD_ACTION_SETUP_COMPLETED: true
2026-04-30T05:40:01.1466342Z   GRADLE_BUILD_ACTION_CACHE_RESTORED: true
2026-04-30T05:40:01.1466811Z   DEVELOCITY_INJECTION_INIT_SCRIPT_NAME: gradle-actions.inject-develocity.init.gradle
2026-04-30T05:40:01.1467315Z   DEVELOCITY_INJECTION_CUSTOM_VALUE: gradle-actions
2026-04-30T05:40:01.1467665Z   GITHUB_DEPENDENCY_GRAPH_ENABLED: false
2026-04-30T05:40:01.1468014Z ##[endgroup]
2026-04-30T05:40:02.6579896Z Starting a Gradle Daemon (subsequent builds will be faster)
2026-04-30T05:40:06.0581736Z Configuration on demand is an incubating feature.
2026-04-30T05:40:13.9575145Z 
2026-04-30T05:40:13.9589986Z > Configure project :app
2026-04-30T05:40:13.9609577Z WARNING: The option setting 'android.builtInKotlin=false' is deprecated.
2026-04-30T05:40:13.9610637Z The current default is 'true'.
2026-04-30T05:40:13.9611580Z It will be removed in version 10.0 of the Android Gradle plugin.
2026-04-30T05:40:13.9612556Z WARNING: The option setting 'android.newDsl=false' is deprecated.
2026-04-30T05:40:13.9613367Z The current default is 'true'.
2026-04-30T05:40:13.9614121Z It will be removed in version 10.0 of the Android Gradle plugin.
2026-04-30T05:40:13.9615331Z WARNING: The option setting 'android.dependency.excludeLibraryComponentsFromConstraints=true' is deprecated.
2026-04-30T05:40:13.9616461Z The current default is 'false'.
2026-04-30T05:40:13.9617220Z It will be removed in version 10.0 of the Android Gradle plugin.
2026-04-30T05:40:13.9618123Z Following can be set instead to achieve a similar behaviour.
2026-04-30T05:40:13.9619121Z     android.dependency.useConstraints=false
2026-04-30T05:40:20.1585956Z w: file:///home/runner/work/prismTask/prismTask/app/build.gradle.kts:13:1: 'fun Project.android(configure: Action<BaseAppModuleExtension>): Unit' is deprecated. Replaced by com.android.build.api.dsl.ApplicationExtension.
2026-04-30T05:40:20.1588234Z This class is not used for the public extensions in AGP when android.newDsl=true, which is the default in AGP 9.0, and will be removed in AGP 10.0.
2026-04-30T05:40:20.1619993Z w: file:///home/runner/work/prismTask/prismTask/app/build.gradle.kts:229:1: 'val Project.android: BaseAppModuleExtension' is deprecated. Replaced by com.android.build.api.dsl.ApplicationExtension.
2026-04-30T05:40:20.1622133Z This class is not used for the public extensions in AGP when android.newDsl=true, which is the default in AGP 9.0, and will be removed in AGP 10.0.
2026-04-30T05:40:21.5579827Z w: ⚠️ Deprecated 'org.jetbrains.kotlin.android' plugin usage
2026-04-30T05:40:21.5623082Z The 'org.jetbrains.kotlin.android' plugin in project ':app' is no longer required for Kotlin support since AGP 9.0.
2026-04-30T05:40:21.5632072Z Solution: Remove both `android.builtInKotlin=true` and `android.newDsl=false` from `gradle.properties`, then migrate to built-in Kotlin.
2026-04-30T05:40:21.5633420Z See https://kotl.in/gradle/agp-built-in-kotlin for more details.
2026-04-30T05:40:21.5633987Z 
2026-04-30T05:40:22.6584090Z 
2026-04-30T05:40:22.6585312Z > Task :detekt-rules:checkKotlinGradlePluginConfigurationErrors SKIPPED
2026-04-30T05:40:22.8609264Z > Task :detekt-rules:compileKotlin FROM-CACHE
2026-04-30T05:40:22.8639201Z > Task :detekt-rules:compileJava NO-SOURCE
2026-04-30T05:40:22.8640005Z > Task :detekt-rules:processResources
2026-04-30T05:40:22.8645465Z > Task :detekt-rules:classes
2026-04-30T05:40:22.8646159Z > Task :detekt-rules:jar
2026-04-30T05:40:52.8575918Z > Task :app:detekt
2026-04-30T05:41:04.2575498Z gradle/actions: Writing build results to /home/runner/work/_temp/.gradle-actions/build-results/__run_3-1777527607535.json
2026-04-30T05:41:04.2581290Z 
2026-04-30T05:41:04.2582385Z [Incubating] Problems report is available at: file:///home/runner/work/prismTask/prismTask/build/reports/problems/problems-report.html
2026-04-30T05:41:04.2583507Z 
2026-04-30T05:41:04.2589448Z Deprecated Gradle features were used in this build, making it incompatible with Gradle 10.
2026-04-30T05:41:04.2590619Z 
2026-04-30T05:41:04.2591329Z You can use '--warning-mode all' to show the individual deprecation warnings and determine if they come from your own scripts or plugins.
2026-04-30T05:41:04.2592193Z 
2026-04-30T05:41:04.2593005Z For more on this, please refer to https://docs.gradle.org/9.3.1/userguide/command_line_interface.html#sec:command_line_warnings in the Gradle documentation.
2026-04-30T05:41:04.2593924Z 
2026-04-30T05:41:04.2594101Z BUILD SUCCESSFUL in 1m 3s
2026-04-30T05:41:04.2594592Z 4 actionable tasks: 3 executed, 1 from cache
2026-04-30T05:41:04.6091647Z ##[group]Run ./gradlew lintDebug --continue
2026-04-30T05:41:04.6092123Z [36;1m./gradlew lintDebug --continue[0m
2026-04-30T05:41:04.6114834Z shell: /usr/bin/bash -e {0}
2026-04-30T05:41:04.6115124Z env:
2026-04-30T05:41:04.6115475Z   JAVA_HOME: /opt/hostedtoolcache/Java_Temurin-Hotspot_jdk/21.0.10-7/x64
2026-04-30T05:41:04.6116016Z   JAVA_HOME_21_X64: /opt/hostedtoolcache/Java_Temurin-Hotspot_jdk/21.0.10-7/x64
2026-04-30T05:41:04.6116469Z   GRADLE_ACTION_ID: gradle/actions/setup-gradle
2026-04-30T05:41:04.6116802Z   GRADLE_USER_HOME: /home/runner/.gradle
2026-04-30T05:41:04.6117120Z   GRADLE_BUILD_ACTION_SETUP_COMPLETED: true
2026-04-30T05:41:04.6117449Z   GRADLE_BUILD_ACTION_CACHE_RESTORED: true
2026-04-30T05:41:04.6117924Z   DEVELOCITY_INJECTION_INIT_SCRIPT_NAME: gradle-actions.inject-develocity.init.gradle
2026-04-30T05:41:04.6118665Z   DEVELOCITY_INJECTION_CUSTOM_VALUE: gradle-actions
2026-04-30T05:41:04.6119034Z   GITHUB_DEPENDENCY_GRAPH_ENABLED: false
2026-04-30T05:41:04.6119360Z ##[endgroup]
2026-04-30T05:41:05.3819883Z Configuration on demand is an incubating feature.
2026-04-30T05:41:05.6812966Z 
2026-04-30T05:41:05.6859624Z > Configure project :app
2026-04-30T05:41:05.6880164Z WARNING: The option setting 'android.builtInKotlin=false' is deprecated.
2026-04-30T05:41:05.6881169Z The current default is 'true'.
2026-04-30T05:41:05.6882004Z It will be removed in version 10.0 of the Android Gradle plugin.
2026-04-30T05:41:05.6882997Z WARNING: The option setting 'android.newDsl=false' is deprecated.
2026-04-30T05:41:05.6883845Z The current default is 'true'.
2026-04-30T05:41:05.6884605Z It will be removed in version 10.0 of the Android Gradle plugin.
2026-04-30T05:41:05.6885852Z WARNING: The option setting 'android.dependency.excludeLibraryComponentsFromConstraints=true' is deprecated.
2026-04-30T05:41:05.6887034Z The current default is 'false'.
2026-04-30T05:41:05.6887803Z It will be removed in version 10.0 of the Android Gradle plugin.
2026-04-30T05:41:05.6888985Z Following can be set instead to achieve a similar behaviour.
2026-04-30T05:41:05.6889847Z     android.dependency.useConstraints=false
2026-04-30T05:41:05.6891082Z w: ⚠️ Deprecated 'org.jetbrains.kotlin.android' plugin usage
2026-04-30T05:41:05.6892322Z The 'org.jetbrains.kotlin.android' plugin in project ':app' is no longer required for Kotlin support since AGP 9.0.
2026-04-30T05:41:05.6894003Z Solution: Remove both `android.builtInKotlin=true` and `android.newDsl=false` from `gradle.properties`, then migrate to built-in Kotlin.
2026-04-30T05:41:05.6895430Z See https://kotl.in/gradle/agp-built-in-kotlin for more details.
2026-04-30T05:41:05.6896124Z 
2026-04-30T05:41:06.5801924Z 
2026-04-30T05:41:06.5802959Z > Task :app:checkKotlinGradlePluginConfigurationErrors SKIPPED
2026-04-30T05:41:06.5806143Z > Task :app:preBuild UP-TO-DATE
2026-04-30T05:41:06.5816354Z > Task :app:preDebugBuild UP-TO-DATE
2026-04-30T05:41:06.6802458Z > Task :app:generateDebugBuildConfig
2026-04-30T05:41:06.6803444Z > Task :app:generateDebugResValues FROM-CACHE
2026-04-30T05:41:06.6804512Z > Task :app:generateDebugResources FROM-CACHE
2026-04-30T05:41:06.6805348Z > Task :app:injectCrashlyticsMappingFileIdDebug
2026-04-30T05:41:06.6806191Z > Task :app:processDebugGoogleServices FROM-CACHE
2026-04-30T05:41:06.7805961Z > Task :app:packageDebugResources FROM-CACHE
2026-04-30T05:41:26.8801900Z > Task :app:processDebugNavigationResources FROM-CACHE
2026-04-30T05:41:27.3802339Z > Task :app:parseDebugLocalResources FROM-CACHE
2026-04-30T05:41:27.3802923Z > Task :app:generateDebugRFile FROM-CACHE
2026-04-30T05:41:29.7830025Z > Task :app:javaPreCompileDebug
2026-04-30T05:41:29.8825675Z > Task :app:mapDebugSourceSetPaths
2026-04-30T05:41:29.9819697Z > Task :app:compileDebugNavigationResources FROM-CACHE
2026-04-30T05:41:29.9835131Z > Task :app:checkDebugAarMetadata
2026-04-30T05:41:31.4803353Z > Task :app:createDebugCompatibleScreenManifests
2026-04-30T05:41:31.4819171Z > Task :app:extractDeepLinksDebug FROM-CACHE
2026-04-30T05:41:32.7818321Z > Task :app:processDebugMainManifest
2026-04-30T05:41:32.8830175Z > Task :app:processDebugManifest
2026-04-30T05:41:32.8839342Z > Task :app:preDebugAndroidTestBuild SKIPPED
2026-04-30T05:41:32.9803375Z > Task :app:generateDebugAndroidTestResValues FROM-CACHE
2026-04-30T05:41:32.9807855Z > Task :app:extractProguardFiles
2026-04-30T05:41:32.9809515Z > Task :app:processDebugManifestForPackage
2026-04-30T05:41:32.9810346Z > Task :app:preDebugUnitTestBuild UP-TO-DATE
2026-04-30T05:41:33.0839616Z > Task :app:mergeDebugResources
2026-04-30T05:41:34.5802393Z > Task :app:processDebugResources
2026-04-30T05:41:57.3802800Z > Task :app:kspDebugKotlin
2026-04-30T05:42:32.8805687Z > Task :app:compileDebugKotlin
2026-04-30T05:42:55.0807146Z e: file:///home/runner/work/prismTask/prismTask/app/src/main/java/com/averycorp/prismtask/ui/screens/tasklist/components/TaskListItemScopes.kt:453:17 Unresolved reference 'drawRoundRect'.
2026-04-30T05:42:55.0808856Z 
2026-04-30T05:42:55.0810069Z e: file:///home/runner/work/prismTask/prismTask/app/src/main/java/com/averycorp/prismtask/ui/screens/tasklist/components/TaskListItemScopes.kt:456:54 Unresolved reference 'toPx'.
2026-04-30T05:42:55.0812358Z e: file:///home/runner/work/prismTask/prismTask/app/src/main/java/com/averycorp/prismtask/ui/screens/tasklist/components/TaskListItemScopes.kt:456:67 Unresolved reference 'toPx'.
2026-04-30T05:42:55.0816073Z e: file:///home/runner/work/prismTask/prismTask/app/src/main/java/com/averycorp/prismtask/ui/screens/tasklist/components/TaskListItemScopes.kt:460:13 Suspend function 'suspend fun PointerInputScope.detectTapGestures(onDoubleTap: ((Offset) -> Unit)? = ..., onLongPress: ((Offset) -> Unit)? = ..., onPress: suspend PressGestureScope.(Offset) -> Unit = ..., onTap: ((Offset) -> Unit)? = ...): Unit' can only be called from a coroutine or another suspend function.
2026-04-30T05:42:55.0820236Z e: file:///home/runner/work/prismTask/prismTask/app/src/main/java/com/averycorp/prismtask/ui/screens/tasklist/components/TaskListItemScopes.kt:460:13 Unresolved reference. None of the following candidates is applicable because of a receiver type mismatch:
2026-04-30T05:42:55.0822445Z suspend fun PointerInputScope.detectTapGestures(onDoubleTap: ((Offset) -> Unit)? = ..., onLongPress: ((Offset) -> Unit)? = ..., onPress: suspend PressGestureScope.(Offset) -> Unit = ..., onTap: ((Offset) -> Unit)? = ...): Unit
2026-04-30T05:42:55.0823880Z e: file:///home/runner/work/prismTask/prismTask/app/src/main/java/com/averycorp/prismtask/ui/screens/tasklist/components/TaskListItemScopes.kt:462:21 Unresolved reference 'startTransfer'.
2026-04-30T05:42:55.0824593Z 
2026-04-30T05:42:55.0824724Z FAILURE: Build failed with an exception.
2026-04-30T05:42:55.0824945Z 
2026-04-30T05:42:55.0825049Z * What went wrong:
2026-04-30T05:42:55.0825357Z Execution failed for task ':app:compileDebugKotlin'.
2026-04-30T05:42:55.0825971Z > A failure occurred while executing org.jetbrains.kotlin.compilerRunner.btapi.BuildToolsApiCompilationWork
2026-04-30T05:42:55.0826562Z    > Compilation error. See log for more details
2026-04-30T05:42:55.0826794Z 
2026-04-30T05:42:55.0826890Z * Try:
2026-04-30T05:42:55.0827189Z > Run with --stacktrace option to get the stack trace.
2026-04-30T05:42:55.0827617Z > Run with --info or --debug option to get more log output.
2026-04-30T05:42:55.0828087Z > Run with --scan to get full insights from a Build Scan (powered by Develocity).
2026-04-30T05:42:55.0829159Z > Get more help at https://help.gradle.org.
2026-04-30T05:42:55.0829385Z 
2026-04-30T05:42:55.0829491Z BUILD FAILED in 1m 50s
2026-04-30T05:42:55.0829776Z > Task :app:compileDebugKotlin FAILED
2026-04-30T05:42:55.0830345Z gradle/actions: Writing build results to /home/runner/work/_temp/.gradle-actions/build-results/__run_4-1777527665293.json
2026-04-30T05:42:55.0830791Z 
2026-04-30T05:42:55.0831213Z [Incubating] Problems report is available at: file:///home/runner/work/prismTask/prismTask/build/reports/problems/problems-report.html
2026-04-30T05:42:55.0831715Z 
2026-04-30T05:42:55.0832164Z Deprecated Gradle features were used in this build, making it incompatible with Gradle 10.
2026-04-30T05:42:55.0832543Z 
2026-04-30T05:42:55.0832965Z You can use '--warning-mode all' to show the individual deprecation warnings and determine if they come from your own scripts or plugins.
2026-04-30T05:42:55.0833460Z 
2026-04-30T05:42:55.0833943Z For more on this, please refer to https://docs.gradle.org/9.3.1/userguide/command_line_interface.html#sec:command_line_warnings in the Gradle documentation.
2026-04-30T05:42:55.0834640Z 24 actionable tasks: 14 executed, 10 from cache
2026-04-30T05:42:55.2015145Z ##[error]Process completed with exit code 1.
2026-04-30T05:42:55.2090088Z ##[group]Run ./gradlew compileDebugAndroidTestKotlin --continue
2026-04-30T05:42:55.2090629Z [36;1m./gradlew compileDebugAndroidTestKotlin --continue[0m
2026-04-30T05:42:55.2112824Z shell: /usr/bin/bash -e {0}
2026-04-30T05:42:55.2113107Z env:
2026-04-30T05:42:55.2113444Z   JAVA_HOME: /opt/hostedtoolcache/Java_Temurin-Hotspot_jdk/21.0.10-7/x64
2026-04-30T05:42:55.2113972Z   JAVA_HOME_21_X64: /opt/hostedtoolcache/Java_Temurin-Hotspot_jdk/21.0.10-7/x64
2026-04-30T05:42:55.2114424Z   GRADLE_ACTION_ID: gradle/actions/setup-gradle
2026-04-30T05:42:55.2114757Z   GRADLE_USER_HOME: /home/runner/.gradle
2026-04-30T05:42:55.2115080Z   GRADLE_BUILD_ACTION_SETUP_COMPLETED: true
2026-04-30T05:42:55.2115407Z   GRADLE_BUILD_ACTION_CACHE_RESTORED: true
2026-04-30T05:42:55.2115884Z   DEVELOCITY_INJECTION_INIT_SCRIPT_NAME: gradle-actions.inject-develocity.init.gradle
2026-04-30T05:42:55.2116387Z   DEVELOCITY_INJECTION_CUSTOM_VALUE: gradle-actions
2026-04-30T05:42:55.2116774Z   GITHUB_DEPENDENCY_GRAPH_ENABLED: false
2026-04-30T05:42:55.2117090Z ##[endgroup]
2026-04-30T05:42:55.9559242Z Configuration on demand is an incubating feature.
2026-04-30T05:42:56.1579944Z 
2026-04-30T05:42:56.1616694Z > Configure project :app
2026-04-30T05:42:56.1617746Z WARNING: The option setting 'android.builtInKotlin=false' is deprecated.
2026-04-30T05:42:56.1618799Z The current default is 'true'.
2026-04-30T05:42:56.1619544Z It will be removed in version 10.0 of the Android Gradle plugin.
2026-04-30T05:42:56.1620469Z WARNING: The option setting 'android.newDsl=false' is deprecated.
2026-04-30T05:42:56.1621243Z The current default is 'true'.
2026-04-30T05:42:56.1621965Z It will be removed in version 10.0 of the Android Gradle plugin.
2026-04-30T05:42:56.1623170Z WARNING: The option setting 'android.dependency.excludeLibraryComponentsFromConstraints=true' is deprecated.
2026-04-30T05:42:56.1624305Z The current default is 'false'.
2026-04-30T05:42:56.1625089Z It will be removed in version 10.0 of the Android Gradle plugin.
2026-04-30T05:42:56.1625951Z Following can be set instead to achieve a similar behaviour.
2026-04-30T05:42:56.1626727Z     android.dependency.useConstraints=false
2026-04-30T05:42:56.1627851Z w: ⚠️ Deprecated 'org.jetbrains.kotlin.android' plugin usage
2026-04-30T05:42:56.1629210Z The 'org.jetbrains.kotlin.android' plugin in project ':app' is no longer required for Kotlin support since AGP 9.0.
2026-04-30T05:42:56.1630742Z Solution: Remove both `android.builtInKotlin=true` and `android.newDsl=false` from `gradle.properties`, then migrate to built-in Kotlin.
2026-04-30T05:42:56.1632079Z See https://kotl.in/gradle/agp-built-in-kotlin for more details.
2026-04-30T05:42:56.1632690Z 
2026-04-30T05:42:56.3532942Z 
2026-04-30T05:42:56.3534743Z > Task :app:checkKotlinGradlePluginConfigurationErrors SKIPPED
2026-04-30T05:42:56.3536456Z > Task :app:preBuild UP-TO-DATE
2026-04-30T05:42:56.3556180Z > Task :app:preDebugBuild UP-TO-DATE
2026-04-30T05:42:56.3568093Z > Task :app:generateDebugBuildConfig UP-TO-DATE
2026-04-30T05:42:56.3569250Z > Task :app:generateDebugResValues UP-TO-DATE
2026-04-30T05:42:56.3570012Z > Task :app:generateDebugResources UP-TO-DATE
2026-04-30T05:42:56.3570839Z > Task :app:injectCrashlyticsMappingFileIdDebug UP-TO-DATE
2026-04-30T05:42:56.3571690Z > Task :app:processDebugGoogleServices UP-TO-DATE
2026-04-30T05:42:56.3572446Z > Task :app:packageDebugResources UP-TO-DATE
2026-04-30T05:42:56.4556889Z > Task :app:processDebugNavigationResources UP-TO-DATE
2026-04-30T05:42:56.4565135Z > Task :app:parseDebugLocalResources UP-TO-DATE
2026-04-30T05:42:56.4566091Z > Task :app:generateDebugRFile UP-TO-DATE
2026-04-30T05:42:56.5541227Z > Task :app:kspDebugKotlin UP-TO-DATE
2026-04-30T05:42:56.7548100Z > Task :app:javaPreCompileDebug UP-TO-DATE
2026-04-30T05:42:56.7609121Z > Task :app:checkDebugAarMetadata UP-TO-DATE
2026-04-30T05:42:56.7609777Z > Task :app:mapDebugSourceSetPaths UP-TO-DATE
2026-04-30T05:42:56.7610425Z > Task :app:compileDebugNavigationResources UP-TO-DATE
2026-04-30T05:42:56.7611633Z > Task :app:mergeDebugResources UP-TO-DATE
2026-04-30T05:42:56.7612316Z > Task :app:createDebugCompatibleScreenManifests UP-TO-DATE
2026-04-30T05:42:56.7612973Z > Task :app:extractDeepLinksDebug UP-TO-DATE
2026-04-30T05:42:56.8575702Z > Task :app:processDebugMainManifest UP-TO-DATE
2026-04-30T05:42:56.8598000Z > Task :app:processDebugManifest UP-TO-DATE
2026-04-30T05:42:56.8659382Z > Task :app:processDebugManifestForPackage UP-TO-DATE
2026-04-30T05:42:56.8684247Z > Task :app:processDebugResources UP-TO-DATE
2026-04-30T05:42:56.8709296Z > Task :app:preDebugAndroidTestBuild SKIPPED
2026-04-30T05:42:58.5531908Z > Task :app:processDebugAndroidTestManifest
2026-04-30T05:42:58.5590942Z > Task :app:generateDebugAndroidTestBuildConfig FROM-CACHE
2026-04-30T05:42:58.5649153Z > Task :app:generateDebugAndroidTestResValues UP-TO-DATE
2026-04-30T05:42:58.6569656Z > Task :app:generateDebugAndroidTestResources FROM-CACHE
2026-04-30T05:42:58.6570797Z > Task :app:packageDebugAndroidTestResources FROM-CACHE
2026-04-30T05:42:58.6599134Z > Task :app:processDebugAndroidTestNavigationResources FROM-CACHE
2026-04-30T05:42:58.6629139Z > Task :app:parseDebugAndroidTestLocalResources FROM-CACHE
2026-04-30T05:42:58.6656124Z > Task :app:generateDebugAndroidTestRFile FROM-CACHE
2026-04-30T05:43:21.0543533Z e: file:///home/runner/work/prismTask/prismTask/app/src/main/java/com/averycorp/prismtask/ui/screens/tasklist/components/TaskListItemScopes.kt:453:17 Unresolved reference 'drawRoundRect'.
2026-04-30T05:43:21.0544843Z 
2026-04-30T05:43:21.0570624Z > Task :app:compileDebugKotlin FAILED
2026-04-30T05:43:21.0576796Z e: file:///home/runner/work/prismTask/prismTask/app/src/main/java/com/averycorp/prismtask/ui/screens/tasklist/components/TaskListItemScopes.kt:456:54 Unresolved reference 'toPx'.
2026-04-30T05:43:21.0599758Z e: file:///home/runner/work/prismTask/prismTask/app/src/main/java/com/averycorp/prismtask/ui/screens/tasklist/components/TaskListItemScopes.kt:456:67 Unresolved reference 'toPx'.
2026-04-30T05:43:21.0601655Z gradle/actions: Writing build results to /home/runner/work/_temp/.gradle-actions/build-results/__run_6-1777527775859.json
2026-04-30T05:43:21.0608700Z 
2026-04-30T05:43:21.0631440Z e: file:///home/runner/work/prismTask/prismTask/app/src/main/java/com/averycorp/prismtask/ui/screens/tasklist/components/TaskListItemScopes.kt:460:13 Suspend function 'suspend fun PointerInputScope.detectTapGestures(onDoubleTap: ((Offset) -> Unit)? = ..., onLongPress: ((Offset) -> Unit)? = ..., onPress: suspend PressGestureScope.(Offset) -> Unit = ..., onTap: ((Offset) -> Unit)? = ...): Unit' can only be called from a coroutine or another suspend function.
2026-04-30T05:43:21.0635626Z e: file:///home/runner/work/prismTask/prismTask/app/src/main/java/com/averycorp/prismtask/ui/screens/tasklist/components/TaskListItemScopes.kt:460:13 Unresolved reference. None of the following candidates is applicable because of a receiver type mismatch:
2026-04-30T05:43:21.0638763Z [Incubating] Problems report is available at: file:///home/runner/work/prismTask/prismTask/build/reports/problems/problems-report.html
2026-04-30T05:43:21.0669413Z suspend fun PointerInputScope.detectTapGestures(onDoubleTap: ((Offset) -> Unit)? = ..., onLongPress: ((Offset) -> Unit)? = ..., onPress: suspend PressGestureScope.(Offset) -> Unit = ..., onTap: ((Offset) -> Unit)? = ...): Unit
2026-04-30T05:43:21.0721240Z e: file:///home/runner/work/prismTask/prismTask/app/src/main/java/com/averycorp/prismtask/ui/screens/tasklist/components/TaskListItemScopes.kt:462:21 Unresolved reference 'startTransfer'.
2026-04-30T05:43:21.0722321Z 
2026-04-30T05:43:21.0722504Z FAILURE: Build failed with an exception.
2026-04-30T05:43:21.0722834Z 
2026-04-30T05:43:21.0722989Z * What went wrong:
2026-04-30T05:43:21.0723465Z Execution failed for task ':app:compileDebugKotlin'.
2026-04-30T05:43:21.0724518Z > A failure occurred while executing org.jetbrains.kotlin.compilerRunner.btapi.BuildToolsApiCompilationWork
2026-04-30T05:43:21.0725468Z    > Compilation error. See log for more details
2026-04-30T05:43:21.0725851Z 
2026-04-30T05:43:21.0726343Z * Try:
2026-04-30T05:43:21.0726713Z > Run with --stacktrace option to get the stack trace.
2026-04-30T05:43:21.0727303Z > Run with --info or --debug option to get more log output.
2026-04-30T05:43:21.0728018Z > Run with --scan to get full insights from a Build Scan (powered by Develocity).
2026-04-30T05:43:21.0728965Z > Get more help at https://help.gradle.org.
2026-04-30T05:43:21.0729325Z 
2026-04-30T05:43:21.0729484Z BUILD FAILED in 25s
2026-04-30T05:43:21.0729716Z 
2026-04-30T05:43:21.0730126Z Deprecated Gradle features were used in this build, making it incompatible with Gradle 10.
2026-04-30T05:43:21.0730730Z 
2026-04-30T05:43:21.0731433Z You can use '--warning-mode all' to show the individual deprecation warnings and determine if they come from your own scripts or plugins.
2026-04-30T05:43:21.0732299Z 
2026-04-30T05:43:21.0733491Z For more on this, please refer to https://docs.gradle.org/9.3.1/userguide/command_line_interface.html#sec:command_line_warnings in the Gradle documentation.
2026-04-30T05:43:21.0734921Z 30 actionable tasks: 2 executed, 6 from cache, 22 up-to-date
2026-04-30T05:43:21.1742960Z ##[error]Process completed with exit code 1.
2026-04-30T05:43:21.1794656Z ##[group]Run set -euo pipefail
2026-04-30T05:43:21.1795206Z [36;1mset -euo pipefail[0m
2026-04-30T05:43:21.1795670Z [36;1mshopt -s globstar nullglob[0m
2026-04-30T05:43:21.1796199Z [36;1mxmls=(app/build/test-results/**/*.xml)[0m
2026-04-30T05:43:21.1796711Z [36;1mif [ ${#xmls[@]} -eq 0 ]; then[0m
2026-04-30T05:43:21.1797505Z [36;1m  echo "::error::No JUnit XML results found under app/build/test-results/. Did the test task run?"[0m
2026-04-30T05:43:21.1798278Z [36;1m  exit 1[0m
2026-04-30T05:43:21.1798943Z [36;1mfi[0m
2026-04-30T05:43:21.1799297Z [36;1mfailed=0[0m
2026-04-30T05:43:21.1799718Z [36;1mfor f in "${xmls[@]}"; do[0m
2026-04-30T05:43:21.1800427Z [36;1m  fails=$(grep -oE 'failures="[0-9]+"' "$f" | head -n1 | grep -oE '[0-9]+' || echo 0)[0m
2026-04-30T05:43:21.1801316Z [36;1m  errs=$(grep -oE 'errors="[0-9]+"' "$f" | head -n1 | grep -oE '[0-9]+' || echo 0)[0m
2026-04-30T05:43:21.1802133Z [36;1m  if [ "${fails:-0}" -gt 0 ] || [ "${errs:-0}" -gt 0 ]; then[0m
2026-04-30T05:43:21.1802848Z [36;1m    echo "::error file=${f}::${fails} failure(s), ${errs} error(s) in ${f}"[0m
2026-04-30T05:43:21.1803536Z [36;1m    failed=$((failed + fails + errs))[0m
2026-04-30T05:43:21.1804026Z [36;1m  fi[0m
2026-04-30T05:43:21.1804380Z [36;1mdone[0m
2026-04-30T05:43:21.1804739Z [36;1mif [ "$failed" -gt 0 ]; then[0m
2026-04-30T05:43:21.1805683Z [36;1m  echo "::error::${failed} unit-test failure(s)/error(s) detected. See annotations and the test-results artifact."[0m
2026-04-30T05:43:21.1806507Z [36;1m  exit 1[0m
2026-04-30T05:43:21.1806918Z [36;1mfi[0m
2026-04-30T05:43:21.1807638Z [36;1mecho "All ${#xmls[@]} JUnit XML reports clean."[0m
2026-04-30T05:43:21.1839576Z shell: /usr/bin/bash --noprofile --norc -e -o pipefail {0}
2026-04-30T05:43:21.1840155Z env:
2026-04-30T05:43:21.1840671Z   JAVA_HOME: /opt/hostedtoolcache/Java_Temurin-Hotspot_jdk/21.0.10-7/x64
2026-04-30T05:43:21.1841534Z   JAVA_HOME_21_X64: /opt/hostedtoolcache/Java_Temurin-Hotspot_jdk/21.0.10-7/x64
2026-04-30T05:43:21.1842277Z   GRADLE_ACTION_ID: gradle/actions/setup-gradle
2026-04-30T05:43:21.1842823Z   GRADLE_USER_HOME: /home/runner/.gradle
2026-04-30T05:43:21.1843340Z   GRADLE_BUILD_ACTION_SETUP_COMPLETED: true
2026-04-30T05:43:21.1843864Z   GRADLE_BUILD_ACTION_CACHE_RESTORED: true
2026-04-30T05:43:21.1844617Z   DEVELOCITY_INJECTION_INIT_SCRIPT_NAME: gradle-actions.inject-develocity.init.gradle
2026-04-30T05:43:21.1845437Z   DEVELOCITY_INJECTION_CUSTOM_VALUE: gradle-actions
2026-04-30T05:43:21.1845986Z   GITHUB_DEPENDENCY_GRAPH_ENABLED: false
2026-04-30T05:43:21.1846454Z ##[endgroup]
2026-04-30T05:43:22.0618655Z All 180 JUnit XML reports clean.
2026-04-30T05:43:22.0682887Z ##[group]Run actions/github-script@v7
2026-04-30T05:43:22.0683215Z with:
2026-04-30T05:43:22.0685766Z   script: const fs = require('fs');
let body = '### CI Unit Test Failure\n\n';
try {
  const raw = fs.readFileSync('unit-test-output.log', 'utf8');
  const lines = raw.split('\n');
  const errorLines = lines.filter(l =>
    /\be:\b|FAILED|Compilation error|Unresolved reference|not abstract|does not implement/.test(l)
  );
  const tail = lines.slice(-30).join('\n');
  const errors = errorLines.length > 0
    ? errorLines.join('\n')
    : 'No specific error lines matched. Last 30 lines shown.';
  body += '**Error lines:**\n```\n' + errors.slice(0, 2000) + '\n```\n';
  body += '\n**Build tail:**\n```\n' + tail.slice(0, 2000) + '\n```';
} catch (e) {
  body += 'Could not read unit-test-output.log: ' + e.message;
}
await github.rest.issues.createComment({
  owner: context.repo.owner,
  repo: context.repo.repo,
  issue_number: context.issue.number,
  body
});

2026-04-30T05:43:22.0688768Z   github-token: ***
2026-04-30T05:43:22.0689037Z   debug: false
2026-04-30T05:43:22.0689300Z   user-agent: actions/github-script
2026-04-30T05:43:22.0689614Z   result-encoding: json
2026-04-30T05:43:22.0689871Z   retries: 0
2026-04-30T05:43:22.0690138Z   retry-exempt-status-codes: 400,401,403,404,422
2026-04-30T05:43:22.0690468Z env:
2026-04-30T05:43:22.0690813Z   JAVA_HOME: /opt/hostedtoolcache/Java_Temurin-Hotspot_jdk/21.0.10-7/x64
2026-04-30T05:43:22.0691341Z   JAVA_HOME_21_X64: /opt/hostedtoolcache/Java_Temurin-Hotspot_jdk/21.0.10-7/x64
2026-04-30T05:43:22.0691794Z   GRADLE_ACTION_ID: gradle/actions/setup-gradle
2026-04-30T05:43:22.0692129Z   GRADLE_USER_HOME: /home/runner/.gradle
2026-04-30T05:43:22.0692449Z   GRADLE_BUILD_ACTION_SETUP_COMPLETED: true
2026-04-30T05:43:22.0692787Z   GRADLE_BUILD_ACTION_CACHE_RESTORED: true
2026-04-30T05:43:22.0693258Z   DEVELOCITY_INJECTION_INIT_SCRIPT_NAME: gradle-actions.inject-develocity.init.gradle
2026-04-30T05:43:22.0693774Z   DEVELOCITY_INJECTION_CUSTOM_VALUE: gradle-actions
2026-04-30T05:43:22.0694130Z   GITHUB_DEPENDENCY_GRAPH_ENABLED: false
2026-04-30T05:43:22.0694436Z ##[endgroup]
2026-04-30T05:43:22.4404229Z RequestError [HttpError]: Resource not accessible by integration
2026-04-30T05:43:22.4405139Z     at /home/runner/work/_actions/actions/github-script/v7/dist/index.js:9537:21
2026-04-30T05:43:22.4406089Z     at process.processTicksAndRejections (node:internal/process/task_queues:95:5)
2026-04-30T05:43:22.4407325Z     at async eval (eval at callAsyncFunction (/home/runner/work/_actions/actions/github-script/v7/dist/index.js:36187:16), <anonymous>:20:1)
2026-04-30T05:43:22.4408950Z     at async main (/home/runner/work/_actions/actions/github-script/v7/dist/index.js:36285:20) {
2026-04-30T05:43:22.4423269Z ##[error]Unhandled error: HttpError: Resource not accessible by integration
2026-04-30T05:43:22.4424740Z   status: 403,
2026-04-30T05:43:22.4425098Z   response: {
2026-04-30T05:43:22.4425741Z     url: 'https://api.github.com/repos/averycorp/prismTask/issues/967/comments',
2026-04-30T05:43:22.4426802Z     status: 403,
2026-04-30T05:43:22.4427153Z     headers: {
2026-04-30T05:43:22.4427549Z       'access-control-allow-origin': '*',
2026-04-30T05:43:22.4430026Z       'access-control-expose-headers': 'ETag, Link, Location, Retry-After, X-GitHub-OTP, X-RateLimit-Limit, X-RateLimit-Remaining, X-RateLimit-Used, X-RateLimit-Resource, X-RateLimit-Reset, X-OAuth-Scopes, X-Accepted-OAuth-Scopes, X-Poll-Interval, X-GitHub-Media-Type, X-GitHub-SSO, X-GitHub-Request-Id, Deprecation, Sunset',
2026-04-30T05:43:22.4432225Z       'content-encoding': 'gzip',
2026-04-30T05:43:22.4432773Z       'content-security-policy': "default-src 'none'",
2026-04-30T05:43:22.4433424Z       'content-type': 'application/json; charset=utf-8',
2026-04-30T05:43:22.4434020Z       date: 'Thu, 30 Apr 2026 05:43:22 GMT',
2026-04-30T05:43:22.4434803Z       'referrer-policy': 'origin-when-cross-origin, strict-origin-when-cross-origin',
2026-04-30T05:43:22.4435602Z       server: 'github.com',
2026-04-30T05:43:22.4436614Z       'strict-transport-security': 'max-age=31536000; includeSubdomains; preload',
2026-04-30T05:43:22.4437405Z       'transfer-encoding': 'chunked',
2026-04-30T05:43:22.4438016Z       vary: 'Accept-Encoding, Accept, X-Requested-With',
2026-04-30T05:43:22.4439041Z       'x-accepted-github-permissions': 'issues=write; pull_requests=write',
2026-04-30T05:43:22.4439797Z       'x-content-type-options': 'nosniff',
2026-04-30T05:43:22.4440332Z       'x-frame-options': 'deny',
2026-04-30T05:43:22.4440896Z       'x-github-api-version-selected': '2022-11-28',
2026-04-30T05:43:22.4441537Z       'x-github-media-type': 'github.v3; format=json',
2026-04-30T05:43:22.4442255Z       'x-github-request-id': '9008:3EDCDD:47DE219:11AE8E33:69F2EBFA',
2026-04-30T05:43:22.4442910Z       'x-ratelimit-limit': '5000',
2026-04-30T05:43:22.4443421Z       'x-ratelimit-remaining': '4179',
2026-04-30T05:43:22.4443951Z       'x-ratelimit-reset': '1777527968',
2026-04-30T05:43:22.4444483Z       'x-ratelimit-resource': 'core',
2026-04-30T05:43:22.4445009Z       'x-ratelimit-used': '821',
2026-04-30T05:43:22.4445494Z       'x-xss-protection': '0'
2026-04-30T05:43:22.4445933Z     },
2026-04-30T05:43:22.4446265Z     data: {
2026-04-30T05:43:22.4446714Z       message: 'Resource not accessible by integration',
2026-04-30T05:43:22.4447642Z       documentation_url: 'https://docs.github.com/rest/issues/comments#create-an-issue-comment',
2026-04-30T05:43:22.4448688Z       status: '403'
2026-04-30T05:43:22.4449075Z     }
2026-04-30T05:43:22.4449403Z   },
2026-04-30T05:43:22.4449743Z   request: {
2026-04-30T05:43:22.4450118Z     method: 'POST',
2026-04-30T05:43:22.4450750Z     url: 'https://api.github.com/repos/averycorp/prismTask/issues/967/comments',
2026-04-30T05:43:22.4451484Z     headers: {
2026-04-30T05:43:22.4451923Z       accept: 'application/vnd.github.v3+json',
2026-04-30T05:43:22.4452811Z       'user-agent': 'actions/github-script octokit-core.js/5.0.1 Node.js/20.20.2 (linux; x64)',
2026-04-30T05:43:22.4453677Z       authorization: 'token [REDACTED]',
2026-04-30T05:43:22.4454288Z       'content-type': 'application/json; charset=utf-8'
2026-04-30T05:43:22.4454852Z     },
2026-04-30T05:43:22.4455822Z     body: `{"body":"### CI Unit Test Failure\\n\\nCould not read unit-test-output.log: ENOENT: no such file or directory, open 'unit-test-output.log'"}`,
2026-04-30T05:43:22.4456902Z     request: {
2026-04-30T05:43:22.4457282Z       agent: [Agent],
2026-04-30T05:43:22.4457712Z       fetch: [Function: proxyFetch],
2026-04-30T05:43:22.4458250Z       hook: [Function: bound bound register]
2026-04-30T05:43:22.4480184Z     }
2026-04-30T05:43:22.4480546Z   }
2026-04-30T05:43:22.4480881Z }
2026-04-30T05:43:22.5120015Z ##[group]Run actions/upload-artifact@v4
2026-04-30T05:43:22.5120346Z with:
2026-04-30T05:43:22.5120575Z   name: lint-report
2026-04-30T05:43:22.5120867Z   path: app/build/reports/lint-results-debug.html
2026-04-30T05:43:22.5121205Z   retention-days: 7
2026-04-30T05:43:22.5121654Z   if-no-files-found: warn
2026-04-30T05:43:22.5121928Z   compression-level: 6
2026-04-30T05:43:22.5122206Z   overwrite: false
2026-04-30T05:43:22.5122465Z   include-hidden-files: false
2026-04-30T05:43:22.5122741Z env:
2026-04-30T05:43:22.5123075Z   JAVA_HOME: /opt/hostedtoolcache/Java_Temurin-Hotspot_jdk/21.0.10-7/x64
2026-04-30T05:43:22.5123588Z   JAVA_HOME_21_X64: /opt/hostedtoolcache/Java_Temurin-Hotspot_jdk/21.0.10-7/x64
2026-04-30T05:43:22.5124034Z   GRADLE_ACTION_ID: gradle/actions/setup-gradle
2026-04-30T05:43:22.5124366Z   GRADLE_USER_HOME: /home/runner/.gradle
2026-04-30T05:43:22.5124686Z   GRADLE_BUILD_ACTION_SETUP_COMPLETED: true
2026-04-30T05:43:22.5125038Z   GRADLE_BUILD_ACTION_CACHE_RESTORED: true
2026-04-30T05:43:22.5125509Z   DEVELOCITY_INJECTION_INIT_SCRIPT_NAME: gradle-actions.inject-develocity.init.gradle
2026-04-30T05:43:22.5126011Z   DEVELOCITY_INJECTION_CUSTOM_VALUE: gradle-actions
2026-04-30T05:43:22.5126357Z   GITHUB_DEPENDENCY_GRAPH_ENABLED: false
2026-04-30T05:43:22.5126657Z ##[endgroup]
2026-04-30T05:43:22.7274821Z With the provided path, there will be 1 file uploaded
2026-04-30T05:43:22.7279781Z Artifact name is valid!
2026-04-30T05:43:22.7280936Z Root directory input is valid!
2026-04-30T05:43:22.9064640Z Beginning upload of artifact content to blob storage
2026-04-30T05:43:23.1337514Z Uploaded bytes 40297
2026-04-30T05:43:23.1829529Z Finished uploading artifact content to blob storage!
2026-04-30T05:43:23.1832437Z SHA256 digest of uploaded artifact zip is 4ee875b81a3d57cacdbd5303f5af00e370188e167390b48477289c15badcea6d
2026-04-30T05:43:23.1834287Z Finalizing artifact upload
2026-04-30T05:43:23.3216668Z Artifact lint-report.zip successfully finalized. Artifact ID 6723517502
2026-04-30T05:43:23.3218158Z Artifact lint-report has been successfully uploaded! Final size is 40297 bytes. Artifact ID is 6723517502
2026-04-30T05:43:23.3225234Z Artifact download URL: https://github.com/averycorp/prismTask/actions/runs/25149354139/artifacts/6723517502
2026-04-30T05:43:23.3363695Z ##[group]Run actions/upload-artifact@v4
2026-04-30T05:43:23.3364251Z with:
2026-04-30T05:43:23.3364597Z   name: detekt-report
2026-04-30T05:43:23.3365028Z   path: app/build/reports/detekt/
2026-04-30T05:43:23.3365507Z   retention-days: 7
2026-04-30T05:43:23.3365903Z   if-no-files-found: warn
2026-04-30T05:43:23.3366332Z   compression-level: 6
2026-04-30T05:43:23.3366738Z   overwrite: false
2026-04-30T05:43:23.3367138Z   include-hidden-files: false
2026-04-30T05:43:23.3367575Z env:
2026-04-30T05:43:23.3368110Z   JAVA_HOME: /opt/hostedtoolcache/Java_Temurin-Hotspot_jdk/21.0.10-7/x64
2026-04-30T05:43:23.3369216Z   JAVA_HOME_21_X64: /opt/hostedtoolcache/Java_Temurin-Hotspot_jdk/21.0.10-7/x64
2026-04-30T05:43:23.3369975Z   GRADLE_ACTION_ID: gradle/actions/setup-gradle
2026-04-30T05:43:23.3370514Z   GRADLE_USER_HOME: /home/runner/.gradle
2026-04-30T05:43:23.3371038Z   GRADLE_BUILD_ACTION_SETUP_COMPLETED: true
2026-04-30T05:43:23.3371570Z   GRADLE_BUILD_ACTION_CACHE_RESTORED: true
2026-04-30T05:43:23.3372354Z   DEVELOCITY_INJECTION_INIT_SCRIPT_NAME: gradle-actions.inject-develocity.init.gradle
2026-04-30T05:43:23.3373177Z   DEVELOCITY_INJECTION_CUSTOM_VALUE: gradle-actions
2026-04-30T05:43:23.3373730Z   GITHUB_DEPENDENCY_GRAPH_ENABLED: false
2026-04-30T05:43:23.3374217Z ##[endgroup]
2026-04-30T05:43:23.5530730Z With the provided path, there will be 2 files uploaded
2026-04-30T05:43:23.5535652Z Artifact name is valid!
2026-04-30T05:43:23.5536781Z Root directory input is valid!
2026-04-30T05:43:23.7359475Z Beginning upload of artifact content to blob storage
2026-04-30T05:43:23.9110227Z Uploaded bytes 4195
2026-04-30T05:43:23.9571301Z Finished uploading artifact content to blob storage!
2026-04-30T05:43:23.9574628Z SHA256 digest of uploaded artifact zip is af6fe178f25abfcfb5cd9301156608fff411dcab15ebf60c48bb588069cc764e
2026-04-30T05:43:23.9576169Z Finalizing artifact upload
2026-04-30T05:43:24.1131823Z Artifact detekt-report.zip successfully finalized. Artifact ID 6723517651
2026-04-30T05:43:24.1133109Z Artifact detekt-report has been successfully uploaded! Final size is 4195 bytes. Artifact ID is 6723517651
2026-04-30T05:43:24.1141168Z Artifact download URL: https://github.com/averycorp/prismTask/actions/runs/25149354139/artifacts/6723517651
2026-04-30T05:43:24.1258146Z ##[group]Run actions/upload-artifact@v4
2026-04-30T05:43:24.1258971Z with:
2026-04-30T05:43:24.1259240Z   name: test-results
2026-04-30T05:43:24.1259533Z   path: app/build/test-results/
2026-04-30T05:43:24.1259839Z   retention-days: 7
2026-04-30T05:43:24.1260105Z   if-no-files-found: warn
2026-04-30T05:43:24.1260390Z   compression-level: 6
2026-04-30T05:43:24.1260658Z   overwrite: false
2026-04-30T05:43:24.1260923Z   include-hidden-files: false
2026-04-30T05:43:24.1261212Z env:
2026-04-30T05:43:24.1261561Z   JAVA_HOME: /opt/hostedtoolcache/Java_Temurin-Hotspot_jdk/21.0.10-7/x64
2026-04-30T05:43:24.1262092Z   JAVA_HOME_21_X64: /opt/hostedtoolcache/Java_Temurin-Hotspot_jdk/21.0.10-7/x64
2026-04-30T05:43:24.1262565Z   GRADLE_ACTION_ID: gradle/actions/setup-gradle
2026-04-30T05:43:24.1262930Z   GRADLE_USER_HOME: /home/runner/.gradle
2026-04-30T05:43:24.1263264Z   GRADLE_BUILD_ACTION_SETUP_COMPLETED: true
2026-04-30T05:43:24.1263613Z   GRADLE_BUILD_ACTION_CACHE_RESTORED: true
2026-04-30T05:43:24.1264121Z   DEVELOCITY_INJECTION_INIT_SCRIPT_NAME: gradle-actions.inject-develocity.init.gradle
2026-04-30T05:43:24.1264634Z   DEVELOCITY_INJECTION_CUSTOM_VALUE: gradle-actions
2026-04-30T05:43:24.1264996Z   GITHUB_DEPENDENCY_GRAPH_ENABLED: false
2026-04-30T05:43:24.1265311Z ##[endgroup]
2026-04-30T05:43:24.3666423Z With the provided path, there will be 182 files uploaded
2026-04-30T05:43:24.3670989Z Artifact name is valid!
2026-04-30T05:43:24.3672013Z Root directory input is valid!
2026-04-30T05:43:24.5496284Z Beginning upload of artifact content to blob storage
2026-04-30T05:43:24.9776603Z Uploaded bytes 185679
2026-04-30T05:43:25.0225010Z Finished uploading artifact content to blob storage!
2026-04-30T05:43:25.0227653Z SHA256 digest of uploaded artifact zip is d7dceaf4b289795006452d2403606f24d91111d8a35a89f06f11bdea557facb2
2026-04-30T05:43:25.0229911Z Finalizing artifact upload
2026-04-30T05:43:25.1652764Z Artifact test-results.zip successfully finalized. Artifact ID 6723517844
2026-04-30T05:43:25.1654206Z Artifact test-results has been successfully uploaded! Final size is 185679 bytes. Artifact ID is 6723517844
2026-04-30T05:43:25.1662172Z Artifact download URL: https://github.com/averycorp/prismTask/actions/runs/25149354139/artifacts/6723517844
2026-04-30T05:43:25.1799055Z Post job cleanup.
2026-04-30T05:43:25.1892022Z Post job cleanup.
2026-04-30T05:43:25.4989315Z In post-action step
2026-04-30T05:43:25.4999516Z Cache is read-only: will not save state for use in subsequent builds.
2026-04-30T05:43:25.5006978Z Generating Job Summary
2026-04-30T05:43:25.5032989Z Completed post-action step
2026-04-30T05:43:25.5203519Z Post job cleanup.
2026-04-30T05:43:25.6992000Z Post job cleanup.
2026-04-30T05:43:25.7978754Z [command]/usr/bin/git version
2026-04-30T05:43:25.8023039Z git version 2.53.0
2026-04-30T05:43:25.8066565Z Temporarily overriding HOME='/home/runner/work/_temp/9b176219-8fc2-4467-80b4-ce27bbe8248e' before making global git config changes
2026-04-30T05:43:25.8067897Z Adding repository directory to the temporary git global config as a safe directory
2026-04-30T05:43:25.8073607Z [command]/usr/bin/git config --global --add safe.directory /home/runner/work/prismTask/prismTask
2026-04-30T05:43:25.8109298Z [command]/usr/bin/git config --local --name-only --get-regexp core\.sshCommand
2026-04-30T05:43:25.8145954Z [command]/usr/bin/git submodule foreach --recursive sh -c "git config --local --name-only --get-regexp 'core\.sshCommand' && git config --local --unset-all 'core.sshCommand' || :"
2026-04-30T05:43:25.8386376Z [command]/usr/bin/git config --local --name-only --get-regexp http\.https\:\/\/github\.com\/\.extraheader
2026-04-30T05:43:25.8408982Z http.https://github.com/.extraheader
2026-04-30T05:43:25.8421182Z [command]/usr/bin/git config --local --unset-all http.https://github.com/.extraheader
2026-04-30T05:43:25.8453994Z [command]/usr/bin/git submodule foreach --recursive sh -c "git config --local --name-only --get-regexp 'http\.https\:\/\/github\.com\/\.extraheader' && git config --local --unset-all 'http.https://github.com/.extraheader' || :"
2026-04-30T05:43:25.8691316Z [command]/usr/bin/git config --local --name-only --get-regexp ^includeIf\.gitdir:
2026-04-30T05:43:25.8724314Z [command]/usr/bin/git submodule foreach --recursive git config --local --show-origin --name-only --get-regexp remote.origin.url
2026-04-30T05:43:25.9085142Z Cleaning up orphan processes
2026-04-30T05:43:25.9401632Z Terminate orphan process: pid (2675) (java)
2026-04-30T05:43:25.9441536Z Terminate orphan process: pid (3007) (java)
2026-04-30T05:43:25.9460097Z ##[warning]Node.js 20 actions are deprecated. The following actions are running on Node.js 20 and may not work as expected: actions/cache@v4, actions/checkout@v4, actions/github-script@v7, actions/setup-java@v4, actions/upload-artifact@v4, dorny/paths-filter@v3, gradle/actions/setup-gradle@v4. Actions will be forced to run with Node.js 24 by default starting June 2nd, 2026. Node.js 20 will be removed from the runner on September 16th, 2026. Please check if updated versions of these actions are available that support Node.js 24. To opt into Node.js 24 now, set the FORCE_JAVASCRIPT_ACTIONS_TO_NODE24=true environment variable on the runner or in your workflow file. Once Node.js 24 becomes the default, you can temporarily opt out by setting ACTIONS_ALLOW_USE_UNSECURE_NODE_VERSION=true. For more information see: https://github.blog/changelog/2025-09-19-deprecation-of-node-20-on-github-actions-runners/
