=== CI FAILURE ===
Workflow:      Android CI
Workflow file: averycorp/prismTask/.github/workflows/android-ci.yml@refs/pull/1085/merge
Job(s):        lint-and-test
Run ID:        25293275240
Run attempt:   1
Run URL:       https://github.com/averycorp/prismTask/actions/runs/25293275240
Commit:        71c3b49e0aa160af10ffa0a691948d52010d2f1a
Branch:        1085/merge
Event:         pull_request
Actor:         akarlin3
Runner OS:     Linux
Timestamp:     2026-05-03T23:04:12.865Z

Failed steps:
  - lint-and-test: #8 detekt | #9 Android lint — PR (lintDebug only) | #11 Compile androidTest sources (type-check only) | #14 Post failure details to PR

=== FAILED JOB LOG ===

--- Job: lint-and-test (id 74148223912) ---
2026-05-03T23:00:26.0816501Z Current runner version: '2.334.0'
2026-05-03T23:00:26.0849512Z ##[group]Runner Image Provisioner
2026-05-03T23:00:26.0850637Z Hosted Compute Agent
2026-05-03T23:00:26.0851597Z Version: 20260213.493
2026-05-03T23:00:26.0852521Z Commit: 5c115507f6dd24b8de37d8bbe0bb4509d0cc0fa3
2026-05-03T23:00:26.0853577Z Build Date: 2026-02-13T00:28:41Z
2026-05-03T23:00:26.0854687Z Worker ID: {daec4026-cdce-4b81-918e-74fe118ef030}
2026-05-03T23:00:26.0856004Z Azure Region: centralus
2026-05-03T23:00:26.0856792Z ##[endgroup]
2026-05-03T23:00:26.0859004Z ##[group]Operating System
2026-05-03T23:00:26.0859851Z Ubuntu
2026-05-03T23:00:26.0860584Z 24.04.4
2026-05-03T23:00:26.0861312Z LTS
2026-05-03T23:00:26.0862046Z ##[endgroup]
2026-05-03T23:00:26.0862759Z ##[group]Runner Image
2026-05-03T23:00:26.0863746Z Image: ubuntu-24.04
2026-05-03T23:00:26.0864566Z Version: 20260413.86.1
2026-05-03T23:00:26.0866551Z Included Software: https://github.com/actions/runner-images/blob/ubuntu24/20260413.86/images/ubuntu/Ubuntu2404-Readme.md
2026-05-03T23:00:26.0868842Z Image Release: https://github.com/actions/runner-images/releases/tag/ubuntu24%2F20260413.86
2026-05-03T23:00:26.0870220Z ##[endgroup]
2026-05-03T23:00:26.0872227Z ##[group]GITHUB_TOKEN Permissions
2026-05-03T23:00:26.0875288Z Actions: read
2026-05-03T23:00:26.0875996Z Checks: read
2026-05-03T23:00:26.0876809Z Contents: write
2026-05-03T23:00:26.0877487Z Metadata: read
2026-05-03T23:00:26.0878236Z PullRequests: read
2026-05-03T23:00:26.0879041Z ##[endgroup]
2026-05-03T23:00:26.0882365Z Secret source: Actions
2026-05-03T23:00:26.0883776Z Prepare workflow directory
2026-05-03T23:00:26.1247173Z Prepare all required actions
2026-05-03T23:00:26.1299449Z Getting action download info
2026-05-03T23:00:26.5347401Z Download action repository 'actions/checkout@v6' (SHA:de0fac2e4500dabe0009e67214ff5f5447ce83dd)
2026-05-03T23:00:26.6937737Z Download action repository 'dorny/paths-filter@v4' (SHA:fbd0ab8f3e69293af611ebaee6363fc25e6d187d)
2026-05-03T23:00:27.0394055Z Download action repository 'actions/cache@v4' (SHA:0057852bfaa89a56745cba8c7296529d2fc39830)
2026-05-03T23:00:27.1392918Z Download action repository 'actions/github-script@v7' (SHA:f28e40c7f34bde8b3046d885e986cb6290c5673b)
2026-05-03T23:00:27.5078359Z Download action repository 'actions/upload-artifact@v4' (SHA:ea165f8d65b6e75b540449e92b4886f43607fa02)
2026-05-03T23:00:27.7645621Z Complete job name: lint-and-test
2026-05-03T23:00:27.8575267Z ##[group]Run actions/checkout@v6
2026-05-03T23:00:27.8576615Z with:
2026-05-03T23:00:27.8577458Z   ref: 24dc02a197d35fd231894dafcb54ac46bb6fc65e
2026-05-03T23:00:27.8578619Z   repository: averycorp/prismTask
2026-05-03T23:00:27.8579970Z   token: ***
2026-05-03T23:00:27.8580739Z   ssh-strict: true
2026-05-03T23:00:27.8581533Z   ssh-user: git
2026-05-03T23:00:27.8582338Z   persist-credentials: true
2026-05-03T23:00:27.8583244Z   clean: true
2026-05-03T23:00:27.8584067Z   sparse-checkout-cone-mode: true
2026-05-03T23:00:27.8585241Z   fetch-depth: 1
2026-05-03T23:00:27.8586048Z   fetch-tags: false
2026-05-03T23:00:27.8586893Z   show-progress: true
2026-05-03T23:00:27.8587722Z   lfs: false
2026-05-03T23:00:27.8588468Z   submodules: false
2026-05-03T23:00:27.8589298Z   set-safe-directory: true
2026-05-03T23:00:27.8590425Z ##[endgroup]
2026-05-03T23:00:27.9670828Z Syncing repository: averycorp/prismTask
2026-05-03T23:00:27.9673723Z ##[group]Getting Git version info
2026-05-03T23:00:27.9675389Z Working directory is '/home/runner/work/prismTask/prismTask'
2026-05-03T23:00:27.9677378Z [command]/usr/bin/git version
2026-05-03T23:00:27.9682333Z git version 2.53.0
2026-05-03T23:00:27.9736382Z ##[endgroup]
2026-05-03T23:00:27.9750529Z Temporarily overriding HOME='/home/runner/work/_temp/f4d25d90-09b8-421c-931b-3a01faddf521' before making global git config changes
2026-05-03T23:00:27.9753517Z Adding repository directory to the temporary git global config as a safe directory
2026-05-03T23:00:27.9756384Z [command]/usr/bin/git config --global --add safe.directory /home/runner/work/prismTask/prismTask
2026-05-03T23:00:27.9788771Z Deleting the contents of '/home/runner/work/prismTask/prismTask'
2026-05-03T23:00:27.9792922Z ##[group]Initializing the repository
2026-05-03T23:00:27.9796975Z [command]/usr/bin/git init /home/runner/work/prismTask/prismTask
2026-05-03T23:00:27.9857726Z hint: Using 'master' as the name for the initial branch. This default branch name
2026-05-03T23:00:27.9860467Z hint: will change to "main" in Git 3.0. To configure the initial branch name
2026-05-03T23:00:27.9862258Z hint: to use in all of your new repositories, which will suppress this warning,
2026-05-03T23:00:27.9863647Z hint: call:
2026-05-03T23:00:27.9864526Z hint:
2026-05-03T23:00:27.9865720Z hint: 	git config --global init.defaultBranch <name>
2026-05-03T23:00:27.9867034Z hint:
2026-05-03T23:00:27.9868365Z hint: Names commonly chosen instead of 'master' are 'main', 'trunk' and
2026-05-03T23:00:27.9870111Z hint: 'development'. The just-created branch can be renamed via this command:
2026-05-03T23:00:27.9871470Z hint:
2026-05-03T23:00:27.9872210Z hint: 	git branch -m <name>
2026-05-03T23:00:27.9873133Z hint:
2026-05-03T23:00:27.9874439Z hint: Disable this message with "git config set advice.defaultBranchName false"
2026-05-03T23:00:27.9876676Z Initialized empty Git repository in /home/runner/work/prismTask/prismTask/.git/
2026-05-03T23:00:27.9879683Z [command]/usr/bin/git remote add origin https://github.com/averycorp/prismTask
2026-05-03T23:00:27.9901998Z ##[endgroup]
2026-05-03T23:00:27.9903334Z ##[group]Disabling automatic garbage collection
2026-05-03T23:00:27.9905206Z [command]/usr/bin/git config --local gc.auto 0
2026-05-03T23:00:27.9936148Z ##[endgroup]
2026-05-03T23:00:27.9937581Z ##[group]Setting up auth
2026-05-03T23:00:27.9938530Z Removing SSH command configuration
2026-05-03T23:00:27.9941682Z [command]/usr/bin/git config --local --name-only --get-regexp core\.sshCommand
2026-05-03T23:00:27.9974260Z [command]/usr/bin/git submodule foreach --recursive sh -c "git config --local --name-only --get-regexp 'core\.sshCommand' && git config --local --unset-all 'core.sshCommand' || :"
2026-05-03T23:00:28.0255869Z Removing HTTP extra header
2026-05-03T23:00:28.0262547Z [command]/usr/bin/git config --local --name-only --get-regexp http\.https\:\/\/github\.com\/\.extraheader
2026-05-03T23:00:28.0295921Z [command]/usr/bin/git submodule foreach --recursive sh -c "git config --local --name-only --get-regexp 'http\.https\:\/\/github\.com\/\.extraheader' && git config --local --unset-all 'http.https://github.com/.extraheader' || :"
2026-05-03T23:00:28.0519253Z Removing includeIf entries pointing to credentials config files
2026-05-03T23:00:28.0523927Z [command]/usr/bin/git config --local --name-only --get-regexp ^includeIf\.gitdir:
2026-05-03T23:00:28.0560625Z [command]/usr/bin/git submodule foreach --recursive git config --local --show-origin --name-only --get-regexp remote.origin.url
2026-05-03T23:00:28.0811134Z [command]/usr/bin/git config --file /home/runner/work/_temp/git-credentials-60d60dde-f0bb-4768-844e-63e322f7e8b9.config http.https://github.com/.extraheader AUTHORIZATION: basic ***
2026-05-03T23:00:28.0850916Z [command]/usr/bin/git config --local includeIf.gitdir:/home/runner/work/prismTask/prismTask/.git.path /home/runner/work/_temp/git-credentials-60d60dde-f0bb-4768-844e-63e322f7e8b9.config
2026-05-03T23:00:28.0882493Z [command]/usr/bin/git config --local includeIf.gitdir:/home/runner/work/prismTask/prismTask/.git/worktrees/*.path /home/runner/work/_temp/git-credentials-60d60dde-f0bb-4768-844e-63e322f7e8b9.config
2026-05-03T23:00:28.0914559Z [command]/usr/bin/git config --local includeIf.gitdir:/github/workspace/.git.path /github/runner_temp/git-credentials-60d60dde-f0bb-4768-844e-63e322f7e8b9.config
2026-05-03T23:00:28.0947100Z [command]/usr/bin/git config --local includeIf.gitdir:/github/workspace/.git/worktrees/*.path /github/runner_temp/git-credentials-60d60dde-f0bb-4768-844e-63e322f7e8b9.config
2026-05-03T23:00:28.0975736Z ##[endgroup]
2026-05-03T23:00:28.0977081Z ##[group]Fetching the repository
2026-05-03T23:00:28.0983913Z [command]/usr/bin/git -c protocol.version=2 fetch --no-tags --prune --no-recurse-submodules --depth=1 origin 24dc02a197d35fd231894dafcb54ac46bb6fc65e
2026-05-03T23:00:30.9556317Z From https://github.com/averycorp/prismTask
2026-05-03T23:00:30.9557579Z  * branch            24dc02a197d35fd231894dafcb54ac46bb6fc65e -> FETCH_HEAD
2026-05-03T23:00:30.9586346Z [command]/usr/bin/git rev-parse --verify --quiet 24dc02a197d35fd231894dafcb54ac46bb6fc65e^{object}
2026-05-03T23:00:30.9611060Z 24dc02a197d35fd231894dafcb54ac46bb6fc65e
2026-05-03T23:00:30.9615883Z ##[endgroup]
2026-05-03T23:00:30.9616560Z ##[group]Determining the checkout info
2026-05-03T23:00:30.9618626Z ##[endgroup]
2026-05-03T23:00:30.9622486Z [command]/usr/bin/git sparse-checkout disable
2026-05-03T23:00:30.9663269Z [command]/usr/bin/git config --local --unset-all extensions.worktreeConfig
2026-05-03T23:00:30.9691131Z ##[group]Checking out the ref
2026-05-03T23:00:30.9695655Z [command]/usr/bin/git checkout --progress --force 24dc02a197d35fd231894dafcb54ac46bb6fc65e
2026-05-03T23:00:31.2343782Z Note: switching to '24dc02a197d35fd231894dafcb54ac46bb6fc65e'.
2026-05-03T23:00:31.2344295Z 
2026-05-03T23:00:31.2344705Z You are in 'detached HEAD' state. You can look around, make experimental
2026-05-03T23:00:31.2346019Z changes and commit them, and you can discard any commits you make in this
2026-05-03T23:00:31.2346915Z state without impacting any branches by switching back to a branch.
2026-05-03T23:00:31.2347376Z 
2026-05-03T23:00:31.2347716Z If you want to create a new branch to retain commits you create, you may
2026-05-03T23:00:31.2348451Z do so (now or later) by using -c with the switch command. Example:
2026-05-03T23:00:31.2348952Z 
2026-05-03T23:00:31.2349133Z   git switch -c <new-branch-name>
2026-05-03T23:00:31.2349455Z 
2026-05-03T23:00:31.2349675Z Or undo this operation with:
2026-05-03T23:00:31.2349943Z 
2026-05-03T23:00:31.2350094Z   git switch -
2026-05-03T23:00:31.2350310Z 
2026-05-03T23:00:31.2350669Z Turn off this advice by setting config variable advice.detachedHead to false
2026-05-03T23:00:31.2351185Z 
2026-05-03T23:00:31.2351550Z HEAD is now at 24dc02a Merge branch 'main' into feat/timeline-class-foundation
2026-05-03T23:00:31.2370249Z ##[endgroup]
2026-05-03T23:00:31.2411001Z [command]/usr/bin/git log -1 --format=%H
2026-05-03T23:00:31.2436499Z 24dc02a197d35fd231894dafcb54ac46bb6fc65e
2026-05-03T23:00:31.2666930Z ##[group]Run dorny/paths-filter@v4
2026-05-03T23:00:31.2667259Z with:
2026-05-03T23:00:31.2668008Z   filters: android:
  - 'app/**'
  - 'gradlew'
  - 'gradlew.bat'
  - 'gradle/**'
  - 'build.gradle.kts'
  - 'settings.gradle.kts'
  - '.github/workflows/android-ci.yml'
  - '.github/actions/setup-android/**'

2026-05-03T23:00:31.2668965Z   token: ***
2026-05-03T23:00:31.2669196Z   list-files: none
2026-05-03T23:00:31.2669492Z   initial-fetch-depth: 100
2026-05-03T23:00:31.2669788Z   predicate-quantifier: some
2026-05-03T23:00:31.2670069Z ##[endgroup]
2026-05-03T23:00:31.3500152Z ##[group]Fetching list of changed files for PR#1085 from Github API
2026-05-03T23:00:31.3507821Z Invoking listFiles(pull_number: 1085, per_page: 100)
2026-05-03T23:00:31.8015370Z Received 46 items
2026-05-03T23:00:31.8016057Z [added] app/src/androidTest/java/com/averycorp/prismtask/ExternalAnchorDaoTest.kt
2026-05-03T23:00:31.8017155Z [added] app/src/androidTest/java/com/averycorp/prismtask/Migration71To72Test.kt
2026-05-03T23:00:31.8017971Z [added] app/src/androidTest/java/com/averycorp/prismtask/Migration72To73Test.kt
2026-05-03T23:00:31.8018793Z [added] app/src/androidTest/java/com/averycorp/prismtask/Migration73To74Test.kt
2026-05-03T23:00:31.8019611Z [added] app/src/androidTest/java/com/averycorp/prismtask/ProjectPhaseDaoTest.kt
2026-05-03T23:00:31.8020416Z [added] app/src/androidTest/java/com/averycorp/prismtask/ProjectRiskDaoTest.kt
2026-05-03T23:00:31.8021299Z [added] app/src/androidTest/java/com/averycorp/prismtask/TaskDependencyDaoTest.kt
2026-05-03T23:00:31.8022192Z [added] app/src/main/java/com/averycorp/prismtask/data/local/dao/ExternalAnchorDao.kt
2026-05-03T23:00:31.8023091Z [added] app/src/main/java/com/averycorp/prismtask/data/local/dao/ProjectPhaseDao.kt
2026-05-03T23:00:31.8024514Z [added] app/src/main/java/com/averycorp/prismtask/data/local/dao/ProjectRiskDao.kt
2026-05-03T23:00:31.8027601Z [added] app/src/main/java/com/averycorp/prismtask/data/local/dao/TaskDependencyDao.kt
2026-05-03T23:00:31.8028567Z [modified] app/src/main/java/com/averycorp/prismtask/data/local/database/Migrations.kt
2026-05-03T23:00:31.8029507Z [modified] app/src/main/java/com/averycorp/prismtask/data/local/database/PrismTaskDatabase.kt
2026-05-03T23:00:31.8030471Z [added] app/src/main/java/com/averycorp/prismtask/data/local/entity/ExternalAnchorEntity.kt
2026-05-03T23:00:31.8031439Z [added] app/src/main/java/com/averycorp/prismtask/data/local/entity/ProjectPhaseEntity.kt
2026-05-03T23:00:31.8032391Z [added] app/src/main/java/com/averycorp/prismtask/data/local/entity/ProjectRiskEntity.kt
2026-05-03T23:00:31.8033308Z [added] app/src/main/java/com/averycorp/prismtask/data/local/entity/TaskDependencyEntity.kt
2026-05-03T23:00:31.8034199Z [modified] app/src/main/java/com/averycorp/prismtask/data/local/entity/TaskEntity.kt
2026-05-03T23:00:31.8035291Z [modified] app/src/main/java/com/averycorp/prismtask/data/remote/CloudIdOrphanHealer.kt
2026-05-03T23:00:31.8036114Z [modified] app/src/main/java/com/averycorp/prismtask/data/remote/SyncService.kt
2026-05-03T23:00:31.8037006Z [added] app/src/main/java/com/averycorp/prismtask/data/remote/adapter/ExternalAnchorJsonAdapter.kt
2026-05-03T23:00:31.8037976Z [modified] app/src/main/java/com/averycorp/prismtask/data/remote/mapper/SyncMapper.kt
2026-05-03T23:00:31.8039895Z [added] app/src/main/java/com/averycorp/prismtask/data/repository/ExternalAnchorRepository.kt
2026-05-03T23:00:31.8040790Z [modified] app/src/main/java/com/averycorp/prismtask/data/repository/ProjectRepository.kt
2026-05-03T23:00:31.8041653Z [added] app/src/main/java/com/averycorp/prismtask/data/repository/TaskDependencyRepository.kt
2026-05-03T23:00:31.8042462Z [modified] app/src/main/java/com/averycorp/prismtask/di/DatabaseModule.kt
2026-05-03T23:00:31.8043238Z [added] app/src/main/java/com/averycorp/prismtask/domain/model/ExternalAnchor.kt
2026-05-03T23:00:31.8044064Z [added] app/src/main/java/com/averycorp/prismtask/domain/model/RiskLevel.kt
2026-05-03T23:00:31.8045299Z [added] app/src/main/java/com/averycorp/prismtask/domain/model/TaskState.kt
2026-05-03T23:00:31.8046201Z [added] app/src/main/java/com/averycorp/prismtask/domain/usecase/DependencyCycleGuard.kt
2026-05-03T23:00:31.8047202Z [added] app/src/test/java/com/averycorp/prismtask/data/remote/adapter/ExternalAnchorJsonAdapterTest.kt
2026-05-03T23:00:31.8048303Z [added] app/src/test/java/com/averycorp/prismtask/data/remote/mapper/SyncMapperExternalAnchorTest.kt
2026-05-03T23:00:31.8049530Z [added] app/src/test/java/com/averycorp/prismtask/data/remote/mapper/SyncMapperPhasesAndRisksTest.kt
2026-05-03T23:00:31.8050729Z [added] app/src/test/java/com/averycorp/prismtask/data/remote/mapper/SyncMapperTaskDependencyTest.kt
2026-05-03T23:00:31.8051810Z [added] app/src/test/java/com/averycorp/prismtask/data/repository/TaskDependencyRepositoryTest.kt
2026-05-03T23:00:31.8052945Z [added] app/src/test/java/com/averycorp/prismtask/domain/model/RiskLevelTest.kt
2026-05-03T23:00:31.8053922Z [added] app/src/test/java/com/averycorp/prismtask/domain/usecase/DependencyCycleGuardTest.kt
2026-05-03T23:00:31.8055185Z [added] backend/alembic/versions/023_add_task_progress_percent.py
2026-05-03T23:00:31.8055804Z [modified] backend/app/models.py
2026-05-03T23:00:31.8056221Z [modified] backend/app/routers/tasks.py
2026-05-03T23:00:31.8056671Z [modified] backend/app/schemas/task.py
2026-05-03T23:00:31.8057154Z [modified] backend/app/services/analytics.py
2026-05-03T23:00:31.8057630Z [modified] backend/tests/test_analytics.py
2026-05-03T23:00:31.8058151Z [modified] web/src/types/task.ts
2026-05-03T23:00:31.8058718Z [modified] web/src/utils/__tests__/projectBurndown.test.ts
2026-05-03T23:00:31.8059281Z [modified] web/src/utils/projectBurndown.ts
2026-05-03T23:00:31.8060242Z ##[endgroup]
2026-05-03T23:00:31.8060858Z Detected 46 changed files
2026-05-03T23:00:31.8061197Z Results:
2026-05-03T23:00:31.8061784Z ##[group]Filter android = true
2026-05-03T23:00:31.8062166Z Matching files:
2026-05-03T23:00:31.8062765Z app/src/androidTest/java/com/averycorp/prismtask/ExternalAnchorDaoTest.kt [added]
2026-05-03T23:00:31.8063715Z app/src/androidTest/java/com/averycorp/prismtask/Migration71To72Test.kt [added]
2026-05-03T23:00:31.8064613Z app/src/androidTest/java/com/averycorp/prismtask/Migration72To73Test.kt [added]
2026-05-03T23:00:31.8065766Z app/src/androidTest/java/com/averycorp/prismtask/Migration73To74Test.kt [added]
2026-05-03T23:00:31.8066699Z app/src/androidTest/java/com/averycorp/prismtask/ProjectPhaseDaoTest.kt [added]
2026-05-03T23:00:31.8067597Z app/src/androidTest/java/com/averycorp/prismtask/ProjectRiskDaoTest.kt [added]
2026-05-03T23:00:31.8068547Z app/src/androidTest/java/com/averycorp/prismtask/TaskDependencyDaoTest.kt [added]
2026-05-03T23:00:31.8069491Z app/src/main/java/com/averycorp/prismtask/data/local/dao/ExternalAnchorDao.kt [added]
2026-05-03T23:00:31.8070511Z app/src/main/java/com/averycorp/prismtask/data/local/dao/ProjectPhaseDao.kt [added]
2026-05-03T23:00:31.8071449Z app/src/main/java/com/averycorp/prismtask/data/local/dao/ProjectRiskDao.kt [added]
2026-05-03T23:00:31.8072369Z app/src/main/java/com/averycorp/prismtask/data/local/dao/TaskDependencyDao.kt [added]
2026-05-03T23:00:31.8073281Z app/src/main/java/com/averycorp/prismtask/data/local/database/Migrations.kt [modified]
2026-05-03T23:00:31.8074276Z app/src/main/java/com/averycorp/prismtask/data/local/database/PrismTaskDatabase.kt [modified]
2026-05-03T23:00:31.8076259Z app/src/main/java/com/averycorp/prismtask/data/local/entity/ExternalAnchorEntity.kt [added]
2026-05-03T23:00:31.8077410Z app/src/main/java/com/averycorp/prismtask/data/local/entity/ProjectPhaseEntity.kt [added]
2026-05-03T23:00:31.8078312Z app/src/main/java/com/averycorp/prismtask/data/local/entity/ProjectRiskEntity.kt [added]
2026-05-03T23:00:31.8079190Z app/src/main/java/com/averycorp/prismtask/data/local/entity/TaskDependencyEntity.kt [added]
2026-05-03T23:00:31.8080067Z app/src/main/java/com/averycorp/prismtask/data/local/entity/TaskEntity.kt [modified]
2026-05-03T23:00:31.8080947Z app/src/main/java/com/averycorp/prismtask/data/remote/CloudIdOrphanHealer.kt [modified]
2026-05-03T23:00:31.8082039Z app/src/main/java/com/averycorp/prismtask/data/remote/SyncService.kt [modified]
2026-05-03T23:00:31.8082945Z app/src/main/java/com/averycorp/prismtask/data/remote/adapter/ExternalAnchorJsonAdapter.kt [added]
2026-05-03T23:00:31.8083879Z app/src/main/java/com/averycorp/prismtask/data/remote/mapper/SyncMapper.kt [modified]
2026-05-03T23:00:31.8084759Z app/src/main/java/com/averycorp/prismtask/data/repository/ExternalAnchorRepository.kt [added]
2026-05-03T23:00:31.8085829Z app/src/main/java/com/averycorp/prismtask/data/repository/ProjectRepository.kt [modified]
2026-05-03T23:00:31.8086759Z app/src/main/java/com/averycorp/prismtask/data/repository/TaskDependencyRepository.kt [added]
2026-05-03T23:00:31.8087753Z app/src/main/java/com/averycorp/prismtask/di/DatabaseModule.kt [modified]
2026-05-03T23:00:31.8088509Z app/src/main/java/com/averycorp/prismtask/domain/model/ExternalAnchor.kt [added]
2026-05-03T23:00:31.8089295Z app/src/main/java/com/averycorp/prismtask/domain/model/RiskLevel.kt [added]
2026-05-03T23:00:31.8090037Z app/src/main/java/com/averycorp/prismtask/domain/model/TaskState.kt [added]
2026-05-03T23:00:31.8090858Z app/src/main/java/com/averycorp/prismtask/domain/usecase/DependencyCycleGuard.kt [added]
2026-05-03T23:00:31.8091831Z app/src/test/java/com/averycorp/prismtask/data/remote/adapter/ExternalAnchorJsonAdapterTest.kt [added]
2026-05-03T23:00:31.8092879Z app/src/test/java/com/averycorp/prismtask/data/remote/mapper/SyncMapperExternalAnchorTest.kt [added]
2026-05-03T23:00:31.8093942Z app/src/test/java/com/averycorp/prismtask/data/remote/mapper/SyncMapperPhasesAndRisksTest.kt [added]
2026-05-03T23:00:31.8095212Z app/src/test/java/com/averycorp/prismtask/data/remote/mapper/SyncMapperTaskDependencyTest.kt [added]
2026-05-03T23:00:31.8096465Z app/src/test/java/com/averycorp/prismtask/data/repository/TaskDependencyRepositoryTest.kt [added]
2026-05-03T23:00:31.8097357Z app/src/test/java/com/averycorp/prismtask/domain/model/RiskLevelTest.kt [added]
2026-05-03T23:00:31.8098234Z app/src/test/java/com/averycorp/prismtask/domain/usecase/DependencyCycleGuardTest.kt [added]
2026-05-03T23:00:31.8099201Z ##[endgroup]
2026-05-03T23:00:31.8099488Z Changes output set to ["android"]
2026-05-03T23:00:31.8268990Z Prepare all required actions
2026-05-03T23:00:31.8269619Z Getting action download info
2026-05-03T23:00:32.0012314Z Download action repository 'actions/setup-java@v4' (SHA:c1e323688fd81a25caa38c78aa6df2d33d3e20d9)
2026-05-03T23:00:32.5547996Z Download action repository 'gradle/actions@v4' (SHA:ed408507eac070d1f99cc633dbcf757c94c7933a)
2026-05-03T23:00:33.7528468Z ##[group]Run ./.github/actions/setup-android
2026-05-03T23:00:33.7528754Z ##[endgroup]
2026-05-03T23:00:33.7643725Z ##[group]Run actions/setup-java@v4
2026-05-03T23:00:33.7644012Z with:
2026-05-03T23:00:33.7644199Z   java-version: 21
2026-05-03T23:00:33.7644408Z   distribution: temurin
2026-05-03T23:00:33.7644624Z   java-package: jdk
2026-05-03T23:00:33.7644820Z   check-latest: false
2026-05-03T23:00:33.7645200Z   server-id: github
2026-05-03T23:00:33.7645409Z   server-username: GITHUB_ACTOR
2026-05-03T23:00:33.7645650Z   server-password: GITHUB_TOKEN
2026-05-03T23:00:33.7645873Z   overwrite-settings: true
2026-05-03T23:00:33.7646135Z   job-status: success
2026-05-03T23:00:33.7646458Z   token: ***
2026-05-03T23:00:33.7646656Z ##[endgroup]
2026-05-03T23:00:33.9744025Z ##[group]Installed distributions
2026-05-03T23:00:33.9794731Z Resolved Java 21.0.10+7 from tool-cache
2026-05-03T23:00:33.9795719Z Setting Java 21.0.10+7 as the default
2026-05-03T23:00:33.9807472Z Creating toolchains.xml for JDK version 21 from temurin
2026-05-03T23:00:33.9879182Z Writing to /home/runner/.m2/toolchains.xml
2026-05-03T23:00:33.9879718Z 
2026-05-03T23:00:33.9879891Z Java configuration:
2026-05-03T23:00:33.9881475Z   Distribution: temurin
2026-05-03T23:00:33.9881784Z   Version: 21.0.10+7
2026-05-03T23:00:33.9882277Z   Path: /opt/hostedtoolcache/Java_Temurin-Hotspot_jdk/21.0.10-7/x64
2026-05-03T23:00:33.9882693Z 
2026-05-03T23:00:33.9883164Z ##[endgroup]
2026-05-03T23:00:33.9900865Z Creating settings.xml with server-id: github
2026-05-03T23:00:33.9901519Z Writing to /home/runner/.m2/settings.xml
2026-05-03T23:00:34.0103595Z ##[group]Run gradle/actions/setup-gradle@v4
2026-05-03T23:00:34.0103873Z with:
2026-05-03T23:00:34.0104057Z   cache-disabled: false
2026-05-03T23:00:34.0104275Z   cache-read-only: true
2026-05-03T23:00:34.0104478Z   cache-write-only: false
2026-05-03T23:00:34.0104715Z   cache-overwrite-existing: false
2026-05-03T23:00:34.0104957Z   cache-cleanup: on-success
2026-05-03T23:00:34.0105539Z   gradle-home-cache-includes: caches
notifications

2026-05-03T23:00:34.0105852Z   add-job-summary: always
2026-05-03T23:00:34.0106084Z   add-job-summary-as-pr-comment: never
2026-05-03T23:00:34.0106368Z   dependency-graph: disabled
2026-05-03T23:00:34.0106652Z   dependency-graph-report-dir: dependency-graph-reports
2026-05-03T23:00:34.0106996Z   dependency-graph-continue-on-failure: true
2026-05-03T23:00:34.0107278Z   build-scan-publish: false
2026-05-03T23:00:34.0107524Z   validate-wrappers: true
2026-05-03T23:00:34.0107769Z   allow-snapshot-wrappers: false
2026-05-03T23:00:34.0108030Z   gradle-home-cache-strict-match: false
2026-05-03T23:00:34.0108304Z   workflow-job-context: null
2026-05-03T23:00:34.0108666Z   github-token: ***
2026-05-03T23:00:34.0108865Z env:
2026-05-03T23:00:34.0109143Z   JAVA_HOME: /opt/hostedtoolcache/Java_Temurin-Hotspot_jdk/21.0.10-7/x64
2026-05-03T23:00:34.0109606Z   JAVA_HOME_21_X64: /opt/hostedtoolcache/Java_Temurin-Hotspot_jdk/21.0.10-7/x64
2026-05-03T23:00:34.0109964Z ##[endgroup]
2026-05-03T23:00:34.8859955Z Merged default JDK locations into /home/runner/.m2/toolchains.xml
2026-05-03T23:00:34.8863155Z ##[group]Restore Gradle state from cache
2026-05-03T23:00:35.0453475Z Cache hit for restore-key: gradle-home-v1|Linux-X64|lint-and-test[5df42585ae8f8da228c604b8b4e8707c]-e043404e445e33e8025030d1ee23f614e2a73d4f
2026-05-03T23:00:36.1042448Z Received 65940194 of 65940194 (100.0%), 69.7 MBs/sec
2026-05-03T23:00:36.1044269Z Cache Size: ~63 MB (65940194 B)
2026-05-03T23:00:36.1075709Z [command]/usr/bin/tar -xf /home/runner/work/_temp/b8c48e20-7323-4258-95da-41928a8d6be2/cache.tzst -P -C /home/runner/work/prismTask/prismTask --use-compress-program unzstd
2026-05-03T23:00:36.4847193Z Cache restored successfully
2026-05-03T23:00:36.4884647Z Restored cache entry with key gradle-home-v1|Linux-X64|lint-and-test[5df42585ae8f8da228c604b8b4e8707c]-71c3b49e0aa160af10ffa0a691948d52010d2f1a to /home/runner/.gradle/caches,/home/runner/.gradle/notifications,/home/runner/.gradle/.setup-gradle in 1601ms
2026-05-03T23:00:36.6159498Z Cache hit for: gradle-groovy-dsl-v1-ec89a19d8ee2e275ec0b749b82661b17
2026-05-03T23:00:36.6185293Z Cache hit for: gradle-dependencies-v1-14c78ad2d4d630d643c7aa0afec48c7a
2026-05-03T23:00:36.6191569Z Cache hit for: gradle-instrumented-jars-v1-0f71de71c5d4b41ce1f0857b47ba784b
2026-05-03T23:00:36.6232315Z Cache hit for: gradle-kotlin-dsl-v1-925cb6131017b3265307aab7d8ba1052
2026-05-03T23:00:36.6533980Z Cache hit for: gradle-wrapper-zips-v1-8c0de4c6bda6041d6e054bf825a89c98
2026-05-03T23:00:36.6613908Z Cache hit for: gradle-transforms-v1-2c2005059023c3b8e480f9159c86f8ff
2026-05-03T23:00:36.6619928Z Cache hit for: gradle-generated-gradle-jars-v1-cb4b032a7d08b9bf1e84e9eacaebcc29
2026-05-03T23:00:37.0495639Z Received 108662 of 108662 (100.0%), 0.4 MBs/sec
2026-05-03T23:00:37.0496283Z Cache Size: ~0 MB (108662 B)
2026-05-03T23:00:37.0557130Z [command]/usr/bin/tar -xf /home/runner/work/_temp/bf3bcb3c-9b5b-4a47-8f5e-57f3cce2d7cd/cache.tzst -P -C /home/runner/work/prismTask/prismTask --use-compress-program unzstd
2026-05-03T23:00:37.0734800Z Received 64145 of 64145 (100.0%), 0.2 MBs/sec
2026-05-03T23:00:37.0735809Z Cache Size: ~0 MB (64145 B)
2026-05-03T23:00:37.0774743Z [command]/usr/bin/tar -xf /home/runner/work/_temp/2e56f0e6-5fa2-40d9-896b-c2f886786782/cache.tzst -P -C /home/runner/work/prismTask/prismTask --use-compress-program unzstd
2026-05-03T23:00:37.0844555Z Cache restored successfully
2026-05-03T23:00:37.0866907Z Restored cache entry with key gradle-groovy-dsl-v1-ec89a19d8ee2e275ec0b749b82661b17 to /home/runner/.gradle/caches/*/groovy-dsl/*/ in 594ms
2026-05-03T23:00:37.0939137Z Cache restored successfully
2026-05-03T23:00:37.0943224Z Restored cache entry with key gradle-instrumented-jars-v1-0f71de71c5d4b41ce1f0857b47ba784b to /home/runner/.gradle/caches/jars-*/*/ in 604ms
2026-05-03T23:00:37.1029929Z Received 262666 of 262666 (100.0%), 0.7 MBs/sec
2026-05-03T23:00:37.1030449Z Cache Size: ~0 MB (262666 B)
2026-05-03T23:00:37.1055939Z [command]/usr/bin/tar -xf /home/runner/work/_temp/76a74a06-d124-4166-8e48-34798319d751/cache.tzst -P -C /home/runner/work/prismTask/prismTask --use-compress-program unzstd
2026-05-03T23:00:37.2090176Z Cache restored successfully
2026-05-03T23:00:37.2092838Z Restored cache entry with key gradle-kotlin-dsl-v1-925cb6131017b3265307aab7d8ba1052 to /home/runner/.gradle/caches/*/kotlin-dsl/accessors/*/,/home/runner/.gradle/caches/*/kotlin-dsl/scripts/*/ in 719ms
2026-05-03T23:00:37.7740289Z Received 54525952 of 843938512 (6.5%), 52.1 MBs/sec
2026-05-03T23:00:37.8095932Z Received 41943040 of 136352669 (30.8%), 39.9 MBs/sec
2026-05-03T23:00:37.8391589Z Received 41943040 of 646650913 (6.5%), 40.0 MBs/sec
2026-05-03T23:00:37.8521569Z Received 41993404 of 41993404 (100.0%), 40.3 MBs/sec
2026-05-03T23:00:37.8524483Z Cache Size: ~40 MB (41993404 B)
2026-05-03T23:00:37.8892659Z [command]/usr/bin/tar -xf /home/runner/work/_temp/4b8667fd-20e1-4155-8332-051ea5b3e5b5/cache.tzst -P -C /home/runner/work/prismTask/prismTask --use-compress-program unzstd
2026-05-03T23:00:38.3112214Z Cache restored successfully
2026-05-03T23:00:38.3257641Z Restored cache entry with key gradle-generated-gradle-jars-v1-cb4b032a7d08b9bf1e84e9eacaebcc29 to /home/runner/.gradle/caches/9.3.1/generated-gradle-jars/gradle-api-9.3.1.jar in 1834ms
2026-05-03T23:00:38.7741434Z Received 188743680 of 843938512 (22.4%), 90.0 MBs/sec
2026-05-03T23:00:38.8100914Z Received 130023424 of 136352669 (95.4%), 61.9 MBs/sec
2026-05-03T23:00:38.8432935Z Received 205520896 of 646650913 (31.8%), 97.7 MBs/sec
2026-05-03T23:00:39.2940940Z Received 136352669 of 136352669 (100.0%), 52.3 MBs/sec
2026-05-03T23:00:39.2943478Z Cache Size: ~130 MB (136352669 B)
2026-05-03T23:00:39.3231594Z [command]/usr/bin/tar -xf /home/runner/work/_temp/3cbf3eb8-c531-4bd0-8dee-ff91617e12ff/cache.tzst -P -C /home/runner/work/prismTask/prismTask --use-compress-program unzstd
2026-05-03T23:00:39.6015351Z Cache restored successfully
2026-05-03T23:00:39.6350292Z Restored cache entry with key gradle-wrapper-zips-v1-8c0de4c6bda6041d6e054bf825a89c98 to /home/runner/.gradle/wrapper/dists/gradle-9.3.1-bin/23ovyewtku6u96viwx3xl3oks in 3145ms
2026-05-03T23:00:39.7765723Z Received 343932928 of 843938512 (40.8%), 109.3 MBs/sec
2026-05-03T23:00:39.8464090Z Received 402653184 of 646650913 (62.3%), 127.7 MBs/sec
2026-05-03T23:00:40.7780349Z Received 494927872 of 843938512 (58.6%), 117.9 MBs/sec
2026-05-03T23:00:40.8575694Z Received 578813952 of 646650913 (89.5%), 137.3 MBs/sec
2026-05-03T23:00:41.1539412Z Received 646650913 of 646650913 (100.0%), 142.9 MBs/sec
2026-05-03T23:00:41.1542168Z Cache Size: ~617 MB (646650913 B)
2026-05-03T23:00:41.1714917Z [command]/usr/bin/tar -xf /home/runner/work/_temp/1b62634d-2085-4551-acd3-d761a5700a79/cache.tzst -P -C /home/runner/work/prismTask/prismTask --use-compress-program unzstd
2026-05-03T23:00:41.7994187Z Received 671088640 of 843938512 (79.5%), 127.5 MBs/sec
2026-05-03T23:00:42.7955381Z Received 817889280 of 843938512 (96.9%), 129.5 MBs/sec
2026-05-03T23:00:43.1646967Z Received 843938512 of 843938512 (100.0%), 126.2 MBs/sec
2026-05-03T23:00:43.1696274Z Cache Size: ~805 MB (843938512 B)
2026-05-03T23:00:43.1812286Z [command]/usr/bin/tar -xf /home/runner/work/_temp/d2513c2a-e004-497b-82c0-753400adc348/cache.tzst -P -C /home/runner/work/prismTask/prismTask --use-compress-program unzstd
2026-05-03T23:00:45.4347965Z Cache restored successfully
2026-05-03T23:00:45.4847688Z Restored cache entry with key gradle-dependencies-v1-14c78ad2d4d630d643c7aa0afec48c7a to /home/runner/.gradle/caches/modules-*/files-*/*/*/*/* in 8995ms
2026-05-03T23:00:49.4930786Z Cache restored successfully
2026-05-03T23:00:49.5236235Z Restored cache entry with key gradle-transforms-v1-2c2005059023c3b8e480f9159c86f8ff to /home/runner/.gradle/caches/transforms-4/*/,/home/runner/.gradle/caches/*/transforms/*/ in 13032ms
2026-05-03T23:00:49.5555343Z ##[endgroup]
2026-05-03T23:00:49.5944106Z ##[group]All Gradle Wrapper jars are valid
2026-05-03T23:00:49.5945495Z ✓ Found known Gradle Wrapper JAR files:
2026-05-03T23:00:49.5946385Z   b3a875ddc1f044746e1b1a55f645584505f4a10438c1afea9f15e92a7c42ec13 gradle/wrapper/gradle-wrapper.jar
2026-05-03T23:00:49.5947475Z ##[endgroup]
2026-05-03T23:00:49.6159596Z ##[group]Run chmod +x gradlew
2026-05-03T23:00:49.6160024Z [36;1mchmod +x gradlew[0m
2026-05-03T23:00:49.6186837Z shell: /usr/bin/bash --noprofile --norc -e -o pipefail {0}
2026-05-03T23:00:49.6187254Z env:
2026-05-03T23:00:49.6187629Z   JAVA_HOME: /opt/hostedtoolcache/Java_Temurin-Hotspot_jdk/21.0.10-7/x64
2026-05-03T23:00:49.6188171Z   JAVA_HOME_21_X64: /opt/hostedtoolcache/Java_Temurin-Hotspot_jdk/21.0.10-7/x64
2026-05-03T23:00:49.6188620Z   GRADLE_ACTION_ID: gradle/actions/setup-gradle
2026-05-03T23:00:49.6188995Z   GRADLE_USER_HOME: /home/runner/.gradle
2026-05-03T23:00:49.6189337Z   GRADLE_BUILD_ACTION_SETUP_COMPLETED: true
2026-05-03T23:00:49.6189672Z   GRADLE_BUILD_ACTION_CACHE_RESTORED: true
2026-05-03T23:00:49.6190155Z   DEVELOCITY_INJECTION_INIT_SCRIPT_NAME: gradle-actions.inject-develocity.init.gradle
2026-05-03T23:00:49.6190660Z   DEVELOCITY_INJECTION_CUSTOM_VALUE: gradle-actions
2026-05-03T23:00:49.6191019Z   GITHUB_DEPENDENCY_GRAPH_ENABLED: false
2026-05-03T23:00:49.6191321Z ##[endgroup]
2026-05-03T23:00:49.9188485Z ##[group]Run actions/cache@v4
2026-05-03T23:00:49.9188802Z with:
2026-05-03T23:00:49.9189048Z   path: app/build
2026-05-03T23:00:49.9189496Z   key: app-build-Linux-9573fae423f744f5c1703e26c3abe3913e8cece3dced6321a3902e485a97cfcd
2026-05-03T23:00:49.9190013Z   restore-keys: app-build-Linux-

2026-05-03T23:00:49.9190338Z   enableCrossOsArchive: false
2026-05-03T23:00:49.9190629Z   fail-on-cache-miss: false
2026-05-03T23:00:49.9190913Z   lookup-only: false
2026-05-03T23:00:49.9191190Z   save-always: false
2026-05-03T23:00:49.9191429Z env:
2026-05-03T23:00:49.9191781Z   JAVA_HOME: /opt/hostedtoolcache/Java_Temurin-Hotspot_jdk/21.0.10-7/x64
2026-05-03T23:00:49.9192317Z   JAVA_HOME_21_X64: /opt/hostedtoolcache/Java_Temurin-Hotspot_jdk/21.0.10-7/x64
2026-05-03T23:00:49.9192772Z   GRADLE_ACTION_ID: gradle/actions/setup-gradle
2026-05-03T23:00:49.9193117Z   GRADLE_USER_HOME: /home/runner/.gradle
2026-05-03T23:00:49.9193446Z   GRADLE_BUILD_ACTION_SETUP_COMPLETED: true
2026-05-03T23:00:49.9193840Z   GRADLE_BUILD_ACTION_CACHE_RESTORED: true
2026-05-03T23:00:49.9194338Z   DEVELOCITY_INJECTION_INIT_SCRIPT_NAME: gradle-actions.inject-develocity.init.gradle
2026-05-03T23:00:49.9194848Z   DEVELOCITY_INJECTION_CUSTOM_VALUE: gradle-actions
2026-05-03T23:00:49.9195440Z   GITHUB_DEPENDENCY_GRAPH_ENABLED: false
2026-05-03T23:00:49.9195769Z ##[endgroup]
2026-05-03T23:00:50.2332405Z Cache hit for: app-build-Linux-9573fae423f744f5c1703e26c3abe3913e8cece3dced6321a3902e485a97cfcd
2026-05-03T23:00:51.3999182Z Received 83886080 of 173182330 (48.4%), 80.0 MBs/sec
2026-05-03T23:00:51.8845921Z Received 173182330 of 173182330 (100.0%), 111.2 MBs/sec
2026-05-03T23:00:51.8847189Z Cache Size: ~165 MB (173182330 B)
2026-05-03T23:00:51.8877032Z [command]/usr/bin/tar -xf /home/runner/work/_temp/c101fd78-b232-4ad6-b664-b8a3c4142cb6/cache.tzst -P -C /home/runner/work/prismTask/prismTask --use-compress-program unzstd
2026-05-03T23:00:53.8642863Z Cache restored successfully
2026-05-03T23:00:53.8836519Z Cache restored from key: app-build-Linux-9573fae423f744f5c1703e26c3abe3913e8cece3dced6321a3902e485a97cfcd
2026-05-03T23:00:53.8998520Z ##[group]Run ./gradlew detekt --continue
2026-05-03T23:00:53.8999112Z [36;1m./gradlew detekt --continue[0m
2026-05-03T23:00:53.9028859Z shell: /usr/bin/bash -e {0}
2026-05-03T23:00:53.9029307Z env:
2026-05-03T23:00:53.9029855Z   JAVA_HOME: /opt/hostedtoolcache/Java_Temurin-Hotspot_jdk/21.0.10-7/x64
2026-05-03T23:00:53.9030714Z   JAVA_HOME_21_X64: /opt/hostedtoolcache/Java_Temurin-Hotspot_jdk/21.0.10-7/x64
2026-05-03T23:00:53.9031433Z   GRADLE_ACTION_ID: gradle/actions/setup-gradle
2026-05-03T23:00:53.9031966Z   GRADLE_USER_HOME: /home/runner/.gradle
2026-05-03T23:00:53.9032460Z   GRADLE_BUILD_ACTION_SETUP_COMPLETED: true
2026-05-03T23:00:53.9032984Z   GRADLE_BUILD_ACTION_CACHE_RESTORED: true
2026-05-03T23:00:53.9033748Z   DEVELOCITY_INJECTION_INIT_SCRIPT_NAME: gradle-actions.inject-develocity.init.gradle
2026-05-03T23:00:53.9034576Z   DEVELOCITY_INJECTION_CUSTOM_VALUE: gradle-actions
2026-05-03T23:00:53.9035307Z   GITHUB_DEPENDENCY_GRAPH_ENABLED: false
2026-05-03T23:00:53.9035875Z ##[endgroup]
2026-05-03T23:00:55.4739357Z Starting a Gradle Daemon (subsequent builds will be faster)
2026-05-03T23:00:59.4742429Z Configuration on demand is an incubating feature.
2026-05-03T23:01:06.2732418Z 
2026-05-03T23:01:06.2742744Z > Configure project :app
2026-05-03T23:01:06.2744685Z WARNING: The option setting 'android.builtInKotlin=false' is deprecated.
2026-05-03T23:01:06.2753676Z The current default is 'true'.
2026-05-03T23:01:06.2754557Z It will be removed in version 10.0 of the Android Gradle plugin.
2026-05-03T23:01:06.2755778Z WARNING: The option setting 'android.newDsl=false' is deprecated.
2026-05-03T23:01:06.2756548Z The current default is 'true'.
2026-05-03T23:01:06.2757304Z It will be removed in version 10.0 of the Android Gradle plugin.
2026-05-03T23:01:06.2758665Z WARNING: The option setting 'android.dependency.excludeLibraryComponentsFromConstraints=true' is deprecated.
2026-05-03T23:01:06.2759949Z The current default is 'false'.
2026-05-03T23:01:06.2761237Z It will be removed in version 10.0 of the Android Gradle plugin.
2026-05-03T23:01:06.2762128Z Following can be set instead to achieve a similar behaviour.
2026-05-03T23:01:06.2762830Z     android.dependency.useConstraints=false
2026-05-03T23:01:07.5734875Z w: ⚠️ Deprecated 'org.jetbrains.kotlin.android' plugin usage
2026-05-03T23:01:07.5741165Z The 'org.jetbrains.kotlin.android' plugin in project ':app' is no longer required for Kotlin support since AGP 9.0.
2026-05-03T23:01:07.5744222Z Solution: Remove both `android.builtInKotlin=true` and `android.newDsl=false` from `gradle.properties`, then migrate to built-in Kotlin.
2026-05-03T23:01:07.5745978Z See https://kotl.in/gradle/agp-built-in-kotlin for more details.
2026-05-03T23:01:07.5746648Z 
2026-05-03T23:01:08.6748189Z 
2026-05-03T23:01:08.6749402Z > Task :detekt-rules:checkKotlinGradlePluginConfigurationErrors SKIPPED
2026-05-03T23:01:08.8754250Z > Task :detekt-rules:compileKotlin FROM-CACHE
2026-05-03T23:01:08.8757504Z > Task :detekt-rules:compileJava NO-SOURCE
2026-05-03T23:01:08.9735978Z > Task :detekt-rules:processResources
2026-05-03T23:01:08.9736500Z > Task :detekt-rules:classes
2026-05-03T23:01:08.9736833Z > Task :detekt-rules:jar
2026-05-03T23:01:38.9746897Z > Task :app:detekt
2026-05-03T23:01:55.7737685Z /home/runner/work/prismTask/prismTask/app/src/main/java/com/averycorp/prismtask/domain/model/TaskState.kt:20:5: Declarations and declarations with comments should have an empty space between. [SpacingBetweenDeclarationsWithComments]
2026-05-03T23:01:55.7740713Z /home/runner/work/prismTask/prismTask/app/src/main/java/com/averycorp/prismtask/domain/model/TaskState.kt:22:6: Declarations and declarations with comments should have an empty space between. [SpacingBetweenDeclarationsWithComments]
2026-05-03T23:01:55.7777133Z /home/runner/work/prismTask/prismTask/app/src/main/java/com/averycorp/prismtask/domain/model/TaskState.kt:28:7: Declarations and declarations with comments should have an empty space between. [SpacingBetweenDeclarationsWithComments]
2026-05-03T23:01:55.7807664Z /home/runner/work/prismTask/prismTask/app/src/main/java/com/averycorp/prismtask/domain/model/TaskState.kt:30:8: Declarations and declarations with comments should have an empty space between. [SpacingBetweenDeclarationsWithComments]
2026-05-03T23:01:55.7814247Z 
2026-05-03T23:01:55.7814735Z FAILURE: Build failed with an exception.
2026-05-03T23:01:55.7816412Z /home/runner/work/prismTask/prismTask/app/src/main/java/com/averycorp/prismtask/data/remote/SyncService.kt:2252:27: Argument should be on a separate line (unless all arguments can fit a single line) [ArgumentListWrapping]
2026-05-03T23:01:55.7819058Z /home/runner/work/prismTask/prismTask/app/src/main/java/com/averycorp/prismtask/data/remote/SyncService.kt:2252:63: Argument should be on a separate line (unless all arguments can fit a single line) [ArgumentListWrapping]
2026-05-03T23:01:55.7821536Z /home/runner/work/prismTask/prismTask/app/src/main/java/com/averycorp/prismtask/data/remote/SyncService.kt:2254:5: Argument should be on a separate line (unless all arguments can fit a single line) [ArgumentListWrapping]
2026-05-03T23:01:55.7838029Z 
2026-05-03T23:01:55.7838509Z * What went wrong:
2026-05-03T23:01:55.7839161Z Execution failed for task ':app:detekt'.
2026-05-03T23:01:55.7839937Z > Analysis failed with 29 weighted issues.
2026-05-03T23:01:55.7840488Z 
2026-05-03T23:01:55.7840804Z * Try:
2026-05-03T23:01:55.7841423Z > Run with --stacktrace option to get the stack trace.
2026-05-03T23:01:55.7842318Z > Run with --info or --debug option to get more log output.
2026-05-03T23:01:55.7843321Z > Run with --scan to get full insights from a Build Scan (powered by Develocity).
2026-05-03T23:01:55.7844283Z > Get more help at https://help.gradle.org.
2026-05-03T23:01:55.7844838Z 
2026-05-03T23:01:55.7845394Z BUILD FAILED in 1m 1s
2026-05-03T23:01:55.7846933Z /home/runner/work/prismTask/prismTask/app/src/main/java/com/averycorp/prismtask/data/remote/SyncService.kt:2270:4: Argument should be on a separate line (unless all arguments can fit a single line) [ArgumentListWrapping]
2026-05-03T23:01:55.7897080Z /home/runner/work/prismTask/prismTask/app/src/main/java/com/averycorp/prismtask/data/remote/SyncService.kt:2271:22: Argument should be on a separate line (unless all arguments can fit a single line) [ArgumentListWrapping]
2026-05-03T23:01:55.7899717Z /home/runner/work/prismTask/prismTask/app/src/main/java/com/averycorp/prismtask/data/remote/SyncService.kt:2272:42: Argument should be on a separate line (unless all arguments can fit a single line) [ArgumentListWrapping]
2026-05-03T23:01:55.7902375Z /home/runner/work/prismTask/prismTask/app/src/main/java/com/averycorp/prismtask/data/remote/SyncService.kt:2272:79: Argument should be on a separate line (unless all arguments can fit a single line) [ArgumentListWrapping]
2026-05-03T23:01:55.7904967Z /home/runner/work/prismTask/prismTask/app/src/main/java/com/averycorp/prismtask/data/remote/adapter/ExternalAnchorJsonAdapter.kt:101:49: Expected newline after last annotation [AnnotationOnSeparateLine]
2026-05-03T23:01:55.7907611Z /home/runner/work/prismTask/prismTask/app/src/test/java/com/averycorp/prismtask/data/repository/TaskDependencyRepositoryTest.kt:6:1: Unused import [NoUnusedImports]
2026-05-03T23:01:55.7909780Z /home/runner/work/prismTask/prismTask/app/src/test/java/com/averycorp/prismtask/data/repository/TaskDependencyRepositoryTest.kt:14:8: Unused import [NoUnusedImports]
2026-05-03T23:01:55.7911670Z /home/runner/work/prismTask/prismTask/app/src/androidTest/java/com/averycorp/prismtask/Migration72To73Test.kt:112:29: Missing newline after ";" [Wrapping]
2026-05-03T23:01:55.7966458Z /home/runner/work/prismTask/prismTask/app/src/androidTest/java/com/averycorp/prismtask/Migration72To73Test.kt:133:41: Missing newline after ";" [Wrapping]
2026-05-03T23:01:55.7996421Z /home/runner/work/prismTask/prismTask/app/src/androidTest/java/com/averycorp/prismtask/Migration72To73Test.kt:112:28: Unnecessary semicolon [NoSemicolons]
2026-05-03T23:01:55.8011479Z /home/runner/work/prismTask/prismTask/app/src/androidTest/java/com/averycorp/prismtask/Migration72To73Test.kt:134:27: Unnecessary semicolon [NoSemicolons]
2026-05-03T23:01:55.8023718Z /home/runner/work/prismTask/prismTask/app/src/androidTest/java/com/averycorp/prismtask/ExternalAnchorDaoTest.kt:108:40: Argument should be on a separate line (unless all arguments can fit a single line) [ArgumentListWrapping]
2026-05-03T23:01:55.8029532Z /home/runner/work/prismTask/prismTask/app/src/androidTest/java/com/averycorp/prismtask/ExternalAnchorDaoTest.kt:108:74: Argument should be on a separate line (unless all arguments can fit a single line) [ArgumentListWrapping]
2026-05-03T23:01:55.8032590Z /home/runner/work/prismTask/prismTask/app/src/androidTest/java/com/averycorp/prismtask/ExternalAnchorDaoTest.kt:110:1: Argument should be on a separate line (unless all arguments can fit a single line) [ArgumentListWrapping]
2026-05-03T23:01:55.8035780Z /home/runner/work/prismTask/prismTask/app/src/androidTest/java/com/averycorp/prismtask/ExternalAnchorDaoTest.kt:113:88: Argument should be on a separate line (unless all arguments can fit a single line) [ArgumentListWrapping]
2026-05-03T23:01:55.8038683Z /home/runner/work/prismTask/prismTask/app/src/androidTest/java/com/averycorp/prismtask/ExternalAnchorDaoTest.kt:116:7: Argument should be on a separate line (unless all arguments can fit a single line) [ArgumentListWrapping]
2026-05-03T23:01:55.8041643Z /home/runner/work/prismTask/prismTask/app/src/androidTest/java/com/averycorp/prismtask/ExternalAnchorDaoTest.kt:117:19: Argument should be on a separate line (unless all arguments can fit a single line) [ArgumentListWrapping]
2026-05-03T23:01:55.8044495Z /home/runner/work/prismTask/prismTask/app/src/androidTest/java/com/averycorp/prismtask/ExternalAnchorDaoTest.kt:121:19: Argument should be on a separate line (unless all arguments can fit a single line) [ArgumentListWrapping]
2026-05-03T23:01:55.8047617Z /home/runner/work/prismTask/prismTask/app/src/androidTest/java/com/averycorp/prismtask/ExternalAnchorDaoTest.kt:121:51: Argument should be on a separate line (unless all arguments can fit a single line) [ArgumentListWrapping]
2026-05-03T23:01:55.8052472Z /home/runner/work/prismTask/prismTask/app/src/androidTest/java/com/averycorp/prismtask/ExternalAnchorDaoTest.kt:122:22: Argument should be on a separate line (unless all arguments can fit a single line) [ArgumentListWrapping]
2026-05-03T23:01:55.8054884Z /home/runner/work/prismTask/prismTask/app/src/androidTest/java/com/averycorp/prismtask/Migration73To74Test.kt:121:29: Missing newline after ";" [Wrapping]
2026-05-03T23:01:55.8057073Z /home/runner/work/prismTask/prismTask/app/src/androidTest/java/com/averycorp/prismtask/Migration73To74Test.kt:121:28: Unnecessary semicolon [NoSemicolons]
2026-05-03T23:01:55.8058131Z 
2026-05-03T23:01:55.8058138Z 
2026-05-03T23:01:55.8058327Z > Task :app:detekt FAILED
2026-05-03T23:01:55.8059202Z gradle/actions: Writing build results to /home/runner/work/_temp/.gradle-actions/build-results/__run_3-1777849261706.json
2026-05-03T23:01:55.8059985Z 
2026-05-03T23:01:55.8060751Z [Incubating] Problems report is available at: file:///home/runner/work/prismTask/prismTask/build/reports/problems/problems-report.html
2026-05-03T23:01:55.8061632Z 
2026-05-03T23:01:55.8062073Z Deprecated Gradle features were used in this build, making it incompatible with Gradle 10.
2026-05-03T23:01:55.8062674Z 
2026-05-03T23:01:55.8063409Z You can use '--warning-mode all' to show the individual deprecation warnings and determine if they come from your own scripts or plugins.
2026-05-03T23:01:55.8064251Z 
2026-05-03T23:01:55.8065296Z For more on this, please refer to https://docs.gradle.org/9.3.1/userguide/command_line_interface.html#sec:command_line_warnings in the Gradle documentation.
2026-05-03T23:01:55.8066538Z 4 actionable tasks: 3 executed, 1 from cache
2026-05-03T23:01:56.2370716Z ##[error]Process completed with exit code 1.
2026-05-03T23:01:56.2422352Z ##[group]Run ./gradlew lintDebug --continue
2026-05-03T23:01:56.2422760Z [36;1m./gradlew lintDebug --continue[0m
2026-05-03T23:01:56.2445451Z shell: /usr/bin/bash -e {0}
2026-05-03T23:01:56.2445754Z env:
2026-05-03T23:01:56.2446113Z   JAVA_HOME: /opt/hostedtoolcache/Java_Temurin-Hotspot_jdk/21.0.10-7/x64
2026-05-03T23:01:56.2446683Z   JAVA_HOME_21_X64: /opt/hostedtoolcache/Java_Temurin-Hotspot_jdk/21.0.10-7/x64
2026-05-03T23:01:56.2447150Z   GRADLE_ACTION_ID: gradle/actions/setup-gradle
2026-05-03T23:01:56.2447498Z   GRADLE_USER_HOME: /home/runner/.gradle
2026-05-03T23:01:56.2447837Z   GRADLE_BUILD_ACTION_SETUP_COMPLETED: true
2026-05-03T23:01:56.2448183Z   GRADLE_BUILD_ACTION_CACHE_RESTORED: true
2026-05-03T23:01:56.2448668Z   DEVELOCITY_INJECTION_INIT_SCRIPT_NAME: gradle-actions.inject-develocity.init.gradle
2026-05-03T23:01:56.2449195Z   DEVELOCITY_INJECTION_CUSTOM_VALUE: gradle-actions
2026-05-03T23:01:56.2449561Z   GITHUB_DEPENDENCY_GRAPH_ENABLED: false
2026-05-03T23:01:56.2449911Z ##[endgroup]
2026-05-03T23:01:56.9972498Z Configuration on demand is an incubating feature.
2026-05-03T23:01:57.3912677Z 
2026-05-03T23:01:57.3913256Z > Configure project :app
2026-05-03T23:01:57.3919947Z WARNING: The option setting 'android.builtInKotlin=false' is deprecated.
2026-05-03T23:01:57.3920791Z The current default is 'true'.
2026-05-03T23:01:57.3921519Z It will be removed in version 10.0 of the Android Gradle plugin.
2026-05-03T23:01:57.3922398Z WARNING: The option setting 'android.newDsl=false' is deprecated.
2026-05-03T23:01:57.3923127Z The current default is 'true'.
2026-05-03T23:01:57.3923762Z It will be removed in version 10.0 of the Android Gradle plugin.
2026-05-03T23:01:57.3926035Z WARNING: The option setting 'android.dependency.excludeLibraryComponentsFromConstraints=true' is deprecated.
2026-05-03T23:01:57.3927095Z The current default is 'false'.
2026-05-03T23:01:57.3927706Z It will be removed in version 10.0 of the Android Gradle plugin.
2026-05-03T23:01:57.3928670Z Following can be set instead to achieve a similar behaviour.
2026-05-03T23:01:57.3929405Z     android.dependency.useConstraints=false
2026-05-03T23:01:57.3931222Z w: ⚠️ Deprecated 'org.jetbrains.kotlin.android' plugin usage
2026-05-03T23:01:57.3932820Z The 'org.jetbrains.kotlin.android' plugin in project ':app' is no longer required for Kotlin support since AGP 9.0.
2026-05-03T23:01:57.3934800Z Solution: Remove both `android.builtInKotlin=true` and `android.newDsl=false` from `gradle.properties`, then migrate to built-in Kotlin.
2026-05-03T23:01:57.3936245Z See https://kotl.in/gradle/agp-built-in-kotlin for more details.
2026-05-03T23:01:57.3936804Z 
2026-05-03T23:01:58.2907329Z 
2026-05-03T23:01:58.2926740Z > Task :app:checkKotlinGradlePluginConfigurationErrors SKIPPED
2026-05-03T23:01:58.2927676Z > Task :app:preBuild UP-TO-DATE
2026-05-03T23:01:58.2928465Z > Task :app:preDebugBuild UP-TO-DATE
2026-05-03T23:01:58.2929270Z > Task :app:generateDebugBuildConfig FROM-CACHE
2026-05-03T23:01:58.2930047Z > Task :app:generateDebugResValues FROM-CACHE
2026-05-03T23:01:58.2930778Z > Task :app:generateDebugResources FROM-CACHE
2026-05-03T23:01:58.2931525Z > Task :app:injectCrashlyticsMappingFileIdDebug
2026-05-03T23:01:58.3915754Z > Task :app:processDebugGoogleServices FROM-CACHE
2026-05-03T23:01:58.3916785Z > Task :app:packageDebugResources FROM-CACHE
2026-05-03T23:01:58.9913926Z > Task :app:processDebugNavigationResources FROM-CACHE
2026-05-03T23:01:59.3910568Z > Task :app:parseDebugLocalResources FROM-CACHE
2026-05-03T23:01:59.3926387Z > Task :app:generateDebugRFile FROM-CACHE
2026-05-03T23:02:00.3907115Z > Task :app:javaPreCompileDebug FROM-CACHE
2026-05-03T23:02:00.5929224Z > Task :app:checkDebugAarMetadata
2026-05-03T23:02:00.5936294Z > Task :app:mapDebugSourceSetPaths
2026-05-03T23:02:00.5937155Z > Task :app:compileDebugNavigationResources FROM-CACHE
2026-05-03T23:02:00.8926558Z > Task :app:mergeDebugResources FROM-CACHE
2026-05-03T23:02:00.8927487Z > Task :app:createDebugCompatibleScreenManifests
2026-05-03T23:02:00.8929116Z > Task :app:extractDeepLinksDebug FROM-CACHE
2026-05-03T23:02:01.0908563Z > Task :app:processDebugMainManifest FROM-CACHE
2026-05-03T23:02:01.0927386Z > Task :app:processDebugManifest FROM-CACHE
2026-05-03T23:02:01.0953024Z > Task :app:processDebugManifestForPackage FROM-CACHE
2026-05-03T23:02:01.3912766Z > Task :app:processDebugResources FROM-CACHE
2026-05-03T23:02:01.3914070Z > Task :app:preDebugAndroidTestBuild SKIPPED
2026-05-03T23:02:01.3914979Z > Task :app:generateDebugAndroidTestResValues FROM-CACHE
2026-05-03T23:02:01.3916149Z > Task :app:extractProguardFiles
2026-05-03T23:02:01.3916905Z > Task :app:preDebugUnitTestBuild UP-TO-DATE
2026-05-03T23:02:29.3910288Z > Task :app:kspDebugKotlin
2026-05-03T23:03:05.6904788Z > Task :app:compileDebugKotlin
2026-05-03T23:03:30.6921436Z e: file:///home/runner/work/prismTask/prismTask/app/src/main/java/com/averycorp/prismtask/data/remote/mapper/SyncMapper.kt:335:21 Unresolved reference 'TaskDependencyEntity'.
2026-05-03T23:03:30.6922662Z 
2026-05-03T23:03:30.6923924Z e: file:///home/runner/work/prismTask/prismTask/app/src/main/java/com/averycorp/prismtask/data/remote/mapper/SyncMapper.kt:339:33 Unresolved reference 'id'.
2026-05-03T23:03:30.6926420Z e: file:///home/runner/work/prismTask/prismTask/app/src/main/java/com/averycorp/prismtask/data/remote/mapper/SyncMapper.kt:342:35 Unresolved reference 'createdAt'.
2026-05-03T23:03:30.6927723Z > Task :app:compileDebugKotlin FAILED
2026-05-03T23:03:30.6929266Z e: file:///home/runner/work/prismTask/prismTask/app/src/main/java/com/averycorp/prismtask/data/remote/mapper/SyncMapper.kt:351:8 Unresolved reference 'TaskDependencyEntity'.
2026-05-03T23:03:30.6931533Z e: file:///home/runner/work/prismTask/prismTask/app/src/main/java/com/averycorp/prismtask/data/remote/mapper/SyncMapper.kt:352:9 Unresolved reference 'TaskDependencyEntity'.
2026-05-03T23:03:30.7902464Z 
2026-05-03T23:03:30.7903567Z gradle/actions: Writing build results to /home/runner/work/_temp/.gradle-actions/build-results/__run_4-1777849316918.json
2026-05-03T23:03:30.7904804Z 
2026-05-03T23:03:30.7905913Z [Incubating] Problems report is available at: file:///home/runner/work/prismTask/prismTask/build/reports/problems/problems-report.html
2026-05-03T23:03:30.7909541Z FAILURE: Build failed with an exception.
2026-05-03T23:03:30.7910297Z 
2026-05-03T23:03:30.7910636Z * What went wrong:
2026-05-03T23:03:30.7910893Z 
2026-05-03T23:03:30.7911385Z Execution failed for task ':app:compileDebugKotlin'.
2026-05-03T23:03:30.7912656Z > A failure occurred while executing org.jetbrains.kotlin.compilerRunner.btapi.BuildToolsApiCompilationWork
2026-05-03T23:03:30.7913888Z    > Compilation error. See log for more details
2026-05-03T23:03:30.7914482Z 
2026-05-03T23:03:30.7914787Z * Try:
2026-05-03T23:03:30.7915653Z > Run with --stacktrace option to get the stack trace.
2026-05-03T23:03:30.7916586Z > Run with --info or --debug option to get more log output.
2026-05-03T23:03:30.7917616Z > Run with --scan to get full insights from a Build Scan (powered by Develocity).
2026-05-03T23:03:30.7918623Z > Get more help at https://help.gradle.org.
2026-05-03T23:03:30.7919525Z Deprecated Gradle features were used in this build, making it incompatible with Gradle 10.
2026-05-03T23:03:30.7920157Z 
2026-05-03T23:03:30.7920869Z You can use '--warning-mode all' to show the individual deprecation warnings and determine if they come from your own scripts or plugins.
2026-05-03T23:03:30.7921786Z 
2026-05-03T23:03:30.7922609Z For more on this, please refer to https://docs.gradle.org/9.3.1/userguide/command_line_interface.html#sec:command_line_warnings in the Gradle documentation.
2026-05-03T23:03:30.7923767Z 24 actionable tasks: 7 executed, 17 from cache
2026-05-03T23:03:30.7924446Z 
2026-05-03T23:03:30.7924771Z BUILD FAILED in 1m 34s
2026-05-03T23:03:30.8237062Z ##[error]Process completed with exit code 1.
2026-05-03T23:03:30.8277841Z ##[group]Run ./gradlew compileDebugAndroidTestKotlin --continue
2026-05-03T23:03:30.8278380Z [36;1m./gradlew compileDebugAndroidTestKotlin --continue[0m
2026-05-03T23:03:30.8300602Z shell: /usr/bin/bash -e {0}
2026-05-03T23:03:30.8300896Z env:
2026-05-03T23:03:30.8301256Z   JAVA_HOME: /opt/hostedtoolcache/Java_Temurin-Hotspot_jdk/21.0.10-7/x64
2026-05-03T23:03:30.8301812Z   JAVA_HOME_21_X64: /opt/hostedtoolcache/Java_Temurin-Hotspot_jdk/21.0.10-7/x64
2026-05-03T23:03:30.8302273Z   GRADLE_ACTION_ID: gradle/actions/setup-gradle
2026-05-03T23:03:30.8302622Z   GRADLE_USER_HOME: /home/runner/.gradle
2026-05-03T23:03:30.8302954Z   GRADLE_BUILD_ACTION_SETUP_COMPLETED: true
2026-05-03T23:03:30.8303293Z   GRADLE_BUILD_ACTION_CACHE_RESTORED: true
2026-05-03T23:03:30.8303769Z   DEVELOCITY_INJECTION_INIT_SCRIPT_NAME: gradle-actions.inject-develocity.init.gradle
2026-05-03T23:03:30.8304288Z   DEVELOCITY_INJECTION_CUSTOM_VALUE: gradle-actions
2026-05-03T23:03:30.8304691Z   GITHUB_DEPENDENCY_GRAPH_ENABLED: false
2026-05-03T23:03:30.8305229Z ##[endgroup]
2026-05-03T23:03:31.5936224Z Configuration on demand is an incubating feature.
2026-05-03T23:03:32.0915767Z 
2026-05-03T23:03:32.0916693Z > Configure project :app
2026-05-03T23:03:32.0946010Z WARNING: The option setting 'android.builtInKotlin=false' is deprecated.
2026-05-03T23:03:32.0950427Z The current default is 'true'.
2026-05-03T23:03:32.0975757Z It will be removed in version 10.0 of the Android Gradle plugin.
2026-05-03T23:03:32.0977272Z WARNING: The option setting 'android.newDsl=false' is deprecated.
2026-05-03T23:03:32.0977976Z The current default is 'true'.
2026-05-03T23:03:32.0978584Z It will be removed in version 10.0 of the Android Gradle plugin.
2026-05-03T23:03:32.0979667Z WARNING: The option setting 'android.dependency.excludeLibraryComponentsFromConstraints=true' is deprecated.
2026-05-03T23:03:32.0980644Z The current default is 'false'.
2026-05-03T23:03:32.0981255Z It will be removed in version 10.0 of the Android Gradle plugin.
2026-05-03T23:03:32.0982098Z Following can be set instead to achieve a similar behaviour.
2026-05-03T23:03:32.1005822Z     android.dependency.useConstraints=false
2026-05-03T23:03:32.1006868Z w: ⚠️ Deprecated 'org.jetbrains.kotlin.android' plugin usage
2026-05-03T23:03:32.1008084Z The 'org.jetbrains.kotlin.android' plugin in project ':app' is no longer required for Kotlin support since AGP 9.0.
2026-05-03T23:03:32.1010003Z Solution: Remove both `android.builtInKotlin=true` and `android.newDsl=false` from `gradle.properties`, then migrate to built-in Kotlin.
2026-05-03T23:03:32.1011218Z See https://kotl.in/gradle/agp-built-in-kotlin for more details.
2026-05-03T23:03:32.1011674Z 
2026-05-03T23:03:32.1863646Z 
2026-05-03T23:03:32.1868432Z > Task :app:checkKotlinGradlePluginConfigurationErrors SKIPPED
2026-05-03T23:03:32.1880345Z > Task :app:preBuild UP-TO-DATE
2026-05-03T23:03:32.1905864Z > Task :app:preDebugBuild UP-TO-DATE
2026-05-03T23:03:32.1935827Z > Task :app:generateDebugBuildConfig UP-TO-DATE
2026-05-03T23:03:32.1946080Z > Task :app:generateDebugResValues UP-TO-DATE
2026-05-03T23:03:32.1946723Z > Task :app:generateDebugResources UP-TO-DATE
2026-05-03T23:03:32.2872537Z > Task :app:injectCrashlyticsMappingFileIdDebug UP-TO-DATE
2026-05-03T23:03:32.2915893Z > Task :app:processDebugGoogleServices UP-TO-DATE
2026-05-03T23:03:32.2916902Z > Task :app:packageDebugResources UP-TO-DATE
2026-05-03T23:03:32.4867131Z > Task :app:processDebugNavigationResources UP-TO-DATE
2026-05-03T23:03:32.4868113Z > Task :app:parseDebugLocalResources UP-TO-DATE
2026-05-03T23:03:32.4869082Z > Task :app:generateDebugRFile UP-TO-DATE
2026-05-03T23:03:32.5863246Z > Task :app:kspDebugKotlin UP-TO-DATE
2026-05-03T23:03:32.8869298Z > Task :app:javaPreCompileDebug UP-TO-DATE
2026-05-03T23:03:32.8928148Z > Task :app:checkDebugAarMetadata UP-TO-DATE
2026-05-03T23:03:32.8971490Z > Task :app:mapDebugSourceSetPaths UP-TO-DATE
2026-05-03T23:03:32.9026054Z > Task :app:compileDebugNavigationResources UP-TO-DATE
2026-05-03T23:03:32.9068704Z > Task :app:mergeDebugResources UP-TO-DATE
2026-05-03T23:03:32.9120264Z > Task :app:createDebugCompatibleScreenManifests UP-TO-DATE
2026-05-03T23:03:32.9141961Z > Task :app:extractDeepLinksDebug UP-TO-DATE
2026-05-03T23:03:32.9173407Z > Task :app:processDebugMainManifest UP-TO-DATE
2026-05-03T23:03:32.9195741Z > Task :app:processDebugManifest UP-TO-DATE
2026-05-03T23:03:32.9222565Z > Task :app:processDebugManifestForPackage UP-TO-DATE
2026-05-03T23:03:32.9875251Z > Task :app:processDebugResources UP-TO-DATE
2026-05-03T23:03:32.9912061Z > Task :app:preDebugAndroidTestBuild SKIPPED
2026-05-03T23:03:33.3906310Z > Task :app:processDebugAndroidTestManifest
2026-05-03T23:03:33.3942776Z > Task :app:generateDebugAndroidTestBuildConfig FROM-CACHE
2026-05-03T23:03:33.3972026Z > Task :app:generateDebugAndroidTestResValues UP-TO-DATE
2026-05-03T23:03:33.4025910Z > Task :app:generateDebugAndroidTestResources FROM-CACHE
2026-05-03T23:03:33.4026746Z > Task :app:packageDebugAndroidTestResources FROM-CACHE
2026-05-03T23:03:33.4066040Z > Task :app:processDebugAndroidTestNavigationResources FROM-CACHE
2026-05-03T23:03:33.4125788Z > Task :app:parseDebugAndroidTestLocalResources FROM-CACHE
2026-05-03T23:03:33.4155772Z > Task :app:generateDebugAndroidTestRFile FROM-CACHE
2026-05-03T23:03:57.2870410Z 
2026-05-03T23:03:57.2879439Z e: file:///home/runner/work/prismTask/prismTask/app/src/main/java/com/averycorp/prismtask/data/remote/mapper/SyncMapper.kt:335:21 Unresolved reference 'TaskDependencyEntity'.
2026-05-03T23:03:57.2880858Z > Task :app:compileDebugKotlin FAILED
2026-05-03T23:03:57.2882500Z e: file:///home/runner/work/prismTask/prismTask/app/src/main/java/com/averycorp/prismtask/data/remote/mapper/SyncMapper.kt:339:33 Unresolved reference 'id'.
2026-05-03T23:03:57.2884120Z gradle/actions: Writing build results to /home/runner/work/_temp/.gradle-actions/build-results/__run_6-1777849411523.json
2026-05-03T23:03:57.2886532Z e: file:///home/runner/work/prismTask/prismTask/app/src/main/java/com/averycorp/prismtask/data/remote/mapper/SyncMapper.kt:342:35 Unresolved reference 'createdAt'.
2026-05-03T23:03:57.2887600Z 
2026-05-03T23:03:57.2888904Z e: file:///home/runner/work/prismTask/prismTask/app/src/main/java/com/averycorp/prismtask/data/remote/mapper/SyncMapper.kt:351:8 Unresolved reference 'TaskDependencyEntity'.
2026-05-03T23:03:57.2890765Z [Incubating] Problems report is available at: file:///home/runner/work/prismTask/prismTask/build/reports/problems/problems-report.html
2026-05-03T23:03:57.2893333Z e: file:///home/runner/work/prismTask/prismTask/app/src/main/java/com/averycorp/prismtask/data/remote/mapper/SyncMapper.kt:352:9 Unresolved reference 'TaskDependencyEntity'.
2026-05-03T23:03:57.2894494Z 
2026-05-03T23:03:57.2894717Z 
2026-05-03T23:03:57.2895435Z FAILURE: Build failed with an exception.
2026-05-03T23:03:57.2895858Z 
2026-05-03T23:03:57.2896034Z * What went wrong:
2026-05-03T23:03:57.2896540Z Execution failed for task ':app:compileDebugKotlin'.
2026-05-03T23:03:57.2897600Z > A failure occurred while executing org.jetbrains.kotlin.compilerRunner.btapi.BuildToolsApiCompilationWork
2026-05-03T23:03:57.2898609Z    > Compilation error. See log for more details
2026-05-03T23:03:57.2898990Z 
2026-05-03T23:03:57.2899139Z * Try:
2026-05-03T23:03:57.2899584Z > Run with --stacktrace option to get the stack trace.
2026-05-03T23:03:57.2900258Z > Run with --info or --debug option to get more log output.
2026-05-03T23:03:57.2901037Z > Run with --scan to get full insights from a Build Scan (powered by Develocity).
2026-05-03T23:03:57.2901805Z > Get more help at https://help.gradle.org.
2026-05-03T23:03:57.2902159Z 
2026-05-03T23:03:57.2902309Z BUILD FAILED in 26s
2026-05-03T23:03:57.2902995Z Deprecated Gradle features were used in this build, making it incompatible with Gradle 10.
2026-05-03T23:03:57.2903608Z 
2026-05-03T23:03:57.2904301Z You can use '--warning-mode all' to show the individual deprecation warnings and determine if they come from your own scripts or plugins.
2026-05-03T23:03:57.2905365Z 
2026-05-03T23:03:57.2906467Z For more on this, please refer to https://docs.gradle.org/9.3.1/userguide/command_line_interface.html#sec:command_line_warnings in the Gradle documentation.
2026-05-03T23:03:57.2907748Z 30 actionable tasks: 2 executed, 6 from cache, 22 up-to-date
2026-05-03T23:03:57.3811266Z ##[error]Process completed with exit code 1.
2026-05-03T23:03:57.3862776Z ##[group]Run set -euo pipefail
2026-05-03T23:03:57.3863360Z [36;1mset -euo pipefail[0m
2026-05-03T23:03:57.3863815Z [36;1mshopt -s globstar nullglob[0m
2026-05-03T23:03:57.3864342Z [36;1mxmls=(app/build/test-results/**/*.xml)[0m
2026-05-03T23:03:57.3864869Z [36;1mif [ ${#xmls[@]} -eq 0 ]; then[0m
2026-05-03T23:03:57.3866078Z [36;1m  echo "::error::No JUnit XML results found under app/build/test-results/. Did the test task run?"[0m
2026-05-03T23:03:57.3866613Z [36;1m  exit 1[0m
2026-05-03T23:03:57.3866864Z [36;1mfi[0m
2026-05-03T23:03:57.3867095Z [36;1mfailed=0[0m
2026-05-03T23:03:57.3867341Z [36;1mfor f in "${xmls[@]}"; do[0m
2026-05-03T23:03:57.3867813Z [36;1m  fails=$(grep -oE 'failures="[0-9]+"' "$f" | head -n1 | grep -oE '[0-9]+' || echo 0)[0m
2026-05-03T23:03:57.3868432Z [36;1m  errs=$(grep -oE 'errors="[0-9]+"' "$f" | head -n1 | grep -oE '[0-9]+' || echo 0)[0m
2026-05-03T23:03:57.3869038Z [36;1m  if [ "${fails:-0}" -gt 0 ] || [ "${errs:-0}" -gt 0 ]; then[0m
2026-05-03T23:03:57.3869518Z [36;1m    echo "::error file=${f}::${fails} failure(s), ${errs} error(s) in ${f}"[0m
2026-05-03T23:03:57.3869967Z [36;1m    failed=$((failed + fails + errs))[0m
2026-05-03T23:03:57.3870275Z [36;1m  fi[0m
2026-05-03T23:03:57.3870508Z [36;1mdone[0m
2026-05-03T23:03:57.3870746Z [36;1mif [ "$failed" -gt 0 ]; then[0m
2026-05-03T23:03:57.3871308Z [36;1m  echo "::error::${failed} unit-test failure(s)/error(s) detected. See annotations and the test-results artifact."[0m
2026-05-03T23:03:57.3871841Z [36;1m  exit 1[0m
2026-05-03T23:03:57.3872077Z [36;1mfi[0m
2026-05-03T23:03:57.3872364Z [36;1mecho "All ${#xmls[@]} JUnit XML reports clean."[0m
2026-05-03T23:03:57.3895770Z shell: /usr/bin/bash --noprofile --norc -e -o pipefail {0}
2026-05-03T23:03:57.3896154Z env:
2026-05-03T23:03:57.3896516Z   JAVA_HOME: /opt/hostedtoolcache/Java_Temurin-Hotspot_jdk/21.0.10-7/x64
2026-05-03T23:03:57.3897065Z   JAVA_HOME_21_X64: /opt/hostedtoolcache/Java_Temurin-Hotspot_jdk/21.0.10-7/x64
2026-05-03T23:03:57.3897524Z   GRADLE_ACTION_ID: gradle/actions/setup-gradle
2026-05-03T23:03:57.3898054Z   GRADLE_USER_HOME: /home/runner/.gradle
2026-05-03T23:03:57.3898390Z   GRADLE_BUILD_ACTION_SETUP_COMPLETED: true
2026-05-03T23:03:57.3898739Z   GRADLE_BUILD_ACTION_CACHE_RESTORED: true
2026-05-03T23:03:57.3899216Z   DEVELOCITY_INJECTION_INIT_SCRIPT_NAME: gradle-actions.inject-develocity.init.gradle
2026-05-03T23:03:57.3899729Z   DEVELOCITY_INJECTION_CUSTOM_VALUE: gradle-actions
2026-05-03T23:03:57.3900087Z   GITHUB_DEPENDENCY_GRAPH_ENABLED: false
2026-05-03T23:03:57.3900409Z ##[endgroup]
2026-05-03T23:03:58.3027199Z All 184 JUnit XML reports clean.
2026-05-03T23:03:58.3106039Z ##[group]Run actions/github-script@v7
2026-05-03T23:03:58.3106393Z with:
2026-05-03T23:03:58.3108989Z   script: const fs = require('fs');
let body = '### CI Unit Test Failure\n\n';
try {
  const raw = fs.readFileSync('unit-test-output.log', 'utf8');
  const lines = raw.split('\n');
  const errorLines = lines.filter(l =>
    /\be:\b|FAILED|Compilation error|Unresolved reference|not abstract|does not implement/.test(l)
  );
  const tail = lines.slice(-30).join('\n');
  const errors = errorLines.length > 0
    ? errorLines.join('\n')
    : 'No specific error lines matched. Last 30 lines shown.';
  body += '**Error lines:**\n```\n' + errors.slice(0, 2000) + '\n```\n';
  body += '\n**Build tail:**\n```\n' + tail.slice(0, 2000) + '\n```';
} catch (e) {
  body += 'Could not read unit-test-output.log: ' + e.message;
}
await github.rest.issues.createComment({
  owner: context.repo.owner,
  repo: context.repo.repo,
  issue_number: context.issue.number,
  body
});

2026-05-03T23:03:58.3111819Z   github-token: ***
2026-05-03T23:03:58.3112096Z   debug: false
2026-05-03T23:03:58.3112361Z   user-agent: actions/github-script
2026-05-03T23:03:58.3112683Z   result-encoding: json
2026-05-03T23:03:58.3112948Z   retries: 0
2026-05-03T23:03:58.3113225Z   retry-exempt-status-codes: 400,401,403,404,422
2026-05-03T23:03:58.3113562Z env:
2026-05-03T23:03:58.3113903Z   JAVA_HOME: /opt/hostedtoolcache/Java_Temurin-Hotspot_jdk/21.0.10-7/x64
2026-05-03T23:03:58.3114435Z   JAVA_HOME_21_X64: /opt/hostedtoolcache/Java_Temurin-Hotspot_jdk/21.0.10-7/x64
2026-05-03T23:03:58.3114895Z   GRADLE_ACTION_ID: gradle/actions/setup-gradle
2026-05-03T23:03:58.3115477Z   GRADLE_USER_HOME: /home/runner/.gradle
2026-05-03T23:03:58.3115814Z   GRADLE_BUILD_ACTION_SETUP_COMPLETED: true
2026-05-03T23:03:58.3116157Z   GRADLE_BUILD_ACTION_CACHE_RESTORED: true
2026-05-03T23:03:58.3116635Z   DEVELOCITY_INJECTION_INIT_SCRIPT_NAME: gradle-actions.inject-develocity.init.gradle
2026-05-03T23:03:58.3117161Z   DEVELOCITY_INJECTION_CUSTOM_VALUE: gradle-actions
2026-05-03T23:03:58.3117523Z   GITHUB_DEPENDENCY_GRAPH_ENABLED: false
2026-05-03T23:03:58.3117835Z ##[endgroup]
2026-05-03T23:03:58.6716460Z RequestError [HttpError]: Resource not accessible by integration
2026-05-03T23:03:58.6717342Z     at /home/runner/work/_actions/actions/github-script/v7/dist/index.js:9537:21
2026-05-03T23:03:58.6718259Z     at process.processTicksAndRejections (node:internal/process/task_queues:95:5)
2026-05-03T23:03:58.6719530Z     at async eval (eval at callAsyncFunction (/home/runner/work/_actions/actions/github-script/v7/dist/index.js:36187:16), <anonymous>:20:1)
2026-05-03T23:03:58.6720777Z     at async main (/home/runner/work/_actions/actions/github-script/v7/dist/index.js:36285:20) {
2026-05-03T23:03:58.6721509Z   status: 403,
2026-05-03T23:03:58.6721856Z   response: {
2026-05-03T23:03:58.6722441Z     url: 'https://api.github.com/repos/averycorp/prismTask/issues/1085/comments',
2026-05-03T23:03:58.6723090Z     status: 403,
2026-05-03T23:03:58.6723421Z     headers: {
2026-05-03T23:03:58.6723686Z       'access-control-allow-origin': '*',
2026-05-03T23:03:58.6725204Z       'access-control-expose-headers': 'ETag, Link, Location, Retry-After, X-GitHub-OTP, X-RateLimit-Limit, X-RateLimit-Remaining, X-RateLimit-Used, X-RateLimit-Resource, X-RateLimit-Reset, X-OAuth-Scopes, X-Accepted-OAuth-Scopes, X-Poll-Interval, X-GitHub-Media-Type, X-GitHub-SSO, X-GitHub-Request-Id, Deprecation, Sunset',
2026-05-03T23:03:58.6726957Z       'content-encoding': 'gzip',
2026-05-03T23:03:58.6727333Z       'content-security-policy': "default-src 'none'",
2026-05-03T23:03:58.6727744Z       'content-type': 'application/json; charset=utf-8',
2026-05-03T23:03:58.6728109Z       date: 'Sun, 03 May 2026 23:03:58 GMT',
2026-05-03T23:03:58.6728567Z       'referrer-policy': 'origin-when-cross-origin, strict-origin-when-cross-origin',
2026-05-03T23:03:58.6729030Z       server: 'github.com',
2026-05-03T23:03:58.6729455Z       'strict-transport-security': 'max-age=31536000; includeSubdomains; preload',
2026-05-03T23:03:58.6730149Z       'transfer-encoding': 'chunked',
2026-05-03T23:03:58.6730537Z       vary: 'Accept-Encoding, Accept, X-Requested-With',
2026-05-03T23:03:58.6731031Z       'x-accepted-github-permissions': 'issues=write; pull_requests=write',
2026-05-03T23:03:58.6731479Z       'x-content-type-options': 'nosniff',
2026-05-03T23:03:58.6731808Z       'x-frame-options': 'deny',
2026-05-03T23:03:58.6732168Z       'x-github-api-version-selected': '2022-11-28',
2026-05-03T23:03:58.6732555Z       'x-github-media-type': 'github.v3; format=json',
2026-05-03T23:03:58.6732973Z       'x-github-request-id': '8420:3A1FA4:4ADEA:130259:69F7D45E',
2026-05-03T23:03:58.6733347Z       'x-ratelimit-limit': '5000',
2026-05-03T23:03:58.6733665Z       'x-ratelimit-remaining': '4883',
2026-05-03T23:03:58.6733983Z       'x-ratelimit-reset': '1777849753',
2026-05-03T23:03:58.6734302Z       'x-ratelimit-resource': 'core',
2026-05-03T23:03:58.6734613Z       'x-ratelimit-used': '117',
2026-05-03T23:03:58.6734919Z       'x-xss-protection': '0'
2026-05-03T23:03:58.6735480Z     },
2026-05-03T23:03:58.6735717Z     data: {
2026-05-03T23:03:58.6736010Z       message: 'Resource not accessible by integration',
2026-05-03T23:03:58.6736576Z       documentation_url: 'https://docs.github.com/rest/issues/comments#create-an-issue-comment',
2026-05-03T23:03:58.6737062Z       status: '403'
2026-05-03T23:03:58.6737305Z     }
2026-05-03T23:03:58.6737521Z   },
2026-05-03T23:03:58.6737736Z   request: {
2026-05-03T23:03:58.6737971Z     method: 'POST',
2026-05-03T23:03:58.6738354Z     url: 'https://api.github.com/repos/averycorp/prismTask/issues/1085/comments',
2026-05-03T23:03:58.6738771Z     headers: {
2026-05-03T23:03:58.6739040Z       accept: 'application/vnd.github.v3+json',
2026-05-03T23:03:58.6739567Z       'user-agent': 'actions/github-script octokit-core.js/5.0.1 Node.js/20.20.2 (linux; x64)',
2026-05-03T23:03:58.6740055Z       authorization: 'token [REDACTED]',
2026-05-03T23:03:58.6740426Z       'content-type': 'application/json; charset=utf-8'
2026-05-03T23:03:58.6740763Z     },
2026-05-03T23:03:58.6741329Z     body: `{"body":"### CI Unit Test Failure\\n\\nCould not read unit-test-output.log: ENOENT: no such file or directory, open 'unit-test-output.log'"}`,
2026-05-03T23:03:58.6741935Z     request: {
2026-05-03T23:03:58.6742168Z       agent: [Agent],
2026-05-03T23:03:58.6742438Z       fetch: [Function: proxyFetch],
2026-05-03T23:03:58.6742773Z       hook: [Function: bound bound register]
2026-05-03T23:03:58.6743073Z     }
2026-05-03T23:03:58.6743282Z   }
2026-05-03T23:03:58.6743492Z }
2026-05-03T23:03:58.6755180Z ##[error]Unhandled error: HttpError: Resource not accessible by integration
2026-05-03T23:03:58.7425637Z ##[group]Run actions/upload-artifact@v4
2026-05-03T23:03:58.7425999Z with:
2026-05-03T23:03:58.7426235Z   name: lint-report
2026-05-03T23:03:58.7426546Z   path: app/build/reports/lint-results-debug.html
2026-05-03T23:03:58.7426903Z   retention-days: 7
2026-05-03T23:03:58.7427158Z   if-no-files-found: warn
2026-05-03T23:03:58.7427440Z   compression-level: 6
2026-05-03T23:03:58.7427708Z   overwrite: false
2026-05-03T23:03:58.7427968Z   include-hidden-files: false
2026-05-03T23:03:58.7428249Z env:
2026-05-03T23:03:58.7428591Z   JAVA_HOME: /opt/hostedtoolcache/Java_Temurin-Hotspot_jdk/21.0.10-7/x64
2026-05-03T23:03:58.7429128Z   JAVA_HOME_21_X64: /opt/hostedtoolcache/Java_Temurin-Hotspot_jdk/21.0.10-7/x64
2026-05-03T23:03:58.7429791Z   GRADLE_ACTION_ID: gradle/actions/setup-gradle
2026-05-03T23:03:58.7430131Z   GRADLE_USER_HOME: /home/runner/.gradle
2026-05-03T23:03:58.7430463Z   GRADLE_BUILD_ACTION_SETUP_COMPLETED: true
2026-05-03T23:03:58.7430833Z   GRADLE_BUILD_ACTION_CACHE_RESTORED: true
2026-05-03T23:03:58.7431318Z   DEVELOCITY_INJECTION_INIT_SCRIPT_NAME: gradle-actions.inject-develocity.init.gradle
2026-05-03T23:03:58.7431829Z   DEVELOCITY_INJECTION_CUSTOM_VALUE: gradle-actions
2026-05-03T23:03:58.7432188Z   GITHUB_DEPENDENCY_GRAPH_ENABLED: false
2026-05-03T23:03:58.7432493Z ##[endgroup]
2026-05-03T23:03:58.9674320Z With the provided path, there will be 1 file uploaded
2026-05-03T23:03:58.9676076Z Artifact name is valid!
2026-05-03T23:03:58.9677159Z Root directory input is valid!
2026-05-03T23:03:59.1564708Z Beginning upload of artifact content to blob storage
2026-05-03T23:03:59.4132125Z Uploaded bytes 63179
2026-05-03T23:03:59.4601418Z Finished uploading artifact content to blob storage!
2026-05-03T23:03:59.4603683Z SHA256 digest of uploaded artifact zip is 8021819bcdf8d01c4544b3a0c2302ae063a0ecb2e04ed88372eaa422643551b3
2026-05-03T23:03:59.4605527Z Finalizing artifact upload
2026-05-03T23:03:59.5883678Z Artifact lint-report.zip successfully finalized. Artifact ID 6774447506
2026-05-03T23:03:59.5884757Z Artifact lint-report has been successfully uploaded! Final size is 63179 bytes. Artifact ID is 6774447506
2026-05-03T23:03:59.5891343Z Artifact download URL: https://github.com/averycorp/prismTask/actions/runs/25293275240/artifacts/6774447506
2026-05-03T23:03:59.6012643Z ##[group]Run actions/upload-artifact@v4
2026-05-03T23:03:59.6012996Z with:
2026-05-03T23:03:59.6013237Z   name: detekt-report
2026-05-03T23:03:59.6013518Z   path: app/build/reports/detekt/
2026-05-03T23:03:59.6013824Z   retention-days: 7
2026-05-03T23:03:59.6014087Z   if-no-files-found: warn
2026-05-03T23:03:59.6014373Z   compression-level: 6
2026-05-03T23:03:59.6014641Z   overwrite: false
2026-05-03T23:03:59.6014906Z   include-hidden-files: false
2026-05-03T23:03:59.6015428Z env:
2026-05-03T23:03:59.6015781Z   JAVA_HOME: /opt/hostedtoolcache/Java_Temurin-Hotspot_jdk/21.0.10-7/x64
2026-05-03T23:03:59.6016319Z   JAVA_HOME_21_X64: /opt/hostedtoolcache/Java_Temurin-Hotspot_jdk/21.0.10-7/x64
2026-05-03T23:03:59.6016781Z   GRADLE_ACTION_ID: gradle/actions/setup-gradle
2026-05-03T23:03:59.6017126Z   GRADLE_USER_HOME: /home/runner/.gradle
2026-05-03T23:03:59.6017465Z   GRADLE_BUILD_ACTION_SETUP_COMPLETED: true
2026-05-03T23:03:59.6017809Z   GRADLE_BUILD_ACTION_CACHE_RESTORED: true
2026-05-03T23:03:59.6018322Z   DEVELOCITY_INJECTION_INIT_SCRIPT_NAME: gradle-actions.inject-develocity.init.gradle
2026-05-03T23:03:59.6018841Z   DEVELOCITY_INJECTION_CUSTOM_VALUE: gradle-actions
2026-05-03T23:03:59.6019233Z   GITHUB_DEPENDENCY_GRAPH_ENABLED: false
2026-05-03T23:03:59.6019555Z ##[endgroup]
2026-05-03T23:03:59.8158756Z With the provided path, there will be 2 files uploaded
2026-05-03T23:03:59.8175822Z Artifact name is valid!
2026-05-03T23:03:59.8176289Z Root directory input is valid!
2026-05-03T23:03:59.9915689Z Beginning upload of artifact content to blob storage
2026-05-03T23:04:00.1719414Z Uploaded bytes 8508
2026-05-03T23:04:00.2233326Z Finished uploading artifact content to blob storage!
2026-05-03T23:04:00.2236490Z SHA256 digest of uploaded artifact zip is 107fb66ea9b514cf00bb71c1cf3b3edeb95c95e8617ffc8ba3eef51aff2551ee
2026-05-03T23:04:00.2238246Z Finalizing artifact upload
2026-05-03T23:04:00.3484893Z Artifact detekt-report.zip successfully finalized. Artifact ID 6774447577
2026-05-03T23:04:00.3485946Z Artifact detekt-report has been successfully uploaded! Final size is 8508 bytes. Artifact ID is 6774447577
2026-05-03T23:04:00.3492417Z Artifact download URL: https://github.com/averycorp/prismTask/actions/runs/25293275240/artifacts/6774447577
2026-05-03T23:04:00.3655672Z ##[group]Run actions/upload-artifact@v4
2026-05-03T23:04:00.3656249Z with:
2026-05-03T23:04:00.3656621Z   name: test-results
2026-05-03T23:04:00.3657064Z   path: app/build/test-results/
2026-05-03T23:04:00.3657796Z   retention-days: 7
2026-05-03T23:04:00.3658207Z   if-no-files-found: warn
2026-05-03T23:04:00.3658652Z   compression-level: 6
2026-05-03T23:04:00.3659075Z   overwrite: false
2026-05-03T23:04:00.3659486Z   include-hidden-files: false
2026-05-03T23:04:00.3659942Z env:
2026-05-03T23:04:00.3660499Z   JAVA_HOME: /opt/hostedtoolcache/Java_Temurin-Hotspot_jdk/21.0.10-7/x64
2026-05-03T23:04:00.3661361Z   JAVA_HOME_21_X64: /opt/hostedtoolcache/Java_Temurin-Hotspot_jdk/21.0.10-7/x64
2026-05-03T23:04:00.3662106Z   GRADLE_ACTION_ID: gradle/actions/setup-gradle
2026-05-03T23:04:00.3662658Z   GRADLE_USER_HOME: /home/runner/.gradle
2026-05-03T23:04:00.3663188Z   GRADLE_BUILD_ACTION_SETUP_COMPLETED: true
2026-05-03T23:04:00.3663727Z   GRADLE_BUILD_ACTION_CACHE_RESTORED: true
2026-05-03T23:04:00.3664573Z   DEVELOCITY_INJECTION_INIT_SCRIPT_NAME: gradle-actions.inject-develocity.init.gradle
2026-05-03T23:04:00.3665664Z   DEVELOCITY_INJECTION_CUSTOM_VALUE: gradle-actions
2026-05-03T23:04:00.3666259Z   GITHUB_DEPENDENCY_GRAPH_ENABLED: false
2026-05-03T23:04:00.3666777Z ##[endgroup]
2026-05-03T23:04:00.6111091Z With the provided path, there will be 186 files uploaded
2026-05-03T23:04:00.6116859Z Artifact name is valid!
2026-05-03T23:04:00.6117856Z Root directory input is valid!
2026-05-03T23:04:00.8058613Z Beginning upload of artifact content to blob storage
2026-05-03T23:04:01.2271098Z Uploaded bytes 187726
2026-05-03T23:04:01.2704553Z Finished uploading artifact content to blob storage!
2026-05-03T23:04:01.2707646Z SHA256 digest of uploaded artifact zip is f68e8e8e6ed8b88ab0e6a9d83afba0b1205f3eb3f5ba815f578f674084781633
2026-05-03T23:04:01.2709427Z Finalizing artifact upload
2026-05-03T23:04:01.4250957Z Artifact test-results.zip successfully finalized. Artifact ID 6774447665
2026-05-03T23:04:01.4252114Z Artifact test-results has been successfully uploaded! Final size is 187726 bytes. Artifact ID is 6774447665
2026-05-03T23:04:01.4259209Z Artifact download URL: https://github.com/averycorp/prismTask/actions/runs/25293275240/artifacts/6774447665
2026-05-03T23:04:01.4400339Z Post job cleanup.
2026-05-03T23:04:01.4494006Z Post job cleanup.
2026-05-03T23:04:01.7550984Z In post-action step
2026-05-03T23:04:01.7561460Z Cache is read-only: will not save state for use in subsequent builds.
2026-05-03T23:04:01.7568787Z Generating Job Summary
2026-05-03T23:04:01.7602413Z Completed post-action step
2026-05-03T23:04:01.7771629Z Post job cleanup.
2026-05-03T23:04:01.9556949Z Post job cleanup.
2026-05-03T23:04:02.0378178Z [command]/usr/bin/git version
2026-05-03T23:04:02.0414283Z git version 2.53.0
2026-05-03T23:04:02.0453702Z Temporarily overriding HOME='/home/runner/work/_temp/21b74cb1-24c0-442e-8997-11b707d08d83' before making global git config changes
2026-05-03T23:04:02.0455308Z Adding repository directory to the temporary git global config as a safe directory
2026-05-03T23:04:02.0460190Z [command]/usr/bin/git config --global --add safe.directory /home/runner/work/prismTask/prismTask
2026-05-03T23:04:02.0491247Z Removing SSH command configuration
2026-05-03T23:04:02.0497538Z [command]/usr/bin/git config --local --name-only --get-regexp core\.sshCommand
2026-05-03T23:04:02.0531119Z [command]/usr/bin/git submodule foreach --recursive sh -c "git config --local --name-only --get-regexp 'core\.sshCommand' && git config --local --unset-all 'core.sshCommand' || :"
2026-05-03T23:04:02.0804880Z Removing HTTP extra header
2026-05-03T23:04:02.0810294Z [command]/usr/bin/git config --local --name-only --get-regexp http\.https\:\/\/github\.com\/\.extraheader
2026-05-03T23:04:02.0842886Z [command]/usr/bin/git submodule foreach --recursive sh -c "git config --local --name-only --get-regexp 'http\.https\:\/\/github\.com\/\.extraheader' && git config --local --unset-all 'http.https://github.com/.extraheader' || :"
2026-05-03T23:04:02.1072005Z Removing includeIf entries pointing to credentials config files
2026-05-03T23:04:02.1078952Z [command]/usr/bin/git config --local --name-only --get-regexp ^includeIf\.gitdir:
2026-05-03T23:04:02.1103394Z includeif.gitdir:/home/runner/work/prismTask/prismTask/.git.path
2026-05-03T23:04:02.1104820Z includeif.gitdir:/home/runner/work/prismTask/prismTask/.git/worktrees/*.path
2026-05-03T23:04:02.1105833Z includeif.gitdir:/github/workspace/.git.path
2026-05-03T23:04:02.1106527Z includeif.gitdir:/github/workspace/.git/worktrees/*.path
2026-05-03T23:04:02.1113855Z [command]/usr/bin/git config --local --get-all includeif.gitdir:/home/runner/work/prismTask/prismTask/.git.path
2026-05-03T23:04:02.1137274Z /home/runner/work/_temp/git-credentials-60d60dde-f0bb-4768-844e-63e322f7e8b9.config
2026-05-03T23:04:02.1147922Z [command]/usr/bin/git config --local --unset includeif.gitdir:/home/runner/work/prismTask/prismTask/.git.path /home/runner/work/_temp/git-credentials-60d60dde-f0bb-4768-844e-63e322f7e8b9.config
2026-05-03T23:04:02.1182780Z [command]/usr/bin/git config --local --get-all includeif.gitdir:/home/runner/work/prismTask/prismTask/.git/worktrees/*.path
2026-05-03T23:04:02.1206129Z /home/runner/work/_temp/git-credentials-60d60dde-f0bb-4768-844e-63e322f7e8b9.config
2026-05-03T23:04:02.1215313Z [command]/usr/bin/git config --local --unset includeif.gitdir:/home/runner/work/prismTask/prismTask/.git/worktrees/*.path /home/runner/work/_temp/git-credentials-60d60dde-f0bb-4768-844e-63e322f7e8b9.config
2026-05-03T23:04:02.1245980Z [command]/usr/bin/git config --local --get-all includeif.gitdir:/github/workspace/.git.path
2026-05-03T23:04:02.1268116Z /github/runner_temp/git-credentials-60d60dde-f0bb-4768-844e-63e322f7e8b9.config
2026-05-03T23:04:02.1275326Z [command]/usr/bin/git config --local --unset includeif.gitdir:/github/workspace/.git.path /github/runner_temp/git-credentials-60d60dde-f0bb-4768-844e-63e322f7e8b9.config
2026-05-03T23:04:02.1306379Z [command]/usr/bin/git config --local --get-all includeif.gitdir:/github/workspace/.git/worktrees/*.path
2026-05-03T23:04:02.1327538Z /github/runner_temp/git-credentials-60d60dde-f0bb-4768-844e-63e322f7e8b9.config
2026-05-03T23:04:02.1335940Z [command]/usr/bin/git config --local --unset includeif.gitdir:/github/workspace/.git/worktrees/*.path /github/runner_temp/git-credentials-60d60dde-f0bb-4768-844e-63e322f7e8b9.config
2026-05-03T23:04:02.1368056Z [command]/usr/bin/git submodule foreach --recursive git config --local --show-origin --name-only --get-regexp remote.origin.url
2026-05-03T23:04:02.1608540Z Removing credentials config '/home/runner/work/_temp/git-credentials-60d60dde-f0bb-4768-844e-63e322f7e8b9.config'
2026-05-03T23:04:02.1754527Z Cleaning up orphan processes
2026-05-03T23:04:02.2078974Z Terminate orphan process: pid (2575) (java)
2026-05-03T23:04:02.2107478Z Terminate orphan process: pid (2873) (java)
2026-05-03T23:04:02.2136299Z ##[warning]Node.js 20 actions are deprecated. The following actions are running on Node.js 20 and may not work as expected: actions/cache@v4, actions/github-script@v7, actions/setup-java@v4, actions/upload-artifact@v4, gradle/actions/setup-gradle@v4. Actions will be forced to run with Node.js 24 by default starting June 2nd, 2026. Node.js 20 will be removed from the runner on September 16th, 2026. Please check if updated versions of these actions are available that support Node.js 24. To opt into Node.js 24 now, set the FORCE_JAVASCRIPT_ACTIONS_TO_NODE24=true environment variable on the runner or in your workflow file. Once Node.js 24 becomes the default, you can temporarily opt out by setting ACTIONS_ALLOW_USE_UNSECURE_NODE_VERSION=true. For more information see: https://github.blog/changelog/2025-09-19-deprecation-of-node-20-on-github-actions-runners/
