=== CI FAILURE ===
Workflow:      Android CI
Workflow file: averycorp/prismTask/.github/workflows/android-ci.yml@refs/pull/1051/merge
Job(s):        autofix
Run ID:        25243484299
Run attempt:   1
Run URL:       https://github.com/averycorp/prismTask/actions/runs/25243484299
Commit:        c0ff2b6c1fc78c9caca73a10bfe417043b4e4383
Branch:        1051/merge
Event:         pull_request
Actor:         akarlin3
Runner OS:     Linux
Timestamp:     2026-05-02T04:28:16.698Z

Failed steps:
  - autofix: #2 Run actions/checkout@v6

=== FAILED JOB LOG ===

--- Job: autofix (id 74023731993) ---
2026-05-02T04:18:10.3621142Z Current runner version: '2.334.0'
2026-05-02T04:18:10.3654422Z ##[group]Runner Image Provisioner
2026-05-02T04:18:10.3655637Z Hosted Compute Agent
2026-05-02T04:18:10.3656613Z Version: 20260213.493
2026-05-02T04:18:10.3657625Z Commit: 5c115507f6dd24b8de37d8bbe0bb4509d0cc0fa3
2026-05-02T04:18:10.3658787Z Build Date: 2026-02-13T00:28:41Z
2026-05-02T04:18:10.3660048Z Worker ID: {fe7721db-2234-4912-9eb8-375678551e78}
2026-05-02T04:18:10.3661262Z Azure Region: eastus2
2026-05-02T04:18:10.3662144Z ##[endgroup]
2026-05-02T04:18:10.3664672Z ##[group]Operating System
2026-05-02T04:18:10.3665684Z Ubuntu
2026-05-02T04:18:10.3666399Z 24.04.4
2026-05-02T04:18:10.3667265Z LTS
2026-05-02T04:18:10.3667938Z ##[endgroup]
2026-05-02T04:18:10.3668711Z ##[group]Runner Image
2026-05-02T04:18:10.3669758Z Image: ubuntu-24.04
2026-05-02T04:18:10.3670568Z Version: 20260413.86.1
2026-05-02T04:18:10.3672688Z Included Software: https://github.com/actions/runner-images/blob/ubuntu24/20260413.86/images/ubuntu/Ubuntu2404-Readme.md
2026-05-02T04:18:10.3675498Z Image Release: https://github.com/actions/runner-images/releases/tag/ubuntu24%2F20260413.86
2026-05-02T04:18:10.3677403Z ##[endgroup]
2026-05-02T04:18:10.3679610Z ##[group]GITHUB_TOKEN Permissions
2026-05-02T04:18:10.3682368Z Actions: read
2026-05-02T04:18:10.3683595Z Checks: read
2026-05-02T04:18:10.3684389Z Contents: write
2026-05-02T04:18:10.3685229Z Metadata: read
2026-05-02T04:18:10.3685979Z PullRequests: read
2026-05-02T04:18:10.3686922Z ##[endgroup]
2026-05-02T04:18:10.3689738Z Secret source: Actions
2026-05-02T04:18:10.3690871Z Prepare workflow directory
2026-05-02T04:18:10.4147270Z Prepare all required actions
2026-05-02T04:18:10.4201172Z Getting action download info
2026-05-02T04:18:10.7565557Z Download action repository 'actions/checkout@v6' (SHA:de0fac2e4500dabe0009e67214ff5f5447ce83dd)
2026-05-02T04:18:10.8831326Z Download action repository 'dorny/paths-filter@v4' (SHA:fbd0ab8f3e69293af611ebaee6363fc25e6d187d)
2026-05-02T04:18:11.0156279Z Download action repository 'actions/cache@v4' (SHA:0057852bfaa89a56745cba8c7296529d2fc39830)
2026-05-02T04:18:11.2084052Z Complete job name: autofix
2026-05-02T04:18:11.2845751Z ##[group]Run actions/checkout@v6
2026-05-02T04:18:11.2846660Z with:
2026-05-02T04:18:11.2847630Z   token: ***
2026-05-02T04:18:11.2848092Z   ref: fix/medication-custom-interval-input
2026-05-02T04:18:11.2848663Z   fetch-depth: 0
2026-05-02T04:18:11.2849102Z   repository: averycorp/prismTask
2026-05-02T04:18:11.2849608Z   ssh-strict: true
2026-05-02T04:18:11.2850035Z   ssh-user: git
2026-05-02T04:18:11.2850473Z   persist-credentials: true
2026-05-02T04:18:11.2850954Z   clean: true
2026-05-02T04:18:11.2851430Z   sparse-checkout-cone-mode: true
2026-05-02T04:18:11.2851956Z   fetch-tags: false
2026-05-02T04:18:11.2852383Z   show-progress: true
2026-05-02T04:18:11.2852804Z   lfs: false
2026-05-02T04:18:11.2853434Z   submodules: false
2026-05-02T04:18:11.2853898Z   set-safe-directory: true
2026-05-02T04:18:11.2854648Z ##[endgroup]
2026-05-02T04:18:11.3963095Z Syncing repository: averycorp/prismTask
2026-05-02T04:18:11.3966255Z ##[group]Getting Git version info
2026-05-02T04:18:11.3967793Z Working directory is '/home/runner/work/prismTask/prismTask'
2026-05-02T04:18:11.3969837Z [command]/usr/bin/git version
2026-05-02T04:18:11.3970846Z git version 2.53.0
2026-05-02T04:18:11.4019550Z ##[endgroup]
2026-05-02T04:18:11.4035935Z Temporarily overriding HOME='/home/runner/work/_temp/d2c6a398-3f73-4fb4-bc1b-b1f72ca084ed' before making global git config changes
2026-05-02T04:18:11.4039060Z Adding repository directory to the temporary git global config as a safe directory
2026-05-02T04:18:11.4043441Z [command]/usr/bin/git config --global --add safe.directory /home/runner/work/prismTask/prismTask
2026-05-02T04:18:11.4079048Z Deleting the contents of '/home/runner/work/prismTask/prismTask'
2026-05-02T04:18:11.4082885Z ##[group]Initializing the repository
2026-05-02T04:18:11.4087521Z [command]/usr/bin/git init /home/runner/work/prismTask/prismTask
2026-05-02T04:18:11.4174249Z hint: Using 'master' as the name for the initial branch. This default branch name
2026-05-02T04:18:11.4176478Z hint: will change to "main" in Git 3.0. To configure the initial branch name
2026-05-02T04:18:11.4178365Z hint: to use in all of your new repositories, which will suppress this warning,
2026-05-02T04:18:11.4179724Z hint: call:
2026-05-02T04:18:11.4180727Z hint:
2026-05-02T04:18:11.4181860Z hint: 	git config --global init.defaultBranch <name>
2026-05-02T04:18:11.4183040Z hint:
2026-05-02T04:18:11.4184421Z hint: Names commonly chosen instead of 'master' are 'main', 'trunk' and
2026-05-02T04:18:11.4186244Z hint: 'development'. The just-created branch can be renamed via this command:
2026-05-02T04:18:11.4187819Z hint:
2026-05-02T04:18:11.4188607Z hint: 	git branch -m <name>
2026-05-02T04:18:11.4189569Z hint:
2026-05-02T04:18:11.4190796Z hint: Disable this message with "git config set advice.defaultBranchName false"
2026-05-02T04:18:11.4192712Z Initialized empty Git repository in /home/runner/work/prismTask/prismTask/.git/
2026-05-02T04:18:11.4195988Z [command]/usr/bin/git remote add origin https://github.com/averycorp/prismTask
2026-05-02T04:18:11.4224369Z ##[endgroup]
2026-05-02T04:18:11.4225791Z ##[group]Disabling automatic garbage collection
2026-05-02T04:18:11.4228740Z [command]/usr/bin/git config --local gc.auto 0
2026-05-02T04:18:11.4258412Z ##[endgroup]
2026-05-02T04:18:11.4259876Z ##[group]Setting up auth
2026-05-02T04:18:11.4260921Z Removing SSH command configuration
2026-05-02T04:18:11.4267165Z [command]/usr/bin/git config --local --name-only --get-regexp core\.sshCommand
2026-05-02T04:18:11.4300383Z [command]/usr/bin/git submodule foreach --recursive sh -c "git config --local --name-only --get-regexp 'core\.sshCommand' && git config --local --unset-all 'core.sshCommand' || :"
2026-05-02T04:18:11.4573805Z Removing HTTP extra header
2026-05-02T04:18:11.4581639Z [command]/usr/bin/git config --local --name-only --get-regexp http\.https\:\/\/github\.com\/\.extraheader
2026-05-02T04:18:11.4620447Z [command]/usr/bin/git submodule foreach --recursive sh -c "git config --local --name-only --get-regexp 'http\.https\:\/\/github\.com\/\.extraheader' && git config --local --unset-all 'http.https://github.com/.extraheader' || :"
2026-05-02T04:18:11.4847455Z Removing includeIf entries pointing to credentials config files
2026-05-02T04:18:11.4853610Z [command]/usr/bin/git config --local --name-only --get-regexp ^includeIf\.gitdir:
2026-05-02T04:18:11.4884476Z [command]/usr/bin/git submodule foreach --recursive git config --local --show-origin --name-only --get-regexp remote.origin.url
2026-05-02T04:18:11.5102486Z [command]/usr/bin/git config --file /home/runner/work/_temp/git-credentials-f1964d3b-b496-4fa2-a270-13d09e68b9da.config http.https://github.com/.extraheader AUTHORIZATION: basic ***
2026-05-02T04:18:11.5138616Z [command]/usr/bin/git config --local includeIf.gitdir:/home/runner/work/prismTask/prismTask/.git.path /home/runner/work/_temp/git-credentials-f1964d3b-b496-4fa2-a270-13d09e68b9da.config
2026-05-02T04:18:11.5167917Z [command]/usr/bin/git config --local includeIf.gitdir:/home/runner/work/prismTask/prismTask/.git/worktrees/*.path /home/runner/work/_temp/git-credentials-f1964d3b-b496-4fa2-a270-13d09e68b9da.config
2026-05-02T04:18:11.5197512Z [command]/usr/bin/git config --local includeIf.gitdir:/github/workspace/.git.path /github/runner_temp/git-credentials-f1964d3b-b496-4fa2-a270-13d09e68b9da.config
2026-05-02T04:18:11.5229325Z [command]/usr/bin/git config --local includeIf.gitdir:/github/workspace/.git/worktrees/*.path /github/runner_temp/git-credentials-f1964d3b-b496-4fa2-a270-13d09e68b9da.config
2026-05-02T04:18:11.5255391Z ##[endgroup]
2026-05-02T04:18:11.5256191Z ##[group]Fetching the repository
2026-05-02T04:18:11.5264924Z [command]/usr/bin/git -c protocol.version=2 fetch --no-tags --prune --no-recurse-submodules origin +refs/heads/*:refs/remotes/origin/* +refs/tags/*:refs/tags/*
2026-05-02T04:18:29.0818760Z From https://github.com/averycorp/prismTask
2026-05-02T04:18:29.0820333Z  * [new branch]        chore/onboarding-coverage-audit -> origin/chore/onboarding-coverage-audit
2026-05-02T04:18:29.0822254Z  * [new branch]        ci-logs            -> origin/ci-logs
2026-05-02T04:18:29.0823664Z  * [new branch]        docs/sod-sow-audit -> origin/docs/sod-sow-audit
2026-05-02T04:18:29.0824865Z  * [new branch]        fix/batch-preview-refire -> origin/fix/batch-preview-refire
2026-05-02T04:18:29.0826380Z  * [new branch]        fix/pii-gmail-integrations-gate -> origin/fix/pii-gmail-integrations-gate
2026-05-02T04:18:29.0827651Z  * [new branch]        main               -> origin/main
2026-05-02T04:18:29.0828611Z  * [new branch]        v0.1.0-legacy      -> origin/v0.1.0-legacy
2026-05-02T04:18:29.0829605Z  * [new branch]        v0.2.0-legacy      -> origin/v0.2.0-legacy
2026-05-02T04:18:29.0830646Z  * [new branch]        v0.3.0-legacy      -> origin/v0.3.0-legacy
2026-05-02T04:18:29.0831634Z  * [new branch]        v0.4.0-legacy      -> origin/v0.4.0-legacy
2026-05-02T04:18:29.0832651Z  * [new branch]        v0.5.0-legacy      -> origin/v0.5.0-legacy
2026-05-02T04:18:29.0836914Z  * [new branch]        v0.6.0-legacy      -> origin/v0.6.0-legacy
2026-05-02T04:18:29.0837771Z  * [new branch]        v0.7.0-legacy      -> origin/v0.7.0-legacy
2026-05-02T04:18:29.0839069Z  * [new branch]        worktree-fix+projector-medication-slot-times -> origin/worktree-fix+projector-medication-slot-times
2026-05-02T04:18:29.0840259Z  * [new tag]           v0.1.0             -> v0.1.0
2026-05-02T04:18:29.0840876Z  * [new tag]           v0.2.0             -> v0.2.0
2026-05-02T04:18:29.0841544Z  * [new tag]           v0.3.0             -> v0.3.0
2026-05-02T04:18:29.0842125Z  * [new tag]           v0.4.0             -> v0.4.0
2026-05-02T04:18:29.0842715Z  * [new tag]           v0.5.0             -> v0.5.0
2026-05-02T04:18:29.0843540Z  * [new tag]           v0.7.0             -> v0.7.0
2026-05-02T04:18:29.0844157Z  * [new tag]           v0.7.12            -> v0.7.12
2026-05-02T04:18:29.0844759Z  * [new tag]           v0.7.13            -> v0.7.13
2026-05-02T04:18:29.0845422Z  * [new tag]           v0.7.14            -> v0.7.14
2026-05-02T04:18:29.0846378Z  * [new tag]           v0.7.15            -> v0.7.15
2026-05-02T04:18:29.0847046Z  * [new tag]           v0.7.16            -> v0.7.16
2026-05-02T04:18:29.0849867Z  * [new tag]           v0.7.17            -> v0.7.17
2026-05-02T04:18:29.0850621Z  * [new tag]           v0.7.17-build.2    -> v0.7.17-build.2
2026-05-02T04:18:29.0851302Z  * [new tag]           v0.7.17-build.3    -> v0.7.17-build.3
2026-05-02T04:18:29.0852103Z  * [new tag]           v0.7.17-build.4    -> v0.7.17-build.4
2026-05-02T04:18:29.0852831Z  * [new tag]           v0.7.17-build.5    -> v0.7.17-build.5
2026-05-02T04:18:29.0853815Z  * [new tag]           v0.7.17-build.6    -> v0.7.17-build.6
2026-05-02T04:18:29.0854462Z  * [new tag]           v0.7.17-build.7    -> v0.7.17-build.7
2026-05-02T04:18:29.0855120Z  * [new tag]           v0.7.17-build.8    -> v0.7.17-build.8
2026-05-02T04:18:29.0855784Z  * [new tag]           v0.7.17-build.9    -> v0.7.17-build.9
2026-05-02T04:18:29.0856437Z  * [new tag]           v0.7.18            -> v0.7.18
2026-05-02T04:18:29.0857072Z  * [new tag]           v0.7.18-build.2    -> v0.7.18-build.2
2026-05-02T04:18:29.0857716Z  * [new tag]           v0.7.18-build.3    -> v0.7.18-build.3
2026-05-02T04:18:29.0858368Z  * [new tag]           v0.7.18-build.4    -> v0.7.18-build.4
2026-05-02T04:18:29.0858989Z  * [new tag]           v0.7.19            -> v0.7.19
2026-05-02T04:18:29.0859608Z  * [new tag]           v0.7.19-build.2    -> v0.7.19-build.2
2026-05-02T04:18:29.0860216Z  * [new tag]           v0.7.20            -> v0.7.20
2026-05-02T04:18:29.0860862Z  * [new tag]           v0.7.20-build.2    -> v0.7.20-build.2
2026-05-02T04:18:29.0861513Z  * [new tag]           v0.7.20-build.3    -> v0.7.20-build.3
2026-05-02T04:18:29.0862152Z  * [new tag]           v0.7.20-build.4    -> v0.7.20-build.4
2026-05-02T04:18:29.0862937Z  * [new tag]           v0.8.0             -> v0.8.0
2026-05-02T04:18:29.0863925Z  * [new tag]           v0.8.0-build.2     -> v0.8.0-build.2
2026-05-02T04:18:29.0864842Z  * [new tag]           v0.8.1             -> v0.8.1
2026-05-02T04:18:29.0865464Z  * [new tag]           v0.8.10            -> v0.8.10
2026-05-02T04:18:29.0866076Z  * [new tag]           v0.8.11            -> v0.8.11
2026-05-02T04:18:29.0866667Z  * [new tag]           v0.8.12            -> v0.8.12
2026-05-02T04:18:29.0867256Z  * [new tag]           v0.8.13            -> v0.8.13
2026-05-02T04:18:29.0867839Z  * [new tag]           v0.8.14            -> v0.8.14
2026-05-02T04:18:29.0868439Z  * [new tag]           v0.8.15            -> v0.8.15
2026-05-02T04:18:29.0869026Z  * [new tag]           v0.8.2             -> v0.8.2
2026-05-02T04:18:29.0869617Z  * [new tag]           v0.8.3             -> v0.8.3
2026-05-02T04:18:29.0870201Z  * [new tag]           v0.8.4             -> v0.8.4
2026-05-02T04:18:29.0870787Z  * [new tag]           v0.8.5             -> v0.8.5
2026-05-02T04:18:29.0871359Z  * [new tag]           v0.8.6             -> v0.8.6
2026-05-02T04:18:29.0871975Z  * [new tag]           v0.8.7             -> v0.8.7
2026-05-02T04:18:29.0872774Z  * [new tag]           v0.8.8             -> v0.8.8
2026-05-02T04:18:29.0883568Z  * [new tag]           v0.8.9             -> v0.8.9
2026-05-02T04:18:29.0884313Z  * [new tag]           v0.9.1             -> v0.9.1
2026-05-02T04:18:29.0884993Z  * [new tag]           v0.9.2             -> v0.9.2
2026-05-02T04:18:29.0885666Z  * [new tag]           v1.0.1             -> v1.0.1
2026-05-02T04:18:29.0886352Z  * [new tag]           v1.0.10            -> v1.0.10
2026-05-02T04:18:29.0887033Z  * [new tag]           v1.0.11            -> v1.0.11
2026-05-02T04:18:29.0887698Z  * [new tag]           v1.0.12            -> v1.0.12
2026-05-02T04:18:29.0888347Z  * [new tag]           v1.0.13            -> v1.0.13
2026-05-02T04:18:29.0889040Z  * [new tag]           v1.0.2             -> v1.0.2
2026-05-02T04:18:29.0889618Z  * [new tag]           v1.0.3             -> v1.0.3
2026-05-02T04:18:29.0890167Z  * [new tag]           v1.0.4             -> v1.0.4
2026-05-02T04:18:29.0890750Z  * [new tag]           v1.0.5             -> v1.0.5
2026-05-02T04:18:29.0891553Z  * [new tag]           v1.0.6             -> v1.0.6
2026-05-02T04:18:29.0892166Z  * [new tag]           v1.0.7             -> v1.0.7
2026-05-02T04:18:29.0892749Z  * [new tag]           v1.0.8             -> v1.0.8
2026-05-02T04:18:29.0893548Z  * [new tag]           v1.0.9             -> v1.0.9
2026-05-02T04:18:29.0894122Z  * [new tag]           v1.1.1             -> v1.1.1
2026-05-02T04:18:29.0894736Z  * [new tag]           v1.1.1-build.2     -> v1.1.1-build.2
2026-05-02T04:18:29.0895238Z  * [new tag]           v1.1.1-build.3     -> v1.1.1-build.3
2026-05-02T04:18:29.0895652Z  * [new tag]           v1.1.1-build.4     -> v1.1.1-build.4
2026-05-02T04:18:29.0896047Z  * [new tag]           v1.1.10            -> v1.1.10
2026-05-02T04:18:29.0896415Z  * [new tag]           v1.1.11            -> v1.1.11
2026-05-02T04:18:29.0896779Z  * [new tag]           v1.1.12            -> v1.1.12
2026-05-02T04:18:29.0897146Z  * [new tag]           v1.1.2             -> v1.1.2
2026-05-02T04:18:29.0897522Z  * [new tag]           v1.1.3             -> v1.1.3
2026-05-02T04:18:29.0897877Z  * [new tag]           v1.1.4             -> v1.1.4
2026-05-02T04:18:29.0898218Z  * [new tag]           v1.1.5             -> v1.1.5
2026-05-02T04:18:29.0898562Z  * [new tag]           v1.1.6             -> v1.1.6
2026-05-02T04:18:29.0898923Z  * [new tag]           v1.1.7             -> v1.1.7
2026-05-02T04:18:29.0899267Z  * [new tag]           v1.1.8             -> v1.1.8
2026-05-02T04:18:29.0899613Z  * [new tag]           v1.1.9             -> v1.1.9
2026-05-02T04:18:29.0899975Z  * [new tag]           v1.3.0             -> v1.3.0
2026-05-02T04:18:29.0900320Z  * [new tag]           v1.3.1             -> v1.3.1
2026-05-02T04:18:29.0900675Z  * [new tag]           v1.3.10            -> v1.3.10
2026-05-02T04:18:29.0901032Z  * [new tag]           v1.3.11            -> v1.3.11
2026-05-02T04:18:29.0901409Z  * [new tag]           v1.3.11-build.2    -> v1.3.11-build.2
2026-05-02T04:18:29.0901961Z  * [new tag]           v1.3.12            -> v1.3.12
2026-05-02T04:18:29.0902324Z  * [new tag]           v1.3.13            -> v1.3.13
2026-05-02T04:18:29.0902697Z  * [new tag]           v1.3.13-build.2    -> v1.3.13-build.2
2026-05-02T04:18:29.0903064Z  * [new tag]           v1.3.14            -> v1.3.14
2026-05-02T04:18:29.0903831Z  * [new tag]           v1.3.15            -> v1.3.15
2026-05-02T04:18:29.0904204Z  * [new tag]           v1.3.16            -> v1.3.16
2026-05-02T04:18:29.0904564Z  * [new tag]           v1.3.17            -> v1.3.17
2026-05-02T04:18:29.0904913Z  * [new tag]           v1.3.18            -> v1.3.18
2026-05-02T04:18:29.0905262Z  * [new tag]           v1.3.19            -> v1.3.19
2026-05-02T04:18:29.0905609Z  * [new tag]           v1.3.2             -> v1.3.2
2026-05-02T04:18:29.0905961Z  * [new tag]           v1.3.20            -> v1.3.20
2026-05-02T04:18:29.0906400Z  * [new tag]           v1.3.21            -> v1.3.21
2026-05-02T04:18:29.0906762Z  * [new tag]           v1.3.22            -> v1.3.22
2026-05-02T04:18:29.0907118Z  * [new tag]           v1.3.23            -> v1.3.23
2026-05-02T04:18:29.0907477Z  * [new tag]           v1.3.24            -> v1.3.24
2026-05-02T04:18:29.0907864Z  * [new tag]           v1.3.25            -> v1.3.25
2026-05-02T04:18:29.0908213Z  * [new tag]           v1.3.26            -> v1.3.26
2026-05-02T04:18:29.0908558Z  * [new tag]           v1.3.27            -> v1.3.27
2026-05-02T04:18:29.0908902Z  * [new tag]           v1.3.28            -> v1.3.28
2026-05-02T04:18:29.0909245Z  * [new tag]           v1.3.29            -> v1.3.29
2026-05-02T04:18:29.0909593Z  * [new tag]           v1.3.3             -> v1.3.3
2026-05-02T04:18:29.0909945Z  * [new tag]           v1.3.30            -> v1.3.30
2026-05-02T04:18:29.0910288Z  * [new tag]           v1.3.31            -> v1.3.31
2026-05-02T04:18:29.0910634Z  * [new tag]           v1.3.32            -> v1.3.32
2026-05-02T04:18:29.0910981Z  * [new tag]           v1.3.33            -> v1.3.33
2026-05-02T04:18:29.0911476Z  * [new tag]           v1.3.34            -> v1.3.34
2026-05-02T04:18:29.0911841Z  * [new tag]           v1.3.35            -> v1.3.35
2026-05-02T04:18:29.0912191Z  * [new tag]           v1.3.36            -> v1.3.36
2026-05-02T04:18:29.0978996Z  * [new tag]           v1.3.37            -> v1.3.37
2026-05-02T04:18:29.0979716Z  * [new tag]           v1.3.38            -> v1.3.38
2026-05-02T04:18:29.0980442Z  * [new tag]           v1.3.39            -> v1.3.39
2026-05-02T04:18:29.0981157Z  * [new tag]           v1.3.4             -> v1.3.4
2026-05-02T04:18:29.0981733Z  * [new tag]           v1.3.40            -> v1.3.40
2026-05-02T04:18:29.0982275Z  * [new tag]           v1.3.41            -> v1.3.41
2026-05-02T04:18:29.0982821Z  * [new tag]           v1.3.42            -> v1.3.42
2026-05-02T04:18:29.0983673Z  * [new tag]           v1.3.43            -> v1.3.43
2026-05-02T04:18:29.0984234Z  * [new tag]           v1.3.44            -> v1.3.44
2026-05-02T04:18:29.0984844Z  * [new tag]           v1.3.45            -> v1.3.45
2026-05-02T04:18:29.0985535Z  * [new tag]           v1.3.46            -> v1.3.46
2026-05-02T04:18:29.0986150Z  * [new tag]           v1.3.47            -> v1.3.47
2026-05-02T04:18:29.0986758Z  * [new tag]           v1.3.48            -> v1.3.48
2026-05-02T04:18:29.0987424Z  * [new tag]           v1.3.49            -> v1.3.49
2026-05-02T04:18:29.0988075Z  * [new tag]           v1.3.5             -> v1.3.5
2026-05-02T04:18:29.0988724Z  * [new tag]           v1.3.5-build.2     -> v1.3.5-build.2
2026-05-02T04:18:29.0989441Z  * [new tag]           v1.3.50            -> v1.3.50
2026-05-02T04:18:29.0990072Z  * [new tag]           v1.3.51            -> v1.3.51
2026-05-02T04:18:29.0990677Z  * [new tag]           v1.3.52            -> v1.3.52
2026-05-02T04:18:29.0991295Z  * [new tag]           v1.3.53            -> v1.3.53
2026-05-02T04:18:29.0991913Z  * [new tag]           v1.3.54            -> v1.3.54
2026-05-02T04:18:29.0992584Z  * [new tag]           v1.3.55            -> v1.3.55
2026-05-02T04:18:29.0993724Z  * [new tag]           v1.3.56            -> v1.3.56
2026-05-02T04:18:29.0994336Z  * [new tag]           v1.3.57            -> v1.3.57
2026-05-02T04:18:29.0994942Z  * [new tag]           v1.3.58            -> v1.3.58
2026-05-02T04:18:29.0995548Z  * [new tag]           v1.3.59            -> v1.3.59
2026-05-02T04:18:29.0996191Z  * [new tag]           v1.3.6             -> v1.3.6
2026-05-02T04:18:29.0996815Z  * [new tag]           v1.3.60            -> v1.3.60
2026-05-02T04:18:29.0997438Z  * [new tag]           v1.3.61            -> v1.3.61
2026-05-02T04:18:29.0998120Z  * [new tag]           v1.3.62            -> v1.3.62
2026-05-02T04:18:29.0998782Z  * [new tag]           v1.3.7             -> v1.3.7
2026-05-02T04:18:29.0999405Z  * [new tag]           v1.3.8             -> v1.3.8
2026-05-02T04:18:29.0999796Z  * [new tag]           v1.3.9             -> v1.3.9
2026-05-02T04:18:29.1000166Z  * [new tag]           v1.4.40            -> v1.4.40
2026-05-02T04:18:29.1000554Z  * [new tag]           v1.5.0             -> v1.5.0
2026-05-02T04:18:29.1000919Z  * [new tag]           v1.5.2             -> v1.5.2
2026-05-02T04:18:29.1001268Z  * [new tag]           v1.5.3             -> v1.5.3
2026-05-02T04:18:29.1001615Z  * [new tag]           v1.6.0             -> v1.6.0
2026-05-02T04:18:29.1001948Z  * [new tag]           v1.7.0             -> v1.7.0
2026-05-02T04:18:29.1002292Z  * [new tag]           v1.7.37            -> v1.7.37
2026-05-02T04:18:29.1002641Z  * [new tag]           v1.7.38            -> v1.7.38
2026-05-02T04:18:29.1002978Z  * [new tag]           v1.7.39            -> v1.7.39
2026-05-02T04:18:29.1003592Z  * [new tag]           v1.7.40            -> v1.7.40
2026-05-02T04:18:29.1003967Z  * [new tag]           v1.7.41            -> v1.7.41
2026-05-02T04:18:29.1004314Z  * [new tag]           v1.7.42            -> v1.7.42
2026-05-02T04:18:29.1004663Z  * [new tag]           v1.7.43            -> v1.7.43
2026-05-02T04:18:29.1005010Z  * [new tag]           v1.7.44            -> v1.7.44
2026-05-02T04:18:29.1005540Z  * [new tag]           v1.7.45            -> v1.7.45
2026-05-02T04:18:29.1005917Z  * [new tag]           v1.7.46            -> v1.7.46
2026-05-02T04:18:29.1006266Z  * [new tag]           v1.7.47            -> v1.7.47
2026-05-02T04:18:29.1006608Z  * [new tag]           v1.7.48            -> v1.7.48
2026-05-02T04:18:29.1006954Z  * [new tag]           v1.7.49            -> v1.7.49
2026-05-02T04:18:29.1007303Z  * [new tag]           v1.7.50            -> v1.7.50
2026-05-02T04:18:29.1007646Z  * [new tag]           v1.7.51            -> v1.7.51
2026-05-02T04:18:29.1007978Z  * [new tag]           v1.7.52            -> v1.7.52
2026-05-02T04:18:29.1008318Z  * [new tag]           v1.7.53            -> v1.7.53
2026-05-02T04:18:29.1008657Z  * [new tag]           v1.7.54            -> v1.7.54
2026-05-02T04:18:29.1008997Z  * [new tag]           v1.7.55            -> v1.7.55
2026-05-02T04:18:29.1009351Z  * [new tag]           v1.7.56            -> v1.7.56
2026-05-02T04:18:29.1009707Z  * [new tag]           v1.7.57            -> v1.7.57
2026-05-02T04:18:29.1010055Z  * [new tag]           v1.7.58            -> v1.7.58
2026-05-02T04:18:29.1010398Z  * [new tag]           v1.7.59            -> v1.7.59
2026-05-02T04:18:29.1010740Z  * [new tag]           v1.7.60            -> v1.7.60
2026-05-02T04:18:29.1011074Z  * [new tag]           v1.7.61            -> v1.7.61
2026-05-02T04:18:29.1011412Z  * [new tag]           v1.7.62            -> v1.7.62
2026-05-02T04:18:29.1011752Z  * [new tag]           v1.7.63            -> v1.7.63
2026-05-02T04:18:29.1012089Z  * [new tag]           v1.7.64            -> v1.7.64
2026-05-02T04:18:29.1012420Z  * [new tag]           v1.7.65            -> v1.7.65
2026-05-02T04:18:29.1012761Z  * [new tag]           v1.7.66            -> v1.7.66
2026-05-02T04:18:29.1013097Z  * [new tag]           v1.7.67            -> v1.7.67
2026-05-02T04:18:29.1013701Z  * [new tag]           v1.7.68            -> v1.7.68
2026-05-02T04:18:29.1014046Z  * [new tag]           v1.7.69            -> v1.7.69
2026-05-02T04:18:29.1014549Z  * [new tag]           v1.7.70            -> v1.7.70
2026-05-02T04:18:29.1014892Z  * [new tag]           v1.7.71            -> v1.7.71
2026-05-02T04:18:29.1015233Z  * [new tag]           v1.7.72            -> v1.7.72
2026-05-02T04:18:29.1015574Z  * [new tag]           v1.7.73            -> v1.7.73
2026-05-02T04:18:29.1015911Z  * [new tag]           v1.7.74            -> v1.7.74
2026-05-02T04:18:29.1016252Z  * [new tag]           v1.7.75            -> v1.7.75
2026-05-02T04:18:29.1016594Z  * [new tag]           v1.7.76            -> v1.7.76
2026-05-02T04:18:29.1016932Z  * [new tag]           v1.7.77            -> v1.7.77
2026-05-02T04:18:29.1017261Z  * [new tag]           v1.7.78            -> v1.7.78
2026-05-02T04:18:29.1017604Z  * [new tag]           v1.7.79            -> v1.7.79
2026-05-02T04:18:29.1017943Z  * [new tag]           v1.7.80            -> v1.7.80
2026-05-02T04:18:29.1018278Z  * [new tag]           v1.7.81            -> v1.7.81
2026-05-02T04:18:29.1018627Z  * [new tag]           v1.7.82            -> v1.7.82
2026-05-02T04:18:29.1018979Z  * [new tag]           v1.7.83            -> v1.7.83
2026-05-02T04:18:29.1019315Z  * [new tag]           v1.7.84            -> v1.7.84
2026-05-02T04:18:29.1019665Z  * [new tag]           v1.7.85            -> v1.7.85
2026-05-02T04:18:29.1020013Z  * [new tag]           v1.7.86            -> v1.7.86
2026-05-02T04:18:29.1020346Z  * [new tag]           v1.7.87            -> v1.7.87
2026-05-02T04:18:29.1020691Z  * [new tag]           v1.7.90            -> v1.7.90
2026-05-02T04:18:29.1021034Z  * [new tag]           v1.7.92            -> v1.7.92
2026-05-02T04:18:29.1021368Z  * [new tag]           v1.7.93            -> v1.7.93
2026-05-02T04:18:29.1021711Z  * [new tag]           v1.7.94            -> v1.7.94
2026-05-02T04:18:29.1022058Z  * [new tag]           v1.7.95            -> v1.7.95
2026-05-02T04:18:29.1022408Z  * [new tag]           v1.7.96            -> v1.7.96
2026-05-02T04:18:29.1022745Z  * [new tag]           v1.7.97            -> v1.7.97
2026-05-02T04:18:29.1023431Z  * [new tag]           v1.8.0             -> v1.8.0
2026-05-02T04:18:29.1023849Z  * [new tag]           v1.8.1             -> v1.8.1
2026-05-02T04:18:29.1024204Z  * [new tag]           v1.8.10            -> v1.8.10
2026-05-02T04:18:29.1024556Z  * [new tag]           v1.8.11            -> v1.8.11
2026-05-02T04:18:29.1024904Z  * [new tag]           v1.8.12            -> v1.8.12
2026-05-02T04:18:29.1025243Z  * [new tag]           v1.8.14            -> v1.8.14
2026-05-02T04:18:29.1025588Z  * [new tag]           v1.8.15            -> v1.8.15
2026-05-02T04:18:29.1025934Z  * [new tag]           v1.8.16            -> v1.8.16
2026-05-02T04:18:29.1026269Z  * [new tag]           v1.8.17            -> v1.8.17
2026-05-02T04:18:29.1026612Z  * [new tag]           v1.8.18            -> v1.8.18
2026-05-02T04:18:29.1026958Z  * [new tag]           v1.8.2             -> v1.8.2
2026-05-02T04:18:29.1027295Z  * [new tag]           v1.8.3             -> v1.8.3
2026-05-02T04:18:29.1027646Z  * [new tag]           v1.8.4             -> v1.8.4
2026-05-02T04:18:29.1027989Z  * [new tag]           v1.8.5             -> v1.8.5
2026-05-02T04:18:29.1028322Z  * [new tag]           v1.8.6             -> v1.8.6
2026-05-02T04:18:29.1028648Z  * [new tag]           v1.8.7             -> v1.8.7
2026-05-02T04:18:29.1028989Z  * [new tag]           v1.8.8             -> v1.8.8
2026-05-02T04:18:29.1029353Z  * [new tag]           v1.8.9             -> v1.8.9
2026-05-02T04:18:29.1088111Z ##[endgroup]
2026-05-02T04:18:29.1088955Z ##[group]Determining the checkout info
2026-05-02T04:18:29.1096540Z [command]/usr/bin/git branch --list --remote origin/fix/medication-custom-interval-input
2026-05-02T04:18:29.1148519Z [command]/usr/bin/git tag --list fix/medication-custom-interval-input
2026-05-02T04:18:29.1226464Z ##[error]A branch or tag with the name 'fix/medication-custom-interval-input' could not be found
2026-05-02T04:18:29.1524346Z Post job cleanup.
2026-05-02T04:18:29.2354112Z [command]/usr/bin/git version
2026-05-02T04:18:29.2389429Z git version 2.53.0
2026-05-02T04:18:29.2429161Z Temporarily overriding HOME='/home/runner/work/_temp/4699743c-aafd-4502-bc28-ab83138fe296' before making global git config changes
2026-05-02T04:18:29.2430752Z Adding repository directory to the temporary git global config as a safe directory
2026-05-02T04:18:29.2435532Z [command]/usr/bin/git config --global --add safe.directory /home/runner/work/prismTask/prismTask
2026-05-02T04:18:29.2465484Z Removing SSH command configuration
2026-05-02T04:18:29.2471495Z [command]/usr/bin/git config --local --name-only --get-regexp core\.sshCommand
2026-05-02T04:18:29.2504859Z [command]/usr/bin/git submodule foreach --recursive sh -c "git config --local --name-only --get-regexp 'core\.sshCommand' && git config --local --unset-all 'core.sshCommand' || :"
2026-05-02T04:18:29.2717495Z Removing HTTP extra header
2026-05-02T04:18:29.2721816Z [command]/usr/bin/git config --local --name-only --get-regexp http\.https\:\/\/github\.com\/\.extraheader
2026-05-02T04:18:29.2755026Z [command]/usr/bin/git submodule foreach --recursive sh -c "git config --local --name-only --get-regexp 'http\.https\:\/\/github\.com\/\.extraheader' && git config --local --unset-all 'http.https://github.com/.extraheader' || :"
2026-05-02T04:18:29.2977176Z Removing includeIf entries pointing to credentials config files
2026-05-02T04:18:29.2985426Z [command]/usr/bin/git config --local --name-only --get-regexp ^includeIf\.gitdir:
2026-05-02T04:18:29.3008526Z includeif.gitdir:/home/runner/work/prismTask/prismTask/.git.path
2026-05-02T04:18:29.3009841Z includeif.gitdir:/home/runner/work/prismTask/prismTask/.git/worktrees/*.path
2026-05-02T04:18:29.3010799Z includeif.gitdir:/github/workspace/.git.path
2026-05-02T04:18:29.3011563Z includeif.gitdir:/github/workspace/.git/worktrees/*.path
2026-05-02T04:18:29.3019468Z [command]/usr/bin/git config --local --get-all includeif.gitdir:/home/runner/work/prismTask/prismTask/.git.path
2026-05-02T04:18:29.3040207Z /home/runner/work/_temp/git-credentials-f1964d3b-b496-4fa2-a270-13d09e68b9da.config
2026-05-02T04:18:29.3052274Z [command]/usr/bin/git config --local --unset includeif.gitdir:/home/runner/work/prismTask/prismTask/.git.path /home/runner/work/_temp/git-credentials-f1964d3b-b496-4fa2-a270-13d09e68b9da.config
2026-05-02T04:18:29.3092083Z [command]/usr/bin/git config --local --get-all includeif.gitdir:/home/runner/work/prismTask/prismTask/.git/worktrees/*.path
2026-05-02T04:18:29.3116316Z /home/runner/work/_temp/git-credentials-f1964d3b-b496-4fa2-a270-13d09e68b9da.config
2026-05-02T04:18:29.3127891Z [command]/usr/bin/git config --local --unset includeif.gitdir:/home/runner/work/prismTask/prismTask/.git/worktrees/*.path /home/runner/work/_temp/git-credentials-f1964d3b-b496-4fa2-a270-13d09e68b9da.config
2026-05-02T04:18:29.3161773Z [command]/usr/bin/git config --local --get-all includeif.gitdir:/github/workspace/.git.path
2026-05-02T04:18:29.3187124Z /github/runner_temp/git-credentials-f1964d3b-b496-4fa2-a270-13d09e68b9da.config
2026-05-02T04:18:29.3198997Z [command]/usr/bin/git config --local --unset includeif.gitdir:/github/workspace/.git.path /github/runner_temp/git-credentials-f1964d3b-b496-4fa2-a270-13d09e68b9da.config
2026-05-02T04:18:29.3236711Z [command]/usr/bin/git config --local --get-all includeif.gitdir:/github/workspace/.git/worktrees/*.path
2026-05-02T04:18:29.3260803Z /github/runner_temp/git-credentials-f1964d3b-b496-4fa2-a270-13d09e68b9da.config
2026-05-02T04:18:29.3274032Z [command]/usr/bin/git config --local --unset includeif.gitdir:/github/workspace/.git/worktrees/*.path /github/runner_temp/git-credentials-f1964d3b-b496-4fa2-a270-13d09e68b9da.config
2026-05-02T04:18:29.3310643Z [command]/usr/bin/git submodule foreach --recursive git config --local --show-origin --name-only --get-regexp remote.origin.url
2026-05-02T04:18:29.3542108Z Removing credentials config '/home/runner/work/_temp/git-credentials-f1964d3b-b496-4fa2-a270-13d09e68b9da.config'
2026-05-02T04:18:29.3684991Z Cleaning up orphan processes
