=== CI FAILURE ===
Workflow:      Android CI
Workflow file: akarlin3/prismTask/.github/workflows/android-ci.yml@refs/heads/main
Job(s):        lint-and-test
Run ID:        24797536285
Run attempt:   1
Run URL:       https://github.com/akarlin3/prismTask/actions/runs/24797536285
Commit:        a4e219c90c3a48db395aa7097fccb06a25aa735e
Branch:        main
Event:         push
Actor:         akarlin3
Runner OS:     Linux
Timestamp:     2026-04-22T19:19:22.955Z

Failed steps:
  - lint-and-test: #4 ktlint check | #5 detekt | #8 Verify unit-test results (XML)

=== FAILED JOB LOG ===

--- Job: lint-and-test (id 72571199253) ---
2026-04-22T19:11:54.6599442Z Current runner version: '2.333.1'
2026-04-22T19:11:54.6626493Z ##[group]Runner Image Provisioner
2026-04-22T19:11:54.6627206Z Hosted Compute Agent
2026-04-22T19:11:54.6627669Z Version: 20260213.493
2026-04-22T19:11:54.6628270Z Commit: 5c115507f6dd24b8de37d8bbe0bb4509d0cc0fa3
2026-04-22T19:11:54.6628949Z Build Date: 2026-02-13T00:28:41Z
2026-04-22T19:11:54.6629518Z Worker ID: {6bc5a8c4-fec4-470c-955b-38d544125e99}
2026-04-22T19:11:54.6630200Z Azure Region: northcentralus
2026-04-22T19:11:54.6630726Z ##[endgroup]
2026-04-22T19:11:54.6632342Z ##[group]Operating System
2026-04-22T19:11:54.6632954Z Ubuntu
2026-04-22T19:11:54.6633336Z 24.04.4
2026-04-22T19:11:54.6633976Z LTS
2026-04-22T19:11:54.6634369Z ##[endgroup]
2026-04-22T19:11:54.6634816Z ##[group]Runner Image
2026-04-22T19:11:54.6635263Z Image: ubuntu-24.04
2026-04-22T19:11:54.6635747Z Version: 20260413.86.1
2026-04-22T19:11:54.6636797Z Included Software: https://github.com/actions/runner-images/blob/ubuntu24/20260413.86/images/ubuntu/Ubuntu2404-Readme.md
2026-04-22T19:11:54.6638423Z Image Release: https://github.com/actions/runner-images/releases/tag/ubuntu24%2F20260413.86
2026-04-22T19:11:54.6639161Z ##[endgroup]
2026-04-22T19:11:54.6640268Z ##[group]GITHUB_TOKEN Permissions
2026-04-22T19:11:54.6642588Z Actions: read
2026-04-22T19:11:54.6643108Z Checks: read
2026-04-22T19:11:54.6643765Z Contents: write
2026-04-22T19:11:54.6644253Z Metadata: read
2026-04-22T19:11:54.6644717Z PullRequests: read
2026-04-22T19:11:54.6645174Z ##[endgroup]
2026-04-22T19:11:54.6647304Z Secret source: Actions
2026-04-22T19:11:54.6648166Z Prepare workflow directory
2026-04-22T19:11:54.6976827Z Prepare all required actions
2026-04-22T19:11:54.7018221Z Getting action download info
2026-04-22T19:11:55.1001800Z Download action repository 'actions/checkout@v4' (SHA:34e114876b0b11c390a56381ad16ebd13914f8d5)
2026-04-22T19:11:55.2133337Z Download action repository 'actions/github-script@v7' (SHA:f28e40c7f34bde8b3046d885e986cb6290c5673b)
2026-04-22T19:11:55.5689593Z Download action repository 'actions/upload-artifact@v4' (SHA:ea165f8d65b6e75b540449e92b4886f43607fa02)
2026-04-22T19:11:55.7599819Z Complete job name: lint-and-test
2026-04-22T19:11:55.8433812Z ##[group]Run actions/checkout@v4
2026-04-22T19:11:55.8434751Z with:
2026-04-22T19:11:55.8435159Z   ref: refs/heads/main
2026-04-22T19:11:55.8435627Z   repository: akarlin3/prismTask
2026-04-22T19:11:55.8436378Z   token: ***
2026-04-22T19:11:55.8436786Z   ssh-strict: true
2026-04-22T19:11:55.8437203Z   ssh-user: git
2026-04-22T19:11:55.8437633Z   persist-credentials: true
2026-04-22T19:11:55.8438107Z   clean: true
2026-04-22T19:11:55.8438521Z   sparse-checkout-cone-mode: true
2026-04-22T19:11:55.8439035Z   fetch-depth: 1
2026-04-22T19:11:55.8439457Z   fetch-tags: false
2026-04-22T19:11:55.8439891Z   show-progress: true
2026-04-22T19:11:55.8440310Z   lfs: false
2026-04-22T19:11:55.8440692Z   submodules: false
2026-04-22T19:11:55.8441113Z   set-safe-directory: true
2026-04-22T19:11:55.8441955Z ##[endgroup]
2026-04-22T19:11:55.9502261Z Syncing repository: akarlin3/prismTask
2026-04-22T19:11:55.9504502Z ##[group]Getting Git version info
2026-04-22T19:11:55.9505343Z Working directory is '/home/runner/work/prismTask/prismTask'
2026-04-22T19:11:55.9506452Z [command]/usr/bin/git version
2026-04-22T19:11:55.9537922Z git version 2.53.0
2026-04-22T19:11:55.9560993Z ##[endgroup]
2026-04-22T19:11:55.9575175Z Temporarily overriding HOME='/home/runner/work/_temp/b74dbcff-3570-43aa-ac85-6f442f59cc4e' before making global git config changes
2026-04-22T19:11:55.9579843Z Adding repository directory to the temporary git global config as a safe directory
2026-04-22T19:11:55.9580980Z [command]/usr/bin/git config --global --add safe.directory /home/runner/work/prismTask/prismTask
2026-04-22T19:11:55.9609271Z Deleting the contents of '/home/runner/work/prismTask/prismTask'
2026-04-22T19:11:55.9612016Z ##[group]Initializing the repository
2026-04-22T19:11:55.9616201Z [command]/usr/bin/git init /home/runner/work/prismTask/prismTask
2026-04-22T19:11:55.9691436Z hint: Using 'master' as the name for the initial branch. This default branch name
2026-04-22T19:11:55.9694073Z hint: will change to "main" in Git 3.0. To configure the initial branch name
2026-04-22T19:11:55.9695908Z hint: to use in all of your new repositories, which will suppress this warning,
2026-04-22T19:11:55.9697361Z hint: call:
2026-04-22T19:11:55.9698159Z hint:
2026-04-22T19:11:55.9699141Z hint: 	git config --global init.defaultBranch <name>
2026-04-22T19:11:55.9700370Z hint:
2026-04-22T19:11:55.9701487Z hint: Names commonly chosen instead of 'master' are 'main', 'trunk' and
2026-04-22T19:11:55.9703225Z hint: 'development'. The just-created branch can be renamed via this command:
2026-04-22T19:11:55.9704798Z hint:
2026-04-22T19:11:55.9705648Z hint: 	git branch -m <name>
2026-04-22T19:11:55.9706585Z hint:
2026-04-22T19:11:55.9707841Z hint: Disable this message with "git config set advice.defaultBranchName false"
2026-04-22T19:11:55.9709790Z Initialized empty Git repository in /home/runner/work/prismTask/prismTask/.git/
2026-04-22T19:11:55.9713226Z [command]/usr/bin/git remote add origin https://github.com/akarlin3/prismTask
2026-04-22T19:11:55.9737180Z ##[endgroup]
2026-04-22T19:11:55.9738674Z ##[group]Disabling automatic garbage collection
2026-04-22T19:11:55.9741715Z [command]/usr/bin/git config --local gc.auto 0
2026-04-22T19:11:55.9768700Z ##[endgroup]
2026-04-22T19:11:55.9769455Z ##[group]Setting up auth
2026-04-22T19:11:55.9774587Z [command]/usr/bin/git config --local --name-only --get-regexp core\.sshCommand
2026-04-22T19:11:55.9800755Z [command]/usr/bin/git submodule foreach --recursive sh -c "git config --local --name-only --get-regexp 'core\.sshCommand' && git config --local --unset-all 'core.sshCommand' || :"
2026-04-22T19:11:56.0051075Z [command]/usr/bin/git config --local --name-only --get-regexp http\.https\:\/\/github\.com\/\.extraheader
2026-04-22T19:11:56.0079121Z [command]/usr/bin/git submodule foreach --recursive sh -c "git config --local --name-only --get-regexp 'http\.https\:\/\/github\.com\/\.extraheader' && git config --local --unset-all 'http.https://github.com/.extraheader' || :"
2026-04-22T19:11:56.0265371Z [command]/usr/bin/git config --local --name-only --get-regexp ^includeIf\.gitdir:
2026-04-22T19:11:56.0300458Z [command]/usr/bin/git submodule foreach --recursive git config --local --show-origin --name-only --get-regexp remote.origin.url
2026-04-22T19:11:56.0480140Z [command]/usr/bin/git config --local http.https://github.com/.extraheader AUTHORIZATION: basic ***
2026-04-22T19:11:56.0509963Z ##[endgroup]
2026-04-22T19:11:56.0511718Z ##[group]Fetching the repository
2026-04-22T19:11:56.0519623Z [command]/usr/bin/git -c protocol.version=2 fetch --no-tags --prune --no-recurse-submodules --depth=1 origin +refs/heads/main:refs/remotes/origin/main
2026-04-22T19:11:58.6063296Z From https://github.com/akarlin3/prismTask
2026-04-22T19:11:58.6065347Z  * [new branch]      main       -> origin/main
2026-04-22T19:11:58.6088885Z ##[endgroup]
2026-04-22T19:11:58.6089590Z ##[group]Determining the checkout info
2026-04-22T19:11:58.6091119Z ##[endgroup]
2026-04-22T19:11:58.6096901Z [command]/usr/bin/git sparse-checkout disable
2026-04-22T19:11:58.6129927Z [command]/usr/bin/git config --local --unset-all extensions.worktreeConfig
2026-04-22T19:11:58.6154384Z ##[group]Checking out the ref
2026-04-22T19:11:58.6159809Z [command]/usr/bin/git checkout --progress --force -B main refs/remotes/origin/main
2026-04-22T19:11:58.7741993Z Switched to a new branch 'main'
2026-04-22T19:11:58.7742792Z branch 'main' set up to track 'origin/main'.
2026-04-22T19:11:58.7756563Z ##[endgroup]
2026-04-22T19:11:58.7790392Z [command]/usr/bin/git log -1 --format=%H
2026-04-22T19:11:58.7811867Z a4e219c90c3a48db395aa7097fccb06a25aa735e
2026-04-22T19:11:58.8037981Z Prepare all required actions
2026-04-22T19:11:58.8038505Z Getting action download info
2026-04-22T19:11:58.9929636Z Download action repository 'actions/setup-java@v4' (SHA:c1e323688fd81a25caa38c78aa6df2d33d3e20d9)
2026-04-22T19:11:59.5192499Z Download action repository 'gradle/actions@v4' (SHA:ed408507eac070d1f99cc633dbcf757c94c7933a)
2026-04-22T19:12:00.5944952Z ##[group]Run ./.github/actions/setup-android
2026-04-22T19:12:00.5945226Z ##[endgroup]
2026-04-22T19:12:00.6095281Z ##[group]Run actions/setup-java@v4
2026-04-22T19:12:00.6095540Z with:
2026-04-22T19:12:00.6095720Z   java-version: 21
2026-04-22T19:12:00.6095911Z   distribution: temurin
2026-04-22T19:12:00.6096115Z   java-package: jdk
2026-04-22T19:12:00.6096308Z   check-latest: false
2026-04-22T19:12:00.6096499Z   server-id: github
2026-04-22T19:12:00.6096682Z   server-username: GITHUB_ACTOR
2026-04-22T19:12:00.6096908Z   server-password: GITHUB_TOKEN
2026-04-22T19:12:00.6097143Z   overwrite-settings: true
2026-04-22T19:12:00.6097420Z   job-status: success
2026-04-22T19:12:00.6097746Z   token: ***
2026-04-22T19:12:00.6097920Z ##[endgroup]
2026-04-22T19:12:00.8027167Z ##[group]Installed distributions
2026-04-22T19:12:00.8083229Z Resolved Java 21.0.10+7 from tool-cache
2026-04-22T19:12:00.8084019Z Setting Java 21.0.10+7 as the default
2026-04-22T19:12:00.8095917Z Creating toolchains.xml for JDK version 21 from temurin
2026-04-22T19:12:00.8165964Z Writing to /home/runner/.m2/toolchains.xml
2026-04-22T19:12:00.8166429Z 
2026-04-22T19:12:00.8168273Z Java configuration:
2026-04-22T19:12:00.8168911Z   Distribution: temurin
2026-04-22T19:12:00.8169844Z   Version: 21.0.10+7
2026-04-22T19:12:00.8170393Z   Path: /opt/hostedtoolcache/Java_Temurin-Hotspot_jdk/21.0.10-7/x64
2026-04-22T19:12:00.8170841Z 
2026-04-22T19:12:00.8171346Z ##[endgroup]
2026-04-22T19:12:00.8188395Z Creating settings.xml with server-id: github
2026-04-22T19:12:00.8201465Z Writing to /home/runner/.m2/settings.xml
2026-04-22T19:12:00.8363265Z ##[group]Run gradle/actions/setup-gradle@v4
2026-04-22T19:12:00.8363680Z with:
2026-04-22T19:12:00.8363862Z   cache-disabled: false
2026-04-22T19:12:00.8364060Z   cache-read-only: false
2026-04-22T19:12:00.8364272Z   cache-write-only: false
2026-04-22T19:12:00.8364485Z   cache-overwrite-existing: false
2026-04-22T19:12:00.8364724Z   cache-cleanup: on-success
2026-04-22T19:12:00.8364994Z   gradle-home-cache-includes: caches
notifications

2026-04-22T19:12:00.8365270Z   add-job-summary: always
2026-04-22T19:12:00.8365495Z   add-job-summary-as-pr-comment: never
2026-04-22T19:12:00.8365740Z   dependency-graph: disabled
2026-04-22T19:12:00.8366021Z   dependency-graph-report-dir: dependency-graph-reports
2026-04-22T19:12:00.8366340Z   dependency-graph-continue-on-failure: true
2026-04-22T19:12:00.8366604Z   build-scan-publish: false
2026-04-22T19:12:00.8366810Z   validate-wrappers: true
2026-04-22T19:12:00.8367022Z   allow-snapshot-wrappers: false
2026-04-22T19:12:00.8367465Z   gradle-home-cache-strict-match: false
2026-04-22T19:12:00.8367820Z   workflow-job-context: null
2026-04-22T19:12:00.8368221Z   github-token: ***
2026-04-22T19:12:00.8368403Z env:
2026-04-22T19:12:00.8368667Z   JAVA_HOME: /opt/hostedtoolcache/Java_Temurin-Hotspot_jdk/21.0.10-7/x64
2026-04-22T19:12:00.8369098Z   JAVA_HOME_21_X64: /opt/hostedtoolcache/Java_Temurin-Hotspot_jdk/21.0.10-7/x64
2026-04-22T19:12:00.8369436Z ##[endgroup]
2026-04-22T19:12:01.9458155Z Merged default JDK locations into /home/runner/.m2/toolchains.xml
2026-04-22T19:12:01.9458891Z Preparing cache for cleanup.
2026-04-22T19:12:01.9462912Z ##[group]Restore Gradle state from cache
2026-04-22T19:12:02.1052046Z Cache hit for restore-key: gradle-home-v1|Linux-X64|lint-and-test[5df42585ae8f8da228c604b8b4e8707c]-e756d49c97647339d304f6c11ae61eef95964a8d
2026-04-22T19:12:02.7179161Z Received 43201828 of 43201828 (100.0%), 81.7 MBs/sec
2026-04-22T19:12:02.7181181Z Cache Size: ~41 MB (43201828 B)
2026-04-22T19:12:02.7212742Z [command]/usr/bin/tar -xf /home/runner/work/_temp/00bc7d57-2c5e-43e4-87a5-0f463a3a7093/cache.tzst -P -C /home/runner/work/prismTask/prismTask --use-compress-program unzstd
2026-04-22T19:12:02.8739304Z Cache restored successfully
2026-04-22T19:12:02.8759484Z Restored cache entry with key gradle-home-v1|Linux-X64|lint-and-test[5df42585ae8f8da228c604b8b4e8707c]-a4e219c90c3a48db395aa7097fccb06a25aa735e to /home/runner/.gradle/caches,/home/runner/.gradle/notifications,/home/runner/.gradle/.setup-gradle in 928ms
2026-04-22T19:12:02.9924012Z Cache hit for: gradle-instrumented-jars-v1-f0ce8757b8c8078a803e613533c504fb
2026-04-22T19:12:02.9977941Z Cache hit for: gradle-wrapper-zips-v1-8c0de4c6bda6041d6e054bf825a89c98
2026-04-22T19:12:03.0020769Z Cache hit for: gradle-dependencies-v1-d57337428bdbada266fea49a4c30737b
2026-04-22T19:12:03.0044787Z Cache hit for: gradle-transforms-v1-fd64e7597555ff35ef12d0374f4daac7
2026-04-22T19:12:03.0070715Z Cache hit for: gradle-groovy-dsl-v1-1dc5bc3cc3e47cd1da737808c3950b85
2026-04-22T19:12:03.0105456Z Cache hit for: gradle-kotlin-dsl-v1-4980c89d0df6a8444a509b546395eaeb
2026-04-22T19:12:03.0607736Z Cache hit for: gradle-generated-gradle-jars-v1-cb4b032a7d08b9bf1e84e9eacaebcc29
2026-04-22T19:12:03.3112681Z Received 64025 of 64025 (100.0%), 0.3 MBs/sec
2026-04-22T19:12:03.3113642Z Cache Size: ~0 MB (64025 B)
2026-04-22T19:12:03.3491295Z [command]/usr/bin/tar -xf /home/runner/work/_temp/c42ff40c-0f21-4bbd-8194-8dce1784d082/cache.tzst -P -C /home/runner/work/prismTask/prismTask --use-compress-program unzstd
2026-04-22T19:12:03.3580984Z Cache restored successfully
2026-04-22T19:12:03.3583929Z Restored cache entry with key gradle-instrumented-jars-v1-f0ce8757b8c8078a803e613533c504fb to /home/runner/.gradle/caches/jars-*/*/ in 481ms
2026-04-22T19:12:03.4910807Z Received 123082 of 123082 (100.0%), 0.5 MBs/sec
2026-04-22T19:12:03.4911457Z Cache Size: ~0 MB (123082 B)
2026-04-22T19:12:03.4985717Z [command]/usr/bin/tar -xf /home/runner/work/_temp/95ced4e8-60b6-4fcf-adcc-9893b05c7e87/cache.tzst -P -C /home/runner/work/prismTask/prismTask --use-compress-program unzstd
2026-04-22T19:12:03.5240256Z Received 395648 of 395648 (100.0%), 1.3 MBs/sec
2026-04-22T19:12:03.5241211Z Cache Size: ~0 MB (395648 B)
2026-04-22T19:12:03.5258150Z Cache restored successfully
2026-04-22T19:12:03.5275099Z Restored cache entry with key gradle-groovy-dsl-v1-1dc5bc3cc3e47cd1da737808c3950b85 to /home/runner/.gradle/caches/*/groovy-dsl/*/ in 650ms
2026-04-22T19:12:03.5307032Z [command]/usr/bin/tar -xf /home/runner/work/_temp/e450506e-bfba-444f-af3b-32a6fdfc890e/cache.tzst -P -C /home/runner/work/prismTask/prismTask --use-compress-program unzstd
2026-04-22T19:12:03.6463161Z Cache restored successfully
2026-04-22T19:12:03.6472743Z Restored cache entry with key gradle-kotlin-dsl-v1-4980c89d0df6a8444a509b546395eaeb to /home/runner/.gradle/caches/*/kotlin-dsl/accessors/*/,/home/runner/.gradle/caches/*/kotlin-dsl/scripts/*/ in 770ms
2026-04-22T19:12:04.0674643Z Received 41993404 of 41993404 (100.0%), 50.3 MBs/sec
2026-04-22T19:12:04.0675535Z Cache Size: ~40 MB (41993404 B)
2026-04-22T19:12:04.1059143Z Received 100663296 of 444810577 (22.6%), 96.0 MBs/sec
2026-04-22T19:12:04.1772594Z Received 67108864 of 835383148 (8.0%), 64.0 MBs/sec
2026-04-22T19:12:04.1955117Z [command]/usr/bin/tar -xf /home/runner/work/_temp/739abc58-8cda-4dff-9a42-cb659ddce6fb/cache.tzst -P -C /home/runner/work/prismTask/prismTask --use-compress-program unzstd
2026-04-22T19:12:04.2725049Z Received 71303168 of 136352669 (52.3%), 66.4 MBs/sec
2026-04-22T19:12:04.5308305Z Cache restored successfully
2026-04-22T19:12:04.5388998Z Restored cache entry with key gradle-generated-gradle-jars-v1-cb4b032a7d08b9bf1e84e9eacaebcc29 to /home/runner/.gradle/caches/9.3.1/generated-gradle-jars/gradle-api-9.3.1.jar in 1662ms
2026-04-22T19:12:04.9278852Z Received 136352669 of 136352669 (100.0%), 77.4 MBs/sec
2026-04-22T19:12:04.9279656Z Cache Size: ~130 MB (136352669 B)
2026-04-22T19:12:04.9524245Z [command]/usr/bin/tar -xf /home/runner/work/_temp/cc4da20e-c13a-460f-a443-3ddba628e317/cache.tzst -P -C /home/runner/work/prismTask/prismTask --use-compress-program unzstd
2026-04-22T19:12:05.1105501Z Received 264241152 of 444810577 (59.4%), 125.7 MBs/sec
2026-04-22T19:12:05.1295981Z Cache restored successfully
2026-04-22T19:12:05.1381875Z Restored cache entry with key gradle-wrapper-zips-v1-8c0de4c6bda6041d6e054bf825a89c98 to /home/runner/.gradle/wrapper/dists/gradle-9.3.1-bin/23ovyewtku6u96viwx3xl3oks in 2261ms
2026-04-22T19:12:05.2112820Z Received 188743680 of 835383148 (22.6%), 88.6 MBs/sec
2026-04-22T19:12:06.1344613Z Received 402653184 of 444810577 (90.5%), 126.9 MBs/sec
2026-04-22T19:12:06.2085387Z Received 348127232 of 835383148 (41.7%), 109.5 MBs/sec
2026-04-22T19:12:06.4354265Z Received 444810577 of 444810577 (100.0%), 127.4 MBs/sec
2026-04-22T19:12:06.4357812Z Cache Size: ~424 MB (444810577 B)
2026-04-22T19:12:06.4955649Z [command]/usr/bin/tar -xf /home/runner/work/_temp/e7e60d3e-78ed-4f24-a45c-b94e180e5bd8/cache.tzst -P -C /home/runner/work/prismTask/prismTask --use-compress-program unzstd
2026-04-22T19:12:07.2091994Z Received 532676608 of 835383148 (63.8%), 126.0 MBs/sec
2026-04-22T19:12:08.2096564Z Received 671088640 of 835383148 (80.3%), 127.2 MBs/sec
2026-04-22T19:12:09.0574812Z Received 835383148 of 835383148 (100.0%), 135.5 MBs/sec
2026-04-22T19:12:09.0605220Z Cache Size: ~797 MB (835383148 B)
2026-04-22T19:12:09.0679806Z [command]/usr/bin/tar -xf /home/runner/work/_temp/582469c0-5d58-4653-845c-76c3225c452a/cache.tzst -P -C /home/runner/work/prismTask/prismTask --use-compress-program unzstd
2026-04-22T19:12:12.2255839Z Cache restored successfully
2026-04-22T19:12:12.2488452Z Restored cache entry with key gradle-transforms-v1-fd64e7597555ff35ef12d0374f4daac7 to /home/runner/.gradle/caches/transforms-4/*/,/home/runner/.gradle/caches/*/transforms/*/ in 9370ms
2026-04-22T19:12:12.5984854Z Cache restored successfully
2026-04-22T19:12:12.6390380Z Restored cache entry with key gradle-dependencies-v1-d57337428bdbada266fea49a4c30737b to /home/runner/.gradle/caches/modules-*/files-*/*/*/*/* in 9761ms
2026-04-22T19:12:12.6576969Z ##[endgroup]
2026-04-22T19:12:12.6867254Z ##[group]All Gradle Wrapper jars are valid
2026-04-22T19:12:12.6868080Z ✓ Found known Gradle Wrapper JAR files:
2026-04-22T19:12:12.6868794Z   b3a875ddc1f044746e1b1a55f645584505f4a10438c1afea9f15e92a7c42ec13 gradle/wrapper/gradle-wrapper.jar
2026-04-22T19:12:12.6869461Z ##[endgroup]
2026-04-22T19:12:12.7248518Z ##[group]Run chmod +x gradlew
2026-04-22T19:12:12.7248936Z [36;1mchmod +x gradlew[0m
2026-04-22T19:12:12.7269874Z shell: /usr/bin/bash --noprofile --norc -e -o pipefail {0}
2026-04-22T19:12:12.7270257Z env:
2026-04-22T19:12:12.7270593Z   JAVA_HOME: /opt/hostedtoolcache/Java_Temurin-Hotspot_jdk/21.0.10-7/x64
2026-04-22T19:12:12.7271088Z   JAVA_HOME_21_X64: /opt/hostedtoolcache/Java_Temurin-Hotspot_jdk/21.0.10-7/x64
2026-04-22T19:12:12.7271522Z   GRADLE_ACTION_ID: gradle/actions/setup-gradle
2026-04-22T19:12:12.7271838Z   GRADLE_USER_HOME: /home/runner/.gradle
2026-04-22T19:12:12.7272768Z   GRADLE_BUILD_ACTION_SETUP_COMPLETED: true
2026-04-22T19:12:12.7273112Z   GRADLE_BUILD_ACTION_CACHE_RESTORED: true
2026-04-22T19:12:12.7273845Z   DEVELOCITY_INJECTION_INIT_SCRIPT_NAME: gradle-actions.inject-develocity.init.gradle
2026-04-22T19:12:12.7274354Z   DEVELOCITY_INJECTION_CUSTOM_VALUE: gradle-actions
2026-04-22T19:12:12.7274697Z   GITHUB_DEPENDENCY_GRAPH_ENABLED: false
2026-04-22T19:12:12.7274977Z ##[endgroup]
2026-04-22T19:12:12.7686882Z ##[group]Run ./gradlew ktlintCheck --continue
2026-04-22T19:12:12.7687283Z [36;1m./gradlew ktlintCheck --continue[0m
2026-04-22T19:12:12.7702906Z shell: /usr/bin/bash -e {0}
2026-04-22T19:12:12.7703201Z env:
2026-04-22T19:12:12.7703707Z   JAVA_HOME: /opt/hostedtoolcache/Java_Temurin-Hotspot_jdk/21.0.10-7/x64
2026-04-22T19:12:12.7704220Z   JAVA_HOME_21_X64: /opt/hostedtoolcache/Java_Temurin-Hotspot_jdk/21.0.10-7/x64
2026-04-22T19:12:12.7704649Z   GRADLE_ACTION_ID: gradle/actions/setup-gradle
2026-04-22T19:12:12.7704978Z   GRADLE_USER_HOME: /home/runner/.gradle
2026-04-22T19:12:12.7705288Z   GRADLE_BUILD_ACTION_SETUP_COMPLETED: true
2026-04-22T19:12:12.7705595Z   GRADLE_BUILD_ACTION_CACHE_RESTORED: true
2026-04-22T19:12:12.7706565Z   DEVELOCITY_INJECTION_INIT_SCRIPT_NAME: gradle-actions.inject-develocity.init.gradle
2026-04-22T19:12:12.7707049Z   DEVELOCITY_INJECTION_CUSTOM_VALUE: gradle-actions
2026-04-22T19:12:12.7707378Z   GITHUB_DEPENDENCY_GRAPH_ENABLED: false
2026-04-22T19:12:12.7707729Z ##[endgroup]
2026-04-22T19:12:17.0803017Z Starting a Gradle Daemon (subsequent builds will be faster)
2026-04-22T19:12:22.2676131Z Configuration on demand is an incubating feature.
2026-04-22T19:12:28.9676942Z 
2026-04-22T19:12:28.9692413Z > Configure project :app
2026-04-22T19:12:28.9720277Z WARNING: The option setting 'android.builtInKotlin=false' is deprecated.
2026-04-22T19:12:28.9721489Z The current default is 'true'.
2026-04-22T19:12:28.9722301Z It will be removed in version 10.0 of the Android Gradle plugin.
2026-04-22T19:12:28.9723320Z WARNING: The option setting 'android.newDsl=false' is deprecated.
2026-04-22T19:12:28.9724453Z The current default is 'true'.
2026-04-22T19:12:28.9725256Z It will be removed in version 10.0 of the Android Gradle plugin.
2026-04-22T19:12:28.9726566Z WARNING: The option setting 'android.dependency.excludeLibraryComponentsFromConstraints=true' is deprecated.
2026-04-22T19:12:28.9727770Z The current default is 'false'.
2026-04-22T19:12:28.9728589Z It will be removed in version 10.0 of the Android Gradle plugin.
2026-04-22T19:12:28.9729546Z Following can be set instead to achieve a similar behaviour.
2026-04-22T19:12:28.9730377Z     android.dependency.useConstraints=false
2026-04-22T19:12:36.4675051Z w: file:///home/runner/work/prismTask/prismTask/app/build.gradle.kts:17:1: 'fun Project.android(configure: Action<BaseAppModuleExtension>): Unit' is deprecated. Replaced by com.android.build.api.dsl.ApplicationExtension.
2026-04-22T19:12:36.4677787Z This class is not used for the public extensions in AGP when android.newDsl=true, which is the default in AGP 9.0, and will be removed in AGP 10.0.
2026-04-22T19:12:36.4680151Z w: file:///home/runner/work/prismTask/prismTask/app/build.gradle.kts:237:1: 'val Project.android: BaseAppModuleExtension' is deprecated. Replaced by com.android.build.api.dsl.ApplicationExtension.
2026-04-22T19:12:36.4682351Z This class is not used for the public extensions in AGP when android.newDsl=true, which is the default in AGP 9.0, and will be removed in AGP 10.0.
2026-04-22T19:12:37.7696565Z w: ⚠️ Deprecated 'org.jetbrains.kotlin.android' plugin usage
2026-04-22T19:12:37.7698518Z The 'org.jetbrains.kotlin.android' plugin in project ':app' is no longer required for Kotlin support since AGP 9.0.
2026-04-22T19:12:37.7709072Z Solution: Remove both `android.builtInKotlin=true` and `android.newDsl=false` from `gradle.properties`, then migrate to built-in Kotlin.
2026-04-22T19:12:37.7710596Z See https://kotl.in/gradle/agp-built-in-kotlin for more details.
2026-04-22T19:12:37.7711236Z 
2026-04-22T19:12:38.1673532Z 
2026-04-22T19:12:38.1674605Z > Task :app:loadKtlintReporters FROM-CACHE
2026-04-22T19:12:38.2695023Z > Task :app:runKtlintCheckOverAndroidTestDebugSourceSet NO-SOURCE
2026-04-22T19:12:38.2714505Z > Task :app:ktlintAndroidTestDebugSourceSetCheck SKIPPED
2026-04-22T19:12:38.2724848Z > Task :app:runKtlintCheckOverAndroidTestReleaseSourceSet NO-SOURCE
2026-04-22T19:12:38.2725990Z > Task :app:ktlintAndroidTestReleaseSourceSetCheck SKIPPED
2026-04-22T19:12:38.2727302Z > Task :app:runKtlintCheckOverAndroidTestSourceSet FROM-CACHE
2026-04-22T19:12:38.2732008Z > Task :app:ktlintAndroidTestSourceSetCheck FROM-CACHE
2026-04-22T19:12:38.2732918Z > Task :app:runKtlintCheckOverDebugSourceSet FROM-CACHE
2026-04-22T19:12:38.2733923Z > Task :app:ktlintDebugSourceSetCheck FROM-CACHE
2026-04-22T19:12:38.5678631Z > Task :app:runKtlintCheckOverReleaseSourceSet FROM-CACHE
2026-04-22T19:12:38.5725182Z > Task :app:ktlintReleaseSourceSetCheck FROM-CACHE
2026-04-22T19:12:38.5779768Z > Task :app:runKtlintCheckOverTestDebugSourceSet NO-SOURCE
2026-04-22T19:12:38.5806732Z > Task :app:ktlintTestDebugSourceSetCheck SKIPPED
2026-04-22T19:12:38.5838524Z > Task :app:runKtlintCheckOverTestFixturesDebugSourceSet NO-SOURCE
2026-04-22T19:12:38.5856062Z > Task :app:ktlintTestFixturesDebugSourceSetCheck SKIPPED
2026-04-22T19:12:38.5856966Z > Task :app:runKtlintCheckOverTestFixturesReleaseSourceSet NO-SOURCE
2026-04-22T19:12:38.5857850Z > Task :app:ktlintTestFixturesReleaseSourceSetCheck SKIPPED
2026-04-22T19:12:38.5858942Z > Task :app:runKtlintCheckOverTestFixturesSourceSet NO-SOURCE
2026-04-22T19:12:38.5859703Z > Task :app:ktlintTestFixturesSourceSetCheck SKIPPED
2026-04-22T19:12:38.5860470Z > Task :app:runKtlintCheckOverTestReleaseSourceSet NO-SOURCE
2026-04-22T19:12:38.5861234Z > Task :app:ktlintTestReleaseSourceSetCheck SKIPPED
2026-04-22T19:12:41.9684632Z > Task :app:runKtlintCheckOverKotlinScripts
2026-04-22T19:12:41.9714446Z > Task :app:ktlintKotlinScriptCheck FROM-CACHE
2026-04-22T19:12:51.1672417Z > Task :app:runKtlintCheckOverTestSourceSet
2026-04-22T19:12:51.1675609Z > Task :app:ktlintTestSourceSetCheck FROM-CACHE
2026-04-22T19:13:06.1694424Z > Task :app:runKtlintCheckOverMainSourceSet
2026-04-22T19:13:06.2678471Z 
2026-04-22T19:13:06.2693299Z > Task :app:ktlintMainSourceSetCheck FAILED
2026-04-22T19:13:06.2695631Z /home/runner/work/prismTask/prismTask/app/src/main/java/com/averycorp/prismtask/data/export/DataExporter.kt:3:1 Imports must be ordered in lexicographic order without any empty lines in-between with "java", "javax", "kotlin" and aliases in the end
2026-04-22T19:13:06.3671901Z gradle/actions: Writing build results to /home/runner/work/_temp/.gradle-actions/build-results/__run-1776885144149.json
2026-04-22T19:13:06.3684001Z 
2026-04-22T19:13:06.3684022Z 
2026-04-22T19:13:06.3684649Z FAILURE: Build failed with an exception.
2026-04-22T19:13:06.3685904Z [Incubating] Problems report is available at: file:///home/runner/work/prismTask/prismTask/build/reports/problems/problems-report.html
2026-04-22T19:13:06.3687075Z 
2026-04-22T19:13:06.3687084Z 
2026-04-22T19:13:06.3687456Z * What went wrong:
2026-04-22T19:13:06.3688208Z Deprecated Gradle features were used in this build, making it incompatible with Gradle 10.
2026-04-22T19:13:06.3689343Z Execution failed for task ':app:ktlintMainSourceSetCheck'.
2026-04-22T19:13:06.3689857Z 
2026-04-22T19:13:06.3690628Z > A failure occurred while executing org.jlleitschuh.gradle.ktlint.worker.ConsoleReportWorkAction
2026-04-22T19:13:06.3692188Z You can use '--warning-mode all' to show the individual deprecation warnings and determine if they come from your own scripts or plugins.
2026-04-22T19:13:06.3693886Z    > KtLint found code style violations. Please see the following reports:
2026-04-22T19:13:06.3694470Z 
2026-04-22T19:13:06.3697381Z      - /home/runner/work/prismTask/prismTask/app/build/reports/ktlint/ktlintMainSourceSetCheck/ktlintMainSourceSetCheck.txt
2026-04-22T19:13:06.3698270Z 
2026-04-22T19:13:06.3698410Z * Try:
2026-04-22T19:13:06.3698834Z > Run with --stacktrace option to get the stack trace.
2026-04-22T19:13:06.3699501Z > Run with --info or --debug option to get more log output.
2026-04-22T19:13:06.3700271Z > Run with --scan to get full insights from a Build Scan (powered by Develocity).
2026-04-22T19:13:06.3701047Z > Get more help at https://help.gradle.org.
2026-04-22T19:13:06.3701427Z 
2026-04-22T19:13:06.3701583Z BUILD FAILED in 53s
2026-04-22T19:13:06.3703128Z For more on this, please refer to https://docs.gradle.org/9.3.1/userguide/command_line_interface.html#sec:command_line_warnings in the Gradle documentation.
2026-04-22T19:13:06.3704494Z 13 actionable tasks: 4 executed, 9 from cache
2026-04-22T19:13:06.8602013Z ##[error]Process completed with exit code 1.
2026-04-22T19:13:06.8646881Z ##[group]Run ./gradlew detekt --continue
2026-04-22T19:13:06.8647245Z [36;1m./gradlew detekt --continue[0m
2026-04-22T19:13:06.8660020Z shell: /usr/bin/bash -e {0}
2026-04-22T19:13:06.8660307Z env:
2026-04-22T19:13:06.8660638Z   JAVA_HOME: /opt/hostedtoolcache/Java_Temurin-Hotspot_jdk/21.0.10-7/x64
2026-04-22T19:13:06.8661136Z   JAVA_HOME_21_X64: /opt/hostedtoolcache/Java_Temurin-Hotspot_jdk/21.0.10-7/x64
2026-04-22T19:13:06.8661564Z   GRADLE_ACTION_ID: gradle/actions/setup-gradle
2026-04-22T19:13:06.8661878Z   GRADLE_USER_HOME: /home/runner/.gradle
2026-04-22T19:13:06.8662187Z   GRADLE_BUILD_ACTION_SETUP_COMPLETED: true
2026-04-22T19:13:06.8662504Z   GRADLE_BUILD_ACTION_CACHE_RESTORED: true
2026-04-22T19:13:06.8662956Z   DEVELOCITY_INJECTION_INIT_SCRIPT_NAME: gradle-actions.inject-develocity.init.gradle
2026-04-22T19:13:06.8663795Z   DEVELOCITY_INJECTION_CUSTOM_VALUE: gradle-actions
2026-04-22T19:13:06.8664187Z   GITHUB_DEPENDENCY_GRAPH_ENABLED: false
2026-04-22T19:13:06.8664539Z ##[endgroup]
2026-04-22T19:13:07.6098065Z Configuration on demand is an incubating feature.
2026-04-22T19:13:08.0069387Z 
2026-04-22T19:13:08.0104641Z > Configure project :app
2026-04-22T19:13:08.0124736Z WARNING: The option setting 'android.builtInKotlin=false' is deprecated.
2026-04-22T19:13:08.0144120Z The current default is 'true'.
2026-04-22T19:13:08.0154590Z It will be removed in version 10.0 of the Android Gradle plugin.
2026-04-22T19:13:08.0155661Z WARNING: The option setting 'android.newDsl=false' is deprecated.
2026-04-22T19:13:08.0156552Z The current default is 'true'.
2026-04-22T19:13:08.0157365Z It will be removed in version 10.0 of the Android Gradle plugin.
2026-04-22T19:13:08.0158716Z WARNING: The option setting 'android.dependency.excludeLibraryComponentsFromConstraints=true' is deprecated.
2026-04-22T19:13:08.0159937Z The current default is 'false'.
2026-04-22T19:13:08.0160717Z It will be removed in version 10.0 of the Android Gradle plugin.
2026-04-22T19:13:08.0161678Z Following can be set instead to achieve a similar behaviour.
2026-04-22T19:13:08.0162534Z     android.dependency.useConstraints=false
2026-04-22T19:13:08.0163866Z w: ⚠️ Deprecated 'org.jetbrains.kotlin.android' plugin usage
2026-04-22T19:13:08.0165145Z The 'org.jetbrains.kotlin.android' plugin in project ':app' is no longer required for Kotlin support since AGP 9.0.
2026-04-22T19:13:08.0166814Z Solution: Remove both `android.builtInKotlin=true` and `android.newDsl=false` from `gradle.properties`, then migrate to built-in Kotlin.
2026-04-22T19:13:08.0168181Z See https://kotl.in/gradle/agp-built-in-kotlin for more details.
2026-04-22T19:13:08.0168838Z 
2026-04-22T19:13:09.1063182Z 
2026-04-22T19:13:09.1072530Z > Task :detekt-rules:checkKotlinGradlePluginConfigurationErrors SKIPPED
2026-04-22T19:13:09.2074141Z > Task :detekt-rules:compileKotlin FROM-CACHE
2026-04-22T19:13:09.2114330Z > Task :detekt-rules:compileJava NO-SOURCE
2026-04-22T19:13:09.2118330Z > Task :detekt-rules:processResources
2026-04-22T19:13:09.2119132Z > Task :detekt-rules:classes
2026-04-22T19:13:09.3064779Z > Task :detekt-rules:jar
2026-04-22T19:13:39.3086971Z > Task :app:detekt
2026-04-22T19:13:46.6118501Z 
2026-04-22T19:13:46.6120471Z /home/runner/work/prismTask/prismTask/app/src/main/java/com/averycorp/prismtask/data/export/DataExporter.kt:3:1: Imports must be ordered in lexicographic order without any empty lines in-between with "java", "javax", "kotlin" and aliases in the end [ImportOrdering]
2026-04-22T19:13:46.6139506Z 
2026-04-22T19:13:46.6139761Z 
2026-04-22T19:13:46.6140249Z > Task :app:detekt FAILED
2026-04-22T19:13:46.6141218Z gradle/actions: Writing build results to /home/runner/work/_temp/.gradle-actions/build-results/__run_2-1776885187523.json
2026-04-22T19:13:46.6142143Z 
2026-04-22T19:13:46.6142924Z [Incubating] Problems report is available at: file:///home/runner/work/prismTask/prismTask/build/reports/problems/problems-report.html
2026-04-22T19:13:46.6144143Z FAILURE: Build failed with an exception.
2026-04-22T19:13:46.6144599Z 
2026-04-22T19:13:46.6145541Z Deprecated Gradle features were used in this build, making it incompatible with Gradle 10.
2026-04-22T19:13:46.6146313Z 
2026-04-22T19:13:46.6147177Z You can use '--warning-mode all' to show the individual deprecation warnings and determine if they come from your own scripts or plugins.
2026-04-22T19:13:46.6148220Z 
2026-04-22T19:13:46.6149202Z For more on this, please refer to https://docs.gradle.org/9.3.1/userguide/command_line_interface.html#sec:command_line_warnings in the Gradle documentation.
2026-04-22T19:13:46.6150553Z 4 actionable tasks: 3 executed, 1 from cache
2026-04-22T19:13:46.6160854Z 
2026-04-22T19:13:46.6189392Z * What went wrong:
2026-04-22T19:13:46.6219052Z Execution failed for task ':app:detekt'.
2026-04-22T19:13:46.6247872Z > Analysis failed with 1 weighted issues.
2026-04-22T19:13:46.6273699Z 
2026-04-22T19:13:46.6324027Z * Try:
2026-04-22T19:13:46.6354109Z > Run with --stacktrace option to get the stack trace.
2026-04-22T19:13:46.6364867Z > Run with --info or --debug option to get more log output.
2026-04-22T19:13:46.6404216Z > Run with --scan to get full insights from a Build Scan (powered by Develocity).
2026-04-22T19:13:46.6424483Z > Get more help at https://help.gradle.org.
2026-04-22T19:13:46.6424913Z 
2026-04-22T19:13:46.6425088Z BUILD FAILED in 39s
2026-04-22T19:13:46.6574280Z ##[error]Process completed with exit code 1.
2026-04-22T19:13:46.6596990Z ##[group]Run ./gradlew lint --continue
2026-04-22T19:13:46.6597357Z [36;1m./gradlew lint --continue[0m
2026-04-22T19:13:46.6610200Z shell: /usr/bin/bash -e {0}
2026-04-22T19:13:46.6610489Z env:
2026-04-22T19:13:46.6610829Z   JAVA_HOME: /opt/hostedtoolcache/Java_Temurin-Hotspot_jdk/21.0.10-7/x64
2026-04-22T19:13:46.6611332Z   JAVA_HOME_21_X64: /opt/hostedtoolcache/Java_Temurin-Hotspot_jdk/21.0.10-7/x64
2026-04-22T19:13:46.6611783Z   GRADLE_ACTION_ID: gradle/actions/setup-gradle
2026-04-22T19:13:46.6612098Z   GRADLE_USER_HOME: /home/runner/.gradle
2026-04-22T19:13:46.6612405Z   GRADLE_BUILD_ACTION_SETUP_COMPLETED: true
2026-04-22T19:13:46.6612717Z   GRADLE_BUILD_ACTION_CACHE_RESTORED: true
2026-04-22T19:13:46.6613161Z   DEVELOCITY_INJECTION_INIT_SCRIPT_NAME: gradle-actions.inject-develocity.init.gradle
2026-04-22T19:13:46.6613807Z   DEVELOCITY_INJECTION_CUSTOM_VALUE: gradle-actions
2026-04-22T19:13:46.6614145Z   GITHUB_DEPENDENCY_GRAPH_ENABLED: false
2026-04-22T19:13:46.6614470Z ##[endgroup]
2026-04-22T19:13:47.3962336Z Configuration on demand is an incubating feature.
2026-04-22T19:13:47.6964344Z 
2026-04-22T19:13:47.6974423Z > Configure project :app
2026-04-22T19:13:47.6979298Z WARNING: The option setting 'android.builtInKotlin=false' is deprecated.
2026-04-22T19:13:47.6991702Z The current default is 'true'.
2026-04-22T19:13:47.7014180Z It will be removed in version 10.0 of the Android Gradle plugin.
2026-04-22T19:13:47.7044415Z WARNING: The option setting 'android.newDsl=false' is deprecated.
2026-04-22T19:13:47.7066651Z The current default is 'true'.
2026-04-22T19:13:47.7084385Z It will be removed in version 10.0 of the Android Gradle plugin.
2026-04-22T19:13:47.7107908Z WARNING: The option setting 'android.dependency.excludeLibraryComponentsFromConstraints=true' is deprecated.
2026-04-22T19:13:47.7124463Z The current default is 'false'.
2026-04-22T19:13:47.7125300Z It will be removed in version 10.0 of the Android Gradle plugin.
2026-04-22T19:13:47.7126414Z Following can be set instead to achieve a similar behaviour.
2026-04-22T19:13:47.7127326Z     android.dependency.useConstraints=false
2026-04-22T19:13:47.7128491Z w: ⚠️ Deprecated 'org.jetbrains.kotlin.android' plugin usage
2026-04-22T19:13:47.7129721Z The 'org.jetbrains.kotlin.android' plugin in project ':app' is no longer required for Kotlin support since AGP 9.0.
2026-04-22T19:13:47.7131384Z Solution: Remove both `android.builtInKotlin=true` and `android.newDsl=false` from `gradle.properties`, then migrate to built-in Kotlin.
2026-04-22T19:13:47.7132837Z See https://kotl.in/gradle/agp-built-in-kotlin for more details.
2026-04-22T19:13:47.7133671Z 
2026-04-22T19:13:48.6935743Z 
2026-04-22T19:13:48.6936539Z > Task :app:checkKotlinGradlePluginConfigurationErrors SKIPPED
2026-04-22T19:13:48.6937351Z > Task :app:preBuild UP-TO-DATE
2026-04-22T19:13:48.6941845Z > Task :app:preDebugBuild UP-TO-DATE
2026-04-22T19:13:48.6942525Z > Task :app:generateDebugBuildConfig
2026-04-22T19:13:48.6943189Z > Task :app:generateDebugResValues FROM-CACHE
2026-04-22T19:13:48.7944954Z > Task :app:generateDebugResources FROM-CACHE
2026-04-22T19:13:48.7945913Z > Task :app:injectCrashlyticsMappingFileIdDebug
2026-04-22T19:13:48.7947057Z > Task :app:processDebugGoogleServices FROM-CACHE
2026-04-22T19:13:48.7947916Z > Task :app:packageDebugResources FROM-CACHE
2026-04-22T19:13:49.2935267Z > Task :app:processDebugNavigationResources FROM-CACHE
2026-04-22T19:13:49.5934930Z > Task :app:parseDebugLocalResources FROM-CACHE
2026-04-22T19:13:49.5947132Z > Task :app:generateDebugRFile FROM-CACHE
2026-04-22T19:13:50.5982954Z > Task :app:javaPreCompileDebug FROM-CACHE
2026-04-22T19:13:50.6935626Z > Task :app:mapDebugSourceSetPaths
2026-04-22T19:13:50.6964393Z > Task :app:checkDebugAarMetadata
2026-04-22T19:13:50.6994413Z > Task :app:compileDebugNavigationResources FROM-CACHE
2026-04-22T19:13:50.8957259Z > Task :app:mergeDebugResources FROM-CACHE
2026-04-22T19:13:50.8972160Z > Task :app:createDebugCompatibleScreenManifests
2026-04-22T19:13:50.8973613Z > Task :app:extractDeepLinksDebug FROM-CACHE
2026-04-22T19:13:51.3977501Z > Task :app:processDebugMainManifest
2026-04-22T19:13:51.5934448Z > Task :app:processDebugManifest
2026-04-22T19:13:51.5944178Z > Task :app:preDebugAndroidTestBuild SKIPPED
2026-04-22T19:13:51.5974151Z > Task :app:generateDebugAndroidTestResValues FROM-CACHE
2026-04-22T19:13:51.6944921Z > Task :app:extractProguardFiles
2026-04-22T19:13:51.6945797Z > Task :app:preDebugUnitTestBuild UP-TO-DATE
2026-04-22T19:13:51.6946496Z > Task :app:processDebugManifestForPackage
2026-04-22T19:13:52.8944409Z > Task :app:processDebugResources
2026-04-22T19:14:19.5938846Z > Task :app:kspDebugKotlin
2026-04-22T19:14:52.7939626Z > Task :app:compileDebugKotlin
2026-04-22T19:16:02.7949447Z w: file:///home/runner/work/prismTask/prismTask/app/build/generated/ksp/debug/kotlin/com/averycorp/prismtask/data/local/dao/HabitCompletionDao_Impl.kt:120:23 This declaration overrides a deprecated member but is not marked as deprecated itself. Add the '@Deprecated' annotation or suppress the diagnostic.
2026-04-22T19:16:02.7966423Z w: file:///home/runner/work/prismTask/prismTask/app/build/generated/ksp/debug/kotlin/com/averycorp/prismtask/data/local/dao/HabitCompletionDao_Impl.kt:317:23 This declaration overrides a deprecated member but is not marked as deprecated itself. Add the '@Deprecated' annotation or suppress the diagnostic.
2026-04-22T19:16:02.7996005Z w: file:///home/runner/work/prismTask/prismTask/app/build/generated/ksp/debug/kotlin/com/averycorp/prismtask/data/local/dao/HabitCompletionDao_Impl.kt:365:31 This declaration overrides a deprecated member but is not marked as deprecated itself. Add the '@Deprecated' annotation or suppress the diagnostic.
2026-04-22T19:16:02.8942751Z w: file:///home/runner/work/prismTask/prismTask/app/build/generated/ksp/debug/kotlin/com/averycorp/prismtask/data/local/dao/HabitCompletionDao_Impl.kt:413:31 This declaration overrides a deprecated member but is not marked as deprecated itself. Add the '@Deprecated' annotation or suppress the diagnostic.
2026-04-22T19:16:02.9017647Z w: file:///home/runner/work/prismTask/prismTask/app/build/generated/ksp/debug/kotlin/com/averycorp/prismtask/data/local/dao/HabitCompletionDao_Impl.kt:461:31 This declaration overrides a deprecated member but is not marked as deprecated itself. Add the '@Deprecated' annotation or suppress the diagnostic.
2026-04-22T19:16:02.9084514Z w: file:///home/runner/work/prismTask/prismTask/app/build/generated/ksp/debug/kotlin/com/averycorp/prismtask/data/local/dao/HabitCompletionDao_Impl.kt:882:31 This declaration overrides a deprecated member but is not marked as deprecated itself. Add the '@Deprecated' annotation or suppress the diagnostic.
2026-04-22T19:16:02.9135840Z w: file:///home/runner/work/prismTask/prismTask/app/build/generated/ksp/debug/kotlin/com/averycorp/prismtask/data/local/dao/HabitCompletionDao_Impl.kt:914:31 This declaration overrides a deprecated member but is not marked as deprecated itself. Add the '@Deprecated' annotation or suppress the diagnostic.
2026-04-22T19:16:02.9166491Z w: file:///home/runner/work/prismTask/prismTask/app/src/main/java/com/averycorp/prismtask/PrismTaskApplication.kt:149:22 'fun setPersistenceEnabled(p0: Boolean): FirebaseFirestoreSettings.Builder' is deprecated. Deprecated in Java.
2026-04-22T19:16:02.9245596Z w: file:///home/runner/work/prismTask/prismTask/app/src/main/java/com/averycorp/prismtask/data/billing/BillingManager.kt:57:5 This annotation is currently applied to the value parameter only, but in the future it will also be applied to field.
2026-04-22T19:16:02.9284872Z - To opt in to applying to both value parameter and field, add '-Xannotation-default-target=param-property' to your compiler arguments.
2026-04-22T19:16:02.9334926Z - To keep applying to the value parameter only, use the '@param:' annotation target.
2026-04-22T19:16:02.9375868Z 
2026-04-22T19:16:02.9404787Z See https://youtrack.jetbrains.com/issue/KT-73255 for more details.
2026-04-22T19:16:02.9415132Z w: file:///home/runner/work/prismTask/prismTask/app/src/main/java/com/averycorp/prismtask/data/calendar/CalendarManager.kt:6:8 'class GoogleSignIn : Any' is deprecated. Deprecated in Java.
2026-04-22T19:16:02.9421505Z w: file:///home/runner/work/prismTask/prismTask/app/src/main/java/com/averycorp/prismtask/data/calendar/CalendarManager.kt:7:8 'class GoogleSignInOptions : AbstractSafeParcelable, Api.ApiOptions.Optional, ReflectedParcelable' is deprecated. Deprecated in Java.
2026-04-22T19:16:02.9425348Z w: file:///home/runner/work/prismTask/prismTask/app/src/main/java/com/averycorp/prismtask/data/calendar/CalendarManager.kt:44:5 This annotation is currently applied to the value parameter only, but in the future it will also be applied to field.
2026-04-22T19:16:02.9428055Z - To opt in to applying to both value parameter and field, add '-Xannotation-default-target=param-property' to your compiler arguments.
2026-04-22T19:16:02.9429472Z - To keep applying to the value parameter only, use the '@param:' annotation target.
2026-04-22T19:16:02.9430169Z 
2026-04-22T19:16:02.9430712Z See https://youtrack.jetbrains.com/issue/KT-73255 for more details.
2026-04-22T19:16:02.9432356Z w: file:///home/runner/work/prismTask/prismTask/app/src/main/java/com/averycorp/prismtask/data/calendar/CalendarManager.kt:58:23 'class GoogleSignIn : Any' is deprecated. Deprecated in Java.
2026-04-22T19:16:02.9434848Z w: file:///home/runner/work/prismTask/prismTask/app/src/main/java/com/averycorp/prismtask/data/calendar/CalendarManager.kt:69:85 'class GoogleSignInClient : GoogleApi<GoogleSignInOptions!>' is deprecated. Deprecated in Java.
2026-04-22T19:16:02.9438064Z w: file:///home/runner/work/prismTask/prismTask/app/src/main/java/com/averycorp/prismtask/data/calendar/CalendarManager.kt:70:19 'class GoogleSignInOptions : AbstractSafeParcelable, Api.ApiOptions.Optional, ReflectedParcelable' is deprecated. Deprecated in Java.
2026-04-22T19:16:02.9441647Z w: file:///home/runner/work/prismTask/prismTask/app/src/main/java/com/averycorp/prismtask/data/calendar/CalendarManager.kt:70:47 'class GoogleSignInOptions : AbstractSafeParcelable, Api.ApiOptions.Optional, ReflectedParcelable' is deprecated. Deprecated in Java.
2026-04-22T19:16:02.9444911Z w: file:///home/runner/work/prismTask/prismTask/app/src/main/java/com/averycorp/prismtask/data/calendar/CalendarManager.kt:74:16 'class GoogleSignIn : Any' is deprecated. Deprecated in Java.
2026-04-22T19:16:02.9447451Z w: file:///home/runner/work/prismTask/prismTask/app/src/main/java/com/averycorp/prismtask/data/calendar/CalendarManager.kt:85:28 'class GoogleSignIn : Any' is deprecated. Deprecated in Java.
2026-04-22T19:16:02.9450175Z w: file:///home/runner/work/prismTask/prismTask/app/src/main/java/com/averycorp/prismtask/data/calendar/CalendarManager.kt:121:24 'class GoogleSignIn : Any' is deprecated. Deprecated in Java.
2026-04-22T19:16:02.9452800Z w: file:///home/runner/work/prismTask/prismTask/app/src/main/java/com/averycorp/prismtask/data/calendar/CalendarManager.kt:156:23 'class GoogleSignIn : Any' is deprecated. Deprecated in Java.
2026-04-22T19:16:02.9455619Z w: file:///home/runner/work/prismTask/prismTask/app/src/main/java/com/averycorp/prismtask/data/calendar/CalendarManager.kt:224:23 'class GoogleSignIn : Any' is deprecated. Deprecated in Java.
2026-04-22T19:16:02.9458881Z w: file:///home/runner/work/prismTask/prismTask/app/src/main/java/com/averycorp/prismtask/data/calendar/DefaultCalendarPushDispatcher.kt:28:5 This annotation is currently applied to the value parameter only, but in the future it will also be applied to field.
2026-04-22T19:16:02.9462098Z - To opt in to applying to both value parameter and field, add '-Xannotation-default-target=param-property' to your compiler arguments.
2026-04-22T19:16:02.9463780Z - To keep applying to the value parameter only, use the '@param:' annotation target.
2026-04-22T19:16:02.9464518Z 
2026-04-22T19:16:02.9465062Z See https://youtrack.jetbrains.com/issue/KT-73255 for more details.
2026-04-22T19:16:02.9467318Z w: file:///home/runner/work/prismTask/prismTask/app/src/main/java/com/averycorp/prismtask/data/preferences/A11yPreferences.kt:22:5 This annotation is currently applied to the value parameter only, but in the future it will also be applied to field.
2026-04-22T19:16:02.9469962Z - To opt in to applying to both value parameter and field, add '-Xannotation-default-target=param-property' to your compiler arguments.
2026-04-22T19:16:02.9471469Z - To keep applying to the value parameter only, use the '@param:' annotation target.
2026-04-22T19:16:02.9472203Z 
2026-04-22T19:16:02.9472700Z See https://youtrack.jetbrains.com/issue/KT-73255 for more details.
2026-04-22T19:16:02.9475081Z w: file:///home/runner/work/prismTask/prismTask/app/src/main/java/com/averycorp/prismtask/data/preferences/ArchivePreferences.kt:21:5 This annotation is currently applied to the value parameter only, but in the future it will also be applied to field.
2026-04-22T19:16:02.9477590Z - To opt in to applying to both value parameter and field, add '-Xannotation-default-target=param-property' to your compiler arguments.
2026-04-22T19:16:02.9479108Z - To keep applying to the value parameter only, use the '@param:' annotation target.
2026-04-22T19:16:02.9479843Z 
2026-04-22T19:16:02.9480296Z See https://youtrack.jetbrains.com/issue/KT-73255 for more details.
2026-04-22T19:16:02.9482502Z w: file:///home/runner/work/prismTask/prismTask/app/src/main/java/com/averycorp/prismtask/data/preferences/AuthTokenPreferences.kt:30:5 This annotation is currently applied to the value parameter only, but in the future it will also be applied to field.
2026-04-22T19:16:02.9485383Z - To opt in to applying to both value parameter and field, add '-Xannotation-default-target=param-property' to your compiler arguments.
2026-04-22T19:16:02.9486902Z - To keep applying to the value parameter only, use the '@param:' annotation target.
2026-04-22T19:16:02.9487606Z 
2026-04-22T19:16:02.9488074Z See https://youtrack.jetbrains.com/issue/KT-73255 for more details.
2026-04-22T19:16:02.9490213Z w: file:///home/runner/work/prismTask/prismTask/app/src/main/java/com/averycorp/prismtask/data/preferences/BackendSyncPreferences.kt:29:5 This annotation is currently applied to the value parameter only, but in the future it will also be applied to field.
2026-04-22T19:16:02.9492896Z - To opt in to applying to both value parameter and field, add '-Xannotation-default-target=param-property' to your compiler arguments.
2026-04-22T19:16:02.9494547Z - To keep applying to the value parameter only, use the '@param:' annotation target.
2026-04-22T19:16:02.9495297Z 
2026-04-22T19:16:02.9495783Z See https://youtrack.jetbrains.com/issue/KT-73255 for more details.
2026-04-22T19:16:02.9498375Z w: file:///home/runner/work/prismTask/prismTask/app/src/main/java/com/averycorp/prismtask/data/preferences/BuiltInSyncPreferences.kt:25:5 This annotation is currently applied to the value parameter only, but in the future it will also be applied to field.
2026-04-22T19:16:02.9501119Z - To opt in to applying to both value parameter and field, add '-Xannotation-default-target=param-property' to your compiler arguments.
2026-04-22T19:16:02.9502663Z - To keep applying to the value parameter only, use the '@param:' annotation target.
2026-04-22T19:16:02.9503551Z 
2026-04-22T19:16:02.9504044Z See https://youtrack.jetbrains.com/issue/KT-73255 for more details.
2026-04-22T19:16:02.9506298Z w: file:///home/runner/work/prismTask/prismTask/app/src/main/java/com/averycorp/prismtask/data/preferences/CoachingPreferences.kt:30:5 This annotation is currently applied to the value parameter only, but in the future it will also be applied to field.
2026-04-22T19:16:02.9509259Z - To opt in to applying to both value parameter and field, add '-Xannotation-default-target=param-property' to your compiler arguments.
2026-04-22T19:16:02.9510841Z - To keep applying to the value parameter only, use the '@param:' annotation target.
2026-04-22T19:16:02.9511615Z 
2026-04-22T19:16:02.9512101Z See https://youtrack.jetbrains.com/issue/KT-73255 for more details.
2026-04-22T19:16:02.9514557Z w: file:///home/runner/work/prismTask/prismTask/app/src/main/java/com/averycorp/prismtask/data/preferences/DailyEssentialsPreferences.kt:28:5 This annotation is currently applied to the value parameter only, but in the future it will also be applied to field.
2026-04-22T19:16:02.9517357Z - To opt in to applying to both value parameter and field, add '-Xannotation-default-target=param-property' to your compiler arguments.
2026-04-22T19:16:02.9518885Z - To keep applying to the value parameter only, use the '@param:' annotation target.
2026-04-22T19:16:02.9519639Z 
2026-04-22T19:16:02.9520132Z See https://youtrack.jetbrains.com/issue/KT-73255 for more details.
2026-04-22T19:16:02.9522416Z w: file:///home/runner/work/prismTask/prismTask/app/src/main/java/com/averycorp/prismtask/data/preferences/DashboardPreferences.kt:22:5 This annotation is currently applied to the value parameter only, but in the future it will also be applied to field.
2026-04-22T19:16:02.9525277Z - To opt in to applying to both value parameter and field, add '-Xannotation-default-target=param-property' to your compiler arguments.
2026-04-22T19:16:02.9526817Z - To keep applying to the value parameter only, use the '@param:' annotation target.
2026-04-22T19:16:02.9527568Z 
2026-04-22T19:16:02.9528040Z See https://youtrack.jetbrains.com/issue/KT-73255 for more details.
2026-04-22T19:16:02.9530166Z w: file:///home/runner/work/prismTask/prismTask/app/src/main/java/com/averycorp/prismtask/data/preferences/HabitListPreferences.kt:31:5 This annotation is currently applied to the value parameter only, but in the future it will also be applied to field.
2026-04-22T19:16:02.9532848Z - To opt in to applying to both value parameter and field, add '-Xannotation-default-target=param-property' to your compiler arguments.
2026-04-22T19:16:02.9534706Z - To keep applying to the value parameter only, use the '@param:' annotation target.
2026-04-22T19:16:02.9535422Z 
2026-04-22T19:16:02.9535890Z See https://youtrack.jetbrains.com/issue/KT-73255 for more details.
2026-04-22T19:16:02.9538161Z w: file:///home/runner/work/prismTask/prismTask/app/src/main/java/com/averycorp/prismtask/data/preferences/LeisurePreferences.kt:83:5 This annotation is currently applied to the value parameter only, but in the future it will also be applied to field.
2026-04-22T19:16:02.9540816Z - To opt in to applying to both value parameter and field, add '-Xannotation-default-target=param-property' to your compiler arguments.
2026-04-22T19:16:02.9542426Z - To keep applying to the value parameter only, use the '@param:' annotation target.
2026-04-22T19:16:02.9543206Z 
2026-04-22T19:16:02.9543810Z See https://youtrack.jetbrains.com/issue/KT-73255 for more details.
2026-04-22T19:16:02.9545970Z w: file:///home/runner/work/prismTask/prismTask/app/src/main/java/com/averycorp/prismtask/data/preferences/MedicationMigrationPreferences.kt:29:5 This annotation is currently applied to the value parameter only, but in the future it will also be applied to field.
2026-04-22T19:16:02.9548738Z - To opt in to applying to both value parameter and field, add '-Xannotation-default-target=param-property' to your compiler arguments.
2026-04-22T19:16:02.9550260Z - To keep applying to the value parameter only, use the '@param:' annotation target.
2026-04-22T19:16:02.9550990Z 
2026-04-22T19:16:02.9551482Z See https://youtrack.jetbrains.com/issue/KT-73255 for more details.
2026-04-22T19:16:02.9553890Z w: file:///home/runner/work/prismTask/prismTask/app/src/main/java/com/averycorp/prismtask/data/preferences/MedicationPreferences.kt:26:5 This annotation is currently applied to the value parameter only, but in the future it will also be applied to field.
2026-04-22T19:16:02.9556939Z - To opt in to applying to both value parameter and field, add '-Xannotation-default-target=param-property' to your compiler arguments.
2026-04-22T19:16:02.9558519Z - To keep applying to the value parameter only, use the '@param:' annotation target.
2026-04-22T19:16:02.9559276Z 
2026-04-22T19:16:02.9559743Z See https://youtrack.jetbrains.com/issue/KT-73255 for more details.
2026-04-22T19:16:02.9562046Z w: file:///home/runner/work/prismTask/prismTask/app/src/main/java/com/averycorp/prismtask/data/preferences/MorningCheckInPreferences.kt:32:5 This annotation is currently applied to the value parameter only, but in the future it will also be applied to field.
2026-04-22T19:16:02.9565003Z - To opt in to applying to both value parameter and field, add '-Xannotation-default-target=param-property' to your compiler arguments.
2026-04-22T19:16:02.9566470Z - To keep applying to the value parameter only, use the '@param:' annotation target.
2026-04-22T19:16:02.9567220Z 
2026-04-22T19:16:02.9567675Z See https://youtrack.jetbrains.com/issue/KT-73255 for more details.
2026-04-22T19:16:02.9569892Z w: file:///home/runner/work/prismTask/prismTask/app/src/main/java/com/averycorp/prismtask/data/preferences/OnboardingPreferences.kt:22:5 This annotation is currently applied to the value parameter only, but in the future it will also be applied to field.
2026-04-22T19:16:02.9572333Z - To opt in to applying to both value parameter and field, add '-Xannotation-default-target=param-property' to your compiler arguments.
2026-04-22T19:16:02.9573762Z - To keep applying to the value parameter only, use the '@param:' annotation target.
2026-04-22T19:16:02.9574471Z 
2026-04-22T19:16:02.9574946Z See https://youtrack.jetbrains.com/issue/KT-73255 for more details.
2026-04-22T19:16:02.9577003Z w: file:///home/runner/work/prismTask/prismTask/app/src/main/java/com/averycorp/prismtask/data/preferences/ProStatusPreferences.kt:22:5 This annotation is currently applied to the value parameter only, but in the future it will also be applied to field.
2026-04-22T19:16:02.9579696Z - To opt in to applying to both value parameter and field, add '-Xannotation-default-target=param-property' to your compiler arguments.
2026-04-22T19:16:02.9581193Z - To keep applying to the value parameter only, use the '@param:' annotation target.
2026-04-22T19:16:02.9581936Z 
2026-04-22T19:16:02.9582416Z See https://youtrack.jetbrains.com/issue/KT-73255 for more details.
2026-04-22T19:16:02.9584733Z w: file:///home/runner/work/prismTask/prismTask/app/src/main/java/com/averycorp/prismtask/data/preferences/ShakePreferences.kt:28:5 This annotation is currently applied to the value parameter only, but in the future it will also be applied to field.
2026-04-22T19:16:02.9587358Z - To opt in to applying to both value parameter and field, add '-Xannotation-default-target=param-property' to your compiler arguments.
2026-04-22T19:16:02.9588870Z - To keep applying to the value parameter only, use the '@param:' annotation target.
2026-04-22T19:16:02.9589623Z 
2026-04-22T19:16:02.9590113Z See https://youtrack.jetbrains.com/issue/KT-73255 for more details.
2026-04-22T19:16:02.9592248Z w: file:///home/runner/work/prismTask/prismTask/app/src/main/java/com/averycorp/prismtask/data/preferences/TabPreferences.kt:22:5 This annotation is currently applied to the value parameter only, but in the future it will also be applied to field.
2026-04-22T19:16:02.9594888Z - To opt in to applying to both value parameter and field, add '-Xannotation-default-target=param-property' to your compiler arguments.
2026-04-22T19:16:02.9596389Z - To keep applying to the value parameter only, use the '@param:' annotation target.
2026-04-22T19:16:02.9597126Z 
2026-04-22T19:16:02.9597612Z See https://youtrack.jetbrains.com/issue/KT-73255 for more details.
2026-04-22T19:16:02.9599774Z w: file:///home/runner/work/prismTask/prismTask/app/src/main/java/com/averycorp/prismtask/data/preferences/TaskBehaviorPreferences.kt:58:5 This annotation is currently applied to the value parameter only, but in the future it will also be applied to field.
2026-04-22T19:16:02.9602523Z - To opt in to applying to both value parameter and field, add '-Xannotation-default-target=param-property' to your compiler arguments.
2026-04-22T19:16:02.9604028Z - To keep applying to the value parameter only, use the '@param:' annotation target.
2026-04-22T19:16:02.9604719Z 
2026-04-22T19:16:02.9605174Z See https://youtrack.jetbrains.com/issue/KT-73255 for more details.
2026-04-22T19:16:02.9607401Z w: file:///home/runner/work/prismTask/prismTask/app/src/main/java/com/averycorp/prismtask/data/preferences/TemplatePreferences.kt:31:5 This annotation is currently applied to the value parameter only, but in the future it will also be applied to field.
2026-04-22T19:16:02.9609886Z - To opt in to applying to both value parameter and field, add '-Xannotation-default-target=param-property' to your compiler arguments.
2026-04-22T19:16:02.9611319Z - To keep applying to the value parameter only, use the '@param:' annotation target.
2026-04-22T19:16:02.9612018Z 
2026-04-22T19:16:02.9612471Z See https://youtrack.jetbrains.com/issue/KT-73255 for more details.
2026-04-22T19:16:02.9614648Z w: file:///home/runner/work/prismTask/prismTask/app/src/main/java/com/averycorp/prismtask/data/preferences/ThemePreferences.kt:27:5 This annotation is currently applied to the value parameter only, but in the future it will also be applied to field.
2026-04-22T19:16:02.9616929Z - To opt in to applying to both value parameter and field, add '-Xannotation-default-target=param-property' to your compiler arguments.
2026-04-22T19:16:02.9618050Z - To keep applying to the value parameter only, use the '@param:' annotation target.
2026-04-22T19:16:02.9618735Z 
2026-04-22T19:16:02.9619198Z See https://youtrack.jetbrains.com/issue/KT-73255 for more details.
2026-04-22T19:16:02.9621173Z w: file:///home/runner/work/prismTask/prismTask/app/src/main/java/com/averycorp/prismtask/data/preferences/TimerPreferences.kt:23:5 This annotation is currently applied to the value parameter only, but in the future it will also be applied to field.
2026-04-22T19:16:02.9623887Z - To opt in to applying to both value parameter and field, add '-Xannotation-default-target=param-property' to your compiler arguments.
2026-04-22T19:16:02.9625358Z - To keep applying to the value parameter only, use the '@param:' annotation target.
2026-04-22T19:16:02.9626078Z 
2026-04-22T19:16:02.9626547Z See https://youtrack.jetbrains.com/issue/KT-73255 for more details.
2026-04-22T19:16:02.9628740Z w: file:///home/runner/work/prismTask/prismTask/app/src/main/java/com/averycorp/prismtask/data/preferences/VoicePreferences.kt:22:5 This annotation is currently applied to the value parameter only, but in the future it will also be applied to field.
2026-04-22T19:16:02.9631316Z - To opt in to applying to both value parameter and field, add '-Xannotation-default-target=param-property' to your compiler arguments.
2026-04-22T19:16:02.9632793Z - To keep applying to the value parameter only, use the '@param:' annotation target.
2026-04-22T19:16:02.9633616Z 
2026-04-22T19:16:02.9634074Z See https://youtrack.jetbrains.com/issue/KT-73255 for more details.
2026-04-22T19:16:02.9636001Z w: file:///home/runner/work/prismTask/prismTask/app/src/main/java/com/averycorp/prismtask/data/remote/AuthManager.kt:30:5 This annotation is currently applied to the value parameter only, but in the future it will also be applied to field.
2026-04-22T19:16:02.9638425Z - To opt in to applying to both value parameter and field, add '-Xannotation-default-target=param-property' to your compiler arguments.
2026-04-22T19:16:02.9639858Z - To keep applying to the value parameter only, use the '@param:' annotation target.
2026-04-22T19:16:02.9640583Z 
2026-04-22T19:16:02.9641059Z See https://youtrack.jetbrains.com/issue/KT-73255 for more details.
2026-04-22T19:16:02.9644544Z w: file:///home/runner/work/prismTask/prismTask/app/src/main/java/com/averycorp/prismtask/data/remote/GenericPreferenceSyncService.kt:68:22 This declaration is in a preview state and can be changed in a backwards-incompatible manner with a best-effort migration. Its usage should be marked with '@kotlinx.coroutines.FlowPreview' or '@OptIn(kotlinx.coroutines.FlowPreview::class)' if you accept the drawback of relying on preview API
2026-04-22T19:16:02.9648894Z w: file:///home/runner/work/prismTask/prismTask/app/src/main/java/com/averycorp/prismtask/data/remote/GoogleDriveService.kt:4:8 'class GoogleSignIn : Any' is deprecated. Deprecated in Java.
2026-04-22T19:16:02.9651976Z w: file:///home/runner/work/prismTask/prismTask/app/src/main/java/com/averycorp/prismtask/data/remote/GoogleDriveService.kt:23:5 This annotation is currently applied to the value parameter only, but in the future it will also be applied to field.
2026-04-22T19:16:02.9654631Z - To opt in to applying to both value parameter and field, add '-Xannotation-default-target=param-property' to your compiler arguments.
2026-04-22T19:16:02.9656089Z - To keep applying to the value parameter only, use the '@param:' annotation target.
2026-04-22T19:16:02.9656819Z 
2026-04-22T19:16:02.9657281Z See https://youtrack.jetbrains.com/issue/KT-73255 for more details.
2026-04-22T19:16:02.9659031Z w: file:///home/runner/work/prismTask/prismTask/app/src/main/java/com/averycorp/prismtask/data/remote/GoogleDriveService.kt:33:23 'class GoogleSignIn : Any' is deprecated. Deprecated in Java.
2026-04-22T19:16:02.9661598Z w: file:///home/runner/work/prismTask/prismTask/app/src/main/java/com/averycorp/prismtask/data/remote/GoogleDriveService.kt:143:34 'class GoogleSignIn : Any' is deprecated. Deprecated in Java.
2026-04-22T19:16:02.9665809Z w: file:///home/runner/work/prismTask/prismTask/app/src/main/java/com/averycorp/prismtask/data/remote/SortPreferencesSyncService.kt:58:18 This declaration is in a preview state and can be changed in a backwards-incompatible manner with a best-effort migration. Its usage should be marked with '@kotlinx.coroutines.FlowPreview' or '@OptIn(kotlinx.coroutines.FlowPreview::class)' if you accept the drawback of relying on preview API
2026-04-22T19:16:02.9671298Z w: file:///home/runner/work/prismTask/prismTask/app/src/main/java/com/averycorp/prismtask/data/remote/SyncService.kt:1736:18 This declaration is in a preview state and can be changed in a backwards-incompatible manner with a best-effort migration. Its usage should be marked with '@kotlinx.coroutines.FlowPreview' or '@OptIn(kotlinx.coroutines.FlowPreview::class)' if you accept the drawback of relying on preview API
2026-04-22T19:16:02.9676600Z w: file:///home/runner/work/prismTask/prismTask/app/src/main/java/com/averycorp/prismtask/data/remote/ThemePreferencesSyncService.kt:58:18 This declaration is in a preview state and can be changed in a backwards-incompatible manner with a best-effort migration. Its usage should be marked with '@kotlinx.coroutines.FlowPreview' or '@OptIn(kotlinx.coroutines.FlowPreview::class)' if you accept the drawback of relying on preview API
2026-04-22T19:16:02.9680624Z w: file:///home/runner/work/prismTask/prismTask/app/src/main/java/com/averycorp/prismtask/data/remote/sync/SyncDeviceIdProvider.kt:33:5 This annotation is currently applied to the value parameter only, but in the future it will also be applied to field.
2026-04-22T19:16:02.9683026Z - To opt in to applying to both value parameter and field, add '-Xannotation-default-target=param-property' to your compiler arguments.
2026-04-22T19:16:02.9684629Z - To keep applying to the value parameter only, use the '@param:' annotation target.
2026-04-22T19:16:02.9685323Z 
2026-04-22T19:16:02.9685853Z See https://youtrack.jetbrains.com/issue/KT-73255 for more details.
2026-04-22T19:16:02.9687885Z w: file:///home/runner/work/prismTask/prismTask/app/src/main/java/com/averycorp/prismtask/data/repository/CustomSoundRepository.kt:34:5 This annotation is currently applied to the value parameter only, but in the future it will also be applied to field.
2026-04-22T19:16:02.9690455Z - To opt in to applying to both value parameter and field, add '-Xannotation-default-target=param-property' to your compiler arguments.
2026-04-22T19:16:02.9692419Z - To keep applying to the value parameter only, use the '@param:' annotation target.
2026-04-22T19:16:02.9693164Z 
2026-04-22T19:16:02.9693791Z See https://youtrack.jetbrains.com/issue/KT-73255 for more details.
2026-04-22T19:16:02.9695636Z w: file:///home/runner/work/prismTask/prismTask/app/src/main/java/com/averycorp/prismtask/domain/usecase/NaturalLanguageParser.kt:349:48 Unnecessary safe call on a non-null receiver of type 'LocalDate'.
2026-04-22T19:16:02.9698736Z w: file:///home/runner/work/prismTask/prismTask/app/src/main/java/com/averycorp/prismtask/domain/usecase/ShakeDetector.kt:20:5 This annotation is currently applied to the value parameter only, but in the future it will also be applied to field.
2026-04-22T19:16:02.9701228Z - To opt in to applying to both value parameter and field, add '-Xannotation-default-target=param-property' to your compiler arguments.
2026-04-22T19:16:02.9702754Z - To keep applying to the value parameter only, use the '@param:' annotation target.
2026-04-22T19:16:02.9703818Z 
2026-04-22T19:16:02.9704441Z See https://youtrack.jetbrains.com/issue/KT-73255 for more details.
2026-04-22T19:16:02.9706385Z w: file:///home/runner/work/prismTask/prismTask/app/src/main/java/com/averycorp/prismtask/domain/usecase/TextToSpeechManager.kt:20:5 This annotation is currently applied to the value parameter only, but in the future it will also be applied to field.
2026-04-22T19:16:02.9708730Z - To opt in to applying to both value parameter and field, add '-Xannotation-default-target=param-property' to your compiler arguments.
2026-04-22T19:16:02.9710012Z - To keep applying to the value parameter only, use the '@param:' annotation target.
2026-04-22T19:16:02.9710576Z 
2026-04-22T19:16:02.9710922Z See https://youtrack.jetbrains.com/issue/KT-73255 for more details.
2026-04-22T19:16:02.9712765Z w: file:///home/runner/work/prismTask/prismTask/app/src/main/java/com/averycorp/prismtask/domain/usecase/VoiceInputManager.kt:35:5 This annotation is currently applied to the value parameter only, but in the future it will also be applied to field.
2026-04-22T19:16:02.9714781Z - To opt in to applying to both value parameter and field, add '-Xannotation-default-target=param-property' to your compiler arguments.
2026-04-22T19:16:02.9715882Z - To keep applying to the value parameter only, use the '@param:' annotation target.
2026-04-22T19:16:02.9716363Z 
2026-04-22T19:16:02.9716667Z See https://youtrack.jetbrains.com/issue/KT-73255 for more details.
2026-04-22T19:16:02.9718292Z w: file:///home/runner/work/prismTask/prismTask/app/src/main/java/com/averycorp/prismtask/notifications/EscalationScheduler.kt:29:5 This annotation is currently applied to the value parameter only, but in the future it will also be applied to field.
2026-04-22T19:16:02.9720201Z - To opt in to applying to both value parameter and field, add '-Xannotation-default-target=param-property' to your compiler arguments.
2026-04-22T19:16:02.9721423Z - To keep applying to the value parameter only, use the '@param:' annotation target.
2026-04-22T19:16:02.9721926Z 
2026-04-22T19:16:02.9722247Z See https://youtrack.jetbrains.com/issue/KT-73255 for more details.
2026-04-22T19:16:02.9724333Z w: file:///home/runner/work/prismTask/prismTask/app/src/main/java/com/averycorp/prismtask/notifications/HabitReminderScheduler.kt:46:5 This annotation is currently applied to the value parameter only, but in the future it will also be applied to field.
2026-04-22T19:16:02.9726685Z - To opt in to applying to both value parameter and field, add '-Xannotation-default-target=param-property' to your compiler arguments.
2026-04-22T19:16:02.9727972Z - To keep applying to the value parameter only, use the '@param:' annotation target.
2026-04-22T19:16:02.9728565Z 
2026-04-22T19:16:02.9728927Z See https://youtrack.jetbrains.com/issue/KT-73255 for more details.
2026-04-22T19:16:02.9730970Z w: file:///home/runner/work/prismTask/prismTask/app/src/main/java/com/averycorp/prismtask/notifications/MedicationReminderScheduler.kt:43:5 This annotation is currently applied to the value parameter only, but in the future it will also be applied to field.
2026-04-22T19:16:02.9733808Z - To opt in to applying to both value parameter and field, add '-Xannotation-default-target=param-property' to your compiler arguments.
2026-04-22T19:16:02.9735120Z - To keep applying to the value parameter only, use the '@param:' annotation target.
2026-04-22T19:16:02.9735721Z 
2026-04-22T19:16:02.9736079Z See https://youtrack.jetbrains.com/issue/KT-73255 for more details.
2026-04-22T19:16:02.9738165Z w: file:///home/runner/work/prismTask/prismTask/app/src/main/java/com/averycorp/prismtask/notifications/NotificationTester.kt:28:5 This annotation is currently applied to the value parameter only, but in the future it will also be applied to field.
2026-04-22T19:16:02.9740533Z - To opt in to applying to both value parameter and field, add '-Xannotation-default-target=param-property' to your compiler arguments.
2026-04-22T19:16:02.9741799Z - To keep applying to the value parameter only, use the '@param:' annotation target.
2026-04-22T19:16:02.9742381Z 
2026-04-22T19:16:02.9742730Z See https://youtrack.jetbrains.com/issue/KT-73255 for more details.
2026-04-22T19:16:02.9744863Z w: file:///home/runner/work/prismTask/prismTask/app/src/main/java/com/averycorp/prismtask/notifications/NotificationWorkerScheduler.kt:39:5 This annotation is currently applied to the value parameter only, but in the future it will also be applied to field.
2026-04-22T19:16:02.9747084Z - To opt in to applying to both value parameter and field, add '-Xannotation-default-target=param-property' to your compiler arguments.
2026-04-22T19:16:02.9748309Z - To keep applying to the value parameter only, use the '@param:' annotation target.
2026-04-22T19:16:02.9748855Z 
2026-04-22T19:16:02.9749189Z See https://youtrack.jetbrains.com/issue/KT-73255 for more details.
2026-04-22T19:16:02.9751065Z w: file:///home/runner/work/prismTask/prismTask/app/src/main/java/com/averycorp/prismtask/notifications/ReminderScheduler.kt:21:5 This annotation is currently applied to the value parameter only, but in the future it will also be applied to field.
2026-04-22T19:16:02.9753557Z - To opt in to applying to both value parameter and field, add '-Xannotation-default-target=param-property' to your compiler arguments.
2026-04-22T19:16:02.9754866Z - To keep applying to the value parameter only, use the '@param:' annotation target.
2026-04-22T19:16:02.9755453Z 
2026-04-22T19:16:02.9755811Z See https://youtrack.jetbrains.com/issue/KT-73255 for more details.
2026-04-22T19:16:02.9757816Z w: file:///home/runner/work/prismTask/prismTask/app/src/main/java/com/averycorp/prismtask/ui/components/sync/SyncDebugPanel.kt:139:13 'fun Divider(modifier: Modifier = ..., thickness: Dp = ..., color: Color = ...): Unit' is deprecated. Renamed to HorizontalDivider.
2026-04-22T19:16:02.9760860Z w: file:///home/runner/work/prismTask/prismTask/app/src/main/java/com/averycorp/prismtask/ui/components/sync/SyncDetailsSheet.kt:74:13 'fun Divider(modifier: Modifier = ..., thickness: Dp = ..., color: Color = ...): Unit' is deprecated. Renamed to HorizontalDivider.
2026-04-22T19:16:02.9764136Z w: file:///home/runner/work/prismTask/prismTask/app/src/main/java/com/averycorp/prismtask/ui/screens/feedback/BugReportViewModel.kt:50:5 This annotation is currently applied to the value parameter only, but in the future it will also be applied to field.
2026-04-22T19:16:02.9766585Z - To opt in to applying to both value parameter and field, add '-Xannotation-default-target=param-property' to your compiler arguments.
2026-04-22T19:16:02.9767896Z - To keep applying to the value parameter only, use the '@param:' annotation target.
2026-04-22T19:16:02.9768454Z 
2026-04-22T19:16:02.9768786Z See https://youtrack.jetbrains.com/issue/KT-73255 for more details.
2026-04-22T19:16:02.9770335Z w: file:///home/runner/work/prismTask/prismTask/app/src/main/java/com/averycorp/prismtask/ui/screens/habits/HabitListViewModel.kt:162:32 Unchecked cast of 'Any?' to 'List<SelfCareStepEntity>'.
2026-04-22T19:16:02.9772911Z w: file:///home/runner/work/prismTask/prismTask/app/src/main/java/com/averycorp/prismtask/ui/screens/habits/HabitListViewModel.kt:163:32 Unchecked cast of 'Any?' to 'List<SelfCareStepEntity>'.
2026-04-22T19:16:02.9775394Z w: file:///home/runner/work/prismTask/prismTask/app/src/main/java/com/averycorp/prismtask/ui/screens/habits/HabitListViewModel.kt:164:34 Unchecked cast of 'Any?' to 'List<SelfCareStepEntity>'.
2026-04-22T19:16:02.9777873Z w: file:///home/runner/work/prismTask/prismTask/app/src/main/java/com/averycorp/prismtask/ui/screens/habits/HabitListViewModel.kt:171:34 Unchecked cast of 'Any?' to 'List<SelfCareStepEntity>'.
2026-04-22T19:16:02.9780628Z w: file:///home/runner/work/prismTask/prismTask/app/src/main/java/com/averycorp/prismtask/ui/screens/pomodoro/SmartPomodoroViewModel.kt:102:5 This annotation is currently applied to the value parameter only, but in the future it will also be applied to field.
2026-04-22T19:16:02.9783000Z - To opt in to applying to both value parameter and field, add '-Xannotation-default-target=param-property' to your compiler arguments.
2026-04-22T19:16:02.9784411Z - To keep applying to the value parameter only, use the '@param:' annotation target.
2026-04-22T19:16:02.9784981Z 
2026-04-22T19:16:02.9785337Z See https://youtrack.jetbrains.com/issue/KT-73255 for more details.
2026-04-22T19:16:02.9787425Z w: file:///home/runner/work/prismTask/prismTask/app/src/main/java/com/averycorp/prismtask/ui/screens/schoolwork/SyllabusViewModel.kt:30:5 This annotation is currently applied to the value parameter only, but in the future it will also be applied to field.
2026-04-22T19:16:02.9789709Z - To opt in to applying to both value parameter and field, add '-Xannotation-default-target=param-property' to your compiler arguments.
2026-04-22T19:16:02.9791007Z - To keep applying to the value parameter only, use the '@param:' annotation target.
2026-04-22T19:16:02.9791595Z 
2026-04-22T19:16:02.9791938Z See https://youtrack.jetbrains.com/issue/KT-73255 for more details.
2026-04-22T19:16:02.9794005Z w: file:///home/runner/work/prismTask/prismTask/app/src/main/java/com/averycorp/prismtask/ui/screens/settings/SettingsViewModel.kt:70:5 This annotation is currently applied to the value parameter only, but in the future it will also be applied to field.
2026-04-22T19:16:02.9796289Z - To opt in to applying to both value parameter and field, add '-Xannotation-default-target=param-property' to your compiler arguments.
2026-04-22T19:16:02.9797547Z - To keep applying to the value parameter only, use the '@param:' annotation target.
2026-04-22T19:16:02.9798118Z 
2026-04-22T19:16:02.9798462Z See https://youtrack.jetbrains.com/issue/KT-73255 for more details.
2026-04-22T19:16:02.9800586Z w: file:///home/runner/work/prismTask/prismTask/app/src/main/java/com/averycorp/prismtask/ui/screens/tasklist/TaskListScreen.kt:485:55 'val Icons.Filled.FormatListBulleted: ImageVector' is deprecated. Use the AutoMirrored version at Icons.AutoMirrored.Filled.FormatListBulleted.
2026-04-22T19:16:02.9803962Z w: file:///home/runner/work/prismTask/prismTask/app/src/main/java/com/averycorp/prismtask/ui/screens/templates/TemplatePickerSheet.kt:238:35 'val Icons.Filled.OpenInNew: ImageVector' is deprecated. Use the AutoMirrored version at Icons.AutoMirrored.Filled.OpenInNew.
2026-04-22T19:16:02.9807020Z w: file:///home/runner/work/prismTask/prismTask/app/src/main/java/com/averycorp/prismtask/ui/screens/timer/TimerViewModel.kt:43:5 This annotation is currently applied to the value parameter only, but in the future it will also be applied to field.
2026-04-22T19:16:02.9809236Z - To opt in to applying to both value parameter and field, add '-Xannotation-default-target=param-property' to your compiler arguments.
2026-04-22T19:16:02.9810501Z - To keep applying to the value parameter only, use the '@param:' annotation target.
2026-04-22T19:16:02.9811087Z 
2026-04-22T19:16:02.9811438Z See https://youtrack.jetbrains.com/issue/KT-73255 for more details.
2026-04-22T19:16:02.9813923Z w: file:///home/runner/work/prismTask/prismTask/app/src/main/java/com/averycorp/prismtask/ui/screens/today/TodayScreen.kt:839:9 'fun AlertDialog(onDismissRequest: () -> Unit, modifier: Modifier = ..., properties: DialogProperties = ..., content: ComposableFunction0<Unit>): Unit' is deprecated. Use BasicAlertDialog instead.
2026-04-22T19:16:02.9817195Z w: file:///home/runner/work/prismTask/prismTask/app/src/main/java/com/averycorp/prismtask/ui/screens/today/components/TodayProgressHeader.kt:185:68 Redundant call of conversion method.
2026-04-22T19:16:02.9819547Z w: file:///home/runner/work/prismTask/prismTask/app/src/main/java/com/averycorp/prismtask/ui/screens/today/components/TodayProgressHeader.kt:186:68 Redundant call of conversion method.
2026-04-22T19:16:02.9821803Z w: file:///home/runner/work/prismTask/prismTask/app/src/main/java/com/averycorp/prismtask/ui/screens/today/components/TodayProgressHeader.kt:187:68 Redundant call of conversion method.
2026-04-22T19:16:02.9824201Z w: file:///home/runner/work/prismTask/prismTask/app/src/main/java/com/averycorp/prismtask/ui/screens/today/components/TodayProgressHeader.kt:188:68 Redundant call of conversion method.
2026-04-22T19:16:02.9826792Z w: file:///home/runner/work/prismTask/prismTask/app/src/main/java/com/averycorp/prismtask/widget/WidgetUpdateManager.kt:27:5 This annotation is currently applied to the value parameter only, but in the future it will also be applied to field.
2026-04-22T19:16:02.9829046Z - To opt in to applying to both value parameter and field, add '-Xannotation-default-target=param-property' to your compiler arguments.
2026-04-22T19:16:02.9830350Z - To keep applying to the value parameter only, use the '@param:' annotation target.
2026-04-22T19:16:02.9830933Z 
2026-04-22T19:16:02.9831292Z See https://youtrack.jetbrains.com/issue/KT-73255 for more details.
2026-04-22T19:16:02.9833193Z w: file:///home/runner/work/prismTask/prismTask/app/src/main/java/com/averycorp/prismtask/workers/CalendarSyncScheduler.kt:33:5 This annotation is currently applied to the value parameter only, but in the future it will also be applied to field.
2026-04-22T19:16:02.9835565Z - To opt in to applying to both value parameter and field, add '-Xannotation-default-target=param-property' to your compiler arguments.
2026-04-22T19:16:02.9836818Z - To keep applying to the value parameter only, use the '@param:' annotation target.
2026-04-22T19:16:02.9837403Z 
2026-04-22T19:16:02.9837753Z See https://youtrack.jetbrains.com/issue/KT-73255 for more details.
2026-04-22T19:16:11.8954049Z 
2026-04-22T19:16:11.9015608Z > Task :app:compileDebugJavaWithJavac
2026-04-22T19:16:11.9060231Z > Task :app:hiltSyncDebug
2026-04-22T19:16:12.6935684Z > Task :app:hiltAggregateDepsDebug FROM-CACHE
2026-04-22T19:16:17.2961889Z > Task :app:hiltJavaCompileDebug
2026-04-22T19:16:17.5947986Z > Task :app:bundleDebugClassesToCompileJar
2026-04-22T19:16:17.9932967Z > Task :app:generateDebugLintReportModel
2026-04-22T19:16:18.2945095Z > Task :app:generateDebugAndroidTestLintModel
2026-04-22T19:16:18.4964625Z > Task :app:generateDebugUnitTestLintModel
2026-04-22T19:16:48.4932929Z > Task :app:lintAnalyzeDebug
2026-04-22T19:16:48.5944424Z > Task :app:lintAnalyzeDebugAndroidTest
2026-04-22T19:16:48.5974464Z > Task :app:lintAnalyzeDebugUnitTest
2026-04-22T19:18:59.2946127Z 
2026-04-22T19:18:59.2957080Z > Task :app:lintReportDebug
2026-04-22T19:18:59.2963707Z Wrote HTML report to file:///home/runner/work/prismTask/prismTask/app/build/reports/lint-results-debug.html
2026-04-22T19:18:59.2964877Z 
2026-04-22T19:18:59.2965469Z > Task :app:lintDebug
2026-04-22T19:18:59.2970303Z > Task :app:lint
2026-04-22T19:18:59.2976313Z gradle/actions: Writing build results to /home/runner/work/_temp/.gradle-actions/build-results/__run_3-1776885227305.json
2026-04-22T19:18:59.2987397Z 
2026-04-22T19:18:59.2988568Z [Incubating] Problems report is available at: file:///home/runner/work/prismTask/prismTask/build/reports/problems/problems-report.html
2026-04-22T19:18:59.2989744Z 
2026-04-22T19:18:59.2990524Z Deprecated Gradle features were used in this build, making it incompatible with Gradle 10.
2026-04-22T19:18:59.2991864Z 
2026-04-22T19:18:59.2992827Z You can use '--warning-mode all' to show the individual deprecation warnings and determine if they come from your own scripts or plugins.
2026-04-22T19:18:59.2994240Z 
2026-04-22T19:18:59.2995523Z For more on this, please refer to https://docs.gradle.org/9.3.1/userguide/command_line_interface.html#sec:command_line_warnings in the Gradle documentation.
2026-04-22T19:18:59.2996978Z 
2026-04-22T19:18:59.2997381Z BUILD SUCCESSFUL in 5m 12s
2026-04-22T19:18:59.2998450Z 36 actionable tasks: 23 executed, 13 from cache
2026-04-22T19:18:59.3807820Z ##[group]Run set -euo pipefail
2026-04-22T19:18:59.3808405Z [36;1mset -euo pipefail[0m
2026-04-22T19:18:59.3808892Z [36;1mshopt -s globstar nullglob[0m
2026-04-22T19:18:59.3809466Z [36;1mxmls=(app/build/test-results/**/*.xml)[0m
2026-04-22T19:18:59.3810028Z [36;1mif [ ${#xmls[@]} -eq 0 ]; then[0m
2026-04-22T19:18:59.3810891Z [36;1m  echo "::error::No JUnit XML results found under app/build/test-results/. Did the test task run?"[0m
2026-04-22T19:18:59.3811756Z [36;1m  exit 1[0m
2026-04-22T19:18:59.3812138Z [36;1mfi[0m
2026-04-22T19:18:59.3812492Z [36;1mfailed=0[0m
2026-04-22T19:18:59.3812887Z [36;1mfor f in "${xmls[@]}"; do[0m
2026-04-22T19:18:59.3813784Z [36;1m  fails=$(grep -oE 'failures="[0-9]+"' "$f" | head -n1 | grep -oE '[0-9]+' || echo 0)[0m
2026-04-22T19:18:59.3814587Z [36;1m  errs=$(grep -oE 'errors="[0-9]+"' "$f" | head -n1 | grep -oE '[0-9]+' || echo 0)[0m
2026-04-22T19:18:59.3815367Z [36;1m  if [ "${fails:-0}" -gt 0 ] || [ "${errs:-0}" -gt 0 ]; then[0m
2026-04-22T19:18:59.3816288Z [36;1m    echo "::error file=${f}::${fails} failure(s), ${errs} error(s) in ${f}"[0m
2026-04-22T19:18:59.3817015Z [36;1m    failed=$((failed + fails + errs))[0m
2026-04-22T19:18:59.3817472Z [36;1m  fi[0m
2026-04-22T19:18:59.3817807Z [36;1mdone[0m
2026-04-22T19:18:59.3818148Z [36;1mif [ "$failed" -gt 0 ]; then[0m
2026-04-22T19:18:59.3819044Z [36;1m  echo "::error::${failed} unit-test failure(s)/error(s) detected. See annotations and the test-results artifact."[0m
2026-04-22T19:18:59.3819991Z [36;1m  exit 1[0m
2026-04-22T19:18:59.3820344Z [36;1mfi[0m
2026-04-22T19:18:59.3820787Z [36;1mecho "All ${#xmls[@]} JUnit XML reports clean."[0m
2026-04-22T19:18:59.3841346Z shell: /usr/bin/bash --noprofile --norc -e -o pipefail {0}
2026-04-22T19:18:59.3841955Z env:
2026-04-22T19:18:59.3842511Z   JAVA_HOME: /opt/hostedtoolcache/Java_Temurin-Hotspot_jdk/21.0.10-7/x64
2026-04-22T19:18:59.3843561Z   JAVA_HOME_21_X64: /opt/hostedtoolcache/Java_Temurin-Hotspot_jdk/21.0.10-7/x64
2026-04-22T19:18:59.3844409Z   GRADLE_ACTION_ID: gradle/actions/setup-gradle
2026-04-22T19:18:59.3844988Z   GRADLE_USER_HOME: /home/runner/.gradle
2026-04-22T19:18:59.3845532Z   GRADLE_BUILD_ACTION_SETUP_COMPLETED: true
2026-04-22T19:18:59.3846072Z   GRADLE_BUILD_ACTION_CACHE_RESTORED: true
2026-04-22T19:18:59.3846886Z   DEVELOCITY_INJECTION_INIT_SCRIPT_NAME: gradle-actions.inject-develocity.init.gradle
2026-04-22T19:18:59.3847764Z   DEVELOCITY_INJECTION_CUSTOM_VALUE: gradle-actions
2026-04-22T19:18:59.3848352Z   GITHUB_DEPENDENCY_GRAPH_ENABLED: false
2026-04-22T19:18:59.3848847Z ##[endgroup]
2026-04-22T19:18:59.3914852Z ##[error]No JUnit XML results found under app/build/test-results/. Did the test task run?
2026-04-22T19:18:59.3916892Z ##[error]Process completed with exit code 1.
2026-04-22T19:18:59.3977336Z ##[group]Run actions/upload-artifact@v4
2026-04-22T19:18:59.3977650Z with:
2026-04-22T19:18:59.3977857Z   name: lint-report
2026-04-22T19:18:59.3978136Z   path: app/build/reports/lint-results-debug.html
2026-04-22T19:18:59.3978455Z   retention-days: 7
2026-04-22T19:18:59.3978689Z   if-no-files-found: warn
2026-04-22T19:18:59.3978944Z   compression-level: 6
2026-04-22T19:18:59.3979180Z   overwrite: false
2026-04-22T19:18:59.3979406Z   include-hidden-files: false
2026-04-22T19:18:59.3979666Z env:
2026-04-22T19:18:59.3979979Z   JAVA_HOME: /opt/hostedtoolcache/Java_Temurin-Hotspot_jdk/21.0.10-7/x64
2026-04-22T19:18:59.3980574Z   JAVA_HOME_21_X64: /opt/hostedtoolcache/Java_Temurin-Hotspot_jdk/21.0.10-7/x64
2026-04-22T19:18:59.3980996Z   GRADLE_ACTION_ID: gradle/actions/setup-gradle
2026-04-22T19:18:59.3981325Z   GRADLE_USER_HOME: /home/runner/.gradle
2026-04-22T19:18:59.3981624Z   GRADLE_BUILD_ACTION_SETUP_COMPLETED: true
2026-04-22T19:18:59.3982000Z   GRADLE_BUILD_ACTION_CACHE_RESTORED: true
2026-04-22T19:18:59.3982439Z   DEVELOCITY_INJECTION_INIT_SCRIPT_NAME: gradle-actions.inject-develocity.init.gradle
2026-04-22T19:18:59.3982922Z   DEVELOCITY_INJECTION_CUSTOM_VALUE: gradle-actions
2026-04-22T19:18:59.3983248Z   GITHUB_DEPENDENCY_GRAPH_ENABLED: false
2026-04-22T19:18:59.3983719Z ##[endgroup]
2026-04-22T19:18:59.6178747Z With the provided path, there will be 1 file uploaded
2026-04-22T19:18:59.6185313Z Artifact name is valid!
2026-04-22T19:18:59.6186855Z Root directory input is valid!
2026-04-22T19:18:59.7887503Z Beginning upload of artifact content to blob storage
2026-04-22T19:18:59.9545145Z Uploaded bytes 39343
2026-04-22T19:18:59.9922453Z Finished uploading artifact content to blob storage!
2026-04-22T19:18:59.9926199Z SHA256 digest of uploaded artifact zip is acfe0d79917d8b497bd21f08ed33aca10a096cb8538ef1c4f3413a0df83f2c82
2026-04-22T19:18:59.9928793Z Finalizing artifact upload
2026-04-22T19:19:00.1197809Z Artifact lint-report.zip successfully finalized. Artifact ID 6586711871
2026-04-22T19:19:00.1199096Z Artifact lint-report has been successfully uploaded! Final size is 39343 bytes. Artifact ID is 6586711871
2026-04-22T19:19:00.1208072Z Artifact download URL: https://github.com/akarlin3/prismTask/actions/runs/24797536285/artifacts/6586711871
2026-04-22T19:19:00.1299866Z ##[group]Run actions/upload-artifact@v4
2026-04-22T19:19:00.1300206Z with:
2026-04-22T19:19:00.1300424Z   name: detekt-report
2026-04-22T19:19:00.1300703Z   path: app/build/reports/detekt/
2026-04-22T19:19:00.1301003Z   retention-days: 7
2026-04-22T19:19:00.1301251Z   if-no-files-found: warn
2026-04-22T19:19:00.1301532Z   compression-level: 6
2026-04-22T19:19:00.1301775Z   overwrite: false
2026-04-22T19:19:00.1302023Z   include-hidden-files: false
2026-04-22T19:19:00.1302285Z env:
2026-04-22T19:19:00.1302607Z   JAVA_HOME: /opt/hostedtoolcache/Java_Temurin-Hotspot_jdk/21.0.10-7/x64
2026-04-22T19:19:00.1303099Z   JAVA_HOME_21_X64: /opt/hostedtoolcache/Java_Temurin-Hotspot_jdk/21.0.10-7/x64
2026-04-22T19:19:00.1303878Z   GRADLE_ACTION_ID: gradle/actions/setup-gradle
2026-04-22T19:19:00.1304303Z   GRADLE_USER_HOME: /home/runner/.gradle
2026-04-22T19:19:00.1304602Z   GRADLE_BUILD_ACTION_SETUP_COMPLETED: true
2026-04-22T19:19:00.1304919Z   GRADLE_BUILD_ACTION_CACHE_RESTORED: true
2026-04-22T19:19:00.1305423Z   DEVELOCITY_INJECTION_INIT_SCRIPT_NAME: gradle-actions.inject-develocity.init.gradle
2026-04-22T19:19:00.1305907Z   DEVELOCITY_INJECTION_CUSTOM_VALUE: gradle-actions
2026-04-22T19:19:00.1306242Z   GITHUB_DEPENDENCY_GRAPH_ENABLED: false
2026-04-22T19:19:00.1306529Z ##[endgroup]
2026-04-22T19:19:00.3351292Z With the provided path, there will be 2 files uploaded
2026-04-22T19:19:00.3356077Z Artifact name is valid!
2026-04-22T19:19:00.3357223Z Root directory input is valid!
2026-04-22T19:19:00.5200373Z Beginning upload of artifact content to blob storage
2026-04-22T19:19:00.6384580Z Uploaded bytes 4911
2026-04-22T19:19:00.6720116Z Finished uploading artifact content to blob storage!
2026-04-22T19:19:00.6722278Z SHA256 digest of uploaded artifact zip is 4fc06c06c16ef39004e659a822ae336488c4d6a452a4c712aaa10efe8874dc65
2026-04-22T19:19:00.6724176Z Finalizing artifact upload
2026-04-22T19:19:00.8005865Z Artifact detekt-report.zip successfully finalized. Artifact ID 6586712066
2026-04-22T19:19:00.8007303Z Artifact detekt-report has been successfully uploaded! Final size is 4911 bytes. Artifact ID is 6586712066
2026-04-22T19:19:00.8014132Z Artifact download URL: https://github.com/akarlin3/prismTask/actions/runs/24797536285/artifacts/6586712066
2026-04-22T19:19:00.8126716Z ##[group]Run actions/upload-artifact@v4
2026-04-22T19:19:00.8127470Z with:
2026-04-22T19:19:00.8127861Z   name: test-results
2026-04-22T19:19:00.8128323Z   path: app/build/test-results/
2026-04-22T19:19:00.8128802Z   retention-days: 7
2026-04-22T19:19:00.8129224Z   if-no-files-found: warn
2026-04-22T19:19:00.8129693Z   compression-level: 6
2026-04-22T19:19:00.8130145Z   overwrite: false
2026-04-22T19:19:00.8130582Z   include-hidden-files: false
2026-04-22T19:19:00.8131061Z env:
2026-04-22T19:19:00.8131629Z   JAVA_HOME: /opt/hostedtoolcache/Java_Temurin-Hotspot_jdk/21.0.10-7/x64
2026-04-22T19:19:00.8132572Z   JAVA_HOME_21_X64: /opt/hostedtoolcache/Java_Temurin-Hotspot_jdk/21.0.10-7/x64
2026-04-22T19:19:00.8133536Z   GRADLE_ACTION_ID: gradle/actions/setup-gradle
2026-04-22T19:19:00.8134161Z   GRADLE_USER_HOME: /home/runner/.gradle
2026-04-22T19:19:00.8134723Z   GRADLE_BUILD_ACTION_SETUP_COMPLETED: true
2026-04-22T19:19:00.8135281Z   GRADLE_BUILD_ACTION_CACHE_RESTORED: true
2026-04-22T19:19:00.8136167Z   DEVELOCITY_INJECTION_INIT_SCRIPT_NAME: gradle-actions.inject-develocity.init.gradle
2026-04-22T19:19:00.8136983Z   DEVELOCITY_INJECTION_CUSTOM_VALUE: gradle-actions
2026-04-22T19:19:00.8137540Z   GITHUB_DEPENDENCY_GRAPH_ENABLED: false
2026-04-22T19:19:00.8138023Z ##[endgroup]
2026-04-22T19:19:01.0186803Z ##[warning]No files were found with the provided path: app/build/test-results/. No artifacts will be uploaded.
2026-04-22T19:19:01.0286751Z Post job cleanup.
2026-04-22T19:19:01.0376467Z Post job cleanup.
2026-04-22T19:19:01.3320079Z In post-action step
2026-04-22T19:19:01.3332278Z ##[group]Stopping Gradle daemons
2026-04-22T19:19:01.3333578Z Stopping Gradle daemons for /home/runner/.gradle/wrapper/dists/gradle-9.3.1-bin/23ovyewtku6u96viwx3xl3oks/gradle-9.3.1
2026-04-22T19:19:01.3351232Z [command]/home/runner/.gradle/wrapper/dists/gradle-9.3.1-bin/23ovyewtku6u96viwx3xl3oks/gradle-9.3.1/bin/gradle --stop
2026-04-22T19:19:01.9507563Z Stopping Daemon(s)
2026-04-22T19:19:01.9508408Z 1 Daemon stopped
2026-04-22T19:19:01.9710118Z ##[endgroup]
2026-04-22T19:19:01.9711007Z Not performing cache-cleanup due to build failure
2026-04-22T19:19:01.9711706Z ##[group]Caching Gradle state
2026-04-22T19:19:02.4609013Z [command]/usr/bin/tar --posix -cf cache.tzst --exclude cache.tzst -P -C /home/runner/work/prismTask/prismTask --files-from manifest.txt --use-compress-program zstdmt
2026-04-22T19:19:03.0776705Z Sent 396811 of 396811 (100.0%), 1.4 MBs/sec
2026-04-22T19:19:03.2685102Z Saved cache entry with key gradle-kotlin-dsl-v1-5101ac4681719f453341bc9d83c514ca from /home/runner/.gradle/caches/*/kotlin-dsl/accessors/*/,/home/runner/.gradle/caches/*/kotlin-dsl/scripts/*/ in 884ms
2026-04-22T19:19:05.2793925Z [command]/usr/bin/tar --posix -cf cache.tzst --exclude cache.tzst -P -C /home/runner/work/prismTask/prismTask --files-from manifest.txt --use-compress-program zstdmt
2026-04-22T19:19:09.7778466Z Sent 0 of 444747989 (0.0%), 0.0 MBs/sec
2026-04-22T19:19:10.5762436Z Sent 444747989 of 444747989 (100.0%), 235.9 MBs/sec
2026-04-22T19:19:10.7721359Z Saved cache entry with key gradle-transforms-v1-6af9f77e3198fc957631e0e51625d587 from /home/runner/.gradle/caches/transforms-4/*/,/home/runner/.gradle/caches/*/transforms/*/ in 7000ms
2026-04-22T19:19:11.9894771Z [command]/usr/bin/tar --posix -cf cache.tzst --exclude cache.tzst -P -C /home/runner/work/prismTask/prismTask --files-from manifest.txt --use-compress-program zstdmt
2026-04-22T19:19:13.4260838Z Sent 56793073 of 56793073 (100.0%), 54.2 MBs/sec
2026-04-22T19:19:13.8628453Z Saved cache entry with key gradle-home-v1|Linux-X64|lint-and-test[5df42585ae8f8da228c604b8b4e8707c]-a4e219c90c3a48db395aa7097fccb06a25aa735e from /home/runner/.gradle/caches,/home/runner/.gradle/notifications,/home/runner/.gradle/.setup-gradle in 1882ms
2026-04-22T19:19:13.8629842Z ##[endgroup]
2026-04-22T19:19:13.8634341Z Generating Job Summary
2026-04-22T19:19:13.8648109Z Completed post-action step
2026-04-22T19:19:13.8837552Z Post job cleanup.
2026-04-22T19:19:14.0515151Z Post job cleanup.
2026-04-22T19:19:14.1471733Z [command]/usr/bin/git version
2026-04-22T19:19:14.1504635Z git version 2.53.0
2026-04-22T19:19:14.1545693Z Temporarily overriding HOME='/home/runner/work/_temp/d7b7f0ab-00f4-4f37-8cb9-0aaaec5174c7' before making global git config changes
2026-04-22T19:19:14.1547361Z Adding repository directory to the temporary git global config as a safe directory
2026-04-22T19:19:14.1560423Z [command]/usr/bin/git config --global --add safe.directory /home/runner/work/prismTask/prismTask
2026-04-22T19:19:14.1593521Z [command]/usr/bin/git config --local --name-only --get-regexp core\.sshCommand
2026-04-22T19:19:14.1623070Z [command]/usr/bin/git submodule foreach --recursive sh -c "git config --local --name-only --get-regexp 'core\.sshCommand' && git config --local --unset-all 'core.sshCommand' || :"
2026-04-22T19:19:14.1806112Z [command]/usr/bin/git config --local --name-only --get-regexp http\.https\:\/\/github\.com\/\.extraheader
2026-04-22T19:19:14.1825632Z http.https://github.com/.extraheader
2026-04-22T19:19:14.1837073Z [command]/usr/bin/git config --local --unset-all http.https://github.com/.extraheader
2026-04-22T19:19:14.1864859Z [command]/usr/bin/git submodule foreach --recursive sh -c "git config --local --name-only --get-regexp 'http\.https\:\/\/github\.com\/\.extraheader' && git config --local --unset-all 'http.https://github.com/.extraheader' || :"
2026-04-22T19:19:14.2043555Z [command]/usr/bin/git config --local --name-only --get-regexp ^includeIf\.gitdir:
2026-04-22T19:19:14.2073464Z [command]/usr/bin/git submodule foreach --recursive git config --local --show-origin --name-only --get-regexp remote.origin.url
2026-04-22T19:19:14.2365527Z Cleaning up orphan processes
2026-04-22T19:19:14.2588336Z ##[warning]Node.js 20 actions are deprecated. The following actions are running on Node.js 20 and may not work as expected: actions/checkout@v4, actions/setup-java@v4, actions/upload-artifact@v4, gradle/actions/setup-gradle@v4. Actions will be forced to run with Node.js 24 by default starting June 2nd, 2026. Node.js 20 will be removed from the runner on September 16th, 2026. Please check if updated versions of these actions are available that support Node.js 24. To opt into Node.js 24 now, set the FORCE_JAVASCRIPT_ACTIONS_TO_NODE24=true environment variable on the runner or in your workflow file. Once Node.js 24 becomes the default, you can temporarily opt out by setting ACTIONS_ALLOW_USE_UNSECURE_NODE_VERSION=true. For more information see: https://github.blog/changelog/2025-09-19-deprecation-of-node-20-on-github-actions-runners/
