=== CI FAILURE ===
Workflow:      Android CI
Workflow file: averycorp/prismTask/.github/workflows/android-ci.yml@refs/pull/910/merge
Job(s):        autofix
Run ID:        25070672322
Run attempt:   1
Run URL:       https://github.com/averycorp/prismTask/actions/runs/25070672322
Commit:        6fb79447f46d00dd0a77472b30fb8df926064161
Branch:        910/merge
Event:         pull_request
Actor:         akarlin3
Runner OS:     Linux
Timestamp:     2026-04-28T18:39:18.305Z

Failed steps:
  - autofix: #9 Commit formatting fixes

=== FAILED JOB LOG ===

--- Job: autofix (id 73449796103) ---
2026-04-28T18:30:18.5622357Z Current runner version: '2.334.0'
2026-04-28T18:30:18.5646257Z ##[group]Runner Image Provisioner
2026-04-28T18:30:18.5647133Z Hosted Compute Agent
2026-04-28T18:30:18.5647715Z Version: 20260422.526
2026-04-28T18:30:18.5648264Z Commit: e1a9e573f4d0838b3a7c1b07401aeb29ed3635a9
2026-04-28T18:30:18.5649004Z Build Date: 2026-04-22T09:31:31Z
2026-04-28T18:30:18.5649918Z Worker ID: {43f231c2-584a-4f0b-bb84-3bd01c11e74e}
2026-04-28T18:30:18.5650572Z Azure Region: centralus
2026-04-28T18:30:18.5651196Z ##[endgroup]
2026-04-28T18:30:18.5652620Z ##[group]Operating System
2026-04-28T18:30:18.5653173Z Ubuntu
2026-04-28T18:30:18.5653704Z 24.04.4
2026-04-28T18:30:18.5654120Z LTS
2026-04-28T18:30:18.5654561Z ##[endgroup]
2026-04-28T18:30:18.5655128Z ##[group]Runner Image
2026-04-28T18:30:18.5655698Z Image: ubuntu-24.04
2026-04-28T18:30:18.5656196Z Version: 20260426.100.1
2026-04-28T18:30:18.5657369Z Included Software: https://github.com/actions/runner-images/blob/ubuntu24/20260426.100/images/ubuntu/Ubuntu2404-Readme.md
2026-04-28T18:30:18.5658780Z Image Release: https://github.com/actions/runner-images/releases/tag/ubuntu24%2F20260426.100
2026-04-28T18:30:18.5659982Z ##[endgroup]
2026-04-28T18:30:18.5661217Z ##[group]GITHUB_TOKEN Permissions
2026-04-28T18:30:18.5663107Z Actions: read
2026-04-28T18:30:18.5663667Z Checks: read
2026-04-28T18:30:18.5664169Z Contents: write
2026-04-28T18:30:18.5664698Z Metadata: read
2026-04-28T18:30:18.5665212Z PullRequests: read
2026-04-28T18:30:18.5665686Z ##[endgroup]
2026-04-28T18:30:18.5667711Z Secret source: Actions
2026-04-28T18:30:18.5668414Z Prepare workflow directory
2026-04-28T18:30:18.6007160Z Prepare all required actions
2026-04-28T18:30:18.6044953Z Getting action download info
2026-04-28T18:30:19.0329795Z Download action repository 'actions/checkout@v4' (SHA:34e114876b0b11c390a56381ad16ebd13914f8d5)
2026-04-28T18:30:19.1723708Z Download action repository 'dorny/paths-filter@v3' (SHA:d1c1ffe0248fe513906c8e24db8ea791d46f8590)
2026-04-28T18:30:19.6475189Z Download action repository 'actions/cache@v4' (SHA:0057852bfaa89a56745cba8c7296529d2fc39830)
2026-04-28T18:30:19.8905964Z Complete job name: autofix
2026-04-28T18:30:19.9688546Z ##[group]Run actions/checkout@v4
2026-04-28T18:30:19.9689443Z with:
2026-04-28T18:30:19.9690646Z   token: ***
2026-04-28T18:30:19.9691090Z   ref: feat/task-timing-firestore-sync
2026-04-28T18:30:19.9691643Z   fetch-depth: 0
2026-04-28T18:30:19.9692091Z   repository: averycorp/prismTask
2026-04-28T18:30:19.9692602Z   ssh-strict: true
2026-04-28T18:30:19.9693017Z   ssh-user: git
2026-04-28T18:30:19.9693461Z   persist-credentials: true
2026-04-28T18:30:19.9693937Z   clean: true
2026-04-28T18:30:19.9694364Z   sparse-checkout-cone-mode: true
2026-04-28T18:30:19.9694892Z   fetch-tags: false
2026-04-28T18:30:19.9695327Z   show-progress: true
2026-04-28T18:30:19.9695756Z   lfs: false
2026-04-28T18:30:19.9696156Z   submodules: false
2026-04-28T18:30:19.9696583Z   set-safe-directory: true
2026-04-28T18:30:19.9697348Z ##[endgroup]
2026-04-28T18:30:20.0830236Z Syncing repository: averycorp/prismTask
2026-04-28T18:30:20.0832608Z ##[group]Getting Git version info
2026-04-28T18:30:20.0834035Z Working directory is '/home/runner/work/prismTask/prismTask'
2026-04-28T18:30:20.0836146Z [command]/usr/bin/git version
2026-04-28T18:30:20.0928345Z git version 2.54.0
2026-04-28T18:30:20.0955006Z ##[endgroup]
2026-04-28T18:30:20.0971029Z Temporarily overriding HOME='/home/runner/work/_temp/f85b1be3-6f04-4198-9044-e5fbcf84fe56' before making global git config changes
2026-04-28T18:30:20.0973788Z Adding repository directory to the temporary git global config as a safe directory
2026-04-28T18:30:20.0977169Z [command]/usr/bin/git config --global --add safe.directory /home/runner/work/prismTask/prismTask
2026-04-28T18:30:20.1027515Z Deleting the contents of '/home/runner/work/prismTask/prismTask'
2026-04-28T18:30:20.1031248Z ##[group]Initializing the repository
2026-04-28T18:30:20.1036276Z [command]/usr/bin/git init /home/runner/work/prismTask/prismTask
2026-04-28T18:30:20.1151215Z hint: Using 'master' as the name for the initial branch. This default branch name
2026-04-28T18:30:20.1152849Z hint: will change to "main" in Git 3.0. To configure the initial branch name
2026-04-28T18:30:20.1154044Z hint: to use in all of your new repositories, which will suppress this warning,
2026-04-28T18:30:20.1154936Z hint: call:
2026-04-28T18:30:20.1155372Z hint:
2026-04-28T18:30:20.1155945Z hint: 	git config --global init.defaultBranch <name>
2026-04-28T18:30:20.1156668Z hint:
2026-04-28T18:30:20.1157333Z hint: Names commonly chosen instead of 'master' are 'main', 'trunk' and
2026-04-28T18:30:20.1159117Z hint: 'development'. The just-created branch can be renamed via this command:
2026-04-28T18:30:20.1160456Z hint:
2026-04-28T18:30:20.1160927Z hint: 	git branch -m <name>
2026-04-28T18:30:20.1161463Z hint:
2026-04-28T18:30:20.1162175Z hint: Disable this message with "git config set advice.defaultBranchName false"
2026-04-28T18:30:20.1163744Z Initialized empty Git repository in /home/runner/work/prismTask/prismTask/.git/
2026-04-28T18:30:20.1169879Z [command]/usr/bin/git remote add origin https://github.com/averycorp/prismTask
2026-04-28T18:30:20.1215063Z ##[endgroup]
2026-04-28T18:30:20.1215876Z ##[group]Disabling automatic garbage collection
2026-04-28T18:30:20.1218708Z [command]/usr/bin/git config --local gc.auto 0
2026-04-28T18:30:20.1245811Z ##[endgroup]
2026-04-28T18:30:20.1246563Z ##[group]Setting up auth
2026-04-28T18:30:20.1254159Z [command]/usr/bin/git config --local --name-only --get-regexp core\.sshCommand
2026-04-28T18:30:20.1286954Z [command]/usr/bin/git submodule foreach --recursive sh -c "git config --local --name-only --get-regexp 'core\.sshCommand' && git config --local --unset-all 'core.sshCommand' || :"
2026-04-28T18:30:20.1658772Z [command]/usr/bin/git config --local --name-only --get-regexp http\.https\:\/\/github\.com\/\.extraheader
2026-04-28T18:30:20.1692069Z [command]/usr/bin/git submodule foreach --recursive sh -c "git config --local --name-only --get-regexp 'http\.https\:\/\/github\.com\/\.extraheader' && git config --local --unset-all 'http.https://github.com/.extraheader' || :"
2026-04-28T18:30:20.1905074Z [command]/usr/bin/git config --local --name-only --get-regexp ^includeIf\.gitdir:
2026-04-28T18:30:20.1935150Z [command]/usr/bin/git submodule foreach --recursive git config --local --show-origin --name-only --get-regexp remote.origin.url
2026-04-28T18:30:20.2151073Z [command]/usr/bin/git config --local http.https://github.com/.extraheader AUTHORIZATION: basic ***
2026-04-28T18:30:20.2184043Z ##[endgroup]
2026-04-28T18:30:20.2184834Z ##[group]Fetching the repository
2026-04-28T18:30:20.2192758Z [command]/usr/bin/git -c protocol.version=2 fetch --prune --no-recurse-submodules origin +refs/heads/*:refs/remotes/origin/* +refs/tags/*:refs/tags/*
2026-04-28T18:30:39.0360809Z From https://github.com/averycorp/prismTask
2026-04-28T18:30:39.0365546Z  * [new branch]        ci-logs         -> origin/ci-logs
2026-04-28T18:30:39.0366607Z  * [new branch]        feat/task-timing-firestore-sync -> origin/feat/task-timing-firestore-sync
2026-04-28T18:30:39.0368083Z  * [new branch]        feat/time-tracking-aggregator -> origin/feat/time-tracking-aggregator
2026-04-28T18:30:39.0369022Z  * [new branch]        main            -> origin/main
2026-04-28T18:30:39.0370110Z  * [new branch]        v0.1.0-legacy   -> origin/v0.1.0-legacy
2026-04-28T18:30:39.0370895Z  * [new branch]        v0.2.0-legacy   -> origin/v0.2.0-legacy
2026-04-28T18:30:39.0371693Z  * [new branch]        v0.3.0-legacy   -> origin/v0.3.0-legacy
2026-04-28T18:30:39.0372434Z  * [new branch]        v0.4.0-legacy   -> origin/v0.4.0-legacy
2026-04-28T18:30:39.0373228Z  * [new branch]        v0.5.0-legacy   -> origin/v0.5.0-legacy
2026-04-28T18:30:39.0374023Z  * [new branch]        v0.6.0-legacy   -> origin/v0.6.0-legacy
2026-04-28T18:30:39.0374803Z  * [new branch]        v0.7.0-legacy   -> origin/v0.7.0-legacy
2026-04-28T18:30:39.0375472Z  * [new tag]           v0.1.0          -> v0.1.0
2026-04-28T18:30:39.0376081Z  * [new tag]           v0.2.0          -> v0.2.0
2026-04-28T18:30:39.0377232Z  * [new tag]           v0.3.0          -> v0.3.0
2026-04-28T18:30:39.0377857Z  * [new tag]           v0.4.0          -> v0.4.0
2026-04-28T18:30:39.0378441Z  * [new tag]           v0.5.0          -> v0.5.0
2026-04-28T18:30:39.0379008Z  * [new tag]           v0.7.0          -> v0.7.0
2026-04-28T18:30:39.0379755Z  * [new tag]           v0.7.12         -> v0.7.12
2026-04-28T18:30:39.0380355Z  * [new tag]           v0.7.13         -> v0.7.13
2026-04-28T18:30:39.0380837Z  * [new tag]           v0.7.14         -> v0.7.14
2026-04-28T18:30:39.0381173Z  * [new tag]           v0.7.15         -> v0.7.15
2026-04-28T18:30:39.0381503Z  * [new tag]           v0.7.16         -> v0.7.16
2026-04-28T18:30:39.0381818Z  * [new tag]           v0.7.17         -> v0.7.17
2026-04-28T18:30:39.0382177Z  * [new tag]           v0.7.17-build.2 -> v0.7.17-build.2
2026-04-28T18:30:39.0382550Z  * [new tag]           v0.7.17-build.3 -> v0.7.17-build.3
2026-04-28T18:30:39.0382945Z  * [new tag]           v0.7.17-build.4 -> v0.7.17-build.4
2026-04-28T18:30:39.0383358Z  * [new tag]           v0.7.17-build.5 -> v0.7.17-build.5
2026-04-28T18:30:39.0383738Z  * [new tag]           v0.7.17-build.6 -> v0.7.17-build.6
2026-04-28T18:30:39.0384177Z  * [new tag]           v0.7.17-build.7 -> v0.7.17-build.7
2026-04-28T18:30:39.0384594Z  * [new tag]           v0.7.17-build.8 -> v0.7.17-build.8
2026-04-28T18:30:39.0384944Z  * [new tag]           v0.7.17-build.9 -> v0.7.17-build.9
2026-04-28T18:30:39.0385282Z  * [new tag]           v0.7.18         -> v0.7.18
2026-04-28T18:30:39.0385634Z  * [new tag]           v0.7.18-build.2 -> v0.7.18-build.2
2026-04-28T18:30:39.0386016Z  * [new tag]           v0.7.18-build.3 -> v0.7.18-build.3
2026-04-28T18:30:39.0386364Z  * [new tag]           v0.7.18-build.4 -> v0.7.18-build.4
2026-04-28T18:30:39.0386693Z  * [new tag]           v0.7.19         -> v0.7.19
2026-04-28T18:30:39.0387027Z  * [new tag]           v0.7.19-build.2 -> v0.7.19-build.2
2026-04-28T18:30:39.0387360Z  * [new tag]           v0.7.20         -> v0.7.20
2026-04-28T18:30:39.0387701Z  * [new tag]           v0.7.20-build.2 -> v0.7.20-build.2
2026-04-28T18:30:39.0388236Z  * [new tag]           v0.7.20-build.3 -> v0.7.20-build.3
2026-04-28T18:30:39.0388604Z  * [new tag]           v0.7.20-build.4 -> v0.7.20-build.4
2026-04-28T18:30:39.0388942Z  * [new tag]           v0.8.0          -> v0.8.0
2026-04-28T18:30:39.0389279Z  * [new tag]           v0.8.0-build.2  -> v0.8.0-build.2
2026-04-28T18:30:39.0389910Z  * [new tag]           v0.8.1          -> v0.8.1
2026-04-28T18:30:39.0390279Z  * [new tag]           v0.8.10         -> v0.8.10
2026-04-28T18:30:39.0390606Z  * [new tag]           v0.8.11         -> v0.8.11
2026-04-28T18:30:39.0390931Z  * [new tag]           v0.8.12         -> v0.8.12
2026-04-28T18:30:39.0391260Z  * [new tag]           v0.8.13         -> v0.8.13
2026-04-28T18:30:39.0391585Z  * [new tag]           v0.8.14         -> v0.8.14
2026-04-28T18:30:39.0391907Z  * [new tag]           v0.8.15         -> v0.8.15
2026-04-28T18:30:39.0392242Z  * [new tag]           v0.8.2          -> v0.8.2
2026-04-28T18:30:39.0392571Z  * [new tag]           v0.8.3          -> v0.8.3
2026-04-28T18:30:39.0392893Z  * [new tag]           v0.8.4          -> v0.8.4
2026-04-28T18:30:39.0393213Z  * [new tag]           v0.8.5          -> v0.8.5
2026-04-28T18:30:39.0393518Z  * [new tag]           v0.8.6          -> v0.8.6
2026-04-28T18:30:39.0393835Z  * [new tag]           v0.8.7          -> v0.8.7
2026-04-28T18:30:39.0394153Z  * [new tag]           v0.8.8          -> v0.8.8
2026-04-28T18:30:39.0394473Z  * [new tag]           v0.8.9          -> v0.8.9
2026-04-28T18:30:39.0394787Z  * [new tag]           v0.9.1          -> v0.9.1
2026-04-28T18:30:39.0395105Z  * [new tag]           v0.9.2          -> v0.9.2
2026-04-28T18:30:39.0395426Z  * [new tag]           v1.0.1          -> v1.0.1
2026-04-28T18:30:39.0395753Z  * [new tag]           v1.0.10         -> v1.0.10
2026-04-28T18:30:39.0396076Z  * [new tag]           v1.0.11         -> v1.0.11
2026-04-28T18:30:39.0396397Z  * [new tag]           v1.0.12         -> v1.0.12
2026-04-28T18:30:39.0396911Z  * [new tag]           v1.0.13         -> v1.0.13
2026-04-28T18:30:39.0397243Z  * [new tag]           v1.0.2          -> v1.0.2
2026-04-28T18:30:39.0397562Z  * [new tag]           v1.0.3          -> v1.0.3
2026-04-28T18:30:39.0397873Z  * [new tag]           v1.0.4          -> v1.0.4
2026-04-28T18:30:39.0398186Z  * [new tag]           v1.0.5          -> v1.0.5
2026-04-28T18:30:39.0398502Z  * [new tag]           v1.0.6          -> v1.0.6
2026-04-28T18:30:39.0398810Z  * [new tag]           v1.0.7          -> v1.0.7
2026-04-28T18:30:39.0399126Z  * [new tag]           v1.0.8          -> v1.0.8
2026-04-28T18:30:39.0399441Z  * [new tag]           v1.0.9          -> v1.0.9
2026-04-28T18:30:39.0400033Z  * [new tag]           v1.1.1          -> v1.1.1
2026-04-28T18:30:39.0400371Z  * [new tag]           v1.1.1-build.2  -> v1.1.1-build.2
2026-04-28T18:30:39.0400732Z  * [new tag]           v1.1.1-build.3  -> v1.1.1-build.3
2026-04-28T18:30:39.0401093Z  * [new tag]           v1.1.1-build.4  -> v1.1.1-build.4
2026-04-28T18:30:39.0401433Z  * [new tag]           v1.1.10         -> v1.1.10
2026-04-28T18:30:39.0401765Z  * [new tag]           v1.1.11         -> v1.1.11
2026-04-28T18:30:39.0402103Z  * [new tag]           v1.1.12         -> v1.1.12
2026-04-28T18:30:39.0402434Z  * [new tag]           v1.1.2          -> v1.1.2
2026-04-28T18:30:39.0402768Z  * [new tag]           v1.1.3          -> v1.1.3
2026-04-28T18:30:39.0403103Z  * [new tag]           v1.1.4          -> v1.1.4
2026-04-28T18:30:39.0403438Z  * [new tag]           v1.1.5          -> v1.1.5
2026-04-28T18:30:39.0403773Z  * [new tag]           v1.1.6          -> v1.1.6
2026-04-28T18:30:39.0404107Z  * [new tag]           v1.1.7          -> v1.1.7
2026-04-28T18:30:39.0404434Z  * [new tag]           v1.1.8          -> v1.1.8
2026-04-28T18:30:39.0404768Z  * [new tag]           v1.1.9          -> v1.1.9
2026-04-28T18:30:39.0405096Z  * [new tag]           v1.3.0          -> v1.3.0
2026-04-28T18:30:39.0405436Z  * [new tag]           v1.3.1          -> v1.3.1
2026-04-28T18:30:39.0405912Z  * [new tag]           v1.3.10         -> v1.3.10
2026-04-28T18:30:39.0406264Z  * [new tag]           v1.3.11         -> v1.3.11
2026-04-28T18:30:39.0406627Z  * [new tag]           v1.3.11-build.2 -> v1.3.11-build.2
2026-04-28T18:30:39.0406977Z  * [new tag]           v1.3.12         -> v1.3.12
2026-04-28T18:30:39.0407493Z  * [new tag]           v1.3.13         -> v1.3.13
2026-04-28T18:30:39.0407889Z  * [new tag]           v1.3.13-build.2 -> v1.3.13-build.2
2026-04-28T18:30:39.0408259Z  * [new tag]           v1.3.14         -> v1.3.14
2026-04-28T18:30:39.0408590Z  * [new tag]           v1.3.15         -> v1.3.15
2026-04-28T18:30:39.0408927Z  * [new tag]           v1.3.16         -> v1.3.16
2026-04-28T18:30:39.0409261Z  * [new tag]           v1.3.17         -> v1.3.17
2026-04-28T18:30:39.0409799Z  * [new tag]           v1.3.18         -> v1.3.18
2026-04-28T18:30:39.0410175Z  * [new tag]           v1.3.19         -> v1.3.19
2026-04-28T18:30:39.0410531Z  * [new tag]           v1.3.2          -> v1.3.2
2026-04-28T18:30:39.0410870Z  * [new tag]           v1.3.20         -> v1.3.20
2026-04-28T18:30:39.0411212Z  * [new tag]           v1.3.21         -> v1.3.21
2026-04-28T18:30:39.0411547Z  * [new tag]           v1.3.22         -> v1.3.22
2026-04-28T18:30:39.0411876Z  * [new tag]           v1.3.23         -> v1.3.23
2026-04-28T18:30:39.0412219Z  * [new tag]           v1.3.24         -> v1.3.24
2026-04-28T18:30:39.0412551Z  * [new tag]           v1.3.25         -> v1.3.25
2026-04-28T18:30:39.0412882Z  * [new tag]           v1.3.26         -> v1.3.26
2026-04-28T18:30:39.0413212Z  * [new tag]           v1.3.27         -> v1.3.27
2026-04-28T18:30:39.0413545Z  * [new tag]           v1.3.28         -> v1.3.28
2026-04-28T18:30:39.0413877Z  * [new tag]           v1.3.29         -> v1.3.29
2026-04-28T18:30:39.0414199Z  * [new tag]           v1.3.3          -> v1.3.3
2026-04-28T18:30:39.0414535Z  * [new tag]           v1.3.30         -> v1.3.30
2026-04-28T18:30:39.0415027Z  * [new tag]           v1.3.31         -> v1.3.31
2026-04-28T18:30:39.0415357Z  * [new tag]           v1.3.32         -> v1.3.32
2026-04-28T18:30:39.0415727Z  * [new tag]           v1.3.33         -> v1.3.33
2026-04-28T18:30:39.0416056Z  * [new tag]           v1.3.34         -> v1.3.34
2026-04-28T18:30:39.0416379Z  * [new tag]           v1.3.35         -> v1.3.35
2026-04-28T18:30:39.0416708Z  * [new tag]           v1.3.36         -> v1.3.36
2026-04-28T18:30:39.0417040Z  * [new tag]           v1.3.37         -> v1.3.37
2026-04-28T18:30:39.0417363Z  * [new tag]           v1.3.38         -> v1.3.38
2026-04-28T18:30:39.0417696Z  * [new tag]           v1.3.39         -> v1.3.39
2026-04-28T18:30:39.0418109Z  * [new tag]           v1.3.4          -> v1.3.4
2026-04-28T18:30:39.0418607Z  * [new tag]           v1.3.40         -> v1.3.40
2026-04-28T18:30:39.0483963Z  * [new tag]           v1.3.41         -> v1.3.41
2026-04-28T18:30:39.0484590Z  * [new tag]           v1.3.42         -> v1.3.42
2026-04-28T18:30:39.0485367Z  * [new tag]           v1.3.43         -> v1.3.43
2026-04-28T18:30:39.0486147Z  * [new tag]           v1.3.44         -> v1.3.44
2026-04-28T18:30:39.0486731Z  * [new tag]           v1.3.45         -> v1.3.45
2026-04-28T18:30:39.0487315Z  * [new tag]           v1.3.46         -> v1.3.46
2026-04-28T18:30:39.0487913Z  * [new tag]           v1.3.47         -> v1.3.47
2026-04-28T18:30:39.0488546Z  * [new tag]           v1.3.48         -> v1.3.48
2026-04-28T18:30:39.0489216Z  * [new tag]           v1.3.49         -> v1.3.49
2026-04-28T18:30:39.0490086Z  * [new tag]           v1.3.5          -> v1.3.5
2026-04-28T18:30:39.0490748Z  * [new tag]           v1.3.5-build.2  -> v1.3.5-build.2
2026-04-28T18:30:39.0491482Z  * [new tag]           v1.3.50         -> v1.3.50
2026-04-28T18:30:39.0492151Z  * [new tag]           v1.3.51         -> v1.3.51
2026-04-28T18:30:39.0492784Z  * [new tag]           v1.3.52         -> v1.3.52
2026-04-28T18:30:39.0493387Z  * [new tag]           v1.3.53         -> v1.3.53
2026-04-28T18:30:39.0494034Z  * [new tag]           v1.3.54         -> v1.3.54
2026-04-28T18:30:39.0494872Z  * [new tag]           v1.3.55         -> v1.3.55
2026-04-28T18:30:39.0495516Z  * [new tag]           v1.3.56         -> v1.3.56
2026-04-28T18:30:39.0496132Z  * [new tag]           v1.3.57         -> v1.3.57
2026-04-28T18:30:39.0496739Z  * [new tag]           v1.3.58         -> v1.3.58
2026-04-28T18:30:39.0497335Z  * [new tag]           v1.3.59         -> v1.3.59
2026-04-28T18:30:39.0497930Z  * [new tag]           v1.3.6          -> v1.3.6
2026-04-28T18:30:39.0498554Z  * [new tag]           v1.3.60         -> v1.3.60
2026-04-28T18:30:39.0499186Z  * [new tag]           v1.3.61         -> v1.3.61
2026-04-28T18:30:39.0500101Z  * [new tag]           v1.3.62         -> v1.3.62
2026-04-28T18:30:39.0500751Z  * [new tag]           v1.3.7          -> v1.3.7
2026-04-28T18:30:39.0501351Z  * [new tag]           v1.3.8          -> v1.3.8
2026-04-28T18:30:39.0502028Z  * [new tag]           v1.3.9          -> v1.3.9
2026-04-28T18:30:39.0502698Z  * [new tag]           v1.4.40         -> v1.4.40
2026-04-28T18:30:39.0503370Z  * [new tag]           v1.5.0          -> v1.5.0
2026-04-28T18:30:39.0503920Z  * [new tag]           v1.5.2          -> v1.5.2
2026-04-28T18:30:39.0504308Z  * [new tag]           v1.5.3          -> v1.5.3
2026-04-28T18:30:39.0504665Z  * [new tag]           v1.6.0          -> v1.6.0
2026-04-28T18:30:39.0505008Z  * [new tag]           v1.7.0          -> v1.7.0
2026-04-28T18:30:39.0505349Z  * [new tag]           v1.7.37         -> v1.7.37
2026-04-28T18:30:39.0505697Z  * [new tag]           v1.7.38         -> v1.7.38
2026-04-28T18:30:39.0506041Z  * [new tag]           v1.7.39         -> v1.7.39
2026-04-28T18:30:39.0506374Z  * [new tag]           v1.7.40         -> v1.7.40
2026-04-28T18:30:39.0506711Z  * [new tag]           v1.7.41         -> v1.7.41
2026-04-28T18:30:39.0507042Z  * [new tag]           v1.7.42         -> v1.7.42
2026-04-28T18:30:39.0507369Z  * [new tag]           v1.7.43         -> v1.7.43
2026-04-28T18:30:39.0507896Z  * [new tag]           v1.7.44         -> v1.7.44
2026-04-28T18:30:39.0508237Z  * [new tag]           v1.7.45         -> v1.7.45
2026-04-28T18:30:39.0508565Z  * [new tag]           v1.7.46         -> v1.7.46
2026-04-28T18:30:39.0508891Z  * [new tag]           v1.7.47         -> v1.7.47
2026-04-28T18:30:39.0509233Z  * [new tag]           v1.7.48         -> v1.7.48
2026-04-28T18:30:39.0509812Z  * [new tag]           v1.7.49         -> v1.7.49
2026-04-28T18:30:39.0510212Z  * [new tag]           v1.7.50         -> v1.7.50
2026-04-28T18:30:39.0510548Z  * [new tag]           v1.7.51         -> v1.7.51
2026-04-28T18:30:39.0510879Z  * [new tag]           v1.7.52         -> v1.7.52
2026-04-28T18:30:39.0511209Z  * [new tag]           v1.7.53         -> v1.7.53
2026-04-28T18:30:39.0511536Z  * [new tag]           v1.7.54         -> v1.7.54
2026-04-28T18:30:39.0511869Z  * [new tag]           v1.7.55         -> v1.7.55
2026-04-28T18:30:39.0512195Z  * [new tag]           v1.7.56         -> v1.7.56
2026-04-28T18:30:39.0512539Z  * [new tag]           v1.7.57         -> v1.7.57
2026-04-28T18:30:39.0512871Z  * [new tag]           v1.7.58         -> v1.7.58
2026-04-28T18:30:39.0513199Z  * [new tag]           v1.7.59         -> v1.7.59
2026-04-28T18:30:39.0513529Z  * [new tag]           v1.7.60         -> v1.7.60
2026-04-28T18:30:39.0513870Z  * [new tag]           v1.7.61         -> v1.7.61
2026-04-28T18:30:39.0514191Z  * [new tag]           v1.7.62         -> v1.7.62
2026-04-28T18:30:39.0514524Z  * [new tag]           v1.7.63         -> v1.7.63
2026-04-28T18:30:39.0514850Z  * [new tag]           v1.7.64         -> v1.7.64
2026-04-28T18:30:39.0515175Z  * [new tag]           v1.7.65         -> v1.7.65
2026-04-28T18:30:39.0515504Z  * [new tag]           v1.7.66         -> v1.7.66
2026-04-28T18:30:39.0515831Z  * [new tag]           v1.7.67         -> v1.7.67
2026-04-28T18:30:39.0516159Z  * [new tag]           v1.7.68         -> v1.7.68
2026-04-28T18:30:39.0516479Z  * [new tag]           v1.7.69         -> v1.7.69
2026-04-28T18:30:39.0516816Z  * [new tag]           v1.7.70         -> v1.7.70
2026-04-28T18:30:39.0517277Z  * [new tag]           v1.7.71         -> v1.7.71
2026-04-28T18:30:39.0517618Z  * [new tag]           v1.7.72         -> v1.7.72
2026-04-28T18:30:39.0517947Z  * [new tag]           v1.7.73         -> v1.7.73
2026-04-28T18:30:39.0518270Z  * [new tag]           v1.7.74         -> v1.7.74
2026-04-28T18:30:39.0518592Z  * [new tag]           v1.7.75         -> v1.7.75
2026-04-28T18:30:39.0518919Z  * [new tag]           v1.7.76         -> v1.7.76
2026-04-28T18:30:39.0519245Z  * [new tag]           v1.7.77         -> v1.7.77
2026-04-28T18:30:39.0519788Z  * [new tag]           v1.7.78         -> v1.7.78
2026-04-28T18:30:39.0520153Z  * [new tag]           v1.7.79         -> v1.7.79
2026-04-28T18:30:39.0520484Z  * [new tag]           v1.7.80         -> v1.7.80
2026-04-28T18:30:39.0520812Z  * [new tag]           v1.7.81         -> v1.7.81
2026-04-28T18:30:39.0521145Z  * [new tag]           v1.7.82         -> v1.7.82
2026-04-28T18:30:39.0521483Z  * [new tag]           v1.7.83         -> v1.7.83
2026-04-28T18:30:39.0609326Z ##[endgroup]
2026-04-28T18:30:39.0610396Z ##[group]Determining the checkout info
2026-04-28T18:30:39.0617182Z [command]/usr/bin/git branch --list --remote origin/feat/task-timing-firestore-sync
2026-04-28T18:30:39.0645632Z   origin/feat/task-timing-firestore-sync
2026-04-28T18:30:39.0650360Z ##[endgroup]
2026-04-28T18:30:39.0655043Z [command]/usr/bin/git sparse-checkout disable
2026-04-28T18:30:39.0697315Z [command]/usr/bin/git config --local --unset-all extensions.worktreeConfig
2026-04-28T18:30:39.0725484Z ##[group]Checking out the ref
2026-04-28T18:30:39.0730582Z [command]/usr/bin/git checkout --progress --force -B feat/task-timing-firestore-sync refs/remotes/origin/feat/task-timing-firestore-sync
2026-04-28T18:30:39.3236384Z Switched to a new branch 'feat/task-timing-firestore-sync'
2026-04-28T18:30:39.3239071Z branch 'feat/task-timing-firestore-sync' set up to track 'origin/feat/task-timing-firestore-sync'.
2026-04-28T18:30:39.3269319Z ##[endgroup]
2026-04-28T18:30:39.3322994Z [command]/usr/bin/git log -1 --format=%H
2026-04-28T18:30:39.3349252Z 367d6af6f39861437bbb5181d58b0fe8cca5f70e
2026-04-28T18:30:39.3547402Z ##[group]Run dorny/paths-filter@v3
2026-04-28T18:30:39.3547673Z with:
2026-04-28T18:30:39.3548362Z   filters: android:
  - 'app/**'
  - 'gradlew'
  - 'gradlew.bat'
  - 'gradle/**'
  - 'build.gradle.kts'
  - 'settings.gradle.kts'
  - '.github/workflows/android-ci.yml'
  - '.github/actions/setup-android/**'

2026-04-28T18:30:39.3549233Z   token: ***
2026-04-28T18:30:39.3549418Z   list-files: none
2026-04-28T18:30:39.3549809Z   initial-fetch-depth: 100
2026-04-28T18:30:39.3550051Z   predicate-quantifier: some
2026-04-28T18:30:39.3550276Z ##[endgroup]
2026-04-28T18:30:39.4488665Z ##[group]Fetching list of changed files for PR#910 from Github API
2026-04-28T18:30:39.4498152Z Invoking listFiles(pull_number: 910, per_page: 100)
2026-04-28T18:30:39.8185102Z Received 5 items
2026-04-28T18:30:39.8185573Z [modified] CHANGELOG.md
2026-04-28T18:30:39.8186254Z [modified] app/src/androidTest/java/com/averycorp/prismtask/smoke/TestDatabaseModule.kt
2026-04-28T18:30:39.8187322Z [modified] app/src/main/java/com/averycorp/prismtask/data/remote/SyncService.kt
2026-04-28T18:30:39.8188304Z [modified] app/src/main/java/com/averycorp/prismtask/data/remote/mapper/SyncMapper.kt
2026-04-28T18:30:39.8189422Z [modified] app/src/test/java/com/averycorp/prismtask/data/remote/mapper/SyncMapperContentTest.kt
2026-04-28T18:30:39.8190903Z ##[endgroup]
2026-04-28T18:30:39.8191234Z Detected 5 changed files
2026-04-28T18:30:39.8193119Z Results:
2026-04-28T18:30:39.8194300Z ##[group]Filter android = true
2026-04-28T18:30:39.8194707Z Matching files:
2026-04-28T18:30:39.8195354Z app/src/androidTest/java/com/averycorp/prismtask/smoke/TestDatabaseModule.kt [modified]
2026-04-28T18:30:39.8196368Z app/src/main/java/com/averycorp/prismtask/data/remote/SyncService.kt [modified]
2026-04-28T18:30:39.8197395Z app/src/main/java/com/averycorp/prismtask/data/remote/mapper/SyncMapper.kt [modified]
2026-04-28T18:30:39.8198566Z app/src/test/java/com/averycorp/prismtask/data/remote/mapper/SyncMapperContentTest.kt [modified]
2026-04-28T18:30:39.8205121Z ##[endgroup]
2026-04-28T18:30:39.8205798Z Changes output set to ["android"]
2026-04-28T18:30:39.8971883Z Prepare all required actions
2026-04-28T18:30:39.8972337Z Getting action download info
2026-04-28T18:30:40.0741547Z Download action repository 'actions/setup-java@v4' (SHA:c1e323688fd81a25caa38c78aa6df2d33d3e20d9)
2026-04-28T18:30:40.8031540Z Download action repository 'gradle/actions@v4' (SHA:ed408507eac070d1f99cc633dbcf757c94c7933a)
2026-04-28T18:30:41.9456734Z ##[group]Run ./.github/actions/setup-android
2026-04-28T18:30:41.9457042Z ##[endgroup]
2026-04-28T18:30:41.9592594Z ##[group]Run actions/setup-java@v4
2026-04-28T18:30:41.9592876Z with:
2026-04-28T18:30:41.9593049Z   java-version: 21
2026-04-28T18:30:41.9593244Z   distribution: temurin
2026-04-28T18:30:41.9593446Z   java-package: jdk
2026-04-28T18:30:41.9593652Z   check-latest: false
2026-04-28T18:30:41.9593844Z   server-id: github
2026-04-28T18:30:41.9594034Z   server-username: GITHUB_ACTOR
2026-04-28T18:30:41.9594273Z   server-password: GITHUB_TOKEN
2026-04-28T18:30:41.9594503Z   overwrite-settings: true
2026-04-28T18:30:41.9594751Z   job-status: success
2026-04-28T18:30:41.9595100Z   token: ***
2026-04-28T18:30:41.9595275Z ##[endgroup]
2026-04-28T18:30:42.1623196Z ##[group]Installed distributions
2026-04-28T18:30:42.1872677Z Resolved Java 21.0.11+10 from tool-cache
2026-04-28T18:30:42.1873599Z Setting Java 21.0.11+10 as the default
2026-04-28T18:30:42.1887615Z Creating toolchains.xml for JDK version 21 from temurin
2026-04-28T18:30:42.1965556Z Writing to /home/runner/.m2/toolchains.xml
2026-04-28T18:30:42.1966215Z 
2026-04-28T18:30:42.1966606Z Java configuration:
2026-04-28T18:30:42.1967471Z   Distribution: temurin
2026-04-28T18:30:42.1969548Z   Version: 21.0.11+10
2026-04-28T18:30:42.1970770Z   Path: /opt/hostedtoolcache/Java_Temurin-Hotspot_jdk/21.0.11-10/x64
2026-04-28T18:30:42.1971689Z 
2026-04-28T18:30:42.1972146Z ##[endgroup]
2026-04-28T18:30:42.1987396Z Creating settings.xml with server-id: github
2026-04-28T18:30:42.1992729Z Writing to /home/runner/.m2/settings.xml
2026-04-28T18:30:42.2185683Z ##[group]Run gradle/actions/setup-gradle@v4
2026-04-28T18:30:42.2185949Z with:
2026-04-28T18:30:42.2186133Z   cache-disabled: false
2026-04-28T18:30:42.2186347Z   cache-read-only: true
2026-04-28T18:30:42.2186546Z   cache-write-only: false
2026-04-28T18:30:42.2186775Z   cache-overwrite-existing: false
2026-04-28T18:30:42.2187026Z   cache-cleanup: on-success
2026-04-28T18:30:42.2187303Z   gradle-home-cache-includes: caches
notifications

2026-04-28T18:30:42.2187613Z   add-job-summary: always
2026-04-28T18:30:42.2187857Z   add-job-summary-as-pr-comment: never
2026-04-28T18:30:42.2188128Z   dependency-graph: disabled
2026-04-28T18:30:42.2188416Z   dependency-graph-report-dir: dependency-graph-reports
2026-04-28T18:30:42.2188766Z   dependency-graph-continue-on-failure: true
2026-04-28T18:30:42.2189059Z   build-scan-publish: false
2026-04-28T18:30:42.2189285Z   validate-wrappers: true
2026-04-28T18:30:42.2189518Z   allow-snapshot-wrappers: false
2026-04-28T18:30:42.2190002Z   gradle-home-cache-strict-match: false
2026-04-28T18:30:42.2190285Z   workflow-job-context: null
2026-04-28T18:30:42.2190677Z   github-token: ***
2026-04-28T18:30:42.2190873Z env:
2026-04-28T18:30:42.2191154Z   JAVA_HOME: /opt/hostedtoolcache/Java_Temurin-Hotspot_jdk/21.0.11-10/x64
2026-04-28T18:30:42.2191639Z   JAVA_HOME_21_X64: /opt/hostedtoolcache/Java_Temurin-Hotspot_jdk/21.0.11-10/x64
2026-04-28T18:30:42.2192004Z ##[endgroup]
2026-04-28T18:30:43.9635868Z Merged default JDK locations into /home/runner/.m2/toolchains.xml
2026-04-28T18:30:43.9638729Z ##[group]Restore Gradle state from cache
2026-04-28T18:30:44.1087845Z Cache hit for restore-key: gradle-home-v1|Linux-X64|lint-and-test[5df42585ae8f8da228c604b8b4e8707c]-8051b9ad6b825ba1249dd020d806de9b101d4311
2026-04-28T18:30:45.2667999Z Received 113246208 of 128579843 (88.1%), 108.0 MBs/sec
2026-04-28T18:30:45.3731215Z Received 128579843 of 128579843 (100.0%), 110.9 MBs/sec
2026-04-28T18:30:45.3734340Z Cache Size: ~123 MB (128579843 B)
2026-04-28T18:30:45.3766652Z [command]/usr/bin/tar -xf /home/runner/work/_temp/1c72b61c-d469-4477-9b5d-037973b5a215/cache.tzst -P -C /home/runner/work/prismTask/prismTask --use-compress-program unzstd
2026-04-28T18:30:45.7718412Z Cache restored successfully
2026-04-28T18:30:45.7777618Z Restored cache entry with key gradle-home-v1|Linux-X64|autofix[5df42585ae8f8da228c604b8b4e8707c]-6fb79447f46d00dd0a77472b30fb8df926064161 to /home/runner/.gradle/caches,/home/runner/.gradle/notifications,/home/runner/.gradle/.setup-gradle in 1813ms
2026-04-28T18:30:45.9737563Z Cache hit for: gradle-kotlin-dsl-v1-7e119fd7fe83ea220d91a1d84498140b
2026-04-28T18:30:45.9990740Z Cache hit for: gradle-generated-gradle-jars-v1-cb4b032a7d08b9bf1e84e9eacaebcc29
2026-04-28T18:30:46.0005279Z Cache hit for: gradle-transforms-v1-056536cdefbd318c09dff7e2b77f7606
2026-04-28T18:30:46.0030076Z Cache hit for: gradle-dependencies-v1-fe646239d4e76e6b8ff58839ea8802a6
2026-04-28T18:30:46.0100760Z Cache hit for: gradle-groovy-dsl-v1-34f2ec9cb8013cf6c81829165e1d7219
2026-04-28T18:30:46.0133382Z Cache hit for: gradle-instrumented-jars-v1-f4b682b7bcc7340645afc7b1f4a49588
2026-04-28T18:30:46.0315894Z Cache hit for: gradle-wrapper-zips-v1-8c0de4c6bda6041d6e054bf825a89c98
2026-04-28T18:30:46.3417197Z Received 64205 of 64205 (100.0%), 0.3 MBs/sec
2026-04-28T18:30:46.3417840Z Cache Size: ~0 MB (64205 B)
2026-04-28T18:30:46.3754527Z [command]/usr/bin/tar -xf /home/runner/work/_temp/c4c660b8-e908-4161-9388-cf884047dcef/cache.tzst -P -C /home/runner/work/prismTask/prismTask --use-compress-program unzstd
2026-04-28T18:30:46.3862461Z Cache restored successfully
2026-04-28T18:30:46.3866930Z Restored cache entry with key gradle-instrumented-jars-v1-f4b682b7bcc7340645afc7b1f4a49588 to /home/runner/.gradle/caches/jars-*/*/ in 607ms
2026-04-28T18:30:46.4810697Z Received 121430 of 121430 (100.0%), 0.4 MBs/sec
2026-04-28T18:30:46.4811995Z Cache Size: ~0 MB (121430 B)
2026-04-28T18:30:46.4939770Z [command]/usr/bin/tar -xf /home/runner/work/_temp/b0ba3d56-4fc8-4651-bdce-80d23b4b8040/cache.tzst -P -C /home/runner/work/prismTask/prismTask --use-compress-program unzstd
2026-04-28T18:30:46.5316769Z Cache restored successfully
2026-04-28T18:30:46.5325355Z Restored cache entry with key gradle-groovy-dsl-v1-34f2ec9cb8013cf6c81829165e1d7219 to /home/runner/.gradle/caches/*/groovy-dsl/*/ in 752ms
2026-04-28T18:30:46.5654414Z Received 571513 of 571513 (100.0%), 1.2 MBs/sec
2026-04-28T18:30:46.5655076Z Cache Size: ~1 MB (571513 B)
2026-04-28T18:30:46.5706415Z [command]/usr/bin/tar -xf /home/runner/work/_temp/4270bfe1-cf72-4690-add0-e1d3c50d8e9e/cache.tzst -P -C /home/runner/work/prismTask/prismTask --use-compress-program unzstd
2026-04-28T18:30:46.8189023Z Cache restored successfully
2026-04-28T18:30:46.8204314Z Restored cache entry with key gradle-kotlin-dsl-v1-7e119fd7fe83ea220d91a1d84498140b to /home/runner/.gradle/caches/*/kotlin-dsl/accessors/*/,/home/runner/.gradle/caches/*/kotlin-dsl/scripts/*/ in 1041ms
2026-04-28T18:30:47.1458154Z Received 33604796 of 41993404 (80.0%), 32.0 MBs/sec
2026-04-28T18:30:47.1684063Z Received 41943040 of 829821422 (5.1%), 40.0 MBs/sec
2026-04-28T18:30:47.1879619Z Received 50331648 of 460796946 (10.9%), 47.9 MBs/sec
2026-04-28T18:30:47.2109978Z Received 46137344 of 136352669 (33.8%), 44.0 MBs/sec
2026-04-28T18:30:47.3063656Z Received 41993404 of 41993404 (100.0%), 34.4 MBs/sec
2026-04-28T18:30:47.3067023Z Cache Size: ~40 MB (41993404 B)
2026-04-28T18:30:47.4318670Z [command]/usr/bin/tar -xf /home/runner/work/_temp/84af216d-b703-48b5-bcf2-3b97c072b123/cache.tzst -P -C /home/runner/work/prismTask/prismTask --use-compress-program unzstd
2026-04-28T18:30:47.7980483Z Cache restored successfully
2026-04-28T18:30:47.8034083Z Restored cache entry with key gradle-generated-gradle-jars-v1-cb4b032a7d08b9bf1e84e9eacaebcc29 to /home/runner/.gradle/caches/9.3.1/generated-gradle-jars/gradle-api-9.3.1.jar in 2025ms
2026-04-28T18:30:48.0073151Z Received 136352669 of 136352669 (100.0%), 72.3 MBs/sec
2026-04-28T18:30:48.0075896Z Cache Size: ~130 MB (136352669 B)
2026-04-28T18:30:48.1266512Z [command]/usr/bin/tar -xf /home/runner/work/_temp/0f659649-8500-4b2f-bddd-5678397ebf5a/cache.tzst -P -C /home/runner/work/prismTask/prismTask --use-compress-program unzstd
2026-04-28T18:30:48.1686887Z Received 163577856 of 829821422 (19.7%), 78.0 MBs/sec
2026-04-28T18:30:48.1919339Z Received 188743680 of 460796946 (41.0%), 89.7 MBs/sec
2026-04-28T18:30:48.3997989Z Cache restored successfully
2026-04-28T18:30:48.4075123Z Restored cache entry with key gradle-wrapper-zips-v1-8c0de4c6bda6041d6e054bf825a89c98 to /home/runner/.gradle/wrapper/dists/gradle-9.3.1-bin/23ovyewtku6u96viwx3xl3oks in 2629ms
2026-04-28T18:30:49.1740879Z Received 322961408 of 829821422 (38.9%), 102.6 MBs/sec
2026-04-28T18:30:49.1917867Z Received 373293056 of 460796946 (81.0%), 118.4 MBs/sec
2026-04-28T18:30:49.8234030Z Received 460796946 of 460796946 (100.0%), 120.8 MBs/sec
2026-04-28T18:30:49.8237732Z Cache Size: ~439 MB (460796946 B)
2026-04-28T18:30:49.8315085Z [command]/usr/bin/tar -xf /home/runner/work/_temp/054ada59-520f-44be-8017-c1c264aba04e/cache.tzst -P -C /home/runner/work/prismTask/prismTask --use-compress-program unzstd
2026-04-28T18:30:50.1763268Z Received 499122176 of 829821422 (60.1%), 118.8 MBs/sec
2026-04-28T18:30:51.1763720Z Received 666894336 of 829821422 (80.4%), 127.0 MBs/sec
2026-04-28T18:30:52.0554506Z Received 829821422 of 829821422 (100.0%), 134.5 MBs/sec
2026-04-28T18:30:52.0556721Z Cache Size: ~791 MB (829821422 B)
2026-04-28T18:30:52.0626183Z [command]/usr/bin/tar -xf /home/runner/work/_temp/a968690b-f8eb-4a98-b106-f9ab2f4aab19/cache.tzst -P -C /home/runner/work/prismTask/prismTask --use-compress-program unzstd
2026-04-28T18:30:54.7884174Z Cache restored successfully
2026-04-28T18:30:55.7146212Z Restored cache entry with key gradle-dependencies-v1-fe646239d4e76e6b8ff58839ea8802a6 to /home/runner/.gradle/caches/modules-*/files-*/*/*/*/* in 9935ms
2026-04-28T18:30:57.2299287Z Cache restored successfully
2026-04-28T18:30:57.2492743Z Restored cache entry with key gradle-transforms-v1-056536cdefbd318c09dff7e2b77f7606 to /home/runner/.gradle/caches/transforms-4/*/,/home/runner/.gradle/caches/*/transforms/*/ in 11469ms
2026-04-28T18:30:57.3162452Z ##[endgroup]
2026-04-28T18:30:57.3587061Z ##[group]All Gradle Wrapper jars are valid
2026-04-28T18:30:57.3589073Z ✓ Found known Gradle Wrapper JAR files:
2026-04-28T18:30:57.3590656Z   b3a875ddc1f044746e1b1a55f645584505f4a10438c1afea9f15e92a7c42ec13 gradle/wrapper/gradle-wrapper.jar
2026-04-28T18:30:57.3592243Z ##[endgroup]
2026-04-28T18:30:57.3795843Z ##[group]Run chmod +x gradlew
2026-04-28T18:30:57.3796414Z [36;1mchmod +x gradlew[0m
2026-04-28T18:30:57.7039945Z shell: /usr/bin/bash --noprofile --norc -e -o pipefail {0}
2026-04-28T18:30:57.7040390Z env:
2026-04-28T18:30:57.7040911Z   JAVA_HOME: /opt/hostedtoolcache/Java_Temurin-Hotspot_jdk/21.0.11-10/x64
2026-04-28T18:30:57.7041902Z   JAVA_HOME_21_X64: /opt/hostedtoolcache/Java_Temurin-Hotspot_jdk/21.0.11-10/x64
2026-04-28T18:30:57.7042713Z   GRADLE_ACTION_ID: gradle/actions/setup-gradle
2026-04-28T18:30:57.7043311Z   GRADLE_USER_HOME: /home/runner/.gradle
2026-04-28T18:30:57.7043908Z   GRADLE_BUILD_ACTION_SETUP_COMPLETED: true
2026-04-28T18:30:57.7044497Z   GRADLE_BUILD_ACTION_CACHE_RESTORED: true
2026-04-28T18:30:57.7045353Z   DEVELOCITY_INJECTION_INIT_SCRIPT_NAME: gradle-actions.inject-develocity.init.gradle
2026-04-28T18:30:57.7046289Z   DEVELOCITY_INJECTION_CUSTOM_VALUE: gradle-actions
2026-04-28T18:30:57.7046921Z   GITHUB_DEPENDENCY_GRAPH_ENABLED: false
2026-04-28T18:30:57.7047445Z ##[endgroup]
2026-04-28T18:30:58.0362206Z ##[group]Run actions/cache@v4
2026-04-28T18:30:58.0362528Z with:
2026-04-28T18:30:58.0362753Z   path: app/build
2026-04-28T18:30:58.0363204Z   key: app-build-Linux-60f88d44dcf49cb52f506dd927e66ae62ee5a47d0db6c0c05b311f5e47cb64f0
2026-04-28T18:30:58.0363738Z   restore-keys: app-build-Linux-

2026-04-28T18:30:58.0364078Z   enableCrossOsArchive: false
2026-04-28T18:30:58.0364374Z   fail-on-cache-miss: false
2026-04-28T18:30:58.0364642Z   lookup-only: false
2026-04-28T18:30:58.0364898Z   save-always: false
2026-04-28T18:30:58.0365141Z env:
2026-04-28T18:30:58.0365479Z   JAVA_HOME: /opt/hostedtoolcache/Java_Temurin-Hotspot_jdk/21.0.11-10/x64
2026-04-28T18:30:58.0366014Z   JAVA_HOME_21_X64: /opt/hostedtoolcache/Java_Temurin-Hotspot_jdk/21.0.11-10/x64
2026-04-28T18:30:58.0366473Z   GRADLE_ACTION_ID: gradle/actions/setup-gradle
2026-04-28T18:30:58.0366812Z   GRADLE_USER_HOME: /home/runner/.gradle
2026-04-28T18:30:58.0367138Z   GRADLE_BUILD_ACTION_SETUP_COMPLETED: true
2026-04-28T18:30:58.0367512Z   GRADLE_BUILD_ACTION_CACHE_RESTORED: true
2026-04-28T18:30:58.0367995Z   DEVELOCITY_INJECTION_INIT_SCRIPT_NAME: gradle-actions.inject-develocity.init.gradle
2026-04-28T18:30:58.0368505Z   DEVELOCITY_INJECTION_CUSTOM_VALUE: gradle-actions
2026-04-28T18:30:58.0368861Z   GITHUB_DEPENDENCY_GRAPH_ENABLED: false
2026-04-28T18:30:58.0369192Z ##[endgroup]
2026-04-28T18:30:58.3186310Z Cache hit for: app-build-Linux-60f88d44dcf49cb52f506dd927e66ae62ee5a47d0db6c0c05b311f5e47cb64f0
2026-04-28T18:30:59.4724035Z Received 113246208 of 156131945 (72.5%), 107.8 MBs/sec
2026-04-28T18:30:59.7662453Z Received 156131945 of 156131945 (100.0%), 115.0 MBs/sec
2026-04-28T18:30:59.7690299Z Cache Size: ~149 MB (156131945 B)
2026-04-28T18:30:59.7760314Z [command]/usr/bin/tar -xf /home/runner/work/_temp/2f74ce49-0414-41d8-96f9-4db72791b9e7/cache.tzst -P -C /home/runner/work/prismTask/prismTask --use-compress-program unzstd
2026-04-28T18:31:01.5825171Z Cache restored successfully
2026-04-28T18:31:01.5991986Z Cache restored from key: app-build-Linux-60f88d44dcf49cb52f506dd927e66ae62ee5a47d0db6c0c05b311f5e47cb64f0
2026-04-28T18:31:01.6114049Z ##[group]Run ./gradlew ktlintFormat --continue
2026-04-28T18:31:01.6114825Z [36;1m./gradlew ktlintFormat --continue[0m
2026-04-28T18:31:01.6170231Z shell: /usr/bin/bash -e {0}
2026-04-28T18:31:01.6170715Z env:
2026-04-28T18:31:01.6171094Z   JAVA_HOME: /opt/hostedtoolcache/Java_Temurin-Hotspot_jdk/21.0.11-10/x64
2026-04-28T18:31:01.6171668Z   JAVA_HOME_21_X64: /opt/hostedtoolcache/Java_Temurin-Hotspot_jdk/21.0.11-10/x64
2026-04-28T18:31:01.6172160Z   GRADLE_ACTION_ID: gradle/actions/setup-gradle
2026-04-28T18:31:01.6172527Z   GRADLE_USER_HOME: /home/runner/.gradle
2026-04-28T18:31:01.6172862Z   GRADLE_BUILD_ACTION_SETUP_COMPLETED: true
2026-04-28T18:31:01.6173205Z   GRADLE_BUILD_ACTION_CACHE_RESTORED: true
2026-04-28T18:31:01.6173694Z   DEVELOCITY_INJECTION_INIT_SCRIPT_NAME: gradle-actions.inject-develocity.init.gradle
2026-04-28T18:31:01.6174230Z   DEVELOCITY_INJECTION_CUSTOM_VALUE: gradle-actions
2026-04-28T18:31:01.6174597Z   GITHUB_DEPENDENCY_GRAPH_ENABLED: false
2026-04-28T18:31:01.6174944Z ##[endgroup]
2026-04-28T18:31:03.4540252Z Starting a Gradle Daemon (subsequent builds will be faster)
2026-04-28T18:31:13.8455419Z Configuration on demand is an incubating feature.
2026-04-28T18:31:20.2453681Z 
2026-04-28T18:31:20.2465689Z > Configure project :app
2026-04-28T18:31:20.2477702Z WARNING: The option setting 'android.builtInKotlin=false' is deprecated.
2026-04-28T18:31:20.2478972Z The current default is 'true'.
2026-04-28T18:31:20.2480135Z It will be removed in version 10.0 of the Android Gradle plugin.
2026-04-28T18:31:20.2481235Z WARNING: The option setting 'android.newDsl=false' is deprecated.
2026-04-28T18:31:20.2482218Z The current default is 'true'.
2026-04-28T18:31:20.2483075Z It will be removed in version 10.0 of the Android Gradle plugin.
2026-04-28T18:31:20.2484502Z WARNING: The option setting 'android.dependency.excludeLibraryComponentsFromConstraints=true' is deprecated.
2026-04-28T18:31:20.2485922Z The current default is 'false'.
2026-04-28T18:31:20.2487318Z It will be removed in version 10.0 of the Android Gradle plugin.
2026-04-28T18:31:20.2488420Z Following can be set instead to achieve a similar behaviour.
2026-04-28T18:31:20.2489374Z     android.dependency.useConstraints=false
2026-04-28T18:31:21.8455840Z w: ⚠️ Deprecated 'org.jetbrains.kotlin.android' plugin usage
2026-04-28T18:31:21.8462487Z The 'org.jetbrains.kotlin.android' plugin in project ':app' is no longer required for Kotlin support since AGP 9.0.
2026-04-28T18:31:21.8464240Z Solution: Remove both `android.builtInKotlin=true` and `android.newDsl=false` from `gradle.properties`, then migrate to built-in Kotlin.
2026-04-28T18:31:21.8465821Z See https://kotl.in/gradle/agp-built-in-kotlin for more details.
2026-04-28T18:31:21.8466562Z 
2026-04-28T18:31:22.3460280Z 
2026-04-28T18:31:22.3500463Z > Task :app:loadKtlintReporters FROM-CACHE
2026-04-28T18:31:24.3493885Z > Task :app:runKtlintFormatOverKotlinScripts
2026-04-28T18:31:24.3507373Z > Task :app:runKtlintFormatOverAndroidTestDebugSourceSet NO-SOURCE
2026-04-28T18:31:24.3509381Z > Task :app:ktlintAndroidTestDebugSourceSetFormat SKIPPED
2026-04-28T18:31:24.3510762Z > Task :app:runKtlintFormatOverAndroidTestReleaseSourceSet NO-SOURCE
2026-04-28T18:31:24.3511850Z > Task :app:ktlintAndroidTestReleaseSourceSetFormat SKIPPED
2026-04-28T18:31:24.5528386Z > Task :app:ktlintKotlinScriptFormat
2026-04-28T18:31:28.3501474Z > Task :app:runKtlintFormatOverDebugSourceSet
2026-04-28T18:31:28.5500893Z > Task :app:ktlintDebugSourceSetFormat
2026-04-28T18:31:28.5560664Z > Task :app:runKtlintFormatOverTestDebugSourceSet NO-SOURCE
2026-04-28T18:31:28.5561569Z > Task :app:ktlintTestDebugSourceSetFormat SKIPPED
2026-04-28T18:31:28.5651397Z > Task :app:runKtlintFormatOverTestFixturesDebugSourceSet NO-SOURCE
2026-04-28T18:31:28.5726515Z > Task :app:ktlintTestFixturesDebugSourceSetFormat SKIPPED
2026-04-28T18:31:28.5751105Z > Task :app:runKtlintFormatOverTestFixturesReleaseSourceSet NO-SOURCE
2026-04-28T18:31:28.5844159Z > Task :app:ktlintTestFixturesReleaseSourceSetFormat SKIPPED
2026-04-28T18:31:28.5931136Z > Task :app:runKtlintFormatOverTestFixturesSourceSet NO-SOURCE
2026-04-28T18:31:28.5932049Z > Task :app:ktlintTestFixturesSourceSetFormat SKIPPED
2026-04-28T18:31:28.5932869Z > Task :app:runKtlintFormatOverTestReleaseSourceSet NO-SOURCE
2026-04-28T18:31:28.5933897Z > Task :app:ktlintTestReleaseSourceSetFormat SKIPPED
2026-04-28T18:31:29.6520750Z > Task :app:runKtlintFormatOverReleaseSourceSet
2026-04-28T18:31:29.9470652Z > Task :app:ktlintReleaseSourceSetFormat
2026-04-28T18:31:34.6500775Z > Task :app:runKtlintFormatOverAndroidTestSourceSet
2026-04-28T18:31:34.7470747Z > Task :app:ktlintAndroidTestSourceSetFormat
2026-04-28T18:31:41.1461502Z > Task :app:runKtlintFormatOverTestSourceSet
2026-04-28T18:31:41.2461933Z > Task :app:ktlintTestSourceSetFormat
2026-04-28T18:31:54.4455598Z > Task :app:runKtlintFormatOverMainSourceSet
2026-04-28T18:31:55.8453994Z > Task :app:ktlintMainSourceSetFormat
2026-04-28T18:31:55.8454868Z > Task :app:ktlintFormat
2026-04-28T18:31:55.9453738Z gradle/actions: Writing build results to /home/runner/work/_temp/.gradle-actions/build-results/ktlint_format-1777401075699.json
2026-04-28T18:31:55.9455284Z 
2026-04-28T18:31:55.9456621Z [Incubating] Problems report is available at: file:///home/runner/work/prismTask/prismTask/build/reports/problems/problems-report.html
2026-04-28T18:31:55.9458124Z 
2026-04-28T18:31:55.9458874Z Deprecated Gradle features were used in this build, making it incompatible with Gradle 10.
2026-04-28T18:31:55.9459971Z 
2026-04-28T18:31:55.9460864Z You can use '--warning-mode all' to show the individual deprecation warnings and determine if they come from your own scripts or plugins.
2026-04-28T18:31:55.9461842Z 
2026-04-28T18:31:55.9462992Z For more on this, please refer to https://docs.gradle.org/9.3.1/userguide/command_line_interface.html#sec:command_line_warnings in the Gradle documentation.
2026-04-28T18:31:55.9464193Z 
2026-04-28T18:31:55.9464401Z BUILD SUCCESSFUL in 54s
2026-04-28T18:31:55.9464956Z 13 actionable tasks: 12 executed, 1 from cache
2026-04-28T18:31:56.3233214Z ##[group]Run ./gradlew detekt --auto-correct --continue
2026-04-28T18:31:56.3233679Z [36;1m./gradlew detekt --auto-correct --continue[0m
2026-04-28T18:31:56.3288604Z shell: /usr/bin/bash -e {0}
2026-04-28T18:31:56.3288904Z env:
2026-04-28T18:31:56.3289258Z   JAVA_HOME: /opt/hostedtoolcache/Java_Temurin-Hotspot_jdk/21.0.11-10/x64
2026-04-28T18:31:56.3290070Z   JAVA_HOME_21_X64: /opt/hostedtoolcache/Java_Temurin-Hotspot_jdk/21.0.11-10/x64
2026-04-28T18:31:56.3290543Z   GRADLE_ACTION_ID: gradle/actions/setup-gradle
2026-04-28T18:31:56.3290893Z   GRADLE_USER_HOME: /home/runner/.gradle
2026-04-28T18:31:56.3291225Z   GRADLE_BUILD_ACTION_SETUP_COMPLETED: true
2026-04-28T18:31:56.3291560Z   GRADLE_BUILD_ACTION_CACHE_RESTORED: true
2026-04-28T18:31:56.3292047Z   DEVELOCITY_INJECTION_INIT_SCRIPT_NAME: gradle-actions.inject-develocity.init.gradle
2026-04-28T18:31:56.3292570Z   DEVELOCITY_INJECTION_CUSTOM_VALUE: gradle-actions
2026-04-28T18:31:56.3292968Z   GITHUB_DEPENDENCY_GRAPH_ENABLED: false
2026-04-28T18:31:56.3293278Z ##[endgroup]
2026-04-28T18:31:57.0873634Z Configuration on demand is an incubating feature.
2026-04-28T18:31:57.4861112Z 
2026-04-28T18:31:57.4873839Z > Configure project :app
2026-04-28T18:31:57.4900642Z WARNING: The option setting 'android.builtInKotlin=false' is deprecated.
2026-04-28T18:31:57.4942670Z The current default is 'true'.
2026-04-28T18:31:57.4943505Z It will be removed in version 10.0 of the Android Gradle plugin.
2026-04-28T18:31:57.4944638Z WARNING: The option setting 'android.newDsl=false' is deprecated.
2026-04-28T18:31:57.4945528Z The current default is 'true'.
2026-04-28T18:31:57.4946389Z It will be removed in version 10.0 of the Android Gradle plugin.
2026-04-28T18:31:57.4947844Z WARNING: The option setting 'android.dependency.excludeLibraryComponentsFromConstraints=true' is deprecated.
2026-04-28T18:31:57.4949028Z The current default is 'false'.
2026-04-28T18:31:57.4950302Z It will be removed in version 10.0 of the Android Gradle plugin.
2026-04-28T18:31:57.4951332Z Following can be set instead to achieve a similar behaviour.
2026-04-28T18:31:57.4952314Z     android.dependency.useConstraints=false
2026-04-28T18:31:57.4953495Z w: ⚠️ Deprecated 'org.jetbrains.kotlin.android' plugin usage
2026-04-28T18:31:57.4955314Z The 'org.jetbrains.kotlin.android' plugin in project ':app' is no longer required for Kotlin support since AGP 9.0.
2026-04-28T18:31:57.4969479Z Solution: Remove both `android.builtInKotlin=true` and `android.newDsl=false` from `gradle.properties`, then migrate to built-in Kotlin.
2026-04-28T18:31:57.4974418Z See https://kotl.in/gradle/agp-built-in-kotlin for more details.
2026-04-28T18:31:57.4975254Z 
2026-04-28T18:31:59.3877920Z 
2026-04-28T18:31:59.3883302Z > Task :detekt-rules:checkKotlinGradlePluginConfigurationErrors SKIPPED
2026-04-28T18:31:59.4852149Z > Task :detekt-rules:compileKotlin FROM-CACHE
2026-04-28T18:31:59.4856960Z > Task :detekt-rules:compileJava NO-SOURCE
2026-04-28T18:31:59.4857807Z > Task :detekt-rules:processResources
2026-04-28T18:31:59.4858746Z > Task :detekt-rules:classes
2026-04-28T18:31:59.5862889Z > Task :detekt-rules:jar
2026-04-28T18:32:29.5850670Z > Task :app:detekt
2026-04-28T18:32:41.1861111Z gradle/actions: Writing build results to /home/runner/work/_temp/.gradle-actions/build-results/detekt_autocorrect-1777401117005.json
2026-04-28T18:32:41.1868081Z 
2026-04-28T18:32:41.1869348Z [Incubating] Problems report is available at: file:///home/runner/work/prismTask/prismTask/build/reports/problems/problems-report.html
2026-04-28T18:32:41.2037503Z 
2026-04-28T18:32:41.2070876Z Deprecated Gradle features were used in this build, making it incompatible with Gradle 10.
2026-04-28T18:32:41.2072461Z 
2026-04-28T18:32:41.2081327Z You can use '--warning-mode all' to show the individual deprecation warnings and determine if they come from your own scripts or plugins.
2026-04-28T18:32:41.2082291Z 
2026-04-28T18:32:41.2087238Z For more on this, please refer to https://docs.gradle.org/9.3.1/userguide/command_line_interface.html#sec:command_line_warnings in the Gradle documentation.
2026-04-28T18:32:41.2088399Z 
2026-04-28T18:32:41.2088599Z BUILD SUCCESSFUL in 44s
2026-04-28T18:32:41.2089120Z 4 actionable tasks: 3 executed, 1 from cache
2026-04-28T18:32:41.2231726Z ##[group]Run git config user.name "github-actions[bot]"
2026-04-28T18:32:41.2232570Z [36;1mgit config user.name "github-actions[bot]"[0m
2026-04-28T18:32:41.2233422Z [36;1mgit config user.email "github-actions[bot]@users.noreply.github.com"[0m
2026-04-28T18:32:41.2234489Z [36;1mgit diff --quiet || (git add -A && git commit -m "style: auto-format" && git push)[0m
2026-04-28T18:32:41.2310895Z shell: /usr/bin/bash -e {0}
2026-04-28T18:32:41.2311383Z env:
2026-04-28T18:32:41.2311988Z   JAVA_HOME: /opt/hostedtoolcache/Java_Temurin-Hotspot_jdk/21.0.11-10/x64
2026-04-28T18:32:41.2312990Z   JAVA_HOME_21_X64: /opt/hostedtoolcache/Java_Temurin-Hotspot_jdk/21.0.11-10/x64
2026-04-28T18:32:41.2313865Z   GRADLE_ACTION_ID: gradle/actions/setup-gradle
2026-04-28T18:32:41.2314482Z   GRADLE_USER_HOME: /home/runner/.gradle
2026-04-28T18:32:41.2315096Z   GRADLE_BUILD_ACTION_SETUP_COMPLETED: true
2026-04-28T18:32:41.2315745Z   GRADLE_BUILD_ACTION_CACHE_RESTORED: true
2026-04-28T18:32:41.2316662Z   DEVELOCITY_INJECTION_INIT_SCRIPT_NAME: gradle-actions.inject-develocity.init.gradle
2026-04-28T18:32:41.2317687Z   DEVELOCITY_INJECTION_CUSTOM_VALUE: gradle-actions
2026-04-28T18:32:41.2333900Z   GITHUB_DEPENDENCY_GRAPH_ENABLED: false
2026-04-28T18:32:41.2334509Z ##[endgroup]
2026-04-28T18:32:41.6283441Z [feat/task-timing-firestore-sync 4f720115] style: auto-format
2026-04-28T18:32:41.6284251Z  3 files changed, 26 insertions(+), 26 deletions(-)
2026-04-28T18:32:41.7930101Z remote: Permission to averycorp/prismTask.git denied to akarlin3.
2026-04-28T18:32:41.7931689Z fatal: unable to access 'https://github.com/averycorp/prismTask/': The requested URL returned error: 403
2026-04-28T18:32:41.7963173Z ##[error]Process completed with exit code 128.
2026-04-28T18:32:41.8013509Z ##[group]Run ./gradlew ktlintCheck --continue
2026-04-28T18:32:41.8013940Z [36;1m./gradlew ktlintCheck --continue[0m
2026-04-28T18:32:41.8067773Z shell: /usr/bin/bash -e {0}
2026-04-28T18:32:41.8068071Z env:
2026-04-28T18:32:41.8068429Z   JAVA_HOME: /opt/hostedtoolcache/Java_Temurin-Hotspot_jdk/21.0.11-10/x64
2026-04-28T18:32:41.8069179Z   JAVA_HOME_21_X64: /opt/hostedtoolcache/Java_Temurin-Hotspot_jdk/21.0.11-10/x64
2026-04-28T18:32:41.8069918Z   GRADLE_ACTION_ID: gradle/actions/setup-gradle
2026-04-28T18:32:41.8070303Z   GRADLE_USER_HOME: /home/runner/.gradle
2026-04-28T18:32:41.8070642Z   GRADLE_BUILD_ACTION_SETUP_COMPLETED: true
2026-04-28T18:32:41.8070991Z   GRADLE_BUILD_ACTION_CACHE_RESTORED: true
2026-04-28T18:32:41.8071486Z   DEVELOCITY_INJECTION_INIT_SCRIPT_NAME: gradle-actions.inject-develocity.init.gradle
2026-04-28T18:32:41.8072026Z   DEVELOCITY_INJECTION_CUSTOM_VALUE: gradle-actions
2026-04-28T18:32:41.8072401Z   GITHUB_DEPENDENCY_GRAPH_ENABLED: false
2026-04-28T18:32:41.8072754Z ##[endgroup]
2026-04-28T18:32:42.5650932Z Configuration on demand is an incubating feature.
2026-04-28T18:32:42.8615454Z 
2026-04-28T18:32:42.8650599Z > Configure project :app
2026-04-28T18:32:42.8651748Z WARNING: The option setting 'android.builtInKotlin=false' is deprecated.
2026-04-28T18:32:42.8680509Z The current default is 'true'.
2026-04-28T18:32:42.8712306Z It will be removed in version 10.0 of the Android Gradle plugin.
2026-04-28T18:32:42.8740693Z WARNING: The option setting 'android.newDsl=false' is deprecated.
2026-04-28T18:32:42.8747842Z The current default is 'true'.
2026-04-28T18:32:42.8750402Z It will be removed in version 10.0 of the Android Gradle plugin.
2026-04-28T18:32:42.8751828Z WARNING: The option setting 'android.dependency.excludeLibraryComponentsFromConstraints=true' is deprecated.
2026-04-28T18:32:42.8753940Z The current default is 'false'.
2026-04-28T18:32:42.8756428Z It will be removed in version 10.0 of the Android Gradle plugin.
2026-04-28T18:32:42.8757515Z Following can be set instead to achieve a similar behaviour.
2026-04-28T18:32:42.8758450Z     android.dependency.useConstraints=false
2026-04-28T18:32:42.8761461Z w: ⚠️ Deprecated 'org.jetbrains.kotlin.android' plugin usage
2026-04-28T18:32:42.8771622Z The 'org.jetbrains.kotlin.android' plugin in project ':app' is no longer required for Kotlin support since AGP 9.0.
2026-04-28T18:32:42.8775631Z Solution: Remove both `android.builtInKotlin=true` and `android.newDsl=false` from `gradle.properties`, then migrate to built-in Kotlin.
2026-04-28T18:32:42.8777918Z See https://kotl.in/gradle/agp-built-in-kotlin for more details.
2026-04-28T18:32:42.8778620Z 
2026-04-28T18:32:42.9611839Z 
2026-04-28T18:32:42.9641036Z > Task :app:loadKtlintReporters UP-TO-DATE
2026-04-28T18:32:42.9671255Z > Task :app:runKtlintCheckOverAndroidTestDebugSourceSet NO-SOURCE
2026-04-28T18:32:42.9700541Z > Task :app:ktlintAndroidTestDebugSourceSetCheck SKIPPED
2026-04-28T18:32:42.9702008Z > Task :app:runKtlintCheckOverAndroidTestReleaseSourceSet NO-SOURCE
2026-04-28T18:32:42.9730553Z > Task :app:ktlintAndroidTestReleaseSourceSetCheck SKIPPED
2026-04-28T18:32:43.0641001Z > Task :app:runKtlintCheckOverDebugSourceSet FROM-CACHE
2026-04-28T18:32:43.0661819Z > Task :app:ktlintDebugSourceSetCheck FROM-CACHE
2026-04-28T18:32:43.0692462Z > Task :app:runKtlintCheckOverKotlinScripts FROM-CACHE
2026-04-28T18:32:43.0720342Z > Task :app:ktlintKotlinScriptCheck FROM-CACHE
2026-04-28T18:32:43.0721194Z > Task :app:runKtlintCheckOverReleaseSourceSet FROM-CACHE
2026-04-28T18:32:43.0736647Z > Task :app:ktlintReleaseSourceSetCheck FROM-CACHE
2026-04-28T18:32:43.0737808Z > Task :app:runKtlintCheckOverTestDebugSourceSet NO-SOURCE
2026-04-28T18:32:43.0738891Z > Task :app:ktlintTestDebugSourceSetCheck SKIPPED
2026-04-28T18:32:43.0740197Z > Task :app:runKtlintCheckOverTestFixturesDebugSourceSet NO-SOURCE
2026-04-28T18:32:43.0741343Z > Task :app:ktlintTestFixturesDebugSourceSetCheck SKIPPED
2026-04-28T18:32:43.0742859Z > Task :app:runKtlintCheckOverTestFixturesReleaseSourceSet NO-SOURCE
2026-04-28T18:32:43.0744087Z > Task :app:ktlintTestFixturesReleaseSourceSetCheck SKIPPED
2026-04-28T18:32:43.0745156Z > Task :app:runKtlintCheckOverTestFixturesSourceSet NO-SOURCE
2026-04-28T18:32:43.0746174Z > Task :app:ktlintTestFixturesSourceSetCheck SKIPPED
2026-04-28T18:32:43.0747410Z > Task :app:runKtlintCheckOverTestReleaseSourceSet NO-SOURCE
2026-04-28T18:32:43.0748415Z > Task :app:ktlintTestReleaseSourceSetCheck SKIPPED
2026-04-28T18:32:56.5630272Z > Task :app:runKtlintCheckOverAndroidTestSourceSet
2026-04-28T18:32:56.5680658Z > Task :app:ktlintAndroidTestSourceSetCheck FROM-CACHE
2026-04-28T18:33:00.2611832Z > Task :app:runKtlintCheckOverTestSourceSet
2026-04-28T18:33:00.2612593Z > Task :app:ktlintTestSourceSetCheck FROM-CACHE
2026-04-28T18:33:13.0610105Z > Task :app:runKtlintCheckOverMainSourceSet
2026-04-28T18:33:15.1611721Z > Task :app:ktlintMainSourceSetCheck
2026-04-28T18:33:15.1617475Z > Task :app:ktlintCheck
2026-04-28T18:33:15.1618762Z gradle/actions: Writing build results to /home/runner/work/_temp/.gradle-actions/build-results/__run_3-1777401162480.json
2026-04-28T18:33:15.1619800Z 
2026-04-28T18:33:15.1621166Z [Incubating] Problems report is available at: file:///home/runner/work/prismTask/prismTask/build/reports/problems/problems-report.html
2026-04-28T18:33:15.1622406Z 
2026-04-28T18:33:15.1623025Z Deprecated Gradle features were used in this build, making it incompatible with Gradle 10.
2026-04-28T18:33:15.1623833Z 
2026-04-28T18:33:15.1624827Z You can use '--warning-mode all' to show the individual deprecation warnings and determine if they come from your own scripts or plugins.
2026-04-28T18:33:15.1625780Z 
2026-04-28T18:33:15.1626706Z For more on this, please refer to https://docs.gradle.org/9.3.1/userguide/command_line_interface.html#sec:command_line_warnings in the Gradle documentation.
2026-04-28T18:33:15.1627858Z 
2026-04-28T18:33:15.1628066Z BUILD SUCCESSFUL in 33s
2026-04-28T18:33:15.1628691Z 13 actionable tasks: 4 executed, 8 from cache, 1 up-to-date
2026-04-28T18:33:15.2160198Z Post job cleanup.
2026-04-28T18:33:15.2254106Z Post job cleanup.
2026-04-28T18:33:15.5370811Z In post-action step
2026-04-28T18:33:15.5381628Z Cache is read-only: will not save state for use in subsequent builds.
2026-04-28T18:33:15.5389046Z Generating Job Summary
2026-04-28T18:33:15.5422445Z Completed post-action step
2026-04-28T18:33:15.5582585Z Post job cleanup.
2026-04-28T18:33:15.7333843Z Post job cleanup.
2026-04-28T18:33:15.8316564Z [command]/usr/bin/git version
2026-04-28T18:33:15.8358258Z git version 2.54.0
2026-04-28T18:33:15.8400417Z Temporarily overriding HOME='/home/runner/work/_temp/1a96212e-8510-4c60-b746-9918f00fed54' before making global git config changes
2026-04-28T18:33:15.8401337Z Adding repository directory to the temporary git global config as a safe directory
2026-04-28T18:33:15.8405533Z [command]/usr/bin/git config --global --add safe.directory /home/runner/work/prismTask/prismTask
2026-04-28T18:33:15.8441115Z [command]/usr/bin/git config --local --name-only --get-regexp core\.sshCommand
2026-04-28T18:33:15.8472223Z [command]/usr/bin/git submodule foreach --recursive sh -c "git config --local --name-only --get-regexp 'core\.sshCommand' && git config --local --unset-all 'core.sshCommand' || :"
2026-04-28T18:33:15.8693938Z [command]/usr/bin/git config --local --name-only --get-regexp http\.https\:\/\/github\.com\/\.extraheader
2026-04-28T18:33:15.8720273Z http.https://github.com/.extraheader
2026-04-28T18:33:15.8732989Z [command]/usr/bin/git config --local --unset-all http.https://github.com/.extraheader
2026-04-28T18:33:15.8763526Z [command]/usr/bin/git submodule foreach --recursive sh -c "git config --local --name-only --get-regexp 'http\.https\:\/\/github\.com\/\.extraheader' && git config --local --unset-all 'http.https://github.com/.extraheader' || :"
2026-04-28T18:33:15.8980456Z [command]/usr/bin/git config --local --name-only --get-regexp ^includeIf\.gitdir:
2026-04-28T18:33:15.9010836Z [command]/usr/bin/git submodule foreach --recursive git config --local --show-origin --name-only --get-regexp remote.origin.url
2026-04-28T18:33:15.9360832Z Cleaning up orphan processes
2026-04-28T18:33:15.9693988Z Terminate orphan process: pid (2599) (java)
2026-04-28T18:33:15.9713406Z ##[warning]Node.js 20 actions are deprecated. The following actions are running on Node.js 20 and may not work as expected: actions/cache@v4, actions/checkout@v4, actions/setup-java@v4, dorny/paths-filter@v3, gradle/actions/setup-gradle@v4. Actions will be forced to run with Node.js 24 by default starting June 2nd, 2026. Node.js 20 will be removed from the runner on September 16th, 2026. Please check if updated versions of these actions are available that support Node.js 24. To opt into Node.js 24 now, set the FORCE_JAVASCRIPT_ACTIONS_TO_NODE24=true environment variable on the runner or in your workflow file. Once Node.js 24 becomes the default, you can temporarily opt out by setting ACTIONS_ALLOW_USE_UNSECURE_NODE_VERSION=true. For more information see: https://github.blog/changelog/2025-09-19-deprecation-of-node-20-on-github-actions-runners/
