=== CI FAILURE ===
Workflow:      Android CI
Workflow file: akarlin3/prismTask/.github/workflows/android-ci.yml@refs/pull/662/merge
Job(s):        lint-and-test
Run ID:        24805687657
Run attempt:   1
Run URL:       https://github.com/akarlin3/prismTask/actions/runs/24805687657
Commit:        4773bf40331ab363e2ca568594a1cfb8266287b6
Branch:        662/merge
Event:         pull_request
Actor:         akarlin3
Runner OS:     Linux
Timestamp:     2026-04-22T22:23:37.423Z

Failed steps:
  - lint-and-test: #2 Run actions/checkout@v4 | #5 detekt | #6 Android lint | #8 Verify unit-test results (XML) | #9 Post failure details to PR

=== FAILED JOB LOG ===

--- Job: lint-and-test (id 72599419814) ---
2026-04-22T22:23:04.0312491Z Current runner version: '2.333.1'
2026-04-22T22:23:04.0338357Z ##[group]Runner Image Provisioner
2026-04-22T22:23:04.0339158Z Hosted Compute Agent
2026-04-22T22:23:04.0339699Z Version: 20260213.493
2026-04-22T22:23:04.0340442Z Commit: 5c115507f6dd24b8de37d8bbe0bb4509d0cc0fa3
2026-04-22T22:23:04.0341432Z Build Date: 2026-02-13T00:28:41Z
2026-04-22T22:23:04.0342131Z Worker ID: {ef33f2bc-3bcd-4291-baf6-870851334ad2}
2026-04-22T22:23:04.0342886Z Azure Region: eastus
2026-04-22T22:23:04.0343426Z ##[endgroup]
2026-04-22T22:23:04.0345574Z ##[group]Operating System
2026-04-22T22:23:04.0346254Z Ubuntu
2026-04-22T22:23:04.0346772Z 24.04.4
2026-04-22T22:23:04.0347248Z LTS
2026-04-22T22:23:04.0347709Z ##[endgroup]
2026-04-22T22:23:04.0348250Z ##[group]Runner Image
2026-04-22T22:23:04.0348783Z Image: ubuntu-24.04
2026-04-22T22:23:04.0349384Z Version: 20260413.86.1
2026-04-22T22:23:04.0350591Z Included Software: https://github.com/actions/runner-images/blob/ubuntu24/20260413.86/images/ubuntu/Ubuntu2404-Readme.md
2026-04-22T22:23:04.0352295Z Image Release: https://github.com/actions/runner-images/releases/tag/ubuntu24%2F20260413.86
2026-04-22T22:23:04.0353148Z ##[endgroup]
2026-04-22T22:23:04.0354442Z ##[group]GITHUB_TOKEN Permissions
2026-04-22T22:23:04.0356712Z Actions: read
2026-04-22T22:23:04.0357218Z Checks: read
2026-04-22T22:23:04.0357711Z Contents: write
2026-04-22T22:23:04.0358371Z Metadata: read
2026-04-22T22:23:04.0358851Z PullRequests: read
2026-04-22T22:23:04.0359402Z ##[endgroup]
2026-04-22T22:23:04.0362521Z Secret source: Actions
2026-04-22T22:23:04.0363446Z Prepare workflow directory
2026-04-22T22:23:04.0695787Z Prepare all required actions
2026-04-22T22:23:04.0733886Z Getting action download info
2026-04-22T22:23:04.4018443Z Download action repository 'actions/checkout@v4' (SHA:34e114876b0b11c390a56381ad16ebd13914f8d5)
2026-04-22T22:23:04.4940501Z Download action repository 'actions/github-script@v7' (SHA:f28e40c7f34bde8b3046d885e986cb6290c5673b)
2026-04-22T22:23:04.7128306Z Download action repository 'actions/upload-artifact@v4' (SHA:ea165f8d65b6e75b540449e92b4886f43607fa02)
2026-04-22T22:23:04.9311894Z Complete job name: lint-and-test
2026-04-22T22:23:05.0042071Z ##[group]Run actions/checkout@v4
2026-04-22T22:23:05.0042931Z with:
2026-04-22T22:23:05.0043330Z   ref: feat/weekly-task-summary-worker
2026-04-22T22:23:05.0043853Z   repository: akarlin3/prismTask
2026-04-22T22:23:05.0044535Z   token: ***
2026-04-22T22:23:05.0044915Z   ssh-strict: true
2026-04-22T22:23:05.0045301Z   ssh-user: git
2026-04-22T22:23:05.0045695Z   persist-credentials: true
2026-04-22T22:23:05.0046130Z   clean: true
2026-04-22T22:23:05.0046523Z   sparse-checkout-cone-mode: true
2026-04-22T22:23:05.0046980Z   fetch-depth: 1
2026-04-22T22:23:05.0047345Z   fetch-tags: false
2026-04-22T22:23:05.0047719Z   show-progress: true
2026-04-22T22:23:05.0048110Z   lfs: false
2026-04-22T22:23:05.0048460Z   submodules: false
2026-04-22T22:23:05.0048862Z   set-safe-directory: true
2026-04-22T22:23:05.0049619Z ##[endgroup]
2026-04-22T22:23:05.1219438Z Syncing repository: akarlin3/prismTask
2026-04-22T22:23:05.1221710Z ##[group]Getting Git version info
2026-04-22T22:23:05.1222450Z Working directory is '/home/runner/work/prismTask/prismTask'
2026-04-22T22:23:05.1223383Z [command]/usr/bin/git version
2026-04-22T22:23:05.1283063Z git version 2.53.0
2026-04-22T22:23:05.1307685Z ##[endgroup]
2026-04-22T22:23:05.1322296Z Temporarily overriding HOME='/home/runner/work/_temp/f74f1dee-32c6-4a2b-bafe-1cd50d664c00' before making global git config changes
2026-04-22T22:23:05.1324311Z Adding repository directory to the temporary git global config as a safe directory
2026-04-22T22:23:05.1327636Z [command]/usr/bin/git config --global --add safe.directory /home/runner/work/prismTask/prismTask
2026-04-22T22:23:05.1361709Z Deleting the contents of '/home/runner/work/prismTask/prismTask'
2026-04-22T22:23:05.1365403Z ##[group]Initializing the repository
2026-04-22T22:23:05.1369356Z [command]/usr/bin/git init /home/runner/work/prismTask/prismTask
2026-04-22T22:23:05.1441598Z hint: Using 'master' as the name for the initial branch. This default branch name
2026-04-22T22:23:05.1443293Z hint: will change to "main" in Git 3.0. To configure the initial branch name
2026-04-22T22:23:05.1444187Z hint: to use in all of your new repositories, which will suppress this warning,
2026-04-22T22:23:05.1444868Z hint: call:
2026-04-22T22:23:05.1445214Z hint:
2026-04-22T22:23:05.1445674Z hint: 	git config --global init.defaultBranch <name>
2026-04-22T22:23:05.1446227Z hint:
2026-04-22T22:23:05.1446740Z hint: Names commonly chosen instead of 'master' are 'main', 'trunk' and
2026-04-22T22:23:05.1447603Z hint: 'development'. The just-created branch can be renamed via this command:
2026-04-22T22:23:05.1448430Z hint:
2026-04-22T22:23:05.1448796Z hint: 	git branch -m <name>
2026-04-22T22:23:05.1449210Z hint:
2026-04-22T22:23:05.1449771Z hint: Disable this message with "git config set advice.defaultBranchName false"
2026-04-22T22:23:05.1450663Z Initialized empty Git repository in /home/runner/work/prismTask/prismTask/.git/
2026-04-22T22:23:05.1454868Z [command]/usr/bin/git remote add origin https://github.com/akarlin3/prismTask
2026-04-22T22:23:05.1487250Z ##[endgroup]
2026-04-22T22:23:05.1488258Z ##[group]Disabling automatic garbage collection
2026-04-22T22:23:05.1491428Z [command]/usr/bin/git config --local gc.auto 0
2026-04-22T22:23:05.1521710Z ##[endgroup]
2026-04-22T22:23:05.1522638Z ##[group]Setting up auth
2026-04-22T22:23:05.1528355Z [command]/usr/bin/git config --local --name-only --get-regexp core\.sshCommand
2026-04-22T22:23:05.1558605Z [command]/usr/bin/git submodule foreach --recursive sh -c "git config --local --name-only --get-regexp 'core\.sshCommand' && git config --local --unset-all 'core.sshCommand' || :"
2026-04-22T22:23:05.1849908Z [command]/usr/bin/git config --local --name-only --get-regexp http\.https\:\/\/github\.com\/\.extraheader
2026-04-22T22:23:05.1880402Z [command]/usr/bin/git submodule foreach --recursive sh -c "git config --local --name-only --get-regexp 'http\.https\:\/\/github\.com\/\.extraheader' && git config --local --unset-all 'http.https://github.com/.extraheader' || :"
2026-04-22T22:23:05.2123471Z [command]/usr/bin/git config --local --name-only --get-regexp ^includeIf\.gitdir:
2026-04-22T22:23:05.2154132Z [command]/usr/bin/git submodule foreach --recursive git config --local --show-origin --name-only --get-regexp remote.origin.url
2026-04-22T22:23:05.2389919Z [command]/usr/bin/git config --local http.https://github.com/.extraheader AUTHORIZATION: basic ***
2026-04-22T22:23:05.2427086Z ##[endgroup]
2026-04-22T22:23:05.2427791Z ##[group]Fetching the repository
2026-04-22T22:23:05.2436874Z [command]/usr/bin/git -c protocol.version=2 fetch --no-tags --prune --no-recurse-submodules --depth=1 origin +refs/heads/feat/weekly-task-summary-worker*:refs/remotes/origin/feat/weekly-task-summary-worker* +refs/tags/feat/weekly-task-summary-worker*:refs/tags/feat/weekly-task-summary-worker*
2026-04-22T22:23:05.4108755Z The process '/usr/bin/git' failed with exit code 1
2026-04-22T22:23:05.4109640Z Waiting 11 seconds before trying again
2026-04-22T22:23:16.4135028Z [command]/usr/bin/git -c protocol.version=2 fetch --no-tags --prune --no-recurse-submodules --depth=1 origin +refs/heads/feat/weekly-task-summary-worker*:refs/remotes/origin/feat/weekly-task-summary-worker* +refs/tags/feat/weekly-task-summary-worker*:refs/tags/feat/weekly-task-summary-worker*
2026-04-22T22:23:16.5666886Z The process '/usr/bin/git' failed with exit code 1
2026-04-22T22:23:26.5737305Z Waiting 10 seconds before trying again
2026-04-22T22:23:26.5739281Z [command]/usr/bin/git -c protocol.version=2 fetch --no-tags --prune --no-recurse-submodules --depth=1 origin +refs/heads/feat/weekly-task-summary-worker*:refs/remotes/origin/feat/weekly-task-summary-worker* +refs/tags/feat/weekly-task-summary-worker*:refs/tags/feat/weekly-task-summary-worker*
2026-04-22T22:23:26.7338983Z ##[error]The process '/usr/bin/git' failed with exit code 1
2026-04-22T22:23:26.7565637Z ##[group]Run ./gradlew detekt --continue
2026-04-22T22:23:26.7566129Z [36;1m./gradlew detekt --continue[0m
2026-04-22T22:23:26.7592654Z shell: /usr/bin/bash -e {0}
2026-04-22T22:23:26.7592987Z ##[endgroup]
2026-04-22T22:23:26.7667025Z /home/runner/work/_temp/e80ea42d-09c1-40c8-8987-2bf16e059beb.sh: line 1: ./gradlew: No such file or directory
2026-04-22T22:23:26.7674538Z ##[error]Process completed with exit code 127.
2026-04-22T22:23:26.7708646Z ##[group]Run ./gradlew lint --continue
2026-04-22T22:23:26.7708997Z [36;1m./gradlew lint --continue[0m
2026-04-22T22:23:26.7730163Z shell: /usr/bin/bash -e {0}
2026-04-22T22:23:26.7730456Z ##[endgroup]
2026-04-22T22:23:26.7776516Z /home/runner/work/_temp/965ee6e9-9236-457b-b784-ac5c63d75d7a.sh: line 1: ./gradlew: No such file or directory
2026-04-22T22:23:26.7780931Z ##[error]Process completed with exit code 127.
2026-04-22T22:23:26.7815829Z ##[group]Run set -euo pipefail
2026-04-22T22:23:26.7816181Z [36;1mset -euo pipefail[0m
2026-04-22T22:23:26.7816469Z [36;1mshopt -s globstar nullglob[0m
2026-04-22T22:23:26.7816816Z [36;1mxmls=(app/build/test-results/**/*.xml)[0m
2026-04-22T22:23:26.7817166Z [36;1mif [ ${#xmls[@]} -eq 0 ]; then[0m
2026-04-22T22:23:26.7817646Z [36;1m  echo "::error::No JUnit XML results found under app/build/test-results/. Did the test task run?"[0m
2026-04-22T22:23:26.7818115Z [36;1m  exit 1[0m
2026-04-22T22:23:26.7818344Z [36;1mfi[0m
2026-04-22T22:23:26.7818555Z [36;1mfailed=0[0m
2026-04-22T22:23:26.7818817Z [36;1mfor f in "${xmls[@]}"; do[0m
2026-04-22T22:23:26.7819233Z [36;1m  fails=$(grep -oE 'failures="[0-9]+"' "$f" | head -n1 | grep -oE '[0-9]+' || echo 0)[0m
2026-04-22T22:23:26.7819761Z [36;1m  errs=$(grep -oE 'errors="[0-9]+"' "$f" | head -n1 | grep -oE '[0-9]+' || echo 0)[0m
2026-04-22T22:23:26.7820260Z [36;1m  if [ "${fails:-0}" -gt 0 ] || [ "${errs:-0}" -gt 0 ]; then[0m
2026-04-22T22:23:26.7820729Z [36;1m    echo "::error file=${f}::${fails} failure(s), ${errs} error(s) in ${f}"[0m
2026-04-22T22:23:26.7821133Z [36;1m    failed=$((failed + fails + errs))[0m
2026-04-22T22:23:26.7821643Z [36;1m  fi[0m
2026-04-22T22:23:26.7821864Z [36;1mdone[0m
2026-04-22T22:23:26.7822088Z [36;1mif [ "$failed" -gt 0 ]; then[0m
2026-04-22T22:23:26.7822608Z [36;1m  echo "::error::${failed} unit-test failure(s)/error(s) detected. See annotations and the test-results artifact."[0m
2026-04-22T22:23:26.7823122Z [36;1m  exit 1[0m
2026-04-22T22:23:26.7823333Z [36;1mfi[0m
2026-04-22T22:23:26.7823603Z [36;1mecho "All ${#xmls[@]} JUnit XML reports clean."[0m
2026-04-22T22:23:26.7847081Z shell: /usr/bin/bash --noprofile --norc -e -o pipefail {0}
2026-04-22T22:23:26.7847477Z ##[endgroup]
2026-04-22T22:23:26.7891627Z ##[error]No JUnit XML results found under app/build/test-results/. Did the test task run?
2026-04-22T22:23:26.7893633Z ##[error]Process completed with exit code 1.
2026-04-22T22:23:26.7980077Z ##[group]Run actions/github-script@v7
2026-04-22T22:23:26.7980407Z with:
2026-04-22T22:23:26.7983339Z   script: const fs = require('fs');
let body = '### CI Unit Test Failure\n\n';
try {
  const raw = fs.readFileSync('unit-test-output.log', 'utf8');
  const lines = raw.split('\n');
  const errorLines = lines.filter(l =>
    /\be:\b|FAILED|Compilation error|Unresolved reference|not abstract|does not implement/.test(l)
  );
  const tail = lines.slice(-30).join('\n');
  const errors = errorLines.length > 0
    ? errorLines.join('\n')
    : 'No specific error lines matched. Last 30 lines shown.';
  body += '**Error lines:**\n```\n' + errors.slice(0, 2000) + '\n```\n';
  body += '\n**Build tail:**\n```\n' + tail.slice(0, 2000) + '\n```';
} catch (e) {
  body += 'Could not read unit-test-output.log: ' + e.message;
}
await github.rest.issues.createComment({
  owner: context.repo.owner,
  repo: context.repo.repo,
  issue_number: context.issue.number,
  body
});

2026-04-22T22:23:26.7986149Z   github-token: ***
2026-04-22T22:23:26.7986392Z   debug: false
2026-04-22T22:23:26.7986643Z   user-agent: actions/github-script
2026-04-22T22:23:26.7986933Z   result-encoding: json
2026-04-22T22:23:26.7987180Z   retries: 0
2026-04-22T22:23:26.7987631Z   retry-exempt-status-codes: 400,401,403,404,422
2026-04-22T22:23:26.7987950Z ##[endgroup]
2026-04-22T22:23:27.0745923Z RequestError [HttpError]: Resource not accessible by integration
2026-04-22T22:23:27.0746899Z     at /home/runner/work/_actions/actions/github-script/v7/dist/index.js:9537:21
2026-04-22T22:23:27.0747841Z     at process.processTicksAndRejections (node:internal/process/task_queues:95:5)
2026-04-22T22:23:27.0749071Z     at async eval (eval at callAsyncFunction (/home/runner/work/_actions/actions/github-script/v7/dist/index.js:36187:16), <anonymous>:20:1)
2026-04-22T22:23:27.0750350Z     at async main (/home/runner/work/_actions/actions/github-script/v7/dist/index.js:36285:20) {
2026-04-22T22:23:27.0751073Z   status: 403,
2026-04-22T22:23:27.0751726Z   response: {
2026-04-22T22:23:27.0752496Z     url: 'https://api.github.com/repos/akarlin3/prismTask/issues/662/comments',
2026-04-22T22:23:27.0753169Z     status: 403,
2026-04-22T22:23:27.0753528Z     headers: {
2026-04-22T22:23:27.0753932Z       'access-control-allow-origin': '*',
2026-04-22T22:23:27.0756113Z       'access-control-expose-headers': 'ETag, Link, Location, Retry-After, X-GitHub-OTP, X-RateLimit-Limit, X-RateLimit-Remaining, X-RateLimit-Used, X-RateLimit-Resource, X-RateLimit-Reset, X-OAuth-Scopes, X-Accepted-OAuth-Scopes, X-Poll-Interval, X-GitHub-Media-Type, X-GitHub-SSO, X-GitHub-Request-Id, Deprecation, Sunset',
2026-04-22T22:23:27.0758253Z       'content-encoding': 'gzip',
2026-04-22T22:23:27.0758771Z       'content-security-policy': "default-src 'none'",
2026-04-22T22:23:27.0759291Z       'content-type': 'application/json; charset=utf-8',
2026-04-22T22:23:27.0759746Z       date: 'Wed, 22 Apr 2026 22:23:27 GMT',
2026-04-22T22:23:27.0760363Z       'referrer-policy': 'origin-when-cross-origin, strict-origin-when-cross-origin',
2026-04-22T22:23:27.0760973Z       server: 'github.com',
2026-04-22T22:23:27.0761668Z       'strict-transport-security': 'max-age=31536000; includeSubdomains; preload',
2026-04-22T22:23:27.0762293Z       'transfer-encoding': 'chunked',
2026-04-22T22:23:27.0762850Z       vary: 'Accept-Encoding, Accept, X-Requested-With',
2026-04-22T22:23:27.0763451Z       'x-accepted-github-permissions': 'issues=write; pull_requests=write',
2026-04-22T22:23:27.0764069Z       'x-content-type-options': 'nosniff',
2026-04-22T22:23:27.0764502Z       'x-frame-options': 'deny',
2026-04-22T22:23:27.0764911Z       'x-github-api-version-selected': '2022-11-28',
2026-04-22T22:23:27.0765427Z       'x-github-media-type': 'github.v3; format=json',
2026-04-22T22:23:27.0766033Z       'x-github-request-id': '1028:26FA07:898F8C:2278EC2:69E94A5E',
2026-04-22T22:23:27.0766623Z       'x-ratelimit-limit': '5000',
2026-04-22T22:23:27.0767085Z       'x-ratelimit-remaining': '4989',
2026-04-22T22:23:27.0768253Z       'x-ratelimit-reset': '1776900081',
2026-04-22T22:23:27.0768766Z       'x-ratelimit-resource': 'core',
2026-04-22T22:23:27.0769246Z       'x-ratelimit-used': '11',
2026-04-22T22:23:27.0769678Z       'x-xss-protection': '0'
2026-04-22T22:23:27.0770103Z     },
2026-04-22T22:23:27.0770409Z     data: {
2026-04-22T22:23:27.0770827Z       message: 'Resource not accessible by integration',
2026-04-22T22:23:27.0771897Z       documentation_url: 'https://docs.github.com/rest/issues/comments#create-an-issue-comment',
2026-04-22T22:23:27.0772666Z       status: '403'
2026-04-22T22:23:27.0773003Z     }
2026-04-22T22:23:27.0773318Z   },
2026-04-22T22:23:27.0773633Z   request: {
2026-04-22T22:23:27.0773969Z     method: 'POST',
2026-04-22T22:23:27.0774532Z     url: 'https://api.github.com/repos/akarlin3/prismTask/issues/662/comments',
2026-04-22T22:23:27.0775219Z     headers: {
2026-04-22T22:23:27.0775624Z       accept: 'application/vnd.github.v3+json',
2026-04-22T22:23:27.0776433Z       'user-agent': 'actions/github-script octokit-core.js/5.0.1 Node.js/20.20.1 (linux; x64)',
2026-04-22T22:23:27.0777215Z       authorization: 'token [REDACTED]',
2026-04-22T22:23:27.0777773Z       'content-type': 'application/json; charset=utf-8'
2026-04-22T22:23:27.0778556Z     },
2026-04-22T22:23:27.0779427Z     body: `{"body":"### CI Unit Test Failure\\n\\nCould not read unit-test-output.log: ENOENT: no such file or directory, open 'unit-test-output.log'"}`,
2026-04-22T22:23:27.0780435Z     request: {
2026-04-22T22:23:27.0780786Z       agent: [Agent],
2026-04-22T22:23:27.0781349Z       fetch: [Function: proxyFetch],
2026-04-22T22:23:27.0781826Z       hook: [Function: bound bound register]
2026-04-22T22:23:27.0782277Z     }
2026-04-22T22:23:27.0782608Z   }
2026-04-22T22:23:27.0782902Z }
2026-04-22T22:23:27.0785039Z ##[error]Unhandled error: HttpError: Resource not accessible by integration
2026-04-22T22:23:27.1499394Z ##[group]Run actions/upload-artifact@v4
2026-04-22T22:23:27.1499734Z with:
2026-04-22T22:23:27.1499967Z   name: lint-report
2026-04-22T22:23:27.1500240Z   path: app/build/reports/lint-results-debug.html
2026-04-22T22:23:27.1500570Z   retention-days: 7
2026-04-22T22:23:27.1500814Z   if-no-files-found: warn
2026-04-22T22:23:27.1501063Z   compression-level: 6
2026-04-22T22:23:27.1501505Z   overwrite: false
2026-04-22T22:23:27.1501743Z   include-hidden-files: false
2026-04-22T22:23:27.1502014Z ##[endgroup]
2026-04-22T22:23:27.3643697Z ##[warning]No files were found with the provided path: app/build/reports/lint-results-debug.html. No artifacts will be uploaded.
2026-04-22T22:23:27.3785945Z ##[group]Run actions/upload-artifact@v4
2026-04-22T22:23:27.3786278Z with:
2026-04-22T22:23:27.3786508Z   name: detekt-report
2026-04-22T22:23:27.3786764Z   path: app/build/reports/detekt/
2026-04-22T22:23:27.3787051Z   retention-days: 7
2026-04-22T22:23:27.3787303Z   if-no-files-found: warn
2026-04-22T22:23:27.3787560Z   compression-level: 6
2026-04-22T22:23:27.3787810Z   overwrite: false
2026-04-22T22:23:27.3788048Z   include-hidden-files: false
2026-04-22T22:23:27.3788321Z ##[endgroup]
2026-04-22T22:23:27.5903039Z ##[warning]No files were found with the provided path: app/build/reports/detekt/. No artifacts will be uploaded.
2026-04-22T22:23:27.6054100Z ##[group]Run actions/upload-artifact@v4
2026-04-22T22:23:27.6054452Z with:
2026-04-22T22:23:27.6054681Z   name: test-results
2026-04-22T22:23:27.6054941Z   path: app/build/test-results/
2026-04-22T22:23:27.6055220Z   retention-days: 7
2026-04-22T22:23:27.6055466Z   if-no-files-found: warn
2026-04-22T22:23:27.6055726Z   compression-level: 6
2026-04-22T22:23:27.6055978Z   overwrite: false
2026-04-22T22:23:27.6056217Z   include-hidden-files: false
2026-04-22T22:23:27.6056490Z ##[endgroup]
2026-04-22T22:23:27.8195661Z ##[warning]No files were found with the provided path: app/build/test-results/. No artifacts will be uploaded.
2026-04-22T22:23:27.8385750Z Post job cleanup.
2026-04-22T22:23:27.9342217Z [command]/usr/bin/git version
2026-04-22T22:23:27.9377935Z git version 2.53.0
2026-04-22T22:23:27.9426231Z Temporarily overriding HOME='/home/runner/work/_temp/b688b7c7-6686-43f2-a9e5-7fb97b6c7b70' before making global git config changes
2026-04-22T22:23:27.9427561Z Adding repository directory to the temporary git global config as a safe directory
2026-04-22T22:23:27.9432501Z [command]/usr/bin/git config --global --add safe.directory /home/runner/work/prismTask/prismTask
2026-04-22T22:23:27.9468046Z [command]/usr/bin/git config --local --name-only --get-regexp core\.sshCommand
2026-04-22T22:23:27.9501723Z [command]/usr/bin/git submodule foreach --recursive sh -c "git config --local --name-only --get-regexp 'core\.sshCommand' && git config --local --unset-all 'core.sshCommand' || :"
2026-04-22T22:23:27.9737115Z [command]/usr/bin/git config --local --name-only --get-regexp http\.https\:\/\/github\.com\/\.extraheader
2026-04-22T22:23:27.9759418Z http.https://github.com/.extraheader
2026-04-22T22:23:27.9771849Z [command]/usr/bin/git config --local --unset-all http.https://github.com/.extraheader
2026-04-22T22:23:27.9803298Z [command]/usr/bin/git submodule foreach --recursive sh -c "git config --local --name-only --get-regexp 'http\.https\:\/\/github\.com\/\.extraheader' && git config --local --unset-all 'http.https://github.com/.extraheader' || :"
2026-04-22T22:23:28.0035390Z [command]/usr/bin/git config --local --name-only --get-regexp ^includeIf\.gitdir:
2026-04-22T22:23:28.0067621Z [command]/usr/bin/git submodule foreach --recursive git config --local --show-origin --name-only --get-regexp remote.origin.url
2026-04-22T22:23:28.0429180Z Cleaning up orphan processes
2026-04-22T22:23:28.0727609Z ##[warning]Node.js 20 actions are deprecated. The following actions are running on Node.js 20 and may not work as expected: actions/checkout@v4, actions/github-script@v7, actions/upload-artifact@v4. Actions will be forced to run with Node.js 24 by default starting June 2nd, 2026. Node.js 20 will be removed from the runner on September 16th, 2026. Please check if updated versions of these actions are available that support Node.js 24. To opt into Node.js 24 now, set the FORCE_JAVASCRIPT_ACTIONS_TO_NODE24=true environment variable on the runner or in your workflow file. Once Node.js 24 becomes the default, you can temporarily opt out by setting ACTIONS_ALLOW_USE_UNSECURE_NODE_VERSION=true. For more information see: https://github.blog/changelog/2025-09-19-deprecation-of-node-20-on-github-actions-runners/
