=== CI FAILURE ===
Workflow:      Android CI
Workflow file: akarlin3/prismTask/.github/workflows/android-ci.yml@refs/heads/main
Job(s):        lint-and-test
Run ID:        24756430915
Run attempt:   1
Run URL:       https://github.com/akarlin3/prismTask/actions/runs/24756430915
Commit:        2a69c28ffa48e255d3a4f949a96a419173f25191
Branch:        main
Event:         push
Actor:         akarlin3
Runner OS:     Linux
Timestamp:     2026-04-22T02:13:46.942Z

Failed steps:
  - lint-and-test: #4 ktlint check | #5 detekt | #8 Verify unit-test results (XML)

=== FAILED JOB LOG ===

--- Job: lint-and-test (id 72430527756) ---
2026-04-22T02:06:22.8173257Z Current runner version: '2.333.1'
2026-04-22T02:06:22.8210743Z ##[group]Runner Image Provisioner
2026-04-22T02:06:22.8212463Z Hosted Compute Agent
2026-04-22T02:06:22.8213474Z Version: 20260213.493
2026-04-22T02:06:22.8214452Z Commit: 5c115507f6dd24b8de37d8bbe0bb4509d0cc0fa3
2026-04-22T02:06:22.8215697Z Build Date: 2026-02-13T00:28:41Z
2026-04-22T02:06:22.8216857Z Worker ID: {82d8de7b-a26d-47ad-998b-0912a3695ef1}
2026-04-22T02:06:22.8218055Z Azure Region: eastus
2026-04-22T02:06:22.8218933Z ##[endgroup]
2026-04-22T02:06:22.8222328Z ##[group]Operating System
2026-04-22T02:06:22.8223310Z Ubuntu
2026-04-22T02:06:22.8224097Z 24.04.4
2026-04-22T02:06:22.8224970Z LTS
2026-04-22T02:06:22.8225664Z ##[endgroup]
2026-04-22T02:06:22.8226442Z ##[group]Runner Image
2026-04-22T02:06:22.8227354Z Image: ubuntu-24.04
2026-04-22T02:06:22.8228192Z Version: 20260413.86.1
2026-04-22T02:06:22.8230245Z Included Software: https://github.com/actions/runner-images/blob/ubuntu24/20260413.86/images/ubuntu/Ubuntu2404-Readme.md
2026-04-22T02:06:22.8233252Z Image Release: https://github.com/actions/runner-images/releases/tag/ubuntu24%2F20260413.86
2026-04-22T02:06:22.8234946Z ##[endgroup]
2026-04-22T02:06:22.8237165Z ##[group]GITHUB_TOKEN Permissions
2026-04-22T02:06:22.8239868Z Actions: read
2026-04-22T02:06:22.8240707Z Checks: read
2026-04-22T02:06:22.8241900Z Contents: write
2026-04-22T02:06:22.8242961Z Metadata: read
2026-04-22T02:06:22.8243976Z PullRequests: read
2026-04-22T02:06:22.8244867Z ##[endgroup]
2026-04-22T02:06:22.8248117Z Secret source: Actions
2026-04-22T02:06:22.8249749Z Prepare workflow directory
2026-04-22T02:06:22.8752113Z Prepare all required actions
2026-04-22T02:06:22.8811033Z Getting action download info
2026-04-22T02:06:23.0950516Z Download action repository 'actions/checkout@v4' (SHA:34e114876b0b11c390a56381ad16ebd13914f8d5)
2026-04-22T02:06:23.2185078Z Download action repository 'actions/github-script@v7' (SHA:f28e40c7f34bde8b3046d885e986cb6290c5673b)
2026-04-22T02:06:23.4233132Z Download action repository 'actions/upload-artifact@v4' (SHA:ea165f8d65b6e75b540449e92b4886f43607fa02)
2026-04-22T02:06:23.6404388Z Complete job name: lint-and-test
2026-04-22T02:06:23.7161175Z ##[group]Run actions/checkout@v4
2026-04-22T02:06:23.7162337Z with:
2026-04-22T02:06:23.7162721Z   ref: refs/heads/main
2026-04-22T02:06:23.7163164Z   repository: akarlin3/prismTask
2026-04-22T02:06:23.7163810Z   token: ***
2026-04-22T02:06:23.7164188Z   ssh-strict: true
2026-04-22T02:06:23.7164567Z   ssh-user: git
2026-04-22T02:06:23.7164963Z   persist-credentials: true
2026-04-22T02:06:23.7165395Z   clean: true
2026-04-22T02:06:23.7165790Z   sparse-checkout-cone-mode: true
2026-04-22T02:06:23.7166262Z   fetch-depth: 1
2026-04-22T02:06:23.7166646Z   fetch-tags: false
2026-04-22T02:06:23.7167031Z   show-progress: true
2026-04-22T02:06:23.7167429Z   lfs: false
2026-04-22T02:06:23.7167787Z   submodules: false
2026-04-22T02:06:23.7168182Z   set-safe-directory: true
2026-04-22T02:06:23.7168820Z ##[endgroup]
2026-04-22T02:06:23.8307131Z Syncing repository: akarlin3/prismTask
2026-04-22T02:06:23.8309602Z ##[group]Getting Git version info
2026-04-22T02:06:23.8310869Z Working directory is '/home/runner/work/prismTask/prismTask'
2026-04-22T02:06:23.8313069Z [command]/usr/bin/git version
2026-04-22T02:06:23.8334687Z git version 2.53.0
2026-04-22T02:06:23.8363177Z ##[endgroup]
2026-04-22T02:06:23.8378656Z Temporarily overriding HOME='/home/runner/work/_temp/4f281d06-9c28-4d66-868b-ad9bdbdafec1' before making global git config changes
2026-04-22T02:06:23.8381018Z Adding repository directory to the temporary git global config as a safe directory
2026-04-22T02:06:23.8385082Z [command]/usr/bin/git config --global --add safe.directory /home/runner/work/prismTask/prismTask
2026-04-22T02:06:23.8421807Z Deleting the contents of '/home/runner/work/prismTask/prismTask'
2026-04-22T02:06:23.8426158Z ##[group]Initializing the repository
2026-04-22T02:06:23.8430808Z [command]/usr/bin/git init /home/runner/work/prismTask/prismTask
2026-04-22T02:06:23.8555195Z hint: Using 'master' as the name for the initial branch. This default branch name
2026-04-22T02:06:23.8557118Z hint: will change to "main" in Git 3.0. To configure the initial branch name
2026-04-22T02:06:23.8558044Z hint: to use in all of your new repositories, which will suppress this warning,
2026-04-22T02:06:23.8558847Z hint: call:
2026-04-22T02:06:23.8559399Z hint:
2026-04-22T02:06:23.8560000Z hint: 	git config --global init.defaultBranch <name>
2026-04-22T02:06:23.8560554Z hint:
2026-04-22T02:06:23.8561079Z hint: Names commonly chosen instead of 'master' are 'main', 'trunk' and
2026-04-22T02:06:23.8562282Z hint: 'development'. The just-created branch can be renamed via this command:
2026-04-22T02:06:23.8563087Z hint:
2026-04-22T02:06:23.8563653Z hint: 	git branch -m <name>
2026-04-22T02:06:23.8564168Z hint:
2026-04-22T02:06:23.8564719Z hint: Disable this message with "git config set advice.defaultBranchName false"
2026-04-22T02:06:23.8565666Z Initialized empty Git repository in /home/runner/work/prismTask/prismTask/.git/
2026-04-22T02:06:23.8570099Z [command]/usr/bin/git remote add origin https://github.com/akarlin3/prismTask
2026-04-22T02:06:23.8603196Z ##[endgroup]
2026-04-22T02:06:23.8603965Z ##[group]Disabling automatic garbage collection
2026-04-22T02:06:23.8608785Z [command]/usr/bin/git config --local gc.auto 0
2026-04-22T02:06:23.8645298Z ##[endgroup]
2026-04-22T02:06:23.8646003Z ##[group]Setting up auth
2026-04-22T02:06:23.8656995Z [command]/usr/bin/git config --local --name-only --get-regexp core\.sshCommand
2026-04-22T02:06:23.8690849Z [command]/usr/bin/git submodule foreach --recursive sh -c "git config --local --name-only --get-regexp 'core\.sshCommand' && git config --local --unset-all 'core.sshCommand' || :"
2026-04-22T02:06:23.9006780Z [command]/usr/bin/git config --local --name-only --get-regexp http\.https\:\/\/github\.com\/\.extraheader
2026-04-22T02:06:23.9038426Z [command]/usr/bin/git submodule foreach --recursive sh -c "git config --local --name-only --get-regexp 'http\.https\:\/\/github\.com\/\.extraheader' && git config --local --unset-all 'http.https://github.com/.extraheader' || :"
2026-04-22T02:06:23.9257380Z [command]/usr/bin/git config --local --name-only --get-regexp ^includeIf\.gitdir:
2026-04-22T02:06:23.9289476Z [command]/usr/bin/git submodule foreach --recursive git config --local --show-origin --name-only --get-regexp remote.origin.url
2026-04-22T02:06:23.9510811Z [command]/usr/bin/git config --local http.https://github.com/.extraheader AUTHORIZATION: basic ***
2026-04-22T02:06:23.9546247Z ##[endgroup]
2026-04-22T02:06:23.9554668Z ##[group]Fetching the repository
2026-04-22T02:06:23.9555849Z [command]/usr/bin/git -c protocol.version=2 fetch --no-tags --prune --no-recurse-submodules --depth=1 origin +refs/heads/main:refs/remotes/origin/main
2026-04-22T02:06:26.2810587Z From https://github.com/akarlin3/prismTask
2026-04-22T02:06:26.2812574Z  * [new branch]      main       -> origin/main
2026-04-22T02:06:26.2843583Z ##[endgroup]
2026-04-22T02:06:26.2844950Z ##[group]Determining the checkout info
2026-04-22T02:06:26.2846592Z ##[endgroup]
2026-04-22T02:06:26.2851832Z [command]/usr/bin/git sparse-checkout disable
2026-04-22T02:06:26.2892589Z [command]/usr/bin/git config --local --unset-all extensions.worktreeConfig
2026-04-22T02:06:26.2922452Z ##[group]Checking out the ref
2026-04-22T02:06:26.2925595Z [command]/usr/bin/git checkout --progress --force -B main refs/remotes/origin/main
2026-04-22T02:06:26.5355219Z Switched to a new branch 'main'
2026-04-22T02:06:26.5356767Z branch 'main' set up to track 'origin/main'.
2026-04-22T02:06:26.5384208Z ##[endgroup]
2026-04-22T02:06:26.5424007Z [command]/usr/bin/git log -1 --format=%H
2026-04-22T02:06:26.5447461Z 2a69c28ffa48e255d3a4f949a96a419173f25191
2026-04-22T02:06:26.5746361Z Prepare all required actions
2026-04-22T02:06:26.5747850Z Getting action download info
2026-04-22T02:06:26.6931569Z Download action repository 'actions/setup-java@v4' (SHA:c1e323688fd81a25caa38c78aa6df2d33d3e20d9)
2026-04-22T02:06:26.9643493Z Download action repository 'gradle/actions@v4' (SHA:ed408507eac070d1f99cc633dbcf757c94c7933a)
2026-04-22T02:06:27.6563715Z ##[group]Run ./.github/actions/setup-android
2026-04-22T02:06:27.6564020Z ##[endgroup]
2026-04-22T02:06:27.6717515Z ##[group]Run actions/setup-java@v4
2026-04-22T02:06:27.6717773Z with:
2026-04-22T02:06:27.6717943Z   java-version: 21
2026-04-22T02:06:27.6718135Z   distribution: temurin
2026-04-22T02:06:27.6718337Z   java-package: jdk
2026-04-22T02:06:27.6718531Z   check-latest: false
2026-04-22T02:06:27.6718724Z   server-id: github
2026-04-22T02:06:27.6718908Z   server-username: GITHUB_ACTOR
2026-04-22T02:06:27.6719142Z   server-password: GITHUB_TOKEN
2026-04-22T02:06:27.6719381Z   overwrite-settings: true
2026-04-22T02:06:27.6719657Z   job-status: success
2026-04-22T02:06:27.6719968Z   token: ***
2026-04-22T02:06:27.6720155Z ##[endgroup]
2026-04-22T02:06:27.8706898Z ##[group]Installed distributions
2026-04-22T02:06:27.8770729Z Resolved Java 21.0.10+7 from tool-cache
2026-04-22T02:06:27.8771807Z Setting Java 21.0.10+7 as the default
2026-04-22T02:06:27.8784813Z Creating toolchains.xml for JDK version 21 from temurin
2026-04-22T02:06:27.8864324Z Writing to /home/runner/.m2/toolchains.xml
2026-04-22T02:06:27.8864788Z 
2026-04-22T02:06:27.8864956Z Java configuration:
2026-04-22T02:06:27.8866373Z   Distribution: temurin
2026-04-22T02:06:27.8866793Z   Version: 21.0.10+7
2026-04-22T02:06:27.8867755Z   Path: /opt/hostedtoolcache/Java_Temurin-Hotspot_jdk/21.0.10-7/x64
2026-04-22T02:06:27.8868326Z 
2026-04-22T02:06:27.8868826Z ##[endgroup]
2026-04-22T02:06:27.8889803Z Creating settings.xml with server-id: github
2026-04-22T02:06:27.8894817Z Writing to /home/runner/.m2/settings.xml
2026-04-22T02:06:27.9140960Z ##[group]Run gradle/actions/setup-gradle@v4
2026-04-22T02:06:27.9141252Z with:
2026-04-22T02:06:27.9141685Z   cache-disabled: false
2026-04-22T02:06:27.9141898Z   cache-read-only: false
2026-04-22T02:06:27.9142119Z   cache-write-only: false
2026-04-22T02:06:27.9142337Z   cache-overwrite-existing: false
2026-04-22T02:06:27.9142577Z   cache-cleanup: on-success
2026-04-22T02:06:27.9142862Z   gradle-home-cache-includes: caches
notifications

2026-04-22T02:06:27.9143153Z   add-job-summary: always
2026-04-22T02:06:27.9143653Z   add-job-summary-as-pr-comment: never
2026-04-22T02:06:27.9143949Z   dependency-graph: disabled
2026-04-22T02:06:27.9144232Z   dependency-graph-report-dir: dependency-graph-reports
2026-04-22T02:06:27.9144593Z   dependency-graph-continue-on-failure: true
2026-04-22T02:06:27.9144873Z   build-scan-publish: false
2026-04-22T02:06:27.9145092Z   validate-wrappers: true
2026-04-22T02:06:27.9145305Z   allow-snapshot-wrappers: false
2026-04-22T02:06:27.9145561Z   gradle-home-cache-strict-match: false
2026-04-22T02:06:27.9145826Z   workflow-job-context: null
2026-04-22T02:06:27.9146205Z   github-token: ***
2026-04-22T02:06:27.9146402Z env:
2026-04-22T02:06:27.9146673Z   JAVA_HOME: /opt/hostedtoolcache/Java_Temurin-Hotspot_jdk/21.0.10-7/x64
2026-04-22T02:06:27.9147137Z   JAVA_HOME_21_X64: /opt/hostedtoolcache/Java_Temurin-Hotspot_jdk/21.0.10-7/x64
2026-04-22T02:06:27.9147493Z ##[endgroup]
2026-04-22T02:06:29.3781889Z Merged default JDK locations into /home/runner/.m2/toolchains.xml
2026-04-22T02:06:29.3783526Z Preparing cache for cleanup.
2026-04-22T02:06:29.3786860Z ##[group]Restore Gradle state from cache
2026-04-22T02:06:29.4741203Z Cache hit for restore-key: gradle-home-v1|Linux-X64|lint-and-test[5df42585ae8f8da228c604b8b4e8707c]-2b774736693d7b84b6717b9dec336c0ec0a3fe5d
2026-04-22T02:06:29.9925424Z Received 92357370 of 92357370 (100.0%), 189.8 MBs/sec
2026-04-22T02:06:29.9928246Z Cache Size: ~88 MB (92357370 B)
2026-04-22T02:06:29.9973277Z [command]/usr/bin/tar -xf /home/runner/work/_temp/6f8880bc-3787-42a4-b3db-2f561f7579c3/cache.tzst -P -C /home/runner/work/prismTask/prismTask --use-compress-program unzstd
2026-04-22T02:06:30.3420584Z Cache restored successfully
2026-04-22T02:06:30.3467830Z Restored cache entry with key gradle-home-v1|Linux-X64|lint-and-test[5df42585ae8f8da228c604b8b4e8707c]-2a69c28ffa48e255d3a4f949a96a419173f25191 to /home/runner/.gradle/caches,/home/runner/.gradle/notifications,/home/runner/.gradle/.setup-gradle in 967ms
2026-04-22T02:06:30.4694128Z Cache hit for: gradle-kotlin-dsl-v1-b2ae7cf0117f56855d379a6eda3a7f69
2026-04-22T02:06:30.4700279Z Cache hit for: gradle-instrumented-jars-v1-7c2e2a0729e1b99fe89e158a9520c2bb
2026-04-22T02:06:30.4735812Z Cache hit for: gradle-dependencies-v1-12d14d953379dc3b5ae0cc9db676c4ca
2026-04-22T02:06:30.4776267Z Cache hit for: gradle-groovy-dsl-v1-453d3a3f9b3536daee1f08e832f64a8d
2026-04-22T02:06:30.4787713Z Cache hit for: gradle-generated-gradle-jars-v1-cb4b032a7d08b9bf1e84e9eacaebcc29
2026-04-22T02:06:30.4792974Z Cache hit for: gradle-transforms-v1-46b18e714fdff70ea4333840335ba873
2026-04-22T02:06:30.4796928Z Cache hit for: gradle-wrapper-zips-v1-8c0de4c6bda6041d6e054bf825a89c98
2026-04-22T02:06:30.6942175Z Received 64267 of 64267 (100.0%), 0.4 MBs/sec
2026-04-22T02:06:30.6943011Z Cache Size: ~0 MB (64267 B)
2026-04-22T02:06:30.7692624Z Received 108987 of 108987 (100.0%), 0.5 MBs/sec
2026-04-22T02:06:30.7722791Z Cache Size: ~0 MB (108987 B)
2026-04-22T02:06:30.7966987Z Received 340261 of 340261 (100.0%), 1.3 MBs/sec
2026-04-22T02:06:30.7967699Z Cache Size: ~0 MB (340261 B)
2026-04-22T02:06:30.8802582Z [command]/usr/bin/tar -xf /home/runner/work/_temp/459de395-683e-42f1-b0ba-356f8507a7f0/cache.tzst -P -C /home/runner/work/prismTask/prismTask --use-compress-program unzstd
2026-04-22T02:06:30.9025636Z Cache restored successfully
2026-04-22T02:06:30.9033966Z Restored cache entry with key gradle-instrumented-jars-v1-7c2e2a0729e1b99fe89e158a9520c2bb to /home/runner/.gradle/caches/jars-*/*/ in 555ms
2026-04-22T02:06:30.9252309Z [command]/usr/bin/tar -xf /home/runner/work/_temp/175a16f3-9614-469b-b34e-1f16f3c4dd06/cache.tzst -P -C /home/runner/work/prismTask/prismTask --use-compress-program unzstd
2026-04-22T02:06:30.9756790Z Cache restored successfully
2026-04-22T02:06:30.9763784Z [command]/usr/bin/tar -xf /home/runner/work/_temp/844201e4-9a22-4de6-8cce-eab34daa3081/cache.tzst -P -C /home/runner/work/prismTask/prismTask --use-compress-program unzstd
2026-04-22T02:06:30.9799398Z Restored cache entry with key gradle-groovy-dsl-v1-453d3a3f9b3536daee1f08e832f64a8d to /home/runner/.gradle/caches/*/groovy-dsl/*/ in 630ms
2026-04-22T02:06:31.1512387Z Cache restored successfully
2026-04-22T02:06:31.1783189Z Restored cache entry with key gradle-kotlin-dsl-v1-b2ae7cf0117f56855d379a6eda3a7f69 to /home/runner/.gradle/caches/*/kotlin-dsl/accessors/*/,/home/runner/.gradle/caches/*/kotlin-dsl/scripts/*/ in 828ms
2026-04-22T02:06:31.5115640Z Received 88080384 of 877667560 (10.0%), 83.4 MBs/sec
2026-04-22T02:06:31.5500033Z Received 37799100 of 41993404 (90.0%), 36.0 MBs/sec
2026-04-22T02:06:31.5678638Z Received 62914560 of 429028207 (14.7%), 59.8 MBs/sec
2026-04-22T02:06:31.5798440Z Received 46137344 of 136352669 (33.8%), 43.7 MBs/sec
2026-04-22T02:06:31.6187036Z Received 41993404 of 41993404 (100.0%), 37.4 MBs/sec
2026-04-22T02:06:31.6187978Z Cache Size: ~40 MB (41993404 B)
2026-04-22T02:06:31.7973208Z [command]/usr/bin/tar -xf /home/runner/work/_temp/ff3a9837-9f2f-444a-8b56-10bb175b9aa9/cache.tzst -P -C /home/runner/work/prismTask/prismTask --use-compress-program unzstd
2026-04-22T02:06:32.2141664Z Cache restored successfully
2026-04-22T02:06:32.2376403Z Restored cache entry with key gradle-generated-gradle-jars-v1-cb4b032a7d08b9bf1e84e9eacaebcc29 to /home/runner/.gradle/caches/9.3.1/generated-gradle-jars/gradle-api-9.3.1.jar in 1890ms
2026-04-22T02:06:32.5114991Z Received 213909504 of 877667560 (24.4%), 101.6 MBs/sec
2026-04-22T02:06:32.5674518Z Received 180355072 of 429028207 (42.0%), 85.8 MBs/sec
2026-04-22T02:06:32.5687552Z Received 136352669 of 136352669 (100.0%), 65.2 MBs/sec
2026-04-22T02:06:32.5688895Z Cache Size: ~130 MB (136352669 B)
2026-04-22T02:06:32.6346147Z [command]/usr/bin/tar -xf /home/runner/work/_temp/aacb8467-2347-4d35-80cc-6d80f40fa907/cache.tzst -P -C /home/runner/work/prismTask/prismTask --use-compress-program unzstd
2026-04-22T02:06:32.9754227Z Cache restored successfully
2026-04-22T02:06:32.9932950Z Restored cache entry with key gradle-wrapper-zips-v1-8c0de4c6bda6041d6e054bf825a89c98 to /home/runner/.gradle/wrapper/dists/gradle-9.3.1-bin/23ovyewtku6u96viwx3xl3oks in 2645ms
2026-04-22T02:06:33.5207684Z Received 394264576 of 877667560 (44.9%), 124.7 MBs/sec
2026-04-22T02:06:33.6001541Z Received 377487360 of 429028207 (88.0%), 118.6 MBs/sec
2026-04-22T02:06:33.8790815Z Received 429028207 of 429028207 (100.0%), 123.4 MBs/sec
2026-04-22T02:06:33.8794439Z Cache Size: ~409 MB (429028207 B)
2026-04-22T02:06:33.9250226Z [command]/usr/bin/tar -xf /home/runner/work/_temp/72f57338-734f-4134-b147-88673ec51cf2/cache.tzst -P -C /home/runner/work/prismTask/prismTask --use-compress-program unzstd
2026-04-22T02:06:34.5365677Z Received 536870912 of 877667560 (61.2%), 127.0 MBs/sec
2026-04-22T02:06:35.5401029Z Received 700448768 of 877667560 (79.8%), 132.7 MBs/sec
2026-04-22T02:06:36.5404021Z Received 859832320 of 877667560 (98.0%), 135.9 MBs/sec
2026-04-22T02:06:36.7299181Z Received 877667560 of 877667560 (100.0%), 134.5 MBs/sec
2026-04-22T02:06:36.7316245Z Cache Size: ~837 MB (877667560 B)
2026-04-22T02:06:36.7433488Z [command]/usr/bin/tar -xf /home/runner/work/_temp/bc680445-fee8-47a4-8026-02d2fc11d8c3/cache.tzst -P -C /home/runner/work/prismTask/prismTask --use-compress-program unzstd
2026-04-22T02:06:39.5550839Z Cache restored successfully
2026-04-22T02:06:39.5994548Z Restored cache entry with key gradle-dependencies-v1-12d14d953379dc3b5ae0cc9db676c4ca to /home/runner/.gradle/caches/modules-*/files-*/*/*/*/* in 9251ms
2026-04-22T02:06:40.7502164Z Cache restored successfully
2026-04-22T02:06:40.7686900Z Restored cache entry with key gradle-transforms-v1-46b18e714fdff70ea4333840335ba873 to /home/runner/.gradle/caches/transforms-4/*/,/home/runner/.gradle/caches/*/transforms/*/ in 10419ms
2026-04-22T02:06:40.8439595Z ##[endgroup]
2026-04-22T02:06:40.8759995Z ##[group]All Gradle Wrapper jars are valid
2026-04-22T02:06:40.8761202Z ✓ Found known Gradle Wrapper JAR files:
2026-04-22T02:06:40.8762397Z   b3a875ddc1f044746e1b1a55f645584505f4a10438c1afea9f15e92a7c42ec13 gradle/wrapper/gradle-wrapper.jar
2026-04-22T02:06:40.8763628Z ##[endgroup]
2026-04-22T02:06:40.9409829Z ##[group]Run chmod +x gradlew
2026-04-22T02:06:40.9410178Z [36;1mchmod +x gradlew[0m
2026-04-22T02:06:40.9436058Z shell: /usr/bin/bash --noprofile --norc -e -o pipefail {0}
2026-04-22T02:06:40.9436443Z env:
2026-04-22T02:06:40.9436775Z   JAVA_HOME: /opt/hostedtoolcache/Java_Temurin-Hotspot_jdk/21.0.10-7/x64
2026-04-22T02:06:40.9437300Z   JAVA_HOME_21_X64: /opt/hostedtoolcache/Java_Temurin-Hotspot_jdk/21.0.10-7/x64
2026-04-22T02:06:40.9437748Z   GRADLE_ACTION_ID: gradle/actions/setup-gradle
2026-04-22T02:06:40.9438121Z   GRADLE_USER_HOME: /home/runner/.gradle
2026-04-22T02:06:40.9438429Z   GRADLE_BUILD_ACTION_SETUP_COMPLETED: true
2026-04-22T02:06:40.9438759Z   GRADLE_BUILD_ACTION_CACHE_RESTORED: true
2026-04-22T02:06:40.9439245Z   DEVELOCITY_INJECTION_INIT_SCRIPT_NAME: gradle-actions.inject-develocity.init.gradle
2026-04-22T02:06:40.9439751Z   DEVELOCITY_INJECTION_CUSTOM_VALUE: gradle-actions
2026-04-22T02:06:40.9440114Z   GITHUB_DEPENDENCY_GRAPH_ENABLED: false
2026-04-22T02:06:40.9440404Z ##[endgroup]
2026-04-22T02:06:40.9783422Z ##[group]Run ./gradlew ktlintCheck --continue
2026-04-22T02:06:40.9783837Z [36;1m./gradlew ktlintCheck --continue[0m
2026-04-22T02:06:40.9805958Z shell: /usr/bin/bash -e {0}
2026-04-22T02:06:40.9806240Z env:
2026-04-22T02:06:40.9806571Z   JAVA_HOME: /opt/hostedtoolcache/Java_Temurin-Hotspot_jdk/21.0.10-7/x64
2026-04-22T02:06:40.9807109Z   JAVA_HOME_21_X64: /opt/hostedtoolcache/Java_Temurin-Hotspot_jdk/21.0.10-7/x64
2026-04-22T02:06:40.9807561Z   GRADLE_ACTION_ID: gradle/actions/setup-gradle
2026-04-22T02:06:40.9807891Z   GRADLE_USER_HOME: /home/runner/.gradle
2026-04-22T02:06:40.9808210Z   GRADLE_BUILD_ACTION_SETUP_COMPLETED: true
2026-04-22T02:06:40.9808538Z   GRADLE_BUILD_ACTION_CACHE_RESTORED: true
2026-04-22T02:06:40.9809003Z   DEVELOCITY_INJECTION_INIT_SCRIPT_NAME: gradle-actions.inject-develocity.init.gradle
2026-04-22T02:06:40.9809694Z   DEVELOCITY_INJECTION_CUSTOM_VALUE: gradle-actions
2026-04-22T02:06:40.9810048Z   GITHUB_DEPENDENCY_GRAPH_ENABLED: false
2026-04-22T02:06:40.9810378Z ##[endgroup]
2026-04-22T02:06:43.1152711Z Starting a Gradle Daemon (subsequent builds will be faster)
2026-04-22T02:06:48.5127757Z Configuration on demand is an incubating feature.
2026-04-22T02:06:55.0118855Z 
2026-04-22T02:06:55.0128663Z > Configure project :app
2026-04-22T02:06:55.0129684Z WARNING: The option setting 'android.builtInKotlin=false' is deprecated.
2026-04-22T02:06:55.0130664Z The current default is 'true'.
2026-04-22T02:06:55.0132904Z It will be removed in version 10.0 of the Android Gradle plugin.
2026-04-22T02:06:55.0134369Z WARNING: The option setting 'android.newDsl=false' is deprecated.
2026-04-22T02:06:55.0143379Z The current default is 'true'.
2026-04-22T02:06:55.0144178Z It will be removed in version 10.0 of the Android Gradle plugin.
2026-04-22T02:06:55.0146008Z WARNING: The option setting 'android.dependency.excludeLibraryComponentsFromConstraints=true' is deprecated.
2026-04-22T02:06:55.0147408Z The current default is 'false'.
2026-04-22T02:06:55.0148225Z It will be removed in version 10.0 of the Android Gradle plugin.
2026-04-22T02:06:55.0149201Z Following can be set instead to achieve a similar behaviour.
2026-04-22T02:06:55.0150104Z     android.dependency.useConstraints=false
2026-04-22T02:07:02.1122650Z w: file:///home/runner/work/prismTask/prismTask/app/build.gradle.kts:17:1: 'fun Project.android(configure: Action<BaseAppModuleExtension>): Unit' is deprecated. Replaced by com.android.build.api.dsl.ApplicationExtension.
2026-04-22T02:07:02.1125466Z This class is not used for the public extensions in AGP when android.newDsl=true, which is the default in AGP 9.0, and will be removed in AGP 10.0.
2026-04-22T02:07:02.1128132Z w: file:///home/runner/work/prismTask/prismTask/app/build.gradle.kts:230:1: 'val Project.android: BaseAppModuleExtension' is deprecated. Replaced by com.android.build.api.dsl.ApplicationExtension.
2026-04-22T02:07:02.1130625Z This class is not used for the public extensions in AGP when android.newDsl=true, which is the default in AGP 9.0, and will be removed in AGP 10.0.
2026-04-22T02:07:03.5133188Z w: ⚠️ Deprecated 'org.jetbrains.kotlin.android' plugin usage
2026-04-22T02:07:03.5141232Z The 'org.jetbrains.kotlin.android' plugin in project ':app' is no longer required for Kotlin support since AGP 9.0.
2026-04-22T02:07:03.5143136Z Solution: Remove both `android.builtInKotlin=true` and `android.newDsl=false` from `gradle.properties`, then migrate to built-in Kotlin.
2026-04-22T02:07:03.5144453Z See https://kotl.in/gradle/agp-built-in-kotlin for more details.
2026-04-22T02:07:03.5144981Z 
2026-04-22T02:07:04.0133415Z 
2026-04-22T02:07:04.0134600Z > Task :app:loadKtlintReporters FROM-CACHE
2026-04-22T02:07:04.0136076Z > Task :app:runKtlintCheckOverAndroidTestDebugSourceSet NO-SOURCE
2026-04-22T02:07:04.0145284Z > Task :app:ktlintAndroidTestDebugSourceSetCheck SKIPPED
2026-04-22T02:07:04.0146488Z > Task :app:runKtlintCheckOverAndroidTestReleaseSourceSet NO-SOURCE
2026-04-22T02:07:04.0147664Z > Task :app:ktlintAndroidTestReleaseSourceSetCheck SKIPPED
2026-04-22T02:07:04.1127301Z > Task :app:runKtlintCheckOverAndroidTestSourceSet FROM-CACHE
2026-04-22T02:07:04.1162185Z > Task :app:runKtlintCheckOverDebugSourceSet FROM-CACHE
2026-04-22T02:07:04.1192055Z > Task :app:ktlintDebugSourceSetCheck FROM-CACHE
2026-04-22T02:07:04.2132067Z 
2026-04-22T02:07:04.2144502Z > Task :app:ktlintAndroidTestSourceSetCheck FAILED
2026-04-22T02:07:04.2146355Z /home/runner/work/prismTask/prismTask/app/src/androidTest/java/com/averycorp/prismtask/smoke/TestNetworkModule.kt:46:36 Single space expected between colon and return type
2026-04-22T02:07:04.4122059Z 
2026-04-22T02:07:04.4161950Z > Task :app:runKtlintCheckOverReleaseSourceSet FROM-CACHE
2026-04-22T02:07:04.4193636Z > Task :app:ktlintReleaseSourceSetCheck FROM-CACHE
2026-04-22T02:07:04.4229931Z > Task :app:runKtlintCheckOverTestDebugSourceSet NO-SOURCE
2026-04-22T02:07:04.4270378Z > Task :app:ktlintTestDebugSourceSetCheck SKIPPED
2026-04-22T02:07:04.4295476Z > Task :app:runKtlintCheckOverTestFixturesDebugSourceSet NO-SOURCE
2026-04-22T02:07:04.4339442Z > Task :app:ktlintTestFixturesDebugSourceSetCheck SKIPPED
2026-04-22T02:07:04.4357695Z > Task :app:runKtlintCheckOverTestFixturesReleaseSourceSet NO-SOURCE
2026-04-22T02:07:04.4449341Z > Task :app:ktlintTestFixturesReleaseSourceSetCheck SKIPPED
2026-04-22T02:07:04.4468368Z > Task :app:runKtlintCheckOverTestFixturesSourceSet NO-SOURCE
2026-04-22T02:07:04.4485442Z > Task :app:ktlintTestFixturesSourceSetCheck SKIPPED
2026-04-22T02:07:04.4539648Z > Task :app:runKtlintCheckOverTestReleaseSourceSet NO-SOURCE
2026-04-22T02:07:04.4593517Z > Task :app:ktlintTestReleaseSourceSetCheck SKIPPED
2026-04-22T02:07:04.5142589Z > Task :app:runKtlintCheckOverTestSourceSet FROM-CACHE
2026-04-22T02:07:04.5202611Z > Task :app:ktlintTestSourceSetCheck FROM-CACHE
2026-04-22T02:07:06.9152561Z > Task :app:runKtlintCheckOverKotlinScripts
2026-04-22T02:07:06.9153322Z > Task :app:ktlintKotlinScriptCheck FROM-CACHE
2026-04-22T02:07:25.5124004Z > Task :app:runKtlintCheckOverMainSourceSet
2026-04-22T02:07:25.6121497Z 
2026-04-22T02:07:25.6122139Z > Task :app:ktlintMainSourceSetCheck FROM-CACHE
2026-04-22T02:07:25.6144415Z gradle/actions: Writing build results to /home/runner/work/_temp/.gradle-actions/build-results/__run-1776823610158.json
2026-04-22T02:07:25.6150173Z FAILURE: Build failed with an exception.
2026-04-22T02:07:25.6153576Z 
2026-04-22T02:07:25.6153602Z 
2026-04-22T02:07:25.6154637Z [Incubating] Problems report is available at: file:///home/runner/work/prismTask/prismTask/build/reports/problems/problems-report.html
2026-04-22T02:07:25.6156353Z * What went wrong:
2026-04-22T02:07:25.6156880Z 
2026-04-22T02:07:25.6157472Z Execution failed for task ':app:ktlintAndroidTestSourceSetCheck'.
2026-04-22T02:07:25.6158715Z Deprecated Gradle features were used in this build, making it incompatible with Gradle 10.
2026-04-22T02:07:25.6160216Z > A failure occurred while executing org.jlleitschuh.gradle.ktlint.worker.ConsoleReportWorkAction
2026-04-22T02:07:25.6161245Z 
2026-04-22T02:07:25.6162112Z    > KtLint found code style violations. Please see the following reports:
2026-04-22T02:07:25.6163762Z You can use '--warning-mode all' to show the individual deprecation warnings and determine if they come from your own scripts or plugins.
2026-04-22T02:07:25.6165188Z      - /home/runner/work/prismTask/prismTask/app/build/reports/ktlint/ktlintAndroidTestSourceSetCheck/ktlintAndroidTestSourceSetCheck.txt
2026-04-22T02:07:25.6165904Z 
2026-04-22T02:07:25.6166027Z 
2026-04-22T02:07:25.6166705Z For more on this, please refer to https://docs.gradle.org/9.3.1/userguide/command_line_interface.html#sec:command_line_warnings in the Gradle documentation.
2026-04-22T02:07:25.6167509Z * Try:
2026-04-22T02:07:25.6167866Z 13 actionable tasks: 3 executed, 10 from cache
2026-04-22T02:07:25.6168355Z > Run with --stacktrace option to get the stack trace.
2026-04-22T02:07:25.6169000Z > Run with --info or --debug option to get more log output.
2026-04-22T02:07:25.6169655Z > Run with --scan to get full insights from a Build Scan (powered by Develocity).
2026-04-22T02:07:25.6170615Z > Get more help at https://help.gradle.org.
2026-04-22T02:07:25.6171049Z 
2026-04-22T02:07:25.6171600Z BUILD FAILED in 44s
2026-04-22T02:07:26.0896909Z ##[error]Process completed with exit code 1.
2026-04-22T02:07:26.0946075Z ##[group]Run ./gradlew detekt --continue
2026-04-22T02:07:26.0946455Z [36;1m./gradlew detekt --continue[0m
2026-04-22T02:07:26.0967740Z shell: /usr/bin/bash -e {0}
2026-04-22T02:07:26.0968012Z env:
2026-04-22T02:07:26.0968330Z   JAVA_HOME: /opt/hostedtoolcache/Java_Temurin-Hotspot_jdk/21.0.10-7/x64
2026-04-22T02:07:26.0968862Z   JAVA_HOME_21_X64: /opt/hostedtoolcache/Java_Temurin-Hotspot_jdk/21.0.10-7/x64
2026-04-22T02:07:26.0969326Z   GRADLE_ACTION_ID: gradle/actions/setup-gradle
2026-04-22T02:07:26.0969665Z   GRADLE_USER_HOME: /home/runner/.gradle
2026-04-22T02:07:26.0969979Z   GRADLE_BUILD_ACTION_SETUP_COMPLETED: true
2026-04-22T02:07:26.0970495Z   GRADLE_BUILD_ACTION_CACHE_RESTORED: true
2026-04-22T02:07:26.0970957Z   DEVELOCITY_INJECTION_INIT_SCRIPT_NAME: gradle-actions.inject-develocity.init.gradle
2026-04-22T02:07:26.0971848Z   DEVELOCITY_INJECTION_CUSTOM_VALUE: gradle-actions
2026-04-22T02:07:26.0972198Z   GITHUB_DEPENDENCY_GRAPH_ENABLED: false
2026-04-22T02:07:26.0972514Z ##[endgroup]
2026-04-22T02:07:26.8966496Z Configuration on demand is an incubating feature.
2026-04-22T02:07:27.2946609Z 
2026-04-22T02:07:27.2947796Z > Configure project :app
2026-04-22T02:07:27.2962336Z WARNING: The option setting 'android.builtInKotlin=false' is deprecated.
2026-04-22T02:07:27.2963556Z The current default is 'true'.
2026-04-22T02:07:27.2965791Z It will be removed in version 10.0 of the Android Gradle plugin.
2026-04-22T02:07:27.2966850Z WARNING: The option setting 'android.newDsl=false' is deprecated.
2026-04-22T02:07:27.2967713Z The current default is 'true'.
2026-04-22T02:07:27.2968510Z It will be removed in version 10.0 of the Android Gradle plugin.
2026-04-22T02:07:27.2972705Z WARNING: The option setting 'android.dependency.excludeLibraryComponentsFromConstraints=true' is deprecated.
2026-04-22T02:07:27.2978610Z The current default is 'false'.
2026-04-22T02:07:27.2979693Z It will be removed in version 10.0 of the Android Gradle plugin.
2026-04-22T02:07:27.3022445Z Following can be set instead to achieve a similar behaviour.
2026-04-22T02:07:27.3052240Z     android.dependency.useConstraints=false
2026-04-22T02:07:27.3053804Z w: ⚠️ Deprecated 'org.jetbrains.kotlin.android' plugin usage
2026-04-22T02:07:27.3069086Z The 'org.jetbrains.kotlin.android' plugin in project ':app' is no longer required for Kotlin support since AGP 9.0.
2026-04-22T02:07:27.3070779Z Solution: Remove both `android.builtInKotlin=true` and `android.newDsl=false` from `gradle.properties`, then migrate to built-in Kotlin.
2026-04-22T02:07:27.3072517Z See https://kotl.in/gradle/agp-built-in-kotlin for more details.
2026-04-22T02:07:27.3073260Z 
2026-04-22T02:07:28.0931526Z 
2026-04-22T02:07:28.0941890Z > Task :detekt-rules:checkKotlinGradlePluginConfigurationErrors SKIPPED
2026-04-22T02:07:28.1916567Z > Task :detekt-rules:compileKotlin FROM-CACHE
2026-04-22T02:07:28.2920081Z > Task :detekt-rules:compileJava NO-SOURCE
2026-04-22T02:07:28.2928112Z > Task :detekt-rules:processResources
2026-04-22T02:07:28.2928795Z > Task :detekt-rules:classes
2026-04-22T02:07:28.2942013Z > Task :detekt-rules:jar
2026-04-22T02:07:58.2915619Z > Task :app:detekt
2026-04-22T02:08:04.2923846Z /home/runner/work/prismTask/prismTask/app/src/androidTest/java/com/averycorp/prismtask/smoke/TestNetworkModule.kt:46:36: Single space expected between colon and return type [FunctionReturnTypeSpacing]
2026-04-22T02:08:04.2925600Z 
2026-04-22T02:08:04.3867896Z 
2026-04-22T02:08:04.3868489Z > Task :app:detekt FAILED
2026-04-22T02:08:04.3870209Z 
2026-04-22T02:08:04.3870984Z gradle/actions: Writing build results to /home/runner/work/_temp/.gradle-actions/build-results/__run_2-1776823646829.json
2026-04-22T02:08:04.3872148Z 
2026-04-22T02:08:04.3872951Z [Incubating] Problems report is available at: file:///home/runner/work/prismTask/prismTask/build/reports/problems/problems-report.html
2026-04-22T02:08:04.3874464Z FAILURE: Build failed with an exception.
2026-04-22T02:08:04.3875295Z 
2026-04-22T02:08:04.3875706Z * What went wrong:
2026-04-22T02:08:04.3876750Z Execution failed for task ':app:detekt'.
2026-04-22T02:08:04.3877554Z > Analysis failed with 1 weighted issues.
2026-04-22T02:08:04.3878117Z 
2026-04-22T02:08:04.3878431Z * Try:
2026-04-22T02:08:04.3878763Z 
2026-04-22T02:08:04.3879223Z > Run with --stacktrace option to get the stack trace.
2026-04-22T02:08:04.3880140Z Deprecated Gradle features were used in this build, making it incompatible with Gradle 10.
2026-04-22T02:08:04.3880805Z 
2026-04-22T02:08:04.3881586Z > Run with --info or --debug option to get more log output.
2026-04-22T02:08:04.3882661Z > Run with --scan to get full insights from a Build Scan (powered by Develocity).
2026-04-22T02:08:04.3883929Z > Get more help at https://help.gradle.org.
2026-04-22T02:08:04.3884501Z 
2026-04-22T02:08:04.3884886Z BUILD FAILED in 38s
2026-04-22T02:08:04.3892212Z You can use '--warning-mode all' to show the individual deprecation warnings and determine if they come from your own scripts or plugins.
2026-04-22T02:08:04.3893639Z 
2026-04-22T02:08:04.3896997Z For more on this, please refer to https://docs.gradle.org/9.3.1/userguide/command_line_interface.html#sec:command_line_warnings in the Gradle documentation.
2026-04-22T02:08:04.3898162Z 4 actionable tasks: 3 executed, 1 from cache
2026-04-22T02:08:04.3956413Z ##[error]Process completed with exit code 1.
2026-04-22T02:08:04.3983624Z ##[group]Run ./gradlew lint --continue
2026-04-22T02:08:04.3983986Z [36;1m./gradlew lint --continue[0m
2026-04-22T02:08:04.4005241Z shell: /usr/bin/bash -e {0}
2026-04-22T02:08:04.4005511Z env:
2026-04-22T02:08:04.4005836Z   JAVA_HOME: /opt/hostedtoolcache/Java_Temurin-Hotspot_jdk/21.0.10-7/x64
2026-04-22T02:08:04.4006364Z   JAVA_HOME_21_X64: /opt/hostedtoolcache/Java_Temurin-Hotspot_jdk/21.0.10-7/x64
2026-04-22T02:08:04.4006840Z   GRADLE_ACTION_ID: gradle/actions/setup-gradle
2026-04-22T02:08:04.4007164Z   GRADLE_USER_HOME: /home/runner/.gradle
2026-04-22T02:08:04.4007469Z   GRADLE_BUILD_ACTION_SETUP_COMPLETED: true
2026-04-22T02:08:04.4007786Z   GRADLE_BUILD_ACTION_CACHE_RESTORED: true
2026-04-22T02:08:04.4008240Z   DEVELOCITY_INJECTION_INIT_SCRIPT_NAME: gradle-actions.inject-develocity.init.gradle
2026-04-22T02:08:04.4008740Z   DEVELOCITY_INJECTION_CUSTOM_VALUE: gradle-actions
2026-04-22T02:08:04.4009078Z   GITHUB_DEPENDENCY_GRAPH_ENABLED: false
2026-04-22T02:08:04.4009406Z ##[endgroup]
2026-04-22T02:08:05.2055015Z Configuration on demand is an incubating feature.
2026-04-22T02:08:05.5079299Z 
2026-04-22T02:08:05.5102430Z > Configure project :app
2026-04-22T02:08:05.5132361Z WARNING: The option setting 'android.builtInKotlin=false' is deprecated.
2026-04-22T02:08:05.5156369Z The current default is 'true'.
2026-04-22T02:08:05.5172236Z It will be removed in version 10.0 of the Android Gradle plugin.
2026-04-22T02:08:05.5182435Z WARNING: The option setting 'android.newDsl=false' is deprecated.
2026-04-22T02:08:05.5192330Z The current default is 'true'.
2026-04-22T02:08:05.5193145Z It will be removed in version 10.0 of the Android Gradle plugin.
2026-04-22T02:08:05.5194495Z WARNING: The option setting 'android.dependency.excludeLibraryComponentsFromConstraints=true' is deprecated.
2026-04-22T02:08:05.5195717Z The current default is 'false'.
2026-04-22T02:08:05.5196646Z It will be removed in version 10.0 of the Android Gradle plugin.
2026-04-22T02:08:05.5197756Z Following can be set instead to achieve a similar behaviour.
2026-04-22T02:08:05.5198637Z     android.dependency.useConstraints=false
2026-04-22T02:08:05.5199825Z w: ⚠️ Deprecated 'org.jetbrains.kotlin.android' plugin usage
2026-04-22T02:08:05.5201131Z The 'org.jetbrains.kotlin.android' plugin in project ':app' is no longer required for Kotlin support since AGP 9.0.
2026-04-22T02:08:05.5203127Z Solution: Remove both `android.builtInKotlin=true` and `android.newDsl=false` from `gradle.properties`, then migrate to built-in Kotlin.
2026-04-22T02:08:05.5204591Z See https://kotl.in/gradle/agp-built-in-kotlin for more details.
2026-04-22T02:08:05.5205245Z 
2026-04-22T02:08:06.5038484Z 
2026-04-22T02:08:06.5082284Z > Task :app:checkKotlinGradlePluginConfigurationErrors SKIPPED
2026-04-22T02:08:06.5093594Z > Task :app:preBuild UP-TO-DATE
2026-04-22T02:08:06.5122654Z > Task :app:preDebugBuild UP-TO-DATE
2026-04-22T02:08:06.5124731Z > Task :app:generateDebugBuildConfig
2026-04-22T02:08:06.5125604Z > Task :app:generateDebugResValues FROM-CACHE
2026-04-22T02:08:06.5126436Z > Task :app:generateDebugResources FROM-CACHE
2026-04-22T02:08:06.6038600Z > Task :app:injectCrashlyticsMappingFileIdDebug
2026-04-22T02:08:06.6045741Z > Task :app:processDebugGoogleServices FROM-CACHE
2026-04-22T02:08:06.6046640Z > Task :app:packageDebugResources FROM-CACHE
2026-04-22T02:08:07.4036083Z > Task :app:processDebugNavigationResources FROM-CACHE
2026-04-22T02:08:08.1038548Z > Task :app:parseDebugLocalResources FROM-CACHE
2026-04-22T02:08:08.1039743Z > Task :app:generateDebugRFile FROM-CACHE
2026-04-22T02:08:09.1047108Z > Task :app:javaPreCompileDebug FROM-CACHE
2026-04-22T02:08:09.3041765Z > Task :app:mapDebugSourceSetPaths
2026-04-22T02:08:09.3050952Z > Task :app:compileDebugNavigationResources FROM-CACHE
2026-04-22T02:08:09.3088320Z > Task :app:checkDebugAarMetadata
2026-04-22T02:08:09.5073256Z > Task :app:mergeDebugResources FROM-CACHE
2026-04-22T02:08:09.6036789Z > Task :app:createDebugCompatibleScreenManifests
2026-04-22T02:08:09.6050234Z > Task :app:extractDeepLinksDebug FROM-CACHE
2026-04-22T02:08:10.2052514Z > Task :app:processDebugMainManifest
2026-04-22T02:08:10.4042758Z > Task :app:processDebugManifest
2026-04-22T02:08:10.4046599Z > Task :app:preDebugAndroidTestBuild SKIPPED
2026-04-22T02:08:10.4090377Z > Task :app:generateDebugAndroidTestResValues FROM-CACHE
2026-04-22T02:08:10.4109625Z > Task :app:extractProguardFiles
2026-04-22T02:08:10.4138353Z > Task :app:preDebugUnitTestBuild UP-TO-DATE
2026-04-22T02:08:10.4162478Z > Task :app:processDebugManifestForPackage
2026-04-22T02:08:12.0034230Z > Task :app:processDebugResources
2026-04-22T02:08:38.1034608Z > Task :app:kspDebugKotlin
2026-04-22T02:09:11.0092481Z > Task :app:compileDebugKotlin
2026-04-22T02:10:22.0124750Z w: file:///home/runner/work/prismTask/prismTask/app/build/generated/ksp/debug/kotlin/com/averycorp/prismtask/data/local/dao/HabitCompletionDao_Impl.kt:120:23 This declaration overrides a deprecated member but is not marked as deprecated itself. Add the '@Deprecated' annotation or suppress the diagnostic.
2026-04-22T02:10:22.0183728Z w: file:///home/runner/work/prismTask/prismTask/app/build/generated/ksp/debug/kotlin/com/averycorp/prismtask/data/local/dao/HabitCompletionDao_Impl.kt:317:23 This declaration overrides a deprecated member but is not marked as deprecated itself. Add the '@Deprecated' annotation or suppress the diagnostic.
2026-04-22T02:10:22.0213638Z w: file:///home/runner/work/prismTask/prismTask/app/build/generated/ksp/debug/kotlin/com/averycorp/prismtask/data/local/dao/HabitCompletionDao_Impl.kt:365:31 This declaration overrides a deprecated member but is not marked as deprecated itself. Add the '@Deprecated' annotation or suppress the diagnostic.
2026-04-22T02:10:22.0273688Z w: file:///home/runner/work/prismTask/prismTask/app/build/generated/ksp/debug/kotlin/com/averycorp/prismtask/data/local/dao/HabitCompletionDao_Impl.kt:413:31 This declaration overrides a deprecated member but is not marked as deprecated itself. Add the '@Deprecated' annotation or suppress the diagnostic.
2026-04-22T02:10:22.0353801Z w: file:///home/runner/work/prismTask/prismTask/app/build/generated/ksp/debug/kotlin/com/averycorp/prismtask/data/local/dao/HabitCompletionDao_Impl.kt:461:31 This declaration overrides a deprecated member but is not marked as deprecated itself. Add the '@Deprecated' annotation or suppress the diagnostic.
2026-04-22T02:10:22.0361970Z w: file:///home/runner/work/prismTask/prismTask/app/build/generated/ksp/debug/kotlin/com/averycorp/prismtask/data/local/dao/HabitCompletionDao_Impl.kt:882:31 This declaration overrides a deprecated member but is not marked as deprecated itself. Add the '@Deprecated' annotation or suppress the diagnostic.
2026-04-22T02:10:22.0383757Z w: file:///home/runner/work/prismTask/prismTask/app/build/generated/ksp/debug/kotlin/com/averycorp/prismtask/data/local/dao/HabitCompletionDao_Impl.kt:914:31 This declaration overrides a deprecated member but is not marked as deprecated itself. Add the '@Deprecated' annotation or suppress the diagnostic.
2026-04-22T02:10:22.0445649Z w: file:///home/runner/work/prismTask/prismTask/app/src/main/java/com/averycorp/prismtask/PrismTaskApplication.kt:144:22 'fun setPersistenceEnabled(p0: Boolean): FirebaseFirestoreSettings.Builder' is deprecated. Deprecated in Java.
2026-04-22T02:10:22.0483078Z w: file:///home/runner/work/prismTask/prismTask/app/src/main/java/com/averycorp/prismtask/data/billing/BillingManager.kt:57:5 This annotation is currently applied to the value parameter only, but in the future it will also be applied to field.
2026-04-22T02:10:22.0486091Z - To opt in to applying to both value parameter and field, add '-Xannotation-default-target=param-property' to your compiler arguments.
2026-04-22T02:10:22.0542126Z - To keep applying to the value parameter only, use the '@param:' annotation target.
2026-04-22T02:10:22.0542879Z 
2026-04-22T02:10:22.0572033Z See https://youtrack.jetbrains.com/issue/KT-73255 for more details.
2026-04-22T02:10:22.0574122Z w: file:///home/runner/work/prismTask/prismTask/app/src/main/java/com/averycorp/prismtask/data/calendar/CalendarManager.kt:6:8 'class GoogleSignIn : Any' is deprecated. Deprecated in Java.
2026-04-22T02:10:22.0576864Z w: file:///home/runner/work/prismTask/prismTask/app/src/main/java/com/averycorp/prismtask/data/calendar/CalendarManager.kt:7:8 'class GoogleSignInOptions : AbstractSafeParcelable, Api.ApiOptions.Optional, ReflectedParcelable' is deprecated. Deprecated in Java.
2026-04-22T02:10:22.0579890Z w: file:///home/runner/work/prismTask/prismTask/app/src/main/java/com/averycorp/prismtask/data/calendar/CalendarManager.kt:44:5 This annotation is currently applied to the value parameter only, but in the future it will also be applied to field.
2026-04-22T02:10:22.0582387Z - To opt in to applying to both value parameter and field, add '-Xannotation-default-target=param-property' to your compiler arguments.
2026-04-22T02:10:22.0583543Z - To keep applying to the value parameter only, use the '@param:' annotation target.
2026-04-22T02:10:22.0584055Z 
2026-04-22T02:10:22.0584387Z See https://youtrack.jetbrains.com/issue/KT-73255 for more details.
2026-04-22T02:10:22.0585831Z w: file:///home/runner/work/prismTask/prismTask/app/src/main/java/com/averycorp/prismtask/data/calendar/CalendarManager.kt:58:23 'class GoogleSignIn : Any' is deprecated. Deprecated in Java.
2026-04-22T02:10:22.0588144Z w: file:///home/runner/work/prismTask/prismTask/app/src/main/java/com/averycorp/prismtask/data/calendar/CalendarManager.kt:69:85 'class GoogleSignInClient : GoogleApi<GoogleSignInOptions!>' is deprecated. Deprecated in Java.
2026-04-22T02:10:22.0591238Z w: file:///home/runner/work/prismTask/prismTask/app/src/main/java/com/averycorp/prismtask/data/calendar/CalendarManager.kt:70:19 'class GoogleSignInOptions : AbstractSafeParcelable, Api.ApiOptions.Optional, ReflectedParcelable' is deprecated. Deprecated in Java.
2026-04-22T02:10:22.0594828Z w: file:///home/runner/work/prismTask/prismTask/app/src/main/java/com/averycorp/prismtask/data/calendar/CalendarManager.kt:70:47 'class GoogleSignInOptions : AbstractSafeParcelable, Api.ApiOptions.Optional, ReflectedParcelable' is deprecated. Deprecated in Java.
2026-04-22T02:10:22.0597776Z w: file:///home/runner/work/prismTask/prismTask/app/src/main/java/com/averycorp/prismtask/data/calendar/CalendarManager.kt:74:16 'class GoogleSignIn : Any' is deprecated. Deprecated in Java.
2026-04-22T02:10:22.0600196Z w: file:///home/runner/work/prismTask/prismTask/app/src/main/java/com/averycorp/prismtask/data/calendar/CalendarManager.kt:85:28 'class GoogleSignIn : Any' is deprecated. Deprecated in Java.
2026-04-22T02:10:22.0633076Z w: file:///home/runner/work/prismTask/prismTask/app/src/main/java/com/averycorp/prismtask/data/calendar/CalendarManager.kt:121:24 'class GoogleSignIn : Any' is deprecated. Deprecated in Java.
2026-04-22T02:10:22.0635519Z w: file:///home/runner/work/prismTask/prismTask/app/src/main/java/com/averycorp/prismtask/data/calendar/CalendarManager.kt:156:23 'class GoogleSignIn : Any' is deprecated. Deprecated in Java.
2026-04-22T02:10:22.0637958Z w: file:///home/runner/work/prismTask/prismTask/app/src/main/java/com/averycorp/prismtask/data/calendar/CalendarManager.kt:224:23 'class GoogleSignIn : Any' is deprecated. Deprecated in Java.
2026-04-22T02:10:22.0640995Z w: file:///home/runner/work/prismTask/prismTask/app/src/main/java/com/averycorp/prismtask/data/calendar/DefaultCalendarPushDispatcher.kt:28:5 This annotation is currently applied to the value parameter only, but in the future it will also be applied to field.
2026-04-22T02:10:22.0644368Z - To opt in to applying to both value parameter and field, add '-Xannotation-default-target=param-property' to your compiler arguments.
2026-04-22T02:10:22.0645722Z - To keep applying to the value parameter only, use the '@param:' annotation target.
2026-04-22T02:10:22.0646341Z 
2026-04-22T02:10:22.0646716Z See https://youtrack.jetbrains.com/issue/KT-73255 for more details.
2026-04-22T02:10:22.0648927Z w: file:///home/runner/work/prismTask/prismTask/app/src/main/java/com/averycorp/prismtask/data/preferences/A11yPreferences.kt:22:5 This annotation is currently applied to the value parameter only, but in the future it will also be applied to field.
2026-04-22T02:10:22.0651520Z - To opt in to applying to both value parameter and field, add '-Xannotation-default-target=param-property' to your compiler arguments.
2026-04-22T02:10:22.0652776Z - To keep applying to the value parameter only, use the '@param:' annotation target.
2026-04-22T02:10:22.0653310Z 
2026-04-22T02:10:22.0653630Z See https://youtrack.jetbrains.com/issue/KT-73255 for more details.
2026-04-22T02:10:22.0655383Z w: file:///home/runner/work/prismTask/prismTask/app/src/main/java/com/averycorp/prismtask/data/preferences/ArchivePreferences.kt:21:5 This annotation is currently applied to the value parameter only, but in the future it will also be applied to field.
2026-04-22T02:10:22.0657660Z - To opt in to applying to both value parameter and field, add '-Xannotation-default-target=param-property' to your compiler arguments.
2026-04-22T02:10:22.0658847Z - To keep applying to the value parameter only, use the '@param:' annotation target.
2026-04-22T02:10:22.0659374Z 
2026-04-22T02:10:22.0659703Z See https://youtrack.jetbrains.com/issue/KT-73255 for more details.
2026-04-22T02:10:22.0691843Z w: file:///home/runner/work/prismTask/prismTask/app/src/main/java/com/averycorp/prismtask/data/preferences/AuthTokenPreferences.kt:30:5 This annotation is currently applied to the value parameter only, but in the future it will also be applied to field.
2026-04-22T02:10:22.0694462Z - To opt in to applying to both value parameter and field, add '-Xannotation-default-target=param-property' to your compiler arguments.
2026-04-22T02:10:22.0695824Z - To keep applying to the value parameter only, use the '@param:' annotation target.
2026-04-22T02:10:22.0696430Z 
2026-04-22T02:10:22.0696801Z See https://youtrack.jetbrains.com/issue/KT-73255 for more details.
2026-04-22T02:10:22.0698880Z w: file:///home/runner/work/prismTask/prismTask/app/src/main/java/com/averycorp/prismtask/data/preferences/BackendSyncPreferences.kt:29:5 This annotation is currently applied to the value parameter only, but in the future it will also be applied to field.
2026-04-22T02:10:22.0701532Z - To opt in to applying to both value parameter and field, add '-Xannotation-default-target=param-property' to your compiler arguments.
2026-04-22T02:10:22.0702723Z - To keep applying to the value parameter only, use the '@param:' annotation target.
2026-04-22T02:10:22.0703253Z 
2026-04-22T02:10:22.0703568Z See https://youtrack.jetbrains.com/issue/KT-73255 for more details.
2026-04-22T02:10:22.0705364Z w: file:///home/runner/work/prismTask/prismTask/app/src/main/java/com/averycorp/prismtask/data/preferences/BuiltInSyncPreferences.kt:25:5 This annotation is currently applied to the value parameter only, but in the future it will also be applied to field.
2026-04-22T02:10:22.0707706Z - To opt in to applying to both value parameter and field, add '-Xannotation-default-target=param-property' to your compiler arguments.
2026-04-22T02:10:22.0708898Z - To keep applying to the value parameter only, use the '@param:' annotation target.
2026-04-22T02:10:22.0709438Z 
2026-04-22T02:10:22.0709758Z See https://youtrack.jetbrains.com/issue/KT-73255 for more details.
2026-04-22T02:10:22.0711783Z w: file:///home/runner/work/prismTask/prismTask/app/src/main/java/com/averycorp/prismtask/data/preferences/CoachingPreferences.kt:30:5 This annotation is currently applied to the value parameter only, but in the future it will also be applied to field.
2026-04-22T02:10:22.0714473Z - To opt in to applying to both value parameter and field, add '-Xannotation-default-target=param-property' to your compiler arguments.
2026-04-22T02:10:22.0715703Z - To keep applying to the value parameter only, use the '@param:' annotation target.
2026-04-22T02:10:22.0716225Z 
2026-04-22T02:10:22.0716538Z See https://youtrack.jetbrains.com/issue/KT-73255 for more details.
2026-04-22T02:10:22.0718556Z w: file:///home/runner/work/prismTask/prismTask/app/src/main/java/com/averycorp/prismtask/data/preferences/DailyEssentialsPreferences.kt:28:5 This annotation is currently applied to the value parameter only, but in the future it will also be applied to field.
2026-04-22T02:10:22.0720764Z - To opt in to applying to both value parameter and field, add '-Xannotation-default-target=param-property' to your compiler arguments.
2026-04-22T02:10:22.0752477Z - To keep applying to the value parameter only, use the '@param:' annotation target.
2026-04-22T02:10:22.0753127Z 
2026-04-22T02:10:22.0753509Z See https://youtrack.jetbrains.com/issue/KT-73255 for more details.
2026-04-22T02:10:22.0755576Z w: file:///home/runner/work/prismTask/prismTask/app/src/main/java/com/averycorp/prismtask/data/preferences/DashboardPreferences.kt:22:5 This annotation is currently applied to the value parameter only, but in the future it will also be applied to field.
2026-04-22T02:10:22.0758035Z - To opt in to applying to both value parameter and field, add '-Xannotation-default-target=param-property' to your compiler arguments.
2026-04-22T02:10:22.0759389Z - To keep applying to the value parameter only, use the '@param:' annotation target.
2026-04-22T02:10:22.0759989Z 
2026-04-22T02:10:22.0760348Z See https://youtrack.jetbrains.com/issue/KT-73255 for more details.
2026-04-22T02:10:22.0762577Z w: file:///home/runner/work/prismTask/prismTask/app/src/main/java/com/averycorp/prismtask/data/preferences/HabitListPreferences.kt:31:5 This annotation is currently applied to the value parameter only, but in the future it will also be applied to field.
2026-04-22T02:10:22.0765037Z - To opt in to applying to both value parameter and field, add '-Xannotation-default-target=param-property' to your compiler arguments.
2026-04-22T02:10:22.0766534Z - To keep applying to the value parameter only, use the '@param:' annotation target.
2026-04-22T02:10:22.0767170Z 
2026-04-22T02:10:22.0767531Z See https://youtrack.jetbrains.com/issue/KT-73255 for more details.
2026-04-22T02:10:22.0769497Z w: file:///home/runner/work/prismTask/prismTask/app/src/main/java/com/averycorp/prismtask/data/preferences/LeisurePreferences.kt:83:5 This annotation is currently applied to the value parameter only, but in the future it will also be applied to field.
2026-04-22T02:10:22.0772106Z - To opt in to applying to both value parameter and field, add '-Xannotation-default-target=param-property' to your compiler arguments.
2026-04-22T02:10:22.0773445Z - To keep applying to the value parameter only, use the '@param:' annotation target.
2026-04-22T02:10:22.0774041Z 
2026-04-22T02:10:22.0774407Z See https://youtrack.jetbrains.com/issue/KT-73255 for more details.
2026-04-22T02:10:22.0776430Z w: file:///home/runner/work/prismTask/prismTask/app/src/main/java/com/averycorp/prismtask/data/preferences/MedicationPreferences.kt:26:5 This annotation is currently applied to the value parameter only, but in the future it will also be applied to field.
2026-04-22T02:10:22.0778851Z - To opt in to applying to both value parameter and field, add '-Xannotation-default-target=param-property' to your compiler arguments.
2026-04-22T02:10:22.0780165Z - To keep applying to the value parameter only, use the '@param:' annotation target.
2026-04-22T02:10:22.0780767Z 
2026-04-22T02:10:22.0781119Z See https://youtrack.jetbrains.com/issue/KT-73255 for more details.
2026-04-22T02:10:22.0797333Z w: file:///home/runner/work/prismTask/prismTask/app/src/main/java/com/averycorp/prismtask/data/preferences/MorningCheckInPreferences.kt:32:5 This annotation is currently applied to the value parameter only, but in the future it will also be applied to field.
2026-04-22T02:10:22.0800316Z - To opt in to applying to both value parameter and field, add '-Xannotation-default-target=param-property' to your compiler arguments.
2026-04-22T02:10:22.0801975Z - To keep applying to the value parameter only, use the '@param:' annotation target.
2026-04-22T02:10:22.0802579Z 
2026-04-22T02:10:22.0802944Z See https://youtrack.jetbrains.com/issue/KT-73255 for more details.
2026-04-22T02:10:22.0805207Z w: file:///home/runner/work/prismTask/prismTask/app/src/main/java/com/averycorp/prismtask/data/preferences/OnboardingPreferences.kt:22:5 This annotation is currently applied to the value parameter only, but in the future it will also be applied to field.
2026-04-22T02:10:22.0807670Z - To opt in to applying to both value parameter and field, add '-Xannotation-default-target=param-property' to your compiler arguments.
2026-04-22T02:10:22.0808985Z - To keep applying to the value parameter only, use the '@param:' annotation target.
2026-04-22T02:10:22.0809578Z 
2026-04-22T02:10:22.0809928Z See https://youtrack.jetbrains.com/issue/KT-73255 for more details.
2026-04-22T02:10:22.0811890Z w: file:///home/runner/work/prismTask/prismTask/app/src/main/java/com/averycorp/prismtask/data/preferences/ProStatusPreferences.kt:22:5 This annotation is currently applied to the value parameter only, but in the future it will also be applied to field.
2026-04-22T02:10:22.0814019Z - To opt in to applying to both value parameter and field, add '-Xannotation-default-target=param-property' to your compiler arguments.
2026-04-22T02:10:22.0815399Z - To keep applying to the value parameter only, use the '@param:' annotation target.
2026-04-22T02:10:22.0815961Z 
2026-04-22T02:10:22.0816284Z See https://youtrack.jetbrains.com/issue/KT-73255 for more details.
2026-04-22T02:10:22.0818058Z w: file:///home/runner/work/prismTask/prismTask/app/src/main/java/com/averycorp/prismtask/data/preferences/ShakePreferences.kt:28:5 This annotation is currently applied to the value parameter only, but in the future it will also be applied to field.
2026-04-22T02:10:22.0820230Z - To opt in to applying to both value parameter and field, add '-Xannotation-default-target=param-property' to your compiler arguments.
2026-04-22T02:10:22.0821788Z - To keep applying to the value parameter only, use the '@param:' annotation target.
2026-04-22T02:10:22.0822371Z 
2026-04-22T02:10:22.0822720Z See https://youtrack.jetbrains.com/issue/KT-73255 for more details.
2026-04-22T02:10:22.0824443Z w: file:///home/runner/work/prismTask/prismTask/app/src/main/java/com/averycorp/prismtask/data/preferences/TabPreferences.kt:22:5 This annotation is currently applied to the value parameter only, but in the future it will also be applied to field.
2026-04-22T02:10:22.0826510Z - To opt in to applying to both value parameter and field, add '-Xannotation-default-target=param-property' to your compiler arguments.
2026-04-22T02:10:22.0827661Z - To keep applying to the value parameter only, use the '@param:' annotation target.
2026-04-22T02:10:22.0828171Z 
2026-04-22T02:10:22.0828472Z See https://youtrack.jetbrains.com/issue/KT-73255 for more details.
2026-04-22T02:10:22.0830434Z w: file:///home/runner/work/prismTask/prismTask/app/src/main/java/com/averycorp/prismtask/data/preferences/TaskBehaviorPreferences.kt:58:5 This annotation is currently applied to the value parameter only, but in the future it will also be applied to field.
2026-04-22T02:10:22.0833102Z - To opt in to applying to both value parameter and field, add '-Xannotation-default-target=param-property' to your compiler arguments.
2026-04-22T02:10:22.0834461Z - To keep applying to the value parameter only, use the '@param:' annotation target.
2026-04-22T02:10:22.0835072Z 
2026-04-22T02:10:22.0835434Z See https://youtrack.jetbrains.com/issue/KT-73255 for more details.
2026-04-22T02:10:22.0837516Z w: file:///home/runner/work/prismTask/prismTask/app/src/main/java/com/averycorp/prismtask/data/preferences/TemplatePreferences.kt:31:5 This annotation is currently applied to the value parameter only, but in the future it will also be applied to field.
2026-04-22T02:10:22.0840194Z - To opt in to applying to both value parameter and field, add '-Xannotation-default-target=param-property' to your compiler arguments.
2026-04-22T02:10:22.0841809Z - To keep applying to the value parameter only, use the '@param:' annotation target.
2026-04-22T02:10:22.0842417Z 
2026-04-22T02:10:22.0842787Z See https://youtrack.jetbrains.com/issue/KT-73255 for more details.
2026-04-22T02:10:22.0844982Z w: file:///home/runner/work/prismTask/prismTask/app/src/main/java/com/averycorp/prismtask/data/preferences/ThemePreferences.kt:27:5 This annotation is currently applied to the value parameter only, but in the future it will also be applied to field.
2026-04-22T02:10:22.0847433Z - To opt in to applying to both value parameter and field, add '-Xannotation-default-target=param-property' to your compiler arguments.
2026-04-22T02:10:22.0848781Z - To keep applying to the value parameter only, use the '@param:' annotation target.
2026-04-22T02:10:22.0849379Z 
2026-04-22T02:10:22.0849762Z See https://youtrack.jetbrains.com/issue/KT-73255 for more details.
2026-04-22T02:10:22.0851964Z w: file:///home/runner/work/prismTask/prismTask/app/src/main/java/com/averycorp/prismtask/data/preferences/TimerPreferences.kt:23:5 This annotation is currently applied to the value parameter only, but in the future it will also be applied to field.
2026-04-22T02:10:22.0854474Z - To opt in to applying to both value parameter and field, add '-Xannotation-default-target=param-property' to your compiler arguments.
2026-04-22T02:10:22.0855833Z - To keep applying to the value parameter only, use the '@param:' annotation target.
2026-04-22T02:10:22.0856445Z 
2026-04-22T02:10:22.0856804Z See https://youtrack.jetbrains.com/issue/KT-73255 for more details.
2026-04-22T02:10:22.0858859Z w: file:///home/runner/work/prismTask/prismTask/app/src/main/java/com/averycorp/prismtask/data/preferences/VoicePreferences.kt:22:5 This annotation is currently applied to the value parameter only, but in the future it will also be applied to field.
2026-04-22T02:10:22.0861510Z - To opt in to applying to both value parameter and field, add '-Xannotation-default-target=param-property' to your compiler arguments.
2026-04-22T02:10:22.0862869Z - To keep applying to the value parameter only, use the '@param:' annotation target.
2026-04-22T02:10:22.0863463Z 
2026-04-22T02:10:22.0863814Z See https://youtrack.jetbrains.com/issue/KT-73255 for more details.
2026-04-22T02:10:22.0865723Z w: file:///home/runner/work/prismTask/prismTask/app/src/main/java/com/averycorp/prismtask/data/remote/AuthManager.kt:30:5 This annotation is currently applied to the value parameter only, but in the future it will also be applied to field.
2026-04-22T02:10:22.0867752Z - To opt in to applying to both value parameter and field, add '-Xannotation-default-target=param-property' to your compiler arguments.
2026-04-22T02:10:22.0868908Z - To keep applying to the value parameter only, use the '@param:' annotation target.
2026-04-22T02:10:22.0869436Z 
2026-04-22T02:10:22.0869790Z See https://youtrack.jetbrains.com/issue/KT-73255 for more details.
2026-04-22T02:10:22.0871665Z w: file:///home/runner/work/prismTask/prismTask/app/src/main/java/com/averycorp/prismtask/data/remote/GoogleDriveService.kt:4:8 'class GoogleSignIn : Any' is deprecated. Deprecated in Java.
2026-04-22T02:10:22.0874136Z w: file:///home/runner/work/prismTask/prismTask/app/src/main/java/com/averycorp/prismtask/data/remote/GoogleDriveService.kt:23:5 This annotation is currently applied to the value parameter only, but in the future it will also be applied to field.
2026-04-22T02:10:22.0876342Z - To opt in to applying to both value parameter and field, add '-Xannotation-default-target=param-property' to your compiler arguments.
2026-04-22T02:10:22.0877677Z - To keep applying to the value parameter only, use the '@param:' annotation target.
2026-04-22T02:10:22.0878458Z 
2026-04-22T02:10:22.0878781Z See https://youtrack.jetbrains.com/issue/KT-73255 for more details.
2026-04-22T02:10:22.0880207Z w: file:///home/runner/work/prismTask/prismTask/app/src/main/java/com/averycorp/prismtask/data/remote/GoogleDriveService.kt:33:23 'class GoogleSignIn : Any' is deprecated. Deprecated in Java.
2026-04-22T02:10:22.0882537Z w: file:///home/runner/work/prismTask/prismTask/app/src/main/java/com/averycorp/prismtask/data/remote/GoogleDriveService.kt:143:34 'class GoogleSignIn : Any' is deprecated. Deprecated in Java.
2026-04-22T02:10:22.0886372Z w: file:///home/runner/work/prismTask/prismTask/app/src/main/java/com/averycorp/prismtask/data/remote/SortPreferencesSyncService.kt:58:18 This declaration is in a preview state and can be changed in a backwards-incompatible manner with a best-effort migration. Its usage should be marked with '@kotlinx.coroutines.FlowPreview' or '@OptIn(kotlinx.coroutines.FlowPreview::class)' if you accept the drawback of relying on preview API
2026-04-22T02:10:22.0891960Z w: file:///home/runner/work/prismTask/prismTask/app/src/main/java/com/averycorp/prismtask/data/remote/SyncService.kt:1436:18 This declaration is in a preview state and can be changed in a backwards-incompatible manner with a best-effort migration. Its usage should be marked with '@kotlinx.coroutines.FlowPreview' or '@OptIn(kotlinx.coroutines.FlowPreview::class)' if you accept the drawback of relying on preview API
2026-04-22T02:10:22.0897345Z w: file:///home/runner/work/prismTask/prismTask/app/src/main/java/com/averycorp/prismtask/data/remote/ThemePreferencesSyncService.kt:58:18 This declaration is in a preview state and can be changed in a backwards-incompatible manner with a best-effort migration. Its usage should be marked with '@kotlinx.coroutines.FlowPreview' or '@OptIn(kotlinx.coroutines.FlowPreview::class)' if you accept the drawback of relying on preview API
2026-04-22T02:10:22.0901899Z w: file:///home/runner/work/prismTask/prismTask/app/src/main/java/com/averycorp/prismtask/data/repository/CustomSoundRepository.kt:34:5 This annotation is currently applied to the value parameter only, but in the future it will also be applied to field.
2026-04-22T02:10:22.0904389Z - To opt in to applying to both value parameter and field, add '-Xannotation-default-target=param-property' to your compiler arguments.
2026-04-22T02:10:22.0905725Z - To keep applying to the value parameter only, use the '@param:' annotation target.
2026-04-22T02:10:22.0906326Z 
2026-04-22T02:10:22.0906686Z See https://youtrack.jetbrains.com/issue/KT-73255 for more details.
2026-04-22T02:10:22.0908446Z w: file:///home/runner/work/prismTask/prismTask/app/src/main/java/com/averycorp/prismtask/domain/usecase/NaturalLanguageParser.kt:349:48 Unnecessary safe call on a non-null receiver of type 'LocalDate'.
2026-04-22T02:10:22.0911254Z w: file:///home/runner/work/prismTask/prismTask/app/src/main/java/com/averycorp/prismtask/domain/usecase/ShakeDetector.kt:20:5 This annotation is currently applied to the value parameter only, but in the future it will also be applied to field.
2026-04-22T02:10:22.0913954Z - To opt in to applying to both value parameter and field, add '-Xannotation-default-target=param-property' to your compiler arguments.
2026-04-22T02:10:22.0915358Z - To keep applying to the value parameter only, use the '@param:' annotation target.
2026-04-22T02:10:22.0915967Z 
2026-04-22T02:10:22.0916332Z See https://youtrack.jetbrains.com/issue/KT-73255 for more details.
2026-04-22T02:10:22.0918382Z w: file:///home/runner/work/prismTask/prismTask/app/src/main/java/com/averycorp/prismtask/domain/usecase/TextToSpeechManager.kt:20:5 This annotation is currently applied to the value parameter only, but in the future it will also be applied to field.
2026-04-22T02:10:22.0920812Z - To opt in to applying to both value parameter and field, add '-Xannotation-default-target=param-property' to your compiler arguments.
2026-04-22T02:10:22.0922322Z - To keep applying to the value parameter only, use the '@param:' annotation target.
2026-04-22T02:10:22.0923172Z 
2026-04-22T02:10:22.0923535Z See https://youtrack.jetbrains.com/issue/KT-73255 for more details.
2026-04-22T02:10:22.0925309Z w: file:///home/runner/work/prismTask/prismTask/app/src/main/java/com/averycorp/prismtask/domain/usecase/VoiceInputManager.kt:35:5 This annotation is currently applied to the value parameter only, but in the future it will also be applied to field.
2026-04-22T02:10:22.0927422Z - To opt in to applying to both value parameter and field, add '-Xannotation-default-target=param-property' to your compiler arguments.
2026-04-22T02:10:22.0928905Z - To keep applying to the value parameter only, use the '@param:' annotation target.
2026-04-22T02:10:22.0929452Z 
2026-04-22T02:10:22.0929774Z See https://youtrack.jetbrains.com/issue/KT-73255 for more details.
2026-04-22T02:10:22.0931800Z w: file:///home/runner/work/prismTask/prismTask/app/src/main/java/com/averycorp/prismtask/notifications/EscalationScheduler.kt:29:5 This annotation is currently applied to the value parameter only, but in the future it will also be applied to field.
2026-04-22T02:10:22.0934046Z - To opt in to applying to both value parameter and field, add '-Xannotation-default-target=param-property' to your compiler arguments.
2026-04-22T02:10:22.0935387Z - To keep applying to the value parameter only, use the '@param:' annotation target.
2026-04-22T02:10:22.0935944Z 
2026-04-22T02:10:22.0936263Z See https://youtrack.jetbrains.com/issue/KT-73255 for more details.
2026-04-22T02:10:22.0938065Z w: file:///home/runner/work/prismTask/prismTask/app/src/main/java/com/averycorp/prismtask/notifications/MedicationReminderScheduler.kt:32:5 This annotation is currently applied to the value parameter only, but in the future it will also be applied to field.
2026-04-22T02:10:22.0940221Z - To opt in to applying to both value parameter and field, add '-Xannotation-default-target=param-property' to your compiler arguments.
2026-04-22T02:10:22.0941552Z - To keep applying to the value parameter only, use the '@param:' annotation target.
2026-04-22T02:10:22.0942127Z 
2026-04-22T02:10:22.0942472Z See https://youtrack.jetbrains.com/issue/KT-73255 for more details.
2026-04-22T02:10:22.0944453Z w: file:///home/runner/work/prismTask/prismTask/app/src/main/java/com/averycorp/prismtask/notifications/NotificationTester.kt:28:5 This annotation is currently applied to the value parameter only, but in the future it will also be applied to field.
2026-04-22T02:10:22.0946873Z - To opt in to applying to both value parameter and field, add '-Xannotation-default-target=param-property' to your compiler arguments.
2026-04-22T02:10:22.0948237Z - To keep applying to the value parameter only, use the '@param:' annotation target.
2026-04-22T02:10:22.0948849Z 
2026-04-22T02:10:22.0949212Z See https://youtrack.jetbrains.com/issue/KT-73255 for more details.
2026-04-22T02:10:22.0951513Z w: file:///home/runner/work/prismTask/prismTask/app/src/main/java/com/averycorp/prismtask/notifications/NotificationWorkerScheduler.kt:39:5 This annotation is currently applied to the value parameter only, but in the future it will also be applied to field.
2026-04-22T02:10:22.0954018Z - To opt in to applying to both value parameter and field, add '-Xannotation-default-target=param-property' to your compiler arguments.
2026-04-22T02:10:22.0955376Z - To keep applying to the value parameter only, use the '@param:' annotation target.
2026-04-22T02:10:22.0955985Z 
2026-04-22T02:10:22.0956344Z See https://youtrack.jetbrains.com/issue/KT-73255 for more details.
2026-04-22T02:10:22.0958345Z w: file:///home/runner/work/prismTask/prismTask/app/src/main/java/com/averycorp/prismtask/notifications/ReminderScheduler.kt:21:5 This annotation is currently applied to the value parameter only, but in the future it will also be applied to field.
2026-04-22T02:10:22.0960686Z - To opt in to applying to both value parameter and field, add '-Xannotation-default-target=param-property' to your compiler arguments.
2026-04-22T02:10:22.0962137Z - To keep applying to the value parameter only, use the '@param:' annotation target.
2026-04-22T02:10:22.0962977Z 
2026-04-22T02:10:22.0963341Z See https://youtrack.jetbrains.com/issue/KT-73255 for more details.
2026-04-22T02:10:22.0965389Z w: file:///home/runner/work/prismTask/prismTask/app/src/main/java/com/averycorp/prismtask/ui/components/sync/SyncDebugPanel.kt:139:13 'fun Divider(modifier: Modifier = ..., thickness: Dp = ..., color: Color = ...): Unit' is deprecated. Renamed to HorizontalDivider.
2026-04-22T02:10:22.0968668Z w: file:///home/runner/work/prismTask/prismTask/app/src/main/java/com/averycorp/prismtask/ui/components/sync/SyncDetailsSheet.kt:74:13 'fun Divider(modifier: Modifier = ..., thickness: Dp = ..., color: Color = ...): Unit' is deprecated. Renamed to HorizontalDivider.
2026-04-22T02:10:22.0972083Z w: file:///home/runner/work/prismTask/prismTask/app/src/main/java/com/averycorp/prismtask/ui/components/sync/SyncIndicatorViewModel.kt:76:65 Unnecessary non-null assertion (!!) on a non-null receiver of type 'SyncErrorSample'.
2026-04-22T02:10:22.0975228Z w: file:///home/runner/work/prismTask/prismTask/app/src/main/java/com/averycorp/prismtask/ui/screens/feedback/BugReportViewModel.kt:50:5 This annotation is currently applied to the value parameter only, but in the future it will also be applied to field.
2026-04-22T02:10:22.0977549Z - To opt in to applying to both value parameter and field, add '-Xannotation-default-target=param-property' to your compiler arguments.
2026-04-22T02:10:22.0978859Z - To keep applying to the value parameter only, use the '@param:' annotation target.
2026-04-22T02:10:22.0979486Z 
2026-04-22T02:10:22.0979870Z See https://youtrack.jetbrains.com/issue/KT-73255 for more details.
2026-04-22T02:10:22.0981830Z w: file:///home/runner/work/prismTask/prismTask/app/src/main/java/com/averycorp/prismtask/ui/screens/habits/HabitListViewModel.kt:162:32 Unchecked cast of 'Any?' to 'List<SelfCareStepEntity>'.
2026-04-22T02:10:22.0984355Z w: file:///home/runner/work/prismTask/prismTask/app/src/main/java/com/averycorp/prismtask/ui/screens/habits/HabitListViewModel.kt:163:32 Unchecked cast of 'Any?' to 'List<SelfCareStepEntity>'.
2026-04-22T02:10:22.0986911Z w: file:///home/runner/work/prismTask/prismTask/app/src/main/java/com/averycorp/prismtask/ui/screens/habits/HabitListViewModel.kt:164:34 Unchecked cast of 'Any?' to 'List<SelfCareStepEntity>'.
2026-04-22T02:10:22.0989407Z w: file:///home/runner/work/prismTask/prismTask/app/src/main/java/com/averycorp/prismtask/ui/screens/habits/HabitListViewModel.kt:171:34 Unchecked cast of 'Any?' to 'List<SelfCareStepEntity>'.
2026-04-22T02:10:22.0992601Z w: file:///home/runner/work/prismTask/prismTask/app/src/main/java/com/averycorp/prismtask/ui/screens/pomodoro/SmartPomodoroViewModel.kt:102:5 This annotation is currently applied to the value parameter only, but in the future it will also be applied to field.
2026-04-22T02:10:22.0995175Z - To opt in to applying to both value parameter and field, add '-Xannotation-default-target=param-property' to your compiler arguments.
2026-04-22T02:10:22.0996475Z - To keep applying to the value parameter only, use the '@param:' annotation target.
2026-04-22T02:10:22.0997083Z 
2026-04-22T02:10:22.0997468Z See https://youtrack.jetbrains.com/issue/KT-73255 for more details.
2026-04-22T02:10:22.0999514Z w: file:///home/runner/work/prismTask/prismTask/app/src/main/java/com/averycorp/prismtask/ui/screens/schoolwork/SyllabusViewModel.kt:30:5 This annotation is currently applied to the value parameter only, but in the future it will also be applied to field.
2026-04-22T02:10:22.1002185Z - To opt in to applying to both value parameter and field, add '-Xannotation-default-target=param-property' to your compiler arguments.
2026-04-22T02:10:22.1003480Z - To keep applying to the value parameter only, use the '@param:' annotation target.
2026-04-22T02:10:22.1004071Z 
2026-04-22T02:10:22.1004423Z See https://youtrack.jetbrains.com/issue/KT-73255 for more details.
2026-04-22T02:10:22.1006416Z w: file:///home/runner/work/prismTask/prismTask/app/src/main/java/com/averycorp/prismtask/ui/screens/settings/SettingsViewModel.kt:70:5 This annotation is currently applied to the value parameter only, but in the future it will also be applied to field.
2026-04-22T02:10:22.1009100Z - To opt in to applying to both value parameter and field, add '-Xannotation-default-target=param-property' to your compiler arguments.
2026-04-22T02:10:22.1010414Z - To keep applying to the value parameter only, use the '@param:' annotation target.
2026-04-22T02:10:22.1011000Z 
2026-04-22T02:10:22.1011541Z See https://youtrack.jetbrains.com/issue/KT-73255 for more details.
2026-04-22T02:10:22.1013952Z w: file:///home/runner/work/prismTask/prismTask/app/src/main/java/com/averycorp/prismtask/ui/screens/tasklist/TaskListScreen.kt:485:55 'val Icons.Filled.FormatListBulleted: ImageVector' is deprecated. Use the AutoMirrored version at Icons.AutoMirrored.Filled.FormatListBulleted.
2026-04-22T02:10:22.1017559Z w: file:///home/runner/work/prismTask/prismTask/app/src/main/java/com/averycorp/prismtask/ui/screens/templates/TemplatePickerSheet.kt:238:35 'val Icons.Filled.OpenInNew: ImageVector' is deprecated. Use the AutoMirrored version at Icons.AutoMirrored.Filled.OpenInNew.
2026-04-22T02:10:22.1020813Z w: file:///home/runner/work/prismTask/prismTask/app/src/main/java/com/averycorp/prismtask/ui/screens/timer/TimerViewModel.kt:43:5 This annotation is currently applied to the value parameter only, but in the future it will also be applied to field.
2026-04-22T02:10:22.1023334Z - To opt in to applying to both value parameter and field, add '-Xannotation-default-target=param-property' to your compiler arguments.
2026-04-22T02:10:22.1024691Z - To keep applying to the value parameter only, use the '@param:' annotation target.
2026-04-22T02:10:22.1025278Z 
2026-04-22T02:10:22.1025624Z See https://youtrack.jetbrains.com/issue/KT-73255 for more details.
2026-04-22T02:10:22.1028073Z w: file:///home/runner/work/prismTask/prismTask/app/src/main/java/com/averycorp/prismtask/ui/screens/today/TodayScreen.kt:839:9 'fun AlertDialog(onDismissRequest: () -> Unit, modifier: Modifier = ..., properties: DialogProperties = ..., content: ComposableFunction0<Unit>): Unit' is deprecated. Use BasicAlertDialog instead.
2026-04-22T02:10:22.1032193Z w: file:///home/runner/work/prismTask/prismTask/app/src/main/java/com/averycorp/prismtask/ui/screens/today/components/TodayProgressHeader.kt:185:68 Redundant call of conversion method.
2026-04-22T02:10:22.1034636Z w: file:///home/runner/work/prismTask/prismTask/app/src/main/java/com/averycorp/prismtask/ui/screens/today/components/TodayProgressHeader.kt:186:68 Redundant call of conversion method.
2026-04-22T02:10:22.1037090Z w: file:///home/runner/work/prismTask/prismTask/app/src/main/java/com/averycorp/prismtask/ui/screens/today/components/TodayProgressHeader.kt:187:68 Redundant call of conversion method.
2026-04-22T02:10:22.1039526Z w: file:///home/runner/work/prismTask/prismTask/app/src/main/java/com/averycorp/prismtask/ui/screens/today/components/TodayProgressHeader.kt:188:68 Redundant call of conversion method.
2026-04-22T02:10:22.1042509Z w: file:///home/runner/work/prismTask/prismTask/app/src/main/java/com/averycorp/prismtask/widget/WidgetUpdateManager.kt:27:5 This annotation is currently applied to the value parameter only, but in the future it will also be applied to field.
2026-04-22T02:10:22.1044915Z - To opt in to applying to both value parameter and field, add '-Xannotation-default-target=param-property' to your compiler arguments.
2026-04-22T02:10:22.1046258Z - To keep applying to the value parameter only, use the '@param:' annotation target.
2026-04-22T02:10:22.1046870Z 
2026-04-22T02:10:22.1047245Z See https://youtrack.jetbrains.com/issue/KT-73255 for more details.
2026-04-22T02:10:22.1049265Z w: file:///home/runner/work/prismTask/prismTask/app/src/main/java/com/averycorp/prismtask/workers/CalendarSyncScheduler.kt:33:5 This annotation is currently applied to the value parameter only, but in the future it will also be applied to field.
2026-04-22T02:10:22.1051890Z - To opt in to applying to both value parameter and field, add '-Xannotation-default-target=param-property' to your compiler arguments.
2026-04-22T02:10:22.1053501Z - To keep applying to the value parameter only, use the '@param:' annotation target.
2026-04-22T02:10:22.1054113Z 
2026-04-22T02:10:22.1054478Z See https://youtrack.jetbrains.com/issue/KT-73255 for more details.
2026-04-22T02:10:32.6034508Z 
2026-04-22T02:10:32.6046328Z > Task :app:compileDebugJavaWithJavac
2026-04-22T02:10:32.6050005Z > Task :app:hiltSyncDebug
2026-04-22T02:10:33.9034496Z > Task :app:hiltAggregateDepsDebug FROM-CACHE
2026-04-22T02:10:39.3072486Z > Task :app:hiltJavaCompileDebug
2026-04-22T02:10:39.7034695Z > Task :app:bundleDebugClassesToCompileJar
2026-04-22T02:10:40.0035860Z > Task :app:generateDebugLintReportModel
2026-04-22T02:10:40.3037850Z > Task :app:generateDebugAndroidTestLintModel
2026-04-22T02:10:40.4056139Z > Task :app:generateDebugUnitTestLintModel
2026-04-22T02:11:10.4034802Z > Task :app:lintAnalyzeDebug
2026-04-22T02:11:10.5042630Z > Task :app:lintAnalyzeDebugAndroidTest
2026-04-22T02:11:10.6055460Z > Task :app:lintAnalyzeDebugUnitTest
2026-04-22T02:13:21.7032725Z 
2026-04-22T02:13:21.7038911Z > Task :app:lintReportDebug
2026-04-22T02:13:21.7040192Z Wrote HTML report to file:///home/runner/work/prismTask/prismTask/app/build/reports/lint-results-debug.html
2026-04-22T02:13:21.7041189Z 
2026-04-22T02:13:21.7041811Z > Task :app:lintDebug
2026-04-22T02:13:21.7042409Z > Task :app:lint
2026-04-22T02:13:21.7043480Z gradle/actions: Writing build results to /home/runner/work/_temp/.gradle-actions/build-results/__run_3-1776823685124.json
2026-04-22T02:13:21.7044503Z 
2026-04-22T02:13:21.7045446Z [Incubating] Problems report is available at: file:///home/runner/work/prismTask/prismTask/build/reports/problems/problems-report.html
2026-04-22T02:13:21.7046570Z 
2026-04-22T02:13:21.7047216Z Deprecated Gradle features were used in this build, making it incompatible with Gradle 10.
2026-04-22T02:13:21.7048055Z 
2026-04-22T02:13:21.7048960Z You can use '--warning-mode all' to show the individual deprecation warnings and determine if they come from your own scripts or plugins.
2026-04-22T02:13:21.7050072Z 
2026-04-22T02:13:21.7051099Z For more on this, please refer to https://docs.gradle.org/9.3.1/userguide/command_line_interface.html#sec:command_line_warnings in the Gradle documentation.
2026-04-22T02:13:21.7052532Z 
2026-04-22T02:13:21.7052887Z BUILD SUCCESSFUL in 5m 17s
2026-04-22T02:13:21.7053576Z 36 actionable tasks: 23 executed, 13 from cache
2026-04-22T02:13:21.7862547Z ##[group]Run set -euo pipefail
2026-04-22T02:13:21.7863149Z [36;1mset -euo pipefail[0m
2026-04-22T02:13:21.7863631Z [36;1mshopt -s globstar nullglob[0m
2026-04-22T02:13:21.7864211Z [36;1mxmls=(app/build/test-results/**/*.xml)[0m
2026-04-22T02:13:21.7864789Z [36;1mif [ ${#xmls[@]} -eq 0 ]; then[0m
2026-04-22T02:13:21.7865667Z [36;1m  echo "::error::No JUnit XML results found under app/build/test-results/. Did the test task run?"[0m
2026-04-22T02:13:21.7866587Z [36;1m  exit 1[0m
2026-04-22T02:13:21.7866998Z [36;1mfi[0m
2026-04-22T02:13:21.7867352Z [36;1mfailed=0[0m
2026-04-22T02:13:21.7867753Z [36;1mfor f in "${xmls[@]}"; do[0m
2026-04-22T02:13:21.7868502Z [36;1m  fails=$(grep -oE 'failures="[0-9]+"' "$f" | head -n1 | grep -oE '[0-9]+' || echo 0)[0m
2026-04-22T02:13:21.7869474Z [36;1m  errs=$(grep -oE 'errors="[0-9]+"' "$f" | head -n1 | grep -oE '[0-9]+' || echo 0)[0m
2026-04-22T02:13:21.7870379Z [36;1m  if [ "${fails:-0}" -gt 0 ] || [ "${errs:-0}" -gt 0 ]; then[0m
2026-04-22T02:13:21.7871178Z [36;1m    echo "::error file=${f}::${fails} failure(s), ${errs} error(s) in ${f}"[0m
2026-04-22T02:13:21.7872284Z [36;1m    failed=$((failed + fails + errs))[0m
2026-04-22T02:13:21.7872812Z [36;1m  fi[0m
2026-04-22T02:13:21.7873182Z [36;1mdone[0m
2026-04-22T02:13:21.7873562Z [36;1mif [ "$failed" -gt 0 ]; then[0m
2026-04-22T02:13:21.7874522Z [36;1m  echo "::error::${failed} unit-test failure(s)/error(s) detected. See annotations and the test-results artifact."[0m
2026-04-22T02:13:21.7875722Z [36;1m  exit 1[0m
2026-04-22T02:13:21.7876079Z [36;1mfi[0m
2026-04-22T02:13:21.7876520Z [36;1mecho "All ${#xmls[@]} JUnit XML reports clean."[0m
2026-04-22T02:13:21.7907119Z shell: /usr/bin/bash --noprofile --norc -e -o pipefail {0}
2026-04-22T02:13:21.7907734Z env:
2026-04-22T02:13:21.7908287Z   JAVA_HOME: /opt/hostedtoolcache/Java_Temurin-Hotspot_jdk/21.0.10-7/x64
2026-04-22T02:13:21.7909217Z   JAVA_HOME_21_X64: /opt/hostedtoolcache/Java_Temurin-Hotspot_jdk/21.0.10-7/x64
2026-04-22T02:13:21.7909988Z   GRADLE_ACTION_ID: gradle/actions/setup-gradle
2026-04-22T02:13:21.7910553Z   GRADLE_USER_HOME: /home/runner/.gradle
2026-04-22T02:13:21.7911097Z   GRADLE_BUILD_ACTION_SETUP_COMPLETED: true
2026-04-22T02:13:21.7911993Z   GRADLE_BUILD_ACTION_CACHE_RESTORED: true
2026-04-22T02:13:21.7912831Z   DEVELOCITY_INJECTION_INIT_SCRIPT_NAME: gradle-actions.inject-develocity.init.gradle
2026-04-22T02:13:21.7913732Z   DEVELOCITY_INJECTION_CUSTOM_VALUE: gradle-actions
2026-04-22T02:13:21.7914367Z   GITHUB_DEPENDENCY_GRAPH_ENABLED: false
2026-04-22T02:13:21.7914879Z ##[endgroup]
2026-04-22T02:13:21.7996067Z ##[error]No JUnit XML results found under app/build/test-results/. Did the test task run?
2026-04-22T02:13:21.8000640Z ##[error]Process completed with exit code 1.
2026-04-22T02:13:21.8100714Z ##[group]Run actions/upload-artifact@v4
2026-04-22T02:13:21.8101597Z with:
2026-04-22T02:13:21.8102011Z   name: lint-report
2026-04-22T02:13:21.8102542Z   path: app/build/reports/lint-results-debug.html
2026-04-22T02:13:21.8103137Z   retention-days: 7
2026-04-22T02:13:21.8103546Z   if-no-files-found: warn
2026-04-22T02:13:21.8103996Z   compression-level: 6
2026-04-22T02:13:21.8104403Z   overwrite: false
2026-04-22T02:13:21.8104818Z   include-hidden-files: false
2026-04-22T02:13:21.8105271Z env:
2026-04-22T02:13:21.8105825Z   JAVA_HOME: /opt/hostedtoolcache/Java_Temurin-Hotspot_jdk/21.0.10-7/x64
2026-04-22T02:13:21.8106760Z   JAVA_HOME_21_X64: /opt/hostedtoolcache/Java_Temurin-Hotspot_jdk/21.0.10-7/x64
2026-04-22T02:13:21.8107594Z   GRADLE_ACTION_ID: gradle/actions/setup-gradle
2026-04-22T02:13:21.8108169Z   GRADLE_USER_HOME: /home/runner/.gradle
2026-04-22T02:13:21.8108713Z   GRADLE_BUILD_ACTION_SETUP_COMPLETED: true
2026-04-22T02:13:21.8109339Z   GRADLE_BUILD_ACTION_CACHE_RESTORED: true
2026-04-22T02:13:21.8110200Z   DEVELOCITY_INJECTION_INIT_SCRIPT_NAME: gradle-actions.inject-develocity.init.gradle
2026-04-22T02:13:21.8111144Z   DEVELOCITY_INJECTION_CUSTOM_VALUE: gradle-actions
2026-04-22T02:13:21.8112113Z   GITHUB_DEPENDENCY_GRAPH_ENABLED: false
2026-04-22T02:13:21.8112658Z ##[endgroup]
2026-04-22T02:13:22.0984530Z With the provided path, there will be 1 file uploaded
2026-04-22T02:13:22.0989908Z Artifact name is valid!
2026-04-22T02:13:22.0991213Z Root directory input is valid!
2026-04-22T02:13:22.2072189Z Beginning upload of artifact content to blob storage
2026-04-22T02:13:22.2770587Z Uploaded bytes 39344
2026-04-22T02:13:22.2898221Z Finished uploading artifact content to blob storage!
2026-04-22T02:13:22.2902172Z SHA256 digest of uploaded artifact zip is ae1b1d8f7ed563eef8afd7e85b770ac908087c7645d6e2dddbb25238c66d131d
2026-04-22T02:13:22.2904360Z Finalizing artifact upload
2026-04-22T02:13:22.3894705Z Artifact lint-report.zip successfully finalized. Artifact ID 6569200601
2026-04-22T02:13:22.3896423Z Artifact lint-report has been successfully uploaded! Final size is 39344 bytes. Artifact ID is 6569200601
2026-04-22T02:13:22.3902528Z Artifact download URL: https://github.com/akarlin3/prismTask/actions/runs/24756430915/artifacts/6569200601
2026-04-22T02:13:22.4023725Z ##[group]Run actions/upload-artifact@v4
2026-04-22T02:13:22.4024098Z with:
2026-04-22T02:13:22.4024319Z   name: detekt-report
2026-04-22T02:13:22.4024591Z   path: app/build/reports/detekt/
2026-04-22T02:13:22.4024880Z   retention-days: 7
2026-04-22T02:13:22.4025126Z   if-no-files-found: warn
2026-04-22T02:13:22.4025385Z   compression-level: 6
2026-04-22T02:13:22.4025620Z   overwrite: false
2026-04-22T02:13:22.4025856Z   include-hidden-files: false
2026-04-22T02:13:22.4026295Z env:
2026-04-22T02:13:22.4026623Z   JAVA_HOME: /opt/hostedtoolcache/Java_Temurin-Hotspot_jdk/21.0.10-7/x64
2026-04-22T02:13:22.4027144Z   JAVA_HOME_21_X64: /opt/hostedtoolcache/Java_Temurin-Hotspot_jdk/21.0.10-7/x64
2026-04-22T02:13:22.4027587Z   GRADLE_ACTION_ID: gradle/actions/setup-gradle
2026-04-22T02:13:22.4027907Z   GRADLE_USER_HOME: /home/runner/.gradle
2026-04-22T02:13:22.4028223Z   GRADLE_BUILD_ACTION_SETUP_COMPLETED: true
2026-04-22T02:13:22.4028545Z   GRADLE_BUILD_ACTION_CACHE_RESTORED: true
2026-04-22T02:13:22.4029034Z   DEVELOCITY_INJECTION_INIT_SCRIPT_NAME: gradle-actions.inject-develocity.init.gradle
2026-04-22T02:13:22.4029539Z   DEVELOCITY_INJECTION_CUSTOM_VALUE: gradle-actions
2026-04-22T02:13:22.4029874Z   GITHUB_DEPENDENCY_GRAPH_ENABLED: false
2026-04-22T02:13:22.4030183Z ##[endgroup]
2026-04-22T02:13:22.6260447Z With the provided path, there will be 2 files uploaded
2026-04-22T02:13:22.6265624Z Artifact name is valid!
2026-04-22T02:13:22.6267123Z Root directory input is valid!
2026-04-22T02:13:22.7397753Z Beginning upload of artifact content to blob storage
2026-04-22T02:13:22.7872560Z Uploaded bytes 4879
2026-04-22T02:13:22.8023390Z Finished uploading artifact content to blob storage!
2026-04-22T02:13:22.8026978Z SHA256 digest of uploaded artifact zip is 7daf7cb906f5196fc0f200fdc0213f28a775430f906b0630a56dcd83cafe6b22
2026-04-22T02:13:22.8028503Z Finalizing artifact upload
2026-04-22T02:13:22.9117166Z Artifact detekt-report.zip successfully finalized. Artifact ID 6569200710
2026-04-22T02:13:22.9118598Z Artifact detekt-report has been successfully uploaded! Final size is 4879 bytes. Artifact ID is 6569200710
2026-04-22T02:13:22.9126164Z Artifact download URL: https://github.com/akarlin3/prismTask/actions/runs/24756430915/artifacts/6569200710
2026-04-22T02:13:22.9246522Z ##[group]Run actions/upload-artifact@v4
2026-04-22T02:13:22.9246853Z with:
2026-04-22T02:13:22.9247071Z   name: test-results
2026-04-22T02:13:22.9247331Z   path: app/build/test-results/
2026-04-22T02:13:22.9247612Z   retention-days: 7
2026-04-22T02:13:22.9247878Z   if-no-files-found: warn
2026-04-22T02:13:22.9248183Z   compression-level: 6
2026-04-22T02:13:22.9248438Z   overwrite: false
2026-04-22T02:13:22.9248679Z   include-hidden-files: false
2026-04-22T02:13:22.9248948Z env:
2026-04-22T02:13:22.9249278Z   JAVA_HOME: /opt/hostedtoolcache/Java_Temurin-Hotspot_jdk/21.0.10-7/x64
2026-04-22T02:13:22.9249824Z   JAVA_HOME_21_X64: /opt/hostedtoolcache/Java_Temurin-Hotspot_jdk/21.0.10-7/x64
2026-04-22T02:13:22.9250276Z   GRADLE_ACTION_ID: gradle/actions/setup-gradle
2026-04-22T02:13:22.9250611Z   GRADLE_USER_HOME: /home/runner/.gradle
2026-04-22T02:13:22.9250933Z   GRADLE_BUILD_ACTION_SETUP_COMPLETED: true
2026-04-22T02:13:22.9251528Z   GRADLE_BUILD_ACTION_CACHE_RESTORED: true
2026-04-22T02:13:22.9252280Z   DEVELOCITY_INJECTION_INIT_SCRIPT_NAME: gradle-actions.inject-develocity.init.gradle
2026-04-22T02:13:22.9252801Z   DEVELOCITY_INJECTION_CUSTOM_VALUE: gradle-actions
2026-04-22T02:13:22.9253155Z   GITHUB_DEPENDENCY_GRAPH_ENABLED: false
2026-04-22T02:13:22.9253463Z ##[endgroup]
2026-04-22T02:13:23.1383221Z ##[warning]No files were found with the provided path: app/build/test-results/. No artifacts will be uploaded.
2026-04-22T02:13:23.1519249Z Post job cleanup.
2026-04-22T02:13:23.1629447Z Post job cleanup.
2026-04-22T02:13:23.4755429Z In post-action step
2026-04-22T02:13:23.4768793Z ##[group]Stopping Gradle daemons
2026-04-22T02:13:23.4770334Z Stopping Gradle daemons for /home/runner/.gradle/wrapper/dists/gradle-9.3.1-bin/23ovyewtku6u96viwx3xl3oks/gradle-9.3.1
2026-04-22T02:13:23.4788810Z [command]/home/runner/.gradle/wrapper/dists/gradle-9.3.1-bin/23ovyewtku6u96viwx3xl3oks/gradle-9.3.1/bin/gradle --stop
2026-04-22T02:13:24.1422565Z Stopping Daemon(s)
2026-04-22T02:13:24.1423152Z 1 Daemon stopped
2026-04-22T02:13:24.1546274Z ##[endgroup]
2026-04-22T02:13:24.1547602Z Not performing cache-cleanup due to build failure
2026-04-22T02:13:24.1548983Z ##[group]Caching Gradle state
2026-04-22T02:13:24.9752425Z [command]/usr/bin/tar --posix -cf cache.tzst --exclude cache.tzst -P -C /home/runner/work/prismTask/prismTask --files-from manifest.txt --use-compress-program zstdmt
2026-04-22T02:13:25.3158700Z Sent 347949 of 347949 (100.0%), 4.9 MBs/sec
2026-04-22T02:13:25.3996483Z Saved cache entry with key gradle-kotlin-dsl-v1-531facd21129a157fe036ad4b4417fcd from /home/runner/.gradle/caches/*/kotlin-dsl/accessors/*/,/home/runner/.gradle/caches/*/kotlin-dsl/scripts/*/ in 503ms
2026-04-22T02:13:28.6482154Z [command]/usr/bin/tar --posix -cf cache.tzst --exclude cache.tzst -P -C /home/runner/work/prismTask/prismTask --files-from manifest.txt --use-compress-program zstdmt
2026-04-22T02:13:33.2201773Z Sent 429072882 of 429072882 (100.0%), 442.9 MBs/sec
2026-04-22T02:13:33.3639086Z Saved cache entry with key gradle-transforms-v1-a789e3b0ed12ec573c0afa22c0e67ebe from /home/runner/.gradle/caches/transforms-4/*/,/home/runner/.gradle/caches/*/transforms/*/ in 6694ms
2026-04-22T02:13:35.6018715Z [command]/usr/bin/tar --posix -cf cache.tzst --exclude cache.tzst -P -C /home/runner/work/prismTask/prismTask --files-from manifest.txt --use-compress-program zstdmt
2026-04-22T02:13:37.0356741Z Sent 82509824 of 105814962 (78.0%), 78.8 MBs/sec
2026-04-22T02:13:37.6133557Z Sent 105814962 of 105814962 (100.0%), 64.0 MBs/sec
2026-04-22T02:13:37.7436775Z Saved cache entry with key gradle-home-v1|Linux-X64|lint-and-test[5df42585ae8f8da228c604b8b4e8707c]-2a69c28ffa48e255d3a4f949a96a419173f25191 from /home/runner/.gradle/caches,/home/runner/.gradle/notifications,/home/runner/.gradle/.setup-gradle in 2150ms
2026-04-22T02:13:37.7438270Z ##[endgroup]
2026-04-22T02:13:37.7444798Z Generating Job Summary
2026-04-22T02:13:37.7458509Z Completed post-action step
2026-04-22T02:13:37.7677932Z Post job cleanup.
2026-04-22T02:13:37.9413776Z Post job cleanup.
2026-04-22T02:13:38.0365885Z [command]/usr/bin/git version
2026-04-22T02:13:38.0401588Z git version 2.53.0
2026-04-22T02:13:38.0446068Z Temporarily overriding HOME='/home/runner/work/_temp/b4d8efbd-ab49-4d4a-ae1f-9e5e1442ee6b' before making global git config changes
2026-04-22T02:13:38.0447613Z Adding repository directory to the temporary git global config as a safe directory
2026-04-22T02:13:38.0459640Z [command]/usr/bin/git config --global --add safe.directory /home/runner/work/prismTask/prismTask
2026-04-22T02:13:38.0493941Z [command]/usr/bin/git config --local --name-only --get-regexp core\.sshCommand
2026-04-22T02:13:38.0525968Z [command]/usr/bin/git submodule foreach --recursive sh -c "git config --local --name-only --get-regexp 'core\.sshCommand' && git config --local --unset-all 'core.sshCommand' || :"
2026-04-22T02:13:38.0754948Z [command]/usr/bin/git config --local --name-only --get-regexp http\.https\:\/\/github\.com\/\.extraheader
2026-04-22T02:13:38.0776242Z http.https://github.com/.extraheader
2026-04-22T02:13:38.0790279Z [command]/usr/bin/git config --local --unset-all http.https://github.com/.extraheader
2026-04-22T02:13:38.0823161Z [command]/usr/bin/git submodule foreach --recursive sh -c "git config --local --name-only --get-regexp 'http\.https\:\/\/github\.com\/\.extraheader' && git config --local --unset-all 'http.https://github.com/.extraheader' || :"
2026-04-22T02:13:38.1047910Z [command]/usr/bin/git config --local --name-only --get-regexp ^includeIf\.gitdir:
2026-04-22T02:13:38.1078393Z [command]/usr/bin/git submodule foreach --recursive git config --local --show-origin --name-only --get-regexp remote.origin.url
2026-04-22T02:13:38.1417173Z Cleaning up orphan processes
2026-04-22T02:13:38.1747672Z ##[warning]Node.js 20 actions are deprecated. The following actions are running on Node.js 20 and may not work as expected: actions/checkout@v4, actions/setup-java@v4, actions/upload-artifact@v4, gradle/actions/setup-gradle@v4. Actions will be forced to run with Node.js 24 by default starting June 2nd, 2026. Node.js 20 will be removed from the runner on September 16th, 2026. Please check if updated versions of these actions are available that support Node.js 24. To opt into Node.js 24 now, set the FORCE_JAVASCRIPT_ACTIONS_TO_NODE24=true environment variable on the runner or in your workflow file. Once Node.js 24 becomes the default, you can temporarily opt out by setting ACTIONS_ALLOW_USE_UNSECURE_NODE_VERSION=true. For more information see: https://github.blog/changelog/2025-09-19-deprecation-of-node-20-on-github-actions-runners/
