=== CI FAILURE ===
Workflow:      Android CI
Workflow file: akarlin3/prismTask/.github/workflows/android-ci.yml@refs/heads/main
Job(s):        lint-and-test
Run ID:        24596957321
Run attempt:   1
Run URL:       https://github.com/akarlin3/prismTask/actions/runs/24596957321
Commit:        292fa41c817c2c144bc491a7156d12a4cfb61612
Branch:        main
Event:         push
Actor:         akarlin3
Runner OS:     Linux
Timestamp:     2026-04-18T04:39:16.570Z

Failed steps:
  - lint-and-test: #4 ktlint check | #5 detekt | #8 Verify unit-test results (XML)

=== FAILED JOB LOG ===

--- Job: lint-and-test (id 71928661927) ---
2026-04-18T04:32:25.5939565Z Current runner version: '2.333.1'
2026-04-18T04:32:25.5974122Z ##[group]Runner Image Provisioner
2026-04-18T04:32:25.5975450Z Hosted Compute Agent
2026-04-18T04:32:25.5976394Z Version: 20260213.493
2026-04-18T04:32:25.5977406Z Commit: 5c115507f6dd24b8de37d8bbe0bb4509d0cc0fa3
2026-04-18T04:32:25.5978769Z Build Date: 2026-02-13T00:28:41Z
2026-04-18T04:32:25.5979905Z Worker ID: {2e9831f7-1675-4f39-8130-074153f8a32e}
2026-04-18T04:32:25.5981051Z Azure Region: eastus2
2026-04-18T04:32:25.5982338Z ##[endgroup]
2026-04-18T04:32:25.5985011Z ##[group]Operating System
2026-04-18T04:32:25.5985998Z Ubuntu
2026-04-18T04:32:25.5986848Z 24.04.4
2026-04-18T04:32:25.5987725Z LTS
2026-04-18T04:32:25.5988471Z ##[endgroup]
2026-04-18T04:32:25.5989408Z ##[group]Runner Image
2026-04-18T04:32:25.5990400Z Image: ubuntu-24.04
2026-04-18T04:32:25.5991216Z Version: 20260413.86.1
2026-04-18T04:32:25.5993594Z Included Software: https://github.com/actions/runner-images/blob/ubuntu24/20260413.86/images/ubuntu/Ubuntu2404-Readme.md
2026-04-18T04:32:25.5996064Z Image Release: https://github.com/actions/runner-images/releases/tag/ubuntu24%2F20260413.86
2026-04-18T04:32:25.5997598Z ##[endgroup]
2026-04-18T04:32:25.5999690Z ##[group]GITHUB_TOKEN Permissions
2026-04-18T04:32:25.6003156Z Actions: read
2026-04-18T04:32:25.6004114Z Checks: read
2026-04-18T04:32:25.6004843Z Contents: write
2026-04-18T04:32:25.6005728Z Metadata: read
2026-04-18T04:32:25.6006729Z PullRequests: read
2026-04-18T04:32:25.6007635Z ##[endgroup]
2026-04-18T04:32:25.6010597Z Secret source: Actions
2026-04-18T04:32:25.6012403Z Prepare workflow directory
2026-04-18T04:32:25.6473987Z Prepare all required actions
2026-04-18T04:32:25.6529626Z Getting action download info
2026-04-18T04:32:25.9397994Z Download action repository 'actions/checkout@v4' (SHA:34e114876b0b11c390a56381ad16ebd13914f8d5)
2026-04-18T04:32:26.0954187Z Download action repository 'actions/github-script@v7' (SHA:f28e40c7f34bde8b3046d885e986cb6290c5673b)
2026-04-18T04:32:26.3175776Z Download action repository 'actions/upload-artifact@v4' (SHA:ea165f8d65b6e75b540449e92b4886f43607fa02)
2026-04-18T04:32:26.5334514Z Complete job name: lint-and-test
2026-04-18T04:32:26.6076708Z ##[group]Run actions/checkout@v4
2026-04-18T04:32:26.6077846Z with:
2026-04-18T04:32:26.6078247Z   ref: refs/heads/main
2026-04-18T04:32:26.6078696Z   repository: akarlin3/prismTask
2026-04-18T04:32:26.6079335Z   token: ***
2026-04-18T04:32:26.6079706Z   ssh-strict: true
2026-04-18T04:32:26.6080085Z   ssh-user: git
2026-04-18T04:32:26.6080471Z   persist-credentials: true
2026-04-18T04:32:26.6080898Z   clean: true
2026-04-18T04:32:26.6081559Z   sparse-checkout-cone-mode: true
2026-04-18T04:32:26.6082049Z   fetch-depth: 1
2026-04-18T04:32:26.6082430Z   fetch-tags: false
2026-04-18T04:32:26.6082819Z   show-progress: true
2026-04-18T04:32:26.6083213Z   lfs: false
2026-04-18T04:32:26.6083595Z   submodules: false
2026-04-18T04:32:26.6083988Z   set-safe-directory: true
2026-04-18T04:32:26.6084778Z ##[endgroup]
2026-04-18T04:32:26.7134504Z Syncing repository: akarlin3/prismTask
2026-04-18T04:32:26.7136726Z ##[group]Getting Git version info
2026-04-18T04:32:26.7137530Z Working directory is '/home/runner/work/prismTask/prismTask'
2026-04-18T04:32:26.7138487Z [command]/usr/bin/git version
2026-04-18T04:32:26.7189700Z git version 2.53.0
2026-04-18T04:32:26.7215602Z ##[endgroup]
2026-04-18T04:32:26.7235675Z Temporarily overriding HOME='/home/runner/work/_temp/895089d2-6485-4078-a7d9-5ea02ff7e597' before making global git config changes
2026-04-18T04:32:26.7240429Z Adding repository directory to the temporary git global config as a safe directory
2026-04-18T04:32:26.7241886Z [command]/usr/bin/git config --global --add safe.directory /home/runner/work/prismTask/prismTask
2026-04-18T04:32:26.7270418Z Deleting the contents of '/home/runner/work/prismTask/prismTask'
2026-04-18T04:32:26.7274185Z ##[group]Initializing the repository
2026-04-18T04:32:26.7277889Z [command]/usr/bin/git init /home/runner/work/prismTask/prismTask
2026-04-18T04:32:26.7380972Z hint: Using 'master' as the name for the initial branch. This default branch name
2026-04-18T04:32:26.7383560Z hint: will change to "main" in Git 3.0. To configure the initial branch name
2026-04-18T04:32:26.7385237Z hint: to use in all of your new repositories, which will suppress this warning,
2026-04-18T04:32:26.7386576Z hint: call:
2026-04-18T04:32:26.7387412Z hint:
2026-04-18T04:32:26.7388288Z hint: 	git config --global init.defaultBranch <name>
2026-04-18T04:32:26.7389296Z hint:
2026-04-18T04:32:26.7390209Z hint: Names commonly chosen instead of 'master' are 'main', 'trunk' and
2026-04-18T04:32:26.7392076Z hint: 'development'. The just-created branch can be renamed via this command:
2026-04-18T04:32:26.7393375Z hint:
2026-04-18T04:32:26.7394036Z hint: 	git branch -m <name>
2026-04-18T04:32:26.7394824Z hint:
2026-04-18T04:32:26.7395885Z hint: Disable this message with "git config set advice.defaultBranchName false"
2026-04-18T04:32:26.7397620Z Initialized empty Git repository in /home/runner/work/prismTask/prismTask/.git/
2026-04-18T04:32:26.7400130Z [command]/usr/bin/git remote add origin https://github.com/akarlin3/prismTask
2026-04-18T04:32:26.7426270Z ##[endgroup]
2026-04-18T04:32:26.7427893Z ##[group]Disabling automatic garbage collection
2026-04-18T04:32:26.7431579Z [command]/usr/bin/git config --local gc.auto 0
2026-04-18T04:32:26.7459376Z ##[endgroup]
2026-04-18T04:32:26.7460563Z ##[group]Setting up auth
2026-04-18T04:32:26.7467101Z [command]/usr/bin/git config --local --name-only --get-regexp core\.sshCommand
2026-04-18T04:32:26.7497213Z [command]/usr/bin/git submodule foreach --recursive sh -c "git config --local --name-only --get-regexp 'core\.sshCommand' && git config --local --unset-all 'core.sshCommand' || :"
2026-04-18T04:32:26.7789581Z [command]/usr/bin/git config --local --name-only --get-regexp http\.https\:\/\/github\.com\/\.extraheader
2026-04-18T04:32:26.7818867Z [command]/usr/bin/git submodule foreach --recursive sh -c "git config --local --name-only --get-regexp 'http\.https\:\/\/github\.com\/\.extraheader' && git config --local --unset-all 'http.https://github.com/.extraheader' || :"
2026-04-18T04:32:26.8032252Z [command]/usr/bin/git config --local --name-only --get-regexp ^includeIf\.gitdir:
2026-04-18T04:32:26.8063598Z [command]/usr/bin/git submodule foreach --recursive git config --local --show-origin --name-only --get-regexp remote.origin.url
2026-04-18T04:32:26.8282116Z [command]/usr/bin/git config --local http.https://github.com/.extraheader AUTHORIZATION: basic ***
2026-04-18T04:32:26.8315642Z ##[endgroup]
2026-04-18T04:32:26.8316908Z ##[group]Fetching the repository
2026-04-18T04:32:26.8325474Z [command]/usr/bin/git -c protocol.version=2 fetch --no-tags --prune --no-recurse-submodules --depth=1 origin +refs/heads/main:refs/remotes/origin/main
2026-04-18T04:32:28.8892021Z From https://github.com/akarlin3/prismTask
2026-04-18T04:32:28.8892785Z  * [new branch]      main       -> origin/main
2026-04-18T04:32:28.8919044Z ##[endgroup]
2026-04-18T04:32:28.8919592Z ##[group]Determining the checkout info
2026-04-18T04:32:28.8920989Z ##[endgroup]
2026-04-18T04:32:28.8926076Z [command]/usr/bin/git sparse-checkout disable
2026-04-18T04:32:28.8962742Z [command]/usr/bin/git config --local --unset-all extensions.worktreeConfig
2026-04-18T04:32:28.8986503Z ##[group]Checking out the ref
2026-04-18T04:32:28.8989947Z [command]/usr/bin/git checkout --progress --force -B main refs/remotes/origin/main
2026-04-18T04:32:29.0369689Z Switched to a new branch 'main'
2026-04-18T04:32:29.0370570Z branch 'main' set up to track 'origin/main'.
2026-04-18T04:32:29.0389051Z ##[endgroup]
2026-04-18T04:32:29.0425778Z [command]/usr/bin/git log -1 --format=%H
2026-04-18T04:32:29.0448162Z 292fa41c817c2c144bc491a7156d12a4cfb61612
2026-04-18T04:32:29.0689478Z Prepare all required actions
2026-04-18T04:32:29.0690179Z Getting action download info
2026-04-18T04:32:29.2166220Z Download action repository 'actions/setup-java@v4' (SHA:c1e323688fd81a25caa38c78aa6df2d33d3e20d9)
2026-04-18T04:32:29.5580445Z Download action repository 'gradle/actions@v4' (SHA:ed408507eac070d1f99cc633dbcf757c94c7933a)
2026-04-18T04:32:30.3423485Z ##[group]Run ./.github/actions/setup-android
2026-04-18T04:32:30.3423788Z ##[endgroup]
2026-04-18T04:32:30.3577038Z ##[group]Run actions/setup-java@v4
2026-04-18T04:32:30.3577302Z with:
2026-04-18T04:32:30.3577474Z   java-version: 21
2026-04-18T04:32:30.3577664Z   distribution: temurin
2026-04-18T04:32:30.3577871Z   java-package: jdk
2026-04-18T04:32:30.3578057Z   check-latest: false
2026-04-18T04:32:30.3578248Z   server-id: github
2026-04-18T04:32:30.3578432Z   server-username: GITHUB_ACTOR
2026-04-18T04:32:30.3578674Z   server-password: GITHUB_TOKEN
2026-04-18T04:32:30.3578920Z   overwrite-settings: true
2026-04-18T04:32:30.3579188Z   job-status: success
2026-04-18T04:32:30.3579500Z   token: ***
2026-04-18T04:32:30.3579698Z ##[endgroup]
2026-04-18T04:32:30.5537046Z ##[group]Installed distributions
2026-04-18T04:32:30.5995104Z Resolved Java 21.0.10+7 from tool-cache
2026-04-18T04:32:30.5995795Z Setting Java 21.0.10+7 as the default
2026-04-18T04:32:30.6010015Z Creating toolchains.xml for JDK version 21 from temurin
2026-04-18T04:32:30.6089050Z Writing to /home/runner/.m2/toolchains.xml
2026-04-18T04:32:30.6089461Z 
2026-04-18T04:32:30.6089616Z Java configuration:
2026-04-18T04:32:30.6092149Z   Distribution: temurin
2026-04-18T04:32:30.6093491Z   Version: 21.0.10+7
2026-04-18T04:32:30.6094506Z   Path: /opt/hostedtoolcache/Java_Temurin-Hotspot_jdk/21.0.10-7/x64
2026-04-18T04:32:30.6095343Z 
2026-04-18T04:32:30.6096184Z ##[endgroup]
2026-04-18T04:32:30.6114895Z Creating settings.xml with server-id: github
2026-04-18T04:32:30.6119581Z Writing to /home/runner/.m2/settings.xml
2026-04-18T04:32:30.6353472Z ##[group]Run gradle/actions/setup-gradle@v4
2026-04-18T04:32:30.6353739Z with:
2026-04-18T04:32:30.6353915Z   cache-disabled: false
2026-04-18T04:32:30.6354117Z   cache-read-only: false
2026-04-18T04:32:30.6354326Z   cache-write-only: false
2026-04-18T04:32:30.6354543Z   cache-overwrite-existing: false
2026-04-18T04:32:30.6354784Z   cache-cleanup: on-success
2026-04-18T04:32:30.6355065Z   gradle-home-cache-includes: caches
notifications

2026-04-18T04:32:30.6355362Z   add-job-summary: always
2026-04-18T04:32:30.6355590Z   add-job-summary-as-pr-comment: never
2026-04-18T04:32:30.6355845Z   dependency-graph: disabled
2026-04-18T04:32:30.6356133Z   dependency-graph-report-dir: dependency-graph-reports
2026-04-18T04:32:30.6356577Z   dependency-graph-continue-on-failure: true
2026-04-18T04:32:30.6356870Z   build-scan-publish: false
2026-04-18T04:32:30.6357101Z   validate-wrappers: true
2026-04-18T04:32:30.6357330Z   allow-snapshot-wrappers: false
2026-04-18T04:32:30.6357580Z   gradle-home-cache-strict-match: false
2026-04-18T04:32:30.6357852Z   workflow-job-context: null
2026-04-18T04:32:30.6358222Z   github-token: ***
2026-04-18T04:32:30.6358408Z env:
2026-04-18T04:32:30.6358689Z   JAVA_HOME: /opt/hostedtoolcache/Java_Temurin-Hotspot_jdk/21.0.10-7/x64
2026-04-18T04:32:30.6359161Z   JAVA_HOME_21_X64: /opt/hostedtoolcache/Java_Temurin-Hotspot_jdk/21.0.10-7/x64
2026-04-18T04:32:30.6359531Z ##[endgroup]
2026-04-18T04:32:31.6555269Z Merged default JDK locations into /home/runner/.m2/toolchains.xml
2026-04-18T04:32:31.6570906Z Preparing cache for cleanup.
2026-04-18T04:32:31.6571988Z ##[group]Restore Gradle state from cache
2026-04-18T04:32:31.7422748Z Cache hit for restore-key: gradle-home-v1|Linux-X64|lint-and-test[5df42585ae8f8da228c604b8b4e8707c]-c8f18573c3e00755eef2b689c9941d59b8f87af1
2026-04-18T04:32:32.7857207Z Received 243269632 of 261538492 (93.0%), 229.9 MBs/sec
2026-04-18T04:32:32.8503727Z Received 261538492 of 261538492 (100.0%), 232.2 MBs/sec
2026-04-18T04:32:32.8507170Z Cache Size: ~249 MB (261538492 B)
2026-04-18T04:32:32.8583848Z [command]/usr/bin/tar -xf /home/runner/work/_temp/6c2952c5-d1cd-410a-aade-7e97d44aed2c/cache.tzst -P -C /home/runner/work/prismTask/prismTask --use-compress-program unzstd
2026-04-18T04:32:33.3941452Z Cache restored successfully
2026-04-18T04:32:33.4055160Z Restored cache entry with key gradle-home-v1|Linux-X64|lint-and-test[5df42585ae8f8da228c604b8b4e8707c]-292fa41c817c2c144bc491a7156d12a4cfb61612 to /home/runner/.gradle/caches,/home/runner/.gradle/notifications,/home/runner/.gradle/.setup-gradle in 1749ms
2026-04-18T04:32:33.4842161Z Cache hit for: gradle-transforms-v1-a63520fec89a2f80702d4c88384f3a6b
2026-04-18T04:32:33.4895684Z Cache hit for: gradle-instrumented-jars-v1-da27189608cc64b8ccdc1e8234084779
2026-04-18T04:32:33.4900524Z Cache hit for: gradle-generated-gradle-jars-v1-cb4b032a7d08b9bf1e84e9eacaebcc29
2026-04-18T04:32:33.4905118Z Cache hit for: gradle-kotlin-dsl-v1-ee99738c4780de20c6eac74f39ea05c1
2026-04-18T04:32:33.4911783Z Cache hit for: gradle-dependencies-v1-117fbe653ac5533442942123eb8053be
2026-04-18T04:32:33.4958934Z Cache hit for: gradle-groovy-dsl-v1-28b9a41f693ba754e53f6f5a3dfc445c
2026-04-18T04:32:33.4997478Z Cache hit for: gradle-wrapper-zips-v1-8c0de4c6bda6041d6e054bf825a89c98
2026-04-18T04:32:33.7328758Z Received 60531 of 60531 (100.0%), 0.3 MBs/sec
2026-04-18T04:32:33.7329428Z Cache Size: ~0 MB (60531 B)
2026-04-18T04:32:33.7656016Z Received 176604 of 176604 (100.0%), 0.8 MBs/sec
2026-04-18T04:32:33.7656773Z Cache Size: ~0 MB (176604 B)
2026-04-18T04:32:33.9961636Z Received 91211 of 91211 (100.0%), 0.3 MBs/sec
2026-04-18T04:32:33.9962387Z Cache Size: ~0 MB (91211 B)
2026-04-18T04:32:34.2210652Z [command]/usr/bin/tar -xf /home/runner/work/_temp/aa5a2b34-2879-4f58-a94d-79569defa407/cache.tzst -P -C /home/runner/work/prismTask/prismTask --use-compress-program unzstd
2026-04-18T04:32:34.2933731Z Cache restored successfully
2026-04-18T04:32:34.2957856Z Restored cache entry with key gradle-instrumented-jars-v1-da27189608cc64b8ccdc1e8234084779 to /home/runner/.gradle/caches/jars-*/*/ in 888ms
2026-04-18T04:32:34.3216852Z [command]/usr/bin/tar -xf /home/runner/work/_temp/7fc133ba-496e-4f4c-a3be-5c1aaf4d0ea8/cache.tzst -P -C /home/runner/work/prismTask/prismTask --use-compress-program unzstd
2026-04-18T04:32:34.4298557Z Cache restored successfully
2026-04-18T04:32:34.4347081Z Restored cache entry with key gradle-kotlin-dsl-v1-ee99738c4780de20c6eac74f39ea05c1 to /home/runner/.gradle/caches/*/kotlin-dsl/accessors/*/,/home/runner/.gradle/caches/*/kotlin-dsl/scripts/*/ in 1026ms
2026-04-18T04:32:34.5347533Z Received 96468992 of 237746136 (40.6%), 90.6 MBs/sec
2026-04-18T04:32:34.5386550Z [command]/usr/bin/tar -xf /home/runner/work/_temp/389c0a2b-8060-4cec-91a6-8e3e9b202887/cache.tzst -P -C /home/runner/work/prismTask/prismTask --use-compress-program unzstd
2026-04-18T04:32:34.5703151Z Received 37799100 of 41993404 (90.0%), 35.0 MBs/sec
2026-04-18T04:32:34.6025136Z Cache restored successfully
2026-04-18T04:32:34.6025718Z Received 83886080 of 136352669 (61.5%), 78.4 MBs/sec
2026-04-18T04:32:34.6280221Z Restored cache entry with key gradle-groovy-dsl-v1-28b9a41f693ba754e53f6f5a3dfc445c to /home/runner/.gradle/caches/*/groovy-dsl/*/ in 1219ms
2026-04-18T04:32:34.6432473Z Received 41993404 of 41993404 (100.0%), 36.4 MBs/sec
2026-04-18T04:32:34.6433083Z Cache Size: ~40 MB (41993404 B)
2026-04-18T04:32:34.6812542Z Received 16777216 of 834528743 (2.0%), 15.8 MBs/sec
2026-04-18T04:32:34.6990800Z [command]/usr/bin/tar -xf /home/runner/work/_temp/80576998-2b6b-4b40-9caf-8251b058dc1b/cache.tzst -P -C /home/runner/work/prismTask/prismTask --use-compress-program unzstd
2026-04-18T04:32:35.1812050Z Cache restored successfully
2026-04-18T04:32:35.1908300Z Restored cache entry with key gradle-generated-gradle-jars-v1-cb4b032a7d08b9bf1e84e9eacaebcc29 to /home/runner/.gradle/caches/9.3.1/generated-gradle-jars/gradle-api-9.3.1.jar in 1784ms
2026-04-18T04:32:35.2352649Z Received 136352669 of 136352669 (100.0%), 78.7 MBs/sec
2026-04-18T04:32:35.2353466Z Cache Size: ~130 MB (136352669 B)
2026-04-18T04:32:35.4177234Z Received 237746136 of 237746136 (100.0%), 119.5 MBs/sec
2026-04-18T04:32:35.4177898Z Cache Size: ~227 MB (237746136 B)
2026-04-18T04:32:35.4192073Z [command]/usr/bin/tar -xf /home/runner/work/_temp/6748b5d1-47c2-4c82-80e7-ade769d843e0/cache.tzst -P -C /home/runner/work/prismTask/prismTask --use-compress-program unzstd
2026-04-18T04:32:35.5008670Z [command]/usr/bin/tar -xf /home/runner/work/_temp/af7a9d31-733a-4731-842d-3e9a914a5f94/cache.tzst -P -C /home/runner/work/prismTask/prismTask --use-compress-program unzstd
2026-04-18T04:32:35.6816815Z Received 134217728 of 834528743 (16.1%), 63.6 MBs/sec
2026-04-18T04:32:35.7127008Z Cache restored successfully
2026-04-18T04:32:35.7187147Z Restored cache entry with key gradle-wrapper-zips-v1-8c0de4c6bda6041d6e054bf825a89c98 to /home/runner/.gradle/wrapper/dists/gradle-9.3.1-bin/23ovyewtku6u96viwx3xl3oks in 2311ms
2026-04-18T04:32:36.6842409Z Received 390070272 of 834528743 (46.7%), 123.4 MBs/sec
2026-04-18T04:32:37.6842424Z Received 641728512 of 834528743 (76.9%), 152.5 MBs/sec
2026-04-18T04:32:38.5844331Z Received 834528743 of 834528743 (100.0%), 161.9 MBs/sec
2026-04-18T04:32:38.5847808Z Cache Size: ~796 MB (834528743 B)
2026-04-18T04:32:38.5992462Z Cache restored successfully
2026-04-18T04:32:38.6067726Z [command]/usr/bin/tar -xf /home/runner/work/_temp/81ddd8da-0e75-4585-b9c4-12fcbd29da2f/cache.tzst -P -C /home/runner/work/prismTask/prismTask --use-compress-program unzstd
2026-04-18T04:32:38.6136753Z Restored cache entry with key gradle-transforms-v1-a63520fec89a2f80702d4c88384f3a6b to /home/runner/.gradle/caches/transforms-4/*/,/home/runner/.gradle/caches/*/transforms/*/ in 5205ms
2026-04-18T04:32:39.9010295Z Cache restored successfully
2026-04-18T04:32:39.9355637Z Restored cache entry with key gradle-dependencies-v1-117fbe653ac5533442942123eb8053be to /home/runner/.gradle/caches/modules-*/files-*/*/*/*/* in 6528ms
2026-04-18T04:32:39.9656385Z ##[endgroup]
2026-04-18T04:32:39.9918134Z ##[group]All Gradle Wrapper jars are valid
2026-04-18T04:32:39.9919351Z ✓ Found known Gradle Wrapper JAR files:
2026-04-18T04:32:39.9920063Z   b3a875ddc1f044746e1b1a55f645584505f4a10438c1afea9f15e92a7c42ec13 gradle/wrapper/gradle-wrapper.jar
2026-04-18T04:32:39.9920802Z ##[endgroup]
2026-04-18T04:32:40.0262376Z ##[group]Run chmod +x gradlew
2026-04-18T04:32:40.0262730Z [36;1mchmod +x gradlew[0m
2026-04-18T04:32:40.0288587Z shell: /usr/bin/bash --noprofile --norc -e -o pipefail {0}
2026-04-18T04:32:40.0288984Z env:
2026-04-18T04:32:40.0289327Z   JAVA_HOME: /opt/hostedtoolcache/Java_Temurin-Hotspot_jdk/21.0.10-7/x64
2026-04-18T04:32:40.0289889Z   JAVA_HOME_21_X64: /opt/hostedtoolcache/Java_Temurin-Hotspot_jdk/21.0.10-7/x64
2026-04-18T04:32:40.0290351Z   GRADLE_ACTION_ID: gradle/actions/setup-gradle
2026-04-18T04:32:40.0290686Z   GRADLE_USER_HOME: /home/runner/.gradle
2026-04-18T04:32:40.0291000Z   GRADLE_BUILD_ACTION_SETUP_COMPLETED: true
2026-04-18T04:32:40.0291626Z   GRADLE_BUILD_ACTION_CACHE_RESTORED: true
2026-04-18T04:32:40.0292139Z   DEVELOCITY_INJECTION_INIT_SCRIPT_NAME: gradle-actions.inject-develocity.init.gradle
2026-04-18T04:32:40.0292658Z   DEVELOCITY_INJECTION_CUSTOM_VALUE: gradle-actions
2026-04-18T04:32:40.0293021Z   GITHUB_DEPENDENCY_GRAPH_ENABLED: false
2026-04-18T04:32:40.0293319Z ##[endgroup]
2026-04-18T04:32:40.0662387Z ##[group]Run ./gradlew ktlintCheck --continue
2026-04-18T04:32:40.0663081Z [36;1m./gradlew ktlintCheck --continue[0m
2026-04-18T04:32:40.0690524Z shell: /usr/bin/bash -e {0}
2026-04-18T04:32:40.0690988Z env:
2026-04-18T04:32:40.0691751Z   JAVA_HOME: /opt/hostedtoolcache/Java_Temurin-Hotspot_jdk/21.0.10-7/x64
2026-04-18T04:32:40.0692690Z   JAVA_HOME_21_X64: /opt/hostedtoolcache/Java_Temurin-Hotspot_jdk/21.0.10-7/x64
2026-04-18T04:32:40.0693492Z   GRADLE_ACTION_ID: gradle/actions/setup-gradle
2026-04-18T04:32:40.0694067Z   GRADLE_USER_HOME: /home/runner/.gradle
2026-04-18T04:32:40.0694648Z   GRADLE_BUILD_ACTION_SETUP_COMPLETED: true
2026-04-18T04:32:40.0695228Z   GRADLE_BUILD_ACTION_CACHE_RESTORED: true
2026-04-18T04:32:40.0695839Z   DEVELOCITY_INJECTION_INIT_SCRIPT_NAME: gradle-actions.inject-develocity.init.gradle
2026-04-18T04:32:40.0696386Z   DEVELOCITY_INJECTION_CUSTOM_VALUE: gradle-actions
2026-04-18T04:32:40.0696747Z   GITHUB_DEPENDENCY_GRAPH_ENABLED: false
2026-04-18T04:32:40.0697091Z ##[endgroup]
2026-04-18T04:32:43.3743217Z Starting a Gradle Daemon (subsequent builds will be faster)
2026-04-18T04:32:48.5748976Z Configuration on demand is an incubating feature.
2026-04-18T04:32:56.3808463Z 
2026-04-18T04:32:56.3823139Z > Configure project :app
2026-04-18T04:32:56.3852220Z WARNING: The option setting 'android.builtInKotlin=false' is deprecated.
2026-04-18T04:32:56.3854253Z The current default is 'true'.
2026-04-18T04:32:56.3855133Z It will be removed in version 10.0 of the Android Gradle plugin.
2026-04-18T04:32:56.3856216Z WARNING: The option setting 'android.newDsl=false' is deprecated.
2026-04-18T04:32:56.3857104Z The current default is 'true'.
2026-04-18T04:32:56.3857921Z It will be removed in version 10.0 of the Android Gradle plugin.
2026-04-18T04:32:56.3859350Z WARNING: The option setting 'android.dependency.excludeLibraryComponentsFromConstraints=true' is deprecated.
2026-04-18T04:32:56.3863318Z The current default is 'false'.
2026-04-18T04:32:56.3864246Z It will be removed in version 10.0 of the Android Gradle plugin.
2026-04-18T04:32:56.3865351Z Following can be set instead to achieve a similar behaviour.
2026-04-18T04:32:56.3866330Z     android.dependency.useConstraints=false
2026-04-18T04:33:02.9745617Z w: file:///home/runner/work/prismTask/prismTask/app/build.gradle.kts:17:1: 'fun Project.android(configure: Action<BaseAppModuleExtension>): Unit' is deprecated. Replaced by com.android.build.api.dsl.ApplicationExtension.
2026-04-18T04:33:02.9748176Z This class is not used for the public extensions in AGP when android.newDsl=true, which is the default in AGP 9.0, and will be removed in AGP 10.0.
2026-04-18T04:33:02.9754972Z w: file:///home/runner/work/prismTask/prismTask/app/build.gradle.kts:209:1: 'val Project.android: BaseAppModuleExtension' is deprecated. Replaced by com.android.build.api.dsl.ApplicationExtension.
2026-04-18T04:33:02.9773800Z This class is not used for the public extensions in AGP when android.newDsl=true, which is the default in AGP 9.0, and will be removed in AGP 10.0.
2026-04-18T04:33:04.2768443Z w: ⚠️ Deprecated 'org.jetbrains.kotlin.android' plugin usage
2026-04-18T04:33:04.2779838Z The 'org.jetbrains.kotlin.android' plugin in project ':app' is no longer required for Kotlin support since AGP 9.0.
2026-04-18T04:33:04.2782215Z Solution: Remove both `android.builtInKotlin=true` and `android.newDsl=false` from `gradle.properties`, then migrate to built-in Kotlin.
2026-04-18T04:33:04.2783747Z See https://kotl.in/gradle/agp-built-in-kotlin for more details.
2026-04-18T04:33:04.2784472Z 
2026-04-18T04:33:04.5748096Z 
2026-04-18T04:33:04.5770727Z > Task :app:loadKtlintReporters FROM-CACHE
2026-04-18T04:33:04.5772184Z > Task :app:runKtlintCheckOverAndroidTestDebugSourceSet NO-SOURCE
2026-04-18T04:33:04.5773084Z > Task :app:ktlintAndroidTestDebugSourceSetCheck SKIPPED
2026-04-18T04:33:04.5773966Z > Task :app:runKtlintCheckOverAndroidTestReleaseSourceSet NO-SOURCE
2026-04-18T04:33:04.5774865Z > Task :app:ktlintAndroidTestReleaseSourceSetCheck SKIPPED
2026-04-18T04:33:04.5775910Z > Task :app:runKtlintCheckOverAndroidTestSourceSet FROM-CACHE
2026-04-18T04:33:04.6742140Z > Task :app:ktlintAndroidTestSourceSetCheck FROM-CACHE
2026-04-18T04:33:04.6743455Z > Task :app:runKtlintCheckOverDebugSourceSet NO-SOURCE
2026-04-18T04:33:04.6744704Z > Task :app:ktlintDebugSourceSetCheck SKIPPED
2026-04-18T04:33:04.8772801Z > Task :app:runKtlintCheckOverReleaseSourceSet NO-SOURCE
2026-04-18T04:33:04.8812188Z > Task :app:ktlintReleaseSourceSetCheck SKIPPED
2026-04-18T04:33:04.8834634Z > Task :app:runKtlintCheckOverTestDebugSourceSet NO-SOURCE
2026-04-18T04:33:04.8877082Z > Task :app:ktlintTestDebugSourceSetCheck SKIPPED
2026-04-18T04:33:04.8878168Z > Task :app:runKtlintCheckOverTestFixturesDebugSourceSet NO-SOURCE
2026-04-18T04:33:04.8920491Z > Task :app:ktlintTestFixturesDebugSourceSetCheck SKIPPED
2026-04-18T04:33:04.8942424Z > Task :app:runKtlintCheckOverTestFixturesReleaseSourceSet NO-SOURCE
2026-04-18T04:33:04.8948694Z > Task :app:ktlintTestFixturesReleaseSourceSetCheck SKIPPED
2026-04-18T04:33:04.8950046Z > Task :app:runKtlintCheckOverTestFixturesSourceSet NO-SOURCE
2026-04-18T04:33:04.8952073Z > Task :app:ktlintTestFixturesSourceSetCheck SKIPPED
2026-04-18T04:33:04.8953049Z > Task :app:runKtlintCheckOverTestReleaseSourceSet NO-SOURCE
2026-04-18T04:33:04.8954014Z > Task :app:ktlintTestReleaseSourceSetCheck SKIPPED
2026-04-18T04:33:08.2762774Z > Task :app:runKtlintCheckOverKotlinScripts
2026-04-18T04:33:08.2812293Z > Task :app:ktlintKotlinScriptCheck FROM-CACHE
2026-04-18T04:33:16.9737550Z > Task :app:runKtlintCheckOverTestSourceSet
2026-04-18T04:33:17.1737294Z > Task :app:ktlintTestSourceSetCheck
2026-04-18T04:33:29.0775969Z > Task :app:runKtlintCheckOverMainSourceSet
2026-04-18T04:33:29.1736528Z 
2026-04-18T04:33:29.1748718Z > Task :app:ktlintMainSourceSetCheck FAILED
2026-04-18T04:33:29.1751171Z /home/runner/work/prismTask/prismTask/app/src/main/java/com/averycorp/prismtask/ui/screens/onboarding/OnboardingScreen.kt:3:1 Imports must be ordered in lexicographic order without any empty lines in-between with "java", "javax", "kotlin" and aliases in the end
2026-04-18T04:33:29.1756145Z /home/runner/work/prismTask/prismTask/app/src/main/java/com/averycorp/prismtask/ui/screens/selfcare/SelfCareScreen.kt:328:1 Exceeded max line length (140) (cannot be auto-corrected)
2026-04-18T04:33:29.1759337Z /home/runner/work/prismTask/prismTask/app/src/main/java/com/averycorp/prismtask/ui/screens/settings/LifeModesScreen.kt:3:1 Imports must be ordered in lexicographic order without any empty lines in-between with "java", "javax", "kotlin" and aliases in the end
2026-04-18T04:33:29.2737285Z gradle/actions: Writing build results to /home/runner/work/_temp/.gradle-actions/build-results/__run-1776486770163.json
2026-04-18T04:33:29.2738402Z 
2026-04-18T04:33:29.2762463Z FAILURE: Build failed with an exception.
2026-04-18T04:33:29.2762878Z 
2026-04-18T04:33:29.2762939Z 
2026-04-18T04:33:29.2763804Z [Incubating] Problems report is available at: file:///home/runner/work/prismTask/prismTask/build/reports/problems/problems-report.html
2026-04-18T04:33:29.2765213Z * What went wrong:
2026-04-18T04:33:29.2765463Z 
2026-04-18T04:33:29.2768736Z Execution failed for task ':app:ktlintMainSourceSetCheck'.
2026-04-18T04:33:29.2769748Z Deprecated Gradle features were used in this build, making it incompatible with Gradle 10.
2026-04-18T04:33:29.2771514Z > A failure occurred while executing org.jlleitschuh.gradle.ktlint.worker.ConsoleReportWorkAction
2026-04-18T04:33:29.2772464Z 
2026-04-18T04:33:29.2773042Z    > KtLint found code style violations. Please see the following reports:
2026-04-18T04:33:29.2774355Z You can use '--warning-mode all' to show the individual deprecation warnings and determine if they come from your own scripts or plugins.
2026-04-18T04:33:29.2776866Z      - /home/runner/work/prismTask/prismTask/app/build/reports/ktlint/ktlintMainSourceSetCheck/ktlintMainSourceSetCheck.txt
2026-04-18T04:33:29.2778045Z 
2026-04-18T04:33:29.2778210Z 
2026-04-18T04:33:29.2779625Z For more on this, please refer to https://docs.gradle.org/9.3.1/userguide/command_line_interface.html#sec:command_line_warnings in the Gradle documentation.
2026-04-18T04:33:29.2781086Z * Try:
2026-04-18T04:33:29.2781886Z 9 actionable tasks: 5 executed, 4 from cache
2026-04-18T04:33:29.2782816Z > Run with --stacktrace option to get the stack trace.
2026-04-18T04:33:29.2783675Z > Run with --info or --debug option to get more log output.
2026-04-18T04:33:29.2784706Z > Run with --scan to get full insights from a Build Scan (powered by Develocity).
2026-04-18T04:33:29.2785631Z > Get more help at https://help.gradle.org.
2026-04-18T04:33:29.2786178Z 
2026-04-18T04:33:29.2786441Z BUILD FAILED in 49s
2026-04-18T04:33:29.8559140Z ##[error]Process completed with exit code 1.
2026-04-18T04:33:29.8608165Z ##[group]Run ./gradlew detekt --continue
2026-04-18T04:33:29.8608560Z [36;1m./gradlew detekt --continue[0m
2026-04-18T04:33:29.8629276Z shell: /usr/bin/bash -e {0}
2026-04-18T04:33:29.8629552Z env:
2026-04-18T04:33:29.8629892Z   JAVA_HOME: /opt/hostedtoolcache/Java_Temurin-Hotspot_jdk/21.0.10-7/x64
2026-04-18T04:33:29.8630433Z   JAVA_HOME_21_X64: /opt/hostedtoolcache/Java_Temurin-Hotspot_jdk/21.0.10-7/x64
2026-04-18T04:33:29.8631091Z   GRADLE_ACTION_ID: gradle/actions/setup-gradle
2026-04-18T04:33:29.8631661Z   GRADLE_USER_HOME: /home/runner/.gradle
2026-04-18T04:33:29.8631989Z   GRADLE_BUILD_ACTION_SETUP_COMPLETED: true
2026-04-18T04:33:29.8632320Z   GRADLE_BUILD_ACTION_CACHE_RESTORED: true
2026-04-18T04:33:29.8632797Z   DEVELOCITY_INJECTION_INIT_SCRIPT_NAME: gradle-actions.inject-develocity.init.gradle
2026-04-18T04:33:29.8633317Z   DEVELOCITY_INJECTION_CUSTOM_VALUE: gradle-actions
2026-04-18T04:33:29.8633663Z   GITHUB_DEPENDENCY_GRAPH_ENABLED: false
2026-04-18T04:33:29.8633992Z ##[endgroup]
2026-04-18T04:33:30.6502518Z Configuration on demand is an incubating feature.
2026-04-18T04:33:31.0473236Z 
2026-04-18T04:33:31.0532287Z > Configure project :app
2026-04-18T04:33:31.0533630Z WARNING: The option setting 'android.builtInKotlin=false' is deprecated.
2026-04-18T04:33:31.0536133Z The current default is 'true'.
2026-04-18T04:33:31.0537013Z It will be removed in version 10.0 of the Android Gradle plugin.
2026-04-18T04:33:31.0538090Z WARNING: The option setting 'android.newDsl=false' is deprecated.
2026-04-18T04:33:31.0539000Z The current default is 'true'.
2026-04-18T04:33:31.0539837Z It will be removed in version 10.0 of the Android Gradle plugin.
2026-04-18T04:33:31.0541482Z WARNING: The option setting 'android.dependency.excludeLibraryComponentsFromConstraints=true' is deprecated.
2026-04-18T04:33:31.0542791Z The current default is 'false'.
2026-04-18T04:33:31.0543585Z It will be removed in version 10.0 of the Android Gradle plugin.
2026-04-18T04:33:31.0544562Z Following can be set instead to achieve a similar behaviour.
2026-04-18T04:33:31.0545466Z     android.dependency.useConstraints=false
2026-04-18T04:33:31.0546672Z w: ⚠️ Deprecated 'org.jetbrains.kotlin.android' plugin usage
2026-04-18T04:33:31.0547985Z The 'org.jetbrains.kotlin.android' plugin in project ':app' is no longer required for Kotlin support since AGP 9.0.
2026-04-18T04:33:31.0549789Z Solution: Remove both `android.builtInKotlin=true` and `android.newDsl=false` from `gradle.properties`, then migrate to built-in Kotlin.
2026-04-18T04:33:31.0551544Z See https://kotl.in/gradle/agp-built-in-kotlin for more details.
2026-04-18T04:33:31.0552290Z 
2026-04-18T04:34:01.0463248Z 
2026-04-18T04:34:01.0482454Z > Task :app:detekt
2026-04-18T04:34:02.5463219Z /home/runner/work/prismTask/prismTask/app/src/main/java/com/averycorp/prismtask/ui/screens/selfcare/SelfCareScreen.kt:328:1: Exceeded max line length (140) [MaximumLineLength]
2026-04-18T04:34:02.5466581Z /home/runner/work/prismTask/prismTask/app/src/main/java/com/averycorp/prismtask/ui/screens/settings/LifeModesScreen.kt:3:1: Imports must be ordered in lexicographic order without any empty lines in-between with "java", "javax", "kotlin" and aliases in the end [ImportOrdering]
2026-04-18T04:34:02.5470690Z /home/runner/work/prismTask/prismTask/app/src/main/java/com/averycorp/prismtask/ui/screens/onboarding/OnboardingScreen.kt:3:1: Imports must be ordered in lexicographic order without any empty lines in-between with "java", "javax", "kotlin" and aliases in the end [ImportOrdering]
2026-04-18T04:34:02.5473217Z 
2026-04-18T04:34:02.5475423Z 
2026-04-18T04:34:02.5476101Z > Task :app:detekt FAILED
2026-04-18T04:34:02.5477229Z gradle/actions: Writing build results to /home/runner/work/_temp/.gradle-actions/build-results/__run_2-1776486810565.json
2026-04-18T04:34:02.5478230Z 
2026-04-18T04:34:02.5479353Z [Incubating] Problems report is available at: file:///home/runner/work/prismTask/prismTask/build/reports/problems/problems-report.html
2026-04-18T04:34:02.5480365Z 
2026-04-18T04:34:02.5481215Z Deprecated Gradle features were used in this build, making it incompatible with Gradle 10.
2026-04-18T04:34:02.5482545Z 
2026-04-18T04:34:02.5483684Z You can use '--warning-mode all' to show the individual deprecation warnings and determine if they come from your own scripts or plugins.
2026-04-18T04:34:02.5484707Z 
2026-04-18T04:34:02.5485702Z For more on this, please refer to https://docs.gradle.org/9.3.1/userguide/command_line_interface.html#sec:command_line_warnings in the Gradle documentation.
2026-04-18T04:34:02.5488729Z 1 actionable task: 1 executed
2026-04-18T04:34:02.5489091Z 
2026-04-18T04:34:02.5489344Z FAILURE: Build failed with an exception.
2026-04-18T04:34:02.5489778Z 
2026-04-18T04:34:02.5489942Z * What went wrong:
2026-04-18T04:34:02.5490380Z Execution failed for task ':app:detekt'.
2026-04-18T04:34:02.5490902Z > Analysis failed with 3 weighted issues.
2026-04-18T04:34:02.5491233Z 
2026-04-18T04:34:02.5491625Z * Try:
2026-04-18T04:34:02.5492073Z > Run with --stacktrace option to get the stack trace.
2026-04-18T04:34:02.5492758Z > Run with --info or --debug option to get more log output.
2026-04-18T04:34:02.5493527Z > Run with --scan to get full insights from a Build Scan (powered by Develocity).
2026-04-18T04:34:02.5494290Z > Get more help at https://help.gradle.org.
2026-04-18T04:34:02.5494682Z 
2026-04-18T04:34:02.5494853Z BUILD FAILED in 32s
2026-04-18T04:34:02.5553158Z ##[error]Process completed with exit code 1.
2026-04-18T04:34:02.5580031Z ##[group]Run ./gradlew lint --continue
2026-04-18T04:34:02.5580422Z [36;1m./gradlew lint --continue[0m
2026-04-18T04:34:02.5601542Z shell: /usr/bin/bash -e {0}
2026-04-18T04:34:02.5601821Z env:
2026-04-18T04:34:02.5602166Z   JAVA_HOME: /opt/hostedtoolcache/Java_Temurin-Hotspot_jdk/21.0.10-7/x64
2026-04-18T04:34:02.5602716Z   JAVA_HOME_21_X64: /opt/hostedtoolcache/Java_Temurin-Hotspot_jdk/21.0.10-7/x64
2026-04-18T04:34:02.5603170Z   GRADLE_ACTION_ID: gradle/actions/setup-gradle
2026-04-18T04:34:02.5603504Z   GRADLE_USER_HOME: /home/runner/.gradle
2026-04-18T04:34:02.5603818Z   GRADLE_BUILD_ACTION_SETUP_COMPLETED: true
2026-04-18T04:34:02.5604132Z   GRADLE_BUILD_ACTION_CACHE_RESTORED: true
2026-04-18T04:34:02.5604609Z   DEVELOCITY_INJECTION_INIT_SCRIPT_NAME: gradle-actions.inject-develocity.init.gradle
2026-04-18T04:34:02.5605129Z   DEVELOCITY_INJECTION_CUSTOM_VALUE: gradle-actions
2026-04-18T04:34:02.5605466Z   GITHUB_DEPENDENCY_GRAPH_ENABLED: false
2026-04-18T04:34:02.5605820Z ##[endgroup]
2026-04-18T04:34:03.3531083Z Configuration on demand is an incubating feature.
2026-04-18T04:34:03.6521605Z 
2026-04-18T04:34:03.6562572Z > Configure project :app
2026-04-18T04:34:03.6582685Z WARNING: The option setting 'android.builtInKotlin=false' is deprecated.
2026-04-18T04:34:03.6583768Z The current default is 'true'.
2026-04-18T04:34:03.6612407Z It will be removed in version 10.0 of the Android Gradle plugin.
2026-04-18T04:34:03.6613537Z WARNING: The option setting 'android.newDsl=false' is deprecated.
2026-04-18T04:34:03.6614389Z The current default is 'true'.
2026-04-18T04:34:03.6615138Z It will be removed in version 10.0 of the Android Gradle plugin.
2026-04-18T04:34:03.6616473Z WARNING: The option setting 'android.dependency.excludeLibraryComponentsFromConstraints=true' is deprecated.
2026-04-18T04:34:03.6620445Z The current default is 'false'.
2026-04-18T04:34:03.6621801Z It will be removed in version 10.0 of the Android Gradle plugin.
2026-04-18T04:34:03.6623120Z Following can be set instead to achieve a similar behaviour.
2026-04-18T04:34:03.6624117Z     android.dependency.useConstraints=false
2026-04-18T04:34:03.6625315Z w: ⚠️ Deprecated 'org.jetbrains.kotlin.android' plugin usage
2026-04-18T04:34:03.6626705Z The 'org.jetbrains.kotlin.android' plugin in project ':app' is no longer required for Kotlin support since AGP 9.0.
2026-04-18T04:34:03.6628623Z Solution: Remove both `android.builtInKotlin=true` and `android.newDsl=false` from `gradle.properties`, then migrate to built-in Kotlin.
2026-04-18T04:34:03.6630163Z See https://kotl.in/gradle/agp-built-in-kotlin for more details.
2026-04-18T04:34:03.6630907Z 
2026-04-18T04:34:04.7504249Z 
2026-04-18T04:34:04.7524500Z > Task :app:checkKotlinGradlePluginConfigurationErrors SKIPPED
2026-04-18T04:34:04.7525551Z > Task :app:preBuild UP-TO-DATE
2026-04-18T04:34:04.7526253Z > Task :app:preDebugBuild UP-TO-DATE
2026-04-18T04:34:04.8505135Z > Task :app:generateDebugBuildConfig
2026-04-18T04:34:04.8506111Z > Task :app:generateDebugResValues FROM-CACHE
2026-04-18T04:34:04.8507868Z > Task :app:generateDebugResources FROM-CACHE
2026-04-18T04:34:04.8508756Z > Task :app:injectCrashlyticsMappingFileIdDebug
2026-04-18T04:34:04.8509608Z > Task :app:processDebugGoogleServices FROM-CACHE
2026-04-18T04:34:04.8510438Z > Task :app:packageDebugResources FROM-CACHE
2026-04-18T04:34:05.3500126Z > Task :app:processDebugNavigationResources FROM-CACHE
2026-04-18T04:34:05.7527460Z > Task :app:parseDebugLocalResources FROM-CACHE
2026-04-18T04:34:05.7542406Z > Task :app:generateDebugRFile FROM-CACHE
2026-04-18T04:34:06.3512690Z > Task :app:javaPreCompileDebug FROM-CACHE
2026-04-18T04:34:06.4522493Z > Task :app:checkDebugAarMetadata
2026-04-18T04:34:06.4557301Z > Task :app:mapDebugSourceSetPaths
2026-04-18T04:34:06.4582047Z > Task :app:compileDebugNavigationResources FROM-CACHE
2026-04-18T04:34:06.7512789Z > Task :app:mergeDebugResources FROM-CACHE
2026-04-18T04:34:06.7513549Z > Task :app:createDebugCompatibleScreenManifests
2026-04-18T04:34:06.7514724Z > Task :app:extractDeepLinksDebug FROM-CACHE
2026-04-18T04:34:07.4512399Z > Task :app:processDebugMainManifest
2026-04-18T04:34:07.5500056Z > Task :app:processDebugManifest
2026-04-18T04:34:07.5535353Z > Task :app:preDebugAndroidTestBuild SKIPPED
2026-04-18T04:34:07.6508232Z > Task :app:generateDebugAndroidTestResValues FROM-CACHE
2026-04-18T04:34:07.6532032Z > Task :app:extractProguardFiles
2026-04-18T04:34:07.6541985Z > Task :app:preDebugUnitTestBuild UP-TO-DATE
2026-04-18T04:34:07.6572052Z > Task :app:processDebugManifestForPackage
2026-04-18T04:34:08.7499904Z > Task :app:processDebugResources
2026-04-18T04:34:35.0502341Z > Task :app:kspDebugKotlin
2026-04-18T04:35:05.0498701Z > Task :app:compileDebugKotlin
2026-04-18T04:36:05.9555230Z w: file:///home/runner/work/prismTask/prismTask/app/src/main/java/com/averycorp/prismtask/data/billing/BillingManager.kt:57:5 This annotation is currently applied to the value parameter only, but in the future it will also be applied to field.
2026-04-18T04:36:05.9643982Z - To opt in to applying to both value parameter and field, add '-Xannotation-default-target=param-property' to your compiler arguments.
2026-04-18T04:36:05.9692336Z - To keep applying to the value parameter only, use the '@param:' annotation target.
2026-04-18T04:36:05.9721530Z 
2026-04-18T04:36:05.9779750Z See https://youtrack.jetbrains.com/issue/KT-73255 for more details.
2026-04-18T04:36:05.9797607Z w: file:///home/runner/work/prismTask/prismTask/app/src/main/java/com/averycorp/prismtask/data/calendar/CalendarManager.kt:6:8 'class GoogleSignIn : Any' is deprecated. Deprecated in Java.
2026-04-18T04:36:05.9813204Z w: file:///home/runner/work/prismTask/prismTask/app/src/main/java/com/averycorp/prismtask/data/calendar/CalendarManager.kt:7:8 'class GoogleSignInOptions : AbstractSafeParcelable, Api.ApiOptions.Optional, ReflectedParcelable' is deprecated. Deprecated in Java.
2026-04-18T04:36:05.9816652Z w: file:///home/runner/work/prismTask/prismTask/app/src/main/java/com/averycorp/prismtask/data/calendar/CalendarManager.kt:44:5 This annotation is currently applied to the value parameter only, but in the future it will also be applied to field.
2026-04-18T04:36:05.9818904Z - To opt in to applying to both value parameter and field, add '-Xannotation-default-target=param-property' to your compiler arguments.
2026-04-18T04:36:05.9820197Z - To keep applying to the value parameter only, use the '@param:' annotation target.
2026-04-18T04:36:05.9820742Z 
2026-04-18T04:36:05.9821077Z See https://youtrack.jetbrains.com/issue/KT-73255 for more details.
2026-04-18T04:36:05.9822847Z w: file:///home/runner/work/prismTask/prismTask/app/src/main/java/com/averycorp/prismtask/data/calendar/CalendarManager.kt:58:23 'class GoogleSignIn : Any' is deprecated. Deprecated in Java.
2026-04-18T04:36:05.9825364Z w: file:///home/runner/work/prismTask/prismTask/app/src/main/java/com/averycorp/prismtask/data/calendar/CalendarManager.kt:69:85 'class GoogleSignInClient : GoogleApi<GoogleSignInOptions!>' is deprecated. Deprecated in Java.
2026-04-18T04:36:05.9828821Z w: file:///home/runner/work/prismTask/prismTask/app/src/main/java/com/averycorp/prismtask/data/calendar/CalendarManager.kt:70:19 'class GoogleSignInOptions : AbstractSafeParcelable, Api.ApiOptions.Optional, ReflectedParcelable' is deprecated. Deprecated in Java.
2026-04-18T04:36:05.9832228Z w: file:///home/runner/work/prismTask/prismTask/app/src/main/java/com/averycorp/prismtask/data/calendar/CalendarManager.kt:70:47 'class GoogleSignInOptions : AbstractSafeParcelable, Api.ApiOptions.Optional, ReflectedParcelable' is deprecated. Deprecated in Java.
2026-04-18T04:36:05.9834948Z w: file:///home/runner/work/prismTask/prismTask/app/src/main/java/com/averycorp/prismtask/data/calendar/CalendarManager.kt:74:16 'class GoogleSignIn : Any' is deprecated. Deprecated in Java.
2026-04-18T04:36:05.9837215Z w: file:///home/runner/work/prismTask/prismTask/app/src/main/java/com/averycorp/prismtask/data/calendar/CalendarManager.kt:85:28 'class GoogleSignIn : Any' is deprecated. Deprecated in Java.
2026-04-18T04:36:05.9885285Z w: file:///home/runner/work/prismTask/prismTask/app/src/main/java/com/averycorp/prismtask/data/calendar/CalendarManager.kt:121:24 'class GoogleSignIn : Any' is deprecated. Deprecated in Java.
2026-04-18T04:36:05.9902875Z w: file:///home/runner/work/prismTask/prismTask/app/src/main/java/com/averycorp/prismtask/data/calendar/CalendarManager.kt:156:23 'class GoogleSignIn : Any' is deprecated. Deprecated in Java.
2026-04-18T04:36:05.9932829Z w: file:///home/runner/work/prismTask/prismTask/app/src/main/java/com/averycorp/prismtask/data/calendar/CalendarManager.kt:224:23 'class GoogleSignIn : Any' is deprecated. Deprecated in Java.
2026-04-18T04:36:05.9943287Z w: file:///home/runner/work/prismTask/prismTask/app/src/main/java/com/averycorp/prismtask/data/calendar/DefaultCalendarPushDispatcher.kt:28:5 This annotation is currently applied to the value parameter only, but in the future it will also be applied to field.
2026-04-18T04:36:05.9962507Z - To opt in to applying to both value parameter and field, add '-Xannotation-default-target=param-property' to your compiler arguments.
2026-04-18T04:36:05.9992011Z - To keep applying to the value parameter only, use the '@param:' annotation target.
2026-04-18T04:36:06.0021553Z 
2026-04-18T04:36:06.0031976Z See https://youtrack.jetbrains.com/issue/KT-73255 for more details.
2026-04-18T04:36:06.0053526Z w: file:///home/runner/work/prismTask/prismTask/app/src/main/java/com/averycorp/prismtask/data/preferences/A11yPreferences.kt:22:5 This annotation is currently applied to the value parameter only, but in the future it will also be applied to field.
2026-04-18T04:36:06.0082372Z - To opt in to applying to both value parameter and field, add '-Xannotation-default-target=param-property' to your compiler arguments.
2026-04-18T04:36:06.0112071Z - To keep applying to the value parameter only, use the '@param:' annotation target.
2026-04-18T04:36:06.0141588Z 
2026-04-18T04:36:06.0142173Z See https://youtrack.jetbrains.com/issue/KT-73255 for more details.
2026-04-18T04:36:06.0173252Z w: file:///home/runner/work/prismTask/prismTask/app/src/main/java/com/averycorp/prismtask/data/preferences/ArchivePreferences.kt:21:5 This annotation is currently applied to the value parameter only, but in the future it will also be applied to field.
2026-04-18T04:36:06.0202546Z - To opt in to applying to both value parameter and field, add '-Xannotation-default-target=param-property' to your compiler arguments.
2026-04-18T04:36:06.0232132Z - To keep applying to the value parameter only, use the '@param:' annotation target.
2026-04-18T04:36:06.0233006Z 
2026-04-18T04:36:06.0262003Z See https://youtrack.jetbrains.com/issue/KT-73255 for more details.
2026-04-18T04:36:06.0293189Z w: file:///home/runner/work/prismTask/prismTask/app/src/main/java/com/averycorp/prismtask/data/preferences/AuthTokenPreferences.kt:30:5 This annotation is currently applied to the value parameter only, but in the future it will also be applied to field.
2026-04-18T04:36:06.0312697Z - To opt in to applying to both value parameter and field, add '-Xannotation-default-target=param-property' to your compiler arguments.
2026-04-18T04:36:06.0314721Z - To keep applying to the value parameter only, use the '@param:' annotation target.
2026-04-18T04:36:06.0315537Z 
2026-04-18T04:36:06.0316098Z See https://youtrack.jetbrains.com/issue/KT-73255 for more details.
2026-04-18T04:36:06.0318464Z w: file:///home/runner/work/prismTask/prismTask/app/src/main/java/com/averycorp/prismtask/data/preferences/BackendSyncPreferences.kt:29:5 This annotation is currently applied to the value parameter only, but in the future it will also be applied to field.
2026-04-18T04:36:06.0321438Z - To opt in to applying to both value parameter and field, add '-Xannotation-default-target=param-property' to your compiler arguments.
2026-04-18T04:36:06.0323103Z - To keep applying to the value parameter only, use the '@param:' annotation target.
2026-04-18T04:36:06.0351613Z 
2026-04-18T04:36:06.0382058Z See https://youtrack.jetbrains.com/issue/KT-73255 for more details.
2026-04-18T04:36:06.0393648Z w: file:///home/runner/work/prismTask/prismTask/app/src/main/java/com/averycorp/prismtask/data/preferences/CoachingPreferences.kt:30:5 This annotation is currently applied to the value parameter only, but in the future it will also be applied to field.
2026-04-18T04:36:06.0422387Z - To opt in to applying to both value parameter and field, add '-Xannotation-default-target=param-property' to your compiler arguments.
2026-04-18T04:36:06.0442108Z - To keep applying to the value parameter only, use the '@param:' annotation target.
2026-04-18T04:36:06.0471533Z 
2026-04-18T04:36:06.0481961Z See https://youtrack.jetbrains.com/issue/KT-73255 for more details.
2026-04-18T04:36:06.0503300Z w: file:///home/runner/work/prismTask/prismTask/app/src/main/java/com/averycorp/prismtask/data/preferences/DailyEssentialsPreferences.kt:28:5 This annotation is currently applied to the value parameter only, but in the future it will also be applied to field.
2026-04-18T04:36:06.0532468Z - To opt in to applying to both value parameter and field, add '-Xannotation-default-target=param-property' to your compiler arguments.
2026-04-18T04:36:06.0562046Z - To keep applying to the value parameter only, use the '@param:' annotation target.
2026-04-18T04:36:06.0562722Z 
2026-04-18T04:36:06.0592253Z See https://youtrack.jetbrains.com/issue/KT-73255 for more details.
2026-04-18T04:36:06.0623549Z w: file:///home/runner/work/prismTask/prismTask/app/src/main/java/com/averycorp/prismtask/data/preferences/DashboardPreferences.kt:22:5 This annotation is currently applied to the value parameter only, but in the future it will also be applied to field.
2026-04-18T04:36:06.0632500Z - To opt in to applying to both value parameter and field, add '-Xannotation-default-target=param-property' to your compiler arguments.
2026-04-18T04:36:06.0662252Z - To keep applying to the value parameter only, use the '@param:' annotation target.
2026-04-18T04:36:06.0681876Z 
2026-04-18T04:36:06.0712259Z See https://youtrack.jetbrains.com/issue/KT-73255 for more details.
2026-04-18T04:36:06.0723488Z w: file:///home/runner/work/prismTask/prismTask/app/src/main/java/com/averycorp/prismtask/data/preferences/HabitListPreferences.kt:31:5 This annotation is currently applied to the value parameter only, but in the future it will also be applied to field.
2026-04-18T04:36:06.0748187Z - To opt in to applying to both value parameter and field, add '-Xannotation-default-target=param-property' to your compiler arguments.
2026-04-18T04:36:06.0757708Z - To keep applying to the value parameter only, use the '@param:' annotation target.
2026-04-18T04:36:06.0758493Z 
2026-04-18T04:36:06.0759008Z See https://youtrack.jetbrains.com/issue/KT-73255 for more details.
2026-04-18T04:36:06.0760898Z w: file:///home/runner/work/prismTask/prismTask/app/src/main/java/com/averycorp/prismtask/data/preferences/LeisurePreferences.kt:83:5 This annotation is currently applied to the value parameter only, but in the future it will also be applied to field.
2026-04-18T04:36:06.0792571Z - To opt in to applying to both value parameter and field, add '-Xannotation-default-target=param-property' to your compiler arguments.
2026-04-18T04:36:06.0794042Z - To keep applying to the value parameter only, use the '@param:' annotation target.
2026-04-18T04:36:06.0794676Z 
2026-04-18T04:36:06.0795053Z See https://youtrack.jetbrains.com/issue/KT-73255 for more details.
2026-04-18T04:36:06.0797259Z w: file:///home/runner/work/prismTask/prismTask/app/src/main/java/com/averycorp/prismtask/data/preferences/MedicationPreferences.kt:26:5 This annotation is currently applied to the value parameter only, but in the future it will also be applied to field.
2026-04-18T04:36:06.0799886Z - To opt in to applying to both value parameter and field, add '-Xannotation-default-target=param-property' to your compiler arguments.
2026-04-18T04:36:06.0801550Z - To keep applying to the value parameter only, use the '@param:' annotation target.
2026-04-18T04:36:06.0802190Z 
2026-04-18T04:36:06.0802832Z See https://youtrack.jetbrains.com/issue/KT-73255 for more details.
2026-04-18T04:36:06.0805060Z w: file:///home/runner/work/prismTask/prismTask/app/src/main/java/com/averycorp/prismtask/data/preferences/MorningCheckInPreferences.kt:32:5 This annotation is currently applied to the value parameter only, but in the future it will also be applied to field.
2026-04-18T04:36:06.0807744Z - To opt in to applying to both value parameter and field, add '-Xannotation-default-target=param-property' to your compiler arguments.
2026-04-18T04:36:06.0818453Z - To keep applying to the value parameter only, use the '@param:' annotation target.
2026-04-18T04:36:06.0819246Z 
2026-04-18T04:36:06.0819691Z See https://youtrack.jetbrains.com/issue/KT-73255 for more details.
2026-04-18T04:36:06.0822179Z w: file:///home/runner/work/prismTask/prismTask/app/src/main/java/com/averycorp/prismtask/data/preferences/OnboardingPreferences.kt:22:5 This annotation is currently applied to the value parameter only, but in the future it will also be applied to field.
2026-04-18T04:36:06.0824715Z - To opt in to applying to both value parameter and field, add '-Xannotation-default-target=param-property' to your compiler arguments.
2026-04-18T04:36:06.0826050Z - To keep applying to the value parameter only, use the '@param:' annotation target.
2026-04-18T04:36:06.0826629Z 
2026-04-18T04:36:06.0826973Z See https://youtrack.jetbrains.com/issue/KT-73255 for more details.
2026-04-18T04:36:06.0829030Z w: file:///home/runner/work/prismTask/prismTask/app/src/main/java/com/averycorp/prismtask/data/preferences/ProStatusPreferences.kt:22:5 This annotation is currently applied to the value parameter only, but in the future it will also be applied to field.
2026-04-18T04:36:06.0861917Z - To opt in to applying to both value parameter and field, add '-Xannotation-default-target=param-property' to your compiler arguments.
2026-04-18T04:36:06.0863390Z - To keep applying to the value parameter only, use the '@param:' annotation target.
2026-04-18T04:36:06.0864001Z 
2026-04-18T04:36:06.0864416Z See https://youtrack.jetbrains.com/issue/KT-73255 for more details.
2026-04-18T04:36:06.0866678Z w: file:///home/runner/work/prismTask/prismTask/app/src/main/java/com/averycorp/prismtask/data/preferences/ShakePreferences.kt:28:5 This annotation is currently applied to the value parameter only, but in the future it will also be applied to field.
2026-04-18T04:36:06.0869444Z - To opt in to applying to both value parameter and field, add '-Xannotation-default-target=param-property' to your compiler arguments.
2026-04-18T04:36:06.0870874Z - To keep applying to the value parameter only, use the '@param:' annotation target.
2026-04-18T04:36:06.0871797Z 
2026-04-18T04:36:06.0872197Z See https://youtrack.jetbrains.com/issue/KT-73255 for more details.
2026-04-18T04:36:06.0874362Z w: file:///home/runner/work/prismTask/prismTask/app/src/main/java/com/averycorp/prismtask/data/preferences/TabPreferences.kt:22:5 This annotation is currently applied to the value parameter only, but in the future it will also be applied to field.
2026-04-18T04:36:06.0877292Z - To opt in to applying to both value parameter and field, add '-Xannotation-default-target=param-property' to your compiler arguments.
2026-04-18T04:36:06.0878703Z - To keep applying to the value parameter only, use the '@param:' annotation target.
2026-04-18T04:36:06.0879325Z 
2026-04-18T04:36:06.0879714Z See https://youtrack.jetbrains.com/issue/KT-73255 for more details.
2026-04-18T04:36:06.0882206Z w: file:///home/runner/work/prismTask/prismTask/app/src/main/java/com/averycorp/prismtask/data/preferences/TaskBehaviorPreferences.kt:32:5 This annotation is currently applied to the value parameter only, but in the future it will also be applied to field.
2026-04-18T04:36:06.0884887Z - To opt in to applying to both value parameter and field, add '-Xannotation-default-target=param-property' to your compiler arguments.
2026-04-18T04:36:06.0886309Z - To keep applying to the value parameter only, use the '@param:' annotation target.
2026-04-18T04:36:06.0886964Z 
2026-04-18T04:36:06.0887609Z See https://youtrack.jetbrains.com/issue/KT-73255 for more details.
2026-04-18T04:36:06.0889741Z w: file:///home/runner/work/prismTask/prismTask/app/src/main/java/com/averycorp/prismtask/data/preferences/TemplatePreferences.kt:31:5 This annotation is currently applied to the value parameter only, but in the future it will also be applied to field.
2026-04-18T04:36:06.0911495Z - To opt in to applying to both value parameter and field, add '-Xannotation-default-target=param-property' to your compiler arguments.
2026-04-18T04:36:06.0912976Z - To keep applying to the value parameter only, use the '@param:' annotation target.
2026-04-18T04:36:06.0913620Z 
2026-04-18T04:36:06.0914014Z See https://youtrack.jetbrains.com/issue/KT-73255 for more details.
2026-04-18T04:36:06.0916231Z w: file:///home/runner/work/prismTask/prismTask/app/src/main/java/com/averycorp/prismtask/data/preferences/ThemePreferences.kt:22:5 This annotation is currently applied to the value parameter only, but in the future it will also be applied to field.
2026-04-18T04:36:06.0918846Z - To opt in to applying to both value parameter and field, add '-Xannotation-default-target=param-property' to your compiler arguments.
2026-04-18T04:36:06.0920239Z - To keep applying to the value parameter only, use the '@param:' annotation target.
2026-04-18T04:36:06.0920888Z 
2026-04-18T04:36:06.0921523Z See https://youtrack.jetbrains.com/issue/KT-73255 for more details.
2026-04-18T04:36:06.0923705Z w: file:///home/runner/work/prismTask/prismTask/app/src/main/java/com/averycorp/prismtask/data/preferences/TimerPreferences.kt:23:5 This annotation is currently applied to the value parameter only, but in the future it will also be applied to field.
2026-04-18T04:36:06.0926321Z - To opt in to applying to both value parameter and field, add '-Xannotation-default-target=param-property' to your compiler arguments.
2026-04-18T04:36:06.0927742Z - To keep applying to the value parameter only, use the '@param:' annotation target.
2026-04-18T04:36:06.0928373Z 
2026-04-18T04:36:06.0928754Z See https://youtrack.jetbrains.com/issue/KT-73255 for more details.
2026-04-18T04:36:06.0930851Z w: file:///home/runner/work/prismTask/prismTask/app/src/main/java/com/averycorp/prismtask/data/preferences/VoicePreferences.kt:22:5 This annotation is currently applied to the value parameter only, but in the future it will also be applied to field.
2026-04-18T04:36:06.1024104Z - To opt in to applying to both value parameter and field, add '-Xannotation-default-target=param-property' to your compiler arguments.
2026-04-18T04:36:06.1025475Z - To keep applying to the value parameter only, use the '@param:' annotation target.
2026-04-18T04:36:06.1026084Z 
2026-04-18T04:36:06.1026444Z See https://youtrack.jetbrains.com/issue/KT-73255 for more details.
2026-04-18T04:36:06.1028503Z w: file:///home/runner/work/prismTask/prismTask/app/src/main/java/com/averycorp/prismtask/data/remote/AuthManager.kt:30:5 This annotation is currently applied to the value parameter only, but in the future it will also be applied to field.
2026-04-18T04:36:06.1031652Z - To opt in to applying to both value parameter and field, add '-Xannotation-default-target=param-property' to your compiler arguments.
2026-04-18T04:36:06.1032995Z - To keep applying to the value parameter only, use the '@param:' annotation target.
2026-04-18T04:36:06.1033595Z 
2026-04-18T04:36:06.1033945Z See https://youtrack.jetbrains.com/issue/KT-73255 for more details.
2026-04-18T04:36:06.1035650Z w: file:///home/runner/work/prismTask/prismTask/app/src/main/java/com/averycorp/prismtask/data/remote/GoogleDriveService.kt:4:8 'class GoogleSignIn : Any' is deprecated. Deprecated in Java.
2026-04-18T04:36:06.1038576Z w: file:///home/runner/work/prismTask/prismTask/app/src/main/java/com/averycorp/prismtask/data/remote/GoogleDriveService.kt:23:5 This annotation is currently applied to the value parameter only, but in the future it will also be applied to field.
2026-04-18T04:36:06.1041672Z - To opt in to applying to both value parameter and field, add '-Xannotation-default-target=param-property' to your compiler arguments.
2026-04-18T04:36:06.1043142Z - To keep applying to the value parameter only, use the '@param:' annotation target.
2026-04-18T04:36:06.1043754Z 
2026-04-18T04:36:06.1044098Z See https://youtrack.jetbrains.com/issue/KT-73255 for more details.
2026-04-18T04:36:06.1045806Z w: file:///home/runner/work/prismTask/prismTask/app/src/main/java/com/averycorp/prismtask/data/remote/GoogleDriveService.kt:33:23 'class GoogleSignIn : Any' is deprecated. Deprecated in Java.
2026-04-18T04:36:06.1048301Z w: file:///home/runner/work/prismTask/prismTask/app/src/main/java/com/averycorp/prismtask/data/remote/GoogleDriveService.kt:143:34 'class GoogleSignIn : Any' is deprecated. Deprecated in Java.
2026-04-18T04:36:06.1051176Z w: file:///home/runner/work/prismTask/prismTask/app/src/main/java/com/averycorp/prismtask/data/repository/CustomSoundRepository.kt:34:5 This annotation is currently applied to the value parameter only, but in the future it will also be applied to field.
2026-04-18T04:36:06.1114176Z - To opt in to applying to both value parameter and field, add '-Xannotation-default-target=param-property' to your compiler arguments.
2026-04-18T04:36:06.1115626Z - To keep applying to the value parameter only, use the '@param:' annotation target.
2026-04-18T04:36:06.1116268Z 
2026-04-18T04:36:06.1116647Z See https://youtrack.jetbrains.com/issue/KT-73255 for more details.
2026-04-18T04:36:06.1118520Z w: file:///home/runner/work/prismTask/prismTask/app/src/main/java/com/averycorp/prismtask/domain/usecase/NaturalLanguageParser.kt:300:48 Unnecessary safe call on a non-null receiver of type 'LocalDate'.
2026-04-18T04:36:06.1121764Z w: file:///home/runner/work/prismTask/prismTask/app/src/main/java/com/averycorp/prismtask/domain/usecase/ShakeDetector.kt:20:5 This annotation is currently applied to the value parameter only, but in the future it will also be applied to field.
2026-04-18T04:36:06.1124312Z - To opt in to applying to both value parameter and field, add '-Xannotation-default-target=param-property' to your compiler arguments.
2026-04-18T04:36:06.1125713Z - To keep applying to the value parameter only, use the '@param:' annotation target.
2026-04-18T04:36:06.1126344Z 
2026-04-18T04:36:06.1126709Z See https://youtrack.jetbrains.com/issue/KT-73255 for more details.
2026-04-18T04:36:06.1128851Z w: file:///home/runner/work/prismTask/prismTask/app/src/main/java/com/averycorp/prismtask/domain/usecase/TextToSpeechManager.kt:20:5 This annotation is currently applied to the value parameter only, but in the future it will also be applied to field.
2026-04-18T04:36:06.1131606Z - To opt in to applying to both value parameter and field, add '-Xannotation-default-target=param-property' to your compiler arguments.
2026-04-18T04:36:06.1133022Z - To keep applying to the value parameter only, use the '@param:' annotation target.
2026-04-18T04:36:06.1133652Z 
2026-04-18T04:36:06.1134012Z See https://youtrack.jetbrains.com/issue/KT-73255 for more details.
2026-04-18T04:36:06.1136530Z w: file:///home/runner/work/prismTask/prismTask/app/src/main/java/com/averycorp/prismtask/domain/usecase/VoiceInputManager.kt:35:5 This annotation is currently applied to the value parameter only, but in the future it will also be applied to field.
2026-04-18T04:36:06.1139128Z - To opt in to applying to both value parameter and field, add '-Xannotation-default-target=param-property' to your compiler arguments.
2026-04-18T04:36:06.1140532Z - To keep applying to the value parameter only, use the '@param:' annotation target.
2026-04-18T04:36:06.1141172Z 
2026-04-18T04:36:06.1201945Z See https://youtrack.jetbrains.com/issue/KT-73255 for more details.
2026-04-18T04:36:06.1204218Z w: file:///home/runner/work/prismTask/prismTask/app/src/main/java/com/averycorp/prismtask/notifications/EscalationScheduler.kt:29:5 This annotation is currently applied to the value parameter only, but in the future it will also be applied to field.
2026-04-18T04:36:06.1207179Z - To opt in to applying to both value parameter and field, add '-Xannotation-default-target=param-property' to your compiler arguments.
2026-04-18T04:36:06.1208695Z - To keep applying to the value parameter only, use the '@param:' annotation target.
2026-04-18T04:36:06.1209353Z 
2026-04-18T04:36:06.1209749Z See https://youtrack.jetbrains.com/issue/KT-73255 for more details.
2026-04-18T04:36:06.1212253Z w: file:///home/runner/work/prismTask/prismTask/app/src/main/java/com/averycorp/prismtask/notifications/MedicationReminderScheduler.kt:32:5 This annotation is currently applied to the value parameter only, but in the future it will also be applied to field.
2026-04-18T04:36:06.1215015Z - To opt in to applying to both value parameter and field, add '-Xannotation-default-target=param-property' to your compiler arguments.
2026-04-18T04:36:06.1216476Z - To keep applying to the value parameter only, use the '@param:' annotation target.
2026-04-18T04:36:06.1217141Z 
2026-04-18T04:36:06.1217530Z See https://youtrack.jetbrains.com/issue/KT-73255 for more details.
2026-04-18T04:36:06.1219751Z w: file:///home/runner/work/prismTask/prismTask/app/src/main/java/com/averycorp/prismtask/notifications/NotificationTester.kt:28:5 This annotation is currently applied to the value parameter only, but in the future it will also be applied to field.
2026-04-18T04:36:06.1222637Z - To opt in to applying to both value parameter and field, add '-Xannotation-default-target=param-property' to your compiler arguments.
2026-04-18T04:36:06.1224056Z - To keep applying to the value parameter only, use the '@param:' annotation target.
2026-04-18T04:36:06.1224716Z 
2026-04-18T04:36:06.1225178Z See https://youtrack.jetbrains.com/issue/KT-73255 for more details.
2026-04-18T04:36:06.1227378Z w: file:///home/runner/work/prismTask/prismTask/app/src/main/java/com/averycorp/prismtask/notifications/ReminderScheduler.kt:21:5 This annotation is currently applied to the value parameter only, but in the future it will also be applied to field.
2026-04-18T04:36:06.1230050Z - To opt in to applying to both value parameter and field, add '-Xannotation-default-target=param-property' to your compiler arguments.
2026-04-18T04:36:06.1291878Z - To keep applying to the value parameter only, use the '@param:' annotation target.
2026-04-18T04:36:06.1292598Z 
2026-04-18T04:36:06.1293020Z See https://youtrack.jetbrains.com/issue/KT-73255 for more details.
2026-04-18T04:36:06.1295277Z w: file:///home/runner/work/prismTask/prismTask/app/src/main/java/com/averycorp/prismtask/ui/screens/feedback/BugReportViewModel.kt:50:5 This annotation is currently applied to the value parameter only, but in the future it will also be applied to field.
2026-04-18T04:36:06.1297903Z - To opt in to applying to both value parameter and field, add '-Xannotation-default-target=param-property' to your compiler arguments.
2026-04-18T04:36:06.1299380Z - To keep applying to the value parameter only, use the '@param:' annotation target.
2026-04-18T04:36:06.1300040Z 
2026-04-18T04:36:06.1300441Z See https://youtrack.jetbrains.com/issue/KT-73255 for more details.
2026-04-18T04:36:06.1303156Z w: file:///home/runner/work/prismTask/prismTask/app/src/main/java/com/averycorp/prismtask/ui/screens/habits/HabitListViewModel.kt:162:32 Unchecked cast of 'Any?' to 'List<SelfCareStepEntity>'.
2026-04-18T04:36:06.1305903Z w: file:///home/runner/work/prismTask/prismTask/app/src/main/java/com/averycorp/prismtask/ui/screens/habits/HabitListViewModel.kt:163:32 Unchecked cast of 'Any?' to 'List<SelfCareStepEntity>'.
2026-04-18T04:36:06.1308636Z w: file:///home/runner/work/prismTask/prismTask/app/src/main/java/com/averycorp/prismtask/ui/screens/habits/HabitListViewModel.kt:164:34 Unchecked cast of 'Any?' to 'List<SelfCareStepEntity>'.
2026-04-18T04:36:06.1311604Z w: file:///home/runner/work/prismTask/prismTask/app/src/main/java/com/averycorp/prismtask/ui/screens/habits/HabitListViewModel.kt:171:34 Unchecked cast of 'Any?' to 'List<SelfCareStepEntity>'.
2026-04-18T04:36:06.1314908Z w: file:///home/runner/work/prismTask/prismTask/app/src/main/java/com/averycorp/prismtask/ui/screens/pomodoro/SmartPomodoroViewModel.kt:82:5 This annotation is currently applied to the value parameter only, but in the future it will also be applied to field.
2026-04-18T04:36:06.1317649Z - To opt in to applying to both value parameter and field, add '-Xannotation-default-target=param-property' to your compiler arguments.
2026-04-18T04:36:06.1319043Z - To keep applying to the value parameter only, use the '@param:' annotation target.
2026-04-18T04:36:06.1319658Z 
2026-04-18T04:36:06.1320024Z See https://youtrack.jetbrains.com/issue/KT-73255 for more details.
2026-04-18T04:36:06.1382524Z w: file:///home/runner/work/prismTask/prismTask/app/src/main/java/com/averycorp/prismtask/ui/screens/schoolwork/SyllabusViewModel.kt:30:5 This annotation is currently applied to the value parameter only, but in the future it will also be applied to field.
2026-04-18T04:36:06.1385196Z - To opt in to applying to both value parameter and field, add '-Xannotation-default-target=param-property' to your compiler arguments.
2026-04-18T04:36:06.1386589Z - To keep applying to the value parameter only, use the '@param:' annotation target.
2026-04-18T04:36:06.1387188Z 
2026-04-18T04:36:06.1387554Z See https://youtrack.jetbrains.com/issue/KT-73255 for more details.
2026-04-18T04:36:06.1389662Z w: file:///home/runner/work/prismTask/prismTask/app/src/main/java/com/averycorp/prismtask/ui/screens/settings/SettingsViewModel.kt:70:5 This annotation is currently applied to the value parameter only, but in the future it will also be applied to field.
2026-04-18T04:36:06.1392364Z - To opt in to applying to both value parameter and field, add '-Xannotation-default-target=param-property' to your compiler arguments.
2026-04-18T04:36:06.1393699Z - To keep applying to the value parameter only, use the '@param:' annotation target.
2026-04-18T04:36:06.1394323Z 
2026-04-18T04:36:06.1394677Z See https://youtrack.jetbrains.com/issue/KT-73255 for more details.
2026-04-18T04:36:06.1397004Z w: file:///home/runner/work/prismTask/prismTask/app/src/main/java/com/averycorp/prismtask/ui/screens/tasklist/TaskListScreen.kt:468:55 'val Icons.Filled.FormatListBulleted: ImageVector' is deprecated. Use the AutoMirrored version at Icons.AutoMirrored.Filled.FormatListBulleted.
2026-04-18T04:36:06.1400684Z w: file:///home/runner/work/prismTask/prismTask/app/src/main/java/com/averycorp/prismtask/ui/screens/templates/TemplatePickerSheet.kt:236:35 'val Icons.Filled.OpenInNew: ImageVector' is deprecated. Use the AutoMirrored version at Icons.AutoMirrored.Filled.OpenInNew.
2026-04-18T04:36:06.1404264Z w: file:///home/runner/work/prismTask/prismTask/app/src/main/java/com/averycorp/prismtask/ui/screens/timer/TimerViewModel.kt:43:5 This annotation is currently applied to the value parameter only, but in the future it will also be applied to field.
2026-04-18T04:36:06.1406716Z - To opt in to applying to both value parameter and field, add '-Xannotation-default-target=param-property' to your compiler arguments.
2026-04-18T04:36:06.1408086Z - To keep applying to the value parameter only, use the '@param:' annotation target.
2026-04-18T04:36:06.1409038Z 
2026-04-18T04:36:06.1409392Z See https://youtrack.jetbrains.com/issue/KT-73255 for more details.
2026-04-18T04:36:06.1472309Z w: file:///home/runner/work/prismTask/prismTask/app/src/main/java/com/averycorp/prismtask/ui/screens/today/TodayScreen.kt:832:9 'fun AlertDialog(onDismissRequest: () -> Unit, modifier: Modifier = ..., properties: DialogProperties = ..., content: ComposableFunction0<Unit>): Unit' is deprecated. Use BasicAlertDialog instead.
2026-04-18T04:36:06.1476207Z w: file:///home/runner/work/prismTask/prismTask/app/src/main/java/com/averycorp/prismtask/widget/WidgetUpdateManager.kt:26:5 This annotation is currently applied to the value parameter only, but in the future it will also be applied to field.
2026-04-18T04:36:06.1478732Z - To opt in to applying to both value parameter and field, add '-Xannotation-default-target=param-property' to your compiler arguments.
2026-04-18T04:36:06.1480133Z - To keep applying to the value parameter only, use the '@param:' annotation target.
2026-04-18T04:36:06.1481056Z 
2026-04-18T04:36:06.1481637Z See https://youtrack.jetbrains.com/issue/KT-73255 for more details.
2026-04-18T04:36:06.1483722Z w: file:///home/runner/work/prismTask/prismTask/app/src/main/java/com/averycorp/prismtask/workers/CalendarSyncScheduler.kt:33:5 This annotation is currently applied to the value parameter only, but in the future it will also be applied to field.
2026-04-18T04:36:06.1486272Z - To opt in to applying to both value parameter and field, add '-Xannotation-default-target=param-property' to your compiler arguments.
2026-04-18T04:36:06.1487679Z - To keep applying to the value parameter only, use the '@param:' annotation target.
2026-04-18T04:36:06.1488313Z 
2026-04-18T04:36:06.1488672Z See https://youtrack.jetbrains.com/issue/KT-73255 for more details.
2026-04-18T04:36:14.8506054Z 
2026-04-18T04:36:14.8515412Z > Task :app:compileDebugJavaWithJavac
2026-04-18T04:36:14.8516186Z > Task :app:hiltSyncDebug
2026-04-18T04:36:15.6498769Z > Task :app:hiltAggregateDepsDebug
2026-04-18T04:36:16.3512446Z > Task :app:generateDebugLintReportModel
2026-04-18T04:36:21.1504742Z > Task :app:hiltJavaCompileDebug
2026-04-18T04:36:21.5499390Z > Task :app:bundleDebugClassesToCompileJar
2026-04-18T04:36:21.8499384Z > Task :app:generateDebugAndroidTestLintModel
2026-04-18T04:36:21.9498747Z > Task :app:generateDebugUnitTestLintModel
2026-04-18T04:36:51.1506943Z > Task :app:lintAnalyzeDebug
2026-04-18T04:36:51.9512437Z > Task :app:lintAnalyzeDebugAndroidTest
2026-04-18T04:36:52.0502100Z > Task :app:lintAnalyzeDebugUnitTest
2026-04-18T04:38:52.5512102Z 
2026-04-18T04:38:52.5524278Z > Task :app:lintReportDebug
2026-04-18T04:38:52.5572481Z Wrote HTML report to file:///home/runner/work/prismTask/prismTask/app/build/reports/lint-results-debug.html
2026-04-18T04:38:52.5595453Z 
2026-04-18T04:38:52.5621851Z > Task :app:lintDebug
2026-04-18T04:38:52.5624988Z > Task :app:lint
2026-04-18T04:38:52.5656257Z gradle/actions: Writing build results to /home/runner/work/_temp/.gradle-actions/build-results/__run_3-1776486843280.json
2026-04-18T04:38:52.5671977Z 
2026-04-18T04:38:52.5695871Z [Incubating] Problems report is available at: file:///home/runner/work/prismTask/prismTask/build/reports/problems/problems-report.html
2026-04-18T04:38:52.5703563Z 
2026-04-18T04:38:52.5704218Z Deprecated Gradle features were used in this build, making it incompatible with Gradle 10.
2026-04-18T04:38:52.5705106Z 
2026-04-18T04:38:52.5706054Z You can use '--warning-mode all' to show the individual deprecation warnings and determine if they come from your own scripts or plugins.
2026-04-18T04:38:52.5707224Z 
2026-04-18T04:38:52.5708335Z For more on this, please refer to https://docs.gradle.org/9.3.1/userguide/command_line_interface.html#sec:command_line_warnings in the Gradle documentation.
2026-04-18T04:38:52.5709614Z 
2026-04-18T04:38:52.5709976Z BUILD SUCCESSFUL in 4m 49s
2026-04-18T04:38:52.5710673Z 36 actionable tasks: 24 executed, 12 from cache
2026-04-18T04:38:52.5775315Z ##[group]Run set -euo pipefail
2026-04-18T04:38:52.5776232Z [36;1mset -euo pipefail[0m
2026-04-18T04:38:52.5776690Z [36;1mshopt -s globstar nullglob[0m
2026-04-18T04:38:52.5777244Z [36;1mxmls=(app/build/test-results/**/*.xml)[0m
2026-04-18T04:38:52.5777801Z [36;1mif [ ${#xmls[@]} -eq 0 ]; then[0m
2026-04-18T04:38:52.5778642Z [36;1m  echo "::error::No JUnit XML results found under app/build/test-results/. Did the test task run?"[0m
2026-04-18T04:38:52.5779506Z [36;1m  exit 1[0m
2026-04-18T04:38:52.5779868Z [36;1mfi[0m
2026-04-18T04:38:52.5780208Z [36;1mfailed=0[0m
2026-04-18T04:38:52.5780585Z [36;1mfor f in "${xmls[@]}"; do[0m
2026-04-18T04:38:52.5781587Z [36;1m  fails=$(grep -oE 'failures="[0-9]+"' "$f" | head -n1 | grep -oE '[0-9]+' || echo 0)[0m
2026-04-18T04:38:52.5782565Z [36;1m  errs=$(grep -oE 'errors="[0-9]+"' "$f" | head -n1 | grep -oE '[0-9]+' || echo 0)[0m
2026-04-18T04:38:52.5783441Z [36;1m  if [ "${fails:-0}" -gt 0 ] || [ "${errs:-0}" -gt 0 ]; then[0m
2026-04-18T04:38:52.5784218Z [36;1m    echo "::error file=${f}::${fails} failure(s), ${errs} error(s) in ${f}"[0m
2026-04-18T04:38:52.5784944Z [36;1m    failed=$((failed + fails + errs))[0m
2026-04-18T04:38:52.5785442Z [36;1m  fi[0m
2026-04-18T04:38:52.5785784Z [36;1mdone[0m
2026-04-18T04:38:52.5786139Z [36;1mif [ "$failed" -gt 0 ]; then[0m
2026-04-18T04:38:52.5787068Z [36;1m  echo "::error::${failed} unit-test failure(s)/error(s) detected. See annotations and the test-results artifact."[0m
2026-04-18T04:38:52.5787999Z [36;1m  exit 1[0m
2026-04-18T04:38:52.5788346Z [36;1mfi[0m
2026-04-18T04:38:52.5788790Z [36;1mecho "All ${#xmls[@]} JUnit XML reports clean."[0m
2026-04-18T04:38:52.5818792Z shell: /usr/bin/bash --noprofile --norc -e -o pipefail {0}
2026-04-18T04:38:52.5819391Z env:
2026-04-18T04:38:52.5819942Z   JAVA_HOME: /opt/hostedtoolcache/Java_Temurin-Hotspot_jdk/21.0.10-7/x64
2026-04-18T04:38:52.5820839Z   JAVA_HOME_21_X64: /opt/hostedtoolcache/Java_Temurin-Hotspot_jdk/21.0.10-7/x64
2026-04-18T04:38:52.5821825Z   GRADLE_ACTION_ID: gradle/actions/setup-gradle
2026-04-18T04:38:52.5822394Z   GRADLE_USER_HOME: /home/runner/.gradle
2026-04-18T04:38:52.5822930Z   GRADLE_BUILD_ACTION_SETUP_COMPLETED: true
2026-04-18T04:38:52.5823474Z   GRADLE_BUILD_ACTION_CACHE_RESTORED: true
2026-04-18T04:38:52.5824278Z   DEVELOCITY_INJECTION_INIT_SCRIPT_NAME: gradle-actions.inject-develocity.init.gradle
2026-04-18T04:38:52.5825149Z   DEVELOCITY_INJECTION_CUSTOM_VALUE: gradle-actions
2026-04-18T04:38:52.5825733Z   GITHUB_DEPENDENCY_GRAPH_ENABLED: false
2026-04-18T04:38:52.5826223Z ##[endgroup]
2026-04-18T04:38:52.5905330Z ##[error]No JUnit XML results found under app/build/test-results/. Did the test task run?
2026-04-18T04:38:52.5908319Z ##[error]Process completed with exit code 1.
2026-04-18T04:38:52.5968863Z ##[group]Run actions/upload-artifact@v4
2026-04-18T04:38:52.5969199Z with:
2026-04-18T04:38:52.5969409Z   name: lint-report
2026-04-18T04:38:52.5969696Z   path: app/build/reports/lint-results-debug.html
2026-04-18T04:38:52.5970275Z   retention-days: 7
2026-04-18T04:38:52.5970674Z   if-no-files-found: warn
2026-04-18T04:38:52.5971095Z   compression-level: 6
2026-04-18T04:38:52.5971772Z   overwrite: false
2026-04-18T04:38:52.5972130Z   include-hidden-files: false
2026-04-18T04:38:52.5985201Z env:
2026-04-18T04:38:52.5985969Z   JAVA_HOME: /opt/hostedtoolcache/Java_Temurin-Hotspot_jdk/21.0.10-7/x64
2026-04-18T04:38:52.5986942Z   JAVA_HOME_21_X64: /opt/hostedtoolcache/Java_Temurin-Hotspot_jdk/21.0.10-7/x64
2026-04-18T04:38:52.5987769Z   GRADLE_ACTION_ID: gradle/actions/setup-gradle
2026-04-18T04:38:52.5988330Z   GRADLE_USER_HOME: /home/runner/.gradle
2026-04-18T04:38:52.5988883Z   GRADLE_BUILD_ACTION_SETUP_COMPLETED: true
2026-04-18T04:38:52.5989455Z   GRADLE_BUILD_ACTION_CACHE_RESTORED: true
2026-04-18T04:38:52.5990065Z   DEVELOCITY_INJECTION_INIT_SCRIPT_NAME: gradle-actions.inject-develocity.init.gradle
2026-04-18T04:38:52.5990610Z   DEVELOCITY_INJECTION_CUSTOM_VALUE: gradle-actions
2026-04-18T04:38:52.5990964Z   GITHUB_DEPENDENCY_GRAPH_ENABLED: false
2026-04-18T04:38:52.5991698Z ##[endgroup]
2026-04-18T04:38:52.8892160Z With the provided path, there will be 1 file uploaded
2026-04-18T04:38:52.8899772Z Artifact name is valid!
2026-04-18T04:38:52.8901503Z Root directory input is valid!
2026-04-18T04:38:53.0153530Z Beginning upload of artifact content to blob storage
2026-04-18T04:38:53.1036712Z Uploaded bytes 43500
2026-04-18T04:38:53.1219877Z Finished uploading artifact content to blob storage!
2026-04-18T04:38:53.1223924Z SHA256 digest of uploaded artifact zip is eacb4c94b589c0c2748a093a1a40f92845cc9beb1c0a3b87b19ea01c7f0170c4
2026-04-18T04:38:53.1225654Z Finalizing artifact upload
2026-04-18T04:38:53.2238892Z Artifact lint-report.zip successfully finalized. Artifact ID 6508638010
2026-04-18T04:38:53.2240092Z Artifact lint-report has been successfully uploaded! Final size is 43500 bytes. Artifact ID is 6508638010
2026-04-18T04:38:53.2249277Z Artifact download URL: https://github.com/akarlin3/prismTask/actions/runs/24596957321/artifacts/6508638010
2026-04-18T04:38:53.2372270Z ##[group]Run actions/upload-artifact@v4
2026-04-18T04:38:53.2372607Z with:
2026-04-18T04:38:53.2372827Z   name: detekt-report
2026-04-18T04:38:53.2373082Z   path: app/build/reports/detekt/
2026-04-18T04:38:53.2373369Z   retention-days: 7
2026-04-18T04:38:53.2373605Z   if-no-files-found: warn
2026-04-18T04:38:53.2373864Z   compression-level: 6
2026-04-18T04:38:53.2374108Z   overwrite: false
2026-04-18T04:38:53.2374342Z   include-hidden-files: false
2026-04-18T04:38:53.2374608Z env:
2026-04-18T04:38:53.2374938Z   JAVA_HOME: /opt/hostedtoolcache/Java_Temurin-Hotspot_jdk/21.0.10-7/x64
2026-04-18T04:38:53.2375489Z   JAVA_HOME_21_X64: /opt/hostedtoolcache/Java_Temurin-Hotspot_jdk/21.0.10-7/x64
2026-04-18T04:38:53.2375950Z   GRADLE_ACTION_ID: gradle/actions/setup-gradle
2026-04-18T04:38:53.2376292Z   GRADLE_USER_HOME: /home/runner/.gradle
2026-04-18T04:38:53.2376608Z   GRADLE_BUILD_ACTION_SETUP_COMPLETED: true
2026-04-18T04:38:53.2376936Z   GRADLE_BUILD_ACTION_CACHE_RESTORED: true
2026-04-18T04:38:53.2377465Z   DEVELOCITY_INJECTION_INIT_SCRIPT_NAME: gradle-actions.inject-develocity.init.gradle
2026-04-18T04:38:53.2377993Z   DEVELOCITY_INJECTION_CUSTOM_VALUE: gradle-actions
2026-04-18T04:38:53.2378338Z   GITHUB_DEPENDENCY_GRAPH_ENABLED: false
2026-04-18T04:38:53.2378635Z ##[endgroup]
2026-04-18T04:38:53.4513097Z With the provided path, there will be 2 files uploaded
2026-04-18T04:38:53.4518427Z Artifact name is valid!
2026-04-18T04:38:53.4519445Z Root directory input is valid!
2026-04-18T04:38:53.5666807Z Beginning upload of artifact content to blob storage
2026-04-18T04:38:53.6314312Z Uploaded bytes 5441
2026-04-18T04:38:53.6487315Z Finished uploading artifact content to blob storage!
2026-04-18T04:38:53.6491030Z SHA256 digest of uploaded artifact zip is 1a45c7fb39c801985825753b70b1086cd586a8aab44bb879b7cbdb4d12b390d0
2026-04-18T04:38:53.6492944Z Finalizing artifact upload
2026-04-18T04:38:53.7549302Z Artifact detekt-report.zip successfully finalized. Artifact ID 6508638071
2026-04-18T04:38:53.7550610Z Artifact detekt-report has been successfully uploaded! Final size is 5441 bytes. Artifact ID is 6508638071
2026-04-18T04:38:53.7557844Z Artifact download URL: https://github.com/akarlin3/prismTask/actions/runs/24596957321/artifacts/6508638071
2026-04-18T04:38:53.7670014Z ##[group]Run actions/upload-artifact@v4
2026-04-18T04:38:53.7670354Z with:
2026-04-18T04:38:53.7670569Z   name: test-results
2026-04-18T04:38:53.7670855Z   path: app/build/test-results/
2026-04-18T04:38:53.7671134Z   retention-days: 7
2026-04-18T04:38:53.7671683Z   if-no-files-found: warn
2026-04-18T04:38:53.7671954Z   compression-level: 6
2026-04-18T04:38:53.7672200Z   overwrite: false
2026-04-18T04:38:53.7672439Z   include-hidden-files: false
2026-04-18T04:38:53.7672707Z env:
2026-04-18T04:38:53.7673039Z   JAVA_HOME: /opt/hostedtoolcache/Java_Temurin-Hotspot_jdk/21.0.10-7/x64
2026-04-18T04:38:53.7673580Z   JAVA_HOME_21_X64: /opt/hostedtoolcache/Java_Temurin-Hotspot_jdk/21.0.10-7/x64
2026-04-18T04:38:53.7674044Z   GRADLE_ACTION_ID: gradle/actions/setup-gradle
2026-04-18T04:38:53.7674577Z   GRADLE_USER_HOME: /home/runner/.gradle
2026-04-18T04:38:53.7674903Z   GRADLE_BUILD_ACTION_SETUP_COMPLETED: true
2026-04-18T04:38:53.7675232Z   GRADLE_BUILD_ACTION_CACHE_RESTORED: true
2026-04-18T04:38:53.7675752Z   DEVELOCITY_INJECTION_INIT_SCRIPT_NAME: gradle-actions.inject-develocity.init.gradle
2026-04-18T04:38:53.7676281Z   DEVELOCITY_INJECTION_CUSTOM_VALUE: gradle-actions
2026-04-18T04:38:53.7676631Z   GITHUB_DEPENDENCY_GRAPH_ENABLED: false
2026-04-18T04:38:53.7676935Z ##[endgroup]
2026-04-18T04:38:53.9753274Z ##[warning]No files were found with the provided path: app/build/test-results/. No artifacts will be uploaded.
2026-04-18T04:38:53.9878280Z Post job cleanup.
2026-04-18T04:38:53.9987479Z Post job cleanup.
2026-04-18T04:38:54.3020024Z In post-action step
2026-04-18T04:38:54.3041590Z ##[group]Stopping Gradle daemons
2026-04-18T04:38:54.3043210Z Stopping Gradle daemons for /home/runner/.gradle/wrapper/dists/gradle-9.3.1-bin/23ovyewtku6u96viwx3xl3oks/gradle-9.3.1
2026-04-18T04:38:54.3062125Z [command]/home/runner/.gradle/wrapper/dists/gradle-9.3.1-bin/23ovyewtku6u96viwx3xl3oks/gradle-9.3.1/bin/gradle --stop
2026-04-18T04:38:55.0012891Z Stopping Daemon(s)
2026-04-18T04:38:55.0032217Z 1 Daemon stopped
2026-04-18T04:38:55.0195062Z ##[endgroup]
2026-04-18T04:38:55.0195857Z Not performing cache-cleanup due to build failure
2026-04-18T04:38:55.0232796Z ##[group]Caching Gradle state
2026-04-18T04:38:56.7232873Z [command]/usr/bin/tar --posix -cf cache.tzst --exclude cache.tzst -P -C /home/runner/work/prismTask/prismTask --files-from manifest.txt --use-compress-program zstdmt
2026-04-18T04:38:57.1622254Z Sent 181312 of 181312 (100.0%), 1.8 MBs/sec
2026-04-18T04:38:57.2923523Z Saved cache entry with key gradle-kotlin-dsl-v1-480db02c338146a39fb11ac4c9a416a6 from /home/runner/.gradle/caches/*/kotlin-dsl/accessors/*/,/home/runner/.gradle/caches/*/kotlin-dsl/scripts/*/ in 731ms
2026-04-18T04:38:59.1821638Z [command]/usr/bin/tar --posix -cf cache.tzst --exclude cache.tzst -P -C /home/runner/work/prismTask/prismTask --files-from manifest.txt --use-compress-program zstdmt
2026-04-18T04:39:02.1472383Z Sent 237739177 of 237739177 (100.0%), 282.3 MBs/sec
2026-04-18T04:39:02.3072001Z Saved cache entry with key gradle-transforms-v1-d6f0529bdb2d5e3e6d91ba90e5d47495 from /home/runner/.gradle/caches/transforms-4/*/,/home/runner/.gradle/caches/*/transforms/*/ in 4100ms
2026-04-18T04:39:03.4760797Z [command]/usr/bin/tar --posix -cf cache.tzst --exclude cache.tzst -P -C /home/runner/work/prismTask/prismTask --files-from manifest.txt --use-compress-program zstdmt
2026-04-18T04:39:05.1632534Z Sent 205368374 of 272477238 (75.4%), 195.7 MBs/sec
2026-04-18T04:39:05.1911266Z Sent 272477238 of 272477238 (100.0%), 252.8 MBs/sec
2026-04-18T04:39:05.3056418Z Saved cache entry with key gradle-home-v1|Linux-X64|lint-and-test[5df42585ae8f8da228c604b8b4e8707c]-292fa41c817c2c144bc491a7156d12a4cfb61612 from /home/runner/.gradle/caches,/home/runner/.gradle/notifications,/home/runner/.gradle/.setup-gradle in 1838ms
2026-04-18T04:39:05.3059160Z ##[endgroup]
2026-04-18T04:39:05.3065269Z Generating Job Summary
2026-04-18T04:39:05.3080111Z Completed post-action step
2026-04-18T04:39:05.3290718Z Post job cleanup.
2026-04-18T04:39:05.5083599Z Post job cleanup.
2026-04-18T04:39:05.6096726Z [command]/usr/bin/git version
2026-04-18T04:39:05.6132266Z git version 2.53.0
2026-04-18T04:39:05.6191221Z Temporarily overriding HOME='/home/runner/work/_temp/0ca0365f-b9c7-45aa-ac01-e0a6cce8bc3b' before making global git config changes
2026-04-18T04:39:05.6193013Z Adding repository directory to the temporary git global config as a safe directory
2026-04-18T04:39:05.6205476Z [command]/usr/bin/git config --global --add safe.directory /home/runner/work/prismTask/prismTask
2026-04-18T04:39:05.6242728Z [command]/usr/bin/git config --local --name-only --get-regexp core\.sshCommand
2026-04-18T04:39:05.6275233Z [command]/usr/bin/git submodule foreach --recursive sh -c "git config --local --name-only --get-regexp 'core\.sshCommand' && git config --local --unset-all 'core.sshCommand' || :"
2026-04-18T04:39:05.6508279Z [command]/usr/bin/git config --local --name-only --get-regexp http\.https\:\/\/github\.com\/\.extraheader
2026-04-18T04:39:05.6533438Z http.https://github.com/.extraheader
2026-04-18T04:39:05.6546721Z [command]/usr/bin/git config --local --unset-all http.https://github.com/.extraheader
2026-04-18T04:39:05.6577892Z [command]/usr/bin/git submodule foreach --recursive sh -c "git config --local --name-only --get-regexp 'http\.https\:\/\/github\.com\/\.extraheader' && git config --local --unset-all 'http.https://github.com/.extraheader' || :"
2026-04-18T04:39:05.6803790Z [command]/usr/bin/git config --local --name-only --get-regexp ^includeIf\.gitdir:
2026-04-18T04:39:05.6834495Z [command]/usr/bin/git submodule foreach --recursive git config --local --show-origin --name-only --get-regexp remote.origin.url
2026-04-18T04:39:05.7168888Z Cleaning up orphan processes
2026-04-18T04:39:05.7496501Z ##[warning]Node.js 20 actions are deprecated. The following actions are running on Node.js 20 and may not work as expected: actions/checkout@v4, actions/setup-java@v4, actions/upload-artifact@v4, gradle/actions/setup-gradle@v4. Actions will be forced to run with Node.js 24 by default starting June 2nd, 2026. Node.js 20 will be removed from the runner on September 16th, 2026. Please check if updated versions of these actions are available that support Node.js 24. To opt into Node.js 24 now, set the FORCE_JAVASCRIPT_ACTIONS_TO_NODE24=true environment variable on the runner or in your workflow file. Once Node.js 24 becomes the default, you can temporarily opt out by setting ACTIONS_ALLOW_USE_UNSECURE_NODE_VERSION=true. For more information see: https://github.blog/changelog/2025-09-19-deprecation-of-node-20-on-github-actions-runners/
