=== CI FAILURE ===
Workflow:      Android CI
Workflow file: akarlin3/prismTask/.github/workflows/android-ci.yml@refs/pull/707/merge
Job(s):        lint-and-test
Run ID:        24820311371
Run attempt:   1
Run URL:       https://github.com/akarlin3/prismTask/actions/runs/24820311371
Commit:        3434483ae37caa752f23af7ecf76cb7183c86957
Branch:        707/merge
Event:         pull_request
Actor:         akarlin3
Runner OS:     Linux
Timestamp:     2026-04-23T06:27:46.531Z

Failed steps:
  - lint-and-test: #2 Run actions/checkout@v4 | #5 detekt | #6 Android lint | #8 Verify unit-test results (XML) | #9 Post failure details to PR

=== FAILED JOB LOG ===

--- Job: lint-and-test (id 72643722661) ---
2026-04-23T06:27:02.6066070Z Current runner version: '2.333.1'
2026-04-23T06:27:02.6092385Z ##[group]Runner Image Provisioner
2026-04-23T06:27:02.6093339Z Hosted Compute Agent
2026-04-23T06:27:02.6093899Z Version: 20260415.520
2026-04-23T06:27:02.6094524Z Commit: af089020f5f67b61ccc91db6c07980876c02bf7b
2026-04-23T06:27:02.6095267Z Build Date: 2026-04-15T18:07:08Z
2026-04-23T06:27:02.6095915Z Worker ID: {438688b3-1e6b-4c2f-95b3-d7b2a282ea79}
2026-04-23T06:27:02.6096539Z Azure Region: westus
2026-04-23T06:27:02.6097149Z ##[endgroup]
2026-04-23T06:27:02.6098572Z ##[group]Operating System
2026-04-23T06:27:02.6099579Z Ubuntu
2026-04-23T06:27:02.6100124Z 24.04.4
2026-04-23T06:27:02.6100601Z LTS
2026-04-23T06:27:02.6101018Z ##[endgroup]
2026-04-23T06:27:02.6101573Z ##[group]Runner Image
2026-04-23T06:27:02.6102140Z Image: ubuntu-24.04
2026-04-23T06:27:02.6102607Z Version: 20260420.95.1
2026-04-23T06:27:02.6103802Z Included Software: https://github.com/actions/runner-images/blob/ubuntu24/20260420.95/images/ubuntu/Ubuntu2404-Readme.md
2026-04-23T06:27:02.6105242Z Image Release: https://github.com/actions/runner-images/releases/tag/ubuntu24%2F20260420.95
2026-04-23T06:27:02.6106193Z ##[endgroup]
2026-04-23T06:27:02.6107436Z ##[group]GITHUB_TOKEN Permissions
2026-04-23T06:27:02.6109742Z Actions: read
2026-04-23T06:27:02.6110413Z Checks: read
2026-04-23T06:27:02.6110884Z Contents: write
2026-04-23T06:27:02.6111412Z Metadata: read
2026-04-23T06:27:02.6111939Z PullRequests: read
2026-04-23T06:27:02.6112487Z ##[endgroup]
2026-04-23T06:27:02.6114690Z Secret source: Actions
2026-04-23T06:27:02.6115468Z Prepare workflow directory
2026-04-23T06:27:02.6452142Z Prepare all required actions
2026-04-23T06:27:02.6510953Z Getting action download info
2026-04-23T06:27:03.1530676Z Download action repository 'actions/checkout@v4' (SHA:34e114876b0b11c390a56381ad16ebd13914f8d5)
2026-04-23T06:27:03.2987778Z Download action repository 'actions/github-script@v7' (SHA:f28e40c7f34bde8b3046d885e986cb6290c5673b)
2026-04-23T06:27:03.8436905Z Download action repository 'actions/upload-artifact@v4' (SHA:ea165f8d65b6e75b540449e92b4886f43607fa02)
2026-04-23T06:27:04.0921968Z Complete job name: lint-and-test
2026-04-23T06:27:04.1831609Z ##[group]Run actions/checkout@v4
2026-04-23T06:27:04.1832861Z with:
2026-04-23T06:27:04.1833548Z   ref: fix/batchundo-sweep-test
2026-04-23T06:27:04.1834436Z   repository: akarlin3/prismTask
2026-04-23T06:27:04.1835628Z   token: ***
2026-04-23T06:27:04.1836276Z   ssh-strict: true
2026-04-23T06:27:04.1836959Z   ssh-user: git
2026-04-23T06:27:04.1837647Z   persist-credentials: true
2026-04-23T06:27:04.1838445Z   clean: true
2026-04-23T06:27:04.1839348Z   sparse-checkout-cone-mode: true
2026-04-23T06:27:04.1840216Z   fetch-depth: 1
2026-04-23T06:27:04.1840888Z   fetch-tags: false
2026-04-23T06:27:04.1841594Z   show-progress: true
2026-04-23T06:27:04.1842315Z   lfs: false
2026-04-23T06:27:04.1842940Z   submodules: false
2026-04-23T06:27:04.1843643Z   set-safe-directory: true
2026-04-23T06:27:04.1844752Z ##[endgroup]
2026-04-23T06:27:04.2961314Z Syncing repository: akarlin3/prismTask
2026-04-23T06:27:04.2963817Z ##[group]Getting Git version info
2026-04-23T06:27:04.2965110Z Working directory is '/home/runner/work/prismTask/prismTask'
2026-04-23T06:27:04.2966802Z [command]/usr/bin/git version
2026-04-23T06:27:04.3038205Z git version 2.53.0
2026-04-23T06:27:04.3066520Z ##[endgroup]
2026-04-23T06:27:04.3081402Z Temporarily overriding HOME='/home/runner/work/_temp/b71efde3-9644-4368-b3e2-3aece417c74d' before making global git config changes
2026-04-23T06:27:04.3086543Z Adding repository directory to the temporary git global config as a safe directory
2026-04-23T06:27:04.3088924Z [command]/usr/bin/git config --global --add safe.directory /home/runner/work/prismTask/prismTask
2026-04-23T06:27:04.3149903Z Deleting the contents of '/home/runner/work/prismTask/prismTask'
2026-04-23T06:27:04.3153540Z ##[group]Initializing the repository
2026-04-23T06:27:04.3158686Z [command]/usr/bin/git init /home/runner/work/prismTask/prismTask
2026-04-23T06:27:04.3279725Z hint: Using 'master' as the name for the initial branch. This default branch name
2026-04-23T06:27:04.3283458Z hint: will change to "main" in Git 3.0. To configure the initial branch name
2026-04-23T06:27:04.3286524Z hint: to use in all of your new repositories, which will suppress this warning,
2026-04-23T06:27:04.3289109Z hint: call:
2026-04-23T06:27:04.3290174Z hint:
2026-04-23T06:27:04.3291511Z hint: 	git config --global init.defaultBranch <name>
2026-04-23T06:27:04.3293353Z hint:
2026-04-23T06:27:04.3295150Z hint: Names commonly chosen instead of 'master' are 'main', 'trunk' and
2026-04-23T06:27:04.3298061Z hint: 'development'. The just-created branch can be renamed via this command:
2026-04-23T06:27:04.3300512Z hint:
2026-04-23T06:27:04.3301580Z hint: 	git branch -m <name>
2026-04-23T06:27:04.3302923Z hint:
2026-04-23T06:27:04.3304029Z hint: Disable this message with "git config set advice.defaultBranchName false"
2026-04-23T06:27:04.3305859Z Initialized empty Git repository in /home/runner/work/prismTask/prismTask/.git/
2026-04-23T06:27:04.3309978Z [command]/usr/bin/git remote add origin https://github.com/akarlin3/prismTask
2026-04-23T06:27:04.3350011Z ##[endgroup]
2026-04-23T06:27:04.3351633Z ##[group]Disabling automatic garbage collection
2026-04-23T06:27:04.3353508Z [command]/usr/bin/git config --local gc.auto 0
2026-04-23T06:27:04.3383259Z ##[endgroup]
2026-04-23T06:27:04.3384435Z ##[group]Setting up auth
2026-04-23T06:27:04.3389524Z [command]/usr/bin/git config --local --name-only --get-regexp core\.sshCommand
2026-04-23T06:27:04.3419937Z [command]/usr/bin/git submodule foreach --recursive sh -c "git config --local --name-only --get-regexp 'core\.sshCommand' && git config --local --unset-all 'core.sshCommand' || :"
2026-04-23T06:27:04.3792013Z [command]/usr/bin/git config --local --name-only --get-regexp http\.https\:\/\/github\.com\/\.extraheader
2026-04-23T06:27:04.3822477Z [command]/usr/bin/git submodule foreach --recursive sh -c "git config --local --name-only --get-regexp 'http\.https\:\/\/github\.com\/\.extraheader' && git config --local --unset-all 'http.https://github.com/.extraheader' || :"
2026-04-23T06:27:04.4049716Z [command]/usr/bin/git config --local --name-only --get-regexp ^includeIf\.gitdir:
2026-04-23T06:27:04.4079376Z [command]/usr/bin/git submodule foreach --recursive git config --local --show-origin --name-only --get-regexp remote.origin.url
2026-04-23T06:27:04.4305423Z [command]/usr/bin/git config --local http.https://github.com/.extraheader AUTHORIZATION: basic ***
2026-04-23T06:27:04.4340929Z ##[endgroup]
2026-04-23T06:27:04.4342290Z ##[group]Fetching the repository
2026-04-23T06:27:04.4351948Z [command]/usr/bin/git -c protocol.version=2 fetch --no-tags --prune --no-recurse-submodules --depth=1 origin +refs/heads/fix/batchundo-sweep-test*:refs/remotes/origin/fix/batchundo-sweep-test* +refs/tags/fix/batchundo-sweep-test*:refs/tags/fix/batchundo-sweep-test*
2026-04-23T06:27:04.8033565Z The process '/usr/bin/git' failed with exit code 1
2026-04-23T06:27:04.8035012Z Waiting 10 seconds before trying again
2026-04-23T06:27:14.8053529Z [command]/usr/bin/git -c protocol.version=2 fetch --no-tags --prune --no-recurse-submodules --depth=1 origin +refs/heads/fix/batchundo-sweep-test*:refs/remotes/origin/fix/batchundo-sweep-test* +refs/tags/fix/batchundo-sweep-test*:refs/tags/fix/batchundo-sweep-test*
2026-04-23T06:27:15.1651451Z The process '/usr/bin/git' failed with exit code 1
2026-04-23T06:27:15.1652278Z Waiting 17 seconds before trying again
2026-04-23T06:27:32.1734213Z [command]/usr/bin/git -c protocol.version=2 fetch --no-tags --prune --no-recurse-submodules --depth=1 origin +refs/heads/fix/batchundo-sweep-test*:refs/remotes/origin/fix/batchundo-sweep-test* +refs/tags/fix/batchundo-sweep-test*:refs/tags/fix/batchundo-sweep-test*
2026-04-23T06:27:32.5395869Z ##[error]The process '/usr/bin/git' failed with exit code 1
2026-04-23T06:27:32.5626328Z ##[group]Run ./gradlew detekt --continue
2026-04-23T06:27:32.5626774Z [36;1m./gradlew detekt --continue[0m
2026-04-23T06:27:32.5746434Z shell: /usr/bin/bash -e {0}
2026-04-23T06:27:32.5747092Z ##[endgroup]
2026-04-23T06:27:32.5853255Z /home/runner/work/_temp/7502552e-f242-4bfc-a7da-684fcede5e34.sh: line 1: ./gradlew: No such file or directory
2026-04-23T06:27:32.5861014Z ##[error]Process completed with exit code 127.
2026-04-23T06:27:32.5898380Z ##[group]Run ./gradlew lint --continue
2026-04-23T06:27:32.5898983Z [36;1m./gradlew lint --continue[0m
2026-04-23T06:27:32.5957390Z shell: /usr/bin/bash -e {0}
2026-04-23T06:27:32.5957688Z ##[endgroup]
2026-04-23T06:27:32.6040134Z /home/runner/work/_temp/01a18189-c2ce-4242-86da-09b831d4a54a.sh: line 1: ./gradlew: No such file or directory
2026-04-23T06:27:32.6044670Z ##[error]Process completed with exit code 127.
2026-04-23T06:27:32.6083986Z ##[group]Run set -euo pipefail
2026-04-23T06:27:32.6084348Z [36;1mset -euo pipefail[0m
2026-04-23T06:27:32.6084625Z [36;1mshopt -s globstar nullglob[0m
2026-04-23T06:27:32.6084956Z [36;1mxmls=(app/build/test-results/**/*.xml)[0m
2026-04-23T06:27:32.6085283Z [36;1mif [ ${#xmls[@]} -eq 0 ]; then[0m
2026-04-23T06:27:32.6085796Z [36;1m  echo "::error::No JUnit XML results found under app/build/test-results/. Did the test task run?"[0m
2026-04-23T06:27:32.6086261Z [36;1m  exit 1[0m
2026-04-23T06:27:32.6086474Z [36;1mfi[0m
2026-04-23T06:27:32.6086672Z [36;1mfailed=0[0m
2026-04-23T06:27:32.6086906Z [36;1mfor f in "${xmls[@]}"; do[0m
2026-04-23T06:27:32.6087327Z [36;1m  fails=$(grep -oE 'failures="[0-9]+"' "$f" | head -n1 | grep -oE '[0-9]+' || echo 0)[0m
2026-04-23T06:27:32.6087852Z [36;1m  errs=$(grep -oE 'errors="[0-9]+"' "$f" | head -n1 | grep -oE '[0-9]+' || echo 0)[0m
2026-04-23T06:27:32.6088348Z [36;1m  if [ "${fails:-0}" -gt 0 ] || [ "${errs:-0}" -gt 0 ]; then[0m
2026-04-23T06:27:32.6089144Z [36;1m    echo "::error file=${f}::${fails} failure(s), ${errs} error(s) in ${f}"[0m
2026-04-23T06:27:32.6089610Z [36;1m    failed=$((failed + fails + errs))[0m
2026-04-23T06:27:32.6089910Z [36;1m  fi[0m
2026-04-23T06:27:32.6090108Z [36;1mdone[0m
2026-04-23T06:27:32.6090349Z [36;1mif [ "$failed" -gt 0 ]; then[0m
2026-04-23T06:27:32.6090864Z [36;1m  echo "::error::${failed} unit-test failure(s)/error(s) detected. See annotations and the test-results artifact."[0m
2026-04-23T06:27:32.6091386Z [36;1m  exit 1[0m
2026-04-23T06:27:32.6091587Z [36;1mfi[0m
2026-04-23T06:27:32.6091851Z [36;1mecho "All ${#xmls[@]} JUnit XML reports clean."[0m
2026-04-23T06:27:32.6155478Z shell: /usr/bin/bash --noprofile --norc -e -o pipefail {0}
2026-04-23T06:27:32.6155860Z ##[endgroup]
2026-04-23T06:27:32.6241576Z ##[error]No JUnit XML results found under app/build/test-results/. Did the test task run?
2026-04-23T06:27:32.6243941Z ##[error]Process completed with exit code 1.
2026-04-23T06:27:32.6333979Z ##[group]Run actions/github-script@v7
2026-04-23T06:27:32.6334303Z with:
2026-04-23T06:27:32.6336882Z   script: const fs = require('fs');
let body = '### CI Unit Test Failure\n\n';
try {
  const raw = fs.readFileSync('unit-test-output.log', 'utf8');
  const lines = raw.split('\n');
  const errorLines = lines.filter(l =>
    /\be:\b|FAILED|Compilation error|Unresolved reference|not abstract|does not implement/.test(l)
  );
  const tail = lines.slice(-30).join('\n');
  const errors = errorLines.length > 0
    ? errorLines.join('\n')
    : 'No specific error lines matched. Last 30 lines shown.';
  body += '**Error lines:**\n```\n' + errors.slice(0, 2000) + '\n```\n';
  body += '\n**Build tail:**\n```\n' + tail.slice(0, 2000) + '\n```';
} catch (e) {
  body += 'Could not read unit-test-output.log: ' + e.message;
}
await github.rest.issues.createComment({
  owner: context.repo.owner,
  repo: context.repo.repo,
  issue_number: context.issue.number,
  body
});

2026-04-23T06:27:32.6340071Z   github-token: ***
2026-04-23T06:27:32.6340309Z   debug: false
2026-04-23T06:27:32.6340543Z   user-agent: actions/github-script
2026-04-23T06:27:32.6340819Z   result-encoding: json
2026-04-23T06:27:32.6341049Z   retries: 0
2026-04-23T06:27:32.6341285Z   retry-exempt-status-codes: 400,401,403,404,422
2026-04-23T06:27:32.6341783Z ##[endgroup]
2026-04-23T06:27:33.0362124Z RequestError [HttpError]: Resource not accessible by integration
2026-04-23T06:27:33.0362889Z     at /home/runner/work/_actions/actions/github-script/v7/dist/index.js:9537:21
2026-04-23T06:27:33.0363710Z     at process.processTicksAndRejections (node:internal/process/task_queues:95:5)
2026-04-23T06:27:33.0364747Z     at async eval (eval at callAsyncFunction (/home/runner/work/_actions/actions/github-script/v7/dist/index.js:36187:16), <anonymous>:20:1)
2026-04-23T06:27:33.0365798Z     at async main (/home/runner/work/_actions/actions/github-script/v7/dist/index.js:36285:20) {
2026-04-23T06:27:33.0366387Z   status: 403,
2026-04-23T06:27:33.0366665Z   response: {
2026-04-23T06:27:33.0367232Z     url: 'https://api.github.com/repos/akarlin3/prismTask/issues/707/comments',
2026-04-23T06:27:33.0367874Z     status: 403,
2026-04-23T06:27:33.0368184Z     headers: {
2026-04-23T06:27:33.0368545Z       'access-control-allow-origin': '*',
2026-04-23T06:27:33.0371101Z       'access-control-expose-headers': 'ETag, Link, Location, Retry-After, X-GitHub-OTP, X-RateLimit-Limit, X-RateLimit-Remaining, X-RateLimit-Used, X-RateLimit-Resource, X-RateLimit-Reset, X-OAuth-Scopes, X-Accepted-OAuth-Scopes, X-Poll-Interval, X-GitHub-Media-Type, X-GitHub-SSO, X-GitHub-Request-Id, Deprecation, Sunset',
2026-04-23T06:27:33.0373363Z       'content-encoding': 'gzip',
2026-04-23T06:27:33.0373867Z       'content-security-policy': "default-src 'none'",
2026-04-23T06:27:33.0374473Z       'content-type': 'application/json; charset=utf-8',
2026-04-23T06:27:33.0375004Z       date: 'Thu, 23 Apr 2026 06:27:32 GMT',
2026-04-23T06:27:33.0375704Z       'referrer-policy': 'origin-when-cross-origin, strict-origin-when-cross-origin',
2026-04-23T06:27:33.0376424Z       server: 'github.com',
2026-04-23T06:27:33.0377117Z       'strict-transport-security': 'max-age=31536000; includeSubdomains; preload',
2026-04-23T06:27:33.0377820Z       'transfer-encoding': 'chunked',
2026-04-23T06:27:33.0378326Z       vary: 'Accept-Encoding, Accept, X-Requested-With',
2026-04-23T06:27:33.0379245Z       'x-accepted-github-permissions': 'issues=write; pull_requests=write',
2026-04-23T06:27:33.0379890Z       'x-content-type-options': 'nosniff',
2026-04-23T06:27:33.0380404Z       'x-frame-options': 'deny',
2026-04-23T06:27:33.0380928Z       'x-github-api-version-selected': '2022-11-28',
2026-04-23T06:27:33.0381494Z       'x-github-media-type': 'github.v3; format=json',
2026-04-23T06:27:33.0382107Z       'x-github-request-id': '4818:1AB4AD:C8F4E:CC0CA:69E9BBD4',
2026-04-23T06:27:33.0382650Z       'x-ratelimit-limit': '5000',
2026-04-23T06:27:33.0383077Z       'x-ratelimit-remaining': '4932',
2026-04-23T06:27:33.0383992Z       'x-ratelimit-reset': '1776925802',
2026-04-23T06:27:33.0384454Z       'x-ratelimit-resource': 'core',
2026-04-23T06:27:33.0384887Z       'x-ratelimit-used': '68',
2026-04-23T06:27:33.0385291Z       'x-xss-protection': '0'
2026-04-23T06:27:33.0385641Z     },
2026-04-23T06:27:33.0385910Z     data: {
2026-04-23T06:27:33.0386291Z       message: 'Resource not accessible by integration',
2026-04-23T06:27:33.0387118Z       documentation_url: 'https://docs.github.com/rest/issues/comments#create-an-issue-comment',
2026-04-23T06:27:33.0387882Z       status: '403'
2026-04-23T06:27:33.0388186Z     }
2026-04-23T06:27:33.0388448Z   },
2026-04-23T06:27:33.0388715Z   request: {
2026-04-23T06:27:33.0389247Z     method: 'POST',
2026-04-23T06:27:33.0389806Z     url: 'https://api.github.com/repos/akarlin3/prismTask/issues/707/comments',
2026-04-23T06:27:33.0390443Z     headers: {
2026-04-23T06:27:33.0390815Z       accept: 'application/vnd.github.v3+json',
2026-04-23T06:27:33.0391611Z       'user-agent': 'actions/github-script octokit-core.js/5.0.1 Node.js/20.20.1 (linux; x64)',
2026-04-23T06:27:33.0392371Z       authorization: 'token [REDACTED]',
2026-04-23T06:27:33.0392917Z       'content-type': 'application/json; charset=utf-8'
2026-04-23T06:27:33.0393438Z     },
2026-04-23T06:27:33.0394382Z     body: `{"body":"### CI Unit Test Failure\\n\\nCould not read unit-test-output.log: ENOENT: no such file or directory, open 'unit-test-output.log'"}`,
2026-04-23T06:27:33.0395739Z     request: {
2026-04-23T06:27:33.0396057Z       agent: [Agent],
2026-04-23T06:27:33.0396454Z       fetch: [Function: proxyFetch],
2026-04-23T06:27:33.0397025Z       hook: [Function: bound bound register]
2026-04-23T06:27:33.0397462Z     }
2026-04-23T06:27:33.0397732Z   }
2026-04-23T06:27:33.0397995Z }
2026-04-23T06:27:33.0399854Z ##[error]Unhandled error: HttpError: Resource not accessible by integration
2026-04-23T06:27:33.1099945Z ##[group]Run actions/upload-artifact@v4
2026-04-23T06:27:33.1100251Z with:
2026-04-23T06:27:33.1100435Z   name: lint-report
2026-04-23T06:27:33.1100667Z   path: app/build/reports/lint-results-debug.html
2026-04-23T06:27:33.1100953Z   retention-days: 7
2026-04-23T06:27:33.1101149Z   if-no-files-found: warn
2026-04-23T06:27:33.1101355Z   compression-level: 6
2026-04-23T06:27:33.1101574Z   overwrite: false
2026-04-23T06:27:33.1101830Z   include-hidden-files: false
2026-04-23T06:27:33.1102055Z ##[endgroup]
2026-04-23T06:27:33.3244850Z ##[warning]No files were found with the provided path: app/build/reports/lint-results-debug.html. No artifacts will be uploaded.
2026-04-23T06:27:33.3374808Z ##[group]Run actions/upload-artifact@v4
2026-04-23T06:27:33.3375085Z with:
2026-04-23T06:27:33.3375260Z   name: detekt-report
2026-04-23T06:27:33.3375465Z   path: app/build/reports/detekt/
2026-04-23T06:27:33.3375692Z   retention-days: 7
2026-04-23T06:27:33.3375883Z   if-no-files-found: warn
2026-04-23T06:27:33.3376084Z   compression-level: 6
2026-04-23T06:27:33.3376275Z   overwrite: false
2026-04-23T06:27:33.3376458Z   include-hidden-files: false
2026-04-23T06:27:33.3376668Z ##[endgroup]
2026-04-23T06:27:33.5517702Z ##[warning]No files were found with the provided path: app/build/reports/detekt/. No artifacts will be uploaded.
2026-04-23T06:27:33.5674901Z ##[group]Run actions/upload-artifact@v4
2026-04-23T06:27:33.5675167Z with:
2026-04-23T06:27:33.5675336Z   name: test-results
2026-04-23T06:27:33.5675552Z   path: app/build/test-results/
2026-04-23T06:27:33.5675779Z   retention-days: 7
2026-04-23T06:27:33.5675973Z   if-no-files-found: warn
2026-04-23T06:27:33.5676175Z   compression-level: 6
2026-04-23T06:27:33.5676367Z   overwrite: false
2026-04-23T06:27:33.5676552Z   include-hidden-files: false
2026-04-23T06:27:33.5676766Z ##[endgroup]
2026-04-23T06:27:33.7828271Z ##[warning]No files were found with the provided path: app/build/test-results/. No artifacts will be uploaded.
2026-04-23T06:27:33.7994331Z Post job cleanup.
2026-04-23T06:27:33.8947548Z [command]/usr/bin/git version
2026-04-23T06:27:33.8991019Z git version 2.53.0
2026-04-23T06:27:33.9035748Z Temporarily overriding HOME='/home/runner/work/_temp/97a840e1-de0e-42e4-b4bd-4736338dc808' before making global git config changes
2026-04-23T06:27:33.9037076Z Adding repository directory to the temporary git global config as a safe directory
2026-04-23T06:27:33.9042281Z [command]/usr/bin/git config --global --add safe.directory /home/runner/work/prismTask/prismTask
2026-04-23T06:27:33.9076619Z [command]/usr/bin/git config --local --name-only --get-regexp core\.sshCommand
2026-04-23T06:27:33.9108986Z [command]/usr/bin/git submodule foreach --recursive sh -c "git config --local --name-only --get-regexp 'core\.sshCommand' && git config --local --unset-all 'core.sshCommand' || :"
2026-04-23T06:27:33.9329766Z [command]/usr/bin/git config --local --name-only --get-regexp http\.https\:\/\/github\.com\/\.extraheader
2026-04-23T06:27:33.9351087Z http.https://github.com/.extraheader
2026-04-23T06:27:33.9363285Z [command]/usr/bin/git config --local --unset-all http.https://github.com/.extraheader
2026-04-23T06:27:33.9395170Z [command]/usr/bin/git submodule foreach --recursive sh -c "git config --local --name-only --get-regexp 'http\.https\:\/\/github\.com\/\.extraheader' && git config --local --unset-all 'http.https://github.com/.extraheader' || :"
2026-04-23T06:27:33.9616041Z [command]/usr/bin/git config --local --name-only --get-regexp ^includeIf\.gitdir:
2026-04-23T06:27:33.9648537Z [command]/usr/bin/git submodule foreach --recursive git config --local --show-origin --name-only --get-regexp remote.origin.url
2026-04-23T06:27:34.0025016Z Cleaning up orphan processes
2026-04-23T06:27:34.0285775Z ##[warning]Node.js 20 actions are deprecated. The following actions are running on Node.js 20 and may not work as expected: actions/checkout@v4, actions/github-script@v7, actions/upload-artifact@v4. Actions will be forced to run with Node.js 24 by default starting June 2nd, 2026. Node.js 20 will be removed from the runner on September 16th, 2026. Please check if updated versions of these actions are available that support Node.js 24. To opt into Node.js 24 now, set the FORCE_JAVASCRIPT_ACTIONS_TO_NODE24=true environment variable on the runner or in your workflow file. Once Node.js 24 becomes the default, you can temporarily opt out by setting ACTIONS_ALLOW_USE_UNSECURE_NODE_VERSION=true. For more information see: https://github.blog/changelog/2025-09-19-deprecation-of-node-20-on-github-actions-runners/
