=== CI FAILURE ===
Workflow:      Android CI
Workflow file: akarlin3/prismTask/.github/workflows/android-ci.yml@refs/pull/770/merge
Job(s):        lint-and-test
Run ID:        24922854031
Run attempt:   1
Run URL:       https://github.com/akarlin3/prismTask/actions/runs/24922854031
Commit:        96c33356e932cd523038f162147b41943ea1eff7
Branch:        770/merge
Event:         pull_request
Actor:         akarlin3
Runner OS:     Linux
Timestamp:     2026-04-25T04:46:08.495Z

Failed steps:
  - lint-and-test: #2 Run actions/checkout@v4

=== FAILED JOB LOG ===

--- Job: lint-and-test (id 72987513193) ---
2026-04-25T04:45:34.5887786Z Current runner version: '2.333.1'
2026-04-25T04:45:34.5912843Z ##[group]Runner Image Provisioner
2026-04-25T04:45:34.5913652Z Hosted Compute Agent
2026-04-25T04:45:34.5914290Z Version: 20260213.493
2026-04-25T04:45:34.5914869Z Commit: 5c115507f6dd24b8de37d8bbe0bb4509d0cc0fa3
2026-04-25T04:45:34.5915521Z Build Date: 2026-02-13T00:28:41Z
2026-04-25T04:45:34.5916568Z Worker ID: {04fc87bf-80fb-4b52-b36a-92b533d5a85b}
2026-04-25T04:45:34.5917257Z Azure Region: northcentralus
2026-04-25T04:45:34.5917857Z ##[endgroup]
2026-04-25T04:45:34.5919398Z ##[group]Operating System
2026-04-25T04:45:34.5920000Z Ubuntu
2026-04-25T04:45:34.5920418Z 24.04.4
2026-04-25T04:45:34.5920995Z LTS
2026-04-25T04:45:34.5921460Z ##[endgroup]
2026-04-25T04:45:34.5921942Z ##[group]Runner Image
2026-04-25T04:45:34.5922509Z Image: ubuntu-24.04
2026-04-25T04:45:34.5922981Z Version: 20260413.86.1
2026-04-25T04:45:34.5924131Z Included Software: https://github.com/actions/runner-images/blob/ubuntu24/20260413.86/images/ubuntu/Ubuntu2404-Readme.md
2026-04-25T04:45:34.5925698Z Image Release: https://github.com/actions/runner-images/releases/tag/ubuntu24%2F20260413.86
2026-04-25T04:45:34.5926996Z ##[endgroup]
2026-04-25T04:45:34.5928538Z ##[group]GITHUB_TOKEN Permissions
2026-04-25T04:45:34.5930906Z Actions: read
2026-04-25T04:45:34.5931437Z Checks: read
2026-04-25T04:45:34.5931989Z Contents: write
2026-04-25T04:45:34.5932514Z Metadata: read
2026-04-25T04:45:34.5932996Z PullRequests: read
2026-04-25T04:45:34.5933528Z ##[endgroup]
2026-04-25T04:45:34.5935782Z Secret source: Actions
2026-04-25T04:45:34.5936910Z Prepare workflow directory
2026-04-25T04:45:34.6330395Z Prepare all required actions
2026-04-25T04:45:34.6370877Z Getting action download info
2026-04-25T04:45:35.0139052Z Download action repository 'actions/checkout@v4' (SHA:34e114876b0b11c390a56381ad16ebd13914f8d5)
2026-04-25T04:45:35.1353779Z Download action repository 'dorny/paths-filter@v3' (SHA:d1c1ffe0248fe513906c8e24db8ea791d46f8590)
2026-04-25T04:45:35.4608919Z Download action repository 'actions/github-script@v7' (SHA:f28e40c7f34bde8b3046d885e986cb6290c5673b)
2026-04-25T04:45:35.7945388Z Download action repository 'actions/upload-artifact@v4' (SHA:ea165f8d65b6e75b540449e92b4886f43607fa02)
2026-04-25T04:45:36.0095211Z Complete job name: lint-and-test
2026-04-25T04:45:36.0886494Z ##[group]Run actions/checkout@v4
2026-04-25T04:45:36.0887393Z with:
2026-04-25T04:45:36.0887795Z   ref: feat/template-migration-infra
2026-04-25T04:45:36.0888311Z   repository: akarlin3/prismTask
2026-04-25T04:45:36.0888971Z   token: ***
2026-04-25T04:45:36.0889342Z   ssh-strict: true
2026-04-25T04:45:36.0889707Z   ssh-user: git
2026-04-25T04:45:36.0890095Z   persist-credentials: true
2026-04-25T04:45:36.0890528Z   clean: true
2026-04-25T04:45:36.0890913Z   sparse-checkout-cone-mode: true
2026-04-25T04:45:36.0891387Z   fetch-depth: 1
2026-04-25T04:45:36.0891758Z   fetch-tags: false
2026-04-25T04:45:36.0892146Z   show-progress: true
2026-04-25T04:45:36.0892546Z   lfs: false
2026-04-25T04:45:36.0892903Z   submodules: false
2026-04-25T04:45:36.0893372Z   set-safe-directory: true
2026-04-25T04:45:36.0894067Z ##[endgroup]
2026-04-25T04:45:36.2032455Z Syncing repository: akarlin3/prismTask
2026-04-25T04:45:36.2034285Z ##[group]Getting Git version info
2026-04-25T04:45:36.2035095Z Working directory is '/home/runner/work/prismTask/prismTask'
2026-04-25T04:45:36.2036391Z [command]/usr/bin/git version
2026-04-25T04:45:36.2080666Z git version 2.53.0
2026-04-25T04:45:36.2108013Z ##[endgroup]
2026-04-25T04:45:36.2121869Z Temporarily overriding HOME='/home/runner/work/_temp/1ae7742a-a1f1-4a59-8345-1361368c4996' before making global git config changes
2026-04-25T04:45:36.2127668Z Adding repository directory to the temporary git global config as a safe directory
2026-04-25T04:45:36.2129014Z [command]/usr/bin/git config --global --add safe.directory /home/runner/work/prismTask/prismTask
2026-04-25T04:45:36.2160038Z Deleting the contents of '/home/runner/work/prismTask/prismTask'
2026-04-25T04:45:36.2163378Z ##[group]Initializing the repository
2026-04-25T04:45:36.2167782Z [command]/usr/bin/git init /home/runner/work/prismTask/prismTask
2026-04-25T04:45:36.2252105Z hint: Using 'master' as the name for the initial branch. This default branch name
2026-04-25T04:45:36.2253977Z hint: will change to "main" in Git 3.0. To configure the initial branch name
2026-04-25T04:45:36.2255681Z hint: to use in all of your new repositories, which will suppress this warning,
2026-04-25T04:45:36.2257399Z hint: call:
2026-04-25T04:45:36.2258052Z hint:
2026-04-25T04:45:36.2258945Z hint: 	git config --global init.defaultBranch <name>
2026-04-25T04:45:36.2260041Z hint:
2026-04-25T04:45:36.2260983Z hint: Names commonly chosen instead of 'master' are 'main', 'trunk' and
2026-04-25T04:45:36.2262517Z hint: 'development'. The just-created branch can be renamed via this command:
2026-04-25T04:45:36.2263793Z hint:
2026-04-25T04:45:36.2264480Z hint: 	git branch -m <name>
2026-04-25T04:45:36.2265268Z hint:
2026-04-25T04:45:36.2266685Z hint: Disable this message with "git config set advice.defaultBranchName false"
2026-04-25T04:45:36.2268499Z Initialized empty Git repository in /home/runner/work/prismTask/prismTask/.git/
2026-04-25T04:45:36.2271125Z [command]/usr/bin/git remote add origin https://github.com/akarlin3/prismTask
2026-04-25T04:45:36.2297808Z ##[endgroup]
2026-04-25T04:45:36.2299024Z ##[group]Disabling automatic garbage collection
2026-04-25T04:45:36.2302625Z [command]/usr/bin/git config --local gc.auto 0
2026-04-25T04:45:36.2332110Z ##[endgroup]
2026-04-25T04:45:36.2333345Z ##[group]Setting up auth
2026-04-25T04:45:36.2340175Z [command]/usr/bin/git config --local --name-only --get-regexp core\.sshCommand
2026-04-25T04:45:36.2371873Z [command]/usr/bin/git submodule foreach --recursive sh -c "git config --local --name-only --get-regexp 'core\.sshCommand' && git config --local --unset-all 'core.sshCommand' || :"
2026-04-25T04:45:36.2651920Z [command]/usr/bin/git config --local --name-only --get-regexp http\.https\:\/\/github\.com\/\.extraheader
2026-04-25T04:45:36.2683644Z [command]/usr/bin/git submodule foreach --recursive sh -c "git config --local --name-only --get-regexp 'http\.https\:\/\/github\.com\/\.extraheader' && git config --local --unset-all 'http.https://github.com/.extraheader' || :"
2026-04-25T04:45:36.2902252Z [command]/usr/bin/git config --local --name-only --get-regexp ^includeIf\.gitdir:
2026-04-25T04:45:36.2931351Z [command]/usr/bin/git submodule foreach --recursive git config --local --show-origin --name-only --get-regexp remote.origin.url
2026-04-25T04:45:36.3155183Z [command]/usr/bin/git config --local http.https://github.com/.extraheader AUTHORIZATION: basic ***
2026-04-25T04:45:36.3254912Z ##[endgroup]
2026-04-25T04:45:36.3256201Z ##[group]Fetching the repository
2026-04-25T04:45:36.3258621Z [command]/usr/bin/git -c protocol.version=2 fetch --no-tags --prune --no-recurse-submodules --depth=1 origin +refs/heads/feat/template-migration-infra*:refs/remotes/origin/feat/template-migration-infra* +refs/tags/feat/template-migration-infra*:refs/tags/feat/template-migration-infra*
2026-04-25T04:45:36.5539230Z The process '/usr/bin/git' failed with exit code 1
2026-04-25T04:45:36.5541911Z Waiting 10 seconds before trying again
2026-04-25T04:45:46.5560164Z [command]/usr/bin/git -c protocol.version=2 fetch --no-tags --prune --no-recurse-submodules --depth=1 origin +refs/heads/feat/template-migration-infra*:refs/remotes/origin/feat/template-migration-infra* +refs/tags/feat/template-migration-infra*:refs/tags/feat/template-migration-infra*
2026-04-25T04:45:46.7783188Z The process '/usr/bin/git' failed with exit code 1
2026-04-25T04:45:46.7784064Z Waiting 11 seconds before trying again
2026-04-25T04:45:57.7796462Z [command]/usr/bin/git -c protocol.version=2 fetch --no-tags --prune --no-recurse-submodules --depth=1 origin +refs/heads/feat/template-migration-infra*:refs/remotes/origin/feat/template-migration-infra* +refs/tags/feat/template-migration-infra*:refs/tags/feat/template-migration-infra*
2026-04-25T04:45:58.0027480Z ##[error]The process '/usr/bin/git' failed with exit code 1
2026-04-25T04:45:58.0330330Z Post job cleanup.
2026-04-25T04:45:58.1288871Z [command]/usr/bin/git version
2026-04-25T04:45:58.1325427Z git version 2.53.0
2026-04-25T04:45:58.1377321Z Temporarily overriding HOME='/home/runner/work/_temp/0c5cea7a-94a5-45aa-82bf-74918ae5acb6' before making global git config changes
2026-04-25T04:45:58.1378187Z Adding repository directory to the temporary git global config as a safe directory
2026-04-25T04:45:58.1384697Z [command]/usr/bin/git config --global --add safe.directory /home/runner/work/prismTask/prismTask
2026-04-25T04:45:58.1421852Z [command]/usr/bin/git config --local --name-only --get-regexp core\.sshCommand
2026-04-25T04:45:58.1455469Z [command]/usr/bin/git submodule foreach --recursive sh -c "git config --local --name-only --get-regexp 'core\.sshCommand' && git config --local --unset-all 'core.sshCommand' || :"
2026-04-25T04:45:58.1682482Z [command]/usr/bin/git config --local --name-only --get-regexp http\.https\:\/\/github\.com\/\.extraheader
2026-04-25T04:45:58.1703697Z http.https://github.com/.extraheader
2026-04-25T04:45:58.1716631Z [command]/usr/bin/git config --local --unset-all http.https://github.com/.extraheader
2026-04-25T04:45:58.1747445Z [command]/usr/bin/git submodule foreach --recursive sh -c "git config --local --name-only --get-regexp 'http\.https\:\/\/github\.com\/\.extraheader' && git config --local --unset-all 'http.https://github.com/.extraheader' || :"
2026-04-25T04:45:58.1969381Z [command]/usr/bin/git config --local --name-only --get-regexp ^includeIf\.gitdir:
2026-04-25T04:45:58.2018351Z [command]/usr/bin/git submodule foreach --recursive git config --local --show-origin --name-only --get-regexp remote.origin.url
2026-04-25T04:45:58.2347403Z Cleaning up orphan processes
2026-04-25T04:45:58.2635149Z ##[warning]Node.js 20 actions are deprecated. The following actions are running on Node.js 20 and may not work as expected: actions/checkout@v4. Actions will be forced to run with Node.js 24 by default starting June 2nd, 2026. Node.js 20 will be removed from the runner on September 16th, 2026. Please check if updated versions of these actions are available that support Node.js 24. To opt into Node.js 24 now, set the FORCE_JAVASCRIPT_ACTIONS_TO_NODE24=true environment variable on the runner or in your workflow file. Once Node.js 24 becomes the default, you can temporarily opt out by setting ACTIONS_ALLOW_USE_UNSECURE_NODE_VERSION=true. For more information see: https://github.blog/changelog/2025-09-19-deprecation-of-node-20-on-github-actions-runners/
