=== CI FAILURE ===
Workflow:      Android CI
Workflow file: akarlin3/prismTask/.github/workflows/android-ci.yml@refs/pull/621/merge
Job(s):        lint-and-test
Run ID:        24760651870
Run attempt:   1
Run URL:       https://github.com/akarlin3/prismTask/actions/runs/24760651870
Commit:        925caf30ea2febb42008f48b2a877575eaba0b0b
Branch:        621/merge
Event:         pull_request
Actor:         akarlin3
Runner OS:     Linux
Timestamp:     2026-04-22T04:47:51.178Z

Failed steps:
  - lint-and-test: #2 Run actions/checkout@v4 | #5 detekt | #6 Android lint | #8 Verify unit-test results (XML) | #9 Post failure details to PR

=== FAILED JOB LOG ===

--- Job: lint-and-test (id 72443532640) ---
2026-04-22T04:47:06.2090806Z Current runner version: '2.333.1'
2026-04-22T04:47:06.2114704Z ##[group]Runner Image Provisioner
2026-04-22T04:47:06.2115658Z Hosted Compute Agent
2026-04-22T04:47:06.2116325Z Version: 20260213.493
2026-04-22T04:47:06.2116900Z Commit: 5c115507f6dd24b8de37d8bbe0bb4509d0cc0fa3
2026-04-22T04:47:06.2117582Z Build Date: 2026-02-13T00:28:41Z
2026-04-22T04:47:06.2118281Z Worker ID: {d6e4146e-72d8-4829-acde-fa0bdc1617df}
2026-04-22T04:47:06.2119021Z Azure Region: westcentralus
2026-04-22T04:47:06.2119561Z ##[endgroup]
2026-04-22T04:47:06.2120913Z ##[group]Operating System
2026-04-22T04:47:06.2121488Z Ubuntu
2026-04-22T04:47:06.2121926Z 24.04.4
2026-04-22T04:47:06.2122460Z LTS
2026-04-22T04:47:06.2122916Z ##[endgroup]
2026-04-22T04:47:06.2123429Z ##[group]Runner Image
2026-04-22T04:47:06.2123983Z Image: ubuntu-24.04
2026-04-22T04:47:06.2124569Z Version: 20260413.86.1
2026-04-22T04:47:06.2125836Z Included Software: https://github.com/actions/runner-images/blob/ubuntu24/20260413.86/images/ubuntu/Ubuntu2404-Readme.md
2026-04-22T04:47:06.2127357Z Image Release: https://github.com/actions/runner-images/releases/tag/ubuntu24%2F20260413.86
2026-04-22T04:47:06.2128259Z ##[endgroup]
2026-04-22T04:47:06.2129555Z ##[group]GITHUB_TOKEN Permissions
2026-04-22T04:47:06.2131388Z Actions: read
2026-04-22T04:47:06.2132008Z Checks: read
2026-04-22T04:47:06.2132534Z Contents: write
2026-04-22T04:47:06.2133047Z Metadata: read
2026-04-22T04:47:06.2133503Z PullRequests: read
2026-04-22T04:47:06.2134148Z ##[endgroup]
2026-04-22T04:47:06.2136289Z Secret source: Actions
2026-04-22T04:47:06.2136967Z Prepare workflow directory
2026-04-22T04:47:06.2468339Z Prepare all required actions
2026-04-22T04:47:06.2505838Z Getting action download info
2026-04-22T04:47:06.6564765Z Download action repository 'actions/checkout@v4' (SHA:34e114876b0b11c390a56381ad16ebd13914f8d5)
2026-04-22T04:47:06.7588364Z Download action repository 'actions/github-script@v7' (SHA:f28e40c7f34bde8b3046d885e986cb6290c5673b)
2026-04-22T04:47:07.5099144Z Download action repository 'actions/upload-artifact@v4' (SHA:ea165f8d65b6e75b540449e92b4886f43607fa02)
2026-04-22T04:47:07.7314624Z Complete job name: lint-and-test
2026-04-22T04:47:07.8076364Z ##[group]Run actions/checkout@v4
2026-04-22T04:47:07.8077342Z with:
2026-04-22T04:47:07.8077809Z   ref: fix/visibility-resolver-now-param
2026-04-22T04:47:07.8078397Z   repository: akarlin3/prismTask
2026-04-22T04:47:07.8079095Z   token: ***
2026-04-22T04:47:07.8079498Z   ssh-strict: true
2026-04-22T04:47:07.8079923Z   ssh-user: git
2026-04-22T04:47:07.8080355Z   persist-credentials: true
2026-04-22T04:47:07.8080827Z   clean: true
2026-04-22T04:47:07.8081260Z   sparse-checkout-cone-mode: true
2026-04-22T04:47:07.8081764Z   fetch-depth: 1
2026-04-22T04:47:07.8082182Z   fetch-tags: false
2026-04-22T04:47:07.8082612Z   show-progress: true
2026-04-22T04:47:07.8083055Z   lfs: false
2026-04-22T04:47:07.8083449Z   submodules: false
2026-04-22T04:47:07.8083879Z   set-safe-directory: true
2026-04-22T04:47:07.8084528Z ##[endgroup]
2026-04-22T04:47:07.9167783Z Syncing repository: akarlin3/prismTask
2026-04-22T04:47:07.9169613Z ##[group]Getting Git version info
2026-04-22T04:47:07.9170460Z Working directory is '/home/runner/work/prismTask/prismTask'
2026-04-22T04:47:07.9171486Z [command]/usr/bin/git version
2026-04-22T04:47:07.9218529Z git version 2.53.0
2026-04-22T04:47:07.9243285Z ##[endgroup]
2026-04-22T04:47:07.9258982Z Temporarily overriding HOME='/home/runner/work/_temp/9a06df32-c25e-44f8-a2e7-a0d7ff1c26d1' before making global git config changes
2026-04-22T04:47:07.9261531Z Adding repository directory to the temporary git global config as a safe directory
2026-04-22T04:47:07.9265927Z [command]/usr/bin/git config --global --add safe.directory /home/runner/work/prismTask/prismTask
2026-04-22T04:47:07.9299808Z Deleting the contents of '/home/runner/work/prismTask/prismTask'
2026-04-22T04:47:07.9303691Z ##[group]Initializing the repository
2026-04-22T04:47:07.9308704Z [command]/usr/bin/git init /home/runner/work/prismTask/prismTask
2026-04-22T04:47:07.9389727Z hint: Using 'master' as the name for the initial branch. This default branch name
2026-04-22T04:47:07.9391644Z hint: will change to "main" in Git 3.0. To configure the initial branch name
2026-04-22T04:47:07.9393325Z hint: to use in all of your new repositories, which will suppress this warning,
2026-04-22T04:47:07.9394674Z hint: call:
2026-04-22T04:47:07.9395907Z hint:
2026-04-22T04:47:07.9396825Z hint: 	git config --global init.defaultBranch <name>
2026-04-22T04:47:07.9397938Z hint:
2026-04-22T04:47:07.9398959Z hint: Names commonly chosen instead of 'master' are 'main', 'trunk' and
2026-04-22T04:47:07.9400626Z hint: 'development'. The just-created branch can be renamed via this command:
2026-04-22T04:47:07.9401996Z hint:
2026-04-22T04:47:07.9402749Z hint: 	git branch -m <name>
2026-04-22T04:47:07.9403618Z hint:
2026-04-22T04:47:07.9404726Z hint: Disable this message with "git config set advice.defaultBranchName false"
2026-04-22T04:47:07.9406783Z Initialized empty Git repository in /home/runner/work/prismTask/prismTask/.git/
2026-04-22T04:47:07.9409676Z [command]/usr/bin/git remote add origin https://github.com/akarlin3/prismTask
2026-04-22T04:47:07.9434368Z ##[endgroup]
2026-04-22T04:47:07.9435916Z ##[group]Disabling automatic garbage collection
2026-04-22T04:47:07.9439260Z [command]/usr/bin/git config --local gc.auto 0
2026-04-22T04:47:07.9468769Z ##[endgroup]
2026-04-22T04:47:07.9469952Z ##[group]Setting up auth
2026-04-22T04:47:07.9476166Z [command]/usr/bin/git config --local --name-only --get-regexp core\.sshCommand
2026-04-22T04:47:07.9507038Z [command]/usr/bin/git submodule foreach --recursive sh -c "git config --local --name-only --get-regexp 'core\.sshCommand' && git config --local --unset-all 'core.sshCommand' || :"
2026-04-22T04:47:07.9787228Z [command]/usr/bin/git config --local --name-only --get-regexp http\.https\:\/\/github\.com\/\.extraheader
2026-04-22T04:47:07.9817341Z [command]/usr/bin/git submodule foreach --recursive sh -c "git config --local --name-only --get-regexp 'http\.https\:\/\/github\.com\/\.extraheader' && git config --local --unset-all 'http.https://github.com/.extraheader' || :"
2026-04-22T04:47:08.0055665Z [command]/usr/bin/git config --local --name-only --get-regexp ^includeIf\.gitdir:
2026-04-22T04:47:08.0086294Z [command]/usr/bin/git submodule foreach --recursive git config --local --show-origin --name-only --get-regexp remote.origin.url
2026-04-22T04:47:08.0315382Z [command]/usr/bin/git config --local http.https://github.com/.extraheader AUTHORIZATION: basic ***
2026-04-22T04:47:08.0350416Z ##[endgroup]
2026-04-22T04:47:08.0351201Z ##[group]Fetching the repository
2026-04-22T04:47:08.0359042Z [command]/usr/bin/git -c protocol.version=2 fetch --no-tags --prune --no-recurse-submodules --depth=1 origin +refs/heads/fix/visibility-resolver-now-param*:refs/remotes/origin/fix/visibility-resolver-now-param* +refs/tags/fix/visibility-resolver-now-param*:refs/tags/fix/visibility-resolver-now-param*
2026-04-22T04:47:08.4192308Z The process '/usr/bin/git' failed with exit code 1
2026-04-22T04:47:08.4193252Z Waiting 12 seconds before trying again
2026-04-22T04:47:20.4229474Z [command]/usr/bin/git -c protocol.version=2 fetch --no-tags --prune --no-recurse-submodules --depth=1 origin +refs/heads/fix/visibility-resolver-now-param*:refs/remotes/origin/fix/visibility-resolver-now-param* +refs/tags/fix/visibility-resolver-now-param*:refs/tags/fix/visibility-resolver-now-param*
2026-04-22T04:47:20.7011613Z The process '/usr/bin/git' failed with exit code 1
2026-04-22T04:47:20.7012389Z Waiting 18 seconds before trying again
2026-04-22T04:47:38.7094787Z [command]/usr/bin/git -c protocol.version=2 fetch --no-tags --prune --no-recurse-submodules --depth=1 origin +refs/heads/fix/visibility-resolver-now-param*:refs/remotes/origin/fix/visibility-resolver-now-param* +refs/tags/fix/visibility-resolver-now-param*:refs/tags/fix/visibility-resolver-now-param*
2026-04-22T04:47:38.9953198Z ##[error]The process '/usr/bin/git' failed with exit code 1
2026-04-22T04:47:39.0184651Z ##[group]Run ./gradlew detekt --continue
2026-04-22T04:47:39.0185731Z [36;1m./gradlew detekt --continue[0m
2026-04-22T04:47:39.0212479Z shell: /usr/bin/bash -e {0}
2026-04-22T04:47:39.0212790Z ##[endgroup]
2026-04-22T04:47:39.0281280Z /home/runner/work/_temp/1cd245ba-e6df-49a5-85bf-8ab7124e4aee.sh: line 1: ./gradlew: No such file or directory
2026-04-22T04:47:39.0289505Z ##[error]Process completed with exit code 127.
2026-04-22T04:47:39.0322563Z ##[group]Run ./gradlew lint --continue
2026-04-22T04:47:39.0322898Z [36;1m./gradlew lint --continue[0m
2026-04-22T04:47:39.0344294Z shell: /usr/bin/bash -e {0}
2026-04-22T04:47:39.0344586Z ##[endgroup]
2026-04-22T04:47:39.0388894Z /home/runner/work/_temp/ada3830f-b4d5-4206-8f67-5849182998e4.sh: line 1: ./gradlew: No such file or directory
2026-04-22T04:47:39.0393166Z ##[error]Process completed with exit code 127.
2026-04-22T04:47:39.0428895Z ##[group]Run set -euo pipefail
2026-04-22T04:47:39.0429265Z [36;1mset -euo pipefail[0m
2026-04-22T04:47:39.0429547Z [36;1mshopt -s globstar nullglob[0m
2026-04-22T04:47:39.0429898Z [36;1mxmls=(app/build/test-results/**/*.xml)[0m
2026-04-22T04:47:39.0430233Z [36;1mif [ ${#xmls[@]} -eq 0 ]; then[0m
2026-04-22T04:47:39.0430716Z [36;1m  echo "::error::No JUnit XML results found under app/build/test-results/. Did the test task run?"[0m
2026-04-22T04:47:39.0431185Z [36;1m  exit 1[0m
2026-04-22T04:47:39.0431424Z [36;1mfi[0m
2026-04-22T04:47:39.0431634Z [36;1mfailed=0[0m
2026-04-22T04:47:39.0431869Z [36;1mfor f in "${xmls[@]}"; do[0m
2026-04-22T04:47:39.0432329Z [36;1m  fails=$(grep -oE 'failures="[0-9]+"' "$f" | head -n1 | grep -oE '[0-9]+' || echo 0)[0m
2026-04-22T04:47:39.0432880Z [36;1m  errs=$(grep -oE 'errors="[0-9]+"' "$f" | head -n1 | grep -oE '[0-9]+' || echo 0)[0m
2026-04-22T04:47:39.0433382Z [36;1m  if [ "${fails:-0}" -gt 0 ] || [ "${errs:-0}" -gt 0 ]; then[0m
2026-04-22T04:47:39.0433844Z [36;1m    echo "::error file=${f}::${fails} failure(s), ${errs} error(s) in ${f}"[0m
2026-04-22T04:47:39.0434253Z [36;1m    failed=$((failed + fails + errs))[0m
2026-04-22T04:47:39.0434561Z [36;1m  fi[0m
2026-04-22T04:47:39.0434771Z [36;1mdone[0m
2026-04-22T04:47:39.0435234Z [36;1mif [ "$failed" -gt 0 ]; then[0m
2026-04-22T04:47:39.0435806Z [36;1m  echo "::error::${failed} unit-test failure(s)/error(s) detected. See annotations and the test-results artifact."[0m
2026-04-22T04:47:39.0436319Z [36;1m  exit 1[0m
2026-04-22T04:47:39.0436531Z [36;1mfi[0m
2026-04-22T04:47:39.0436797Z [36;1mecho "All ${#xmls[@]} JUnit XML reports clean."[0m
2026-04-22T04:47:39.0459999Z shell: /usr/bin/bash --noprofile --norc -e -o pipefail {0}
2026-04-22T04:47:39.0460371Z ##[endgroup]
2026-04-22T04:47:39.0502998Z ##[error]No JUnit XML results found under app/build/test-results/. Did the test task run?
2026-04-22T04:47:39.0505516Z ##[error]Process completed with exit code 1.
2026-04-22T04:47:39.0592315Z ##[group]Run actions/github-script@v7
2026-04-22T04:47:39.0592627Z with:
2026-04-22T04:47:39.0595379Z   script: const fs = require('fs');
let body = '### CI Unit Test Failure\n\n';
try {
  const raw = fs.readFileSync('unit-test-output.log', 'utf8');
  const lines = raw.split('\n');
  const errorLines = lines.filter(l =>
    /\be:\b|FAILED|Compilation error|Unresolved reference|not abstract|does not implement/.test(l)
  );
  const tail = lines.slice(-30).join('\n');
  const errors = errorLines.length > 0
    ? errorLines.join('\n')
    : 'No specific error lines matched. Last 30 lines shown.';
  body += '**Error lines:**\n```\n' + errors.slice(0, 2000) + '\n```\n';
  body += '\n**Build tail:**\n```\n' + tail.slice(0, 2000) + '\n```';
} catch (e) {
  body += 'Could not read unit-test-output.log: ' + e.message;
}
await github.rest.issues.createComment({
  owner: context.repo.owner,
  repo: context.repo.repo,
  issue_number: context.issue.number,
  body
});

2026-04-22T04:47:39.0598122Z   github-token: ***
2026-04-22T04:47:39.0598361Z   debug: false
2026-04-22T04:47:39.0598612Z   user-agent: actions/github-script
2026-04-22T04:47:39.0598901Z   result-encoding: json
2026-04-22T04:47:39.0599331Z   retries: 0
2026-04-22T04:47:39.0599576Z   retry-exempt-status-codes: 400,401,403,404,422
2026-04-22T04:47:39.0599893Z ##[endgroup]
2026-04-22T04:47:39.4508864Z RequestError [HttpError]: Resource not accessible by integration
2026-04-22T04:47:39.4509645Z     at /home/runner/work/_actions/actions/github-script/v7/dist/index.js:9537:21
2026-04-22T04:47:39.4510471Z     at process.processTicksAndRejections (node:internal/process/task_queues:95:5)
2026-04-22T04:47:39.4511597Z     at async eval (eval at callAsyncFunction (/home/runner/work/_actions/actions/github-script/v7/dist/index.js:36187:16), <anonymous>:20:1)
2026-04-22T04:47:39.4512559Z     at async main (/home/runner/work/_actions/actions/github-script/v7/dist/index.js:36285:20) {
2026-04-22T04:47:39.4512955Z   status: 403,
2026-04-22T04:47:39.4513176Z   response: {
2026-04-22T04:47:39.4513700Z     url: 'https://api.github.com/repos/akarlin3/prismTask/issues/621/comments',
2026-04-22T04:47:39.4514280Z     status: 403,
2026-04-22T04:47:39.4514563Z     headers: {
2026-04-22T04:47:39.4514818Z       'access-control-allow-origin': '*',
2026-04-22T04:47:39.4516299Z       'access-control-expose-headers': 'ETag, Link, Location, Retry-After, X-GitHub-OTP, X-RateLimit-Limit, X-RateLimit-Remaining, X-RateLimit-Used, X-RateLimit-Resource, X-RateLimit-Reset, X-OAuth-Scopes, X-Accepted-OAuth-Scopes, X-Poll-Interval, X-GitHub-Media-Type, X-GitHub-SSO, X-GitHub-Request-Id, Deprecation, Sunset',
2026-04-22T04:47:39.4517596Z       'content-encoding': 'gzip',
2026-04-22T04:47:39.4517880Z       'content-security-policy': "default-src 'none'",
2026-04-22T04:47:39.4518204Z       'content-type': 'application/json; charset=utf-8',
2026-04-22T04:47:39.4518498Z       date: 'Wed, 22 Apr 2026 04:47:39 GMT',
2026-04-22T04:47:39.4518908Z       'referrer-policy': 'origin-when-cross-origin, strict-origin-when-cross-origin',
2026-04-22T04:47:39.4519311Z       server: 'github.com',
2026-04-22T04:47:39.4519666Z       'strict-transport-security': 'max-age=31536000; includeSubdomains; preload',
2026-04-22T04:47:39.4520054Z       'transfer-encoding': 'chunked',
2026-04-22T04:47:39.4520353Z       vary: 'Accept-Encoding, Accept, X-Requested-With',
2026-04-22T04:47:39.4520757Z       'x-accepted-github-permissions': 'issues=write; pull_requests=write',
2026-04-22T04:47:39.4521127Z       'x-content-type-options': 'nosniff',
2026-04-22T04:47:39.4521384Z       'x-frame-options': 'deny',
2026-04-22T04:47:39.4521645Z       'x-github-api-version-selected': '2022-11-28',
2026-04-22T04:47:39.4521957Z       'x-github-media-type': 'github.v3; format=json',
2026-04-22T04:47:39.4522295Z       'x-github-request-id': 'B420:334098:2A001B:A8E76B:69E852EB',
2026-04-22T04:47:39.4522600Z       'x-ratelimit-limit': '5000',
2026-04-22T04:47:39.4522844Z       'x-ratelimit-remaining': '4969',
2026-04-22T04:47:39.4523555Z       'x-ratelimit-reset': '1776835631',
2026-04-22T04:47:39.4523806Z       'x-ratelimit-resource': 'core',
2026-04-22T04:47:39.4524042Z       'x-ratelimit-used': '31',
2026-04-22T04:47:39.4524280Z       'x-xss-protection': '0'
2026-04-22T04:47:39.4524486Z     },
2026-04-22T04:47:39.4524647Z     data: {
2026-04-22T04:47:39.4524868Z       message: 'Resource not accessible by integration',
2026-04-22T04:47:39.4525539Z       documentation_url: 'https://docs.github.com/rest/issues/comments#create-an-issue-comment',
2026-04-22T04:47:39.4525956Z       status: '403'
2026-04-22T04:47:39.4526128Z     }
2026-04-22T04:47:39.4526284Z   },
2026-04-22T04:47:39.4526436Z   request: {
2026-04-22T04:47:39.4526618Z     method: 'POST',
2026-04-22T04:47:39.4526967Z     url: 'https://api.github.com/repos/akarlin3/prismTask/issues/621/comments',
2026-04-22T04:47:39.4527317Z     headers: {
2026-04-22T04:47:39.4527520Z       accept: 'application/vnd.github.v3+json',
2026-04-22T04:47:39.4527952Z       'user-agent': 'actions/github-script octokit-core.js/5.0.1 Node.js/20.20.1 (linux; x64)',
2026-04-22T04:47:39.4528367Z       authorization: 'token [REDACTED]',
2026-04-22T04:47:39.4528649Z       'content-type': 'application/json; charset=utf-8'
2026-04-22T04:47:39.4529083Z     },
2026-04-22T04:47:39.4529566Z     body: `{"body":"### CI Unit Test Failure\\n\\nCould not read unit-test-output.log: ENOENT: no such file or directory, open 'unit-test-output.log'"}`,
2026-04-22T04:47:39.4530104Z     request: {
2026-04-22T04:47:39.4530268Z       agent: [Agent],
2026-04-22T04:47:39.4530471Z       fetch: [Function: proxyFetch],
2026-04-22T04:47:39.4530715Z       hook: [Function: bound bound register]
2026-04-22T04:47:39.4530947Z     }
2026-04-22T04:47:39.4531099Z   }
2026-04-22T04:47:39.4531241Z }
2026-04-22T04:47:39.4532256Z ##[error]Unhandled error: HttpError: Resource not accessible by integration
2026-04-22T04:47:39.5235117Z ##[group]Run actions/upload-artifact@v4
2026-04-22T04:47:39.5235451Z with:
2026-04-22T04:47:39.5235645Z   name: lint-report
2026-04-22T04:47:39.5235874Z   path: app/build/reports/lint-results-debug.html
2026-04-22T04:47:39.5236156Z   retention-days: 7
2026-04-22T04:47:39.5236350Z   if-no-files-found: warn
2026-04-22T04:47:39.5236575Z   compression-level: 6
2026-04-22T04:47:39.5236851Z   overwrite: false
2026-04-22T04:47:39.5237075Z   include-hidden-files: false
2026-04-22T04:47:39.5237297Z ##[endgroup]
2026-04-22T04:47:39.7485409Z ##[warning]No files were found with the provided path: app/build/reports/lint-results-debug.html. No artifacts will be uploaded.
2026-04-22T04:47:39.7614201Z ##[group]Run actions/upload-artifact@v4
2026-04-22T04:47:39.7614456Z with:
2026-04-22T04:47:39.7614634Z   name: detekt-report
2026-04-22T04:47:39.7614840Z   path: app/build/reports/detekt/
2026-04-22T04:47:39.7615620Z   retention-days: 7
2026-04-22T04:47:39.7615825Z   if-no-files-found: warn
2026-04-22T04:47:39.7616035Z   compression-level: 6
2026-04-22T04:47:39.7616239Z   overwrite: false
2026-04-22T04:47:39.7616431Z   include-hidden-files: false
2026-04-22T04:47:39.7616654Z ##[endgroup]
2026-04-22T04:47:39.9717811Z ##[warning]No files were found with the provided path: app/build/reports/detekt/. No artifacts will be uploaded.
2026-04-22T04:47:39.9866846Z ##[group]Run actions/upload-artifact@v4
2026-04-22T04:47:39.9867113Z with:
2026-04-22T04:47:39.9867319Z   name: test-results
2026-04-22T04:47:39.9867521Z   path: app/build/test-results/
2026-04-22T04:47:39.9867748Z   retention-days: 7
2026-04-22T04:47:39.9867942Z   if-no-files-found: warn
2026-04-22T04:47:39.9868157Z   compression-level: 6
2026-04-22T04:47:39.9868358Z   overwrite: false
2026-04-22T04:47:39.9868546Z   include-hidden-files: false
2026-04-22T04:47:39.9868779Z ##[endgroup]
2026-04-22T04:47:40.2015325Z ##[warning]No files were found with the provided path: app/build/test-results/. No artifacts will be uploaded.
2026-04-22T04:47:40.2170208Z Post job cleanup.
2026-04-22T04:47:40.3115208Z [command]/usr/bin/git version
2026-04-22T04:47:40.3158623Z git version 2.53.0
2026-04-22T04:47:40.3199110Z Temporarily overriding HOME='/home/runner/work/_temp/25a66a5b-25c9-41eb-966e-e3255fe10cf9' before making global git config changes
2026-04-22T04:47:40.3200100Z Adding repository directory to the temporary git global config as a safe directory
2026-04-22T04:47:40.3204128Z [command]/usr/bin/git config --global --add safe.directory /home/runner/work/prismTask/prismTask
2026-04-22T04:47:40.3238626Z [command]/usr/bin/git config --local --name-only --get-regexp core\.sshCommand
2026-04-22T04:47:40.3271390Z [command]/usr/bin/git submodule foreach --recursive sh -c "git config --local --name-only --get-regexp 'core\.sshCommand' && git config --local --unset-all 'core.sshCommand' || :"
2026-04-22T04:47:40.3507501Z [command]/usr/bin/git config --local --name-only --get-regexp http\.https\:\/\/github\.com\/\.extraheader
2026-04-22T04:47:40.3529741Z http.https://github.com/.extraheader
2026-04-22T04:47:40.3542530Z [command]/usr/bin/git config --local --unset-all http.https://github.com/.extraheader
2026-04-22T04:47:40.3574628Z [command]/usr/bin/git submodule foreach --recursive sh -c "git config --local --name-only --get-regexp 'http\.https\:\/\/github\.com\/\.extraheader' && git config --local --unset-all 'http.https://github.com/.extraheader' || :"
2026-04-22T04:47:40.3809199Z [command]/usr/bin/git config --local --name-only --get-regexp ^includeIf\.gitdir:
2026-04-22T04:47:40.3842879Z [command]/usr/bin/git submodule foreach --recursive git config --local --show-origin --name-only --get-regexp remote.origin.url
2026-04-22T04:47:40.4183357Z Cleaning up orphan processes
2026-04-22T04:47:40.4475925Z ##[warning]Node.js 20 actions are deprecated. The following actions are running on Node.js 20 and may not work as expected: actions/checkout@v4, actions/github-script@v7, actions/upload-artifact@v4. Actions will be forced to run with Node.js 24 by default starting June 2nd, 2026. Node.js 20 will be removed from the runner on September 16th, 2026. Please check if updated versions of these actions are available that support Node.js 24. To opt into Node.js 24 now, set the FORCE_JAVASCRIPT_ACTIONS_TO_NODE24=true environment variable on the runner or in your workflow file. Once Node.js 24 becomes the default, you can temporarily opt out by setting ACTIONS_ALLOW_USE_UNSECURE_NODE_VERSION=true. For more information see: https://github.blog/changelog/2025-09-19-deprecation-of-node-20-on-github-actions-runners/
