=== CI FAILURE ===
Workflow:      Android CI
Workflow file: akarlin3/prismTask/.github/workflows/android-ci.yml@refs/heads/main
Job(s):        lint-and-test
Run ID:        24597150723
Run attempt:   1
Run URL:       https://github.com/akarlin3/prismTask/actions/runs/24597150723
Commit:        c849804b39fc41de009baad9513a1eb52a2baa92
Branch:        main
Event:         push
Actor:         akarlin3
Runner OS:     Linux
Timestamp:     2026-04-18T04:52:02.641Z

Failed steps:
  - lint-and-test: #4 ktlint check | #5 detekt | #8 Verify unit-test results (XML)

=== FAILED JOB LOG ===

--- Job: lint-and-test (id 71929274678) ---
2026-04-18T04:44:44.3728958Z Current runner version: '2.333.1'
2026-04-18T04:44:44.3753037Z ##[group]Runner Image Provisioner
2026-04-18T04:44:44.3753933Z Hosted Compute Agent
2026-04-18T04:44:44.3754443Z Version: 20260213.493
2026-04-18T04:44:44.3755041Z Commit: 5c115507f6dd24b8de37d8bbe0bb4509d0cc0fa3
2026-04-18T04:44:44.3755741Z Build Date: 2026-02-13T00:28:41Z
2026-04-18T04:44:44.3756447Z Worker ID: {87bf4a60-d893-4b68-8596-54e5ac40e73a}
2026-04-18T04:44:44.3757128Z Azure Region: westus3
2026-04-18T04:44:44.3757664Z ##[endgroup]
2026-04-18T04:44:44.3759345Z ##[group]Operating System
2026-04-18T04:44:44.3759918Z Ubuntu
2026-04-18T04:44:44.3760449Z 24.04.4
2026-04-18T04:44:44.3760930Z LTS
2026-04-18T04:44:44.3761395Z ##[endgroup]
2026-04-18T04:44:44.3761840Z ##[group]Runner Image
2026-04-18T04:44:44.3762461Z Image: ubuntu-24.04
2026-04-18T04:44:44.3762975Z Version: 20260413.86.1
2026-04-18T04:44:44.3764208Z Included Software: https://github.com/actions/runner-images/blob/ubuntu24/20260413.86/images/ubuntu/Ubuntu2404-Readme.md
2026-04-18T04:44:44.3765684Z Image Release: https://github.com/actions/runner-images/releases/tag/ubuntu24%2F20260413.86
2026-04-18T04:44:44.3766958Z ##[endgroup]
2026-04-18T04:44:44.3768430Z ##[group]GITHUB_TOKEN Permissions
2026-04-18T04:44:44.3770753Z Actions: read
2026-04-18T04:44:44.3771365Z Checks: read
2026-04-18T04:44:44.3771868Z Contents: write
2026-04-18T04:44:44.3772341Z Metadata: read
2026-04-18T04:44:44.3772896Z PullRequests: read
2026-04-18T04:44:44.3773383Z ##[endgroup]
2026-04-18T04:44:44.3775804Z Secret source: Actions
2026-04-18T04:44:44.3776585Z Prepare workflow directory
2026-04-18T04:44:44.4119203Z Prepare all required actions
2026-04-18T04:44:44.4157127Z Getting action download info
2026-04-18T04:44:44.8237332Z Download action repository 'actions/checkout@v4' (SHA:34e114876b0b11c390a56381ad16ebd13914f8d5)
2026-04-18T04:44:44.9724583Z Download action repository 'actions/github-script@v7' (SHA:f28e40c7f34bde8b3046d885e986cb6290c5673b)
2026-04-18T04:44:45.7596003Z Download action repository 'actions/upload-artifact@v4' (SHA:ea165f8d65b6e75b540449e92b4886f43607fa02)
2026-04-18T04:44:46.1774692Z Complete job name: lint-and-test
2026-04-18T04:44:46.2686437Z ##[group]Run actions/checkout@v4
2026-04-18T04:44:46.2687733Z with:
2026-04-18T04:44:46.2688657Z   ref: refs/heads/main
2026-04-18T04:44:46.2689532Z   repository: akarlin3/prismTask
2026-04-18T04:44:46.2690827Z   token: ***
2026-04-18T04:44:46.2691567Z   ssh-strict: true
2026-04-18T04:44:46.2692341Z   ssh-user: git
2026-04-18T04:44:46.2693125Z   persist-credentials: true
2026-04-18T04:44:46.2693992Z   clean: true
2026-04-18T04:44:46.2694768Z   sparse-checkout-cone-mode: true
2026-04-18T04:44:46.2695729Z   fetch-depth: 1
2026-04-18T04:44:46.2696487Z   fetch-tags: false
2026-04-18T04:44:46.2697291Z   show-progress: true
2026-04-18T04:44:46.2698229Z   lfs: false
2026-04-18T04:44:46.2698969Z   submodules: false
2026-04-18T04:44:46.2699769Z   set-safe-directory: true
2026-04-18T04:44:46.2700927Z ##[endgroup]
2026-04-18T04:44:46.3813769Z Syncing repository: akarlin3/prismTask
2026-04-18T04:44:46.3816415Z ##[group]Getting Git version info
2026-04-18T04:44:46.3817801Z Working directory is '/home/runner/work/prismTask/prismTask'
2026-04-18T04:44:46.3819961Z [command]/usr/bin/git version
2026-04-18T04:44:46.3853074Z git version 2.53.0
2026-04-18T04:44:46.3879832Z ##[endgroup]
2026-04-18T04:44:46.3894669Z Temporarily overriding HOME='/home/runner/work/_temp/4ec7756a-bc17-4b9e-9fe4-27db5626f152' before making global git config changes
2026-04-18T04:44:46.3897394Z Adding repository directory to the temporary git global config as a safe directory
2026-04-18T04:44:46.3900175Z [command]/usr/bin/git config --global --add safe.directory /home/runner/work/prismTask/prismTask
2026-04-18T04:44:46.3933007Z Deleting the contents of '/home/runner/work/prismTask/prismTask'
2026-04-18T04:44:46.3936534Z ##[group]Initializing the repository
2026-04-18T04:44:46.3940451Z [command]/usr/bin/git init /home/runner/work/prismTask/prismTask
2026-04-18T04:44:46.4031350Z hint: Using 'master' as the name for the initial branch. This default branch name
2026-04-18T04:44:46.4033780Z hint: will change to "main" in Git 3.0. To configure the initial branch name
2026-04-18T04:44:46.4035597Z hint: to use in all of your new repositories, which will suppress this warning,
2026-04-18T04:44:46.4037416Z hint: call:
2026-04-18T04:44:46.4038816Z hint:
2026-04-18T04:44:46.4039765Z hint: 	git config --global init.defaultBranch <name>
2026-04-18T04:44:46.4040912Z hint:
2026-04-18T04:44:46.4041978Z hint: Names commonly chosen instead of 'master' are 'main', 'trunk' and
2026-04-18T04:44:46.4044262Z hint: 'development'. The just-created branch can be renamed via this command:
2026-04-18T04:44:46.4045674Z hint:
2026-04-18T04:44:46.4046413Z hint: 	git branch -m <name>
2026-04-18T04:44:46.4047339Z hint:
2026-04-18T04:44:46.4048896Z hint: Disable this message with "git config set advice.defaultBranchName false"
2026-04-18T04:44:46.4050915Z Initialized empty Git repository in /home/runner/work/prismTask/prismTask/.git/
2026-04-18T04:44:46.4054016Z [command]/usr/bin/git remote add origin https://github.com/akarlin3/prismTask
2026-04-18T04:44:46.4075112Z ##[endgroup]
2026-04-18T04:44:46.4076503Z ##[group]Disabling automatic garbage collection
2026-04-18T04:44:46.4078299Z [command]/usr/bin/git config --local gc.auto 0
2026-04-18T04:44:46.4106411Z ##[endgroup]
2026-04-18T04:44:46.4107913Z ##[group]Setting up auth
2026-04-18T04:44:46.4112923Z [command]/usr/bin/git config --local --name-only --get-regexp core\.sshCommand
2026-04-18T04:44:46.4142092Z [command]/usr/bin/git submodule foreach --recursive sh -c "git config --local --name-only --get-regexp 'core\.sshCommand' && git config --local --unset-all 'core.sshCommand' || :"
2026-04-18T04:44:46.4445795Z [command]/usr/bin/git config --local --name-only --get-regexp http\.https\:\/\/github\.com\/\.extraheader
2026-04-18T04:44:46.4477619Z [command]/usr/bin/git submodule foreach --recursive sh -c "git config --local --name-only --get-regexp 'http\.https\:\/\/github\.com\/\.extraheader' && git config --local --unset-all 'http.https://github.com/.extraheader' || :"
2026-04-18T04:44:46.4715179Z [command]/usr/bin/git config --local --name-only --get-regexp ^includeIf\.gitdir:
2026-04-18T04:44:46.4756790Z [command]/usr/bin/git submodule foreach --recursive git config --local --show-origin --name-only --get-regexp remote.origin.url
2026-04-18T04:44:46.4974826Z [command]/usr/bin/git config --local http.https://github.com/.extraheader AUTHORIZATION: basic ***
2026-04-18T04:44:46.5010096Z ##[endgroup]
2026-04-18T04:44:46.5011501Z ##[group]Fetching the repository
2026-04-18T04:44:46.5019237Z [command]/usr/bin/git -c protocol.version=2 fetch --no-tags --prune --no-recurse-submodules --depth=1 origin +refs/heads/main:refs/remotes/origin/main
2026-04-18T04:44:50.0337883Z From https://github.com/akarlin3/prismTask
2026-04-18T04:44:50.0339847Z  * [new branch]      main       -> origin/main
2026-04-18T04:44:50.0366379Z ##[endgroup]
2026-04-18T04:44:50.0367114Z ##[group]Determining the checkout info
2026-04-18T04:44:50.0369180Z ##[endgroup]
2026-04-18T04:44:50.0374558Z [command]/usr/bin/git sparse-checkout disable
2026-04-18T04:44:50.0410982Z [command]/usr/bin/git config --local --unset-all extensions.worktreeConfig
2026-04-18T04:44:50.0436150Z ##[group]Checking out the ref
2026-04-18T04:44:50.0440945Z [command]/usr/bin/git checkout --progress --force -B main refs/remotes/origin/main
2026-04-18T04:44:50.1821258Z Switched to a new branch 'main'
2026-04-18T04:44:50.1822107Z branch 'main' set up to track 'origin/main'.
2026-04-18T04:44:50.1841143Z ##[endgroup]
2026-04-18T04:44:50.1878863Z [command]/usr/bin/git log -1 --format=%H
2026-04-18T04:44:50.1900688Z c849804b39fc41de009baad9513a1eb52a2baa92
2026-04-18T04:44:50.2136736Z Prepare all required actions
2026-04-18T04:44:50.2137258Z Getting action download info
2026-04-18T04:44:50.3851087Z Download action repository 'actions/setup-java@v4' (SHA:c1e323688fd81a25caa38c78aa6df2d33d3e20d9)
2026-04-18T04:44:51.7049303Z Download action repository 'gradle/actions@v4' (SHA:ed408507eac070d1f99cc633dbcf757c94c7933a)
2026-04-18T04:44:53.5636948Z ##[group]Run ./.github/actions/setup-android
2026-04-18T04:44:53.5637252Z ##[endgroup]
2026-04-18T04:44:53.5780007Z ##[group]Run actions/setup-java@v4
2026-04-18T04:44:53.5780249Z with:
2026-04-18T04:44:53.5780423Z   java-version: 21
2026-04-18T04:44:53.5780649Z   distribution: temurin
2026-04-18T04:44:53.5780846Z   java-package: jdk
2026-04-18T04:44:53.5781029Z   check-latest: false
2026-04-18T04:44:53.5781214Z   server-id: github
2026-04-18T04:44:53.5781401Z   server-username: GITHUB_ACTOR
2026-04-18T04:44:53.5781627Z   server-password: GITHUB_TOKEN
2026-04-18T04:44:53.5781868Z   overwrite-settings: true
2026-04-18T04:44:53.5782132Z   job-status: success
2026-04-18T04:44:53.5782444Z   token: ***
2026-04-18T04:44:53.5782617Z ##[endgroup]
2026-04-18T04:44:53.7716842Z ##[group]Installed distributions
2026-04-18T04:44:53.7976453Z Resolved Java 21.0.10+7 from tool-cache
2026-04-18T04:44:53.7977550Z Setting Java 21.0.10+7 as the default
2026-04-18T04:44:53.7997610Z Creating toolchains.xml for JDK version 21 from temurin
2026-04-18T04:44:53.8120790Z Writing to /home/runner/.m2/toolchains.xml
2026-04-18T04:44:53.8121182Z 
2026-04-18T04:44:53.8121611Z Java configuration:
2026-04-18T04:44:53.8123488Z   Distribution: temurin
2026-04-18T04:44:53.8125045Z   Version: 21.0.10+7
2026-04-18T04:44:53.8125593Z   Path: /opt/hostedtoolcache/Java_Temurin-Hotspot_jdk/21.0.10-7/x64
2026-04-18T04:44:53.8126096Z 
2026-04-18T04:44:53.8126623Z ##[endgroup]
2026-04-18T04:44:53.8141578Z Creating settings.xml with server-id: github
2026-04-18T04:44:53.8151904Z Writing to /home/runner/.m2/settings.xml
2026-04-18T04:44:53.8351963Z ##[group]Run gradle/actions/setup-gradle@v4
2026-04-18T04:44:53.8352225Z with:
2026-04-18T04:44:53.8352396Z   cache-disabled: false
2026-04-18T04:44:53.8352592Z   cache-read-only: false
2026-04-18T04:44:53.8352795Z   cache-write-only: false
2026-04-18T04:44:53.8353007Z   cache-overwrite-existing: false
2026-04-18T04:44:53.8353238Z   cache-cleanup: on-success
2026-04-18T04:44:53.8353511Z   gradle-home-cache-includes: caches
notifications

2026-04-18T04:44:53.8353790Z   add-job-summary: always
2026-04-18T04:44:53.8354010Z   add-job-summary-as-pr-comment: never
2026-04-18T04:44:53.8354256Z   dependency-graph: disabled
2026-04-18T04:44:53.8354530Z   dependency-graph-report-dir: dependency-graph-reports
2026-04-18T04:44:53.8354857Z   dependency-graph-continue-on-failure: true
2026-04-18T04:44:53.8355123Z   build-scan-publish: false
2026-04-18T04:44:53.8355333Z   validate-wrappers: true
2026-04-18T04:44:53.8355562Z   allow-snapshot-wrappers: false
2026-04-18T04:44:53.8355811Z   gradle-home-cache-strict-match: false
2026-04-18T04:44:53.8356061Z   workflow-job-context: null
2026-04-18T04:44:53.8356436Z   github-token: ***
2026-04-18T04:44:53.8356623Z env:
2026-04-18T04:44:53.8356883Z   JAVA_HOME: /opt/hostedtoolcache/Java_Temurin-Hotspot_jdk/21.0.10-7/x64
2026-04-18T04:44:53.8357334Z   JAVA_HOME_21_X64: /opt/hostedtoolcache/Java_Temurin-Hotspot_jdk/21.0.10-7/x64
2026-04-18T04:44:53.8357684Z ##[endgroup]
2026-04-18T04:44:55.4542025Z Merged default JDK locations into /home/runner/.m2/toolchains.xml
2026-04-18T04:44:55.4544277Z Preparing cache for cleanup.
2026-04-18T04:44:55.4548525Z ##[group]Restore Gradle state from cache
2026-04-18T04:44:55.7061357Z Cache hit for restore-key: gradle-home-v1|Linux-X64|lint-and-test[5df42585ae8f8da228c604b8b4e8707c]-292fa41c817c2c144bc491a7156d12a4cfb61612
2026-04-18T04:44:56.9218760Z Received 4194304 of 272477238 (1.5%), 4.0 MBs/sec
2026-04-18T04:44:57.9617878Z Received 134217728 of 272477238 (49.3%), 62.8 MBs/sec
2026-04-18T04:44:58.9599615Z Received 268435456 of 272477238 (98.5%), 84.3 MBs/sec
2026-04-18T04:44:59.0113767Z Received 272477238 of 272477238 (100.0%), 84.1 MBs/sec
2026-04-18T04:44:59.0138956Z Cache Size: ~260 MB (272477238 B)
2026-04-18T04:44:59.0264518Z [command]/usr/bin/tar -xf /home/runner/work/_temp/c24e03df-09e2-4582-a4ec-6bbf897e72b1/cache.tzst -P -C /home/runner/work/prismTask/prismTask --use-compress-program unzstd
2026-04-18T04:44:59.5979170Z Cache restored successfully
2026-04-18T04:44:59.6097781Z Restored cache entry with key gradle-home-v1|Linux-X64|lint-and-test[5df42585ae8f8da228c604b8b4e8707c]-c849804b39fc41de009baad9513a1eb52a2baa92 to /home/runner/.gradle/caches,/home/runner/.gradle/notifications,/home/runner/.gradle/.setup-gradle in 4154ms
2026-04-18T04:44:59.8340465Z Cache hit for: gradle-transforms-v1-d6f0529bdb2d5e3e6d91ba90e5d47495
2026-04-18T04:44:59.8399835Z Cache hit for: gradle-wrapper-zips-v1-8c0de4c6bda6041d6e054bf825a89c98
2026-04-18T04:44:59.8423253Z Cache hit for: gradle-generated-gradle-jars-v1-cb4b032a7d08b9bf1e84e9eacaebcc29
2026-04-18T04:44:59.8447681Z Cache hit for: gradle-groovy-dsl-v1-28b9a41f693ba754e53f6f5a3dfc445c
2026-04-18T04:44:59.8453324Z Cache hit for: gradle-instrumented-jars-v1-da27189608cc64b8ccdc1e8234084779
2026-04-18T04:44:59.8488692Z Cache hit for: gradle-dependencies-v1-117fbe653ac5533442942123eb8053be
2026-04-18T04:44:59.8509292Z Cache hit for: gradle-kotlin-dsl-v1-480db02c338146a39fb11ac4c9a416a6
2026-04-18T04:45:00.4977978Z Received 91211 of 91211 (100.0%), 0.2 MBs/sec
2026-04-18T04:45:00.4980499Z Cache Size: ~0 MB (91211 B)
2026-04-18T04:45:00.5015843Z [command]/usr/bin/tar -xf /home/runner/work/_temp/5b2d4bad-963c-4010-8d8c-002b9eaa920a/cache.tzst -P -C /home/runner/work/prismTask/prismTask --use-compress-program unzstd
2026-04-18T04:45:00.5151827Z Cache restored successfully
2026-04-18T04:45:00.5154028Z Restored cache entry with key gradle-groovy-dsl-v1-28b9a41f693ba754e53f6f5a3dfc445c to /home/runner/.gradle/caches/*/groovy-dsl/*/ in 903ms
2026-04-18T04:45:00.5194776Z Received 60531 of 60531 (100.0%), 0.1 MBs/sec
2026-04-18T04:45:00.5195273Z Cache Size: ~0 MB (60531 B)
2026-04-18T04:45:00.5216911Z [command]/usr/bin/tar -xf /home/runner/work/_temp/88e5fb2d-d4c5-4c7d-b1be-274c7476b5fd/cache.tzst -P -C /home/runner/work/prismTask/prismTask --use-compress-program unzstd
2026-04-18T04:45:00.5315909Z Cache restored successfully
2026-04-18T04:45:00.5318329Z Restored cache entry with key gradle-instrumented-jars-v1-da27189608cc64b8ccdc1e8234084779 to /home/runner/.gradle/caches/jars-*/*/ in 919ms
2026-04-18T04:45:00.5896358Z Received 181312 of 181312 (100.0%), 0.4 MBs/sec
2026-04-18T04:45:00.5897349Z Cache Size: ~0 MB (181312 B)
2026-04-18T04:45:00.6046856Z [command]/usr/bin/tar -xf /home/runner/work/_temp/92594676-45a6-4bc7-9137-c53223def7f6/cache.tzst -P -C /home/runner/work/prismTask/prismTask --use-compress-program unzstd
2026-04-18T04:45:00.6783423Z Cache restored successfully
2026-04-18T04:45:00.6786101Z Restored cache entry with key gradle-kotlin-dsl-v1-480db02c338146a39fb11ac4c9a416a6 to /home/runner/.gradle/caches/*/kotlin-dsl/accessors/*/,/home/runner/.gradle/caches/*/kotlin-dsl/scripts/*/ in 1066ms
2026-04-18T04:45:01.0718341Z Received 12582912 of 237739177 (5.3%), 12.0 MBs/sec
2026-04-18T04:45:01.0918403Z Received 4194304 of 41993404 (10.0%), 4.0 MBs/sec
2026-04-18T04:45:01.1092112Z Received 0 of 136352669 (0.0%), 0.0 MBs/sec
2026-04-18T04:45:01.1361939Z Received 4194304 of 834528743 (0.5%), 4.0 MBs/sec
2026-04-18T04:45:01.5067518Z Received 41993404 of 41993404 (100.0%), 28.3 MBs/sec
2026-04-18T04:45:01.5072781Z Cache Size: ~40 MB (41993404 B)
2026-04-18T04:45:01.5624832Z [command]/usr/bin/tar -xf /home/runner/work/_temp/e364f656-5713-4469-8998-3c08a1a65e1e/cache.tzst -P -C /home/runner/work/prismTask/prismTask --use-compress-program unzstd
2026-04-18T04:45:01.9255691Z Cache restored successfully
2026-04-18T04:45:01.9283809Z Restored cache entry with key gradle-generated-gradle-jars-v1-cb4b032a7d08b9bf1e84e9eacaebcc29 to /home/runner/.gradle/caches/9.3.1/generated-gradle-jars/gradle-api-9.3.1.jar in 2318ms
2026-04-18T04:45:02.1089891Z Received 134217728 of 237739177 (56.5%), 62.9 MBs/sec
2026-04-18T04:45:02.1374963Z Received 109051904 of 136352669 (80.0%), 51.3 MBs/sec
2026-04-18T04:45:02.1380490Z Received 100663296 of 834528743 (12.1%), 48.0 MBs/sec
2026-04-18T04:45:02.6447827Z Received 136352669 of 136352669 (100.0%), 51.3 MBs/sec
2026-04-18T04:45:02.6451343Z Cache Size: ~130 MB (136352669 B)
2026-04-18T04:45:02.6839809Z [command]/usr/bin/tar -xf /home/runner/work/_temp/2a3c2890-b2f6-4645-9ed0-ca469dbcbf6c/cache.tzst -P -C /home/runner/work/prismTask/prismTask --use-compress-program unzstd
2026-04-18T04:45:02.9274693Z Received 237739177 of 237739177 (100.0%), 79.4 MBs/sec
2026-04-18T04:45:02.9277423Z Cache Size: ~227 MB (237739177 B)
2026-04-18T04:45:02.9629059Z [command]/usr/bin/tar -xf /home/runner/work/_temp/ff69e553-1fb2-4dd9-8562-27eb3e91ac33/cache.tzst -P -C /home/runner/work/prismTask/prismTask --use-compress-program unzstd
2026-04-18T04:45:02.9683351Z Cache restored successfully
2026-04-18T04:45:02.9768723Z Restored cache entry with key gradle-wrapper-zips-v1-8c0de4c6bda6041d6e054bf825a89c98 to /home/runner/.gradle/wrapper/dists/gradle-9.3.1-bin/23ovyewtku6u96viwx3xl3oks in 3365ms
2026-04-18T04:45:03.1384167Z Received 226492416 of 834528743 (27.1%), 71.9 MBs/sec
2026-04-18T04:45:04.1394767Z Received 373293056 of 834528743 (44.7%), 88.9 MBs/sec
2026-04-18T04:45:05.1415913Z Received 415236096 of 834528743 (49.8%), 79.1 MBs/sec
2026-04-18T04:45:05.4129122Z Cache restored successfully
2026-04-18T04:45:05.4743850Z Restored cache entry with key gradle-transforms-v1-d6f0529bdb2d5e3e6d91ba90e5d47495 to /home/runner/.gradle/caches/transforms-4/*/,/home/runner/.gradle/caches/*/transforms/*/ in 5861ms
2026-04-18T04:45:06.1427213Z Received 574619648 of 834528743 (68.9%), 91.2 MBs/sec
2026-04-18T04:45:07.1433448Z Received 742391808 of 834528743 (89.0%), 101.0 MBs/sec
2026-04-18T04:45:07.6997939Z Received 834528743 of 834528743 (100.0%), 105.2 MBs/sec
2026-04-18T04:45:07.7001189Z Cache Size: ~796 MB (834528743 B)
2026-04-18T04:45:07.7140494Z [command]/usr/bin/tar -xf /home/runner/work/_temp/f28c88e9-cdbe-46b8-af9f-e00790e8f926/cache.tzst -P -C /home/runner/work/prismTask/prismTask --use-compress-program unzstd
2026-04-18T04:45:08.9523032Z Cache restored successfully
2026-04-18T04:45:08.9871155Z Restored cache entry with key gradle-dependencies-v1-117fbe653ac5533442942123eb8053be to /home/runner/.gradle/caches/modules-*/files-*/*/*/*/* in 9374ms
2026-04-18T04:45:09.0409277Z ##[endgroup]
2026-04-18T04:45:09.0703086Z ##[group]All Gradle Wrapper jars are valid
2026-04-18T04:45:09.0704457Z ✓ Found known Gradle Wrapper JAR files:
2026-04-18T04:45:09.0705406Z   b3a875ddc1f044746e1b1a55f645584505f4a10438c1afea9f15e92a7c42ec13 gradle/wrapper/gradle-wrapper.jar
2026-04-18T04:45:09.0706326Z ##[endgroup]
2026-04-18T04:45:09.0857930Z ##[group]Run chmod +x gradlew
2026-04-18T04:45:09.0858466Z [36;1mchmod +x gradlew[0m
2026-04-18T04:45:09.0882540Z shell: /usr/bin/bash --noprofile --norc -e -o pipefail {0}
2026-04-18T04:45:09.0882903Z env:
2026-04-18T04:45:09.0883251Z   JAVA_HOME: /opt/hostedtoolcache/Java_Temurin-Hotspot_jdk/21.0.10-7/x64
2026-04-18T04:45:09.0883772Z   JAVA_HOME_21_X64: /opt/hostedtoolcache/Java_Temurin-Hotspot_jdk/21.0.10-7/x64
2026-04-18T04:45:09.0884223Z   GRADLE_ACTION_ID: gradle/actions/setup-gradle
2026-04-18T04:45:09.0884550Z   GRADLE_USER_HOME: /home/runner/.gradle
2026-04-18T04:45:09.0884864Z   GRADLE_BUILD_ACTION_SETUP_COMPLETED: true
2026-04-18T04:45:09.0885180Z   GRADLE_BUILD_ACTION_CACHE_RESTORED: true
2026-04-18T04:45:09.0885638Z   DEVELOCITY_INJECTION_INIT_SCRIPT_NAME: gradle-actions.inject-develocity.init.gradle
2026-04-18T04:45:09.0886126Z   DEVELOCITY_INJECTION_CUSTOM_VALUE: gradle-actions
2026-04-18T04:45:09.0886459Z   GITHUB_DEPENDENCY_GRAPH_ENABLED: false
2026-04-18T04:45:09.0886744Z ##[endgroup]
2026-04-18T04:45:09.1218695Z ##[group]Run ./gradlew ktlintCheck --continue
2026-04-18T04:45:09.1219379Z [36;1m./gradlew ktlintCheck --continue[0m
2026-04-18T04:45:09.1243387Z shell: /usr/bin/bash -e {0}
2026-04-18T04:45:09.1243660Z env:
2026-04-18T04:45:09.1243985Z   JAVA_HOME: /opt/hostedtoolcache/Java_Temurin-Hotspot_jdk/21.0.10-7/x64
2026-04-18T04:45:09.1244509Z   JAVA_HOME_21_X64: /opt/hostedtoolcache/Java_Temurin-Hotspot_jdk/21.0.10-7/x64
2026-04-18T04:45:09.1244954Z   GRADLE_ACTION_ID: gradle/actions/setup-gradle
2026-04-18T04:45:09.1245284Z   GRADLE_USER_HOME: /home/runner/.gradle
2026-04-18T04:45:09.1245790Z   GRADLE_BUILD_ACTION_SETUP_COMPLETED: true
2026-04-18T04:45:09.1246107Z   GRADLE_BUILD_ACTION_CACHE_RESTORED: true
2026-04-18T04:45:09.1246602Z   DEVELOCITY_INJECTION_INIT_SCRIPT_NAME: gradle-actions.inject-develocity.init.gradle
2026-04-18T04:45:09.1247101Z   DEVELOCITY_INJECTION_CUSTOM_VALUE: gradle-actions
2026-04-18T04:45:09.1247438Z   GITHUB_DEPENDENCY_GRAPH_ENABLED: false
2026-04-18T04:45:09.1247761Z ##[endgroup]
2026-04-18T04:45:13.4175983Z Starting a Gradle Daemon (subsequent builds will be faster)
2026-04-18T04:45:19.3153224Z Configuration on demand is an incubating feature.
2026-04-18T04:45:25.8150002Z 
2026-04-18T04:45:25.8160450Z > Configure project :app
2026-04-18T04:45:25.8184887Z WARNING: The option setting 'android.builtInKotlin=false' is deprecated.
2026-04-18T04:45:25.8185712Z The current default is 'true'.
2026-04-18T04:45:25.8186370Z It will be removed in version 10.0 of the Android Gradle plugin.
2026-04-18T04:45:25.8187206Z WARNING: The option setting 'android.newDsl=false' is deprecated.
2026-04-18T04:45:25.8187943Z The current default is 'true'.
2026-04-18T04:45:25.8188584Z It will be removed in version 10.0 of the Android Gradle plugin.
2026-04-18T04:45:25.8189267Z WARNING: The option setting 'android.dependency.excludeLibraryComponentsFromConstraints=true' is deprecated.
2026-04-18T04:45:25.8189862Z The current default is 'false'.
2026-04-18T04:45:25.8190220Z It will be removed in version 10.0 of the Android Gradle plugin.
2026-04-18T04:45:25.8190652Z Following can be set instead to achieve a similar behaviour.
2026-04-18T04:45:25.8191044Z     android.dependency.useConstraints=false
2026-04-18T04:45:33.2157724Z w: file:///home/runner/work/prismTask/prismTask/app/build.gradle.kts:17:1: 'fun Project.android(configure: Action<BaseAppModuleExtension>): Unit' is deprecated. Replaced by com.android.build.api.dsl.ApplicationExtension.
2026-04-18T04:45:33.2161080Z This class is not used for the public extensions in AGP when android.newDsl=true, which is the default in AGP 9.0, and will be removed in AGP 10.0.
2026-04-18T04:45:33.2163552Z w: file:///home/runner/work/prismTask/prismTask/app/build.gradle.kts:209:1: 'val Project.android: BaseAppModuleExtension' is deprecated. Replaced by com.android.build.api.dsl.ApplicationExtension.
2026-04-18T04:45:33.2165860Z This class is not used for the public extensions in AGP when android.newDsl=true, which is the default in AGP 9.0, and will be removed in AGP 10.0.
2026-04-18T04:45:34.7199409Z w: ⚠️ Deprecated 'org.jetbrains.kotlin.android' plugin usage
2026-04-18T04:45:34.7210578Z The 'org.jetbrains.kotlin.android' plugin in project ':app' is no longer required for Kotlin support since AGP 9.0.
2026-04-18T04:45:34.7225706Z Solution: Remove both `android.builtInKotlin=true` and `android.newDsl=false` from `gradle.properties`, then migrate to built-in Kotlin.
2026-04-18T04:45:34.7227340Z See https://kotl.in/gradle/agp-built-in-kotlin for more details.
2026-04-18T04:45:34.7228362Z 
2026-04-18T04:45:34.9160992Z 
2026-04-18T04:45:34.9179711Z > Task :app:loadKtlintReporters FROM-CACHE
2026-04-18T04:45:34.9203411Z > Task :app:runKtlintCheckOverAndroidTestDebugSourceSet NO-SOURCE
2026-04-18T04:45:34.9230773Z > Task :app:ktlintAndroidTestDebugSourceSetCheck SKIPPED
2026-04-18T04:45:35.0192407Z > Task :app:runKtlintCheckOverAndroidTestReleaseSourceSet NO-SOURCE
2026-04-18T04:45:35.0250960Z > Task :app:ktlintAndroidTestReleaseSourceSetCheck SKIPPED
2026-04-18T04:45:35.0254316Z > Task :app:runKtlintCheckOverAndroidTestSourceSet FROM-CACHE
2026-04-18T04:45:35.0287014Z > Task :app:ktlintAndroidTestSourceSetCheck FROM-CACHE
2026-04-18T04:45:35.0311285Z > Task :app:runKtlintCheckOverDebugSourceSet NO-SOURCE
2026-04-18T04:45:35.0325053Z > Task :app:ktlintDebugSourceSetCheck SKIPPED
2026-04-18T04:45:35.2179509Z > Task :app:runKtlintCheckOverReleaseSourceSet NO-SOURCE
2026-04-18T04:45:35.2180422Z > Task :app:ktlintReleaseSourceSetCheck SKIPPED
2026-04-18T04:45:35.3169453Z > Task :app:runKtlintCheckOverTestDebugSourceSet NO-SOURCE
2026-04-18T04:45:35.3199077Z > Task :app:ktlintTestDebugSourceSetCheck SKIPPED
2026-04-18T04:45:35.3223171Z > Task :app:runKtlintCheckOverTestFixturesDebugSourceSet NO-SOURCE
2026-04-18T04:45:35.3259000Z > Task :app:ktlintTestFixturesDebugSourceSetCheck SKIPPED
2026-04-18T04:45:35.3260227Z > Task :app:runKtlintCheckOverTestFixturesReleaseSourceSet NO-SOURCE
2026-04-18T04:45:35.3289165Z > Task :app:ktlintTestFixturesReleaseSourceSetCheck SKIPPED
2026-04-18T04:45:35.3319152Z > Task :app:runKtlintCheckOverTestFixturesSourceSet NO-SOURCE
2026-04-18T04:45:35.3320452Z > Task :app:ktlintTestFixturesSourceSetCheck SKIPPED
2026-04-18T04:45:35.3322803Z > Task :app:runKtlintCheckOverTestReleaseSourceSet NO-SOURCE
2026-04-18T04:45:35.3323860Z > Task :app:ktlintTestReleaseSourceSetCheck SKIPPED
2026-04-18T04:45:35.3324741Z > Task :app:runKtlintCheckOverTestSourceSet FROM-CACHE
2026-04-18T04:45:35.3325600Z > Task :app:ktlintTestSourceSetCheck FROM-CACHE
2026-04-18T04:45:37.7158357Z > Task :app:runKtlintCheckOverKotlinScripts
2026-04-18T04:45:37.7189108Z > Task :app:ktlintKotlinScriptCheck FROM-CACHE
2026-04-18T04:45:57.2176465Z > Task :app:runKtlintCheckOverMainSourceSet
2026-04-18T04:45:57.3149655Z 
2026-04-18T04:45:57.3157017Z > Task :app:ktlintMainSourceSetCheck FAILED
2026-04-18T04:45:57.3159051Z /home/runner/work/prismTask/prismTask/app/src/main/java/com/averycorp/prismtask/ui/screens/selfcare/SelfCareScreen.kt:328:1 Exceeded max line length (140) (cannot be auto-corrected)
2026-04-18T04:45:57.3161192Z gradle/actions: Writing build results to /home/runner/work/_temp/.gradle-actions/build-results/__run-1776487521043.json
2026-04-18T04:45:57.4177894Z 
2026-04-18T04:45:57.4178692Z FAILURE: Build failed with an exception.
2026-04-18T04:45:57.4179148Z 
2026-04-18T04:45:57.4179321Z * What went wrong:
2026-04-18T04:45:57.4179784Z Execution failed for task ':app:ktlintMainSourceSetCheck'.
2026-04-18T04:45:57.4180770Z > A failure occurred while executing org.jlleitschuh.gradle.ktlint.worker.ConsoleReportWorkAction
2026-04-18T04:45:57.4181880Z    > KtLint found code style violations. Please see the following reports:
2026-04-18T04:45:57.4183101Z      - /home/runner/work/prismTask/prismTask/app/build/reports/ktlint/ktlintMainSourceSetCheck/ktlintMainSourceSetCheck.txt
2026-04-18T04:45:57.4183950Z 
2026-04-18T04:45:57.4184114Z * Try:
2026-04-18T04:45:57.4184590Z > Run with --stacktrace option to get the stack trace.
2026-04-18T04:45:57.4185282Z > Run with --info or --debug option to get more log output.
2026-04-18T04:45:57.4186075Z > Run with --scan to get full insights from a Build Scan (powered by Develocity).
2026-04-18T04:45:57.4186844Z > Get more help at https://help.gradle.org.
2026-04-18T04:45:57.4187217Z 
2026-04-18T04:45:57.4187378Z BUILD FAILED in 47s
2026-04-18T04:45:57.4187614Z 
2026-04-18T04:45:57.4191980Z [Incubating] Problems report is available at: file:///home/runner/work/prismTask/prismTask/build/reports/problems/problems-report.html
2026-04-18T04:45:57.4193303Z 
2026-04-18T04:45:57.4194027Z Deprecated Gradle features were used in this build, making it incompatible with Gradle 10.
2026-04-18T04:45:57.4194983Z 
2026-04-18T04:45:57.4195917Z You can use '--warning-mode all' to show the individual deprecation warnings and determine if they come from your own scripts or plugins.
2026-04-18T04:45:57.4197164Z 
2026-04-18T04:45:57.4199094Z For more on this, please refer to https://docs.gradle.org/9.3.1/userguide/command_line_interface.html#sec:command_line_warnings in the Gradle documentation.
2026-04-18T04:45:57.4200741Z 9 actionable tasks: 3 executed, 6 from cache
2026-04-18T04:45:57.8374179Z ##[error]Process completed with exit code 1.
2026-04-18T04:45:57.8423878Z ##[group]Run ./gradlew detekt --continue
2026-04-18T04:45:57.8424252Z [36;1m./gradlew detekt --continue[0m
2026-04-18T04:45:57.8445187Z shell: /usr/bin/bash -e {0}
2026-04-18T04:45:57.8445459Z env:
2026-04-18T04:45:57.8445778Z   JAVA_HOME: /opt/hostedtoolcache/Java_Temurin-Hotspot_jdk/21.0.10-7/x64
2026-04-18T04:45:57.8446294Z   JAVA_HOME_21_X64: /opt/hostedtoolcache/Java_Temurin-Hotspot_jdk/21.0.10-7/x64
2026-04-18T04:45:57.8447008Z   GRADLE_ACTION_ID: gradle/actions/setup-gradle
2026-04-18T04:45:57.8447340Z   GRADLE_USER_HOME: /home/runner/.gradle
2026-04-18T04:45:57.8447649Z   GRADLE_BUILD_ACTION_SETUP_COMPLETED: true
2026-04-18T04:45:57.8447965Z   GRADLE_BUILD_ACTION_CACHE_RESTORED: true
2026-04-18T04:45:57.8448663Z   DEVELOCITY_INJECTION_INIT_SCRIPT_NAME: gradle-actions.inject-develocity.init.gradle
2026-04-18T04:45:57.8449162Z   DEVELOCITY_INJECTION_CUSTOM_VALUE: gradle-actions
2026-04-18T04:45:57.8449499Z   GITHUB_DEPENDENCY_GRAPH_ENABLED: false
2026-04-18T04:45:57.8449811Z ##[endgroup]
2026-04-18T04:45:58.6399774Z Configuration on demand is an incubating feature.
2026-04-18T04:45:59.1389181Z 
2026-04-18T04:45:59.1417652Z > Configure project :app
2026-04-18T04:45:59.1449174Z WARNING: The option setting 'android.builtInKotlin=false' is deprecated.
2026-04-18T04:45:59.1450008Z The current default is 'true'.
2026-04-18T04:45:59.1450622Z It will be removed in version 10.0 of the Android Gradle plugin.
2026-04-18T04:45:59.1451482Z WARNING: The option setting 'android.newDsl=false' is deprecated.
2026-04-18T04:45:59.1452153Z The current default is 'true'.
2026-04-18T04:45:59.1452737Z It will be removed in version 10.0 of the Android Gradle plugin.
2026-04-18T04:45:59.1453885Z WARNING: The option setting 'android.dependency.excludeLibraryComponentsFromConstraints=true' is deprecated.
2026-04-18T04:45:59.1454977Z The current default is 'false'.
2026-04-18T04:45:59.1455587Z It will be removed in version 10.0 of the Android Gradle plugin.
2026-04-18T04:45:59.1456333Z Following can be set instead to achieve a similar behaviour.
2026-04-18T04:45:59.1456986Z     android.dependency.useConstraints=false
2026-04-18T04:45:59.1458004Z w: ⚠️ Deprecated 'org.jetbrains.kotlin.android' plugin usage
2026-04-18T04:45:59.1459314Z The 'org.jetbrains.kotlin.android' plugin in project ':app' is no longer required for Kotlin support since AGP 9.0.
2026-04-18T04:45:59.1460897Z Solution: Remove both `android.builtInKotlin=true` and `android.newDsl=false` from `gradle.properties`, then migrate to built-in Kotlin.
2026-04-18T04:45:59.1462216Z See https://kotl.in/gradle/agp-built-in-kotlin for more details.
2026-04-18T04:45:59.1462722Z 
2026-04-18T04:46:29.1378555Z 
2026-04-18T04:46:29.1388837Z > Task :app:detekt
2026-04-18T04:46:30.6366888Z /home/runner/work/prismTask/prismTask/app/src/main/java/com/averycorp/prismtask/ui/screens/selfcare/SelfCareScreen.kt:328:1: Exceeded max line length (140) [MaximumLineLength]
2026-04-18T04:46:30.6367950Z 
2026-04-18T04:46:30.6367956Z 
2026-04-18T04:46:30.6368391Z > Task :app:detekt FAILED
2026-04-18T04:46:30.7094849Z gradle/actions: Writing build results to /home/runner/work/_temp/.gradle-actions/build-results/__run_2-1776487558568.json
2026-04-18T04:46:30.7095828Z 
2026-04-18T04:46:30.7097173Z [Incubating] Problems report is available at: file:///home/runner/work/prismTask/prismTask/build/reports/problems/problems-report.html
2026-04-18T04:46:30.7110526Z 
2026-04-18T04:46:30.7116655Z 
2026-04-18T04:46:30.7117425Z Deprecated Gradle features were used in this build, making it incompatible with Gradle 10.
2026-04-18T04:46:30.7119684Z FAILURE: Build failed with an exception.
2026-04-18T04:46:30.7120076Z 
2026-04-18T04:46:30.7120237Z * What went wrong:
2026-04-18T04:46:30.7120679Z Execution failed for task ':app:detekt'.
2026-04-18T04:46:30.7121305Z > Analysis failed with 1 weighted issues.
2026-04-18T04:46:30.7121689Z 
2026-04-18T04:46:30.7121843Z * Try:
2026-04-18T04:46:30.7122293Z > Run with --stacktrace option to get the stack trace.
2026-04-18T04:46:30.7123406Z > Run with --info or --debug option to get more log output.
2026-04-18T04:46:30.7124256Z > Run with --scan to get full insights from a Build Scan (powered by Develocity).
2026-04-18T04:46:30.7125104Z > Get more help at https://help.gradle.org.
2026-04-18T04:46:30.7125504Z 
2026-04-18T04:46:30.7125678Z BUILD FAILED in 32s
2026-04-18T04:46:30.7125931Z 
2026-04-18T04:46:30.7126703Z You can use '--warning-mode all' to show the individual deprecation warnings and determine if they come from your own scripts or plugins.
2026-04-18T04:46:30.7127910Z 
2026-04-18T04:46:30.7129103Z For more on this, please refer to https://docs.gradle.org/9.3.1/userguide/command_line_interface.html#sec:command_line_warnings in the Gradle documentation.
2026-04-18T04:46:30.7130365Z 1 actionable task: 1 executed
2026-04-18T04:46:30.7193213Z ##[error]Process completed with exit code 1.
2026-04-18T04:46:30.7233597Z ##[group]Run ./gradlew lint --continue
2026-04-18T04:46:30.7234199Z [36;1m./gradlew lint --continue[0m
2026-04-18T04:46:30.7263881Z shell: /usr/bin/bash -e {0}
2026-04-18T04:46:30.7264325Z env:
2026-04-18T04:46:30.7264872Z   JAVA_HOME: /opt/hostedtoolcache/Java_Temurin-Hotspot_jdk/21.0.10-7/x64
2026-04-18T04:46:30.7265791Z   JAVA_HOME_21_X64: /opt/hostedtoolcache/Java_Temurin-Hotspot_jdk/21.0.10-7/x64
2026-04-18T04:46:30.7266572Z   GRADLE_ACTION_ID: gradle/actions/setup-gradle
2026-04-18T04:46:30.7267144Z   GRADLE_USER_HOME: /home/runner/.gradle
2026-04-18T04:46:30.7267700Z   GRADLE_BUILD_ACTION_SETUP_COMPLETED: true
2026-04-18T04:46:30.7268474Z   GRADLE_BUILD_ACTION_CACHE_RESTORED: true
2026-04-18T04:46:30.7269287Z   DEVELOCITY_INJECTION_INIT_SCRIPT_NAME: gradle-actions.inject-develocity.init.gradle
2026-04-18T04:46:30.7270168Z   DEVELOCITY_INJECTION_CUSTOM_VALUE: gradle-actions
2026-04-18T04:46:30.7270768Z   GITHUB_DEPENDENCY_GRAPH_ENABLED: false
2026-04-18T04:46:30.7271322Z ##[endgroup]
2026-04-18T04:46:31.5134709Z Configuration on demand is an incubating feature.
2026-04-18T04:46:31.8104744Z 
2026-04-18T04:46:31.8138604Z > Configure project :app
2026-04-18T04:46:31.8143849Z WARNING: The option setting 'android.builtInKotlin=false' is deprecated.
2026-04-18T04:46:31.8144893Z The current default is 'true'.
2026-04-18T04:46:31.8145903Z It will be removed in version 10.0 of the Android Gradle plugin.
2026-04-18T04:46:31.8147037Z WARNING: The option setting 'android.newDsl=false' is deprecated.
2026-04-18T04:46:31.8147997Z The current default is 'true'.
2026-04-18T04:46:31.8149167Z It will be removed in version 10.0 of the Android Gradle plugin.
2026-04-18T04:46:31.8150579Z WARNING: The option setting 'android.dependency.excludeLibraryComponentsFromConstraints=true' is deprecated.
2026-04-18T04:46:31.8151889Z The current default is 'false'.
2026-04-18T04:46:31.8152716Z It will be removed in version 10.0 of the Android Gradle plugin.
2026-04-18T04:46:31.8153701Z Following can be set instead to achieve a similar behaviour.
2026-04-18T04:46:31.8154387Z     android.dependency.useConstraints=false
2026-04-18T04:46:31.8155414Z w: ⚠️ Deprecated 'org.jetbrains.kotlin.android' plugin usage
2026-04-18T04:46:31.8156452Z The 'org.jetbrains.kotlin.android' plugin in project ':app' is no longer required for Kotlin support since AGP 9.0.
2026-04-18T04:46:31.8157985Z Solution: Remove both `android.builtInKotlin=true` and `android.newDsl=false` from `gradle.properties`, then migrate to built-in Kotlin.
2026-04-18T04:46:31.8159494Z See https://kotl.in/gradle/agp-built-in-kotlin for more details.
2026-04-18T04:46:31.8159989Z 
2026-04-18T04:46:33.0104905Z 
2026-04-18T04:46:33.0106524Z > Task :app:checkKotlinGradlePluginConfigurationErrors SKIPPED
2026-04-18T04:46:33.0107661Z > Task :app:preBuild UP-TO-DATE
2026-04-18T04:46:33.0108941Z > Task :app:preDebugBuild UP-TO-DATE
2026-04-18T04:46:33.0109816Z > Task :app:generateDebugBuildConfig
2026-04-18T04:46:33.1124742Z > Task :app:generateDebugResValues FROM-CACHE
2026-04-18T04:46:33.1125863Z > Task :app:generateDebugResources FROM-CACHE
2026-04-18T04:46:33.1126928Z > Task :app:injectCrashlyticsMappingFileIdDebug
2026-04-18T04:46:33.1127922Z > Task :app:processDebugGoogleServices FROM-CACHE
2026-04-18T04:46:33.1129150Z > Task :app:packageDebugResources FROM-CACHE
2026-04-18T04:46:33.5105787Z > Task :app:processDebugNavigationResources FROM-CACHE
2026-04-18T04:46:34.0119419Z > Task :app:parseDebugLocalResources FROM-CACHE
2026-04-18T04:46:34.0120223Z > Task :app:generateDebugRFile FROM-CACHE
2026-04-18T04:46:34.6142154Z > Task :app:javaPreCompileDebug FROM-CACHE
2026-04-18T04:46:34.7106544Z > Task :app:mapDebugSourceSetPaths
2026-04-18T04:46:34.7129030Z > Task :app:checkDebugAarMetadata
2026-04-18T04:46:34.7129788Z > Task :app:compileDebugNavigationResources FROM-CACHE
2026-04-18T04:46:34.9123392Z > Task :app:mergeDebugResources FROM-CACHE
2026-04-18T04:46:34.9138775Z > Task :app:createDebugCompatibleScreenManifests
2026-04-18T04:46:34.9153236Z > Task :app:extractDeepLinksDebug FROM-CACHE
2026-04-18T04:46:35.5114894Z > Task :app:processDebugMainManifest
2026-04-18T04:46:35.7110109Z > Task :app:processDebugManifest
2026-04-18T04:46:35.7111458Z > Task :app:preDebugAndroidTestBuild SKIPPED
2026-04-18T04:46:35.7112430Z > Task :app:generateDebugAndroidTestResValues FROM-CACHE
2026-04-18T04:46:35.7113306Z > Task :app:extractProguardFiles
2026-04-18T04:46:35.7114058Z > Task :app:preDebugUnitTestBuild UP-TO-DATE
2026-04-18T04:46:35.7114858Z > Task :app:processDebugManifestForPackage
2026-04-18T04:46:36.8118645Z > Task :app:processDebugResources
2026-04-18T04:47:04.0119160Z > Task :app:kspDebugKotlin
2026-04-18T04:47:37.1109742Z > Task :app:compileDebugKotlin
2026-04-18T04:48:41.7120647Z w: file:///home/runner/work/prismTask/prismTask/app/src/main/java/com/averycorp/prismtask/data/billing/BillingManager.kt:57:5 This annotation is currently applied to the value parameter only, but in the future it will also be applied to field.
2026-04-18T04:48:41.7149834Z - To opt in to applying to both value parameter and field, add '-Xannotation-default-target=param-property' to your compiler arguments.
2026-04-18T04:48:41.7179001Z - To keep applying to the value parameter only, use the '@param:' annotation target.
2026-04-18T04:48:41.7180008Z 
2026-04-18T04:48:41.7209065Z See https://youtrack.jetbrains.com/issue/KT-73255 for more details.
2026-04-18T04:48:41.7222661Z w: file:///home/runner/work/prismTask/prismTask/app/src/main/java/com/averycorp/prismtask/data/calendar/CalendarManager.kt:6:8 'class GoogleSignIn : Any' is deprecated. Deprecated in Java.
2026-04-18T04:48:41.7248558Z w: file:///home/runner/work/prismTask/prismTask/app/src/main/java/com/averycorp/prismtask/data/calendar/CalendarManager.kt:7:8 'class GoogleSignInOptions : AbstractSafeParcelable, Api.ApiOptions.Optional, ReflectedParcelable' is deprecated. Deprecated in Java.
2026-04-18T04:48:41.7257537Z w: file:///home/runner/work/prismTask/prismTask/app/src/main/java/com/averycorp/prismtask/data/calendar/CalendarManager.kt:44:5 This annotation is currently applied to the value parameter only, but in the future it will also be applied to field.
2026-04-18T04:48:41.7287745Z - To opt in to applying to both value parameter and field, add '-Xannotation-default-target=param-property' to your compiler arguments.
2026-04-18T04:48:41.7290072Z - To keep applying to the value parameter only, use the '@param:' annotation target.
2026-04-18T04:48:41.7290934Z 
2026-04-18T04:48:41.7291738Z See https://youtrack.jetbrains.com/issue/KT-73255 for more details.
2026-04-18T04:48:41.7293598Z w: file:///home/runner/work/prismTask/prismTask/app/src/main/java/com/averycorp/prismtask/data/calendar/CalendarManager.kt:58:23 'class GoogleSignIn : Any' is deprecated. Deprecated in Java.
2026-04-18T04:48:41.7296415Z w: file:///home/runner/work/prismTask/prismTask/app/src/main/java/com/averycorp/prismtask/data/calendar/CalendarManager.kt:69:85 'class GoogleSignInClient : GoogleApi<GoogleSignInOptions!>' is deprecated. Deprecated in Java.
2026-04-18T04:48:41.7299671Z w: file:///home/runner/work/prismTask/prismTask/app/src/main/java/com/averycorp/prismtask/data/calendar/CalendarManager.kt:70:19 'class GoogleSignInOptions : AbstractSafeParcelable, Api.ApiOptions.Optional, ReflectedParcelable' is deprecated. Deprecated in Java.
2026-04-18T04:48:41.7303302Z w: file:///home/runner/work/prismTask/prismTask/app/src/main/java/com/averycorp/prismtask/data/calendar/CalendarManager.kt:70:47 'class GoogleSignInOptions : AbstractSafeParcelable, Api.ApiOptions.Optional, ReflectedParcelable' is deprecated. Deprecated in Java.
2026-04-18T04:48:41.7306892Z w: file:///home/runner/work/prismTask/prismTask/app/src/main/java/com/averycorp/prismtask/data/calendar/CalendarManager.kt:74:16 'class GoogleSignIn : Any' is deprecated. Deprecated in Java.
2026-04-18T04:48:41.7309792Z w: file:///home/runner/work/prismTask/prismTask/app/src/main/java/com/averycorp/prismtask/data/calendar/CalendarManager.kt:85:28 'class GoogleSignIn : Any' is deprecated. Deprecated in Java.
2026-04-18T04:48:41.7312735Z w: file:///home/runner/work/prismTask/prismTask/app/src/main/java/com/averycorp/prismtask/data/calendar/CalendarManager.kt:121:24 'class GoogleSignIn : Any' is deprecated. Deprecated in Java.
2026-04-18T04:48:41.7315433Z w: file:///home/runner/work/prismTask/prismTask/app/src/main/java/com/averycorp/prismtask/data/calendar/CalendarManager.kt:156:23 'class GoogleSignIn : Any' is deprecated. Deprecated in Java.
2026-04-18T04:48:41.7318438Z w: file:///home/runner/work/prismTask/prismTask/app/src/main/java/com/averycorp/prismtask/data/calendar/CalendarManager.kt:224:23 'class GoogleSignIn : Any' is deprecated. Deprecated in Java.
2026-04-18T04:48:41.7321585Z w: file:///home/runner/work/prismTask/prismTask/app/src/main/java/com/averycorp/prismtask/data/calendar/DefaultCalendarPushDispatcher.kt:28:5 This annotation is currently applied to the value parameter only, but in the future it will also be applied to field.
2026-04-18T04:48:41.7324405Z - To opt in to applying to both value parameter and field, add '-Xannotation-default-target=param-property' to your compiler arguments.
2026-04-18T04:48:41.7325998Z - To keep applying to the value parameter only, use the '@param:' annotation target.
2026-04-18T04:48:41.7326807Z 
2026-04-18T04:48:41.7327362Z See https://youtrack.jetbrains.com/issue/KT-73255 for more details.
2026-04-18T04:48:41.8106998Z w: file:///home/runner/work/prismTask/prismTask/app/src/main/java/com/averycorp/prismtask/data/preferences/A11yPreferences.kt:22:5 This annotation is currently applied to the value parameter only, but in the future it will also be applied to field.
2026-04-18T04:48:41.8159598Z - To opt in to applying to both value parameter and field, add '-Xannotation-default-target=param-property' to your compiler arguments.
2026-04-18T04:48:41.8219307Z - To keep applying to the value parameter only, use the '@param:' annotation target.
2026-04-18T04:48:41.8253660Z 
2026-04-18T04:48:41.8304017Z See https://youtrack.jetbrains.com/issue/KT-73255 for more details.
2026-04-18T04:48:41.8330244Z w: file:///home/runner/work/prismTask/prismTask/app/src/main/java/com/averycorp/prismtask/data/preferences/ArchivePreferences.kt:21:5 This annotation is currently applied to the value parameter only, but in the future it will also be applied to field.
2026-04-18T04:48:41.8333566Z - To opt in to applying to both value parameter and field, add '-Xannotation-default-target=param-property' to your compiler arguments.
2026-04-18T04:48:41.8342705Z - To keep applying to the value parameter only, use the '@param:' annotation target.
2026-04-18T04:48:41.8343635Z 
2026-04-18T04:48:41.8344455Z See https://youtrack.jetbrains.com/issue/KT-73255 for more details.
2026-04-18T04:48:41.8346947Z w: file:///home/runner/work/prismTask/prismTask/app/src/main/java/com/averycorp/prismtask/data/preferences/AuthTokenPreferences.kt:30:5 This annotation is currently applied to the value parameter only, but in the future it will also be applied to field.
2026-04-18T04:48:41.8372801Z - To opt in to applying to both value parameter and field, add '-Xannotation-default-target=param-property' to your compiler arguments.
2026-04-18T04:48:41.8374500Z - To keep applying to the value parameter only, use the '@param:' annotation target.
2026-04-18T04:48:41.8375317Z 
2026-04-18T04:48:41.8375876Z See https://youtrack.jetbrains.com/issue/KT-73255 for more details.
2026-04-18T04:48:41.8378421Z w: file:///home/runner/work/prismTask/prismTask/app/src/main/java/com/averycorp/prismtask/data/preferences/BackendSyncPreferences.kt:29:5 This annotation is currently applied to the value parameter only, but in the future it will also be applied to field.
2026-04-18T04:48:41.8381785Z - To opt in to applying to both value parameter and field, add '-Xannotation-default-target=param-property' to your compiler arguments.
2026-04-18T04:48:41.8383320Z - To keep applying to the value parameter only, use the '@param:' annotation target.
2026-04-18T04:48:41.8384117Z 
2026-04-18T04:48:41.8384657Z See https://youtrack.jetbrains.com/issue/KT-73255 for more details.
2026-04-18T04:48:41.8387163Z w: file:///home/runner/work/prismTask/prismTask/app/src/main/java/com/averycorp/prismtask/data/preferences/CoachingPreferences.kt:30:5 This annotation is currently applied to the value parameter only, but in the future it will also be applied to field.
2026-04-18T04:48:41.8390091Z - To opt in to applying to both value parameter and field, add '-Xannotation-default-target=param-property' to your compiler arguments.
2026-04-18T04:48:41.8392232Z - To keep applying to the value parameter only, use the '@param:' annotation target.
2026-04-18T04:48:41.8393035Z 
2026-04-18T04:48:41.8393592Z See https://youtrack.jetbrains.com/issue/KT-73255 for more details.
2026-04-18T04:48:41.8395899Z w: file:///home/runner/work/prismTask/prismTask/app/src/main/java/com/averycorp/prismtask/data/preferences/DailyEssentialsPreferences.kt:28:5 This annotation is currently applied to the value parameter only, but in the future it will also be applied to field.
2026-04-18T04:48:41.8398854Z - To opt in to applying to both value parameter and field, add '-Xannotation-default-target=param-property' to your compiler arguments.
2026-04-18T04:48:41.8400418Z - To keep applying to the value parameter only, use the '@param:' annotation target.
2026-04-18T04:48:41.8401268Z 
2026-04-18T04:48:41.8401777Z See https://youtrack.jetbrains.com/issue/KT-73255 for more details.
2026-04-18T04:48:41.8403967Z w: file:///home/runner/work/prismTask/prismTask/app/src/main/java/com/averycorp/prismtask/data/preferences/DashboardPreferences.kt:22:5 This annotation is currently applied to the value parameter only, but in the future it will also be applied to field.
2026-04-18T04:48:41.8406586Z - To opt in to applying to both value parameter and field, add '-Xannotation-default-target=param-property' to your compiler arguments.
2026-04-18T04:48:41.8408350Z - To keep applying to the value parameter only, use the '@param:' annotation target.
2026-04-18T04:48:41.8409165Z 
2026-04-18T04:48:41.8409707Z See https://youtrack.jetbrains.com/issue/KT-73255 for more details.
2026-04-18T04:48:41.8411942Z w: file:///home/runner/work/prismTask/prismTask/app/src/main/java/com/averycorp/prismtask/data/preferences/HabitListPreferences.kt:31:5 This annotation is currently applied to the value parameter only, but in the future it will also be applied to field.
2026-04-18T04:48:41.8414651Z - To opt in to applying to both value parameter and field, add '-Xannotation-default-target=param-property' to your compiler arguments.
2026-04-18T04:48:41.8416367Z - To keep applying to the value parameter only, use the '@param:' annotation target.
2026-04-18T04:48:41.8448580Z 
2026-04-18T04:48:41.8456110Z See https://youtrack.jetbrains.com/issue/KT-73255 for more details.
2026-04-18T04:48:41.8458991Z w: file:///home/runner/work/prismTask/prismTask/app/src/main/java/com/averycorp/prismtask/data/preferences/LeisurePreferences.kt:83:5 This annotation is currently applied to the value parameter only, but in the future it will also be applied to field.
2026-04-18T04:48:41.8462169Z - To opt in to applying to both value parameter and field, add '-Xannotation-default-target=param-property' to your compiler arguments.
2026-04-18T04:48:41.8463850Z - To keep applying to the value parameter only, use the '@param:' annotation target.
2026-04-18T04:48:41.8464684Z 
2026-04-18T04:48:41.8465239Z See https://youtrack.jetbrains.com/issue/KT-73255 for more details.
2026-04-18T04:48:41.8467628Z w: file:///home/runner/work/prismTask/prismTask/app/src/main/java/com/averycorp/prismtask/data/preferences/MedicationPreferences.kt:26:5 This annotation is currently applied to the value parameter only, but in the future it will also be applied to field.
2026-04-18T04:48:41.8471582Z - To opt in to applying to both value parameter and field, add '-Xannotation-default-target=param-property' to your compiler arguments.
2026-04-18T04:48:41.8473169Z - To keep applying to the value parameter only, use the '@param:' annotation target.
2026-04-18T04:48:41.8473977Z 
2026-04-18T04:48:41.8474787Z See https://youtrack.jetbrains.com/issue/KT-73255 for more details.
2026-04-18T04:48:41.8477258Z w: file:///home/runner/work/prismTask/prismTask/app/src/main/java/com/averycorp/prismtask/data/preferences/MorningCheckInPreferences.kt:32:5 This annotation is currently applied to the value parameter only, but in the future it will also be applied to field.
2026-04-18T04:48:41.8480242Z - To opt in to applying to both value parameter and field, add '-Xannotation-default-target=param-property' to your compiler arguments.
2026-04-18T04:48:41.8481784Z - To keep applying to the value parameter only, use the '@param:' annotation target.
2026-04-18T04:48:41.8482571Z 
2026-04-18T04:48:41.8483093Z See https://youtrack.jetbrains.com/issue/KT-73255 for more details.
2026-04-18T04:48:41.8485303Z w: file:///home/runner/work/prismTask/prismTask/app/src/main/java/com/averycorp/prismtask/data/preferences/OnboardingPreferences.kt:22:5 This annotation is currently applied to the value parameter only, but in the future it will also be applied to field.
2026-04-18T04:48:41.8487982Z - To opt in to applying to both value parameter and field, add '-Xannotation-default-target=param-property' to your compiler arguments.
2026-04-18T04:48:41.8489958Z - To keep applying to the value parameter only, use the '@param:' annotation target.
2026-04-18T04:48:41.8490779Z 
2026-04-18T04:48:41.8491300Z See https://youtrack.jetbrains.com/issue/KT-73255 for more details.
2026-04-18T04:48:41.8493571Z w: file:///home/runner/work/prismTask/prismTask/app/src/main/java/com/averycorp/prismtask/data/preferences/ProStatusPreferences.kt:22:5 This annotation is currently applied to the value parameter only, but in the future it will also be applied to field.
2026-04-18T04:48:41.8496281Z - To opt in to applying to both value parameter and field, add '-Xannotation-default-target=param-property' to your compiler arguments.
2026-04-18T04:48:41.8497793Z - To keep applying to the value parameter only, use the '@param:' annotation target.
2026-04-18T04:48:41.8498825Z 
2026-04-18T04:48:41.8499368Z See https://youtrack.jetbrains.com/issue/KT-73255 for more details.
2026-04-18T04:48:41.8501621Z w: file:///home/runner/work/prismTask/prismTask/app/src/main/java/com/averycorp/prismtask/data/preferences/ShakePreferences.kt:28:5 This annotation is currently applied to the value parameter only, but in the future it will also be applied to field.
2026-04-18T04:48:41.8504245Z - To opt in to applying to both value parameter and field, add '-Xannotation-default-target=param-property' to your compiler arguments.
2026-04-18T04:48:41.8505795Z - To keep applying to the value parameter only, use the '@param:' annotation target.
2026-04-18T04:48:41.8506581Z 
2026-04-18T04:48:41.8507096Z See https://youtrack.jetbrains.com/issue/KT-73255 for more details.
2026-04-18T04:48:41.8509450Z w: file:///home/runner/work/prismTask/prismTask/app/src/main/java/com/averycorp/prismtask/data/preferences/TabPreferences.kt:22:5 This annotation is currently applied to the value parameter only, but in the future it will also be applied to field.
2026-04-18T04:48:41.8524863Z - To opt in to applying to both value parameter and field, add '-Xannotation-default-target=param-property' to your compiler arguments.
2026-04-18T04:48:41.8526401Z - To keep applying to the value parameter only, use the '@param:' annotation target.
2026-04-18T04:48:41.8527159Z 
2026-04-18T04:48:41.8527689Z See https://youtrack.jetbrains.com/issue/KT-73255 for more details.
2026-04-18T04:48:41.8530270Z w: file:///home/runner/work/prismTask/prismTask/app/src/main/java/com/averycorp/prismtask/data/preferences/TaskBehaviorPreferences.kt:32:5 This annotation is currently applied to the value parameter only, but in the future it will also be applied to field.
2026-04-18T04:48:41.8533373Z - To opt in to applying to both value parameter and field, add '-Xannotation-default-target=param-property' to your compiler arguments.
2026-04-18T04:48:41.8537279Z - To keep applying to the value parameter only, use the '@param:' annotation target.
2026-04-18T04:48:41.8538420Z 
2026-04-18T04:48:41.8539095Z See https://youtrack.jetbrains.com/issue/KT-73255 for more details.
2026-04-18T04:48:41.8541126Z w: file:///home/runner/work/prismTask/prismTask/app/src/main/java/com/averycorp/prismtask/data/preferences/TemplatePreferences.kt:31:5 This annotation is currently applied to the value parameter only, but in the future it will also be applied to field.
2026-04-18T04:48:41.8543540Z - To opt in to applying to both value parameter and field, add '-Xannotation-default-target=param-property' to your compiler arguments.
2026-04-18T04:48:41.8544947Z - To keep applying to the value parameter only, use the '@param:' annotation target.
2026-04-18T04:48:41.8545598Z 
2026-04-18T04:48:41.8545992Z See https://youtrack.jetbrains.com/issue/KT-73255 for more details.
2026-04-18T04:48:41.8548376Z w: file:///home/runner/work/prismTask/prismTask/app/src/main/java/com/averycorp/prismtask/data/preferences/ThemePreferences.kt:22:5 This annotation is currently applied to the value parameter only, but in the future it will also be applied to field.
2026-04-18T04:48:41.8550936Z - To opt in to applying to both value parameter and field, add '-Xannotation-default-target=param-property' to your compiler arguments.
2026-04-18T04:48:41.8552361Z - To keep applying to the value parameter only, use the '@param:' annotation target.
2026-04-18T04:48:41.8553012Z 
2026-04-18T04:48:41.8553403Z See https://youtrack.jetbrains.com/issue/KT-73255 for more details.
2026-04-18T04:48:41.8555503Z w: file:///home/runner/work/prismTask/prismTask/app/src/main/java/com/averycorp/prismtask/data/preferences/TimerPreferences.kt:23:5 This annotation is currently applied to the value parameter only, but in the future it will also be applied to field.
2026-04-18T04:48:41.8557989Z - To opt in to applying to both value parameter and field, add '-Xannotation-default-target=param-property' to your compiler arguments.
2026-04-18T04:48:41.8559651Z - To keep applying to the value parameter only, use the '@param:' annotation target.
2026-04-18T04:48:41.8560321Z 
2026-04-18T04:48:41.8560736Z See https://youtrack.jetbrains.com/issue/KT-73255 for more details.
2026-04-18T04:48:41.8563248Z w: file:///home/runner/work/prismTask/prismTask/app/src/main/java/com/averycorp/prismtask/data/preferences/VoicePreferences.kt:22:5 This annotation is currently applied to the value parameter only, but in the future it will also be applied to field.
2026-04-18T04:48:41.8565763Z - To opt in to applying to both value parameter and field, add '-Xannotation-default-target=param-property' to your compiler arguments.
2026-04-18T04:48:41.8567159Z - To keep applying to the value parameter only, use the '@param:' annotation target.
2026-04-18T04:48:41.8567782Z 
2026-04-18T04:48:41.8568394Z See https://youtrack.jetbrains.com/issue/KT-73255 for more details.
2026-04-18T04:48:41.8570442Z w: file:///home/runner/work/prismTask/prismTask/app/src/main/java/com/averycorp/prismtask/data/remote/AuthManager.kt:30:5 This annotation is currently applied to the value parameter only, but in the future it will also be applied to field.
2026-04-18T04:48:41.8572876Z - To opt in to applying to both value parameter and field, add '-Xannotation-default-target=param-property' to your compiler arguments.
2026-04-18T04:48:41.8574258Z - To keep applying to the value parameter only, use the '@param:' annotation target.
2026-04-18T04:48:41.8574869Z 
2026-04-18T04:48:41.8575227Z See https://youtrack.jetbrains.com/issue/KT-73255 for more details.
2026-04-18T04:48:41.8576876Z w: file:///home/runner/work/prismTask/prismTask/app/src/main/java/com/averycorp/prismtask/data/remote/GoogleDriveService.kt:4:8 'class GoogleSignIn : Any' is deprecated. Deprecated in Java.
2026-04-18T04:48:41.8610933Z w: file:///home/runner/work/prismTask/prismTask/app/src/main/java/com/averycorp/prismtask/data/remote/GoogleDriveService.kt:23:5 This annotation is currently applied to the value parameter only, but in the future it will also be applied to field.
2026-04-18T04:48:41.8613818Z - To opt in to applying to both value parameter and field, add '-Xannotation-default-target=param-property' to your compiler arguments.
2026-04-18T04:48:41.8615245Z - To keep applying to the value parameter only, use the '@param:' annotation target.
2026-04-18T04:48:41.8615873Z 
2026-04-18T04:48:41.8616260Z See https://youtrack.jetbrains.com/issue/KT-73255 for more details.
2026-04-18T04:48:41.8618040Z w: file:///home/runner/work/prismTask/prismTask/app/src/main/java/com/averycorp/prismtask/data/remote/GoogleDriveService.kt:33:23 'class GoogleSignIn : Any' is deprecated. Deprecated in Java.
2026-04-18T04:48:41.8640947Z w: file:///home/runner/work/prismTask/prismTask/app/src/main/java/com/averycorp/prismtask/data/remote/GoogleDriveService.kt:143:34 'class GoogleSignIn : Any' is deprecated. Deprecated in Java.
2026-04-18T04:48:41.8643798Z w: file:///home/runner/work/prismTask/prismTask/app/src/main/java/com/averycorp/prismtask/data/repository/CustomSoundRepository.kt:34:5 This annotation is currently applied to the value parameter only, but in the future it will also be applied to field.
2026-04-18T04:48:41.8646270Z - To opt in to applying to both value parameter and field, add '-Xannotation-default-target=param-property' to your compiler arguments.
2026-04-18T04:48:41.8647626Z - To keep applying to the value parameter only, use the '@param:' annotation target.
2026-04-18T04:48:41.8648428Z 
2026-04-18T04:48:41.8648787Z See https://youtrack.jetbrains.com/issue/KT-73255 for more details.
2026-04-18T04:48:41.8650528Z w: file:///home/runner/work/prismTask/prismTask/app/src/main/java/com/averycorp/prismtask/domain/usecase/NaturalLanguageParser.kt:300:48 Unnecessary safe call on a non-null receiver of type 'LocalDate'.
2026-04-18T04:48:41.8653361Z w: file:///home/runner/work/prismTask/prismTask/app/src/main/java/com/averycorp/prismtask/domain/usecase/ShakeDetector.kt:20:5 This annotation is currently applied to the value parameter only, but in the future it will also be applied to field.
2026-04-18T04:48:41.8655784Z - To opt in to applying to both value parameter and field, add '-Xannotation-default-target=param-property' to your compiler arguments.
2026-04-18T04:48:41.8657124Z - To keep applying to the value parameter only, use the '@param:' annotation target.
2026-04-18T04:48:41.8657720Z 
2026-04-18T04:48:41.8658261Z See https://youtrack.jetbrains.com/issue/KT-73255 for more details.
2026-04-18T04:48:41.8660635Z w: file:///home/runner/work/prismTask/prismTask/app/src/main/java/com/averycorp/prismtask/domain/usecase/TextToSpeechManager.kt:20:5 This annotation is currently applied to the value parameter only, but in the future it will also be applied to field.
2026-04-18T04:48:41.8663076Z - To opt in to applying to both value parameter and field, add '-Xannotation-default-target=param-property' to your compiler arguments.
2026-04-18T04:48:41.8664410Z - To keep applying to the value parameter only, use the '@param:' annotation target.
2026-04-18T04:48:41.8665029Z 
2026-04-18T04:48:41.8665397Z See https://youtrack.jetbrains.com/issue/KT-73255 for more details.
2026-04-18T04:48:41.8667411Z w: file:///home/runner/work/prismTask/prismTask/app/src/main/java/com/averycorp/prismtask/domain/usecase/VoiceInputManager.kt:35:5 This annotation is currently applied to the value parameter only, but in the future it will also be applied to field.
2026-04-18T04:48:41.8670044Z - To opt in to applying to both value parameter and field, add '-Xannotation-default-target=param-property' to your compiler arguments.
2026-04-18T04:48:41.8671385Z - To keep applying to the value parameter only, use the '@param:' annotation target.
2026-04-18T04:48:41.8671978Z 
2026-04-18T04:48:41.8672326Z See https://youtrack.jetbrains.com/issue/KT-73255 for more details.
2026-04-18T04:48:41.8674664Z w: file:///home/runner/work/prismTask/prismTask/app/src/main/java/com/averycorp/prismtask/notifications/EscalationScheduler.kt:29:5 This annotation is currently applied to the value parameter only, but in the future it will also be applied to field.
2026-04-18T04:48:41.8677299Z - To opt in to applying to both value parameter and field, add '-Xannotation-default-target=param-property' to your compiler arguments.
2026-04-18T04:48:41.8678843Z - To keep applying to the value parameter only, use the '@param:' annotation target.
2026-04-18T04:48:41.8679437Z 
2026-04-18T04:48:41.8679801Z See https://youtrack.jetbrains.com/issue/KT-73255 for more details.
2026-04-18T04:48:41.8681879Z w: file:///home/runner/work/prismTask/prismTask/app/src/main/java/com/averycorp/prismtask/notifications/MedicationReminderScheduler.kt:32:5 This annotation is currently applied to the value parameter only, but in the future it will also be applied to field.
2026-04-18T04:48:41.8684442Z - To opt in to applying to both value parameter and field, add '-Xannotation-default-target=param-property' to your compiler arguments.
2026-04-18T04:48:41.8685768Z - To keep applying to the value parameter only, use the '@param:' annotation target.
2026-04-18T04:48:41.8686343Z 
2026-04-18T04:48:41.8686696Z See https://youtrack.jetbrains.com/issue/KT-73255 for more details.
2026-04-18T04:48:41.8688880Z w: file:///home/runner/work/prismTask/prismTask/app/src/main/java/com/averycorp/prismtask/notifications/NotificationTester.kt:28:5 This annotation is currently applied to the value parameter only, but in the future it will also be applied to field.
2026-04-18T04:48:41.8691274Z - To opt in to applying to both value parameter and field, add '-Xannotation-default-target=param-property' to your compiler arguments.
2026-04-18T04:48:41.8692593Z - To keep applying to the value parameter only, use the '@param:' annotation target.
2026-04-18T04:48:41.8693197Z 
2026-04-18T04:48:41.8693561Z See https://youtrack.jetbrains.com/issue/KT-73255 for more details.
2026-04-18T04:48:41.8695591Z w: file:///home/runner/work/prismTask/prismTask/app/src/main/java/com/averycorp/prismtask/notifications/ReminderScheduler.kt:21:5 This annotation is currently applied to the value parameter only, but in the future it will also be applied to field.
2026-04-18T04:48:41.8698031Z - To opt in to applying to both value parameter and field, add '-Xannotation-default-target=param-property' to your compiler arguments.
2026-04-18T04:48:41.8699526Z - To keep applying to the value parameter only, use the '@param:' annotation target.
2026-04-18T04:48:41.8700109Z 
2026-04-18T04:48:41.8700455Z See https://youtrack.jetbrains.com/issue/KT-73255 for more details.
2026-04-18T04:48:41.8702429Z w: file:///home/runner/work/prismTask/prismTask/app/src/main/java/com/averycorp/prismtask/ui/screens/feedback/BugReportViewModel.kt:50:5 This annotation is currently applied to the value parameter only, but in the future it will also be applied to field.
2026-04-18T04:48:41.8704800Z - To opt in to applying to both value parameter and field, add '-Xannotation-default-target=param-property' to your compiler arguments.
2026-04-18T04:48:41.8706083Z - To keep applying to the value parameter only, use the '@param:' annotation target.
2026-04-18T04:48:41.8706666Z 
2026-04-18T04:48:41.8707004Z See https://youtrack.jetbrains.com/issue/KT-73255 for more details.
2026-04-18T04:48:41.8708826Z w: file:///home/runner/work/prismTask/prismTask/app/src/main/java/com/averycorp/prismtask/ui/screens/habits/HabitListViewModel.kt:162:32 Unchecked cast of 'Any?' to 'List<SelfCareStepEntity>'.
2026-04-18T04:48:41.8711828Z w: file:///home/runner/work/prismTask/prismTask/app/src/main/java/com/averycorp/prismtask/ui/screens/habits/HabitListViewModel.kt:163:32 Unchecked cast of 'Any?' to 'List<SelfCareStepEntity>'.
2026-04-18T04:48:41.8714266Z w: file:///home/runner/work/prismTask/prismTask/app/src/main/java/com/averycorp/prismtask/ui/screens/habits/HabitListViewModel.kt:164:34 Unchecked cast of 'Any?' to 'List<SelfCareStepEntity>'.
2026-04-18T04:48:41.8717336Z w: file:///home/runner/work/prismTask/prismTask/app/src/main/java/com/averycorp/prismtask/ui/screens/habits/HabitListViewModel.kt:171:34 Unchecked cast of 'Any?' to 'List<SelfCareStepEntity>'.
2026-04-18T04:48:41.8720697Z w: file:///home/runner/work/prismTask/prismTask/app/src/main/java/com/averycorp/prismtask/ui/screens/pomodoro/SmartPomodoroViewModel.kt:82:5 This annotation is currently applied to the value parameter only, but in the future it will also be applied to field.
2026-04-18T04:48:41.8723181Z - To opt in to applying to both value parameter and field, add '-Xannotation-default-target=param-property' to your compiler arguments.
2026-04-18T04:48:41.8724538Z - To keep applying to the value parameter only, use the '@param:' annotation target.
2026-04-18T04:48:41.8725143Z 
2026-04-18T04:48:41.8725507Z See https://youtrack.jetbrains.com/issue/KT-73255 for more details.
2026-04-18T04:48:41.8727451Z w: file:///home/runner/work/prismTask/prismTask/app/src/main/java/com/averycorp/prismtask/ui/screens/schoolwork/SyllabusViewModel.kt:30:5 This annotation is currently applied to the value parameter only, but in the future it will also be applied to field.
2026-04-18T04:48:41.8729615Z - To opt in to applying to both value parameter and field, add '-Xannotation-default-target=param-property' to your compiler arguments.
2026-04-18T04:48:41.8730864Z - To keep applying to the value parameter only, use the '@param:' annotation target.
2026-04-18T04:48:41.8731458Z 
2026-04-18T04:48:41.8731823Z See https://youtrack.jetbrains.com/issue/KT-73255 for more details.
2026-04-18T04:48:41.8733983Z w: file:///home/runner/work/prismTask/prismTask/app/src/main/java/com/averycorp/prismtask/ui/screens/settings/SettingsViewModel.kt:70:5 This annotation is currently applied to the value parameter only, but in the future it will also be applied to field.
2026-04-18T04:48:41.8736408Z - To opt in to applying to both value parameter and field, add '-Xannotation-default-target=param-property' to your compiler arguments.
2026-04-18T04:48:41.8737825Z - To keep applying to the value parameter only, use the '@param:' annotation target.
2026-04-18T04:48:41.8744515Z 
2026-04-18T04:48:41.8744943Z See https://youtrack.jetbrains.com/issue/KT-73255 for more details.
2026-04-18T04:48:41.8747257Z w: file:///home/runner/work/prismTask/prismTask/app/src/main/java/com/averycorp/prismtask/ui/screens/tasklist/TaskListScreen.kt:468:55 'val Icons.Filled.FormatListBulleted: ImageVector' is deprecated. Use the AutoMirrored version at Icons.AutoMirrored.Filled.FormatListBulleted.
2026-04-18T04:48:41.8749543Z w: file:///home/runner/work/prismTask/prismTask/app/src/main/java/com/averycorp/prismtask/ui/screens/templates/TemplatePickerSheet.kt:236:35 'val Icons.Filled.OpenInNew: ImageVector' is deprecated. Use the AutoMirrored version at Icons.AutoMirrored.Filled.OpenInNew.
2026-04-18T04:48:41.8751329Z w: file:///home/runner/work/prismTask/prismTask/app/src/main/java/com/averycorp/prismtask/ui/screens/timer/TimerViewModel.kt:43:5 This annotation is currently applied to the value parameter only, but in the future it will also be applied to field.
2026-04-18T04:48:41.8752640Z - To opt in to applying to both value parameter and field, add '-Xannotation-default-target=param-property' to your compiler arguments.
2026-04-18T04:48:41.8753378Z - To keep applying to the value parameter only, use the '@param:' annotation target.
2026-04-18T04:48:41.8753714Z 
2026-04-18T04:48:41.8753927Z See https://youtrack.jetbrains.com/issue/KT-73255 for more details.
2026-04-18T04:48:41.8755316Z w: file:///home/runner/work/prismTask/prismTask/app/src/main/java/com/averycorp/prismtask/ui/screens/today/TodayScreen.kt:832:9 'fun AlertDialog(onDismissRequest: () -> Unit, modifier: Modifier = ..., properties: DialogProperties = ..., content: ComposableFunction0<Unit>): Unit' is deprecated. Use BasicAlertDialog instead.
2026-04-18T04:48:41.8757229Z w: file:///home/runner/work/prismTask/prismTask/app/src/main/java/com/averycorp/prismtask/widget/WidgetUpdateManager.kt:26:5 This annotation is currently applied to the value parameter only, but in the future it will also be applied to field.
2026-04-18T04:48:41.8759116Z - To opt in to applying to both value parameter and field, add '-Xannotation-default-target=param-property' to your compiler arguments.
2026-04-18T04:48:41.8759848Z - To keep applying to the value parameter only, use the '@param:' annotation target.
2026-04-18T04:48:41.8760319Z 
2026-04-18T04:48:41.8760528Z See https://youtrack.jetbrains.com/issue/KT-73255 for more details.
2026-04-18T04:48:41.8761605Z w: file:///home/runner/work/prismTask/prismTask/app/src/main/java/com/averycorp/prismtask/workers/CalendarSyncScheduler.kt:33:5 This annotation is currently applied to the value parameter only, but in the future it will also be applied to field.
2026-04-18T04:48:41.8762881Z - To opt in to applying to both value parameter and field, add '-Xannotation-default-target=param-property' to your compiler arguments.
2026-04-18T04:48:41.8763605Z - To keep applying to the value parameter only, use the '@param:' annotation target.
2026-04-18T04:48:41.8763928Z 
2026-04-18T04:48:41.8764124Z See https://youtrack.jetbrains.com/issue/KT-73255 for more details.
2026-04-18T04:48:50.8105346Z 
2026-04-18T04:48:50.8119290Z > Task :app:compileDebugJavaWithJavac
2026-04-18T04:48:50.8137996Z > Task :app:hiltSyncDebug
2026-04-18T04:48:51.6107300Z > Task :app:hiltAggregateDepsDebug FROM-CACHE
2026-04-18T04:48:55.9106272Z > Task :app:hiltJavaCompileDebug
2026-04-18T04:48:56.3104609Z > Task :app:bundleDebugClassesToCompileJar
2026-04-18T04:48:56.7129314Z > Task :app:generateDebugLintReportModel
2026-04-18T04:48:57.1104907Z > Task :app:generateDebugAndroidTestLintModel
2026-04-18T04:48:57.2123835Z > Task :app:generateDebugUnitTestLintModel
2026-04-18T04:49:27.2129408Z > Task :app:lintAnalyzeDebug
2026-04-18T04:49:27.4108768Z > Task :app:lintAnalyzeDebugAndroidTest
2026-04-18T04:49:27.4139176Z > Task :app:lintAnalyzeDebugUnitTest
2026-04-18T04:51:27.2105047Z 
2026-04-18T04:51:27.2119493Z > Task :app:lintReportDebug
2026-04-18T04:51:27.2120878Z Wrote HTML report to file:///home/runner/work/prismTask/prismTask/app/build/reports/lint-results-debug.html
2026-04-18T04:51:27.2122024Z 
2026-04-18T04:51:27.2122360Z > Task :app:lintDebug
2026-04-18T04:51:27.2122983Z > Task :app:lint
2026-04-18T04:51:27.2124109Z gradle/actions: Writing build results to /home/runner/work/_temp/.gradle-actions/build-results/__run_3-1776487591438.json
2026-04-18T04:51:27.2125202Z 
2026-04-18T04:51:27.2126209Z [Incubating] Problems report is available at: file:///home/runner/work/prismTask/prismTask/build/reports/problems/problems-report.html
2026-04-18T04:51:27.2127419Z 
2026-04-18T04:51:27.2128412Z Deprecated Gradle features were used in this build, making it incompatible with Gradle 10.
2026-04-18T04:51:27.2129324Z 
2026-04-18T04:51:27.2130342Z You can use '--warning-mode all' to show the individual deprecation warnings and determine if they come from your own scripts or plugins.
2026-04-18T04:51:27.2131547Z 
2026-04-18T04:51:27.2132595Z For more on this, please refer to https://docs.gradle.org/9.3.1/userguide/command_line_interface.html#sec:command_line_warnings in the Gradle documentation.
2026-04-18T04:51:27.2133899Z 
2026-04-18T04:51:27.2134339Z BUILD SUCCESSFUL in 4m 56s
2026-04-18T04:51:27.2135047Z 36 actionable tasks: 23 executed, 13 from cache
2026-04-18T04:51:27.2608827Z ##[group]Run set -euo pipefail
2026-04-18T04:51:27.2609418Z [36;1mset -euo pipefail[0m
2026-04-18T04:51:27.2609893Z [36;1mshopt -s globstar nullglob[0m
2026-04-18T04:51:27.2610446Z [36;1mxmls=(app/build/test-results/**/*.xml)[0m
2026-04-18T04:51:27.2610994Z [36;1mif [ ${#xmls[@]} -eq 0 ]; then[0m
2026-04-18T04:51:27.2611842Z [36;1m  echo "::error::No JUnit XML results found under app/build/test-results/. Did the test task run?"[0m
2026-04-18T04:51:27.2612694Z [36;1m  exit 1[0m
2026-04-18T04:51:27.2613047Z [36;1mfi[0m
2026-04-18T04:51:27.2613414Z [36;1mfailed=0[0m
2026-04-18T04:51:27.2613795Z [36;1mfor f in "${xmls[@]}"; do[0m
2026-04-18T04:51:27.2614783Z [36;1m  fails=$(grep -oE 'failures="[0-9]+"' "$f" | head -n1 | grep -oE '[0-9]+' || echo 0)[0m
2026-04-18T04:51:27.2615732Z [36;1m  errs=$(grep -oE 'errors="[0-9]+"' "$f" | head -n1 | grep -oE '[0-9]+' || echo 0)[0m
2026-04-18T04:51:27.2616573Z [36;1m  if [ "${fails:-0}" -gt 0 ] || [ "${errs:-0}" -gt 0 ]; then[0m
2026-04-18T04:51:27.2617339Z [36;1m    echo "::error file=${f}::${fails} failure(s), ${errs} error(s) in ${f}"[0m
2026-04-18T04:51:27.2618052Z [36;1m    failed=$((failed + fails + errs))[0m
2026-04-18T04:51:27.2627900Z [36;1m  fi[0m
2026-04-18T04:51:27.2628587Z [36;1mdone[0m
2026-04-18T04:51:27.2628975Z [36;1mif [ "$failed" -gt 0 ]; then[0m
2026-04-18T04:51:27.2629978Z [36;1m  echo "::error::${failed} unit-test failure(s)/error(s) detected. See annotations and the test-results artifact."[0m
2026-04-18T04:51:27.2630927Z [36;1m  exit 1[0m
2026-04-18T04:51:27.2631287Z [36;1mfi[0m
2026-04-18T04:51:27.2631740Z [36;1mecho "All ${#xmls[@]} JUnit XML reports clean."[0m
2026-04-18T04:51:27.2661133Z shell: /usr/bin/bash --noprofile --norc -e -o pipefail {0}
2026-04-18T04:51:27.2661742Z env:
2026-04-18T04:51:27.2662287Z   JAVA_HOME: /opt/hostedtoolcache/Java_Temurin-Hotspot_jdk/21.0.10-7/x64
2026-04-18T04:51:27.2663194Z   JAVA_HOME_21_X64: /opt/hostedtoolcache/Java_Temurin-Hotspot_jdk/21.0.10-7/x64
2026-04-18T04:51:27.2663964Z   GRADLE_ACTION_ID: gradle/actions/setup-gradle
2026-04-18T04:51:27.2664519Z   GRADLE_USER_HOME: /home/runner/.gradle
2026-04-18T04:51:27.2665045Z   GRADLE_BUILD_ACTION_SETUP_COMPLETED: true
2026-04-18T04:51:27.2665577Z   GRADLE_BUILD_ACTION_CACHE_RESTORED: true
2026-04-18T04:51:27.2666383Z   DEVELOCITY_INJECTION_INIT_SCRIPT_NAME: gradle-actions.inject-develocity.init.gradle
2026-04-18T04:51:27.2667251Z   DEVELOCITY_INJECTION_CUSTOM_VALUE: gradle-actions
2026-04-18T04:51:27.2667827Z   GITHUB_DEPENDENCY_GRAPH_ENABLED: false
2026-04-18T04:51:27.2668515Z ##[endgroup]
2026-04-18T04:51:27.2875677Z ##[error]No JUnit XML results found under app/build/test-results/. Did the test task run?
2026-04-18T04:51:27.2879240Z ##[error]Process completed with exit code 1.
2026-04-18T04:51:27.2961184Z ##[group]Run actions/upload-artifact@v4
2026-04-18T04:51:27.2961712Z with:
2026-04-18T04:51:27.2962051Z   name: lint-report
2026-04-18T04:51:27.2962517Z   path: app/build/reports/lint-results-debug.html
2026-04-18T04:51:27.2963082Z   retention-days: 7
2026-04-18T04:51:27.2963479Z   if-no-files-found: warn
2026-04-18T04:51:27.2963912Z   compression-level: 6
2026-04-18T04:51:27.2964313Z   overwrite: false
2026-04-18T04:51:27.2964728Z   include-hidden-files: false
2026-04-18T04:51:27.2965170Z env:
2026-04-18T04:51:27.2965709Z   JAVA_HOME: /opt/hostedtoolcache/Java_Temurin-Hotspot_jdk/21.0.10-7/x64
2026-04-18T04:51:27.2966615Z   JAVA_HOME_21_X64: /opt/hostedtoolcache/Java_Temurin-Hotspot_jdk/21.0.10-7/x64
2026-04-18T04:51:27.2967404Z   GRADLE_ACTION_ID: gradle/actions/setup-gradle
2026-04-18T04:51:27.2968065Z   GRADLE_USER_HOME: /home/runner/.gradle
2026-04-18T04:51:27.2969063Z   GRADLE_BUILD_ACTION_SETUP_COMPLETED: true
2026-04-18T04:51:27.2984789Z   GRADLE_BUILD_ACTION_CACHE_RESTORED: true
2026-04-18T04:51:27.2985730Z   DEVELOCITY_INJECTION_INIT_SCRIPT_NAME: gradle-actions.inject-develocity.init.gradle
2026-04-18T04:51:27.2986699Z   DEVELOCITY_INJECTION_CUSTOM_VALUE: gradle-actions
2026-04-18T04:51:27.2987312Z   GITHUB_DEPENDENCY_GRAPH_ENABLED: false
2026-04-18T04:51:27.2987841Z ##[endgroup]
2026-04-18T04:51:27.6142120Z With the provided path, there will be 1 file uploaded
2026-04-18T04:51:27.6143523Z Artifact name is valid!
2026-04-18T04:51:27.6144264Z Root directory input is valid!
2026-04-18T04:51:27.9153506Z Beginning upload of artifact content to blob storage
2026-04-18T04:51:28.2679154Z Uploaded bytes 43500
2026-04-18T04:51:28.3334221Z Finished uploading artifact content to blob storage!
2026-04-18T04:51:28.3338663Z SHA256 digest of uploaded artifact zip is f7e106503792c7f9ef14213b0b951f1b6abd9d4e861d8b8101a95f3d6aebe599
2026-04-18T04:51:28.3340677Z Finalizing artifact upload
2026-04-18T04:51:28.4863929Z Artifact lint-report.zip successfully finalized. Artifact ID 6508713533
2026-04-18T04:51:28.4865589Z Artifact lint-report has been successfully uploaded! Final size is 43500 bytes. Artifact ID is 6508713533
2026-04-18T04:51:28.4874308Z Artifact download URL: https://github.com/akarlin3/prismTask/actions/runs/24597150723/artifacts/6508713533
2026-04-18T04:51:28.5005232Z ##[group]Run actions/upload-artifact@v4
2026-04-18T04:51:28.5005566Z with:
2026-04-18T04:51:28.5005782Z   name: detekt-report
2026-04-18T04:51:28.5006042Z   path: app/build/reports/detekt/
2026-04-18T04:51:28.5006322Z   retention-days: 7
2026-04-18T04:51:28.5006563Z   if-no-files-found: warn
2026-04-18T04:51:28.5006820Z   compression-level: 6
2026-04-18T04:51:28.5007058Z   overwrite: false
2026-04-18T04:51:28.5007291Z   include-hidden-files: false
2026-04-18T04:51:28.5007586Z env:
2026-04-18T04:51:28.5007913Z   JAVA_HOME: /opt/hostedtoolcache/Java_Temurin-Hotspot_jdk/21.0.10-7/x64
2026-04-18T04:51:28.5008742Z   JAVA_HOME_21_X64: /opt/hostedtoolcache/Java_Temurin-Hotspot_jdk/21.0.10-7/x64
2026-04-18T04:51:28.5009188Z   GRADLE_ACTION_ID: gradle/actions/setup-gradle
2026-04-18T04:51:28.5009510Z   GRADLE_USER_HOME: /home/runner/.gradle
2026-04-18T04:51:28.5009817Z   GRADLE_BUILD_ACTION_SETUP_COMPLETED: true
2026-04-18T04:51:28.5010133Z   GRADLE_BUILD_ACTION_CACHE_RESTORED: true
2026-04-18T04:51:28.5010617Z   DEVELOCITY_INJECTION_INIT_SCRIPT_NAME: gradle-actions.inject-develocity.init.gradle
2026-04-18T04:51:28.5011121Z   DEVELOCITY_INJECTION_CUSTOM_VALUE: gradle-actions
2026-04-18T04:51:28.5011453Z   GITHUB_DEPENDENCY_GRAPH_ENABLED: false
2026-04-18T04:51:28.5011740Z ##[endgroup]
2026-04-18T04:51:28.7222089Z With the provided path, there will be 2 files uploaded
2026-04-18T04:51:28.7226651Z Artifact name is valid!
2026-04-18T04:51:28.7227820Z Root directory input is valid!
2026-04-18T04:51:29.0010556Z Beginning upload of artifact content to blob storage
2026-04-18T04:51:29.2558000Z Uploaded bytes 4960
2026-04-18T04:51:29.3199740Z Finished uploading artifact content to blob storage!
2026-04-18T04:51:29.3202269Z SHA256 digest of uploaded artifact zip is 6641ef871d5b36159e82741ee50896f71b7497ee89e1966d071d7f8a293af891
2026-04-18T04:51:29.3204368Z Finalizing artifact upload
2026-04-18T04:51:29.4805319Z Artifact detekt-report.zip successfully finalized. Artifact ID 6508713632
2026-04-18T04:51:29.4806848Z Artifact detekt-report has been successfully uploaded! Final size is 4960 bytes. Artifact ID is 6508713632
2026-04-18T04:51:29.4815141Z Artifact download URL: https://github.com/akarlin3/prismTask/actions/runs/24597150723/artifacts/6508713632
2026-04-18T04:51:29.4932859Z ##[group]Run actions/upload-artifact@v4
2026-04-18T04:51:29.4933221Z with:
2026-04-18T04:51:29.4933443Z   name: test-results
2026-04-18T04:51:29.4933706Z   path: app/build/test-results/
2026-04-18T04:51:29.4933992Z   retention-days: 7
2026-04-18T04:51:29.4934239Z   if-no-files-found: warn
2026-04-18T04:51:29.4934503Z   compression-level: 6
2026-04-18T04:51:29.4934758Z   overwrite: false
2026-04-18T04:51:29.4934992Z   include-hidden-files: false
2026-04-18T04:51:29.4935259Z env:
2026-04-18T04:51:29.4935595Z   JAVA_HOME: /opt/hostedtoolcache/Java_Temurin-Hotspot_jdk/21.0.10-7/x64
2026-04-18T04:51:29.4936138Z   JAVA_HOME_21_X64: /opt/hostedtoolcache/Java_Temurin-Hotspot_jdk/21.0.10-7/x64
2026-04-18T04:51:29.4936617Z   GRADLE_ACTION_ID: gradle/actions/setup-gradle
2026-04-18T04:51:29.4936952Z   GRADLE_USER_HOME: /home/runner/.gradle
2026-04-18T04:51:29.4937268Z   GRADLE_BUILD_ACTION_SETUP_COMPLETED: true
2026-04-18T04:51:29.4937592Z   GRADLE_BUILD_ACTION_CACHE_RESTORED: true
2026-04-18T04:51:29.4938398Z   DEVELOCITY_INJECTION_INIT_SCRIPT_NAME: gradle-actions.inject-develocity.init.gradle
2026-04-18T04:51:29.4938977Z   DEVELOCITY_INJECTION_CUSTOM_VALUE: gradle-actions
2026-04-18T04:51:29.4939329Z   GITHUB_DEPENDENCY_GRAPH_ENABLED: false
2026-04-18T04:51:29.4939633Z ##[endgroup]
2026-04-18T04:51:29.7106301Z ##[warning]No files were found with the provided path: app/build/test-results/. No artifacts will be uploaded.
2026-04-18T04:51:29.7233550Z Post job cleanup.
2026-04-18T04:51:29.7346227Z Post job cleanup.
2026-04-18T04:51:30.0521713Z In post-action step
2026-04-18T04:51:30.0535867Z ##[group]Stopping Gradle daemons
2026-04-18T04:51:30.0537111Z Stopping Gradle daemons for /home/runner/.gradle/wrapper/dists/gradle-9.3.1-bin/23ovyewtku6u96viwx3xl3oks/gradle-9.3.1
2026-04-18T04:51:30.0557104Z [command]/home/runner/.gradle/wrapper/dists/gradle-9.3.1-bin/23ovyewtku6u96viwx3xl3oks/gradle-9.3.1/bin/gradle --stop
2026-04-18T04:51:30.7079670Z Stopping Daemon(s)
2026-04-18T04:51:30.7099038Z 1 Daemon stopped
2026-04-18T04:51:30.7259685Z ##[endgroup]
2026-04-18T04:51:30.7260667Z Not performing cache-cleanup due to build failure
2026-04-18T04:51:30.7289340Z ##[group]Caching Gradle state
2026-04-18T04:51:31.9637863Z [command]/usr/bin/tar --posix -cf cache.tzst --exclude cache.tzst -P -C /home/runner/work/prismTask/prismTask --files-from manifest.txt --use-compress-program zstdmt
2026-04-18T04:51:32.6712577Z Sent 183977 of 183977 (100.0%), 0.5 MBs/sec
2026-04-18T04:51:32.9084762Z Saved cache entry with key gradle-kotlin-dsl-v1-a981e33370ed52ee64490665622c7e40 from /home/runner/.gradle/caches/*/kotlin-dsl/accessors/*/,/home/runner/.gradle/caches/*/kotlin-dsl/scripts/*/ in 1013ms
2026-04-18T04:51:33.9259115Z [command]/usr/bin/tar --posix -cf cache.tzst --exclude cache.tzst -P -C /home/runner/work/prismTask/prismTask --files-from manifest.txt --use-compress-program zstdmt
2026-04-18T04:51:37.1799661Z Sent 0 of 237743233 (0.0%), 0.0 MBs/sec
2026-04-18T04:51:38.1608430Z Sent 237743233 of 237743233 (100.0%), 114.5 MBs/sec
2026-04-18T04:51:38.4237672Z Saved cache entry with key gradle-transforms-v1-da33882e61a427e9528acc68c8af33f6 from /home/runner/.gradle/caches/transforms-4/*/,/home/runner/.gradle/caches/*/transforms/*/ in 5551ms
2026-04-18T04:51:39.6223006Z [command]/usr/bin/tar --posix -cf cache.tzst --exclude cache.tzst -P -C /home/runner/work/prismTask/prismTask --files-from manifest.txt --use-compress-program zstdmt
2026-04-18T04:51:41.4270371Z Sent 14864788 of 283300244 (5.2%), 14.2 MBs/sec
2026-04-18T04:51:42.4275761Z Sent 216191380 of 283300244 (76.3%), 103.0 MBs/sec
2026-04-18T04:51:43.4273254Z Sent 216191380 of 283300244 (76.3%), 68.7 MBs/sec
2026-04-18T04:51:44.4275213Z Sent 216191380 of 283300244 (76.3%), 51.5 MBs/sec
2026-04-18T04:51:45.4278635Z Sent 216191380 of 283300244 (76.3%), 41.2 MBs/sec
2026-04-18T04:51:46.4287240Z Sent 216191380 of 283300244 (76.3%), 34.4 MBs/sec
2026-04-18T04:51:47.4292025Z Sent 216191380 of 283300244 (76.3%), 29.4 MBs/sec
2026-04-18T04:51:48.4302117Z Sent 216191380 of 283300244 (76.3%), 25.8 MBs/sec
2026-04-18T04:51:49.4305157Z Sent 216191380 of 283300244 (76.3%), 22.9 MBs/sec
2026-04-18T04:51:50.4305041Z Sent 216191380 of 283300244 (76.3%), 20.6 MBs/sec
2026-04-18T04:51:51.4305464Z Sent 216191380 of 283300244 (76.3%), 18.7 MBs/sec
2026-04-18T04:51:52.4310145Z Sent 216191380 of 283300244 (76.3%), 17.2 MBs/sec
2026-04-18T04:51:53.4312242Z Sent 283300244 of 283300244 (100.0%), 20.8 MBs/sec
2026-04-18T04:51:53.7469575Z Saved cache entry with key gradle-home-v1|Linux-X64|lint-and-test[5df42585ae8f8da228c604b8b4e8707c]-c849804b39fc41de009baad9513a1eb52a2baa92 from /home/runner/.gradle/caches,/home/runner/.gradle/notifications,/home/runner/.gradle/.setup-gradle in 14134ms
2026-04-18T04:51:53.7471088Z ##[endgroup]
2026-04-18T04:51:53.7477654Z Generating Job Summary
2026-04-18T04:51:53.7492541Z Completed post-action step
2026-04-18T04:51:53.7671218Z Post job cleanup.
2026-04-18T04:51:53.9479070Z Post job cleanup.
2026-04-18T04:51:54.0451134Z [command]/usr/bin/git version
2026-04-18T04:51:54.0488585Z git version 2.53.0
2026-04-18T04:51:54.0543082Z Temporarily overriding HOME='/home/runner/work/_temp/6d2662b3-d6e1-4c19-88a8-778dc639b41a' before making global git config changes
2026-04-18T04:51:54.0544622Z Adding repository directory to the temporary git global config as a safe directory
2026-04-18T04:51:54.0549981Z [command]/usr/bin/git config --global --add safe.directory /home/runner/work/prismTask/prismTask
2026-04-18T04:51:54.0587533Z [command]/usr/bin/git config --local --name-only --get-regexp core\.sshCommand
2026-04-18T04:51:54.0621723Z [command]/usr/bin/git submodule foreach --recursive sh -c "git config --local --name-only --get-regexp 'core\.sshCommand' && git config --local --unset-all 'core.sshCommand' || :"
2026-04-18T04:51:54.0852662Z [command]/usr/bin/git config --local --name-only --get-regexp http\.https\:\/\/github\.com\/\.extraheader
2026-04-18T04:51:54.0874709Z http.https://github.com/.extraheader
2026-04-18T04:51:54.0887995Z [command]/usr/bin/git config --local --unset-all http.https://github.com/.extraheader
2026-04-18T04:51:54.0919114Z [command]/usr/bin/git submodule foreach --recursive sh -c "git config --local --name-only --get-regexp 'http\.https\:\/\/github\.com\/\.extraheader' && git config --local --unset-all 'http.https://github.com/.extraheader' || :"
2026-04-18T04:51:54.1142498Z [command]/usr/bin/git config --local --name-only --get-regexp ^includeIf\.gitdir:
2026-04-18T04:51:54.1174552Z [command]/usr/bin/git submodule foreach --recursive git config --local --show-origin --name-only --get-regexp remote.origin.url
2026-04-18T04:51:54.1535362Z Cleaning up orphan processes
2026-04-18T04:51:54.1762192Z ##[warning]Node.js 20 actions are deprecated. The following actions are running on Node.js 20 and may not work as expected: actions/checkout@v4, actions/setup-java@v4, actions/upload-artifact@v4, gradle/actions/setup-gradle@v4. Actions will be forced to run with Node.js 24 by default starting June 2nd, 2026. Node.js 20 will be removed from the runner on September 16th, 2026. Please check if updated versions of these actions are available that support Node.js 24. To opt into Node.js 24 now, set the FORCE_JAVASCRIPT_ACTIONS_TO_NODE24=true environment variable on the runner or in your workflow file. Once Node.js 24 becomes the default, you can temporarily opt out by setting ACTIONS_ALLOW_USE_UNSECURE_NODE_VERSION=true. For more information see: https://github.blog/changelog/2025-09-19-deprecation-of-node-20-on-github-actions-runners/
