=== CI FAILURE ===
Workflow:      Android CI
Workflow file: akarlin3/prismTask/.github/workflows/android-ci.yml@refs/pull/502/merge
Job(s):        lint-and-test
Run ID:        24546625704
Run attempt:   1
Run URL:       https://github.com/akarlin3/prismTask/actions/runs/24546625704
Commit:        4ffbb26f25e507adc6d44976bae54ebd885a9a33
Branch:        502/merge
Event:         pull_request
Actor:         akarlin3
Runner OS:     Linux
Timestamp:     2026-04-17T03:54:32.512Z

Failed steps:
  - lint-and-test: #4 ktlint check | #5 detekt | #8 Verify unit-test results (XML) | #9 Post failure details to PR

=== FAILED JOB LOG ===

--- Job: lint-and-test (id 71763529951) ---
2026-04-17T03:47:49.5430326Z Current runner version: '2.333.1'
2026-04-17T03:47:49.5454617Z ##[group]Runner Image Provisioner
2026-04-17T03:47:49.5455415Z Hosted Compute Agent
2026-04-17T03:47:49.5456046Z Version: 20260213.493
2026-04-17T03:47:49.5456652Z Commit: 5c115507f6dd24b8de37d8bbe0bb4509d0cc0fa3
2026-04-17T03:47:49.5457318Z Build Date: 2026-02-13T00:28:41Z
2026-04-17T03:47:49.5458064Z Worker ID: {aadc6a73-7d09-4cc6-bd20-3a13e10f8be2}
2026-04-17T03:47:49.5458719Z Azure Region: westus
2026-04-17T03:47:49.5459256Z ##[endgroup]
2026-04-17T03:47:49.5460721Z ##[group]Operating System
2026-04-17T03:47:49.5461355Z Ubuntu
2026-04-17T03:47:49.5461781Z 24.04.4
2026-04-17T03:47:49.5462265Z LTS
2026-04-17T03:47:49.5462768Z ##[endgroup]
2026-04-17T03:47:49.5463235Z ##[group]Runner Image
2026-04-17T03:47:49.5464231Z Image: ubuntu-24.04
2026-04-17T03:47:49.5464762Z Version: 20260413.86.1
2026-04-17T03:47:49.5465958Z Included Software: https://github.com/actions/runner-images/blob/ubuntu24/20260413.86/images/ubuntu/Ubuntu2404-Readme.md
2026-04-17T03:47:49.5467634Z Image Release: https://github.com/actions/runner-images/releases/tag/ubuntu24%2F20260413.86
2026-04-17T03:47:49.5468544Z ##[endgroup]
2026-04-17T03:47:49.5469812Z ##[group]GITHUB_TOKEN Permissions
2026-04-17T03:47:49.5471982Z Actions: read
2026-04-17T03:47:49.5472522Z Checks: read
2026-04-17T03:47:49.5473120Z Contents: write
2026-04-17T03:47:49.5473631Z Metadata: read
2026-04-17T03:47:49.5474388Z PullRequests: read
2026-04-17T03:47:49.5474938Z ##[endgroup]
2026-04-17T03:47:49.5476971Z Secret source: Actions
2026-04-17T03:47:49.5477668Z Prepare workflow directory
2026-04-17T03:47:49.5826949Z Prepare all required actions
2026-04-17T03:47:49.5884083Z Getting action download info
2026-04-17T03:47:50.0430158Z Download action repository 'actions/checkout@v4' (SHA:34e114876b0b11c390a56381ad16ebd13914f8d5)
2026-04-17T03:47:50.1466424Z Download action repository 'actions/github-script@v7' (SHA:f28e40c7f34bde8b3046d885e986cb6290c5673b)
2026-04-17T03:47:50.6481789Z Download action repository 'actions/upload-artifact@v4' (SHA:ea165f8d65b6e75b540449e92b4886f43607fa02)
2026-04-17T03:47:50.8639152Z Complete job name: lint-and-test
2026-04-17T03:47:50.9389412Z ##[group]Run actions/checkout@v4
2026-04-17T03:47:50.9390693Z with:
2026-04-17T03:47:50.9391146Z   repository: akarlin3/prismTask
2026-04-17T03:47:50.9391825Z   token: ***
2026-04-17T03:47:50.9392242Z   ssh-strict: true
2026-04-17T03:47:50.9392661Z   ssh-user: git
2026-04-17T03:47:50.9393078Z   persist-credentials: true
2026-04-17T03:47:50.9393562Z   clean: true
2026-04-17T03:47:50.9394198Z   sparse-checkout-cone-mode: true
2026-04-17T03:47:50.9394706Z   fetch-depth: 1
2026-04-17T03:47:50.9395125Z   fetch-tags: false
2026-04-17T03:47:50.9395557Z   show-progress: true
2026-04-17T03:47:50.9395973Z   lfs: false
2026-04-17T03:47:50.9396356Z   submodules: false
2026-04-17T03:47:50.9396769Z   set-safe-directory: true
2026-04-17T03:47:50.9397592Z ##[endgroup]
2026-04-17T03:47:51.0469521Z Syncing repository: akarlin3/prismTask
2026-04-17T03:47:51.0471365Z ##[group]Getting Git version info
2026-04-17T03:47:51.0472161Z Working directory is '/home/runner/work/prismTask/prismTask'
2026-04-17T03:47:51.0473220Z [command]/usr/bin/git version
2026-04-17T03:47:51.0509270Z git version 2.53.0
2026-04-17T03:47:51.0535730Z ##[endgroup]
2026-04-17T03:47:51.0549671Z Temporarily overriding HOME='/home/runner/work/_temp/0b0666e7-e89b-47bc-8b6e-22ff4b4462b7' before making global git config changes
2026-04-17T03:47:51.0552185Z Adding repository directory to the temporary git global config as a safe directory
2026-04-17T03:47:51.0554791Z [command]/usr/bin/git config --global --add safe.directory /home/runner/work/prismTask/prismTask
2026-04-17T03:47:51.0585385Z Deleting the contents of '/home/runner/work/prismTask/prismTask'
2026-04-17T03:47:51.0588963Z ##[group]Initializing the repository
2026-04-17T03:47:51.0592833Z [command]/usr/bin/git init /home/runner/work/prismTask/prismTask
2026-04-17T03:47:51.0668354Z hint: Using 'master' as the name for the initial branch. This default branch name
2026-04-17T03:47:51.0670719Z hint: will change to "main" in Git 3.0. To configure the initial branch name
2026-04-17T03:47:51.0671854Z hint: to use in all of your new repositories, which will suppress this warning,
2026-04-17T03:47:51.0672720Z hint: call:
2026-04-17T03:47:51.0673136Z hint:
2026-04-17T03:47:51.0674173Z hint: 	git config --global init.defaultBranch <name>
2026-04-17T03:47:51.0675242Z hint:
2026-04-17T03:47:51.0676002Z hint: Names commonly chosen instead of 'master' are 'main', 'trunk' and
2026-04-17T03:47:51.0676949Z hint: 'development'. The just-created branch can be renamed via this command:
2026-04-17T03:47:51.0677678Z hint:
2026-04-17T03:47:51.0678079Z hint: 	git branch -m <name>
2026-04-17T03:47:51.0678546Z hint:
2026-04-17T03:47:51.0679166Z hint: Disable this message with "git config set advice.defaultBranchName false"
2026-04-17T03:47:51.0680720Z Initialized empty Git repository in /home/runner/work/prismTask/prismTask/.git/
2026-04-17T03:47:51.0682436Z [command]/usr/bin/git remote add origin https://github.com/akarlin3/prismTask
2026-04-17T03:47:51.0709453Z ##[endgroup]
2026-04-17T03:47:51.0710248Z ##[group]Disabling automatic garbage collection
2026-04-17T03:47:51.0713219Z [command]/usr/bin/git config --local gc.auto 0
2026-04-17T03:47:51.0740788Z ##[endgroup]
2026-04-17T03:47:51.0741503Z ##[group]Setting up auth
2026-04-17T03:47:51.0747631Z [command]/usr/bin/git config --local --name-only --get-regexp core\.sshCommand
2026-04-17T03:47:51.0776677Z [command]/usr/bin/git submodule foreach --recursive sh -c "git config --local --name-only --get-regexp 'core\.sshCommand' && git config --local --unset-all 'core.sshCommand' || :"
2026-04-17T03:47:51.1049913Z [command]/usr/bin/git config --local --name-only --get-regexp http\.https\:\/\/github\.com\/\.extraheader
2026-04-17T03:47:51.1078228Z [command]/usr/bin/git submodule foreach --recursive sh -c "git config --local --name-only --get-regexp 'http\.https\:\/\/github\.com\/\.extraheader' && git config --local --unset-all 'http.https://github.com/.extraheader' || :"
2026-04-17T03:47:51.1298431Z [command]/usr/bin/git config --local --name-only --get-regexp ^includeIf\.gitdir:
2026-04-17T03:47:51.1328424Z [command]/usr/bin/git submodule foreach --recursive git config --local --show-origin --name-only --get-regexp remote.origin.url
2026-04-17T03:47:51.1546949Z [command]/usr/bin/git config --local http.https://github.com/.extraheader AUTHORIZATION: basic ***
2026-04-17T03:47:51.1581335Z ##[endgroup]
2026-04-17T03:47:51.1582740Z ##[group]Fetching the repository
2026-04-17T03:47:51.1591702Z [command]/usr/bin/git -c protocol.version=2 fetch --no-tags --prune --no-recurse-submodules --depth=1 origin +4ffbb26f25e507adc6d44976bae54ebd885a9a33:refs/remotes/pull/502/merge
2026-04-17T03:47:53.4945322Z From https://github.com/akarlin3/prismTask
2026-04-17T03:47:53.4947083Z  * [new ref]         4ffbb26f25e507adc6d44976bae54ebd885a9a33 -> pull/502/merge
2026-04-17T03:47:53.4974501Z ##[endgroup]
2026-04-17T03:47:53.4975055Z ##[group]Determining the checkout info
2026-04-17T03:47:53.4976953Z ##[endgroup]
2026-04-17T03:47:53.4981966Z [command]/usr/bin/git sparse-checkout disable
2026-04-17T03:47:53.5018342Z [command]/usr/bin/git config --local --unset-all extensions.worktreeConfig
2026-04-17T03:47:53.5042378Z ##[group]Checking out the ref
2026-04-17T03:47:53.5046342Z [command]/usr/bin/git checkout --progress --force refs/remotes/pull/502/merge
2026-04-17T03:47:53.6399009Z Note: switching to 'refs/remotes/pull/502/merge'.
2026-04-17T03:47:53.6399641Z 
2026-04-17T03:47:53.6400061Z You are in 'detached HEAD' state. You can look around, make experimental
2026-04-17T03:47:53.6400977Z changes and commit them, and you can discard any commits you make in this
2026-04-17T03:47:53.6401920Z state without impacting any branches by switching back to a branch.
2026-04-17T03:47:53.6402461Z 
2026-04-17T03:47:53.6402867Z If you want to create a new branch to retain commits you create, you may
2026-04-17T03:47:53.6404008Z do so (now or later) by using -c with the switch command. Example:
2026-04-17T03:47:53.6404932Z 
2026-04-17T03:47:53.6405143Z   git switch -c <new-branch-name>
2026-04-17T03:47:53.6405474Z 
2026-04-17T03:47:53.6405687Z Or undo this operation with:
2026-04-17T03:47:53.6405995Z 
2026-04-17T03:47:53.6406165Z   git switch -
2026-04-17T03:47:53.6406472Z 
2026-04-17T03:47:53.6406876Z Turn off this advice by setting config variable advice.detachedHead to false
2026-04-17T03:47:53.6407455Z 
2026-04-17T03:47:53.6408097Z HEAD is now at 4ffbb26 Merge d7621e58e7d0938f866273a2dc23f21c537372fc into 530c53839b30a6e8cc6f31dd995b7e1f920f93f7
2026-04-17T03:47:53.6420656Z ##[endgroup]
2026-04-17T03:47:53.6458288Z [command]/usr/bin/git log -1 --format=%H
2026-04-17T03:47:53.6481239Z 4ffbb26f25e507adc6d44976bae54ebd885a9a33
2026-04-17T03:47:53.6731640Z Prepare all required actions
2026-04-17T03:47:53.6801661Z Getting action download info
2026-04-17T03:47:53.8737486Z Download action repository 'actions/setup-java@v4' (SHA:c1e323688fd81a25caa38c78aa6df2d33d3e20d9)
2026-04-17T03:47:54.5661349Z Download action repository 'gradle/actions@v4' (SHA:ed408507eac070d1f99cc633dbcf757c94c7933a)
2026-04-17T03:47:55.7261605Z ##[group]Run ./.github/actions/setup-android
2026-04-17T03:47:55.7261901Z ##[endgroup]
2026-04-17T03:47:55.7426295Z ##[group]Run actions/setup-java@v4
2026-04-17T03:47:55.7426553Z with:
2026-04-17T03:47:55.7426730Z   java-version: 21
2026-04-17T03:47:55.7426919Z   distribution: temurin
2026-04-17T03:47:55.7427126Z   java-package: jdk
2026-04-17T03:47:55.7427313Z   check-latest: false
2026-04-17T03:47:55.7427506Z   server-id: github
2026-04-17T03:47:55.7427694Z   server-username: GITHUB_ACTOR
2026-04-17T03:47:55.7427932Z   server-password: GITHUB_TOKEN
2026-04-17T03:47:55.7428164Z   overwrite-settings: true
2026-04-17T03:47:55.7428424Z   job-status: success
2026-04-17T03:47:55.7428829Z   token: ***
2026-04-17T03:47:55.7429117Z ##[endgroup]
2026-04-17T03:47:55.9344518Z ##[group]Installed distributions
2026-04-17T03:47:55.9401661Z Resolved Java 21.0.10+7 from tool-cache
2026-04-17T03:47:55.9403008Z Setting Java 21.0.10+7 as the default
2026-04-17T03:47:55.9416264Z Creating toolchains.xml for JDK version 21 from temurin
2026-04-17T03:47:55.9491419Z Writing to /home/runner/.m2/toolchains.xml
2026-04-17T03:47:55.9491809Z 
2026-04-17T03:47:55.9491955Z Java configuration:
2026-04-17T03:47:55.9493812Z   Distribution: temurin
2026-04-17T03:47:55.9494316Z   Version: 21.0.10+7
2026-04-17T03:47:55.9494893Z   Path: /opt/hostedtoolcache/Java_Temurin-Hotspot_jdk/21.0.10-7/x64
2026-04-17T03:47:55.9495744Z 
2026-04-17T03:47:55.9496144Z ##[endgroup]
2026-04-17T03:47:55.9511804Z Creating settings.xml with server-id: github
2026-04-17T03:47:55.9518698Z Writing to /home/runner/.m2/settings.xml
2026-04-17T03:47:55.9742844Z ##[group]Run gradle/actions/setup-gradle@v4
2026-04-17T03:47:55.9743106Z with:
2026-04-17T03:47:55.9743280Z   cache-disabled: false
2026-04-17T03:47:55.9743494Z   cache-read-only: true
2026-04-17T03:47:55.9744045Z   cache-write-only: false
2026-04-17T03:47:55.9744309Z   cache-overwrite-existing: false
2026-04-17T03:47:55.9744600Z   cache-cleanup: on-success
2026-04-17T03:47:55.9744882Z   gradle-home-cache-includes: caches
notifications

2026-04-17T03:47:55.9745188Z   add-job-summary: always
2026-04-17T03:47:55.9745420Z   add-job-summary-as-pr-comment: never
2026-04-17T03:47:55.9745690Z   dependency-graph: disabled
2026-04-17T03:47:55.9745979Z   dependency-graph-report-dir: dependency-graph-reports
2026-04-17T03:47:55.9746326Z   dependency-graph-continue-on-failure: true
2026-04-17T03:47:55.9746603Z   build-scan-publish: false
2026-04-17T03:47:55.9746827Z   validate-wrappers: true
2026-04-17T03:47:55.9747052Z   allow-snapshot-wrappers: false
2026-04-17T03:47:55.9747303Z   gradle-home-cache-strict-match: false
2026-04-17T03:47:55.9747573Z   workflow-job-context: null
2026-04-17T03:47:55.9747948Z   github-token: ***
2026-04-17T03:47:55.9748140Z env:
2026-04-17T03:47:55.9748413Z   JAVA_HOME: /opt/hostedtoolcache/Java_Temurin-Hotspot_jdk/21.0.10-7/x64
2026-04-17T03:47:55.9748896Z   JAVA_HOME_21_X64: /opt/hostedtoolcache/Java_Temurin-Hotspot_jdk/21.0.10-7/x64
2026-04-17T03:47:55.9749453Z ##[endgroup]
2026-04-17T03:47:56.9102144Z Merged default JDK locations into /home/runner/.m2/toolchains.xml
2026-04-17T03:47:56.9106186Z ##[group]Restore Gradle state from cache
2026-04-17T03:47:57.2090473Z Cache hit for restore-key: gradle-home-v1|Linux-X64|lint-and-test[5df42585ae8f8da228c604b8b4e8707c]-e4a7920e402d6c3f159f92a31b1d4a74350031be
2026-04-17T03:47:58.5278271Z Received 0 of 250716591 (0.0%), 0.0 MBs/sec
2026-04-17T03:47:59.5296077Z Received 104857600 of 250716591 (41.8%), 49.9 MBs/sec
2026-04-17T03:48:00.5305153Z Received 238133679 of 250716591 (95.0%), 75.6 MBs/sec
2026-04-17T03:48:00.6891473Z Received 250716591 of 250716591 (100.0%), 75.6 MBs/sec
2026-04-17T03:48:00.6895338Z Cache Size: ~239 MB (250716591 B)
2026-04-17T03:48:00.6975480Z [command]/usr/bin/tar -xf /home/runner/work/_temp/2293d602-c253-49f0-a27d-7860db8344a8/cache.tzst -P -C /home/runner/work/prismTask/prismTask --use-compress-program unzstd
2026-04-17T03:48:01.2722417Z Cache restored successfully
2026-04-17T03:48:01.2831646Z Restored cache entry with key gradle-home-v1|Linux-X64|lint-and-test[5df42585ae8f8da228c604b8b4e8707c]-4ffbb26f25e507adc6d44976bae54ebd885a9a33 to /home/runner/.gradle/caches,/home/runner/.gradle/notifications,/home/runner/.gradle/.setup-gradle in 4370ms
2026-04-17T03:48:01.5280697Z Cache hit for: gradle-transforms-v1-c97e75dca206aa047cf0157a127d7d71
2026-04-17T03:48:01.5342315Z Cache hit for: gradle-dependencies-v1-117fbe653ac5533442942123eb8053be
2026-04-17T03:48:01.5346172Z Cache hit for: gradle-kotlin-dsl-v1-026d7846925ed29b8795992e8d79083e
2026-04-17T03:48:01.5386218Z Cache hit for: gradle-wrapper-zips-v1-8c0de4c6bda6041d6e054bf825a89c98
2026-04-17T03:48:01.5476591Z Cache hit for: gradle-generated-gradle-jars-v1-cb4b032a7d08b9bf1e84e9eacaebcc29
2026-04-17T03:48:01.5496356Z Cache hit for: gradle-groovy-dsl-v1-28b9a41f693ba754e53f6f5a3dfc445c
2026-04-17T03:48:01.5501484Z Cache hit for: gradle-instrumented-jars-v1-da27189608cc64b8ccdc1e8234084779
2026-04-17T03:48:02.2630652Z Received 91211 of 91211 (100.0%), 0.2 MBs/sec
2026-04-17T03:48:02.2631319Z Cache Size: ~0 MB (91211 B)
2026-04-17T03:48:02.2666236Z [command]/usr/bin/tar -xf /home/runner/work/_temp/7238988c-24c7-48bb-8318-fff13945831f/cache.tzst -P -C /home/runner/work/prismTask/prismTask --use-compress-program unzstd
2026-04-17T03:48:02.2792473Z Cache restored successfully
2026-04-17T03:48:02.2795116Z Restored cache entry with key gradle-groovy-dsl-v1-28b9a41f693ba754e53f6f5a3dfc445c to /home/runner/.gradle/caches/*/groovy-dsl/*/ in 993ms
2026-04-17T03:48:02.3007290Z Received 60531 of 60531 (100.0%), 0.1 MBs/sec
2026-04-17T03:48:02.3007902Z Cache Size: ~0 MB (60531 B)
2026-04-17T03:48:02.3032104Z [command]/usr/bin/tar -xf /home/runner/work/_temp/82127593-7b79-4f8d-b9e7-1dd6d5ff7966/cache.tzst -P -C /home/runner/work/prismTask/prismTask --use-compress-program unzstd
2026-04-17T03:48:02.3124921Z Cache restored successfully
2026-04-17T03:48:02.3135047Z Restored cache entry with key gradle-instrumented-jars-v1-da27189608cc64b8ccdc1e8234084779 to /home/runner/.gradle/caches/jars-*/*/ in 1027ms
2026-04-17T03:48:02.4071409Z Received 166730 of 166730 (100.0%), 0.3 MBs/sec
2026-04-17T03:48:02.4071994Z Cache Size: ~0 MB (166730 B)
2026-04-17T03:48:02.4097444Z [command]/usr/bin/tar -xf /home/runner/work/_temp/a892dccf-dfe2-47d3-b171-547eb360a0d1/cache.tzst -P -C /home/runner/work/prismTask/prismTask --use-compress-program unzstd
2026-04-17T03:48:02.4740414Z Cache restored successfully
2026-04-17T03:48:02.4744240Z Restored cache entry with key gradle-kotlin-dsl-v1-026d7846925ed29b8795992e8d79083e to /home/runner/.gradle/caches/*/kotlin-dsl/accessors/*/,/home/runner/.gradle/caches/*/kotlin-dsl/scripts/*/ in 1188ms
2026-04-17T03:48:02.7979493Z Received 0 of 834528743 (0.0%), 0.0 MBs/sec
2026-04-17T03:48:02.8315635Z Received 0 of 41993404 (0.0%), 0.0 MBs/sec
2026-04-17T03:48:02.8415033Z Received 0 of 136352669 (0.0%), 0.0 MBs/sec
2026-04-17T03:48:02.8624796Z Received 0 of 237711386 (0.0%), 0.0 MBs/sec
2026-04-17T03:48:03.3952106Z Received 41993404 of 41993404 (100.0%), 25.6 MBs/sec
2026-04-17T03:48:03.3954630Z Cache Size: ~40 MB (41993404 B)
2026-04-17T03:48:03.4031400Z [command]/usr/bin/tar -xf /home/runner/work/_temp/173e11c7-f5ed-4fa7-b0f1-97aa9bcf31a8/cache.tzst -P -C /home/runner/work/prismTask/prismTask --use-compress-program unzstd
2026-04-17T03:48:03.8016004Z Cache restored successfully
2026-04-17T03:48:03.8020760Z Received 100663296 of 834528743 (12.1%), 47.9 MBs/sec
2026-04-17T03:48:03.8044745Z Restored cache entry with key gradle-generated-gradle-jars-v1-cb4b032a7d08b9bf1e84e9eacaebcc29 to /home/runner/.gradle/caches/9.3.1/generated-gradle-jars/gradle-api-9.3.1.jar in 2520ms
2026-04-17T03:48:03.8418567Z Received 67108864 of 136352669 (49.2%), 32.0 MBs/sec
2026-04-17T03:48:03.8598405Z Received 71303168 of 237711386 (30.0%), 34.0 MBs/sec
2026-04-17T03:48:04.5398988Z Received 136352669 of 136352669 (100.0%), 48.2 MBs/sec
2026-04-17T03:48:04.5401407Z Cache Size: ~130 MB (136352669 B)
2026-04-17T03:48:04.5432006Z [command]/usr/bin/tar -xf /home/runner/work/_temp/db7cfd96-36eb-43dd-8e47-3f27e644197d/cache.tzst -P -C /home/runner/work/prismTask/prismTask --use-compress-program unzstd
2026-04-17T03:48:04.7948908Z Cache restored successfully
2026-04-17T03:48:04.8012970Z Restored cache entry with key gradle-wrapper-zips-v1-8c0de4c6bda6041d6e054bf825a89c98 to /home/runner/.gradle/wrapper/dists/gradle-9.3.1-bin/23ovyewtku6u96viwx3xl3oks in 3516ms
2026-04-17T03:48:04.8026731Z Received 134217728 of 834528743 (16.1%), 42.6 MBs/sec
2026-04-17T03:48:04.8599515Z Received 163577856 of 237711386 (68.8%), 52.0 MBs/sec
2026-04-17T03:48:05.3530561Z Received 237711386 of 237711386 (100.0%), 64.9 MBs/sec
2026-04-17T03:48:05.3533298Z Cache Size: ~227 MB (237711386 B)
2026-04-17T03:48:05.3773426Z [command]/usr/bin/tar -xf /home/runner/work/_temp/3fcba127-ecb3-4023-94b5-78ca0092228b/cache.tzst -P -C /home/runner/work/prismTask/prismTask --use-compress-program unzstd
2026-04-17T03:48:05.8315013Z Received 268435456 of 834528743 (32.2%), 63.5 MBs/sec
2026-04-17T03:48:06.8277700Z Received 390070272 of 834528743 (46.7%), 74.0 MBs/sec
2026-04-17T03:48:07.8288038Z Received 503316480 of 834528743 (60.3%), 79.6 MBs/sec
2026-04-17T03:48:08.0861623Z Cache restored successfully
2026-04-17T03:48:08.0969310Z Restored cache entry with key gradle-transforms-v1-c97e75dca206aa047cf0157a127d7d71 to /home/runner/.gradle/caches/transforms-4/*/,/home/runner/.gradle/caches/*/transforms/*/ in 6810ms
2026-04-17T03:48:08.8292052Z Received 650117120 of 834528743 (77.9%), 88.2 MBs/sec
2026-04-17T03:48:09.8306445Z Received 683671552 of 834528743 (81.9%), 81.2 MBs/sec
2026-04-17T03:48:10.8311091Z Received 813694976 of 834528743 (97.5%), 85.9 MBs/sec
2026-04-17T03:48:10.9766977Z Received 834528743 of 834528743 (100.0%), 86.7 MBs/sec
2026-04-17T03:48:10.9769983Z Cache Size: ~796 MB (834528743 B)
2026-04-17T03:48:10.9817419Z [command]/usr/bin/tar -xf /home/runner/work/_temp/82a4c026-4899-4dde-82f3-2ea7e2a55259/cache.tzst -P -C /home/runner/work/prismTask/prismTask --use-compress-program unzstd
2026-04-17T03:48:12.3281471Z Cache restored successfully
2026-04-17T03:48:12.7331896Z Restored cache entry with key gradle-dependencies-v1-117fbe653ac5533442942123eb8053be to /home/runner/.gradle/caches/modules-*/files-*/*/*/*/* in 11447ms
2026-04-17T03:48:12.7509164Z ##[endgroup]
2026-04-17T03:48:12.7768131Z ##[group]All Gradle Wrapper jars are valid
2026-04-17T03:48:12.7769524Z ✓ Found known Gradle Wrapper JAR files:
2026-04-17T03:48:12.7770716Z   b3a875ddc1f044746e1b1a55f645584505f4a10438c1afea9f15e92a7c42ec13 gradle/wrapper/gradle-wrapper.jar
2026-04-17T03:48:12.7773874Z ##[endgroup]
2026-04-17T03:48:12.7924835Z ##[group]Run chmod +x gradlew
2026-04-17T03:48:12.7925194Z [36;1mchmod +x gradlew[0m
2026-04-17T03:48:12.7950208Z shell: /usr/bin/bash --noprofile --norc -e -o pipefail {0}
2026-04-17T03:48:12.7950601Z env:
2026-04-17T03:48:12.7950944Z   JAVA_HOME: /opt/hostedtoolcache/Java_Temurin-Hotspot_jdk/21.0.10-7/x64
2026-04-17T03:48:12.7951492Z   JAVA_HOME_21_X64: /opt/hostedtoolcache/Java_Temurin-Hotspot_jdk/21.0.10-7/x64
2026-04-17T03:48:12.7952163Z   GRADLE_ACTION_ID: gradle/actions/setup-gradle
2026-04-17T03:48:12.7952510Z   GRADLE_USER_HOME: /home/runner/.gradle
2026-04-17T03:48:12.7952892Z   GRADLE_BUILD_ACTION_SETUP_COMPLETED: true
2026-04-17T03:48:12.7953227Z   GRADLE_BUILD_ACTION_CACHE_RESTORED: true
2026-04-17T03:48:12.7954045Z   DEVELOCITY_INJECTION_INIT_SCRIPT_NAME: gradle-actions.inject-develocity.init.gradle
2026-04-17T03:48:12.7954599Z   DEVELOCITY_INJECTION_CUSTOM_VALUE: gradle-actions
2026-04-17T03:48:12.7954964Z   GITHUB_DEPENDENCY_GRAPH_ENABLED: false
2026-04-17T03:48:12.7955278Z ##[endgroup]
2026-04-17T03:48:12.8069346Z ##[group]Run ./gradlew ktlintCheck --continue
2026-04-17T03:48:12.8069758Z [36;1m./gradlew ktlintCheck --continue[0m
2026-04-17T03:48:12.8089492Z shell: /usr/bin/bash -e {0}
2026-04-17T03:48:12.8089778Z env:
2026-04-17T03:48:12.8090124Z   JAVA_HOME: /opt/hostedtoolcache/Java_Temurin-Hotspot_jdk/21.0.10-7/x64
2026-04-17T03:48:12.8090694Z   JAVA_HOME_21_X64: /opt/hostedtoolcache/Java_Temurin-Hotspot_jdk/21.0.10-7/x64
2026-04-17T03:48:12.8091162Z   GRADLE_ACTION_ID: gradle/actions/setup-gradle
2026-04-17T03:48:12.8091510Z   GRADLE_USER_HOME: /home/runner/.gradle
2026-04-17T03:48:12.8091835Z   GRADLE_BUILD_ACTION_SETUP_COMPLETED: true
2026-04-17T03:48:12.8092167Z   GRADLE_BUILD_ACTION_CACHE_RESTORED: true
2026-04-17T03:48:12.8092642Z   DEVELOCITY_INJECTION_INIT_SCRIPT_NAME: gradle-actions.inject-develocity.init.gradle
2026-04-17T03:48:12.8093181Z   DEVELOCITY_INJECTION_CUSTOM_VALUE: gradle-actions
2026-04-17T03:48:12.8093540Z   GITHUB_DEPENDENCY_GRAPH_ENABLED: false
2026-04-17T03:48:12.8094163Z ##[endgroup]
2026-04-17T03:48:14.4398741Z Starting a Gradle Daemon (subsequent builds will be faster)
2026-04-17T03:48:18.2377938Z Configuration on demand is an incubating feature.
2026-04-17T03:48:25.0379248Z 
2026-04-17T03:48:25.0418591Z > Configure project :app
2026-04-17T03:48:25.0420023Z WARNING: The option setting 'android.builtInKotlin=false' is deprecated.
2026-04-17T03:48:25.0421288Z The current default is 'true'.
2026-04-17T03:48:25.0422248Z It will be removed in version 10.0 of the Android Gradle plugin.
2026-04-17T03:48:25.0423397Z WARNING: The option setting 'android.newDsl=false' is deprecated.
2026-04-17T03:48:25.0424767Z The current default is 'true'.
2026-04-17T03:48:25.0425676Z It will be removed in version 10.0 of the Android Gradle plugin.
2026-04-17T03:48:25.0427194Z WARNING: The option setting 'android.dependency.excludeLibraryComponentsFromConstraints=true' is deprecated.
2026-04-17T03:48:25.0429084Z The current default is 'false'.
2026-04-17T03:48:25.0430044Z It will be removed in version 10.0 of the Android Gradle plugin.
2026-04-17T03:48:25.0431185Z Following can be set instead to achieve a similar behaviour.
2026-04-17T03:48:25.0432154Z     android.dependency.useConstraints=false
2026-04-17T03:48:26.8384699Z w: ⚠️ Deprecated 'org.jetbrains.kotlin.android' plugin usage
2026-04-17T03:48:26.8394823Z The 'org.jetbrains.kotlin.android' plugin in project ':app' is no longer required for Kotlin support since AGP 9.0.
2026-04-17T03:48:26.8396621Z Solution: Remove both `android.builtInKotlin=true` and `android.newDsl=false` from `gradle.properties`, then migrate to built-in Kotlin.
2026-04-17T03:48:26.8398066Z See https://kotl.in/gradle/agp-built-in-kotlin for more details.
2026-04-17T03:48:26.8398637Z 
2026-04-17T03:48:27.1368332Z 
2026-04-17T03:48:27.1395039Z > Task :app:loadKtlintReporters FROM-CACHE
2026-04-17T03:48:27.1424603Z > Task :app:runKtlintCheckOverAndroidTestDebugSourceSet NO-SOURCE
2026-04-17T03:48:27.1429765Z > Task :app:ktlintAndroidTestDebugSourceSetCheck SKIPPED
2026-04-17T03:48:27.1454769Z > Task :app:runKtlintCheckOverAndroidTestReleaseSourceSet NO-SOURCE
2026-04-17T03:48:27.1484888Z > Task :app:ktlintAndroidTestReleaseSourceSetCheck SKIPPED
2026-04-17T03:48:27.1515319Z > Task :app:runKtlintCheckOverAndroidTestSourceSet FROM-CACHE
2026-04-17T03:48:27.1524970Z > Task :app:ktlintAndroidTestSourceSetCheck FROM-CACHE
2026-04-17T03:48:27.1528259Z > Task :app:runKtlintCheckOverDebugSourceSet NO-SOURCE
2026-04-17T03:48:27.1529291Z > Task :app:ktlintDebugSourceSetCheck SKIPPED
2026-04-17T03:48:27.1530332Z > Task :app:runKtlintCheckOverKotlinScripts FROM-CACHE
2026-04-17T03:48:27.1531312Z > Task :app:ktlintKotlinScriptCheck FROM-CACHE
2026-04-17T03:48:27.3370879Z > Task :app:runKtlintCheckOverReleaseSourceSet NO-SOURCE
2026-04-17T03:48:27.3413306Z > Task :app:ktlintReleaseSourceSetCheck SKIPPED
2026-04-17T03:48:27.3414371Z > Task :app:runKtlintCheckOverTestDebugSourceSet NO-SOURCE
2026-04-17T03:48:27.3418677Z > Task :app:ktlintTestDebugSourceSetCheck SKIPPED
2026-04-17T03:48:27.3419927Z > Task :app:runKtlintCheckOverTestFixturesDebugSourceSet NO-SOURCE
2026-04-17T03:48:27.3444897Z > Task :app:ktlintTestFixturesDebugSourceSetCheck SKIPPED
2026-04-17T03:48:27.3445771Z > Task :app:runKtlintCheckOverTestFixturesReleaseSourceSet NO-SOURCE
2026-04-17T03:48:27.3446634Z > Task :app:ktlintTestFixturesReleaseSourceSetCheck SKIPPED
2026-04-17T03:48:27.3447563Z > Task :app:runKtlintCheckOverTestFixturesSourceSet NO-SOURCE
2026-04-17T03:48:27.3448361Z > Task :app:ktlintTestFixturesSourceSetCheck SKIPPED
2026-04-17T03:48:27.3449167Z > Task :app:runKtlintCheckOverTestReleaseSourceSet NO-SOURCE
2026-04-17T03:48:27.3449986Z > Task :app:ktlintTestReleaseSourceSetCheck SKIPPED
2026-04-17T03:48:37.6410341Z > Task :app:runKtlintCheckOverTestSourceSet
2026-04-17T03:48:37.7372652Z 
2026-04-17T03:48:37.7375575Z > Task :app:ktlintTestSourceSetCheck FAILED
2026-04-17T03:48:37.7378047Z /home/runner/work/prismTask/prismTask/app/src/test/java/com/averycorp/prismtask/data/repository/HabitRepositoryTest.kt:3:1 Imports must be ordered in lexicographic order without any empty lines in-between with "java", "javax", "kotlin" and aliases in the end
2026-04-17T03:48:52.0369832Z 
2026-04-17T03:48:52.0374658Z > Task :app:runKtlintCheckOverMainSourceSet
2026-04-17T03:48:52.0377123Z > Task :app:ktlintMainSourceSetCheck FROM-CACHE
2026-04-17T03:48:52.0378387Z gradle/actions: Writing build results to /home/runner/work/_temp/.gradle-actions/build-results/__run-1776397700438.json
2026-04-17T03:48:52.1368237Z 
2026-04-17T03:48:52.1387605Z 
2026-04-17T03:48:52.1388907Z [Incubating] Problems report is available at: file:///home/runner/work/prismTask/prismTask/build/reports/problems/problems-report.html
2026-04-17T03:48:52.1390452Z FAILURE: Build failed with an exception.
2026-04-17T03:48:52.1390847Z 
2026-04-17T03:48:52.1391086Z 
2026-04-17T03:48:52.1391600Z Deprecated Gradle features were used in this build, making it incompatible with Gradle 10.
2026-04-17T03:48:52.1392681Z * What went wrong:
2026-04-17T03:48:52.1392937Z 
2026-04-17T03:48:52.1393578Z Execution failed for task ':app:ktlintTestSourceSetCheck'.
2026-04-17T03:48:52.1395118Z You can use '--warning-mode all' to show the individual deprecation warnings and determine if they come from your own scripts or plugins.
2026-04-17T03:48:52.1396959Z > A failure occurred while executing org.jlleitschuh.gradle.ktlint.worker.ConsoleReportWorkAction
2026-04-17T03:48:52.1397769Z 
2026-04-17T03:48:52.1398427Z    > KtLint found code style violations. Please see the following reports:
2026-04-17T03:48:52.1399921Z For more on this, please refer to https://docs.gradle.org/9.3.1/userguide/command_line_interface.html#sec:command_line_warnings in the Gradle documentation.
2026-04-17T03:48:52.1402045Z      - /home/runner/work/prismTask/prismTask/app/build/reports/ktlint/ktlintTestSourceSetCheck/ktlintTestSourceSetCheck.txt
2026-04-17T03:48:52.1403226Z 9 actionable tasks: 3 executed, 6 from cache
2026-04-17T03:48:52.1404115Z 
2026-04-17T03:48:52.1404437Z * Try:
2026-04-17T03:48:52.1405076Z > Run with --stacktrace option to get the stack trace.
2026-04-17T03:48:52.1406058Z > Run with --info or --debug option to get more log output.
2026-04-17T03:48:52.1407156Z > Run with --scan to get full insights from a Build Scan (powered by Develocity).
2026-04-17T03:48:52.1408175Z > Get more help at https://help.gradle.org.
2026-04-17T03:48:52.1408748Z 
2026-04-17T03:48:52.1409432Z BUILD FAILED in 39s
2026-04-17T03:48:52.5826108Z ##[error]Process completed with exit code 1.
2026-04-17T03:48:52.5876840Z ##[group]Run ./gradlew detekt --continue
2026-04-17T03:48:52.5877232Z [36;1m./gradlew detekt --continue[0m
2026-04-17T03:48:52.5897964Z shell: /usr/bin/bash -e {0}
2026-04-17T03:48:52.5898252Z env:
2026-04-17T03:48:52.5898596Z   JAVA_HOME: /opt/hostedtoolcache/Java_Temurin-Hotspot_jdk/21.0.10-7/x64
2026-04-17T03:48:52.5899151Z   JAVA_HOME_21_X64: /opt/hostedtoolcache/Java_Temurin-Hotspot_jdk/21.0.10-7/x64
2026-04-17T03:48:52.5899616Z   GRADLE_ACTION_ID: gradle/actions/setup-gradle
2026-04-17T03:48:52.5899959Z   GRADLE_USER_HOME: /home/runner/.gradle
2026-04-17T03:48:52.5900283Z   GRADLE_BUILD_ACTION_SETUP_COMPLETED: true
2026-04-17T03:48:52.5900762Z   GRADLE_BUILD_ACTION_CACHE_RESTORED: true
2026-04-17T03:48:52.5901268Z   DEVELOCITY_INJECTION_INIT_SCRIPT_NAME: gradle-actions.inject-develocity.init.gradle
2026-04-17T03:48:52.5901783Z   DEVELOCITY_INJECTION_CUSTOM_VALUE: gradle-actions
2026-04-17T03:48:52.5902144Z   GITHUB_DEPENDENCY_GRAPH_ENABLED: false
2026-04-17T03:48:52.5902476Z ##[endgroup]
2026-04-17T03:48:53.3629645Z Configuration on demand is an incubating feature.
2026-04-17T03:48:53.7626967Z 
2026-04-17T03:48:53.7644700Z > Configure project :app
2026-04-17T03:48:53.7645372Z WARNING: The option setting 'android.builtInKotlin=false' is deprecated.
2026-04-17T03:48:53.7645933Z The current default is 'true'.
2026-04-17T03:48:53.7646744Z It will be removed in version 10.0 of the Android Gradle plugin.
2026-04-17T03:48:53.7647790Z WARNING: The option setting 'android.newDsl=false' is deprecated.
2026-04-17T03:48:53.7648708Z The current default is 'true'.
2026-04-17T03:48:53.7649524Z It will be removed in version 10.0 of the Android Gradle plugin.
2026-04-17T03:48:53.7650925Z WARNING: The option setting 'android.dependency.excludeLibraryComponentsFromConstraints=true' is deprecated.
2026-04-17T03:48:53.7652218Z The current default is 'false'.
2026-04-17T03:48:53.7653040Z It will be removed in version 10.0 of the Android Gradle plugin.
2026-04-17T03:48:53.7654296Z Following can be set instead to achieve a similar behaviour.
2026-04-17T03:48:53.7655229Z     android.dependency.useConstraints=false
2026-04-17T03:48:53.7656486Z w: ⚠️ Deprecated 'org.jetbrains.kotlin.android' plugin usage
2026-04-17T03:48:53.7657864Z The 'org.jetbrains.kotlin.android' plugin in project ':app' is no longer required for Kotlin support since AGP 9.0.
2026-04-17T03:48:53.7659716Z Solution: Remove both `android.builtInKotlin=true` and `android.newDsl=false` from `gradle.properties`, then migrate to built-in Kotlin.
2026-04-17T03:48:53.7661189Z See https://kotl.in/gradle/agp-built-in-kotlin for more details.
2026-04-17T03:48:53.7661782Z 
2026-04-17T03:49:23.8622688Z 
2026-04-17T03:49:23.8674448Z > Task :app:detekt
2026-04-17T03:49:24.5589306Z /home/runner/work/prismTask/prismTask/app/src/test/java/com/averycorp/prismtask/data/repository/HabitRepositoryTest.kt:3:1: Imports must be ordered in lexicographic order without any empty lines in-between with "java", "javax", "kotlin" and aliases in the end [ImportOrdering]
2026-04-17T03:49:24.5594413Z 
2026-04-17T03:49:24.5594957Z 
2026-04-17T03:49:24.5596414Z > Task :app:detekt FAILED
2026-04-17T03:49:24.5596824Z 
2026-04-17T03:49:24.5599092Z gradle/actions: Writing build results to /home/runner/work/_temp/.gradle-actions/build-results/__run_2-1776397733283.json
2026-04-17T03:49:24.5600212Z 
2026-04-17T03:49:24.5601239Z [Incubating] Problems report is available at: file:///home/runner/work/prismTask/prismTask/build/reports/problems/problems-report.html
2026-04-17T03:49:24.5609317Z 
2026-04-17T03:49:24.5610115Z FAILURE: Build failed with an exception.
2026-04-17T03:49:24.5611440Z Deprecated Gradle features were used in this build, making it incompatible with Gradle 10.
2026-04-17T03:49:24.5612923Z 
2026-04-17T03:49:24.5612934Z 
2026-04-17T03:49:24.5613562Z * What went wrong:
2026-04-17T03:49:24.5615191Z You can use '--warning-mode all' to show the individual deprecation warnings and determine if they come from your own scripts or plugins.
2026-04-17T03:49:24.5617436Z Execution failed for task ':app:detekt'.
2026-04-17T03:49:24.5618003Z 
2026-04-17T03:49:24.5618646Z > Analysis failed with 1 weighted issues.
2026-04-17T03:49:24.5620171Z For more on this, please refer to https://docs.gradle.org/9.3.1/userguide/command_line_interface.html#sec:command_line_warnings in the Gradle documentation.
2026-04-17T03:49:24.5621722Z 
2026-04-17T03:49:24.5621986Z 1 actionable task: 1 executed
2026-04-17T03:49:24.5622917Z * Try:
2026-04-17T03:49:24.5624205Z > Run with --stacktrace option to get the stack trace.
2026-04-17T03:49:24.5653420Z > Run with --info or --debug option to get more log output.
2026-04-17T03:49:24.5655935Z > Run with --scan to get full insights from a Build Scan (powered by Develocity).
2026-04-17T03:49:24.5656680Z > Get more help at https://help.gradle.org.
2026-04-17T03:49:24.5657057Z 
2026-04-17T03:49:24.5657219Z BUILD FAILED in 31s
2026-04-17T03:49:24.6279692Z ##[error]Process completed with exit code 1.
2026-04-17T03:49:24.6307569Z ##[group]Run ./gradlew lint --continue
2026-04-17T03:49:24.6307959Z [36;1m./gradlew lint --continue[0m
2026-04-17T03:49:24.6328466Z shell: /usr/bin/bash -e {0}
2026-04-17T03:49:24.6328757Z env:
2026-04-17T03:49:24.6329100Z   JAVA_HOME: /opt/hostedtoolcache/Java_Temurin-Hotspot_jdk/21.0.10-7/x64
2026-04-17T03:49:24.6329660Z   JAVA_HOME_21_X64: /opt/hostedtoolcache/Java_Temurin-Hotspot_jdk/21.0.10-7/x64
2026-04-17T03:49:24.6330135Z   GRADLE_ACTION_ID: gradle/actions/setup-gradle
2026-04-17T03:49:24.6330474Z   GRADLE_USER_HOME: /home/runner/.gradle
2026-04-17T03:49:24.6330795Z   GRADLE_BUILD_ACTION_SETUP_COMPLETED: true
2026-04-17T03:49:24.6331142Z   GRADLE_BUILD_ACTION_CACHE_RESTORED: true
2026-04-17T03:49:24.6331615Z   DEVELOCITY_INJECTION_INIT_SCRIPT_NAME: gradle-actions.inject-develocity.init.gradle
2026-04-17T03:49:24.6332126Z   DEVELOCITY_INJECTION_CUSTOM_VALUE: gradle-actions
2026-04-17T03:49:24.6332480Z   GITHUB_DEPENDENCY_GRAPH_ENABLED: false
2026-04-17T03:49:24.6332819Z ##[endgroup]
2026-04-17T03:49:25.3890452Z Configuration on demand is an incubating feature.
2026-04-17T03:49:25.7872627Z 
2026-04-17T03:49:25.7897778Z > Configure project :app
2026-04-17T03:49:25.7954842Z WARNING: The option setting 'android.builtInKotlin=false' is deprecated.
2026-04-17T03:49:25.7963214Z The current default is 'true'.
2026-04-17T03:49:25.7964427Z It will be removed in version 10.0 of the Android Gradle plugin.
2026-04-17T03:49:25.7965459Z WARNING: The option setting 'android.newDsl=false' is deprecated.
2026-04-17T03:49:25.7966428Z The current default is 'true'.
2026-04-17T03:49:25.7967254Z It will be removed in version 10.0 of the Android Gradle plugin.
2026-04-17T03:49:25.7968641Z WARNING: The option setting 'android.dependency.excludeLibraryComponentsFromConstraints=true' is deprecated.
2026-04-17T03:49:25.7969938Z The current default is 'false'.
2026-04-17T03:49:25.7970793Z It will be removed in version 10.0 of the Android Gradle plugin.
2026-04-17T03:49:25.7971915Z Following can be set instead to achieve a similar behaviour.
2026-04-17T03:49:25.7972890Z     android.dependency.useConstraints=false
2026-04-17T03:49:25.7974437Z w: ⚠️ Deprecated 'org.jetbrains.kotlin.android' plugin usage
2026-04-17T03:49:25.7975886Z The 'org.jetbrains.kotlin.android' plugin in project ':app' is no longer required for Kotlin support since AGP 9.0.
2026-04-17T03:49:25.7977807Z Solution: Remove both `android.builtInKotlin=true` and `android.newDsl=false` from `gradle.properties`, then migrate to built-in Kotlin.
2026-04-17T03:49:25.7979433Z See https://kotl.in/gradle/agp-built-in-kotlin for more details.
2026-04-17T03:49:25.7980196Z 
2026-04-17T03:49:26.9883112Z 
2026-04-17T03:49:26.9892142Z > Task :app:checkKotlinGradlePluginConfigurationErrors SKIPPED
2026-04-17T03:49:26.9924754Z > Task :app:preBuild UP-TO-DATE
2026-04-17T03:49:26.9929602Z > Task :app:preDebugBuild UP-TO-DATE
2026-04-17T03:49:26.9930529Z > Task :app:generateDebugBuildConfig FROM-CACHE
2026-04-17T03:49:26.9936637Z > Task :app:generateDebugResValues FROM-CACHE
2026-04-17T03:49:26.9937835Z > Task :app:generateDebugResources FROM-CACHE
2026-04-17T03:49:26.9938901Z > Task :app:injectCrashlyticsMappingFileIdDebug
2026-04-17T03:49:26.9939783Z > Task :app:processDebugGoogleServices FROM-CACHE
2026-04-17T03:49:26.9941595Z > Task :app:packageDebugResources FROM-CACHE
2026-04-17T03:49:27.4874771Z > Task :app:processDebugNavigationResources FROM-CACHE
2026-04-17T03:49:27.8885422Z > Task :app:parseDebugLocalResources FROM-CACHE
2026-04-17T03:49:27.8904858Z > Task :app:generateDebugRFile FROM-CACHE
2026-04-17T03:49:28.4894763Z > Task :app:javaPreCompileDebug FROM-CACHE
2026-04-17T03:49:28.5894963Z > Task :app:mapDebugSourceSetPaths
2026-04-17T03:49:28.5924580Z > Task :app:checkDebugAarMetadata
2026-04-17T03:49:28.5965107Z > Task :app:compileDebugNavigationResources FROM-CACHE
2026-04-17T03:49:28.8896027Z > Task :app:mergeDebugResources FROM-CACHE
2026-04-17T03:49:28.8926780Z > Task :app:createDebugCompatibleScreenManifests
2026-04-17T03:49:28.8985353Z > Task :app:extractDeepLinksDebug FROM-CACHE
2026-04-17T03:49:28.9875859Z > Task :app:processDebugMainManifest FROM-CACHE
2026-04-17T03:49:28.9905297Z > Task :app:processDebugManifest FROM-CACHE
2026-04-17T03:49:28.9919003Z > Task :app:processDebugManifestForPackage FROM-CACHE
2026-04-17T03:49:29.2886630Z > Task :app:processDebugResources FROM-CACHE
2026-04-17T03:49:29.2887581Z > Task :app:preDebugAndroidTestBuild SKIPPED
2026-04-17T03:49:29.2888564Z > Task :app:generateDebugAndroidTestResValues FROM-CACHE
2026-04-17T03:49:29.2889506Z > Task :app:extractProguardFiles
2026-04-17T03:49:29.2890279Z > Task :app:preDebugUnitTestBuild UP-TO-DATE
2026-04-17T03:49:57.8884232Z > Task :app:kspDebugKotlin
2026-04-17T03:50:28.0875557Z > Task :app:compileDebugKotlin
2026-04-17T03:51:28.4896631Z w: file:///home/runner/work/prismTask/prismTask/app/src/main/java/com/averycorp/prismtask/data/billing/BillingManager.kt:57:5 This annotation is currently applied to the value parameter only, but in the future it will also be applied to field.
2026-04-17T03:51:28.4955344Z - To opt in to applying to both value parameter and field, add '-Xannotation-default-target=param-property' to your compiler arguments.
2026-04-17T03:51:28.4985013Z - To keep applying to the value parameter only, use the '@param:' annotation target.
2026-04-17T03:51:28.5044143Z 
2026-04-17T03:51:28.5203629Z See https://youtrack.jetbrains.com/issue/KT-73255 for more details.
2026-04-17T03:51:28.5220000Z w: file:///home/runner/work/prismTask/prismTask/app/src/main/java/com/averycorp/prismtask/data/calendar/CalendarManager.kt:6:8 'class GoogleSignIn : Any' is deprecated. Deprecated in Java.
2026-04-17T03:51:28.5265676Z w: file:///home/runner/work/prismTask/prismTask/app/src/main/java/com/averycorp/prismtask/data/calendar/CalendarManager.kt:7:8 'class GoogleSignInOptions : AbstractSafeParcelable, Api.ApiOptions.Optional, ReflectedParcelable' is deprecated. Deprecated in Java.
2026-04-17T03:51:28.5269095Z w: file:///home/runner/work/prismTask/prismTask/app/src/main/java/com/averycorp/prismtask/data/calendar/CalendarManager.kt:44:5 This annotation is currently applied to the value parameter only, but in the future it will also be applied to field.
2026-04-17T03:51:28.5271489Z - To opt in to applying to both value parameter and field, add '-Xannotation-default-target=param-property' to your compiler arguments.
2026-04-17T03:51:28.5272826Z - To keep applying to the value parameter only, use the '@param:' annotation target.
2026-04-17T03:51:28.5273431Z 
2026-04-17T03:51:28.5274032Z See https://youtrack.jetbrains.com/issue/KT-73255 for more details.
2026-04-17T03:51:28.5275688Z w: file:///home/runner/work/prismTask/prismTask/app/src/main/java/com/averycorp/prismtask/data/calendar/CalendarManager.kt:58:23 'class GoogleSignIn : Any' is deprecated. Deprecated in Java.
2026-04-17T03:51:28.5278394Z w: file:///home/runner/work/prismTask/prismTask/app/src/main/java/com/averycorp/prismtask/data/calendar/CalendarManager.kt:69:85 'class GoogleSignInClient : GoogleApi<GoogleSignInOptions!>' is deprecated. Deprecated in Java.
2026-04-17T03:51:28.5282047Z w: file:///home/runner/work/prismTask/prismTask/app/src/main/java/com/averycorp/prismtask/data/calendar/CalendarManager.kt:70:19 'class GoogleSignInOptions : AbstractSafeParcelable, Api.ApiOptions.Optional, ReflectedParcelable' is deprecated. Deprecated in Java.
2026-04-17T03:51:28.5285664Z w: file:///home/runner/work/prismTask/prismTask/app/src/main/java/com/averycorp/prismtask/data/calendar/CalendarManager.kt:70:47 'class GoogleSignInOptions : AbstractSafeParcelable, Api.ApiOptions.Optional, ReflectedParcelable' is deprecated. Deprecated in Java.
2026-04-17T03:51:28.5288589Z w: file:///home/runner/work/prismTask/prismTask/app/src/main/java/com/averycorp/prismtask/data/calendar/CalendarManager.kt:74:16 'class GoogleSignIn : Any' is deprecated. Deprecated in Java.
2026-04-17T03:51:28.5291446Z w: file:///home/runner/work/prismTask/prismTask/app/src/main/java/com/averycorp/prismtask/data/calendar/CalendarManager.kt:85:28 'class GoogleSignIn : Any' is deprecated. Deprecated in Java.
2026-04-17T03:51:28.5307243Z w: file:///home/runner/work/prismTask/prismTask/app/src/main/java/com/averycorp/prismtask/data/calendar/CalendarManager.kt:121:24 'class GoogleSignIn : Any' is deprecated. Deprecated in Java.
2026-04-17T03:51:28.5309983Z w: file:///home/runner/work/prismTask/prismTask/app/src/main/java/com/averycorp/prismtask/data/calendar/CalendarManager.kt:156:23 'class GoogleSignIn : Any' is deprecated. Deprecated in Java.
2026-04-17T03:51:28.5325193Z w: file:///home/runner/work/prismTask/prismTask/app/src/main/java/com/averycorp/prismtask/data/calendar/CalendarManager.kt:224:23 'class GoogleSignIn : Any' is deprecated. Deprecated in Java.
2026-04-17T03:51:28.5355618Z w: file:///home/runner/work/prismTask/prismTask/app/src/main/java/com/averycorp/prismtask/data/calendar/DefaultCalendarPushDispatcher.kt:28:5 This annotation is currently applied to the value parameter only, but in the future it will also be applied to field.
2026-04-17T03:51:28.5384738Z - To opt in to applying to both value parameter and field, add '-Xannotation-default-target=param-property' to your compiler arguments.
2026-04-17T03:51:28.5386123Z - To keep applying to the value parameter only, use the '@param:' annotation target.
2026-04-17T03:51:28.5386739Z 
2026-04-17T03:51:28.5387110Z See https://youtrack.jetbrains.com/issue/KT-73255 for more details.
2026-04-17T03:51:28.5389119Z w: file:///home/runner/work/prismTask/prismTask/app/src/main/java/com/averycorp/prismtask/data/preferences/A11yPreferences.kt:22:5 This annotation is currently applied to the value parameter only, but in the future it will also be applied to field.
2026-04-17T03:51:28.5391582Z - To opt in to applying to both value parameter and field, add '-Xannotation-default-target=param-property' to your compiler arguments.
2026-04-17T03:51:28.5392936Z - To keep applying to the value parameter only, use the '@param:' annotation target.
2026-04-17T03:51:28.5393536Z 
2026-04-17T03:51:28.5394089Z See https://youtrack.jetbrains.com/issue/KT-73255 for more details.
2026-04-17T03:51:28.5396152Z w: file:///home/runner/work/prismTask/prismTask/app/src/main/java/com/averycorp/prismtask/data/preferences/ArchivePreferences.kt:21:5 This annotation is currently applied to the value parameter only, but in the future it will also be applied to field.
2026-04-17T03:51:28.5398601Z - To opt in to applying to both value parameter and field, add '-Xannotation-default-target=param-property' to your compiler arguments.
2026-04-17T03:51:28.5399930Z - To keep applying to the value parameter only, use the '@param:' annotation target.
2026-04-17T03:51:28.5400529Z 
2026-04-17T03:51:28.5400878Z See https://youtrack.jetbrains.com/issue/KT-73255 for more details.
2026-04-17T03:51:28.5402932Z w: file:///home/runner/work/prismTask/prismTask/app/src/main/java/com/averycorp/prismtask/data/preferences/AuthTokenPreferences.kt:30:5 This annotation is currently applied to the value parameter only, but in the future it will also be applied to field.
2026-04-17T03:51:28.5405946Z - To opt in to applying to both value parameter and field, add '-Xannotation-default-target=param-property' to your compiler arguments.
2026-04-17T03:51:28.5407279Z - To keep applying to the value parameter only, use the '@param:' annotation target.
2026-04-17T03:51:28.5407881Z 
2026-04-17T03:51:28.5408238Z See https://youtrack.jetbrains.com/issue/KT-73255 for more details.
2026-04-17T03:51:28.5410292Z w: file:///home/runner/work/prismTask/prismTask/app/src/main/java/com/averycorp/prismtask/data/preferences/BackendSyncPreferences.kt:29:5 This annotation is currently applied to the value parameter only, but in the future it will also be applied to field.
2026-04-17T03:51:28.5412824Z - To opt in to applying to both value parameter and field, add '-Xannotation-default-target=param-property' to your compiler arguments.
2026-04-17T03:51:28.5444512Z - To keep applying to the value parameter only, use the '@param:' annotation target.
2026-04-17T03:51:28.5445133Z 
2026-04-17T03:51:28.5445785Z See https://youtrack.jetbrains.com/issue/KT-73255 for more details.
2026-04-17T03:51:28.5447861Z w: file:///home/runner/work/prismTask/prismTask/app/src/main/java/com/averycorp/prismtask/data/preferences/CoachingPreferences.kt:30:5 This annotation is currently applied to the value parameter only, but in the future it will also be applied to field.
2026-04-17T03:51:28.5452552Z - To opt in to applying to both value parameter and field, add '-Xannotation-default-target=param-property' to your compiler arguments.
2026-04-17T03:51:28.5454288Z - To keep applying to the value parameter only, use the '@param:' annotation target.
2026-04-17T03:51:28.5454896Z 
2026-04-17T03:51:28.5455261Z See https://youtrack.jetbrains.com/issue/KT-73255 for more details.
2026-04-17T03:51:28.5457344Z w: file:///home/runner/work/prismTask/prismTask/app/src/main/java/com/averycorp/prismtask/data/preferences/DailyEssentialsPreferences.kt:28:5 This annotation is currently applied to the value parameter only, but in the future it will also be applied to field.
2026-04-17T03:51:28.5459838Z - To opt in to applying to both value parameter and field, add '-Xannotation-default-target=param-property' to your compiler arguments.
2026-04-17T03:51:28.5461174Z - To keep applying to the value parameter only, use the '@param:' annotation target.
2026-04-17T03:51:28.5461775Z 
2026-04-17T03:51:28.5462129Z See https://youtrack.jetbrains.com/issue/KT-73255 for more details.
2026-04-17T03:51:28.5464347Z w: file:///home/runner/work/prismTask/prismTask/app/src/main/java/com/averycorp/prismtask/data/preferences/DashboardPreferences.kt:22:5 This annotation is currently applied to the value parameter only, but in the future it will also be applied to field.
2026-04-17T03:51:28.5466814Z - To opt in to applying to both value parameter and field, add '-Xannotation-default-target=param-property' to your compiler arguments.
2026-04-17T03:51:28.5468145Z - To keep applying to the value parameter only, use the '@param:' annotation target.
2026-04-17T03:51:28.5468754Z 
2026-04-17T03:51:28.5469117Z See https://youtrack.jetbrains.com/issue/KT-73255 for more details.
2026-04-17T03:51:28.5471162Z w: file:///home/runner/work/prismTask/prismTask/app/src/main/java/com/averycorp/prismtask/data/preferences/HabitListPreferences.kt:31:5 This annotation is currently applied to the value parameter only, but in the future it will also be applied to field.
2026-04-17T03:51:28.5473602Z - To opt in to applying to both value parameter and field, add '-Xannotation-default-target=param-property' to your compiler arguments.
2026-04-17T03:51:28.5515693Z - To keep applying to the value parameter only, use the '@param:' annotation target.
2026-04-17T03:51:28.5516339Z 
2026-04-17T03:51:28.5516722Z See https://youtrack.jetbrains.com/issue/KT-73255 for more details.
2026-04-17T03:51:28.5518850Z w: file:///home/runner/work/prismTask/prismTask/app/src/main/java/com/averycorp/prismtask/data/preferences/LeisurePreferences.kt:29:5 This annotation is currently applied to the value parameter only, but in the future it will also be applied to field.
2026-04-17T03:51:28.5521664Z - To opt in to applying to both value parameter and field, add '-Xannotation-default-target=param-property' to your compiler arguments.
2026-04-17T03:51:28.5523034Z - To keep applying to the value parameter only, use the '@param:' annotation target.
2026-04-17T03:51:28.5523665Z 
2026-04-17T03:51:28.5524294Z See https://youtrack.jetbrains.com/issue/KT-73255 for more details.
2026-04-17T03:51:28.5526380Z w: file:///home/runner/work/prismTask/prismTask/app/src/main/java/com/averycorp/prismtask/data/preferences/MedicationPreferences.kt:26:5 This annotation is currently applied to the value parameter only, but in the future it will also be applied to field.
2026-04-17T03:51:28.5528871Z - To opt in to applying to both value parameter and field, add '-Xannotation-default-target=param-property' to your compiler arguments.
2026-04-17T03:51:28.5530236Z - To keep applying to the value parameter only, use the '@param:' annotation target.
2026-04-17T03:51:28.5530855Z 
2026-04-17T03:51:28.5531482Z See https://youtrack.jetbrains.com/issue/KT-73255 for more details.
2026-04-17T03:51:28.5533611Z w: file:///home/runner/work/prismTask/prismTask/app/src/main/java/com/averycorp/prismtask/data/preferences/MorningCheckInPreferences.kt:32:5 This annotation is currently applied to the value parameter only, but in the future it will also be applied to field.
2026-04-17T03:51:28.5536354Z - To opt in to applying to both value parameter and field, add '-Xannotation-default-target=param-property' to your compiler arguments.
2026-04-17T03:51:28.5537882Z - To keep applying to the value parameter only, use the '@param:' annotation target.
2026-04-17T03:51:28.5538546Z 
2026-04-17T03:51:28.5538914Z See https://youtrack.jetbrains.com/issue/KT-73255 for more details.
2026-04-17T03:51:28.5541029Z w: file:///home/runner/work/prismTask/prismTask/app/src/main/java/com/averycorp/prismtask/data/preferences/OnboardingPreferences.kt:22:5 This annotation is currently applied to the value parameter only, but in the future it will also be applied to field.
2026-04-17T03:51:28.5543627Z - To opt in to applying to both value parameter and field, add '-Xannotation-default-target=param-property' to your compiler arguments.
2026-04-17T03:51:28.5575579Z - To keep applying to the value parameter only, use the '@param:' annotation target.
2026-04-17T03:51:28.5576234Z 
2026-04-17T03:51:28.5576625Z See https://youtrack.jetbrains.com/issue/KT-73255 for more details.
2026-04-17T03:51:28.5578726Z w: file:///home/runner/work/prismTask/prismTask/app/src/main/java/com/averycorp/prismtask/data/preferences/ProStatusPreferences.kt:22:5 This annotation is currently applied to the value parameter only, but in the future it will also be applied to field.
2026-04-17T03:51:28.5581363Z - To opt in to applying to both value parameter and field, add '-Xannotation-default-target=param-property' to your compiler arguments.
2026-04-17T03:51:28.5582799Z - To keep applying to the value parameter only, use the '@param:' annotation target.
2026-04-17T03:51:28.5583459Z 
2026-04-17T03:51:28.5584139Z See https://youtrack.jetbrains.com/issue/KT-73255 for more details.
2026-04-17T03:51:28.5586204Z w: file:///home/runner/work/prismTask/prismTask/app/src/main/java/com/averycorp/prismtask/data/preferences/ShakePreferences.kt:28:5 This annotation is currently applied to the value parameter only, but in the future it will also be applied to field.
2026-04-17T03:51:28.5588734Z - To opt in to applying to both value parameter and field, add '-Xannotation-default-target=param-property' to your compiler arguments.
2026-04-17T03:51:28.5590119Z - To keep applying to the value parameter only, use the '@param:' annotation target.
2026-04-17T03:51:28.5590749Z 
2026-04-17T03:51:28.5591117Z See https://youtrack.jetbrains.com/issue/KT-73255 for more details.
2026-04-17T03:51:28.5593128Z w: file:///home/runner/work/prismTask/prismTask/app/src/main/java/com/averycorp/prismtask/data/preferences/TabPreferences.kt:22:5 This annotation is currently applied to the value parameter only, but in the future it will also be applied to field.
2026-04-17T03:51:28.5596471Z - To opt in to applying to both value parameter and field, add '-Xannotation-default-target=param-property' to your compiler arguments.
2026-04-17T03:51:28.5597856Z - To keep applying to the value parameter only, use the '@param:' annotation target.
2026-04-17T03:51:28.5598478Z 
2026-04-17T03:51:28.5598848Z See https://youtrack.jetbrains.com/issue/KT-73255 for more details.
2026-04-17T03:51:28.5600947Z w: file:///home/runner/work/prismTask/prismTask/app/src/main/java/com/averycorp/prismtask/data/preferences/TaskBehaviorPreferences.kt:32:5 This annotation is currently applied to the value parameter only, but in the future it will also be applied to field.
2026-04-17T03:51:28.5603517Z - To opt in to applying to both value parameter and field, add '-Xannotation-default-target=param-property' to your compiler arguments.
2026-04-17T03:51:28.5605208Z - To keep applying to the value parameter only, use the '@param:' annotation target.
2026-04-17T03:51:28.5606053Z 
2026-04-17T03:51:28.5606438Z See https://youtrack.jetbrains.com/issue/KT-73255 for more details.
2026-04-17T03:51:28.5608534Z w: file:///home/runner/work/prismTask/prismTask/app/src/main/java/com/averycorp/prismtask/data/preferences/TemplatePreferences.kt:31:5 This annotation is currently applied to the value parameter only, but in the future it will also be applied to field.
2026-04-17T03:51:28.5611046Z - To opt in to applying to both value parameter and field, add '-Xannotation-default-target=param-property' to your compiler arguments.
2026-04-17T03:51:28.5612429Z - To keep applying to the value parameter only, use the '@param:' annotation target.
2026-04-17T03:51:28.5613164Z 
2026-04-17T03:51:28.5613554Z See https://youtrack.jetbrains.com/issue/KT-73255 for more details.
2026-04-17T03:51:28.5615941Z w: file:///home/runner/work/prismTask/prismTask/app/src/main/java/com/averycorp/prismtask/data/preferences/ThemePreferences.kt:22:5 This annotation is currently applied to the value parameter only, but in the future it will also be applied to field.
2026-04-17T03:51:28.5618461Z - To opt in to applying to both value parameter and field, add '-Xannotation-default-target=param-property' to your compiler arguments.
2026-04-17T03:51:28.5619790Z - To keep applying to the value parameter only, use the '@param:' annotation target.
2026-04-17T03:51:28.5620404Z 
2026-04-17T03:51:28.5620774Z See https://youtrack.jetbrains.com/issue/KT-73255 for more details.
2026-04-17T03:51:28.5622854Z w: file:///home/runner/work/prismTask/prismTask/app/src/main/java/com/averycorp/prismtask/data/preferences/TimerPreferences.kt:23:5 This annotation is currently applied to the value parameter only, but in the future it will also be applied to field.
2026-04-17T03:51:28.5625639Z - To opt in to applying to both value parameter and field, add '-Xannotation-default-target=param-property' to your compiler arguments.
2026-04-17T03:51:28.5627242Z - To keep applying to the value parameter only, use the '@param:' annotation target.
2026-04-17T03:51:28.5627990Z 
2026-04-17T03:51:28.5628422Z See https://youtrack.jetbrains.com/issue/KT-73255 for more details.
2026-04-17T03:51:28.5630652Z w: file:///home/runner/work/prismTask/prismTask/app/src/main/java/com/averycorp/prismtask/data/preferences/VoicePreferences.kt:22:5 This annotation is currently applied to the value parameter only, but in the future it will also be applied to field.
2026-04-17T03:51:28.5633152Z - To opt in to applying to both value parameter and field, add '-Xannotation-default-target=param-property' to your compiler arguments.
2026-04-17T03:51:28.5638596Z - To keep applying to the value parameter only, use the '@param:' annotation target.
2026-04-17T03:51:28.5639274Z 
2026-04-17T03:51:28.5639652Z See https://youtrack.jetbrains.com/issue/KT-73255 for more details.
2026-04-17T03:51:28.5641628Z w: file:///home/runner/work/prismTask/prismTask/app/src/main/java/com/averycorp/prismtask/data/remote/AuthManager.kt:30:5 This annotation is currently applied to the value parameter only, but in the future it will also be applied to field.
2026-04-17T03:51:28.5644532Z - To opt in to applying to both value parameter and field, add '-Xannotation-default-target=param-property' to your compiler arguments.
2026-04-17T03:51:28.5645869Z - To keep applying to the value parameter only, use the '@param:' annotation target.
2026-04-17T03:51:28.5646467Z 
2026-04-17T03:51:28.5646827Z See https://youtrack.jetbrains.com/issue/KT-73255 for more details.
2026-04-17T03:51:28.5648468Z w: file:///home/runner/work/prismTask/prismTask/app/src/main/java/com/averycorp/prismtask/data/remote/GoogleDriveService.kt:4:8 'class GoogleSignIn : Any' is deprecated. Deprecated in Java.
2026-04-17T03:51:28.5896119Z w: file:///home/runner/work/prismTask/prismTask/app/src/main/java/com/averycorp/prismtask/data/remote/GoogleDriveService.kt:23:5 This annotation is currently applied to the value parameter only, but in the future it will also be applied to field.
2026-04-17T03:51:28.5925562Z - To opt in to applying to both value parameter and field, add '-Xannotation-default-target=param-property' to your compiler arguments.
2026-04-17T03:51:28.6004872Z - To keep applying to the value parameter only, use the '@param:' annotation target.
2026-04-17T03:51:28.6023042Z 
2026-04-17T03:51:28.6046106Z See https://youtrack.jetbrains.com/issue/KT-73255 for more details.
2026-04-17T03:51:28.6095424Z w: file:///home/runner/work/prismTask/prismTask/app/src/main/java/com/averycorp/prismtask/data/remote/GoogleDriveService.kt:33:23 'class GoogleSignIn : Any' is deprecated. Deprecated in Java.
2026-04-17T03:51:28.6125405Z w: file:///home/runner/work/prismTask/prismTask/app/src/main/java/com/averycorp/prismtask/data/remote/GoogleDriveService.kt:143:34 'class GoogleSignIn : Any' is deprecated. Deprecated in Java.
2026-04-17T03:51:28.6135824Z w: file:///home/runner/work/prismTask/prismTask/app/src/main/java/com/averycorp/prismtask/data/repository/CustomSoundRepository.kt:34:5 This annotation is currently applied to the value parameter only, but in the future it will also be applied to field.
2026-04-17T03:51:28.6185092Z - To opt in to applying to both value parameter and field, add '-Xannotation-default-target=param-property' to your compiler arguments.
2026-04-17T03:51:28.6214455Z - To keep applying to the value parameter only, use the '@param:' annotation target.
2026-04-17T03:51:28.6243965Z 
2026-04-17T03:51:28.6274478Z See https://youtrack.jetbrains.com/issue/KT-73255 for more details.
2026-04-17T03:51:28.6305183Z w: file:///home/runner/work/prismTask/prismTask/app/src/main/java/com/averycorp/prismtask/domain/usecase/NaturalLanguageParser.kt:300:48 Unnecessary safe call on a non-null receiver of type 'LocalDate'.
2026-04-17T03:51:28.6335619Z w: file:///home/runner/work/prismTask/prismTask/app/src/main/java/com/averycorp/prismtask/domain/usecase/ShakeDetector.kt:20:5 This annotation is currently applied to the value parameter only, but in the future it will also be applied to field.
2026-04-17T03:51:28.6358420Z - To opt in to applying to both value parameter and field, add '-Xannotation-default-target=param-property' to your compiler arguments.
2026-04-17T03:51:28.6394515Z - To keep applying to the value parameter only, use the '@param:' annotation target.
2026-04-17T03:51:28.6423363Z 
2026-04-17T03:51:28.6442721Z See https://youtrack.jetbrains.com/issue/KT-73255 for more details.
2026-04-17T03:51:28.6465755Z w: file:///home/runner/work/prismTask/prismTask/app/src/main/java/com/averycorp/prismtask/domain/usecase/TextToSpeechManager.kt:20:5 This annotation is currently applied to the value parameter only, but in the future it will also be applied to field.
2026-04-17T03:51:28.6468360Z - To opt in to applying to both value parameter and field, add '-Xannotation-default-target=param-property' to your compiler arguments.
2026-04-17T03:51:28.6469701Z - To keep applying to the value parameter only, use the '@param:' annotation target.
2026-04-17T03:51:28.6470294Z 
2026-04-17T03:51:28.6470645Z See https://youtrack.jetbrains.com/issue/KT-73255 for more details.
2026-04-17T03:51:28.6473489Z w: file:///home/runner/work/prismTask/prismTask/app/src/main/java/com/averycorp/prismtask/domain/usecase/VoiceInputManager.kt:35:5 This annotation is currently applied to the value parameter only, but in the future it will also be applied to field.
2026-04-17T03:51:28.6476294Z - To opt in to applying to both value parameter and field, add '-Xannotation-default-target=param-property' to your compiler arguments.
2026-04-17T03:51:28.6477728Z - To keep applying to the value parameter only, use the '@param:' annotation target.
2026-04-17T03:51:28.6478370Z 
2026-04-17T03:51:28.6478755Z See https://youtrack.jetbrains.com/issue/KT-73255 for more details.
2026-04-17T03:51:28.6480903Z w: file:///home/runner/work/prismTask/prismTask/app/src/main/java/com/averycorp/prismtask/notifications/EscalationScheduler.kt:29:5 This annotation is currently applied to the value parameter only, but in the future it will also be applied to field.
2026-04-17T03:51:28.6483892Z - To opt in to applying to both value parameter and field, add '-Xannotation-default-target=param-property' to your compiler arguments.
2026-04-17T03:51:28.6485329Z - To keep applying to the value parameter only, use the '@param:' annotation target.
2026-04-17T03:51:28.6485968Z 
2026-04-17T03:51:28.6486343Z See https://youtrack.jetbrains.com/issue/KT-73255 for more details.
2026-04-17T03:51:28.6534307Z w: file:///home/runner/work/prismTask/prismTask/app/src/main/java/com/averycorp/prismtask/notifications/MedicationReminderScheduler.kt:32:5 This annotation is currently applied to the value parameter only, but in the future it will also be applied to field.
2026-04-17T03:51:28.6536925Z - To opt in to applying to both value parameter and field, add '-Xannotation-default-target=param-property' to your compiler arguments.
2026-04-17T03:51:28.6538296Z - To keep applying to the value parameter only, use the '@param:' annotation target.
2026-04-17T03:51:28.6538911Z 
2026-04-17T03:51:28.6539294Z See https://youtrack.jetbrains.com/issue/KT-73255 for more details.
2026-04-17T03:51:28.6541381Z w: file:///home/runner/work/prismTask/prismTask/app/src/main/java/com/averycorp/prismtask/notifications/NotificationTester.kt:28:5 This annotation is currently applied to the value parameter only, but in the future it will also be applied to field.
2026-04-17T03:51:28.6543996Z - To opt in to applying to both value parameter and field, add '-Xannotation-default-target=param-property' to your compiler arguments.
2026-04-17T03:51:28.6545344Z - To keep applying to the value parameter only, use the '@param:' annotation target.
2026-04-17T03:51:28.6545946Z 
2026-04-17T03:51:28.6546295Z See https://youtrack.jetbrains.com/issue/KT-73255 for more details.
2026-04-17T03:51:28.6548289Z w: file:///home/runner/work/prismTask/prismTask/app/src/main/java/com/averycorp/prismtask/notifications/ReminderScheduler.kt:21:5 This annotation is currently applied to the value parameter only, but in the future it will also be applied to field.
2026-04-17T03:51:28.6550742Z - To opt in to applying to both value parameter and field, add '-Xannotation-default-target=param-property' to your compiler arguments.
2026-04-17T03:51:28.6552074Z - To keep applying to the value parameter only, use the '@param:' annotation target.
2026-04-17T03:51:28.6552673Z 
2026-04-17T03:51:28.6553025Z See https://youtrack.jetbrains.com/issue/KT-73255 for more details.
2026-04-17T03:51:28.6555235Z w: file:///home/runner/work/prismTask/prismTask/app/src/main/java/com/averycorp/prismtask/ui/screens/feedback/BugReportViewModel.kt:50:5 This annotation is currently applied to the value parameter only, but in the future it will also be applied to field.
2026-04-17T03:51:28.6557697Z - To opt in to applying to both value parameter and field, add '-Xannotation-default-target=param-property' to your compiler arguments.
2026-04-17T03:51:28.6559024Z - To keep applying to the value parameter only, use the '@param:' annotation target.
2026-04-17T03:51:28.6559623Z 
2026-04-17T03:51:28.6559978Z See https://youtrack.jetbrains.com/issue/KT-73255 for more details.
2026-04-17T03:51:28.6561962Z w: file:///home/runner/work/prismTask/prismTask/app/src/main/java/com/averycorp/prismtask/ui/screens/habits/HabitListViewModel.kt:162:32 Unchecked cast of 'Any?' to 'List<SelfCareStepEntity>'.
2026-04-17T03:51:28.6594862Z w: file:///home/runner/work/prismTask/prismTask/app/src/main/java/com/averycorp/prismtask/ui/screens/habits/HabitListViewModel.kt:163:32 Unchecked cast of 'Any?' to 'List<SelfCareStepEntity>'.
2026-04-17T03:51:28.6597426Z w: file:///home/runner/work/prismTask/prismTask/app/src/main/java/com/averycorp/prismtask/ui/screens/habits/HabitListViewModel.kt:164:34 Unchecked cast of 'Any?' to 'List<SelfCareStepEntity>'.
2026-04-17T03:51:28.6599902Z w: file:///home/runner/work/prismTask/prismTask/app/src/main/java/com/averycorp/prismtask/ui/screens/habits/HabitListViewModel.kt:171:34 Unchecked cast of 'Any?' to 'List<SelfCareStepEntity>'.
2026-04-17T03:51:28.6603272Z w: file:///home/runner/work/prismTask/prismTask/app/src/main/java/com/averycorp/prismtask/ui/screens/pomodoro/SmartPomodoroViewModel.kt:82:5 This annotation is currently applied to the value parameter only, but in the future it will also be applied to field.
2026-04-17T03:51:28.6605967Z - To opt in to applying to both value parameter and field, add '-Xannotation-default-target=param-property' to your compiler arguments.
2026-04-17T03:51:28.6607313Z - To keep applying to the value parameter only, use the '@param:' annotation target.
2026-04-17T03:51:28.6607911Z 
2026-04-17T03:51:28.6608270Z See https://youtrack.jetbrains.com/issue/KT-73255 for more details.
2026-04-17T03:51:28.6610313Z w: file:///home/runner/work/prismTask/prismTask/app/src/main/java/com/averycorp/prismtask/ui/screens/schoolwork/SyllabusViewModel.kt:30:5 This annotation is currently applied to the value parameter only, but in the future it will also be applied to field.
2026-04-17T03:51:28.6612714Z - To opt in to applying to both value parameter and field, add '-Xannotation-default-target=param-property' to your compiler arguments.
2026-04-17T03:51:28.6614335Z - To keep applying to the value parameter only, use the '@param:' annotation target.
2026-04-17T03:51:28.6614915Z 
2026-04-17T03:51:28.6615268Z See https://youtrack.jetbrains.com/issue/KT-73255 for more details.
2026-04-17T03:51:28.6617292Z w: file:///home/runner/work/prismTask/prismTask/app/src/main/java/com/averycorp/prismtask/ui/screens/settings/SettingsViewModel.kt:70:5 This annotation is currently applied to the value parameter only, but in the future it will also be applied to field.
2026-04-17T03:51:28.6619684Z - To opt in to applying to both value parameter and field, add '-Xannotation-default-target=param-property' to your compiler arguments.
2026-04-17T03:51:28.6621006Z - To keep applying to the value parameter only, use the '@param:' annotation target.
2026-04-17T03:51:28.6621582Z 
2026-04-17T03:51:28.6621931Z See https://youtrack.jetbrains.com/issue/KT-73255 for more details.
2026-04-17T03:51:28.6654532Z w: file:///home/runner/work/prismTask/prismTask/app/src/main/java/com/averycorp/prismtask/ui/screens/tasklist/TaskListScreen.kt:468:55 'val Icons.Filled.FormatListBulleted: ImageVector' is deprecated. Use the AutoMirrored version at Icons.AutoMirrored.Filled.FormatListBulleted.
2026-04-17T03:51:28.6658051Z w: file:///home/runner/work/prismTask/prismTask/app/src/main/java/com/averycorp/prismtask/ui/screens/templates/TemplatePickerSheet.kt:236:35 'val Icons.Filled.OpenInNew: ImageVector' is deprecated. Use the AutoMirrored version at Icons.AutoMirrored.Filled.OpenInNew.
2026-04-17T03:51:28.6661321Z w: file:///home/runner/work/prismTask/prismTask/app/src/main/java/com/averycorp/prismtask/ui/screens/timer/TimerViewModel.kt:42:5 This annotation is currently applied to the value parameter only, but in the future it will also be applied to field.
2026-04-17T03:51:28.6663676Z - To opt in to applying to both value parameter and field, add '-Xannotation-default-target=param-property' to your compiler arguments.
2026-04-17T03:51:28.6665517Z - To keep applying to the value parameter only, use the '@param:' annotation target.
2026-04-17T03:51:28.6666118Z 
2026-04-17T03:51:28.6666475Z See https://youtrack.jetbrains.com/issue/KT-73255 for more details.
2026-04-17T03:51:28.6668921Z w: file:///home/runner/work/prismTask/prismTask/app/src/main/java/com/averycorp/prismtask/ui/screens/today/TodayScreen.kt:827:9 'fun AlertDialog(onDismissRequest: () -> Unit, modifier: Modifier = ..., properties: DialogProperties = ..., content: ComposableFunction0<Unit>): Unit' is deprecated. Use BasicAlertDialog instead.
2026-04-17T03:51:28.6672430Z w: file:///home/runner/work/prismTask/prismTask/app/src/main/java/com/averycorp/prismtask/widget/WidgetUpdateManager.kt:26:5 This annotation is currently applied to the value parameter only, but in the future it will also be applied to field.
2026-04-17T03:51:28.6674936Z - To opt in to applying to both value parameter and field, add '-Xannotation-default-target=param-property' to your compiler arguments.
2026-04-17T03:51:28.6676432Z - To keep applying to the value parameter only, use the '@param:' annotation target.
2026-04-17T03:51:28.6677044Z 
2026-04-17T03:51:28.6677399Z See https://youtrack.jetbrains.com/issue/KT-73255 for more details.
2026-04-17T03:51:28.6679364Z w: file:///home/runner/work/prismTask/prismTask/app/src/main/java/com/averycorp/prismtask/workers/CalendarSyncScheduler.kt:33:5 This annotation is currently applied to the value parameter only, but in the future it will also be applied to field.
2026-04-17T03:51:28.6681725Z - To opt in to applying to both value parameter and field, add '-Xannotation-default-target=param-property' to your compiler arguments.
2026-04-17T03:51:28.6683044Z - To keep applying to the value parameter only, use the '@param:' annotation target.
2026-04-17T03:51:28.6683630Z 
2026-04-17T03:51:28.6714407Z See https://youtrack.jetbrains.com/issue/KT-73255 for more details.
2026-04-17T03:51:37.3884437Z 
2026-04-17T03:51:37.3916325Z > Task :app:compileDebugJavaWithJavac
2026-04-17T03:51:37.3917422Z > Task :app:hiltSyncDebug
2026-04-17T03:51:38.2872955Z > Task :app:hiltAggregateDepsDebug
2026-04-17T03:51:39.3875417Z > Task :app:generateDebugLintReportModel
2026-04-17T03:51:43.2872939Z > Task :app:hiltJavaCompileDebug
2026-04-17T03:51:43.6874896Z > Task :app:bundleDebugClassesToCompileJar
2026-04-17T03:51:44.0894942Z > Task :app:generateDebugAndroidTestLintModel
2026-04-17T03:51:44.2873180Z > Task :app:generateDebugUnitTestLintModel
2026-04-17T03:52:12.5874567Z > Task :app:lintAnalyzeDebugAndroidTest
2026-04-17T03:52:13.3873572Z > Task :app:lintAnalyzeDebug
2026-04-17T03:52:14.6873199Z > Task :app:lintAnalyzeDebugUnitTest
2026-04-17T03:54:16.4871364Z 
2026-04-17T03:54:16.4871893Z > Task :app:lintReportDebug
2026-04-17T03:54:16.4877454Z Wrote HTML report to file:///home/runner/work/prismTask/prismTask/app/build/reports/lint-results-debug.html
2026-04-17T03:54:16.4878335Z 
2026-04-17T03:54:16.4878815Z > Task :app:lintDebug
2026-04-17T03:54:16.4879239Z > Task :app:lint
2026-04-17T03:54:16.4880138Z gradle/actions: Writing build results to /home/runner/work/_temp/.gradle-actions/build-results/__run_3-1776397765315.json
2026-04-17T03:54:16.4880974Z 
2026-04-17T03:54:16.4881740Z [Incubating] Problems report is available at: file:///home/runner/work/prismTask/prismTask/build/reports/problems/problems-report.html
2026-04-17T03:54:16.4882671Z 
2026-04-17T03:54:16.4883142Z Deprecated Gradle features were used in this build, making it incompatible with Gradle 10.
2026-04-17T03:54:16.4884022Z 
2026-04-17T03:54:16.4884769Z You can use '--warning-mode all' to show the individual deprecation warnings and determine if they come from your own scripts or plugins.
2026-04-17T03:54:16.4885684Z 
2026-04-17T03:54:16.4886549Z For more on this, please refer to https://docs.gradle.org/9.3.1/userguide/command_line_interface.html#sec:command_line_warnings in the Gradle documentation.
2026-04-17T03:54:16.4887578Z 
2026-04-17T03:54:16.4887756Z BUILD SUCCESSFUL in 4m 51s
2026-04-17T03:54:16.4888265Z 36 actionable tasks: 19 executed, 17 from cache
2026-04-17T03:54:16.5504515Z ##[group]Run set -euo pipefail
2026-04-17T03:54:16.5504927Z [36;1mset -euo pipefail[0m
2026-04-17T03:54:16.5505230Z [36;1mshopt -s globstar nullglob[0m
2026-04-17T03:54:16.5505588Z [36;1mxmls=(app/build/test-results/**/*.xml)[0m
2026-04-17T03:54:16.5505929Z [36;1mif [ ${#xmls[@]} -eq 0 ]; then[0m
2026-04-17T03:54:16.5506443Z [36;1m  echo "::error::No JUnit XML results found under app/build/test-results/. Did the test task run?"[0m
2026-04-17T03:54:16.5506968Z [36;1m  exit 1[0m
2026-04-17T03:54:16.5507212Z [36;1mfi[0m
2026-04-17T03:54:16.5507424Z [36;1mfailed=0[0m
2026-04-17T03:54:16.5507661Z [36;1mfor f in "${xmls[@]}"; do[0m
2026-04-17T03:54:16.5508112Z [36;1m  fails=$(grep -oE 'failures="[0-9]+"' "$f" | head -n1 | grep -oE '[0-9]+' || echo 0)[0m
2026-04-17T03:54:16.5508686Z [36;1m  errs=$(grep -oE 'errors="[0-9]+"' "$f" | head -n1 | grep -oE '[0-9]+' || echo 0)[0m
2026-04-17T03:54:16.5509671Z [36;1m  if [ "${fails:-0}" -gt 0 ] || [ "${errs:-0}" -gt 0 ]; then[0m
2026-04-17T03:54:16.5510546Z [36;1m    echo "::error file=${f}::${fails} failure(s), ${errs} error(s) in ${f}"[0m
2026-04-17T03:54:16.5511344Z [36;1m    failed=$((failed + fails + errs))[0m
2026-04-17T03:54:16.5511909Z [36;1m  fi[0m
2026-04-17T03:54:16.5512322Z [36;1mdone[0m
2026-04-17T03:54:16.5512739Z [36;1mif [ "$failed" -gt 0 ]; then[0m
2026-04-17T03:54:16.5513389Z [36;1m  echo "::error::${failed} unit-test failure(s)/error(s) detected. See annotations and the test-results artifact."[0m
2026-04-17T03:54:16.5514371Z [36;1m  exit 1[0m
2026-04-17T03:54:16.5514610Z [36;1mfi[0m
2026-04-17T03:54:16.5514897Z [36;1mecho "All ${#xmls[@]} JUnit XML reports clean."[0m
2026-04-17T03:54:16.5537805Z shell: /usr/bin/bash --noprofile --norc -e -o pipefail {0}
2026-04-17T03:54:16.5538178Z env:
2026-04-17T03:54:16.5538523Z   JAVA_HOME: /opt/hostedtoolcache/Java_Temurin-Hotspot_jdk/21.0.10-7/x64
2026-04-17T03:54:16.5539073Z   JAVA_HOME_21_X64: /opt/hostedtoolcache/Java_Temurin-Hotspot_jdk/21.0.10-7/x64
2026-04-17T03:54:16.5539532Z   GRADLE_ACTION_ID: gradle/actions/setup-gradle
2026-04-17T03:54:16.5539879Z   GRADLE_USER_HOME: /home/runner/.gradle
2026-04-17T03:54:16.5540209Z   GRADLE_BUILD_ACTION_SETUP_COMPLETED: true
2026-04-17T03:54:16.5540533Z   GRADLE_BUILD_ACTION_CACHE_RESTORED: true
2026-04-17T03:54:16.5541015Z   DEVELOCITY_INJECTION_INIT_SCRIPT_NAME: gradle-actions.inject-develocity.init.gradle
2026-04-17T03:54:16.5541535Z   DEVELOCITY_INJECTION_CUSTOM_VALUE: gradle-actions
2026-04-17T03:54:16.5541899Z   GITHUB_DEPENDENCY_GRAPH_ENABLED: false
2026-04-17T03:54:16.5542201Z ##[endgroup]
2026-04-17T03:54:16.5607046Z ##[error]No JUnit XML results found under app/build/test-results/. Did the test task run?
2026-04-17T03:54:16.5608866Z ##[error]Process completed with exit code 1.
2026-04-17T03:54:16.5666661Z ##[group]Run actions/github-script@v7
2026-04-17T03:54:16.5666990Z with:
2026-04-17T03:54:16.5669700Z   script: const fs = require('fs');
let body = '### CI Unit Test Failure\n\n';
try {
  const raw = fs.readFileSync('unit-test-output.log', 'utf8');
  const lines = raw.split('\n');
  const errorLines = lines.filter(l =>
    /\be:\b|FAILED|Compilation error|Unresolved reference|not abstract|does not implement/.test(l)
  );
  const tail = lines.slice(-30).join('\n');
  const errors = errorLines.length > 0
    ? errorLines.join('\n')
    : 'No specific error lines matched. Last 30 lines shown.';
  body += '**Error lines:**\n```\n' + errors.slice(0, 2000) + '\n```\n';
  body += '\n**Build tail:**\n```\n' + tail.slice(0, 2000) + '\n```';
} catch (e) {
  body += 'Could not read unit-test-output.log: ' + e.message;
}
await github.rest.issues.createComment({
  owner: context.repo.owner,
  repo: context.repo.repo,
  issue_number: context.issue.number,
  body
});

2026-04-17T03:54:16.5672607Z   github-token: ***
2026-04-17T03:54:16.5672860Z   debug: false
2026-04-17T03:54:16.5673122Z   user-agent: actions/github-script
2026-04-17T03:54:16.5673444Z   result-encoding: json
2026-04-17T03:54:16.5673969Z   retries: 0
2026-04-17T03:54:16.5674476Z   retry-exempt-status-codes: 400,401,403,404,422
2026-04-17T03:54:16.5674820Z env:
2026-04-17T03:54:16.5675156Z   JAVA_HOME: /opt/hostedtoolcache/Java_Temurin-Hotspot_jdk/21.0.10-7/x64
2026-04-17T03:54:16.5675701Z   JAVA_HOME_21_X64: /opt/hostedtoolcache/Java_Temurin-Hotspot_jdk/21.0.10-7/x64
2026-04-17T03:54:16.5676176Z   GRADLE_ACTION_ID: gradle/actions/setup-gradle
2026-04-17T03:54:16.5676525Z   GRADLE_USER_HOME: /home/runner/.gradle
2026-04-17T03:54:16.5676850Z   GRADLE_BUILD_ACTION_SETUP_COMPLETED: true
2026-04-17T03:54:16.5677188Z   GRADLE_BUILD_ACTION_CACHE_RESTORED: true
2026-04-17T03:54:16.5677669Z   DEVELOCITY_INJECTION_INIT_SCRIPT_NAME: gradle-actions.inject-develocity.init.gradle
2026-04-17T03:54:16.5678193Z   DEVELOCITY_INJECTION_CUSTOM_VALUE: gradle-actions
2026-04-17T03:54:16.5678553Z   GITHUB_DEPENDENCY_GRAPH_ENABLED: false
2026-04-17T03:54:16.5678867Z ##[endgroup]
2026-04-17T03:54:16.9757488Z RequestError [HttpError]: Resource not accessible by integration
2026-04-17T03:54:16.9758586Z     at /home/runner/work/_actions/actions/github-script/v7/dist/index.js:9537:21
2026-04-17T03:54:16.9759700Z     at process.processTicksAndRejections (node:internal/process/task_queues:95:5)
2026-04-17T03:54:16.9761189Z     at async eval (eval at callAsyncFunction (/home/runner/work/_actions/actions/github-script/v7/dist/index.js:36187:16), <anonymous>:20:1)
2026-04-17T03:54:16.9762288Z     at async main (/home/runner/work/_actions/actions/github-script/v7/dist/index.js:36285:20) {
2026-04-17T03:54:16.9762780Z   status: 403,
2026-04-17T03:54:16.9763009Z   response: {
2026-04-17T03:54:16.9763387Z     url: 'https://api.github.com/repos/akarlin3/prismTask/issues/502/comments',
2026-04-17T03:54:16.9764123Z     status: 403,
2026-04-17T03:54:16.9764356Z     headers: {
2026-04-17T03:54:16.9764630Z       'access-control-allow-origin': '*',
2026-04-17T03:54:16.9765995Z       'access-control-expose-headers': 'ETag, Link, Location, Retry-After, X-GitHub-OTP, X-RateLimit-Limit, X-RateLimit-Remaining, X-RateLimit-Used, X-RateLimit-Resource, X-RateLimit-Reset, X-OAuth-Scopes, X-Accepted-OAuth-Scopes, X-Poll-Interval, X-GitHub-Media-Type, X-GitHub-SSO, X-GitHub-Request-Id, Deprecation, Sunset',
2026-04-17T03:54:16.9767458Z       'content-encoding': 'gzip',
2026-04-17T03:54:16.9767799Z       'content-security-policy': "default-src 'none'",
2026-04-17T03:54:16.9768197Z       'content-type': 'application/json; charset=utf-8',
2026-04-17T03:54:16.9768553Z       date: 'Fri, 17 Apr 2026 03:54:16 GMT',
2026-04-17T03:54:16.9769013Z       'referrer-policy': 'origin-when-cross-origin, strict-origin-when-cross-origin',
2026-04-17T03:54:16.9769479Z       server: 'github.com',
2026-04-17T03:54:16.9769894Z       'strict-transport-security': 'max-age=31536000; includeSubdomains; preload',
2026-04-17T03:54:16.9770761Z       'transfer-encoding': 'chunked',
2026-04-17T03:54:16.9771137Z       vary: 'Accept-Encoding, Accept, X-Requested-With',
2026-04-17T03:54:16.9771620Z       'x-accepted-github-permissions': 'issues=write; pull_requests=write',
2026-04-17T03:54:16.9772071Z       'x-content-type-options': 'nosniff',
2026-04-17T03:54:16.9772388Z       'x-frame-options': 'deny',
2026-04-17T03:54:16.9772723Z       'x-github-api-version-selected': '2022-11-28',
2026-04-17T03:54:16.9773102Z       'x-github-media-type': 'github.v3; format=json',
2026-04-17T03:54:16.9773511Z       'x-github-request-id': 'DFC0:3499B1:B3842E:B64167:69E1AEE8',
2026-04-17T03:54:16.9774186Z       'x-ratelimit-limit': '5000',
2026-04-17T03:54:16.9774497Z       'x-ratelimit-remaining': '4941',
2026-04-17T03:54:16.9774803Z       'x-ratelimit-reset': '1776398864',
2026-04-17T03:54:16.9775110Z       'x-ratelimit-resource': 'core',
2026-04-17T03:54:16.9775414Z       'x-ratelimit-used': '59',
2026-04-17T03:54:16.9775704Z       'x-xss-protection': '0'
2026-04-17T03:54:16.9775970Z     },
2026-04-17T03:54:16.9776170Z     data: {
2026-04-17T03:54:16.9776438Z       message: 'Resource not accessible by integration',
2026-04-17T03:54:16.9776974Z       documentation_url: 'https://docs.github.com/rest/issues/comments#create-an-issue-comment',
2026-04-17T03:54:16.9777622Z       status: '403'
2026-04-17T03:54:16.9777846Z     }
2026-04-17T03:54:16.9778044Z   },
2026-04-17T03:54:16.9778244Z   request: {
2026-04-17T03:54:16.9778459Z     method: 'POST',
2026-04-17T03:54:16.9778826Z     url: 'https://api.github.com/repos/akarlin3/prismTask/issues/502/comments',
2026-04-17T03:54:16.9779245Z     headers: {
2026-04-17T03:54:16.9779506Z       accept: 'application/vnd.github.v3+json',
2026-04-17T03:54:16.9780052Z       'user-agent': 'actions/github-script octokit-core.js/5.0.1 Node.js/20.20.1 (linux; x64)',
2026-04-17T03:54:16.9780539Z       authorization: 'token [REDACTED]',
2026-04-17T03:54:16.9780893Z       'content-type': 'application/json; charset=utf-8'
2026-04-17T03:54:16.9781220Z     },
2026-04-17T03:54:16.9781784Z     body: `{"body":"### CI Unit Test Failure\\n\\nCould not read unit-test-output.log: ENOENT: no such file or directory, open 'unit-test-output.log'"}`,
2026-04-17T03:54:16.9782410Z     request: {
2026-04-17T03:54:16.9782629Z       agent: [Agent],
2026-04-17T03:54:16.9782887Z       fetch: [Function: proxyFetch],
2026-04-17T03:54:16.9783198Z       hook: [Function: bound bound register]
2026-04-17T03:54:16.9783507Z     }
2026-04-17T03:54:16.9783916Z   }
2026-04-17T03:54:16.9784129Z }
2026-04-17T03:54:16.9785380Z ##[error]Unhandled error: HttpError: Resource not accessible by integration
2026-04-17T03:54:17.0447458Z ##[group]Run actions/upload-artifact@v4
2026-04-17T03:54:17.0447856Z with:
2026-04-17T03:54:17.0448086Z   name: lint-report
2026-04-17T03:54:17.0448390Z   path: app/build/reports/lint-results-debug.html
2026-04-17T03:54:17.0448733Z   retention-days: 7
2026-04-17T03:54:17.0448983Z   if-no-files-found: warn
2026-04-17T03:54:17.0449253Z   compression-level: 6
2026-04-17T03:54:17.0449501Z   overwrite: false
2026-04-17T03:54:17.0449749Z   include-hidden-files: false
2026-04-17T03:54:17.0450019Z env:
2026-04-17T03:54:17.0450350Z   JAVA_HOME: /opt/hostedtoolcache/Java_Temurin-Hotspot_jdk/21.0.10-7/x64
2026-04-17T03:54:17.0450910Z   JAVA_HOME_21_X64: /opt/hostedtoolcache/Java_Temurin-Hotspot_jdk/21.0.10-7/x64
2026-04-17T03:54:17.0451369Z   GRADLE_ACTION_ID: gradle/actions/setup-gradle
2026-04-17T03:54:17.0451704Z   GRADLE_USER_HOME: /home/runner/.gradle
2026-04-17T03:54:17.0452021Z   GRADLE_BUILD_ACTION_SETUP_COMPLETED: true
2026-04-17T03:54:17.0452376Z   GRADLE_BUILD_ACTION_CACHE_RESTORED: true
2026-04-17T03:54:17.0452847Z   DEVELOCITY_INJECTION_INIT_SCRIPT_NAME: gradle-actions.inject-develocity.init.gradle
2026-04-17T03:54:17.0453364Z   DEVELOCITY_INJECTION_CUSTOM_VALUE: gradle-actions
2026-04-17T03:54:17.0453995Z   GITHUB_DEPENDENCY_GRAPH_ENABLED: false
2026-04-17T03:54:17.0454360Z ##[endgroup]
2026-04-17T03:54:17.2581526Z With the provided path, there will be 1 file uploaded
2026-04-17T03:54:17.2587223Z Artifact name is valid!
2026-04-17T03:54:17.2588499Z Root directory input is valid!
2026-04-17T03:54:17.5686249Z Beginning upload of artifact content to blob storage
2026-04-17T03:54:17.9778942Z Uploaded bytes 43524
2026-04-17T03:54:18.0518527Z Finished uploading artifact content to blob storage!
2026-04-17T03:54:18.0521173Z SHA256 digest of uploaded artifact zip is ff28ffd3e6351f7953a10656d087152b5ee3a03d5607dcefb3a9ecedac008520
2026-04-17T03:54:18.0523333Z Finalizing artifact upload
2026-04-17T03:54:18.2175911Z Artifact lint-report.zip successfully finalized. Artifact ID 6488401878
2026-04-17T03:54:18.2177674Z Artifact lint-report has been successfully uploaded! Final size is 43524 bytes. Artifact ID is 6488401878
2026-04-17T03:54:18.2185685Z Artifact download URL: https://github.com/akarlin3/prismTask/actions/runs/24546625704/artifacts/6488401878
2026-04-17T03:54:18.2302109Z ##[group]Run actions/upload-artifact@v4
2026-04-17T03:54:18.2302453Z with:
2026-04-17T03:54:18.2302678Z   name: detekt-report
2026-04-17T03:54:18.2302949Z   path: app/build/reports/detekt/
2026-04-17T03:54:18.2303246Z   retention-days: 7
2026-04-17T03:54:18.2303500Z   if-no-files-found: warn
2026-04-17T03:54:18.2304280Z   compression-level: 6
2026-04-17T03:54:18.2304539Z   overwrite: false
2026-04-17T03:54:18.2304788Z   include-hidden-files: false
2026-04-17T03:54:18.2305064Z env:
2026-04-17T03:54:18.2305400Z   JAVA_HOME: /opt/hostedtoolcache/Java_Temurin-Hotspot_jdk/21.0.10-7/x64
2026-04-17T03:54:18.2305940Z   JAVA_HOME_21_X64: /opt/hostedtoolcache/Java_Temurin-Hotspot_jdk/21.0.10-7/x64
2026-04-17T03:54:18.2306428Z   GRADLE_ACTION_ID: gradle/actions/setup-gradle
2026-04-17T03:54:18.2306759Z   GRADLE_USER_HOME: /home/runner/.gradle
2026-04-17T03:54:18.2307086Z   GRADLE_BUILD_ACTION_SETUP_COMPLETED: true
2026-04-17T03:54:18.2307419Z   GRADLE_BUILD_ACTION_CACHE_RESTORED: true
2026-04-17T03:54:18.2307930Z   DEVELOCITY_INJECTION_INIT_SCRIPT_NAME: gradle-actions.inject-develocity.init.gradle
2026-04-17T03:54:18.2308458Z   DEVELOCITY_INJECTION_CUSTOM_VALUE: gradle-actions
2026-04-17T03:54:18.2308816Z   GITHUB_DEPENDENCY_GRAPH_ENABLED: false
2026-04-17T03:54:18.2309133Z ##[endgroup]
2026-04-17T03:54:18.4451721Z With the provided path, there will be 2 files uploaded
2026-04-17T03:54:18.4457313Z Artifact name is valid!
2026-04-17T03:54:18.4458678Z Root directory input is valid!
2026-04-17T03:54:18.7625627Z Beginning upload of artifact content to blob storage
2026-04-17T03:54:19.0426004Z Uploaded bytes 4897
2026-04-17T03:54:19.1159173Z Finished uploading artifact content to blob storage!
2026-04-17T03:54:19.1162481Z SHA256 digest of uploaded artifact zip is 072c96c302edd6c5d7a8211640dbd1327e585670fdd0f1f6850b1894a5e18ca9
2026-04-17T03:54:19.1164153Z Finalizing artifact upload
2026-04-17T03:54:19.3431302Z Artifact detekt-report.zip successfully finalized. Artifact ID 6488402079
2026-04-17T03:54:19.3432652Z Artifact detekt-report has been successfully uploaded! Final size is 4897 bytes. Artifact ID is 6488402079
2026-04-17T03:54:19.3440576Z Artifact download URL: https://github.com/akarlin3/prismTask/actions/runs/24546625704/artifacts/6488402079
2026-04-17T03:54:19.3585079Z ##[group]Run actions/upload-artifact@v4
2026-04-17T03:54:19.3585722Z with:
2026-04-17T03:54:19.3586153Z   name: test-results
2026-04-17T03:54:19.3586654Z   path: app/build/test-results/
2026-04-17T03:54:19.3587196Z   retention-days: 7
2026-04-17T03:54:19.3587658Z   if-no-files-found: warn
2026-04-17T03:54:19.3588164Z   compression-level: 6
2026-04-17T03:54:19.3588651Z   overwrite: false
2026-04-17T03:54:19.3589129Z   include-hidden-files: false
2026-04-17T03:54:19.3589652Z env:
2026-04-17T03:54:19.3590284Z   JAVA_HOME: /opt/hostedtoolcache/Java_Temurin-Hotspot_jdk/21.0.10-7/x64
2026-04-17T03:54:19.3591279Z   JAVA_HOME_21_X64: /opt/hostedtoolcache/Java_Temurin-Hotspot_jdk/21.0.10-7/x64
2026-04-17T03:54:19.3592164Z   GRADLE_ACTION_ID: gradle/actions/setup-gradle
2026-04-17T03:54:19.3592810Z   GRADLE_USER_HOME: /home/runner/.gradle
2026-04-17T03:54:19.3593423Z   GRADLE_BUILD_ACTION_SETUP_COMPLETED: true
2026-04-17T03:54:19.3594333Z   GRADLE_BUILD_ACTION_CACHE_RESTORED: true
2026-04-17T03:54:19.3595306Z   DEVELOCITY_INJECTION_INIT_SCRIPT_NAME: gradle-actions.inject-develocity.init.gradle
2026-04-17T03:54:19.3596296Z   DEVELOCITY_INJECTION_CUSTOM_VALUE: gradle-actions
2026-04-17T03:54:19.3596984Z   GITHUB_DEPENDENCY_GRAPH_ENABLED: false
2026-04-17T03:54:19.3597560Z ##[endgroup]
2026-04-17T03:54:19.5684990Z ##[warning]No files were found with the provided path: app/build/test-results/. No artifacts will be uploaded.
2026-04-17T03:54:19.5816511Z Post job cleanup.
2026-04-17T03:54:19.5913947Z Post job cleanup.
2026-04-17T03:54:19.8933220Z In post-action step
2026-04-17T03:54:19.8943928Z Cache is read-only: will not save state for use in subsequent builds.
2026-04-17T03:54:19.8952350Z Generating Job Summary
2026-04-17T03:54:19.8975822Z Completed post-action step
2026-04-17T03:54:19.9135903Z Post job cleanup.
2026-04-17T03:54:20.0871393Z Post job cleanup.
2026-04-17T03:54:20.1815755Z [command]/usr/bin/git version
2026-04-17T03:54:20.1858304Z git version 2.53.0
2026-04-17T03:54:20.1901702Z Temporarily overriding HOME='/home/runner/work/_temp/83036aad-b787-4a9e-91b7-bd0af57d61f0' before making global git config changes
2026-04-17T03:54:20.1903505Z Adding repository directory to the temporary git global config as a safe directory
2026-04-17T03:54:20.1908360Z [command]/usr/bin/git config --global --add safe.directory /home/runner/work/prismTask/prismTask
2026-04-17T03:54:20.1942034Z [command]/usr/bin/git config --local --name-only --get-regexp core\.sshCommand
2026-04-17T03:54:20.1974172Z [command]/usr/bin/git submodule foreach --recursive sh -c "git config --local --name-only --get-regexp 'core\.sshCommand' && git config --local --unset-all 'core.sshCommand' || :"
2026-04-17T03:54:20.2193526Z [command]/usr/bin/git config --local --name-only --get-regexp http\.https\:\/\/github\.com\/\.extraheader
2026-04-17T03:54:20.2213426Z http.https://github.com/.extraheader
2026-04-17T03:54:20.2226078Z [command]/usr/bin/git config --local --unset-all http.https://github.com/.extraheader
2026-04-17T03:54:20.2255961Z [command]/usr/bin/git submodule foreach --recursive sh -c "git config --local --name-only --get-regexp 'http\.https\:\/\/github\.com\/\.extraheader' && git config --local --unset-all 'http.https://github.com/.extraheader' || :"
2026-04-17T03:54:20.2470140Z [command]/usr/bin/git config --local --name-only --get-regexp ^includeIf\.gitdir:
2026-04-17T03:54:20.2499191Z [command]/usr/bin/git submodule foreach --recursive git config --local --show-origin --name-only --get-regexp remote.origin.url
2026-04-17T03:54:20.2826087Z Cleaning up orphan processes
2026-04-17T03:54:20.3144957Z Terminate orphan process: pid (2547) (java)
2026-04-17T03:54:20.3200428Z Terminate orphan process: pid (2996) (java)
2026-04-17T03:54:20.3240528Z ##[warning]Node.js 20 actions are deprecated. The following actions are running on Node.js 20 and may not work as expected: actions/checkout@v4, actions/github-script@v7, actions/setup-java@v4, actions/upload-artifact@v4, gradle/actions/setup-gradle@v4. Actions will be forced to run with Node.js 24 by default starting June 2nd, 2026. Node.js 20 will be removed from the runner on September 16th, 2026. Please check if updated versions of these actions are available that support Node.js 24. To opt into Node.js 24 now, set the FORCE_JAVASCRIPT_ACTIONS_TO_NODE24=true environment variable on the runner or in your workflow file. Once Node.js 24 becomes the default, you can temporarily opt out by setting ACTIONS_ALLOW_USE_UNSECURE_NODE_VERSION=true. For more information see: https://github.blog/changelog/2025-09-19-deprecation-of-node-20-on-github-actions-runners/
