=== CI FAILURE ===
Workflow:      Android CI
Workflow file: akarlin3/prismTask/.github/workflows/android-ci.yml@refs/pull/643/merge
Job(s):        lint-and-test
Run ID:        24767285828
Run attempt:   1
Run URL:       https://github.com/akarlin3/prismTask/actions/runs/24767285828
Commit:        d7eea372e7294e3cf381df74c50e79f6d6b07484
Branch:        643/merge
Event:         pull_request
Actor:         akarlin3
Runner OS:     Linux
Timestamp:     2026-04-22T08:04:46.467Z

Failed steps:
  - lint-and-test: #2 Run actions/checkout@v4 | #5 detekt | #6 Android lint | #8 Verify unit-test results (XML) | #9 Post failure details to PR

=== FAILED JOB LOG ===

--- Job: lint-and-test (id 72464739501) ---
2026-04-22T08:03:59.8191328Z Current runner version: '2.333.1'
2026-04-22T08:03:59.8214238Z ##[group]Runner Image Provisioner
2026-04-22T08:03:59.8215013Z Hosted Compute Agent
2026-04-22T08:03:59.8215739Z Version: 20260213.493
2026-04-22T08:03:59.8216344Z Commit: 5c115507f6dd24b8de37d8bbe0bb4509d0cc0fa3
2026-04-22T08:03:59.8216974Z Build Date: 2026-02-13T00:28:41Z
2026-04-22T08:03:59.8218066Z Worker ID: {affc3b13-ad06-4071-973b-bccf46106caf}
2026-04-22T08:03:59.8218793Z Azure Region: northcentralus
2026-04-22T08:03:59.8219354Z ##[endgroup]
2026-04-22T08:03:59.8220888Z ##[group]Operating System
2026-04-22T08:03:59.8221496Z Ubuntu
2026-04-22T08:03:59.8221925Z 24.04.4
2026-04-22T08:03:59.8222561Z LTS
2026-04-22T08:03:59.8223017Z ##[endgroup]
2026-04-22T08:03:59.8223473Z ##[group]Runner Image
2026-04-22T08:03:59.8224082Z Image: ubuntu-24.04
2026-04-22T08:03:59.8224558Z Version: 20260413.86.1
2026-04-22T08:03:59.8225746Z Included Software: https://github.com/actions/runner-images/blob/ubuntu24/20260413.86/images/ubuntu/Ubuntu2404-Readme.md
2026-04-22T08:03:59.8227207Z Image Release: https://github.com/actions/runner-images/releases/tag/ubuntu24%2F20260413.86
2026-04-22T08:03:59.8228299Z ##[endgroup]
2026-04-22T08:03:59.8229583Z ##[group]GITHUB_TOKEN Permissions
2026-04-22T08:03:59.8231620Z Actions: read
2026-04-22T08:03:59.8232309Z Checks: read
2026-04-22T08:03:59.8232781Z Contents: write
2026-04-22T08:03:59.8233280Z Metadata: read
2026-04-22T08:03:59.8233862Z PullRequests: read
2026-04-22T08:03:59.8234335Z ##[endgroup]
2026-04-22T08:03:59.8236266Z Secret source: Actions
2026-04-22T08:03:59.8237033Z Prepare workflow directory
2026-04-22T08:03:59.8571960Z Prepare all required actions
2026-04-22T08:03:59.8610506Z Getting action download info
2026-04-22T08:04:00.2574993Z Download action repository 'actions/checkout@v4' (SHA:34e114876b0b11c390a56381ad16ebd13914f8d5)
2026-04-22T08:04:00.4013156Z Download action repository 'actions/github-script@v7' (SHA:f28e40c7f34bde8b3046d885e986cb6290c5673b)
2026-04-22T08:04:00.8000250Z Download action repository 'actions/upload-artifact@v4' (SHA:ea165f8d65b6e75b540449e92b4886f43607fa02)
2026-04-22T08:04:01.0164803Z Complete job name: lint-and-test
2026-04-22T08:04:01.0949459Z ##[group]Run actions/checkout@v4
2026-04-22T08:04:01.0950387Z with:
2026-04-22T08:04:01.0950865Z   ref: chore/docs-cleanup-stale-plans
2026-04-22T08:04:01.0951450Z   repository: akarlin3/prismTask
2026-04-22T08:04:01.0952163Z   token: ***
2026-04-22T08:04:01.0952603Z   ssh-strict: true
2026-04-22T08:04:01.0953039Z   ssh-user: git
2026-04-22T08:04:01.0953497Z   persist-credentials: true
2026-04-22T08:04:01.0953983Z   clean: true
2026-04-22T08:04:01.0954425Z   sparse-checkout-cone-mode: true
2026-04-22T08:04:01.0954956Z   fetch-depth: 1
2026-04-22T08:04:01.0955396Z   fetch-tags: false
2026-04-22T08:04:01.0955844Z   show-progress: true
2026-04-22T08:04:01.0956295Z   lfs: false
2026-04-22T08:04:01.0956702Z   submodules: false
2026-04-22T08:04:01.0957151Z   set-safe-directory: true
2026-04-22T08:04:01.0958230Z ##[endgroup]
2026-04-22T08:04:01.2023363Z Syncing repository: akarlin3/prismTask
2026-04-22T08:04:01.2025185Z ##[group]Getting Git version info
2026-04-22T08:04:01.2026035Z Working directory is '/home/runner/work/prismTask/prismTask'
2026-04-22T08:04:01.2027065Z [command]/usr/bin/git version
2026-04-22T08:04:01.2074830Z git version 2.53.0
2026-04-22T08:04:01.2100830Z ##[endgroup]
2026-04-22T08:04:01.2114707Z Temporarily overriding HOME='/home/runner/work/_temp/c06e6444-4cb2-4b5c-b423-a5b566742aad' before making global git config changes
2026-04-22T08:04:01.2116212Z Adding repository directory to the temporary git global config as a safe directory
2026-04-22T08:04:01.2119905Z [command]/usr/bin/git config --global --add safe.directory /home/runner/work/prismTask/prismTask
2026-04-22T08:04:01.2150688Z Deleting the contents of '/home/runner/work/prismTask/prismTask'
2026-04-22T08:04:01.2154293Z ##[group]Initializing the repository
2026-04-22T08:04:01.2158317Z [command]/usr/bin/git init /home/runner/work/prismTask/prismTask
2026-04-22T08:04:01.2264813Z hint: Using 'master' as the name for the initial branch. This default branch name
2026-04-22T08:04:01.2266969Z hint: will change to "main" in Git 3.0. To configure the initial branch name
2026-04-22T08:04:01.2268376Z hint: to use in all of your new repositories, which will suppress this warning,
2026-04-22T08:04:01.2269150Z hint: call:
2026-04-22T08:04:01.2269690Z hint:
2026-04-22T08:04:01.2270206Z hint: 	git config --global init.defaultBranch <name>
2026-04-22T08:04:01.2270885Z hint:
2026-04-22T08:04:01.2271868Z hint: Names commonly chosen instead of 'master' are 'main', 'trunk' and
2026-04-22T08:04:01.2273200Z hint: 'development'. The just-created branch can be renamed via this command:
2026-04-22T08:04:01.2273939Z hint:
2026-04-22T08:04:01.2274514Z hint: 	git branch -m <name>
2026-04-22T08:04:01.2275036Z hint:
2026-04-22T08:04:01.2275672Z hint: Disable this message with "git config set advice.defaultBranchName false"
2026-04-22T08:04:01.2277226Z Initialized empty Git repository in /home/runner/work/prismTask/prismTask/.git/
2026-04-22T08:04:01.2279350Z [command]/usr/bin/git remote add origin https://github.com/akarlin3/prismTask
2026-04-22T08:04:01.2306115Z ##[endgroup]
2026-04-22T08:04:01.2306939Z ##[group]Disabling automatic garbage collection
2026-04-22T08:04:01.2310071Z [command]/usr/bin/git config --local gc.auto 0
2026-04-22T08:04:01.2337145Z ##[endgroup]
2026-04-22T08:04:01.2338229Z ##[group]Setting up auth
2026-04-22T08:04:01.2343765Z [command]/usr/bin/git config --local --name-only --get-regexp core\.sshCommand
2026-04-22T08:04:01.2372322Z [command]/usr/bin/git submodule foreach --recursive sh -c "git config --local --name-only --get-regexp 'core\.sshCommand' && git config --local --unset-all 'core.sshCommand' || :"
2026-04-22T08:04:01.2650832Z [command]/usr/bin/git config --local --name-only --get-regexp http\.https\:\/\/github\.com\/\.extraheader
2026-04-22T08:04:01.2678053Z [command]/usr/bin/git submodule foreach --recursive sh -c "git config --local --name-only --get-regexp 'http\.https\:\/\/github\.com\/\.extraheader' && git config --local --unset-all 'http.https://github.com/.extraheader' || :"
2026-04-22T08:04:01.2896652Z [command]/usr/bin/git config --local --name-only --get-regexp ^includeIf\.gitdir:
2026-04-22T08:04:01.2924194Z [command]/usr/bin/git submodule foreach --recursive git config --local --show-origin --name-only --get-regexp remote.origin.url
2026-04-22T08:04:01.3138913Z [command]/usr/bin/git config --local http.https://github.com/.extraheader AUTHORIZATION: basic ***
2026-04-22T08:04:01.3171372Z ##[endgroup]
2026-04-22T08:04:01.3179657Z ##[group]Fetching the repository
2026-04-22T08:04:01.3181910Z [command]/usr/bin/git -c protocol.version=2 fetch --no-tags --prune --no-recurse-submodules --depth=1 origin +refs/heads/chore/docs-cleanup-stale-plans*:refs/remotes/origin/chore/docs-cleanup-stale-plans* +refs/tags/chore/docs-cleanup-stale-plans*:refs/tags/chore/docs-cleanup-stale-plans*
2026-04-22T08:04:01.5337255Z The process '/usr/bin/git' failed with exit code 1
2026-04-22T08:04:12.5361156Z Waiting 11 seconds before trying again
2026-04-22T08:04:12.5364147Z [command]/usr/bin/git -c protocol.version=2 fetch --no-tags --prune --no-recurse-submodules --depth=1 origin +refs/heads/chore/docs-cleanup-stale-plans*:refs/remotes/origin/chore/docs-cleanup-stale-plans* +refs/tags/chore/docs-cleanup-stale-plans*:refs/tags/chore/docs-cleanup-stale-plans*
2026-04-22T08:04:12.7503035Z The process '/usr/bin/git' failed with exit code 1
2026-04-22T08:04:12.7503602Z Waiting 20 seconds before trying again
2026-04-22T08:04:32.7610169Z [command]/usr/bin/git -c protocol.version=2 fetch --no-tags --prune --no-recurse-submodules --depth=1 origin +refs/heads/chore/docs-cleanup-stale-plans*:refs/remotes/origin/chore/docs-cleanup-stale-plans* +refs/tags/chore/docs-cleanup-stale-plans*:refs/tags/chore/docs-cleanup-stale-plans*
2026-04-22T08:04:32.9843463Z ##[error]The process '/usr/bin/git' failed with exit code 1
2026-04-22T08:04:33.0065266Z ##[group]Run ./gradlew detekt --continue
2026-04-22T08:04:33.0065705Z [36;1m./gradlew detekt --continue[0m
2026-04-22T08:04:33.0090889Z shell: /usr/bin/bash -e {0}
2026-04-22T08:04:33.0091186Z ##[endgroup]
2026-04-22T08:04:33.0155444Z /home/runner/work/_temp/5a5c0d00-5e3e-4fc7-a91a-8b4cfdd6ac69.sh: line 1: ./gradlew: No such file or directory
2026-04-22T08:04:33.0162493Z ##[error]Process completed with exit code 127.
2026-04-22T08:04:33.0197231Z ##[group]Run ./gradlew lint --continue
2026-04-22T08:04:33.0197916Z [36;1m./gradlew lint --continue[0m
2026-04-22T08:04:33.0217907Z shell: /usr/bin/bash -e {0}
2026-04-22T08:04:33.0218264Z ##[endgroup]
2026-04-22T08:04:33.0259228Z /home/runner/work/_temp/f9c75954-c557-46b7-9e3c-e3f4e500d9a3.sh: line 1: ./gradlew: No such file or directory
2026-04-22T08:04:33.0263630Z ##[error]Process completed with exit code 127.
2026-04-22T08:04:33.0301404Z ##[group]Run set -euo pipefail
2026-04-22T08:04:33.0301764Z [36;1mset -euo pipefail[0m
2026-04-22T08:04:33.0302045Z [36;1mshopt -s globstar nullglob[0m
2026-04-22T08:04:33.0302382Z [36;1mxmls=(app/build/test-results/**/*.xml)[0m
2026-04-22T08:04:33.0302727Z [36;1mif [ ${#xmls[@]} -eq 0 ]; then[0m
2026-04-22T08:04:33.0303233Z [36;1m  echo "::error::No JUnit XML results found under app/build/test-results/. Did the test task run?"[0m
2026-04-22T08:04:33.0303710Z [36;1m  exit 1[0m
2026-04-22T08:04:33.0303926Z [36;1mfi[0m
2026-04-22T08:04:33.0304132Z [36;1mfailed=0[0m
2026-04-22T08:04:33.0304361Z [36;1mfor f in "${xmls[@]}"; do[0m
2026-04-22T08:04:33.0304783Z [36;1m  fails=$(grep -oE 'failures="[0-9]+"' "$f" | head -n1 | grep -oE '[0-9]+' || echo 0)[0m
2026-04-22T08:04:33.0305353Z [36;1m  errs=$(grep -oE 'errors="[0-9]+"' "$f" | head -n1 | grep -oE '[0-9]+' || echo 0)[0m
2026-04-22T08:04:33.0305894Z [36;1m  if [ "${fails:-0}" -gt 0 ] || [ "${errs:-0}" -gt 0 ]; then[0m
2026-04-22T08:04:33.0306343Z [36;1m    echo "::error file=${f}::${fails} failure(s), ${errs} error(s) in ${f}"[0m
2026-04-22T08:04:33.0306768Z [36;1m    failed=$((failed + fails + errs))[0m
2026-04-22T08:04:33.0307074Z [36;1m  fi[0m
2026-04-22T08:04:33.0307277Z [36;1mdone[0m
2026-04-22T08:04:33.0307496Z [36;1mif [ "$failed" -gt 0 ]; then[0m
2026-04-22T08:04:33.0308345Z [36;1m  echo "::error::${failed} unit-test failure(s)/error(s) detected. See annotations and the test-results artifact."[0m
2026-04-22T08:04:33.0308887Z [36;1m  exit 1[0m
2026-04-22T08:04:33.0309097Z [36;1mfi[0m
2026-04-22T08:04:33.0309359Z [36;1mecho "All ${#xmls[@]} JUnit XML reports clean."[0m
2026-04-22T08:04:33.0330759Z shell: /usr/bin/bash --noprofile --norc -e -o pipefail {0}
2026-04-22T08:04:33.0331133Z ##[endgroup]
2026-04-22T08:04:33.0370127Z ##[error]No JUnit XML results found under app/build/test-results/. Did the test task run?
2026-04-22T08:04:33.0372466Z ##[error]Process completed with exit code 1.
2026-04-22T08:04:33.0464188Z ##[group]Run actions/github-script@v7
2026-04-22T08:04:33.0464539Z with:
2026-04-22T08:04:33.0467246Z   script: const fs = require('fs');
let body = '### CI Unit Test Failure\n\n';
try {
  const raw = fs.readFileSync('unit-test-output.log', 'utf8');
  const lines = raw.split('\n');
  const errorLines = lines.filter(l =>
    /\be:\b|FAILED|Compilation error|Unresolved reference|not abstract|does not implement/.test(l)
  );
  const tail = lines.slice(-30).join('\n');
  const errors = errorLines.length > 0
    ? errorLines.join('\n')
    : 'No specific error lines matched. Last 30 lines shown.';
  body += '**Error lines:**\n```\n' + errors.slice(0, 2000) + '\n```\n';
  body += '\n**Build tail:**\n```\n' + tail.slice(0, 2000) + '\n```';
} catch (e) {
  body += 'Could not read unit-test-output.log: ' + e.message;
}
await github.rest.issues.createComment({
  owner: context.repo.owner,
  repo: context.repo.repo,
  issue_number: context.issue.number,
  body
});

2026-04-22T08:04:33.0470561Z   github-token: ***
2026-04-22T08:04:33.0470821Z   debug: false
2026-04-22T08:04:33.0471086Z   user-agent: actions/github-script
2026-04-22T08:04:33.0471398Z   result-encoding: json
2026-04-22T08:04:33.0471658Z   retries: 0
2026-04-22T08:04:33.0472107Z   retry-exempt-status-codes: 400,401,403,404,422
2026-04-22T08:04:33.0472444Z ##[endgroup]
2026-04-22T08:04:33.3768617Z RequestError [HttpError]: Resource not accessible by integration
2026-04-22T08:04:33.3769730Z     at /home/runner/work/_actions/actions/github-script/v7/dist/index.js:9537:21
2026-04-22T08:04:33.3771096Z     at process.processTicksAndRejections (node:internal/process/task_queues:95:5)
2026-04-22T08:04:33.3772906Z     at async eval (eval at callAsyncFunction (/home/runner/work/_actions/actions/github-script/v7/dist/index.js:36187:16), <anonymous>:20:1)
2026-04-22T08:04:33.3774640Z     at async main (/home/runner/work/_actions/actions/github-script/v7/dist/index.js:36285:20) {
2026-04-22T08:04:33.3775677Z   status: 403,
2026-04-22T08:04:33.3776231Z   response: {
2026-04-22T08:04:33.3777061Z     url: 'https://api.github.com/repos/akarlin3/prismTask/issues/643/comments',
2026-04-22T08:04:33.3779299Z ##[error]Unhandled error: HttpError: Resource not accessible by integration
2026-04-22T08:04:33.3781938Z     status: 403,
2026-04-22T08:04:33.3782564Z     headers: {
2026-04-22T08:04:33.3783294Z       'access-control-allow-origin': '*',
2026-04-22T08:04:33.3786059Z       'access-control-expose-headers': 'ETag, Link, Location, Retry-After, X-GitHub-OTP, X-RateLimit-Limit, X-RateLimit-Remaining, X-RateLimit-Used, X-RateLimit-Resource, X-RateLimit-Reset, X-OAuth-Scopes, X-Accepted-OAuth-Scopes, X-Poll-Interval, X-GitHub-Media-Type, X-GitHub-SSO, X-GitHub-Request-Id, Deprecation, Sunset',
2026-04-22T08:04:33.3789084Z       'content-encoding': 'gzip',
2026-04-22T08:04:33.3789851Z       'content-security-policy': "default-src 'none'",
2026-04-22T08:04:33.3790727Z       'content-type': 'application/json; charset=utf-8',
2026-04-22T08:04:33.3791537Z       date: 'Wed, 22 Apr 2026 08:04:33 GMT',
2026-04-22T08:04:33.3792543Z       'referrer-policy': 'origin-when-cross-origin, strict-origin-when-cross-origin',
2026-04-22T08:04:33.3793587Z       server: 'github.com',
2026-04-22T08:04:33.3794736Z       'strict-transport-security': 'max-age=31536000; includeSubdomains; preload',
2026-04-22T08:04:33.3795881Z       'transfer-encoding': 'chunked',
2026-04-22T08:04:33.3796745Z       vary: 'Accept-Encoding, Accept, X-Requested-With',
2026-04-22T08:04:33.3798051Z       'x-accepted-github-permissions': 'issues=write; pull_requests=write',
2026-04-22T08:04:33.3799132Z       'x-content-type-options': 'nosniff',
2026-04-22T08:04:33.3799913Z       'x-frame-options': 'deny',
2026-04-22T08:04:33.3800701Z       'x-github-api-version-selected': '2022-11-28',
2026-04-22T08:04:33.3801595Z       'x-github-media-type': 'github.v3; format=json',
2026-04-22T08:04:33.3802544Z       'x-github-request-id': '0440:208FD3:4DC074D:13833189:69E88111',
2026-04-22T08:04:33.3803878Z       'x-ratelimit-limit': '5000',
2026-04-22T08:04:33.3804648Z       'x-ratelimit-remaining': '4926',
2026-04-22T08:04:33.3805344Z       'x-ratelimit-reset': '1776846753',
2026-04-22T08:04:33.3806005Z       'x-ratelimit-resource': 'core',
2026-04-22T08:04:33.3806670Z       'x-ratelimit-used': '74',
2026-04-22T08:04:33.3807276Z       'x-xss-protection': '0'
2026-04-22T08:04:33.3808198Z     },
2026-04-22T08:04:33.3808668Z     data: {
2026-04-22T08:04:33.3809257Z       message: 'Resource not accessible by integration',
2026-04-22T08:04:33.3810362Z       documentation_url: 'https://docs.github.com/rest/issues/comments#create-an-issue-comment',
2026-04-22T08:04:33.3811405Z       status: '403'
2026-04-22T08:04:33.3811985Z     }
2026-04-22T08:04:33.3812505Z   },
2026-04-22T08:04:33.3813030Z   request: {
2026-04-22T08:04:33.3813574Z     method: 'POST',
2026-04-22T08:04:33.3814426Z     url: 'https://api.github.com/repos/akarlin3/prismTask/issues/643/comments',
2026-04-22T08:04:33.3815388Z     headers: {
2026-04-22T08:04:33.3816047Z       accept: 'application/vnd.github.v3+json',
2026-04-22T08:04:33.3817102Z       'user-agent': 'actions/github-script octokit-core.js/5.0.1 Node.js/20.20.1 (linux; x64)',
2026-04-22T08:04:33.3818433Z       authorization: 'token [REDACTED]',
2026-04-22T08:04:33.3819474Z       'content-type': 'application/json; charset=utf-8'
2026-04-22T08:04:33.3820155Z     },
2026-04-22T08:04:33.3821382Z     body: `{"body":"### CI Unit Test Failure\\n\\nCould not read unit-test-output.log: ENOENT: no such file or directory, open 'unit-test-output.log'"}`,
2026-04-22T08:04:33.3822710Z     request: {
2026-04-22T08:04:33.3823218Z       agent: [Agent],
2026-04-22T08:04:33.3823814Z       fetch: [Function: proxyFetch],
2026-04-22T08:04:33.3824503Z       hook: [Function: bound bound register]
2026-04-22T08:04:33.3825188Z     }
2026-04-22T08:04:33.3825692Z   }
2026-04-22T08:04:33.3826191Z }
2026-04-22T08:04:33.4469043Z ##[group]Run actions/upload-artifact@v4
2026-04-22T08:04:33.4469330Z with:
2026-04-22T08:04:33.4469500Z   name: lint-report
2026-04-22T08:04:33.4469725Z   path: app/build/reports/lint-results-debug.html
2026-04-22T08:04:33.4470012Z   retention-days: 7
2026-04-22T08:04:33.4470210Z   if-no-files-found: warn
2026-04-22T08:04:33.4470416Z   compression-level: 6
2026-04-22T08:04:33.4470687Z   overwrite: false
2026-04-22T08:04:33.4470899Z   include-hidden-files: false
2026-04-22T08:04:33.4471123Z ##[endgroup]
2026-04-22T08:04:33.6544839Z ##[warning]No files were found with the provided path: app/build/reports/lint-results-debug.html. No artifacts will be uploaded.
2026-04-22T08:04:33.6674491Z ##[group]Run actions/upload-artifact@v4
2026-04-22T08:04:33.6674775Z with:
2026-04-22T08:04:33.6674961Z   name: detekt-report
2026-04-22T08:04:33.6675183Z   path: app/build/reports/detekt/
2026-04-22T08:04:33.6675423Z   retention-days: 7
2026-04-22T08:04:33.6675627Z   if-no-files-found: warn
2026-04-22T08:04:33.6675835Z   compression-level: 6
2026-04-22T08:04:33.6676032Z   overwrite: false
2026-04-22T08:04:33.6676220Z   include-hidden-files: false
2026-04-22T08:04:33.6676436Z ##[endgroup]
2026-04-22T08:04:33.8722129Z ##[warning]No files were found with the provided path: app/build/reports/detekt/. No artifacts will be uploaded.
2026-04-22T08:04:33.8875776Z ##[group]Run actions/upload-artifact@v4
2026-04-22T08:04:33.8894209Z with:
2026-04-22T08:04:33.8894528Z   name: test-results
2026-04-22T08:04:33.8894875Z   path: app/build/test-results/
2026-04-22T08:04:33.8895252Z   retention-days: 7
2026-04-22T08:04:33.8895468Z   if-no-files-found: warn
2026-04-22T08:04:33.8895680Z   compression-level: 6
2026-04-22T08:04:33.8895885Z   overwrite: false
2026-04-22T08:04:33.8896080Z   include-hidden-files: false
2026-04-22T08:04:33.8896313Z ##[endgroup]
2026-04-22T08:04:34.0959929Z ##[warning]No files were found with the provided path: app/build/test-results/. No artifacts will be uploaded.
2026-04-22T08:04:34.1122247Z Post job cleanup.
2026-04-22T08:04:34.2045966Z [command]/usr/bin/git version
2026-04-22T08:04:34.2087376Z git version 2.53.0
2026-04-22T08:04:34.2131590Z Temporarily overriding HOME='/home/runner/work/_temp/c2ff9515-ac25-45f2-b81e-0cc198ff70a0' before making global git config changes
2026-04-22T08:04:34.2133013Z Adding repository directory to the temporary git global config as a safe directory
2026-04-22T08:04:34.2137890Z [command]/usr/bin/git config --global --add safe.directory /home/runner/work/prismTask/prismTask
2026-04-22T08:04:34.2172106Z [command]/usr/bin/git config --local --name-only --get-regexp core\.sshCommand
2026-04-22T08:04:34.2203630Z [command]/usr/bin/git submodule foreach --recursive sh -c "git config --local --name-only --get-regexp 'core\.sshCommand' && git config --local --unset-all 'core.sshCommand' || :"
2026-04-22T08:04:34.2421427Z [command]/usr/bin/git config --local --name-only --get-regexp http\.https\:\/\/github\.com\/\.extraheader
2026-04-22T08:04:34.2440922Z http.https://github.com/.extraheader
2026-04-22T08:04:34.2452731Z [command]/usr/bin/git config --local --unset-all http.https://github.com/.extraheader
2026-04-22T08:04:34.2481569Z [command]/usr/bin/git submodule foreach --recursive sh -c "git config --local --name-only --get-regexp 'http\.https\:\/\/github\.com\/\.extraheader' && git config --local --unset-all 'http.https://github.com/.extraheader' || :"
2026-04-22T08:04:34.2691852Z [command]/usr/bin/git config --local --name-only --get-regexp ^includeIf\.gitdir:
2026-04-22T08:04:34.2720895Z [command]/usr/bin/git submodule foreach --recursive git config --local --show-origin --name-only --get-regexp remote.origin.url
2026-04-22T08:04:34.3035381Z Cleaning up orphan processes
2026-04-22T08:04:34.3302983Z ##[warning]Node.js 20 actions are deprecated. The following actions are running on Node.js 20 and may not work as expected: actions/checkout@v4, actions/github-script@v7, actions/upload-artifact@v4. Actions will be forced to run with Node.js 24 by default starting June 2nd, 2026. Node.js 20 will be removed from the runner on September 16th, 2026. Please check if updated versions of these actions are available that support Node.js 24. To opt into Node.js 24 now, set the FORCE_JAVASCRIPT_ACTIONS_TO_NODE24=true environment variable on the runner or in your workflow file. Once Node.js 24 becomes the default, you can temporarily opt out by setting ACTIONS_ALLOW_USE_UNSECURE_NODE_VERSION=true. For more information see: https://github.blog/changelog/2025-09-19-deprecation-of-node-20-on-github-actions-runners/
